[STATE 2026-04-03 11:14:38] Enabling terminal logging to logs//cmaml/full-tasks_all-10epochs_weighted-loss-2026-04-03_11-14-38-9398/0/terminal.log
New Experiment Starting...
Running model:  lamaml_cifar
[STATE 2026-04-03 11:14:38] Experiment 'full-tasks_all-10epochs_weighted-loss' starting with model 'lamaml_cifar' (seed 0)
Set seed 0
t2-rcn.npz train: x=(50362, 1024), y=(50362, 2)
t2-rcn.npz test: x=(16787, 1024), y=(16787, 2)
t2-rcn.npz: applied data scaling mode 'normalize'.
Loaded t2-rcn.npz: Unique train labels: UniqueCountsResult(values=array([-1,  3,  5, 10, 12, 15]), counts=array([24209,  5770,  3030,  2320,  7509,  7524]))
Noise labels ratio in t2-rcn.npz train: 0.24, test: 0.24
Loaded t2-rcn.npz: Remapped labels: [0 1 2 3 4 5]. Size: 50362)
t0-rcn.npz train: x=(51916, 1024), y=(51916, 2)
t0-rcn.npz test: x=(17305, 1024), y=(17305, 2)
t0-rcn.npz: applied data scaling mode 'normalize'.
Loaded t0-rcn.npz: Unique train labels: UniqueCountsResult(values=array([-1,  1,  8,  9, 11, 13, 14]), counts=array([24225,  4268,  2495,  2943,  3015,  7464,  7506]))
Noise labels ratio in t0-rcn.npz train: 0.23, test: 0.23
Loaded t0-rcn.npz: Remapped labels: [ 6  7  8  9 10 11 12]. Size: 51916)
t2-uclresm-25noise.npz train: moved sample axis (3, 350028, 1024) -> (350028, 3, 1024)
t2-uclresm-25noise.npz test: moved sample axis (3, 233351, 1024) -> (233351, 3, 1024)
t2-uclresm-25noise.npz train: x=(350028, 3, 1024), y=(350028,)
t2-uclresm-25noise.npz test: x=(233351, 3, 1024), y=(233351,)
t2-uclresm-25noise.npz: applied data scaling mode 'normalize'.
Loaded t2-uclresm-25noise.npz: Unique train labels: UniqueCountsResult(values=array([-1,  0,  1,  2,  3,  4]), counts=array([87441, 27347, 71754, 64298, 36005, 63183]))
Noise labels ratio in t2-uclresm-25noise.npz train: 0.25, test: 0.25
Loaded t2-uclresm-25noise.npz: Remapped labels: [13 14 15 16 17 18]. Size: 350028)
t0-deeprad.npz train: x=(24480, 1024), y=(24480, 2)
t0-deeprad.npz test: x=(8160, 1024), y=(8160, 2)
t0-deeprad.npz: applied data scaling mode 'normalize'.
Loaded t0-deeprad.npz: Unique train labels: UniqueCountsResult(values=array([-1,  0,  1,  2,  3,  4,  5]), counts=array([12240,  2029,  1983,  2043,  2154,  2015,  2016]))
Noise labels ratio in t0-deeprad.npz train: 0.25, test: 0.25
Loaded t0-deeprad.npz: Remapped labels: [19 20 21 22 23 24 25]. Size: 24480)
t1-deeprad.npz train: x=(24480, 1024), y=(24480, 2)
t1-deeprad.npz test: x=(8160, 1024), y=(8160, 2)
t1-deeprad.npz: applied data scaling mode 'normalize'.
Loaded t1-deeprad.npz: Unique train labels: UniqueCountsResult(values=array([-1,  0,  1,  2,  3,  4,  5]), counts=array([12240,  1988,  2029,  2054,  1988,  2053,  2128]))
Noise labels ratio in t1-deeprad.npz train: 0.25, test: 0.25
Loaded t1-deeprad.npz: Remapped labels: [26 27 28 29 30 31 32]. Size: 24480)
t1-uclresm-25noise.npz train: moved sample axis (3, 201410, 1024) -> (201410, 3, 1024)
t1-uclresm-25noise.npz test: moved sample axis (3, 116291, 1024) -> (116291, 3, 1024)
t1-uclresm-25noise.npz train: x=(201410, 3, 1024), y=(201410,)
t1-uclresm-25noise.npz test: x=(116291, 3, 1024), y=(116291,)
t1-uclresm-25noise.npz: applied data scaling mode 'normalize'.
Loaded t1-uclresm-25noise.npz: Unique train labels: UniqueCountsResult(values=array([-1,  0,  1,  2,  3,  4]), counts=array([43668, 18021, 17838, 18087, 31870, 71926]))
Noise labels ratio in t1-uclresm-25noise.npz train: 0.22, test: 0.25
Loaded t1-uclresm-25noise.npz: Remapped labels: [33 34 35 36 37 38]. Size: 201410)
t3-deeprad.npz train: x=(17340, 1024), y=(17340, 2)
t3-deeprad.npz test: x=(6800, 1024), y=(6800, 2)
t3-deeprad.npz: applied data scaling mode 'normalize'.
Loaded t3-deeprad.npz: Unique train labels: UniqueCountsResult(values=array([-1,  0,  1,  2,  3,  4]), counts=array([8670, 1693, 1677, 1794, 1716, 1790]))
Noise labels ratio in t3-deeprad.npz train: 0.25, test: 0.25
Loaded t3-deeprad.npz: Remapped labels: [39 40 41 42 43 44]. Size: 17340)
t0-uclresm-25noise.npz train: moved sample axis (3, 188050, 1024) -> (188050, 3, 1024)
t0-uclresm-25noise.npz test: moved sample axis (3, 107348, 1024) -> (107348, 3, 1024)
t0-uclresm-25noise.npz train: x=(188050, 3, 1024), y=(188050,)
t0-uclresm-25noise.npz test: x=(107348, 3, 1024), y=(107348,)
t0-uclresm-25noise.npz: applied data scaling mode 'normalize'.
Loaded t0-uclresm-25noise.npz: Unique train labels: UniqueCountsResult(values=array([-1,  0,  1,  2,  3,  4]), counts=array([40144, 32109, 17978, 17979, 18098, 61742]))
Noise labels ratio in t0-uclresm-25noise.npz train: 0.21, test: 0.25
Loaded t0-uclresm-25noise.npz: Remapped labels: [45 46 47 48 49 50]. Size: 188050)
t1-rcn.npz train: x=(36658, 1024), y=(36658, 2)
t1-rcn.npz test: x=(12220, 1024), y=(12220, 2)
t1-rcn.npz: applied data scaling mode 'normalize'.
Loaded t1-rcn.npz: Unique train labels: UniqueCountsResult(values=array([-1,  0,  2,  4,  6,  7, 16]), counts=array([20595,   824,  2087,  2606,  2396,  1716,  6434]))
Noise labels ratio in t1-rcn.npz train: 0.28, test: 0.28
Loaded t1-rcn.npz: Remapped labels: [51 52 53 54 55 56 57]. Size: 36658)
t2-deeprad.npz train: x=(17340, 1024), y=(17340, 2)
t2-deeprad.npz test: x=(6800, 1024), y=(6800, 2)
t2-deeprad.npz: applied data scaling mode 'normalize'.
Loaded t2-deeprad.npz: Unique train labels: UniqueCountsResult(values=array([-1,  0,  1,  2,  3,  4]), counts=array([8670, 1774, 1675, 1777, 1694, 1750]))
Noise labels ratio in t2-deeprad.npz train: 0.25, test: 0.25
Loaded t2-deeprad.npz: Remapped labels: [58 59 60 61 62 63]. Size: 17340)
Built classes_per_task: [6, 7, 6, 7, 7, 6, 6, 6, 7, 6]
Classes per task: [6, 7, 6, 7, 7, 6, 6, 6, 7, 6]
[STATE 2026-04-03 11:15:43] Loader 'task_incremental_loader' ready: 1024 inputs, 64 outputs, 10 tasks
n_outputs: 64 	n_tasks: 10
[STATE 2026-04-03 11:15:43] Logging to logs//cmaml/full-tasks_all-10epochs_weighted-loss-2026-04-03_11-14-38-9398/0
True
Model device: cuda:0
[STATE 2026-04-03 11:15:43] Model initialized on device cuda:0
[STATE 2026-04-03 11:15:43] Invoking continual life experience flow
[STATE 2026-04-03 11:15:43] Life experience start: 10 tasks queued
Task 0: 50362 training samples, 16787 test samples.
[STATE 2026-04-03 11:15:43] Task 0: zero-shot validation (pre-train)
---- Zero-shot (pre-train) task 0: rec_cls 0.1216 | prec_cls 0.1235 | f1_cls 0.0945 | det 0.4547 | pfa 0.7882 | total_f1 0.0945 ----
[STATE 2026-04-03 11:15:51] Starting task 0 (1/10)
[STATE 2026-04-03 11:15:51] Task 0 Epoch 1/10: entering train loop
[STATE 2026-04-03 11:51:08] Task 0 Epoch 1/10: running validation (end of epoch)
---- Eval at Epoch 0: cls [0.7861617766994409] | det_recall [0.8862258700574409] | det_fa [0.10086850299359967] ----
T0 Ep 1/10 | L 0.5940 | Train Acc 0.61 | Prec 0.70 | F1 0.64 | Det Rec 0.85 | Det FA 0.13 | Epoch Time 2124.98s (Eval 8.17s, Train 2116.81s)
[STATE 2026-04-03 11:51:16] T0 Ep 1/10 complete: Prec 0.7026 F1 0.6422 DetRec 0.8455 DetFA 0.1252 | 2124.98s total (8.17s eval/2116.81s train)
[STATE 2026-04-03 11:51:16] Task 0 Epoch 2/10: entering train loop
T0 Ep 2/10 | L 0.3189 | Train Acc 0.83 | Prec 0.92 | F1 0.84 | Det Rec 0.90 | Det FA 0.12 | Epoch Time 2273.08s (Eval 0.00s, Train 2273.08s)
[STATE 2026-04-03 12:29:09] T0 Ep 2/10 complete: Prec 0.9161 F1 0.8399 DetRec 0.8972 DetFA 0.1176 | 2273.08s total (0.00s eval/2273.08s train)
[STATE 2026-04-03 12:29:09] Task 0 Epoch 3/10: entering train loop
T0 Ep 3/10 | L 0.2740 | Train Acc 0.86 | Prec 0.93 | F1 0.86 | Det Rec 0.90 | Det FA 0.12 | Epoch Time 2277.07s (Eval 0.00s, Train 2277.07s)
[STATE 2026-04-03 13:07:06] T0 Ep 3/10 complete: Prec 0.9331 F1 0.8597 DetRec 0.9012 DetFA 0.1152 | 2277.07s total (0.00s eval/2277.07s train)
[STATE 2026-04-03 13:07:06] Task 0 Epoch 4/10: entering train loop
T0 Ep 4/10 | L 0.2538 | Train Acc 0.87 | Prec 0.94 | F1 0.87 | Det Rec 0.91 | Det FA 0.12 | Epoch Time 2038.81s (Eval 0.00s, Train 2038.81s)
[STATE 2026-04-03 13:41:05] T0 Ep 4/10 complete: Prec 0.9389 F1 0.8685 DetRec 0.9050 DetFA 0.1155 | 2038.81s total (0.00s eval/2038.81s train)
[STATE 2026-04-03 13:41:05] Task 0 Epoch 5/10: entering train loop
T0 Ep 5/10 | L 0.2372 | Train Acc 0.88 | Prec 0.95 | F1 0.88 | Det Rec 0.91 | Det FA 0.11 | Epoch Time 2282.75s (Eval 0.00s, Train 2282.75s)
[STATE 2026-04-03 14:19:08] T0 Ep 5/10 complete: Prec 0.9468 F1 0.8757 DetRec 0.9059 DetFA 0.1129 | 2282.75s total (0.00s eval/2282.75s train)
[STATE 2026-04-03 14:19:08] Task 0 Epoch 6/10: entering train loop
T0 Ep 6/10 | L 0.2223 | Train Acc 0.89 | Prec 0.95 | F1 0.88 | Det Rec 0.91 | Det FA 0.11 | Epoch Time 2059.92s (Eval 0.00s, Train 2059.92s)
[STATE 2026-04-03 14:53:28] T0 Ep 6/10 complete: Prec 0.9488 F1 0.8813 DetRec 0.9098 DetFA 0.1111 | 2059.92s total (0.00s eval/2059.92s train)
[STATE 2026-04-03 14:53:28] Task 0 Epoch 7/10: entering train loop
T0 Ep 7/10 | L 0.2103 | Train Acc 0.90 | Prec 0.95 | F1 0.89 | Det Rec 0.91 | Det FA 0.11 | Epoch Time 2204.75s (Eval 0.00s, Train 2204.75s)
[STATE 2026-04-03 15:30:12] T0 Ep 7/10 complete: Prec 0.9546 F1 0.8891 DetRec 0.9139 DetFA 0.1071 | 2204.75s total (0.00s eval/2204.75s train)
[STATE 2026-04-03 15:30:12] Task 0 Epoch 8/10: entering train loop
T0 Ep 8/10 | L 0.1968 | Train Acc 0.90 | Prec 0.96 | F1 0.89 | Det Rec 0.92 | Det FA 0.10 | Epoch Time 1751.95s (Eval 0.00s, Train 1751.95s)
[STATE 2026-04-03 15:59:24] T0 Ep 8/10 complete: Prec 0.9556 F1 0.8921 DetRec 0.9162 DetFA 0.1045 | 1751.95s total (0.00s eval/1751.95s train)
[STATE 2026-04-03 15:59:24] Task 0 Epoch 9/10: entering train loop
T0 Ep 9/10 | L 0.1847 | Train Acc 0.90 | Prec 0.96 | F1 0.90 | Det Rec 0.92 | Det FA 0.10 | Epoch Time 2022.82s (Eval 0.00s, Train 2022.82s)
[STATE 2026-04-03 16:33:07] T0 Ep 9/10 complete: Prec 0.9614 F1 0.8988 DetRec 0.9201 DetFA 0.0965 | 2022.82s total (0.00s eval/2022.82s train)
[STATE 2026-04-03 16:33:07] Task 0 Epoch 10/10: entering train loop
T0 Ep 10/10 | L 0.1750 | Train Acc 0.91 | Prec 0.96 | F1 0.90 | Det Rec 0.92 | Det FA 0.09 | Epoch Time 2120.70s (Eval 0.00s, Train 2120.70s)
[STATE 2026-04-03 17:08:28] T0 Ep 10/10 complete: Prec 0.9619 F1 0.9015 DetRec 0.9226 DetFA 0.0920 | 2120.70s total (0.00s eval/2120.70s train)
[STATE 2026-04-03 17:08:28] Task 0: running final validation.
[STATE 2026-04-03 17:08:36] Completed task 0 (1/10)
Task 1: 51916 training samples, 17305 test samples.
[STATE 2026-04-03 17:08:36] Task 1: zero-shot validation (pre-train)
---- Zero-shot (pre-train) task 1: rec_cls 0.2416 | prec_cls 0.1851 | f1_cls 0.0820 | det 0.5000 | pfa 1.0000 | total_f1 0.4656 ----
[STATE 2026-04-03 17:08:53] Starting task 1 (2/10)
[STATE 2026-04-03 17:08:53] Task 1 Epoch 1/10: entering train loop
[STATE 2026-04-03 17:44:17] Task 1 Epoch 1/10: running validation (end of epoch)
---- Eval at Epoch 0: cls [0.7626055883093709, 0.7927841636498131] | det_recall [0.8764533644488066, 0.9112257057883852] | det_fa [0.08685764033485435, 0.07818324125277819] ----
T1 Ep 1/10 | L 0.4589 | Train Acc 0.64 | Prec 0.78 | F1 0.69 | Det Rec 0.86 | Det FA 0.08 | Epoch Time 2141.53s (Eval 16.70s, Train 2124.83s)
[STATE 2026-04-03 17:44:34] T1 Ep 1/10 complete: Prec 0.7795 F1 0.6921 DetRec 0.8629 DetFA 0.0786 | 2141.53s total (16.70s eval/2124.83s train)
[STATE 2026-04-03 17:44:34] Task 1 Epoch 2/10: entering train loop
T1 Ep 2/10 | L 0.2711 | Train Acc 0.82 | Prec 0.91 | F1 0.85 | Det Rec 0.92 | Det FA 0.05 | Epoch Time 2142.43s (Eval 0.00s, Train 2142.43s)
[STATE 2026-04-03 18:20:17] T1 Ep 2/10 complete: Prec 0.9069 F1 0.8480 DetRec 0.9199 DetFA 0.0518 | 2142.43s total (0.00s eval/2142.43s train)
[STATE 2026-04-03 18:20:17] Task 1 Epoch 3/10: entering train loop
T1 Ep 3/10 | L 0.2195 | Train Acc 0.85 | Prec 0.92 | F1 0.88 | Det Rec 0.93 | Det FA 0.04 | Epoch Time 2079.98s (Eval 0.00s, Train 2079.98s)
[STATE 2026-04-03 18:54:57] T1 Ep 3/10 complete: Prec 0.9247 F1 0.8750 DetRec 0.9316 DetFA 0.0444 | 2079.98s total (0.00s eval/2079.98s train)
[STATE 2026-04-03 18:54:57] Task 1 Epoch 4/10: entering train loop
T1 Ep 4/10 | L 0.1940 | Train Acc 0.87 | Prec 0.93 | F1 0.89 | Det Rec 0.94 | Det FA 0.04 | Epoch Time 2165.21s (Eval 0.00s, Train 2165.21s)
[STATE 2026-04-03 19:31:02] T1 Ep 4/10 complete: Prec 0.9329 F1 0.8877 DetRec 0.9370 DetFA 0.0424 | 2165.21s total (0.00s eval/2165.21s train)
[STATE 2026-04-03 19:31:02] Task 1 Epoch 5/10: entering train loop
T1 Ep 5/10 | L 0.1757 | Train Acc 0.88 | Prec 0.94 | F1 0.89 | Det Rec 0.94 | Det FA 0.04 | Epoch Time 1662.67s (Eval 0.00s, Train 1662.67s)
[STATE 2026-04-03 19:58:44] T1 Ep 5/10 complete: Prec 0.9367 F1 0.8949 DetRec 0.9412 DetFA 0.0405 | 1662.67s total (0.00s eval/1662.67s train)
[STATE 2026-04-03 19:58:44] Task 1 Epoch 6/10: entering train loop
T1 Ep 6/10 | L 0.1637 | Train Acc 0.89 | Prec 0.94 | F1 0.91 | Det Rec 0.95 | Det FA 0.03 | Epoch Time 1293.57s (Eval 0.00s, Train 1293.57s)
[STATE 2026-04-03 20:20:18] T1 Ep 6/10 complete: Prec 0.9428 F1 0.9060 DetRec 0.9477 DetFA 0.0347 | 1293.57s total (0.00s eval/1293.57s train)
[STATE 2026-04-03 20:20:18] Task 1 Epoch 7/10: entering train loop
T1 Ep 7/10 | L 0.1511 | Train Acc 0.89 | Prec 0.94 | F1 0.91 | Det Rec 0.95 | Det FA 0.03 | Epoch Time 1151.96s (Eval 0.00s, Train 1151.96s)
[STATE 2026-04-03 20:39:30] T1 Ep 7/10 complete: Prec 0.9443 F1 0.9086 DetRec 0.9499 DetFA 0.0345 | 1151.96s total (0.00s eval/1151.96s train)
[STATE 2026-04-03 20:39:30] Task 1 Epoch 8/10: entering train loop
T1 Ep 8/10 | L 0.1404 | Train Acc 0.90 | Prec 0.95 | F1 0.92 | Det Rec 0.96 | Det FA 0.03 | Epoch Time 1099.93s (Eval 0.00s, Train 1099.93s)
[STATE 2026-04-03 20:57:50] T1 Ep 8/10 complete: Prec 0.9481 F1 0.9166 DetRec 0.9557 DetFA 0.0286 | 1099.93s total (0.00s eval/1099.93s train)
[STATE 2026-04-03 20:57:50] Task 1 Epoch 9/10: entering train loop
T1 Ep 9/10 | L 0.1313 | Train Acc 0.90 | Prec 0.95 | F1 0.92 | Det Rec 0.96 | Det FA 0.03 | Epoch Time 1103.77s (Eval 0.00s, Train 1103.77s)
[STATE 2026-04-03 21:16:14] T1 Ep 9/10 complete: Prec 0.9474 F1 0.9185 DetRec 0.9589 DetFA 0.0269 | 1103.77s total (0.00s eval/1103.77s train)
[STATE 2026-04-03 21:16:14] Task 1 Epoch 10/10: entering train loop
T1 Ep 10/10 | L 0.1219 | Train Acc 0.91 | Prec 0.95 | F1 0.93 | Det Rec 0.96 | Det FA 0.02 | Epoch Time 1308.21s (Eval 0.00s, Train 1308.21s)
[STATE 2026-04-03 21:38:02] T1 Ep 10/10 complete: Prec 0.9528 F1 0.9260 DetRec 0.9624 DetFA 0.0244 | 1308.21s total (0.00s eval/1308.21s train)
[STATE 2026-04-03 21:38:02] Task 1: running final validation.
[STATE 2026-04-03 21:38:14] Completed task 1 (2/10)
Task 2: 350028 training samples, 175014 test samples.
[STATE 2026-04-03 21:38:15] Task 2: zero-shot validation (pre-train)
---- Zero-shot (pre-train) task 2: rec_cls 0.0199 | prec_cls 0.1934 | f1_cls 0.0952 | det 0.5180 | pfa 0.0676 | total_f1 0.5961 ----
[STATE 2026-04-03 21:39:31] Starting task 2 (3/10)
[STATE 2026-04-03 21:39:31] Task 2 Epoch 1/10: entering train loop
[STATE 2026-04-04 00:05:14] Task 2 Epoch 1/10: running validation (end of epoch)
---- Eval at Epoch 0: cls [0.6566218756461977, 0.7037461386256556, 0.6720937110853766] | det_recall [0.8513787744291843, 0.8391331576495444, 0.8540150513973584] | det_fa [0.13103892807179893, 0.18188031482764086, 0.08739242664511068] ----
T2 Ep 1/10 | L 0.6989 | Train Acc 0.57 | Prec 0.72 | F1 0.63 | Det Rec 0.84 | Det FA 0.18 | Epoch Time 8815.15s (Eval 72.12s, Train 8743.03s)
[STATE 2026-04-04 00:06:26] T2 Ep 1/10 complete: Prec 0.7172 F1 0.6274 DetRec 0.8372 DetFA 0.1770 | 8815.15s total (72.12s eval/8743.03s train)
[STATE 2026-04-04 00:06:26] Task 2 Epoch 2/10: entering train loop
T2 Ep 2/10 | L 0.4902 | Train Acc 0.72 | Prec 0.84 | F1 0.76 | Det Rec 0.87 | Det FA 0.14 | Epoch Time 8833.06s (Eval 0.00s, Train 8833.06s)
[STATE 2026-04-04 02:33:39] T2 Ep 2/10 complete: Prec 0.8415 F1 0.7570 DetRec 0.8694 DetFA 0.1371 | 8833.06s total (0.00s eval/8833.06s train)
[STATE 2026-04-04 02:33:39] Task 2 Epoch 3/10: entering train loop
T2 Ep 3/10 | L 0.4207 | Train Acc 0.74 | Prec 0.85 | F1 0.78 | Det Rec 0.88 | Det FA 0.13 | Epoch Time 8993.00s (Eval 0.00s, Train 8993.00s)
[STATE 2026-04-04 05:03:32] T2 Ep 3/10 complete: Prec 0.8529 F1 0.7772 DetRec 0.8790 DetFA 0.1331 | 8993.00s total (0.00s eval/8993.00s train)
[STATE 2026-04-04 05:03:32] Task 2 Epoch 4/10: entering train loop
T2 Ep 4/10 | L 0.3815 | Train Acc 0.76 | Prec 0.86 | F1 0.79 | Det Rec 0.89 | Det FA 0.13 | Epoch Time 4615.34s (Eval 0.00s, Train 4615.34s)
[STATE 2026-04-04 06:20:27] T2 Ep 4/10 complete: Prec 0.8635 F1 0.7901 DetRec 0.8851 DetFA 0.1259 | 4615.34s total (0.00s eval/4615.34s train)
[STATE 2026-04-04 06:20:27] Task 2 Epoch 5/10: entering train loop
T2 Ep 5/10 | L 0.3549 | Train Acc 0.77 | Prec 0.87 | F1 0.80 | Det Rec 0.89 | Det FA 0.12 | Epoch Time 3532.12s (Eval 0.00s, Train 3532.12s)
[STATE 2026-04-04 07:19:19] T2 Ep 5/10 complete: Prec 0.8717 F1 0.8012 DetRec 0.8911 DetFA 0.1190 | 3532.12s total (0.00s eval/3532.12s train)
[STATE 2026-04-04 07:19:19] Task 2 Epoch 6/10: entering train loop
T2 Ep 6/10 | L 0.3358 | Train Acc 0.78 | Prec 0.88 | F1 0.81 | Det Rec 0.90 | Det FA 0.11 | Epoch Time 3532.80s (Eval 0.00s, Train 3532.80s)
[STATE 2026-04-04 08:18:12] T2 Ep 6/10 complete: Prec 0.8789 F1 0.8105 DetRec 0.8950 DetFA 0.1137 | 3532.80s total (0.00s eval/3532.80s train)
[STATE 2026-04-04 08:18:12] Task 2 Epoch 7/10: entering train loop
T2 Ep 7/10 | L 0.3201 | Train Acc 0.79 | Prec 0.88 | F1 0.82 | Det Rec 0.90 | Det FA 0.11 | Epoch Time 3530.62s (Eval 0.00s, Train 3530.62s)
[STATE 2026-04-04 09:17:03] T2 Ep 7/10 complete: Prec 0.8839 F1 0.8172 DetRec 0.8983 DetFA 0.1116 | 3530.62s total (0.00s eval/3530.62s train)
[STATE 2026-04-04 09:17:03] Task 2 Epoch 8/10: entering train loop
T2 Ep 8/10 | L 0.3075 | Train Acc 0.80 | Prec 0.89 | F1 0.82 | Det Rec 0.90 | Det FA 0.11 | Epoch Time 3527.13s (Eval 0.00s, Train 3527.13s)
[STATE 2026-04-04 10:15:50] T2 Ep 8/10 complete: Prec 0.8876 F1 0.8235 DetRec 0.9013 DetFA 0.1100 | 3527.13s total (0.00s eval/3527.13s train)
[STATE 2026-04-04 10:15:50] Task 2 Epoch 9/10: entering train loop
T2 Ep 9/10 | L 0.2970 | Train Acc 0.80 | Prec 0.89 | F1 0.83 | Det Rec 0.90 | Det FA 0.11 | Epoch Time 3534.06s (Eval 0.00s, Train 3534.06s)
[STATE 2026-04-04 11:14:44] T2 Ep 9/10 complete: Prec 0.8926 F1 0.8300 DetRec 0.9043 DetFA 0.1068 | 3534.06s total (0.00s eval/3534.06s train)
[STATE 2026-04-04 11:14:44] Task 2 Epoch 10/10: entering train loop
T2 Ep 10/10 | L 0.2880 | Train Acc 0.81 | Prec 0.90 | F1 0.83 | Det Rec 0.91 | Det FA 0.10 | Epoch Time 3529.72s (Eval 0.00s, Train 3529.72s)
[STATE 2026-04-04 12:13:34] T2 Ep 10/10 complete: Prec 0.8958 F1 0.8348 DetRec 0.9068 DetFA 0.1046 | 3529.72s total (0.00s eval/3529.72s train)
[STATE 2026-04-04 12:13:34] Task 2: running final validation.
[STATE 2026-04-04 12:14:29] Completed task 2 (3/10)
Task 3: 24480 training samples, 8160 test samples.
[STATE 2026-04-04 12:14:29] Task 3: zero-shot validation (pre-train)
---- Zero-shot (pre-train) task 3: rec_cls 0.0510 | prec_cls 0.1279 | f1_cls 0.1632 | det 0.6700 | pfa 0.0000 | total_f1 0.5319 ----
[STATE 2026-04-04 12:15:26] Starting task 3 (4/10)
[STATE 2026-04-04 12:15:26] Task 3 Epoch 1/10: entering train loop
[STATE 2026-04-04 12:19:17] Task 3 Epoch 1/10: running validation (end of epoch)
---- Eval at Epoch 0: cls [0.6854091166395748, 0.6604435535869665, 0.7354567639531013, 0.5669126862240673] | det_recall [0.8655295090447982, 0.8208261989235571, 0.8621262241793652, 0.9989114283772651] | det_fa [0.12194749524834592, 0.2597531905964804, 0.1813167251308673, 0.00022241992882562276] ----
T3 Ep 1/10 | L 0.5676 | Train Acc 0.50 | Prec 0.50 | F1 0.55 | Det Rec 0.99 | Det FA 0.00 | Epoch Time 288.09s (Eval 57.13s, Train 230.96s)
[STATE 2026-04-04 12:20:14] T3 Ep 1/10 complete: Prec 0.5022 F1 0.5493 DetRec 0.9858 DetFA 0.0013 | 288.09s total (57.13s eval/230.96s train)
[STATE 2026-04-04 12:20:14] Task 3 Epoch 2/10: entering train loop
T3 Ep 2/10 | L 0.3477 | Train Acc 0.58 | Prec 0.58 | F1 0.63 | Det Rec 1.00 | Det FA 0.00 | Epoch Time 230.39s (Eval 0.00s, Train 230.39s)
[STATE 2026-04-04 12:24:05] T3 Ep 2/10 complete: Prec 0.5845 F1 0.6252 DetRec 0.9985 DetFA 0.0006 | 230.39s total (0.00s eval/230.39s train)
[STATE 2026-04-04 12:24:05] Task 3 Epoch 3/10: entering train loop
T3 Ep 3/10 | L 0.3139 | Train Acc 0.61 | Prec 0.61 | F1 0.65 | Det Rec 1.00 | Det FA 0.00 | Epoch Time 230.66s (Eval 0.00s, Train 230.66s)
[STATE 2026-04-04 12:27:55] T3 Ep 3/10 complete: Prec 0.6105 F1 0.6459 DetRec 0.9987 DetFA 0.0008 | 230.66s total (0.00s eval/230.66s train)
[STATE 2026-04-04 12:27:55] Task 3 Epoch 4/10: entering train loop
T3 Ep 4/10 | L 0.2893 | Train Acc 0.63 | Prec 0.63 | F1 0.67 | Det Rec 1.00 | Det FA 0.00 | Epoch Time 230.54s (Eval 0.00s, Train 230.54s)
[STATE 2026-04-04 12:31:46] T3 Ep 4/10 complete: Prec 0.6303 F1 0.6659 DetRec 0.9992 DetFA 0.0006 | 230.54s total (0.00s eval/230.54s train)
[STATE 2026-04-04 12:31:46] Task 3 Epoch 5/10: entering train loop
T3 Ep 5/10 | L 0.2754 | Train Acc 0.64 | Prec 0.64 | F1 0.68 | Det Rec 1.00 | Det FA 0.00 | Epoch Time 231.12s (Eval 0.00s, Train 231.12s)
[STATE 2026-04-04 12:35:37] T3 Ep 5/10 complete: Prec 0.6436 F1 0.6785 DetRec 0.9994 DetFA 0.0003 | 231.12s total (0.00s eval/231.12s train)
[STATE 2026-04-04 12:35:37] Task 3 Epoch 6/10: entering train loop
T3 Ep 6/10 | L 0.2630 | Train Acc 0.66 | Prec 0.66 | F1 0.69 | Det Rec 1.00 | Det FA 0.00 | Epoch Time 230.36s (Eval 0.00s, Train 230.36s)
[STATE 2026-04-04 12:39:27] T3 Ep 6/10 complete: Prec 0.6583 F1 0.6903 DetRec 0.9995 DetFA 0.0001 | 230.36s total (0.00s eval/230.36s train)
[STATE 2026-04-04 12:39:27] Task 3 Epoch 7/10: entering train loop
T3 Ep 7/10 | L 0.2504 | Train Acc 0.68 | Prec 0.68 | F1 0.71 | Det Rec 1.00 | Det FA 0.00 | Epoch Time 230.34s (Eval 0.00s, Train 230.34s)
[STATE 2026-04-04 12:43:18] T3 Ep 7/10 complete: Prec 0.6841 F1 0.7149 DetRec 0.9995 DetFA 0.0004 | 230.34s total (0.00s eval/230.34s train)
[STATE 2026-04-04 12:43:18] Task 3 Epoch 8/10: entering train loop
T3 Ep 8/10 | L 0.2335 | Train Acc 0.70 | Prec 0.70 | F1 0.73 | Det Rec 1.00 | Det FA 0.00 | Epoch Time 231.02s (Eval 0.00s, Train 231.02s)
[STATE 2026-04-04 12:47:09] T3 Ep 8/10 complete: Prec 0.7007 F1 0.7265 DetRec 0.9995 DetFA 0.0004 | 231.02s total (0.00s eval/231.02s train)
[STATE 2026-04-04 12:47:09] Task 3 Epoch 9/10: entering train loop
T3 Ep 9/10 | L 0.2177 | Train Acc 0.72 | Prec 0.72 | F1 0.75 | Det Rec 1.00 | Det FA 0.00 | Epoch Time 230.81s (Eval 0.00s, Train 230.81s)
[STATE 2026-04-04 12:50:59] T3 Ep 9/10 complete: Prec 0.7226 F1 0.7465 DetRec 0.9996 DetFA 0.0002 | 230.81s total (0.00s eval/230.81s train)
[STATE 2026-04-04 12:50:59] Task 3 Epoch 10/10: entering train loop
T3 Ep 10/10 | L 0.2031 | Train Acc 0.73 | Prec 0.74 | F1 0.76 | Det Rec 1.00 | Det FA 0.00 | Epoch Time 230.66s (Eval 0.00s, Train 230.66s)
[STATE 2026-04-04 12:54:50] T3 Ep 10/10 complete: Prec 0.7383 F1 0.7619 DetRec 0.9996 DetFA 0.0001 | 230.66s total (0.00s eval/230.66s train)
[STATE 2026-04-04 12:54:50] Task 3: running final validation.
[STATE 2026-04-04 12:55:47] Completed task 3 (4/10)
Task 4: 24480 training samples, 8160 test samples.
[STATE 2026-04-04 12:55:47] Task 4: zero-shot validation (pre-train)
---- Zero-shot (pre-train) task 4: rec_cls 0.2362 | prec_cls 0.1586 | f1_cls 0.1164 | det 0.4946 | pfa 1.0000 | total_f1 0.5850 ----
[STATE 2026-04-04 12:56:47] Starting task 4 (5/10)
[STATE 2026-04-04 12:56:47] Task 4 Epoch 1/10: entering train loop
[STATE 2026-04-04 13:00:39] Task 4 Epoch 1/10: running validation (end of epoch)
---- Eval at Epoch 0: cls [0.661559942018858, 0.6174910045937908, 0.7017649884920963, 0.6334918087715786, 0.529847303276893] | det_recall [0.8588981658437952, 0.8500344163811799, 0.8563765793158478, 0.9991544948817623, 1.0] | det_fa [0.1206267093569907, 0.2152008672350587, 0.12343138978426982, 0.0, 0.0] ----
T4 Ep 1/10 | L 0.3991 | Train Acc 0.47 | Prec 0.50 | F1 0.52 | Det Rec 1.00 | Det FA 0.00 | Epoch Time 291.22s (Eval 59.33s, Train 231.89s)
[STATE 2026-04-04 13:01:38] T4 Ep 1/10 complete: Prec 0.5020 F1 0.5234 DetRec 0.9969 DetFA 0.0003 | 291.22s total (59.33s eval/231.89s train)
[STATE 2026-04-04 13:01:38] Task 4 Epoch 2/10: entering train loop
T4 Ep 2/10 | L 0.3025 | Train Acc 0.58 | Prec 0.62 | F1 0.62 | Det Rec 1.00 | Det FA 0.00 | Epoch Time 230.61s (Eval 0.00s, Train 230.61s)
[STATE 2026-04-04 13:05:28] T4 Ep 2/10 complete: Prec 0.6195 F1 0.6225 DetRec 1.0000 DetFA 0.0000 | 230.61s total (0.00s eval/230.61s train)
[STATE 2026-04-04 13:05:28] Task 4 Epoch 3/10: entering train loop
T4 Ep 3/10 | L 0.2723 | Train Acc 0.63 | Prec 0.67 | F1 0.67 | Det Rec 1.00 | Det FA 0.00 | Epoch Time 231.24s (Eval 0.00s, Train 231.24s)
[STATE 2026-04-04 13:09:20] T4 Ep 3/10 complete: Prec 0.6658 F1 0.6744 DetRec 1.0000 DetFA 0.0000 | 231.24s total (0.00s eval/231.24s train)
[STATE 2026-04-04 13:09:20] Task 4 Epoch 4/10: entering train loop
T4 Ep 4/10 | L 0.2414 | Train Acc 0.68 | Prec 0.71 | F1 0.72 | Det Rec 1.00 | Det FA 0.00 | Epoch Time 230.98s (Eval 0.00s, Train 230.98s)
[STATE 2026-04-04 13:13:11] T4 Ep 4/10 complete: Prec 0.7081 F1 0.7154 DetRec 1.0000 DetFA 0.0000 | 230.98s total (0.00s eval/230.98s train)
[STATE 2026-04-04 13:13:11] Task 4 Epoch 5/10: entering train loop
T4 Ep 5/10 | L 0.2221 | Train Acc 0.72 | Prec 0.74 | F1 0.75 | Det Rec 1.00 | Det FA 0.00 | Epoch Time 231.13s (Eval 0.00s, Train 231.13s)
[STATE 2026-04-04 13:17:02] T4 Ep 5/10 complete: Prec 0.7403 F1 0.7513 DetRec 1.0000 DetFA 0.0000 | 231.13s total (0.00s eval/231.13s train)
[STATE 2026-04-04 13:17:02] Task 4 Epoch 6/10: entering train loop
T4 Ep 6/10 | L 0.1986 | Train Acc 0.75 | Prec 0.77 | F1 0.78 | Det Rec 1.00 | Det FA 0.00 | Epoch Time 230.51s (Eval 0.00s, Train 230.51s)
[STATE 2026-04-04 13:20:52] T4 Ep 6/10 complete: Prec 0.7687 F1 0.7802 DetRec 1.0000 DetFA 0.0000 | 230.51s total (0.00s eval/230.51s train)
[STATE 2026-04-04 13:20:52] Task 4 Epoch 7/10: entering train loop
T4 Ep 7/10 | L 0.1803 | Train Acc 0.77 | Prec 0.79 | F1 0.80 | Det Rec 1.00 | Det FA 0.00 | Epoch Time 231.10s (Eval 0.00s, Train 231.10s)
[STATE 2026-04-04 13:24:43] T4 Ep 7/10 complete: Prec 0.7862 F1 0.8015 DetRec 1.0000 DetFA 0.0000 | 231.10s total (0.00s eval/231.10s train)
[STATE 2026-04-04 13:24:43] Task 4 Epoch 8/10: entering train loop
T4 Ep 8/10 | L 0.1672 | Train Acc 0.80 | Prec 0.81 | F1 0.82 | Det Rec 1.00 | Det FA 0.00 | Epoch Time 230.35s (Eval 0.00s, Train 230.35s)
[STATE 2026-04-04 13:28:34] T4 Ep 8/10 complete: Prec 0.8112 F1 0.8216 DetRec 1.0000 DetFA 0.0000 | 230.35s total (0.00s eval/230.35s train)
[STATE 2026-04-04 13:28:34] Task 4 Epoch 9/10: entering train loop
T4 Ep 9/10 | L 0.1545 | Train Acc 0.81 | Prec 0.82 | F1 0.84 | Det Rec 1.00 | Det FA 0.00 | Epoch Time 231.01s (Eval 0.00s, Train 231.01s)
[STATE 2026-04-04 13:32:25] T4 Ep 9/10 complete: Prec 0.8248 F1 0.8356 DetRec 1.0000 DetFA 0.0000 | 231.01s total (0.00s eval/231.01s train)
[STATE 2026-04-04 13:32:25] Task 4 Epoch 10/10: entering train loop
T4 Ep 10/10 | L 0.1455 | Train Acc 0.82 | Prec 0.84 | F1 0.84 | Det Rec 1.00 | Det FA 0.00 | Epoch Time 232.14s (Eval 0.00s, Train 232.14s)
[STATE 2026-04-04 13:36:17] T4 Ep 10/10 complete: Prec 0.8356 F1 0.8445 DetRec 1.0000 DetFA 0.0000 | 232.14s total (0.00s eval/232.14s train)
[STATE 2026-04-04 13:36:17] Task 4: running final validation.
[STATE 2026-04-04 13:37:16] Completed task 4 (5/10)
Task 5: 201410 training samples, 100705 test samples.
[STATE 2026-04-04 13:37:17] Task 5: zero-shot validation (pre-train)
---- Zero-shot (pre-train) task 5: rec_cls 0.1997 | prec_cls 0.1396 | f1_cls 0.0721 | det 0.5000 | pfa 1.0000 | total_f1 0.5836 ----
[STATE 2026-04-04 13:38:42] Starting task 5 (6/10)
[STATE 2026-04-04 13:38:42] Task 5 Epoch 1/10: entering train loop
[STATE 2026-04-04 14:12:42] Task 5 Epoch 1/10: running validation (end of epoch)
---- Eval at Epoch 0: cls [0.5432882961170605, 0.5141956412091558, 0.7108807796756753, 0.4779573142442505, 0.3959627917408108, 0.7789776613815749] | det_recall [0.8318222995274243, 0.7954760030940241, 0.8570751054412957, 0.9949066578205671, 1.0, 0.913989666451993] | det_fa [0.11726236162006333, 0.2687969163310133, 0.23837201845922767, 0.0026825305875300873, 0.0, 0.09364678179686296] ----
T5 Ep 1/10 | L 0.3962 | Train Acc 0.71 | Prec 0.85 | F1 0.76 | Det Rec 0.90 | Det FA 0.11 | Epoch Time 2125.20s (Eval 85.59s, Train 2039.61s)
[STATE 2026-04-04 14:14:08] T5 Ep 1/10 complete: Prec 0.8523 F1 0.7578 DetRec 0.8956 DetFA 0.1082 | 2125.20s total (85.59s eval/2039.61s train)
[STATE 2026-04-04 14:14:08] Task 5 Epoch 2/10: entering train loop
T5 Ep 2/10 | L 0.2725 | Train Acc 0.80 | Prec 0.91 | F1 0.84 | Det Rec 0.92 | Det FA 0.08 | Epoch Time 2032.92s (Eval 0.00s, Train 2032.92s)
[STATE 2026-04-04 14:48:00] T5 Ep 2/10 complete: Prec 0.9142 F1 0.8387 DetRec 0.9178 DetFA 0.0762 | 2032.92s total (0.00s eval/2032.92s train)
[STATE 2026-04-04 14:48:00] Task 5 Epoch 3/10: entering train loop
T5 Ep 3/10 | L 0.2330 | Train Acc 0.82 | Prec 0.92 | F1 0.86 | Det Rec 0.93 | Det FA 0.07 | Epoch Time 2034.46s (Eval 0.00s, Train 2034.46s)
[STATE 2026-04-04 15:21:55] T5 Ep 3/10 complete: Prec 0.9230 F1 0.8557 DetRec 0.9265 DetFA 0.0652 | 2034.46s total (0.00s eval/2034.46s train)
[STATE 2026-04-04 15:21:55] Task 5 Epoch 4/10: entering train loop
T5 Ep 4/10 | L 0.2086 | Train Acc 0.84 | Prec 0.93 | F1 0.87 | Det Rec 0.93 | Det FA 0.06 | Epoch Time 2032.15s (Eval 0.00s, Train 2032.15s)
[STATE 2026-04-04 15:55:47] T5 Ep 4/10 complete: Prec 0.9309 F1 0.8687 DetRec 0.9325 DetFA 0.0584 | 2032.15s total (0.00s eval/2032.15s train)
[STATE 2026-04-04 15:55:47] Task 5 Epoch 5/10: entering train loop
T5 Ep 5/10 | L 0.1911 | Train Acc 0.85 | Prec 0.94 | F1 0.88 | Det Rec 0.94 | Det FA 0.05 | Epoch Time 2033.06s (Eval 0.00s, Train 2033.06s)
[STATE 2026-04-04 16:29:40] T5 Ep 5/10 complete: Prec 0.9372 F1 0.8796 DetRec 0.9372 DetFA 0.0542 | 2033.06s total (0.00s eval/2033.06s train)
[STATE 2026-04-04 16:29:40] Task 5 Epoch 6/10: entering train loop
T5 Ep 6/10 | L 0.1755 | Train Acc 0.87 | Prec 0.94 | F1 0.89 | Det Rec 0.94 | Det FA 0.06 | Epoch Time 2030.91s (Eval 0.00s, Train 2030.91s)
[STATE 2026-04-04 17:03:31] T5 Ep 6/10 complete: Prec 0.9378 F1 0.8866 DetRec 0.9405 DetFA 0.0553 | 2030.91s total (0.00s eval/2030.91s train)
[STATE 2026-04-04 17:03:31] Task 5 Epoch 7/10: entering train loop
T5 Ep 7/10 | L 0.1637 | Train Acc 0.88 | Prec 0.94 | F1 0.89 | Det Rec 0.94 | Det FA 0.05 | Epoch Time 2033.48s (Eval 0.00s, Train 2033.48s)
[STATE 2026-04-04 17:37:25] T5 Ep 7/10 complete: Prec 0.9434 F1 0.8945 DetRec 0.9439 DetFA 0.0509 | 2033.48s total (0.00s eval/2033.48s train)
[STATE 2026-04-04 17:37:25] Task 5 Epoch 8/10: entering train loop
T5 Ep 8/10 | L 0.1526 | Train Acc 0.89 | Prec 0.95 | F1 0.90 | Det Rec 0.95 | Det FA 0.05 | Epoch Time 2031.95s (Eval 0.00s, Train 2031.95s)
[STATE 2026-04-04 18:11:16] T5 Ep 8/10 complete: Prec 0.9454 F1 0.9011 DetRec 0.9473 DetFA 0.0483 | 2031.95s total (0.00s eval/2031.95s train)
[STATE 2026-04-04 18:11:17] Task 5 Epoch 9/10: entering train loop
T5 Ep 9/10 | L 0.1430 | Train Acc 0.89 | Prec 0.95 | F1 0.91 | Det Rec 0.95 | Det FA 0.05 | Epoch Time 2030.99s (Eval 0.00s, Train 2030.99s)
[STATE 2026-04-04 18:45:07] T5 Ep 9/10 complete: Prec 0.9457 F1 0.9066 DetRec 0.9504 DetFA 0.0473 | 2030.99s total (0.00s eval/2030.99s train)
[STATE 2026-04-04 18:45:07] Task 5 Epoch 10/10: entering train loop
T5 Ep 10/10 | L 0.1338 | Train Acc 0.90 | Prec 0.95 | F1 0.91 | Det Rec 0.95 | Det FA 0.05 | Epoch Time 2031.62s (Eval 0.00s, Train 2031.62s)
[STATE 2026-04-04 19:18:59] T5 Ep 10/10 complete: Prec 0.9502 F1 0.9111 DetRec 0.9521 DetFA 0.0455 | 2031.62s total (0.00s eval/2031.62s train)
[STATE 2026-04-04 19:18:59] Task 5: running final validation.
[STATE 2026-04-04 19:20:25] Completed task 5 (6/10)
Task 6: 17340 training samples, 6800 test samples.
[STATE 2026-04-04 19:20:25] Task 6: zero-shot validation (pre-train)
---- Zero-shot (pre-train) task 6: rec_cls 0.1928 | prec_cls 0.1476 | f1_cls 0.0725 | det 0.4831 | pfa 0.9954 | total_f1 0.5121 ----
[STATE 2026-04-04 19:21:53] Starting task 6 (7/10)
[STATE 2026-04-04 19:21:53] Task 6 Epoch 1/10: entering train loop
[STATE 2026-04-04 19:24:37] Task 6 Epoch 1/10: running validation (end of epoch)
---- Eval at Epoch 0: cls [0.5781186934796216, 0.5324450124778805, 0.667676809867388, 0.5747766597432256, 0.4493733661227739, 0.8272524345502817, 0.5661212771155765] | det_recall [0.8439890656057438, 0.8276955264895955, 0.832414824709446, 0.9949634153088378, 1.0, 0.9162698869184205, 0.9993775009492654] | det_fa [0.10246793050651945, 0.21597980797705074, 0.27624948487267126, 0.0, 0.0, 0.10981778104475573, 0.0012449981014691707] ----
T6 Ep 1/10 | L 0.4694 | Train Acc 0.52 | Prec 0.54 | F1 0.59 | Det Rec 0.99 | Det FA 0.00 | Epoch Time 251.47s (Eval 87.48s, Train 163.99s)
[STATE 2026-04-04 19:26:04] T6 Ep 1/10 complete: Prec 0.5435 F1 0.5876 DetRec 0.9879 DetFA 0.0005 | 251.47s total (87.48s eval/163.99s train)
[STATE 2026-04-04 19:26:04] Task 6 Epoch 2/10: entering train loop
T6 Ep 2/10 | L 0.3207 | Train Acc 0.61 | Prec 0.63 | F1 0.67 | Det Rec 1.00 | Det FA 0.00 | Epoch Time 164.10s (Eval 0.00s, Train 164.10s)
[STATE 2026-04-04 19:28:48] T6 Ep 2/10 complete: Prec 0.6290 F1 0.6675 DetRec 0.9998 DetFA 0.0003 | 164.10s total (0.00s eval/164.10s train)
[STATE 2026-04-04 19:28:48] Task 6 Epoch 3/10: entering train loop
T6 Ep 3/10 | L 0.2862 | Train Acc 0.65 | Prec 0.67 | F1 0.70 | Det Rec 1.00 | Det FA 0.00 | Epoch Time 163.50s (Eval 0.00s, Train 163.50s)
[STATE 2026-04-04 19:31:32] T6 Ep 3/10 complete: Prec 0.6704 F1 0.7006 DetRec 1.0000 DetFA 0.0000 | 163.50s total (0.00s eval/163.50s train)
[STATE 2026-04-04 19:31:32] Task 6 Epoch 4/10: entering train loop
T6 Ep 4/10 | L 0.2614 | Train Acc 0.68 | Prec 0.70 | F1 0.73 | Det Rec 1.00 | Det FA 0.00 | Epoch Time 163.58s (Eval 0.00s, Train 163.58s)
[STATE 2026-04-04 19:34:15] T6 Ep 4/10 complete: Prec 0.7021 F1 0.7256 DetRec 0.9999 DetFA 0.0001 | 163.58s total (0.00s eval/163.58s train)
[STATE 2026-04-04 19:34:15] Task 6 Epoch 5/10: entering train loop
T6 Ep 5/10 | L 0.2360 | Train Acc 0.71 | Prec 0.74 | F1 0.76 | Det Rec 1.00 | Det FA 0.00 | Epoch Time 163.90s (Eval 0.00s, Train 163.90s)
[STATE 2026-04-04 19:36:59] T6 Ep 5/10 complete: Prec 0.7360 F1 0.7586 DetRec 1.0000 DetFA 0.0000 | 163.90s total (0.00s eval/163.90s train)
[STATE 2026-04-04 19:36:59] Task 6 Epoch 6/10: entering train loop
T6 Ep 6/10 | L 0.2119 | Train Acc 0.75 | Prec 0.76 | F1 0.79 | Det Rec 1.00 | Det FA 0.00 | Epoch Time 163.53s (Eval 0.00s, Train 163.53s)
[STATE 2026-04-04 19:39:43] T6 Ep 6/10 complete: Prec 0.7644 F1 0.7872 DetRec 1.0000 DetFA 0.0000 | 163.53s total (0.00s eval/163.53s train)
[STATE 2026-04-04 19:39:43] Task 6 Epoch 7/10: entering train loop
T6 Ep 7/10 | L 0.1933 | Train Acc 0.78 | Prec 0.79 | F1 0.81 | Det Rec 1.00 | Det FA 0.00 | Epoch Time 163.81s (Eval 0.00s, Train 163.81s)
[STATE 2026-04-04 19:42:27] T6 Ep 7/10 complete: Prec 0.7907 F1 0.8115 DetRec 0.9999 DetFA 0.0001 | 163.81s total (0.00s eval/163.81s train)
[STATE 2026-04-04 19:42:27] Task 6 Epoch 8/10: entering train loop
T6 Ep 8/10 | L 0.1700 | Train Acc 0.80 | Prec 0.81 | F1 0.83 | Det Rec 1.00 | Det FA 0.00 | Epoch Time 163.84s (Eval 0.00s, Train 163.84s)
[STATE 2026-04-04 19:45:10] T6 Ep 8/10 complete: Prec 0.8100 F1 0.8294 DetRec 1.0000 DetFA 0.0000 | 163.84s total (0.00s eval/163.84s train)
[STATE 2026-04-04 19:45:10] Task 6 Epoch 9/10: entering train loop
T6 Ep 9/10 | L 0.1524 | Train Acc 0.82 | Prec 0.83 | F1 0.85 | Det Rec 1.00 | Det FA 0.00 | Epoch Time 163.70s (Eval 0.00s, Train 163.70s)
[STATE 2026-04-04 19:47:54] T6 Ep 9/10 complete: Prec 0.8340 F1 0.8488 DetRec 1.0000 DetFA 0.0000 | 163.70s total (0.00s eval/163.70s train)
[STATE 2026-04-04 19:47:54] Task 6 Epoch 10/10: entering train loop
T6 Ep 10/10 | L 0.1395 | Train Acc 0.84 | Prec 0.85 | F1 0.86 | Det Rec 1.00 | Det FA 0.00 | Epoch Time 163.45s (Eval 0.00s, Train 163.45s)
[STATE 2026-04-04 19:50:38] T6 Ep 10/10 complete: Prec 0.8465 F1 0.8625 DetRec 1.0000 DetFA 0.0000 | 163.45s total (0.00s eval/163.45s train)
[STATE 2026-04-04 19:50:38] Task 6: running final validation.
[STATE 2026-04-04 19:52:05] Completed task 6 (7/10)
Task 7: 188050 training samples, 94025 test samples.
[STATE 2026-04-04 19:52:06] Task 7: zero-shot validation (pre-train)
---- Zero-shot (pre-train) task 7: rec_cls 0.1846 | prec_cls 0.1275 | f1_cls 0.0737 | det 0.4923 | pfa 1.0000 | total_f1 0.5943 ----
[STATE 2026-04-04 19:53:58] Starting task 7 (8/10)
[STATE 2026-04-04 19:53:58] Task 7 Epoch 1/10: entering train loop
[STATE 2026-04-04 20:25:39] Task 7 Epoch 1/10: running validation (end of epoch)
---- Eval at Epoch 0: cls [0.527980026711412, 0.4866276188123219, 0.688473246965285, 0.47117559513788904, 0.4018389131195392, 0.7755500855997897, 0.5533799374229414, 0.8384928272293735] | det_recall [0.8200796017228921, 0.8136308708043712, 0.8653169385758465, 0.9874556741287824, 1.0, 0.922170199674666, 0.9997309648785035, 0.8793765960544124] | det_fa [0.08357580364728864, 0.16545556623973234, 0.2010984790741052, 0.001709751457736817, 0.0, 0.033663840729758206, 0.0005380702429929271, 0.2029610670190883] ----
T7 Ep 1/10 | L 0.3397 | Train Acc 0.79 | Prec 0.86 | F1 0.80 | Det Rec 0.87 | Det FA 0.21 | Epoch Time 2014.12s (Eval 112.71s, Train 1901.41s)
[STATE 2026-04-04 20:27:32] T7 Ep 1/10 complete: Prec 0.8606 F1 0.8037 DetRec 0.8749 DetFA 0.2111 | 2014.12s total (112.71s eval/1901.41s train)
[STATE 2026-04-04 20:27:32] Task 7 Epoch 2/10: entering train loop
T7 Ep 2/10 | L 0.2540 | Train Acc 0.85 | Prec 0.92 | F1 0.86 | Det Rec 0.89 | Det FA 0.18 | Epoch Time 1897.65s (Eval 0.00s, Train 1897.65s)
[STATE 2026-04-04 20:59:10] T7 Ep 2/10 complete: Prec 0.9159 F1 0.8632 DetRec 0.8933 DetFA 0.1752 | 1897.65s total (0.00s eval/1897.65s train)
[STATE 2026-04-04 20:59:10] Task 7 Epoch 3/10: entering train loop
T7 Ep 3/10 | L 0.2263 | Train Acc 0.87 | Prec 0.93 | F1 0.88 | Det Rec 0.90 | Det FA 0.16 | Epoch Time 1897.19s (Eval 0.00s, Train 1897.19s)
[STATE 2026-04-04 21:30:47] T7 Ep 3/10 complete: Prec 0.9264 F1 0.8772 DetRec 0.9012 DetFA 0.1605 | 1897.19s total (0.00s eval/1897.19s train)
[STATE 2026-04-04 21:30:47] Task 7 Epoch 4/10: entering train loop
T7 Ep 4/10 | L 0.2087 | Train Acc 0.88 | Prec 0.93 | F1 0.89 | Det Rec 0.91 | Det FA 0.14 | Epoch Time 1899.47s (Eval 0.00s, Train 1899.47s)
[STATE 2026-04-04 22:02:26] T7 Ep 4/10 complete: Prec 0.9339 F1 0.8866 DetRec 0.9083 DetFA 0.1440 | 1899.47s total (0.00s eval/1899.47s train)
[STATE 2026-04-04 22:02:26] Task 7 Epoch 5/10: entering train loop
T7 Ep 5/10 | L 0.1936 | Train Acc 0.89 | Prec 0.94 | F1 0.89 | Det Rec 0.91 | Det FA 0.14 | Epoch Time 1897.48s (Eval 0.00s, Train 1897.48s)
[STATE 2026-04-04 22:34:04] T7 Ep 5/10 complete: Prec 0.9381 F1 0.8939 DetRec 0.9118 DetFA 0.1385 | 1897.48s total (0.00s eval/1897.48s train)
[STATE 2026-04-04 22:34:04] Task 7 Epoch 6/10: entering train loop
T7 Ep 6/10 | L 0.1814 | Train Acc 0.90 | Prec 0.94 | F1 0.90 | Det Rec 0.92 | Det FA 0.13 | Epoch Time 1896.30s (Eval 0.00s, Train 1896.30s)
[STATE 2026-04-04 23:05:40] T7 Ep 6/10 complete: Prec 0.9431 F1 0.9008 DetRec 0.9177 DetFA 0.1288 | 1896.30s total (0.00s eval/1896.30s train)
[STATE 2026-04-04 23:05:40] Task 7 Epoch 7/10: entering train loop
T7 Ep 7/10 | L 0.1700 | Train Acc 0.90 | Prec 0.95 | F1 0.91 | Det Rec 0.92 | Det FA 0.12 | Epoch Time 1898.31s (Eval 0.00s, Train 1898.31s)
[STATE 2026-04-04 23:37:18] T7 Ep 7/10 complete: Prec 0.9475 F1 0.9074 DetRec 0.9220 DetFA 0.1205 | 1898.31s total (0.00s eval/1898.31s train)
[STATE 2026-04-04 23:37:18] Task 7 Epoch 8/10: entering train loop
T7 Ep 8/10 | L 0.1599 | Train Acc 0.91 | Prec 0.95 | F1 0.91 | Det Rec 0.93 | Det FA 0.11 | Epoch Time 1898.48s (Eval 0.00s, Train 1898.48s)
[STATE 2026-04-05 00:08:57] T7 Ep 8/10 complete: Prec 0.9518 F1 0.9144 DetRec 0.9266 DetFA 0.1142 | 1898.48s total (0.00s eval/1898.48s train)
[STATE 2026-04-05 00:08:57] Task 7 Epoch 9/10: entering train loop
T7 Ep 9/10 | L 0.1511 | Train Acc 0.92 | Prec 0.95 | F1 0.92 | Det Rec 0.93 | Det FA 0.11 | Epoch Time 1898.41s (Eval 0.00s, Train 1898.41s)
[STATE 2026-04-05 00:40:35] T7 Ep 9/10 complete: Prec 0.9544 F1 0.9191 DetRec 0.9312 DetFA 0.1061 | 1898.41s total (0.00s eval/1898.41s train)
[STATE 2026-04-05 00:40:35] Task 7 Epoch 10/10: entering train loop
T7 Ep 10/10 | L 0.1417 | Train Acc 0.92 | Prec 0.96 | F1 0.92 | Det Rec 0.93 | Det FA 0.10 | Epoch Time 1894.71s (Eval 0.00s, Train 1894.71s)
[STATE 2026-04-05 01:12:10] T7 Ep 10/10 complete: Prec 0.9581 F1 0.9247 DetRec 0.9343 DetFA 0.1002 | 1894.71s total (0.00s eval/1894.71s train)
[STATE 2026-04-05 01:12:10] Task 7: running final validation.
[STATE 2026-04-05 01:14:03] Completed task 7 (8/10)
Task 8: 36658 training samples, 12220 test samples.
[STATE 2026-04-05 01:14:03] Task 8: zero-shot validation (pre-train)
---- Zero-shot (pre-train) task 8: rec_cls 0.1513 | prec_cls 0.0972 | f1_cls 0.0283 | det 0.4999 | pfa 0.9999 | total_f1 0.5362 ----
[STATE 2026-04-05 01:15:59] Starting task 8 (9/10)
[STATE 2026-04-05 01:15:59] Task 8 Epoch 1/10: entering train loop
[STATE 2026-04-05 01:21:45] Task 8 Epoch 1/10: running validation (end of epoch)
---- Eval at Epoch 0: cls [0.6279937353830535, 0.6366637627724318, 0.6507762192726977, 0.4366169524254007, 0.3854180487855749, 0.7679373384885784, 0.4991885572250417, 0.8476206106945503, 0.5286924007808859] | det_recall [0.8440117774832806, 0.8465903736709275, 0.8443877168754598, 0.9783429338119197, 0.9995084663353658, 0.904664123983108, 1.0, 0.8848628758796996, 0.8446690629114847] | det_fa [0.05311120150388543, 0.09464683344928027, 0.26515759252669013, 0.00218845172238823, 0.0, 0.10684735543126209, 0.0, 0.18237847829670598, 0.029415765868371666] ----
T8 Ep 1/10 | L 0.4389 | Train Acc 0.46 | Prec 0.55 | F1 0.52 | Det Rec 0.81 | Det FA 0.06 | Epoch Time 461.61s (Eval 115.44s, Train 346.17s)
[STATE 2026-04-05 01:23:40] T8 Ep 1/10 complete: Prec 0.5548 F1 0.5226 DetRec 0.8137 DetFA 0.0605 | 461.61s total (115.44s eval/346.17s train)
[STATE 2026-04-05 01:23:40] Task 8 Epoch 2/10: entering train loop
T8 Ep 2/10 | L 0.2703 | Train Acc 0.57 | Prec 0.71 | F1 0.63 | Det Rec 0.86 | Det FA 0.05 | Epoch Time 346.31s (Eval 0.00s, Train 346.31s)
[STATE 2026-04-05 01:29:27] T8 Ep 2/10 complete: Prec 0.7092 F1 0.6324 DetRec 0.8563 DetFA 0.0495 | 346.31s total (0.00s eval/346.31s train)
[STATE 2026-04-05 01:29:27] Task 8 Epoch 3/10: entering train loop
T8 Ep 3/10 | L 0.2408 | Train Acc 0.61 | Prec 0.77 | F1 0.66 | Det Rec 0.86 | Det FA 0.05 | Epoch Time 346.32s (Eval 0.00s, Train 346.32s)
[STATE 2026-04-05 01:35:13] T8 Ep 3/10 complete: Prec 0.7658 F1 0.6620 DetRec 0.8643 DetFA 0.0530 | 346.32s total (0.00s eval/346.32s train)
[STATE 2026-04-05 01:35:13] Task 8 Epoch 4/10: entering train loop
T8 Ep 4/10 | L 0.2239 | Train Acc 0.63 | Prec 0.81 | F1 0.68 | Det Rec 0.87 | Det FA 0.05 | Epoch Time 345.78s (Eval 0.00s, Train 345.78s)
[STATE 2026-04-05 01:40:59] T8 Ep 4/10 complete: Prec 0.8104 F1 0.6849 DetRec 0.8737 DetFA 0.0498 | 345.78s total (0.00s eval/345.78s train)
[STATE 2026-04-05 01:40:59] Task 8 Epoch 5/10: entering train loop
T8 Ep 5/10 | L 0.2100 | Train Acc 0.66 | Prec 0.84 | F1 0.71 | Det Rec 0.88 | Det FA 0.05 | Epoch Time 345.86s (Eval 0.00s, Train 345.86s)
[STATE 2026-04-05 01:46:45] T8 Ep 5/10 complete: Prec 0.8418 F1 0.7074 DetRec 0.8797 DetFA 0.0507 | 345.86s total (0.00s eval/345.86s train)
[STATE 2026-04-05 01:46:45] Task 8 Epoch 6/10: entering train loop
T8 Ep 6/10 | L 0.1998 | Train Acc 0.67 | Prec 0.87 | F1 0.73 | Det Rec 0.88 | Det FA 0.05 | Epoch Time 345.27s (Eval 0.00s, Train 345.27s)
[STATE 2026-04-05 01:52:30] T8 Ep 6/10 complete: Prec 0.8714 F1 0.7253 DetRec 0.8842 DetFA 0.0507 | 345.27s total (0.00s eval/345.27s train)
[STATE 2026-04-05 01:52:30] Task 8 Epoch 7/10: entering train loop
T8 Ep 7/10 | L 0.1874 | Train Acc 0.69 | Prec 0.88 | F1 0.74 | Det Rec 0.89 | Det FA 0.05 | Epoch Time 347.57s (Eval 0.00s, Train 347.57s)
[STATE 2026-04-05 01:58:17] T8 Ep 7/10 complete: Prec 0.8839 F1 0.7436 DetRec 0.8902 DetFA 0.0460 | 347.57s total (0.00s eval/347.57s train)
[STATE 2026-04-05 01:58:17] Task 8 Epoch 8/10: entering train loop
T8 Ep 8/10 | L 0.1755 | Train Acc 0.71 | Prec 0.91 | F1 0.76 | Det Rec 0.90 | Det FA 0.05 | Epoch Time 346.08s (Eval 0.00s, Train 346.08s)
[STATE 2026-04-05 02:04:04] T8 Ep 8/10 complete: Prec 0.9117 F1 0.7610 DetRec 0.8959 DetFA 0.0460 | 346.08s total (0.00s eval/346.08s train)
[STATE 2026-04-05 02:04:04] Task 8 Epoch 9/10: entering train loop
T8 Ep 9/10 | L 0.1664 | Train Acc 0.74 | Prec 0.93 | F1 0.78 | Det Rec 0.90 | Det FA 0.04 | Epoch Time 346.89s (Eval 0.00s, Train 346.89s)
[STATE 2026-04-05 02:09:50] T8 Ep 9/10 complete: Prec 0.9303 F1 0.7829 DetRec 0.9026 DetFA 0.0430 | 346.89s total (0.00s eval/346.89s train)
[STATE 2026-04-05 02:09:50] Task 8 Epoch 10/10: entering train loop
T8 Ep 10/10 | L 0.1561 | Train Acc 0.75 | Prec 0.94 | F1 0.79 | Det Rec 0.91 | Det FA 0.05 | Epoch Time 346.37s (Eval 0.00s, Train 346.37s)
[STATE 2026-04-05 02:15:37] T8 Ep 10/10 complete: Prec 0.9414 F1 0.7943 DetRec 0.9061 DetFA 0.0453 | 346.37s total (0.00s eval/346.37s train)
[STATE 2026-04-05 02:15:37] Task 8: running final validation.
[STATE 2026-04-05 02:17:32] Completed task 8 (9/10)
Task 9: 17340 training samples, 6800 test samples.
[STATE 2026-04-05 02:17:32] Task 9: zero-shot validation (pre-train)
---- Zero-shot (pre-train) task 9: rec_cls 0.1333 | prec_cls 0.1819 | f1_cls 0.0745 | det 0.4506 | pfa 1.0000 | total_f1 0.5783 ----
[STATE 2026-04-05 02:19:30] Starting task 9 (10/10)
[STATE 2026-04-05 02:19:30] Task 9 Epoch 1/10: entering train loop
[STATE 2026-04-05 02:22:13] Task 9 Epoch 1/10: running validation (end of epoch)
---- Eval at Epoch 0: cls [0.5836388904483691, 0.6043421940020556, 0.6249919015717736, 0.5090100102386396, 0.48378456785222884, 0.7480440802295732, 0.5483794763489105, 0.8235792883040325, 0.5249899372470603, 0.5071829333035908] | det_recall [0.8299029952477235, 0.844739695357446, 0.8391401200498178, 0.9896732291712872, 1.0, 0.9003801719964107, 0.9998652291105122, 0.8746447738742958, 0.8340016296077403, 1.0] | det_fa [0.044764619809750245, 0.14239776234977158, 0.2472622781997119, 0.0, 0.0, 0.11741260651188296, 0.00026954177897574127, 0.19388974070508133, 0.036565734496233654, 0.0] ----
T9 Ep 1/10 | L 0.4401 | Train Acc 0.45 | Prec 0.45 | F1 0.50 | Det Rec 0.98 | Det FA 0.01 | Epoch Time 280.68s (Eval 117.18s, Train 163.51s)
[STATE 2026-04-05 02:24:10] T9 Ep 1/10 complete: Prec 0.4520 F1 0.5045 DetRec 0.9837 DetFA 0.0147 | 280.68s total (117.18s eval/163.51s train)
[STATE 2026-04-05 02:24:10] Task 9 Epoch 2/10: entering train loop
T9 Ep 2/10 | L 0.2936 | Train Acc 0.54 | Prec 0.54 | F1 0.59 | Det Rec 1.00 | Det FA 0.00 | Epoch Time 163.96s (Eval 0.00s, Train 163.96s)
[STATE 2026-04-05 02:26:54] T9 Ep 2/10 complete: Prec 0.5416 F1 0.5900 DetRec 1.0000 DetFA 0.0000 | 163.96s total (0.00s eval/163.96s train)
[STATE 2026-04-05 02:26:54] Task 9 Epoch 3/10: entering train loop
T9 Ep 3/10 | L 0.2696 | Train Acc 0.58 | Prec 0.58 | F1 0.62 | Det Rec 1.00 | Det FA 0.00 | Epoch Time 164.11s (Eval 0.00s, Train 164.11s)
[STATE 2026-04-05 02:29:38] T9 Ep 3/10 complete: Prec 0.5772 F1 0.6210 DetRec 1.0000 DetFA 0.0000 | 164.11s total (0.00s eval/164.11s train)
[STATE 2026-04-05 02:29:38] Task 9 Epoch 4/10: entering train loop
T9 Ep 4/10 | L 0.2535 | Train Acc 0.61 | Prec 0.61 | F1 0.65 | Det Rec 1.00 | Det FA 0.00 | Epoch Time 163.54s (Eval 0.00s, Train 163.54s)
[STATE 2026-04-05 02:32:22] T9 Ep 4/10 complete: Prec 0.6129 F1 0.6518 DetRec 1.0000 DetFA 0.0000 | 163.54s total (0.00s eval/163.54s train)
[STATE 2026-04-05 02:32:22] Task 9 Epoch 5/10: entering train loop
T9 Ep 5/10 | L 0.2306 | Train Acc 0.63 | Prec 0.63 | F1 0.67 | Det Rec 1.00 | Det FA 0.00 | Epoch Time 163.14s (Eval 0.00s, Train 163.14s)
[STATE 2026-04-05 02:35:05] T9 Ep 5/10 complete: Prec 0.6348 F1 0.6688 DetRec 1.0000 DetFA 0.0000 | 163.14s total (0.00s eval/163.14s train)
[STATE 2026-04-05 02:35:05] Task 9 Epoch 6/10: entering train loop
T9 Ep 6/10 | L 0.2126 | Train Acc 0.66 | Prec 0.66 | F1 0.69 | Det Rec 1.00 | Det FA 0.00 | Epoch Time 163.52s (Eval 0.00s, Train 163.52s)
[STATE 2026-04-05 02:37:48] T9 Ep 6/10 complete: Prec 0.6618 F1 0.6944 DetRec 1.0000 DetFA 0.0000 | 163.52s total (0.00s eval/163.52s train)
[STATE 2026-04-05 02:37:48] Task 9 Epoch 7/10: entering train loop
T9 Ep 7/10 | L 0.1971 | Train Acc 0.69 | Prec 0.69 | F1 0.72 | Det Rec 1.00 | Det FA 0.00 | Epoch Time 163.22s (Eval 0.00s, Train 163.22s)
[STATE 2026-04-05 02:40:32] T9 Ep 7/10 complete: Prec 0.6877 F1 0.7209 DetRec 1.0000 DetFA 0.0000 | 163.22s total (0.00s eval/163.22s train)
[STATE 2026-04-05 02:40:32] Task 9 Epoch 8/10: entering train loop
T9 Ep 8/10 | L 0.1846 | Train Acc 0.71 | Prec 0.71 | F1 0.74 | Det Rec 1.00 | Det FA 0.00 | Epoch Time 163.18s (Eval 0.00s, Train 163.18s)
[STATE 2026-04-05 02:43:15] T9 Ep 8/10 complete: Prec 0.7125 F1 0.7403 DetRec 1.0000 DetFA 0.0000 | 163.18s total (0.00s eval/163.18s train)
[STATE 2026-04-05 02:43:15] Task 9 Epoch 9/10: entering train loop
T9 Ep 9/10 | L 0.1715 | Train Acc 0.73 | Prec 0.73 | F1 0.76 | Det Rec 1.00 | Det FA 0.00 | Epoch Time 164.09s (Eval 0.00s, Train 164.09s)
[STATE 2026-04-05 02:45:59] T9 Ep 9/10 complete: Prec 0.7292 F1 0.7601 DetRec 1.0000 DetFA 0.0000 | 164.09s total (0.00s eval/164.09s train)
[STATE 2026-04-05 02:45:59] Task 9 Epoch 10/10: entering train loop
T9 Ep 10/10 | L 0.1646 | Train Acc 0.75 | Prec 0.75 | F1 0.78 | Det Rec 1.00 | Det FA 0.00 | Epoch Time 164.18s (Eval 0.00s, Train 164.18s)
[STATE 2026-04-05 02:48:43] T9 Ep 10/10 complete: Prec 0.7454 F1 0.7763 DetRec 1.0000 DetFA 0.0000 | 164.18s total (0.00s eval/164.18s train)
[STATE 2026-04-05 02:48:43] Task 9: running final validation.
[STATE 2026-04-05 02:50:40] Completed task 9 (10/10)
####Final Validation Accuracy####
Final Results:- 
 Total Recall: 0.6011535126565712 
 Individual Recall: [0.5603890793222999, 0.5680634687670816, 0.6311469685327764, 0.5493047278455704, 0.5380015302019902, 0.7523092055947961, 0.5630530564754671, 0.8103616686476159, 0.4860860135357454, 0.5528194076423703]
Final Detection Results:- 
 Total Detection: 0.9090957859105167 
 Individual Detection: [0.8218087580988421, 0.8395850044966151, 0.8430875699183653, 0.9911149648927248, 0.9997453319502074, 0.8952678153927754, 0.9990200450868846, 0.8762454408853309, 0.8250829283834217, 1.0]
Final Detection False Alarm:- 
 Total False Alarm: 0.07845557896950864 
 Individual False Alarm: [0.040958945046683355, 0.1426939266921614, 0.25586878353768716, 0.0, 0.0, 0.11670079371504945, 0.0014015674052927755, 0.17963481303025247, 0.047296960267959764, 0.0]
SUMMARY_TR cls_rec=0.7459 cls_prec=0.7454 cls_f1=0.7763 det=0.9112 fa=0.0783
SUMMARY_TE cls_rec=0.6012 cls_prec=0.6717 cls_f1=0.6388 det=0.9091 fa=0.0785
[STATE 2026-04-05 02:50:41] Saving results to logs//cmaml/full-tasks_all-10epochs_weighted-loss-2026-04-03_11-14-38-9398/0/results
Model size: 0.0289 GB
Memory buffer size: 0.0000 GB
logs//cmaml/full-tasks_all-10epochs_weighted-loss-2026-04-03_11-14-38-9398/0/results: {'expt_name': 'full-tasks_all-10epochs_weighted-loss', 'model': 'lamaml_cifar', 'arch': 'resnet1d', 'n_hiddens': 100, 'n_layers': 2, 'xav_init': False, 'debug': False, 'use_detector_arch': False, 'glances': 1, 'n_epochs': 10, 'batch_size': 256, 'replay_batch_size': 128, 'memories': 5120, 'lr': 0.001, 'optimizer': 'sgd', 'class_weighted_ce': True, 'cuda': True, 'seed': 0, 'log_every': 10, 'log_dir': 'logs//cmaml/full-tasks_all-10epochs_weighted-loss-2026-04-03_11-14-38-9398/0', 'tf_dir': 'logs//cmaml/full-tasks_all-10epochs_weighted-loss-2026-04-03_11-14-38-9398/0/tfdir', 'calc_test_accuracy': False, 'state_logging': True, 'data_path': 'data/rff/radar/full', 'task_order_files': 't2-rcn,t0-rcn,t2-uclresm-25noise,t0-deeprad,t1-deeprad,t1-uclresm-25noise,t3-deeprad,t0-uclresm-25noise,t1-rcn,t2-deeprad', 'loader': 'task_incremental_loader', 'samples_per_task': -1, 'shuffle_tasks': False, 'classes_per_it': 6, 'iterations': 5000, 'dataset': 'iq', 'workers': 0, 'validation': 0.5, 'data_scaling': 'normalize', 'use_iq_aug_features': False, 'iq_aug_feature_type': 'power', 'class_order': 'random', 'increment': 5, 'test_batch_size': 512, 'nc_per_task': None, 'nc_per_task_list': '', 'val_rate': 1000, 'opt_lr': 0.1, 'opt_wt': 0.01, 'alpha_init': 0.0001, 'learn_lr': False, 'sync_update': True, 'grad_clip_norm': 5.0, 'meta_batches': 3, 'use_old_task_memory': False, 'second_order': True, 'n_memories': 5120, 'memory_strength': 0, 'steps_per_sample': 1, 'bgd_optimizer': 'sgd', 'optimizer_params': '{}', 'train_mc_iters': 5, 'std_init': 0.05, 'mean_eta': 1, 'fisher_gamma': 0.95, 'rln': 7, 'update_steps': 10, 'meta_lr': 0.001, 'update_lr': 0.1, 'ctx_lr': 0.05, 'n_meta': 2, 'inner_steps': 1, 'temperature': 5.0, 'task_emb': 64, 'classes_per_task': [6, 7, 6, 7, 7, 6, 6, 6, 7, 6], 'get_samples_per_task': <bound method IncrementalLoader.get_samples_per_task of <dataloaders.task_incremental_loader.IncrementalLoader object at 0x755d8f8d4580>>} # val: 0.744 0.601 -0.143 0.000 # sizes: model_gb=0.0289 mem_gb=0.0000 # 142497.60833907127
[STATE 2026-04-05 02:50:41] results.pt components (approx): state_dict 29.6 MB, result_val_t 0.1 KB, result_val_a 0.8 KB
[STATE 2026-04-05 02:50:41] Results saved; total runtime 39.58h
Total runtime: 39.58 hours
