[STATE 2026-04-03 11:14:38] Enabling terminal logging to logs//lwf/full-tasks_all-10epochs_weighted-loss-2026-04-03_11-14-38-9446/0/terminal.log
New Experiment Starting...
Running model:  lwf
[STATE 2026-04-03 11:14:38] Experiment 'full-tasks_all-10epochs_weighted-loss' starting with model 'lwf' (seed 0)
Set seed 0
t2-rcn.npz train: x=(50362, 1024), y=(50362, 2)
t2-rcn.npz test: x=(16787, 1024), y=(16787, 2)
t2-rcn.npz: applied data scaling mode 'normalize'.
Loaded t2-rcn.npz: Unique train labels: UniqueCountsResult(values=array([-1,  3,  5, 10, 12, 15]), counts=array([24209,  5770,  3030,  2320,  7509,  7524]))
Noise labels ratio in t2-rcn.npz train: 0.24, test: 0.24
Loaded t2-rcn.npz: Remapped labels: [0 1 2 3 4 5]. Size: 50362)
t0-rcn.npz train: x=(51916, 1024), y=(51916, 2)
t0-rcn.npz test: x=(17305, 1024), y=(17305, 2)
t0-rcn.npz: applied data scaling mode 'normalize'.
Loaded t0-rcn.npz: Unique train labels: UniqueCountsResult(values=array([-1,  1,  8,  9, 11, 13, 14]), counts=array([24225,  4268,  2495,  2943,  3015,  7464,  7506]))
Noise labels ratio in t0-rcn.npz train: 0.23, test: 0.23
Loaded t0-rcn.npz: Remapped labels: [ 6  7  8  9 10 11 12]. Size: 51916)
t2-uclresm-25noise.npz train: moved sample axis (3, 350028, 1024) -> (350028, 3, 1024)
t2-uclresm-25noise.npz test: moved sample axis (3, 233351, 1024) -> (233351, 3, 1024)
t2-uclresm-25noise.npz train: x=(350028, 3, 1024), y=(350028,)
t2-uclresm-25noise.npz test: x=(233351, 3, 1024), y=(233351,)
t2-uclresm-25noise.npz: applied data scaling mode 'normalize'.
Loaded t2-uclresm-25noise.npz: Unique train labels: UniqueCountsResult(values=array([-1,  0,  1,  2,  3,  4]), counts=array([87441, 27347, 71754, 64298, 36005, 63183]))
Noise labels ratio in t2-uclresm-25noise.npz train: 0.25, test: 0.25
Loaded t2-uclresm-25noise.npz: Remapped labels: [13 14 15 16 17 18]. Size: 350028)
t0-deeprad.npz train: x=(24480, 1024), y=(24480, 2)
t0-deeprad.npz test: x=(8160, 1024), y=(8160, 2)
t0-deeprad.npz: applied data scaling mode 'normalize'.
Loaded t0-deeprad.npz: Unique train labels: UniqueCountsResult(values=array([-1,  0,  1,  2,  3,  4,  5]), counts=array([12240,  2029,  1983,  2043,  2154,  2015,  2016]))
Noise labels ratio in t0-deeprad.npz train: 0.25, test: 0.25
Loaded t0-deeprad.npz: Remapped labels: [19 20 21 22 23 24 25]. Size: 24480)
t1-deeprad.npz train: x=(24480, 1024), y=(24480, 2)
t1-deeprad.npz test: x=(8160, 1024), y=(8160, 2)
t1-deeprad.npz: applied data scaling mode 'normalize'.
Loaded t1-deeprad.npz: Unique train labels: UniqueCountsResult(values=array([-1,  0,  1,  2,  3,  4,  5]), counts=array([12240,  1988,  2029,  2054,  1988,  2053,  2128]))
Noise labels ratio in t1-deeprad.npz train: 0.25, test: 0.25
Loaded t1-deeprad.npz: Remapped labels: [26 27 28 29 30 31 32]. Size: 24480)
t1-uclresm-25noise.npz train: moved sample axis (3, 201410, 1024) -> (201410, 3, 1024)
t1-uclresm-25noise.npz test: moved sample axis (3, 116291, 1024) -> (116291, 3, 1024)
t1-uclresm-25noise.npz train: x=(201410, 3, 1024), y=(201410,)
t1-uclresm-25noise.npz test: x=(116291, 3, 1024), y=(116291,)
t1-uclresm-25noise.npz: applied data scaling mode 'normalize'.
Loaded t1-uclresm-25noise.npz: Unique train labels: UniqueCountsResult(values=array([-1,  0,  1,  2,  3,  4]), counts=array([43668, 18021, 17838, 18087, 31870, 71926]))
Noise labels ratio in t1-uclresm-25noise.npz train: 0.22, test: 0.25
Loaded t1-uclresm-25noise.npz: Remapped labels: [33 34 35 36 37 38]. Size: 201410)
t3-deeprad.npz train: x=(17340, 1024), y=(17340, 2)
t3-deeprad.npz test: x=(6800, 1024), y=(6800, 2)
t3-deeprad.npz: applied data scaling mode 'normalize'.
Loaded t3-deeprad.npz: Unique train labels: UniqueCountsResult(values=array([-1,  0,  1,  2,  3,  4]), counts=array([8670, 1693, 1677, 1794, 1716, 1790]))
Noise labels ratio in t3-deeprad.npz train: 0.25, test: 0.25
Loaded t3-deeprad.npz: Remapped labels: [39 40 41 42 43 44]. Size: 17340)
t0-uclresm-25noise.npz train: moved sample axis (3, 188050, 1024) -> (188050, 3, 1024)
t0-uclresm-25noise.npz test: moved sample axis (3, 107348, 1024) -> (107348, 3, 1024)
t0-uclresm-25noise.npz train: x=(188050, 3, 1024), y=(188050,)
t0-uclresm-25noise.npz test: x=(107348, 3, 1024), y=(107348,)
t0-uclresm-25noise.npz: applied data scaling mode 'normalize'.
Loaded t0-uclresm-25noise.npz: Unique train labels: UniqueCountsResult(values=array([-1,  0,  1,  2,  3,  4]), counts=array([40144, 32109, 17978, 17979, 18098, 61742]))
Noise labels ratio in t0-uclresm-25noise.npz train: 0.21, test: 0.25
Loaded t0-uclresm-25noise.npz: Remapped labels: [45 46 47 48 49 50]. Size: 188050)
t1-rcn.npz train: x=(36658, 1024), y=(36658, 2)
t1-rcn.npz test: x=(12220, 1024), y=(12220, 2)
t1-rcn.npz: applied data scaling mode 'normalize'.
Loaded t1-rcn.npz: Unique train labels: UniqueCountsResult(values=array([-1,  0,  2,  4,  6,  7, 16]), counts=array([20595,   824,  2087,  2606,  2396,  1716,  6434]))
Noise labels ratio in t1-rcn.npz train: 0.28, test: 0.28
Loaded t1-rcn.npz: Remapped labels: [51 52 53 54 55 56 57]. Size: 36658)
t2-deeprad.npz train: x=(17340, 1024), y=(17340, 2)
t2-deeprad.npz test: x=(6800, 1024), y=(6800, 2)
t2-deeprad.npz: applied data scaling mode 'normalize'.
Loaded t2-deeprad.npz: Unique train labels: UniqueCountsResult(values=array([-1,  0,  1,  2,  3,  4]), counts=array([8670, 1774, 1675, 1777, 1694, 1750]))
Noise labels ratio in t2-deeprad.npz train: 0.25, test: 0.25
Loaded t2-deeprad.npz: Remapped labels: [58 59 60 61 62 63]. Size: 17340)
Built classes_per_task: [6, 7, 6, 7, 7, 6, 6, 6, 7, 6]
Classes per task: [6, 7, 6, 7, 7, 6, 6, 6, 7, 6]
[STATE 2026-04-03 11:15:42] Loader 'task_incremental_loader' ready: 1024 inputs, 64 outputs, 10 tasks
n_outputs: 64 	n_tasks: 10
[STATE 2026-04-03 11:15:42] Logging to logs//lwf/full-tasks_all-10epochs_weighted-loss-2026-04-03_11-14-38-9446/0
True
Model device: cuda:0
[STATE 2026-04-03 11:15:43] Model initialized on device cuda:0
[STATE 2026-04-03 11:15:43] Invoking continual life experience flow
[STATE 2026-04-03 11:15:43] Life experience start: 10 tasks queued
Task 0: 50362 training samples, 16787 test samples.
[STATE 2026-04-03 11:15:43] Task 0: zero-shot validation (pre-train)
---- Zero-shot (pre-train) task 0: rec_cls 0.1216 | prec_cls 0.1235 | f1_cls 0.0945 | det 0.4547 | pfa 0.7882 | total_f1 0.0945 ----
[STATE 2026-04-03 11:15:51] Starting task 0 (1/10)
[STATE 2026-04-03 11:15:51] Task 0 Epoch 1/10: entering train loop
[STATE 2026-04-03 11:16:50] Task 0 Epoch 1/10: running validation (end of epoch)
---- Eval at Epoch 0: cls [0.8819015276042046] | det_recall [0.8867404998549603] | det_fa [0.19927347071102158] ----
T0 Ep 1/10 | L 0.6922 | Train Acc 0.74 | Prec 0.76 | F1 0.69 | Det Rec 0.84 | Det FA 0.27 | Epoch Time 64.65s (Eval 4.92s, Train 59.74s)
[STATE 2026-04-03 11:16:55] T0 Ep 1/10 complete: Prec 0.7609 F1 0.6926 DetRec 0.8434 DetFA 0.2690 | 64.65s total (4.92s eval/59.74s train)
[STATE 2026-04-03 11:16:55] Task 0 Epoch 2/10: entering train loop
T0 Ep 2/10 | L 0.3431 | Train Acc 0.90 | Prec 0.91 | F1 0.84 | Det Rec 0.88 | Det FA 0.22 | Epoch Time 59.43s (Eval 0.00s, Train 59.43s)
[STATE 2026-04-03 11:17:55] T0 Ep 2/10 complete: Prec 0.9126 F1 0.8403 DetRec 0.8826 DetFA 0.2173 | 59.43s total (0.00s eval/59.43s train)
[STATE 2026-04-03 11:17:55] Task 0 Epoch 3/10: entering train loop
T0 Ep 3/10 | L 0.3040 | Train Acc 0.91 | Prec 0.92 | F1 0.85 | Det Rec 0.89 | Det FA 0.21 | Epoch Time 59.92s (Eval 0.00s, Train 59.92s)
[STATE 2026-04-03 11:18:55] T0 Ep 3/10 complete: Prec 0.9209 F1 0.8503 DetRec 0.8851 DetFA 0.2139 | 59.92s total (0.00s eval/59.92s train)
[STATE 2026-04-03 11:18:55] Task 0 Epoch 4/10: entering train loop
T0 Ep 4/10 | L 0.2794 | Train Acc 0.92 | Prec 0.93 | F1 0.86 | Det Rec 0.89 | Det FA 0.21 | Epoch Time 60.00s (Eval 0.00s, Train 60.00s)
[STATE 2026-04-03 11:19:55] T0 Ep 4/10 complete: Prec 0.9313 F1 0.8594 DetRec 0.8865 DetFA 0.2115 | 60.00s total (0.00s eval/60.00s train)
[STATE 2026-04-03 11:19:55] Task 0 Epoch 5/10: entering train loop
T0 Ep 5/10 | L 0.2651 | Train Acc 0.93 | Prec 0.94 | F1 0.86 | Det Rec 0.89 | Det FA 0.21 | Epoch Time 59.05s (Eval 0.00s, Train 59.05s)
[STATE 2026-04-03 11:20:54] T0 Ep 5/10 complete: Prec 0.9351 F1 0.8645 DetRec 0.8886 DetFA 0.2070 | 59.05s total (0.00s eval/59.05s train)
[STATE 2026-04-03 11:20:54] Task 0 Epoch 6/10: entering train loop
T0 Ep 6/10 | L 0.2531 | Train Acc 0.93 | Prec 0.94 | F1 0.87 | Det Rec 0.89 | Det FA 0.21 | Epoch Time 60.02s (Eval 0.00s, Train 60.02s)
[STATE 2026-04-03 11:21:54] T0 Ep 6/10 complete: Prec 0.9422 F1 0.8703 DetRec 0.8896 DetFA 0.2054 | 60.02s total (0.00s eval/60.02s train)
[STATE 2026-04-03 11:21:54] Task 0 Epoch 7/10: entering train loop
T0 Ep 7/10 | L 0.2386 | Train Acc 0.94 | Prec 0.95 | F1 0.87 | Det Rec 0.89 | Det FA 0.20 | Epoch Time 59.59s (Eval 0.00s, Train 59.59s)
[STATE 2026-04-03 11:22:53] T0 Ep 7/10 complete: Prec 0.9461 F1 0.8743 DetRec 0.8899 DetFA 0.2045 | 59.59s total (0.00s eval/59.59s train)
[STATE 2026-04-03 11:22:53] Task 0 Epoch 8/10: entering train loop
T0 Ep 8/10 | L 0.2324 | Train Acc 0.94 | Prec 0.95 | F1 0.88 | Det Rec 0.89 | Det FA 0.20 | Epoch Time 58.93s (Eval 0.00s, Train 58.93s)
[STATE 2026-04-03 11:23:52] T0 Ep 8/10 complete: Prec 0.9493 F1 0.8770 DetRec 0.8911 DetFA 0.2027 | 58.93s total (0.00s eval/58.93s train)
[STATE 2026-04-03 11:23:52] Task 0 Epoch 9/10: entering train loop
T0 Ep 9/10 | L 0.2280 | Train Acc 0.94 | Prec 0.95 | F1 0.88 | Det Rec 0.89 | Det FA 0.20 | Epoch Time 59.87s (Eval 0.00s, Train 59.87s)
[STATE 2026-04-03 11:24:52] T0 Ep 9/10 complete: Prec 0.9510 F1 0.8790 DetRec 0.8915 DetFA 0.2028 | 59.87s total (0.00s eval/59.87s train)
[STATE 2026-04-03 11:24:52] Task 0 Epoch 10/10: entering train loop
T0 Ep 10/10 | L 0.2151 | Train Acc 0.95 | Prec 0.96 | F1 0.88 | Det Rec 0.89 | Det FA 0.20 | Epoch Time 58.82s (Eval 0.00s, Train 58.82s)
[STATE 2026-04-03 11:25:51] T0 Ep 10/10 complete: Prec 0.9578 F1 0.8842 DetRec 0.8918 DetFA 0.2011 | 58.82s total (0.00s eval/58.82s train)
[STATE 2026-04-03 11:25:51] Task 0: running final validation.
[STATE 2026-04-03 11:25:57] Completed task 0 (1/10)
Task 1: 51916 training samples, 17305 test samples.
[STATE 2026-04-03 11:25:57] Task 1: zero-shot validation (pre-train)
---- Zero-shot (pre-train) task 1: rec_cls 0.2289 | prec_cls 0.2168 | f1_cls 0.1038 | det 0.5001 | pfa 0.9994 | total_f1 0.4775 ----
[STATE 2026-04-03 11:26:08] Starting task 1 (2/10)
[STATE 2026-04-03 11:26:08] Task 1 Epoch 1/10: entering train loop
[STATE 2026-04-03 11:27:26] Task 1 Epoch 1/10: running validation (end of epoch)
---- Eval at Epoch 0: cls [0.8872674742631419, 0.8133033647902672] | det_recall [0.8950363948159189, 0.8434095971418694] | det_fa [0.16610939842052969, 0.2721547067349058] ----
T1 Ep 1/10 | L 1.5713 | Train Acc 0.74 | Prec 0.78 | F1 0.66 | Det Rec 0.78 | Det FA 0.38 | Epoch Time 89.32s (Eval 12.05s, Train 77.27s)
[STATE 2026-04-03 11:27:38] T1 Ep 1/10 complete: Prec 0.7833 F1 0.6593 DetRec 0.7818 DetFA 0.3782 | 89.32s total (12.05s eval/77.27s train)
[STATE 2026-04-03 11:27:38] Task 1 Epoch 2/10: entering train loop
T1 Ep 2/10 | L 1.2315 | Train Acc 0.84 | Prec 0.88 | F1 0.78 | Det Rec 0.85 | Det FA 0.24 | Epoch Time 76.74s (Eval 0.00s, Train 76.74s)
[STATE 2026-04-03 11:28:54] T1 Ep 2/10 complete: Prec 0.8774 F1 0.7805 DetRec 0.8547 DetFA 0.2439 | 76.74s total (0.00s eval/76.74s train)
[STATE 2026-04-03 11:28:54] Task 1 Epoch 3/10: entering train loop
T1 Ep 3/10 | L 1.1214 | Train Acc 0.86 | Prec 0.90 | F1 0.81 | Det Rec 0.88 | Det FA 0.21 | Epoch Time 75.66s (Eval 0.00s, Train 75.66s)
[STATE 2026-04-03 11:30:10] T1 Ep 3/10 complete: Prec 0.8956 F1 0.8139 DetRec 0.8757 DetFA 0.2083 | 75.66s total (0.00s eval/75.66s train)
[STATE 2026-04-03 11:30:10] Task 1 Epoch 4/10: entering train loop
T1 Ep 4/10 | L 1.0664 | Train Acc 0.88 | Prec 0.91 | F1 0.83 | Det Rec 0.89 | Det FA 0.19 | Epoch Time 76.90s (Eval 0.00s, Train 76.90s)
[STATE 2026-04-03 11:31:27] T1 Ep 4/10 complete: Prec 0.9084 F1 0.8308 DetRec 0.8853 DetFA 0.1928 | 76.90s total (0.00s eval/76.90s train)
[STATE 2026-04-03 11:31:27] Task 1 Epoch 5/10: entering train loop
T1 Ep 5/10 | L 1.0287 | Train Acc 0.89 | Prec 0.91 | F1 0.84 | Det Rec 0.89 | Det FA 0.18 | Epoch Time 76.72s (Eval 0.00s, Train 76.72s)
[STATE 2026-04-03 11:32:44] T1 Ep 5/10 complete: Prec 0.9147 F1 0.8412 DetRec 0.8914 DetFA 0.1835 | 76.72s total (0.00s eval/76.72s train)
[STATE 2026-04-03 11:32:44] Task 1 Epoch 6/10: entering train loop
T1 Ep 6/10 | L 0.9952 | Train Acc 0.89 | Prec 0.92 | F1 0.85 | Det Rec 0.90 | Det FA 0.17 | Epoch Time 76.85s (Eval 0.00s, Train 76.85s)
[STATE 2026-04-03 11:34:00] T1 Ep 6/10 complete: Prec 0.9175 F1 0.8485 DetRec 0.8974 DetFA 0.1737 | 76.85s total (0.00s eval/76.85s train)
[STATE 2026-04-03 11:34:00] Task 1 Epoch 7/10: entering train loop
T1 Ep 7/10 | L 0.9686 | Train Acc 0.90 | Prec 0.92 | F1 0.86 | Det Rec 0.90 | Det FA 0.17 | Epoch Time 76.79s (Eval 0.00s, Train 76.79s)
[STATE 2026-04-03 11:35:17] T1 Ep 7/10 complete: Prec 0.9249 F1 0.8583 DetRec 0.9019 DetFA 0.1654 | 76.79s total (0.00s eval/76.79s train)
[STATE 2026-04-03 11:35:17] Task 1 Epoch 8/10: entering train loop
T1 Ep 8/10 | L 0.9388 | Train Acc 0.91 | Prec 0.93 | F1 0.86 | Det Rec 0.90 | Det FA 0.16 | Epoch Time 76.81s (Eval 0.00s, Train 76.81s)
[STATE 2026-04-03 11:36:34] T1 Ep 8/10 complete: Prec 0.9274 F1 0.8633 DetRec 0.9041 DetFA 0.1637 | 76.81s total (0.00s eval/76.81s train)
[STATE 2026-04-03 11:36:34] Task 1 Epoch 9/10: entering train loop
T1 Ep 9/10 | L 0.9259 | Train Acc 0.91 | Prec 0.93 | F1 0.87 | Det Rec 0.91 | Det FA 0.16 | Epoch Time 76.88s (Eval 0.00s, Train 76.88s)
[STATE 2026-04-03 11:37:51] T1 Ep 9/10 complete: Prec 0.9322 F1 0.8677 DetRec 0.9055 DetFA 0.1612 | 76.88s total (0.00s eval/76.88s train)
[STATE 2026-04-03 11:37:51] Task 1 Epoch 10/10: entering train loop
T1 Ep 10/10 | L 0.9155 | Train Acc 0.92 | Prec 0.93 | F1 0.87 | Det Rec 0.91 | Det FA 0.16 | Epoch Time 76.04s (Eval 0.00s, Train 76.04s)
[STATE 2026-04-03 11:39:07] T1 Ep 10/10 complete: Prec 0.9349 F1 0.8714 DetRec 0.9070 DetFA 0.1596 | 76.04s total (0.00s eval/76.04s train)
[STATE 2026-04-03 11:39:07] Task 1: running final validation.
[STATE 2026-04-03 11:39:19] Completed task 1 (2/10)
Task 2: 350028 training samples, 175014 test samples.
[STATE 2026-04-03 11:39:20] Task 2: zero-shot validation (pre-train)
---- Zero-shot (pre-train) task 2: rec_cls 0.0320 | prec_cls 0.1501 | f1_cls 0.1068 | det 0.5232 | pfa 0.1329 | total_f1 0.5995 ----
[STATE 2026-04-03 11:40:29] Starting task 2 (3/10)
[STATE 2026-04-03 11:40:29] Task 2 Epoch 1/10: entering train loop
[STATE 2026-04-03 11:49:09] Task 2 Epoch 1/10: running validation (end of epoch)
---- Eval at Epoch 0: cls [0.8649232173452394, 0.857117324420353, 0.6581296733905714] | det_recall [0.8927004066389879, 0.6910438323702401, 0.8276945249133351] | det_fa [0.14666219693520452, 0.5764221136777455, 0.26370801997580423] ----
T2 Ep 1/10 | L 1.5004 | Train Acc 0.52 | Prec 0.55 | F1 0.53 | Det Rec 0.80 | Det FA 0.33 | Epoch Time 589.12s (Eval 68.35s, Train 520.77s)
[STATE 2026-04-03 11:50:18] T2 Ep 1/10 complete: Prec 0.5489 F1 0.5294 DetRec 0.8039 DetFA 0.3311 | 589.12s total (68.35s eval/520.77s train)
[STATE 2026-04-03 11:50:18] Task 2 Epoch 2/10: entering train loop
T2 Ep 2/10 | L 1.0976 | Train Acc 0.71 | Prec 0.74 | F1 0.69 | Det Rec 0.83 | Det FA 0.28 | Epoch Time 523.29s (Eval 0.00s, Train 523.29s)
[STATE 2026-04-03 11:59:01] T2 Ep 2/10 complete: Prec 0.7353 F1 0.6910 DetRec 0.8341 DetFA 0.2822 | 523.29s total (0.00s eval/523.29s train)
[STATE 2026-04-03 11:59:01] Task 2 Epoch 3/10: entering train loop
T2 Ep 3/10 | L 1.0138 | Train Acc 0.73 | Prec 0.76 | F1 0.71 | Det Rec 0.84 | Det FA 0.27 | Epoch Time 519.19s (Eval 0.00s, Train 519.19s)
[STATE 2026-04-03 12:07:40] T2 Ep 3/10 complete: Prec 0.7584 F1 0.7147 DetRec 0.8437 DetFA 0.2652 | 519.19s total (0.00s eval/519.19s train)
[STATE 2026-04-03 12:07:40] Task 2 Epoch 4/10: entering train loop
T2 Ep 4/10 | L 0.9662 | Train Acc 0.75 | Prec 0.77 | F1 0.73 | Det Rec 0.85 | Det FA 0.25 | Epoch Time 519.53s (Eval 0.00s, Train 519.53s)
[STATE 2026-04-03 12:16:20] T2 Ep 4/10 complete: Prec 0.7723 F1 0.7297 DetRec 0.8502 DetFA 0.2527 | 519.53s total (0.00s eval/519.53s train)
[STATE 2026-04-03 12:16:20] Task 2 Epoch 5/10: entering train loop
T2 Ep 5/10 | L 0.9334 | Train Acc 0.76 | Prec 0.78 | F1 0.74 | Det Rec 0.86 | Det FA 0.24 | Epoch Time 519.40s (Eval 0.00s, Train 519.40s)
[STATE 2026-04-03 12:24:59] T2 Ep 5/10 complete: Prec 0.7821 F1 0.7417 DetRec 0.8566 DetFA 0.2401 | 519.40s total (0.00s eval/519.40s train)
[STATE 2026-04-03 12:24:59] Task 2 Epoch 6/10: entering train loop
T2 Ep 6/10 | L 0.9054 | Train Acc 0.77 | Prec 0.79 | F1 0.75 | Det Rec 0.86 | Det FA 0.23 | Epoch Time 519.50s (Eval 0.00s, Train 519.50s)
[STATE 2026-04-03 12:33:39] T2 Ep 6/10 complete: Prec 0.7889 F1 0.7501 DetRec 0.8610 DetFA 0.2337 | 519.50s total (0.00s eval/519.50s train)
[STATE 2026-04-03 12:33:39] Task 2 Epoch 7/10: entering train loop
T2 Ep 7/10 | L 0.8841 | Train Acc 0.78 | Prec 0.80 | F1 0.76 | Det Rec 0.86 | Det FA 0.23 | Epoch Time 519.47s (Eval 0.00s, Train 519.47s)
[STATE 2026-04-03 12:42:18] T2 Ep 7/10 complete: Prec 0.7961 F1 0.7584 DetRec 0.8648 DetFA 0.2270 | 519.47s total (0.00s eval/519.47s train)
[STATE 2026-04-03 12:42:18] Task 2 Epoch 8/10: entering train loop
T2 Ep 8/10 | L 0.8645 | Train Acc 0.78 | Prec 0.80 | F1 0.76 | Det Rec 0.87 | Det FA 0.22 | Epoch Time 519.24s (Eval 0.00s, Train 519.24s)
[STATE 2026-04-03 12:50:57] T2 Ep 8/10 complete: Prec 0.8003 F1 0.7638 DetRec 0.8675 DetFA 0.2222 | 519.24s total (0.00s eval/519.24s train)
[STATE 2026-04-03 12:50:57] Task 2 Epoch 9/10: entering train loop
T2 Ep 9/10 | L 0.8481 | Train Acc 0.79 | Prec 0.81 | F1 0.77 | Det Rec 0.87 | Det FA 0.22 | Epoch Time 519.21s (Eval 0.00s, Train 519.21s)
[STATE 2026-04-03 12:59:37] T2 Ep 9/10 complete: Prec 0.8058 F1 0.7700 DetRec 0.8705 DetFA 0.2168 | 519.21s total (0.00s eval/519.21s train)
[STATE 2026-04-03 12:59:37] Task 2 Epoch 10/10: entering train loop
T2 Ep 10/10 | L 0.8316 | Train Acc 0.80 | Prec 0.81 | F1 0.78 | Det Rec 0.87 | Det FA 0.21 | Epoch Time 518.88s (Eval 0.00s, Train 518.88s)
[STATE 2026-04-03 13:08:16] T2 Ep 10/10 complete: Prec 0.8111 F1 0.7757 DetRec 0.8728 DetFA 0.2130 | 518.88s total (0.00s eval/518.88s train)
[STATE 2026-04-03 13:08:16] Task 2: running final validation.
[STATE 2026-04-03 13:09:24] Completed task 2 (3/10)
Task 3: 24480 training samples, 8160 test samples.
[STATE 2026-04-03 13:09:24] Task 3: zero-shot validation (pre-train)
---- Zero-shot (pre-train) task 3: rec_cls 0.0889 | prec_cls 0.1062 | f1_cls 0.1909 | det 0.8272 | pfa 0.0000 | total_f1 0.6245 ----
[STATE 2026-04-03 13:10:36] Starting task 3 (4/10)
[STATE 2026-04-03 13:10:36] Task 3 Epoch 1/10: entering train loop
[STATE 2026-04-03 13:11:13] Task 3 Epoch 1/10: running validation (end of epoch)
---- Eval at Epoch 0: cls [0.8599550483071764, 0.8437954221577364, 0.7193691009634117, 0.5900159478888044] | det_recall [0.8925002858465294, 0.6174371761071964, 0.8645141962343316, 0.9985588869690742] | det_fa [0.14864629162124363, 0.7307430668037945, 0.18647769139089646, 0.0009419677694364555] ----
T3 Ep 1/10 | L 1.2271 | Train Acc 0.56 | Prec 0.56 | F1 0.60 | Det Rec 1.00 | Det FA 0.00 | Epoch Time 109.02s (Eval 71.56s, Train 37.46s)
[STATE 2026-04-03 13:12:25] T3 Ep 1/10 complete: Prec 0.5563 F1 0.6033 DetRec 0.9951 DetFA 0.0007 | 109.02s total (71.56s eval/37.46s train)
[STATE 2026-04-03 13:12:25] Task 3 Epoch 2/10: entering train loop
T3 Ep 2/10 | L 1.0430 | Train Acc 0.62 | Prec 0.62 | F1 0.66 | Det Rec 1.00 | Det FA 0.00 | Epoch Time 35.91s (Eval 0.00s, Train 35.91s)
[STATE 2026-04-03 13:13:01] T3 Ep 2/10 complete: Prec 0.6200 F1 0.6603 DetRec 0.9980 DetFA 0.0012 | 35.91s total (0.00s eval/35.91s train)
[STATE 2026-04-03 13:13:01] Task 3 Epoch 3/10: entering train loop
T3 Ep 3/10 | L 0.9890 | Train Acc 0.64 | Prec 0.65 | F1 0.68 | Det Rec 1.00 | Det FA 0.00 | Epoch Time 35.90s (Eval 0.00s, Train 35.90s)
[STATE 2026-04-03 13:13:37] T3 Ep 3/10 complete: Prec 0.6484 F1 0.6843 DetRec 0.9986 DetFA 0.0013 | 35.90s total (0.00s eval/35.90s train)
[STATE 2026-04-03 13:13:37] Task 3 Epoch 4/10: entering train loop
T3 Ep 4/10 | L 0.9429 | Train Acc 0.65 | Prec 0.66 | F1 0.70 | Det Rec 1.00 | Det FA 0.00 | Epoch Time 35.89s (Eval 0.00s, Train 35.89s)
[STATE 2026-04-03 13:14:13] T3 Ep 4/10 complete: Prec 0.6627 F1 0.6965 DetRec 0.9987 DetFA 0.0011 | 35.89s total (0.00s eval/35.89s train)
[STATE 2026-04-03 13:14:13] Task 3 Epoch 5/10: entering train loop
T3 Ep 5/10 | L 0.9224 | Train Acc 0.67 | Prec 0.68 | F1 0.71 | Det Rec 1.00 | Det FA 0.00 | Epoch Time 36.57s (Eval 0.00s, Train 36.57s)
[STATE 2026-04-03 13:14:49] T3 Ep 5/10 complete: Prec 0.6772 F1 0.7080 DetRec 0.9991 DetFA 0.0008 | 36.57s total (0.00s eval/36.57s train)
[STATE 2026-04-03 13:14:49] Task 3 Epoch 6/10: entering train loop
T3 Ep 6/10 | L 0.8825 | Train Acc 0.68 | Prec 0.70 | F1 0.72 | Det Rec 1.00 | Det FA 0.00 | Epoch Time 36.22s (Eval 0.00s, Train 36.22s)
[STATE 2026-04-03 13:15:25] T3 Ep 6/10 complete: Prec 0.6958 F1 0.7235 DetRec 0.9990 DetFA 0.0012 | 36.22s total (0.00s eval/36.22s train)
[STATE 2026-04-03 13:15:25] Task 3 Epoch 7/10: entering train loop
T3 Ep 7/10 | L 0.8629 | Train Acc 0.70 | Prec 0.71 | F1 0.74 | Det Rec 1.00 | Det FA 0.00 | Epoch Time 35.90s (Eval 0.00s, Train 35.90s)
[STATE 2026-04-03 13:16:01] T3 Ep 7/10 complete: Prec 0.7077 F1 0.7350 DetRec 0.9994 DetFA 0.0005 | 35.90s total (0.00s eval/35.90s train)
[STATE 2026-04-03 13:16:01] Task 3 Epoch 8/10: entering train loop
T3 Ep 8/10 | L 0.8332 | Train Acc 0.72 | Prec 0.73 | F1 0.75 | Det Rec 1.00 | Det FA 0.00 | Epoch Time 35.90s (Eval 0.00s, Train 35.90s)
[STATE 2026-04-03 13:16:37] T3 Ep 8/10 complete: Prec 0.7285 F1 0.7533 DetRec 0.9994 DetFA 0.0007 | 35.90s total (0.00s eval/35.90s train)
[STATE 2026-04-03 13:16:37] Task 3 Epoch 9/10: entering train loop
T3 Ep 9/10 | L 0.8099 | Train Acc 0.73 | Prec 0.74 | F1 0.76 | Det Rec 1.00 | Det FA 0.00 | Epoch Time 36.32s (Eval 0.00s, Train 36.32s)
[STATE 2026-04-03 13:17:14] T3 Ep 9/10 complete: Prec 0.7395 F1 0.7645 DetRec 0.9994 DetFA 0.0007 | 36.32s total (0.00s eval/36.32s train)
[STATE 2026-04-03 13:17:14] Task 3 Epoch 10/10: entering train loop
T3 Ep 10/10 | L 0.7832 | Train Acc 0.75 | Prec 0.76 | F1 0.78 | Det Rec 1.00 | Det FA 0.00 | Epoch Time 36.46s (Eval 0.00s, Train 36.46s)
[STATE 2026-04-03 13:17:50] T3 Ep 10/10 complete: Prec 0.7565 F1 0.7788 DetRec 0.9996 DetFA 0.0005 | 36.46s total (0.00s eval/36.46s train)
[STATE 2026-04-03 13:17:50] Task 3: running final validation.
[STATE 2026-04-03 13:19:01] Completed task 3 (4/10)
Task 4: 24480 training samples, 8160 test samples.
[STATE 2026-04-03 13:19:02] Task 4: zero-shot validation (pre-train)
---- Zero-shot (pre-train) task 4: rec_cls 0.1471 | prec_cls 0.1607 | f1_cls 0.0785 | det 0.4970 | pfa 1.0000 | total_f1 0.5998 ----
[STATE 2026-04-03 13:20:16] Starting task 4 (5/10)
[STATE 2026-04-03 13:20:16] Task 4 Epoch 1/10: entering train loop
[STATE 2026-04-03 13:20:54] Task 4 Epoch 1/10: running validation (end of epoch)
---- Eval at Epoch 0: cls [0.8620490004186394, 0.8301225083702126, 0.6534990317336096, 0.6724001361009646, 0.542682068439384] | det_recall [0.8923166432951471, 0.5951808207288707, 0.8489276353276977, 0.999251193779939, 1.0] | det_fa [0.1549637813085655, 0.7726428454308076, 0.21075085745139166, 0.0, 0.0] ----
T4 Ep 1/10 | L 1.1180 | Train Acc 0.48 | Prec 0.48 | F1 0.53 | Det Rec 0.99 | Det FA 0.01 | Epoch Time 111.76s (Eval 73.93s, Train 37.83s)
[STATE 2026-04-03 13:22:08] T4 Ep 1/10 complete: Prec 0.4823 F1 0.5298 DetRec 0.9948 DetFA 0.0103 | 111.76s total (73.93s eval/37.83s train)
[STATE 2026-04-03 13:22:08] Task 4 Epoch 2/10: entering train loop
T4 Ep 2/10 | L 0.9240 | Train Acc 0.58 | Prec 0.59 | F1 0.63 | Det Rec 1.00 | Det FA 0.00 | Epoch Time 35.90s (Eval 0.00s, Train 35.90s)
[STATE 2026-04-03 13:22:43] T4 Ep 2/10 complete: Prec 0.5940 F1 0.6298 DetRec 1.0000 DetFA 0.0000 | 35.90s total (0.00s eval/35.90s train)
[STATE 2026-04-03 13:22:43] Task 4 Epoch 3/10: entering train loop
T4 Ep 3/10 | L 0.8533 | Train Acc 0.63 | Prec 0.64 | F1 0.67 | Det Rec 1.00 | Det FA 0.00 | Epoch Time 35.89s (Eval 0.00s, Train 35.89s)
[STATE 2026-04-03 13:23:19] T4 Ep 3/10 complete: Prec 0.6423 F1 0.6694 DetRec 1.0000 DetFA 0.0000 | 35.89s total (0.00s eval/35.89s train)
[STATE 2026-04-03 13:23:19] Task 4 Epoch 4/10: entering train loop
T4 Ep 4/10 | L 0.8014 | Train Acc 0.66 | Prec 0.68 | F1 0.70 | Det Rec 1.00 | Det FA 0.00 | Epoch Time 36.46s (Eval 0.00s, Train 36.46s)
[STATE 2026-04-03 13:23:56] T4 Ep 4/10 complete: Prec 0.6798 F1 0.7038 DetRec 1.0000 DetFA 0.0000 | 36.46s total (0.00s eval/36.46s train)
[STATE 2026-04-03 13:23:56] Task 4 Epoch 5/10: entering train loop
T4 Ep 5/10 | L 0.7458 | Train Acc 0.70 | Prec 0.71 | F1 0.73 | Det Rec 1.00 | Det FA 0.00 | Epoch Time 36.30s (Eval 0.00s, Train 36.30s)
[STATE 2026-04-03 13:24:32] T4 Ep 5/10 complete: Prec 0.7076 F1 0.7309 DetRec 1.0000 DetFA 0.0000 | 36.30s total (0.00s eval/36.30s train)
[STATE 2026-04-03 13:24:32] Task 4 Epoch 6/10: entering train loop
T4 Ep 6/10 | L 0.7024 | Train Acc 0.72 | Prec 0.73 | F1 0.75 | Det Rec 1.00 | Det FA 0.00 | Epoch Time 35.89s (Eval 0.00s, Train 35.89s)
[STATE 2026-04-03 13:25:08] T4 Ep 6/10 complete: Prec 0.7319 F1 0.7550 DetRec 1.0000 DetFA 0.0000 | 35.89s total (0.00s eval/35.89s train)
[STATE 2026-04-03 13:25:08] Task 4 Epoch 7/10: entering train loop
T4 Ep 7/10 | L 0.6617 | Train Acc 0.76 | Prec 0.77 | F1 0.79 | Det Rec 1.00 | Det FA 0.00 | Epoch Time 35.88s (Eval 0.00s, Train 35.88s)
[STATE 2026-04-03 13:25:44] T4 Ep 7/10 complete: Prec 0.7680 F1 0.7869 DetRec 1.0000 DetFA 0.0000 | 35.88s total (0.00s eval/35.88s train)
[STATE 2026-04-03 13:25:44] Task 4 Epoch 8/10: entering train loop
T4 Ep 8/10 | L 0.6220 | Train Acc 0.78 | Prec 0.79 | F1 0.81 | Det Rec 1.00 | Det FA 0.00 | Epoch Time 35.78s (Eval 0.00s, Train 35.78s)
[STATE 2026-04-03 13:26:20] T4 Ep 8/10 complete: Prec 0.7900 F1 0.8057 DetRec 1.0000 DetFA 0.0000 | 35.78s total (0.00s eval/35.78s train)
[STATE 2026-04-03 13:26:20] Task 4 Epoch 9/10: entering train loop
T4 Ep 9/10 | L 0.5820 | Train Acc 0.80 | Prec 0.81 | F1 0.83 | Det Rec 1.00 | Det FA 0.00 | Epoch Time 37.05s (Eval 0.00s, Train 37.05s)
[STATE 2026-04-03 13:26:57] T4 Ep 9/10 complete: Prec 0.8080 F1 0.8253 DetRec 1.0000 DetFA 0.0000 | 37.05s total (0.00s eval/37.05s train)
[STATE 2026-04-03 13:26:57] Task 4 Epoch 10/10: entering train loop
T4 Ep 10/10 | L 0.5605 | Train Acc 0.82 | Prec 0.83 | F1 0.84 | Det Rec 1.00 | Det FA 0.00 | Epoch Time 35.78s (Eval 0.00s, Train 35.78s)
[STATE 2026-04-03 13:27:32] T4 Ep 10/10 complete: Prec 0.8269 F1 0.8412 DetRec 1.0000 DetFA 0.0000 | 35.78s total (0.00s eval/35.78s train)
[STATE 2026-04-03 13:27:32] Task 4: running final validation.
[STATE 2026-04-03 13:28:47] Completed task 4 (5/10)
Task 5: 201410 training samples, 100705 test samples.
[STATE 2026-04-03 13:28:47] Task 5: zero-shot validation (pre-train)
---- Zero-shot (pre-train) task 5: rec_cls 0.1810 | prec_cls 0.0774 | f1_cls 0.0685 | det 0.5000 | pfa 1.0000 | total_f1 0.6106 ----
[STATE 2026-04-03 13:30:34] Starting task 5 (6/10)
[STATE 2026-04-03 13:30:34] Task 5 Epoch 1/10: entering train loop
[STATE 2026-04-03 13:35:34] Task 5 Epoch 1/10: running validation (end of epoch)
---- Eval at Epoch 0: cls [0.8424548269523043, 0.7864569501333676, 0.473328715685897, 0.6218345991892129, 0.5445359832873234, 0.7670970563819072] | det_recall [0.8855786972303434, 0.5923228838298282, 0.8141054856431507, 0.9979339584177178, 1.0, 0.8773197214177634] | det_fa [0.1455334779887722, 0.7699024192523989, 0.29259751792855143, 0.0, 0.0, 0.21482996876270055] ----
T5 Ep 1/10 | L 1.0733 | Train Acc 0.68 | Prec 0.68 | F1 0.67 | Det Rec 0.85 | Det FA 0.24 | Epoch Time 406.81s (Eval 107.28s, Train 299.54s)
[STATE 2026-04-03 13:37:21] T5 Ep 1/10 complete: Prec 0.6814 F1 0.6650 DetRec 0.8525 DetFA 0.2392 | 406.81s total (107.28s eval/299.54s train)
[STATE 2026-04-03 13:37:21] Task 5 Epoch 2/10: entering train loop
T5 Ep 2/10 | L 0.7891 | Train Acc 0.80 | Prec 0.79 | F1 0.77 | Det Rec 0.89 | Det FA 0.18 | Epoch Time 298.51s (Eval 0.00s, Train 298.51s)
[STATE 2026-04-03 13:42:20] T5 Ep 2/10 complete: Prec 0.7936 F1 0.7731 DetRec 0.8880 DetFA 0.1813 | 298.51s total (0.00s eval/298.51s train)
[STATE 2026-04-03 13:42:20] Task 5 Epoch 3/10: entering train loop
T5 Ep 3/10 | L 0.7204 | Train Acc 0.82 | Prec 0.82 | F1 0.80 | Det Rec 0.89 | Det FA 0.17 | Epoch Time 298.58s (Eval 0.00s, Train 298.58s)
[STATE 2026-04-03 13:47:18] T5 Ep 3/10 complete: Prec 0.8195 F1 0.7983 DetRec 0.8948 DetFA 0.1699 | 298.58s total (0.00s eval/298.58s train)
[STATE 2026-04-03 13:47:18] Task 5 Epoch 4/10: entering train loop
T5 Ep 4/10 | L 0.6807 | Train Acc 0.84 | Prec 0.84 | F1 0.81 | Det Rec 0.90 | Det FA 0.17 | Epoch Time 298.32s (Eval 0.00s, Train 298.32s)
[STATE 2026-04-03 13:52:17] T5 Ep 4/10 complete: Prec 0.8352 F1 0.8139 DetRec 0.8985 DetFA 0.1651 | 298.32s total (0.00s eval/298.32s train)
[STATE 2026-04-03 13:52:17] Task 5 Epoch 5/10: entering train loop
T5 Ep 5/10 | L 0.6509 | Train Acc 0.85 | Prec 0.85 | F1 0.83 | Det Rec 0.90 | Det FA 0.16 | Epoch Time 297.80s (Eval 0.00s, Train 297.80s)
[STATE 2026-04-03 13:57:14] T5 Ep 5/10 complete: Prec 0.8460 F1 0.8250 DetRec 0.9027 DetFA 0.1585 | 297.80s total (0.00s eval/297.80s train)
[STATE 2026-04-03 13:57:14] Task 5 Epoch 6/10: entering train loop
T5 Ep 6/10 | L 0.6273 | Train Acc 0.86 | Prec 0.86 | F1 0.83 | Det Rec 0.91 | Det FA 0.15 | Epoch Time 298.38s (Eval 0.00s, Train 298.38s)
[STATE 2026-04-03 14:02:13] T5 Ep 6/10 complete: Prec 0.8551 F1 0.8348 DetRec 0.9065 DetFA 0.1522 | 298.38s total (0.00s eval/298.38s train)
[STATE 2026-04-03 14:02:13] Task 5 Epoch 7/10: entering train loop
T5 Ep 7/10 | L 0.6077 | Train Acc 0.87 | Prec 0.86 | F1 0.84 | Det Rec 0.91 | Det FA 0.15 | Epoch Time 298.49s (Eval 0.00s, Train 298.49s)
[STATE 2026-04-03 14:07:11] T5 Ep 7/10 complete: Prec 0.8612 F1 0.8416 DetRec 0.9085 DetFA 0.1494 | 298.49s total (0.00s eval/298.49s train)
[STATE 2026-04-03 14:07:11] Task 5 Epoch 8/10: entering train loop
T5 Ep 8/10 | L 0.5892 | Train Acc 0.88 | Prec 0.87 | F1 0.85 | Det Rec 0.91 | Det FA 0.15 | Epoch Time 297.67s (Eval 0.00s, Train 297.67s)
[STATE 2026-04-03 14:12:09] T5 Ep 8/10 complete: Prec 0.8681 F1 0.8490 DetRec 0.9114 DetFA 0.1453 | 297.67s total (0.00s eval/297.67s train)
[STATE 2026-04-03 14:12:09] Task 5 Epoch 9/10: entering train loop
T5 Ep 9/10 | L 0.5726 | Train Acc 0.88 | Prec 0.88 | F1 0.86 | Det Rec 0.91 | Det FA 0.14 | Epoch Time 298.56s (Eval 0.00s, Train 298.56s)
[STATE 2026-04-03 14:17:07] T5 Ep 9/10 complete: Prec 0.8751 F1 0.8560 DetRec 0.9141 DetFA 0.1404 | 298.56s total (0.00s eval/298.56s train)
[STATE 2026-04-03 14:17:07] Task 5 Epoch 10/10: entering train loop
T5 Ep 10/10 | L 0.5575 | Train Acc 0.89 | Prec 0.88 | F1 0.86 | Det Rec 0.92 | Det FA 0.13 | Epoch Time 298.66s (Eval 0.00s, Train 298.66s)
[STATE 2026-04-03 14:22:06] T5 Ep 10/10 complete: Prec 0.8803 F1 0.8616 DetRec 0.9172 DetFA 0.1349 | 298.66s total (0.00s eval/298.66s train)
[STATE 2026-04-03 14:22:06] Task 5: running final validation.
[STATE 2026-04-03 14:23:54] Completed task 5 (6/10)
Task 6: 17340 training samples, 6800 test samples.
[STATE 2026-04-03 14:23:54] Task 6: zero-shot validation (pre-train)
---- Zero-shot (pre-train) task 6: rec_cls 0.1895 | prec_cls 0.2198 | f1_cls 0.0800 | det 0.4438 | pfa 1.0000 | total_f1 0.5671 ----
[STATE 2026-04-03 14:25:43] Starting task 6 (7/10)
[STATE 2026-04-03 14:25:43] Task 6 Epoch 1/10: entering train loop
[STATE 2026-04-03 14:26:10] Task 6 Epoch 1/10: running validation (end of epoch)
---- Eval at Epoch 0: cls [0.8366920968736007, 0.7822025025126793, 0.3926509745183921, 0.6072864913678035, 0.47902450551740156, 0.830373370232996, 0.6150337473922528] | det_recall [0.8871222181122183, 0.5955583470702387, 0.7819035472545508, 0.9974178160569662, 1.0, 0.882636390580704, 1.0] | det_fa [0.14432435514893516, 0.7626050534554243, 0.35415503860873987, 0.0, 0.0, 0.2164661382351668, 0.0] ----
T6 Ep 1/10 | L 1.1226 | Train Acc 0.57 | Prec 0.57 | F1 0.63 | Det Rec 0.99 | Det FA 0.02 | Epoch Time 136.51s (Eval 109.39s, Train 27.12s)
[STATE 2026-04-03 14:27:59] T6 Ep 1/10 complete: Prec 0.5684 F1 0.6299 DetRec 0.9910 DetFA 0.0169 | 136.51s total (109.39s eval/27.12s train)
[STATE 2026-04-03 14:27:59] Task 6 Epoch 2/10: entering train loop
T6 Ep 2/10 | L 0.9330 | Train Acc 0.64 | Prec 0.64 | F1 0.69 | Det Rec 1.00 | Det FA 0.00 | Epoch Time 25.30s (Eval 0.00s, Train 25.30s)
[STATE 2026-04-03 14:28:25] T6 Ep 2/10 complete: Prec 0.6423 F1 0.6933 DetRec 0.9999 DetFA 0.0001 | 25.30s total (0.00s eval/25.30s train)
[STATE 2026-04-03 14:28:25] Task 6 Epoch 3/10: entering train loop
T6 Ep 3/10 | L 0.8410 | Train Acc 0.67 | Prec 0.67 | F1 0.72 | Det Rec 1.00 | Det FA 0.00 | Epoch Time 25.29s (Eval 0.00s, Train 25.29s)
[STATE 2026-04-03 14:28:50] T6 Ep 3/10 complete: Prec 0.6726 F1 0.7164 DetRec 1.0000 DetFA 0.0000 | 25.29s total (0.00s eval/25.29s train)
[STATE 2026-04-03 14:28:50] Task 6 Epoch 4/10: entering train loop
T6 Ep 4/10 | L 0.8029 | Train Acc 0.69 | Prec 0.70 | F1 0.74 | Det Rec 1.00 | Det FA 0.00 | Epoch Time 26.41s (Eval 0.00s, Train 26.41s)
[STATE 2026-04-03 14:29:16] T6 Ep 4/10 complete: Prec 0.6957 F1 0.7380 DetRec 1.0000 DetFA 0.0000 | 26.41s total (0.00s eval/26.41s train)
[STATE 2026-04-03 14:29:16] Task 6 Epoch 5/10: entering train loop
T6 Ep 5/10 | L 0.7666 | Train Acc 0.71 | Prec 0.72 | F1 0.76 | Det Rec 1.00 | Det FA 0.00 | Epoch Time 25.30s (Eval 0.00s, Train 25.30s)
[STATE 2026-04-03 14:29:42] T6 Ep 5/10 complete: Prec 0.7166 F1 0.7553 DetRec 1.0000 DetFA 0.0000 | 25.30s total (0.00s eval/25.30s train)
[STATE 2026-04-03 14:29:42] Task 6 Epoch 6/10: entering train loop
T6 Ep 6/10 | L 0.7484 | Train Acc 0.74 | Prec 0.74 | F1 0.78 | Det Rec 1.00 | Det FA 0.00 | Epoch Time 25.28s (Eval 0.00s, Train 25.28s)
[STATE 2026-04-03 14:30:07] T6 Ep 6/10 complete: Prec 0.7423 F1 0.7776 DetRec 1.0000 DetFA 0.0000 | 25.28s total (0.00s eval/25.28s train)
[STATE 2026-04-03 14:30:07] Task 6 Epoch 7/10: entering train loop
T6 Ep 7/10 | L 0.6921 | Train Acc 0.76 | Prec 0.76 | F1 0.80 | Det Rec 1.00 | Det FA 0.00 | Epoch Time 26.41s (Eval 0.00s, Train 26.41s)
[STATE 2026-04-03 14:30:33] T6 Ep 7/10 complete: Prec 0.7630 F1 0.7951 DetRec 1.0000 DetFA 0.0000 | 26.41s total (0.00s eval/26.41s train)
[STATE 2026-04-03 14:30:33] Task 6 Epoch 8/10: entering train loop
T6 Ep 8/10 | L 0.6573 | Train Acc 0.79 | Prec 0.79 | F1 0.82 | Det Rec 1.00 | Det FA 0.00 | Epoch Time 25.28s (Eval 0.00s, Train 25.28s)
[STATE 2026-04-03 14:30:59] T6 Ep 8/10 complete: Prec 0.7892 F1 0.8184 DetRec 1.0000 DetFA 0.0000 | 25.28s total (0.00s eval/25.28s train)
[STATE 2026-04-03 14:30:59] Task 6 Epoch 9/10: entering train loop
T6 Ep 9/10 | L 0.6126 | Train Acc 0.80 | Prec 0.81 | F1 0.83 | Det Rec 1.00 | Det FA 0.00 | Epoch Time 25.28s (Eval 0.00s, Train 25.28s)
[STATE 2026-04-03 14:31:24] T6 Ep 9/10 complete: Prec 0.8055 F1 0.8319 DetRec 1.0000 DetFA 0.0000 | 25.28s total (0.00s eval/25.28s train)
[STATE 2026-04-03 14:31:24] Task 6 Epoch 10/10: entering train loop
T6 Ep 10/10 | L 0.5795 | Train Acc 0.82 | Prec 0.83 | F1 0.85 | Det Rec 1.00 | Det FA 0.00 | Epoch Time 25.75s (Eval 0.00s, Train 25.75s)
[STATE 2026-04-03 14:31:50] T6 Ep 10/10 complete: Prec 0.8252 F1 0.8494 DetRec 1.0000 DetFA 0.0000 | 25.75s total (0.00s eval/25.75s train)
[STATE 2026-04-03 14:31:50] Task 6: running final validation.
[STATE 2026-04-03 14:33:39] Completed task 6 (7/10)
Task 7: 188050 training samples, 94025 test samples.
[STATE 2026-04-03 14:33:39] Task 7: zero-shot validation (pre-train)
---- Zero-shot (pre-train) task 7: rec_cls 0.1788 | prec_cls 0.1465 | f1_cls 0.0642 | det 0.4996 | pfa 0.9999 | total_f1 0.5792 ----
[STATE 2026-04-03 14:35:59] Starting task 7 (8/10)
[STATE 2026-04-03 14:35:59] Task 7 Epoch 1/10: entering train loop
[STATE 2026-04-03 14:40:40] Task 7 Epoch 1/10: running validation (end of epoch)
---- Eval at Epoch 0: cls [0.8160835750645891, 0.7527978505550003, 0.36477446907119226, 0.5872371884722032, 0.4373560329040629, 0.7198719615430181, 0.653471916319204, 0.7964705596051828] | det_recall [0.8853577081067904, 0.5984364790054916, 0.6395579263885095, 0.9972073601913192, 1.0, 0.8801237167522562, 1.0, 0.8626756610303868] | det_fa [0.1271501575476092, 0.7388196121339602, 0.6359267746304779, 0.0, 0.0, 0.2203921781344753, 0.0, 0.22724783588117464] ----
T7 Ep 1/10 | L 0.9021 | Train Acc 0.74 | Prec 0.77 | F1 0.73 | Det Rec 0.85 | Det FA 0.22 | Epoch Time 420.61s (Eval 139.97s, Train 280.64s)
[STATE 2026-04-03 14:43:00] T7 Ep 1/10 complete: Prec 0.7661 F1 0.7327 DetRec 0.8548 DetFA 0.2194 | 420.61s total (139.97s eval/280.64s train)
[STATE 2026-04-03 14:43:00] Task 7 Epoch 2/10: entering train loop
T7 Ep 2/10 | L 0.6766 | Train Acc 0.83 | Prec 0.84 | F1 0.81 | Det Rec 0.88 | Det FA 0.18 | Epoch Time 278.73s (Eval 0.00s, Train 278.73s)
[STATE 2026-04-03 14:47:39] T7 Ep 2/10 complete: Prec 0.8417 F1 0.8082 DetRec 0.8790 DetFA 0.1838 | 278.73s total (0.00s eval/278.73s train)
[STATE 2026-04-03 14:47:39] Task 7 Epoch 3/10: entering train loop
T7 Ep 3/10 | L 0.6246 | Train Acc 0.84 | Prec 0.86 | F1 0.82 | Det Rec 0.89 | Det FA 0.17 | Epoch Time 278.63s (Eval 0.00s, Train 278.63s)
[STATE 2026-04-03 14:52:17] T7 Ep 3/10 complete: Prec 0.8565 F1 0.8248 DetRec 0.8859 DetFA 0.1744 | 278.63s total (0.00s eval/278.63s train)
[STATE 2026-04-03 14:52:17] Task 7 Epoch 4/10: entering train loop
T7 Ep 4/10 | L 0.5938 | Train Acc 0.86 | Prec 0.87 | F1 0.84 | Det Rec 0.89 | Det FA 0.17 | Epoch Time 279.01s (Eval 0.00s, Train 279.01s)
[STATE 2026-04-03 14:56:56] T7 Ep 4/10 complete: Prec 0.8679 F1 0.8367 DetRec 0.8902 DetFA 0.1672 | 279.01s total (0.00s eval/279.01s train)
[STATE 2026-04-03 14:56:56] Task 7 Epoch 5/10: entering train loop
T7 Ep 5/10 | L 0.5711 | Train Acc 0.87 | Prec 0.87 | F1 0.84 | Det Rec 0.89 | Det FA 0.16 | Epoch Time 277.92s (Eval 0.00s, Train 277.92s)
[STATE 2026-04-03 15:01:34] T7 Ep 5/10 complete: Prec 0.8745 F1 0.8442 DetRec 0.8934 DetFA 0.1627 | 277.92s total (0.00s eval/277.92s train)
[STATE 2026-04-03 15:01:34] Task 7 Epoch 6/10: entering train loop
T7 Ep 6/10 | L 0.5502 | Train Acc 0.88 | Prec 0.88 | F1 0.85 | Det Rec 0.90 | Det FA 0.16 | Epoch Time 279.30s (Eval 0.00s, Train 279.30s)
[STATE 2026-04-03 15:06:14] T7 Ep 6/10 complete: Prec 0.8836 F1 0.8538 DetRec 0.8972 DetFA 0.1568 | 279.30s total (0.00s eval/279.30s train)
[STATE 2026-04-03 15:06:14] Task 7 Epoch 7/10: entering train loop
T7 Ep 7/10 | L 0.5310 | Train Acc 0.88 | Prec 0.89 | F1 0.86 | Det Rec 0.90 | Det FA 0.15 | Epoch Time 278.00s (Eval 0.00s, Train 278.00s)
[STATE 2026-04-03 15:10:52] T7 Ep 7/10 complete: Prec 0.8883 F1 0.8603 DetRec 0.9004 DetFA 0.1525 | 278.00s total (0.00s eval/278.00s train)
[STATE 2026-04-03 15:10:52] Task 7 Epoch 8/10: entering train loop
T7 Ep 8/10 | L 0.5173 | Train Acc 0.89 | Prec 0.89 | F1 0.87 | Det Rec 0.90 | Det FA 0.15 | Epoch Time 278.95s (Eval 0.00s, Train 278.95s)
[STATE 2026-04-03 15:15:30] T7 Ep 8/10 complete: Prec 0.8939 F1 0.8659 DetRec 0.9029 DetFA 0.1483 | 278.95s total (0.00s eval/278.95s train)
[STATE 2026-04-03 15:15:30] Task 7 Epoch 9/10: entering train loop
T7 Ep 9/10 | L 0.5007 | Train Acc 0.90 | Prec 0.90 | F1 0.87 | Det Rec 0.91 | Det FA 0.14 | Epoch Time 277.85s (Eval 0.00s, Train 277.85s)
[STATE 2026-04-03 15:20:08] T7 Ep 9/10 complete: Prec 0.8992 F1 0.8726 DetRec 0.9064 DetFA 0.1427 | 277.85s total (0.00s eval/277.85s train)
[STATE 2026-04-03 15:20:08] Task 7 Epoch 10/10: entering train loop
T7 Ep 10/10 | L 0.4874 | Train Acc 0.90 | Prec 0.91 | F1 0.88 | Det Rec 0.91 | Det FA 0.14 | Epoch Time 278.56s (Eval 0.00s, Train 278.56s)
[STATE 2026-04-03 15:24:47] T7 Ep 10/10 complete: Prec 0.9053 F1 0.8789 DetRec 0.9094 DetFA 0.1385 | 278.56s total (0.00s eval/278.56s train)
[STATE 2026-04-03 15:24:47] Task 7: running final validation.
[STATE 2026-04-03 15:27:08] Completed task 7 (8/10)
Task 8: 36658 training samples, 12220 test samples.
[STATE 2026-04-03 15:27:08] Task 8: zero-shot validation (pre-train)
---- Zero-shot (pre-train) task 8: rec_cls 0.1501 | prec_cls 0.0396 | f1_cls 0.0260 | det 0.4980 | pfa 0.9997 | total_f1 0.5524 ----
[STATE 2026-04-03 15:29:32] Starting task 8 (9/10)
[STATE 2026-04-03 15:29:32] Task 8 Epoch 1/10: entering train loop
[STATE 2026-04-03 15:30:27] Task 8 Epoch 1/10: running validation (end of epoch)
---- Eval at Epoch 0: cls [0.8045612229876438, 0.7625256124922355, 0.3313212730867337, 0.5690888123523581, 0.4063847852096591, 0.5035133209883831, 0.6180340459388042, 0.8438332563262595, 0.8410291405046474] | det_recall [0.8776913353350142, 0.5930804032121074, 0.5193685120751526, 0.9980658451165719, 1.0, 0.6093886862953465, 1.0, 0.8524316260703572, 0.8057635049858599] | det_fa [0.12565174677691468, 0.7359235630480929, 0.886452888022806, 0.0, 0.0, 0.7639475553973616, 0.0, 0.2846773888132844, 0.35643946100204665] ----
T8 Ep 1/10 | L 0.9451 | Train Acc 0.79 | Prec 0.79 | F1 0.63 | Det Rec 0.75 | Det FA 0.47 | Epoch Time 200.19s (Eval 144.40s, Train 55.79s)
[STATE 2026-04-03 15:32:52] T8 Ep 1/10 complete: Prec 0.7933 F1 0.6309 DetRec 0.7482 DetFA 0.4743 | 200.19s total (144.40s eval/55.79s train)
[STATE 2026-04-03 15:32:52] Task 8 Epoch 2/10: entering train loop
T8 Ep 2/10 | L 0.7072 | Train Acc 0.86 | Prec 0.86 | F1 0.71 | Det Rec 0.81 | Det FA 0.35 | Epoch Time 53.29s (Eval 0.00s, Train 53.29s)
[STATE 2026-04-03 15:33:45] T8 Ep 2/10 complete: Prec 0.8556 F1 0.7075 DetRec 0.8079 DetFA 0.3550 | 53.29s total (0.00s eval/53.29s train)
[STATE 2026-04-03 15:33:45] Task 8 Epoch 3/10: entering train loop
T8 Ep 3/10 | L 0.6389 | Train Acc 0.89 | Prec 0.88 | F1 0.72 | Det Rec 0.81 | Det FA 0.35 | Epoch Time 54.17s (Eval 0.00s, Train 54.17s)
[STATE 2026-04-03 15:34:39] T8 Ep 3/10 complete: Prec 0.8783 F1 0.7219 DetRec 0.8101 DetFA 0.3549 | 54.17s total (0.00s eval/54.17s train)
[STATE 2026-04-03 15:34:39] Task 8 Epoch 4/10: entering train loop
T8 Ep 4/10 | L 0.5966 | Train Acc 0.90 | Prec 0.90 | F1 0.73 | Det Rec 0.81 | Det FA 0.35 | Epoch Time 54.35s (Eval 0.00s, Train 54.35s)
[STATE 2026-04-03 15:35:34] T8 Ep 4/10 complete: Prec 0.8951 F1 0.7330 DetRec 0.8126 DetFA 0.3490 | 54.35s total (0.00s eval/54.35s train)
[STATE 2026-04-03 15:35:34] Task 8 Epoch 5/10: entering train loop
T8 Ep 5/10 | L 0.5632 | Train Acc 0.92 | Prec 0.92 | F1 0.75 | Det Rec 0.82 | Det FA 0.34 | Epoch Time 54.22s (Eval 0.00s, Train 54.22s)
[STATE 2026-04-03 15:36:28] T8 Ep 5/10 complete: Prec 0.9161 F1 0.7456 DetRec 0.8155 DetFA 0.3446 | 54.22s total (0.00s eval/54.22s train)
[STATE 2026-04-03 15:36:28] Task 8 Epoch 6/10: entering train loop
T8 Ep 6/10 | L 0.5328 | Train Acc 0.93 | Prec 0.93 | F1 0.76 | Det Rec 0.82 | Det FA 0.33 | Epoch Time 54.34s (Eval 0.00s, Train 54.34s)
[STATE 2026-04-03 15:37:22] T8 Ep 6/10 complete: Prec 0.9281 F1 0.7556 DetRec 0.8207 DetFA 0.3346 | 54.34s total (0.00s eval/54.34s train)
[STATE 2026-04-03 15:37:22] Task 8 Epoch 7/10: entering train loop
T8 Ep 7/10 | L 0.5074 | Train Acc 0.94 | Prec 0.94 | F1 0.76 | Det Rec 0.82 | Det FA 0.33 | Epoch Time 54.22s (Eval 0.00s, Train 54.22s)
[STATE 2026-04-03 15:38:16] T8 Ep 7/10 complete: Prec 0.9417 F1 0.7645 DetRec 0.8232 DetFA 0.3308 | 54.22s total (0.00s eval/54.22s train)
[STATE 2026-04-03 15:38:16] Task 8 Epoch 8/10: entering train loop
T8 Ep 8/10 | L 0.4814 | Train Acc 0.95 | Prec 0.95 | F1 0.77 | Det Rec 0.83 | Det FA 0.32 | Epoch Time 54.35s (Eval 0.00s, Train 54.35s)
[STATE 2026-04-03 15:39:11] T8 Ep 8/10 complete: Prec 0.9503 F1 0.7729 DetRec 0.8278 DetFA 0.3218 | 54.35s total (0.00s eval/54.35s train)
[STATE 2026-04-03 15:39:11] Task 8 Epoch 9/10: entering train loop
T8 Ep 9/10 | L 0.4583 | Train Acc 0.96 | Prec 0.96 | F1 0.78 | Det Rec 0.83 | Det FA 0.31 | Epoch Time 53.22s (Eval 0.00s, Train 53.22s)
[STATE 2026-04-03 15:40:04] T8 Ep 9/10 complete: Prec 0.9616 F1 0.7828 DetRec 0.8329 DetFA 0.3116 | 53.22s total (0.00s eval/53.22s train)
[STATE 2026-04-03 15:40:04] Task 8 Epoch 10/10: entering train loop
T8 Ep 10/10 | L 0.4408 | Train Acc 0.96 | Prec 0.97 | F1 0.79 | Det Rec 0.84 | Det FA 0.30 | Epoch Time 54.23s (Eval 0.00s, Train 54.23s)
[STATE 2026-04-03 15:40:58] T8 Ep 10/10 complete: Prec 0.9718 F1 0.7931 DetRec 0.8373 DetFA 0.3018 | 54.23s total (0.00s eval/54.23s train)
[STATE 2026-04-03 15:40:58] Task 8: running final validation.
[STATE 2026-04-03 15:43:23] Completed task 8 (9/10)
Task 9: 17340 training samples, 6800 test samples.
[STATE 2026-04-03 15:43:23] Task 9: zero-shot validation (pre-train)
---- Zero-shot (pre-train) task 9: rec_cls 0.1547 | prec_cls 0.0890 | f1_cls 0.0851 | det 0.4722 | pfa 1.0000 | total_f1 0.5382 ----
[STATE 2026-04-03 15:45:50] Starting task 9 (10/10)
[STATE 2026-04-03 15:45:50] Task 9 Epoch 1/10: entering train loop
[STATE 2026-04-03 15:46:17] Task 9 Epoch 1/10: running validation (end of epoch)
---- Eval at Epoch 0: cls [0.7916112996736497, 0.7261890148429909, 0.31506735327640334, 0.5813668939250239, 0.4082983841046131, 0.4596687111253693, 0.5919891659303211, 0.8063666550540836, 0.8487498830582026, 0.5253267274479992] | det_recall [0.8713449265881256, 0.5836862765329252, 0.5065726155131921, 0.9968259775083239, 0.9998750000000001, 0.5657036341522317, 0.999858276643991, 0.8136086889478825, 0.8168124822533716, 1.0] | det_fa [0.13127780549726664, 0.7441854332420713, 0.9364763644395038, 0.0, 0.0, 0.8568391415883545, 0.0, 0.36876062367023066, 0.3326262396770317, 0.0] ----
T9 Ep 1/10 | L 1.0184 | Train Acc 0.50 | Prec 0.50 | F1 0.56 | Det Rec 0.99 | Det FA 0.03 | Epoch Time 173.54s (Eval 146.71s, Train 26.83s)
[STATE 2026-04-03 15:48:43] T9 Ep 1/10 complete: Prec 0.4993 F1 0.5606 DetRec 0.9851 DetFA 0.0294 | 173.54s total (146.71s eval/26.83s train)
[STATE 2026-04-03 15:48:43] Task 9 Epoch 2/10: entering train loop
T9 Ep 2/10 | L 0.8270 | Train Acc 0.59 | Prec 0.59 | F1 0.65 | Det Rec 1.00 | Det FA 0.00 | Epoch Time 26.42s (Eval 0.00s, Train 26.42s)
[STATE 2026-04-03 15:49:10] T9 Ep 2/10 complete: Prec 0.5940 F1 0.6529 DetRec 1.0000 DetFA 0.0000 | 26.42s total (0.00s eval/26.42s train)
[STATE 2026-04-03 15:49:10] Task 9 Epoch 3/10: entering train loop
T9 Ep 3/10 | L 0.7715 | Train Acc 0.63 | Prec 0.63 | F1 0.68 | Det Rec 1.00 | Det FA 0.00 | Epoch Time 25.20s (Eval 0.00s, Train 25.20s)
[STATE 2026-04-03 15:49:35] T9 Ep 3/10 complete: Prec 0.6290 F1 0.6837 DetRec 1.0000 DetFA 0.0000 | 25.20s total (0.00s eval/25.20s train)
[STATE 2026-04-03 15:49:35] Task 9 Epoch 4/10: entering train loop
T9 Ep 4/10 | L 0.7212 | Train Acc 0.65 | Prec 0.65 | F1 0.70 | Det Rec 1.00 | Det FA 0.00 | Epoch Time 25.18s (Eval 0.00s, Train 25.18s)
[STATE 2026-04-03 15:50:00] T9 Ep 4/10 complete: Prec 0.6516 F1 0.7036 DetRec 1.0000 DetFA 0.0000 | 25.18s total (0.00s eval/25.18s train)
[STATE 2026-04-03 15:50:00] Task 9 Epoch 5/10: entering train loop
T9 Ep 5/10 | L 0.6787 | Train Acc 0.67 | Prec 0.68 | F1 0.72 | Det Rec 1.00 | Det FA 0.00 | Epoch Time 25.25s (Eval 0.00s, Train 25.25s)
[STATE 2026-04-03 15:50:25] T9 Ep 5/10 complete: Prec 0.6751 F1 0.7222 DetRec 1.0000 DetFA 0.0000 | 25.25s total (0.00s eval/25.25s train)
[STATE 2026-04-03 15:50:25] Task 9 Epoch 6/10: entering train loop
T9 Ep 6/10 | L 0.6609 | Train Acc 0.70 | Prec 0.70 | F1 0.74 | Det Rec 1.00 | Det FA 0.00 | Epoch Time 26.41s (Eval 0.00s, Train 26.41s)
[STATE 2026-04-03 15:50:52] T9 Ep 6/10 complete: Prec 0.6961 F1 0.7395 DetRec 1.0000 DetFA 0.0000 | 26.41s total (0.00s eval/26.41s train)
[STATE 2026-04-03 15:50:52] Task 9 Epoch 7/10: entering train loop
T9 Ep 7/10 | L 0.6310 | Train Acc 0.72 | Prec 0.71 | F1 0.76 | Det Rec 1.00 | Det FA 0.00 | Epoch Time 25.26s (Eval 0.00s, Train 25.26s)
[STATE 2026-04-03 15:51:17] T9 Ep 7/10 complete: Prec 0.7121 F1 0.7551 DetRec 1.0000 DetFA 0.0000 | 25.26s total (0.00s eval/25.26s train)
[STATE 2026-04-03 15:51:17] Task 9 Epoch 8/10: entering train loop
T9 Ep 8/10 | L 0.6097 | Train Acc 0.73 | Prec 0.73 | F1 0.77 | Det Rec 1.00 | Det FA 0.00 | Epoch Time 25.24s (Eval 0.00s, Train 25.24s)
[STATE 2026-04-03 15:51:42] T9 Ep 8/10 complete: Prec 0.7273 F1 0.7667 DetRec 1.0000 DetFA 0.0000 | 25.24s total (0.00s eval/25.24s train)
[STATE 2026-04-03 15:51:42] Task 9 Epoch 9/10: entering train loop
T9 Ep 9/10 | L 0.5905 | Train Acc 0.74 | Prec 0.73 | F1 0.77 | Det Rec 1.00 | Det FA 0.00 | Epoch Time 25.48s (Eval 0.00s, Train 25.48s)
[STATE 2026-04-03 15:52:08] T9 Ep 9/10 complete: Prec 0.7344 F1 0.7749 DetRec 1.0000 DetFA 0.0000 | 25.48s total (0.00s eval/25.48s train)
[STATE 2026-04-03 15:52:08] Task 9 Epoch 10/10: entering train loop
T9 Ep 10/10 | L 0.5757 | Train Acc 0.75 | Prec 0.75 | F1 0.79 | Det Rec 1.00 | Det FA 0.00 | Epoch Time 26.03s (Eval 0.00s, Train 26.03s)
[STATE 2026-04-03 15:52:34] T9 Ep 10/10 complete: Prec 0.7499 F1 0.7873 DetRec 1.0000 DetFA 0.0000 | 26.03s total (0.00s eval/26.03s train)
[STATE 2026-04-03 15:52:34] Task 9: running final validation.
[STATE 2026-04-03 15:55:00] Completed task 9 (10/10)
####Final Validation Accuracy####
Final Results:- 
 Total Recall: 0.6019230431512759 
 Individual Recall: [0.7744082917109565, 0.6908319356204767, 0.3129683037237039, 0.5723277545101185, 0.4057509171659622, 0.4532034693859727, 0.6087012287649333, 0.7812200806645194, 0.7944544057157246, 0.625364044250391]
Final Detection Results:- 
 Total Detection: 0.8189796707082815 
 Individual Detection: [0.8630040586563583, 0.6082115886328894, 0.5068422021389268, 0.997687211902698, 1.0, 0.5835066824906411, 0.999858276643991, 0.8073930306409085, 0.8232936559764016, 1.0]
Final Detection False Alarm:- 
 Total False Alarm: 0.3195471695921374 
 Individual False Alarm: [0.11775327069123599, 0.6656980501534997, 0.9275693582613795, 0.0, 0.0, 0.8234349322331919, 0.0, 0.3736949798164098, 0.2873211047656573, 0.0]
SUMMARY_TR cls_rec=0.7515 cls_prec=0.7499 cls_f1=0.7873 det=0.8154 fa=0.3370
SUMMARY_TE cls_rec=0.6019 cls_prec=0.6597 cls_f1=0.5914 det=0.8190 fa=0.3195
[STATE 2026-04-03 15:55:00] Saving results to logs//lwf/full-tasks_all-10epochs_weighted-loss-2026-04-03_11-14-38-9446/0/results
Model size: 0.0578 GB
Memory buffer size: 0.0000 GB
logs//lwf/full-tasks_all-10epochs_weighted-loss-2026-04-03_11-14-38-9446/0/results: {'expt_name': 'full-tasks_all-10epochs_weighted-loss', 'model': 'lwf', 'arch': 'resnet1d', 'n_hiddens': 100, 'n_layers': 2, 'xav_init': False, 'debug': False, 'use_detector_arch': False, 'glances': 1, 'n_epochs': 10, 'batch_size': 256, 'replay_batch_size': 128, 'memories': 5120, 'lr': 0.01, 'optimizer': 'sgd', 'class_weighted_ce': True, 'cuda': True, 'seed': 0, 'log_every': 10, 'log_dir': 'logs//lwf/full-tasks_all-10epochs_weighted-loss-2026-04-03_11-14-38-9446/0', 'tf_dir': 'logs//lwf/full-tasks_all-10epochs_weighted-loss-2026-04-03_11-14-38-9446/0/tfdir', 'calc_test_accuracy': False, 'state_logging': True, 'data_path': 'data/rff/radar/full', 'task_order_files': 't2-rcn,t0-rcn,t2-uclresm-25noise,t0-deeprad,t1-deeprad,t1-uclresm-25noise,t3-deeprad,t0-uclresm-25noise,t1-rcn,t2-deeprad', 'loader': 'task_incremental_loader', 'samples_per_task': -1, 'shuffle_tasks': False, 'classes_per_it': 6, 'iterations': 5000, 'dataset': 'iq', 'workers': 0, 'validation': 0.5, 'data_scaling': 'normalize', 'use_iq_aug_features': False, 'iq_aug_feature_type': 'power', 'class_order': 'random', 'increment': 5, 'test_batch_size': 512, 'nc_per_task': None, 'nc_per_task_list': '', 'val_rate': 1000, 'opt_lr': 0.1, 'opt_wt': 0.1, 'alpha_init': 0.001, 'learn_lr': False, 'sync_update': False, 'grad_clip_norm': 5.0, 'meta_batches': 3, 'use_old_task_memory': False, 'second_order': False, 'n_memories': 5120, 'memory_strength': 0, 'steps_per_sample': 1, 'bgd_optimizer': 'sgd', 'optimizer_params': '{}', 'train_mc_iters': 5, 'std_init': 0.05, 'mean_eta': 1, 'fisher_gamma': 0.95, 'rln': 7, 'update_steps': 10, 'meta_lr': 0.001, 'update_lr': 0.1, 'ctx_lr': 0.05, 'n_meta': 2, 'inner_steps': 1, 'temperature': 5.0, 'task_emb': 64, 'classes_per_task': [6, 7, 6, 7, 7, 6, 6, 6, 7, 6], 'get_samples_per_task': <bound method IncrementalLoader.get_samples_per_task of <dataloaders.task_incremental_loader.IncrementalLoader object at 0x7939f9d74550>>} # val: 0.782 0.602 -0.180 0.000 # sizes: model_gb=0.0578 mem_gb=0.0000 # 16757.60170507431
[STATE 2026-04-03 15:55:01] results.pt components (approx): state_dict 59.2 MB, result_val_t 0.1 KB, result_val_a 0.8 KB
[STATE 2026-04-03 15:55:01] Results saved; total runtime 4.65h
Total runtime: 4.65 hours
