[STATE 2026-04-29 11:06:47] Enabling terminal logging to logs//agem/full-tasks_CIL_all-2026-04-29_11-06-47-4731/0/terminal.log
New Experiment Starting...
Running model:  agem
[STATE 2026-04-29 11:06:47] Experiment 'full-tasks_CIL_all' starting with model 'agem' (seed 0)
Set seed 0
t2-rcn.npz train: x=(50362, 1024), y=(50362, 2)
t2-rcn.npz test: x=(16787, 1024), y=(16787, 2)
t2-rcn.npz: applied data scaling mode 'normalize'.
Loaded t2-rcn.npz: Unique train labels: UniqueCountsResult(values=array([-1,  3,  5, 10, 12, 15]), counts=array([24209,  5770,  3030,  2320,  7509,  7524]))
Noise labels ratio in t2-rcn.npz train: 0.24, test: 0.24
Loaded t2-rcn.npz: Remapped labels: [0 1 2 3 4 5]. Size: 50362)
t0-rcn.npz train: x=(51916, 1024), y=(51916, 2)
t0-rcn.npz test: x=(17305, 1024), y=(17305, 2)
t0-rcn.npz: applied data scaling mode 'normalize'.
Loaded t0-rcn.npz: Unique train labels: UniqueCountsResult(values=array([-1,  1,  8,  9, 11, 13, 14]), counts=array([24225,  4268,  2495,  2943,  3015,  7464,  7506]))
Noise labels ratio in t0-rcn.npz train: 0.23, test: 0.23
Loaded t0-rcn.npz: Remapped labels: [ 6  7  8  9 10 11 12]. Size: 51916)
t2-uclresm-25noise.npz train: moved sample axis (3, 350028, 1024) -> (350028, 3, 1024)
t2-uclresm-25noise.npz test: moved sample axis (3, 233351, 1024) -> (233351, 3, 1024)
t2-uclresm-25noise.npz train: x=(350028, 3, 1024), y=(350028,)
t2-uclresm-25noise.npz test: x=(233351, 3, 1024), y=(233351,)
t2-uclresm-25noise.npz: applied data scaling mode 'normalize'.
Loaded t2-uclresm-25noise.npz: Unique train labels: UniqueCountsResult(values=array([-1,  0,  1,  2,  3,  4]), counts=array([87441, 27347, 71754, 64298, 36005, 63183]))
Noise labels ratio in t2-uclresm-25noise.npz train: 0.25, test: 0.25
Loaded t2-uclresm-25noise.npz: Remapped labels: [13 14 15 16 17 18]. Size: 350028)
t0-deeprad.npz train: x=(24480, 1024), y=(24480, 2)
t0-deeprad.npz test: x=(8160, 1024), y=(8160, 2)
t0-deeprad.npz: applied data scaling mode 'normalize'.
Loaded t0-deeprad.npz: Unique train labels: UniqueCountsResult(values=array([-1,  0,  1,  2,  3,  4,  5]), counts=array([12240,  2029,  1983,  2043,  2154,  2015,  2016]))
Noise labels ratio in t0-deeprad.npz train: 0.25, test: 0.25
Loaded t0-deeprad.npz: Remapped labels: [19 20 21 22 23 24 25]. Size: 24480)
t1-deeprad.npz train: x=(24480, 1024), y=(24480, 2)
t1-deeprad.npz test: x=(8160, 1024), y=(8160, 2)
t1-deeprad.npz: applied data scaling mode 'normalize'.
Loaded t1-deeprad.npz: Unique train labels: UniqueCountsResult(values=array([-1,  0,  1,  2,  3,  4,  5]), counts=array([12240,  1988,  2029,  2054,  1988,  2053,  2128]))
Noise labels ratio in t1-deeprad.npz train: 0.25, test: 0.25
Loaded t1-deeprad.npz: Remapped labels: [26 27 28 29 30 31 32]. Size: 24480)
t1-uclresm-25noise.npz train: moved sample axis (3, 201410, 1024) -> (201410, 3, 1024)
t1-uclresm-25noise.npz test: moved sample axis (3, 116291, 1024) -> (116291, 3, 1024)
t1-uclresm-25noise.npz train: x=(201410, 3, 1024), y=(201410,)
t1-uclresm-25noise.npz test: x=(116291, 3, 1024), y=(116291,)
t1-uclresm-25noise.npz: applied data scaling mode 'normalize'.
Loaded t1-uclresm-25noise.npz: Unique train labels: UniqueCountsResult(values=array([-1,  0,  1,  2,  3,  4]), counts=array([43668, 18021, 17838, 18087, 31870, 71926]))
Noise labels ratio in t1-uclresm-25noise.npz train: 0.22, test: 0.25
Loaded t1-uclresm-25noise.npz: Remapped labels: [33 34 35 36 37 38]. Size: 201410)
t3-deeprad.npz train: x=(17340, 1024), y=(17340, 2)
t3-deeprad.npz test: x=(6800, 1024), y=(6800, 2)
t3-deeprad.npz: applied data scaling mode 'normalize'.
Loaded t3-deeprad.npz: Unique train labels: UniqueCountsResult(values=array([-1,  0,  1,  2,  3,  4]), counts=array([8670, 1693, 1677, 1794, 1716, 1790]))
Noise labels ratio in t3-deeprad.npz train: 0.25, test: 0.25
Loaded t3-deeprad.npz: Remapped labels: [39 40 41 42 43 44]. Size: 17340)
t0-uclresm-25noise.npz train: moved sample axis (3, 188050, 1024) -> (188050, 3, 1024)
t0-uclresm-25noise.npz test: moved sample axis (3, 107348, 1024) -> (107348, 3, 1024)
t0-uclresm-25noise.npz train: x=(188050, 3, 1024), y=(188050,)
t0-uclresm-25noise.npz test: x=(107348, 3, 1024), y=(107348,)
t0-uclresm-25noise.npz: applied data scaling mode 'normalize'.
Loaded t0-uclresm-25noise.npz: Unique train labels: UniqueCountsResult(values=array([-1,  0,  1,  2,  3,  4]), counts=array([40144, 32109, 17978, 17979, 18098, 61742]))
Noise labels ratio in t0-uclresm-25noise.npz train: 0.21, test: 0.25
Loaded t0-uclresm-25noise.npz: Remapped labels: [45 46 47 48 49 50]. Size: 188050)
t1-rcn.npz train: x=(36658, 1024), y=(36658, 2)
t1-rcn.npz test: x=(12220, 1024), y=(12220, 2)
t1-rcn.npz: applied data scaling mode 'normalize'.
Loaded t1-rcn.npz: Unique train labels: UniqueCountsResult(values=array([-1,  0,  2,  4,  6,  7, 16]), counts=array([20595,   824,  2087,  2606,  2396,  1716,  6434]))
Noise labels ratio in t1-rcn.npz train: 0.28, test: 0.28
Loaded t1-rcn.npz: Remapped labels: [51 52 53 54 55 56 57]. Size: 36658)
t2-deeprad.npz train: x=(17340, 1024), y=(17340, 2)
t2-deeprad.npz test: x=(6800, 1024), y=(6800, 2)
t2-deeprad.npz: applied data scaling mode 'normalize'.
Loaded t2-deeprad.npz: Unique train labels: UniqueCountsResult(values=array([-1,  0,  1,  2,  3,  4]), counts=array([8670, 1774, 1675, 1777, 1694, 1750]))
Noise labels ratio in t2-deeprad.npz train: 0.25, test: 0.25
Loaded t2-deeprad.npz: Remapped labels: [58 59 60 61 62 63]. Size: 17340)
Built classes_per_task: [6, 7, 6, 7, 7, 6, 6, 6, 7, 6]
Classes per task: [6, 7, 6, 7, 7, 6, 6, 6, 7, 6]
[STATE 2026-04-29 11:07:53] Loader 'task_incremental_loader' ready: 1024 inputs, 64 outputs, 10 tasks
n_outputs: 64 	n_tasks: 10
[STATE 2026-04-29 11:07:53] Logging to logs//agem/full-tasks_CIL_all-2026-04-29_11-06-47-4731/0
True
Model device: cuda:0
[STATE 2026-04-29 11:07:53] Model initialized on device cuda:0
[STATE 2026-04-29 11:07:53] Invoking continual life experience flow
[STATE 2026-04-29 11:07:53] Life experience start: 10 tasks queued
[STATE 2026-04-29 11:07:53] Using task-specific epoch schedule: {0: 10, 1: 10, 2: 3, 3: 20, 4: 20, 5: 5, 6: 20, 7: 5, 8: 20, 9: 10}
Task 0: 50362 training samples, 16787 test samples.
[STATE 2026-04-29 11:07:53] Task 0: zero-shot validation (pre-train)
---- Zero-shot (pre-train) task 0: rec_cls 0.1216 | prec_cls 0.1235 | f1_cls 0.0945 | det 0.4547 | pfa 0.7882 | total_f1 0.0945 ----
[STATE 2026-04-29 11:07:58] Starting task 0 (1/10)
[STATE 2026-04-29 11:07:58] Task 0 Epoch 1/10: entering train loop
[STATE 2026-04-29 11:08:47] Task 0 Epoch 1/10: running validation (end of epoch)
---- Eval at Epoch 0: cls [0.8884992857371422] | det_recall [0.8836734638444615] | det_fa [0.21276836045275835] ----
T0 Ep 1/10 | L 0.6834 | Train Acc 0.75 | Prec 0.77 | F1 0.70 | Det Rec 0.84 | Det FA 0.27 | Epoch Time 53.17s (Eval 4.43s, Train 48.74s)
[STATE 2026-04-29 11:08:51] T0 Ep 1/10 complete: Prec 0.7680 F1 0.6974 DetRec 0.8438 DetFA 0.2679 | 53.17s total (4.43s eval/48.74s train)
[STATE 2026-04-29 11:08:51] Task 0 Epoch 2/10: entering train loop
T0 Ep 2/10 | L 0.3428 | Train Acc 0.90 | Prec 0.91 | F1 0.84 | Det Rec 0.88 | Det FA 0.22 | Epoch Time 48.48s (Eval 0.00s, Train 48.48s)
[STATE 2026-04-29 11:09:40] T0 Ep 2/10 complete: Prec 0.9106 F1 0.8387 DetRec 0.8823 DetFA 0.2176 | 48.48s total (0.00s eval/48.48s train)
[STATE 2026-04-29 11:09:40] Task 0 Epoch 3/10: entering train loop
T0 Ep 3/10 | L 0.3023 | Train Acc 0.91 | Prec 0.92 | F1 0.85 | Det Rec 0.88 | Det FA 0.21 | Epoch Time 48.37s (Eval 0.00s, Train 48.37s)
[STATE 2026-04-29 11:10:28] T0 Ep 3/10 complete: Prec 0.9233 F1 0.8519 DetRec 0.8850 DetFA 0.2129 | 48.37s total (0.00s eval/48.37s train)
[STATE 2026-04-29 11:10:28] Task 0 Epoch 4/10: entering train loop
T0 Ep 4/10 | L 0.2769 | Train Acc 0.92 | Prec 0.93 | F1 0.86 | Det Rec 0.89 | Det FA 0.21 | Epoch Time 48.07s (Eval 0.00s, Train 48.07s)
[STATE 2026-04-29 11:11:16] T0 Ep 4/10 complete: Prec 0.9309 F1 0.8599 DetRec 0.8866 DetFA 0.2109 | 48.07s total (0.00s eval/48.07s train)
[STATE 2026-04-29 11:11:16] Task 0 Epoch 5/10: entering train loop
T0 Ep 5/10 | L 0.2616 | Train Acc 0.93 | Prec 0.94 | F1 0.87 | Det Rec 0.89 | Det FA 0.21 | Epoch Time 47.41s (Eval 0.00s, Train 47.41s)
[STATE 2026-04-29 11:12:03] T0 Ep 5/10 complete: Prec 0.9376 F1 0.8662 DetRec 0.8883 DetFA 0.2072 | 47.41s total (0.00s eval/47.41s train)
[STATE 2026-04-29 11:12:03] Task 0 Epoch 6/10: entering train loop
T0 Ep 6/10 | L 0.2513 | Train Acc 0.93 | Prec 0.94 | F1 0.87 | Det Rec 0.89 | Det FA 0.21 | Epoch Time 48.32s (Eval 0.00s, Train 48.32s)
[STATE 2026-04-29 11:12:52] T0 Ep 6/10 complete: Prec 0.9436 F1 0.8708 DetRec 0.8890 DetFA 0.2064 | 48.32s total (0.00s eval/48.32s train)
[STATE 2026-04-29 11:12:52] Task 0 Epoch 7/10: entering train loop
T0 Ep 7/10 | L 0.2382 | Train Acc 0.94 | Prec 0.95 | F1 0.88 | Det Rec 0.89 | Det FA 0.20 | Epoch Time 47.60s (Eval 0.00s, Train 47.60s)
[STATE 2026-04-29 11:13:39] T0 Ep 7/10 complete: Prec 0.9491 F1 0.8764 DetRec 0.8901 DetFA 0.2047 | 47.60s total (0.00s eval/47.60s train)
[STATE 2026-04-29 11:13:39] Task 0 Epoch 8/10: entering train loop
T0 Ep 8/10 | L 0.2289 | Train Acc 0.94 | Prec 0.95 | F1 0.88 | Det Rec 0.89 | Det FA 0.20 | Epoch Time 47.77s (Eval 0.00s, Train 47.77s)
[STATE 2026-04-29 11:14:27] T0 Ep 8/10 complete: Prec 0.9487 F1 0.8770 DetRec 0.8920 DetFA 0.2022 | 47.77s total (0.00s eval/47.77s train)
[STATE 2026-04-29 11:14:27] Task 0 Epoch 9/10: entering train loop
T0 Ep 9/10 | L 0.2278 | Train Acc 0.94 | Prec 0.95 | F1 0.88 | Det Rec 0.89 | Det FA 0.20 | Epoch Time 47.82s (Eval 0.00s, Train 47.82s)
[STATE 2026-04-29 11:15:15] T0 Ep 9/10 complete: Prec 0.9536 F1 0.8806 DetRec 0.8914 DetFA 0.2029 | 47.82s total (0.00s eval/47.82s train)
[STATE 2026-04-29 11:15:15] Task 0 Epoch 10/10: entering train loop
T0 Ep 10/10 | L 0.2175 | Train Acc 0.95 | Prec 0.96 | F1 0.88 | Det Rec 0.89 | Det FA 0.20 | Epoch Time 48.40s (Eval 0.00s, Train 48.40s)
[STATE 2026-04-29 11:16:03] T0 Ep 10/10 complete: Prec 0.9555 F1 0.8833 DetRec 0.8930 DetFA 0.1997 | 48.40s total (0.00s eval/48.40s train)
[STATE 2026-04-29 11:16:03] Task 0: running final validation.
[STATE 2026-04-29 11:16:08] Completed task 0 (1/10)
Task 1: 51916 training samples, 17305 test samples.
[STATE 2026-04-29 11:16:08] Task 1: zero-shot validation (pre-train)
---- Zero-shot (pre-train) task 1: rec_cls 0.2203 | prec_cls 0.2015 | f1_cls 0.0840 | det 0.4998 | pfa 0.9991 | total_f1 0.4690 ----
[STATE 2026-04-29 11:16:17] Starting task 1 (2/10)
[STATE 2026-04-29 11:16:17] Task 1 Epoch 1/10: entering train loop
[STATE 2026-04-29 11:17:39] Task 1 Epoch 1/10: running validation (end of epoch)
---- Eval at Epoch 0: cls [0.811618228956594, 0.8668493795290408] | det_recall [0.870442309931234, 0.8684352493059216] | det_fa [0.22413412708009836, 0.23304229164721896] ----
T1 Ep 1/10 | L 0.5910 | Train Acc 0.79 | Prec 0.83 | F1 0.72 | Det Rec 0.82 | Det FA 0.32 | Epoch Time 91.52s (Eval 9.02s, Train 82.50s)
[STATE 2026-04-29 11:17:48] T1 Ep 1/10 complete: Prec 0.8290 F1 0.7218 DetRec 0.8163 DetFA 0.3218 | 91.52s total (9.02s eval/82.50s train)
[STATE 2026-04-29 11:17:48] Task 1 Epoch 2/10: entering train loop
T1 Ep 2/10 | L 0.3407 | Train Acc 0.88 | Prec 0.90 | F1 0.83 | Det Rec 0.89 | Det FA 0.18 | Epoch Time 82.14s (Eval 0.00s, Train 82.14s)
[STATE 2026-04-29 11:19:10] T1 Ep 2/10 complete: Prec 0.9022 F1 0.8326 DetRec 0.8927 DetFA 0.1810 | 82.14s total (0.00s eval/82.14s train)
[STATE 2026-04-29 11:19:10] Task 1 Epoch 3/10: entering train loop
T1 Ep 3/10 | L 0.2989 | Train Acc 0.89 | Prec 0.92 | F1 0.85 | Det Rec 0.90 | Det FA 0.17 | Epoch Time 81.99s (Eval 0.00s, Train 81.99s)
[STATE 2026-04-29 11:20:32] T1 Ep 3/10 complete: Prec 0.9168 F1 0.8516 DetRec 0.9005 DetFA 0.1686 | 81.99s total (0.00s eval/81.99s train)
[STATE 2026-04-29 11:20:32] Task 1 Epoch 4/10: entering train loop
T1 Ep 4/10 | L 0.2658 | Train Acc 0.91 | Prec 0.92 | F1 0.87 | Det Rec 0.91 | Det FA 0.16 | Epoch Time 82.27s (Eval 0.00s, Train 82.27s)
[STATE 2026-04-29 11:21:55] T1 Ep 4/10 complete: Prec 0.9244 F1 0.8655 DetRec 0.9088 DetFA 0.1581 | 82.27s total (0.00s eval/82.27s train)
[STATE 2026-04-29 11:21:55] Task 1 Epoch 5/10: entering train loop
T1 Ep 5/10 | L 0.2485 | Train Acc 0.91 | Prec 0.93 | F1 0.87 | Det Rec 0.91 | Det FA 0.15 | Epoch Time 81.81s (Eval 0.00s, Train 81.81s)
[STATE 2026-04-29 11:23:17] T1 Ep 5/10 complete: Prec 0.9291 F1 0.8721 DetRec 0.9113 DetFA 0.1524 | 81.81s total (0.00s eval/81.81s train)
[STATE 2026-04-29 11:23:17] Task 1 Epoch 6/10: entering train loop
T1 Ep 6/10 | L 0.2336 | Train Acc 0.92 | Prec 0.94 | F1 0.88 | Det Rec 0.92 | Det FA 0.15 | Epoch Time 82.16s (Eval 0.00s, Train 82.16s)
[STATE 2026-04-29 11:24:39] T1 Ep 6/10 complete: Prec 0.9364 F1 0.8807 DetRec 0.9157 DetFA 0.1466 | 82.16s total (0.00s eval/82.16s train)
[STATE 2026-04-29 11:24:39] Task 1 Epoch 7/10: entering train loop
T1 Ep 7/10 | L 0.2217 | Train Acc 0.92 | Prec 0.94 | F1 0.89 | Det Rec 0.92 | Det FA 0.14 | Epoch Time 82.31s (Eval 0.00s, Train 82.31s)
[STATE 2026-04-29 11:26:01] T1 Ep 7/10 complete: Prec 0.9422 F1 0.8869 DetRec 0.9173 DetFA 0.1426 | 82.31s total (0.00s eval/82.31s train)
[STATE 2026-04-29 11:26:01] Task 1 Epoch 8/10: entering train loop
T1 Ep 8/10 | L 0.2183 | Train Acc 0.93 | Prec 0.94 | F1 0.89 | Det Rec 0.92 | Det FA 0.14 | Epoch Time 82.25s (Eval 0.00s, Train 82.25s)
[STATE 2026-04-29 11:27:23] T1 Ep 8/10 complete: Prec 0.9426 F1 0.8878 DetRec 0.9181 DetFA 0.1423 | 82.25s total (0.00s eval/82.25s train)
[STATE 2026-04-29 11:27:23] Task 1 Epoch 9/10: entering train loop
T1 Ep 9/10 | L 0.2017 | Train Acc 0.93 | Prec 0.95 | F1 0.89 | Det Rec 0.92 | Det FA 0.14 | Epoch Time 81.77s (Eval 0.00s, Train 81.77s)
[STATE 2026-04-29 11:28:45] T1 Ep 9/10 complete: Prec 0.9476 F1 0.8937 DetRec 0.9211 DetFA 0.1376 | 81.77s total (0.00s eval/81.77s train)
[STATE 2026-04-29 11:28:45] Task 1 Epoch 10/10: entering train loop
T1 Ep 10/10 | L 0.1956 | Train Acc 0.93 | Prec 0.95 | F1 0.90 | Det Rec 0.92 | Det FA 0.14 | Epoch Time 82.10s (Eval 0.00s, Train 82.10s)
[STATE 2026-04-29 11:30:07] T1 Ep 10/10 complete: Prec 0.9508 F1 0.8962 DetRec 0.9210 DetFA 0.1368 | 82.10s total (0.00s eval/82.10s train)
[STATE 2026-04-29 11:30:07] Task 1: running final validation.
[STATE 2026-04-29 11:30:16] Completed task 1 (2/10)
Task 2: 350028 training samples, 175014 test samples.
[STATE 2026-04-29 11:30:17] Task 2: zero-shot validation (pre-train)
---- Zero-shot (pre-train) task 2: rec_cls 0.0360 | prec_cls 0.1485 | f1_cls 0.1088 | det 0.5235 | pfa 0.1501 | total_f1 0.5661 ----
[STATE 2026-04-29 11:31:12] Starting task 2 (3/10)
[STATE 2026-04-29 11:31:12] Task 2 Epoch 1/3: entering train loop
[STATE 2026-04-29 11:44:49] Task 2 Epoch 1/3: running validation (end of epoch)
---- Eval at Epoch 0: cls [0.7039430368449294, 0.5413972487461196, 0.7072380738570454] | det_recall [0.8378050725130407, 0.8076539048028705, 0.8519064503963396] | det_fa [0.29964617934886917, 0.25397633849896056, 0.21346732377275418] ----
T2 Ep 1/3 | L 0.9137 | Train Acc 0.61 | Prec 0.64 | F1 0.61 | Det Rec 0.83 | Det FA 0.29 | Epoch Time 871.49s (Eval 54.60s, Train 816.89s)
[STATE 2026-04-29 11:45:43] T2 Ep 1/3 complete: Prec 0.6375 F1 0.6079 DetRec 0.8269 DetFA 0.2881 | 871.49s total (54.60s eval/816.89s train)
[STATE 2026-04-29 11:45:43] Task 2 Epoch 2/3: entering train loop
T2 Ep 2/3 | L 0.6216 | Train Acc 0.74 | Prec 0.77 | F1 0.73 | Det Rec 0.86 | Det FA 0.22 | Epoch Time 816.23s (Eval 0.00s, Train 816.23s)
[STATE 2026-04-29 11:59:19] T2 Ep 2/3 complete: Prec 0.7680 F1 0.7301 DetRec 0.8602 DetFA 0.2243 | 816.23s total (0.00s eval/816.23s train)
[STATE 2026-04-29 11:59:19] Task 2 Epoch 3/3: entering train loop
T2 Ep 3/3 | L 0.5624 | Train Acc 0.77 | Prec 0.79 | F1 0.75 | Det Rec 0.87 | Det FA 0.21 | Epoch Time 816.98s (Eval 0.00s, Train 816.98s)
[STATE 2026-04-29 12:12:56] T2 Ep 3/3 complete: Prec 0.7904 F1 0.7547 DetRec 0.8706 DetFA 0.2075 | 816.98s total (0.00s eval/816.98s train)
[STATE 2026-04-29 12:12:56] Task 2: running final validation.
[STATE 2026-04-29 12:13:51] Completed task 2 (3/10)
Task 3: 24480 training samples, 8160 test samples.
[STATE 2026-04-29 12:13:51] Task 3: zero-shot validation (pre-train)
---- Zero-shot (pre-train) task 3: rec_cls 0.0850 | prec_cls 0.1855 | f1_cls 0.1909 | det 0.7130 | pfa 0.0015 | total_f1 0.5215 ----
[STATE 2026-04-29 12:14:48] Starting task 3 (4/10)
[STATE 2026-04-29 12:14:48] Task 3 Epoch 1/20: entering train loop
[STATE 2026-04-29 12:16:10] Task 3 Epoch 1/20: running validation (end of epoch)
---- Eval at Epoch 0: cls [0.636477081334656, 0.49923111781609797, 0.6828251016783644, 0.603539478608646] | det_recall [0.8484643341200598, 0.7499514974025169, 0.8443803052526606, 0.9975420478173581] | det_fa [0.27551140577527145, 0.39240262936191217, 0.28514866705253983, 0.004666900381220355] ----
T3 Ep 1/20 | L 0.8804 | Train Acc 0.58 | Prec 0.59 | F1 0.62 | Det Rec 1.00 | Det FA 0.00 | Epoch Time 138.57s (Eval 56.80s, Train 81.77s)
[STATE 2026-04-29 12:17:07] T3 Ep 1/20 complete: Prec 0.5919 F1 0.6238 DetRec 0.9958 DetFA 0.0031 | 138.57s total (56.80s eval/81.77s train)
[STATE 2026-04-29 12:17:07] Task 3 Epoch 2/20: entering train loop
T3 Ep 2/20 | L 0.7193 | Train Acc 0.63 | Prec 0.64 | F1 0.68 | Det Rec 1.00 | Det FA 0.00 | Epoch Time 81.85s (Eval 0.00s, Train 81.85s)
[STATE 2026-04-29 12:18:28] T3 Ep 2/20 complete: Prec 0.6397 F1 0.6762 DetRec 0.9991 DetFA 0.0013 | 81.85s total (0.00s eval/81.85s train)
[STATE 2026-04-29 12:18:28] Task 3 Epoch 3/20: entering train loop
T3 Ep 3/20 | L 0.6827 | Train Acc 0.65 | Prec 0.66 | F1 0.69 | Det Rec 1.00 | Det FA 0.00 | Epoch Time 81.82s (Eval 0.00s, Train 81.82s)
[STATE 2026-04-29 12:19:50] T3 Ep 3/20 complete: Prec 0.6594 F1 0.6923 DetRec 0.9992 DetFA 0.0012 | 81.82s total (0.00s eval/81.82s train)
[STATE 2026-04-29 12:19:50] Task 3 Epoch 4/20: entering train loop
T3 Ep 4/20 | L 0.6582 | Train Acc 0.67 | Prec 0.68 | F1 0.71 | Det Rec 1.00 | Det FA 0.00 | Epoch Time 81.90s (Eval 0.00s, Train 81.90s)
[STATE 2026-04-29 12:21:12] T3 Ep 4/20 complete: Prec 0.6754 F1 0.7068 DetRec 0.9998 DetFA 0.0003 | 81.90s total (0.00s eval/81.90s train)
[STATE 2026-04-29 12:21:12] Task 3 Epoch 5/20: entering train loop
T3 Ep 5/20 | L 0.6324 | Train Acc 0.68 | Prec 0.69 | F1 0.72 | Det Rec 1.00 | Det FA 0.00 | Epoch Time 81.76s (Eval 0.00s, Train 81.76s)
[STATE 2026-04-29 12:22:34] T3 Ep 5/20 complete: Prec 0.6867 F1 0.7185 DetRec 0.9997 DetFA 0.0003 | 81.76s total (0.00s eval/81.76s train)
[STATE 2026-04-29 12:22:34] Task 3 Epoch 6/20: entering train loop
T3 Ep 6/20 | L 0.6138 | Train Acc 0.69 | Prec 0.70 | F1 0.73 | Det Rec 1.00 | Det FA 0.00 | Epoch Time 81.75s (Eval 0.00s, Train 81.75s)
[STATE 2026-04-29 12:23:56] T3 Ep 6/20 complete: Prec 0.6979 F1 0.7282 DetRec 0.9996 DetFA 0.0006 | 81.75s total (0.00s eval/81.75s train)
[STATE 2026-04-29 12:23:56] Task 3 Epoch 7/20: entering train loop
T3 Ep 7/20 | L 0.5811 | Train Acc 0.71 | Prec 0.72 | F1 0.74 | Det Rec 1.00 | Det FA 0.00 | Epoch Time 81.72s (Eval 0.00s, Train 81.72s)
[STATE 2026-04-29 12:25:17] T3 Ep 7/20 complete: Prec 0.7182 F1 0.7440 DetRec 0.9999 DetFA 0.0001 | 81.72s total (0.00s eval/81.72s train)
[STATE 2026-04-29 12:25:17] Task 3 Epoch 8/20: entering train loop
T3 Ep 8/20 | L 0.5566 | Train Acc 0.72 | Prec 0.73 | F1 0.76 | Det Rec 1.00 | Det FA 0.00 | Epoch Time 81.81s (Eval 0.00s, Train 81.81s)
[STATE 2026-04-29 12:26:39] T3 Ep 8/20 complete: Prec 0.7343 F1 0.7588 DetRec 1.0000 DetFA 0.0000 | 81.81s total (0.00s eval/81.81s train)
[STATE 2026-04-29 12:26:39] Task 3 Epoch 9/20: entering train loop
T3 Ep 9/20 | L 0.5263 | Train Acc 0.74 | Prec 0.75 | F1 0.78 | Det Rec 1.00 | Det FA 0.00 | Epoch Time 81.71s (Eval 0.00s, Train 81.71s)
[STATE 2026-04-29 12:28:01] T3 Ep 9/20 complete: Prec 0.7530 F1 0.7763 DetRec 0.9999 DetFA 0.0002 | 81.71s total (0.00s eval/81.71s train)
[STATE 2026-04-29 12:28:01] Task 3 Epoch 10/20: entering train loop
T3 Ep 10/20 | L 0.4915 | Train Acc 0.76 | Prec 0.77 | F1 0.79 | Det Rec 1.00 | Det FA 0.00 | Epoch Time 81.80s (Eval 0.00s, Train 81.80s)
[STATE 2026-04-29 12:29:23] T3 Ep 10/20 complete: Prec 0.7707 F1 0.7915 DetRec 0.9998 DetFA 0.0002 | 81.80s total (0.00s eval/81.80s train)
[STATE 2026-04-29 12:29:23] Task 3 Epoch 11/20: entering train loop
T3 Ep 11/20 | L 0.4729 | Train Acc 0.78 | Prec 0.78 | F1 0.80 | Det Rec 1.00 | Det FA 0.00 | Epoch Time 81.72s (Eval 0.00s, Train 81.72s)
[STATE 2026-04-29 12:30:44] T3 Ep 11/20 complete: Prec 0.7829 F1 0.8033 DetRec 0.9996 DetFA 0.0007 | 81.72s total (0.00s eval/81.72s train)
[STATE 2026-04-29 12:30:44] Task 3 Epoch 12/20: entering train loop
T3 Ep 12/20 | L 0.4388 | Train Acc 0.79 | Prec 0.80 | F1 0.82 | Det Rec 1.00 | Det FA 0.00 | Epoch Time 81.67s (Eval 0.00s, Train 81.67s)
[STATE 2026-04-29 12:32:06] T3 Ep 12/20 complete: Prec 0.8026 F1 0.8192 DetRec 0.9999 DetFA 0.0002 | 81.67s total (0.00s eval/81.67s train)
[STATE 2026-04-29 12:32:06] Task 3 Epoch 13/20: entering train loop
T3 Ep 13/20 | L 0.4189 | Train Acc 0.81 | Prec 0.81 | F1 0.83 | Det Rec 1.00 | Det FA 0.00 | Epoch Time 81.78s (Eval 0.00s, Train 81.78s)
[STATE 2026-04-29 12:33:28] T3 Ep 13/20 complete: Prec 0.8136 F1 0.8315 DetRec 0.9999 DetFA 0.0002 | 81.78s total (0.00s eval/81.78s train)
[STATE 2026-04-29 12:33:28] Task 3 Epoch 14/20: entering train loop
T3 Ep 14/20 | L 0.3831 | Train Acc 0.83 | Prec 0.83 | F1 0.85 | Det Rec 1.00 | Det FA 0.00 | Epoch Time 81.89s (Eval 0.00s, Train 81.89s)
[STATE 2026-04-29 12:34:50] T3 Ep 14/20 complete: Prec 0.8323 F1 0.8470 DetRec 0.9999 DetFA 0.0001 | 81.89s total (0.00s eval/81.89s train)
[STATE 2026-04-29 12:34:50] Task 3 Epoch 15/20: entering train loop
T3 Ep 15/20 | L 0.3643 | Train Acc 0.84 | Prec 0.84 | F1 0.86 | Det Rec 1.00 | Det FA 0.00 | Epoch Time 81.91s (Eval 0.00s, Train 81.91s)
[STATE 2026-04-29 12:36:12] T3 Ep 15/20 complete: Prec 0.8402 F1 0.8551 DetRec 1.0000 DetFA 0.0000 | 81.91s total (0.00s eval/81.91s train)
[STATE 2026-04-29 12:36:12] Task 3 Epoch 16/20: entering train loop
T3 Ep 16/20 | L 0.3383 | Train Acc 0.85 | Prec 0.85 | F1 0.87 | Det Rec 1.00 | Det FA 0.00 | Epoch Time 81.48s (Eval 0.00s, Train 81.48s)
[STATE 2026-04-29 12:37:33] T3 Ep 16/20 complete: Prec 0.8539 F1 0.8672 DetRec 0.9999 DetFA 0.0002 | 81.48s total (0.00s eval/81.48s train)
[STATE 2026-04-29 12:37:33] Task 3 Epoch 17/20: entering train loop
T3 Ep 17/20 | L 0.3241 | Train Acc 0.86 | Prec 0.86 | F1 0.88 | Det Rec 1.00 | Det FA 0.00 | Epoch Time 82.01s (Eval 0.00s, Train 82.01s)
[STATE 2026-04-29 12:38:55] T3 Ep 17/20 complete: Prec 0.8647 F1 0.8773 DetRec 0.9998 DetFA 0.0001 | 82.01s total (0.00s eval/82.01s train)
[STATE 2026-04-29 12:38:55] Task 3 Epoch 18/20: entering train loop
T3 Ep 18/20 | L 0.3066 | Train Acc 0.87 | Prec 0.87 | F1 0.88 | Det Rec 1.00 | Det FA 0.00 | Epoch Time 82.36s (Eval 0.00s, Train 82.36s)
[STATE 2026-04-29 12:40:18] T3 Ep 18/20 complete: Prec 0.8713 F1 0.8848 DetRec 0.9999 DetFA 0.0001 | 82.36s total (0.00s eval/82.36s train)
[STATE 2026-04-29 12:40:18] Task 3 Epoch 19/20: entering train loop
T3 Ep 19/20 | L 0.2783 | Train Acc 0.88 | Prec 0.88 | F1 0.90 | Det Rec 1.00 | Det FA 0.00 | Epoch Time 81.96s (Eval 0.00s, Train 81.96s)
[STATE 2026-04-29 12:41:39] T3 Ep 19/20 complete: Prec 0.8835 F1 0.8956 DetRec 0.9998 DetFA 0.0002 | 81.96s total (0.00s eval/81.96s train)
[STATE 2026-04-29 12:41:39] Task 3 Epoch 20/20: entering train loop
T3 Ep 20/20 | L 0.2748 | Train Acc 0.89 | Prec 0.89 | F1 0.90 | Det Rec 1.00 | Det FA 0.00 | Epoch Time 81.92s (Eval 0.00s, Train 81.92s)
[STATE 2026-04-29 12:43:01] T3 Ep 20/20 complete: Prec 0.8907 F1 0.9013 DetRec 0.9994 DetFA 0.0007 | 81.92s total (0.00s eval/81.92s train)
[STATE 2026-04-29 12:43:01] Task 3: running final validation.
[STATE 2026-04-29 12:43:59] Completed task 3 (4/10)
Task 4: 24480 training samples, 8160 test samples.
[STATE 2026-04-29 12:43:59] Task 4: zero-shot validation (pre-train)
---- Zero-shot (pre-train) task 4: rec_cls 0.1995 | prec_cls 0.1624 | f1_cls 0.0678 | det 0.4188 | pfa 1.0000 | total_f1 0.4632 ----
[STATE 2026-04-29 12:44:58] Starting task 4 (5/10)
[STATE 2026-04-29 12:44:58] Task 4 Epoch 1/20: entering train loop
[STATE 2026-04-29 12:46:31] Task 4 Epoch 1/20: running validation (end of epoch)
---- Eval at Epoch 0: cls [0.5165866049678353, 0.42685506130228845, 0.4308153524956498, 0.6491139554314848, 0.6623175494061988] | det_recall [0.8284190340820102, 0.7009758376598738, 0.7630814718864458, 0.9993899397727132, 1.0] | det_fa [0.2758883024946438, 0.48631122174072283, 0.3754479577704929, 0.0007288684084943927, 0.0] ----
T4 Ep 1/20 | L 0.7797 | Train Acc 0.58 | Prec 0.60 | F1 0.62 | Det Rec 1.00 | Det FA 0.01 | Epoch Time 152.11s (Eval 59.40s, Train 92.70s)
[STATE 2026-04-29 12:47:30] T4 Ep 1/20 complete: Prec 0.5967 F1 0.6194 DetRec 0.9963 DetFA 0.0067 | 152.11s total (59.40s eval/92.70s train)
[STATE 2026-04-29 12:47:30] Task 4 Epoch 2/20: entering train loop
T4 Ep 2/20 | L 0.5465 | Train Acc 0.71 | Prec 0.72 | F1 0.74 | Det Rec 1.00 | Det FA 0.00 | Epoch Time 91.82s (Eval 0.00s, Train 91.82s)
[STATE 2026-04-29 12:49:02] T4 Ep 2/20 complete: Prec 0.7216 F1 0.7412 DetRec 1.0000 DetFA 0.0000 | 91.82s total (0.00s eval/91.82s train)
[STATE 2026-04-29 12:49:02] Task 4 Epoch 3/20: entering train loop
T4 Ep 3/20 | L 0.4759 | Train Acc 0.76 | Prec 0.77 | F1 0.78 | Det Rec 1.00 | Det FA 0.00 | Epoch Time 92.30s (Eval 0.00s, Train 92.30s)
[STATE 2026-04-29 12:50:34] T4 Ep 3/20 complete: Prec 0.7670 F1 0.7844 DetRec 1.0000 DetFA 0.0000 | 92.30s total (0.00s eval/92.30s train)
[STATE 2026-04-29 12:50:34] Task 4 Epoch 4/20: entering train loop
T4 Ep 4/20 | L 0.4257 | Train Acc 0.79 | Prec 0.80 | F1 0.81 | Det Rec 1.00 | Det FA 0.00 | Epoch Time 93.06s (Eval 0.00s, Train 93.06s)
[STATE 2026-04-29 12:52:07] T4 Ep 4/20 complete: Prec 0.7962 F1 0.8109 DetRec 1.0000 DetFA 0.0000 | 93.06s total (0.00s eval/93.06s train)
[STATE 2026-04-29 12:52:07] Task 4 Epoch 5/20: entering train loop
T4 Ep 5/20 | L 0.3946 | Train Acc 0.81 | Prec 0.81 | F1 0.83 | Det Rec 1.00 | Det FA 0.00 | Epoch Time 93.24s (Eval 0.00s, Train 93.24s)
[STATE 2026-04-29 12:53:41] T4 Ep 5/20 complete: Prec 0.8143 F1 0.8272 DetRec 1.0000 DetFA 0.0000 | 93.24s total (0.00s eval/93.24s train)
[STATE 2026-04-29 12:53:41] Task 4 Epoch 6/20: entering train loop
T4 Ep 6/20 | L 0.3530 | Train Acc 0.83 | Prec 0.83 | F1 0.85 | Det Rec 1.00 | Det FA 0.00 | Epoch Time 93.26s (Eval 0.00s, Train 93.26s)
[STATE 2026-04-29 12:55:14] T4 Ep 6/20 complete: Prec 0.8324 F1 0.8474 DetRec 1.0000 DetFA 0.0000 | 93.26s total (0.00s eval/93.26s train)
[STATE 2026-04-29 12:55:14] Task 4 Epoch 7/20: entering train loop
T4 Ep 7/20 | L 0.3341 | Train Acc 0.84 | Prec 0.85 | F1 0.86 | Det Rec 1.00 | Det FA 0.00 | Epoch Time 93.27s (Eval 0.00s, Train 93.27s)
[STATE 2026-04-29 12:56:47] T4 Ep 7/20 complete: Prec 0.8454 F1 0.8602 DetRec 1.0000 DetFA 0.0000 | 93.27s total (0.00s eval/93.27s train)
[STATE 2026-04-29 12:56:47] Task 4 Epoch 8/20: entering train loop
T4 Ep 8/20 | L 0.3100 | Train Acc 0.86 | Prec 0.86 | F1 0.87 | Det Rec 1.00 | Det FA 0.00 | Epoch Time 93.16s (Eval 0.00s, Train 93.16s)
[STATE 2026-04-29 12:58:20] T4 Ep 8/20 complete: Prec 0.8565 F1 0.8708 DetRec 1.0000 DetFA 0.0000 | 93.16s total (0.00s eval/93.16s train)
[STATE 2026-04-29 12:58:20] Task 4 Epoch 9/20: entering train loop
T4 Ep 9/20 | L 0.2905 | Train Acc 0.87 | Prec 0.87 | F1 0.88 | Det Rec 1.00 | Det FA 0.00 | Epoch Time 92.99s (Eval 0.00s, Train 92.99s)
[STATE 2026-04-29 12:59:53] T4 Ep 9/20 complete: Prec 0.8672 F1 0.8814 DetRec 1.0000 DetFA 0.0000 | 92.99s total (0.00s eval/92.99s train)
[STATE 2026-04-29 12:59:53] Task 4 Epoch 10/20: entering train loop
T4 Ep 10/20 | L 0.2736 | Train Acc 0.88 | Prec 0.88 | F1 0.89 | Det Rec 1.00 | Det FA 0.00 | Epoch Time 93.12s (Eval 0.00s, Train 93.12s)
[STATE 2026-04-29 13:01:27] T4 Ep 10/20 complete: Prec 0.8775 F1 0.8913 DetRec 1.0000 DetFA 0.0000 | 93.12s total (0.00s eval/93.12s train)
[STATE 2026-04-29 13:01:27] Task 4 Epoch 11/20: entering train loop
T4 Ep 11/20 | L 0.2686 | Train Acc 0.89 | Prec 0.89 | F1 0.90 | Det Rec 1.00 | Det FA 0.00 | Epoch Time 93.30s (Eval 0.00s, Train 93.30s)
[STATE 2026-04-29 13:03:00] T4 Ep 11/20 complete: Prec 0.8861 F1 0.8978 DetRec 1.0000 DetFA 0.0000 | 93.30s total (0.00s eval/93.30s train)
[STATE 2026-04-29 13:03:00] Task 4 Epoch 12/20: entering train loop
T4 Ep 12/20 | L 0.2442 | Train Acc 0.90 | Prec 0.90 | F1 0.91 | Det Rec 1.00 | Det FA 0.00 | Epoch Time 93.25s (Eval 0.00s, Train 93.25s)
[STATE 2026-04-29 13:04:33] T4 Ep 12/20 complete: Prec 0.8971 F1 0.9082 DetRec 1.0000 DetFA 0.0000 | 93.25s total (0.00s eval/93.25s train)
[STATE 2026-04-29 13:04:33] Task 4 Epoch 13/20: entering train loop
T4 Ep 13/20 | L 0.2226 | Train Acc 0.91 | Prec 0.90 | F1 0.92 | Det Rec 1.00 | Det FA 0.00 | Epoch Time 93.30s (Eval 0.00s, Train 93.30s)
[STATE 2026-04-29 13:06:06] T4 Ep 13/20 complete: Prec 0.9034 F1 0.9151 DetRec 1.0000 DetFA 0.0000 | 93.30s total (0.00s eval/93.30s train)
[STATE 2026-04-29 13:06:06] Task 4 Epoch 14/20: entering train loop
T4 Ep 14/20 | L 0.2139 | Train Acc 0.91 | Prec 0.91 | F1 0.92 | Det Rec 1.00 | Det FA 0.00 | Epoch Time 92.96s (Eval 0.00s, Train 92.96s)
[STATE 2026-04-29 13:07:39] T4 Ep 14/20 complete: Prec 0.9118 F1 0.9216 DetRec 1.0000 DetFA 0.0000 | 92.96s total (0.00s eval/92.96s train)
[STATE 2026-04-29 13:07:39] Task 4 Epoch 15/20: entering train loop
T4 Ep 15/20 | L 0.2087 | Train Acc 0.92 | Prec 0.92 | F1 0.93 | Det Rec 1.00 | Det FA 0.00 | Epoch Time 93.13s (Eval 0.00s, Train 93.13s)
[STATE 2026-04-29 13:09:12] T4 Ep 15/20 complete: Prec 0.9172 F1 0.9264 DetRec 1.0000 DetFA 0.0000 | 93.13s total (0.00s eval/93.13s train)
[STATE 2026-04-29 13:09:12] Task 4 Epoch 16/20: entering train loop
T4 Ep 16/20 | L 0.1937 | Train Acc 0.93 | Prec 0.92 | F1 0.93 | Det Rec 1.00 | Det FA 0.00 | Epoch Time 93.32s (Eval 0.00s, Train 93.32s)
[STATE 2026-04-29 13:10:46] T4 Ep 16/20 complete: Prec 0.9246 F1 0.9330 DetRec 1.0000 DetFA 0.0000 | 93.32s total (0.00s eval/93.32s train)
[STATE 2026-04-29 13:10:46] Task 4 Epoch 17/20: entering train loop
T4 Ep 17/20 | L 0.1873 | Train Acc 0.93 | Prec 0.93 | F1 0.94 | Det Rec 1.00 | Det FA 0.00 | Epoch Time 93.24s (Eval 0.00s, Train 93.24s)
[STATE 2026-04-29 13:12:19] T4 Ep 17/20 complete: Prec 0.9282 F1 0.9363 DetRec 1.0000 DetFA 0.0000 | 93.24s total (0.00s eval/93.24s train)
[STATE 2026-04-29 13:12:19] Task 4 Epoch 18/20: entering train loop
T4 Ep 18/20 | L 0.1786 | Train Acc 0.93 | Prec 0.93 | F1 0.94 | Det Rec 1.00 | Det FA 0.00 | Epoch Time 93.09s (Eval 0.00s, Train 93.09s)
[STATE 2026-04-29 13:13:52] T4 Ep 18/20 complete: Prec 0.9300 F1 0.9373 DetRec 1.0000 DetFA 0.0000 | 93.09s total (0.00s eval/93.09s train)
[STATE 2026-04-29 13:13:52] Task 4 Epoch 19/20: entering train loop
T4 Ep 19/20 | L 0.1670 | Train Acc 0.94 | Prec 0.94 | F1 0.95 | Det Rec 1.00 | Det FA 0.00 | Epoch Time 93.29s (Eval 0.00s, Train 93.29s)
[STATE 2026-04-29 13:15:25] T4 Ep 19/20 complete: Prec 0.9399 F1 0.9463 DetRec 1.0000 DetFA 0.0000 | 93.29s total (0.00s eval/93.29s train)
[STATE 2026-04-29 13:15:25] Task 4 Epoch 20/20: entering train loop
T4 Ep 20/20 | L 0.1752 | Train Acc 0.94 | Prec 0.94 | F1 0.94 | Det Rec 1.00 | Det FA 0.00 | Epoch Time 93.32s (Eval 0.00s, Train 93.32s)
[STATE 2026-04-29 13:16:59] T4 Ep 20/20 complete: Prec 0.9355 F1 0.9418 DetRec 1.0000 DetFA 0.0000 | 93.32s total (0.00s eval/93.32s train)
[STATE 2026-04-29 13:16:59] Task 4: running final validation.
[STATE 2026-04-29 13:17:58] Completed task 4 (5/10)
Task 5: 201410 training samples, 100705 test samples.
[STATE 2026-04-29 13:18:06] Task 5: zero-shot validation (pre-train)
---- Zero-shot (pre-train) task 5: rec_cls 0.2244 | prec_cls 0.2747 | f1_cls 0.0952 | det 0.4998 | pfa 0.9959 | total_f1 0.4477 ----
[STATE 2026-04-29 13:19:31] Starting task 5 (6/10)
[STATE 2026-04-29 13:19:31] Task 5 Epoch 1/5: entering train loop
[STATE 2026-04-29 13:33:53] Task 5 Epoch 1/5: running validation (end of epoch)
---- Eval at Epoch 0: cls [0.4251538291785177, 0.28365531812165207, 0.2767437971745287, 0.5114275781184413, 0.43204160860458196, 0.7976899302297524] | det_recall [0.7174157563490001, 0.6046115715158445, 0.7569579764590895, 0.9904773312525985, 0.9987867900293756, 0.8981169126749423] | det_fa [0.4318373740229934, 0.5894122089961541, 0.4079737891063512, 0.01831370083333896, 0.0024264199412487577, 0.14328394524762694] ----
T5 Ep 1/5 | L 0.6295 | Train Acc 0.74 | Prec 0.75 | F1 0.72 | Det Rec 0.87 | Det FA 0.21 | Epoch Time 947.39s (Eval 85.24s, Train 862.14s)
[STATE 2026-04-29 13:35:19] T5 Ep 1/5 complete: Prec 0.7463 F1 0.7225 DetRec 0.8677 DetFA 0.2107 | 947.39s total (85.24s eval/862.14s train)
[STATE 2026-04-29 13:35:19] Task 5 Epoch 2/5: entering train loop
T5 Ep 2/5 | L 0.4244 | Train Acc 0.83 | Prec 0.83 | F1 0.81 | Det Rec 0.90 | Det FA 0.17 | Epoch Time 857.41s (Eval 0.00s, Train 857.41s)
[STATE 2026-04-29 13:49:36] T5 Ep 2/5 complete: Prec 0.8346 F1 0.8107 DetRec 0.8966 DetFA 0.1680 | 857.41s total (0.00s eval/857.41s train)
[STATE 2026-04-29 13:49:36] Task 5 Epoch 3/5: entering train loop
T5 Ep 3/5 | L 0.3736 | Train Acc 0.86 | Prec 0.86 | F1 0.83 | Det Rec 0.90 | Det FA 0.16 | Epoch Time 856.49s (Eval 0.00s, Train 856.49s)
[STATE 2026-04-29 14:03:53] T5 Ep 3/5 complete: Prec 0.8562 F1 0.8322 DetRec 0.9037 DetFA 0.1572 | 856.49s total (0.00s eval/856.49s train)
[STATE 2026-04-29 14:03:53] Task 5 Epoch 4/5: entering train loop
T5 Ep 4/5 | L 0.3398 | Train Acc 0.87 | Prec 0.87 | F1 0.85 | Det Rec 0.91 | Det FA 0.15 | Epoch Time 858.44s (Eval 0.00s, Train 858.44s)
[STATE 2026-04-29 14:18:11] T5 Ep 4/5 complete: Prec 0.8687 F1 0.8460 DetRec 0.9088 DetFA 0.1496 | 858.44s total (0.00s eval/858.44s train)
[STATE 2026-04-29 14:18:11] Task 5 Epoch 5/5: entering train loop
