[STATE 2026-04-14 15:16:37] Enabling terminal logging to logs//lwf/full-tasks-2_all-10epochs_weighted-loss-2026-04-14_15-16-37-6631/0/terminal.log
New Experiment Starting...
Running model:  lwf
[STATE 2026-04-14 15:16:37] Experiment 'full-tasks-2_all-10epochs_weighted-loss' starting with model 'lwf' (seed 0)
Set seed 0
t2-rcn.npz train: x=(50362, 1024), y=(50362, 2)
t2-rcn.npz test: x=(16787, 1024), y=(16787, 2)
t2-rcn.npz: applied data scaling mode 'normalize'.
Loaded t2-rcn.npz: Unique train labels: UniqueCountsResult(values=array([-1,  3,  5, 10, 12, 15]), counts=array([24209,  5770,  3030,  2320,  7509,  7524]))
Noise labels ratio in t2-rcn.npz train: 0.24, test: 0.24
Loaded t2-rcn.npz: Remapped labels: [-1  0  1  2  3  4]. Size: 50362)
t0-rcn.npz train: x=(51916, 1024), y=(51916, 2)
t0-rcn.npz test: x=(17305, 1024), y=(17305, 2)
t0-rcn.npz: applied data scaling mode 'normalize'.
Loaded t0-rcn.npz: Unique train labels: UniqueCountsResult(values=array([-1,  1,  8,  9, 11, 13, 14]), counts=array([24225,  4268,  2495,  2943,  3015,  7464,  7506]))
Noise labels ratio in t0-rcn.npz train: 0.23, test: 0.23
Loaded t0-rcn.npz: Remapped labels: [-1  5  6  7  8  9 10]. Size: 51916)
t2-uclresm-25noise.npz train: moved sample axis (3, 350028, 1024) -> (350028, 3, 1024)
t2-uclresm-25noise.npz test: moved sample axis (3, 233351, 1024) -> (233351, 3, 1024)
t2-uclresm-25noise.npz train: x=(350028, 3, 1024), y=(350028,)
t2-uclresm-25noise.npz test: x=(233351, 3, 1024), y=(233351,)
t2-uclresm-25noise.npz: applied data scaling mode 'normalize'.
Loaded t2-uclresm-25noise.npz: Unique train labels: UniqueCountsResult(values=array([-1,  0,  1,  2,  3,  4]), counts=array([87441, 27347, 71754, 64298, 36005, 63183]))
Noise labels ratio in t2-uclresm-25noise.npz train: 0.25, test: 0.25
Loaded t2-uclresm-25noise.npz: Remapped labels: [-1 11 12 13 14 15]. Size: 350028)
t0-deeprad.npz train: x=(24480, 1024), y=(24480, 2)
t0-deeprad.npz test: x=(8160, 1024), y=(8160, 2)
t0-deeprad.npz: applied data scaling mode 'normalize'.
Loaded t0-deeprad.npz: Unique train labels: UniqueCountsResult(values=array([-1,  0,  1,  2,  3,  4,  5]), counts=array([12240,  2029,  1983,  2043,  2154,  2015,  2016]))
Noise labels ratio in t0-deeprad.npz train: 0.25, test: 0.25
Loaded t0-deeprad.npz: Remapped labels: [-1 16 17 18 19 20 21]. Size: 24480)
t1-deeprad.npz train: x=(24480, 1024), y=(24480, 2)
t1-deeprad.npz test: x=(8160, 1024), y=(8160, 2)
t1-deeprad.npz: applied data scaling mode 'normalize'.
Loaded t1-deeprad.npz: Unique train labels: UniqueCountsResult(values=array([-1,  0,  1,  2,  3,  4,  5]), counts=array([12240,  1988,  2029,  2054,  1988,  2053,  2128]))
Noise labels ratio in t1-deeprad.npz train: 0.25, test: 0.25
Loaded t1-deeprad.npz: Remapped labels: [-1 22 23 24 25 26 27]. Size: 24480)
t1-uclresm-25noise.npz train: moved sample axis (3, 201410, 1024) -> (201410, 3, 1024)
t1-uclresm-25noise.npz test: moved sample axis (3, 116291, 1024) -> (116291, 3, 1024)
t1-uclresm-25noise.npz train: x=(201410, 3, 1024), y=(201410,)
t1-uclresm-25noise.npz test: x=(116291, 3, 1024), y=(116291,)
t1-uclresm-25noise.npz: applied data scaling mode 'normalize'.
Loaded t1-uclresm-25noise.npz: Unique train labels: UniqueCountsResult(values=array([-1,  0,  1,  2,  3,  4]), counts=array([43668, 18021, 17838, 18087, 31870, 71926]))
Noise labels ratio in t1-uclresm-25noise.npz train: 0.22, test: 0.25
Loaded t1-uclresm-25noise.npz: Remapped labels: [-1 28 29 30 31 32]. Size: 201410)
t3-deeprad.npz train: x=(17340, 1024), y=(17340, 2)
t3-deeprad.npz test: x=(6800, 1024), y=(6800, 2)
t3-deeprad.npz: applied data scaling mode 'normalize'.
Loaded t3-deeprad.npz: Unique train labels: UniqueCountsResult(values=array([-1,  0,  1,  2,  3,  4]), counts=array([8670, 1693, 1677, 1794, 1716, 1790]))
Noise labels ratio in t3-deeprad.npz train: 0.25, test: 0.25
Loaded t3-deeprad.npz: Remapped labels: [-1 33 34 35 36 37]. Size: 17340)
t0-uclresm-25noise.npz train: moved sample axis (3, 188050, 1024) -> (188050, 3, 1024)
t0-uclresm-25noise.npz test: moved sample axis (3, 107348, 1024) -> (107348, 3, 1024)
t0-uclresm-25noise.npz train: x=(188050, 3, 1024), y=(188050,)
t0-uclresm-25noise.npz test: x=(107348, 3, 1024), y=(107348,)
t0-uclresm-25noise.npz: applied data scaling mode 'normalize'.
Loaded t0-uclresm-25noise.npz: Unique train labels: UniqueCountsResult(values=array([-1,  0,  1,  2,  3,  4]), counts=array([40144, 32109, 17978, 17979, 18098, 61742]))
Noise labels ratio in t0-uclresm-25noise.npz train: 0.21, test: 0.25
Loaded t0-uclresm-25noise.npz: Remapped labels: [-1 38 39 40 41 42]. Size: 188050)
t1-rcn.npz train: x=(36658, 1024), y=(36658, 2)
t1-rcn.npz test: x=(12220, 1024), y=(12220, 2)
t1-rcn.npz: applied data scaling mode 'normalize'.
Loaded t1-rcn.npz: Unique train labels: UniqueCountsResult(values=array([-1,  0,  2,  4,  6,  7, 16]), counts=array([20595,   824,  2087,  2606,  2396,  1716,  6434]))
Noise labels ratio in t1-rcn.npz train: 0.28, test: 0.28
Loaded t1-rcn.npz: Remapped labels: [-1 43 44 45 46 47 48]. Size: 36658)
t2-deeprad.npz train: x=(17340, 1024), y=(17340, 2)
t2-deeprad.npz test: x=(6800, 1024), y=(6800, 2)
t2-deeprad.npz: applied data scaling mode 'normalize'.
Loaded t2-deeprad.npz: Unique train labels: UniqueCountsResult(values=array([-1,  0,  1,  2,  3,  4]), counts=array([8670, 1774, 1675, 1777, 1694, 1750]))
Noise labels ratio in t2-deeprad.npz train: 0.25, test: 0.25
Loaded t2-deeprad.npz: Remapped labels: [-1 49 50 51 52 53]. Size: 17340)
Built IQ classes_per_task (increments): [5, 6, 5, 6, 6, 5, 5, 5, 6, 5]
Classes per task: [5, 6, 5, 6, 6, 5, 5, 5, 6, 5]
[STATE 2026-04-14 15:17:43] Loader 'class_incremental_loader' ready: 1024 inputs, 55 outputs, 10 tasks
n_outputs: 55 	n_tasks: 10
[STATE 2026-04-14 15:17:43] Logging to logs//lwf/full-tasks-2_all-10epochs_weighted-loss-2026-04-14_15-16-37-6631/0
True
Model device: cuda:0
[STATE 2026-04-14 15:17:43] Model initialized on device cuda:0
[STATE 2026-04-14 15:17:43] Invoking continual life experience flow
[STATE 2026-04-14 15:17:43] Life experience start: 10 tasks queued
[STATE 2026-04-14 15:17:43] Task 0: zero-shot validation (pre-train)
---- Zero-shot (pre-train) task 0: rec_cls 0.0002 | prec_cls 0.0061 | f1_cls 0.1062 | det 0.4988 | pfa 0.0663 | total_f1 0.1062 ----
[STATE 2026-04-14 15:17:49] Starting task 0 (1/10)
[STATE 2026-04-14 15:17:49] Task 0 Epoch 1/1: entering train loop
[STATE 2026-04-14 15:18:40] Task 0 Epoch 1/1: running validation (end of epoch)
---- Eval at Epoch 0: cls [0.8232061474813557] | det_recall [0.8833870357659056] | det_fa [0.20485487649356537] ----
T0 Ep 1/1 | L 0.9134 | Train Acc 0.64 | Prec 0.65 | F1 0.59 | Det Rec 0.82 | Det FA 0.30 | Epoch Time 56.23s (Eval 5.34s, Train 50.89s)
[STATE 2026-04-14 15:18:45] T0 Ep 1/1 complete: Prec 0.6471 F1 0.5927 DetRec 0.8212 DetFA 0.2977 | 56.23s total (5.34s eval/50.89s train)
[STATE 2026-04-14 15:18:45] Task 0: running final validation.
[STATE 2026-04-14 15:18:51] Completed task 0 (1/10)
[STATE 2026-04-14 15:18:51] Task 1: zero-shot validation (pre-train)
---- Zero-shot (pre-train) task 1: rec_cls 0.3550 | prec_cls 0.2268 | f1_cls 0.2693 | det 0.7870 | pfa 0.2877 | total_f1 0.5278 ----
[STATE 2026-04-14 15:19:07] Starting task 1 (2/10)
[STATE 2026-04-14 15:19:07] Task 1 Epoch 1/1: entering train loop
[STATE 2026-04-14 15:20:16] Task 1 Epoch 1/1: running validation (end of epoch)
---- Eval at Epoch 0: cls [0.7667164523966409, 0.45722954653650827] | det_recall [0.8868802576216228, 0.8090416380240759] | det_fa [0.1473325650805915, 0.2950840011699133] ----
T1 Ep 1/1 | L 1.2010 | Train Acc 0.36 | Prec 0.66 | F1 0.34 | Det Rec 0.62 | Det FA 0.71 | Epoch Time 85.46s (Eval 16.23s, Train 69.23s)
[STATE 2026-04-14 15:20:32] T1 Ep 1/1 complete: Prec 0.6605 F1 0.3371 DetRec 0.6245 DetFA 0.7098 | 85.46s total (16.23s eval/69.23s train)
[STATE 2026-04-14 15:20:32] Task 1: running final validation.
[STATE 2026-04-14 15:20:48] Completed task 1 (2/10)
Note: Unified mixed IQ test tensors to (N, 3, L) via ADC0 I/Q + zero-padded ADC1/2 (IID2-style) for cumulative CIL.
[STATE 2026-04-14 15:20:49] Task 2: zero-shot validation (pre-train)
---- Zero-shot (pre-train) task 2: rec_cls 0.0651 | prec_cls 0.0094 | f1_cls 0.0113 | det 0.4776 | pfa 0.9724 | total_f1 0.4068 ----
[STATE 2026-04-14 15:22:10] Starting task 2 (3/10)
[STATE 2026-04-14 15:22:10] Task 2 Epoch 1/1: entering train loop
[STATE 2026-04-14 15:29:50] Task 2 Epoch 1/1: running validation (end of epoch)
---- Eval at Epoch 0: cls [0.7114486136189277, 0.4248460454730028, 0.10511151996050065] | det_recall [0.880018019720681, 0.7723207493224962, 0.4980942511627442] | det_fa [0.11522955633503618, 0.3302938091326369, 0.9957996800083116] ----
T2 Ep 1/1 | L 1.4395 | Train Acc 0.30 | Prec 0.50 | F1 0.30 | Det Rec 0.51 | Det FA 0.98 | Epoch Time 541.38s (Eval 80.85s, Train 460.53s)
[STATE 2026-04-14 15:31:11] T2 Ep 1/1 complete: Prec 0.5012 F1 0.3005 DetRec 0.5064 DetFA 0.9823 | 541.38s total (80.85s eval/460.53s train)
[STATE 2026-04-14 15:31:11] Task 2: running final validation.
[STATE 2026-04-14 15:32:34] Completed task 2 (3/10)
Note: Unified mixed IQ test tensors to (N, 3, L) via ADC0 I/Q + zero-padded ADC1/2 (IID2-style) for cumulative CIL.
[STATE 2026-04-14 15:32:34] Task 3: zero-shot validation (pre-train)
---- Zero-shot (pre-train) task 3: rec_cls 0.0678 | prec_cls 0.0777 | f1_cls 0.0485 | det 0.4984 | pfa 0.9981 | total_f1 0.3211 ----
[STATE 2026-04-14 15:36:52] Starting task 3 (4/10)
[STATE 2026-04-14 15:36:52] Task 3 Epoch 1/1: entering train loop
[STATE 2026-04-14 15:37:58] Task 3 Epoch 1/1: running validation (end of epoch)
---- Eval at Epoch 0: cls [0.7257714692534154, 0.47816073080928134, 0.09255834942289863, 0.06478366534045735] | det_recall [0.8824196667123179, 0.6324138595950977, 0.4990480356379162, 0.49932081658991084] | det_fa [0.1216783655279172, 0.6732415039533652, 0.9989112290549836, 0.9996434128663263] ----
T3 Ep 1/1 | L 1.2427 | Train Acc 0.36 | Prec 0.50 | F1 0.33 | Det Rec 0.50 | Det FA 1.00 | Epoch Time 302.20s (Eval 235.97s, Train 66.23s)
[STATE 2026-04-14 15:41:54] T3 Ep 1/1 complete: Prec 0.5031 F1 0.3315 DetRec 0.5001 DetFA 0.9998 | 302.20s total (235.97s eval/66.23s train)
[STATE 2026-04-14 15:41:54] Task 3: running final validation.
[STATE 2026-04-14 15:44:21] Completed task 3 (4/10)
Note: Unified mixed IQ test tensors to (N, 3, L) via ADC0 I/Q + zero-padded ADC1/2 (IID2-style) for cumulative CIL.
[STATE 2026-04-14 15:44:22] Task 4: zero-shot validation (pre-train)
---- Zero-shot (pre-train) task 4: rec_cls 0.0439 | prec_cls 0.0573 | f1_cls 0.0254 | det 0.4997 | pfa 0.9998 | total_f1 0.2566 ----
[STATE 2026-04-14 15:47:58] Starting task 4 (5/10)
[STATE 2026-04-14 15:47:58] Task 4 Epoch 1/1: entering train loop
[STATE 2026-04-14 15:48:32] Task 4 Epoch 1/1: running validation (end of epoch)
---- Eval at Epoch 0: cls [0.7295488241767836, 0.4719608708425063, 0.08321035284839387, 0.06428144146192259, 0.05016942493191783] | det_recall [0.8840713228550412, 0.6471669588566081, 0.4982296764336403, 0.4985982498845962, 0.4989484124567715] | det_fa [0.1233382113463405, 0.6340435155201354, 0.9976013804151838, 0.9988724374345352, 0.9995148701400294] ----
T4 Ep 1/1 | L 1.1907 | Train Acc 0.10 | Prec 0.25 | F1 0.11 | Det Rec 0.50 | Det FA 1.00 | Epoch Time 264.19s (Eval 230.81s, Train 33.38s)
[STATE 2026-04-14 15:52:23] T4 Ep 1/1 complete: Prec 0.2546 F1 0.1078 DetRec 0.5000 DetFA 1.0000 | 264.19s total (230.81s eval/33.38s train)
[STATE 2026-04-14 15:52:23] Task 4: running final validation.
[STATE 2026-04-14 15:56:50] Completed task 4 (5/10)
Note: Unified mixed IQ test tensors to (N, 3, L) via ADC0 I/Q + zero-padded ADC1/2 (IID2-style) for cumulative CIL.
[STATE 2026-04-14 15:56:51] Task 5: zero-shot validation (pre-train)
---- Zero-shot (pre-train) task 5: rec_cls 0.0465 | prec_cls 0.0426 | f1_cls 0.0307 | det 0.4982 | pfa 0.9977 | total_f1 0.2222 ----
[STATE 2026-04-14 16:02:57] Starting task 5 (6/10)
[STATE 2026-04-14 16:02:57] Task 5 Epoch 1/1: entering train loop
[STATE 2026-04-14 16:07:32] Task 5 Epoch 1/1: running validation (end of epoch)
---- Eval at Epoch 0: cls [0.654045548057236, 0.40935754417300496, 0.04703584427081411, 0.05582360438973899, 0.04135904667591671, 0.073316750935649] | det_recall [0.8791161632212144, 0.6567743314018536, 0.49712650464164254, 0.4984403321070001, 0.4991469426849044, 0.49967797654000706] | det_fa [0.124106517642548, 0.6004514270229497, 0.9988895917929482, 0.9996018511117947, 0.9998688887229171, 0.9995613602889767] ----
T5 Ep 1/1 | L 1.0973 | Train Acc 0.46 | Prec 0.77 | F1 0.47 | Det Rec 0.51 | Det FA 0.99 | Epoch Time 623.03s (Eval 348.14s, Train 274.89s)
[STATE 2026-04-14 16:13:20] T5 Ep 1/1 complete: Prec 0.7741 F1 0.4705 DetRec 0.5057 DetFA 0.9879 | 623.03s total (348.14s eval/274.89s train)
[STATE 2026-04-14 16:13:20] Task 5: running final validation.
[STATE 2026-04-14 16:19:45] Completed task 5 (6/10)
Note: Unified mixed IQ test tensors to (N, 3, L) via ADC0 I/Q + zero-padded ADC1/2 (IID2-style) for cumulative CIL.
[STATE 2026-04-14 16:19:46] Task 6: zero-shot validation (pre-train)
---- Zero-shot (pre-train) task 6: rec_cls 0.0617 | prec_cls 0.0658 | f1_cls 0.0350 | det 0.4998 | pfa 0.9997 | total_f1 0.1728 ----
[STATE 2026-04-14 16:28:04] Starting task 6 (7/10)
[STATE 2026-04-14 16:28:04] Task 6 Epoch 1/1: entering train loop
[STATE 2026-04-14 16:28:29] Task 6 Epoch 1/1: running validation (end of epoch)
---- Eval at Epoch 0: cls [0.6579989480884435, 0.4428931896215041, 0.04255992899667285, 0.05794205902039892, 0.041702232337271085, 0.0647445313121891, 0.05393674446675741] | det_recall [0.8771506224205949, 0.5864001965315799, 0.49760270919858, 0.49821686789502934, 0.49873913974474654, 0.4997576406771889, 0.49974266919587956] | det_fa [0.13175994449631112, 0.764410564574006, 0.9989021376460606, 0.9996810496209396, 0.99968916426484, 0.9997475357721238, 0.9999052418381207] ----
T6 Ep 1/1 | L 1.0147 | Train Acc 0.11 | Prec 0.39 | F1 0.13 | Det Rec 0.50 | Det FA 1.00 | Epoch Time 445.56s (Eval 420.44s, Train 25.12s)
[STATE 2026-04-14 16:35:29] T6 Ep 1/1 complete: Prec 0.3932 F1 0.1292 DetRec 0.5000 DetFA 1.0000 | 445.56s total (420.44s eval/25.12s train)
[STATE 2026-04-14 16:35:29] Task 6: running final validation.
[STATE 2026-04-14 16:42:30] Completed task 6 (7/10)
Note: Unified mixed IQ test tensors to (N, 3, L) via ADC0 I/Q + zero-padded ADC1/2 (IID2-style) for cumulative CIL.
[STATE 2026-04-14 16:42:32] Task 7: zero-shot validation (pre-train)
---- Zero-shot (pre-train) task 7: rec_cls 0.0494 | prec_cls 0.0400 | f1_cls 0.0279 | det 0.5000 | pfa 0.9987 | total_f1 0.1535 ----
[STATE 2026-04-14 16:51:44] Starting task 7 (8/10)
[STATE 2026-04-14 16:51:44] Task 7 Epoch 1/1: entering train loop
[STATE 2026-04-14 16:55:56] Task 7 Epoch 1/1: running validation (end of epoch)
---- Eval at Epoch 0: cls [0.6401401078173712, 0.4113724507782534, 0.03333028268539915, 0.05887043684674262, 0.04674352588522942, 0.06139345618723931, 0.05623211964909139, 0.06646665093529182] | det_recall [0.8753128938699724, 0.5621651421013868, 0.4985816317601534, 0.4986697899176074, 0.49935199719728324, 0.5002424156606782, 0.5000187878320226, 0.5059255856022583] | det_fa [0.16533788526623272, 0.8238090547683652, 0.9967282219304013, 0.9987422392406642, 0.9995318595619958, 0.9968183579736763, 0.9979572269435946, 0.9873958615258563] ----
T7 Ep 1/1 | L 1.0105 | Train Acc 0.40 | Prec 0.81 | F1 0.44 | Det Rec 0.52 | Det FA 0.97 | Epoch Time 813.63s (Eval 561.18s, Train 252.45s)
[STATE 2026-04-14 17:05:17] T7 Ep 1/1 complete: Prec 0.8141 F1 0.4420 DetRec 0.5157 DetFA 0.9673 | 813.63s total (561.18s eval/252.45s train)
[STATE 2026-04-14 17:05:17] Task 7: running final validation.
[STATE 2026-04-14 17:17:13] Completed task 7 (8/10)
Note: Unified mixed IQ test tensors to (N, 3, L) via ADC0 I/Q + zero-padded ADC1/2 (IID2-style) for cumulative CIL.
[STATE 2026-04-14 17:17:14] Task 8: zero-shot validation (pre-train)
---- Zero-shot (pre-train) task 8: rec_cls 0.0583 | prec_cls 0.0321 | f1_cls 0.0279 | det 0.5040 | pfa 0.9916 | total_f1 0.1284 ----
[STATE 2026-04-14 17:32:24] Starting task 8 (9/10)
[STATE 2026-04-14 17:32:24] Task 8 Epoch 1/1: entering train loop
[STATE 2026-04-14 17:33:29] Task 8 Epoch 1/1: running validation (end of epoch)
---- Eval at Epoch 0: cls [0.5843691178972229, 0.3338870293689538, 0.03362418031036824, 0.06662504313245128, 0.058852437977637666, 0.06772157867041852, 0.06436165290795674, 0.05943968962770597, 0.060144478627209556] | det_recall [0.8416591525797293, 0.6022875446651736, 0.6148204907786173, 0.5964463117233163, 0.5747179328647197, 0.5367781105093861, 0.5286521669516909, 0.5176528697306831, 0.5133654930041277] | det_fa [0.1959101115366646, 0.6956948416284696, 0.7312242565613566, 0.7683900931744372, 0.8146346661693438, 0.913252617593552, 0.9319116936820493, 0.9625486755459515, 0.9718051648988729] ----
T8 Ep 1/1 | L 1.1325 | Train Acc 0.24 | Prec 0.57 | F1 0.28 | Det Rec 0.51 | Det FA 0.99 | Epoch Time 953.52s (Eval 888.20s, Train 65.32s)
[STATE 2026-04-14 17:48:17] T8 Ep 1/1 complete: Prec 0.5681 F1 0.2789 DetRec 0.5058 DetFA 0.9883 | 953.52s total (888.20s eval/65.32s train)
[STATE 2026-04-14 17:48:17] Task 8: running final validation.
[STATE 2026-04-14 18:02:52] Completed task 8 (9/10)
Note: Unified mixed IQ test tensors to (N, 3, L) via ADC0 I/Q + zero-padded ADC1/2 (IID2-style) for cumulative CIL.
[STATE 2026-04-14 18:02:53] Task 9: zero-shot validation (pre-train)
---- Zero-shot (pre-train) task 9: rec_cls 0.0564 | prec_cls 0.0256 | f1_cls 0.0243 | det 0.5115 | pfa 0.9756 | total_f1 0.1158 ----
[STATE 2026-04-14 18:16:52] Starting task 9 (10/10)
[STATE 2026-04-14 18:16:52] Task 9 Epoch 1/1: entering train loop
[STATE 2026-04-14 18:17:16] Task 9 Epoch 1/1: running validation (end of epoch)
---- Eval at Epoch 0: cls [0.5927380431070732, 0.34162581804174175, 0.023379376737922754, 0.06262374948595828, 0.05110181773042143, 0.06065302245865987, 0.05803943231485081, 0.057468403093774545, 0.05888680456523495, 0.055889874867755374] | det_recall [0.840426818287289, 0.595887286627715, 0.5836151094890494, 0.5654602699687675, 0.5440490624704398, 0.5060473639541285, 0.5050898814479619, 0.5003103739906055, 0.5002692692619368, 0.5003042600014389] | det_fa [0.20665499105466195, 0.7144973948255828, 0.7977616657848133, 0.8368123970076143, 0.8821087751851056, 0.9809121248644329, 0.9837553990496063, 0.9988379936179377, 0.9991227831958451, 0.9991269319502399] ----
T9 Ep 1/1 | L 1.0005 | Train Acc 0.11 | Prec 0.34 | F1 0.12 | Det Rec 0.50 | Det FA 1.00 | Epoch Time 1130.89s (Eval 1106.48s, Train 24.41s)
[STATE 2026-04-14 18:35:43] T9 Ep 1/1 complete: Prec 0.3398 F1 0.1233 DetRec 0.5000 DetFA 1.0000 | 1130.89s total (1106.48s eval/24.41s train)
[STATE 2026-04-14 18:35:43] Task 9: running final validation.
[STATE 2026-04-14 18:57:50] Completed task 9 (10/10)
####Final Validation Accuracy####
Final Results:- 
 Total Recall: 0.13587116340816197 
 Individual Recall: [0.5924222726679944, 0.34202893645154997, 0.02359941996776887, 0.06342721894122151, 0.047518376617355224, 0.06160130521217049, 0.057606408881357776, 0.05653209294284156, 0.058353924607942906, 0.055621677791417024]
Final Detection Results:- 
 Total Detection: 0.5644333005693305 
 Individual Detection: [0.8427045573814159, 0.5974162804075915, 0.5834669232424249, 0.5651757473725784, 0.5437104876601483, 0.5060156402154175, 0.5049295521828004, 0.5002817129684233, 0.5002729770266116, 0.5003591272358935]
Final Detection False Alarm:- 
 Total False Alarm: 0.8394597376263718 
 Individual False Alarm: [0.20220390462410037, 0.7127436790530669, 0.7984375391510897, 0.8372410638932216, 0.8817592692676831, 0.9810494132857618, 0.9841127713421574, 0.9989634435247642, 0.9991096806892897, 0.9989766114325828]
SUMMARY_TR cls_rec=0.3080 cls_prec=0.5440 cls_f1=0.3110 det=0.5641 fa=0.8400
SUMMARY_TE cls_rec=0.1359 cls_prec=0.1712 cls_f1=0.1110 det=0.5644 fa=0.8395
[STATE 2026-04-14 18:57:50] Saving results to logs//lwf/full-tasks-2_all-10epochs_weighted-loss-2026-04-14_15-16-37-6631/0/results
Model size: 0.0577 GB
Memory buffer size: 0.0000 GB
logs//lwf/full-tasks-2_all-10epochs_weighted-loss-2026-04-14_15-16-37-6631/0/results: {'expt_name': 'full-tasks-2_all-10epochs_weighted-loss', 'model': 'lwf', 'arch': 'resnet1d', 'n_hiddens': 100, 'n_layers': 2, 'xav_init': False, 'debug': False, 'use_detector_arch': False, 'inner_steps': 2, 'n_epochs': 1, 'batch_size': 256, 'replay_batch_size': 128, 'memories': 5120, 'lr': 0.003, 'optimizer': 'sgd', 'class_weighted_ce': True, 'cuda': True, 'seed': 0, 'log_every': 10, 'log_dir': 'logs//lwf/full-tasks-2_all-10epochs_weighted-loss-2026-04-14_15-16-37-6631/0', 'tf_dir': 'logs//lwf/full-tasks-2_all-10epochs_weighted-loss-2026-04-14_15-16-37-6631/0/tfdir', 'calc_test_accuracy': False, 'state_logging': True, 'data_path': 'data/rff/radar/full', 'task_order_files': 't2-rcn,t0-rcn,t2-uclresm-25noise,t0-deeprad,t1-deeprad,t1-uclresm-25noise,t3-deeprad,t0-uclresm-25noise,t1-rcn,t2-deeprad', 'loader': 'class_incremental_loader', 'samples_per_task': -1, 'shuffle_tasks': False, 'classes_per_it': 6, 'iterations': 5000, 'dataset': 'iq', 'workers': 0, 'validation': 0.5, 'data_scaling': 'normalize', 'use_iq_aug_features': False, 'iq_aug_feature_type': 'power', 'class_order': 'random', 'increment': 5, 'test_batch_size': 512, 'nc_per_task': None, 'nc_per_task_list': '', 'val_rate': 1000, 'opt_lr': 0.1, 'opt_wt': 0.1, 'alpha_init': 0.001, 'learn_lr': False, 'sync_update': False, 'grad_clip_norm': 5.0, 'meta_batches': 3, 'use_old_task_memory': False, 'second_order': False, 'n_memories': 5120, 'memory_strength': 0, 'steps_per_sample': 1, 'bgd_optimizer': 'sgd', 'optimizer_params': '{}', 'train_mc_iters': 5, 'std_init': 0.05, 'mean_eta': 1, 'fisher_gamma': 0.95, 'rln': 7, 'meta_lr': 0.001, 'update_lr': 0.1, 'ctx_lr': 0.05, 'n_meta': 1, 'temperature': 5.0, 'task_emb': 64, 'noise_label': 54, 'classes_per_task': [5, 6, 5, 6, 6, 5, 5, 5, 6, 5], 'get_samples_per_task': <bound method IncrementalLoader.get_samples_per_task of <dataloaders.class_incremental_loader.IncrementalLoader object at 0x706f2dec0a70>>} # val: 0.181 0.136 -0.045 0.000 # sizes: model_gb=0.0577 mem_gb=0.0000 # 13206.74561047554
[STATE 2026-04-14 18:57:50] results.pt components (approx): state_dict 59.2 MB, result_val_t 0.1 KB, result_val_a 0.8 KB
[STATE 2026-04-14 18:57:50] Results saved; total runtime 3.67h
Total runtime: 3.67 hours
