[STATE 2026-04-26 12:00:35] Enabling terminal logging to logs//lwf/full-tasks_CIL_all-2026-04-26_12-00-35-9428/0/terminal.log
New Experiment Starting...
Running model:  lwf
[STATE 2026-04-26 12:00:35] Experiment 'full-tasks_CIL_all' starting with model 'lwf' (seed 0)
Set seed 0
t2-rcn.npz train: x=(50362, 1024), y=(50362, 2)
t2-rcn.npz test: x=(16787, 1024), y=(16787, 2)
t2-rcn.npz: applied data scaling mode 'normalize'.
Loaded t2-rcn.npz: Unique train labels: UniqueCountsResult(values=array([-1,  3,  5, 10, 12, 15]), counts=array([24209,  5770,  3030,  2320,  7509,  7524]))
Noise labels ratio in t2-rcn.npz train: 0.24, test: 0.24
Loaded t2-rcn.npz: Remapped labels: [0 1 2 3 4 5]. Size: 50362)
t0-rcn.npz train: x=(51916, 1024), y=(51916, 2)
t0-rcn.npz test: x=(17305, 1024), y=(17305, 2)
t0-rcn.npz: applied data scaling mode 'normalize'.
Loaded t0-rcn.npz: Unique train labels: UniqueCountsResult(values=array([-1,  1,  8,  9, 11, 13, 14]), counts=array([24225,  4268,  2495,  2943,  3015,  7464,  7506]))
Noise labels ratio in t0-rcn.npz train: 0.23, test: 0.23
Loaded t0-rcn.npz: Remapped labels: [ 6  7  8  9 10 11 12]. Size: 51916)
t2-uclresm-25noise.npz train: moved sample axis (3, 350028, 1024) -> (350028, 3, 1024)
t2-uclresm-25noise.npz test: moved sample axis (3, 233351, 1024) -> (233351, 3, 1024)
t2-uclresm-25noise.npz train: x=(350028, 3, 1024), y=(350028,)
t2-uclresm-25noise.npz test: x=(233351, 3, 1024), y=(233351,)
t2-uclresm-25noise.npz: applied data scaling mode 'normalize'.
Loaded t2-uclresm-25noise.npz: Unique train labels: UniqueCountsResult(values=array([-1,  0,  1,  2,  3,  4]), counts=array([87441, 27347, 71754, 64298, 36005, 63183]))
Noise labels ratio in t2-uclresm-25noise.npz train: 0.25, test: 0.25
Loaded t2-uclresm-25noise.npz: Remapped labels: [13 14 15 16 17 18]. Size: 350028)
t0-deeprad.npz train: x=(24480, 1024), y=(24480, 2)
t0-deeprad.npz test: x=(8160, 1024), y=(8160, 2)
t0-deeprad.npz: applied data scaling mode 'normalize'.
Loaded t0-deeprad.npz: Unique train labels: UniqueCountsResult(values=array([-1,  0,  1,  2,  3,  4,  5]), counts=array([12240,  2029,  1983,  2043,  2154,  2015,  2016]))
Noise labels ratio in t0-deeprad.npz train: 0.25, test: 0.25
Loaded t0-deeprad.npz: Remapped labels: [19 20 21 22 23 24 25]. Size: 24480)
t1-deeprad.npz train: x=(24480, 1024), y=(24480, 2)
t1-deeprad.npz test: x=(8160, 1024), y=(8160, 2)
t1-deeprad.npz: applied data scaling mode 'normalize'.
Loaded t1-deeprad.npz: Unique train labels: UniqueCountsResult(values=array([-1,  0,  1,  2,  3,  4,  5]), counts=array([12240,  1988,  2029,  2054,  1988,  2053,  2128]))
Noise labels ratio in t1-deeprad.npz train: 0.25, test: 0.25
Loaded t1-deeprad.npz: Remapped labels: [26 27 28 29 30 31 32]. Size: 24480)
t1-uclresm-25noise.npz train: moved sample axis (3, 201410, 1024) -> (201410, 3, 1024)
t1-uclresm-25noise.npz test: moved sample axis (3, 116291, 1024) -> (116291, 3, 1024)
t1-uclresm-25noise.npz train: x=(201410, 3, 1024), y=(201410,)
t1-uclresm-25noise.npz test: x=(116291, 3, 1024), y=(116291,)
t1-uclresm-25noise.npz: applied data scaling mode 'normalize'.
Loaded t1-uclresm-25noise.npz: Unique train labels: UniqueCountsResult(values=array([-1,  0,  1,  2,  3,  4]), counts=array([43668, 18021, 17838, 18087, 31870, 71926]))
Noise labels ratio in t1-uclresm-25noise.npz train: 0.22, test: 0.25
Loaded t1-uclresm-25noise.npz: Remapped labels: [33 34 35 36 37 38]. Size: 201410)
t3-deeprad.npz train: x=(17340, 1024), y=(17340, 2)
t3-deeprad.npz test: x=(6800, 1024), y=(6800, 2)
t3-deeprad.npz: applied data scaling mode 'normalize'.
Loaded t3-deeprad.npz: Unique train labels: UniqueCountsResult(values=array([-1,  0,  1,  2,  3,  4]), counts=array([8670, 1693, 1677, 1794, 1716, 1790]))
Noise labels ratio in t3-deeprad.npz train: 0.25, test: 0.25
Loaded t3-deeprad.npz: Remapped labels: [39 40 41 42 43 44]. Size: 17340)
t0-uclresm-25noise.npz train: moved sample axis (3, 188050, 1024) -> (188050, 3, 1024)
t0-uclresm-25noise.npz test: moved sample axis (3, 107348, 1024) -> (107348, 3, 1024)
t0-uclresm-25noise.npz train: x=(188050, 3, 1024), y=(188050,)
t0-uclresm-25noise.npz test: x=(107348, 3, 1024), y=(107348,)
t0-uclresm-25noise.npz: applied data scaling mode 'normalize'.
Loaded t0-uclresm-25noise.npz: Unique train labels: UniqueCountsResult(values=array([-1,  0,  1,  2,  3,  4]), counts=array([40144, 32109, 17978, 17979, 18098, 61742]))
Noise labels ratio in t0-uclresm-25noise.npz train: 0.21, test: 0.25
Loaded t0-uclresm-25noise.npz: Remapped labels: [45 46 47 48 49 50]. Size: 188050)
t1-rcn.npz train: x=(36658, 1024), y=(36658, 2)
t1-rcn.npz test: x=(12220, 1024), y=(12220, 2)
t1-rcn.npz: applied data scaling mode 'normalize'.
Loaded t1-rcn.npz: Unique train labels: UniqueCountsResult(values=array([-1,  0,  2,  4,  6,  7, 16]), counts=array([20595,   824,  2087,  2606,  2396,  1716,  6434]))
Noise labels ratio in t1-rcn.npz train: 0.28, test: 0.28
Loaded t1-rcn.npz: Remapped labels: [51 52 53 54 55 56 57]. Size: 36658)
t2-deeprad.npz train: x=(17340, 1024), y=(17340, 2)
t2-deeprad.npz test: x=(6800, 1024), y=(6800, 2)
t2-deeprad.npz: applied data scaling mode 'normalize'.
Loaded t2-deeprad.npz: Unique train labels: UniqueCountsResult(values=array([-1,  0,  1,  2,  3,  4]), counts=array([8670, 1774, 1675, 1777, 1694, 1750]))
Noise labels ratio in t2-deeprad.npz train: 0.25, test: 0.25
Loaded t2-deeprad.npz: Remapped labels: [58 59 60 61 62 63]. Size: 17340)
Built classes_per_task: [6, 7, 6, 7, 7, 6, 6, 6, 7, 6]
Classes per task: [6, 7, 6, 7, 7, 6, 6, 6, 7, 6]
[STATE 2026-04-26 12:01:37] Loader 'task_incremental_loader' ready: 1024 inputs, 64 outputs, 10 tasks
n_outputs: 64 	n_tasks: 10
[STATE 2026-04-26 12:01:37] Logging to logs//lwf/full-tasks_CIL_all-2026-04-26_12-00-35-9428/0
True
Model device: cuda:0
[STATE 2026-04-26 12:01:38] Model initialized on device cuda:0
[STATE 2026-04-26 12:01:38] Invoking continual life experience flow
[STATE 2026-04-26 12:01:38] Life experience start: 10 tasks queued
[STATE 2026-04-26 12:01:38] Using task-specific epoch schedule: {0: 10, 1: 10, 2: 3, 3: 20, 4: 20, 5: 5, 6: 20, 7: 5, 8: 20, 9: 10}
Task 0: 50362 training samples, 16787 test samples.
[STATE 2026-04-26 12:01:38] Task 0: zero-shot validation (pre-train)
---- Zero-shot (pre-train) task 0: rec_cls 0.1175 | prec_cls 0.1336 | f1_cls 0.0961 | det 0.4550 | pfa 0.7831 | total_f1 0.0961 ----
[STATE 2026-04-26 12:01:44] Starting task 0 (1/10)
[STATE 2026-04-26 12:01:44] Task 0 Epoch 1/10: entering train loop
[STATE 2026-04-26 12:03:01] Task 0 Epoch 1/10: running validation (end of epoch)
---- Eval at Epoch 0: cls [0.8852901898853194] | det_recall [0.8762301351042444] | det_fa [0.23417455082270658] ----
T0 Ep 1/10 | L 0.6815 | Train Acc 0.75 | Prec 0.76 | F1 0.70 | Det Rec 0.84 | Det FA 0.27 | Epoch Time 83.27s (Eval 6.48s, Train 76.79s)
[STATE 2026-04-26 12:03:07] T0 Ep 1/10 complete: Prec 0.7633 F1 0.6977 DetRec 0.8447 DetFA 0.2667 | 83.27s total (6.48s eval/76.79s train)
[STATE 2026-04-26 12:03:07] Task 0 Epoch 2/10: entering train loop
T0 Ep 2/10 | L 0.3418 | Train Acc 0.90 | Prec 0.91 | F1 0.84 | Det Rec 0.88 | Det FA 0.22 | Epoch Time 76.63s (Eval 0.00s, Train 76.63s)
[STATE 2026-04-26 12:04:24] T0 Ep 2/10 complete: Prec 0.9128 F1 0.8405 DetRec 0.8823 DetFA 0.2165 | 76.63s total (0.00s eval/76.63s train)
[STATE 2026-04-26 12:04:24] Task 0 Epoch 3/10: entering train loop
T0 Ep 3/10 | L 0.2980 | Train Acc 0.91 | Prec 0.92 | F1 0.85 | Det Rec 0.89 | Det FA 0.21 | Epoch Time 76.60s (Eval 0.00s, Train 76.60s)
[STATE 2026-04-26 12:05:41] T0 Ep 3/10 complete: Prec 0.9217 F1 0.8514 DetRec 0.8864 DetFA 0.2100 | 76.60s total (0.00s eval/76.60s train)
[STATE 2026-04-26 12:05:41] Task 0 Epoch 4/10: entering train loop
T0 Ep 4/10 | L 0.2834 | Train Acc 0.92 | Prec 0.93 | F1 0.86 | Det Rec 0.89 | Det FA 0.21 | Epoch Time 76.31s (Eval 0.00s, Train 76.31s)
[STATE 2026-04-26 12:06:57] T0 Ep 4/10 complete: Prec 0.9291 F1 0.8586 DetRec 0.8877 DetFA 0.2076 | 76.31s total (0.00s eval/76.31s train)
[STATE 2026-04-26 12:06:57] Task 0 Epoch 5/10: entering train loop
T0 Ep 5/10 | L 0.2633 | Train Acc 0.93 | Prec 0.94 | F1 0.87 | Det Rec 0.89 | Det FA 0.21 | Epoch Time 76.43s (Eval 0.00s, Train 76.43s)
[STATE 2026-04-26 12:08:13] T0 Ep 5/10 complete: Prec 0.9379 F1 0.8666 DetRec 0.8888 DetFA 0.2061 | 76.43s total (0.00s eval/76.43s train)
[STATE 2026-04-26 12:08:13] Task 0 Epoch 6/10: entering train loop
T0 Ep 6/10 | L 0.2500 | Train Acc 0.93 | Prec 0.94 | F1 0.87 | Det Rec 0.89 | Det FA 0.20 | Epoch Time 76.35s (Eval 0.00s, Train 76.35s)
[STATE 2026-04-26 12:09:30] T0 Ep 6/10 complete: Prec 0.9433 F1 0.8711 DetRec 0.8901 DetFA 0.2048 | 76.35s total (0.00s eval/76.35s train)
[STATE 2026-04-26 12:09:30] Task 0 Epoch 7/10: entering train loop
T0 Ep 7/10 | L 0.2417 | Train Acc 0.94 | Prec 0.95 | F1 0.87 | Det Rec 0.89 | Det FA 0.20 | Epoch Time 76.46s (Eval 0.00s, Train 76.46s)
[STATE 2026-04-26 12:10:46] T0 Ep 7/10 complete: Prec 0.9457 F1 0.8733 DetRec 0.8898 DetFA 0.2046 | 76.46s total (0.00s eval/76.46s train)
[STATE 2026-04-26 12:10:46] Task 0 Epoch 8/10: entering train loop
T0 Ep 8/10 | L 0.2275 | Train Acc 0.94 | Prec 0.95 | F1 0.88 | Det Rec 0.89 | Det FA 0.20 | Epoch Time 76.28s (Eval 0.00s, Train 76.28s)
[STATE 2026-04-26 12:12:03] T0 Ep 8/10 complete: Prec 0.9505 F1 0.8786 DetRec 0.8920 DetFA 0.2014 | 76.28s total (0.00s eval/76.28s train)
[STATE 2026-04-26 12:12:03] Task 0 Epoch 9/10: entering train loop
T0 Ep 9/10 | L 0.2219 | Train Acc 0.94 | Prec 0.95 | F1 0.88 | Det Rec 0.89 | Det FA 0.20 | Epoch Time 76.38s (Eval 0.00s, Train 76.38s)
[STATE 2026-04-26 12:13:19] T0 Ep 9/10 complete: Prec 0.9523 F1 0.8804 DetRec 0.8927 DetFA 0.1995 | 76.38s total (0.00s eval/76.38s train)
[STATE 2026-04-26 12:13:19] Task 0 Epoch 10/10: entering train loop
T0 Ep 10/10 | L 0.2110 | Train Acc 0.95 | Prec 0.96 | F1 0.88 | Det Rec 0.89 | Det FA 0.20 | Epoch Time 76.72s (Eval 0.00s, Train 76.72s)
[STATE 2026-04-26 12:14:36] T0 Ep 10/10 complete: Prec 0.9566 F1 0.8847 DetRec 0.8933 DetFA 0.1991 | 76.72s total (0.00s eval/76.72s train)
[STATE 2026-04-26 12:14:36] Task 0: running final validation.
[STATE 2026-04-26 12:14:42] Completed task 0 (1/10)
Task 1: 51916 training samples, 17305 test samples.
[STATE 2026-04-26 12:14:42] Task 1: zero-shot validation (pre-train)
---- Zero-shot (pre-train) task 1: rec_cls 0.1839 | prec_cls 0.1840 | f1_cls 0.0758 | det 0.5001 | pfa 0.9999 | total_f1 0.4638 ----
[STATE 2026-04-26 12:14:55] Starting task 1 (2/10)
[STATE 2026-04-26 12:14:55] Task 1 Epoch 1/10: entering train loop
[STATE 2026-04-26 12:16:33] Task 1 Epoch 1/10: running validation (end of epoch)
---- Eval at Epoch 0: cls [0.8559475389416135, 0.7953764754593702] | det_recall [0.8972330231893229, 0.8271721276821165] | det_fa [0.12676798511093654, 0.3028833653763251] ----
T1 Ep 1/10 | L 1.7524 | Train Acc 0.72 | Prec 0.78 | F1 0.65 | Det Rec 0.77 | Det FA 0.39 | Epoch Time 111.26s (Eval 12.84s, Train 98.42s)
[STATE 2026-04-26 12:16:46] T1 Ep 1/10 complete: Prec 0.7766 F1 0.6456 DetRec 0.7729 DetFA 0.3935 | 111.26s total (12.84s eval/98.42s train)
[STATE 2026-04-26 12:16:46] Task 1 Epoch 2/10: entering train loop
T1 Ep 2/10 | L 1.4095 | Train Acc 0.83 | Prec 0.87 | F1 0.77 | Det Rec 0.84 | Det FA 0.26 | Epoch Time 97.12s (Eval 0.00s, Train 97.12s)
[STATE 2026-04-26 12:18:23] T1 Ep 2/10 complete: Prec 0.8699 F1 0.7663 DetRec 0.8441 DetFA 0.2624 | 97.12s total (0.00s eval/97.12s train)
[STATE 2026-04-26 12:18:23] Task 1 Epoch 3/10: entering train loop
T1 Ep 3/10 | L 1.2854 | Train Acc 0.86 | Prec 0.89 | F1 0.80 | Det Rec 0.87 | Det FA 0.22 | Epoch Time 96.96s (Eval 0.00s, Train 96.96s)
[STATE 2026-04-26 12:20:00] T1 Ep 3/10 complete: Prec 0.8875 F1 0.8004 DetRec 0.8689 DetFA 0.2218 | 96.96s total (0.00s eval/96.96s train)
[STATE 2026-04-26 12:20:00] Task 1 Epoch 4/10: entering train loop
T1 Ep 4/10 | L 1.2026 | Train Acc 0.87 | Prec 0.90 | F1 0.82 | Det Rec 0.88 | Det FA 0.20 | Epoch Time 97.19s (Eval 0.00s, Train 97.19s)
[STATE 2026-04-26 12:21:37] T1 Ep 4/10 complete: Prec 0.9006 F1 0.8198 DetRec 0.8803 DetFA 0.2025 | 97.19s total (0.00s eval/97.19s train)
[STATE 2026-04-26 12:21:37] Task 1 Epoch 5/10: entering train loop
T1 Ep 5/10 | L 1.1818 | Train Acc 0.88 | Prec 0.91 | F1 0.83 | Det Rec 0.89 | Det FA 0.19 | Epoch Time 96.99s (Eval 0.00s, Train 96.99s)
[STATE 2026-04-26 12:23:14] T1 Ep 5/10 complete: Prec 0.9091 F1 0.8307 DetRec 0.8858 DetFA 0.1927 | 96.99s total (0.00s eval/96.99s train)
[STATE 2026-04-26 12:23:14] Task 1 Epoch 6/10: entering train loop
T1 Ep 6/10 | L 1.1215 | Train Acc 0.89 | Prec 0.92 | F1 0.84 | Det Rec 0.89 | Det FA 0.18 | Epoch Time 96.91s (Eval 0.00s, Train 96.91s)
[STATE 2026-04-26 12:24:51] T1 Ep 6/10 complete: Prec 0.9155 F1 0.8429 DetRec 0.8934 DetFA 0.1798 | 96.91s total (0.00s eval/96.91s train)
[STATE 2026-04-26 12:24:51] Task 1 Epoch 7/10: entering train loop
T1 Ep 7/10 | L 1.1156 | Train Acc 0.90 | Prec 0.92 | F1 0.85 | Det Rec 0.90 | Det FA 0.17 | Epoch Time 96.96s (Eval 0.00s, Train 96.96s)
[STATE 2026-04-26 12:26:28] T1 Ep 7/10 complete: Prec 0.9194 F1 0.8501 DetRec 0.8974 DetFA 0.1736 | 96.96s total (0.00s eval/96.96s train)
[STATE 2026-04-26 12:26:28] Task 1 Epoch 8/10: entering train loop
T1 Ep 8/10 | L 1.0706 | Train Acc 0.90 | Prec 0.92 | F1 0.86 | Det Rec 0.90 | Det FA 0.17 | Epoch Time 96.83s (Eval 0.00s, Train 96.83s)
[STATE 2026-04-26 12:28:05] T1 Ep 8/10 complete: Prec 0.9237 F1 0.8570 DetRec 0.9012 DetFA 0.1686 | 96.83s total (0.00s eval/96.83s train)
[STATE 2026-04-26 12:28:05] Task 1 Epoch 9/10: entering train loop
T1 Ep 9/10 | L 1.0505 | Train Acc 0.91 | Prec 0.92 | F1 0.86 | Det Rec 0.90 | Det FA 0.16 | Epoch Time 97.01s (Eval 0.00s, Train 97.01s)
[STATE 2026-04-26 12:29:42] T1 Ep 9/10 complete: Prec 0.9247 F1 0.8606 DetRec 0.9041 DetFA 0.1643 | 97.01s total (0.00s eval/97.01s train)
[STATE 2026-04-26 12:29:42] Task 1 Epoch 10/10: entering train loop
T1 Ep 10/10 | L 1.0525 | Train Acc 0.91 | Prec 0.93 | F1 0.87 | Det Rec 0.91 | Det FA 0.16 | Epoch Time 97.05s (Eval 0.00s, Train 97.05s)
[STATE 2026-04-26 12:31:19] T1 Ep 10/10 complete: Prec 0.9314 F1 0.8679 DetRec 0.9070 DetFA 0.1594 | 97.05s total (0.00s eval/97.05s train)
[STATE 2026-04-26 12:31:19] Task 1: running final validation.
[STATE 2026-04-26 12:31:32] Completed task 1 (2/10)
Task 2: 350028 training samples, 175014 test samples.
[STATE 2026-04-26 12:31:33] Task 2: zero-shot validation (pre-train)
---- Zero-shot (pre-train) task 2: rec_cls 0.0360 | prec_cls 0.1728 | f1_cls 0.1145 | det 0.5390 | pfa 0.1083 | total_f1 0.5984 ----
[STATE 2026-04-26 12:32:51] Starting task 2 (3/10)
[STATE 2026-04-26 12:32:51] Task 2 Epoch 1/3: entering train loop
[STATE 2026-04-26 12:43:09] Task 2 Epoch 1/3: running validation (end of epoch)
---- Eval at Epoch 0: cls [0.837098338222409, 0.8597981687976519, 0.6593257206097078] | det_recall [0.8902337092620273, 0.6862395133480772, 0.8287478929698522] | det_fa [0.12470285196044359, 0.5859708748113363, 0.2486503162385223] ----
T2 Ep 1/3 | L 1.4902 | Train Acc 0.51 | Prec 0.54 | F1 0.52 | Det Rec 0.81 | Det FA 0.32 | Epoch Time 688.71s (Eval 70.89s, Train 617.82s)
[STATE 2026-04-26 12:44:20] T2 Ep 1/3 complete: Prec 0.5384 F1 0.5213 DetRec 0.8066 DetFA 0.3249 | 688.71s total (70.89s eval/617.82s train)
[STATE 2026-04-26 12:44:20] Task 2 Epoch 2/3: entering train loop
T2 Ep 2/3 | L 1.0807 | Train Acc 0.70 | Prec 0.73 | F1 0.69 | Det Rec 0.83 | Det FA 0.28 | Epoch Time 579.46s (Eval 0.00s, Train 579.46s)
[STATE 2026-04-26 12:53:59] T2 Ep 2/3 complete: Prec 0.7317 F1 0.6887 DetRec 0.8346 DetFA 0.2826 | 579.46s total (0.00s eval/579.46s train)
[STATE 2026-04-26 12:53:59] Task 2 Epoch 3/3: entering train loop
T2 Ep 3/3 | L 0.9959 | Train Acc 0.73 | Prec 0.76 | F1 0.72 | Det Rec 0.85 | Det FA 0.26 | Epoch Time 579.27s (Eval 0.00s, Train 579.27s)
[STATE 2026-04-26 13:03:38] T2 Ep 3/3 complete: Prec 0.7579 F1 0.7152 DetRec 0.8452 DetFA 0.2620 | 579.27s total (0.00s eval/579.27s train)
[STATE 2026-04-26 13:03:38] Task 2: running final validation.
[STATE 2026-04-26 13:04:50] Completed task 2 (3/10)
Task 3: 24480 training samples, 8160 test samples.
[STATE 2026-04-26 13:04:50] Task 3: zero-shot validation (pre-train)
---- Zero-shot (pre-train) task 3: rec_cls 0.0698 | prec_cls 0.1082 | f1_cls 0.1749 | det 0.7367 | pfa 0.0000 | total_f1 0.6120 ----
[STATE 2026-04-26 13:06:02] Starting task 3 (4/10)
[STATE 2026-04-26 13:06:02] Task 3 Epoch 1/20: entering train loop
[STATE 2026-04-26 13:06:42] Task 3 Epoch 1/20: running validation (end of epoch)
---- Eval at Epoch 0: cls [0.8475724760287578, 0.8377068447284367, 0.6704645979039575, 0.5855461663686143] | det_recall [0.889503850674448, 0.6411614490894255, 0.838318217311909, 0.9980597726596149] | det_fa [0.14609615833130854, 0.6763194337710098, 0.2885081697451806, 0.0016841242674523285] ----
T3 Ep 1/20 | L 1.2042 | Train Acc 0.56 | Prec 0.57 | F1 0.61 | Det Rec 0.99 | Det FA 0.00 | Epoch Time 110.93s (Eval 70.75s, Train 40.18s)
[STATE 2026-04-26 13:07:53] T3 Ep 1/20 complete: Prec 0.5657 F1 0.6093 DetRec 0.9940 DetFA 0.0018 | 110.93s total (70.75s eval/40.18s train)
[STATE 2026-04-26 13:07:53] Task 3 Epoch 2/20: entering train loop
T3 Ep 2/20 | L 1.0091 | Train Acc 0.62 | Prec 0.62 | F1 0.66 | Det Rec 1.00 | Det FA 0.00 | Epoch Time 39.91s (Eval 0.00s, Train 39.91s)
[STATE 2026-04-26 13:08:33] T3 Ep 2/20 complete: Prec 0.6242 F1 0.6585 DetRec 0.9973 DetFA 0.0022 | 39.91s total (0.00s eval/39.91s train)
[STATE 2026-04-26 13:08:33] Task 3 Epoch 3/20: entering train loop
T3 Ep 3/20 | L 0.9577 | Train Acc 0.64 | Prec 0.65 | F1 0.68 | Det Rec 1.00 | Det FA 0.00 | Epoch Time 38.61s (Eval 0.00s, Train 38.61s)
[STATE 2026-04-26 13:09:11] T3 Ep 3/20 complete: Prec 0.6476 F1 0.6777 DetRec 0.9977 DetFA 0.0023 | 38.61s total (0.00s eval/38.61s train)
[STATE 2026-04-26 13:09:11] Task 3 Epoch 4/20: entering train loop
T3 Ep 4/20 | L 0.9345 | Train Acc 0.65 | Prec 0.66 | F1 0.69 | Det Rec 1.00 | Det FA 0.00 | Epoch Time 38.19s (Eval 0.00s, Train 38.19s)
[STATE 2026-04-26 13:09:49] T3 Ep 4/20 complete: Prec 0.6585 F1 0.6860 DetRec 0.9979 DetFA 0.0024 | 38.19s total (0.00s eval/38.19s train)
[STATE 2026-04-26 13:09:49] Task 3 Epoch 5/20: entering train loop
T3 Ep 5/20 | L 0.9085 | Train Acc 0.66 | Prec 0.68 | F1 0.70 | Det Rec 1.00 | Det FA 0.00 | Epoch Time 38.34s (Eval 0.00s, Train 38.34s)
[STATE 2026-04-26 13:10:28] T3 Ep 5/20 complete: Prec 0.6764 F1 0.7026 DetRec 0.9979 DetFA 0.0025 | 38.34s total (0.00s eval/38.34s train)
[STATE 2026-04-26 13:10:28] Task 3 Epoch 6/20: entering train loop
T3 Ep 6/20 | L 0.8862 | Train Acc 0.67 | Prec 0.69 | F1 0.71 | Det Rec 1.00 | Det FA 0.00 | Epoch Time 38.22s (Eval 0.00s, Train 38.22s)
[STATE 2026-04-26 13:11:06] T3 Ep 6/20 complete: Prec 0.6859 F1 0.7123 DetRec 0.9981 DetFA 0.0023 | 38.22s total (0.00s eval/38.22s train)
[STATE 2026-04-26 13:11:06] Task 3 Epoch 7/20: entering train loop
T3 Ep 7/20 | L 0.8561 | Train Acc 0.69 | Prec 0.70 | F1 0.73 | Det Rec 1.00 | Det FA 0.00 | Epoch Time 38.27s (Eval 0.00s, Train 38.27s)
[STATE 2026-04-26 13:11:44] T3 Ep 7/20 complete: Prec 0.6998 F1 0.7257 DetRec 0.9982 DetFA 0.0023 | 38.27s total (0.00s eval/38.27s train)
[STATE 2026-04-26 13:11:44] Task 3 Epoch 8/20: entering train loop
T3 Ep 8/20 | L 0.8281 | Train Acc 0.70 | Prec 0.71 | F1 0.74 | Det Rec 1.00 | Det FA 0.00 | Epoch Time 38.32s (Eval 0.00s, Train 38.32s)
[STATE 2026-04-26 13:12:23] T3 Ep 8/20 complete: Prec 0.7120 F1 0.7370 DetRec 0.9983 DetFA 0.0022 | 38.32s total (0.00s eval/38.32s train)
[STATE 2026-04-26 13:12:23] Task 3 Epoch 9/20: entering train loop
T3 Ep 9/20 | L 0.8175 | Train Acc 0.72 | Prec 0.73 | F1 0.75 | Det Rec 1.00 | Det FA 0.00 | Epoch Time 38.29s (Eval 0.00s, Train 38.29s)
[STATE 2026-04-26 13:13:01] T3 Ep 9/20 complete: Prec 0.7299 F1 0.7529 DetRec 0.9984 DetFA 0.0024 | 38.29s total (0.00s eval/38.29s train)
[STATE 2026-04-26 13:13:01] Task 3 Epoch 10/20: entering train loop
T3 Ep 10/20 | L 0.7923 | Train Acc 0.73 | Prec 0.73 | F1 0.76 | Det Rec 1.00 | Det FA 0.00 | Epoch Time 38.24s (Eval 0.00s, Train 38.24s)
[STATE 2026-04-26 13:13:39] T3 Ep 10/20 complete: Prec 0.7329 F1 0.7588 DetRec 0.9989 DetFA 0.0017 | 38.24s total (0.00s eval/38.24s train)
[STATE 2026-04-26 13:13:39] Task 3 Epoch 11/20: entering train loop
T3 Ep 11/20 | L 0.7768 | Train Acc 0.74 | Prec 0.75 | F1 0.77 | Det Rec 1.00 | Det FA 0.00 | Epoch Time 38.42s (Eval 0.00s, Train 38.42s)
[STATE 2026-04-26 13:14:18] T3 Ep 11/20 complete: Prec 0.7481 F1 0.7717 DetRec 0.9989 DetFA 0.0019 | 38.42s total (0.00s eval/38.42s train)
[STATE 2026-04-26 13:14:18] Task 3 Epoch 12/20: entering train loop
T3 Ep 12/20 | L 0.7448 | Train Acc 0.75 | Prec 0.76 | F1 0.78 | Det Rec 1.00 | Det FA 0.00 | Epoch Time 38.27s (Eval 0.00s, Train 38.27s)
[STATE 2026-04-26 13:14:56] T3 Ep 12/20 complete: Prec 0.7611 F1 0.7836 DetRec 0.9990 DetFA 0.0017 | 38.27s total (0.00s eval/38.27s train)
[STATE 2026-04-26 13:14:56] Task 3 Epoch 13/20: entering train loop
T3 Ep 13/20 | L 0.7172 | Train Acc 0.77 | Prec 0.78 | F1 0.80 | Det Rec 1.00 | Det FA 0.00 | Epoch Time 38.31s (Eval 0.00s, Train 38.31s)
[STATE 2026-04-26 13:15:34] T3 Ep 13/20 complete: Prec 0.7762 F1 0.7985 DetRec 0.9991 DetFA 0.0015 | 38.31s total (0.00s eval/38.31s train)
[STATE 2026-04-26 13:15:34] Task 3 Epoch 14/20: entering train loop
T3 Ep 14/20 | L 0.6889 | Train Acc 0.78 | Prec 0.79 | F1 0.81 | Det Rec 1.00 | Det FA 0.00 | Epoch Time 38.37s (Eval 0.00s, Train 38.37s)
[STATE 2026-04-26 13:16:13] T3 Ep 14/20 complete: Prec 0.7892 F1 0.8094 DetRec 0.9992 DetFA 0.0013 | 38.37s total (0.00s eval/38.37s train)
[STATE 2026-04-26 13:16:13] Task 3 Epoch 15/20: entering train loop
T3 Ep 15/20 | L 0.6690 | Train Acc 0.80 | Prec 0.80 | F1 0.82 | Det Rec 1.00 | Det FA 0.00 | Epoch Time 38.36s (Eval 0.00s, Train 38.36s)
[STATE 2026-04-26 13:16:51] T3 Ep 15/20 complete: Prec 0.8007 F1 0.8215 DetRec 0.9994 DetFA 0.0010 | 38.36s total (0.00s eval/38.36s train)
[STATE 2026-04-26 13:16:51] Task 3 Epoch 16/20: entering train loop
T3 Ep 16/20 | L 0.6466 | Train Acc 0.81 | Prec 0.81 | F1 0.83 | Det Rec 1.00 | Det FA 0.00 | Epoch Time 38.23s (Eval 0.00s, Train 38.23s)
[STATE 2026-04-26 13:17:29] T3 Ep 16/20 complete: Prec 0.8117 F1 0.8314 DetRec 0.9996 DetFA 0.0007 | 38.23s total (0.00s eval/38.23s train)
[STATE 2026-04-26 13:17:29] Task 3 Epoch 17/20: entering train loop
T3 Ep 17/20 | L 0.6359 | Train Acc 0.82 | Prec 0.82 | F1 0.84 | Det Rec 1.00 | Det FA 0.00 | Epoch Time 38.62s (Eval 0.00s, Train 38.62s)
[STATE 2026-04-26 13:18:08] T3 Ep 17/20 complete: Prec 0.8212 F1 0.8403 DetRec 0.9996 DetFA 0.0004 | 38.62s total (0.00s eval/38.62s train)
[STATE 2026-04-26 13:18:08] Task 3 Epoch 18/20: entering train loop
T3 Ep 18/20 | L 0.6180 | Train Acc 0.83 | Prec 0.83 | F1 0.85 | Det Rec 1.00 | Det FA 0.00 | Epoch Time 38.62s (Eval 0.00s, Train 38.62s)
[STATE 2026-04-26 13:18:46] T3 Ep 18/20 complete: Prec 0.8319 F1 0.8490 DetRec 0.9996 DetFA 0.0007 | 38.62s total (0.00s eval/38.62s train)
[STATE 2026-04-26 13:18:46] Task 3 Epoch 19/20: entering train loop
T3 Ep 19/20 | L 0.5883 | Train Acc 0.84 | Prec 0.84 | F1 0.86 | Det Rec 1.00 | Det FA 0.00 | Epoch Time 38.22s (Eval 0.00s, Train 38.22s)
[STATE 2026-04-26 13:19:25] T3 Ep 19/20 complete: Prec 0.8432 F1 0.8593 DetRec 0.9998 DetFA 0.0002 | 38.22s total (0.00s eval/38.22s train)
[STATE 2026-04-26 13:19:25] Task 3 Epoch 20/20: entering train loop
T3 Ep 20/20 | L 0.5740 | Train Acc 0.85 | Prec 0.86 | F1 0.87 | Det Rec 1.00 | Det FA 0.00 | Epoch Time 38.37s (Eval 0.00s, Train 38.37s)
[STATE 2026-04-26 13:20:03] T3 Ep 20/20 complete: Prec 0.8572 F1 0.8706 DetRec 0.9997 DetFA 0.0005 | 38.37s total (0.00s eval/38.37s train)
[STATE 2026-04-26 13:20:03] Task 3: running final validation.
[STATE 2026-04-26 13:21:14] Completed task 3 (4/10)
Task 4: 24480 training samples, 8160 test samples.
[STATE 2026-04-26 13:21:14] Task 4: zero-shot validation (pre-train)
---- Zero-shot (pre-train) task 4: rec_cls 0.1432 | prec_cls 0.1062 | f1_cls 0.0721 | det 0.4942 | pfa 1.0000 | total_f1 0.5861 ----
[STATE 2026-04-26 13:22:28] Starting task 4 (5/10)
[STATE 2026-04-26 13:22:28] Task 4 Epoch 1/20: entering train loop
[STATE 2026-04-26 13:23:08] Task 4 Epoch 1/20: running validation (end of epoch)
---- Eval at Epoch 0: cls [0.8164115656211821, 0.7903454488423042, 0.5573568975306834, 0.6729914150895868, 0.5832081744090255] | det_recall [0.8854204700730327, 0.7068660001667977, 0.8019393134719395, 0.9990117266630864, 1.0] | det_fa [0.11469814257654867, 0.5253580874512573, 0.3516675328903519, 0.0, 0.0] ----
T4 Ep 1/20 | L 1.1118 | Train Acc 0.51 | Prec 0.52 | F1 0.57 | Det Rec 0.99 | Det FA 0.01 | Epoch Time 113.35s (Eval 73.48s, Train 39.87s)
[STATE 2026-04-26 13:24:21] T4 Ep 1/20 complete: Prec 0.5214 F1 0.5657 DetRec 0.9948 DetFA 0.0104 | 113.35s total (73.48s eval/39.87s train)
[STATE 2026-04-26 13:24:21] Task 4 Epoch 2/20: entering train loop
T4 Ep 2/20 | L 0.9103 | Train Acc 0.63 | Prec 0.64 | F1 0.67 | Det Rec 1.00 | Det FA 0.00 | Epoch Time 38.35s (Eval 0.00s, Train 38.35s)
[STATE 2026-04-26 13:25:00] T4 Ep 2/20 complete: Prec 0.6413 F1 0.6716 DetRec 1.0000 DetFA 0.0000 | 38.35s total (0.00s eval/38.35s train)
[STATE 2026-04-26 13:25:00] Task 4 Epoch 3/20: entering train loop
T4 Ep 3/20 | L 0.8316 | Train Acc 0.68 | Prec 0.70 | F1 0.72 | Det Rec 1.00 | Det FA 0.00 | Epoch Time 38.24s (Eval 0.00s, Train 38.24s)
[STATE 2026-04-26 13:25:38] T4 Ep 3/20 complete: Prec 0.7028 F1 0.7239 DetRec 1.0000 DetFA 0.0000 | 38.24s total (0.00s eval/38.24s train)
[STATE 2026-04-26 13:25:38] Task 4 Epoch 4/20: entering train loop
T4 Ep 4/20 | L 0.7670 | Train Acc 0.72 | Prec 0.73 | F1 0.75 | Det Rec 1.00 | Det FA 0.00 | Epoch Time 38.37s (Eval 0.00s, Train 38.37s)
[STATE 2026-04-26 13:26:16] T4 Ep 4/20 complete: Prec 0.7341 F1 0.7544 DetRec 1.0000 DetFA 0.0000 | 38.37s total (0.00s eval/38.37s train)
[STATE 2026-04-26 13:26:16] Task 4 Epoch 5/20: entering train loop
T4 Ep 5/20 | L 0.7311 | Train Acc 0.75 | Prec 0.75 | F1 0.78 | Det Rec 1.00 | Det FA 0.00 | Epoch Time 38.41s (Eval 0.00s, Train 38.41s)
[STATE 2026-04-26 13:26:55] T4 Ep 5/20 complete: Prec 0.7538 F1 0.7752 DetRec 1.0000 DetFA 0.0000 | 38.41s total (0.00s eval/38.41s train)
[STATE 2026-04-26 13:26:55] Task 4 Epoch 6/20: entering train loop
T4 Ep 6/20 | L 0.7048 | Train Acc 0.77 | Prec 0.78 | F1 0.79 | Det Rec 1.00 | Det FA 0.00 | Epoch Time 38.52s (Eval 0.00s, Train 38.52s)
[STATE 2026-04-26 13:27:33] T4 Ep 6/20 complete: Prec 0.7769 F1 0.7932 DetRec 1.0000 DetFA 0.0000 | 38.52s total (0.00s eval/38.52s train)
[STATE 2026-04-26 13:27:33] Task 4 Epoch 7/20: entering train loop
T4 Ep 7/20 | L 0.6788 | Train Acc 0.78 | Prec 0.79 | F1 0.80 | Det Rec 1.00 | Det FA 0.00 | Epoch Time 38.28s (Eval 0.00s, Train 38.28s)
[STATE 2026-04-26 13:28:12] T4 Ep 7/20 complete: Prec 0.7863 F1 0.8019 DetRec 1.0000 DetFA 0.0000 | 38.28s total (0.00s eval/38.28s train)
[STATE 2026-04-26 13:28:12] Task 4 Epoch 8/20: entering train loop
T4 Ep 8/20 | L 0.6400 | Train Acc 0.80 | Prec 0.81 | F1 0.82 | Det Rec 1.00 | Det FA 0.00 | Epoch Time 38.42s (Eval 0.00s, Train 38.42s)
[STATE 2026-04-26 13:28:50] T4 Ep 8/20 complete: Prec 0.8074 F1 0.8199 DetRec 1.0000 DetFA 0.0000 | 38.42s total (0.00s eval/38.42s train)
[STATE 2026-04-26 13:28:50] Task 4 Epoch 9/20: entering train loop
T4 Ep 9/20 | L 0.6187 | Train Acc 0.81 | Prec 0.82 | F1 0.84 | Det Rec 1.00 | Det FA 0.00 | Epoch Time 38.26s (Eval 0.00s, Train 38.26s)
[STATE 2026-04-26 13:29:28] T4 Ep 9/20 complete: Prec 0.8236 F1 0.8353 DetRec 1.0000 DetFA 0.0000 | 38.26s total (0.00s eval/38.26s train)
[STATE 2026-04-26 13:29:28] Task 4 Epoch 10/20: entering train loop
T4 Ep 10/20 | L 0.5955 | Train Acc 0.83 | Prec 0.83 | F1 0.85 | Det Rec 1.00 | Det FA 0.00 | Epoch Time 38.23s (Eval 0.00s, Train 38.23s)
[STATE 2026-04-26 13:30:07] T4 Ep 10/20 complete: Prec 0.8334 F1 0.8463 DetRec 1.0000 DetFA 0.0000 | 38.23s total (0.00s eval/38.23s train)
[STATE 2026-04-26 13:30:07] Task 4 Epoch 11/20: entering train loop
T4 Ep 11/20 | L 0.5640 | Train Acc 0.85 | Prec 0.85 | F1 0.86 | Det Rec 1.00 | Det FA 0.00 | Epoch Time 38.22s (Eval 0.00s, Train 38.22s)
[STATE 2026-04-26 13:30:45] T4 Ep 11/20 complete: Prec 0.8516 F1 0.8644 DetRec 1.0000 DetFA 0.0000 | 38.22s total (0.00s eval/38.22s train)
[STATE 2026-04-26 13:30:45] Task 4 Epoch 12/20: entering train loop
T4 Ep 12/20 | L 0.5595 | Train Acc 0.85 | Prec 0.85 | F1 0.87 | Det Rec 1.00 | Det FA 0.00 | Epoch Time 38.37s (Eval 0.00s, Train 38.37s)
[STATE 2026-04-26 13:31:23] T4 Ep 12/20 complete: Prec 0.8548 F1 0.8670 DetRec 1.0000 DetFA 0.0000 | 38.37s total (0.00s eval/38.37s train)
[STATE 2026-04-26 13:31:23] Task 4 Epoch 13/20: entering train loop
T4 Ep 13/20 | L 0.5442 | Train Acc 0.86 | Prec 0.87 | F1 0.88 | Det Rec 1.00 | Det FA 0.00 | Epoch Time 38.43s (Eval 0.00s, Train 38.43s)
[STATE 2026-04-26 13:32:02] T4 Ep 13/20 complete: Prec 0.8652 F1 0.8768 DetRec 1.0000 DetFA 0.0000 | 38.43s total (0.00s eval/38.43s train)
[STATE 2026-04-26 13:32:02] Task 4 Epoch 14/20: entering train loop
T4 Ep 14/20 | L 0.4969 | Train Acc 0.88 | Prec 0.88 | F1 0.89 | Det Rec 1.00 | Det FA 0.00 | Epoch Time 38.47s (Eval 0.00s, Train 38.47s)
[STATE 2026-04-26 13:32:40] T4 Ep 14/20 complete: Prec 0.8803 F1 0.8936 DetRec 1.0000 DetFA 0.0000 | 38.47s total (0.00s eval/38.47s train)
[STATE 2026-04-26 13:32:40] Task 4 Epoch 15/20: entering train loop
T4 Ep 15/20 | L 0.4833 | Train Acc 0.89 | Prec 0.89 | F1 0.90 | Det Rec 1.00 | Det FA 0.00 | Epoch Time 38.37s (Eval 0.00s, Train 38.37s)
[STATE 2026-04-26 13:33:18] T4 Ep 15/20 complete: Prec 0.8867 F1 0.8983 DetRec 1.0000 DetFA 0.0000 | 38.37s total (0.00s eval/38.37s train)
[STATE 2026-04-26 13:33:18] Task 4 Epoch 16/20: entering train loop
T4 Ep 16/20 | L 0.4645 | Train Acc 0.90 | Prec 0.90 | F1 0.91 | Det Rec 1.00 | Det FA 0.00 | Epoch Time 38.40s (Eval 0.00s, Train 38.40s)
[STATE 2026-04-26 13:33:57] T4 Ep 16/20 complete: Prec 0.8987 F1 0.9099 DetRec 1.0000 DetFA 0.0000 | 38.40s total (0.00s eval/38.40s train)
[STATE 2026-04-26 13:33:57] Task 4 Epoch 17/20: entering train loop
T4 Ep 17/20 | L 0.4573 | Train Acc 0.91 | Prec 0.91 | F1 0.92 | Det Rec 1.00 | Det FA 0.00 | Epoch Time 38.26s (Eval 0.00s, Train 38.26s)
[STATE 2026-04-26 13:34:35] T4 Ep 17/20 complete: Prec 0.9060 F1 0.9164 DetRec 1.0000 DetFA 0.0000 | 38.26s total (0.00s eval/38.26s train)
[STATE 2026-04-26 13:34:35] Task 4 Epoch 18/20: entering train loop
T4 Ep 18/20 | L 0.4338 | Train Acc 0.92 | Prec 0.92 | F1 0.92 | Det Rec 1.00 | Det FA 0.00 | Epoch Time 38.36s (Eval 0.00s, Train 38.36s)
[STATE 2026-04-26 13:35:13] T4 Ep 18/20 complete: Prec 0.9153 F1 0.9248 DetRec 1.0000 DetFA 0.0000 | 38.36s total (0.00s eval/38.36s train)
[STATE 2026-04-26 13:35:13] Task 4 Epoch 19/20: entering train loop
T4 Ep 19/20 | L 0.4352 | Train Acc 0.92 | Prec 0.92 | F1 0.93 | Det Rec 1.00 | Det FA 0.00 | Epoch Time 38.37s (Eval 0.00s, Train 38.37s)
[STATE 2026-04-26 13:35:52] T4 Ep 19/20 complete: Prec 0.9189 F1 0.9277 DetRec 1.0000 DetFA 0.0000 | 38.37s total (0.00s eval/38.37s train)
[STATE 2026-04-26 13:35:52] Task 4 Epoch 20/20: entering train loop
T4 Ep 20/20 | L 0.4101 | Train Acc 0.93 | Prec 0.93 | F1 0.94 | Det Rec 1.00 | Det FA 0.00 | Epoch Time 38.37s (Eval 0.00s, Train 38.37s)
[STATE 2026-04-26 13:36:30] T4 Ep 20/20 complete: Prec 0.9269 F1 0.9356 DetRec 1.0000 DetFA 0.0000 | 38.37s total (0.00s eval/38.37s train)
[STATE 2026-04-26 13:36:30] Task 4: running final validation.
[STATE 2026-04-26 13:37:44] Completed task 4 (5/10)
Task 5: 201410 training samples, 100705 test samples.
[STATE 2026-04-26 13:37:44] Task 5: zero-shot validation (pre-train)
---- Zero-shot (pre-train) task 5: rec_cls 0.1805 | prec_cls 0.0863 | f1_cls 0.0736 | det 0.4985 | pfa 0.9830 | total_f1 0.5858 ----
[STATE 2026-04-26 13:39:30] Starting task 5 (6/10)
[STATE 2026-04-26 13:39:30] Task 5 Epoch 1/5: entering train loop
[STATE 2026-04-26 13:44:59] Task 5 Epoch 1/5: running validation (end of epoch)
---- Eval at Epoch 0: cls [0.7602968309333249, 0.7336036006597133, 0.33292436686699345, 0.6390633636227829, 0.6062157963050455, 0.7538103386497614] | det_recall [0.8681549723263062, 0.7107598893735609, 0.6289721138939475, 0.9979391856005895, 1.0, 0.8655343632336165] | det_fa [0.08030501917739241, 0.46844180472798225, 0.6211522359651589, 0.0, 0.0, 0.24109060878227484] ----
T5 Ep 1/5 | L 1.1995 | Train Acc 0.67 | Prec 0.67 | F1 0.65 | Det Rec 0.84 | Det FA 0.27 | Epoch Time 434.20s (Eval 106.00s, Train 328.20s)
[STATE 2026-04-26 13:46:45] T5 Ep 1/5 complete: Prec 0.6670 F1 0.6486 DetRec 0.8371 DetFA 0.2717 | 434.20s total (106.00s eval/328.20s train)
[STATE 2026-04-26 13:46:45] Task 5 Epoch 2/5: entering train loop
T5 Ep 2/5 | L 0.9167 | Train Acc 0.78 | Prec 0.78 | F1 0.76 | Det Rec 0.87 | Det FA 0.21 | Epoch Time 318.25s (Eval 0.00s, Train 318.25s)
[STATE 2026-04-26 13:52:03] T5 Ep 2/5 complete: Prec 0.7779 F1 0.7553 DetRec 0.8739 DetFA 0.2082 | 318.25s total (0.00s eval/318.25s train)
[STATE 2026-04-26 13:52:03] Task 5 Epoch 3/5: entering train loop
T5 Ep 3/5 | L 0.8496 | Train Acc 0.81 | Prec 0.80 | F1 0.78 | Det Rec 0.89 | Det FA 0.19 | Epoch Time 317.52s (Eval 0.00s, Train 317.52s)
[STATE 2026-04-26 13:57:20] T5 Ep 3/5 complete: Prec 0.8014 F1 0.7809 DetRec 0.8856 DetFA 0.1888 | 317.52s total (0.00s eval/317.52s train)
[STATE 2026-04-26 13:57:20] Task 5 Epoch 4/5: entering train loop
T5 Ep 4/5 | L 0.8095 | Train Acc 0.83 | Prec 0.82 | F1 0.80 | Det Rec 0.89 | Det FA 0.18 | Epoch Time 317.49s (Eval 0.00s, Train 317.49s)
[STATE 2026-04-26 14:02:38] T5 Ep 4/5 complete: Prec 0.8185 F1 0.7969 DetRec 0.8900 DetFA 0.1819 | 317.49s total (0.00s eval/317.49s train)
[STATE 2026-04-26 14:02:38] Task 5 Epoch 5/5: entering train loop
T5 Ep 5/5 | L 0.7775 | Train Acc 0.84 | Prec 0.83 | F1 0.81 | Det Rec 0.89 | Det FA 0.17 | Epoch Time 317.67s (Eval 0.00s, Train 317.67s)
[STATE 2026-04-26 14:07:55] T5 Ep 5/5 complete: Prec 0.8300 F1 0.8088 DetRec 0.8946 DetFA 0.1735 | 317.67s total (0.00s eval/317.67s train)
[STATE 2026-04-26 14:07:55] Task 5: running final validation.
[STATE 2026-04-26 14:09:41] Completed task 5 (6/10)
Task 6: 17340 training samples, 6800 test samples.
[STATE 2026-04-26 14:09:41] Task 6: zero-shot validation (pre-train)
---- Zero-shot (pre-train) task 6: rec_cls 0.1227 | prec_cls 0.1172 | f1_cls 0.0498 | det 0.4411 | pfa 1.0000 | total_f1 0.5449 ----
[STATE 2026-04-26 14:11:29] Starting task 6 (7/10)
[STATE 2026-04-26 14:11:29] Task 6 Epoch 1/20: entering train loop
[STATE 2026-04-26 14:11:58] Task 6 Epoch 1/20: running validation (end of epoch)
---- Eval at Epoch 0: cls [0.7798111764061058, 0.7307029492790298, 0.2927243469817193, 0.6418203848127594, 0.5583529686819275, 0.8089249827221201, 0.6481700954896674] | det_recall [0.8728147228417154, 0.7127732023744912, 0.5590489486486238, 0.9980608171216653, 1.0, 0.8681939838273224, 1.0] | det_fa [0.10659487822431965, 0.47235084175933234, 0.7389971619495571, 0.0, 0.0, 0.25071524334644707, 0.0] ----
T6 Ep 1/20 | L 1.0525 | Train Acc 0.60 | Prec 0.61 | F1 0.66 | Det Rec 0.99 | Det FA 0.02 | Epoch Time 136.14s (Eval 107.90s, Train 28.24s)
[STATE 2026-04-26 14:13:46] T6 Ep 1/20 complete: Prec 0.6075 F1 0.6583 DetRec 0.9915 DetFA 0.0160 | 136.14s total (107.90s eval/28.24s train)
[STATE 2026-04-26 14:13:46] Task 6 Epoch 2/20: entering train loop
T6 Ep 2/20 | L 0.8377 | Train Acc 0.68 | Prec 0.68 | F1 0.73 | Det Rec 1.00 | Det FA 0.00 | Epoch Time 26.84s (Eval 0.00s, Train 26.84s)
[STATE 2026-04-26 14:14:12] T6 Ep 2/20 complete: Prec 0.6819 F1 0.7275 DetRec 1.0000 DetFA 0.0000 | 26.84s total (0.00s eval/26.84s train)
[STATE 2026-04-26 14:14:12] Task 6 Epoch 3/20: entering train loop
T6 Ep 3/20 | L 0.7612 | Train Acc 0.72 | Prec 0.72 | F1 0.76 | Det Rec 1.00 | Det FA 0.00 | Epoch Time 26.95s (Eval 0.00s, Train 26.95s)
[STATE 2026-04-26 14:14:39] T6 Ep 3/20 complete: Prec 0.7201 F1 0.7593 DetRec 1.0000 DetFA 0.0000 | 26.95s total (0.00s eval/26.95s train)
[STATE 2026-04-26 14:14:39] Task 6 Epoch 4/20: entering train loop
T6 Ep 4/20 | L 0.7267 | Train Acc 0.74 | Prec 0.75 | F1 0.78 | Det Rec 1.00 | Det FA 0.00 | Epoch Time 29.09s (Eval 0.00s, Train 29.09s)
[STATE 2026-04-26 14:15:08] T6 Ep 4/20 complete: Prec 0.7477 F1 0.7822 DetRec 1.0000 DetFA 0.0000 | 29.09s total (0.00s eval/29.09s train)
[STATE 2026-04-26 14:15:08] Task 6 Epoch 5/20: entering train loop
T6 Ep 5/20 | L 0.6662 | Train Acc 0.77 | Prec 0.78 | F1 0.81 | Det Rec 1.00 | Det FA 0.00 | Epoch Time 31.89s (Eval 0.00s, Train 31.89s)
[STATE 2026-04-26 14:15:40] T6 Ep 5/20 complete: Prec 0.7756 F1 0.8065 DetRec 1.0000 DetFA 0.0000 | 31.89s total (0.00s eval/31.89s train)
[STATE 2026-04-26 14:15:40] Task 6 Epoch 6/20: entering train loop
T6 Ep 6/20 | L 0.6265 | Train Acc 0.80 | Prec 0.80 | F1 0.83 | Det Rec 1.00 | Det FA 0.00 | Epoch Time 27.41s (Eval 0.00s, Train 27.41s)
[STATE 2026-04-26 14:16:08] T6 Ep 6/20 complete: Prec 0.7974 F1 0.8264 DetRec 1.0000 DetFA 0.0000 | 27.41s total (0.00s eval/27.41s train)
[STATE 2026-04-26 14:16:08] Task 6 Epoch 7/20: entering train loop
T6 Ep 7/20 | L 0.6039 | Train Acc 0.81 | Prec 0.81 | F1 0.83 | Det Rec 1.00 | Det FA 0.00 | Epoch Time 26.91s (Eval 0.00s, Train 26.91s)
[STATE 2026-04-26 14:16:35] T6 Ep 7/20 complete: Prec 0.8082 F1 0.8346 DetRec 1.0000 DetFA 0.0000 | 26.91s total (0.00s eval/26.91s train)
[STATE 2026-04-26 14:16:35] Task 6 Epoch 8/20: entering train loop
T6 Ep 8/20 | L 0.5728 | Train Acc 0.83 | Prec 0.83 | F1 0.86 | Det Rec 1.00 | Det FA 0.00 | Epoch Time 27.04s (Eval 0.00s, Train 27.04s)
[STATE 2026-04-26 14:17:02] T6 Ep 8/20 complete: Prec 0.8328 F1 0.8560 DetRec 1.0000 DetFA 0.0000 | 27.04s total (0.00s eval/27.04s train)
[STATE 2026-04-26 14:17:02] Task 6 Epoch 9/20: entering train loop
T6 Ep 9/20 | L 0.5451 | Train Acc 0.85 | Prec 0.85 | F1 0.87 | Det Rec 1.00 | Det FA 0.00 | Epoch Time 27.01s (Eval 0.00s, Train 27.01s)
[STATE 2026-04-26 14:17:29] T6 Ep 9/20 complete: Prec 0.8456 F1 0.8669 DetRec 1.0000 DetFA 0.0000 | 27.01s total (0.00s eval/27.01s train)
[STATE 2026-04-26 14:17:29] Task 6 Epoch 10/20: entering train loop
T6 Ep 10/20 | L 0.5302 | Train Acc 0.85 | Prec 0.86 | F1 0.88 | Det Rec 1.00 | Det FA 0.00 | Epoch Time 27.18s (Eval 0.00s, Train 27.18s)
[STATE 2026-04-26 14:17:56] T6 Ep 10/20 complete: Prec 0.8553 F1 0.8750 DetRec 1.0000 DetFA 0.0000 | 27.18s total (0.00s eval/27.18s train)
[STATE 2026-04-26 14:17:56] Task 6 Epoch 11/20: entering train loop
T6 Ep 11/20 | L 0.4975 | Train Acc 0.87 | Prec 0.87 | F1 0.89 | Det Rec 1.00 | Det FA 0.00 | Epoch Time 27.11s (Eval 0.00s, Train 27.11s)
[STATE 2026-04-26 14:18:23] T6 Ep 11/20 complete: Prec 0.8723 F1 0.8899 DetRec 1.0000 DetFA 0.0000 | 27.11s total (0.00s eval/27.11s train)
[STATE 2026-04-26 14:18:23] Task 6 Epoch 12/20: entering train loop
T6 Ep 12/20 | L 0.4752 | Train Acc 0.88 | Prec 0.88 | F1 0.90 | Det Rec 1.00 | Det FA 0.00 | Epoch Time 27.06s (Eval 0.00s, Train 27.06s)
[STATE 2026-04-26 14:18:50] T6 Ep 12/20 complete: Prec 0.8822 F1 0.8982 DetRec 1.0000 DetFA 0.0000 | 27.06s total (0.00s eval/27.06s train)
[STATE 2026-04-26 14:18:50] Task 6 Epoch 13/20: entering train loop
T6 Ep 13/20 | L 0.4494 | Train Acc 0.89 | Prec 0.89 | F1 0.91 | Det Rec 1.00 | Det FA 0.00 | Epoch Time 27.04s (Eval 0.00s, Train 27.04s)
[STATE 2026-04-26 14:19:17] T6 Ep 13/20 complete: Prec 0.8898 F1 0.9055 DetRec 1.0000 DetFA 0.0000 | 27.04s total (0.00s eval/27.04s train)
[STATE 2026-04-26 14:19:17] Task 6 Epoch 14/20: entering train loop
T6 Ep 14/20 | L 0.4249 | Train Acc 0.91 | Prec 0.91 | F1 0.92 | Det Rec 1.00 | Det FA 0.00 | Epoch Time 27.07s (Eval 0.00s, Train 27.07s)
[STATE 2026-04-26 14:19:44] T6 Ep 14/20 complete: Prec 0.9060 F1 0.9197 DetRec 1.0000 DetFA 0.0000 | 27.07s total (0.00s eval/27.07s train)
[STATE 2026-04-26 14:19:44] Task 6 Epoch 15/20: entering train loop
T6 Ep 15/20 | L 0.4171 | Train Acc 0.92 | Prec 0.92 | F1 0.93 | Det Rec 1.00 | Det FA 0.00 | Epoch Time 27.31s (Eval 0.00s, Train 27.31s)
[STATE 2026-04-26 14:20:11] T6 Ep 15/20 complete: Prec 0.9162 F1 0.9275 DetRec 1.0000 DetFA 0.0000 | 27.31s total (0.00s eval/27.31s train)
[STATE 2026-04-26 14:20:11] Task 6 Epoch 16/20: entering train loop
T6 Ep 16/20 | L 0.3940 | Train Acc 0.93 | Prec 0.92 | F1 0.93 | Det Rec 1.00 | Det FA 0.00 | Epoch Time 26.91s (Eval 0.00s, Train 26.91s)
[STATE 2026-04-26 14:20:38] T6 Ep 16/20 complete: Prec 0.9239 F1 0.9348 DetRec 1.0000 DetFA 0.0000 | 26.91s total (0.00s eval/26.91s train)
[STATE 2026-04-26 14:20:38] Task 6 Epoch 17/20: entering train loop
T6 Ep 17/20 | L 0.3946 | Train Acc 0.92 | Prec 0.92 | F1 0.93 | Det Rec 1.00 | Det FA 0.00 | Epoch Time 26.93s (Eval 0.00s, Train 26.93s)
[STATE 2026-04-26 14:21:05] T6 Ep 17/20 complete: Prec 0.9225 F1 0.9334 DetRec 0.9999 DetFA 0.0001 | 26.93s total (0.00s eval/26.93s train)
[STATE 2026-04-26 14:21:05] Task 6 Epoch 18/20: entering train loop
T6 Ep 18/20 | L 0.3817 | Train Acc 0.93 | Prec 0.93 | F1 0.94 | Det Rec 1.00 | Det FA 0.00 | Epoch Time 27.13s (Eval 0.00s, Train 27.13s)
[STATE 2026-04-26 14:21:32] T6 Ep 18/20 complete: Prec 0.9316 F1 0.9415 DetRec 1.0000 DetFA 0.0000 | 27.13s total (0.00s eval/27.13s train)
[STATE 2026-04-26 14:21:32] Task 6 Epoch 19/20: entering train loop
T6 Ep 19/20 | L 0.3717 | Train Acc 0.94 | Prec 0.94 | F1 0.95 | Det Rec 1.00 | Det FA 0.00 | Epoch Time 26.92s (Eval 0.00s, Train 26.92s)
[STATE 2026-04-26 14:21:59] T6 Ep 19/20 complete: Prec 0.9366 F1 0.9456 DetRec 0.9999 DetFA 0.0001 | 26.92s total (0.00s eval/26.92s train)
[STATE 2026-04-26 14:21:59] Task 6 Epoch 20/20: entering train loop
T6 Ep 20/20 | L 0.3460 | Train Acc 0.95 | Prec 0.94 | F1 0.95 | Det Rec 1.00 | Det FA 0.00 | Epoch Time 26.96s (Eval 0.00s, Train 26.96s)
[STATE 2026-04-26 14:22:26] T6 Ep 20/20 complete: Prec 0.9426 F1 0.9513 DetRec 0.9999 DetFA 0.0001 | 26.96s total (0.00s eval/26.96s train)
[STATE 2026-04-26 14:22:26] Task 6: running final validation.
[STATE 2026-04-26 14:24:14] Completed task 6 (7/10)
Task 7: 188050 training samples, 94025 test samples.
[STATE 2026-04-26 14:24:15] Task 7: zero-shot validation (pre-train)
---- Zero-shot (pre-train) task 7: rec_cls 0.2462 | prec_cls 0.2342 | f1_cls 0.1004 | det 0.4994 | pfa 0.9999 | total_f1 0.5614 ----
[STATE 2026-04-26 14:26:32] Starting task 7 (8/10)
[STATE 2026-04-26 14:26:32] Task 7 Epoch 1/5: entering train loop
[STATE 2026-04-26 14:31:31] Task 7 Epoch 1/5: running validation (end of epoch)
---- Eval at Epoch 0: cls [0.7089392774851078, 0.6482667072778598, 0.26915667208881433, 0.5974416536422007, 0.47750172668967733, 0.6018768624856361, 0.7006775639918162, 0.7796611026241955] | det_recall [0.8535463263033461, 0.7920056782959741, 0.48713521187942654, 0.997931431096125, 1.0, 0.8220654563365104, 1.0, 0.8524884683882301] | det_fa [0.0535281055319698, 0.24218073679577637, 0.9101632556125289, 0.0, 0.0, 0.3489666129141516, 0.0, 0.2519906426498441] ----
T7 Ep 1/5 | L 0.9769 | Train Acc 0.73 | Prec 0.75 | F1 0.72 | Det Rec 0.85 | Det FA 0.24 | Epoch Time 436.16s (Eval 138.04s, Train 298.12s)
[STATE 2026-04-26 14:33:49] T7 Ep 1/5 complete: Prec 0.7502 F1 0.7155 DetRec 0.8453 DetFA 0.2386 | 436.16s total (138.04s eval/298.12s train)
[STATE 2026-04-26 14:33:49] Task 7 Epoch 2/5: entering train loop
T7 Ep 2/5 | L 0.7649 | Train Acc 0.81 | Prec 0.83 | F1 0.79 | Det Rec 0.87 | Det FA 0.20 | Epoch Time 297.05s (Eval 0.00s, Train 297.05s)
[STATE 2026-04-26 14:38:46] T7 Ep 2/5 complete: Prec 0.8253 F1 0.7900 DetRec 0.8714 DetFA 0.1984 | 297.05s total (0.00s eval/297.05s train)
[STATE 2026-04-26 14:38:46] Task 7 Epoch 3/5: entering train loop
T7 Ep 3/5 | L 0.7146 | Train Acc 0.83 | Prec 0.84 | F1 0.81 | Det Rec 0.88 | Det FA 0.19 | Epoch Time 297.16s (Eval 0.00s, Train 297.16s)
[STATE 2026-04-26 14:43:43] T7 Ep 3/5 complete: Prec 0.8396 F1 0.8063 DetRec 0.8776 DetFA 0.1891 | 297.16s total (0.00s eval/297.16s train)
[STATE 2026-04-26 14:43:43] Task 7 Epoch 4/5: entering train loop
T7 Ep 4/5 | L 0.6830 | Train Acc 0.84 | Prec 0.85 | F1 0.82 | Det Rec 0.88 | Det FA 0.18 | Epoch Time 296.80s (Eval 0.00s, Train 296.80s)
[STATE 2026-04-26 14:48:40] T7 Ep 4/5 complete: Prec 0.8492 F1 0.8168 DetRec 0.8817 DetFA 0.1835 | 296.80s total (0.00s eval/296.80s train)
[STATE 2026-04-26 14:48:40] Task 7 Epoch 5/5: entering train loop
T7 Ep 5/5 | L 0.6592 | Train Acc 0.85 | Prec 0.86 | F1 0.83 | Det Rec 0.89 | Det FA 0.18 | Epoch Time 296.59s (Eval 0.00s, Train 296.59s)
[STATE 2026-04-26 14:53:36] T7 Ep 5/5 complete: Prec 0.8578 F1 0.8270 DetRec 0.8862 DetFA 0.1769 | 296.59s total (0.00s eval/296.59s train)
[STATE 2026-04-26 14:53:36] Task 7: running final validation.
[STATE 2026-04-26 14:55:55] Completed task 7 (8/10)
Task 8: 36658 training samples, 12220 test samples.
[STATE 2026-04-26 14:55:55] Task 8: zero-shot validation (pre-train)
---- Zero-shot (pre-train) task 8: rec_cls 0.1449 | prec_cls 0.0307 | f1_cls 0.0216 | det 0.4999 | pfa 1.0000 | total_f1 0.5335 ----
[STATE 2026-04-26 14:58:17] Starting task 8 (9/10)
[STATE 2026-04-26 14:58:17] Task 8 Epoch 1/20: entering train loop
[STATE 2026-04-26 14:59:15] Task 8 Epoch 1/20: running validation (end of epoch)
---- Eval at Epoch 0: cls [0.6958003913393034, 0.6509660577337657, 0.2532087420906199, 0.5848813427596586, 0.42300522821733166, 0.4532768704692295, 0.6438437003724344, 0.8050173756838849, 0.8297518437250404] | det_recall [0.8475890428624875, 0.7972164659297318, 0.4657355834104975, 0.9978210970823397, 1.0, 0.8007819413043692, 0.9998588368153586, 0.8385974124535838, 0.7996160778438727] | det_fa [0.05683288909298163, 0.21425232623527352, 0.9566765133523264, 0.0, 0.0, 0.38875071512002557, 0.0, 0.3121773498764611, 0.3702985623947989] ----
T8 Ep 1/20 | L 0.9814 | Train Acc 0.78 | Prec 0.78 | F1 0.61 | Det Rec 0.72 | Det FA 0.53 | Epoch Time 200.77s (Eval 142.55s, Train 58.22s)
[STATE 2026-04-26 15:01:38] T8 Ep 1/20 complete: Prec 0.7843 F1 0.6100 DetRec 0.7183 DetFA 0.5321 | 200.77s total (142.55s eval/58.22s train)
[STATE 2026-04-26 15:01:38] Task 8 Epoch 2/20: entering train loop
T8 Ep 2/20 | L 0.7312 | Train Acc 0.86 | Prec 0.85 | F1 0.70 | Det Rec 0.80 | Det FA 0.36 | Epoch Time 57.29s (Eval 0.00s, Train 57.29s)
[STATE 2026-04-26 15:02:35] T8 Ep 2/20 complete: Prec 0.8500 F1 0.7020 DetRec 0.8049 DetFA 0.3603 | 57.29s total (0.00s eval/57.29s train)
[STATE 2026-04-26 15:02:35] Task 8 Epoch 3/20: entering train loop
T8 Ep 3/20 | L 0.6614 | Train Acc 0.89 | Prec 0.88 | F1 0.72 | Det Rec 0.81 | Det FA 0.36 | Epoch Time 57.22s (Eval 0.00s, Train 57.22s)
[STATE 2026-04-26 15:03:32] T8 Ep 3/20 complete: Prec 0.8806 F1 0.7204 DetRec 0.8060 DetFA 0.3611 | 57.22s total (0.00s eval/57.22s train)
[STATE 2026-04-26 15:03:32] Task 8 Epoch 4/20: entering train loop
T8 Ep 4/20 | L 0.6146 | Train Acc 0.90 | Prec 0.89 | F1 0.73 | Det Rec 0.81 | Det FA 0.36 | Epoch Time 57.16s (Eval 0.00s, Train 57.16s)
[STATE 2026-04-26 15:04:29] T8 Ep 4/20 complete: Prec 0.8913 F1 0.7287 DetRec 0.8089 DetFA 0.3582 | 57.16s total (0.00s eval/57.16s train)
[STATE 2026-04-26 15:04:29] Task 8 Epoch 5/20: entering train loop
T8 Ep 5/20 | L 0.5818 | Train Acc 0.92 | Prec 0.91 | F1 0.74 | Det Rec 0.81 | Det FA 0.35 | Epoch Time 56.93s (Eval 0.00s, Train 56.93s)
[STATE 2026-04-26 15:05:26] T8 Ep 5/20 complete: Prec 0.9091 F1 0.7393 DetRec 0.8112 DetFA 0.3517 | 56.93s total (0.00s eval/56.93s train)
[STATE 2026-04-26 15:05:26] Task 8 Epoch 6/20: entering train loop
T8 Ep 6/20 | L 0.5445 | Train Acc 0.93 | Prec 0.92 | F1 0.75 | Det Rec 0.81 | Det FA 0.35 | Epoch Time 57.27s (Eval 0.00s, Train 57.27s)
[STATE 2026-04-26 15:06:24] T8 Ep 6/20 complete: Prec 0.9239 F1 0.7486 DetRec 0.8145 DetFA 0.3466 | 57.27s total (0.00s eval/57.27s train)
[STATE 2026-04-26 15:06:24] Task 8 Epoch 7/20: entering train loop
T8 Ep 7/20 | L 0.5230 | Train Acc 0.94 | Prec 0.94 | F1 0.76 | Det Rec 0.82 | Det FA 0.34 | Epoch Time 57.18s (Eval 0.00s, Train 57.18s)
[STATE 2026-04-26 15:07:21] T8 Ep 7/20 complete: Prec 0.9380 F1 0.7583 DetRec 0.8176 DetFA 0.3412 | 57.18s total (0.00s eval/57.18s train)
[STATE 2026-04-26 15:07:21] Task 8 Epoch 8/20: entering train loop
T8 Ep 8/20 | L 0.4949 | Train Acc 0.95 | Prec 0.95 | F1 0.77 | Det Rec 0.82 | Det FA 0.33 | Epoch Time 57.32s (Eval 0.00s, Train 57.32s)
[STATE 2026-04-26 15:08:18] T8 Ep 8/20 complete: Prec 0.9462 F1 0.7666 DetRec 0.8217 DetFA 0.3344 | 57.32s total (0.00s eval/57.32s train)
[STATE 2026-04-26 15:08:18] Task 8 Epoch 9/20: entering train loop
T8 Ep 9/20 | L 0.4739 | Train Acc 0.95 | Prec 0.95 | F1 0.78 | Det Rec 0.83 | Det FA 0.32 | Epoch Time 57.59s (Eval 0.00s, Train 57.59s)
[STATE 2026-04-26 15:09:16] T8 Ep 9/20 complete: Prec 0.9546 F1 0.7760 DetRec 0.8276 DetFA 0.3230 | 57.59s total (0.00s eval/57.59s train)
[STATE 2026-04-26 15:09:16] Task 8 Epoch 10/20: entering train loop
T8 Ep 10/20 | L 0.4628 | Train Acc 0.96 | Prec 0.96 | F1 0.78 | Det Rec 0.83 | Det FA 0.31 | Epoch Time 57.14s (Eval 0.00s, Train 57.14s)
[STATE 2026-04-26 15:10:13] T8 Ep 10/20 complete: Prec 0.9622 F1 0.7818 DetRec 0.8318 DetFA 0.3130 | 57.14s total (0.00s eval/57.14s train)
[STATE 2026-04-26 15:10:13] Task 8 Epoch 11/20: entering train loop
T8 Ep 11/20 | L 0.4377 | Train Acc 0.97 | Prec 0.97 | F1 0.79 | Det Rec 0.84 | Det FA 0.30 | Epoch Time 57.12s (Eval 0.00s, Train 57.12s)
[STATE 2026-04-26 15:11:10] T8 Ep 11/20 complete: Prec 0.9710 F1 0.7928 DetRec 0.8367 DetFA 0.3044 | 57.12s total (0.00s eval/57.12s train)
[STATE 2026-04-26 15:11:10] Task 8 Epoch 12/20: entering train loop
T8 Ep 12/20 | L 0.4285 | Train Acc 0.97 | Prec 0.98 | F1 0.80 | Det Rec 0.84 | Det FA 0.30 | Epoch Time 56.95s (Eval 0.00s, Train 56.95s)
[STATE 2026-04-26 15:12:07] T8 Ep 12/20 complete: Prec 0.9762 F1 0.7979 DetRec 0.8393 DetFA 0.2993 | 56.95s total (0.00s eval/56.95s train)
[STATE 2026-04-26 15:12:07] Task 8 Epoch 13/20: entering train loop
T8 Ep 13/20 | L 0.4136 | Train Acc 0.97 | Prec 0.98 | F1 0.81 | Det Rec 0.84 | Det FA 0.29 | Epoch Time 57.09s (Eval 0.00s, Train 57.09s)
[STATE 2026-04-26 15:13:04] T8 Ep 13/20 complete: Prec 0.9802 F1 0.8056 DetRec 0.8443 DetFA 0.2894 | 57.09s total (0.00s eval/57.09s train)
[STATE 2026-04-26 15:13:04] Task 8 Epoch 14/20: entering train loop
T8 Ep 14/20 | L 0.4049 | Train Acc 0.97 | Prec 0.98 | F1 0.81 | Det Rec 0.85 | Det FA 0.28 | Epoch Time 56.91s (Eval 0.00s, Train 56.91s)
[STATE 2026-04-26 15:14:01] T8 Ep 14/20 complete: Prec 0.9811 F1 0.8124 DetRec 0.8497 DetFA 0.2794 | 56.91s total (0.00s eval/56.91s train)
[STATE 2026-04-26 15:14:01] Task 8 Epoch 15/20: entering train loop
T8 Ep 15/20 | L 0.4001 | Train Acc 0.97 | Prec 0.98 | F1 0.81 | Det Rec 0.85 | Det FA 0.28 | Epoch Time 56.95s (Eval 0.00s, Train 56.95s)
[STATE 2026-04-26 15:14:58] T8 Ep 15/20 complete: Prec 0.9820 F1 0.8143 DetRec 0.8511 DetFA 0.2767 | 56.95s total (0.00s eval/56.95s train)
[STATE 2026-04-26 15:14:58] Task 8 Epoch 16/20: entering train loop
T8 Ep 16/20 | L 0.3975 | Train Acc 0.98 | Prec 0.98 | F1 0.82 | Det Rec 0.85 | Det FA 0.27 | Epoch Time 56.99s (Eval 0.00s, Train 56.99s)
[STATE 2026-04-26 15:15:55] T8 Ep 16/20 complete: Prec 0.9837 F1 0.8182 DetRec 0.8547 DetFA 0.2702 | 56.99s total (0.00s eval/56.99s train)
[STATE 2026-04-26 15:15:55] Task 8 Epoch 17/20: entering train loop
T8 Ep 17/20 | L 0.3837 | Train Acc 0.98 | Prec 0.99 | F1 0.82 | Det Rec 0.86 | Det FA 0.27 | Epoch Time 61.23s (Eval 0.00s, Train 61.23s)
[STATE 2026-04-26 15:16:56] T8 Ep 17/20 complete: Prec 0.9865 F1 0.8233 DetRec 0.8566 DetFA 0.2670 | 61.23s total (0.00s eval/61.23s train)
[STATE 2026-04-26 15:16:56] Task 8 Epoch 18/20: entering train loop
T8 Ep 18/20 | L 0.3754 | Train Acc 0.98 | Prec 0.99 | F1 0.83 | Det Rec 0.86 | Det FA 0.26 | Epoch Time 67.31s (Eval 0.00s, Train 67.31s)
[STATE 2026-04-26 15:18:03] T8 Ep 18/20 complete: Prec 0.9878 F1 0.8302 DetRec 0.8635 DetFA 0.2553 | 67.31s total (0.00s eval/67.31s train)
[STATE 2026-04-26 15:18:03] Task 8 Epoch 19/20: entering train loop
T8 Ep 19/20 | L 0.3565 | Train Acc 0.98 | Prec 0.99 | F1 0.84 | Det Rec 0.87 | Det FA 0.25 | Epoch Time 58.12s (Eval 0.00s, Train 58.12s)
[STATE 2026-04-26 15:19:01] T8 Ep 19/20 complete: Prec 0.9918 F1 0.8398 DetRec 0.8677 DetFA 0.2466 | 58.12s total (0.00s eval/58.12s train)
[STATE 2026-04-26 15:19:01] Task 8 Epoch 20/20: entering train loop
T8 Ep 20/20 | L 0.3491 | Train Acc 0.98 | Prec 0.99 | F1 0.84 | Det Rec 0.87 | Det FA 0.24 | Epoch Time 56.44s (Eval 0.00s, Train 56.44s)
[STATE 2026-04-26 15:19:58] T8 Ep 20/20 complete: Prec 0.9932 F1 0.8449 DetRec 0.8713 DetFA 0.2395 | 56.44s total (0.00s eval/56.44s train)
[STATE 2026-04-26 15:19:58] Task 8: running final validation.
[STATE 2026-04-26 15:22:26] Completed task 8 (9/10)
Task 9: 17340 training samples, 6800 test samples.
[STATE 2026-04-26 15:22:27] Task 9: zero-shot validation (pre-train)
---- Zero-shot (pre-train) task 9: rec_cls 0.2787 | prec_cls 0.2638 | f1_cls 0.1993 | det 0.4954 | pfa 1.0000 | total_f1 0.5015 ----
[STATE 2026-04-26 15:24:49] Starting task 9 (10/10)
[STATE 2026-04-26 15:24:49] Task 9 Epoch 1/10: entering train loop
[STATE 2026-04-26 15:25:24] Task 9 Epoch 1/10: running validation (end of epoch)
---- Eval at Epoch 0: cls [0.6807311994078395, 0.6018235710393829, 0.2465796792785593, 0.5755868546000716, 0.40377307246933747, 0.39984896921823554, 0.6142056456869244, 0.7613148496736707, 0.7739745680926028, 0.5618752794685025] | det_recall [0.8415274594207698, 0.8104508477964376, 0.4713515086462716, 0.5072739632786303, 0.9997629928315412, 0.5291430597225897, 0.9998588368153586, 0.755104806355319, 0.8282725192892534, 1.0] | det_fa [0.049922619913659434, 0.15605028860097328, 0.9836307025086733, 0.9844920007186887, 0.0, 0.9403558038019296, 0.0, 0.4702065849582664, 0.258244514372634, 0.0] ----
T9 Ep 1/10 | L 1.0633 | Train Acc 0.53 | Prec 0.53 | F1 0.59 | Det Rec 0.99 | Det FA 0.03 | Epoch Time 178.01s (Eval 142.94s, Train 35.07s)
[STATE 2026-04-26 15:27:47] T9 Ep 1/10 complete: Prec 0.5337 F1 0.5934 DetRec 0.9852 DetFA 0.0294 | 178.01s total (142.94s eval/35.07s train)
[STATE 2026-04-26 15:27:47] Task 9 Epoch 2/10: entering train loop
T9 Ep 2/10 | L 0.9191 | Train Acc 0.61 | Prec 0.61 | F1 0.67 | Det Rec 1.00 | Det FA 0.00 | Epoch Time 26.43s (Eval 0.00s, Train 26.43s)
[STATE 2026-04-26 15:28:14] T9 Ep 2/10 complete: Prec 0.6090 F1 0.6668 DetRec 1.0000 DetFA 0.0000 | 26.43s total (0.00s eval/26.43s train)
[STATE 2026-04-26 15:28:14] Task 9 Epoch 3/10: entering train loop
T9 Ep 3/10 | L 0.8515 | Train Acc 0.64 | Prec 0.64 | F1 0.69 | Det Rec 1.00 | Det FA 0.00 | Epoch Time 26.57s (Eval 0.00s, Train 26.57s)
[STATE 2026-04-26 15:28:40] T9 Ep 3/10 complete: Prec 0.6412 F1 0.6933 DetRec 1.0000 DetFA 0.0000 | 26.57s total (0.00s eval/26.57s train)
[STATE 2026-04-26 15:28:40] Task 9 Epoch 4/10: entering train loop
T9 Ep 4/10 | L 0.7554 | Train Acc 0.67 | Prec 0.67 | F1 0.72 | Det Rec 1.00 | Det FA 0.00 | Epoch Time 26.59s (Eval 0.00s, Train 26.59s)
[STATE 2026-04-26 15:29:07] T9 Ep 4/10 complete: Prec 0.6679 F1 0.7156 DetRec 1.0000 DetFA 0.0000 | 26.59s total (0.00s eval/26.59s train)
[STATE 2026-04-26 15:29:07] Task 9 Epoch 5/10: entering train loop
T9 Ep 5/10 | L 0.7288 | Train Acc 0.69 | Prec 0.68 | F1 0.73 | Det Rec 1.00 | Det FA 0.00 | Epoch Time 26.51s (Eval 0.00s, Train 26.51s)
[STATE 2026-04-26 15:29:33] T9 Ep 5/10 complete: Prec 0.6849 F1 0.7309 DetRec 1.0000 DetFA 0.0000 | 26.51s total (0.00s eval/26.51s train)
[STATE 2026-04-26 15:29:33] Task 9 Epoch 6/10: entering train loop
T9 Ep 6/10 | L 0.7185 | Train Acc 0.70 | Prec 0.70 | F1 0.74 | Det Rec 1.00 | Det FA 0.00 | Epoch Time 26.53s (Eval 0.00s, Train 26.53s)
[STATE 2026-04-26 15:30:00] T9 Ep 6/10 complete: Prec 0.6994 F1 0.7423 DetRec 1.0000 DetFA 0.0000 | 26.53s total (0.00s eval/26.53s train)
[STATE 2026-04-26 15:30:00] Task 9 Epoch 7/10: entering train loop
T9 Ep 7/10 | L 0.6956 | Train Acc 0.71 | Prec 0.71 | F1 0.75 | Det Rec 1.00 | Det FA 0.00 | Epoch Time 26.54s (Eval 0.00s, Train 26.54s)
[STATE 2026-04-26 15:30:26] T9 Ep 7/10 complete: Prec 0.7080 F1 0.7481 DetRec 1.0000 DetFA 0.0000 | 26.54s total (0.00s eval/26.54s train)
[STATE 2026-04-26 15:30:26] Task 9 Epoch 8/10: entering train loop
T9 Ep 8/10 | L 0.6733 | Train Acc 0.72 | Prec 0.72 | F1 0.76 | Det Rec 1.00 | Det FA 0.00 | Epoch Time 26.50s (Eval 0.00s, Train 26.50s)
[STATE 2026-04-26 15:30:53] T9 Ep 8/10 complete: Prec 0.7163 F1 0.7562 DetRec 1.0000 DetFA 0.0000 | 26.50s total (0.00s eval/26.50s train)
[STATE 2026-04-26 15:30:53] Task 9 Epoch 9/10: entering train loop
T9 Ep 9/10 | L 0.6420 | Train Acc 0.73 | Prec 0.73 | F1 0.77 | Det Rec 1.00 | Det FA 0.00 | Epoch Time 26.54s (Eval 0.00s, Train 26.54s)
[STATE 2026-04-26 15:31:19] T9 Ep 9/10 complete: Prec 0.7332 F1 0.7713 DetRec 1.0000 DetFA 0.0000 | 26.54s total (0.00s eval/26.54s train)
[STATE 2026-04-26 15:31:19] Task 9 Epoch 10/10: entering train loop
T9 Ep 10/10 | L 0.6303 | Train Acc 0.74 | Prec 0.74 | F1 0.78 | Det Rec 1.00 | Det FA 0.00 | Epoch Time 26.52s (Eval 0.00s, Train 26.52s)
[STATE 2026-04-26 15:31:46] T9 Ep 10/10 complete: Prec 0.7402 F1 0.7756 DetRec 1.0000 DetFA 0.0000 | 26.52s total (0.00s eval/26.52s train)
[STATE 2026-04-26 15:31:46] Task 9: running final validation.
[STATE 2026-04-26 15:34:09] Completed task 9 (10/10)
####Final Validation Accuracy####
Final Results:- 
 Total Recall: 0.5486945691908376 
 Individual Recall: [0.679481584550931, 0.5709147129590466, 0.2519266602756655, 0.5667541958901892, 0.412752450946808, 0.3875224630299228, 0.6230083201159874, 0.7016790882625797, 0.6741578431203924, 0.6187483727568531]
Final Detection Results:- 
 Total Detection: 0.7811167246605603 
 Individual Detection: [0.8430761131534973, 0.8224135016992218, 0.4836475890272945, 0.5012921123195071, 0.9996290156115074, 0.577440133721058, 0.9998588368153586, 0.7454687938019007, 0.8383411504562578, 1.0]
Final Detection False Alarm:- 
 Total False Alarm: 0.36420371347352454 
 Individual False Alarm: [0.05147353231648253, 0.11009767758042832, 0.9765491531504649, 0.9964243315642013, 0.0, 0.8440755405270636, 0.0, 0.49476714471934713, 0.16864975487725783, 0.0]
SUMMARY_TR cls_rec=0.7374 cls_prec=0.7402 cls_f1=0.7756 det=0.7743 fa=0.3843
SUMMARY_TE cls_rec=0.5487 cls_prec=0.6080 cls_f1=0.5324 det=0.7811 fa=0.3642
[STATE 2026-04-26 15:34:09] Saving results to logs//lwf/full-tasks_CIL_all-2026-04-26_12-00-35-9428/0/results
Model size: 0.0578 GB
Memory buffer size: 0.0000 GB
logs//lwf/full-tasks_CIL_all-2026-04-26_12-00-35-9428/0/results: {'expt_name': 'full-tasks_CIL_all', 'model': 'lwf', 'arch': 'resnet1d', 'n_hiddens': 100, 'n_layers': 2, 'xav_init': False, 'debug': False, 'use_detector_arch': False, 'use_groupnorm': False, 'inner_steps': 1, 'n_epochs': 10, 'batch_size': 256, 'replay_batch_size': 128, 'memories': 5120, 'lr': 0.01, 'optimizer': 'sgd', 'prune_perc': 0.75, 'post_prune_epochs': 0, 'class_weighted_ce': True, 'cuda': True, 'seed': 0, 'log_every': 10, 'log_dir': 'logs//lwf/full-tasks_CIL_all-2026-04-26_12-00-35-9428/0', 'tf_dir': 'logs//lwf/full-tasks_CIL_all-2026-04-26_12-00-35-9428/0/tfdir', 'calc_test_accuracy': False, 'state_logging': True, 'data_path': 'data/rff/radar/full', 'task_order_files': 't2-rcn,t0-rcn,t2-uclresm-25noise,t0-deeprad,t1-deeprad,t1-uclresm-25noise,t3-deeprad,t0-uclresm-25noise,t1-rcn,t2-deeprad', 'loader': 'task_incremental_loader', 'samples_per_task': -1, 'shuffle_tasks': False, 'classes_per_it': 6, 'iterations': 5000, 'dataset': 'iq', 'workers': 0, 'validation': 0.5, 'data_scaling': 'normalize', 'use_iq_aug_features': False, 'iq_aug_feature_type': 'power', 'class_order': 'random', 'increment': 5, 'test_batch_size': 512, 'nc_per_task': None, 'nc_per_task_list': '', 'val_rate': 1000, 'opt_lr': 0.1, 'opt_wt': 0.1, 'alpha_init': 0.001, 'momentum': 0.0, 'learn_lr': False, 'sync_update': False, 'grad_clip_norm': 5.0, 'meta_batches': 3, 'use_old_task_memory': False, 'second_order': False, 'n_memories': 5120, 'memory_strength': 0, 'steps_per_sample': 1, 'bgd_optimizer': 'sgd', 'optimizer_params': '{}', 'train_mc_iters': 5, 'std_init': 0.05, 'mean_eta': 1, 'fisher_gamma': 0.95, 'rln': 7, 'meta_lr': 0.001, 'update_lr': 0.1, 'ctx_lr': 0.05, 'n_meta': 1, 'temperature': 5.0, 'task_emb': 64, 'classes_per_task': [6, 7, 6, 7, 7, 6, 6, 6, 7, 6], 'get_samples_per_task': <bound method IncrementalLoader.get_samples_per_task of <dataloaders.task_incremental_loader.IncrementalLoader object at 0x7c6aa0053ec0>>, 'task_epoch_schedule': {0: 10, 1: 10, 2: 3, 3: 20, 4: 20, 5: 5, 6: 20, 7: 5, 8: 20, 9: 10}} # val: 0.775 0.549 -0.226 0.000 # sizes: model_gb=0.0578 mem_gb=0.0000 # 12751.23254942894
[STATE 2026-04-26 15:34:09] results.pt components (approx): state_dict 59.2 MB, result_val_t 0.1 KB, result_val_a 0.8 KB
[STATE 2026-04-26 15:34:09] Results saved; total runtime 3.54h
Total runtime: 3.54 hours
