Logging tuning sweep to logs/tuning/suites/tuning_suite_20251228_182359.log
Using config: configs/tuning_defaults.yaml

[ 1 / 7 ] Running agem via tuning/Alpha/tune_agem.py
Command: python3 tuning/Alpha/tune_agem.py --config configs/tuning_defaults.yaml --config configs/models/agem.yaml
Set seed 0
Found tasks: ['task2.npz', 'task0.npz', 'task1.npz']
Loaded task0.npz: Unique train labels: [0 1 2 3 4]
Loaded task0.npz: Remapped labels: [0 1 2 3 4]. Size: 8160)
Built classes_per_task: [5]
---- Eval at Epoch 0: [0.20676203086129558] ----
Task 0 Epoch 1/5 | Loss 1.8016 | Train Acc 0.2166 | Val Acc 0.2068 | Epoch Time 9.37s (Eval 0.76s, Train 8.61s)
Task 0 Epoch 2/5 | Loss 1.4757 | Train Acc 0.3142 | Val Acc 0.2068 | Epoch Time 8.46s (Eval 0.00s, Train 8.46s)
Task 0 Epoch 3/5 | Loss 1.1442 | Train Acc 0.4879 | Val Acc 0.2068 | Epoch Time 8.12s (Eval 0.00s, Train 8.12s)
Task 0 Epoch 4/5 | Loss 1.0265 | Train Acc 0.5230 | Val Acc 0.2068 | Epoch Time 8.47s (Eval 0.00s, Train 8.47s)
Task 0 Epoch 5/5 | Loss 0.9648 | Train Acc 0.5623 | Val Acc 0.2068 | Epoch Time 8.33s (Eval 0.00s, Train 8.33s)
####Final Validation Accuracy####
Final Results:- 
 Total Accuracy: 0.545078778559332 
 Individual Accuracy: [0.545078778559332]
Trial 0 finished | val_mean=0.5451 | params={'batch_size': 32, 'lr': 0.3, 'memories': 1024, 'memory_strength': 0.0}
Set seed 1
Found tasks: ['task2.npz', 'task0.npz', 'task1.npz']
Loaded task0.npz: Unique train labels: [0 1 2 3 4]
Loaded task0.npz: Remapped labels: [0 1 2 3 4]. Size: 8160)
Built classes_per_task: [5]
---- Eval at Epoch 0: [0.21154615167361876] ----
Task 0 Epoch 1/5 | Loss 1.7896 | Train Acc 0.2183 | Val Acc 0.2115 | Epoch Time 8.37s (Eval 0.64s, Train 7.73s)
Task 0 Epoch 2/5 | Loss 1.4333 | Train Acc 0.3514 | Val Acc 0.2115 | Epoch Time 7.83s (Eval 0.00s, Train 7.83s)
Task 0 Epoch 3/5 | Loss 1.1079 | Train Acc 0.4969 | Val Acc 0.2115 | Epoch Time 8.15s (Eval 0.00s, Train 8.15s)
Task 0 Epoch 4/5 | Loss 0.9880 | Train Acc 0.5459 | Val Acc 0.2115 | Epoch Time 8.17s (Eval 0.00s, Train 8.17s)
Task 0 Epoch 5/5 | Loss 0.9238 | Train Acc 0.5797 | Val Acc 0.2115 | Epoch Time 8.29s (Eval 0.00s, Train 8.29s)
####Final Validation Accuracy####
Final Results:- 
 Total Accuracy: 0.5652015930513415 
 Individual Accuracy: [0.5652015930513415]
Trial 1 finished | val_mean=0.5652 | params={'batch_size': 32, 'lr': 0.3, 'memories': 1024, 'memory_strength': 0.1}
Set seed 2
Found tasks: ['task2.npz', 'task0.npz', 'task1.npz']
Loaded task0.npz: Unique train labels: [0 1 2 3 4]
Loaded task0.npz: Remapped labels: [0 1 2 3 4]. Size: 8160)
Built classes_per_task: [5]
---- Eval at Epoch 0: [0.20608171943940132] ----
Task 0 Epoch 1/5 | Loss 1.8462 | Train Acc 0.2050 | Val Acc 0.2061 | Epoch Time 9.19s (Eval 0.70s, Train 8.48s)
Task 0 Epoch 2/5 | Loss 1.5980 | Train Acc 0.2326 | Val Acc 0.2061 | Epoch Time 8.40s (Eval 0.00s, Train 8.40s)
Task 0 Epoch 3/5 | Loss 1.4209 | Train Acc 0.3442 | Val Acc 0.2061 | Epoch Time 8.37s (Eval 0.00s, Train 8.37s)
Task 0 Epoch 4/5 | Loss 1.1155 | Train Acc 0.4926 | Val Acc 0.2061 | Epoch Time 8.08s (Eval 0.00s, Train 8.08s)
Task 0 Epoch 5/5 | Loss 1.0110 | Train Acc 0.5427 | Val Acc 0.2061 | Epoch Time 8.48s (Eval 0.00s, Train 8.48s)
####Final Validation Accuracy####
Final Results:- 
 Total Accuracy: 0.5374904981392017 
 Individual Accuracy: [0.5374904981392017]
Trial 2 finished | val_mean=0.5375 | params={'batch_size': 32, 'lr': 0.3, 'memories': 1024, 'memory_strength': 0.2}
Set seed 3
Found tasks: ['task2.npz', 'task0.npz', 'task1.npz']
Loaded task0.npz: Unique train labels: [0 1 2 3 4]
Loaded task0.npz: Remapped labels: [0 1 2 3 4]. Size: 8160)
Built classes_per_task: [5]
---- Eval at Epoch 0: [0.19501438499043955] ----
Task 0 Epoch 1/5 | Loss 1.7992 | Train Acc 0.2242 | Val Acc 0.1950 | Epoch Time 9.11s (Eval 0.64s, Train 8.47s)
Task 0 Epoch 2/5 | Loss 1.3293 | Train Acc 0.4074 | Val Acc 0.1950 | Epoch Time 8.45s (Eval 0.00s, Train 8.45s)
Task 0 Epoch 3/5 | Loss 1.0740 | Train Acc 0.5203 | Val Acc 0.1950 | Epoch Time 8.48s (Eval 0.00s, Train 8.48s)
Task 0 Epoch 4/5 | Loss 0.9844 | Train Acc 0.5546 | Val Acc 0.1950 | Epoch Time 7.94s (Eval 0.00s, Train 7.94s)
Task 0 Epoch 5/5 | Loss 0.9298 | Train Acc 0.5753 | Val Acc 0.1950 | Epoch Time 7.74s (Eval 0.00s, Train 7.74s)
####Final Validation Accuracy####
Final Results:- 
 Total Accuracy: 0.5938636714538901 
 Individual Accuracy: [0.5938636714538901]
Trial 3 finished | val_mean=0.5939 | params={'batch_size': 32, 'lr': 0.3, 'memories': 1024, 'memory_strength': 0.3}
Set seed 4
Found tasks: ['task2.npz', 'task0.npz', 'task1.npz']
Loaded task0.npz: Unique train labels: [0 1 2 3 4]
Loaded task0.npz: Remapped labels: [0 1 2 3 4]. Size: 8160)
Built classes_per_task: [5]
---- Eval at Epoch 0: [0.21631020314287536] ----
Task 0 Epoch 1/5 | Loss 1.8144 | Train Acc 0.2096 | Val Acc 0.2163 | Epoch Time 8.92s (Eval 0.70s, Train 8.22s)
Task 0 Epoch 2/5 | Loss 1.5181 | Train Acc 0.2890 | Val Acc 0.2163 | Epoch Time 7.98s (Eval 0.00s, Train 7.98s)
Task 0 Epoch 3/5 | Loss 1.2491 | Train Acc 0.4309 | Val Acc 0.2163 | Epoch Time 8.37s (Eval 0.00s, Train 8.37s)
Task 0 Epoch 4/5 | Loss 1.0463 | Train Acc 0.5263 | Val Acc 0.2163 | Epoch Time 8.35s (Eval 0.00s, Train 8.35s)
Task 0 Epoch 5/5 | Loss 0.9599 | Train Acc 0.5578 | Val Acc 0.2163 | Epoch Time 8.42s (Eval 0.00s, Train 8.42s)
####Final Validation Accuracy####
Final Results:- 
 Total Accuracy: 0.5358491540172075 
 Individual Accuracy: [0.5358491540172075]
Trial 4 finished | val_mean=0.5358 | params={'batch_size': 32, 'lr': 0.3, 'memories': 1024, 'memory_strength': 0.4}
Set seed 5
Found tasks: ['task2.npz', 'task0.npz', 'task1.npz']
Loaded task0.npz: Unique train labels: [0 1 2 3 4]
Loaded task0.npz: Remapped labels: [0 1 2 3 4]. Size: 8160)
Built classes_per_task: [5]
---- Eval at Epoch 0: [0.2] ----
Task 0 Epoch 1/5 | Loss 1.7591 | Train Acc 0.2440 | Val Acc 0.2000 | Epoch Time 8.53s (Eval 0.66s, Train 7.87s)
Task 0 Epoch 2/5 | Loss 1.3081 | Train Acc 0.4240 | Val Acc 0.2000 | Epoch Time 8.06s (Eval 0.00s, Train 8.06s)
Task 0 Epoch 3/5 | Loss 1.0709 | Train Acc 0.5180 | Val Acc 0.2000 | Epoch Time 8.50s (Eval 0.00s, Train 8.50s)
Task 0 Epoch 4/5 | Loss 0.9744 | Train Acc 0.5608 | Val Acc 0.2000 | Epoch Time 8.43s (Eval 0.00s, Train 8.43s)
Task 0 Epoch 5/5 | Loss 0.9334 | Train Acc 0.5759 | Val Acc 0.2000 | Epoch Time 8.21s (Eval 0.00s, Train 8.21s)
####Final Validation Accuracy####
Final Results:- 
 Total Accuracy: 0.5498574633892939 
 Individual Accuracy: [0.5498574633892939]
Trial 5 finished | val_mean=0.5499 | params={'batch_size': 32, 'lr': 0.3, 'memories': 1024, 'memory_strength': 0.5}
Set seed 6
Found tasks: ['task2.npz', 'task0.npz', 'task1.npz']
Loaded task0.npz: Unique train labels: [0 1 2 3 4]
Loaded task0.npz: Remapped labels: [0 1 2 3 4]. Size: 8160)
Built classes_per_task: [5]
---- Eval at Epoch 0: [0.18753648468189876] ----
Task 0 Epoch 1/5 | Loss 1.8039 | Train Acc 0.2108 | Val Acc 0.1875 | Epoch Time 9.13s (Eval 0.64s, Train 8.49s)
Task 0 Epoch 2/5 | Loss 1.5161 | Train Acc 0.2939 | Val Acc 0.1875 | Epoch Time 8.31s (Eval 0.00s, Train 8.31s)
Task 0 Epoch 3/5 | Loss 1.2377 | Train Acc 0.4489 | Val Acc 0.1875 | Epoch Time 8.38s (Eval 0.00s, Train 8.38s)
Task 0 Epoch 4/5 | Loss 1.0382 | Train Acc 0.5340 | Val Acc 0.1875 | Epoch Time 8.47s (Eval 0.00s, Train 8.47s)
Task 0 Epoch 5/5 | Loss 0.9434 | Train Acc 0.5725 | Val Acc 0.1875 | Epoch Time 8.25s (Eval 0.00s, Train 8.25s)
####Final Validation Accuracy####
Final Results:- 
 Total Accuracy: 0.5816451847730872 
 Individual Accuracy: [0.5816451847730872]
Trial 6 finished | val_mean=0.5816 | params={'batch_size': 32, 'lr': 0.3, 'memories': 1024, 'memory_strength': 0.6}
Set seed 7
Found tasks: ['task2.npz', 'task0.npz', 'task1.npz']
Loaded task0.npz: Unique train labels: [0 1 2 3 4]
Loaded task0.npz: Remapped labels: [0 1 2 3 4]. Size: 8160)
Built classes_per_task: [5]
---- Eval at Epoch 0: [0.20989550699665832] ----
Task 0 Epoch 1/5 | Loss 1.8155 | Train Acc 0.2270 | Val Acc 0.2099 | Epoch Time 8.71s (Eval 0.64s, Train 8.07s)
Task 0 Epoch 2/5 | Loss 1.3696 | Train Acc 0.3837 | Val Acc 0.2099 | Epoch Time 8.49s (Eval 0.00s, Train 8.49s)
Task 0 Epoch 3/5 | Loss 1.0861 | Train Acc 0.5105 | Val Acc 0.2099 | Epoch Time 8.42s (Eval 0.00s, Train 8.42s)
Task 0 Epoch 4/5 | Loss 0.9661 | Train Acc 0.5600 | Val Acc 0.2099 | Epoch Time 8.22s (Eval 0.00s, Train 8.22s)
