Logging tuning sweep to logs/tuning/suites/tuning_suite_20251228_185602.log
Using config: configs/tuning_defaults.yaml

[ 1 / 7 ] Running agem via tuning/Alpha/tune_agem.py
Command: python3 tuning/Alpha/tune_agem.py --config configs/tuning_defaults.yaml --config configs/models/agem.yaml
Set seed 0
Loaded task0.npz: Unique train labels: [0 1 2 3 4]
Loaded task0.npz: Remapped labels: [0 1 2 3 4]. Size: 8160)
Loaded task1.npz: Unique train labels: [ 9 10 14 15 16]
Loaded task1.npz: Remapped labels: [5 6 7 8 9]. Size: 3887)
Loaded task2.npz: Unique train labels: [0 1 2 3 4]
Loaded task2.npz: Remapped labels: [0 1 2 3 4]. Size: 8160)
Built classes_per_task: [5, 5, 5]
---- Eval at Epoch 0: [0.02298378026238866, 0.13457760793722306, 0.017793872599544867] ----
Task 0 Epoch 1/5 | Loss 1.8049 | Train Acc 0.2161 | Val Acc 0.0230 | Epoch Time 10.78s (Eval 1.96s, Train 8.82s)
Task 0 Epoch 2/5 | Loss 1.5312 | Train Acc 0.2869 | Val Acc 0.0230 | Epoch Time 8.47s (Eval 0.00s, Train 8.47s)
Task 0 Epoch 3/5 | Loss 1.1977 | Train Acc 0.4674 | Val Acc 0.0230 | Epoch Time 8.60s (Eval 0.00s, Train 8.60s)
Task 0 Epoch 4/5 | Loss 0.9946 | Train Acc 0.5433 | Val Acc 0.0230 | Epoch Time 8.48s (Eval 0.00s, Train 8.48s)
Task 0 Epoch 5/5 | Loss 0.9034 | Train Acc 0.5855 | Val Acc 0.0230 | Epoch Time 8.67s (Eval 0.00s, Train 8.67s)
---- Eval at Epoch 0: [0.5727727769199324, 0.0, 0.11131595987754075] ----
Task 1 Epoch 1/5 | Loss 0.9936 | Train Acc 0.5075 | Val Acc 0.0000 | Epoch Time 5.96s (Eval 1.80s, Train 4.16s)
Task 1 Epoch 2/5 | Loss 0.4828 | Train Acc 0.7989 | Val Acc 0.0000 | Epoch Time 4.27s (Eval 0.00s, Train 4.27s)
Task 1 Epoch 3/5 | Loss 0.3692 | Train Acc 0.8450 | Val Acc 0.0000 | Epoch Time 4.11s (Eval 0.00s, Train 4.11s)
Task 1 Epoch 4/5 | Loss 0.3095 | Train Acc 0.8749 | Val Acc 0.0000 | Epoch Time 4.13s (Eval 0.00s, Train 4.13s)
Task 1 Epoch 5/5 | Loss 0.2884 | Train Acc 0.8863 | Val Acc 0.0000 | Epoch Time 4.13s (Eval 0.00s, Train 4.13s)
---- Eval at Epoch 0: [0.008802748007711242, 0.824231137783849, 0.006794452483790719] ----
Trial 0 failed: argmax(): Expected reduction dim 1 to have non-zero size.
Set seed 1
Loaded task0.npz: Unique train labels: [0 1 2 3 4]
Loaded task0.npz: Remapped labels: [0 1 2 3 4]. Size: 8160)
Loaded task1.npz: Unique train labels: [ 9 10 14 15 16]
Loaded task1.npz: Remapped labels: [5 6 7 8 9]. Size: 3887)
Loaded task2.npz: Unique train labels: [0 1 2 3 4]
Loaded task2.npz: Remapped labels: [0 1 2 3 4]. Size: 8160)
Built classes_per_task: [5, 5, 5]
---- Eval at Epoch 0: [0.11217703081138525, 0.07887657208244861, 0.10519961840906233] ----
Task 0 Epoch 1/5 | Loss 1.7690 | Train Acc 0.2402 | Val Acc 0.1122 | Epoch Time 10.27s (Eval 1.69s, Train 8.58s)
Task 0 Epoch 2/5 | Loss 1.3258 | Train Acc 0.4107 | Val Acc 0.1122 | Epoch Time 8.67s (Eval 0.00s, Train 8.67s)
Task 0 Epoch 3/5 | Loss 1.0662 | Train Acc 0.5288 | Val Acc 0.1122 | Epoch Time 8.60s (Eval 0.00s, Train 8.60s)
Task 0 Epoch 4/5 | Loss 0.9822 | Train Acc 0.5558 | Val Acc 0.1122 | Epoch Time 8.34s (Eval 0.00s, Train 8.34s)
Task 0 Epoch 5/5 | Loss 0.9222 | Train Acc 0.5792 | Val Acc 0.1122 | Epoch Time 8.60s (Eval 0.00s, Train 8.60s)
---- Eval at Epoch 0: [0.5855524184546533, 0.0, 0.12297926338367515] ----
Task 1 Epoch 1/5 | Loss 0.9383 | Train Acc 0.4990 | Val Acc 0.0000 | Epoch Time 5.79s (Eval 1.78s, Train 4.01s)
Task 1 Epoch 2/5 | Loss 0.5494 | Train Acc 0.7093 | Val Acc 0.0000 | Epoch Time 4.21s (Eval 0.00s, Train 4.21s)
Task 1 Epoch 3/5 | Loss 0.3870 | Train Acc 0.8228 | Val Acc 0.0000 | Epoch Time 4.12s (Eval 0.00s, Train 4.12s)
Task 1 Epoch 4/5 | Loss 0.3354 | Train Acc 0.8644 | Val Acc 0.0000 | Epoch Time 4.29s (Eval 0.00s, Train 4.29s)
Task 1 Epoch 5/5 | Loss 0.2895 | Train Acc 0.8796 | Val Acc 0.0000 | Epoch Time 3.91s (Eval 0.00s, Train 3.91s)
---- Eval at Epoch 0: [0.01806567422085998, 0.8261745241592444, 0.019312566773504274] ----
Trial 1 failed: argmax(): Expected reduction dim 1 to have non-zero size.
Set seed 2
Loaded task0.npz: Unique train labels: [0 1 2 3 4]
Loaded task0.npz: Remapped labels: [0 1 2 3 4]. Size: 8160)
Loaded task1.npz: Unique train labels: [ 9 10 14 15 16]
Loaded task1.npz: Remapped labels: [5 6 7 8 9]. Size: 3887)
Loaded task2.npz: Unique train labels: [0 1 2 3 4]
Loaded task2.npz: Remapped labels: [0 1 2 3 4]. Size: 8160)
Built classes_per_task: [5, 5, 5]
---- Eval at Epoch 0: [0.18015939451093282, 0.0, 0.20166454494579494] ----
Task 0 Epoch 1/5 | Loss 1.8034 | Train Acc 0.2305 | Val Acc 0.1802 | Epoch Time 10.13s (Eval 1.63s, Train 8.50s)
Task 0 Epoch 2/5 | Loss 1.2964 | Train Acc 0.4270 | Val Acc 0.1802 | Epoch Time 8.11s (Eval 0.00s, Train 8.11s)
Task 0 Epoch 3/5 | Loss 1.0550 | Train Acc 0.5265 | Val Acc 0.1802 | Epoch Time 7.91s (Eval 0.00s, Train 7.91s)
Task 0 Epoch 4/5 | Loss 0.9548 | Train Acc 0.5699 | Val Acc 0.1802 | Epoch Time 8.33s (Eval 0.00s, Train 8.33s)
Task 0 Epoch 5/5 | Loss 0.9067 | Train Acc 0.5903 | Val Acc 0.1802 | Epoch Time 8.22s (Eval 0.00s, Train 8.22s)
---- Eval at Epoch 0: [0.5881219044865523, 0.0, 0.10937329469958146] ----
Task 1 Epoch 1/5 | Loss 0.9696 | Train Acc 0.5068 | Val Acc 0.0000 | Epoch Time 5.67s (Eval 1.63s, Train 4.05s)
Task 1 Epoch 2/5 | Loss 0.5667 | Train Acc 0.7412 | Val Acc 0.0000 | Epoch Time 3.99s (Eval 0.00s, Train 3.99s)
Task 1 Epoch 3/5 | Loss 0.4212 | Train Acc 0.8216 | Val Acc 0.0000 | Epoch Time 4.04s (Eval 0.00s, Train 4.04s)
Task 1 Epoch 4/5 | Loss 0.3571 | Train Acc 0.8599 | Val Acc 0.0000 | Epoch Time 3.99s (Eval 0.00s, Train 3.99s)
Task 1 Epoch 5/5 | Loss 0.3060 | Train Acc 0.8790 | Val Acc 0.0000 | Epoch Time 4.05s (Eval 0.00s, Train 4.05s)
---- Eval at Epoch 0: [0.02844590773278531, 0.6050526509069671, 0.022739758029280088] ----
Trial 2 failed: argmax(): Expected reduction dim 1 to have non-zero size.
Set seed 3
Loaded task0.npz: Unique train labels: [0 1 2 3 4]
Loaded task0.npz: Remapped labels: [0 1 2 3 4]. Size: 8160)
Loaded task1.npz: Unique train labels: [ 9 10 14 15 16]
Loaded task1.npz: Remapped labels: [5 6 7 8 9]. Size: 3887)
Loaded task2.npz: Unique train labels: [0 1 2 3 4]
Loaded task2.npz: Remapped labels: [0 1 2 3 4]. Size: 8160)
Built classes_per_task: [5, 5, 5]
---- Eval at Epoch 0: [0.0009972739095638254, 0.11313455758944481, 0.0011847153391271038] ----
Task 0 Epoch 1/5 | Loss 1.8628 | Train Acc 0.2041 | Val Acc 0.0010 | Epoch Time 10.05s (Eval 1.64s, Train 8.41s)
Task 0 Epoch 2/5 | Loss 1.5873 | Train Acc 0.2486 | Val Acc 0.0010 | Epoch Time 8.33s (Eval 0.00s, Train 8.33s)
Task 0 Epoch 3/5 | Loss 1.3107 | Train Acc 0.4164 | Val Acc 0.0010 | Epoch Time 8.07s (Eval 0.00s, Train 8.07s)
Task 0 Epoch 4/5 | Loss 1.0797 | Train Acc 0.5035 | Val Acc 0.0010 | Epoch Time 7.94s (Eval 0.00s, Train 7.94s)
Task 0 Epoch 5/5 | Loss 0.9921 | Train Acc 0.5391 | Val Acc 0.0010 | Epoch Time 8.28s (Eval 0.00s, Train 8.28s)
---- Eval at Epoch 0: [0.5356365595806627, 0.00040485829959514174, 0.10787575118917031] ----
Task 1 Epoch 1/5 | Loss 1.1262 | Train Acc 0.4029 | Val Acc 0.0004 | Epoch Time 5.85s (Eval 1.79s, Train 4.06s)
Task 1 Epoch 2/5 | Loss 0.5745 | Train Acc 0.7011 | Val Acc 0.0004 | Epoch Time 4.06s (Eval 0.00s, Train 4.06s)
Task 1 Epoch 3/5 | Loss 0.4086 | Train Acc 0.8289 | Val Acc 0.0004 | Epoch Time 4.04s (Eval 0.00s, Train 4.04s)
Task 1 Epoch 4/5 | Loss 0.3227 | Train Acc 0.8645 | Val Acc 0.0004 | Epoch Time 3.76s (Eval 0.00s, Train 3.76s)
Task 1 Epoch 5/5 | Loss 0.3015 | Train Acc 0.8791 | Val Acc 0.0004 | Epoch Time 4.06s (Eval 0.00s, Train 4.06s)
---- Eval at Epoch 0: [0.0028785505430242273, 0.8215420093820619, 0.002235897782772783] ----
Trial 3 failed: argmax(): Expected reduction dim 1 to have non-zero size.
Set seed 4
Loaded task0.npz: Unique train labels: [0 1 2 3 4]
Loaded task0.npz: Remapped labels: [0 1 2 3 4]. Size: 8160)
Loaded task1.npz: Unique train labels: [ 9 10 14 15 16]
Loaded task1.npz: Remapped labels: [5 6 7 8 9]. Size: 3887)
Loaded task2.npz: Unique train labels: [0 1 2 3 4]
Loaded task2.npz: Remapped labels: [0 1 2 3 4]. Size: 8160)
Built classes_per_task: [5, 5, 5]
---- Eval at Epoch 0: [0.06235893158023852, 0.06572242392879513, 0.0627728043431825] ----
Task 0 Epoch 1/5 | Loss 1.8023 | Train Acc 0.2176 | Val Acc 0.0624 | Epoch Time 9.73s (Eval 1.63s, Train 8.09s)
Task 0 Epoch 2/5 | Loss 1.4790 | Train Acc 0.3105 | Val Acc 0.0624 | Epoch Time 7.80s (Eval 0.00s, Train 7.80s)
Task 0 Epoch 3/5 | Loss 1.1794 | Train Acc 0.4740 | Val Acc 0.0624 | Epoch Time 8.24s (Eval 0.00s, Train 8.24s)
