Logging tuning sweep to logs/tuning/suites/tuning_suite_20251227_140934.log
Using config: configs/tuning_defaults.yaml

[ 1 / 7 ] Running agem via tuning/Alpha/tune_agem.py
Command: python3 tuning/Alpha/tune_agem.py --config configs/tuning_defaults.yaml --config configs/models/agem.yaml
Set seed 0
Trial 0 failed: Missing dataset entries (x_test, y_test) in task0.npz. Available keys: Xcv, classes, lbl_cv, task_idx, ycv, ycv_orig
Set seed 1
Trial 1 failed: Missing dataset entries (x_test, y_test) in task0.npz. Available keys: Xcv, classes, lbl_cv, task_idx, ycv, ycv_orig
Set seed 2
Trial 2 failed: Missing dataset entries (x_test, y_test) in task0.npz. Available keys: Xcv, classes, lbl_cv, task_idx, ycv, ycv_orig
Set seed 3
Trial 3 failed: Missing dataset entries (x_test, y_test) in task0.npz. Available keys: Xcv, classes, lbl_cv, task_idx, ycv, ycv_orig
Set seed 4
Trial 4 failed: Missing dataset entries (x_test, y_test) in task0.npz. Available keys: Xcv, classes, lbl_cv, task_idx, ycv, ycv_orig
Set seed 5
Trial 5 failed: Missing dataset entries (x_test, y_test) in task0.npz. Available keys: Xcv, classes, lbl_cv, task_idx, ycv, ycv_orig
Set seed 6
Trial 6 failed: Missing dataset entries (x_test, y_test) in task0.npz. Available keys: Xcv, classes, lbl_cv, task_idx, ycv, ycv_orig
Set seed 7
Trial 7 failed: Missing dataset entries (x_test, y_test) in task0.npz. Available keys: Xcv, classes, lbl_cv, task_idx, ycv, ycv_orig
Set seed 8
Trial 8 failed: Missing dataset entries (x_test, y_test) in task0.npz. Available keys: Xcv, classes, lbl_cv, task_idx, ycv, ycv_orig
Set seed 9
Trial 9 failed: Missing dataset entries (x_test, y_test) in task0.npz. Available keys: Xcv, classes, lbl_cv, task_idx, ycv, ycv_orig
Set seed 10
Trial 10 failed: Missing dataset entries (x_test, y_test) in task0.npz. Available keys: Xcv, classes, lbl_cv, task_idx, ycv, ycv_orig
Set seed 11
Trial 11 failed: Missing dataset entries (x_test, y_test) in task0.npz. Available keys: Xcv, classes, lbl_cv, task_idx, ycv, ycv_orig
Set seed 12
Trial 12 failed: Missing dataset entries (x_test, y_test) in task0.npz. Available keys: Xcv, classes, lbl_cv, task_idx, ycv, ycv_orig
Set seed 13
Trial 13 failed: Missing dataset entries (x_test, y_test) in task0.npz. Available keys: Xcv, classes, lbl_cv, task_idx, ycv, ycv_orig
Set seed 14
Trial 14 failed: Missing dataset entries (x_test, y_test) in task0.npz. Available keys: Xcv, classes, lbl_cv, task_idx, ycv, ycv_orig
Set seed 15
Trial 15 failed: Missing dataset entries (x_test, y_test) in task0.npz. Available keys: Xcv, classes, lbl_cv, task_idx, ycv, ycv_orig
Set seed 16
Trial 16 failed: Missing dataset entries (x_test, y_test) in task0.npz. Available keys: Xcv, classes, lbl_cv, task_idx, ycv, ycv_orig
Set seed 17
Trial 17 failed: Missing dataset entries (x_test, y_test) in task0.npz. Available keys: Xcv, classes, lbl_cv, task_idx, ycv, ycv_orig
Set seed 18
Trial 18 failed: Missing dataset entries (x_test, y_test) in task0.npz. Available keys: Xcv, classes, lbl_cv, task_idx, ycv, ycv_orig
Set seed 19
Trial 19 failed: Missing dataset entries (x_test, y_test) in task0.npz. Available keys: Xcv, classes, lbl_cv, task_idx, ycv, ycv_orig
Set seed 20
Trial 20 failed: Missing dataset entries (x_test, y_test) in task0.npz. Available keys: Xcv, classes, lbl_cv, task_idx, ycv, ycv_orig
Set seed 21
Trial 21 failed: Missing dataset entries (x_test, y_test) in task0.npz. Available keys: Xcv, classes, lbl_cv, task_idx, ycv, ycv_orig
Set seed 22
Trial 22 failed: Missing dataset entries (x_test, y_test) in task0.npz. Available keys: Xcv, classes, lbl_cv, task_idx, ycv, ycv_orig
Set seed 23
Trial 23 failed: Missing dataset entries (x_test, y_test) in task0.npz. Available keys: Xcv, classes, lbl_cv, task_idx, ycv, ycv_orig
Set seed 24
Trial 24 failed: Missing dataset entries (x_test, y_test) in task0.npz. Available keys: Xcv, classes, lbl_cv, task_idx, ycv, ycv_orig
Set seed 25
Trial 25 failed: Missing dataset entries (x_test, y_test) in task0.npz. Available keys: Xcv, classes, lbl_cv, task_idx, ycv, ycv_orig
Set seed 26
Trial 26 failed: Missing dataset entries (x_test, y_test) in task0.npz. Available keys: Xcv, classes, lbl_cv, task_idx, ycv, ycv_orig
Set seed 27
Trial 27 failed: Missing dataset entries (x_test, y_test) in task0.npz. Available keys: Xcv, classes, lbl_cv, task_idx, ycv, ycv_orig
Set seed 28
Trial 28 failed: Missing dataset entries (x_test, y_test) in task0.npz. Available keys: Xcv, classes, lbl_cv, task_idx, ycv, ycv_orig
Set seed 29
Trial 29 failed: Missing dataset entries (x_test, y_test) in task0.npz. Available keys: Xcv, classes, lbl_cv, task_idx, ycv, ycv_orig
Set seed 30
Trial 30 failed: Missing dataset entries (x_test, y_test) in task0.npz. Available keys: Xcv, classes, lbl_cv, task_idx, ycv, ycv_orig
Set seed 31
Trial 31 failed: Missing dataset entries (x_test, y_test) in task0.npz. Available keys: Xcv, classes, lbl_cv, task_idx, ycv, ycv_orig
Set seed 32
Trial 32 failed: Missing dataset entries (x_test, y_test) in task0.npz. Available keys: Xcv, classes, lbl_cv, task_idx, ycv, ycv_orig
Set seed 33
Trial 33 failed: Missing dataset entries (x_test, y_test) in task0.npz. Available keys: Xcv, classes, lbl_cv, task_idx, ycv, ycv_orig
Set seed 34
Trial 34 failed: Missing dataset entries (x_test, y_test) in task0.npz. Available keys: Xcv, classes, lbl_cv, task_idx, ycv, ycv_orig
Set seed 35
Trial 35 failed: Missing dataset entries (x_test, y_test) in task0.npz. Available keys: Xcv, classes, lbl_cv, task_idx, ycv, ycv_orig
Set seed 36
Trial 36 failed: Missing dataset entries (x_test, y_test) in task0.npz. Available keys: Xcv, classes, lbl_cv, task_idx, ycv, ycv_orig
Set seed 37
Trial 37 failed: Missing dataset entries (x_test, y_test) in task0.npz. Available keys: Xcv, classes, lbl_cv, task_idx, ycv, ycv_orig
Set seed 38
Trial 38 failed: Missing dataset entries (x_test, y_test) in task0.npz. Available keys: Xcv, classes, lbl_cv, task_idx, ycv, ycv_orig
Set seed 39
Trial 39 failed: Missing dataset entries (x_test, y_test) in task0.npz. Available keys: Xcv, classes, lbl_cv, task_idx, ycv, ycv_orig
Set seed 40
Trial 40 failed: Missing dataset entries (x_test, y_test) in task0.npz. Available keys: Xcv, classes, lbl_cv, task_idx, ycv, ycv_orig
Set seed 41
Trial 41 failed: Missing dataset entries (x_test, y_test) in task0.npz. Available keys: Xcv, classes, lbl_cv, task_idx, ycv, ycv_orig
Set seed 42
Trial 42 failed: Missing dataset entries (x_test, y_test) in task0.npz. Available keys: Xcv, classes, lbl_cv, task_idx, ycv, ycv_orig
Set seed 43
Trial 43 failed: Missing dataset entries (x_test, y_test) in task0.npz. Available keys: Xcv, classes, lbl_cv, task_idx, ycv, ycv_orig
Set seed 44
Trial 44 failed: Missing dataset entries (x_test, y_test) in task0.npz. Available keys: Xcv, classes, lbl_cv, task_idx, ycv, ycv_orig
Set seed 45
Trial 45 failed: Missing dataset entries (x_test, y_test) in task0.npz. Available keys: Xcv, classes, lbl_cv, task_idx, ycv, ycv_orig
Set seed 46
Trial 46 failed: Missing dataset entries (x_test, y_test) in task0.npz. Available keys: Xcv, classes, lbl_cv, task_idx, ycv, ycv_orig
Set seed 47
Trial 47 failed: Missing dataset entries (x_test, y_test) in task0.npz. Available keys: Xcv, classes, lbl_cv, task_idx, ycv, ycv_orig
Set seed 48
Trial 48 failed: Missing dataset entries (x_test, y_test) in task0.npz. Available keys: Xcv, classes, lbl_cv, task_idx, ycv, ycv_orig
Set seed 49
Trial 49 failed: Missing dataset entries (x_test, y_test) in task0.npz. Available keys: Xcv, classes, lbl_cv, task_idx, ycv, ycv_orig
Set seed 50
Trial 50 failed: Missing dataset entries (x_test, y_test) in task0.npz. Available keys: Xcv, classes, lbl_cv, task_idx, ycv, ycv_orig
Set seed 51
Trial 51 failed: Missing dataset entries (x_test, y_test) in task0.npz. Available keys: Xcv, classes, lbl_cv, task_idx, ycv, ycv_orig
Set seed 52
Trial 52 failed: Missing dataset entries (x_test, y_test) in task0.npz. Available keys: Xcv, classes, lbl_cv, task_idx, ycv, ycv_orig
Set seed 53
Trial 53 failed: Missing dataset entries (x_test, y_test) in task0.npz. Available keys: Xcv, classes, lbl_cv, task_idx, ycv, ycv_orig
Set seed 54
Trial 54 failed: Missing dataset entries (x_test, y_test) in task0.npz. Available keys: Xcv, classes, lbl_cv, task_idx, ycv, ycv_orig
Set seed 55
Trial 55 failed: Missing dataset entries (x_test, y_test) in task0.npz. Available keys: Xcv, classes, lbl_cv, task_idx, ycv, ycv_orig
Set seed 56
