Logging tuning sweep to logs/tuning/suites/tuning_suite_20251227_141512.log
Using config: configs/tuning_defaults.yaml

[ 1 / 7 ] Running agem via tuning/Alpha/tune_agem.py
Command: python3 tuning/Alpha/tune_agem.py --config configs/tuning_defaults.yaml --config configs/models/agem.yaml
Set seed 0
Trial 0 failed: Found input variables with inconsistent numbers of samples: [2, 10200]
Set seed 1
Trial 1 failed: Found input variables with inconsistent numbers of samples: [2, 10200]
Set seed 2
Trial 2 failed: Found input variables with inconsistent numbers of samples: [2, 10200]
Set seed 3
Trial 3 failed: Found input variables with inconsistent numbers of samples: [2, 10200]
Set seed 4
Trial 4 failed: Found input variables with inconsistent numbers of samples: [2, 10200]
Set seed 5
Trial 5 failed: Found input variables with inconsistent numbers of samples: [2, 10200]
Set seed 6
Trial 6 failed: Found input variables with inconsistent numbers of samples: [2, 10200]
Set seed 7
Trial 7 failed: Found input variables with inconsistent numbers of samples: [2, 10200]
Set seed 8
Trial 8 failed: Found input variables with inconsistent numbers of samples: [2, 10200]
Set seed 9
Trial 9 failed: Found input variables with inconsistent numbers of samples: [2, 10200]
Set seed 10
Trial 10 failed: Found input variables with inconsistent numbers of samples: [2, 10200]
Set seed 11
Trial 11 failed: Found input variables with inconsistent numbers of samples: [2, 10200]
Set seed 12
Trial 12 failed: Found input variables with inconsistent numbers of samples: [2, 10200]
Set seed 13
Trial 13 failed: Found input variables with inconsistent numbers of samples: [2, 10200]
Set seed 14
Trial 14 failed: Found input variables with inconsistent numbers of samples: [2, 10200]
Set seed 15
Trial 15 failed: Found input variables with inconsistent numbers of samples: [2, 10200]
Set seed 16
Trial 16 failed: Found input variables with inconsistent numbers of samples: [2, 10200]
Set seed 17
Trial 17 failed: Found input variables with inconsistent numbers of samples: [2, 10200]
Set seed 18
Trial 18 failed: Found input variables with inconsistent numbers of samples: [2, 10200]
Set seed 19
Trial 19 failed: Found input variables with inconsistent numbers of samples: [2, 10200]
Set seed 20
Trial 20 failed: Found input variables with inconsistent numbers of samples: [2, 10200]
Set seed 21
Trial 21 failed: Found input variables with inconsistent numbers of samples: [2, 10200]
Set seed 22
Trial 22 failed: Found input variables with inconsistent numbers of samples: [2, 10200]
Set seed 23
Trial 23 failed: Found input variables with inconsistent numbers of samples: [2, 10200]
Set seed 24
Trial 24 failed: Found input variables with inconsistent numbers of samples: [2, 10200]
Set seed 25
Trial 25 failed: Found input variables with inconsistent numbers of samples: [2, 10200]
Set seed 26
Trial 26 failed: Found input variables with inconsistent numbers of samples: [2, 10200]
Set seed 27
Trial 27 failed: Found input variables with inconsistent numbers of samples: [2, 10200]
Set seed 28
Trial 28 failed: Found input variables with inconsistent numbers of samples: [2, 10200]
Set seed 29
Trial 29 failed: Found input variables with inconsistent numbers of samples: [2, 10200]
Set seed 30
Trial 30 failed: Found input variables with inconsistent numbers of samples: [2, 10200]
Set seed 31
Trial 31 failed: Found input variables with inconsistent numbers of samples: [2, 10200]
Set seed 32
Trial 32 failed: Found input variables with inconsistent numbers of samples: [2, 10200]
Set seed 33
Trial 33 failed: Found input variables with inconsistent numbers of samples: [2, 10200]
Set seed 34
Trial 34 failed: Found input variables with inconsistent numbers of samples: [2, 10200]
Set seed 35
Trial 35 failed: Found input variables with inconsistent numbers of samples: [2, 10200]
Set seed 36
Trial 36 failed: Found input variables with inconsistent numbers of samples: [2, 10200]
Set seed 37
Trial 37 failed: Found input variables with inconsistent numbers of samples: [2, 10200]
Set seed 38
Trial 38 failed: Found input variables with inconsistent numbers of samples: [2, 10200]
Set seed 39
Trial 39 failed: Found input variables with inconsistent numbers of samples: [2, 10200]
Set seed 40
Trial 40 failed: Found input variables with inconsistent numbers of samples: [2, 10200]
Set seed 41
Trial 41 failed: Found input variables with inconsistent numbers of samples: [2, 10200]
Set seed 42
Trial 42 failed: Found input variables with inconsistent numbers of samples: [2, 10200]
Set seed 43
Trial 43 failed: Found input variables with inconsistent numbers of samples: [2, 10200]
Set seed 44
Trial 44 failed: Found input variables with inconsistent numbers of samples: [2, 10200]
Set seed 45
Trial 45 failed: Found input variables with inconsistent numbers of samples: [2, 10200]
Set seed 46
Trial 46 failed: Found input variables with inconsistent numbers of samples: [2, 10200]
Set seed 47
Trial 47 failed: Found input variables with inconsistent numbers of samples: [2, 10200]
Set seed 48
Trial 48 failed: Found input variables with inconsistent numbers of samples: [2, 10200]
Set seed 49
Trial 49 failed: Found input variables with inconsistent numbers of samples: [2, 10200]
Set seed 50
Trial 50 failed: Found input variables with inconsistent numbers of samples: [2, 10200]
Set seed 51
Trial 51 failed: Found input variables with inconsistent numbers of samples: [2, 10200]
Set seed 52
Trial 52 failed: Found input variables with inconsistent numbers of samples: [2, 10200]
Set seed 53
Trial 53 failed: Found input variables with inconsistent numbers of samples: [2, 10200]
Set seed 54
Trial 54 failed: Found input variables with inconsistent numbers of samples: [2, 10200]
Set seed 55
Trial 55 failed: Found input variables with inconsistent numbers of samples: [2, 10200]
Set seed 56
Trial 56 failed: Found input variables with inconsistent numbers of samples: [2, 10200]
Set seed 57
Trial 57 failed: Found input variables with inconsistent numbers of samples: [2, 10200]
Set seed 58
Trial 58 failed: Found input variables with inconsistent numbers of samples: [2, 10200]
Set seed 59
Trial 59 failed: Found input variables with inconsistent numbers of samples: [2, 10200]
Set seed 60
Trial 60 failed: Found input variables with inconsistent numbers of samples: [2, 10200]
Set seed 61
Trial 61 failed: Found input variables with inconsistent numbers of samples: [2, 10200]
Set seed 62
Trial 62 failed: Found input variables with inconsistent numbers of samples: [2, 10200]
Set seed 63
Trial 63 failed: Found input variables with inconsistent numbers of samples: [2, 10200]
Set seed 64
Trial 64 failed: Found input variables with inconsistent numbers of samples: [2, 10200]
Set seed 65
Trial 65 failed: Found input variables with inconsistent numbers of samples: [2, 10200]
Set seed 66
Trial 66 failed: Found input variables with inconsistent numbers of samples: [2, 10200]
Set seed 67
Trial 67 failed: Found input variables with inconsistent numbers of samples: [2, 10200]
Set seed 68
Trial 68 failed: Found input variables with inconsistent numbers of samples: [2, 10200]
Set seed 69
Trial 69 failed: Found input variables with inconsistent numbers of samples: [2, 10200]
Set seed 70
Trial 70 failed: Found input variables with inconsistent numbers of samples: [2, 10200]
Set seed 71
Trial 71 failed: Found input variables with inconsistent numbers of samples: [2, 10200]
Set seed 72
Trial 72 failed: Found input variables with inconsistent numbers of samples: [2, 10200]
Set seed 73
Trial 73 failed: Found input variables with inconsistent numbers of samples: [2, 10200]
Set seed 74
Trial 74 failed: Found input variables with inconsistent numbers of samples: [2, 10200]
Set seed 75
Trial 75 failed: Found input variables with inconsistent numbers of samples: [2, 10200]
Set seed 76
Trial 76 failed: Found input variables with inconsistent numbers of samples: [2, 10200]
Set seed 77
Trial 77 failed: Found input variables with inconsistent numbers of samples: [2, 10200]
Set seed 78
Trial 78 failed: Found input variables with inconsistent numbers of samples: [2, 10200]
Set seed 79
Trial 79 failed: Found input variables with inconsistent numbers of samples: [2, 10200]
Set seed 80
Trial 80 failed: Found input variables with inconsistent numbers of samples: [2, 10200]
Set seed 81
Trial 81 failed: Found input variables with inconsistent numbers of samples: [2, 10200]
Set seed 82
