[STATE 2026-05-31 05:34:58] Enabling terminal logging to logs//ewc/full-tasks_CIL_all-2026-05-31_05-34-58-8172/39/terminal.log
New Experiment Starting...
Running model:  ewc
[STATE 2026-05-31 05:34:58] Experiment 'full-tasks_CIL_all' starting with model 'ewc' (seed 39)
Set seed 39
[STATE 2026-05-31 05:34:58] Runtime accel: cudnn.benchmark=False amp=True amp_dtype=bfloat16
t2-rcn.npz train: x=(50362, 1024), y=(50362, 2)
t2-rcn.npz test: x=(16787, 1024), y=(16787, 2)
t2-rcn.npz: applied data scaling mode 'normalize'.
Loaded t2-rcn.npz: Unique train labels: UniqueCountsResult(values=array([-1,  3,  5, 10, 12, 15]), counts=array([24209,  5770,  3030,  2320,  7509,  7524]))
Noise labels ratio in t2-rcn.npz train: 0.24, test: 0.24
Loaded t2-rcn.npz: Remapped labels: [-1  0  1  2  3  4]. Size: 50362)
t0-rcn.npz train: x=(51916, 1024), y=(51916, 2)
t0-rcn.npz test: x=(17305, 1024), y=(17305, 2)
t0-rcn.npz: applied data scaling mode 'normalize'.
Loaded t0-rcn.npz: Unique train labels: UniqueCountsResult(values=array([-1,  1,  8,  9, 11, 13, 14]), counts=array([24225,  4268,  2495,  2943,  3015,  7464,  7506]))
Noise labels ratio in t0-rcn.npz train: 0.23, test: 0.23
Loaded t0-rcn.npz: Remapped labels: [-1  5  6  7  8  9 10]. Size: 51916)
t2-uclresm-25noise.npz train: moved sample axis (3, 350028, 1024) -> (350028, 3, 1024)
t2-uclresm-25noise.npz test: moved sample axis (3, 233351, 1024) -> (233351, 3, 1024)
t2-uclresm-25noise.npz train: x=(350028, 3, 1024), y=(350028,)
t2-uclresm-25noise.npz test: x=(233351, 3, 1024), y=(233351,)
t2-uclresm-25noise.npz: applied data scaling mode 'normalize'.
Loaded t2-uclresm-25noise.npz: Unique train labels: UniqueCountsResult(values=array([-1,  0,  1,  2,  3,  4]), counts=array([87441, 27347, 71754, 64298, 36005, 63183]))
Noise labels ratio in t2-uclresm-25noise.npz train: 0.25, test: 0.25
Loaded t2-uclresm-25noise.npz: Remapped labels: [-1 11 12 13 14 15]. Size: 350028)
t0-deeprad.npz train: x=(24480, 1024), y=(24480, 2)
t0-deeprad.npz test: x=(8160, 1024), y=(8160, 2)
t0-deeprad.npz: applied data scaling mode 'normalize'.
Loaded t0-deeprad.npz: Unique train labels: UniqueCountsResult(values=array([-1,  0,  1,  2,  3,  4,  5]), counts=array([12240,  2029,  1983,  2043,  2154,  2015,  2016]))
Noise labels ratio in t0-deeprad.npz train: 0.25, test: 0.25
Loaded t0-deeprad.npz: Remapped labels: [-1 16 17 18 19 20 21]. Size: 24480)
t1-deeprad.npz train: x=(24480, 1024), y=(24480, 2)
t1-deeprad.npz test: x=(8160, 1024), y=(8160, 2)
t1-deeprad.npz: applied data scaling mode 'normalize'.
Loaded t1-deeprad.npz: Unique train labels: UniqueCountsResult(values=array([-1,  0,  1,  2,  3,  4,  5]), counts=array([12240,  1988,  2029,  2054,  1988,  2053,  2128]))
Noise labels ratio in t1-deeprad.npz train: 0.25, test: 0.25
Loaded t1-deeprad.npz: Remapped labels: [-1 22 23 24 25 26 27]. Size: 24480)
t1-uclresm-25noise.npz train: moved sample axis (3, 201410, 1024) -> (201410, 3, 1024)
t1-uclresm-25noise.npz test: moved sample axis (3, 116291, 1024) -> (116291, 3, 1024)
t1-uclresm-25noise.npz train: x=(201410, 3, 1024), y=(201410,)
t1-uclresm-25noise.npz test: x=(116291, 3, 1024), y=(116291,)
t1-uclresm-25noise.npz: applied data scaling mode 'normalize'.
Loaded t1-uclresm-25noise.npz: Unique train labels: UniqueCountsResult(values=array([-1,  0,  1,  2,  3,  4]), counts=array([43668, 18021, 17838, 18087, 31870, 71926]))
Noise labels ratio in t1-uclresm-25noise.npz train: 0.22, test: 0.25
Loaded t1-uclresm-25noise.npz: Remapped labels: [-1 28 29 30 31 32]. Size: 201410)
t3-deeprad.npz train: x=(17340, 1024), y=(17340, 2)
t3-deeprad.npz test: x=(6800, 1024), y=(6800, 2)
t3-deeprad.npz: applied data scaling mode 'normalize'.
Loaded t3-deeprad.npz: Unique train labels: UniqueCountsResult(values=array([-1,  0,  1,  2,  3,  4]), counts=array([8670, 1693, 1677, 1794, 1716, 1790]))
Noise labels ratio in t3-deeprad.npz train: 0.25, test: 0.25
Loaded t3-deeprad.npz: Remapped labels: [-1 33 34 35 36 37]. Size: 17340)
t0-uclresm-25noise.npz train: moved sample axis (3, 188050, 1024) -> (188050, 3, 1024)
t0-uclresm-25noise.npz test: moved sample axis (3, 107348, 1024) -> (107348, 3, 1024)
t0-uclresm-25noise.npz train: x=(188050, 3, 1024), y=(188050,)
t0-uclresm-25noise.npz test: x=(107348, 3, 1024), y=(107348,)
t0-uclresm-25noise.npz: applied data scaling mode 'normalize'.
Loaded t0-uclresm-25noise.npz: Unique train labels: UniqueCountsResult(values=array([-1,  0,  1,  2,  3,  4]), counts=array([40144, 32109, 17978, 17979, 18098, 61742]))
Noise labels ratio in t0-uclresm-25noise.npz train: 0.21, test: 0.25
Loaded t0-uclresm-25noise.npz: Remapped labels: [-1 38 39 40 41 42]. Size: 188050)
t1-rcn.npz train: x=(36658, 1024), y=(36658, 2)
t1-rcn.npz test: x=(12220, 1024), y=(12220, 2)
t1-rcn.npz: applied data scaling mode 'normalize'.
Loaded t1-rcn.npz: Unique train labels: UniqueCountsResult(values=array([-1,  0,  2,  4,  6,  7, 16]), counts=array([20595,   824,  2087,  2606,  2396,  1716,  6434]))
Noise labels ratio in t1-rcn.npz train: 0.28, test: 0.28
Loaded t1-rcn.npz: Remapped labels: [-1 43 44 45 46 47 48]. Size: 36658)
t2-deeprad.npz train: x=(17340, 1024), y=(17340, 2)
t2-deeprad.npz test: x=(6800, 1024), y=(6800, 2)
t2-deeprad.npz: applied data scaling mode 'normalize'.
Loaded t2-deeprad.npz: Unique train labels: UniqueCountsResult(values=array([-1,  0,  1,  2,  3,  4]), counts=array([8670, 1774, 1675, 1777, 1694, 1750]))
Noise labels ratio in t2-deeprad.npz train: 0.25, test: 0.25
Loaded t2-deeprad.npz: Remapped labels: [-1 49 50 51 52 53]. Size: 17340)
Built IQ classes_per_task (increments): [5, 6, 5, 6, 6, 5, 5, 5, 6, 5]
Classes per task: [5, 6, 5, 6, 6, 5, 5, 5, 6, 5]
[STATE 2026-05-31 05:36:06] Loader 'class_incremental_loader' ready: 1024 inputs, 55 outputs, 10 tasks
n_outputs: 55 	n_tasks: 10
[STATE 2026-05-31 05:36:06] Logging to logs//ewc/full-tasks_CIL_all-2026-05-31_05-34-58-8172/39
True
Model device: cuda:0
[STATE 2026-05-31 05:36:06] Model initialized on device cuda:0
[STATE 2026-05-31 05:36:06] Invoking continual life experience flow
[STATE 2026-05-31 05:36:06] Life experience start: 10 tasks queued
[STATE 2026-05-31 05:36:06] Legacy epoch behavior enabled: using n_epochs=1 for all tasks
[STATE 2026-05-31 05:36:06] Task 0: zero-shot validation (pre-train)
---- Zero-shot (pre-train) task 0: rec_cls 0.1753 | prec_cls 0.1152 | f1_cls 0.0642 | det 0.4999 | pfa 0.9998 | total_f1 0.0642 ----
[STATE 2026-05-31 05:36:15] Starting task 0 (1/10)
[STATE 2026-05-31 05:36:15] Task 0 Epoch 1/1: entering train loop
[STATE 2026-05-31 05:37:32] Task 0 Epoch 1/1: running validation (end of epoch)
---- Eval at Epoch 0: cls [0.7771083370606585] | det_recall [0.8663676024838719] | det_fa [0.2509611528846893] ----
T0 Ep 1/1 | L 1.1396 | Train Acc 0.53 | Prec 0.54 | F1 0.49 | Det Rec 0.78 | Det FA 0.35 | Epoch Time 82.91s (Eval 5.22s, Train 77.69s)
[STATE 2026-05-31 05:37:38] T0 Ep 1/1 complete: Prec 0.5372 F1 0.4886 DetRec 0.7840 DetFA 0.3542 | 82.91s total (5.22s eval/77.69s train)
[STATE 2026-05-31 05:37:38] Task 0: running final validation.
Saved task checkpoint: logs//ewc/full-tasks_CIL_all-2026-05-31_05-34-58-8172/39/checkpoints/task_0.pt
[STATE 2026-05-31 05:37:44] Saved task checkpoint to logs//ewc/full-tasks_CIL_all-2026-05-31_05-34-58-8172/39/checkpoints/task_0.pt
[STATE 2026-05-31 05:37:44] Completed task 0 (1/10)
[STATE 2026-05-31 05:37:44] Task 1: zero-shot validation (pre-train)
---- Zero-shot (pre-train) task 1: rec_cls 0.3305 | prec_cls 0.1849 | f1_cls 0.2289 | det 0.7553 | pfa 0.4153 | total_f1 0.4706 ----
[STATE 2026-05-31 05:38:01] Starting task 1 (2/10)
[STATE 2026-05-31 05:38:01] Task 1 Epoch 1/1: entering train loop
[STATE 2026-05-31 05:39:50] Task 1 Epoch 1/1: running validation (end of epoch)
---- Eval at Epoch 0: cls [0.10109526458735414, 0.2775894264678149] | det_recall [0.5665536859319692, 0.6469622713774245] | det_fa [0.00012786088735455823, 0.6043666863561704] ----
T1 Ep 1/1 | L 1.2819 | Train Acc 0.51 | Prec 0.55 | F1 0.41 | Det Rec 0.65 | Det FA 0.63 | Epoch Time 126.14s (Eval 17.27s, Train 108.88s)
[STATE 2026-05-31 05:40:07] T1 Ep 1/1 complete: Prec 0.5482 F1 0.4073 DetRec 0.6516 DetFA 0.6254 | 126.14s total (17.27s eval/108.88s train)
[STATE 2026-05-31 05:40:07] Task 1: running final validation.
Saved task checkpoint: logs//ewc/full-tasks_CIL_all-2026-05-31_05-34-58-8172/39/checkpoints/task_1.pt
[STATE 2026-05-31 05:40:24] Saved task checkpoint to logs//ewc/full-tasks_CIL_all-2026-05-31_05-34-58-8172/39/checkpoints/task_1.pt
[STATE 2026-05-31 05:40:24] Completed task 1 (2/10)
Note: Unified mixed IQ test tensors to (N, 3, L) via ADC0 I/Q + zero-padded ADC1/2 (IID2-style) for cumulative CIL.
[STATE 2026-05-31 05:40:25] Task 2: zero-shot validation (pre-train)
---- Zero-shot (pre-train) task 2: rec_cls 0.0648 | prec_cls 0.0093 | f1_cls 0.0147 | det 0.4903 | pfa 0.9342 | total_f1 0.1427 ----
[STATE 2026-05-31 05:41:50] Starting task 2 (3/10)
[STATE 2026-05-31 05:41:50] Task 2 Epoch 1/1: entering train loop
[STATE 2026-05-31 05:54:09] Task 2 Epoch 1/1: running validation (end of epoch)
---- Eval at Epoch 0: cls [0.0, 0.0, 0.07914005044608026] | det_recall [0.5, 0.5, 0.6476335082349647] | det_fa [0.0, 0.0, 0.5967084903689354] ----
T2 Ep 1/1 | L 1.3478 | Train Acc 0.41 | Prec 0.40 | F1 0.42 | Det Rec 0.77 | Det FA 0.41 | Epoch Time 824.15s (Eval 85.28s, Train 738.87s)
[STATE 2026-05-31 05:55:34] T2 Ep 1/1 complete: Prec 0.4046 F1 0.4162 DetRec 0.7687 DetFA 0.4120 | 824.15s total (85.28s eval/738.87s train)
[STATE 2026-05-31 05:55:34] Task 2: running final validation.
Saved task checkpoint: logs//ewc/full-tasks_CIL_all-2026-05-31_05-34-58-8172/39/checkpoints/task_2.pt
[STATE 2026-05-31 05:57:13] Saved task checkpoint to logs//ewc/full-tasks_CIL_all-2026-05-31_05-34-58-8172/39/checkpoints/task_2.pt
[STATE 2026-05-31 05:57:13] Completed task 2 (3/10)
Note: Unified mixed IQ test tensors to (N, 3, L) via ADC0 I/Q + zero-padded ADC1/2 (IID2-style) for cumulative CIL.
[STATE 2026-05-31 05:57:14] Task 3: zero-shot validation (pre-train)
---- Zero-shot (pre-train) task 3: rec_cls 0.0569 | prec_cls 0.0582 | f1_cls 0.0689 | det 0.6271 | pfa 0.6230 | total_f1 0.0814 ----
[STATE 2026-05-31 05:59:49] Starting task 3 (4/10)
[STATE 2026-05-31 05:59:49] Task 3 Epoch 1/1: entering train loop
[STATE 2026-05-31 06:00:39] Task 3 Epoch 1/1: running validation (end of epoch)
---- Eval at Epoch 0: cls [0.0, 0.0006968762896422378, 0.011868851212270593, 0.06439278783519425] | det_recall [0.5, 0.5024654774546771, 0.4452961384999026, 0.5507871372163726] | det_fa [0.0, 0.00031678181334347447, 0.35269707661775607, 0.5934773466071187] ----
T3 Ep 1/1 | L 1.9923 | Train Acc 0.39 | Prec 0.38 | F1 0.45 | Det Rec 0.96 | Det FA 0.06 | Epoch Time 204.87s (Eval 155.08s, Train 49.79s)
[STATE 2026-05-31 06:03:14] T3 Ep 1/1 complete: Prec 0.3838 F1 0.4473 DetRec 0.9591 DetFA 0.0598 | 204.87s total (155.08s eval/49.79s train)
[STATE 2026-05-31 06:03:14] Task 3: running final validation.
Saved task checkpoint: logs//ewc/full-tasks_CIL_all-2026-05-31_05-34-58-8172/39/checkpoints/task_3.pt
[STATE 2026-05-31 06:05:50] Saved task checkpoint to logs//ewc/full-tasks_CIL_all-2026-05-31_05-34-58-8172/39/checkpoints/task_3.pt
[STATE 2026-05-31 06:05:50] Completed task 3 (4/10)
Note: Unified mixed IQ test tensors to (N, 3, L) via ADC0 I/Q + zero-padded ADC1/2 (IID2-style) for cumulative CIL.
[STATE 2026-05-31 06:05:50] Task 4: zero-shot validation (pre-train)
---- Zero-shot (pre-train) task 4: rec_cls 0.0530 | prec_cls 0.0056 | f1_cls 0.0171 | det 0.5050 | pfa 0.6712 | total_f1 0.0475 ----
[STATE 2026-05-31 06:09:39] Starting task 4 (5/10)
[STATE 2026-05-31 06:09:39] Task 4 Epoch 1/1: entering train loop
[STATE 2026-05-31 06:10:30] Task 4 Epoch 1/1: running validation (end of epoch)
---- Eval at Epoch 0: cls [0.0, 0.002679993081931276, 0.011120277617817335, 0.0683821330457069, 0.04822401145134305] | det_recall [0.5, 0.5101664411913274, 0.4455412244552214, 0.4871162344663536, 0.4796320601126117] | det_fa [0.0, 0.009014619995834118, 0.3373278221774006, 0.4983975124814465, 0.5689396531977756] ----
T4 Ep 1/1 | L 2.0376 | Train Acc 0.25 | Prec 0.24 | F1 0.32 | Det Rec 0.99 | Det FA 0.01 | Epoch Time 279.20s (Eval 227.70s, Train 51.50s)
[STATE 2026-05-31 06:14:18] T4 Ep 1/1 complete: Prec 0.2423 F1 0.3209 DetRec 0.9935 DetFA 0.0129 | 279.20s total (227.70s eval/51.50s train)
[STATE 2026-05-31 06:14:18] Task 4: running final validation.
Saved task checkpoint: logs//ewc/full-tasks_CIL_all-2026-05-31_05-34-58-8172/39/checkpoints/task_4.pt
[STATE 2026-05-31 06:18:06] Saved task checkpoint to logs//ewc/full-tasks_CIL_all-2026-05-31_05-34-58-8172/39/checkpoints/task_4.pt
[STATE 2026-05-31 06:18:06] Completed task 4 (5/10)
Note: Unified mixed IQ test tensors to (N, 3, L) via ADC0 I/Q + zero-padded ADC1/2 (IID2-style) for cumulative CIL.
[STATE 2026-05-31 06:18:07] Task 5: zero-shot validation (pre-train)
---- Zero-shot (pre-train) task 5: rec_cls 0.0375 | prec_cls 0.0017 | f1_cls 0.0153 | det 0.5171 | pfa 0.5234 | total_f1 0.0443 ----
[STATE 2026-05-31 06:23:41] Starting task 5 (6/10)
[STATE 2026-05-31 06:23:41] Task 5 Epoch 1/1: entering train loop
[STATE 2026-05-31 06:31:52] Task 5 Epoch 1/1: running validation (end of epoch)
---- Eval at Epoch 0: cls [0.0, 7.981482959533881e-05, 0.007337370586695864, 0.0051844411322916496, 0.0040962620568523195, 0.07720721784158799] | det_recall [0.5, 0.5001102538545368, 0.5148567835100438, 0.5086431571889469, 0.5142141668923377, 0.5190490270053874] | det_fa [0.0, 0.0, 0.0072914436131218865, 0.017356946581663892, 0.009544479820119776, 0.8621769943507744] ----
T5 Ep 1/1 | L 1.0639 | Train Acc 0.59 | Prec 0.59 | F1 0.57 | Det Rec 0.82 | Det FA 0.31 | Epoch Time 823.87s (Eval 333.27s, Train 490.60s)
[STATE 2026-05-31 06:37:25] T5 Ep 1/1 complete: Prec 0.5873 F1 0.5728 DetRec 0.8165 DetFA 0.3065 | 823.87s total (333.27s eval/490.60s train)
[STATE 2026-05-31 06:37:25] Task 5: running final validation.
Saved task checkpoint: logs//ewc/full-tasks_CIL_all-2026-05-31_05-34-58-8172/39/checkpoints/task_5.pt
[STATE 2026-05-31 06:42:59] Saved task checkpoint to logs//ewc/full-tasks_CIL_all-2026-05-31_05-34-58-8172/39/checkpoints/task_5.pt
[STATE 2026-05-31 06:42:59] Completed task 5 (6/10)
Note: Unified mixed IQ test tensors to (N, 3, L) via ADC0 I/Q + zero-padded ADC1/2 (IID2-style) for cumulative CIL.
[STATE 2026-05-31 06:43:00] Task 6: zero-shot validation (pre-train)
---- Zero-shot (pre-train) task 6: rec_cls 0.0652 | prec_cls 0.0225 | f1_cls 0.0304 | det 0.5157 | pfa 0.8657 | total_f1 0.0459 ----
[STATE 2026-05-31 06:50:20] Starting task 6 (7/10)
[STATE 2026-05-31 06:50:20] Task 6 Epoch 1/1: entering train loop
[STATE 2026-05-31 06:50:55] Task 6 Epoch 1/1: running validation (end of epoch)
---- Eval at Epoch 0: cls [0.0, 0.0, 0.0, 0.024329249112785795, 0.02676085855725343, 0.02962585110757289, 0.04333040460746557] | det_recall [0.5, 0.5, 0.5, 0.5034322609464706, 0.5150008406407498, 0.5443726031330155, 0.4967990592881663] | det_fa [0.0, 0.0, 0.0, 0.0, 0.00013841577078528442, 0.0380615523387469, 0.5057543600424108] ----
T6 Ep 1/1 | L 3.5200 | Train Acc 0.23 | Prec 0.20 | F1 0.30 | Det Rec 0.89 | Det FA 0.23 | Epoch Time 475.19s (Eval 440.28s, Train 34.91s)
[STATE 2026-05-31 06:58:15] T6 Ep 1/1 complete: Prec 0.1981 F1 0.2967 DetRec 0.8862 DetFA 0.2251 | 475.19s total (440.28s eval/34.91s train)
[STATE 2026-05-31 06:58:15] Task 6: running final validation.
Saved task checkpoint: logs//ewc/full-tasks_CIL_all-2026-05-31_05-34-58-8172/39/checkpoints/task_6.pt
[STATE 2026-05-31 07:05:36] Saved task checkpoint to logs//ewc/full-tasks_CIL_all-2026-05-31_05-34-58-8172/39/checkpoints/task_6.pt
[STATE 2026-05-31 07:05:36] Completed task 6 (7/10)
Note: Unified mixed IQ test tensors to (N, 3, L) via ADC0 I/Q + zero-padded ADC1/2 (IID2-style) for cumulative CIL.
[STATE 2026-05-31 07:05:37] Task 7: zero-shot validation (pre-train)
---- Zero-shot (pre-train) task 7: rec_cls 0.0361 | prec_cls 0.0396 | f1_cls 0.0274 | det 0.5184 | pfa 0.4812 | total_f1 0.0457 ----
[STATE 2026-05-31 07:15:15] Starting task 7 (8/10)
[STATE 2026-05-31 07:15:15] Task 7 Epoch 1/1: entering train loop
[STATE 2026-05-31 07:21:52] Task 7 Epoch 1/1: running validation (end of epoch)
---- Eval at Epoch 0: cls [0.0, 9.691800736576855e-05, 0.004074863781515422, 0.002555542351966642, 0.001981699890390969, 0.022574424098814827, 0.020958857143182574, 0.05990134037869712] | det_recall [0.5000598874116661, 0.5000834437819349, 0.5084581882947544, 0.505971789383574, 0.504776188813979, 0.5527401136756533, 0.5419188042839019, 0.5104415196761494] | det_fa [0.0, 0.0, 0.003765174602555491, 0.010812744710728643, 0.015456426347014085, 0.008791781947966123, 0.0485666167586062, 0.7860364063545856] ----
T7 Ep 1/1 | L 1.0551 | Train Acc 0.61 | Prec 0.63 | F1 0.60 | Det Rec 0.81 | Det FA 0.30 | Epoch Time 976.90s (Eval 579.52s, Train 397.38s)
[STATE 2026-05-31 07:31:32] T7 Ep 1/1 complete: Prec 0.6292 F1 0.6017 DetRec 0.8093 DetFA 0.3007 | 976.90s total (579.52s eval/397.38s train)
[STATE 2026-05-31 07:31:32] Task 7: running final validation.
Saved task checkpoint: logs//ewc/full-tasks_CIL_all-2026-05-31_05-34-58-8172/39/checkpoints/task_7.pt
[STATE 2026-05-31 07:41:11] Saved task checkpoint to logs//ewc/full-tasks_CIL_all-2026-05-31_05-34-58-8172/39/checkpoints/task_7.pt
[STATE 2026-05-31 07:41:11] Completed task 7 (8/10)
Note: Unified mixed IQ test tensors to (N, 3, L) via ADC0 I/Q + zero-padded ADC1/2 (IID2-style) for cumulative CIL.
[STATE 2026-05-31 07:41:13] Task 8: zero-shot validation (pre-train)
---- Zero-shot (pre-train) task 8: rec_cls 0.0509 | prec_cls 0.0119 | f1_cls 0.0196 | det 0.4917 | pfa 0.8204 | total_f1 0.0403 ----
[STATE 2026-05-31 07:53:13] Starting task 8 (9/10)
[STATE 2026-05-31 07:53:13] Task 8 Epoch 1/1: entering train loop
[STATE 2026-05-31 07:54:28] Task 8 Epoch 1/1: running validation (end of epoch)
---- Eval at Epoch 0: cls [0.0, 0.0, 0.001085122898691158, 0.00040478039170896397, 0.0001898730121227137, 0.004920150129163375, 0.0033041628009933413, 0.010900464367125485, 0.0016493220142942573] | det_recall [0.5, 0.5010389288366497, 0.5039684737056993, 0.5033577172489418, 0.5032039777054012, 0.5198261293225319, 0.526510942179513, 0.5561780408481081, 0.6637869772064293] | det_fa [0.0, 0.0, 3.3492983220015405e-05, 3.106226805814692e-05, 2.8686336292085358e-05, 0.0005997971760438464, 0.001051298307530515, 0.004870077656482994, 0.4201767261665345] ----
T8 Ep 1/1 | L 2.8443 | Train Acc 0.33 | Prec 0.31 | F1 0.28 | Det Rec 0.72 | Det FA 0.46 | Epoch Time 796.45s (Eval 721.06s, Train 75.39s)
[STATE 2026-05-31 08:06:29] T8 Ep 1/1 complete: Prec 0.3132 F1 0.2811 DetRec 0.7221 DetFA 0.4557 | 796.45s total (721.06s eval/75.39s train)
[STATE 2026-05-31 08:06:29] Task 8: running final validation.
Saved task checkpoint: logs//ewc/full-tasks_CIL_all-2026-05-31_05-34-58-8172/39/checkpoints/task_8.pt
[STATE 2026-05-31 08:18:30] Saved task checkpoint to logs//ewc/full-tasks_CIL_all-2026-05-31_05-34-58-8172/39/checkpoints/task_8.pt
[STATE 2026-05-31 08:18:30] Completed task 8 (9/10)
Note: Unified mixed IQ test tensors to (N, 3, L) via ADC0 I/Q + zero-padded ADC1/2 (IID2-style) for cumulative CIL.
[STATE 2026-05-31 08:18:31] Task 9: zero-shot validation (pre-train)
---- Zero-shot (pre-train) task 9: rec_cls 0.0033 | prec_cls 0.0003 | f1_cls 0.0125 | det 0.6365 | pfa 0.4751 | total_f1 0.0322 ----
[STATE 2026-05-31 08:32:56] Starting task 9 (10/10)
[STATE 2026-05-31 08:32:56] Task 9 Epoch 1/1: entering train loop
[STATE 2026-05-31 08:33:32] Task 9 Epoch 1/1: running validation (end of epoch)
/home/lunet/wsmr11/repos/La-MAML/la-maml_env/lib/python3.10/site-packages/sklearn/metrics/_classification.py:98: UserWarning: The number of unique classes is greater than 50% of the number of samples. `y` could represent a regression problem, not a classification problem.
  type_true = type_of_target(y_true, input_name="y_true")
/home/lunet/wsmr11/repos/La-MAML/la-maml_env/lib/python3.10/site-packages/sklearn/utils/multiclass.py:79: UserWarning: The number of unique classes is greater than 50% of the number of samples. `y` could represent a regression problem, not a classification problem.
  ys_types = set(type_of_target(x) for x in ys)
/home/lunet/wsmr11/repos/La-MAML/la-maml_env/lib/python3.10/site-packages/sklearn/metrics/_classification.py:98: UserWarning: The number of unique classes is greater than 50% of the number of samples. `y` could represent a regression problem, not a classification problem.
  type_true = type_of_target(y_true, input_name="y_true")
/home/lunet/wsmr11/repos/La-MAML/la-maml_env/lib/python3.10/site-packages/sklearn/utils/multiclass.py:79: UserWarning: The number of unique classes is greater than 50% of the number of samples. `y` could represent a regression problem, not a classification problem.
  ys_types = set(type_of_target(x) for x in ys)
---- Eval at Epoch 0: cls [0.000260030177838397, 0.0, 0.00203331996687098, 0.0011110524158131979, 0.0, 0.00042927997000506165, 0.0005365217447511249, 0.0032868594968963813, 0.010404717642603712, 0.016057762958836045] | det_recall [0.5001690523396649, 0.5004174128597906, 0.504954948849586, 0.5050519476746156, 0.5081803429067056, 0.5095999348689136, 0.5156956036572797, 0.4557836481259093, 0.4931324475562534, 0.54033039185532] | det_fa [0.0, 0.0, 0.0, 0.0, 4.273172066270218e-05, 0.006869959480734381, 0.009711945468573017, 0.25828475172690746, 0.3577356768370513, 0.5486189875393442] ----
T9 Ep 1/1 | L 2.8673 | Train Acc 0.23 | Prec 0.23 | F1 0.34 | Det Rec 0.98 | Det FA 0.02 | Epoch Time 902.31s (Eval 866.01s, Train 36.30s)
[STATE 2026-05-31 08:47:58] T9 Ep 1/1 complete: Prec 0.2301 F1 0.3354 DetRec 0.9829 DetFA 0.0209 | 902.31s total (866.01s eval/36.30s train)
[STATE 2026-05-31 08:47:58] Task 9: running final validation.
Saved task checkpoint: logs//ewc/full-tasks_CIL_all-2026-05-31_05-34-58-8172/39/checkpoints/task_9.pt
[STATE 2026-05-31 09:02:24] Saved task checkpoint to logs//ewc/full-tasks_CIL_all-2026-05-31_05-34-58-8172/39/checkpoints/task_9.pt
[STATE 2026-05-31 09:02:24] Completed task 9 (10/10)
####Final Validation Accuracy####
Final Results:- 
 Total Recall: 0.0033961864957870918 
 Individual Recall: [8.080808080808082e-05, 5.653550429669832e-05, 0.00207129193505872, 0.001124613355108786, 0.0, 0.0004916306268012553, 0.0005659738960393396, 0.00342377294103788, 0.010963407521403418, 0.015183831097316742]
Final Detection Results:- 
 Total Detection: 0.503390248285055 
 Individual Detection: [0.5000557040998217, 0.5005911693898939, 0.5049773021599452, 0.5049460428036359, 0.5083162732022003, 0.510044430570955, 0.5157227859683257, 0.4559520842364177, 0.4927381861206299, 0.5405585042987242]
Final Detection False Alarm:- 
 Total False Alarm: 0.1180740913718538 
 Individual False Alarm: [0.0, 0.0, 1.472884201844051e-05, 3.0316648649961742e-05, 7.120791854110545e-05, 0.00631375103658605, 0.00951880713703858, 0.25822349749615886, 0.35835674320057836, 0.5482118614389667]
SUMMARY_TR cls_rec=0.2285 cls_prec=0.2301 cls_f1=0.3354 det=0.5033 fa=0.1181
SUMMARY_TE cls_rec=0.0034 cls_prec=0.0063 cls_f1=0.0304 det=0.5034 fa=0.1181
[STATE 2026-05-31 09:02:24] Saving results to logs//ewc/full-tasks_CIL_all-2026-05-31_05-34-58-8172/39/results
Model size: 0.0289 GB
Memory buffer size: 0.0000 GB
logs//ewc/full-tasks_CIL_all-2026-05-31_05-34-58-8172/39/results: {'expt_name': 'full-tasks_CIL_all', 'model': 'ewc', 'arch': 'resnet1d', 'n_hiddens': 100, 'n_layers': 2, 'xav_init': False, 'debug': False, 'use_detector_arch': False, 'use_groupnorm': False, 'inner_steps': 2, 'n_epochs': 1, 'batch_size': 256, 'replay_batch_size': 128, 'memories': 5120, 'lr': 0.001, 'optimizer': 'sgd', 'prune_perc': 0.75, 'post_prune_epochs': 0, 'class_weighted_ce': True, 'cuda': True, 'amp': True, 'amp_dtype': 'bfloat16', 'cudnn_benchmark': True, 'seed': 39, 'log_every': 10, 'log_dir': 'logs//ewc/full-tasks_CIL_all-2026-05-31_05-34-58-8172/39', 'tf_dir': 'logs//ewc/full-tasks_CIL_all-2026-05-31_05-34-58-8172/39/tfdir', 'calc_test_accuracy': False, 'state_logging': True, 'data_path': 'data/rff/radar/full', 'task_order_files': 't2-rcn,t0-rcn,t2-uclresm-25noise,t0-deeprad,t1-deeprad,t1-uclresm-25noise,t3-deeprad,t0-uclresm-25noise,t1-rcn,t2-deeprad', 'loader': 'class_incremental_loader', 'samples_per_task': -1, 'task_order_seed': None, 'classes_per_it': 6, 'iterations': 5000, 'dataset': 'iq', 'workers': 0, 'validation': 0.5, 'data_scaling': 'normalize', 'use_iq_aug_features': False, 'iq_aug_feature_type': 'power', 'class_order': 'random', 'increment': 5, 'test_batch_size': 512, 'nc_per_task': None, 'nc_per_task_list': '', 'val_rate': 1000, 'opt_lr': 0.1, 'opt_wt': 0.1, 'alpha_init': 0.001, 'momentum': 0.0, 'learn_lr': False, 'sync_update': False, 'grad_clip_norm': 5.0, 'meta_batches': 3, 'use_old_task_memory': False, 'second_order': False, 'n_memories': 5120, 'memory_strength': 0, 'memory_loss_lambda': 1.0, 'steps_per_sample': 1, 'bgd_optimizer': 'sgd', 'optimizer_params': '{}', 'train_mc_iters': 5, 'std_init': 0.05, 'mean_eta': 1, 'fisher_gamma': 0.95, 'rln': 7, 'meta_lr': 0.001, 'update_lr': 0.1, 'ctx_lr': 0.05, 'n_meta': 1, 'temperature': 5.0, 'task_emb': 64, 'noise_label': 54, 'classes_per_task': [5, 6, 5, 6, 6, 5, 5, 5, 6, 5], 'get_samples_per_task': <bound method IncrementalLoader.get_samples_per_task of <dataloaders.class_incremental_loader.IncrementalLoader object at 0x730cd7d91f90>>, 'task_epoch_schedule': {}} # val: 0.144 0.003 -0.140 0.000 # sizes: model_gb=0.0289 mem_gb=0.0000 # 12377.932256221771
[STATE 2026-05-31 09:02:25] results.pt components (approx): state_dict 29.6 MB, result_val_t 0.1 KB, result_val_a 0.8 KB
[STATE 2026-05-31 09:02:25] Results saved; total runtime 3.44h
Total runtime: 3.44 hours
