[STATE 2026-05-31 18:24:00] Enabling terminal logging to logs//cmaml/full-tasks_CIL_all-2026-05-31_18-24-00-7453/39/terminal.log
New Experiment Starting...
Running model:  lamaml_cifar
[STATE 2026-05-31 18:24:00] Experiment 'full-tasks_CIL_all' starting with model 'lamaml_cifar' (seed 39)
Set seed 39
[STATE 2026-05-31 18:24:00] Runtime accel: cudnn.benchmark=False amp=True amp_dtype=bfloat16
t2-rcn.npz train: x=(50362, 1024), y=(50362, 2)
t2-rcn.npz test: x=(16787, 1024), y=(16787, 2)
t2-rcn.npz: applied data scaling mode 'normalize'.
Loaded t2-rcn.npz: Unique train labels: UniqueCountsResult(values=array([-1,  3,  5, 10, 12, 15]), counts=array([24209,  5770,  3030,  2320,  7509,  7524]))
Noise labels ratio in t2-rcn.npz train: 0.24, test: 0.24
Loaded t2-rcn.npz: Remapped labels: [-1  0  1  2  3  4]. Size: 50362)
t0-rcn.npz train: x=(51916, 1024), y=(51916, 2)
t0-rcn.npz test: x=(17305, 1024), y=(17305, 2)
t0-rcn.npz: applied data scaling mode 'normalize'.
Loaded t0-rcn.npz: Unique train labels: UniqueCountsResult(values=array([-1,  1,  8,  9, 11, 13, 14]), counts=array([24225,  4268,  2495,  2943,  3015,  7464,  7506]))
Noise labels ratio in t0-rcn.npz train: 0.23, test: 0.23
Loaded t0-rcn.npz: Remapped labels: [-1  5  6  7  8  9 10]. Size: 51916)
t2-uclresm-25noise.npz train: moved sample axis (3, 350028, 1024) -> (350028, 3, 1024)
t2-uclresm-25noise.npz test: moved sample axis (3, 233351, 1024) -> (233351, 3, 1024)
t2-uclresm-25noise.npz train: x=(350028, 3, 1024), y=(350028,)
t2-uclresm-25noise.npz test: x=(233351, 3, 1024), y=(233351,)
t2-uclresm-25noise.npz: applied data scaling mode 'normalize'.
Loaded t2-uclresm-25noise.npz: Unique train labels: UniqueCountsResult(values=array([-1,  0,  1,  2,  3,  4]), counts=array([87441, 27347, 71754, 64298, 36005, 63183]))
Noise labels ratio in t2-uclresm-25noise.npz train: 0.25, test: 0.25
Loaded t2-uclresm-25noise.npz: Remapped labels: [-1 11 12 13 14 15]. Size: 350028)
t0-deeprad.npz train: x=(24480, 1024), y=(24480, 2)
t0-deeprad.npz test: x=(8160, 1024), y=(8160, 2)
t0-deeprad.npz: applied data scaling mode 'normalize'.
Loaded t0-deeprad.npz: Unique train labels: UniqueCountsResult(values=array([-1,  0,  1,  2,  3,  4,  5]), counts=array([12240,  2029,  1983,  2043,  2154,  2015,  2016]))
Noise labels ratio in t0-deeprad.npz train: 0.25, test: 0.25
Loaded t0-deeprad.npz: Remapped labels: [-1 16 17 18 19 20 21]. Size: 24480)
t1-deeprad.npz train: x=(24480, 1024), y=(24480, 2)
t1-deeprad.npz test: x=(8160, 1024), y=(8160, 2)
t1-deeprad.npz: applied data scaling mode 'normalize'.
Loaded t1-deeprad.npz: Unique train labels: UniqueCountsResult(values=array([-1,  0,  1,  2,  3,  4,  5]), counts=array([12240,  1988,  2029,  2054,  1988,  2053,  2128]))
Noise labels ratio in t1-deeprad.npz train: 0.25, test: 0.25
Loaded t1-deeprad.npz: Remapped labels: [-1 22 23 24 25 26 27]. Size: 24480)
t1-uclresm-25noise.npz train: moved sample axis (3, 201410, 1024) -> (201410, 3, 1024)
t1-uclresm-25noise.npz test: moved sample axis (3, 116291, 1024) -> (116291, 3, 1024)
t1-uclresm-25noise.npz train: x=(201410, 3, 1024), y=(201410,)
t1-uclresm-25noise.npz test: x=(116291, 3, 1024), y=(116291,)
t1-uclresm-25noise.npz: applied data scaling mode 'normalize'.
Loaded t1-uclresm-25noise.npz: Unique train labels: UniqueCountsResult(values=array([-1,  0,  1,  2,  3,  4]), counts=array([43668, 18021, 17838, 18087, 31870, 71926]))
Noise labels ratio in t1-uclresm-25noise.npz train: 0.22, test: 0.25
Loaded t1-uclresm-25noise.npz: Remapped labels: [-1 28 29 30 31 32]. Size: 201410)
t3-deeprad.npz train: x=(17340, 1024), y=(17340, 2)
t3-deeprad.npz test: x=(6800, 1024), y=(6800, 2)
t3-deeprad.npz: applied data scaling mode 'normalize'.
Loaded t3-deeprad.npz: Unique train labels: UniqueCountsResult(values=array([-1,  0,  1,  2,  3,  4]), counts=array([8670, 1693, 1677, 1794, 1716, 1790]))
Noise labels ratio in t3-deeprad.npz train: 0.25, test: 0.25
Loaded t3-deeprad.npz: Remapped labels: [-1 33 34 35 36 37]. Size: 17340)
t0-uclresm-25noise.npz train: moved sample axis (3, 188050, 1024) -> (188050, 3, 1024)
t0-uclresm-25noise.npz test: moved sample axis (3, 107348, 1024) -> (107348, 3, 1024)
t0-uclresm-25noise.npz train: x=(188050, 3, 1024), y=(188050,)
t0-uclresm-25noise.npz test: x=(107348, 3, 1024), y=(107348,)
t0-uclresm-25noise.npz: applied data scaling mode 'normalize'.
Loaded t0-uclresm-25noise.npz: Unique train labels: UniqueCountsResult(values=array([-1,  0,  1,  2,  3,  4]), counts=array([40144, 32109, 17978, 17979, 18098, 61742]))
Noise labels ratio in t0-uclresm-25noise.npz train: 0.21, test: 0.25
Loaded t0-uclresm-25noise.npz: Remapped labels: [-1 38 39 40 41 42]. Size: 188050)
t1-rcn.npz train: x=(36658, 1024), y=(36658, 2)
t1-rcn.npz test: x=(12220, 1024), y=(12220, 2)
t1-rcn.npz: applied data scaling mode 'normalize'.
Loaded t1-rcn.npz: Unique train labels: UniqueCountsResult(values=array([-1,  0,  2,  4,  6,  7, 16]), counts=array([20595,   824,  2087,  2606,  2396,  1716,  6434]))
Noise labels ratio in t1-rcn.npz train: 0.28, test: 0.28
Loaded t1-rcn.npz: Remapped labels: [-1 43 44 45 46 47 48]. Size: 36658)
t2-deeprad.npz train: x=(17340, 1024), y=(17340, 2)
t2-deeprad.npz test: x=(6800, 1024), y=(6800, 2)
t2-deeprad.npz: applied data scaling mode 'normalize'.
Loaded t2-deeprad.npz: Unique train labels: UniqueCountsResult(values=array([-1,  0,  1,  2,  3,  4]), counts=array([8670, 1774, 1675, 1777, 1694, 1750]))
Noise labels ratio in t2-deeprad.npz train: 0.25, test: 0.25
Loaded t2-deeprad.npz: Remapped labels: [-1 49 50 51 52 53]. Size: 17340)
Built IQ classes_per_task (increments): [5, 6, 5, 6, 6, 5, 5, 5, 6, 5]
Classes per task: [5, 6, 5, 6, 6, 5, 5, 5, 6, 5]
[STATE 2026-05-31 18:25:09] Loader 'class_incremental_loader' ready: 1024 inputs, 55 outputs, 10 tasks
n_outputs: 55 	n_tasks: 10
[STATE 2026-05-31 18:25:09] Logging to logs//cmaml/full-tasks_CIL_all-2026-05-31_18-24-00-7453/39
True
Model device: cuda:0
[STATE 2026-05-31 18:25:09] Model initialized on device cuda:0
[STATE 2026-05-31 18:25:09] Invoking continual life experience flow
[STATE 2026-05-31 18:25:09] Life experience start: 10 tasks queued
[STATE 2026-05-31 18:25:09] Legacy epoch behavior enabled: using n_epochs=1 for all tasks
[STATE 2026-05-31 18:25:09] Task 0: zero-shot validation (pre-train)
---- Zero-shot (pre-train) task 0: rec_cls 0.1753 | prec_cls 0.1152 | f1_cls 0.0642 | det 0.4999 | pfa 0.9998 | total_f1 0.0642 ----
[STATE 2026-05-31 18:25:14] Starting task 0 (1/10)
[STATE 2026-05-31 18:25:14] Task 0 Epoch 1/1: entering train loop
[STATE 2026-05-31 18:32:35] Task 0 Epoch 1/1: running validation (end of epoch)
---- Eval at Epoch 0: cls [0.7490907045443453] | det_recall [0.8804283833793226] | det_fa [0.09628612622746811] ----
T0 Ep 1/1 | L 0.5437 | Train Acc 0.59 | Prec 0.71 | F1 0.64 | Det Rec 0.85 | Det FA 0.09 | Epoch Time 445.70s (Eval 4.48s, Train 441.22s)
[STATE 2026-05-31 18:32:40] T0 Ep 1/1 complete: Prec 0.7083 F1 0.6421 DetRec 0.8455 DetFA 0.0899 | 445.70s total (4.48s eval/441.22s train)
[STATE 2026-05-31 18:32:40] Task 0: running final validation.
Saved task checkpoint: logs//cmaml/full-tasks_CIL_all-2026-05-31_18-24-00-7453/39/checkpoints/task_0.pt
[STATE 2026-05-31 18:32:44] Saved task checkpoint to logs//cmaml/full-tasks_CIL_all-2026-05-31_18-24-00-7453/39/checkpoints/task_0.pt
[STATE 2026-05-31 18:32:44] Completed task 0 (1/10)
[STATE 2026-05-31 18:32:44] Task 1: zero-shot validation (pre-train)
---- Zero-shot (pre-train) task 1: rec_cls 0.3069 | prec_cls 0.2554 | f1_cls 0.2863 | det 0.8042 | pfa 0.0912 | total_f1 0.5428 ----
[STATE 2026-05-31 18:32:58] Starting task 1 (2/10)
[STATE 2026-05-31 18:32:58] Task 1 Epoch 1/1: entering train loop
[STATE 2026-05-31 18:40:40] Task 1 Epoch 1/1: running validation (end of epoch)
---- Eval at Epoch 0: cls [0.4912007558160291, 0.3642948194893039] | det_recall [0.7651912839696866, 0.7457653802738523] | det_fa [0.00838929992716032, 0.3427275344108321] ----
T1 Ep 1/1 | L 0.5929 | Train Acc 0.58 | Prec 0.68 | F1 0.60 | Det Rec 0.85 | Det FA 0.16 | Epoch Time 475.91s (Eval 13.60s, Train 462.31s)
[STATE 2026-05-31 18:40:54] T1 Ep 1/1 complete: Prec 0.6826 F1 0.6044 DetRec 0.8538 DetFA 0.1557 | 475.91s total (13.60s eval/462.31s train)
[STATE 2026-05-31 18:40:54] Task 1: running final validation.
Saved task checkpoint: logs//cmaml/full-tasks_CIL_all-2026-05-31_18-24-00-7453/39/checkpoints/task_1.pt
[STATE 2026-05-31 18:41:07] Saved task checkpoint to logs//cmaml/full-tasks_CIL_all-2026-05-31_18-24-00-7453/39/checkpoints/task_1.pt
[STATE 2026-05-31 18:41:07] Completed task 1 (2/10)
Note: Unified mixed IQ test tensors to (N, 3, L) via ADC0 I/Q + zero-padded ADC1/2 (IID2-style) for cumulative CIL.
[STATE 2026-05-31 18:41:08] Task 2: zero-shot validation (pre-train)
---- Zero-shot (pre-train) task 2: rec_cls 0.0637 | prec_cls 0.0092 | f1_cls 0.0170 | det 0.3859 | pfa 0.8510 | total_f1 0.3063 ----
[STATE 2026-05-31 18:42:16] Starting task 2 (3/10)
[STATE 2026-05-31 18:42:16] Task 2 Epoch 1/1: entering train loop
[STATE 2026-05-31 19:34:26] Task 2 Epoch 1/1: running validation (end of epoch)
---- Eval at Epoch 0: cls [0.1770817367879246, 0.18154342502166712, 0.08757206774318735] | det_recall [0.6214625864708935, 0.6949028217774639, 0.5109768667814368] | det_fa [0.0032010424697963, 0.006025506537404161, 0.8966037893658488] ----
T2 Ep 1/1 | L 0.7922 | Train Acc 0.56 | Prec 0.67 | F1 0.60 | Det Rec 0.83 | Det FA 0.25 | Epoch Time 3197.92s (Eval 68.01s, Train 3129.91s)
[STATE 2026-05-31 19:35:34] T2 Ep 1/1 complete: Prec 0.6750 F1 0.5984 DetRec 0.8268 DetFA 0.2460 | 3197.92s total (68.01s eval/3129.91s train)
[STATE 2026-05-31 19:35:34] Task 2: running final validation.
Saved task checkpoint: logs//cmaml/full-tasks_CIL_all-2026-05-31_18-24-00-7453/39/checkpoints/task_2.pt
[STATE 2026-05-31 19:36:42] Saved task checkpoint to logs//cmaml/full-tasks_CIL_all-2026-05-31_18-24-00-7453/39/checkpoints/task_2.pt
[STATE 2026-05-31 19:36:42] Completed task 2 (3/10)
Note: Unified mixed IQ test tensors to (N, 3, L) via ADC0 I/Q + zero-padded ADC1/2 (IID2-style) for cumulative CIL.
[STATE 2026-05-31 19:36:43] Task 3: zero-shot validation (pre-train)
---- Zero-shot (pre-train) task 3: rec_cls 0.0634 | prec_cls 0.0599 | f1_cls 0.0549 | det 0.4965 | pfa 0.9231 | total_f1 0.1749 ----
[STATE 2026-05-31 19:38:48] Starting task 3 (4/10)
[STATE 2026-05-31 19:38:48] Task 3 Epoch 1/1: entering train loop
[STATE 2026-05-31 19:42:27] Task 3 Epoch 1/1: running validation (end of epoch)
---- Eval at Epoch 0: cls [0.20026123256562475, 0.1523504868873812, 0.07589536226367417, 0.0726284962814236] | det_recall [0.6482651851906885, 0.6764731285130479, 0.5927900316357622, 0.6018390241998008] | det_fa [0.004587054233791732, 0.008104669032716562, 0.3719222861678559, 0.6064026624462545] ----
T3 Ep 1/1 | L 0.9128 | Train Acc 0.46 | Prec 0.46 | F1 0.50 | Det Rec 0.96 | Det FA 0.06 | Epoch Time 343.71s (Eval 124.53s, Train 219.18s)
[STATE 2026-05-31 19:44:31] T3 Ep 1/1 complete: Prec 0.4645 F1 0.4950 DetRec 0.9622 DetFA 0.0589 | 343.71s total (124.53s eval/219.18s train)
[STATE 2026-05-31 19:44:31] Task 3: running final validation.
Saved task checkpoint: logs//cmaml/full-tasks_CIL_all-2026-05-31_18-24-00-7453/39/checkpoints/task_3.pt
[STATE 2026-05-31 19:46:36] Saved task checkpoint to logs//cmaml/full-tasks_CIL_all-2026-05-31_18-24-00-7453/39/checkpoints/task_3.pt
[STATE 2026-05-31 19:46:36] Completed task 3 (4/10)
Note: Unified mixed IQ test tensors to (N, 3, L) via ADC0 I/Q + zero-padded ADC1/2 (IID2-style) for cumulative CIL.
[STATE 2026-05-31 19:46:37] Task 4: zero-shot validation (pre-train)
---- Zero-shot (pre-train) task 4: rec_cls 0.0590 | prec_cls 0.0523 | f1_cls 0.0260 | det 0.5869 | pfa 0.6325 | total_f1 0.1432 ----
[STATE 2026-05-31 19:49:40] Starting task 4 (5/10)
[STATE 2026-05-31 19:49:40] Task 4 Epoch 1/1: entering train loop
[STATE 2026-05-31 19:53:19] Task 4 Epoch 1/1: running validation (end of epoch)
---- Eval at Epoch 0: cls [0.1473361628066161, 0.10353874864175566, 0.07677154243493953, 0.07735961140610949, 0.061057217928386594] | det_recall [0.605810382426829, 0.6220010897614195, 0.5740761160844199, 0.5568138728853763, 0.5465080391287631] | det_fa [0.00048604646108518665, 0.021625097404647863, 0.3927262795849035, 0.46219420533180944, 0.5322914590352555] ----
T4 Ep 1/1 | L 0.9050 | Train Acc 0.28 | Prec 0.25 | F1 0.33 | Det Rec 0.99 | Det FA 0.02 | Epoch Time 402.80s (Eval 183.62s, Train 219.18s)
[STATE 2026-05-31 19:56:23] T4 Ep 1/1 complete: Prec 0.2482 F1 0.3277 DetRec 0.9853 DetFA 0.0241 | 402.80s total (183.62s eval/219.18s train)
[STATE 2026-05-31 19:56:23] Task 4: running final validation.
Saved task checkpoint: logs//cmaml/full-tasks_CIL_all-2026-05-31_18-24-00-7453/39/checkpoints/task_4.pt
[STATE 2026-05-31 19:59:26] Saved task checkpoint to logs//cmaml/full-tasks_CIL_all-2026-05-31_18-24-00-7453/39/checkpoints/task_4.pt
[STATE 2026-05-31 19:59:26] Completed task 4 (5/10)
Note: Unified mixed IQ test tensors to (N, 3, L) via ADC0 I/Q + zero-padded ADC1/2 (IID2-style) for cumulative CIL.
[STATE 2026-05-31 19:59:28] Task 5: zero-shot validation (pre-train)
---- Zero-shot (pre-train) task 5: rec_cls 0.0514 | prec_cls 0.0670 | f1_cls 0.0413 | det 0.5731 | pfa 0.4929 | total_f1 0.1238 ----
[STATE 2026-05-31 20:03:56] Starting task 5 (6/10)
[STATE 2026-05-31 20:03:56] Task 5 Epoch 1/1: entering train loop
[STATE 2026-05-31 20:34:10] Task 5 Epoch 1/1: running validation (end of epoch)
---- Eval at Epoch 0: cls [0.11077440294800978, 0.10931293324267038, 0.06678238821082204, 0.04984609572568836, 0.03970909443015182, 0.07791988709716216] | det_recall [0.575071635090745, 0.6263394839175441, 0.5667711258082822, 0.541075853844818, 0.5185546283191498, 0.519627244468846] | det_fa [0.008500367948598328, 0.01120905376964795, 0.4834534286233578, 0.5317960720630123, 0.5740990592027159, 0.9218704366320237] ----
T5 Ep 1/1 | L 0.6176 | Train Acc 0.67 | Prec 0.75 | F1 0.68 | Det Rec 0.82 | Det FA 0.32 | Epoch Time 2081.93s (Eval 268.21s, Train 1813.73s)
[STATE 2026-05-31 20:38:38] T5 Ep 1/1 complete: Prec 0.7529 F1 0.6783 DetRec 0.8240 DetFA 0.3203 | 2081.93s total (268.21s eval/1813.73s train)
[STATE 2026-05-31 20:38:38] Task 5: running final validation.
Saved task checkpoint: logs//cmaml/full-tasks_CIL_all-2026-05-31_18-24-00-7453/39/checkpoints/task_5.pt
[STATE 2026-05-31 20:43:06] Saved task checkpoint to logs//cmaml/full-tasks_CIL_all-2026-05-31_18-24-00-7453/39/checkpoints/task_5.pt
[STATE 2026-05-31 20:43:06] Completed task 5 (6/10)
Note: Unified mixed IQ test tensors to (N, 3, L) via ADC0 I/Q + zero-padded ADC1/2 (IID2-style) for cumulative CIL.
[STATE 2026-05-31 20:43:07] Task 6: zero-shot validation (pre-train)
---- Zero-shot (pre-train) task 6: rec_cls 0.0681 | prec_cls 0.0195 | f1_cls 0.0261 | det 0.5134 | pfa 0.9367 | total_f1 0.1040 ----
[STATE 2026-05-31 20:49:02] Starting task 6 (7/10)
[STATE 2026-05-31 20:49:02] Task 6 Epoch 1/1: entering train loop
[STATE 2026-05-31 20:51:36] Task 6 Epoch 1/1: running validation (end of epoch)
---- Eval at Epoch 0: cls [0.10180880556573928, 0.08079448428820023, 0.02028502667345985, 0.059532249031011404, 0.03400454914195535, 0.05871764768945533, 0.06147718186258719] | det_recall [0.5669114829730305, 0.5793639181411788, 0.47884454027355317, 0.4668506680033696, 0.4705173706342563, 0.5777187702537915, 0.5729693617620314] | det_fa [0.0042459094413261015, 0.004625760844113452, 0.23154180812596115, 0.2972595489477753, 0.305243175969429, 0.36025730112307, 0.44615164753681164] ----
T6 Ep 1/1 | L 1.0187 | Train Acc 0.38 | Prec 0.38 | F1 0.45 | Det Rec 0.95 | Det FA 0.09 | Epoch Time 509.05s (Eval 354.84s, Train 154.22s)
[STATE 2026-05-31 20:57:31] T6 Ep 1/1 complete: Prec 0.3830 F1 0.4536 DetRec 0.9528 DetFA 0.0924 | 509.05s total (354.84s eval/154.22s train)
[STATE 2026-05-31 20:57:31] Task 6: running final validation.
Saved task checkpoint: logs//cmaml/full-tasks_CIL_all-2026-05-31_18-24-00-7453/39/checkpoints/task_6.pt
[STATE 2026-05-31 21:03:26] Saved task checkpoint to logs//cmaml/full-tasks_CIL_all-2026-05-31_18-24-00-7453/39/checkpoints/task_6.pt
[STATE 2026-05-31 21:03:26] Completed task 6 (7/10)
Note: Unified mixed IQ test tensors to (N, 3, L) via ADC0 I/Q + zero-padded ADC1/2 (IID2-style) for cumulative CIL.
[STATE 2026-05-31 21:03:28] Task 7: zero-shot validation (pre-train)
---- Zero-shot (pre-train) task 7: rec_cls 0.0536 | prec_cls 0.0429 | f1_cls 0.0367 | det 0.5869 | pfa 0.3955 | total_f1 0.0853 ----
[STATE 2026-05-31 21:11:15] Starting task 7 (8/10)
[STATE 2026-05-31 21:11:15] Task 7 Epoch 1/1: entering train loop
[STATE 2026-05-31 21:39:27] Task 7 Epoch 1/1: running validation (end of epoch)
---- Eval at Epoch 0: cls [0.0734670393507403, 0.09844183066278295, 0.06000008135526044, 0.06653750390013144, 0.049754802770437534, 0.094088429781626, 0.08436395236016778, 0.078790208914576] | det_recall [0.5417893695583978, 0.5867358354435924, 0.6005514004954512, 0.5851118928702852, 0.5779901230844995, 0.6664666129531018, 0.6553698260970469, 0.6212466869502933] | det_fa [0.005955861414073524, 0.012871334790644813, 0.3602113379772682, 0.41684969234113056, 0.4417911852113779, 0.38827091432880767, 0.42388925485387385, 0.7450616118297785] ----
T7 Ep 1/1 | L 0.5604 | Train Acc 0.72 | Prec 0.76 | F1 0.72 | Det Rec 0.82 | Det FA 0.34 | Epoch Time 2158.13s (Eval 466.04s, Train 1692.09s)
[STATE 2026-05-31 21:47:13] T7 Ep 1/1 complete: Prec 0.7642 F1 0.7165 DetRec 0.8225 DetFA 0.3376 | 2158.13s total (466.04s eval/1692.09s train)
[STATE 2026-05-31 21:47:13] Task 7: running final validation.
Saved task checkpoint: logs//cmaml/full-tasks_CIL_all-2026-05-31_18-24-00-7453/39/checkpoints/task_7.pt
[STATE 2026-05-31 21:54:59] Saved task checkpoint to logs//cmaml/full-tasks_CIL_all-2026-05-31_18-24-00-7453/39/checkpoints/task_7.pt
[STATE 2026-05-31 21:54:59] Completed task 7 (8/10)
Note: Unified mixed IQ test tensors to (N, 3, L) via ADC0 I/Q + zero-padded ADC1/2 (IID2-style) for cumulative CIL.
[STATE 2026-05-31 21:55:01] Task 8: zero-shot validation (pre-train)
---- Zero-shot (pre-train) task 8: rec_cls 0.0679 | prec_cls 0.0227 | f1_cls 0.0290 | det 0.6028 | pfa 0.7840 | total_f1 0.0956 ----
[STATE 2026-05-31 22:04:41] Starting task 8 (9/10)
[STATE 2026-05-31 22:04:41] Task 8 Epoch 1/1: entering train loop
[STATE 2026-05-31 22:10:08] Task 8 Epoch 1/1: running validation (end of epoch)
---- Eval at Epoch 0: cls [0.13125379266004603, 0.14165457794896397, 0.02466174706382482, 0.01524400462212883, 0.013051513790328114, 0.05468532055662059, 0.046803587348204966, 0.05330049597385203, 0.04777595702125032] | det_recall [0.5895555561751261, 0.6328864917659297, 0.4958364925822112, 0.47149660725116904, 0.44766273014756375, 0.5409156187980182, 0.5245072055904225, 0.6266389120419926, 0.62985596462206] | det_fa [0.0003676472547577791, 0.00031564096838639907, 0.27317291926492654, 0.32582868308414625, 0.36752324708224, 0.3048054321544973, 0.33283546113784457, 0.3111389033470059, 0.45880933684064756] ----
T8 Ep 1/1 | L 0.8278 | Train Acc 0.40 | Prec 0.47 | F1 0.42 | Det Rec 0.77 | Det FA 0.31 | Epoch Time 907.98s (Eval 580.95s, Train 327.02s)
[STATE 2026-05-31 22:19:49] T8 Ep 1/1 complete: Prec 0.4723 F1 0.4160 DetRec 0.7743 DetFA 0.3088 | 907.98s total (580.95s eval/327.02s train)
[STATE 2026-05-31 22:19:49] Task 8: running final validation.
Saved task checkpoint: logs//cmaml/full-tasks_CIL_all-2026-05-31_18-24-00-7453/39/checkpoints/task_8.pt
[STATE 2026-05-31 22:29:30] Saved task checkpoint to logs//cmaml/full-tasks_CIL_all-2026-05-31_18-24-00-7453/39/checkpoints/task_8.pt
[STATE 2026-05-31 22:29:30] Completed task 8 (9/10)
Note: Unified mixed IQ test tensors to (N, 3, L) via ADC0 I/Q + zero-padded ADC1/2 (IID2-style) for cumulative CIL.
[STATE 2026-05-31 22:29:32] Task 9: zero-shot validation (pre-train)
/home/lunet/wsmr11/repos/La-MAML/la-maml_env/lib/python3.10/site-packages/sklearn/metrics/_classification.py:98: UserWarning: The number of unique classes is greater than 50% of the number of samples. `y` could represent a regression problem, not a classification problem.
  type_true = type_of_target(y_true, input_name="y_true")
/home/lunet/wsmr11/repos/La-MAML/la-maml_env/lib/python3.10/site-packages/sklearn/utils/multiclass.py:79: UserWarning: The number of unique classes is greater than 50% of the number of samples. `y` could represent a regression problem, not a classification problem.
  ys_types = set(type_of_target(x) for x in ys)
/home/lunet/wsmr11/repos/La-MAML/la-maml_env/lib/python3.10/site-packages/sklearn/metrics/_classification.py:98: UserWarning: The number of unique classes is greater than 50% of the number of samples. `y` could represent a regression problem, not a classification problem.
  type_true = type_of_target(y_true, input_name="y_true")
/home/lunet/wsmr11/repos/La-MAML/la-maml_env/lib/python3.10/site-packages/sklearn/utils/multiclass.py:79: UserWarning: The number of unique classes is greater than 50% of the number of samples. `y` could represent a regression problem, not a classification problem.
  ys_types = set(type_of_target(x) for x in ys)
---- Zero-shot (pre-train) task 9: rec_cls 0.0438 | prec_cls 0.0500 | f1_cls 0.0336 | det 0.6195 | pfa 0.4777 | total_f1 0.0878 ----
[STATE 2026-05-31 22:41:08] Starting task 9 (10/10)
[STATE 2026-05-31 22:41:08] Task 9 Epoch 1/1: entering train loop
[STATE 2026-05-31 22:43:44] Task 9 Epoch 1/1: running validation (end of epoch)
---- Eval at Epoch 0: cls [0.14757243839754114, 0.12483926983091828, 0.03795035985583405, 0.07788896431479496, 0.053311734278140864, 0.08356418074087923, 0.07801546126110916, 0.06817676753925062, 0.05758440632751841, 0.06263230371695658] | det_recall [0.6025999994189155, 0.6200725920435407, 0.5088362603259214, 0.49809713311436876, 0.49160866554307486, 0.5657952614970267, 0.5547961646031644, 0.6346246427194655, 0.6178289309783505, 0.6141041533064713] | det_fa [0.013408405875994981, 0.03473442443386019, 0.28066516825521365, 0.3095876755838785, 0.3225812790038508, 0.31458432833002625, 0.3421803633993596, 0.3842971998419702, 0.4302697050426093, 0.49528301482040704] ----
T9 Ep 1/1 | L 0.8497 | Train Acc 0.33 | Prec 0.26 | F1 0.37 | Det Rec 1.00 | Det FA 0.00 | Epoch Time 851.92s (Eval 696.41s, Train 155.51s)
[STATE 2026-05-31 22:55:20] T9 Ep 1/1 complete: Prec 0.2617 F1 0.3715 DetRec 0.9965 DetFA 0.0036 | 851.92s total (696.41s eval/155.51s train)
[STATE 2026-05-31 22:55:20] Task 9: running final validation.
Saved task checkpoint: logs//cmaml/full-tasks_CIL_all-2026-05-31_18-24-00-7453/39/checkpoints/task_9.pt
[STATE 2026-05-31 23:06:57] Saved task checkpoint to logs//cmaml/full-tasks_CIL_all-2026-05-31_18-24-00-7453/39/checkpoints/task_9.pt
[STATE 2026-05-31 23:06:57] Completed task 9 (10/10)
####Final Validation Accuracy####
Final Results:- 
 Total Recall: 0.07917988871508885 
 Individual Recall: [0.14512834876666014, 0.12562074074907995, 0.038288868133777985, 0.07960642313244362, 0.053180878257084584, 0.08426046567139149, 0.0788937670115349, 0.06714065240987611, 0.05736110529048194, 0.06231763772855791]
Final Detection Results:- 
 Total Detection: 0.5701692282421121 
 Individual Detection: [0.5999830765391576, 0.619842783197325, 0.508254340083827, 0.49669020680681353, 0.490532865306969, 0.5661587559664643, 0.5542276947444703, 0.6351107034374468, 0.6169096831446569, 0.6139821731939904]
Final Detection False Alarm:- 
 Total False Alarm: 0.2931547023731701 
 Individual False Alarm: [0.012553217973296466, 0.0358734949689869, 0.28012423929060604, 0.31112007635680183, 0.32399294806023254, 0.31475269847947457, 0.3427784738141401, 0.38320154500788095, 0.4318420564234111, 0.49530827335686983]
SUMMARY_TR cls_rec=0.3259 cls_prec=0.2617 cls_f1=0.3715 det=0.5708 fa=0.2928
SUMMARY_TE cls_rec=0.0792 cls_prec=0.1598 cls_f1=0.0971 det=0.5702 fa=0.2932
[STATE 2026-05-31 23:06:57] Saving results to logs//cmaml/full-tasks_CIL_all-2026-05-31_18-24-00-7453/39/results
Model size: 0.0289 GB
Memory buffer size: 0.0000 GB
logs//cmaml/full-tasks_CIL_all-2026-05-31_18-24-00-7453/39/results: {'expt_name': 'full-tasks_CIL_all', 'model': 'lamaml_cifar', 'arch': 'resnet1d', 'n_hiddens': 100, 'n_layers': 2, 'xav_init': False, 'debug': False, 'use_detector_arch': False, 'use_groupnorm': False, 'inner_steps': 2, 'n_epochs': 1, 'batch_size': 256, 'replay_batch_size': 128, 'memories': 5120, 'lr': 0.001, 'optimizer': 'sgd', 'prune_perc': 0.75, 'post_prune_epochs': 0, 'class_weighted_ce': True, 'cuda': True, 'amp': True, 'amp_dtype': 'bfloat16', 'cudnn_benchmark': True, 'seed': 39, 'log_every': 10, 'log_dir': 'logs//cmaml/full-tasks_CIL_all-2026-05-31_18-24-00-7453/39', 'tf_dir': 'logs//cmaml/full-tasks_CIL_all-2026-05-31_18-24-00-7453/39/tfdir', 'calc_test_accuracy': False, 'state_logging': True, 'data_path': 'data/rff/radar/full', 'task_order_files': 't2-rcn,t0-rcn,t2-uclresm-25noise,t0-deeprad,t1-deeprad,t1-uclresm-25noise,t3-deeprad,t0-uclresm-25noise,t1-rcn,t2-deeprad', 'loader': 'class_incremental_loader', 'samples_per_task': -1, 'task_order_seed': None, 'classes_per_it': 6, 'iterations': 5000, 'dataset': 'iq', 'workers': 0, 'validation': 0.5, 'data_scaling': 'normalize', 'use_iq_aug_features': False, 'iq_aug_feature_type': 'power', 'class_order': 'random', 'increment': 5, 'test_batch_size': 512, 'nc_per_task': None, 'nc_per_task_list': '', 'val_rate': 1000, 'opt_lr': 0.1, 'opt_wt': 0.01, 'alpha_init': 0.003, 'momentum': 0.0, 'learn_lr': False, 'sync_update': True, 'grad_clip_norm': 5.0, 'meta_batches': 3, 'use_old_task_memory': False, 'second_order': True, 'n_memories': 5120, 'memory_strength': 0, 'memory_loss_lambda': 1.0, 'steps_per_sample': 1, 'bgd_optimizer': 'sgd', 'optimizer_params': '{}', 'train_mc_iters': 5, 'std_init': 0.05, 'mean_eta': 1, 'fisher_gamma': 0.95, 'rln': 7, 'meta_lr': 0.001, 'update_lr': 0.1, 'ctx_lr': 0.05, 'n_meta': 1, 'temperature': 5.0, 'task_emb': 64, 'noise_label': 54, 'classes_per_task': [5, 6, 5, 6, 6, 5, 5, 5, 6, 5], 'get_samples_per_task': <bound method IncrementalLoader.get_samples_per_task of <dataloaders.class_incremental_loader.IncrementalLoader object at 0x7edce816a140>>, 'task_epoch_schedule': {}} # val: 0.167 0.079 -0.088 0.000 # sizes: model_gb=0.0289 mem_gb=0.0000 # 16907.562666654587
[STATE 2026-05-31 23:06:57] results.pt components (approx): state_dict 29.6 MB, result_val_t 0.1 KB, result_val_a 0.8 KB
[STATE 2026-05-31 23:06:57] Results saved; total runtime 4.70h
Total runtime: 4.70 hours
