[STATE 2026-04-18 14:14:45] Enabling terminal logging to logs//packnet/full-tasks_CIL_all-2026-04-18_14-14-45-8777/0/terminal.log
New Experiment Starting...
Running model:  packnet
[STATE 2026-04-18 14:14:45] Experiment 'full-tasks_CIL_all' starting with model 'packnet' (seed 0)
Set seed 0
t2-rcn.npz train: x=(50362, 1024), y=(50362, 2)
t2-rcn.npz test: x=(16787, 1024), y=(16787, 2)
t2-rcn.npz: applied data scaling mode 'normalize'.
Loaded t2-rcn.npz: Unique train labels: UniqueCountsResult(values=array([-1,  3,  5, 10, 12, 15]), counts=array([24209,  5770,  3030,  2320,  7509,  7524]))
Noise labels ratio in t2-rcn.npz train: 0.24, test: 0.24
Loaded t2-rcn.npz: Remapped labels: [0 1 2 3 4 5]. Size: 50362)
t0-rcn.npz train: x=(51916, 1024), y=(51916, 2)
t0-rcn.npz test: x=(17305, 1024), y=(17305, 2)
t0-rcn.npz: applied data scaling mode 'normalize'.
Loaded t0-rcn.npz: Unique train labels: UniqueCountsResult(values=array([-1,  1,  8,  9, 11, 13, 14]), counts=array([24225,  4268,  2495,  2943,  3015,  7464,  7506]))
Noise labels ratio in t0-rcn.npz train: 0.23, test: 0.23
Loaded t0-rcn.npz: Remapped labels: [ 6  7  8  9 10 11 12]. Size: 51916)
t2-uclresm-25noise.npz train: moved sample axis (3, 350028, 1024) -> (350028, 3, 1024)
t2-uclresm-25noise.npz test: moved sample axis (3, 233351, 1024) -> (233351, 3, 1024)
t2-uclresm-25noise.npz train: x=(350028, 3, 1024), y=(350028,)
t2-uclresm-25noise.npz test: x=(233351, 3, 1024), y=(233351,)
t2-uclresm-25noise.npz: applied data scaling mode 'normalize'.
Loaded t2-uclresm-25noise.npz: Unique train labels: UniqueCountsResult(values=array([-1,  0,  1,  2,  3,  4]), counts=array([87441, 27347, 71754, 64298, 36005, 63183]))
Noise labels ratio in t2-uclresm-25noise.npz train: 0.25, test: 0.25
Loaded t2-uclresm-25noise.npz: Remapped labels: [13 14 15 16 17 18]. Size: 350028)
t0-deeprad.npz train: x=(24480, 1024), y=(24480, 2)
t0-deeprad.npz test: x=(8160, 1024), y=(8160, 2)
t0-deeprad.npz: applied data scaling mode 'normalize'.
Loaded t0-deeprad.npz: Unique train labels: UniqueCountsResult(values=array([-1,  0,  1,  2,  3,  4,  5]), counts=array([12240,  2029,  1983,  2043,  2154,  2015,  2016]))
Noise labels ratio in t0-deeprad.npz train: 0.25, test: 0.25
Loaded t0-deeprad.npz: Remapped labels: [19 20 21 22 23 24 25]. Size: 24480)
t1-deeprad.npz train: x=(24480, 1024), y=(24480, 2)
t1-deeprad.npz test: x=(8160, 1024), y=(8160, 2)
t1-deeprad.npz: applied data scaling mode 'normalize'.
Loaded t1-deeprad.npz: Unique train labels: UniqueCountsResult(values=array([-1,  0,  1,  2,  3,  4,  5]), counts=array([12240,  1988,  2029,  2054,  1988,  2053,  2128]))
Noise labels ratio in t1-deeprad.npz train: 0.25, test: 0.25
Loaded t1-deeprad.npz: Remapped labels: [26 27 28 29 30 31 32]. Size: 24480)
t1-uclresm-25noise.npz train: moved sample axis (3, 201410, 1024) -> (201410, 3, 1024)
t1-uclresm-25noise.npz test: moved sample axis (3, 116291, 1024) -> (116291, 3, 1024)
t1-uclresm-25noise.npz train: x=(201410, 3, 1024), y=(201410,)
t1-uclresm-25noise.npz test: x=(116291, 3, 1024), y=(116291,)
t1-uclresm-25noise.npz: applied data scaling mode 'normalize'.
Loaded t1-uclresm-25noise.npz: Unique train labels: UniqueCountsResult(values=array([-1,  0,  1,  2,  3,  4]), counts=array([43668, 18021, 17838, 18087, 31870, 71926]))
Noise labels ratio in t1-uclresm-25noise.npz train: 0.22, test: 0.25
Loaded t1-uclresm-25noise.npz: Remapped labels: [33 34 35 36 37 38]. Size: 201410)
t3-deeprad.npz train: x=(17340, 1024), y=(17340, 2)
t3-deeprad.npz test: x=(6800, 1024), y=(6800, 2)
t3-deeprad.npz: applied data scaling mode 'normalize'.
Loaded t3-deeprad.npz: Unique train labels: UniqueCountsResult(values=array([-1,  0,  1,  2,  3,  4]), counts=array([8670, 1693, 1677, 1794, 1716, 1790]))
Noise labels ratio in t3-deeprad.npz train: 0.25, test: 0.25
Loaded t3-deeprad.npz: Remapped labels: [39 40 41 42 43 44]. Size: 17340)
t0-uclresm-25noise.npz train: moved sample axis (3, 188050, 1024) -> (188050, 3, 1024)
t0-uclresm-25noise.npz test: moved sample axis (3, 107348, 1024) -> (107348, 3, 1024)
t0-uclresm-25noise.npz train: x=(188050, 3, 1024), y=(188050,)
t0-uclresm-25noise.npz test: x=(107348, 3, 1024), y=(107348,)
t0-uclresm-25noise.npz: applied data scaling mode 'normalize'.
Loaded t0-uclresm-25noise.npz: Unique train labels: UniqueCountsResult(values=array([-1,  0,  1,  2,  3,  4]), counts=array([40144, 32109, 17978, 17979, 18098, 61742]))
Noise labels ratio in t0-uclresm-25noise.npz train: 0.21, test: 0.25
Loaded t0-uclresm-25noise.npz: Remapped labels: [45 46 47 48 49 50]. Size: 188050)
t1-rcn.npz train: x=(36658, 1024), y=(36658, 2)
t1-rcn.npz test: x=(12220, 1024), y=(12220, 2)
t1-rcn.npz: applied data scaling mode 'normalize'.
Loaded t1-rcn.npz: Unique train labels: UniqueCountsResult(values=array([-1,  0,  2,  4,  6,  7, 16]), counts=array([20595,   824,  2087,  2606,  2396,  1716,  6434]))
Noise labels ratio in t1-rcn.npz train: 0.28, test: 0.28
Loaded t1-rcn.npz: Remapped labels: [51 52 53 54 55 56 57]. Size: 36658)
t2-deeprad.npz train: x=(17340, 1024), y=(17340, 2)
t2-deeprad.npz test: x=(6800, 1024), y=(6800, 2)
t2-deeprad.npz: applied data scaling mode 'normalize'.
Loaded t2-deeprad.npz: Unique train labels: UniqueCountsResult(values=array([-1,  0,  1,  2,  3,  4]), counts=array([8670, 1774, 1675, 1777, 1694, 1750]))
Noise labels ratio in t2-deeprad.npz train: 0.25, test: 0.25
Loaded t2-deeprad.npz: Remapped labels: [58 59 60 61 62 63]. Size: 17340)
Built classes_per_task: [6, 7, 6, 7, 7, 6, 6, 6, 7, 6]
Classes per task: [6, 7, 6, 7, 7, 6, 6, 6, 7, 6]
[STATE 2026-04-18 14:15:48] Loader 'task_incremental_loader' ready: 1024 inputs, 64 outputs, 10 tasks
n_outputs: 64 	n_tasks: 10
[STATE 2026-04-18 14:15:48] Logging to logs//packnet/full-tasks_CIL_all-2026-04-18_14-14-45-8777/0
PackNet will prune 75.0% of currently used weights after each task.
True
Model device: cuda:0
[STATE 2026-04-18 14:15:48] Model initialized on device cuda:0
[STATE 2026-04-18 14:15:48] Invoking continual life experience flow
[STATE 2026-04-18 14:15:48] Life experience start: 10 tasks queued
Task 0: 50362 training samples, 16787 test samples.
[STATE 2026-04-18 14:15:48] Task 0: zero-shot validation (pre-train)
---- Zero-shot (pre-train) task 0: rec_cls 0.1175 | prec_cls 0.1336 | f1_cls 0.0961 | det 0.4550 | pfa 0.7831 | total_f1 0.0961 ----
[STATE 2026-04-18 14:15:54] Starting task 0 (1/10)
[STATE 2026-04-18 14:15:54] Task 0 Epoch 1/1: entering train loop
[STATE 2026-04-18 14:17:47] Task 0 Epoch 1/1: running validation (end of epoch)
---- Eval at Epoch 0: cls [0.8727069761746137] | det_recall [0.8786300575353265] | det_fa [0.21050597658211342] ----
T0 Ep 1/1 | L 0.5276 | Train Acc 0.82 | Prec 0.84 | F1 0.77 | Det Rec 0.86 | Det FA 0.25 | Epoch Time 118.51s (Eval 5.67s, Train 112.84s)
[STATE 2026-04-18 14:17:53] T0 Ep 1/1 complete: Prec 0.8361 F1 0.7672 DetRec 0.8626 DetFA 0.2477 | 118.51s total (5.67s eval/112.84s train)
[STATE 2026-04-18 14:17:53] Task 0: running final validation.
[STATE 2026-04-18 14:17:58] Completed task 0 (1/10)
Task 1: 51916 training samples, 17305 test samples.
[STATE 2026-04-18 14:17:58] Task 1: zero-shot validation (pre-train)
---- Zero-shot (pre-train) task 1: rec_cls 0.2329 | prec_cls 0.2387 | f1_cls 0.1099 | det 0.5000 | pfa 1.0000 | total_f1 0.4575 ----
[STATE 2026-04-18 14:18:10] Starting task 1 (2/10)
[STATE 2026-04-18 14:18:10] Task 1 Epoch 1/1: entering train loop
[STATE 2026-04-18 14:20:16] Task 1 Epoch 1/1: running validation (end of epoch)
---- Eval at Epoch 0: cls [0.22844079792334024, 0.8487641661614398] | det_recall [0.5337980343857717, 0.8613425993645656] | det_fa [0.7938704725379062, 0.25272540291261625] ----
T1 Ep 1/1 | L 0.6095 | Train Acc 0.80 | Prec 0.83 | F1 0.71 | Det Rec 0.78 | Det FA 0.39 | Epoch Time 138.76s (Eval 12.25s, Train 126.51s)
[STATE 2026-04-18 14:20:29] T1 Ep 1/1 complete: Prec 0.8342 F1 0.7083 DetRec 0.7806 DetFA 0.3944 | 138.76s total (12.25s eval/126.51s train)
[STATE 2026-04-18 14:20:29] Task 1: running final validation.
[STATE 2026-04-18 14:20:41] Completed task 1 (2/10)
Task 2: 350028 training samples, 175014 test samples.
[STATE 2026-04-18 14:20:42] Task 2: zero-shot validation (pre-train)
---- Zero-shot (pre-train) task 2: rec_cls 0.0185 | prec_cls 0.2389 | f1_cls 0.0916 | det 0.5079 | pfa 0.0627 | total_f1 0.3295 ----
[STATE 2026-04-18 14:21:53] Starting task 2 (3/10)
[STATE 2026-04-18 14:21:53] Task 2 Epoch 1/1: entering train loop
[STATE 2026-04-18 14:36:11] Task 2 Epoch 1/1: running validation (end of epoch)
---- Eval at Epoch 0: cls [0.22646675599403246, 0.761833648088567, 0.5835585349207314] | det_recall [0.5348054613268046, 0.8602002776886287, 0.8026317494961719] | det_fa [0.7966312390030252, 0.2534143314831374, 0.32930385874162127] ----
T2 Ep 1/1 | L 1.1305 | Train Acc 0.51 | Prec 0.51 | F1 0.50 | Det Rec 0.80 | Det FA 0.35 | Epoch Time 929.39s (Eval 71.12s, Train 858.27s)
[STATE 2026-04-18 14:37:22] T2 Ep 1/1 complete: Prec 0.5147 F1 0.5034 DetRec 0.7956 DetFA 0.3548 | 929.39s total (71.12s eval/858.27s train)
[STATE 2026-04-18 14:37:22] Task 2: running final validation.
[STATE 2026-04-18 14:38:33] Completed task 2 (3/10)
Task 3: 24480 training samples, 8160 test samples.
[STATE 2026-04-18 14:38:33] Task 3: zero-shot validation (pre-train)
---- Zero-shot (pre-train) task 3: rec_cls 0.0935 | prec_cls 0.0817 | f1_cls 0.1879 | det 0.8674 | pfa 0.0039 | total_f1 0.3973 ----
[STATE 2026-04-18 14:39:47] Starting task 3 (4/10)
[STATE 2026-04-18 14:39:47] Task 3 Epoch 1/1: entering train loop
[STATE 2026-04-18 14:40:47] Task 3 Epoch 1/1: running validation (end of epoch)
---- Eval at Epoch 0: cls [0.22394566061163473, 0.7589205759296581, 0.4183817886483688, 0.6028722470997752] | det_recall [0.5335787719046902, 0.859458394594309, 0.7711385915947162, 0.9968250480619845] | det_fa [0.797721756718801, 0.2545810989788458, 0.3931436727909247, 0.006100899891967424] ----
T3 Ep 1/1 | L 0.8733 | Train Acc 0.58 | Prec 0.57 | F1 0.62 | Det Rec 1.00 | Det FA 0.01 | Epoch Time 137.73s (Eval 78.10s, Train 59.63s)
[STATE 2026-04-18 14:42:05] T3 Ep 1/1 complete: Prec 0.5693 F1 0.6160 DetRec 0.9955 DetFA 0.0059 | 137.73s total (78.10s eval/59.63s train)
[STATE 2026-04-18 14:42:05] Task 3: running final validation.
[STATE 2026-04-18 14:43:23] Completed task 3 (4/10)
Task 4: 24480 training samples, 8160 test samples.
[STATE 2026-04-18 14:43:24] Task 4: zero-shot validation (pre-train)
---- Zero-shot (pre-train) task 4: rec_cls 0.1584 | prec_cls 0.1348 | f1_cls 0.0857 | det 0.4924 | pfa 1.0000 | total_f1 0.4045 ----
[STATE 2026-04-18 14:44:44] Starting task 4 (5/10)
[STATE 2026-04-18 14:44:44] Task 4 Epoch 1/1: entering train loop
[STATE 2026-04-18 14:45:44] Task 4 Epoch 1/1: running validation (end of epoch)
---- Eval at Epoch 0: cls [0.22711805292264353, 0.7678911259589376, 0.41686160316856247, 0.5716155145650165, 0.4048030013181775] | det_recall [0.5339052437610589, 0.8600152202375757, 0.7707346216207294, 0.9952309248399854, 1.0] | det_fa [0.7981609512663091, 0.2540516058933818, 0.39373106454849477, 0.009046898273949966, 0.0] ----
T4 Ep 1/1 | L 1.0777 | Train Acc 0.37 | Prec 0.36 | F1 0.43 | Det Rec 1.00 | Det FA 0.01 | Epoch Time 140.62s (Eval 80.78s, Train 59.84s)
[STATE 2026-04-18 14:47:05] T4 Ep 1/1 complete: Prec 0.3649 F1 0.4318 DetRec 0.9952 DetFA 0.0096 | 140.62s total (80.78s eval/59.84s train)
[STATE 2026-04-18 14:47:05] Task 4: running final validation.
[STATE 2026-04-18 14:48:25] Completed task 4 (5/10)
Task 5: 201410 training samples, 100705 test samples.
[STATE 2026-04-18 14:48:26] Task 5: zero-shot validation (pre-train)
---- Zero-shot (pre-train) task 5: rec_cls 0.1826 | prec_cls 0.0804 | f1_cls 0.0682 | det 0.4999 | pfa 1.0000 | total_f1 0.4017 ----
[STATE 2026-04-18 14:50:20] Starting task 5 (6/10)
[STATE 2026-04-18 14:50:20] Task 5 Epoch 1/1: entering train loop
[STATE 2026-04-18 14:58:35] Task 5 Epoch 1/1: running validation (end of epoch)
---- Eval at Epoch 0: cls [0.227775194497017, 0.7631333704425722, 0.41211141430101234, 0.5715783490347307, 0.38342115224056694, 0.7011891082593023] | det_recall [0.5345124793978125, 0.8601509143801307, 0.7677724039243958, 0.9951216709878253, 1.0, 0.8402082532629392] | det_fa [0.7979285486761523, 0.2534258350533719, 0.3982266299299245, 0.008791676434773032, 0.0, 0.2509912423826916] ----
T5 Ep 1/1 | L 0.8314 | Train Acc 0.66 | Prec 0.65 | F1 0.63 | Det Rec 0.83 | Det FA 0.29 | Epoch Time 609.45s (Eval 114.74s, Train 494.71s)
[STATE 2026-04-18 15:00:29] T5 Ep 1/1 complete: Prec 0.6499 F1 0.6295 DetRec 0.8269 DetFA 0.2904 | 609.45s total (114.74s eval/494.71s train)
[STATE 2026-04-18 15:00:29] Task 5: running final validation.
[STATE 2026-04-18 15:02:24] Completed task 5 (6/10)
Task 6: 17340 training samples, 6800 test samples.
[STATE 2026-04-18 15:02:24] Task 6: zero-shot validation (pre-train)
---- Zero-shot (pre-train) task 6: rec_cls 0.0651 | prec_cls 0.0723 | f1_cls 0.0528 | det 0.1965 | pfa 0.9864 | total_f1 0.4264 ----
[STATE 2026-04-18 15:04:21] Starting task 6 (7/10)
[STATE 2026-04-18 15:04:21] Task 6 Epoch 1/1: entering train loop
[STATE 2026-04-18 15:05:03] Task 6 Epoch 1/1: running validation (end of epoch)
---- Eval at Epoch 0: cls [0.22718050408563706, 0.7621978296887576, 0.4114617849725853, 0.5745048259506443, 0.3801567317067772, 0.5802525061012958, 0.5567113202731268] | det_recall [0.5338591663295799, 0.861398622763717, 0.7675163795057994, 0.995487264432274, 1.0, 0.7914930094700791, 0.9990316898052171] | det_fa [0.7971008274447956, 0.25189641335870805, 0.3991403089954984, 0.00878037309623632, 0.0, 0.3921115362835709, 0.0019366203895658247] ----
T6 Ep 1/1 | L 0.9187 | Train Acc 0.51 | Prec 0.51 | F1 0.57 | Det Rec 1.00 | Det FA 0.00 | Epoch Time 160.25s (Eval 118.01s, Train 42.24s)
[STATE 2026-04-18 15:07:01] T6 Ep 1/1 complete: Prec 0.5111 F1 0.5733 DetRec 0.9965 DetFA 0.0039 | 160.25s total (118.01s eval/42.24s train)
[STATE 2026-04-18 15:07:01] Task 6: running final validation.
[STATE 2026-04-18 15:08:59] Completed task 6 (7/10)
Task 7: 188050 training samples, 94025 test samples.
[STATE 2026-04-18 15:09:00] Task 7: zero-shot validation (pre-train)
---- Zero-shot (pre-train) task 7: rec_cls 0.2346 | prec_cls 0.1306 | f1_cls 0.1047 | det 0.4989 | pfa 0.9947 | total_f1 0.4411 ----
[STATE 2026-04-18 15:11:29] Starting task 7 (8/10)
[STATE 2026-04-18 15:11:29] Task 7 Epoch 1/1: entering train loop
[STATE 2026-04-18 15:19:12] Task 7 Epoch 1/1: running validation (end of epoch)
---- Eval at Epoch 0: cls [0.22646470740040936, 0.7636999159351114, 0.4150381267855786, 0.568270650334197, 0.3802987704176006, 0.5796110997439905, 0.5231512436334775, 0.6446861744671023] | det_recall [0.5358890738692142, 0.8601890751395129, 0.769580889245923, 0.9954878063066578, 1.0, 0.7902385572496164, 0.9972879412046453, 0.8077416811520016] | det_fa [0.7946928465821831, 0.25256762885975137, 0.3955428617393414, 0.008775383402620629, 0.0, 0.3939047665092765, 0.005424117590709507, 0.32168280824275025] ----
T7 Ep 1/1 | L 0.8600 | Train Acc 0.63 | Prec 0.64 | F1 0.61 | Det Rec 0.81 | Det FA 0.30 | Epoch Time 611.86s (Eval 149.02s, Train 462.83s)
[STATE 2026-04-18 15:21:41] T7 Ep 1/1 complete: Prec 0.6433 F1 0.6142 DetRec 0.8087 DetFA 0.3006 | 611.86s total (149.02s eval/462.83s train)
[STATE 2026-04-18 15:21:41] Task 7: running final validation.
[STATE 2026-04-18 15:24:09] Completed task 7 (8/10)
Task 8: 36658 training samples, 12220 test samples.
[STATE 2026-04-18 15:24:09] Task 8: zero-shot validation (pre-train)
---- Zero-shot (pre-train) task 8: rec_cls 0.1366 | prec_cls 0.0570 | f1_cls 0.0357 | det 0.5000 | pfa 1.0000 | total_f1 0.4454 ----
[STATE 2026-04-18 15:26:43] Starting task 8 (9/10)
[STATE 2026-04-18 15:26:43] Task 8 Epoch 1/1: entering train loop
[STATE 2026-04-18 15:28:12] Task 8 Epoch 1/1: running validation (end of epoch)
---- Eval at Epoch 0: cls [0.22535337444741435, 0.7638825360010661, 0.4152687522548958, 0.5631684658124628, 0.37655481285011744, 0.5799922050129893, 0.5287621811311519, 0.5388480697577087, 0.669381349330926] | det_recall [0.5338945936742068, 0.8608247729078554, 0.7697075908839391, 0.9954980012239617, 1.0, 0.791336166453227, 0.9977050054101501, 0.7849859690912993, 0.776050455762339] | det_fa [0.7969454109464722, 0.2525939104149063, 0.3956265004581102, 0.008754993568012924, 0.0, 0.392415616012813, 0.004589989179699963, 0.3956701329982181, 0.4129877510996743] ----
T8 Ep 1/1 | L 1.1730 | Train Acc 0.55 | Prec 0.55 | F1 0.44 | Det Rec 0.74 | Det FA 0.47 | Epoch Time 243.85s (Eval 154.25s, Train 89.60s)
[STATE 2026-04-18 15:30:46] T8 Ep 1/1 complete: Prec 0.5507 F1 0.4394 DetRec 0.7413 DetFA 0.4692 | 243.85s total (154.25s eval/89.60s train)
[STATE 2026-04-18 15:30:46] Task 8: running final validation.
[STATE 2026-04-18 15:33:21] Completed task 8 (9/10)
Task 9: 17340 training samples, 6800 test samples.
[STATE 2026-04-18 15:33:21] Task 9: zero-shot validation (pre-train)
---- Zero-shot (pre-train) task 9: rec_cls 0.1944 | prec_cls 0.1940 | f1_cls 0.1138 | det 0.5000 | pfa 1.0000 | total_f1 0.4512 ----
[STATE 2026-04-18 15:35:58] Starting task 9 (10/10)
[STATE 2026-04-18 15:35:58] Task 9 Epoch 1/1: entering train loop
[STATE 2026-04-18 15:36:40] Task 9 Epoch 1/1: running validation (end of epoch)
---- Eval at Epoch 0: cls [0.2263523146447319, 0.7652348389425226, 0.41265456607714684, 0.5684055280434347, 0.3865151783700886, 0.5806080932596716, 0.5307617378668233, 0.539429866696204, 0.6155523288989525, 0.4160857054290144] | det_recall [0.5325907064575862, 0.8607127784135239, 0.768579224728334, 0.9960925312059985, 1.0, 0.7900851123806235, 0.9977068125084321, 0.7854646074626573, 0.7675777900086116, 1.0] | det_fa [0.7985238618926376, 0.2524985929815702, 0.39695137021977767, 0.00757268952598745, 0.0, 0.3950629747192064, 0.004586374983135859, 0.3955421722561092, 0.40257024260158575, 0.0] ----
T9 Ep 1/1 | L 0.9557 | Train Acc 0.41 | Prec 0.40 | F1 0.48 | Det Rec 0.99 | Det FA 0.01 | Epoch Time 199.35s (Eval 156.79s, Train 42.56s)
[STATE 2026-04-18 15:39:17] T9 Ep 1/1 complete: Prec 0.4048 F1 0.4761 DetRec 0.9936 DetFA 0.0128 | 199.35s total (156.79s eval/42.56s train)
[STATE 2026-04-18 15:39:17] Task 9: running final validation.
[STATE 2026-04-18 15:41:55] Completed task 9 (10/10)
####Final Validation Accuracy####
Final Results:- 
 Total Recall: 0.5033180757401362 
 Individual Recall: [0.22473731972987074, 0.7626824881086107, 0.41134806958780834, 0.5631755216319819, 0.3785553851019806, 0.5792455029685224, 0.5306396756413424, 0.5397665828339143, 0.6273082852787178, 0.41572192651861256]
Final Detection Results:- 
 Total Detection: 0.8497839293090648 
 Individual Detection: [0.530213483112367, 0.8605308301798623, 0.7680084170516349, 0.9954919753996433, 1.0, 0.7897282168656882, 0.997426062370539, 0.7859168565957547, 0.7705234515151586, 1.0]
Final Detection False Alarm:- 
 Total False Alarm: 0.2656123342874985 
 Individual False Alarm: [0.8050438046820523, 0.2516992895832568, 0.39776851846743183, 0.008041299544120365, 0.0, 0.39447258838929344, 0.005147875258921848, 0.3948637670464474, 0.3990861999034607, 0.0]
SUMMARY_TR cls_rec=0.4104 cls_prec=0.4048 cls_f1=0.4761 det=0.8499 fa=0.2653
SUMMARY_TE cls_rec=0.5033 cls_prec=0.4944 cls_f1=0.4872 det=0.8498 fa=0.2656
[STATE 2026-04-18 15:41:55] Saving results to logs//packnet/full-tasks_CIL_all-2026-04-18_14-14-45-8777/0/results
Model size: 0.0289 GB
Memory buffer size: 0.0000 GB
logs//packnet/full-tasks_CIL_all-2026-04-18_14-14-45-8777/0/results: {'expt_name': 'full-tasks_CIL_all', 'model': 'packnet', 'arch': 'resnet1d', 'n_hiddens': 100, 'n_layers': 2, 'xav_init': False, 'debug': False, 'use_detector_arch': False, 'inner_steps': 2, 'n_epochs': 1, 'batch_size': 256, 'replay_batch_size': 128, 'memories': 5120, 'lr': 0.01, 'optimizer': 'sgd', 'class_weighted_ce': True, 'cuda': True, 'seed': 0, 'log_every': 10, 'log_dir': 'logs//packnet/full-tasks_CIL_all-2026-04-18_14-14-45-8777/0', 'tf_dir': 'logs//packnet/full-tasks_CIL_all-2026-04-18_14-14-45-8777/0/tfdir', 'calc_test_accuracy': False, 'state_logging': True, 'data_path': 'data/rff/radar/full', 'task_order_files': 't2-rcn,t0-rcn,t2-uclresm-25noise,t0-deeprad,t1-deeprad,t1-uclresm-25noise,t3-deeprad,t0-uclresm-25noise,t1-rcn,t2-deeprad', 'loader': 'task_incremental_loader', 'samples_per_task': -1, 'shuffle_tasks': False, 'classes_per_it': 6, 'iterations': 5000, 'dataset': 'iq', 'workers': 0, 'validation': 0.5, 'data_scaling': 'normalize', 'use_iq_aug_features': False, 'iq_aug_feature_type': 'power', 'class_order': 'random', 'increment': 5, 'test_batch_size': 512, 'nc_per_task': None, 'nc_per_task_list': '', 'val_rate': 1000, 'opt_lr': 0.1, 'opt_wt': 0.1, 'alpha_init': 0.001, 'learn_lr': False, 'sync_update': False, 'grad_clip_norm': 5.0, 'meta_batches': 3, 'use_old_task_memory': False, 'second_order': False, 'n_memories': 5120, 'memory_strength': 0, 'steps_per_sample': 1, 'bgd_optimizer': 'sgd', 'optimizer_params': '{}', 'train_mc_iters': 5, 'std_init': 0.05, 'mean_eta': 1, 'fisher_gamma': 0.95, 'rln': 7, 'meta_lr': 0.001, 'update_lr': 0.1, 'ctx_lr': 0.05, 'n_meta': 1, 'temperature': 5.0, 'task_emb': 64, 'classes_per_task': [6, 7, 6, 7, 7, 6, 6, 6, 7, 6], 'get_samples_per_task': <bound method IncrementalLoader.get_samples_per_task of <dataloaders.task_incremental_loader.IncrementalLoader object at 0x7d890fedbf20>>} # val: 0.630 0.503 -0.126 0.000 # sizes: model_gb=0.0289 mem_gb=0.0000 # 5167.10254406929
[STATE 2026-04-18 15:41:55] results.pt components (approx): state_dict 73.6 MB, result_val_t 0.1 KB, result_val_a 0.8 KB
[STATE 2026-04-18 15:41:55] Results saved; total runtime 1.44h
Total runtime: 1.44 hours
