[STATE 2026-03-27 19:03:01] Enabling terminal logging to logs//lamaml/full-tasks_all-10epochs_weighted-loss-2026-03-27_19-03-01-8690/0/terminal.log
New Experiment Starting...
Running model:  lamaml_cifar
[STATE 2026-03-27 19:03:01] Experiment 'full-tasks_all-10epochs_weighted-loss' starting with model 'lamaml_cifar' (seed 0)
Set seed 0
t2-rcn.npz train: x=(50362, 1024), y=(50362, 2)
t2-rcn.npz test: x=(16787, 1024), y=(16787, 2)
t2-rcn.npz: applied data scaling mode 'normalize'.
Loaded t2-rcn.npz: Unique train labels: UniqueCountsResult(values=array([-1,  3,  5, 10, 12, 15]), counts=array([24209,  5770,  3030,  2320,  7509,  7524]))
Noise labels ratio in t2-rcn.npz train: 0.24, test: 0.24
Loaded t2-rcn.npz: Remapped labels: [0 1 2 3 4 5]. Size: 50362)
t0-rcn.npz train: x=(51916, 1024), y=(51916, 2)
t0-rcn.npz test: x=(17305, 1024), y=(17305, 2)
t0-rcn.npz: applied data scaling mode 'normalize'.
Loaded t0-rcn.npz: Unique train labels: UniqueCountsResult(values=array([-1,  1,  8,  9, 11, 13, 14]), counts=array([24225,  4268,  2495,  2943,  3015,  7464,  7506]))
Noise labels ratio in t0-rcn.npz train: 0.23, test: 0.23
Loaded t0-rcn.npz: Remapped labels: [ 6  7  8  9 10 11 12]. Size: 51916)
t2-uclresm-25noise.npz train: moved sample axis (3, 350028, 1024) -> (350028, 3, 1024)
t2-uclresm-25noise.npz test: moved sample axis (3, 233351, 1024) -> (233351, 3, 1024)
t2-uclresm-25noise.npz train: x=(350028, 3, 1024), y=(350028,)
t2-uclresm-25noise.npz test: x=(233351, 3, 1024), y=(233351,)
t2-uclresm-25noise.npz: applied data scaling mode 'normalize'.
Loaded t2-uclresm-25noise.npz: Unique train labels: UniqueCountsResult(values=array([-1,  0,  1,  2,  3,  4]), counts=array([87441, 27347, 71754, 64298, 36005, 63183]))
Noise labels ratio in t2-uclresm-25noise.npz train: 0.25, test: 0.25
Loaded t2-uclresm-25noise.npz: Remapped labels: [13 14 15 16 17 18]. Size: 350028)
t0-deeprad.npz train: x=(24480, 1024), y=(24480, 2)
t0-deeprad.npz test: x=(8160, 1024), y=(8160, 2)
t0-deeprad.npz: applied data scaling mode 'normalize'.
Loaded t0-deeprad.npz: Unique train labels: UniqueCountsResult(values=array([-1,  0,  1,  2,  3,  4,  5]), counts=array([12240,  2029,  1983,  2043,  2154,  2015,  2016]))
Noise labels ratio in t0-deeprad.npz train: 0.25, test: 0.25
Loaded t0-deeprad.npz: Remapped labels: [19 20 21 22 23 24 25]. Size: 24480)
t1-deeprad.npz train: x=(24480, 1024), y=(24480, 2)
t1-deeprad.npz test: x=(8160, 1024), y=(8160, 2)
t1-deeprad.npz: applied data scaling mode 'normalize'.
Loaded t1-deeprad.npz: Unique train labels: UniqueCountsResult(values=array([-1,  0,  1,  2,  3,  4,  5]), counts=array([12240,  1988,  2029,  2054,  1988,  2053,  2128]))
Noise labels ratio in t1-deeprad.npz train: 0.25, test: 0.25
Loaded t1-deeprad.npz: Remapped labels: [26 27 28 29 30 31 32]. Size: 24480)
t1-uclresm-25noise.npz train: moved sample axis (3, 201410, 1024) -> (201410, 3, 1024)
t1-uclresm-25noise.npz test: moved sample axis (3, 116291, 1024) -> (116291, 3, 1024)
t1-uclresm-25noise.npz train: x=(201410, 3, 1024), y=(201410,)
t1-uclresm-25noise.npz test: x=(116291, 3, 1024), y=(116291,)
t1-uclresm-25noise.npz: applied data scaling mode 'normalize'.
Loaded t1-uclresm-25noise.npz: Unique train labels: UniqueCountsResult(values=array([-1,  0,  1,  2,  3,  4]), counts=array([43668, 18021, 17838, 18087, 31870, 71926]))
Noise labels ratio in t1-uclresm-25noise.npz train: 0.22, test: 0.25
Loaded t1-uclresm-25noise.npz: Remapped labels: [33 34 35 36 37 38]. Size: 201410)
t3-deeprad.npz train: x=(17340, 1024), y=(17340, 2)
t3-deeprad.npz test: x=(6800, 1024), y=(6800, 2)
t3-deeprad.npz: applied data scaling mode 'normalize'.
Loaded t3-deeprad.npz: Unique train labels: UniqueCountsResult(values=array([-1,  0,  1,  2,  3,  4]), counts=array([8670, 1693, 1677, 1794, 1716, 1790]))
Noise labels ratio in t3-deeprad.npz train: 0.25, test: 0.25
Loaded t3-deeprad.npz: Remapped labels: [39 40 41 42 43 44]. Size: 17340)
t0-uclresm-25noise.npz train: moved sample axis (3, 188050, 1024) -> (188050, 3, 1024)
t0-uclresm-25noise.npz test: moved sample axis (3, 107348, 1024) -> (107348, 3, 1024)
t0-uclresm-25noise.npz train: x=(188050, 3, 1024), y=(188050,)
t0-uclresm-25noise.npz test: x=(107348, 3, 1024), y=(107348,)
t0-uclresm-25noise.npz: applied data scaling mode 'normalize'.
Loaded t0-uclresm-25noise.npz: Unique train labels: UniqueCountsResult(values=array([-1,  0,  1,  2,  3,  4]), counts=array([40144, 32109, 17978, 17979, 18098, 61742]))
Noise labels ratio in t0-uclresm-25noise.npz train: 0.21, test: 0.25
Loaded t0-uclresm-25noise.npz: Remapped labels: [45 46 47 48 49 50]. Size: 188050)
t1-rcn.npz train: x=(36658, 1024), y=(36658, 2)
t1-rcn.npz test: x=(12220, 1024), y=(12220, 2)
t1-rcn.npz: applied data scaling mode 'normalize'.
Loaded t1-rcn.npz: Unique train labels: UniqueCountsResult(values=array([-1,  0,  2,  4,  6,  7, 16]), counts=array([20595,   824,  2087,  2606,  2396,  1716,  6434]))
Noise labels ratio in t1-rcn.npz train: 0.28, test: 0.28
Loaded t1-rcn.npz: Remapped labels: [51 52 53 54 55 56 57]. Size: 36658)
t2-deeprad.npz train: x=(17340, 1024), y=(17340, 2)
t2-deeprad.npz test: x=(6800, 1024), y=(6800, 2)
t2-deeprad.npz: applied data scaling mode 'normalize'.
Loaded t2-deeprad.npz: Unique train labels: UniqueCountsResult(values=array([-1,  0,  1,  2,  3,  4]), counts=array([8670, 1774, 1675, 1777, 1694, 1750]))
Noise labels ratio in t2-deeprad.npz train: 0.25, test: 0.25
Loaded t2-deeprad.npz: Remapped labels: [58 59 60 61 62 63]. Size: 17340)
Built classes_per_task: [6, 7, 6, 7, 7, 6, 6, 6, 7, 6]
Classes per task: [6, 7, 6, 7, 7, 6, 6, 6, 7, 6]
[STATE 2026-03-27 19:04:07] Loader 'task_incremental_loader' ready: 1024 inputs, 64 outputs, 10 tasks
n_outputs: 64 	n_tasks: 10
[STATE 2026-03-27 19:04:07] Logging to logs//lamaml/full-tasks_all-10epochs_weighted-loss-2026-03-27_19-03-01-8690/0
True
Model device: cuda:0
[STATE 2026-03-27 19:04:07] Model initialized on device cuda:0
[STATE 2026-03-27 19:04:07] Invoking continual life experience flow
[STATE 2026-03-27 19:04:07] Life experience start: 10 tasks queued
Task 0: 50362 training samples, 16787 test samples.
[STATE 2026-03-27 19:04:07] Starting task 0 (1/10)
[STATE 2026-03-27 19:04:07] Task 0 Epoch 1/10: entering train loop
[STATE 2026-03-27 19:11:53] Task 0 Epoch 1/10: running validation (end of epoch)
---- Eval at Epoch 0: cls [0.48719803197267086] | det_recall [0.802920160994527] | det_fa [0.24007652161395934] ----
T0 Ep 1/10 | L 0.6538 | Train Acc 0.37 | Prec 0.42 | F1 0.32 | Det Rec 0.70 | Det FA 0.50 | Epoch Time 471.07s (Eval 4.48s, Train 466.59s)
[STATE 2026-03-27 19:11:58] T0 Ep 1/10 complete: Prec 0.4242 F1 0.3167 DetRec 0.7024 DetFA 0.4989 | 471.07s total (4.48s eval/466.59s train)
[STATE 2026-03-27 19:11:58] Task 0 Epoch 2/10: entering train loop
T0 Ep 2/10 | L 0.3450 | Train Acc 0.50 | Prec 0.63 | F1 0.52 | Det Rec 0.84 | Det FA 0.14 | Epoch Time 466.10s (Eval 0.00s, Train 466.10s)
[STATE 2026-03-27 19:19:44] T0 Ep 2/10 complete: Prec 0.6330 F1 0.5163 DetRec 0.8357 DetFA 0.1402 | 466.10s total (0.00s eval/466.10s train)
[STATE 2026-03-27 19:19:44] Task 0 Epoch 3/10: entering train loop
T0 Ep 3/10 | L 0.2992 | Train Acc 0.58 | Prec 0.68 | F1 0.61 | Det Rec 0.85 | Det FA 0.07 | Epoch Time 467.32s (Eval 0.00s, Train 467.32s)
[STATE 2026-03-27 19:27:31] T0 Ep 3/10 complete: Prec 0.6834 F1 0.6148 DetRec 0.8456 DetFA 0.0740 | 467.32s total (0.00s eval/467.32s train)
[STATE 2026-03-27 19:27:31] Task 0 Epoch 4/10: entering train loop
T0 Ep 4/10 | L 0.2592 | Train Acc 0.65 | Prec 0.72 | F1 0.67 | Det Rec 0.86 | Det FA 0.07 | Epoch Time 467.31s (Eval 0.00s, Train 467.31s)
[STATE 2026-03-27 19:35:19] T0 Ep 4/10 complete: Prec 0.7227 F1 0.6701 DetRec 0.8588 DetFA 0.0653 | 467.31s total (0.00s eval/467.31s train)
[STATE 2026-03-27 19:35:19] Task 0 Epoch 5/10: entering train loop
T0 Ep 5/10 | L 0.2349 | Train Acc 0.77 | Prec 0.87 | F1 0.80 | Det Rec 0.88 | Det FA 0.08 | Epoch Time 469.01s (Eval 0.00s, Train 469.01s)
[STATE 2026-03-27 19:43:08] T0 Ep 5/10 complete: Prec 0.8679 F1 0.7970 DetRec 0.8793 DetFA 0.0828 | 469.01s total (0.00s eval/469.01s train)
[STATE 2026-03-27 19:43:08] Task 0 Epoch 6/10: entering train loop
T0 Ep 6/10 | L 0.2171 | Train Acc 0.78 | Prec 0.87 | F1 0.81 | Det Rec 0.88 | Det FA 0.09 | Epoch Time 466.80s (Eval 0.00s, Train 466.80s)
[STATE 2026-03-27 19:50:54] T0 Ep 6/10 complete: Prec 0.8725 F1 0.8077 DetRec 0.8831 DetFA 0.0913 | 466.80s total (0.00s eval/466.80s train)
[STATE 2026-03-27 19:50:54] Task 0 Epoch 7/10: entering train loop
T0 Ep 7/10 | L 0.2004 | Train Acc 0.81 | Prec 0.90 | F1 0.83 | Det Rec 0.89 | Det FA 0.09 | Epoch Time 467.99s (Eval 0.00s, Train 467.99s)
[STATE 2026-03-27 19:58:42] T0 Ep 7/10 complete: Prec 0.8966 F1 0.8286 DetRec 0.8911 DetFA 0.0906 | 467.99s total (0.00s eval/467.99s train)
[STATE 2026-03-27 19:58:42] Task 0 Epoch 8/10: entering train loop
T0 Ep 8/10 | L 0.1807 | Train Acc 0.85 | Prec 0.93 | F1 0.87 | Det Rec 0.91 | Det FA 0.08 | Epoch Time 468.18s (Eval 0.00s, Train 468.18s)
[STATE 2026-03-27 20:06:31] T0 Ep 8/10 complete: Prec 0.9340 F1 0.8658 DetRec 0.9101 DetFA 0.0776 | 468.18s total (0.00s eval/468.18s train)
[STATE 2026-03-27 20:06:31] Task 0 Epoch 9/10: entering train loop
T0 Ep 9/10 | L 0.1643 | Train Acc 0.87 | Prec 0.95 | F1 0.88 | Det Rec 0.92 | Det FA 0.07 | Epoch Time 467.42s (Eval 0.00s, Train 467.42s)
[STATE 2026-03-27 20:14:18] T0 Ep 9/10 complete: Prec 0.9473 F1 0.8834 DetRec 0.9205 DetFA 0.0741 | 467.42s total (0.00s eval/467.42s train)
[STATE 2026-03-27 20:14:18] Task 0 Epoch 10/10: entering train loop
T0 Ep 10/10 | L 0.1525 | Train Acc 0.87 | Prec 0.95 | F1 0.89 | Det Rec 0.93 | Det FA 0.07 | Epoch Time 466.52s (Eval 0.00s, Train 466.52s)
[STATE 2026-03-27 20:22:04] T0 Ep 10/10 complete: Prec 0.9456 F1 0.8868 DetRec 0.9255 DetFA 0.0675 | 466.52s total (0.00s eval/466.52s train)
[STATE 2026-03-27 20:22:04] Task 0: running final validation.
[STATE 2026-03-27 20:22:09] Completed task 0 (1/10)
Task 1: 51916 training samples, 17305 test samples.
[STATE 2026-03-27 20:22:09] Starting task 1 (2/10)
[STATE 2026-03-27 20:22:09] Task 1 Epoch 1/10: entering train loop
[STATE 2026-03-27 20:30:17] Task 1 Epoch 1/10: running validation (end of epoch)
---- Eval at Epoch 0: cls [0.7661800713636409, 0.7034326068834355] | det_recall [0.8666777162339221, 0.8790191965853389] | det_fa [0.09641427397299947, 0.1371694750862891] ----
T1 Ep 1/10 | L 0.5380 | Train Acc 0.51 | Prec 0.60 | F1 0.43 | Det Rec 0.72 | Det FA 0.51 | Epoch Time 496.79s (Eval 9.08s, Train 487.71s)
[STATE 2026-03-27 20:30:26] T1 Ep 1/10 complete: Prec 0.5953 F1 0.4282 DetRec 0.7199 DetFA 0.5144 | 496.79s total (9.08s eval/487.71s train)
[STATE 2026-03-27 20:30:26] Task 1 Epoch 2/10: entering train loop
T1 Ep 2/10 | L 0.3194 | Train Acc 0.77 | Prec 0.81 | F1 0.73 | Det Rec 0.88 | Det FA 0.18 | Epoch Time 488.15s (Eval 0.00s, Train 488.15s)
[STATE 2026-03-27 20:38:34] T1 Ep 2/10 complete: Prec 0.8111 F1 0.7305 DetRec 0.8794 DetFA 0.1811 | 488.15s total (0.00s eval/488.15s train)
[STATE 2026-03-27 20:38:34] Task 1 Epoch 3/10: entering train loop
T1 Ep 3/10 | L 0.2543 | Train Acc 0.82 | Prec 0.85 | F1 0.77 | Det Rec 0.88 | Det FA 0.20 | Epoch Time 487.84s (Eval 0.00s, Train 487.84s)
[STATE 2026-03-27 20:46:42] T1 Ep 3/10 complete: Prec 0.8456 F1 0.7687 DetRec 0.8767 DetFA 0.1990 | 487.84s total (0.00s eval/487.84s train)
[STATE 2026-03-27 20:46:42] Task 1 Epoch 4/10: entering train loop
T1 Ep 4/10 | L 0.2118 | Train Acc 0.83 | Prec 0.85 | F1 0.76 | Det Rec 0.86 | Det FA 0.25 | Epoch Time 487.80s (Eval 0.00s, Train 487.80s)
[STATE 2026-03-27 20:54:50] T1 Ep 4/10 complete: Prec 0.8467 F1 0.7637 DetRec 0.8570 DetFA 0.2525 | 487.80s total (0.00s eval/487.80s train)
[STATE 2026-03-27 20:54:50] Task 1 Epoch 5/10: entering train loop
T1 Ep 5/10 | L 0.1821 | Train Acc 0.86 | Prec 0.87 | F1 0.80 | Det Rec 0.89 | Det FA 0.19 | Epoch Time 487.74s (Eval 0.00s, Train 487.74s)
[STATE 2026-03-27 21:02:57] T1 Ep 5/10 complete: Prec 0.8654 F1 0.8012 DetRec 0.8925 DetFA 0.1851 | 487.74s total (0.00s eval/487.74s train)
[STATE 2026-03-27 21:02:57] Task 1 Epoch 6/10: entering train loop
T1 Ep 6/10 | L 0.1537 | Train Acc 0.87 | Prec 0.87 | F1 0.80 | Det Rec 0.87 | Det FA 0.23 | Epoch Time 487.96s (Eval 0.00s, Train 487.96s)
[STATE 2026-03-27 21:11:05] T1 Ep 6/10 complete: Prec 0.8726 F1 0.7973 DetRec 0.8735 DetFA 0.2306 | 487.96s total (0.00s eval/487.96s train)
[STATE 2026-03-27 21:11:05] Task 1 Epoch 7/10: entering train loop
T1 Ep 7/10 | L 0.1377 | Train Acc 0.88 | Prec 0.87 | F1 0.81 | Det Rec 0.89 | Det FA 0.20 | Epoch Time 487.89s (Eval 0.00s, Train 487.89s)
[STATE 2026-03-27 21:19:13] T1 Ep 7/10 complete: Prec 0.8727 F1 0.8094 DetRec 0.8928 DetFA 0.1965 | 487.89s total (0.00s eval/487.89s train)
[STATE 2026-03-27 21:19:13] Task 1 Epoch 8/10: entering train loop
T1 Ep 8/10 | L 0.1261 | Train Acc 0.88 | Prec 0.88 | F1 0.83 | Det Rec 0.91 | Det FA 0.16 | Epoch Time 488.04s (Eval 0.00s, Train 488.04s)
[STATE 2026-03-27 21:27:21] T1 Ep 8/10 complete: Prec 0.8769 F1 0.8251 DetRec 0.9117 DetFA 0.1600 | 488.04s total (0.00s eval/488.04s train)
[STATE 2026-03-27 21:27:21] Task 1 Epoch 9/10: entering train loop
T1 Ep 9/10 | L 0.1153 | Train Acc 0.88 | Prec 0.88 | F1 0.82 | Det Rec 0.90 | Det FA 0.19 | Epoch Time 487.40s (Eval 0.00s, Train 487.40s)
[STATE 2026-03-27 21:35:29] T1 Ep 9/10 complete: Prec 0.8783 F1 0.8185 DetRec 0.8998 DetFA 0.1868 | 487.40s total (0.00s eval/487.40s train)
[STATE 2026-03-27 21:35:29] Task 1 Epoch 10/10: entering train loop
T1 Ep 10/10 | L 0.1065 | Train Acc 0.89 | Prec 0.88 | F1 0.83 | Det Rec 0.91 | Det FA 0.17 | Epoch Time 487.68s (Eval 0.00s, Train 487.68s)
[STATE 2026-03-27 21:43:36] T1 Ep 10/10 complete: Prec 0.8824 F1 0.8276 DetRec 0.9084 DetFA 0.1707 | 487.68s total (0.00s eval/487.68s train)
[STATE 2026-03-27 21:43:36] Task 1: running final validation.
[STATE 2026-03-27 21:43:45] Completed task 1 (2/10)
Task 2: 350028 training samples, 175014 test samples.
[STATE 2026-03-27 21:43:46] Starting task 2 (3/10)
[STATE 2026-03-27 21:43:46] Task 2 Epoch 1/10: entering train loop
[STATE 2026-03-27 22:38:42] Task 2 Epoch 1/10: running validation (end of epoch)
---- Eval at Epoch 0: cls [0.7074884435337803, 0.7575892262369682, 0.6507168233965751] | det_recall [0.8537771734983455, 0.6036689050693306, 0.8211306875746343] | det_fa [0.25374501202781297, 0.6802072186815391, 0.29799256517533323] ----
T2 Ep 1/10 | L 0.6183 | Train Acc 0.54 | Prec 0.64 | F1 0.54 | Det Rec 0.81 | Det FA 0.28 | Epoch Time 3350.62s (Eval 55.28s, Train 3295.35s)
[STATE 2026-03-27 22:39:37] T2 Ep 1/10 complete: Prec 0.6368 F1 0.5374 DetRec 0.8090 DetFA 0.2768 | 3350.62s total (55.28s eval/3295.35s train)
[STATE 2026-03-27 22:39:37] Task 2 Epoch 2/10: entering train loop
T2 Ep 2/10 | L 0.3240 | Train Acc 0.72 | Prec 0.74 | F1 0.70 | Det Rec 0.85 | Det FA 0.25 | Epoch Time 3291.18s (Eval 0.00s, Train 3291.18s)
[STATE 2026-03-27 23:34:28] T2 Ep 2/10 complete: Prec 0.7433 F1 0.6987 DetRec 0.8499 DetFA 0.2491 | 3291.18s total (0.00s eval/3291.18s train)
[STATE 2026-03-27 23:34:28] Task 2 Epoch 3/10: entering train loop
T2 Ep 3/10 | L 0.2590 | Train Acc 0.73 | Prec 0.74 | F1 0.70 | Det Rec 0.85 | Det FA 0.26 | Epoch Time 3291.07s (Eval 0.00s, Train 3291.07s)
[STATE 2026-03-28 00:29:19] T2 Ep 3/10 complete: Prec 0.7438 F1 0.7036 DetRec 0.8520 DetFA 0.2619 | 3291.07s total (0.00s eval/3291.07s train)
[STATE 2026-03-28 00:29:19] Task 2 Epoch 4/10: entering train loop
T2 Ep 4/10 | L 0.2314 | Train Acc 0.74 | Prec 0.74 | F1 0.71 | Det Rec 0.85 | Det FA 0.27 | Epoch Time 3290.21s (Eval 0.00s, Train 3290.21s)
[STATE 2026-03-28 01:24:09] T2 Ep 4/10 complete: Prec 0.7441 F1 0.7080 DetRec 0.8541 DetFA 0.2664 | 3290.21s total (0.00s eval/3290.21s train)
[STATE 2026-03-28 01:24:09] Task 2 Epoch 5/10: entering train loop
T2 Ep 5/10 | L 0.2162 | Train Acc 0.75 | Prec 0.75 | F1 0.71 | Det Rec 0.85 | Det FA 0.27 | Epoch Time 3291.14s (Eval 0.00s, Train 3291.14s)
[STATE 2026-03-28 02:19:00] T2 Ep 5/10 complete: Prec 0.7506 F1 0.7104 DetRec 0.8538 DetFA 0.2696 | 3291.14s total (0.00s eval/3291.14s train)
[STATE 2026-03-28 02:19:00] Task 2 Epoch 6/10: entering train loop
T2 Ep 6/10 | L 0.2042 | Train Acc 0.75 | Prec 0.75 | F1 0.71 | Det Rec 0.86 | Det FA 0.27 | Epoch Time 3289.63s (Eval 0.00s, Train 3289.63s)
[STATE 2026-03-28 03:13:50] T2 Ep 6/10 complete: Prec 0.7523 F1 0.7126 DetRec 0.8567 DetFA 0.2675 | 3289.63s total (0.00s eval/3289.63s train)
[STATE 2026-03-28 03:13:50] Task 2 Epoch 7/10: entering train loop
T2 Ep 7/10 | L 0.1946 | Train Acc 0.75 | Prec 0.75 | F1 0.71 | Det Rec 0.86 | Det FA 0.27 | Epoch Time 3288.66s (Eval 0.00s, Train 3288.66s)
[STATE 2026-03-28 04:08:39] T2 Ep 7/10 complete: Prec 0.7532 F1 0.7135 DetRec 0.8564 DetFA 0.2724 | 3288.66s total (0.00s eval/3288.66s train)
[STATE 2026-03-28 04:08:39] Task 2 Epoch 8/10: entering train loop
T2 Ep 8/10 | L 0.1852 | Train Acc 0.75 | Prec 0.76 | F1 0.71 | Det Rec 0.86 | Det FA 0.27 | Epoch Time 3292.62s (Eval 0.00s, Train 3292.62s)
[STATE 2026-03-28 05:03:31] T2 Ep 8/10 complete: Prec 0.7562 F1 0.7138 DetRec 0.8571 DetFA 0.2717 | 3292.62s total (0.00s eval/3292.62s train)
[STATE 2026-03-28 05:03:31] Task 2 Epoch 9/10: entering train loop
T2 Ep 9/10 | L 0.1800 | Train Acc 0.76 | Prec 0.76 | F1 0.72 | Det Rec 0.86 | Det FA 0.27 | Epoch Time 3291.20s (Eval 0.00s, Train 3291.20s)
[STATE 2026-03-28 05:58:23] T2 Ep 9/10 complete: Prec 0.7589 F1 0.7156 DetRec 0.8563 DetFA 0.2748 | 3291.20s total (0.00s eval/3291.20s train)
[STATE 2026-03-28 05:58:23] Task 2 Epoch 10/10: entering train loop
T2 Ep 10/10 | L 0.1761 | Train Acc 0.76 | Prec 0.76 | F1 0.72 | Det Rec 0.86 | Det FA 0.28 | Epoch Time 3290.62s (Eval 0.00s, Train 3290.62s)
[STATE 2026-03-28 06:53:13] T2 Ep 10/10 complete: Prec 0.7632 F1 0.7163 DetRec 0.8566 DetFA 0.2753 | 3290.62s total (0.00s eval/3290.62s train)
[STATE 2026-03-28 06:53:13] Task 2: running final validation.
[STATE 2026-03-28 06:54:09] Completed task 2 (3/10)
Task 3: 24480 training samples, 8160 test samples.
[STATE 2026-03-28 06:54:09] Starting task 3 (4/10)
[STATE 2026-03-28 06:54:09] Task 3 Epoch 1/10: entering train loop
[STATE 2026-03-28 06:58:00] Task 3 Epoch 1/10: running validation (end of epoch)
---- Eval at Epoch 0: cls [0.6698548590576697, 0.587359488543483, 0.6753388570011463, 0.5030049474671894] | det_recall [0.843938716684749, 0.8260260483685599, 0.8173944313837487, 0.5] | det_fa [0.28673705652500237, 0.1930936177368383, 0.3311849073347835, 1.0] ----
T3 Ep 1/10 | L 0.5787 | Train Acc 0.48 | Prec 0.48 | F1 0.32 | Det Rec 0.50 | Det FA 1.00 | Epoch Time 288.38s (Eval 57.33s, Train 231.04s)
[STATE 2026-03-28 06:58:57] T3 Ep 1/10 complete: Prec 0.4840 F1 0.3150 DetRec 0.5007 DetFA 0.9985 | 288.38s total (57.33s eval/231.04s train)
[STATE 2026-03-28 06:58:57] Task 3 Epoch 2/10: entering train loop
T3 Ep 2/10 | L 0.2927 | Train Acc 0.59 | Prec 0.59 | F1 0.41 | Det Rec 0.50 | Det FA 1.00 | Epoch Time 231.25s (Eval 0.00s, Train 231.25s)
[STATE 2026-03-28 07:02:48] T3 Ep 2/10 complete: Prec 0.5886 F1 0.4059 DetRec 0.5000 DetFA 1.0000 | 231.25s total (0.00s eval/231.25s train)
[STATE 2026-03-28 07:02:48] Task 3 Epoch 3/10: entering train loop
T3 Ep 3/10 | L 0.2307 | Train Acc 0.65 | Prec 0.64 | F1 0.46 | Det Rec 0.50 | Det FA 1.00 | Epoch Time 230.38s (Eval 0.00s, Train 230.38s)
[STATE 2026-03-28 07:06:39] T3 Ep 3/10 complete: Prec 0.6444 F1 0.4583 DetRec 0.5000 DetFA 1.0000 | 230.38s total (0.00s eval/230.38s train)
[STATE 2026-03-28 07:06:39] Task 3 Epoch 4/10: entering train loop
T3 Ep 4/10 | L 0.1919 | Train Acc 0.69 | Prec 0.68 | F1 0.49 | Det Rec 0.50 | Det FA 1.00 | Epoch Time 230.48s (Eval 0.00s, Train 230.48s)
[STATE 2026-03-28 07:10:29] T3 Ep 4/10 complete: Prec 0.6783 F1 0.4889 DetRec 0.5000 DetFA 1.0000 | 230.48s total (0.00s eval/230.48s train)
[STATE 2026-03-28 07:10:29] Task 3 Epoch 5/10: entering train loop
T3 Ep 5/10 | L 0.1704 | Train Acc 0.71 | Prec 0.70 | F1 0.50 | Det Rec 0.50 | Det FA 1.00 | Epoch Time 230.61s (Eval 0.00s, Train 230.61s)
[STATE 2026-03-28 07:14:20] T3 Ep 5/10 complete: Prec 0.7009 F1 0.5049 DetRec 0.5000 DetFA 1.0000 | 230.61s total (0.00s eval/230.61s train)
[STATE 2026-03-28 07:14:20] Task 3 Epoch 6/10: entering train loop
T3 Ep 6/10 | L 0.1551 | Train Acc 0.73 | Prec 0.73 | F1 0.52 | Det Rec 0.50 | Det FA 1.00 | Epoch Time 230.42s (Eval 0.00s, Train 230.42s)
[STATE 2026-03-28 07:18:10] T3 Ep 6/10 complete: Prec 0.7271 F1 0.5246 DetRec 0.5000 DetFA 1.0000 | 230.42s total (0.00s eval/230.42s train)
[STATE 2026-03-28 07:18:10] Task 3 Epoch 7/10: entering train loop
T3 Ep 7/10 | L 0.1385 | Train Acc 0.76 | Prec 0.75 | F1 0.55 | Det Rec 0.50 | Det FA 1.00 | Epoch Time 230.86s (Eval 0.00s, Train 230.86s)
[STATE 2026-03-28 07:22:01] T3 Ep 7/10 complete: Prec 0.7537 F1 0.5451 DetRec 0.5000 DetFA 1.0000 | 230.86s total (0.00s eval/230.86s train)
[STATE 2026-03-28 07:22:01] Task 3 Epoch 8/10: entering train loop
T3 Ep 8/10 | L 0.1267 | Train Acc 0.77 | Prec 0.77 | F1 0.56 | Det Rec 0.50 | Det FA 1.00 | Epoch Time 230.54s (Eval 0.00s, Train 230.54s)
[STATE 2026-03-28 07:25:52] T3 Ep 8/10 complete: Prec 0.7694 F1 0.5608 DetRec 0.5022 DetFA 0.9955 | 230.54s total (0.00s eval/230.54s train)
[STATE 2026-03-28 07:25:52] Task 3 Epoch 9/10: entering train loop
T3 Ep 9/10 | L 0.1171 | Train Acc 0.78 | Prec 0.78 | F1 0.57 | Det Rec 0.50 | Det FA 1.00 | Epoch Time 230.33s (Eval 0.00s, Train 230.33s)
[STATE 2026-03-28 07:29:42] T3 Ep 9/10 complete: Prec 0.7780 F1 0.5671 DetRec 0.5018 DetFA 0.9964 | 230.33s total (0.00s eval/230.33s train)
[STATE 2026-03-28 07:29:42] Task 3 Epoch 10/10: entering train loop
T3 Ep 10/10 | L 0.1045 | Train Acc 0.80 | Prec 0.80 | F1 0.59 | Det Rec 0.50 | Det FA 0.99 | Epoch Time 231.16s (Eval 0.00s, Train 231.16s)
[STATE 2026-03-28 07:33:33] T3 Ep 10/10 complete: Prec 0.7985 F1 0.5853 DetRec 0.5029 DetFA 0.9942 | 231.16s total (0.00s eval/231.16s train)
[STATE 2026-03-28 07:33:33] Task 3: running final validation.
[STATE 2026-03-28 07:34:30] Completed task 3 (4/10)
Task 4: 24480 training samples, 8160 test samples.
[STATE 2026-03-28 07:34:31] Starting task 4 (5/10)
[STATE 2026-03-28 07:34:31] Task 4 Epoch 1/10: entering train loop
[STATE 2026-03-28 07:38:22] Task 4 Epoch 1/10: running validation (end of epoch)
---- Eval at Epoch 0: cls [0.612076509545833, 0.5441395869874018, 0.6292157500956194, 0.5653673925244117, 0.19228193761678966] | det_recall [0.8354084444478809, 0.8222181979322, 0.8135376935971378, 0.998281264762662, 0.7235604346304746] | det_fa [0.28270921334844407, 0.15743889866121377, 0.3115073890868643, 0.0029462184285967753, 0.0] ----
T4 Ep 1/10 | L 0.3603 | Train Acc 0.20 | Prec 0.36 | F1 0.31 | Det Rec 0.71 | Det FA 0.01 | Epoch Time 290.97s (Eval 59.54s, Train 231.43s)
[STATE 2026-03-28 07:39:22] T4 Ep 1/10 complete: Prec 0.3558 F1 0.3057 DetRec 0.7060 DetFA 0.0104 | 290.97s total (59.54s eval/231.43s train)
[STATE 2026-03-28 07:39:22] Task 4 Epoch 2/10: entering train loop
T4 Ep 2/10 | L 0.2519 | Train Acc 0.36 | Prec 0.58 | F1 0.46 | Det Rec 0.81 | Det FA 0.00 | Epoch Time 230.88s (Eval 0.00s, Train 230.88s)
[STATE 2026-03-28 07:43:12] T4 Ep 2/10 complete: Prec 0.5797 F1 0.4646 DetRec 0.8126 DetFA 0.0000 | 230.88s total (0.00s eval/230.88s train)
[STATE 2026-03-28 07:43:12] Task 4 Epoch 3/10: entering train loop
T4 Ep 3/10 | L 0.2117 | Train Acc 0.46 | Prec 0.64 | F1 0.56 | Det Rec 0.88 | Det FA 0.00 | Epoch Time 231.17s (Eval 0.00s, Train 231.17s)
[STATE 2026-03-28 07:47:04] T4 Ep 3/10 complete: Prec 0.6371 F1 0.5577 DetRec 0.8757 DetFA 0.0000 | 231.17s total (0.00s eval/231.17s train)
[STATE 2026-03-28 07:47:04] Task 4 Epoch 4/10: entering train loop
T4 Ep 4/10 | L 0.1895 | Train Acc 0.50 | Prec 0.69 | F1 0.59 | Det Rec 0.88 | Det FA 0.00 | Epoch Time 231.30s (Eval 0.00s, Train 231.30s)
[STATE 2026-03-28 07:50:55] T4 Ep 4/10 complete: Prec 0.6897 F1 0.5949 DetRec 0.8764 DetFA 0.0000 | 231.30s total (0.00s eval/231.30s train)
[STATE 2026-03-28 07:50:55] Task 4 Epoch 5/10: entering train loop
T4 Ep 5/10 | L 0.1724 | Train Acc 0.53 | Prec 0.71 | F1 0.62 | Det Rec 0.88 | Det FA 0.00 | Epoch Time 231.26s (Eval 0.00s, Train 231.26s)
[STATE 2026-03-28 07:54:46] T4 Ep 5/10 complete: Prec 0.7116 F1 0.6225 DetRec 0.8847 DetFA 0.0000 | 231.26s total (0.00s eval/231.26s train)
[STATE 2026-03-28 07:54:46] Task 4 Epoch 6/10: entering train loop
T4 Ep 6/10 | L 0.1567 | Train Acc 0.59 | Prec 0.74 | F1 0.67 | Det Rec 0.91 | Det FA 0.00 | Epoch Time 231.23s (Eval 0.00s, Train 231.23s)
[STATE 2026-03-28 07:58:37] T4 Ep 6/10 complete: Prec 0.7360 F1 0.6740 DetRec 0.9056 DetFA 0.0000 | 231.23s total (0.00s eval/231.23s train)
[STATE 2026-03-28 07:58:37] Task 4 Epoch 7/10: entering train loop
T4 Ep 7/10 | L 0.1348 | Train Acc 0.63 | Prec 0.75 | F1 0.70 | Det Rec 0.92 | Det FA 0.00 | Epoch Time 230.97s (Eval 0.00s, Train 230.97s)
[STATE 2026-03-28 08:02:28] T4 Ep 7/10 complete: Prec 0.7530 F1 0.7010 DetRec 0.9210 DetFA 0.0000 | 230.97s total (0.00s eval/230.97s train)
[STATE 2026-03-28 08:02:28] Task 4 Epoch 8/10: entering train loop
T4 Ep 8/10 | L 0.1239 | Train Acc 0.66 | Prec 0.77 | F1 0.73 | Det Rec 0.93 | Det FA 0.00 | Epoch Time 230.25s (Eval 0.00s, Train 230.25s)
[STATE 2026-03-28 08:06:19] T4 Ep 8/10 complete: Prec 0.7696 F1 0.7260 DetRec 0.9327 DetFA 0.0000 | 230.25s total (0.00s eval/230.25s train)
[STATE 2026-03-28 08:06:19] Task 4 Epoch 9/10: entering train loop
T4 Ep 9/10 | L 0.1171 | Train Acc 0.69 | Prec 0.78 | F1 0.75 | Det Rec 0.95 | Det FA 0.00 | Epoch Time 229.95s (Eval 0.00s, Train 229.95s)
[STATE 2026-03-28 08:10:09] T4 Ep 9/10 complete: Prec 0.7759 F1 0.7474 DetRec 0.9533 DetFA 0.0000 | 229.95s total (0.00s eval/229.95s train)
[STATE 2026-03-28 08:10:09] Task 4 Epoch 10/10: entering train loop
T4 Ep 10/10 | L 0.1050 | Train Acc 0.74 | Prec 0.79 | F1 0.78 | Det Rec 0.96 | Det FA 0.00 | Epoch Time 230.13s (Eval 0.00s, Train 230.13s)
[STATE 2026-03-28 08:13:59] T4 Ep 10/10 complete: Prec 0.7916 F1 0.7821 DetRec 0.9645 DetFA 0.0000 | 230.13s total (0.00s eval/230.13s train)
[STATE 2026-03-28 08:13:59] Task 4: running final validation.
[STATE 2026-03-28 08:14:58] Completed task 4 (5/10)
Task 5: 201410 training samples, 100705 test samples.
[STATE 2026-03-28 08:14:59] Starting task 5 (6/10)
[STATE 2026-03-28 08:14:59] Task 5 Epoch 1/10: entering train loop
[STATE 2026-03-28 08:46:38] Task 5 Epoch 1/10: running validation (end of epoch)
---- Eval at Epoch 0: cls [0.6087236771647123, 0.5598928936964735, 0.6008017534090101, 0.44709880466349144, 0.3511733313275225, 0.714616477924139] | det_recall [0.8323933160799759, 0.8050219964609315, 0.8359166800635215, 0.9928317015232939, 0.9825658680154797, 0.8251812540080969] | det_fa [0.31244550711605745, 0.20579601125970626, 0.26367045772247394, 0.002427116513756639, 0.0, 0.33265846900821217] ----
T5 Ep 1/10 | L 0.3656 | Train Acc 0.68 | Prec 0.68 | F1 0.61 | Det Rec 0.74 | Det FA 0.50 | Epoch Time 1985.39s (Eval 86.07s, Train 1899.32s)
[STATE 2026-03-28 08:48:04] T5 Ep 1/10 complete: Prec 0.6783 F1 0.6082 DetRec 0.7403 DetFA 0.5034 | 1985.39s total (86.07s eval/1899.32s train)
[STATE 2026-03-28 08:48:04] Task 5 Epoch 2/10: entering train loop
T5 Ep 2/10 | L 0.2228 | Train Acc 0.77 | Prec 0.74 | F1 0.73 | Det Rec 0.86 | Det FA 0.26 | Epoch Time 1894.88s (Eval 0.00s, Train 1894.88s)
[STATE 2026-03-28 09:19:39] T5 Ep 2/10 complete: Prec 0.7424 F1 0.7327 DetRec 0.8590 DetFA 0.2645 | 1894.88s total (0.00s eval/1894.88s train)
[STATE 2026-03-28 09:19:39] Task 5 Epoch 3/10: entering train loop
T5 Ep 3/10 | L 0.1892 | Train Acc 0.79 | Prec 0.76 | F1 0.75 | Det Rec 0.86 | Det FA 0.26 | Epoch Time 1895.78s (Eval 0.00s, Train 1895.78s)
[STATE 2026-03-28 09:51:15] T5 Ep 3/10 complete: Prec 0.7590 F1 0.7491 DetRec 0.8634 DetFA 0.2600 | 1895.78s total (0.00s eval/1895.78s train)
[STATE 2026-03-28 09:51:15] Task 5 Epoch 4/10: entering train loop
T5 Ep 4/10 | L 0.1725 | Train Acc 0.80 | Prec 0.76 | F1 0.75 | Det Rec 0.86 | Det FA 0.27 | Epoch Time 1894.65s (Eval 0.00s, Train 1894.65s)
[STATE 2026-03-28 10:22:49] T5 Ep 4/10 complete: Prec 0.7606 F1 0.7497 DetRec 0.8611 DetFA 0.2678 | 1894.65s total (0.00s eval/1894.65s train)
[STATE 2026-03-28 10:22:49] Task 5 Epoch 5/10: entering train loop
T5 Ep 5/10 | L 0.1582 | Train Acc 0.81 | Prec 0.77 | F1 0.75 | Det Rec 0.86 | Det FA 0.27 | Epoch Time 1895.07s (Eval 0.00s, Train 1895.07s)
[STATE 2026-03-28 10:54:24] T5 Ep 5/10 complete: Prec 0.7655 F1 0.7530 DetRec 0.8595 DetFA 0.2738 | 1895.07s total (0.00s eval/1895.07s train)
[STATE 2026-03-28 10:54:24] Task 5 Epoch 6/10: entering train loop
T5 Ep 6/10 | L 0.1498 | Train Acc 0.81 | Prec 0.77 | F1 0.75 | Det Rec 0.86 | Det FA 0.28 | Epoch Time 1896.25s (Eval 0.00s, Train 1896.25s)
[STATE 2026-03-28 11:26:01] T5 Ep 6/10 complete: Prec 0.7699 F1 0.7548 DetRec 0.8575 DetFA 0.2793 | 1896.25s total (0.00s eval/1896.25s train)
[STATE 2026-03-28 11:26:01] Task 5 Epoch 7/10: entering train loop
T5 Ep 7/10 | L 0.1416 | Train Acc 0.82 | Prec 0.77 | F1 0.76 | Det Rec 0.86 | Det FA 0.27 | Epoch Time 1896.73s (Eval 0.00s, Train 1896.73s)
[STATE 2026-03-28 11:57:37] T5 Ep 7/10 complete: Prec 0.7716 F1 0.7571 DetRec 0.8606 DetFA 0.2728 | 1896.73s total (0.00s eval/1896.73s train)
[STATE 2026-03-28 11:57:37] Task 5 Epoch 8/10: entering train loop
T5 Ep 8/10 | L 0.1370 | Train Acc 0.82 | Prec 0.77 | F1 0.76 | Det Rec 0.87 | Det FA 0.26 | Epoch Time 1895.31s (Eval 0.00s, Train 1895.31s)
[STATE 2026-03-28 12:29:13] T5 Ep 8/10 complete: Prec 0.7721 F1 0.7595 DetRec 0.8650 DetFA 0.2634 | 1895.31s total (0.00s eval/1895.31s train)
[STATE 2026-03-28 12:29:13] Task 5 Epoch 9/10: entering train loop
T5 Ep 9/10 | L 0.1314 | Train Acc 0.82 | Prec 0.78 | F1 0.76 | Det Rec 0.87 | Det FA 0.26 | Epoch Time 1895.23s (Eval 0.00s, Train 1895.23s)
[STATE 2026-03-28 13:00:48] T5 Ep 9/10 complete: Prec 0.7757 F1 0.7624 DetRec 0.8663 DetFA 0.2608 | 1895.23s total (0.00s eval/1895.23s train)
[STATE 2026-03-28 13:00:48] Task 5 Epoch 10/10: entering train loop
T5 Ep 10/10 | L 0.1261 | Train Acc 0.83 | Prec 0.78 | F1 0.77 | Det Rec 0.87 | Det FA 0.26 | Epoch Time 1894.13s (Eval 0.00s, Train 1894.13s)
[STATE 2026-03-28 13:32:22] T5 Ep 10/10 complete: Prec 0.7789 F1 0.7673 DetRec 0.8690 DetFA 0.2555 | 1894.13s total (0.00s eval/1894.13s train)
[STATE 2026-03-28 13:32:22] Task 5: running final validation.
[STATE 2026-03-28 13:33:48] Completed task 5 (6/10)
Task 6: 17340 training samples, 6800 test samples.
[STATE 2026-03-28 13:33:48] Starting task 6 (7/10)
[STATE 2026-03-28 13:33:48] Task 6 Epoch 1/10: entering train loop
[STATE 2026-03-28 13:36:32] Task 6 Epoch 1/10: running validation (end of epoch)
---- Eval at Epoch 0: cls [0.5635341157880365, 0.5057873942733927, 0.5646131641981949, 0.4748893062350051, 0.32919880557233766, 0.7443834904022371, 0.4695222204013668] | det_recall [0.8266949463751508, 0.8098817189729696, 0.8163163381431205, 0.9936750292525338, 0.9955951531452264, 0.8310633282174387, 1.0] | det_fa [0.30978130908542273, 0.18690041054270196, 0.32034562978765185, 0.0011880307615624397, 0.0, 0.32229828012561085, 0.0] ----
T6 Ep 1/10 | L 0.4237 | Train Acc 0.46 | Prec 0.43 | F1 0.50 | Det Rec 0.97 | Det FA 0.05 | Epoch Time 251.19s (Eval 87.89s, Train 163.30s)
[STATE 2026-03-28 13:38:00] T6 Ep 1/10 complete: Prec 0.4327 F1 0.5018 DetRec 0.9687 DetFA 0.0494 | 251.19s total (87.89s eval/163.30s train)
[STATE 2026-03-28 13:38:00] Task 6 Epoch 2/10: entering train loop
T6 Ep 2/10 | L 0.2770 | Train Acc 0.56 | Prec 0.54 | F1 0.61 | Det Rec 1.00 | Det FA 0.00 | Epoch Time 163.82s (Eval 0.00s, Train 163.82s)
[STATE 2026-03-28 13:40:43] T6 Ep 2/10 complete: Prec 0.5440 F1 0.6123 DetRec 0.9997 DetFA 0.0005 | 163.82s total (0.00s eval/163.82s train)
[STATE 2026-03-28 13:40:43] Task 6 Epoch 3/10: entering train loop
T6 Ep 3/10 | L 0.2270 | Train Acc 0.60 | Prec 0.59 | F1 0.65 | Det Rec 1.00 | Det FA 0.00 | Epoch Time 163.94s (Eval 0.00s, Train 163.94s)
[STATE 2026-03-28 13:43:27] T6 Ep 3/10 complete: Prec 0.5892 F1 0.6475 DetRec 0.9998 DetFA 0.0003 | 163.94s total (0.00s eval/163.94s train)
[STATE 2026-03-28 13:43:27] Task 6 Epoch 4/10: entering train loop
T6 Ep 4/10 | L 0.1966 | Train Acc 0.64 | Prec 0.63 | F1 0.68 | Det Rec 1.00 | Det FA 0.00 | Epoch Time 163.46s (Eval 0.00s, Train 163.46s)
[STATE 2026-03-28 13:46:11] T6 Ep 4/10 complete: Prec 0.6304 F1 0.6831 DetRec 0.9999 DetFA 0.0002 | 163.46s total (0.00s eval/163.46s train)
[STATE 2026-03-28 13:46:11] Task 6 Epoch 5/10: entering train loop
T6 Ep 5/10 | L 0.1807 | Train Acc 0.67 | Prec 0.66 | F1 0.71 | Det Rec 1.00 | Det FA 0.00 | Epoch Time 163.67s (Eval 0.00s, Train 163.67s)
[STATE 2026-03-28 13:48:55] T6 Ep 5/10 complete: Prec 0.6618 F1 0.7126 DetRec 1.0000 DetFA 0.0000 | 163.67s total (0.00s eval/163.67s train)
[STATE 2026-03-28 13:48:55] Task 6 Epoch 6/10: entering train loop
T6 Ep 6/10 | L 0.1608 | Train Acc 0.71 | Prec 0.70 | F1 0.75 | Det Rec 1.00 | Det FA 0.00 | Epoch Time 163.41s (Eval 0.00s, Train 163.41s)
[STATE 2026-03-28 13:51:38] T6 Ep 6/10 complete: Prec 0.6991 F1 0.7465 DetRec 0.9999 DetFA 0.0002 | 163.41s total (0.00s eval/163.41s train)
[STATE 2026-03-28 13:51:38] Task 6 Epoch 7/10: entering train loop
T6 Ep 7/10 | L 0.1469 | Train Acc 0.73 | Prec 0.73 | F1 0.77 | Det Rec 1.00 | Det FA 0.00 | Epoch Time 163.44s (Eval 0.00s, Train 163.44s)
[STATE 2026-03-28 13:54:21] T6 Ep 7/10 complete: Prec 0.7256 F1 0.7683 DetRec 0.9999 DetFA 0.0002 | 163.44s total (0.00s eval/163.44s train)
[STATE 2026-03-28 13:54:21] Task 6 Epoch 8/10: entering train loop
T6 Ep 8/10 | L 0.1304 | Train Acc 0.75 | Prec 0.75 | F1 0.78 | Det Rec 1.00 | Det FA 0.00 | Epoch Time 163.16s (Eval 0.00s, Train 163.16s)
[STATE 2026-03-28 13:57:05] T6 Ep 8/10 complete: Prec 0.7470 F1 0.7845 DetRec 0.9999 DetFA 0.0002 | 163.16s total (0.00s eval/163.16s train)
[STATE 2026-03-28 13:57:05] Task 6 Epoch 9/10: entering train loop
T6 Ep 9/10 | L 0.1188 | Train Acc 0.78 | Prec 0.77 | F1 0.81 | Det Rec 1.00 | Det FA 0.00 | Epoch Time 164.13s (Eval 0.00s, Train 164.13s)
[STATE 2026-03-28 13:59:49] T6 Ep 9/10 complete: Prec 0.7704 F1 0.8059 DetRec 1.0000 DetFA 0.0001 | 164.13s total (0.00s eval/164.13s train)
[STATE 2026-03-28 13:59:49] Task 6 Epoch 10/10: entering train loop
T6 Ep 10/10 | L 0.1211 | Train Acc 0.79 | Prec 0.78 | F1 0.82 | Det Rec 1.00 | Det FA 0.00 | Epoch Time 163.71s (Eval 0.00s, Train 163.71s)
[STATE 2026-03-28 14:02:32] T6 Ep 10/10 complete: Prec 0.7826 F1 0.8159 DetRec 0.9998 DetFA 0.0003 | 163.71s total (0.00s eval/163.71s train)
[STATE 2026-03-28 14:02:32] Task 6: running final validation.
[STATE 2026-03-28 14:04:00] Completed task 6 (7/10)
Task 7: 188050 training samples, 94025 test samples.
[STATE 2026-03-28 14:04:01] Starting task 7 (8/10)
[STATE 2026-03-28 14:04:01] Task 7 Epoch 1/10: entering train loop
[STATE 2026-03-28 14:33:35] Task 7 Epoch 1/10: running validation (end of epoch)
---- Eval at Epoch 0: cls [0.5440652986210894, 0.5106001577344443, 0.5620203968138079, 0.3667128698662577, 0.2972416767595114, 0.7014113070461648, 0.4141007704281043, 0.7299001750262978] | det_recall [0.7903526174359505, 0.8052939150709341, 0.8302522812144636, 0.9852730946257593, 0.9749436997578647, 0.8560053395166862, 0.9987780398910754, 0.8290556675644207] | det_fa [0.38554900165512374, 0.18344528211254138, 0.27874050956744806, 0.0038755632766257686, 0.0, 0.2464504761611291, 0.0, 0.31974397825218115] ----
T7 Ep 1/10 | L 0.3230 | Train Acc 0.71 | Prec 0.73 | F1 0.69 | Det Rec 0.81 | Det FA 0.35 | Epoch Time 1886.59s (Eval 112.66s, Train 1773.93s)
[STATE 2026-03-28 14:35:27] T7 Ep 1/10 complete: Prec 0.7339 F1 0.6903 DetRec 0.8135 DetFA 0.3457 | 1886.59s total (112.66s eval/1773.93s train)
[STATE 2026-03-28 14:35:27] Task 7 Epoch 2/10: entering train loop
T7 Ep 2/10 | L 0.1992 | Train Acc 0.79 | Prec 0.77 | F1 0.75 | Det Rec 0.85 | Det FA 0.29 | Epoch Time 1767.67s (Eval 0.00s, Train 1767.67s)
[STATE 2026-03-28 15:04:55] T7 Ep 2/10 complete: Prec 0.7667 F1 0.7506 DetRec 0.8494 DetFA 0.2857 | 1767.67s total (0.00s eval/1767.67s train)
[STATE 2026-03-28 15:04:55] Task 7 Epoch 3/10: entering train loop
T7 Ep 3/10 | L 0.1755 | Train Acc 0.80 | Prec 0.77 | F1 0.75 | Det Rec 0.85 | Det FA 0.29 | Epoch Time 1770.26s (Eval 0.00s, Train 1770.26s)
[STATE 2026-03-28 15:34:25] T7 Ep 3/10 complete: Prec 0.7650 F1 0.7517 DetRec 0.8499 DetFA 0.2883 | 1770.26s total (0.00s eval/1770.26s train)
[STATE 2026-03-28 15:34:25] Task 7 Epoch 4/10: entering train loop
T7 Ep 4/10 | L 0.1621 | Train Acc 0.81 | Prec 0.77 | F1 0.75 | Det Rec 0.85 | Det FA 0.29 | Epoch Time 1769.77s (Eval 0.00s, Train 1769.77s)
[STATE 2026-03-28 16:03:55] T7 Ep 4/10 complete: Prec 0.7677 F1 0.7547 DetRec 0.8490 DetFA 0.2918 | 1769.77s total (0.00s eval/1769.77s train)
[STATE 2026-03-28 16:03:55] Task 7 Epoch 5/10: entering train loop
T7 Ep 5/10 | L 0.1532 | Train Acc 0.81 | Prec 0.77 | F1 0.76 | Det Rec 0.85 | Det FA 0.29 | Epoch Time 1767.58s (Eval 0.00s, Train 1767.58s)
[STATE 2026-03-28 16:33:23] T7 Ep 5/10 complete: Prec 0.7693 F1 0.7582 DetRec 0.8522 DetFA 0.2852 | 1767.58s total (0.00s eval/1767.58s train)
[STATE 2026-03-28 16:33:23] Task 7 Epoch 6/10: entering train loop
T7 Ep 6/10 | L 0.1444 | Train Acc 0.82 | Prec 0.77 | F1 0.76 | Det Rec 0.85 | Det FA 0.29 | Epoch Time 1768.81s (Eval 0.00s, Train 1768.81s)
[STATE 2026-03-28 17:02:51] T7 Ep 6/10 complete: Prec 0.7699 F1 0.7583 DetRec 0.8519 DetFA 0.2870 | 1768.81s total (0.00s eval/1768.81s train)
[STATE 2026-03-28 17:02:51] Task 7 Epoch 7/10: entering train loop
T7 Ep 7/10 | L 0.1402 | Train Acc 0.82 | Prec 0.77 | F1 0.76 | Det Rec 0.85 | Det FA 0.28 | Epoch Time 1769.62s (Eval 0.00s, Train 1769.62s)
[STATE 2026-03-28 17:32:21] T7 Ep 7/10 complete: Prec 0.7691 F1 0.7597 DetRec 0.8548 DetFA 0.2824 | 1769.62s total (0.00s eval/1769.62s train)
[STATE 2026-03-28 17:32:21] Task 7 Epoch 8/10: entering train loop
T7 Ep 8/10 | L 0.1348 | Train Acc 0.82 | Prec 0.77 | F1 0.76 | Det Rec 0.86 | Det FA 0.28 | Epoch Time 1770.71s (Eval 0.00s, Train 1770.71s)
[STATE 2026-03-28 18:01:52] T7 Ep 8/10 complete: Prec 0.7733 F1 0.7625 DetRec 0.8552 DetFA 0.2809 | 1770.71s total (0.00s eval/1770.71s train)
[STATE 2026-03-28 18:01:52] Task 7 Epoch 9/10: entering train loop
T7 Ep 9/10 | L 0.1316 | Train Acc 0.83 | Prec 0.77 | F1 0.76 | Det Rec 0.85 | Det FA 0.29 | Epoch Time 1771.55s (Eval 0.00s, Train 1771.55s)
[STATE 2026-03-28 18:31:23] T7 Ep 9/10 complete: Prec 0.7725 F1 0.7621 DetRec 0.8540 DetFA 0.2850 | 1771.55s total (0.00s eval/1771.55s train)
[STATE 2026-03-28 18:31:23] Task 7 Epoch 10/10: entering train loop
T7 Ep 10/10 | L 0.1270 | Train Acc 0.82 | Prec 0.77 | F1 0.76 | Det Rec 0.86 | Det FA 0.28 | Epoch Time 1770.06s (Eval 0.00s, Train 1770.06s)
[STATE 2026-03-28 19:00:53] T7 Ep 10/10 complete: Prec 0.7705 F1 0.7612 DetRec 0.8567 DetFA 0.2794 | 1770.06s total (0.00s eval/1770.06s train)
[STATE 2026-03-28 19:00:53] Task 7: running final validation.
[STATE 2026-03-28 19:02:46] Completed task 7 (8/10)
Task 8: 36658 training samples, 12220 test samples.
[STATE 2026-03-28 19:02:46] Starting task 8 (9/10)
[STATE 2026-03-28 19:02:46] Task 8 Epoch 1/10: entering train loop
[STATE 2026-03-28 19:08:32] Task 8 Epoch 1/10: running validation (end of epoch)
---- Eval at Epoch 0: cls [0.6723301068607058, 0.5695400082411914, 0.5052980493836977, 0.37708885810692694, 0.30997746302979573, 0.6460543258388047, 0.3592978782510063, 0.7286564996297993, 0.5781314637911471] | det_recall [0.7880998647841182, 0.8183540744046705, 0.8157327868533929, 0.9846559058476935, 0.9598392449417363, 0.8359608903911397, 0.9727544096469233, 0.8253331335527144, 0.8004923837919642] | det_fa [0.38267139634379904, 0.13542941970515762, 0.31948719194035213, 0.0009852105041783259, 0.0, 0.30004875163606104, 0.0, 0.3395186858118439, 0.20739034341562035] ----
T8 Ep 1/10 | L 0.4221 | Train Acc 0.50 | Prec 0.62 | F1 0.50 | Det Rec 0.76 | Det FA 0.29 | Epoch Time 461.93s (Eval 115.99s, Train 345.95s)
[STATE 2026-03-28 19:10:28] T8 Ep 1/10 complete: Prec 0.6154 F1 0.4989 DetRec 0.7650 DetFA 0.2851 | 461.93s total (115.99s eval/345.95s train)
[STATE 2026-03-28 19:10:28] Task 8 Epoch 2/10: entering train loop
T8 Ep 2/10 | L 0.2158 | Train Acc 0.64 | Prec 0.79 | F1 0.66 | Det Rec 0.85 | Det FA 0.11 | Epoch Time 345.38s (Eval 0.00s, Train 345.38s)
[STATE 2026-03-28 19:16:14] T8 Ep 2/10 complete: Prec 0.7884 F1 0.6646 DetRec 0.8496 DetFA 0.1112 | 345.38s total (0.00s eval/345.38s train)
[STATE 2026-03-28 19:16:14] Task 8 Epoch 3/10: entering train loop
T8 Ep 3/10 | L 0.1813 | Train Acc 0.68 | Prec 0.81 | F1 0.69 | Det Rec 0.86 | Det FA 0.11 | Epoch Time 346.63s (Eval 0.00s, Train 346.63s)
[STATE 2026-03-28 19:22:00] T8 Ep 3/10 complete: Prec 0.8074 F1 0.6864 DetRec 0.8627 DetFA 0.1129 | 346.63s total (0.00s eval/346.63s train)
[STATE 2026-03-28 19:22:00] Task 8 Epoch 4/10: entering train loop
T8 Ep 4/10 | L 0.1579 | Train Acc 0.74 | Prec 0.82 | F1 0.71 | Det Rec 0.87 | Det FA 0.13 | Epoch Time 345.10s (Eval 0.00s, Train 345.10s)
[STATE 2026-03-28 19:27:45] T8 Ep 4/10 complete: Prec 0.8247 F1 0.7130 DetRec 0.8701 DetFA 0.1345 | 345.10s total (0.00s eval/345.10s train)
[STATE 2026-03-28 19:27:45] Task 8 Epoch 5/10: entering train loop
T8 Ep 5/10 | L 0.1435 | Train Acc 0.79 | Prec 0.83 | F1 0.73 | Det Rec 0.87 | Det FA 0.16 | Epoch Time 345.23s (Eval 0.00s, Train 345.23s)
[STATE 2026-03-28 19:33:31] T8 Ep 5/10 complete: Prec 0.8345 F1 0.7308 DetRec 0.8732 DetFA 0.1602 | 345.23s total (0.00s eval/345.23s train)
[STATE 2026-03-28 19:33:31] Task 8 Epoch 6/10: entering train loop
T8 Ep 6/10 | L 0.1311 | Train Acc 0.81 | Prec 0.84 | F1 0.73 | Det Rec 0.87 | Det FA 0.18 | Epoch Time 344.84s (Eval 0.00s, Train 344.84s)
[STATE 2026-03-28 19:39:16] T8 Ep 6/10 complete: Prec 0.8376 F1 0.7311 DetRec 0.8691 DetFA 0.1838 | 344.84s total (0.00s eval/344.84s train)
[STATE 2026-03-28 19:39:16] Task 8 Epoch 7/10: entering train loop
T8 Ep 7/10 | L 0.1202 | Train Acc 0.83 | Prec 0.84 | F1 0.74 | Det Rec 0.87 | Det FA 0.20 | Epoch Time 345.07s (Eval 0.00s, Train 345.07s)
[STATE 2026-03-28 19:45:01] T8 Ep 7/10 complete: Prec 0.8412 F1 0.7381 DetRec 0.8688 DetFA 0.1973 | 345.07s total (0.00s eval/345.07s train)
[STATE 2026-03-28 19:45:01] Task 8 Epoch 8/10: entering train loop
T8 Ep 8/10 | L 0.1160 | Train Acc 0.85 | Prec 0.85 | F1 0.74 | Det Rec 0.86 | Det FA 0.23 | Epoch Time 346.63s (Eval 0.00s, Train 346.63s)
[STATE 2026-03-28 19:50:47] T8 Ep 8/10 complete: Prec 0.8503 F1 0.7413 DetRec 0.8633 DetFA 0.2293 | 346.63s total (0.00s eval/346.63s train)
[STATE 2026-03-28 19:50:47] Task 8 Epoch 9/10: entering train loop
T8 Ep 9/10 | L 0.1055 | Train Acc 0.86 | Prec 0.86 | F1 0.75 | Det Rec 0.87 | Det FA 0.22 | Epoch Time 345.84s (Eval 0.00s, Train 345.84s)
[STATE 2026-03-28 19:56:33] T8 Ep 9/10 complete: Prec 0.8583 F1 0.7538 DetRec 0.8704 DetFA 0.2197 | 345.84s total (0.00s eval/345.84s train)
[STATE 2026-03-28 19:56:33] Task 8 Epoch 10/10: entering train loop
T8 Ep 10/10 | L 0.0968 | Train Acc 0.86 | Prec 0.86 | F1 0.75 | Det Rec 0.87 | Det FA 0.22 | Epoch Time 344.96s (Eval 0.00s, Train 344.96s)
[STATE 2026-03-28 20:02:18] T8 Ep 10/10 complete: Prec 0.8572 F1 0.7540 DetRec 0.8697 DetFA 0.2225 | 344.96s total (0.00s eval/344.96s train)
[STATE 2026-03-28 20:02:18] Task 8: running final validation.
[STATE 2026-03-28 20:04:14] Completed task 8 (9/10)
Task 9: 17340 training samples, 6800 test samples.
[STATE 2026-03-28 20:04:14] Starting task 9 (10/10)
[STATE 2026-03-28 20:04:14] Task 9 Epoch 1/10: entering train loop
[STATE 2026-03-28 20:06:58] Task 9 Epoch 1/10: running validation (end of epoch)
---- Eval at Epoch 0: cls [0.5939338260326879, 0.5254167455969494, 0.45423500632013614, 0.4502080474781102, 0.3586533025368753, 0.6172442816587748, 0.4094247521385065, 0.6729624222625041, 0.7039755630706356, 0.4100611791598939] | det_recall [0.7670157317042076, 0.811226294740771, 0.731617146719449, 0.991771050312351, 0.995876591107284, 0.8116192356225365, 0.9978241356465586, 0.8061579310430534, 0.7978574611750119, 1.0] | det_fa [0.41087510850049697, 0.11787405637019038, 0.4634747776951356, 0.000459162353068047, 0.0, 0.3178973988455519, 0.0, 0.35336987514098894, 0.3322864791750076, 0.0] ----
T9 Ep 1/10 | L 0.3719 | Train Acc 0.44 | Prec 0.44 | F1 0.49 | Det Rec 0.99 | Det FA 0.00 | Epoch Time 281.70s (Eval 118.05s, Train 163.65s)
[STATE 2026-03-28 20:08:56] T9 Ep 1/10 complete: Prec 0.4450 F1 0.4922 DetRec 0.9926 DetFA 0.0000 | 281.70s total (118.05s eval/163.65s train)
[STATE 2026-03-28 20:08:56] Task 9 Epoch 2/10: entering train loop
T9 Ep 2/10 | L 0.2213 | Train Acc 0.56 | Prec 0.58 | F1 0.62 | Det Rec 1.00 | Det FA 0.00 | Epoch Time 163.44s (Eval 0.00s, Train 163.44s)
[STATE 2026-03-28 20:11:39] T9 Ep 2/10 complete: Prec 0.5795 F1 0.6197 DetRec 1.0000 DetFA 0.0000 | 163.44s total (0.00s eval/163.44s train)
[STATE 2026-03-28 20:11:39] Task 9 Epoch 3/10: entering train loop
T9 Ep 3/10 | L 0.1828 | Train Acc 0.63 | Prec 0.64 | F1 0.69 | Det Rec 1.00 | Det FA 0.00 | Epoch Time 163.00s (Eval 0.00s, Train 163.00s)
[STATE 2026-03-28 20:14:22] T9 Ep 3/10 complete: Prec 0.6355 F1 0.6882 DetRec 1.0000 DetFA 0.0000 | 163.00s total (0.00s eval/163.00s train)
[STATE 2026-03-28 20:14:22] Task 9 Epoch 4/10: entering train loop
T9 Ep 4/10 | L 0.1573 | Train Acc 0.68 | Prec 0.68 | F1 0.73 | Det Rec 1.00 | Det FA 0.00 | Epoch Time 162.99s (Eval 0.00s, Train 162.99s)
[STATE 2026-03-28 20:17:05] T9 Ep 4/10 complete: Prec 0.6820 F1 0.7287 DetRec 1.0000 DetFA 0.0000 | 162.99s total (0.00s eval/162.99s train)
[STATE 2026-03-28 20:17:05] Task 9 Epoch 5/10: entering train loop
T9 Ep 5/10 | L 0.1324 | Train Acc 0.72 | Prec 0.72 | F1 0.76 | Det Rec 1.00 | Det FA 0.00 | Epoch Time 163.15s (Eval 0.00s, Train 163.15s)
[STATE 2026-03-28 20:19:48] T9 Ep 5/10 complete: Prec 0.7176 F1 0.7600 DetRec 1.0000 DetFA 0.0000 | 163.15s total (0.00s eval/163.15s train)
[STATE 2026-03-28 20:19:48] Task 9 Epoch 6/10: entering train loop
T9 Ep 6/10 | L 0.1205 | Train Acc 0.75 | Prec 0.75 | F1 0.79 | Det Rec 1.00 | Det FA 0.00 | Epoch Time 163.70s (Eval 0.00s, Train 163.70s)
[STATE 2026-03-28 20:22:32] T9 Ep 6/10 complete: Prec 0.7518 F1 0.7887 DetRec 1.0000 DetFA 0.0000 | 163.70s total (0.00s eval/163.70s train)
[STATE 2026-03-28 20:22:32] Task 9 Epoch 7/10: entering train loop
T9 Ep 7/10 | L 0.1079 | Train Acc 0.78 | Prec 0.78 | F1 0.81 | Det Rec 1.00 | Det FA 0.00 | Epoch Time 163.20s (Eval 0.00s, Train 163.20s)
[STATE 2026-03-28 20:25:15] T9 Ep 7/10 complete: Prec 0.7795 F1 0.8116 DetRec 1.0000 DetFA 0.0000 | 163.20s total (0.00s eval/163.20s train)
[STATE 2026-03-28 20:25:15] Task 9 Epoch 8/10: entering train loop
T9 Ep 8/10 | L 0.0975 | Train Acc 0.80 | Prec 0.80 | F1 0.83 | Det Rec 1.00 | Det FA 0.00 | Epoch Time 163.23s (Eval 0.00s, Train 163.23s)
[STATE 2026-03-28 20:27:59] T9 Ep 8/10 complete: Prec 0.7978 F1 0.8284 DetRec 1.0000 DetFA 0.0000 | 163.23s total (0.00s eval/163.23s train)
[STATE 2026-03-28 20:27:59] Task 9 Epoch 9/10: entering train loop
T9 Ep 9/10 | L 0.0860 | Train Acc 0.82 | Prec 0.82 | F1 0.85 | Det Rec 1.00 | Det FA 0.00 | Epoch Time 163.21s (Eval 0.00s, Train 163.21s)
[STATE 2026-03-28 20:30:42] T9 Ep 9/10 complete: Prec 0.8207 F1 0.8468 DetRec 1.0000 DetFA 0.0000 | 163.21s total (0.00s eval/163.21s train)
[STATE 2026-03-28 20:30:42] Task 9 Epoch 10/10: entering train loop
T9 Ep 10/10 | L 0.0793 | Train Acc 0.84 | Prec 0.84 | F1 0.86 | Det Rec 1.00 | Det FA 0.00 | Epoch Time 163.70s (Eval 0.00s, Train 163.70s)
[STATE 2026-03-28 20:33:25] T9 Ep 10/10 complete: Prec 0.8372 F1 0.8607 DetRec 1.0000 DetFA 0.0000 | 163.70s total (0.00s eval/163.70s train)
[STATE 2026-03-28 20:33:25] Task 9: running final validation.
[STATE 2026-03-28 20:35:23] Completed task 9 (10/10)
####Final Validation Accuracy####
Final Results:- 
 Total Recall: 0.5215999249675657 
 Individual Recall: [0.5813481185547524, 0.5149470636738805, 0.4455085947353985, 0.45923523545600764, 0.4092718155765439, 0.5988294939680786, 0.3981381147759152, 0.6576817548077848, 0.6627174264441276, 0.4883216316831672]
Final Detection Results:- 
 Total Detection: 0.8691365553883716 
 Individual Detection: [0.7801601325945525, 0.8042778490798893, 0.7191042278136739, 0.9897799088099485, 0.999282172201762, 0.8027514507943061, 0.9996011855034411, 0.7997144085008216, 0.796694218585321, 1.0]
Final Detection False Alarm:- 
 Total False Alarm: 0.19709778654021712 
 Individual False Alarm: [0.36956356277307834, 0.1317918401461335, 0.47927374556989644, 0.00022241992882562276, 0.0, 0.32889097543162354, 0.0002685284640171858, 0.36618512987812696, 0.29478166321046984, 0.0]
SUMMARY_TR cls_rec=0.8383 cls_prec=0.8372 cls_f1=0.8607 det=0.8711 fa=0.1996
SUMMARY_TE cls_rec=0.5216 cls_prec=0.5859 cls_f1=0.5431 det=0.8691 fa=0.1971
[STATE 2026-03-28 20:35:23] Saving results to logs//lamaml/full-tasks_all-10epochs_weighted-loss-2026-03-27_19-03-01-8690/0/results
Model size: 0.0289 GB
Memory buffer size: 0.0000 GB
logs//lamaml/full-tasks_all-10epochs_weighted-loss-2026-03-27_19-03-01-8690/0/results: {'expt_name': 'full-tasks_all-10epochs_weighted-loss', 'model': 'lamaml_cifar', 'arch': 'resnet1d', 'n_hiddens': 100, 'n_layers': 2, 'xav_init': False, 'debug': False, 'use_detector_arch': False, 'glances': 1, 'n_epochs': 10, 'batch_size': 256, 'replay_batch_size': 128, 'memories': 5120, 'lr': 0.001, 'optimizer': 'sgd', 'class_weighted_ce': True, 'cuda': True, 'seed': 0, 'log_every': 10, 'log_dir': 'logs//lamaml/full-tasks_all-10epochs_weighted-loss-2026-03-27_19-03-01-8690/0', 'tf_dir': 'logs//lamaml/full-tasks_all-10epochs_weighted-loss-2026-03-27_19-03-01-8690/0/tfdir', 'calc_test_accuracy': False, 'state_logging': True, 'data_path': 'data/rff/radar/full', 'task_order_files': 't2-rcn,t0-rcn,t2-uclresm-25noise,t0-deeprad,t1-deeprad,t1-uclresm-25noise,t3-deeprad,t0-uclresm-25noise,t1-rcn,t2-deeprad', 'loader': 'task_incremental_loader', 'samples_per_task': -1, 'shuffle_tasks': False, 'classes_per_it': 6, 'iterations': 5000, 'dataset': 'iq', 'workers': 0, 'validation': 0.5, 'data_scaling': 'normalize', 'use_iq_aug_features': False, 'iq_aug_feature_type': 'power', 'class_order': 'random', 'increment': 5, 'test_batch_size': 512, 'nc_per_task': None, 'nc_per_task_list': '', 'val_rate': 1000, 'opt_lr': 0.1, 'opt_wt': 0.1, 'alpha_init': 0.1, 'learn_lr': True, 'sync_update': False, 'grad_clip_norm': 5.0, 'meta_batches': 3, 'use_old_task_memory': False, 'second_order': True, 'n_memories': 5120, 'memory_strength': 0, 'steps_per_sample': 1, 'bgd_optimizer': 'sgd', 'optimizer_params': '{}', 'train_mc_iters': 5, 'std_init': 0.05, 'mean_eta': 1, 'fisher_gamma': 0.95, 'rln': 7, 'update_steps': 10, 'meta_lr': 0.001, 'update_lr': 0.1, 'ctx_lr': 0.05, 'n_meta': 2, 'inner_steps': 1, 'temperature': 5.0, 'task_emb': 64, 'classes_per_task': [6, 7, 6, 7, 7, 6, 6, 6, 7, 6], 'get_samples_per_task': <bound method IncrementalLoader.get_samples_per_task of <dataloaders.task_incremental_loader.IncrementalLoader object at 0x7607061b1840>>} # val: 0.661 0.522 -0.140 0.000 # sizes: model_gb=0.0289 mem_gb=0.0000 # 91876.4543287754
[STATE 2026-03-28 20:35:24] results.pt components (approx): state_dict 29.6 MB, result_val_t 0.1 KB, result_val_a 0.8 KB
[STATE 2026-03-28 20:35:24] Results saved; total runtime 25.52h
Total runtime: 25.52 hours
