[STATE 2026-03-28 20:35:26] Enabling terminal logging to logs//eralg4/full-tasks_all-10epochs_weighted-loss-2026-03-28_20-35-26-9781/0/terminal.log
New Experiment Starting...
Running model:  eralg4
[STATE 2026-03-28 20:35:26] Experiment 'full-tasks_all-10epochs_weighted-loss' starting with model 'eralg4' (seed 0)
Set seed 0
t2-rcn.npz train: x=(50362, 1024), y=(50362, 2)
t2-rcn.npz test: x=(16787, 1024), y=(16787, 2)
t2-rcn.npz: applied data scaling mode 'normalize'.
Loaded t2-rcn.npz: Unique train labels: UniqueCountsResult(values=array([-1,  3,  5, 10, 12, 15]), counts=array([24209,  5770,  3030,  2320,  7509,  7524]))
Noise labels ratio in t2-rcn.npz train: 0.24, test: 0.24
Loaded t2-rcn.npz: Remapped labels: [0 1 2 3 4 5]. Size: 50362)
t0-rcn.npz train: x=(51916, 1024), y=(51916, 2)
t0-rcn.npz test: x=(17305, 1024), y=(17305, 2)
t0-rcn.npz: applied data scaling mode 'normalize'.
Loaded t0-rcn.npz: Unique train labels: UniqueCountsResult(values=array([-1,  1,  8,  9, 11, 13, 14]), counts=array([24225,  4268,  2495,  2943,  3015,  7464,  7506]))
Noise labels ratio in t0-rcn.npz train: 0.23, test: 0.23
Loaded t0-rcn.npz: Remapped labels: [ 6  7  8  9 10 11 12]. Size: 51916)
t2-uclresm-25noise.npz train: moved sample axis (3, 350028, 1024) -> (350028, 3, 1024)
t2-uclresm-25noise.npz test: moved sample axis (3, 233351, 1024) -> (233351, 3, 1024)
t2-uclresm-25noise.npz train: x=(350028, 3, 1024), y=(350028,)
t2-uclresm-25noise.npz test: x=(233351, 3, 1024), y=(233351,)
t2-uclresm-25noise.npz: applied data scaling mode 'normalize'.
Loaded t2-uclresm-25noise.npz: Unique train labels: UniqueCountsResult(values=array([-1,  0,  1,  2,  3,  4]), counts=array([87441, 27347, 71754, 64298, 36005, 63183]))
Noise labels ratio in t2-uclresm-25noise.npz train: 0.25, test: 0.25
Loaded t2-uclresm-25noise.npz: Remapped labels: [13 14 15 16 17 18]. Size: 350028)
t0-deeprad.npz train: x=(24480, 1024), y=(24480, 2)
t0-deeprad.npz test: x=(8160, 1024), y=(8160, 2)
t0-deeprad.npz: applied data scaling mode 'normalize'.
Loaded t0-deeprad.npz: Unique train labels: UniqueCountsResult(values=array([-1,  0,  1,  2,  3,  4,  5]), counts=array([12240,  2029,  1983,  2043,  2154,  2015,  2016]))
Noise labels ratio in t0-deeprad.npz train: 0.25, test: 0.25
Loaded t0-deeprad.npz: Remapped labels: [19 20 21 22 23 24 25]. Size: 24480)
t1-deeprad.npz train: x=(24480, 1024), y=(24480, 2)
t1-deeprad.npz test: x=(8160, 1024), y=(8160, 2)
t1-deeprad.npz: applied data scaling mode 'normalize'.
Loaded t1-deeprad.npz: Unique train labels: UniqueCountsResult(values=array([-1,  0,  1,  2,  3,  4,  5]), counts=array([12240,  1988,  2029,  2054,  1988,  2053,  2128]))
Noise labels ratio in t1-deeprad.npz train: 0.25, test: 0.25
Loaded t1-deeprad.npz: Remapped labels: [26 27 28 29 30 31 32]. Size: 24480)
t1-uclresm-25noise.npz train: moved sample axis (3, 201410, 1024) -> (201410, 3, 1024)
t1-uclresm-25noise.npz test: moved sample axis (3, 116291, 1024) -> (116291, 3, 1024)
t1-uclresm-25noise.npz train: x=(201410, 3, 1024), y=(201410,)
t1-uclresm-25noise.npz test: x=(116291, 3, 1024), y=(116291,)
t1-uclresm-25noise.npz: applied data scaling mode 'normalize'.
Loaded t1-uclresm-25noise.npz: Unique train labels: UniqueCountsResult(values=array([-1,  0,  1,  2,  3,  4]), counts=array([43668, 18021, 17838, 18087, 31870, 71926]))
Noise labels ratio in t1-uclresm-25noise.npz train: 0.22, test: 0.25
Loaded t1-uclresm-25noise.npz: Remapped labels: [33 34 35 36 37 38]. Size: 201410)
t3-deeprad.npz train: x=(17340, 1024), y=(17340, 2)
t3-deeprad.npz test: x=(6800, 1024), y=(6800, 2)
t3-deeprad.npz: applied data scaling mode 'normalize'.
Loaded t3-deeprad.npz: Unique train labels: UniqueCountsResult(values=array([-1,  0,  1,  2,  3,  4]), counts=array([8670, 1693, 1677, 1794, 1716, 1790]))
Noise labels ratio in t3-deeprad.npz train: 0.25, test: 0.25
Loaded t3-deeprad.npz: Remapped labels: [39 40 41 42 43 44]. Size: 17340)
t0-uclresm-25noise.npz train: moved sample axis (3, 188050, 1024) -> (188050, 3, 1024)
t0-uclresm-25noise.npz test: moved sample axis (3, 107348, 1024) -> (107348, 3, 1024)
t0-uclresm-25noise.npz train: x=(188050, 3, 1024), y=(188050,)
t0-uclresm-25noise.npz test: x=(107348, 3, 1024), y=(107348,)
t0-uclresm-25noise.npz: applied data scaling mode 'normalize'.
Loaded t0-uclresm-25noise.npz: Unique train labels: UniqueCountsResult(values=array([-1,  0,  1,  2,  3,  4]), counts=array([40144, 32109, 17978, 17979, 18098, 61742]))
Noise labels ratio in t0-uclresm-25noise.npz train: 0.21, test: 0.25
Loaded t0-uclresm-25noise.npz: Remapped labels: [45 46 47 48 49 50]. Size: 188050)
t1-rcn.npz train: x=(36658, 1024), y=(36658, 2)
t1-rcn.npz test: x=(12220, 1024), y=(12220, 2)
t1-rcn.npz: applied data scaling mode 'normalize'.
Loaded t1-rcn.npz: Unique train labels: UniqueCountsResult(values=array([-1,  0,  2,  4,  6,  7, 16]), counts=array([20595,   824,  2087,  2606,  2396,  1716,  6434]))
Noise labels ratio in t1-rcn.npz train: 0.28, test: 0.28
Loaded t1-rcn.npz: Remapped labels: [51 52 53 54 55 56 57]. Size: 36658)
t2-deeprad.npz train: x=(17340, 1024), y=(17340, 2)
t2-deeprad.npz test: x=(6800, 1024), y=(6800, 2)
t2-deeprad.npz: applied data scaling mode 'normalize'.
Loaded t2-deeprad.npz: Unique train labels: UniqueCountsResult(values=array([-1,  0,  1,  2,  3,  4]), counts=array([8670, 1774, 1675, 1777, 1694, 1750]))
Noise labels ratio in t2-deeprad.npz train: 0.25, test: 0.25
Loaded t2-deeprad.npz: Remapped labels: [58 59 60 61 62 63]. Size: 17340)
Built classes_per_task: [6, 7, 6, 7, 7, 6, 6, 6, 7, 6]
Classes per task: [6, 7, 6, 7, 7, 6, 6, 6, 7, 6]
[STATE 2026-03-28 20:36:31] Loader 'task_incremental_loader' ready: 1024 inputs, 64 outputs, 10 tasks
n_outputs: 64 	n_tasks: 10
[STATE 2026-03-28 20:36:31] Logging to logs//eralg4/full-tasks_all-10epochs_weighted-loss-2026-03-28_20-35-26-9781/0
True
Model device: cuda:0
[STATE 2026-03-28 20:36:31] Model initialized on device cuda:0
[STATE 2026-03-28 20:36:31] Invoking continual life experience flow
[STATE 2026-03-28 20:36:31] Life experience start: 10 tasks queued
Task 0: 50362 training samples, 16787 test samples.
[STATE 2026-03-28 20:36:31] Starting task 0 (1/10)
[STATE 2026-03-28 20:36:31] Task 0 Epoch 1/10: entering train loop
[STATE 2026-03-28 20:38:52] Task 0 Epoch 1/10: running validation (end of epoch)
---- Eval at Epoch 0: cls [0.6454619335290589] | det_recall [0.8796996320325878] | det_fa [0.1264073667717197] ----
T0 Ep 1/10 | L 0.7921 | Train Acc 0.44 | Prec 0.52 | F1 0.49 | Det Rec 0.80 | Det FA 0.12 | Epoch Time 145.48s (Eval 4.48s, Train 141.00s)
[STATE 2026-03-28 20:38:56] T0 Ep 1/10 complete: Prec 0.5166 F1 0.4902 DetRec 0.8004 DetFA 0.1214 | 145.48s total (4.48s eval/141.00s train)
[STATE 2026-03-28 20:38:56] Task 0 Epoch 2/10: entering train loop
T0 Ep 2/10 | L 0.4137 | Train Acc 0.72 | Prec 0.83 | F1 0.75 | Det Rec 0.89 | Det FA 0.13 | Epoch Time 142.86s (Eval 0.00s, Train 142.86s)
[STATE 2026-03-28 20:41:19] T0 Ep 2/10 complete: Prec 0.8328 F1 0.7486 DetRec 0.8869 DetFA 0.1252 | 142.86s total (0.00s eval/142.86s train)
[STATE 2026-03-28 20:41:19] Task 0 Epoch 3/10: entering train loop
T0 Ep 3/10 | L 0.3447 | Train Acc 0.80 | Prec 0.90 | F1 0.82 | Det Rec 0.89 | Det FA 0.12 | Epoch Time 143.31s (Eval 0.00s, Train 143.31s)
[STATE 2026-03-28 20:43:42] T0 Ep 3/10 complete: Prec 0.8954 F1 0.8171 DetRec 0.8930 DetFA 0.1211 | 143.31s total (0.00s eval/143.31s train)
[STATE 2026-03-28 20:43:42] Task 0 Epoch 4/10: entering train loop
T0 Ep 4/10 | L 0.3201 | Train Acc 0.83 | Prec 0.91 | F1 0.84 | Det Rec 0.90 | Det FA 0.12 | Epoch Time 143.22s (Eval 0.00s, Train 143.22s)
[STATE 2026-03-28 20:46:06] T0 Ep 4/10 complete: Prec 0.9144 F1 0.8393 DetRec 0.8984 DetFA 0.1180 | 143.22s total (0.00s eval/143.22s train)
[STATE 2026-03-28 20:46:06] Task 0 Epoch 5/10: entering train loop
T0 Ep 5/10 | L 0.2950 | Train Acc 0.84 | Prec 0.92 | F1 0.85 | Det Rec 0.90 | Det FA 0.11 | Epoch Time 143.34s (Eval 0.00s, Train 143.34s)
[STATE 2026-03-28 20:48:29] T0 Ep 5/10 complete: Prec 0.9238 F1 0.8493 DetRec 0.9004 DetFA 0.1144 | 143.34s total (0.00s eval/143.34s train)
[STATE 2026-03-28 20:48:29] Task 0 Epoch 6/10: entering train loop
T0 Ep 6/10 | L 0.2832 | Train Acc 0.85 | Prec 0.93 | F1 0.86 | Det Rec 0.90 | Det FA 0.12 | Epoch Time 143.19s (Eval 0.00s, Train 143.19s)
[STATE 2026-03-28 20:50:52] T0 Ep 6/10 complete: Prec 0.9314 F1 0.8572 DetRec 0.9010 DetFA 0.1163 | 143.19s total (0.00s eval/143.19s train)
[STATE 2026-03-28 20:50:52] Task 0 Epoch 7/10: entering train loop
T0 Ep 7/10 | L 0.2730 | Train Acc 0.86 | Prec 0.93 | F1 0.86 | Det Rec 0.90 | Det FA 0.12 | Epoch Time 142.88s (Eval 0.00s, Train 142.88s)
[STATE 2026-03-28 20:53:15] T0 Ep 7/10 complete: Prec 0.9332 F1 0.8596 DetRec 0.9016 DetFA 0.1150 | 142.88s total (0.00s eval/142.88s train)
[STATE 2026-03-28 20:53:15] Task 0 Epoch 8/10: entering train loop
T0 Ep 8/10 | L 0.2645 | Train Acc 0.87 | Prec 0.94 | F1 0.87 | Det Rec 0.90 | Det FA 0.12 | Epoch Time 143.04s (Eval 0.00s, Train 143.04s)
[STATE 2026-03-28 20:55:38] T0 Ep 8/10 complete: Prec 0.9368 F1 0.8653 DetRec 0.9038 DetFA 0.1178 | 143.04s total (0.00s eval/143.04s train)
[STATE 2026-03-28 20:55:38] Task 0 Epoch 9/10: entering train loop
T0 Ep 9/10 | L 0.2563 | Train Acc 0.87 | Prec 0.94 | F1 0.87 | Det Rec 0.91 | Det FA 0.12 | Epoch Time 143.14s (Eval 0.00s, Train 143.14s)
[STATE 2026-03-28 20:58:01] T0 Ep 9/10 complete: Prec 0.9391 F1 0.8690 DetRec 0.9050 DetFA 0.1187 | 143.14s total (0.00s eval/143.14s train)
[STATE 2026-03-28 20:58:01] Task 0 Epoch 10/10: entering train loop
T0 Ep 10/10 | L 0.2522 | Train Acc 0.87 | Prec 0.94 | F1 0.87 | Det Rec 0.91 | Det FA 0.12 | Epoch Time 142.79s (Eval 0.00s, Train 142.79s)
[STATE 2026-03-28 21:00:24] T0 Ep 10/10 complete: Prec 0.9398 F1 0.8701 DetRec 0.9056 DetFA 0.1153 | 142.79s total (0.00s eval/142.79s train)
[STATE 2026-03-28 21:00:24] Task 0: running final validation.
[STATE 2026-03-28 21:00:29] Completed task 0 (1/10)
Task 1: 51916 training samples, 17305 test samples.
[STATE 2026-03-28 21:00:29] Starting task 1 (2/10)
[STATE 2026-03-28 21:00:29] Task 1 Epoch 1/10: entering train loop
[STATE 2026-03-28 21:02:56] Task 1 Epoch 1/10: running validation (end of epoch)
---- Eval at Epoch 0: cls [0.8492872093004752, 0.6580858391824198] | det_recall [0.8972229636600064, 0.8697814137396083] | det_fa [0.1529195577579752, 0.08551295376720904] ----
T1 Ep 1/10 | L 0.5918 | Train Acc 0.50 | Prec 0.68 | F1 0.57 | Det Rec 0.81 | Det FA 0.09 | Epoch Time 156.09s (Eval 9.08s, Train 147.01s)
[STATE 2026-03-28 21:03:05] T1 Ep 1/10 complete: Prec 0.6798 F1 0.5700 DetRec 0.8075 DetFA 0.0908 | 156.09s total (9.08s eval/147.01s train)
[STATE 2026-03-28 21:03:05] Task 1 Epoch 2/10: entering train loop
T1 Ep 2/10 | L 0.3971 | Train Acc 0.70 | Prec 0.83 | F1 0.75 | Det Rec 0.88 | Det FA 0.08 | Epoch Time 147.25s (Eval 0.00s, Train 147.25s)
[STATE 2026-03-28 21:05:32] T1 Ep 2/10 complete: Prec 0.8328 F1 0.7501 DetRec 0.8838 DetFA 0.0821 | 147.25s total (0.00s eval/147.25s train)
[STATE 2026-03-28 21:05:32] Task 1 Epoch 3/10: entering train loop
T1 Ep 3/10 | L 0.3317 | Train Acc 0.77 | Prec 0.87 | F1 0.80 | Det Rec 0.91 | Det FA 0.06 | Epoch Time 146.99s (Eval 0.00s, Train 146.99s)
[STATE 2026-03-28 21:07:59] T1 Ep 3/10 complete: Prec 0.8661 F1 0.8016 DetRec 0.9065 DetFA 0.0649 | 146.99s total (0.00s eval/146.99s train)
[STATE 2026-03-28 21:07:59] Task 1 Epoch 4/10: entering train loop
T1 Ep 4/10 | L 0.2899 | Train Acc 0.80 | Prec 0.89 | F1 0.83 | Det Rec 0.92 | Det FA 0.06 | Epoch Time 147.32s (Eval 0.00s, Train 147.32s)
[STATE 2026-03-28 21:10:26] T1 Ep 4/10 complete: Prec 0.8906 F1 0.8311 DetRec 0.9154 DetFA 0.0571 | 147.32s total (0.00s eval/147.32s train)
[STATE 2026-03-28 21:10:26] Task 1 Epoch 5/10: entering train loop
T1 Ep 5/10 | L 0.2681 | Train Acc 0.83 | Prec 0.91 | F1 0.85 | Det Rec 0.92 | Det FA 0.05 | Epoch Time 147.11s (Eval 0.00s, Train 147.11s)
[STATE 2026-03-28 21:12:53] T1 Ep 5/10 complete: Prec 0.9070 F1 0.8527 DetRec 0.9221 DetFA 0.0525 | 147.11s total (0.00s eval/147.11s train)
[STATE 2026-03-28 21:12:53] Task 1 Epoch 6/10: entering train loop
T1 Ep 6/10 | L 0.2495 | Train Acc 0.84 | Prec 0.92 | F1 0.87 | Det Rec 0.93 | Det FA 0.05 | Epoch Time 147.17s (Eval 0.00s, Train 147.17s)
[STATE 2026-03-28 21:15:20] T1 Ep 6/10 complete: Prec 0.9181 F1 0.8662 DetRec 0.9267 DetFA 0.0489 | 147.17s total (0.00s eval/147.17s train)
[STATE 2026-03-28 21:15:20] Task 1 Epoch 7/10: entering train loop
T1 Ep 7/10 | L 0.2331 | Train Acc 0.85 | Prec 0.92 | F1 0.87 | Det Rec 0.93 | Det FA 0.05 | Epoch Time 147.50s (Eval 0.00s, Train 147.50s)
[STATE 2026-03-28 21:17:48] T1 Ep 7/10 complete: Prec 0.9217 F1 0.8721 DetRec 0.9293 DetFA 0.0491 | 147.50s total (0.00s eval/147.50s train)
[STATE 2026-03-28 21:17:48] Task 1 Epoch 8/10: entering train loop
T1 Ep 8/10 | L 0.2262 | Train Acc 0.86 | Prec 0.93 | F1 0.88 | Det Rec 0.93 | Det FA 0.05 | Epoch Time 146.99s (Eval 0.00s, Train 146.99s)
[STATE 2026-03-28 21:20:15] T1 Ep 8/10 complete: Prec 0.9267 F1 0.8780 DetRec 0.9314 DetFA 0.0470 | 146.99s total (0.00s eval/146.99s train)
[STATE 2026-03-28 21:20:15] Task 1 Epoch 9/10: entering train loop
T1 Ep 9/10 | L 0.2125 | Train Acc 0.86 | Prec 0.93 | F1 0.88 | Det Rec 0.93 | Det FA 0.04 | Epoch Time 147.90s (Eval 0.00s, Train 147.90s)
[STATE 2026-03-28 21:22:43] T1 Ep 9/10 complete: Prec 0.9288 F1 0.8827 DetRec 0.9338 DetFA 0.0446 | 147.90s total (0.00s eval/147.90s train)
[STATE 2026-03-28 21:22:43] Task 1 Epoch 10/10: entering train loop
T1 Ep 10/10 | L 0.2014 | Train Acc 0.87 | Prec 0.93 | F1 0.89 | Det Rec 0.94 | Det FA 0.04 | Epoch Time 147.71s (Eval 0.00s, Train 147.71s)
[STATE 2026-03-28 21:25:11] T1 Ep 10/10 complete: Prec 0.9336 F1 0.8889 DetRec 0.9364 DetFA 0.0432 | 147.71s total (0.00s eval/147.71s train)
[STATE 2026-03-28 21:25:11] Task 1: running final validation.
[STATE 2026-03-28 21:25:20] Completed task 1 (2/10)
Task 2: 350028 training samples, 175014 test samples.
[STATE 2026-03-28 21:25:20] Starting task 2 (3/10)
[STATE 2026-03-28 21:25:20] Task 2 Epoch 1/10: entering train loop
[STATE 2026-03-28 21:41:50] Task 2 Epoch 1/10: running validation (end of epoch)
---- Eval at Epoch 0: cls [0.6959793091835327, 0.7487791162814685, 0.5640568375727973] | det_recall [0.8624968257159996, 0.6902983100082684, 0.8317567096707997] | det_fa [0.1549470835411331, 0.47876531449921134, 0.11547492148061828] ----
T2 Ep 1/10 | L 0.8407 | Train Acc 0.40 | Prec 0.53 | F1 0.47 | Det Rec 0.81 | Det FA 0.21 | Epoch Time 1044.37s (Eval 55.17s, Train 989.20s)
[STATE 2026-03-28 21:42:45] T2 Ep 1/10 complete: Prec 0.5290 F1 0.4655 DetRec 0.8138 DetFA 0.2061 | 1044.37s total (55.17s eval/989.20s train)
[STATE 2026-03-28 21:42:45] Task 2 Epoch 2/10: entering train loop
T2 Ep 2/10 | L 0.5766 | Train Acc 0.63 | Prec 0.77 | F1 0.68 | Det Rec 0.84 | Det FA 0.15 | Epoch Time 988.04s (Eval 0.00s, Train 988.04s)
[STATE 2026-03-28 21:59:13] T2 Ep 2/10 complete: Prec 0.7685 F1 0.6806 DetRec 0.8445 DetFA 0.1471 | 988.04s total (0.00s eval/988.04s train)
[STATE 2026-03-28 21:59:13] Task 2 Epoch 3/10: entering train loop
T2 Ep 3/10 | L 0.5197 | Train Acc 0.67 | Prec 0.81 | F1 0.72 | Det Rec 0.86 | Det FA 0.13 | Epoch Time 989.58s (Eval 0.00s, Train 989.58s)
[STATE 2026-03-28 22:15:42] T2 Ep 3/10 complete: Prec 0.8106 F1 0.7203 DetRec 0.8558 DetFA 0.1342 | 989.58s total (0.00s eval/989.58s train)
[STATE 2026-03-28 22:15:42] Task 2 Epoch 4/10: entering train loop
T2 Ep 4/10 | L 0.4903 | Train Acc 0.70 | Prec 0.82 | F1 0.74 | Det Rec 0.86 | Det FA 0.13 | Epoch Time 988.99s (Eval 0.00s, Train 988.99s)
[STATE 2026-03-28 22:32:11] T2 Ep 4/10 complete: Prec 0.8221 F1 0.7375 DetRec 0.8636 DetFA 0.1318 | 988.99s total (0.00s eval/988.99s train)
[STATE 2026-03-28 22:32:11] Task 2 Epoch 5/10: entering train loop
T2 Ep 5/10 | L 0.4712 | Train Acc 0.71 | Prec 0.83 | F1 0.75 | Det Rec 0.87 | Det FA 0.14 | Epoch Time 989.98s (Eval 0.00s, Train 989.98s)
[STATE 2026-03-28 22:48:41] T2 Ep 5/10 complete: Prec 0.8267 F1 0.7491 DetRec 0.8689 DetFA 0.1362 | 989.98s total (0.00s eval/989.98s train)
[STATE 2026-03-28 22:48:41] Task 2 Epoch 6/10: entering train loop
T2 Ep 6/10 | L 0.4518 | Train Acc 0.73 | Prec 0.83 | F1 0.76 | Det Rec 0.87 | Det FA 0.14 | Epoch Time 989.06s (Eval 0.00s, Train 989.06s)
[STATE 2026-03-28 23:05:10] T2 Ep 6/10 complete: Prec 0.8332 F1 0.7594 DetRec 0.8734 DetFA 0.1365 | 989.06s total (0.00s eval/989.06s train)
[STATE 2026-03-28 23:05:10] Task 2 Epoch 7/10: entering train loop
T2 Ep 7/10 | L 0.4337 | Train Acc 0.74 | Prec 0.84 | F1 0.77 | Det Rec 0.88 | Det FA 0.13 | Epoch Time 990.36s (Eval 0.00s, Train 990.36s)
[STATE 2026-03-28 23:21:41] T2 Ep 7/10 complete: Prec 0.8385 F1 0.7673 DetRec 0.8773 DetFA 0.1346 | 990.36s total (0.00s eval/990.36s train)
[STATE 2026-03-28 23:21:41] Task 2 Epoch 8/10: entering train loop
T2 Ep 8/10 | L 0.4182 | Train Acc 0.74 | Prec 0.84 | F1 0.77 | Det Rec 0.88 | Det FA 0.13 | Epoch Time 990.39s (Eval 0.00s, Train 990.39s)
[STATE 2026-03-28 23:38:11] T2 Ep 8/10 complete: Prec 0.8447 F1 0.7746 DetRec 0.8806 DetFA 0.1315 | 990.39s total (0.00s eval/990.39s train)
[STATE 2026-03-28 23:38:11] Task 2 Epoch 9/10: entering train loop
T2 Ep 9/10 | L 0.4050 | Train Acc 0.75 | Prec 0.85 | F1 0.78 | Det Rec 0.88 | Det FA 0.13 | Epoch Time 988.71s (Eval 0.00s, Train 988.71s)
[STATE 2026-03-28 23:54:40] T2 Ep 9/10 complete: Prec 0.8515 F1 0.7816 DetRec 0.8830 DetFA 0.1288 | 988.71s total (0.00s eval/988.71s train)
[STATE 2026-03-28 23:54:40] Task 2 Epoch 10/10: entering train loop
T2 Ep 10/10 | L 0.3933 | Train Acc 0.76 | Prec 0.86 | F1 0.79 | Det Rec 0.89 | Det FA 0.13 | Epoch Time 988.57s (Eval 0.00s, Train 988.57s)
[STATE 2026-03-29 00:11:09] T2 Ep 10/10 complete: Prec 0.8559 F1 0.7874 DetRec 0.8859 DetFA 0.1263 | 988.57s total (0.00s eval/988.57s train)
[STATE 2026-03-29 00:11:09] Task 2: running final validation.
[STATE 2026-03-29 00:12:04] Completed task 2 (3/10)
Task 3: 24480 training samples, 8160 test samples.
[STATE 2026-03-29 00:12:04] Starting task 3 (4/10)
[STATE 2026-03-29 00:12:04] Task 3 Epoch 1/10: entering train loop
[STATE 2026-03-29 00:13:13] Task 3 Epoch 1/10: running validation (end of epoch)
---- Eval at Epoch 0: cls [0.6582747643871653, 0.729349286945157, 0.7139507255644345, 0.5146797038179528] | det_recall [0.8457187536551947, 0.6375947566763245, 0.851960253442663, 0.994360035160399] | det_fa [0.12188865958885647, 0.6569166821894932, 0.2543356227162947, 0.00023674242424242425] ----
T3 Ep 1/10 | L 0.7190 | Train Acc 0.48 | Prec 0.47 | F1 0.53 | Det Rec 0.98 | Det FA 0.00 | Epoch Time 126.52s (Eval 57.29s, Train 69.23s)
[STATE 2026-03-29 00:14:10] T3 Ep 1/10 complete: Prec 0.4730 F1 0.5279 DetRec 0.9758 DetFA 0.0022 | 126.52s total (57.29s eval/69.23s train)
[STATE 2026-03-29 00:14:10] Task 3 Epoch 2/10: entering train loop
T3 Ep 2/10 | L 0.4451 | Train Acc 0.56 | Prec 0.56 | F1 0.60 | Det Rec 1.00 | Det FA 0.00 | Epoch Time 69.76s (Eval 0.00s, Train 69.76s)
[STATE 2026-03-29 00:15:20] T3 Ep 2/10 complete: Prec 0.5596 F1 0.6016 DetRec 0.9967 DetFA 0.0010 | 69.76s total (0.00s eval/69.76s train)
[STATE 2026-03-29 00:15:20] Task 3 Epoch 3/10: entering train loop
T3 Ep 3/10 | L 0.4030 | Train Acc 0.57 | Prec 0.57 | F1 0.61 | Det Rec 1.00 | Det FA 0.00 | Epoch Time 69.88s (Eval 0.00s, Train 69.88s)
[STATE 2026-03-29 00:16:30] T3 Ep 3/10 complete: Prec 0.5740 F1 0.6149 DetRec 0.9972 DetFA 0.0008 | 69.88s total (0.00s eval/69.88s train)
[STATE 2026-03-29 00:16:30] Task 3 Epoch 4/10: entering train loop
T3 Ep 4/10 | L 0.3673 | Train Acc 0.59 | Prec 0.59 | F1 0.63 | Det Rec 1.00 | Det FA 0.00 | Epoch Time 69.34s (Eval 0.00s, Train 69.34s)
[STATE 2026-03-29 00:17:39] T3 Ep 4/10 complete: Prec 0.5895 F1 0.6282 DetRec 0.9979 DetFA 0.0007 | 69.34s total (0.00s eval/69.34s train)
[STATE 2026-03-29 00:17:39] Task 3 Epoch 5/10: entering train loop
T3 Ep 5/10 | L 0.3446 | Train Acc 0.60 | Prec 0.60 | F1 0.64 | Det Rec 1.00 | Det FA 0.00 | Epoch Time 69.61s (Eval 0.00s, Train 69.61s)
[STATE 2026-03-29 00:18:49] T3 Ep 5/10 complete: Prec 0.6019 F1 0.6380 DetRec 0.9982 DetFA 0.0004 | 69.61s total (0.00s eval/69.61s train)
[STATE 2026-03-29 00:18:49] Task 3 Epoch 6/10: entering train loop
T3 Ep 6/10 | L 0.3313 | Train Acc 0.60 | Prec 0.61 | F1 0.64 | Det Rec 1.00 | Det FA 0.00 | Epoch Time 69.67s (Eval 0.00s, Train 69.67s)
[STATE 2026-03-29 00:19:59] T3 Ep 6/10 complete: Prec 0.6085 F1 0.6430 DetRec 0.9983 DetFA 0.0004 | 69.67s total (0.00s eval/69.67s train)
[STATE 2026-03-29 00:19:59] Task 3 Epoch 7/10: entering train loop
T3 Ep 7/10 | L 0.3172 | Train Acc 0.61 | Prec 0.62 | F1 0.65 | Det Rec 1.00 | Det FA 0.00 | Epoch Time 69.44s (Eval 0.00s, Train 69.44s)
[STATE 2026-03-29 00:21:08] T3 Ep 7/10 complete: Prec 0.6204 F1 0.6522 DetRec 0.9984 DetFA 0.0005 | 69.44s total (0.00s eval/69.44s train)
[STATE 2026-03-29 00:21:08] Task 3 Epoch 8/10: entering train loop
T3 Ep 8/10 | L 0.3058 | Train Acc 0.62 | Prec 0.63 | F1 0.66 | Det Rec 1.00 | Det FA 0.00 | Epoch Time 69.88s (Eval 0.00s, Train 69.88s)
[STATE 2026-03-29 00:22:18] T3 Ep 8/10 complete: Prec 0.6294 F1 0.6608 DetRec 0.9987 DetFA 0.0003 | 69.88s total (0.00s eval/69.88s train)
[STATE 2026-03-29 00:22:18] Task 3 Epoch 9/10: entering train loop
T3 Ep 9/10 | L 0.2943 | Train Acc 0.63 | Prec 0.63 | F1 0.66 | Det Rec 1.00 | Det FA 0.00 | Epoch Time 69.72s (Eval 0.00s, Train 69.72s)
[STATE 2026-03-29 00:23:28] T3 Ep 9/10 complete: Prec 0.6301 F1 0.6647 DetRec 0.9990 DetFA 0.0002 | 69.72s total (0.00s eval/69.72s train)
[STATE 2026-03-29 00:23:28] Task 3 Epoch 10/10: entering train loop
T3 Ep 10/10 | L 0.2895 | Train Acc 0.63 | Prec 0.64 | F1 0.67 | Det Rec 1.00 | Det FA 0.00 | Epoch Time 69.51s (Eval 0.00s, Train 69.51s)
[STATE 2026-03-29 00:24:37] T3 Ep 10/10 complete: Prec 0.6394 F1 0.6716 DetRec 0.9991 DetFA 0.0002 | 69.51s total (0.00s eval/69.51s train)
[STATE 2026-03-29 00:24:37] Task 3: running final validation.
[STATE 2026-03-29 00:25:34] Completed task 3 (4/10)
Task 4: 24480 training samples, 8160 test samples.
[STATE 2026-03-29 00:25:35] Starting task 4 (5/10)
[STATE 2026-03-29 00:25:35] Task 4 Epoch 1/10: entering train loop
[STATE 2026-03-29 00:26:44] Task 4 Epoch 1/10: running validation (end of epoch)
---- Eval at Epoch 0: cls [0.6498108226965976, 0.6785068015524829, 0.6838839868875202, 0.6070809837626285, 0.433879464498103] | det_recall [0.8420198296278762, 0.6731543882109078, 0.8546066331379152, 0.9977791628754225, 1.0] | det_fa [0.15440150168065164, 0.5828553054032378, 0.20346246725531322, 0.0, 0.0] ----
T4 Ep 1/10 | L 0.4965 | Train Acc 0.38 | Prec 0.38 | F1 0.44 | Det Rec 0.99 | Det FA 0.02 | Epoch Time 128.95s (Eval 59.48s, Train 69.47s)
[STATE 2026-03-29 00:27:44] T4 Ep 1/10 complete: Prec 0.3803 F1 0.4390 DetRec 0.9858 DetFA 0.0200 | 128.95s total (59.48s eval/69.47s train)
[STATE 2026-03-29 00:27:44] Task 4 Epoch 2/10: entering train loop
T4 Ep 2/10 | L 0.3840 | Train Acc 0.46 | Prec 0.48 | F1 0.51 | Det Rec 1.00 | Det FA 0.00 | Epoch Time 69.82s (Eval 0.00s, Train 69.82s)
[STATE 2026-03-29 00:28:53] T4 Ep 2/10 complete: Prec 0.4839 F1 0.5121 DetRec 1.0000 DetFA 0.0000 | 69.82s total (0.00s eval/69.82s train)
[STATE 2026-03-29 00:28:53] Task 4 Epoch 3/10: entering train loop
T4 Ep 3/10 | L 0.3558 | Train Acc 0.49 | Prec 0.52 | F1 0.54 | Det Rec 1.00 | Det FA 0.00 | Epoch Time 69.55s (Eval 0.00s, Train 69.55s)
[STATE 2026-03-29 00:30:03] T4 Ep 3/10 complete: Prec 0.5231 F1 0.5413 DetRec 1.0000 DetFA 0.0000 | 69.55s total (0.00s eval/69.55s train)
[STATE 2026-03-29 00:30:03] Task 4 Epoch 4/10: entering train loop
T4 Ep 4/10 | L 0.3348 | Train Acc 0.53 | Prec 0.56 | F1 0.58 | Det Rec 1.00 | Det FA 0.00 | Epoch Time 69.73s (Eval 0.00s, Train 69.73s)
[STATE 2026-03-29 00:31:13] T4 Ep 4/10 complete: Prec 0.5594 F1 0.5763 DetRec 1.0000 DetFA 0.0000 | 69.73s total (0.00s eval/69.73s train)
[STATE 2026-03-29 00:31:13] Task 4 Epoch 5/10: entering train loop
T4 Ep 5/10 | L 0.3227 | Train Acc 0.55 | Prec 0.58 | F1 0.60 | Det Rec 1.00 | Det FA 0.00 | Epoch Time 69.41s (Eval 0.00s, Train 69.41s)
[STATE 2026-03-29 00:32:22] T4 Ep 5/10 complete: Prec 0.5759 F1 0.6019 DetRec 1.0000 DetFA 0.0000 | 69.41s total (0.00s eval/69.41s train)
[STATE 2026-03-29 00:32:22] Task 4 Epoch 6/10: entering train loop
T4 Ep 6/10 | L 0.3089 | Train Acc 0.57 | Prec 0.60 | F1 0.62 | Det Rec 1.00 | Det FA 0.00 | Epoch Time 69.72s (Eval 0.00s, Train 69.72s)
[STATE 2026-03-29 00:33:32] T4 Ep 6/10 complete: Prec 0.6038 F1 0.6191 DetRec 1.0000 DetFA 0.0000 | 69.72s total (0.00s eval/69.72s train)
[STATE 2026-03-29 00:33:32] Task 4 Epoch 7/10: entering train loop
T4 Ep 7/10 | L 0.3005 | Train Acc 0.59 | Prec 0.63 | F1 0.64 | Det Rec 1.00 | Det FA 0.00 | Epoch Time 69.51s (Eval 0.00s, Train 69.51s)
[STATE 2026-03-29 00:34:41] T4 Ep 7/10 complete: Prec 0.6255 F1 0.6384 DetRec 1.0000 DetFA 0.0000 | 69.51s total (0.00s eval/69.51s train)
[STATE 2026-03-29 00:34:41] Task 4 Epoch 8/10: entering train loop
T4 Ep 8/10 | L 0.2858 | Train Acc 0.61 | Prec 0.64 | F1 0.66 | Det Rec 1.00 | Det FA 0.00 | Epoch Time 69.30s (Eval 0.00s, Train 69.30s)
[STATE 2026-03-29 00:35:51] T4 Ep 8/10 complete: Prec 0.6374 F1 0.6561 DetRec 1.0000 DetFA 0.0000 | 69.30s total (0.00s eval/69.30s train)
[STATE 2026-03-29 00:35:51] Task 4 Epoch 9/10: entering train loop
T4 Ep 9/10 | L 0.2752 | Train Acc 0.63 | Prec 0.65 | F1 0.68 | Det Rec 1.00 | Det FA 0.00 | Epoch Time 69.68s (Eval 0.00s, Train 69.68s)
[STATE 2026-03-29 00:37:00] T4 Ep 9/10 complete: Prec 0.6527 F1 0.6753 DetRec 1.0000 DetFA 0.0000 | 69.68s total (0.00s eval/69.68s train)
[STATE 2026-03-29 00:37:00] Task 4 Epoch 10/10: entering train loop
T4 Ep 10/10 | L 0.2634 | Train Acc 0.65 | Prec 0.67 | F1 0.69 | Det Rec 1.00 | Det FA 0.00 | Epoch Time 69.71s (Eval 0.00s, Train 69.71s)
[STATE 2026-03-29 00:38:10] T4 Ep 10/10 complete: Prec 0.6651 F1 0.6881 DetRec 1.0000 DetFA 0.0000 | 69.71s total (0.00s eval/69.71s train)
[STATE 2026-03-29 00:38:10] Task 4: running final validation.
[STATE 2026-03-29 00:39:09] Completed task 4 (5/10)
Task 5: 201410 training samples, 100705 test samples.
[STATE 2026-03-29 00:39:10] Starting task 5 (6/10)
[STATE 2026-03-29 00:39:10] Task 5 Epoch 1/10: entering train loop
[STATE 2026-03-29 00:48:39] Task 5 Epoch 1/10: running validation (end of epoch)
---- Eval at Epoch 0: cls [0.6143400450359053, 0.639295499472121, 0.6755310318183715, 0.47400731432158716, 0.3148672934606547, 0.711553401732732] | det_recall [0.8429190846677654, 0.7158622648151034, 0.8556169675440877, 0.9879467268289722, 1.0, 0.8963031912599979] | det_fa [0.13187576279956034, 0.4465569617130482, 0.20868332344586413, 0.0, 0.0, 0.10040294715937338] ----
T5 Ep 1/10 | L 0.5141 | Train Acc 0.62 | Prec 0.77 | F1 0.67 | Det Rec 0.87 | Det FA 0.15 | Epoch Time 655.26s (Eval 85.97s, Train 569.29s)
[STATE 2026-03-29 00:50:05] T5 Ep 1/10 complete: Prec 0.7669 F1 0.6744 DetRec 0.8743 DetFA 0.1550 | 655.26s total (85.97s eval/569.29s train)
[STATE 2026-03-29 00:50:05] Task 5 Epoch 2/10: entering train loop
T5 Ep 2/10 | L 0.3563 | Train Acc 0.74 | Prec 0.88 | F1 0.78 | Det Rec 0.90 | Det FA 0.10 | Epoch Time 568.80s (Eval 0.00s, Train 568.80s)
[STATE 2026-03-29 00:59:34] T5 Ep 2/10 complete: Prec 0.8772 F1 0.7849 DetRec 0.8960 DetFA 0.0995 | 568.80s total (0.00s eval/568.80s train)
[STATE 2026-03-29 00:59:34] Task 5 Epoch 3/10: entering train loop
T5 Ep 3/10 | L 0.3210 | Train Acc 0.76 | Prec 0.89 | F1 0.80 | Det Rec 0.90 | Det FA 0.09 | Epoch Time 568.11s (Eval 0.00s, Train 568.11s)
[STATE 2026-03-29 02:09:02] T5 Ep 3/10 complete: Prec 0.8907 F1 0.8037 DetRec 0.9027 DetFA 0.0893 | 568.11s total (0.00s eval/568.11s train)
[STATE 2026-03-29 02:09:02] Task 5 Epoch 4/10: entering train loop
T5 Ep 4/10 | L 0.2989 | Train Acc 0.77 | Prec 0.90 | F1 0.82 | Det Rec 0.91 | Det FA 0.08 | Epoch Time 569.49s (Eval 0.00s, Train 569.49s)
[STATE 2026-03-29 02:18:32] T5 Ep 4/10 complete: Prec 0.9026 F1 0.8171 DetRec 0.9079 DetFA 0.0815 | 569.49s total (0.00s eval/569.49s train)
[STATE 2026-03-29 02:18:32] Task 5 Epoch 5/10: entering train loop
T5 Ep 5/10 | L 0.2814 | Train Acc 0.79 | Prec 0.91 | F1 0.83 | Det Rec 0.91 | Det FA 0.08 | Epoch Time 570.12s (Eval 0.00s, Train 570.12s)
[STATE 2026-03-29 02:28:02] T5 Ep 5/10 complete: Prec 0.9078 F1 0.8280 DetRec 0.9134 DetFA 0.0775 | 570.12s total (0.00s eval/570.12s train)
[STATE 2026-03-29 02:28:02] Task 5 Epoch 6/10: entering train loop
T5 Ep 6/10 | L 0.2662 | Train Acc 0.80 | Prec 0.91 | F1 0.84 | Det Rec 0.92 | Det FA 0.07 | Epoch Time 569.24s (Eval 0.00s, Train 569.24s)
[STATE 2026-03-29 02:37:31] T5 Ep 6/10 complete: Prec 0.9107 F1 0.8359 DetRec 0.9176 DetFA 0.0748 | 569.24s total (0.00s eval/569.24s train)
[STATE 2026-03-29 02:37:31] Task 5 Epoch 7/10: entering train loop
T5 Ep 7/10 | L 0.2526 | Train Acc 0.81 | Prec 0.92 | F1 0.84 | Det Rec 0.92 | Det FA 0.07 | Epoch Time 568.68s (Eval 0.00s, Train 568.68s)
[STATE 2026-03-29 02:47:00] T5 Ep 7/10 complete: Prec 0.9158 F1 0.8437 DetRec 0.9210 DetFA 0.0695 | 568.68s total (0.00s eval/568.68s train)
[STATE 2026-03-29 02:47:00] Task 5 Epoch 8/10: entering train loop
T5 Ep 8/10 | L 0.2422 | Train Acc 0.82 | Prec 0.92 | F1 0.85 | Det Rec 0.92 | Det FA 0.07 | Epoch Time 568.53s (Eval 0.00s, Train 568.53s)
[STATE 2026-03-29 02:56:28] T5 Ep 8/10 complete: Prec 0.9179 F1 0.8500 DetRec 0.9245 DetFA 0.0671 | 568.53s total (0.00s eval/568.53s train)
[STATE 2026-03-29 02:56:28] Task 5 Epoch 9/10: entering train loop
T5 Ep 9/10 | L 0.2328 | Train Acc 0.83 | Prec 0.92 | F1 0.86 | Det Rec 0.93 | Det FA 0.07 | Epoch Time 569.42s (Eval 0.00s, Train 569.42s)
[STATE 2026-03-29 03:05:58] T5 Ep 9/10 complete: Prec 0.9209 F1 0.8560 DetRec 0.9271 DetFA 0.0653 | 569.42s total (0.00s eval/569.42s train)
[STATE 2026-03-29 03:05:58] Task 5 Epoch 10/10: entering train loop
T5 Ep 10/10 | L 0.2241 | Train Acc 0.83 | Prec 0.92 | F1 0.86 | Det Rec 0.93 | Det FA 0.07 | Epoch Time 568.33s (Eval 0.00s, Train 568.33s)
[STATE 2026-03-29 03:15:26] T5 Ep 10/10 complete: Prec 0.9213 F1 0.8604 DetRec 0.9292 DetFA 0.0671 | 568.33s total (0.00s eval/568.33s train)
[STATE 2026-03-29 03:15:26] Task 5: running final validation.
[STATE 2026-03-29 03:16:52] Completed task 5 (6/10)
Task 6: 17340 training samples, 6800 test samples.
[STATE 2026-03-29 03:16:52] Starting task 6 (7/10)
[STATE 2026-03-29 03:16:52] Task 6 Epoch 1/10: entering train loop
[STATE 2026-03-29 03:17:41] Task 6 Epoch 1/10: running validation (end of epoch)
---- Eval at Epoch 0: cls [0.6485833499305055, 0.6241259360782805, 0.6318061299813185, 0.5088953430727978, 0.3554826828188829, 0.7861628766083422, 0.5516916193109495] | det_recall [0.8488236060864409, 0.819693028705818, 0.8378812274213685, 0.9904324406894318, 0.9998879928315412, 0.9085670367692659, 1.0] | det_fa [0.11419706731616823, 0.2162271275131592, 0.2691206334014121, 0.0, 0.0, 0.10086445571031122, 0.0] ----
T6 Ep 1/10 | L 0.5594 | Train Acc 0.48 | Prec 0.48 | F1 0.55 | Det Rec 1.00 | Det FA 0.00 | Epoch Time 137.02s (Eval 87.87s, Train 49.15s)
[STATE 2026-03-29 03:19:09] T6 Ep 1/10 complete: Prec 0.4818 F1 0.5518 DetRec 0.9969 DetFA 0.0029 | 137.02s total (87.87s eval/49.15s train)
[STATE 2026-03-29 03:19:09] Task 6 Epoch 2/10: entering train loop
T6 Ep 2/10 | L 0.3757 | Train Acc 0.57 | Prec 0.59 | F1 0.64 | Det Rec 1.00 | Det FA 0.00 | Epoch Time 49.31s (Eval 0.00s, Train 49.31s)
[STATE 2026-03-29 03:19:58] T6 Ep 2/10 complete: Prec 0.5873 F1 0.6400 DetRec 0.9997 DetFA 0.0006 | 49.31s total (0.00s eval/49.31s train)
[STATE 2026-03-29 03:19:58] Task 6 Epoch 3/10: entering train loop
T6 Ep 3/10 | L 0.3499 | Train Acc 0.59 | Prec 0.61 | F1 0.66 | Det Rec 1.00 | Det FA 0.00 | Epoch Time 49.43s (Eval 0.00s, Train 49.43s)
[STATE 2026-03-29 03:20:48] T6 Ep 3/10 complete: Prec 0.6124 F1 0.6582 DetRec 0.9998 DetFA 0.0004 | 49.43s total (0.00s eval/49.43s train)
[STATE 2026-03-29 03:20:48] Task 6 Epoch 4/10: entering train loop
T6 Ep 4/10 | L 0.3309 | Train Acc 0.60 | Prec 0.62 | F1 0.66 | Det Rec 1.00 | Det FA 0.00 | Epoch Time 49.37s (Eval 0.00s, Train 49.37s)
[STATE 2026-03-29 03:21:37] T6 Ep 4/10 complete: Prec 0.6182 F1 0.6639 DetRec 1.0000 DetFA 0.0000 | 49.37s total (0.00s eval/49.37s train)
[STATE 2026-03-29 03:21:37] Task 6 Epoch 5/10: entering train loop
T6 Ep 5/10 | L 0.3177 | Train Acc 0.61 | Prec 0.63 | F1 0.67 | Det Rec 1.00 | Det FA 0.00 | Epoch Time 49.46s (Eval 0.00s, Train 49.46s)
[STATE 2026-03-29 03:22:27] T6 Ep 5/10 complete: Prec 0.6303 F1 0.6731 DetRec 1.0000 DetFA 0.0000 | 49.46s total (0.00s eval/49.46s train)
[STATE 2026-03-29 03:22:27] Task 6 Epoch 6/10: entering train loop
T6 Ep 6/10 | L 0.3066 | Train Acc 0.63 | Prec 0.65 | F1 0.68 | Det Rec 1.00 | Det FA 0.00 | Epoch Time 49.36s (Eval 0.00s, Train 49.36s)
[STATE 2026-03-29 03:23:16] T6 Ep 6/10 complete: Prec 0.6480 F1 0.6849 DetRec 0.9999 DetFA 0.0002 | 49.36s total (0.00s eval/49.36s train)
[STATE 2026-03-29 03:23:16] Task 6 Epoch 7/10: entering train loop
T6 Ep 7/10 | L 0.2995 | Train Acc 0.64 | Prec 0.66 | F1 0.70 | Det Rec 1.00 | Det FA 0.00 | Epoch Time 49.52s (Eval 0.00s, Train 49.52s)
[STATE 2026-03-29 03:24:05] T6 Ep 7/10 complete: Prec 0.6607 F1 0.6976 DetRec 1.0000 DetFA 0.0001 | 49.52s total (0.00s eval/49.52s train)
[STATE 2026-03-29 03:24:05] Task 6 Epoch 8/10: entering train loop
T6 Ep 8/10 | L 0.2867 | Train Acc 0.65 | Prec 0.67 | F1 0.71 | Det Rec 1.00 | Det FA 0.00 | Epoch Time 49.10s (Eval 0.00s, Train 49.10s)
[STATE 2026-03-29 03:24:54] T6 Ep 8/10 complete: Prec 0.6736 F1 0.7075 DetRec 1.0000 DetFA 0.0000 | 49.10s total (0.00s eval/49.10s train)
[STATE 2026-03-29 03:24:54] Task 6 Epoch 9/10: entering train loop
T6 Ep 9/10 | L 0.2773 | Train Acc 0.66 | Prec 0.68 | F1 0.71 | Det Rec 1.00 | Det FA 0.00 | Epoch Time 49.10s (Eval 0.00s, Train 49.10s)
[STATE 2026-03-29 03:25:44] T6 Ep 9/10 complete: Prec 0.6781 F1 0.7128 DetRec 1.0000 DetFA 0.0001 | 49.10s total (0.00s eval/49.10s train)
[STATE 2026-03-29 03:25:44] Task 6 Epoch 10/10: entering train loop
T6 Ep 10/10 | L 0.2680 | Train Acc 0.67 | Prec 0.69 | F1 0.72 | Det Rec 1.00 | Det FA 0.00 | Epoch Time 49.21s (Eval 0.00s, Train 49.21s)
[STATE 2026-03-29 03:26:33] T6 Ep 10/10 complete: Prec 0.6910 F1 0.7249 DetRec 1.0000 DetFA 0.0000 | 49.21s total (0.00s eval/49.21s train)
[STATE 2026-03-29 03:26:33] Task 6: running final validation.
[STATE 2026-03-29 03:28:01] Completed task 6 (7/10)
Task 7: 188050 training samples, 94025 test samples.
[STATE 2026-03-29 03:28:01] Starting task 7 (8/10)
[STATE 2026-03-29 03:28:01] Task 7 Epoch 1/10: entering train loop
[STATE 2026-03-29 03:36:53] Task 7 Epoch 1/10: running validation (end of epoch)
---- Eval at Epoch 0: cls [0.5548340928485026, 0.5555228244077731, 0.6530704072742445, 0.44150563125764214, 0.31615644064325493, 0.7662123504548797, 0.4516768209475199, 0.7934879631809338] | det_recall [0.8297455498789388, 0.806641599719481, 0.8564836532173552, 0.9892479484742143, 0.9955093829862715, 0.9102926470498357, 1.0, 0.8698766155429304] | det_fa [0.10414457238835508, 0.21479820293614374, 0.20727393207045952, 0.0, 0.0, 0.06440230429320833, 0.0, 0.22132198590551133] ----
T7 Ep 1/10 | L 0.4202 | Train Acc 0.72 | Prec 0.80 | F1 0.75 | Det Rec 0.86 | Det FA 0.24 | Epoch Time 644.02s (Eval 112.55s, Train 531.47s)
[STATE 2026-03-29 03:38:45] T7 Ep 1/10 complete: Prec 0.8045 F1 0.7452 DetRec 0.8603 DetFA 0.2371 | 644.02s total (112.55s eval/531.47s train)
[STATE 2026-03-29 03:38:45] Task 7 Epoch 2/10: entering train loop
T7 Ep 2/10 | L 0.3172 | Train Acc 0.80 | Prec 0.88 | F1 0.82 | Det Rec 0.88 | Det FA 0.21 | Epoch Time 532.69s (Eval 0.00s, Train 532.69s)
[STATE 2026-03-29 03:47:38] T7 Ep 2/10 complete: Prec 0.8799 F1 0.8186 DetRec 0.8760 DetFA 0.2071 | 532.69s total (0.00s eval/532.69s train)
[STATE 2026-03-29 03:47:38] Task 7 Epoch 3/10: entering train loop
T7 Ep 3/10 | L 0.2940 | Train Acc 0.82 | Prec 0.89 | F1 0.83 | Det Rec 0.88 | Det FA 0.20 | Epoch Time 531.20s (Eval 0.00s, Train 531.20s)
[STATE 2026-03-29 03:56:29] T7 Ep 3/10 complete: Prec 0.8903 F1 0.8327 DetRec 0.8799 DetFA 0.2022 | 531.20s total (0.00s eval/531.20s train)
[STATE 2026-03-29 03:56:29] Task 7 Epoch 4/10: entering train loop
T7 Ep 4/10 | L 0.2788 | Train Acc 0.83 | Prec 0.90 | F1 0.84 | Det Rec 0.88 | Det FA 0.19 | Epoch Time 532.08s (Eval 0.00s, Train 532.08s)
[STATE 2026-03-29 04:05:21] T7 Ep 4/10 complete: Prec 0.8964 F1 0.8418 DetRec 0.8849 DetFA 0.1932 | 532.08s total (0.00s eval/532.08s train)
[STATE 2026-03-29 04:05:21] Task 7 Epoch 5/10: entering train loop
T7 Ep 5/10 | L 0.2659 | Train Acc 0.84 | Prec 0.90 | F1 0.85 | Det Rec 0.89 | Det FA 0.19 | Epoch Time 531.86s (Eval 0.00s, Train 531.86s)
[STATE 2026-03-29 04:14:13] T7 Ep 5/10 complete: Prec 0.9006 F1 0.8479 DetRec 0.8874 DetFA 0.1891 | 531.86s total (0.00s eval/531.86s train)
[STATE 2026-03-29 04:14:13] Task 7 Epoch 6/10: entering train loop
T7 Ep 6/10 | L 0.2570 | Train Acc 0.85 | Prec 0.91 | F1 0.85 | Det Rec 0.89 | Det FA 0.19 | Epoch Time 531.00s (Eval 0.00s, Train 531.00s)
[STATE 2026-03-29 04:23:04] T7 Ep 6/10 complete: Prec 0.9067 F1 0.8549 DetRec 0.8894 DetFA 0.1876 | 531.00s total (0.00s eval/531.00s train)
[STATE 2026-03-29 04:23:04] Task 7 Epoch 7/10: entering train loop
T7 Ep 7/10 | L 0.2476 | Train Acc 0.85 | Prec 0.91 | F1 0.86 | Det Rec 0.89 | Det FA 0.18 | Epoch Time 532.23s (Eval 0.00s, Train 532.23s)
[STATE 2026-03-29 04:31:56] T7 Ep 7/10 complete: Prec 0.9101 F1 0.8604 DetRec 0.8932 DetFA 0.1791 | 532.23s total (0.00s eval/532.23s train)
[STATE 2026-03-29 04:31:56] Task 7 Epoch 8/10: entering train loop
T7 Ep 8/10 | L 0.2396 | Train Acc 0.86 | Prec 0.91 | F1 0.86 | Det Rec 0.90 | Det FA 0.17 | Epoch Time 531.26s (Eval 0.00s, Train 531.26s)
[STATE 2026-03-29 04:40:47] T7 Ep 8/10 complete: Prec 0.9112 F1 0.8645 DetRec 0.8961 DetFA 0.1745 | 531.26s total (0.00s eval/531.26s train)
[STATE 2026-03-29 04:40:47] Task 7 Epoch 9/10: entering train loop
T7 Ep 9/10 | L 0.2331 | Train Acc 0.86 | Prec 0.91 | F1 0.87 | Det Rec 0.90 | Det FA 0.17 | Epoch Time 530.14s (Eval 0.00s, Train 530.14s)
[STATE 2026-03-29 04:49:38] T7 Ep 9/10 complete: Prec 0.9148 F1 0.8680 DetRec 0.8978 DetFA 0.1719 | 530.14s total (0.00s eval/530.14s train)
[STATE 2026-03-29 04:49:38] Task 7 Epoch 10/10: entering train loop
T7 Ep 10/10 | L 0.2263 | Train Acc 0.87 | Prec 0.92 | F1 0.87 | Det Rec 0.90 | Det FA 0.16 | Epoch Time 531.64s (Eval 0.00s, Train 531.64s)
[STATE 2026-03-29 04:58:29] T7 Ep 10/10 complete: Prec 0.9199 F1 0.8732 DetRec 0.9010 DetFA 0.1639 | 531.64s total (0.00s eval/531.64s train)
[STATE 2026-03-29 04:58:29] Task 7: running final validation.
[STATE 2026-03-29 05:00:22] Completed task 7 (8/10)
Task 8: 36658 training samples, 12220 test samples.
[STATE 2026-03-29 05:00:22] Starting task 8 (9/10)
[STATE 2026-03-29 05:00:22] Task 8 Epoch 1/10: entering train loop
[STATE 2026-03-29 05:02:06] Task 8 Epoch 1/10: running validation (end of epoch)
---- Eval at Epoch 0: cls [0.7167608897842925, 0.6234621206318645, 0.6171567107275304, 0.39140082029033285, 0.32743288799266423, 0.7351106044860442, 0.4613228424625314, 0.8145317876196654, 0.5293328429588955] | det_recall [0.8633393304698576, 0.8489880485600245, 0.8342146227167176, 0.9659168499950925, 0.9731619503053823, 0.9037640539690521, 0.999314260027454, 0.8707750915634156, 0.8398760615393859] | det_fa [0.12354403778870635, 0.09520290268061891, 0.2580682379211938, 0.0, 0.0, 0.08469257709550669, 0.0, 0.21813581590285086, 0.05129306471624915] ----
T8 Ep 1/10 | L 0.4905 | Train Acc 0.42 | Prec 0.54 | F1 0.49 | Det Rec 0.80 | Det FA 0.07 | Epoch Time 219.87s (Eval 115.67s, Train 104.21s)
[STATE 2026-03-29 05:04:02] T8 Ep 1/10 complete: Prec 0.5371 F1 0.4937 DetRec 0.8040 DetFA 0.0722 | 219.87s total (115.67s eval/104.21s train)
[STATE 2026-03-29 05:04:02] Task 8 Epoch 2/10: entering train loop
T8 Ep 2/10 | L 0.3072 | Train Acc 0.57 | Prec 0.74 | F1 0.63 | Det Rec 0.85 | Det FA 0.07 | Epoch Time 104.50s (Eval 0.00s, Train 104.50s)
[STATE 2026-03-29 05:05:46] T8 Ep 2/10 complete: Prec 0.7388 F1 0.6293 DetRec 0.8495 DetFA 0.0658 | 104.50s total (0.00s eval/104.50s train)
[STATE 2026-03-29 05:05:46] Task 8 Epoch 3/10: entering train loop
T8 Ep 3/10 | L 0.2803 | Train Acc 0.60 | Prec 0.75 | F1 0.65 | Det Rec 0.86 | Det FA 0.07 | Epoch Time 103.65s (Eval 0.00s, Train 103.65s)
[STATE 2026-03-29 05:07:30] T8 Ep 3/10 complete: Prec 0.7503 F1 0.6487 DetRec 0.8569 DetFA 0.0714 | 103.65s total (0.00s eval/103.65s train)
[STATE 2026-03-29 05:07:30] Task 8 Epoch 4/10: entering train loop
T8 Ep 4/10 | L 0.2638 | Train Acc 0.62 | Prec 0.77 | F1 0.66 | Det Rec 0.86 | Det FA 0.07 | Epoch Time 103.81s (Eval 0.00s, Train 103.81s)
[STATE 2026-03-29 05:09:14] T8 Ep 4/10 complete: Prec 0.7704 F1 0.6642 DetRec 0.8613 DetFA 0.0733 | 103.81s total (0.00s eval/103.81s train)
[STATE 2026-03-29 05:09:14] Task 8 Epoch 5/10: entering train loop
T8 Ep 5/10 | L 0.2521 | Train Acc 0.63 | Prec 0.79 | F1 0.68 | Det Rec 0.87 | Det FA 0.07 | Epoch Time 104.18s (Eval 0.00s, Train 104.18s)
[STATE 2026-03-29 05:10:58] T8 Ep 5/10 complete: Prec 0.7888 F1 0.6766 DetRec 0.8666 DetFA 0.0724 | 104.18s total (0.00s eval/104.18s train)
[STATE 2026-03-29 05:10:58] Task 8 Epoch 6/10: entering train loop
T8 Ep 6/10 | L 0.2411 | Train Acc 0.64 | Prec 0.81 | F1 0.69 | Det Rec 0.87 | Det FA 0.07 | Epoch Time 104.34s (Eval 0.00s, Train 104.34s)
[STATE 2026-03-29 05:12:42] T8 Ep 6/10 complete: Prec 0.8063 F1 0.6861 DetRec 0.8698 DetFA 0.0682 | 104.34s total (0.00s eval/104.34s train)
[STATE 2026-03-29 05:12:42] Task 8 Epoch 7/10: entering train loop
T8 Ep 7/10 | L 0.2333 | Train Acc 0.65 | Prec 0.83 | F1 0.70 | Det Rec 0.87 | Det FA 0.07 | Epoch Time 104.08s (Eval 0.00s, Train 104.08s)
[STATE 2026-03-29 05:14:26] T8 Ep 7/10 complete: Prec 0.8345 F1 0.7003 DetRec 0.8715 DetFA 0.0682 | 104.08s total (0.00s eval/104.08s train)
[STATE 2026-03-29 05:14:26] Task 8 Epoch 8/10: entering train loop
T8 Ep 8/10 | L 0.2260 | Train Acc 0.66 | Prec 0.83 | F1 0.70 | Det Rec 0.87 | Det FA 0.07 | Epoch Time 104.56s (Eval 0.00s, Train 104.56s)
[STATE 2026-03-29 05:16:11] T8 Ep 8/10 complete: Prec 0.8342 F1 0.7021 DetRec 0.8736 DetFA 0.0662 | 104.56s total (0.00s eval/104.56s train)
[STATE 2026-03-29 05:16:11] Task 8 Epoch 9/10: entering train loop
T8 Ep 9/10 | L 0.2226 | Train Acc 0.67 | Prec 0.85 | F1 0.71 | Det Rec 0.88 | Det FA 0.07 | Epoch Time 104.50s (Eval 0.00s, Train 104.50s)
[STATE 2026-03-29 05:17:55] T8 Ep 9/10 complete: Prec 0.8499 F1 0.7128 DetRec 0.8762 DetFA 0.0663 | 104.50s total (0.00s eval/104.50s train)
[STATE 2026-03-29 05:17:55] Task 8 Epoch 10/10: entering train loop
T8 Ep 10/10 | L 0.2159 | Train Acc 0.68 | Prec 0.87 | F1 0.72 | Det Rec 0.88 | Det FA 0.07 | Epoch Time 103.80s (Eval 0.00s, Train 103.80s)
[STATE 2026-03-29 05:19:39] T8 Ep 10/10 complete: Prec 0.8692 F1 0.7227 DetRec 0.8799 DetFA 0.0675 | 103.80s total (0.00s eval/103.80s train)
[STATE 2026-03-29 05:19:39] Task 8: running final validation.
[STATE 2026-03-29 05:21:35] Completed task 8 (9/10)
Task 9: 17340 training samples, 6800 test samples.
[STATE 2026-03-29 05:21:35] Starting task 9 (10/10)
[STATE 2026-03-29 05:21:35] Task 9 Epoch 1/10: entering train loop
[STATE 2026-03-29 05:22:24] Task 9 Epoch 1/10: running validation (end of epoch)
---- Eval at Epoch 0: cls [0.6902006275415555, 0.6650286580882002, 0.6206589024536705, 0.5162977370509656, 0.4213569082533556, 0.7211177652457856, 0.49733728590213266, 0.7887805998692505, 0.5819845184339921, 0.4870965313931101] | det_recall [0.8569879983331111, 0.8401511623074113, 0.8357594784093482, 0.9852256452334701, 0.9995128268339826, 0.8973709398253767, 1.0, 0.8673756899369494, 0.8464636835902722, 1.0] | det_fa [0.0815093500874096, 0.1361526673640289, 0.27119403258835956, 0.0, 0.0, 0.12847424206095223, 0.0, 0.22189712079140278, 0.08409159964218123, 0.0] ----
T9 Ep 1/10 | L 0.5213 | Train Acc 0.42 | Prec 0.42 | F1 0.48 | Det Rec 0.98 | Det FA 0.03 | Epoch Time 166.96s (Eval 117.56s, Train 49.40s)
[STATE 2026-03-29 05:24:22] T9 Ep 1/10 complete: Prec 0.4186 F1 0.4845 DetRec 0.9846 DetFA 0.0295 | 166.96s total (117.56s eval/49.40s train)
[STATE 2026-03-29 05:24:22] Task 9 Epoch 2/10: entering train loop
T9 Ep 2/10 | L 0.3392 | Train Acc 0.51 | Prec 0.51 | F1 0.57 | Det Rec 1.00 | Det FA 0.00 | Epoch Time 49.51s (Eval 0.00s, Train 49.51s)
[STATE 2026-03-29 05:25:12] T9 Ep 2/10 complete: Prec 0.5071 F1 0.5696 DetRec 1.0000 DetFA 0.0000 | 49.51s total (0.00s eval/49.51s train)
[STATE 2026-03-29 05:25:12] Task 9 Epoch 3/10: entering train loop
T9 Ep 3/10 | L 0.3144 | Train Acc 0.53 | Prec 0.53 | F1 0.59 | Det Rec 1.00 | Det FA 0.00 | Epoch Time 49.06s (Eval 0.00s, Train 49.06s)
[STATE 2026-03-29 05:26:01] T9 Ep 3/10 complete: Prec 0.5264 F1 0.5855 DetRec 1.0000 DetFA 0.0000 | 49.06s total (0.00s eval/49.06s train)
[STATE 2026-03-29 05:26:01] Task 9 Epoch 4/10: entering train loop
T9 Ep 4/10 | L 0.2968 | Train Acc 0.55 | Prec 0.55 | F1 0.60 | Det Rec 1.00 | Det FA 0.00 | Epoch Time 49.07s (Eval 0.00s, Train 49.07s)
[STATE 2026-03-29 05:26:50] T9 Ep 4/10 complete: Prec 0.5467 F1 0.6032 DetRec 1.0000 DetFA 0.0000 | 49.07s total (0.00s eval/49.07s train)
[STATE 2026-03-29 05:26:50] Task 9 Epoch 5/10: entering train loop
T9 Ep 5/10 | L 0.2873 | Train Acc 0.56 | Prec 0.56 | F1 0.62 | Det Rec 1.00 | Det FA 0.00 | Epoch Time 49.10s (Eval 0.00s, Train 49.10s)
[STATE 2026-03-29 05:27:39] T9 Ep 5/10 complete: Prec 0.5639 F1 0.6151 DetRec 1.0000 DetFA 0.0000 | 49.10s total (0.00s eval/49.10s train)
[STATE 2026-03-29 05:27:39] Task 9 Epoch 6/10: entering train loop
T9 Ep 6/10 | L 0.2744 | Train Acc 0.57 | Prec 0.56 | F1 0.62 | Det Rec 1.00 | Det FA 0.00 | Epoch Time 49.33s (Eval 0.00s, Train 49.33s)
[STATE 2026-03-29 05:28:28] T9 Ep 6/10 complete: Prec 0.5632 F1 0.6230 DetRec 1.0000 DetFA 0.0000 | 49.33s total (0.00s eval/49.33s train)
[STATE 2026-03-29 05:28:28] Task 9 Epoch 7/10: entering train loop
T9 Ep 7/10 | L 0.2654 | Train Acc 0.60 | Prec 0.59 | F1 0.64 | Det Rec 1.00 | Det FA 0.00 | Epoch Time 49.48s (Eval 0.00s, Train 49.48s)
[STATE 2026-03-29 05:29:18] T9 Ep 7/10 complete: Prec 0.5926 F1 0.6446 DetRec 1.0000 DetFA 0.0000 | 49.48s total (0.00s eval/49.48s train)
[STATE 2026-03-29 05:29:18] Task 9 Epoch 8/10: entering train loop
T9 Ep 8/10 | L 0.2576 | Train Acc 0.61 | Prec 0.61 | F1 0.65 | Det Rec 1.00 | Det FA 0.00 | Epoch Time 49.52s (Eval 0.00s, Train 49.52s)
[STATE 2026-03-29 05:30:07] T9 Ep 8/10 complete: Prec 0.6060 F1 0.6524 DetRec 1.0000 DetFA 0.0000 | 49.52s total (0.00s eval/49.52s train)
[STATE 2026-03-29 05:30:07] Task 9 Epoch 9/10: entering train loop
T9 Ep 9/10 | L 0.2492 | Train Acc 0.62 | Prec 0.62 | F1 0.66 | Det Rec 1.00 | Det FA 0.00 | Epoch Time 49.09s (Eval 0.00s, Train 49.09s)
[STATE 2026-03-29 05:30:56] T9 Ep 9/10 complete: Prec 0.6242 F1 0.6642 DetRec 1.0000 DetFA 0.0000 | 49.09s total (0.00s eval/49.09s train)
[STATE 2026-03-29 05:30:56] Task 9 Epoch 10/10: entering train loop
T9 Ep 10/10 | L 0.2421 | Train Acc 0.63 | Prec 0.63 | F1 0.68 | Det Rec 1.00 | Det FA 0.00 | Epoch Time 49.10s (Eval 0.00s, Train 49.10s)
[STATE 2026-03-29 05:31:45] T9 Ep 10/10 complete: Prec 0.6318 F1 0.6761 DetRec 1.0000 DetFA 0.0000 | 49.10s total (0.00s eval/49.10s train)
[STATE 2026-03-29 05:31:45] Task 9: running final validation.
[STATE 2026-03-29 05:33:43] Completed task 9 (10/10)
####Final Validation Accuracy####
Final Results:- 
 Total Recall: 0.604435939630768 
 Individual Recall: [0.6564536205924869, 0.6314800595755611, 0.6173626091258801, 0.5242762195078688, 0.49740544790142005, 0.7306758704128532, 0.4996815341391953, 0.7878346357173002, 0.5435806545120886, 0.5556087448230255]
Final Detection Results:- 
 Total Detection: 0.9103940634521995 
 Individual Detection: [0.8553938012387784, 0.8202974477961416, 0.8354688415549419, 0.9909581969828517, 0.9992736275853257, 0.89723825577685, 0.9991867067267896, 0.8638431525242133, 0.8422806043361039, 1.0]
Final Detection False Alarm:- 
 Total False Alarm: 0.10034665075203683 
 Individual False Alarm: [0.11359578283650858, 0.2010453448499295, 0.2691439031163959, 0.0, 0.0, 0.12388293259807845, 0.0, 0.23146709098239812, 0.06433145313705779, 0.0]
SUMMARY_TR cls_rec=0.6336 cls_prec=0.6318 cls_f1=0.6761 det=0.9129 fa=0.0923
SUMMARY_TE cls_rec=0.6044 cls_prec=0.6664 cls_f1=0.6393 det=0.9104 fa=0.1003
[STATE 2026-03-29 05:33:43] Saving results to logs//eralg4/full-tasks_all-10epochs_weighted-loss-2026-03-28_20-35-26-9781/0/results
Model size: 0.0289 GB
Memory buffer size: 0.0000 GB
logs//eralg4/full-tasks_all-10epochs_weighted-loss-2026-03-28_20-35-26-9781/0/results: {'expt_name': 'full-tasks_all-10epochs_weighted-loss', 'model': 'eralg4', 'arch': 'resnet1d', 'n_hiddens': 100, 'n_layers': 2, 'xav_init': False, 'debug': False, 'use_detector_arch': False, 'glances': 1, 'n_epochs': 10, 'batch_size': 256, 'replay_batch_size': 128, 'memories': 5120, 'lr': 0.003, 'optimizer': 'sgd', 'class_weighted_ce': True, 'cuda': True, 'seed': 0, 'log_every': 10, 'log_dir': 'logs//eralg4/full-tasks_all-10epochs_weighted-loss-2026-03-28_20-35-26-9781/0', 'tf_dir': 'logs//eralg4/full-tasks_all-10epochs_weighted-loss-2026-03-28_20-35-26-9781/0/tfdir', 'calc_test_accuracy': False, 'state_logging': True, 'data_path': 'data/rff/radar/full', 'task_order_files': 't2-rcn,t0-rcn,t2-uclresm-25noise,t0-deeprad,t1-deeprad,t1-uclresm-25noise,t3-deeprad,t0-uclresm-25noise,t1-rcn,t2-deeprad', 'loader': 'task_incremental_loader', 'samples_per_task': -1, 'shuffle_tasks': False, 'classes_per_it': 6, 'iterations': 5000, 'dataset': 'iq', 'workers': 0, 'validation': 0.5, 'data_scaling': 'normalize', 'use_iq_aug_features': False, 'iq_aug_feature_type': 'power', 'class_order': 'random', 'increment': 5, 'test_batch_size': 512, 'nc_per_task': None, 'nc_per_task_list': '', 'val_rate': 1000, 'opt_lr': 0.1, 'opt_wt': 0.1, 'alpha_init': 0.001, 'learn_lr': False, 'sync_update': False, 'grad_clip_norm': 5.0, 'meta_batches': 3, 'use_old_task_memory': False, 'second_order': False, 'n_memories': 5120, 'memory_strength': 0, 'steps_per_sample': 1, 'bgd_optimizer': 'sgd', 'optimizer_params': '{}', 'train_mc_iters': 5, 'std_init': 0.05, 'mean_eta': 1, 'fisher_gamma': 0.95, 'rln': 7, 'update_steps': 10, 'meta_lr': 0.001, 'update_lr': 0.1, 'ctx_lr': 0.05, 'n_meta': 2, 'inner_steps': 1, 'temperature': 5.0, 'task_emb': 64, 'classes_per_task': [6, 7, 6, 7, 7, 6, 6, 6, 7, 6], 'get_samples_per_task': <bound method IncrementalLoader.get_samples_per_task of <dataloaders.task_incremental_loader.IncrementalLoader object at 0x7652343258a0>>} # val: 0.718 0.604 -0.113 0.000 # sizes: model_gb=0.0289 mem_gb=0.0000 # 28632.145172834396
[STATE 2026-03-29 05:33:43] results.pt components (approx): state_dict 29.6 MB, result_val_t 0.1 KB, result_val_a 0.8 KB
[STATE 2026-03-29 05:33:43] Results saved; total runtime 7.95h
Total runtime: 7.95 hours
