[2026-05-28T18:58:28+01:00] === full_experiments.sh started ===
[2026-05-28T18:58:28+01:00] REPO_ROOT=/home/wsmr11/repos/La-MAML
[2026-05-28T18:58:28+01:00] LOG_FILE=/home/wsmr11/repos/La-MAML/logs/full_experiments/run_20260528_185828_win-lbo-22410_seed_55/full_experiments_20260528_185828.log
[2026-05-28T18:58:28+01:00] INCLUDED_ALL=ewc er_ring eralg4 gem cmaml bcl_dual agem icarl lwf rwalk si ucl la-er lamaml smaml iid2 hat packnet ctn
[2026-05-28T18:58:28+01:00] EXPERIMENT_DESC=seed_55
[2026-05-28T18:58:28+01:00] PASSTHROUGH_ARGS=--seed 55 --expt_name seed-sweep_one-shot_til
[2026-05-28T18:58:28+01:00] ONE_SHOT=1 (main.py runs use --n_epochs 1 --inner_steps 2)
[2026-05-28T18:58:28+01:00] Activated la-maml_env
[2026-05-28T18:58:28+01:00] Using SERIAL_PROBE_JSON_PATH=logs/eta_probe/eta_probe_elkk-1-algos_10-iter_avg-util-2.json
[2026-05-28T18:58:28+01:00] Using SCHEDULE_JSON_PATH=logs/eta_probe/three_host_schedule_til.json
[2026-05-28T18:58:28+01:00] HOST_KEY=win-lbo-22410
[2026-05-28T18:58:28+01:00] MODEL_MODE=til
[2026-05-28T18:58:28+01:00] Reusing existing schedule JSON.
[2026-05-28T18:58:28+01:00] Estimated time saved (parallel vs serial): 63.56521739130435%
[2026-05-28T18:58:28+01:00] QUEUE_HIGH count=5: rwalk er_ring eralg4 ctn bcl_dual
[2026-05-28T18:58:28+01:00] QUEUE_LOW  count=0: 
[2026-05-28T18:58:28+01:00] === Queue phase on win-lbo-22410 (util high/low) ===
[2026-05-28T18:58:28+01:00] --- Dispatching: base + rwalk + rwalk.yaml (job log: /home/wsmr11/repos/La-MAML/logs/full_experiments/run_20260528_185828_win-lbo-22410_seed_55/job_logs/job_rwalk_20260528_185828_917993452.log) ---
[2026-05-28T18:58:28+01:00] START rwalk
[2026-05-28T20:35:09+01:00] Completed: rwalk (exit 0)
[2026-05-28T20:35:10+01:00] --- Dispatching: base + er_ring + er_ring.yaml (job log: /home/wsmr11/repos/La-MAML/logs/full_experiments/run_20260528_185828_win-lbo-22410_seed_55/job_logs/job_er_ring_20260528_203510_745565032.log) ---
[2026-05-28T20:35:10+01:00] START er_ring
[2026-05-28T22:37:32+01:00] Completed: er_ring (exit 0)
[2026-05-28T22:37:33+01:00] --- Dispatching: base + eralg4 + eralg4.yaml (job log: /home/wsmr11/repos/La-MAML/logs/full_experiments/run_20260528_185828_win-lbo-22410_seed_55/job_logs/job_eralg4_20260528_223733_228135835.log) ---
[2026-05-28T22:37:33+01:00] START eralg4
[2026-05-29T01:43:00+01:00] Completed: eralg4 (exit 0)
[2026-05-29T01:43:01+01:00] --- Dispatching: base + ctn + ctn.yaml (job log: /home/wsmr11/repos/La-MAML/logs/full_experiments/run_20260528_185828_win-lbo-22410_seed_55/job_logs/job_ctn_20260529_014301_558328586.log) ---
[2026-05-29T01:43:01+01:00] START ctn
[2026-05-29T04:26:22+01:00] Completed: ctn (exit 0)
[2026-05-29T04:26:22+01:00] --- Dispatching: base + bcl_dual + bcl_dual.yaml (job log: /home/wsmr11/repos/La-MAML/logs/full_experiments/run_20260528_185828_win-lbo-22410_seed_55/job_logs/job_bcl_dual_20260529_042622_519219847.log) ---
[2026-05-29T04:26:22+01:00] START bcl_dual
[2026-05-29T06:57:10+01:00] Completed: bcl_dual (exit 0)
[2026-05-29T06:57:11+01:00] === full_experiments.sh finished: successful_runs=5 unsuccessful_runs=0 total_runtime=11:58:43 (43123s) ===
