[2026-04-15T12:11:09+01:00] === full_experiments.sh started ===
[2026-04-15T12:11:09+01:00] REPO_ROOT=/home/lunet/wsmr11/repos/La-MAML
[2026-04-15T12:11:09+01:00] LOG_FILE=/home/lunet/wsmr11/repos/La-MAML/logs/full_experiments/run_20260415_121109_lnx-elkk-1/full_experiments_20260415_121109.log
[2026-04-15T12:11:09+01:00] INCLUDED_ALL=icarl lwf rwalk si ucl la-er lamaml smaml iid2
[2026-04-15T12:11:09+01:00] Activated la-maml_env
[2026-04-15T12:11:09+01:00] Using SERIAL_PROBE_JSON_PATH=logs/eta_probe/eta_probe_elkk-1-algos_10-iter_avg-util-2.json
[2026-04-15T12:11:09+01:00] Using SCHEDULE_JSON_PATH=logs/eta_probe/full_experiments_host_schedule_cil.json
[2026-04-15T12:11:09+01:00] HOST_KEY=lnx-elkk-1
[2026-04-15T12:11:09+01:00] MODEL_MODE=cil
[2026-04-15T12:11:09+01:00] Reusing existing schedule JSON.
[2026-04-15T12:11:09+01:00] Estimated time saved (parallel vs serial): 52.27774101036841%
[2026-04-15T12:11:09+01:00] QUEUE_HIGH count=1: si
[2026-04-15T12:11:10+01:00] QUEUE_LOW  count=1: smaml
[2026-04-15T12:11:10+01:00] === Queue phase on lnx-elkk-1 (util high/low) ===
[2026-04-15T12:11:10+01:00] --- Dispatching: base + si + si.yaml (job log: /home/lunet/wsmr11/repos/La-MAML/logs/full_experiments/run_20260415_121109_lnx-elkk-1/job_logs/job_si_20260415_121110_024174891.log) ---
[2026-04-15T12:11:10+01:00] START si
[2026-04-15T12:11:10+01:00] --- Dispatching: base + smaml + smaml.yaml (job log: /home/lunet/wsmr11/repos/La-MAML/logs/full_experiments/run_20260415_121109_lnx-elkk-1/job_logs/job_smaml_20260415_121110_052492971.log) ---
[2026-04-15T12:11:10+01:00] START smaml
[2026-04-15T15:26:03+01:00] Completed: si (exit 0)
[2026-04-15T19:50:23+01:00] Completed: smaml (exit 0)
[2026-04-15T19:50:24+01:00] === full_experiments.sh finished: successful_runs=2 unsuccessful_runs=0 total_runtime=07:39:15 (27555s) ===
