[STATE 2026-04-11 22:15:14] Enabling terminal logging to logs//er_ring/full-tasks-2_all-10epochs_weighted-loss-2026-04-11_22-15-14-2252/0/terminal.log
New Experiment Starting...
Running model:  er_ring
[STATE 2026-04-11 22:15:14] Experiment 'full-tasks-2_all-10epochs_weighted-loss' starting with model 'er_ring' (seed 0)
Set seed 0
t2-rcn.npz train: x=(50362, 1024), y=(50362, 2)
t2-rcn.npz test: x=(16787, 1024), y=(16787, 2)
t2-rcn.npz: applied data scaling mode 'normalize'.
Loaded t2-rcn.npz: Unique train labels: UniqueCountsResult(values=array([-1,  3,  5, 10, 12, 15]), counts=array([24209,  5770,  3030,  2320,  7509,  7524]))
Noise labels ratio in t2-rcn.npz train: 0.24, test: 0.24
Loaded t2-rcn.npz: Remapped labels: [0 1 2 3 4 5]. Size: 50362)
t0-rcn.npz train: x=(51916, 1024), y=(51916, 2)
t0-rcn.npz test: x=(17305, 1024), y=(17305, 2)
t0-rcn.npz: applied data scaling mode 'normalize'.
Loaded t0-rcn.npz: Unique train labels: UniqueCountsResult(values=array([-1,  1,  8,  9, 11, 13, 14]), counts=array([24225,  4268,  2495,  2943,  3015,  7464,  7506]))
Noise labels ratio in t0-rcn.npz train: 0.23, test: 0.23
Loaded t0-rcn.npz: Remapped labels: [ 6  7  8  9 10 11 12]. Size: 51916)
t2-uclresm-25noise.npz train: moved sample axis (3, 350028, 1024) -> (350028, 3, 1024)
t2-uclresm-25noise.npz test: moved sample axis (3, 233351, 1024) -> (233351, 3, 1024)
t2-uclresm-25noise.npz train: x=(350028, 3, 1024), y=(350028,)
t2-uclresm-25noise.npz test: x=(233351, 3, 1024), y=(233351,)
t2-uclresm-25noise.npz: applied data scaling mode 'normalize'.
Loaded t2-uclresm-25noise.npz: Unique train labels: UniqueCountsResult(values=array([-1,  0,  1,  2,  3,  4]), counts=array([87441, 27347, 71754, 64298, 36005, 63183]))
Noise labels ratio in t2-uclresm-25noise.npz train: 0.25, test: 0.25
Loaded t2-uclresm-25noise.npz: Remapped labels: [13 14 15 16 17 18]. Size: 350028)
t0-deeprad.npz train: x=(24480, 1024), y=(24480, 2)
t0-deeprad.npz test: x=(8160, 1024), y=(8160, 2)
t0-deeprad.npz: applied data scaling mode 'normalize'.
Loaded t0-deeprad.npz: Unique train labels: UniqueCountsResult(values=array([-1,  0,  1,  2,  3,  4,  5]), counts=array([12240,  2029,  1983,  2043,  2154,  2015,  2016]))
Noise labels ratio in t0-deeprad.npz train: 0.25, test: 0.25
Loaded t0-deeprad.npz: Remapped labels: [19 20 21 22 23 24 25]. Size: 24480)
t1-deeprad.npz train: x=(24480, 1024), y=(24480, 2)
t1-deeprad.npz test: x=(8160, 1024), y=(8160, 2)
t1-deeprad.npz: applied data scaling mode 'normalize'.
Loaded t1-deeprad.npz: Unique train labels: UniqueCountsResult(values=array([-1,  0,  1,  2,  3,  4,  5]), counts=array([12240,  1988,  2029,  2054,  1988,  2053,  2128]))
Noise labels ratio in t1-deeprad.npz train: 0.25, test: 0.25
Loaded t1-deeprad.npz: Remapped labels: [26 27 28 29 30 31 32]. Size: 24480)
t1-uclresm-25noise.npz train: moved sample axis (3, 201410, 1024) -> (201410, 3, 1024)
t1-uclresm-25noise.npz test: moved sample axis (3, 116291, 1024) -> (116291, 3, 1024)
t1-uclresm-25noise.npz train: x=(201410, 3, 1024), y=(201410,)
t1-uclresm-25noise.npz test: x=(116291, 3, 1024), y=(116291,)
t1-uclresm-25noise.npz: applied data scaling mode 'normalize'.
Loaded t1-uclresm-25noise.npz: Unique train labels: UniqueCountsResult(values=array([-1,  0,  1,  2,  3,  4]), counts=array([43668, 18021, 17838, 18087, 31870, 71926]))
Noise labels ratio in t1-uclresm-25noise.npz train: 0.22, test: 0.25
Loaded t1-uclresm-25noise.npz: Remapped labels: [33 34 35 36 37 38]. Size: 201410)
t3-deeprad.npz train: x=(17340, 1024), y=(17340, 2)
t3-deeprad.npz test: x=(6800, 1024), y=(6800, 2)
t3-deeprad.npz: applied data scaling mode 'normalize'.
Loaded t3-deeprad.npz: Unique train labels: UniqueCountsResult(values=array([-1,  0,  1,  2,  3,  4]), counts=array([8670, 1693, 1677, 1794, 1716, 1790]))
Noise labels ratio in t3-deeprad.npz train: 0.25, test: 0.25
Loaded t3-deeprad.npz: Remapped labels: [39 40 41 42 43 44]. Size: 17340)
t0-uclresm-25noise.npz train: moved sample axis (3, 188050, 1024) -> (188050, 3, 1024)
t0-uclresm-25noise.npz test: moved sample axis (3, 107348, 1024) -> (107348, 3, 1024)
t0-uclresm-25noise.npz train: x=(188050, 3, 1024), y=(188050,)
t0-uclresm-25noise.npz test: x=(107348, 3, 1024), y=(107348,)
t0-uclresm-25noise.npz: applied data scaling mode 'normalize'.
Loaded t0-uclresm-25noise.npz: Unique train labels: UniqueCountsResult(values=array([-1,  0,  1,  2,  3,  4]), counts=array([40144, 32109, 17978, 17979, 18098, 61742]))
Noise labels ratio in t0-uclresm-25noise.npz train: 0.21, test: 0.25
Loaded t0-uclresm-25noise.npz: Remapped labels: [45 46 47 48 49 50]. Size: 188050)
t1-rcn.npz train: x=(36658, 1024), y=(36658, 2)
t1-rcn.npz test: x=(12220, 1024), y=(12220, 2)
t1-rcn.npz: applied data scaling mode 'normalize'.
Loaded t1-rcn.npz: Unique train labels: UniqueCountsResult(values=array([-1,  0,  2,  4,  6,  7, 16]), counts=array([20595,   824,  2087,  2606,  2396,  1716,  6434]))
Noise labels ratio in t1-rcn.npz train: 0.28, test: 0.28
Loaded t1-rcn.npz: Remapped labels: [51 52 53 54 55 56 57]. Size: 36658)
t2-deeprad.npz train: x=(17340, 1024), y=(17340, 2)
t2-deeprad.npz test: x=(6800, 1024), y=(6800, 2)
t2-deeprad.npz: applied data scaling mode 'normalize'.
Loaded t2-deeprad.npz: Unique train labels: UniqueCountsResult(values=array([-1,  0,  1,  2,  3,  4]), counts=array([8670, 1774, 1675, 1777, 1694, 1750]))
Noise labels ratio in t2-deeprad.npz train: 0.25, test: 0.25
Loaded t2-deeprad.npz: Remapped labels: [58 59 60 61 62 63]. Size: 17340)
Built classes_per_task: [6, 7, 6, 7, 7, 6, 6, 6, 7, 6]
Classes per task: [6, 7, 6, 7, 7, 6, 6, 6, 7, 6]
[STATE 2026-04-11 22:16:17] Loader 'task_incremental_loader' ready: 1024 inputs, 64 outputs, 10 tasks
n_outputs: 64 	n_tasks: 10
[STATE 2026-04-11 22:16:17] Logging to logs//er_ring/full-tasks-2_all-10epochs_weighted-loss-2026-04-11_22-15-14-2252/0
True
Model device: cuda:0
[STATE 2026-04-11 22:16:17] Model initialized on device cuda:0
[STATE 2026-04-11 22:16:17] Invoking continual life experience flow
[STATE 2026-04-11 22:16:17] Life experience start: 10 tasks queued
Task 0: 50362 training samples, 16787 test samples.
[STATE 2026-04-11 22:16:17] Task 0: zero-shot validation (pre-train)
---- Zero-shot (pre-train) task 0: rec_cls 0.1175 | prec_cls 0.1336 | f1_cls 0.0961 | det 0.4550 | pfa 0.7831 | total_f1 0.0961 ----
[STATE 2026-04-11 22:16:23] Starting task 0 (1/10)
[STATE 2026-04-11 22:16:23] Task 0 Epoch 1/1: entering train loop
[STATE 2026-04-11 22:18:22] Task 0 Epoch 1/1: running validation (end of epoch)
---- Eval at Epoch 0: cls [0.8184366323156569] | det_recall [0.870641612909638] | det_fa [0.23850630139460655] ----
T0 Ep 1/1 | L 1.0245 | Train Acc 0.58 | Prec 0.61 | F1 0.55 | Det Rec 0.80 | Det FA 0.32 | Epoch Time 124.97s (Eval 5.89s, Train 119.08s)
[STATE 2026-04-11 22:18:28] T0 Ep 1/1 complete: Prec 0.6073 F1 0.5461 DetRec 0.7996 DetFA 0.3155 | 124.97s total (5.89s eval/119.08s train)
[STATE 2026-04-11 22:18:28] Task 0: running final validation.
[STATE 2026-04-11 22:18:34] Completed task 0 (1/10)
Task 1: 51916 training samples, 17305 test samples.
[STATE 2026-04-11 22:18:34] Task 1: zero-shot validation (pre-train)
---- Zero-shot (pre-train) task 1: rec_cls 0.2805 | prec_cls 0.2589 | f1_cls 0.1445 | det 0.5000 | pfa 1.0000 | total_f1 0.4514 ----
[STATE 2026-04-11 22:18:46] Starting task 1 (2/10)
[STATE 2026-04-11 22:18:46] Task 1 Epoch 1/1: entering train loop
[STATE 2026-04-11 22:22:28] Task 1 Epoch 1/1: running validation (end of epoch)
---- Eval at Epoch 0: cls [0.7835672293689641, 0.7699442932887791] | det_recall [0.8726129568446074, 0.7520925750136236] | det_fa [0.16735667678814217, 0.4444108893578458] ----
T1 Ep 1/1 | L 1.1895 | Train Acc 0.67 | Prec 0.70 | F1 0.54 | Det Rec 0.67 | Det FA 0.60 | Epoch Time 233.89s (Eval 12.26s, Train 221.63s)
[STATE 2026-04-11 22:22:40] T1 Ep 1/1 complete: Prec 0.6982 F1 0.5449 DetRec 0.6707 DetFA 0.6032 | 233.89s total (12.26s eval/221.63s train)
[STATE 2026-04-11 22:22:40] Task 1: running final validation.
[STATE 2026-04-11 22:22:52] Completed task 1 (2/10)
Task 2: 350028 training samples, 175014 test samples.
[STATE 2026-04-11 22:22:53] Task 2: zero-shot validation (pre-train)
---- Zero-shot (pre-train) task 2: rec_cls 0.0047 | prec_cls 0.1096 | f1_cls 0.0745 | det 0.5085 | pfa 0.0132 | total_f1 0.5020 ----
[STATE 2026-04-11 22:24:06] Starting task 2 (3/10)
[STATE 2026-04-11 22:24:06] Task 2 Epoch 1/1: entering train loop
[STATE 2026-04-11 22:49:27] Task 2 Epoch 1/1: running validation (end of epoch)
---- Eval at Epoch 0: cls [0.6657852151652176, 0.5887775581229392, 0.6385428080611533] | det_recall [0.8463923047725377, 0.812031099767319, 0.7915730258918132] | det_fa [0.13782924059193202, 0.16639315348319786, 0.39165934139341385] ----
T2 Ep 1/1 | L 1.2724 | Train Acc 0.48 | Prec 0.48 | F1 0.48 | Det Rec 0.77 | Det FA 0.41 | Epoch Time 1592.51s (Eval 71.98s, Train 1520.53s)
[STATE 2026-04-11 22:50:39] T2 Ep 1/1 complete: Prec 0.4819 F1 0.4772 DetRec 0.7730 DetFA 0.4054 | 1592.51s total (71.98s eval/1520.53s train)
[STATE 2026-04-11 22:50:39] Task 2: running final validation.
[STATE 2026-04-11 22:51:51] Completed task 2 (3/10)
Task 3: 24480 training samples, 8160 test samples.
[STATE 2026-04-11 22:51:51] Task 3: zero-shot validation (pre-train)
---- Zero-shot (pre-train) task 3: rec_cls 0.0166 | prec_cls 0.0915 | f1_cls 0.1116 | det 0.5080 | pfa 0.1128 | total_f1 0.5138 ----
[STATE 2026-04-11 22:53:06] Starting task 3 (4/10)
[STATE 2026-04-11 22:53:06] Task 3 Epoch 1/1: entering train loop
[STATE 2026-04-11 22:54:53] Task 3 Epoch 1/1: running validation (end of epoch)
---- Eval at Epoch 0: cls [0.6783885192093793, 0.6397599737649363, 0.5349759286613928, 0.5941835742847731] | det_recall [0.8608269124807978, 0.7871881420957363, 0.7528289529290733, 0.9964473229618666] | det_fa [0.18002112667140763, 0.27943632658244, 0.4889025128892523, 0.00638432261842296] ----
T3 Ep 1/1 | L 1.3527 | Train Acc 0.56 | Prec 0.57 | F1 0.61 | Det Rec 0.99 | Det FA 0.01 | Epoch Time 181.58s (Eval 74.76s, Train 106.82s)
[STATE 2026-04-11 22:56:07] T3 Ep 1/1 complete: Prec 0.5698 F1 0.6098 DetRec 0.9911 DetFA 0.0052 | 181.58s total (74.76s eval/106.82s train)
[STATE 2026-04-11 22:56:07] Task 3: running final validation.
[STATE 2026-04-11 22:57:24] Completed task 3 (4/10)
Task 4: 24480 training samples, 8160 test samples.
[STATE 2026-04-11 22:57:24] Task 4: zero-shot validation (pre-train)
---- Zero-shot (pre-train) task 4: rec_cls 0.2357 | prec_cls 0.1736 | f1_cls 0.1110 | det 0.4981 | pfa 1.0000 | total_f1 0.5194 ----
[STATE 2026-04-11 22:58:41] Starting task 4 (5/10)
[STATE 2026-04-11 22:58:41] Task 4 Epoch 1/1: entering train loop
[STATE 2026-04-11 23:00:29] Task 4 Epoch 1/1: running validation (end of epoch)
---- Eval at Epoch 0: cls [0.6784687686707076, 0.6687625849972759, 0.4996981434821885, 0.44784197923895286, 0.43304502454011246] | det_recall [0.8587748584503845, 0.794684661948221, 0.73810826157309, 0.9961209853471176, 1.0] | det_fa [0.18873555074498866, 0.3578877152596376, 0.5126434353214337, 0.004862408096824095, 0.0] ----
T4 Ep 1/1 | L 1.5700 | Train Acc 0.38 | Prec 0.38 | F1 0.44 | Det Rec 0.99 | Det FA 0.02 | Epoch Time 184.93s (Eval 77.33s, Train 107.61s)
[STATE 2026-04-11 23:01:46] T4 Ep 1/1 complete: Prec 0.3781 F1 0.4428 DetRec 0.9905 DetFA 0.0190 | 184.93s total (77.33s eval/107.61s train)
[STATE 2026-04-11 23:01:46] Task 4: running final validation.
[STATE 2026-04-11 23:03:03] Completed task 4 (5/10)
Task 5: 201410 training samples, 100705 test samples.
[STATE 2026-04-11 23:03:04] Task 5: zero-shot validation (pre-train)
---- Zero-shot (pre-train) task 5: rec_cls 0.1999 | prec_cls 0.0878 | f1_cls 0.0725 | det 0.5000 | pfa 1.0000 | total_f1 0.4679 ----
[STATE 2026-04-11 23:04:55] Starting task 5 (6/10)
[STATE 2026-04-11 23:04:55] Task 5 Epoch 1/1: entering train loop
[STATE 2026-04-11 23:20:12] Task 5 Epoch 1/1: running validation (end of epoch)
---- Eval at Epoch 0: cls [0.5278288894105873, 0.5406331015819261, 0.35280313890026954, 0.5163559858680674, 0.35780422081948154, 0.7285240783442855] | det_recall [0.824121970854804, 0.7371244539181139, 0.711641417297296, 0.9965786900855894, 1.0, 0.8431737326203188] | det_fa [0.19500982209609705, 0.40768536058906596, 0.48242928562822457, 0.005155620250831704, 0.0, 0.26676087099064205] ----
T5 Ep 1/1 | L 1.0772 | Train Acc 0.67 | Prec 0.67 | F1 0.64 | Det Rec 0.82 | Det FA 0.30 | Epoch Time 1030.66s (Eval 113.88s, Train 916.78s)
[STATE 2026-04-11 23:22:06] T5 Ep 1/1 complete: Prec 0.6666 F1 0.6417 DetRec 0.8201 DetFA 0.3005 | 1030.66s total (113.88s eval/916.78s train)
[STATE 2026-04-11 23:22:06] Task 5: running final validation.
[STATE 2026-04-11 23:23:58] Completed task 5 (6/10)
Task 6: 17340 training samples, 6800 test samples.
[STATE 2026-04-11 23:23:58] Task 6: zero-shot validation (pre-train)
---- Zero-shot (pre-train) task 6: rec_cls 0.1289 | prec_cls 0.1069 | f1_cls 0.0364 | det 0.4899 | pfa 0.9997 | total_f1 0.4528 ----
[STATE 2026-04-11 23:25:52] Starting task 6 (7/10)
[STATE 2026-04-11 23:25:52] Task 6 Epoch 1/1: entering train loop
[STATE 2026-04-11 23:27:11] Task 6 Epoch 1/1: running validation (end of epoch)
---- Eval at Epoch 0: cls [0.5748838714578485, 0.5788747015465115, 0.36751626634244994, 0.5278487344332395, 0.3667484243908766, 0.7058543517405115, 0.5587455006992806] | det_recall [0.843029846284894, 0.7679926107625343, 0.7449447018687076, 0.9964588505138353, 1.0, 0.8067817209553816, 0.9988780655834171] | det_fa [0.20469279200394233, 0.37570950606381565, 0.44309174264423934, 0.005412821896922239, 0.0, 0.3810880666774598, 0.002243868833166018] ----
T6 Ep 1/1 | L 1.1771 | Train Acc 0.52 | Prec 0.51 | F1 0.58 | Det Rec 0.99 | Det FA 0.01 | Epoch Time 193.18s (Eval 113.99s, Train 79.19s)
[STATE 2026-04-11 23:29:05] T6 Ep 1/1 complete: Prec 0.5082 F1 0.5828 DetRec 0.9926 DetFA 0.0147 | 193.18s total (113.99s eval/79.19s train)
[STATE 2026-04-11 23:29:05] Task 6: running final validation.
[STATE 2026-04-11 23:30:59] Completed task 6 (7/10)
Task 7: 188050 training samples, 94025 test samples.
[STATE 2026-04-11 23:30:59] Task 7: zero-shot validation (pre-train)
---- Zero-shot (pre-train) task 7: rec_cls 0.2693 | prec_cls 0.2125 | f1_cls 0.0995 | det 0.5000 | pfa 1.0000 | total_f1 0.4964 ----
[STATE 2026-04-11 23:33:27] Starting task 7 (8/10)
[STATE 2026-04-11 23:33:27] Task 7 Epoch 1/1: entering train loop
[STATE 2026-04-11 23:47:59] Task 7 Epoch 1/1: running validation (end of epoch)
---- Eval at Epoch 0: cls [0.5152315578278776, 0.49680303362708916, 0.32255806761217376, 0.5223099925786975, 0.359265483929753, 0.6254582421413494, 0.49131132691069196, 0.7309198573852556] | det_recall [0.8175827583335987, 0.7833558519584404, 0.7145435399621203, 0.9974137097182418, 0.9998879928315412, 0.8322689957168807, 0.9994352162800633, 0.8216892706880033] | det_fa [0.19370135018758783, 0.2921032957219108, 0.4717998364279987, 0.002964301215891625, 0.0, 0.3024857047810621, 0.0008610389758561993, 0.302669993200414] ----
T7 Ep 1/1 | L 0.9662 | Train Acc 0.67 | Prec 0.69 | F1 0.66 | Det Rec 0.81 | Det FA 0.30 | Epoch Time 1020.10s (Eval 148.16s, Train 871.94s)
[STATE 2026-04-11 23:50:27] T7 Ep 1/1 complete: Prec 0.6937 F1 0.6589 DetRec 0.8142 DetFA 0.2965 | 1020.10s total (148.16s eval/871.94s train)
[STATE 2026-04-11 23:50:27] Task 7: running final validation.
[STATE 2026-04-11 23:52:54] Completed task 7 (8/10)
Task 8: 36658 training samples, 12220 test samples.
[STATE 2026-04-11 23:52:54] Task 8: zero-shot validation (pre-train)
---- Zero-shot (pre-train) task 8: rec_cls 0.1869 | prec_cls 0.0565 | f1_cls 0.0374 | det 0.4999 | pfa 1.0000 | total_f1 0.4841 ----
[STATE 2026-04-11 23:55:26] Starting task 8 (9/10)
[STATE 2026-04-11 23:55:26] Task 8 Epoch 1/1: entering train loop
[STATE 2026-04-11 23:58:05] Task 8 Epoch 1/1: running validation (end of epoch)
---- Eval at Epoch 0: cls [0.6208997061527186, 0.6190250824426897, 0.33079485964976485, 0.5167116498596538, 0.36495900471398984, 0.6242236474030538, 0.4877083135308759, 0.6757326660959311, 0.7814130017877222] | det_recall [0.8483095100687508, 0.7738932493048502, 0.6680297322305007, 0.9971967433816565, 0.999644253094267, 0.8044841437816794, 1.0, 0.7782335624362873, 0.7905967465542115] | det_fa [0.14602201664990846, 0.3224350388136812, 0.5697496511538361, 0.002694701544450116, 0.0, 0.3690503035477999, 0.0, 0.4332370730127773, 0.3851759978769242] ----
T8 Ep 1/1 | L 1.1145 | Train Acc 0.72 | Prec 0.71 | F1 0.58 | Det Rec 0.77 | Det FA 0.42 | Epoch Time 304.28s (Eval 145.58s, Train 158.70s)
[STATE 2026-04-12 00:00:30] T8 Ep 1/1 complete: Prec 0.7140 F1 0.5801 DetRec 0.7724 DetFA 0.4173 | 304.28s total (145.58s eval/158.70s train)
[STATE 2026-04-12 00:00:30] Task 8: running final validation.
[STATE 2026-04-12 00:03:08] Completed task 8 (9/10)
Task 9: 17340 training samples, 6800 test samples.
[STATE 2026-04-12 00:03:08] Task 9: zero-shot validation (pre-train)
---- Zero-shot (pre-train) task 9: rec_cls 0.2104 | prec_cls 0.2321 | f1_cls 0.1087 | det 0.5000 | pfa 1.0000 | total_f1 0.5060 ----
[STATE 2026-04-12 00:05:50] Starting task 9 (10/10)
[STATE 2026-04-12 00:05:50] Task 9 Epoch 1/1: entering train loop
[STATE 2026-04-12 00:07:16] Task 9 Epoch 1/1: running validation (end of epoch)
---- Eval at Epoch 0: cls [0.6158501792056446, 0.5967290065805069, 0.3404134626013006, 0.5109021058957793, 0.3975540759999465, 0.6351029247966318, 0.48857814691244716, 0.6775965867762842, 0.7024233223815667, 0.4605773924590376] | det_recall [0.8483883928962919, 0.7910208659816749, 0.7077299819271391, 0.9973084382370979, 0.9993940870967082, 0.8190534858499751, 0.9991804776033043, 0.7801722080255212, 0.7719724994144824, 1.0] | det_fa [0.1935498398078249, 0.31617996777831847, 0.5033079728750405, 0.001961029866029366, 0.0, 0.3380792237558275, 0.0, 0.43316272462179517, 0.4029763195013963, 0.0] ----
T9 Ep 1/1 | L 1.1364 | Train Acc 0.46 | Prec 0.46 | F1 0.54 | Det Rec 0.99 | Det FA 0.02 | Epoch Time 246.10s (Eval 159.99s, Train 86.11s)
[STATE 2026-04-12 00:09:56] T9 Ep 1/1 complete: Prec 0.4599 F1 0.5362 DetRec 0.9901 DetFA 0.0198 | 246.10s total (159.99s eval/86.11s train)
[STATE 2026-04-12 00:09:56] Task 9: running final validation.
[STATE 2026-04-12 00:12:34] Completed task 9 (10/10)
####Final Validation Accuracy####
Final Results:- 
 Total Recall: 0.5448503587714473 
 Individual Recall: [0.6169648286901293, 0.596981381672981, 0.3398412621455015, 0.5179321160300707, 0.3867917049510288, 0.6354063996227532, 0.49274861501742834, 0.676674716657393, 0.7120073301849783, 0.4731552327422081]
Final Detection Results:- 
 Total Detection: 0.8718428897921692 
 Individual Detection: [0.8479779409506185, 0.7899632557348759, 0.7077338352520278, 0.9977859251647017, 0.9998788759689923, 0.818677654422487, 0.9993222682857075, 0.7796515660092972, 0.7774375761329839, 1.0]
Final Detection False Alarm:- 
 Total False Alarm: 0.21870513326328694 
 Individual False Alarm: [0.19387365988448557, 0.3208946766330238, 0.5038420210652826, 0.0022129522331553503, 0.0, 0.3385451392238821, 0.0, 0.43369825387496624, 0.39398462971807385, 0.0]
SUMMARY_TR cls_rec=0.5710 cls_prec=0.5780 cls_f1=0.5620 det=0.8714 fa=0.2189
SUMMARY_TE cls_rec=0.5449 cls_prec=0.5669 cls_f1=0.5491 det=0.8718 fa=0.2187
[STATE 2026-04-12 00:12:34] Saving results to logs//er_ring/full-tasks-2_all-10epochs_weighted-loss-2026-04-11_22-15-14-2252/0/results
Model size: 0.0289 GB
Memory buffer size: 0.0197 GB
logs//er_ring/full-tasks-2_all-10epochs_weighted-loss-2026-04-11_22-15-14-2252/0/results: {'expt_name': 'full-tasks-2_all-10epochs_weighted-loss', 'model': 'er_ring', 'arch': 'resnet1d', 'n_hiddens': 100, 'n_layers': 2, 'xav_init': False, 'debug': False, 'use_detector_arch': False, 'inner_steps': 2, 'n_epochs': 1, 'batch_size': 256, 'replay_batch_size': 128, 'memories': 5120, 'lr': 0.001, 'optimizer': 'sgd', 'class_weighted_ce': True, 'cuda': True, 'seed': 0, 'log_every': 10, 'log_dir': 'logs//er_ring/full-tasks-2_all-10epochs_weighted-loss-2026-04-11_22-15-14-2252/0', 'tf_dir': 'logs//er_ring/full-tasks-2_all-10epochs_weighted-loss-2026-04-11_22-15-14-2252/0/tfdir', 'calc_test_accuracy': False, 'state_logging': True, 'data_path': 'data/rff/radar/full', 'task_order_files': 't2-rcn,t0-rcn,t2-uclresm-25noise,t0-deeprad,t1-deeprad,t1-uclresm-25noise,t3-deeprad,t0-uclresm-25noise,t1-rcn,t2-deeprad', 'loader': 'task_incremental_loader', 'samples_per_task': -1, 'shuffle_tasks': False, 'classes_per_it': 6, 'iterations': 5000, 'dataset': 'iq', 'workers': 0, 'validation': 0.5, 'data_scaling': 'normalize', 'use_iq_aug_features': False, 'iq_aug_feature_type': 'power', 'class_order': 'random', 'increment': 5, 'test_batch_size': 512, 'nc_per_task': None, 'nc_per_task_list': '', 'val_rate': 1000, 'opt_lr': 0.1, 'opt_wt': 0.1, 'alpha_init': 0.001, 'learn_lr': False, 'sync_update': False, 'grad_clip_norm': 5.0, 'meta_batches': 3, 'use_old_task_memory': False, 'second_order': False, 'n_memories': 5120, 'memory_strength': 0, 'steps_per_sample': 1, 'bgd_optimizer': 'sgd', 'optimizer_params': '{}', 'train_mc_iters': 5, 'std_init': 0.05, 'mean_eta': 1, 'fisher_gamma': 0.95, 'rln': 7, 'meta_lr': 0.001, 'update_lr': 0.1, 'ctx_lr': 0.05, 'n_meta': 1, 'temperature': 5.0, 'task_emb': 64, 'classes_per_task': [6, 7, 6, 7, 7, 6, 6, 6, 7, 6], 'get_samples_per_task': <bound method IncrementalLoader.get_samples_per_task of <dataloaders.task_incremental_loader.IncrementalLoader object at 0x77dc204e2090>>} # val: 0.652 0.545 -0.107 0.000 # sizes: model_gb=0.0289 mem_gb=0.0197 # 6976.857991218567
[STATE 2026-04-12 00:12:34] results.pt components (approx): state_dict 29.6 MB, result_val_t 0.1 KB, result_val_a 0.8 KB
[STATE 2026-04-12 00:12:34] Results saved; total runtime 1.94h
Total runtime: 1.94 hours
