[STATE 2026-04-11 23:57:46] Enabling terminal logging to logs//icarl/full-tasks-2_all-10epochs_weighted-loss-2026-04-11_23-57-46-6907/0/terminal.log
New Experiment Starting...
Running model:  icarl
[STATE 2026-04-11 23:57:46] Experiment 'full-tasks-2_all-10epochs_weighted-loss' starting with model 'icarl' (seed 0)
Set seed 0
t2-rcn.npz train: x=(50362, 1024), y=(50362, 2)
t2-rcn.npz test: x=(16787, 1024), y=(16787, 2)
t2-rcn.npz: applied data scaling mode 'normalize'.
Loaded t2-rcn.npz: Unique train labels: UniqueCountsResult(values=array([-1,  3,  5, 10, 12, 15]), counts=array([24209,  5770,  3030,  2320,  7509,  7524]))
Noise labels ratio in t2-rcn.npz train: 0.24, test: 0.24
Loaded t2-rcn.npz: Remapped labels: [0 1 2 3 4 5]. Size: 50362)
t0-rcn.npz train: x=(51916, 1024), y=(51916, 2)
t0-rcn.npz test: x=(17305, 1024), y=(17305, 2)
t0-rcn.npz: applied data scaling mode 'normalize'.
Loaded t0-rcn.npz: Unique train labels: UniqueCountsResult(values=array([-1,  1,  8,  9, 11, 13, 14]), counts=array([24225,  4268,  2495,  2943,  3015,  7464,  7506]))
Noise labels ratio in t0-rcn.npz train: 0.23, test: 0.23
Loaded t0-rcn.npz: Remapped labels: [ 6  7  8  9 10 11 12]. Size: 51916)
t2-uclresm-25noise.npz train: moved sample axis (3, 350028, 1024) -> (350028, 3, 1024)
t2-uclresm-25noise.npz test: moved sample axis (3, 233351, 1024) -> (233351, 3, 1024)
t2-uclresm-25noise.npz train: x=(350028, 3, 1024), y=(350028,)
t2-uclresm-25noise.npz test: x=(233351, 3, 1024), y=(233351,)
t2-uclresm-25noise.npz: applied data scaling mode 'normalize'.
Loaded t2-uclresm-25noise.npz: Unique train labels: UniqueCountsResult(values=array([-1,  0,  1,  2,  3,  4]), counts=array([87441, 27347, 71754, 64298, 36005, 63183]))
Noise labels ratio in t2-uclresm-25noise.npz train: 0.25, test: 0.25
Loaded t2-uclresm-25noise.npz: Remapped labels: [13 14 15 16 17 18]. Size: 350028)
t0-deeprad.npz train: x=(24480, 1024), y=(24480, 2)
t0-deeprad.npz test: x=(8160, 1024), y=(8160, 2)
t0-deeprad.npz: applied data scaling mode 'normalize'.
Loaded t0-deeprad.npz: Unique train labels: UniqueCountsResult(values=array([-1,  0,  1,  2,  3,  4,  5]), counts=array([12240,  2029,  1983,  2043,  2154,  2015,  2016]))
Noise labels ratio in t0-deeprad.npz train: 0.25, test: 0.25
Loaded t0-deeprad.npz: Remapped labels: [19 20 21 22 23 24 25]. Size: 24480)
t1-deeprad.npz train: x=(24480, 1024), y=(24480, 2)
t1-deeprad.npz test: x=(8160, 1024), y=(8160, 2)
t1-deeprad.npz: applied data scaling mode 'normalize'.
Loaded t1-deeprad.npz: Unique train labels: UniqueCountsResult(values=array([-1,  0,  1,  2,  3,  4,  5]), counts=array([12240,  1988,  2029,  2054,  1988,  2053,  2128]))
Noise labels ratio in t1-deeprad.npz train: 0.25, test: 0.25
Loaded t1-deeprad.npz: Remapped labels: [26 27 28 29 30 31 32]. Size: 24480)
t1-uclresm-25noise.npz train: moved sample axis (3, 201410, 1024) -> (201410, 3, 1024)
t1-uclresm-25noise.npz test: moved sample axis (3, 116291, 1024) -> (116291, 3, 1024)
t1-uclresm-25noise.npz train: x=(201410, 3, 1024), y=(201410,)
t1-uclresm-25noise.npz test: x=(116291, 3, 1024), y=(116291,)
t1-uclresm-25noise.npz: applied data scaling mode 'normalize'.
Loaded t1-uclresm-25noise.npz: Unique train labels: UniqueCountsResult(values=array([-1,  0,  1,  2,  3,  4]), counts=array([43668, 18021, 17838, 18087, 31870, 71926]))
Noise labels ratio in t1-uclresm-25noise.npz train: 0.22, test: 0.25
Loaded t1-uclresm-25noise.npz: Remapped labels: [33 34 35 36 37 38]. Size: 201410)
t3-deeprad.npz train: x=(17340, 1024), y=(17340, 2)
t3-deeprad.npz test: x=(6800, 1024), y=(6800, 2)
t3-deeprad.npz: applied data scaling mode 'normalize'.
Loaded t3-deeprad.npz: Unique train labels: UniqueCountsResult(values=array([-1,  0,  1,  2,  3,  4]), counts=array([8670, 1693, 1677, 1794, 1716, 1790]))
Noise labels ratio in t3-deeprad.npz train: 0.25, test: 0.25
Loaded t3-deeprad.npz: Remapped labels: [39 40 41 42 43 44]. Size: 17340)
t0-uclresm-25noise.npz train: moved sample axis (3, 188050, 1024) -> (188050, 3, 1024)
t0-uclresm-25noise.npz test: moved sample axis (3, 107348, 1024) -> (107348, 3, 1024)
t0-uclresm-25noise.npz train: x=(188050, 3, 1024), y=(188050,)
t0-uclresm-25noise.npz test: x=(107348, 3, 1024), y=(107348,)
t0-uclresm-25noise.npz: applied data scaling mode 'normalize'.
Loaded t0-uclresm-25noise.npz: Unique train labels: UniqueCountsResult(values=array([-1,  0,  1,  2,  3,  4]), counts=array([40144, 32109, 17978, 17979, 18098, 61742]))
Noise labels ratio in t0-uclresm-25noise.npz train: 0.21, test: 0.25
Loaded t0-uclresm-25noise.npz: Remapped labels: [45 46 47 48 49 50]. Size: 188050)
t1-rcn.npz train: x=(36658, 1024), y=(36658, 2)
t1-rcn.npz test: x=(12220, 1024), y=(12220, 2)
t1-rcn.npz: applied data scaling mode 'normalize'.
Loaded t1-rcn.npz: Unique train labels: UniqueCountsResult(values=array([-1,  0,  2,  4,  6,  7, 16]), counts=array([20595,   824,  2087,  2606,  2396,  1716,  6434]))
Noise labels ratio in t1-rcn.npz train: 0.28, test: 0.28
Loaded t1-rcn.npz: Remapped labels: [51 52 53 54 55 56 57]. Size: 36658)
t2-deeprad.npz train: x=(17340, 1024), y=(17340, 2)
t2-deeprad.npz test: x=(6800, 1024), y=(6800, 2)
t2-deeprad.npz: applied data scaling mode 'normalize'.
Loaded t2-deeprad.npz: Unique train labels: UniqueCountsResult(values=array([-1,  0,  1,  2,  3,  4]), counts=array([8670, 1774, 1675, 1777, 1694, 1750]))
Noise labels ratio in t2-deeprad.npz train: 0.25, test: 0.25
Loaded t2-deeprad.npz: Remapped labels: [58 59 60 61 62 63]. Size: 17340)
Built classes_per_task: [6, 7, 6, 7, 7, 6, 6, 6, 7, 6]
Classes per task: [6, 7, 6, 7, 7, 6, 6, 6, 7, 6]
[STATE 2026-04-11 23:58:48] Loader 'task_incremental_loader' ready: 1024 inputs, 64 outputs, 10 tasks
n_outputs: 64 	n_tasks: 10
[STATE 2026-04-11 23:58:48] Logging to logs//icarl/full-tasks-2_all-10epochs_weighted-loss-2026-04-11_23-57-46-6907/0
5120 0.1 1.0 -1
True
Model device: cuda:0
[STATE 2026-04-11 23:58:48] Model initialized on device cuda:0
[STATE 2026-04-11 23:58:48] Invoking continual life experience flow
[STATE 2026-04-11 23:58:48] Life experience start: 10 tasks queued
Task 0: 50362 training samples, 16787 test samples.
[STATE 2026-04-11 23:58:48] Task 0: zero-shot validation (pre-train)
---- Zero-shot (pre-train) task 0: rec_cls 0.1175 | prec_cls 0.1336 | f1_cls 0.0961 | det 0.4550 | pfa 0.7831 | total_f1 0.0961 ----
[STATE 2026-04-11 23:58:54] Starting task 0 (1/10)
[STATE 2026-04-11 23:58:54] Task 0 Epoch 1/1: entering train loop
[STATE 2026-04-12 00:01:34] Task 0 Epoch 1/1: running validation (end of epoch)
---- Eval at Epoch 0: cls [0.8171414184332698] | det_recall [0.8719724812949122] | det_fa [0.23744119084621285] ----
T0 Ep 1/1 | L 1.0284 | Train Acc 0.58 | Prec 0.61 | F1 0.54 | Det Rec 0.80 | Det FA 0.32 | Epoch Time 166.03s (Eval 6.20s, Train 159.83s)
[STATE 2026-04-12 00:01:40] T0 Ep 1/1 complete: Prec 0.6060 F1 0.5443 DetRec 0.7989 DetFA 0.3164 | 166.03s total (6.20s eval/159.83s train)
[STATE 2026-04-12 00:01:40] Task 0: running final validation.
[STATE 2026-04-12 00:01:47] Completed task 0 (1/10)
Task 1: 51916 training samples, 17305 test samples.
[STATE 2026-04-12 00:01:47] Task 1: zero-shot validation (pre-train)
---- Zero-shot (pre-train) task 1: rec_cls 0.2737 | prec_cls 0.2548 | f1_cls 0.1437 | det 0.5000 | pfa 1.0000 | total_f1 0.4528 ----
[STATE 2026-04-12 00:01:59] Starting task 1 (2/10)
[STATE 2026-04-12 00:01:59] Task 1 Epoch 1/1: entering train loop
[STATE 2026-04-12 00:04:44] Task 1 Epoch 1/1: running validation (end of epoch)
---- Eval at Epoch 0: cls [0.17435403794235008, 0.7379885131648033] | det_recall [0.726471321106727, 0.717681782418209] | det_fa [0.21769141962865765, 0.5154830903572586] ----
T1 Ep 1/1 | L 1.5146 | Train Acc 0.60 | Prec 0.63 | F1 0.46 | Det Rec 0.60 | Det FA 0.74 | Epoch Time 177.10s (Eval 12.54s, Train 164.56s)
[STATE 2026-04-12 00:04:56] T1 Ep 1/1 complete: Prec 0.6312 F1 0.4645 DetRec 0.6046 DetFA 0.7384 | 177.10s total (12.54s eval/164.56s train)
[STATE 2026-04-12 00:04:56] Task 1: running final validation.
[STATE 2026-04-12 00:05:09] Completed task 1 (2/10)
Task 2: 350028 training samples, 175014 test samples.
[STATE 2026-04-12 00:05:10] Task 2: zero-shot validation (pre-train)
---- Zero-shot (pre-train) task 2: rec_cls 0.0052 | prec_cls 0.0694 | f1_cls 0.0734 | det 0.5012 | pfa 0.0255 | total_f1 0.3123 ----
[STATE 2026-04-12 00:06:24] Starting task 2 (3/10)
[STATE 2026-04-12 00:06:24] Task 2 Epoch 1/1: entering train loop
[STATE 2026-04-12 00:26:34] Task 2 Epoch 1/1: running validation (end of epoch)
---- Eval at Epoch 0: cls [0.07447323185273222, 0.24732011300835624, 0.5965859205846311] | det_recall [0.5938622802424978, 0.7097336876363247, 0.7969875053369949] | det_fa [0.2111336402114783, 0.4015733583121443, 0.36499507651632057] ----
T2 Ep 1/1 | L 1.6309 | Train Acc 0.40 | Prec 0.41 | F1 0.42 | Det Rec 0.77 | Det FA 0.39 | Epoch Time 1288.80s (Eval 78.30s, Train 1210.50s)
[STATE 2026-04-12 00:27:52] T2 Ep 1/1 complete: Prec 0.4101 F1 0.4198 DetRec 0.7725 DetFA 0.3914 | 1288.80s total (78.30s eval/1210.50s train)
[STATE 2026-04-12 00:27:52] Task 2: running final validation.
[STATE 2026-04-12 00:29:11] Completed task 2 (3/10)
Task 3: 24480 training samples, 8160 test samples.
[STATE 2026-04-12 00:29:11] Task 3: zero-shot validation (pre-train)
---- Zero-shot (pre-train) task 3: rec_cls 0.1266 | prec_cls 0.0435 | f1_cls 0.1669 | det 0.7620 | pfa 0.0330 | total_f1 0.2968 ----
[STATE 2026-04-12 00:30:32] Starting task 3 (4/10)
[STATE 2026-04-12 00:30:32] Task 3 Epoch 1/1: entering train loop
[STATE 2026-04-12 00:31:55] Task 3 Epoch 1/1: running validation (end of epoch)
---- Eval at Epoch 0: cls [0.020905833014824553, 0.1968248011798064, 0.33493469335304765, 0.5635227707101225] | det_recall [0.5333363612543374, 0.6640225035393792, 0.7250688405633944, 0.9956066753655378] | det_fa [0.03869701390769367, 0.43339355056469714, 0.43185152352126793, 0.00758212020056658] ----
T3 Ep 1/1 | L 1.5913 | Train Acc 0.47 | Prec 0.46 | F1 0.52 | Det Rec 0.99 | Det FA 0.01 | Epoch Time 163.83s (Eval 81.14s, Train 82.69s)
[STATE 2026-04-12 00:33:16] T3 Ep 1/1 complete: Prec 0.4643 F1 0.5213 DetRec 0.9862 DetFA 0.0062 | 163.83s total (81.14s eval/82.69s train)
[STATE 2026-04-12 00:33:16] Task 3: running final validation.
[STATE 2026-04-12 00:34:37] Completed task 3 (4/10)
Task 4: 24480 training samples, 8160 test samples.
[STATE 2026-04-12 00:34:37] Task 4: zero-shot validation (pre-train)
---- Zero-shot (pre-train) task 4: rec_cls 0.1198 | prec_cls 0.0852 | f1_cls 0.0527 | det 0.4998 | pfa 1.0000 | total_f1 0.2790 ----
[STATE 2026-04-12 00:36:01] Starting task 4 (5/10)
[STATE 2026-04-12 00:36:01] Task 4 Epoch 1/1: entering train loop
[STATE 2026-04-12 00:37:26] Task 4 Epoch 1/1: running validation (end of epoch)
---- Eval at Epoch 0: cls [0.006900593115603838, 0.17677227935212472, 0.2618312609950722, 0.4144099311983401, 0.3736970023489303] | det_recall [0.5169182345945373, 0.6451787038215999, 0.6132873207399047, 0.965980704369514, 1.0] | det_fa [0.012145723289652069, 0.40873463954058026, 0.6512696933109052, 0.0, 0.0] ----
T4 Ep 1/1 | L 1.7120 | Train Acc 0.33 | Prec 0.32 | F1 0.40 | Det Rec 0.99 | Det FA 0.03 | Epoch Time 168.37s (Eval 84.08s, Train 84.30s)
[STATE 2026-04-12 00:38:50] T4 Ep 1/1 complete: Prec 0.3199 F1 0.4034 DetRec 0.9853 DetFA 0.0289 | 168.37s total (84.08s eval/84.30s train)
[STATE 2026-04-12 00:38:50] Task 4: running final validation.
[STATE 2026-04-12 00:40:14] Completed task 4 (5/10)
Task 5: 201410 training samples, 100705 test samples.
[STATE 2026-04-12 00:40:14] Task 5: zero-shot validation (pre-train)
---- Zero-shot (pre-train) task 5: rec_cls 0.2003 | prec_cls 0.0930 | f1_cls 0.0797 | det 0.5000 | pfa 1.0000 | total_f1 0.2667 ----
[STATE 2026-04-12 00:42:16] Starting task 5 (6/10)
[STATE 2026-04-12 00:42:16] Task 5 Epoch 1/1: entering train loop
[STATE 2026-04-12 00:54:33] Task 5 Epoch 1/1: running validation (end of epoch)
---- Eval at Epoch 0: cls [0.0027386390943376308, 0.10864680229784605, 0.18584247186729475, 0.17489765441361965, 0.19672677569575975, 0.7440723717591428] | det_recall [0.512175092074003, 0.5755984053621287, 0.6488500520813343, 0.8640442970859049, 1.0, 0.8414688159158767] | det_fa [0.009681177237253823, 0.40733608818741285, 0.47291530357962186, 0.030429699748673943, 0.0, 0.28845262891205636] ----
T5 Ep 1/1 | L 1.2417 | Train Acc 0.64 | Prec 0.64 | F1 0.62 | Det Rec 0.81 | Det FA 0.34 | Epoch Time 858.60s (Eval 121.83s, Train 736.77s)
[STATE 2026-04-12 00:56:35] T5 Ep 1/1 complete: Prec 0.6430 F1 0.6186 DetRec 0.8055 DetFA 0.3396 | 858.60s total (121.83s eval/736.77s train)
[STATE 2026-04-12 00:56:35] Task 5: running final validation.
[STATE 2026-04-12 00:58:36] Completed task 5 (6/10)
Task 6: 17340 training samples, 6800 test samples.
[STATE 2026-04-12 00:58:36] Task 6: zero-shot validation (pre-train)
---- Zero-shot (pre-train) task 6: rec_cls 0.1881 | prec_cls 0.1521 | f1_cls 0.0688 | det 0.4870 | pfa 1.0000 | total_f1 0.2545 ----
[STATE 2026-04-12 01:00:40] Starting task 6 (7/10)
[STATE 2026-04-12 01:00:40] Task 6 Epoch 1/1: entering train loop
[STATE 2026-04-12 01:01:43] Task 6 Epoch 1/1: running validation (end of epoch)
---- Eval at Epoch 0: cls [0.004066698564134998, 0.08813798113477576, 0.1450026254119519, 0.17661595952723128, 0.1395809672108374, 0.40580026298788013, 0.5283737273797827] | det_recall [0.5135717691188656, 0.5984697628448504, 0.5878103457852667, 0.8175868640999043, 1.0, 0.6034906439253256, 1.0] | det_fa [0.011120018809790237, 0.2912820996953808, 0.46893886701058374, 0.11245487413628805, 0.0, 0.7407652383378078, 0.0] ----
T6 Ep 1/1 | L 1.8460 | Train Acc 0.45 | Prec 0.43 | F1 0.51 | Det Rec 0.98 | Det FA 0.05 | Epoch Time 187.27s (Eval 124.45s, Train 62.82s)
[STATE 2026-04-12 01:03:47] T6 Ep 1/1 complete: Prec 0.4322 F1 0.5122 DetRec 0.9756 DetFA 0.0484 | 187.27s total (124.45s eval/62.82s train)
[STATE 2026-04-12 01:03:47] Task 6: running final validation.
[STATE 2026-04-12 01:05:52] Completed task 6 (7/10)
Task 7: 188050 training samples, 94025 test samples.
[STATE 2026-04-12 01:05:52] Task 7: zero-shot validation (pre-train)
---- Zero-shot (pre-train) task 7: rec_cls 0.1933 | prec_cls 0.1341 | f1_cls 0.0738 | det 0.5000 | pfa 1.0000 | total_f1 0.2433 ----
[STATE 2026-04-12 01:08:32] Starting task 7 (8/10)
[STATE 2026-04-12 01:08:32] Task 7 Epoch 1/1: entering train loop
[STATE 2026-04-12 01:20:24] Task 7 Epoch 1/1: running validation (end of epoch)
---- Eval at Epoch 0: cls [0.0026365048054096756, 0.09711092040905617, 0.14073416203346167, 0.11150288426620833, 0.14819701887528108, 0.28183821743301507, 0.3600047156917066, 0.7462959036365421] | det_recall [0.5025393593809121, 0.563639135687551, 0.6043679619116021, 0.3606316067169723, 0.9791516715975682, 0.4987606296306959, 0.9951133252224835, 0.8074017279266691] | det_fa [0.015620233287603017, 0.35688685279266785, 0.4353753266329509, 0.8563467347323876, 0.0, 0.9216700247098218, 0.0, 0.34823643163932766] ----
T7 Ep 1/1 | L 1.1900 | Train Acc 0.65 | Prec 0.66 | F1 0.63 | Det Rec 0.79 | Det FA 0.35 | Epoch Time 871.22s (Eval 159.32s, Train 711.90s)
[STATE 2026-04-12 01:23:03] T7 Ep 1/1 complete: Prec 0.6626 F1 0.6291 DetRec 0.7906 DetFA 0.3489 | 871.22s total (159.32s eval/711.90s train)
[STATE 2026-04-12 01:23:03] Task 7: running final validation.
[STATE 2026-04-12 01:25:42] Completed task 7 (8/10)
Task 8: 36658 training samples, 12220 test samples.
[STATE 2026-04-12 01:25:42] Task 8: zero-shot validation (pre-train)
---- Zero-shot (pre-train) task 8: rec_cls 0.1718 | prec_cls 0.0825 | f1_cls 0.0309 | det 0.5001 | pfa 0.9999 | total_f1 0.2396 ----
[STATE 2026-04-12 01:28:26] Starting task 8 (9/10)
[STATE 2026-04-12 01:28:26] Task 8 Epoch 1/1: entering train loop
[STATE 2026-04-12 01:30:40] Task 8 Epoch 1/1: running validation (end of epoch)
---- Eval at Epoch 0: cls [0.0013651024393259831, 0.09981589685816193, 0.13490262649737447, 0.15915548993665946, 0.14634184083038904, 0.2248443658182837, 0.33969719405481225, 0.39326204628896233, 0.7471240536596665] | det_recall [0.49489456241094776, 0.588580572976513, 0.5829747263886408, 0.340539077784351, 0.9746366195702578, 0.4780337908968135, 0.9719672474007274, 0.5329836666635857, 0.778189256414178] | det_fa [0.01578418398514414, 0.28795069992500943, 0.4290418382390089, 0.9867572777868269, 0.0, 0.97825413035523, 0.0, 0.9291393815547468, 0.42615341807027773] ----
T8 Ep 1/1 | L 1.7610 | Train Acc 0.60 | Prec 0.58 | F1 0.45 | Det Rec 0.70 | Det FA 0.55 | Epoch Time 297.91s (Eval 163.79s, Train 134.11s)
[STATE 2026-04-12 01:33:24] T8 Ep 1/1 complete: Prec 0.5837 F1 0.4542 DetRec 0.7043 DetFA 0.5497 | 297.91s total (163.79s eval/134.11s train)
[STATE 2026-04-12 01:33:24] Task 8: running final validation.
[STATE 2026-04-12 01:36:08] Completed task 8 (9/10)
Task 9: 17340 training samples, 6800 test samples.
[STATE 2026-04-12 01:36:08] Task 9: zero-shot validation (pre-train)
---- Zero-shot (pre-train) task 9: rec_cls 0.2270 | prec_cls 0.1871 | f1_cls 0.0753 | det 0.5000 | pfa 1.0000 | total_f1 0.2359 ----
[STATE 2026-04-12 01:38:54] Starting task 9 (10/10)
[STATE 2026-04-12 01:38:54] Task 9 Epoch 1/1: entering train loop
[STATE 2026-04-12 01:40:00] Task 9 Epoch 1/1: running validation (end of epoch)
---- Eval at Epoch 0: cls [0.005776932605567752, 0.09498344166658532, 0.13076215342480846, 0.1838232059518147, 0.18301601206022128, 0.20386391065076181, 0.3301258159096049, 0.29032670214863004, 0.356674033683809, 0.4214966640871806] | det_recall [0.5079746380804429, 0.5673857650979758, 0.5903436977056249, 0.3465379273389281, 0.9990962180200222, 0.4937238724208388, 0.9848445220033362, 0.4979599636505261, 0.7377559290336432, 1.0] | det_fa [0.019527337416718023, 0.30517918007804773, 0.41778788154459173, 0.9868393788158861, 0.0, 0.9968586243424203, 0.002365386887729954, 0.9971848139274792, 0.26319729089791644, 0.0] ----
T9 Ep 1/1 | L 1.5758 | Train Acc 0.40 | Prec 0.39 | F1 0.48 | Det Rec 0.98 | Det FA 0.04 | Epoch Time 233.85s (Eval 168.06s, Train 65.79s)
[STATE 2026-04-12 01:42:48] T9 Ep 1/1 complete: Prec 0.3905 F1 0.4752 DetRec 0.9795 DetFA 0.0410 | 233.85s total (168.06s eval/65.79s train)
[STATE 2026-04-12 01:42:48] Task 9: running final validation.
[STATE 2026-04-12 01:45:34] Completed task 9 (10/10)
####Final Validation Accuracy####
Final Results:- 
 Total Recall: 0.2191543376410455 
 Individual Recall: [0.005259549039583618, 0.09404801842512539, 0.1316631298405837, 0.18605092166286377, 0.17759109997294045, 0.20423337301397013, 0.32525327156654493, 0.2893285386127401, 0.3501281911991228, 0.42798728307698014]
Final Detection Results:- 
 Total Detection: 0.6724464722625625 
 Individual Detection: [0.5056207293220157, 0.5612165699273637, 0.5912927003125424, 0.3484251913652673, 0.9994112745084897, 0.49326974400141754, 0.9866121265180883, 0.4981489998637452, 0.740467386806695, 1.0]
Final Detection False Alarm:- 
 Total False Alarm: 0.39889035958570634 
 Individual False Alarm: [0.020411729317801514, 0.3110713007320343, 0.41739669149676706, 0.9846354096769441, 0.0, 0.9964901000834183, 0.0016529567716796459, 0.9969677183694101, 0.26027768940900814, 0.0]
SUMMARY_TR cls_rec=0.5120 cls_prec=0.5130 cls_f1=0.5030 det=0.6726 fa=0.3989
SUMMARY_TE cls_rec=0.2192 cls_prec=0.2891 cls_f1=0.2384 det=0.6724 fa=0.3989
[STATE 2026-04-12 01:45:34] Saving results to logs//icarl/full-tasks-2_all-10epochs_weighted-loss-2026-04-11_23-57-46-6907/0/results
Model size: 0.0289 GB
Memory buffer size: 0.0000 GB
logs//icarl/full-tasks-2_all-10epochs_weighted-loss-2026-04-11_23-57-46-6907/0/results: {'expt_name': 'full-tasks-2_all-10epochs_weighted-loss', 'model': 'icarl', 'arch': 'resnet1d', 'n_hiddens': 100, 'n_layers': 2, 'xav_init': False, 'debug': False, 'use_detector_arch': False, 'inner_steps': 2, 'n_epochs': 1, 'batch_size': 256, 'replay_batch_size': 128, 'memories': 5120, 'lr': 0.001, 'optimizer': 'sgd', 'class_weighted_ce': True, 'cuda': True, 'seed': 0, 'log_every': 10, 'log_dir': 'logs//icarl/full-tasks-2_all-10epochs_weighted-loss-2026-04-11_23-57-46-6907/0', 'tf_dir': 'logs//icarl/full-tasks-2_all-10epochs_weighted-loss-2026-04-11_23-57-46-6907/0/tfdir', 'calc_test_accuracy': False, 'state_logging': True, 'data_path': 'data/rff/radar/full', 'task_order_files': 't2-rcn,t0-rcn,t2-uclresm-25noise,t0-deeprad,t1-deeprad,t1-uclresm-25noise,t3-deeprad,t0-uclresm-25noise,t1-rcn,t2-deeprad', 'loader': 'task_incremental_loader', 'samples_per_task': -1, 'shuffle_tasks': False, 'classes_per_it': 6, 'iterations': 5000, 'dataset': 'iq', 'workers': 0, 'validation': 0.5, 'data_scaling': 'normalize', 'use_iq_aug_features': False, 'iq_aug_feature_type': 'power', 'class_order': 'random', 'increment': 5, 'test_batch_size': 512, 'nc_per_task': None, 'nc_per_task_list': '', 'val_rate': 1000, 'opt_lr': 0.1, 'opt_wt': 0.1, 'alpha_init': 0.001, 'learn_lr': False, 'sync_update': False, 'grad_clip_norm': 5.0, 'meta_batches': 3, 'use_old_task_memory': False, 'second_order': False, 'n_memories': 5120, 'memory_strength': 0.1, 'steps_per_sample': 1, 'bgd_optimizer': 'sgd', 'optimizer_params': '{}', 'train_mc_iters': 5, 'std_init': 0.05, 'mean_eta': 1, 'fisher_gamma': 0.95, 'rln': 7, 'meta_lr': 0.001, 'update_lr': 0.1, 'ctx_lr': 0.05, 'n_meta': 1, 'temperature': 5.0, 'task_emb': 64, 'classes_per_task': [6, 7, 6, 7, 7, 6, 6, 6, 7, 6], 'get_samples_per_task': <bound method IncrementalLoader.get_samples_per_task of <dataloaders.task_incremental_loader.IncrementalLoader object at 0x74b39327f140>>} # val: 0.626 0.219 -0.407 0.000 # sizes: model_gb=0.0289 mem_gb=0.0000 # 6406.445070266724
[STATE 2026-04-12 01:45:35] results.pt components (approx): state_dict 29.6 MB, result_val_t 0.1 KB, result_val_a 0.8 KB
[STATE 2026-04-12 01:45:35] Results saved; total runtime 1.78h
Total runtime: 1.78 hours
