[2026-04-25T18:05:16+01:00] === full_experiments.sh started ===
[2026-04-25T18:05:16+01:00] REPO_ROOT=/home/lunet/wsmr11/repos/La-MAML
[2026-04-25T18:05:16+01:00] LOG_FILE=/home/lunet/wsmr11/repos/La-MAML/logs/full_experiments/run_20260425_180516_lnx-elkk-2/full_experiments_20260425_180516.log
[2026-04-25T18:05:16+01:00] INCLUDED_ALL=ewc er_ring eralg4 gem cmaml bcl_dual agem icarl lwf rwalk si ucl la-er lamaml smaml hat packnet ctn
[2026-04-25T18:05:16+01:00] Activated la-maml_env
[2026-04-25T18:05:16+01:00] Using SERIAL_PROBE_JSON_PATH=logs/eta_probe/eta_probe_elkk-1-algos_10-iter_avg-util-2.json
[2026-04-25T18:05:16+01:00] Using SCHEDULE_JSON_PATH=logs/eta_probe/full_experiments_host_schedule_til.json
[2026-04-25T18:05:16+01:00] HOST_KEY=lnx-elkk-2
[2026-04-25T18:05:16+01:00] MODEL_MODE=til
[2026-04-25T18:05:16+01:00] Reusing existing schedule JSON.
[2026-04-25T18:05:16+01:00] Estimated time saved (parallel vs serial): 56.302443522360534%
[2026-04-25T18:05:16+01:00] QUEUE_HIGH count=5: ucl er_ring rwalk packnet lwf
[2026-04-25T18:05:16+01:00] QUEUE_LOW  count=4: gem ctn lamaml smaml
[2026-04-25T18:05:16+01:00] === Queue phase on lnx-elkk-2 (util high/low) ===
[2026-04-25T18:05:16+01:00] --- Dispatching: base + ucl + ucl.yaml (job log: /home/lunet/wsmr11/repos/La-MAML/logs/full_experiments/run_20260425_180516_lnx-elkk-2/job_logs/job_ucl_20260425_180516_293274887.log) ---
[2026-04-25T18:05:16+01:00] START ucl
[2026-04-25T18:05:16+01:00] --- Dispatching: base + gem + gem.yaml (job log: /home/lunet/wsmr11/repos/La-MAML/logs/full_experiments/run_20260425_180516_lnx-elkk-2/job_logs/job_gem_20260425_180516_299400195.log) ---
[2026-04-25T18:05:16+01:00] START gem
[2026-04-25T21:28:08+01:00] Completed: ucl (exit 0)
[2026-04-25T21:28:08+01:00] --- Dispatching: base + er_ring + er_ring.yaml (job log: /home/lunet/wsmr11/repos/La-MAML/logs/full_experiments/run_20260425_180516_lnx-elkk-2/job_logs/job_er_ring_20260425_212808_794566339.log) ---
[2026-04-25T21:28:08+01:00] START er_ring
[2026-04-26T03:04:37+01:00] Completed: er_ring (exit 0)
[2026-04-26T03:04:38+01:00] --- Dispatching: base + rwalk + rwalk.yaml (job log: /home/lunet/wsmr11/repos/La-MAML/logs/full_experiments/run_20260425_180516_lnx-elkk-2/job_logs/job_rwalk_20260426_030438_337522282.log) ---
[2026-04-26T03:04:38+01:00] START rwalk
[2026-04-26T06:36:49+01:00] Completed: rwalk (exit 0)
[2026-04-26T06:36:49+01:00] --- Dispatching: base + packnet + packnet.yaml (job log: /home/lunet/wsmr11/repos/La-MAML/logs/full_experiments/run_20260425_180516_lnx-elkk-2/job_logs/job_packnet_20260426_063649_987242099.log) ---
[2026-04-26T06:36:49+01:00] START packnet
[2026-04-26T12:00:33+01:00] Completed: packnet (exit 0)
[2026-04-26T12:00:34+01:00] --- Dispatching: base + lwf + lwf.yaml (job log: /home/lunet/wsmr11/repos/La-MAML/logs/full_experiments/run_20260425_180516_lnx-elkk-2/job_logs/job_lwf_20260426_120034_186695368.log) ---
[2026-04-26T12:00:34+01:00] START lwf
[2026-04-26T12:39:55+01:00] Completed: gem (exit 0)
[2026-04-26T12:39:55+01:00] --- Dispatching: base + ctn + ctn.yaml (job log: /home/lunet/wsmr11/repos/La-MAML/logs/full_experiments/run_20260425_180516_lnx-elkk-2/job_logs/job_ctn_20260426_123955_860866312.log) ---
[2026-04-26T12:39:55+01:00] START ctn
[2026-04-26T15:34:11+01:00] Completed: lwf (exit 0)
[2026-04-26T19:47:15+01:00] Completed: ctn (exit 0)
[2026-04-26T19:47:16+01:00] --- Dispatching: base + lamaml + lamaml.yaml (job log: /home/lunet/wsmr11/repos/La-MAML/logs/full_experiments/run_20260425_180516_lnx-elkk-2/job_logs/job_lamaml_20260426_194716_429973813.log) ---
[2026-04-26T19:47:16+01:00] START lamaml
[2026-04-27T14:26:35+01:00] Completed: lamaml (exit 0)
[2026-04-27T14:26:35+01:00] --- Dispatching: base + smaml + smaml.yaml (job log: /home/lunet/wsmr11/repos/La-MAML/logs/full_experiments/run_20260425_180516_lnx-elkk-2/job_logs/job_smaml_20260427_142635_744149614.log) ---
[2026-04-27T14:26:35+01:00] START smaml
[2026-04-28T09:01:44+01:00] Completed: smaml (exit 0)
[2026-04-28T09:01:44+01:00] === full_experiments.sh finished: successful_runs=9 unsuccessful_runs=0 total_runtime=62:56:28 (226588s) ===
