[2026-05-30T11:59:14+01:00] === full_experiments.sh started ===
[2026-05-30T11:59:14+01:00] REPO_ROOT=/home/lunet/wsmr11/repos/La-MAML
[2026-05-30T11:59:14+01:00] LOG_FILE=/home/lunet/wsmr11/repos/La-MAML/logs/full_experiments/run_20260530_115914_lnx-elkk-1_seed_55/full_experiments_20260530_115914.log
[2026-05-30T11:59:14+01:00] INCLUDED_ALL=ewc er_ring eralg4 gem cmaml bcl_dual agem icarl lwf rwalk si ucl la-er lamaml smaml iid2 hat packnet ctn
[2026-05-30T11:59:14+01:00] EXPERIMENT_DESC=seed_55
[2026-05-30T11:59:14+01:00] PASSTHROUGH_ARGS=--seed 55
[2026-05-30T11:59:14+01:00] ONE_SHOT=1 (main.py runs use --n_epochs 1 --inner_steps 2)
[2026-05-30T11:59:14+01:00] Activated la-maml_env
[2026-05-30T11:59:14+01:00] Using SERIAL_PROBE_JSON_PATH=logs/eta_probe/eta_probe_elkk-1-algos_10-iter_avg-util-2.json
[2026-05-30T11:59:14+01:00] Using SCHEDULE_JSON_PATH=logs/eta_probe/three_host_schedule_cil.json
[2026-05-30T11:59:14+01:00] HOST_KEY=lnx-elkk-1
[2026-05-30T11:59:14+01:00] MODEL_MODE=cil
[2026-05-30T11:59:14+01:00] Reusing existing schedule JSON.
[2026-05-30T11:59:14+01:00] Estimated time saved (parallel vs serial): 61.13172541743971%
[2026-05-30T11:59:14+01:00] QUEUE_HIGH count=3: ewc gem agem
[2026-05-30T11:59:14+01:00] QUEUE_LOW  count=2: lamaml cmaml
[2026-05-30T11:59:14+01:00] === Queue phase on lnx-elkk-1 (util high/low) ===
[2026-05-30T11:59:14+01:00] --- Dispatching: base + ewc + ewc.yaml (job log: /home/lunet/wsmr11/repos/La-MAML/logs/full_experiments/run_20260530_115914_lnx-elkk-1_seed_55/job_logs/job_ewc_20260530_115914_488066039.log) ---
[2026-05-30T11:59:14+01:00] START ewc
[2026-05-30T11:59:14+01:00] --- Dispatching: base + lamaml + lamaml.yaml (job log: /home/lunet/wsmr11/repos/La-MAML/logs/full_experiments/run_20260530_115914_lnx-elkk-1_seed_55/job_logs/job_lamaml_20260530_115914_502934955.log) ---
[2026-05-30T11:59:14+01:00] START lamaml
[2026-05-30T15:27:26+01:00] Completed: ewc (exit 0)
[2026-05-30T15:27:26+01:00] --- Dispatching: base + gem + gem.yaml (job log: /home/lunet/wsmr11/repos/La-MAML/logs/full_experiments/run_20260530_115914_lnx-elkk-1_seed_55/job_logs/job_gem_20260530_152726_782975788.log) ---
[2026-05-30T15:27:26+01:00] START gem
[2026-05-30T19:35:20+01:00] Completed: gem (exit 0)
[2026-05-30T19:35:20+01:00] --- Dispatching: base + agem + agem.yaml (job log: /home/lunet/wsmr11/repos/La-MAML/logs/full_experiments/run_20260530_115914_lnx-elkk-1_seed_55/job_logs/job_agem_20260530_193520_698713725.log) ---
[2026-05-30T19:35:20+01:00] START agem
[2026-05-30T23:49:38+01:00] Completed: agem (exit 0)
[2026-05-31T00:51:39+01:00] Completed: lamaml (exit 0)
[2026-05-31T00:51:40+01:00] --- Dispatching: base + cmaml + cmaml.yaml (job log: /home/lunet/wsmr11/repos/La-MAML/logs/full_experiments/run_20260530_115914_lnx-elkk-1_seed_55/job_logs/job_cmaml_20260531_005140_202133316.log) ---
[2026-05-31T00:51:40+01:00] START cmaml
[2026-05-31T05:34:56+01:00] Completed: cmaml (exit 0)
[2026-06-01T14:34:22+01:00] --- Dispatching: base + er_ring + er_ring.yaml (job log: /home/lunet/wsmr11/repos/La-MAML/logs/full_experiments/run_20260601_143422_lnx-elkk-1_seed_55/job_logs/job_er_ring_20260601_143422_810223103.log) ---
[2026-06-01T14:34:22+01:00] START er_ring
[2026-06-01T17:11:15+01:00] Completed: er_ring (exit 0)
[2026-06-01T17:11:15+01:00] --- Dispatching: base + eralg4 + eralg4.yaml (job log: /home/lunet/wsmr11/repos/La-MAML/logs/full_experiments/run_20260601_143422_lnx-elkk-1_seed_55/job_logs/job_eralg4_20260601_171115_465372007.log) ---
[2026-06-01T17:11:15+01:00] START eralg4
[2026-06-01T20:25:14+01:00] Completed: eralg4 (exit 0)
[2026-05-31T05:34:56+01:00] === full_experiments.sh finished: successful_runs=5 unsuccessful_runs=0 total_runtime=17:35:42 (63342s) ===
