[STATE 2026-04-29 17:46:14] Enabling terminal logging to logs//er_ring/full-tasks_CIL_all-2026-04-29_17-46-14-7700/0/terminal.log
New Experiment Starting...
Running model:  er_ring
[STATE 2026-04-29 17:46:14] Experiment 'full-tasks_CIL_all' starting with model 'er_ring' (seed 0)
Set seed 0
t2-rcn.npz train: x=(50362, 1024), y=(50362, 2)
t2-rcn.npz test: x=(16787, 1024), y=(16787, 2)
t2-rcn.npz: applied data scaling mode 'normalize'.
Loaded t2-rcn.npz: Unique train labels: UniqueCountsResult(values=array([-1,  3,  5, 10, 12, 15]), counts=array([24209,  5770,  3030,  2320,  7509,  7524]))
Noise labels ratio in t2-rcn.npz train: 0.24, test: 0.24
Loaded t2-rcn.npz: Remapped labels: [-1  0  1  2  3  4]. Size: 50362)
t0-rcn.npz train: x=(51916, 1024), y=(51916, 2)
t0-rcn.npz test: x=(17305, 1024), y=(17305, 2)
t0-rcn.npz: applied data scaling mode 'normalize'.
Loaded t0-rcn.npz: Unique train labels: UniqueCountsResult(values=array([-1,  1,  8,  9, 11, 13, 14]), counts=array([24225,  4268,  2495,  2943,  3015,  7464,  7506]))
Noise labels ratio in t0-rcn.npz train: 0.23, test: 0.23
Loaded t0-rcn.npz: Remapped labels: [-1  5  6  7  8  9 10]. Size: 51916)
t2-uclresm-25noise.npz train: moved sample axis (3, 350028, 1024) -> (350028, 3, 1024)
t2-uclresm-25noise.npz test: moved sample axis (3, 233351, 1024) -> (233351, 3, 1024)
t2-uclresm-25noise.npz train: x=(350028, 3, 1024), y=(350028,)
t2-uclresm-25noise.npz test: x=(233351, 3, 1024), y=(233351,)
t2-uclresm-25noise.npz: applied data scaling mode 'normalize'.
Loaded t2-uclresm-25noise.npz: Unique train labels: UniqueCountsResult(values=array([-1,  0,  1,  2,  3,  4]), counts=array([87441, 27347, 71754, 64298, 36005, 63183]))
Noise labels ratio in t2-uclresm-25noise.npz train: 0.25, test: 0.25
Loaded t2-uclresm-25noise.npz: Remapped labels: [-1 11 12 13 14 15]. Size: 350028)
t0-deeprad.npz train: x=(24480, 1024), y=(24480, 2)
t0-deeprad.npz test: x=(8160, 1024), y=(8160, 2)
t0-deeprad.npz: applied data scaling mode 'normalize'.
Loaded t0-deeprad.npz: Unique train labels: UniqueCountsResult(values=array([-1,  0,  1,  2,  3,  4,  5]), counts=array([12240,  2029,  1983,  2043,  2154,  2015,  2016]))
Noise labels ratio in t0-deeprad.npz train: 0.25, test: 0.25
Loaded t0-deeprad.npz: Remapped labels: [-1 16 17 18 19 20 21]. Size: 24480)
t1-deeprad.npz train: x=(24480, 1024), y=(24480, 2)
t1-deeprad.npz test: x=(8160, 1024), y=(8160, 2)
t1-deeprad.npz: applied data scaling mode 'normalize'.
Loaded t1-deeprad.npz: Unique train labels: UniqueCountsResult(values=array([-1,  0,  1,  2,  3,  4,  5]), counts=array([12240,  1988,  2029,  2054,  1988,  2053,  2128]))
Noise labels ratio in t1-deeprad.npz train: 0.25, test: 0.25
Loaded t1-deeprad.npz: Remapped labels: [-1 22 23 24 25 26 27]. Size: 24480)
t1-uclresm-25noise.npz train: moved sample axis (3, 201410, 1024) -> (201410, 3, 1024)
t1-uclresm-25noise.npz test: moved sample axis (3, 116291, 1024) -> (116291, 3, 1024)
t1-uclresm-25noise.npz train: x=(201410, 3, 1024), y=(201410,)
t1-uclresm-25noise.npz test: x=(116291, 3, 1024), y=(116291,)
t1-uclresm-25noise.npz: applied data scaling mode 'normalize'.
Loaded t1-uclresm-25noise.npz: Unique train labels: UniqueCountsResult(values=array([-1,  0,  1,  2,  3,  4]), counts=array([43668, 18021, 17838, 18087, 31870, 71926]))
Noise labels ratio in t1-uclresm-25noise.npz train: 0.22, test: 0.25
Loaded t1-uclresm-25noise.npz: Remapped labels: [-1 28 29 30 31 32]. Size: 201410)
t3-deeprad.npz train: x=(17340, 1024), y=(17340, 2)
t3-deeprad.npz test: x=(6800, 1024), y=(6800, 2)
t3-deeprad.npz: applied data scaling mode 'normalize'.
Loaded t3-deeprad.npz: Unique train labels: UniqueCountsResult(values=array([-1,  0,  1,  2,  3,  4]), counts=array([8670, 1693, 1677, 1794, 1716, 1790]))
Noise labels ratio in t3-deeprad.npz train: 0.25, test: 0.25
Loaded t3-deeprad.npz: Remapped labels: [-1 33 34 35 36 37]. Size: 17340)
t0-uclresm-25noise.npz train: moved sample axis (3, 188050, 1024) -> (188050, 3, 1024)
t0-uclresm-25noise.npz test: moved sample axis (3, 107348, 1024) -> (107348, 3, 1024)
t0-uclresm-25noise.npz train: x=(188050, 3, 1024), y=(188050,)
t0-uclresm-25noise.npz test: x=(107348, 3, 1024), y=(107348,)
t0-uclresm-25noise.npz: applied data scaling mode 'normalize'.
Loaded t0-uclresm-25noise.npz: Unique train labels: UniqueCountsResult(values=array([-1,  0,  1,  2,  3,  4]), counts=array([40144, 32109, 17978, 17979, 18098, 61742]))
Noise labels ratio in t0-uclresm-25noise.npz train: 0.21, test: 0.25
Loaded t0-uclresm-25noise.npz: Remapped labels: [-1 38 39 40 41 42]. Size: 188050)
t1-rcn.npz train: x=(36658, 1024), y=(36658, 2)
t1-rcn.npz test: x=(12220, 1024), y=(12220, 2)
t1-rcn.npz: applied data scaling mode 'normalize'.
Loaded t1-rcn.npz: Unique train labels: UniqueCountsResult(values=array([-1,  0,  2,  4,  6,  7, 16]), counts=array([20595,   824,  2087,  2606,  2396,  1716,  6434]))
Noise labels ratio in t1-rcn.npz train: 0.28, test: 0.28
Loaded t1-rcn.npz: Remapped labels: [-1 43 44 45 46 47 48]. Size: 36658)
t2-deeprad.npz train: x=(17340, 1024), y=(17340, 2)
t2-deeprad.npz test: x=(6800, 1024), y=(6800, 2)
t2-deeprad.npz: applied data scaling mode 'normalize'.
Loaded t2-deeprad.npz: Unique train labels: UniqueCountsResult(values=array([-1,  0,  1,  2,  3,  4]), counts=array([8670, 1774, 1675, 1777, 1694, 1750]))
Noise labels ratio in t2-deeprad.npz train: 0.25, test: 0.25
Loaded t2-deeprad.npz: Remapped labels: [-1 49 50 51 52 53]. Size: 17340)
Built IQ classes_per_task (increments): [5, 6, 5, 6, 6, 5, 5, 5, 6, 5]
Classes per task: [5, 6, 5, 6, 6, 5, 5, 5, 6, 5]
[STATE 2026-04-29 17:47:21] Loader 'class_incremental_loader' ready: 1024 inputs, 55 outputs, 10 tasks
n_outputs: 55 	n_tasks: 10
[STATE 2026-04-29 17:47:21] Logging to logs//er_ring/full-tasks_CIL_all-2026-04-29_17-46-14-7700/0
True
Model device: cuda:0
[STATE 2026-04-29 17:47:21] Model initialized on device cuda:0
[STATE 2026-04-29 17:47:21] Invoking continual life experience flow
[STATE 2026-04-29 17:47:21] Life experience start: 10 tasks queued
[STATE 2026-04-29 17:47:21] Legacy epoch behavior enabled: using n_epochs=10 for all tasks
[STATE 2026-04-29 17:47:21] Task 0: zero-shot validation (pre-train)
---- Zero-shot (pre-train) task 0: rec_cls 0.0002 | prec_cls 0.0061 | f1_cls 0.1062 | det 0.4988 | pfa 0.0663 | total_f1 0.1062 ----
[STATE 2026-04-29 17:47:27] Starting task 0 (1/10)
[STATE 2026-04-29 17:47:27] Task 0 Epoch 1/10: entering train loop
[STATE 2026-04-29 17:48:00] Task 0 Epoch 1/10: running validation (end of epoch)
---- Eval at Epoch 0: cls [0.8382157562249793] | det_recall [0.8833892239061077] | det_fa [0.20150854659582176] ----
T0 Ep 1/10 | L 0.8954 | Train Acc 0.66 | Prec 0.67 | F1 0.61 | Det Rec 0.82 | Det FA 0.30 | Epoch Time 38.23s (Eval 5.59s, Train 32.63s)
[STATE 2026-04-29 17:48:05] T0 Ep 1/10 complete: Prec 0.6650 F1 0.6065 DetRec 0.8198 DetFA 0.3034 | 38.23s total (5.59s eval/32.63s train)
[STATE 2026-04-29 17:48:05] Task 0 Epoch 2/10: entering train loop
T0 Ep 2/10 | L 0.4416 | Train Acc 0.86 | Prec 0.87 | F1 0.80 | Det Rec 0.88 | Det FA 0.22 | Epoch Time 35.60s (Eval 0.00s, Train 35.60s)
[STATE 2026-04-29 17:48:41] T0 Ep 2/10 complete: Prec 0.8726 F1 0.8003 DetRec 0.8787 DetFA 0.2229 | 35.60s total (0.00s eval/35.60s train)
[STATE 2026-04-29 17:48:41] Task 0 Epoch 3/10: entering train loop
T0 Ep 3/10 | L 0.3714 | Train Acc 0.88 | Prec 0.89 | F1 0.82 | Det Rec 0.88 | Det FA 0.21 | Epoch Time 37.53s (Eval 0.00s, Train 37.53s)
[STATE 2026-04-29 17:49:18] T0 Ep 3/10 complete: Prec 0.8934 F1 0.8225 DetRec 0.8837 DetFA 0.2132 | 37.53s total (0.00s eval/37.53s train)
[STATE 2026-04-29 17:49:18] Task 0 Epoch 4/10: entering train loop
T0 Ep 4/10 | L 0.3410 | Train Acc 0.90 | Prec 0.91 | F1 0.83 | Det Rec 0.88 | Det FA 0.22 | Epoch Time 37.55s (Eval 0.00s, Train 37.55s)
[STATE 2026-04-29 17:49:56] T0 Ep 4/10 complete: Prec 0.9063 F1 0.8347 DetRec 0.8825 DetFA 0.2158 | 37.55s total (0.00s eval/37.55s train)
[STATE 2026-04-29 17:49:56] Task 0 Epoch 5/10: entering train loop
T0 Ep 5/10 | L 0.3207 | Train Acc 0.91 | Prec 0.92 | F1 0.84 | Det Rec 0.88 | Det FA 0.22 | Epoch Time 37.68s (Eval 0.00s, Train 37.68s)
[STATE 2026-04-29 17:50:34] T0 Ep 5/10 complete: Prec 0.9155 F1 0.8420 DetRec 0.8830 DetFA 0.2162 | 37.68s total (0.00s eval/37.68s train)
[STATE 2026-04-29 17:50:34] Task 0 Epoch 6/10: entering train loop
T0 Ep 6/10 | L 0.2957 | Train Acc 0.91 | Prec 0.92 | F1 0.85 | Det Rec 0.89 | Det FA 0.21 | Epoch Time 36.19s (Eval 0.00s, Train 36.19s)
[STATE 2026-04-29 17:51:10] T0 Ep 6/10 complete: Prec 0.9237 F1 0.8512 DetRec 0.8862 DetFA 0.2121 | 36.19s total (0.00s eval/36.19s train)
[STATE 2026-04-29 17:51:10] Task 0 Epoch 7/10: entering train loop
T0 Ep 7/10 | L 0.2847 | Train Acc 0.92 | Prec 0.93 | F1 0.86 | Det Rec 0.89 | Det FA 0.21 | Epoch Time 32.61s (Eval 0.00s, Train 32.61s)
[STATE 2026-04-29 17:51:42] T0 Ep 7/10 complete: Prec 0.9297 F1 0.8552 DetRec 0.8859 DetFA 0.2131 | 32.61s total (0.00s eval/32.61s train)
[STATE 2026-04-29 17:51:42] Task 0 Epoch 8/10: entering train loop
T0 Ep 8/10 | L 0.2587 | Train Acc 0.93 | Prec 0.94 | F1 0.86 | Det Rec 0.89 | Det FA 0.21 | Epoch Time 32.44s (Eval 0.00s, Train 32.44s)
[STATE 2026-04-29 17:52:15] T0 Ep 8/10 complete: Prec 0.9378 F1 0.8637 DetRec 0.8862 DetFA 0.2123 | 32.44s total (0.00s eval/32.44s train)
[STATE 2026-04-29 17:52:15] Task 0 Epoch 9/10: entering train loop
T0 Ep 9/10 | L 0.2556 | Train Acc 0.93 | Prec 0.94 | F1 0.87 | Det Rec 0.89 | Det FA 0.21 | Epoch Time 32.58s (Eval 0.00s, Train 32.58s)
[STATE 2026-04-29 17:52:47] T0 Ep 9/10 complete: Prec 0.9416 F1 0.8671 DetRec 0.8883 DetFA 0.2084 | 32.58s total (0.00s eval/32.58s train)
[STATE 2026-04-29 17:52:47] Task 0 Epoch 10/10: entering train loop
T0 Ep 10/10 | L 0.2427 | Train Acc 0.94 | Prec 0.95 | F1 0.87 | Det Rec 0.89 | Det FA 0.21 | Epoch Time 32.46s (Eval 0.00s, Train 32.46s)
[STATE 2026-04-29 17:53:20] T0 Ep 10/10 complete: Prec 0.9472 F1 0.8718 DetRec 0.8876 DetFA 0.2093 | 32.46s total (0.00s eval/32.46s train)
[STATE 2026-04-29 17:53:20] Task 0: running final validation.
[STATE 2026-04-29 17:53:25] Completed task 0 (1/10)
[STATE 2026-04-29 17:53:25] Task 1: zero-shot validation (pre-train)
---- Zero-shot (pre-train) task 1: rec_cls 0.3968 | prec_cls 0.2208 | f1_cls 0.2575 | det 0.6983 | pfa 0.5633 | total_f1 0.5389 ----
[STATE 2026-04-29 17:53:42] Starting task 1 (2/10)
[STATE 2026-04-29 17:53:42] Task 1 Epoch 1/10: entering train loop
[STATE 2026-04-29 17:54:34] Task 1 Epoch 1/10: running validation (end of epoch)
---- Eval at Epoch 0: cls [0.0, 0.31674569508300804] | det_recall [0.5, 0.6557368217555516] | det_fa [0.0, 0.5038869555740855] ----
T1 Ep 1/10 | L 1.0517 | Train Acc 0.66 | Prec 0.70 | F1 0.54 | Det Rec 0.69 | Det FA 0.55 | Epoch Time 68.45s (Eval 16.83s, Train 51.62s)
[STATE 2026-04-29 17:54:51] T1 Ep 1/10 complete: Prec 0.7013 F1 0.5422 DetRec 0.6910 DetFA 0.5500 | 68.45s total (16.83s eval/51.62s train)
[STATE 2026-04-29 17:54:51] Task 1 Epoch 2/10: entering train loop
T1 Ep 2/10 | L 0.5477 | Train Acc 0.81 | Prec 0.85 | F1 0.74 | Det Rec 0.83 | Det FA 0.30 | Epoch Time 51.75s (Eval 0.00s, Train 51.75s)
[STATE 2026-04-29 17:55:43] T1 Ep 2/10 complete: Prec 0.8531 F1 0.7389 DetRec 0.8271 DetFA 0.2998 | 51.75s total (0.00s eval/51.75s train)
[STATE 2026-04-29 17:55:43] Task 1 Epoch 3/10: entering train loop
T1 Ep 3/10 | L 0.4475 | Train Acc 0.85 | Prec 0.88 | F1 0.79 | Det Rec 0.86 | Det FA 0.24 | Epoch Time 51.69s (Eval 0.00s, Train 51.69s)
[STATE 2026-04-29 17:56:34] T1 Ep 3/10 complete: Prec 0.8796 F1 0.7852 DetRec 0.8609 DetFA 0.2405 | 51.69s total (0.00s eval/51.69s train)
[STATE 2026-04-29 17:56:34] Task 1 Epoch 4/10: entering train loop
T1 Ep 4/10 | L 0.3982 | Train Acc 0.87 | Prec 0.89 | F1 0.82 | Det Rec 0.88 | Det FA 0.21 | Epoch Time 51.87s (Eval 0.00s, Train 51.87s)
[STATE 2026-04-29 17:57:26] T1 Ep 4/10 complete: Prec 0.8940 F1 0.8151 DetRec 0.8817 DetFA 0.2056 | 51.87s total (0.00s eval/51.87s train)
[STATE 2026-04-29 17:57:26] Task 1 Epoch 5/10: entering train loop
T1 Ep 5/10 | L 0.3497 | Train Acc 0.88 | Prec 0.91 | F1 0.83 | Det Rec 0.89 | Det FA 0.19 | Epoch Time 51.80s (Eval 0.00s, Train 51.80s)
[STATE 2026-04-29 17:58:18] T1 Ep 5/10 complete: Prec 0.9071 F1 0.8298 DetRec 0.8876 DetFA 0.1947 | 51.80s total (0.00s eval/51.80s train)
[STATE 2026-04-29 17:58:18] Task 1 Epoch 6/10: entering train loop
T1 Ep 6/10 | L 0.3344 | Train Acc 0.89 | Prec 0.91 | F1 0.84 | Det Rec 0.89 | Det FA 0.18 | Epoch Time 51.89s (Eval 0.00s, Train 51.89s)
[STATE 2026-04-29 17:59:10] T1 Ep 6/10 complete: Prec 0.9114 F1 0.8400 DetRec 0.8946 DetFA 0.1821 | 51.89s total (0.00s eval/51.89s train)
[STATE 2026-04-29 17:59:10] Task 1 Epoch 7/10: entering train loop
T1 Ep 7/10 | L 0.2922 | Train Acc 0.90 | Prec 0.92 | F1 0.86 | Det Rec 0.90 | Det FA 0.17 | Epoch Time 51.96s (Eval 0.00s, Train 51.96s)
[STATE 2026-04-29 18:00:02] T1 Ep 7/10 complete: Prec 0.9209 F1 0.8559 DetRec 0.9033 DetFA 0.1672 | 51.96s total (0.00s eval/51.96s train)
[STATE 2026-04-29 18:00:02] Task 1 Epoch 8/10: entering train loop
T1 Ep 8/10 | L 0.2798 | Train Acc 0.91 | Prec 0.93 | F1 0.86 | Det Rec 0.90 | Det FA 0.17 | Epoch Time 51.69s (Eval 0.00s, Train 51.69s)
[STATE 2026-04-29 18:00:53] T1 Ep 8/10 complete: Prec 0.9269 F1 0.8612 DetRec 0.9041 DetFA 0.1660 | 51.69s total (0.00s eval/51.69s train)
[STATE 2026-04-29 18:00:53] Task 1 Epoch 9/10: entering train loop
T1 Ep 9/10 | L 0.2681 | Train Acc 0.91 | Prec 0.93 | F1 0.87 | Det Rec 0.91 | Det FA 0.16 | Epoch Time 51.85s (Eval 0.00s, Train 51.85s)
[STATE 2026-04-29 18:01:45] T1 Ep 9/10 complete: Prec 0.9297 F1 0.8662 DetRec 0.9077 DetFA 0.1626 | 51.85s total (0.00s eval/51.85s train)
[STATE 2026-04-29 18:01:45] Task 1 Epoch 10/10: entering train loop
T1 Ep 10/10 | L 0.2497 | Train Acc 0.92 | Prec 0.94 | F1 0.87 | Det Rec 0.91 | Det FA 0.16 | Epoch Time 51.84s (Eval 0.00s, Train 51.84s)
[STATE 2026-04-29 18:02:37] T1 Ep 10/10 complete: Prec 0.9364 F1 0.8710 DetRec 0.9058 DetFA 0.1648 | 51.84s total (0.00s eval/51.84s train)
[STATE 2026-04-29 18:02:37] Task 1: running final validation.
[STATE 2026-04-29 18:02:54] Completed task 1 (2/10)
Note: Unified mixed IQ test tensors to (N, 3, L) via ADC0 I/Q + zero-padded ADC1/2 (IID2-style) for cumulative CIL.
[STATE 2026-04-29 18:02:55] Task 2: zero-shot validation (pre-train)
---- Zero-shot (pre-train) task 2: rec_cls 0.0652 | prec_cls 0.0103 | f1_cls 0.0188 | det 0.4196 | pfa 0.8427 | total_f1 0.1465 ----
[STATE 2026-04-29 18:04:20] Starting task 2 (3/10)
[STATE 2026-04-29 18:04:20] Task 2 Epoch 1/10: entering train loop
[STATE 2026-04-29 18:10:09] Task 2 Epoch 1/10: running validation (end of epoch)
---- Eval at Epoch 0: cls [0.0, 0.0, 0.10747758691996316] | det_recall [0.5, 0.5, 0.6854391386700982] | det_fa [0.0, 0.0, 0.5931973083622043] ----
T2 Ep 1/10 | L 1.3067 | Train Acc 0.46 | Prec 0.47 | F1 0.47 | Det Rec 0.80 | Det FA 0.34 | Epoch Time 434.26s (Eval 84.76s, Train 349.50s)
[STATE 2026-04-29 18:11:34] T2 Ep 1/10 complete: Prec 0.4739 F1 0.4735 DetRec 0.8038 DetFA 0.3377 | 434.26s total (84.76s eval/349.50s train)
[STATE 2026-04-29 18:11:34] Task 2 Epoch 2/10: entering train loop
T2 Ep 2/10 | L 0.7475 | Train Acc 0.70 | Prec 0.73 | F1 0.69 | Det Rec 0.84 | Det FA 0.27 | Epoch Time 423.57s (Eval 0.00s, Train 423.57s)
[STATE 2026-04-29 18:18:37] T2 Ep 2/10 complete: Prec 0.7263 F1 0.6874 DetRec 0.8398 DetFA 0.2694 | 423.57s total (0.00s eval/423.57s train)
[STATE 2026-04-29 18:18:37] Task 2 Epoch 3/10: entering train loop
T2 Ep 3/10 | L 0.6495 | Train Acc 0.74 | Prec 0.76 | F1 0.72 | Det Rec 0.85 | Det FA 0.24 | Epoch Time 386.93s (Eval 0.00s, Train 386.93s)
[STATE 2026-04-29 18:25:04] T2 Ep 3/10 complete: Prec 0.7631 F1 0.7238 DetRec 0.8532 DetFA 0.2443 | 386.93s total (0.00s eval/386.93s train)
[STATE 2026-04-29 18:25:04] Task 2 Epoch 4/10: entering train loop
T2 Ep 4/10 | L 0.6059 | Train Acc 0.75 | Prec 0.78 | F1 0.74 | Det Rec 0.86 | Det FA 0.23 | Epoch Time 349.46s (Eval 0.00s, Train 349.46s)
[STATE 2026-04-29 18:30:54] T2 Ep 4/10 complete: Prec 0.7810 F1 0.7412 DetRec 0.8599 DetFA 0.2304 | 349.46s total (0.00s eval/349.46s train)
[STATE 2026-04-29 18:30:54] Task 2 Epoch 5/10: entering train loop
T2 Ep 5/10 | L 0.5723 | Train Acc 0.77 | Prec 0.79 | F1 0.75 | Det Rec 0.87 | Det FA 0.22 | Epoch Time 350.98s (Eval 0.00s, Train 350.98s)
[STATE 2026-04-29 18:36:45] T2 Ep 5/10 complete: Prec 0.7903 F1 0.7527 DetRec 0.8652 DetFA 0.2223 | 350.98s total (0.00s eval/350.98s train)
[STATE 2026-04-29 18:36:45] Task 2 Epoch 6/10: entering train loop
T2 Ep 6/10 | L 0.5464 | Train Acc 0.78 | Prec 0.80 | F1 0.77 | Det Rec 0.87 | Det FA 0.21 | Epoch Time 281.50s (Eval 0.00s, Train 281.50s)
[STATE 2026-04-29 18:41:26] T2 Ep 6/10 complete: Prec 0.8019 F1 0.7655 DetRec 0.8704 DetFA 0.2123 | 281.50s total (0.00s eval/281.50s train)
[STATE 2026-04-29 18:41:26] Task 2 Epoch 7/10: entering train loop
T2 Ep 7/10 | L 0.5253 | Train Acc 0.79 | Prec 0.81 | F1 0.77 | Det Rec 0.87 | Det FA 0.21 | Epoch Time 284.71s (Eval 0.00s, Train 284.71s)
[STATE 2026-04-29 18:46:11] T2 Ep 7/10 complete: Prec 0.8075 F1 0.7733 DetRec 0.8736 DetFA 0.2091 | 284.71s total (0.00s eval/284.71s train)
[STATE 2026-04-29 18:46:11] Task 2 Epoch 8/10: entering train loop
T2 Ep 8/10 | L 0.5075 | Train Acc 0.80 | Prec 0.82 | F1 0.78 | Det Rec 0.87 | Det FA 0.21 | Epoch Time 282.07s (Eval 0.00s, Train 282.07s)
[STATE 2026-04-29 18:50:53] T2 Ep 8/10 complete: Prec 0.8151 F1 0.7803 DetRec 0.8746 DetFA 0.2082 | 282.07s total (0.00s eval/282.07s train)
[STATE 2026-04-29 18:50:53] Task 2 Epoch 9/10: entering train loop
T2 Ep 9/10 | L 0.4913 | Train Acc 0.81 | Prec 0.82 | F1 0.79 | Det Rec 0.88 | Det FA 0.20 | Epoch Time 283.57s (Eval 0.00s, Train 283.57s)
[STATE 2026-04-29 18:55:37] T2 Ep 9/10 complete: Prec 0.8212 F1 0.7872 DetRec 0.8779 DetFA 0.2031 | 283.57s total (0.00s eval/283.57s train)
[STATE 2026-04-29 18:55:37] Task 2 Epoch 10/10: entering train loop
T2 Ep 10/10 | L 0.4779 | Train Acc 0.81 | Prec 0.83 | F1 0.79 | Det Rec 0.88 | Det FA 0.20 | Epoch Time 282.98s (Eval 0.00s, Train 282.98s)
[STATE 2026-04-29 19:00:20] T2 Ep 10/10 complete: Prec 0.8273 F1 0.7936 DetRec 0.8810 DetFA 0.1971 | 282.98s total (0.00s eval/282.98s train)
[STATE 2026-04-29 19:00:20] Task 2: running final validation.
[STATE 2026-04-29 19:01:32] Completed task 2 (3/10)
Note: Unified mixed IQ test tensors to (N, 3, L) via ADC0 I/Q + zero-padded ADC1/2 (IID2-style) for cumulative CIL.
[STATE 2026-04-29 19:01:32] Task 3: zero-shot validation (pre-train)
---- Zero-shot (pre-train) task 3: rec_cls 0.0896 | prec_cls 0.0864 | f1_cls 0.0983 | det 0.6795 | pfa 0.5967 | total_f1 0.1000 ----
[STATE 2026-04-29 19:03:46] Starting task 3 (4/10)
[STATE 2026-04-29 19:03:46] Task 3 Epoch 1/10: entering train loop
[STATE 2026-04-29 19:04:05] Task 3 Epoch 1/10: running validation (end of epoch)
---- Eval at Epoch 0: cls [0.0, 0.007265130139208512, 0.0003223721232584313, 0.06637837154594771] | det_recall [0.5, 0.5019721366393823, 0.4999810440385839, 0.4655503262774396] | det_fa [0.0, 0.03736990791460252, 0.0014014735719871554, 0.4817798113928756] ----
T3 Ep 1/10 | L 2.5493 | Train Acc 0.36 | Prec 0.31 | F1 0.39 | Det Rec 0.90 | Det FA 0.05 | Epoch Time 153.87s (Eval 134.06s, Train 19.81s)
[STATE 2026-04-29 19:06:19] T3 Ep 1/10 complete: Prec 0.3109 F1 0.3907 DetRec 0.9010 DetFA 0.0508 | 153.87s total (134.06s eval/19.81s train)
[STATE 2026-04-29 19:06:19] Task 3 Epoch 2/10: entering train loop
T3 Ep 2/10 | L 0.9560 | Train Acc 0.59 | Prec 0.58 | F1 0.63 | Det Rec 0.99 | Det FA 0.02 | Epoch Time 19.99s (Eval 0.00s, Train 19.99s)
[STATE 2026-04-29 19:06:39] T3 Ep 2/10 complete: Prec 0.5797 F1 0.6260 DetRec 0.9910 DetFA 0.0169 | 19.99s total (0.00s eval/19.99s train)
[STATE 2026-04-29 19:06:39] Task 3 Epoch 3/10: entering train loop
T3 Ep 3/10 | L 0.8645 | Train Acc 0.61 | Prec 0.62 | F1 0.65 | Det Rec 0.99 | Det FA 0.02 | Epoch Time 20.04s (Eval 0.00s, Train 20.04s)
[STATE 2026-04-29 19:06:59] T3 Ep 3/10 complete: Prec 0.6153 F1 0.6540 DetRec 0.9915 DetFA 0.0163 | 20.04s total (0.00s eval/20.04s train)
[STATE 2026-04-29 19:06:59] Task 3 Epoch 4/10: entering train loop
T3 Ep 4/10 | L 0.8265 | Train Acc 0.63 | Prec 0.63 | F1 0.67 | Det Rec 0.99 | Det FA 0.01 | Epoch Time 19.83s (Eval 0.00s, Train 19.83s)
[STATE 2026-04-29 19:07:19] T3 Ep 4/10 complete: Prec 0.6255 F1 0.6664 DetRec 0.9942 DetFA 0.0110 | 19.83s total (0.00s eval/19.83s train)
[STATE 2026-04-29 19:07:19] Task 3 Epoch 5/10: entering train loop
T3 Ep 5/10 | L 0.8397 | Train Acc 0.62 | Prec 0.62 | F1 0.66 | Det Rec 1.00 | Det FA 0.01 | Epoch Time 19.73s (Eval 0.00s, Train 19.73s)
[STATE 2026-04-29 19:07:39] T3 Ep 5/10 complete: Prec 0.6184 F1 0.6590 DetRec 0.9969 DetFA 0.0056 | 19.73s total (0.00s eval/19.73s train)
[STATE 2026-04-29 19:07:39] Task 3 Epoch 6/10: entering train loop
T3 Ep 6/10 | L 0.8060 | Train Acc 0.62 | Prec 0.63 | F1 0.67 | Det Rec 1.00 | Det FA 0.01 | Epoch Time 20.17s (Eval 0.00s, Train 20.17s)
[STATE 2026-04-29 19:07:59] T3 Ep 6/10 complete: Prec 0.6263 F1 0.6651 DetRec 0.9959 DetFA 0.0073 | 20.17s total (0.00s eval/20.17s train)
[STATE 2026-04-29 19:07:59] Task 3 Epoch 7/10: entering train loop
T3 Ep 7/10 | L 0.7778 | Train Acc 0.64 | Prec 0.64 | F1 0.68 | Det Rec 1.00 | Det FA 0.01 | Epoch Time 19.90s (Eval 0.00s, Train 19.90s)
[STATE 2026-04-29 19:08:19] T3 Ep 7/10 complete: Prec 0.6438 F1 0.6806 DetRec 0.9969 DetFA 0.0057 | 19.90s total (0.00s eval/19.90s train)
[STATE 2026-04-29 19:08:19] Task 3 Epoch 8/10: entering train loop
T3 Ep 8/10 | L 0.7630 | Train Acc 0.64 | Prec 0.65 | F1 0.68 | Det Rec 1.00 | Det FA 0.00 | Epoch Time 20.43s (Eval 0.00s, Train 20.43s)
[STATE 2026-04-29 19:08:40] T3 Ep 8/10 complete: Prec 0.6458 F1 0.6832 DetRec 0.9986 DetFA 0.0023 | 20.43s total (0.00s eval/20.43s train)
[STATE 2026-04-29 19:08:40] Task 3 Epoch 9/10: entering train loop
T3 Ep 9/10 | L 0.7506 | Train Acc 0.64 | Prec 0.65 | F1 0.69 | Det Rec 1.00 | Det FA 0.00 | Epoch Time 19.34s (Eval 0.00s, Train 19.34s)
[STATE 2026-04-29 19:08:59] T3 Ep 9/10 complete: Prec 0.6487 F1 0.6865 DetRec 0.9991 DetFA 0.0016 | 19.34s total (0.00s eval/19.34s train)
[STATE 2026-04-29 19:08:59] Task 3 Epoch 10/10: entering train loop
T3 Ep 10/10 | L 0.7345 | Train Acc 0.65 | Prec 0.65 | F1 0.69 | Det Rec 1.00 | Det FA 0.00 | Epoch Time 20.13s (Eval 0.00s, Train 20.13s)
[STATE 2026-04-29 19:09:19] T3 Ep 10/10 complete: Prec 0.6547 F1 0.6898 DetRec 0.9990 DetFA 0.0016 | 20.13s total (0.00s eval/20.13s train)
[STATE 2026-04-29 19:09:19] Task 3: running final validation.
[STATE 2026-04-29 19:11:32] Completed task 3 (4/10)
Note: Unified mixed IQ test tensors to (N, 3, L) via ADC0 I/Q + zero-padded ADC1/2 (IID2-style) for cumulative CIL.
[STATE 2026-04-29 19:11:33] Task 4: zero-shot validation (pre-train)
---- Zero-shot (pre-train) task 4: rec_cls 0.0761 | prec_cls 0.0189 | f1_cls 0.0279 | det 0.4340 | pfa 0.6499 | total_f1 0.0559 ----
[STATE 2026-04-29 19:14:51] Starting task 4 (5/10)
[STATE 2026-04-29 19:14:51] Task 4 Epoch 1/10: entering train loop
[STATE 2026-04-29 19:15:12] Task 4 Epoch 1/10: running validation (end of epoch)
---- Eval at Epoch 0: cls [0.00170336455923046, 0.007543487000007151, 0.010944728506893328, 0.013766794687687864, 0.05262822336071539] | det_recall [0.5011417718540403, 0.5124907684194658, 0.4953795829599064, 0.4769976748989632, 0.4291684839350744] | det_fa [0.0031062028541648935, 0.02127603901156287, 0.14399138012286702, 0.2171596074915609, 0.48050208329336075] ----
T4 Ep 1/10 | L 2.1413 | Train Acc 0.25 | Prec 0.21 | F1 0.31 | Det Rec 1.00 | Det FA 0.00 | Epoch Time 217.89s (Eval 197.58s, Train 20.30s)
[STATE 2026-04-29 19:18:29] T4 Ep 1/10 complete: Prec 0.2065 F1 0.3090 DetRec 0.9999 DetFA 0.0002 | 217.89s total (197.58s eval/20.30s train)
[STATE 2026-04-29 19:18:29] Task 4 Epoch 2/10: entering train loop
T4 Ep 2/10 | L 1.1425 | Train Acc 0.36 | Prec 0.35 | F1 0.42 | Det Rec 1.00 | Det FA 0.00 | Epoch Time 20.50s (Eval 0.00s, Train 20.50s)
[STATE 2026-04-29 19:18:50] T4 Ep 2/10 complete: Prec 0.3490 F1 0.4210 DetRec 1.0000 DetFA 0.0000 | 20.50s total (0.00s eval/20.50s train)
[STATE 2026-04-29 19:18:50] Task 4 Epoch 3/10: entering train loop
T4 Ep 3/10 | L 1.0817 | Train Acc 0.38 | Prec 0.38 | F1 0.45 | Det Rec 1.00 | Det FA 0.00 | Epoch Time 20.26s (Eval 0.00s, Train 20.26s)
[STATE 2026-04-29 19:19:10] T4 Ep 3/10 complete: Prec 0.3783 F1 0.4477 DetRec 1.0000 DetFA 0.0000 | 20.26s total (0.00s eval/20.26s train)
[STATE 2026-04-29 19:19:10] Task 4 Epoch 4/10: entering train loop
T4 Ep 4/10 | L 1.0568 | Train Acc 0.39 | Prec 0.39 | F1 0.46 | Det Rec 1.00 | Det FA 0.00 | Epoch Time 20.64s (Eval 0.00s, Train 20.64s)
[STATE 2026-04-29 19:19:31] T4 Ep 4/10 complete: Prec 0.3852 F1 0.4592 DetRec 1.0000 DetFA 0.0000 | 20.64s total (0.00s eval/20.64s train)
[STATE 2026-04-29 19:19:31] Task 4 Epoch 5/10: entering train loop
T4 Ep 5/10 | L 1.0394 | Train Acc 0.41 | Prec 0.41 | F1 0.47 | Det Rec 1.00 | Det FA 0.00 | Epoch Time 20.70s (Eval 0.00s, Train 20.70s)
[STATE 2026-04-29 19:19:51] T4 Ep 5/10 complete: Prec 0.4083 F1 0.4748 DetRec 1.0000 DetFA 0.0000 | 20.70s total (0.00s eval/20.70s train)
[STATE 2026-04-29 19:19:51] Task 4 Epoch 6/10: entering train loop
T4 Ep 6/10 | L 1.0188 | Train Acc 0.42 | Prec 0.42 | F1 0.49 | Det Rec 1.00 | Det FA 0.00 | Epoch Time 20.70s (Eval 0.00s, Train 20.70s)
[STATE 2026-04-29 19:20:12] T4 Ep 6/10 complete: Prec 0.4204 F1 0.4868 DetRec 1.0000 DetFA 0.0000 | 20.70s total (0.00s eval/20.70s train)
[STATE 2026-04-29 19:20:12] Task 4 Epoch 7/10: entering train loop
T4 Ep 7/10 | L 1.0192 | Train Acc 0.43 | Prec 0.43 | F1 0.49 | Det Rec 1.00 | Det FA 0.00 | Epoch Time 20.66s (Eval 0.00s, Train 20.66s)
[STATE 2026-04-29 19:20:33] T4 Ep 7/10 complete: Prec 0.4300 F1 0.4923 DetRec 1.0000 DetFA 0.0000 | 20.66s total (0.00s eval/20.66s train)
[STATE 2026-04-29 19:20:33] Task 4 Epoch 8/10: entering train loop
T4 Ep 8/10 | L 0.9746 | Train Acc 0.47 | Prec 0.47 | F1 0.53 | Det Rec 1.00 | Det FA 0.00 | Epoch Time 20.42s (Eval 0.00s, Train 20.42s)
[STATE 2026-04-29 19:20:53] T4 Ep 8/10 complete: Prec 0.4745 F1 0.5280 DetRec 1.0000 DetFA 0.0000 | 20.42s total (0.00s eval/20.42s train)
[STATE 2026-04-29 19:20:53] Task 4 Epoch 9/10: entering train loop
T4 Ep 9/10 | L 0.9043 | Train Acc 0.52 | Prec 0.52 | F1 0.57 | Det Rec 1.00 | Det FA 0.00 | Epoch Time 19.87s (Eval 0.00s, Train 19.87s)
[STATE 2026-04-29 19:21:13] T4 Ep 9/10 complete: Prec 0.5211 F1 0.5679 DetRec 1.0000 DetFA 0.0000 | 19.87s total (0.00s eval/19.87s train)
[STATE 2026-04-29 19:21:13] Task 4 Epoch 10/10: entering train loop
T4 Ep 10/10 | L 0.8232 | Train Acc 0.56 | Prec 0.56 | F1 0.61 | Det Rec 1.00 | Det FA 0.00 | Epoch Time 20.72s (Eval 0.00s, Train 20.72s)
[STATE 2026-04-29 19:21:34] T4 Ep 10/10 complete: Prec 0.5644 F1 0.6085 DetRec 1.0000 DetFA 0.0000 | 20.72s total (0.00s eval/20.72s train)
[STATE 2026-04-29 19:21:34] Task 4: running final validation.
[STATE 2026-04-29 19:24:49] Completed task 4 (5/10)
Note: Unified mixed IQ test tensors to (N, 3, L) via ADC0 I/Q + zero-padded ADC1/2 (IID2-style) for cumulative CIL.
[STATE 2026-04-29 19:24:50] Task 5: zero-shot validation (pre-train)
---- Zero-shot (pre-train) task 5: rec_cls 0.0388 | prec_cls 0.0058 | f1_cls 0.0198 | det 0.4519 | pfa 0.3701 | total_f1 0.0492 ----
[STATE 2026-04-29 19:29:34] Starting task 5 (6/10)
[STATE 2026-04-29 19:29:34] Task 5 Epoch 1/10: entering train loop
[STATE 2026-04-29 19:32:23] Task 5 Epoch 1/10: running validation (end of epoch)
---- Eval at Epoch 0: cls [0.0, 0.0, 0.00024938586773195836, 0.00024222013258271151, 0.00031723081239329467, 0.07335074323581019] | det_recall [0.5, 0.5, 0.5009465357993095, 0.4998541438579126, 0.4947985535485441, 0.6559120125781092] | det_fa [0.0, 0.0, 0.0006526959018579787, 0.003585949811174581, 0.01469427487097772, 0.569713266952961] ----
T5 Ep 1/10 | L 1.4814 | Train Acc 0.50 | Prec 0.49 | F1 0.49 | Det Rec 0.80 | Det FA 0.34 | Epoch Time 455.66s (Eval 285.96s, Train 169.71s)
[STATE 2026-04-29 19:37:09] T5 Ep 1/10 complete: Prec 0.4878 F1 0.4857 DetRec 0.7987 DetFA 0.3431 | 455.66s total (285.96s eval/169.71s train)
[STATE 2026-04-29 19:37:09] Task 5 Epoch 2/10: entering train loop
T5 Ep 2/10 | L 0.7106 | Train Acc 0.76 | Prec 0.75 | F1 0.73 | Det Rec 0.86 | Det FA 0.22 | Epoch Time 166.85s (Eval 0.00s, Train 166.85s)
[STATE 2026-04-29 19:39:56] T5 Ep 2/10 complete: Prec 0.7546 F1 0.7301 DetRec 0.8641 DetFA 0.2206 | 166.85s total (0.00s eval/166.85s train)
[STATE 2026-04-29 19:39:56] Task 5 Epoch 3/10: entering train loop
T5 Ep 3/10 | L 0.5973 | Train Acc 0.80 | Prec 0.80 | F1 0.77 | Det Rec 0.88 | Det FA 0.20 | Epoch Time 168.80s (Eval 0.00s, Train 168.80s)
[STATE 2026-04-29 19:42:45] T5 Ep 3/10 complete: Prec 0.7973 F1 0.7716 DetRec 0.8782 DetFA 0.1993 | 168.80s total (0.00s eval/168.80s train)
[STATE 2026-04-29 19:42:45] Task 5 Epoch 4/10: entering train loop
T5 Ep 4/10 | L 0.5347 | Train Acc 0.82 | Prec 0.82 | F1 0.79 | Det Rec 0.89 | Det FA 0.19 | Epoch Time 169.43s (Eval 0.00s, Train 169.43s)
[STATE 2026-04-29 19:45:34] T5 Ep 4/10 complete: Prec 0.8165 F1 0.7913 DetRec 0.8854 DetFA 0.1877 | 169.43s total (0.00s eval/169.43s train)
[STATE 2026-04-29 19:45:34] Task 5 Epoch 5/10: entering train loop
T5 Ep 5/10 | L 0.4912 | Train Acc 0.83 | Prec 0.83 | F1 0.81 | Det Rec 0.89 | Det FA 0.18 | Epoch Time 170.99s (Eval 0.00s, Train 170.99s)
[STATE 2026-04-29 19:48:25] T5 Ep 5/10 complete: Prec 0.8302 F1 0.8061 DetRec 0.8912 DetFA 0.1778 | 170.99s total (0.00s eval/170.99s train)
[STATE 2026-04-29 19:48:25] Task 5 Epoch 6/10: entering train loop
T5 Ep 6/10 | L 0.4544 | Train Acc 0.85 | Prec 0.84 | F1 0.82 | Det Rec 0.90 | Det FA 0.17 | Epoch Time 170.29s (Eval 0.00s, Train 170.29s)
[STATE 2026-04-29 19:51:16] T5 Ep 6/10 complete: Prec 0.8396 F1 0.8175 DetRec 0.8972 DetFA 0.1689 | 170.29s total (0.00s eval/170.29s train)
[STATE 2026-04-29 19:51:16] Task 5 Epoch 7/10: entering train loop
T5 Ep 7/10 | L 0.4242 | Train Acc 0.86 | Prec 0.85 | F1 0.83 | Det Rec 0.90 | Det FA 0.17 | Epoch Time 168.16s (Eval 0.00s, Train 168.16s)
[STATE 2026-04-29 19:54:04] T5 Ep 7/10 complete: Prec 0.8494 F1 0.8264 DetRec 0.8992 DetFA 0.1659 | 168.16s total (0.00s eval/168.16s train)
[STATE 2026-04-29 19:54:04] Task 5 Epoch 8/10: entering train loop
T5 Ep 8/10 | L 0.3951 | Train Acc 0.87 | Prec 0.86 | F1 0.84 | Det Rec 0.90 | Det FA 0.16 | Epoch Time 172.04s (Eval 0.00s, Train 172.04s)
[STATE 2026-04-29 19:56:56] T5 Ep 8/10 complete: Prec 0.8589 F1 0.8362 DetRec 0.9027 DetFA 0.1610 | 172.04s total (0.00s eval/172.04s train)
[STATE 2026-04-29 19:56:56] Task 5 Epoch 9/10: entering train loop
T5 Ep 9/10 | L 0.3758 | Train Acc 0.87 | Prec 0.86 | F1 0.84 | Det Rec 0.91 | Det FA 0.15 | Epoch Time 170.65s (Eval 0.00s, Train 170.65s)
[STATE 2026-04-29 19:59:46] T5 Ep 9/10 complete: Prec 0.8638 F1 0.8429 DetRec 0.9071 DetFA 0.1535 | 170.65s total (0.00s eval/170.65s train)
[STATE 2026-04-29 19:59:46] Task 5 Epoch 10/10: entering train loop
T5 Ep 10/10 | L 0.3534 | Train Acc 0.88 | Prec 0.87 | F1 0.85 | Det Rec 0.91 | Det FA 0.15 | Epoch Time 168.54s (Eval 0.00s, Train 168.54s)
[STATE 2026-04-29 20:02:35] T5 Ep 10/10 complete: Prec 0.8727 F1 0.8511 DetRec 0.9093 DetFA 0.1505 | 168.54s total (0.00s eval/168.54s train)
[STATE 2026-04-29 20:02:35] Task 5: running final validation.
[STATE 2026-04-29 20:07:22] Completed task 5 (6/10)
Note: Unified mixed IQ test tensors to (N, 3, L) via ADC0 I/Q + zero-padded ADC1/2 (IID2-style) for cumulative CIL.
[STATE 2026-04-29 20:07:23] Task 6: zero-shot validation (pre-train)
---- Zero-shot (pre-train) task 6: rec_cls 0.0866 | prec_cls 0.0304 | f1_cls 0.0416 | det 0.5492 | pfa 0.8436 | total_f1 0.0460 ----
[STATE 2026-04-29 20:13:44] Starting task 6 (7/10)
[STATE 2026-04-29 20:13:44] Task 6 Epoch 1/10: entering train loop
[STATE 2026-04-29 20:13:58] Task 6 Epoch 1/10: running validation (end of epoch)
---- Eval at Epoch 0: cls [0.0004933110694711523, 0.005934211858992467, 0.012230756038597732, 0.03620478192528389, 0.024154433536348614, 0.019505071936014914, 0.033205997976337984] | det_recall [0.4996137819836163, 0.5131003701085382, 0.4466382713057773, 0.4423845167709443, 0.4345091578935418, 0.45677844353807917, 0.4786209615083045] | det_fa [0.002500492129697267, 0.018124997343645692, 0.38866219947743696, 0.4776739218557812, 0.5073090341317767, 0.4442288995504617, 0.5261535295513499] ----
T6 Ep 1/10 | L 3.1418 | Train Acc 0.27 | Prec 0.23 | F1 0.33 | Det Rec 0.97 | Det FA 0.04 | Epoch Time 394.94s (Eval 380.28s, Train 14.67s)
[STATE 2026-04-29 20:20:19] T6 Ep 1/10 complete: Prec 0.2256 F1 0.3311 DetRec 0.9664 DetFA 0.0382 | 394.94s total (380.28s eval/14.67s train)
[STATE 2026-04-29 20:20:19] Task 6 Epoch 2/10: entering train loop
T6 Ep 2/10 | L 1.1123 | Train Acc 0.50 | Prec 0.48 | F1 0.55 | Det Rec 1.00 | Det FA 0.00 | Epoch Time 14.25s (Eval 0.00s, Train 14.25s)
[STATE 2026-04-29 20:20:33] T6 Ep 2/10 complete: Prec 0.4766 F1 0.5515 DetRec 0.9977 DetFA 0.0047 | 14.25s total (0.00s eval/14.25s train)
[STATE 2026-04-29 20:20:33] Task 6 Epoch 3/10: entering train loop
T6 Ep 3/10 | L 0.9578 | Train Acc 0.54 | Prec 0.52 | F1 0.60 | Det Rec 1.00 | Det FA 0.00 | Epoch Time 15.20s (Eval 0.00s, Train 15.20s)
[STATE 2026-04-29 20:20:48] T6 Ep 3/10 complete: Prec 0.5198 F1 0.5992 DetRec 1.0000 DetFA 0.0000 | 15.20s total (0.00s eval/15.20s train)
[STATE 2026-04-29 20:20:48] Task 6 Epoch 4/10: entering train loop
T6 Ep 4/10 | L 0.9097 | Train Acc 0.57 | Prec 0.57 | F1 0.63 | Det Rec 1.00 | Det FA 0.00 | Epoch Time 15.05s (Eval 0.00s, Train 15.05s)
[STATE 2026-04-29 20:21:03] T6 Ep 4/10 complete: Prec 0.5660 F1 0.6317 DetRec 1.0000 DetFA 0.0000 | 15.05s total (0.00s eval/15.05s train)
[STATE 2026-04-29 20:21:03] Task 6 Epoch 5/10: entering train loop
T6 Ep 5/10 | L 0.8920 | Train Acc 0.57 | Prec 0.56 | F1 0.63 | Det Rec 1.00 | Det FA 0.00 | Epoch Time 14.54s (Eval 0.00s, Train 14.54s)
[STATE 2026-04-29 20:21:18] T6 Ep 5/10 complete: Prec 0.5636 F1 0.6302 DetRec 0.9997 DetFA 0.0006 | 14.54s total (0.00s eval/14.54s train)
[STATE 2026-04-29 20:21:18] Task 6 Epoch 6/10: entering train loop
T6 Ep 6/10 | L 0.8839 | Train Acc 0.59 | Prec 0.59 | F1 0.65 | Det Rec 1.00 | Det FA 0.00 | Epoch Time 15.16s (Eval 0.00s, Train 15.16s)
[STATE 2026-04-29 20:21:33] T6 Ep 6/10 complete: Prec 0.5891 F1 0.6484 DetRec 0.9999 DetFA 0.0002 | 15.16s total (0.00s eval/15.16s train)
[STATE 2026-04-29 20:21:33] Task 6 Epoch 7/10: entering train loop
T6 Ep 7/10 | L 0.8659 | Train Acc 0.59 | Prec 0.59 | F1 0.65 | Det Rec 1.00 | Det FA 0.00 | Epoch Time 15.00s (Eval 0.00s, Train 15.00s)
[STATE 2026-04-29 20:21:48] T6 Ep 7/10 complete: Prec 0.5859 F1 0.6470 DetRec 1.0000 DetFA 0.0000 | 15.00s total (0.00s eval/15.00s train)
[STATE 2026-04-29 20:21:48] Task 6 Epoch 8/10: entering train loop
T6 Ep 8/10 | L 0.8458 | Train Acc 0.59 | Prec 0.60 | F1 0.65 | Det Rec 1.00 | Det FA 0.00 | Epoch Time 15.12s (Eval 0.00s, Train 15.12s)
[STATE 2026-04-29 20:22:03] T6 Ep 8/10 complete: Prec 0.5995 F1 0.6495 DetRec 0.9999 DetFA 0.0002 | 15.12s total (0.00s eval/15.12s train)
[STATE 2026-04-29 20:22:03] Task 6 Epoch 9/10: entering train loop
T6 Ep 9/10 | L 0.8393 | Train Acc 0.59 | Prec 0.59 | F1 0.65 | Det Rec 1.00 | Det FA 0.00 | Epoch Time 15.32s (Eval 0.00s, Train 15.32s)
[STATE 2026-04-29 20:22:18] T6 Ep 9/10 complete: Prec 0.5930 F1 0.6520 DetRec 1.0000 DetFA 0.0000 | 15.32s total (0.00s eval/15.32s train)
[STATE 2026-04-29 20:22:18] Task 6 Epoch 10/10: entering train loop
T6 Ep 10/10 | L 0.8369 | Train Acc 0.60 | Prec 0.60 | F1 0.66 | Det Rec 1.00 | Det FA 0.00 | Epoch Time 15.10s (Eval 0.00s, Train 15.10s)
[STATE 2026-04-29 20:22:33] T6 Ep 10/10 complete: Prec 0.6049 F1 0.6571 DetRec 1.0000 DetFA 0.0000 | 15.10s total (0.00s eval/15.10s train)
[STATE 2026-04-29 20:22:33] Task 6: running final validation.
[STATE 2026-04-29 20:28:53] Completed task 6 (7/10)
Note: Unified mixed IQ test tensors to (N, 3, L) via ADC0 I/Q + zero-padded ADC1/2 (IID2-style) for cumulative CIL.
[STATE 2026-04-29 20:28:54] Task 7: zero-shot validation (pre-train)
---- Zero-shot (pre-train) task 7: rec_cls 0.0317 | prec_cls 0.0031 | f1_cls 0.0094 | det 0.3691 | pfa 0.6469 | total_f1 0.0361 ----
[STATE 2026-04-29 20:37:15] Starting task 7 (8/10)
[STATE 2026-04-29 20:37:15] Task 7 Epoch 1/10: entering train loop
[STATE 2026-04-29 20:39:57] Task 7 Epoch 1/10: running validation (end of epoch)
---- Eval at Epoch 0: cls [0.0, 0.0, 0.0, 0.0, 0.0, 0.0, 0.0, 0.04581913085586192] | det_recall [0.5, 0.5, 0.5, 0.5, 0.5, 0.5, 0.5, 0.5255093907908712] | det_fa [0.0, 0.0, 0.0, 0.0, 0.0, 0.0, 0.0, 0.7653614645164728] ----
T7 Ep 1/10 | L 1.8608 | Train Acc 0.34 | Prec 0.36 | F1 0.35 | Det Rec 0.75 | Det FA 0.39 | Epoch Time 657.52s (Eval 495.59s, Train 161.94s)
[STATE 2026-04-29 20:48:13] T7 Ep 1/10 complete: Prec 0.3623 F1 0.3486 DetRec 0.7521 DetFA 0.3856 | 657.52s total (495.59s eval/161.94s train)
[STATE 2026-04-29 20:48:13] Task 7 Epoch 2/10: entering train loop
T7 Ep 2/10 | L 0.9850 | Train Acc 0.63 | Prec 0.66 | F1 0.63 | Det Rec 0.82 | Det FA 0.28 | Epoch Time 159.87s (Eval 0.00s, Train 159.87s)
[STATE 2026-04-29 20:50:53] T7 Ep 2/10 complete: Prec 0.6572 F1 0.6272 DetRec 0.8191 DetFA 0.2836 | 159.87s total (0.00s eval/159.87s train)
[STATE 2026-04-29 20:50:53] Task 7 Epoch 3/10: entering train loop
T7 Ep 3/10 | L 0.7469 | Train Acc 0.75 | Prec 0.77 | F1 0.73 | Det Rec 0.84 | Det FA 0.26 | Epoch Time 164.40s (Eval 0.00s, Train 164.40s)
[STATE 2026-04-29 20:53:37] T7 Ep 3/10 complete: Prec 0.7654 F1 0.7281 DetRec 0.8395 DetFA 0.2575 | 164.40s total (0.00s eval/164.40s train)
[STATE 2026-04-29 20:53:37] Task 7 Epoch 4/10: entering train loop
T7 Ep 4/10 | L 0.6604 | Train Acc 0.78 | Prec 0.79 | F1 0.75 | Det Rec 0.85 | Det FA 0.24 | Epoch Time 164.60s (Eval 0.00s, Train 164.60s)
[STATE 2026-04-29 20:56:22] T7 Ep 4/10 complete: Prec 0.7923 F1 0.7549 DetRec 0.8510 DetFA 0.2352 | 164.60s total (0.00s eval/164.60s train)
[STATE 2026-04-29 20:56:22] Task 7 Epoch 5/10: entering train loop
T7 Ep 5/10 | L 0.6120 | Train Acc 0.79 | Prec 0.81 | F1 0.77 | Det Rec 0.86 | Det FA 0.22 | Epoch Time 158.98s (Eval 0.00s, Train 158.98s)
[STATE 2026-04-29 20:59:01] T7 Ep 5/10 complete: Prec 0.8098 F1 0.7714 DetRec 0.8582 DetFA 0.2199 | 158.98s total (0.00s eval/158.98s train)
[STATE 2026-04-29 20:59:01] Task 7 Epoch 6/10: entering train loop
T7 Ep 6/10 | L 0.5665 | Train Acc 0.81 | Prec 0.82 | F1 0.78 | Det Rec 0.86 | Det FA 0.21 | Epoch Time 163.83s (Eval 0.00s, Train 163.83s)
[STATE 2026-04-29 21:01:44] T7 Ep 6/10 complete: Prec 0.8220 F1 0.7844 DetRec 0.8632 DetFA 0.2121 | 163.83s total (0.00s eval/163.83s train)
[STATE 2026-04-29 21:01:44] Task 7 Epoch 7/10: entering train loop
T7 Ep 7/10 | L 0.5373 | Train Acc 0.82 | Prec 0.83 | F1 0.80 | Det Rec 0.87 | Det FA 0.20 | Epoch Time 163.13s (Eval 0.00s, Train 163.13s)
[STATE 2026-04-29 21:04:27] T7 Ep 7/10 complete: Prec 0.8311 F1 0.7950 DetRec 0.8709 DetFA 0.1961 | 163.13s total (0.00s eval/163.13s train)
[STATE 2026-04-29 21:04:27] Task 7 Epoch 8/10: entering train loop
T7 Ep 8/10 | L 0.5162 | Train Acc 0.82 | Prec 0.84 | F1 0.80 | Det Rec 0.87 | Det FA 0.19 | Epoch Time 162.66s (Eval 0.00s, Train 162.66s)
[STATE 2026-04-29 21:07:10] T7 Ep 8/10 complete: Prec 0.8374 F1 0.8008 DetRec 0.8725 DetFA 0.1930 | 162.66s total (0.00s eval/162.66s train)
[STATE 2026-04-29 21:07:10] Task 7 Epoch 9/10: entering train loop
T7 Ep 9/10 | L 0.4888 | Train Acc 0.83 | Prec 0.84 | F1 0.81 | Det Rec 0.88 | Det FA 0.19 | Epoch Time 161.96s (Eval 0.00s, Train 161.96s)
[STATE 2026-04-29 21:09:52] T7 Ep 9/10 complete: Prec 0.8439 F1 0.8096 DetRec 0.8767 DetFA 0.1865 | 161.96s total (0.00s eval/161.96s train)
[STATE 2026-04-29 21:09:52] Task 7 Epoch 10/10: entering train loop
T7 Ep 10/10 | L 0.4684 | Train Acc 0.84 | Prec 0.85 | F1 0.82 | Det Rec 0.88 | Det FA 0.18 | Epoch Time 161.68s (Eval 0.00s, Train 161.68s)
[STATE 2026-04-29 21:12:34] T7 Ep 10/10 complete: Prec 0.8497 F1 0.8161 DetRec 0.8792 DetFA 0.1843 | 161.68s total (0.00s eval/161.68s train)
[STATE 2026-04-29 21:12:34] Task 7: running final validation.
[STATE 2026-04-29 21:20:51] Completed task 7 (8/10)
Note: Unified mixed IQ test tensors to (N, 3, L) via ADC0 I/Q + zero-padded ADC1/2 (IID2-style) for cumulative CIL.
[STATE 2026-04-29 21:20:53] Task 8: zero-shot validation (pre-train)
---- Zero-shot (pre-train) task 8: rec_cls 0.0832 | prec_cls 0.0166 | f1_cls 0.0247 | det 0.5088 | pfa 0.8925 | total_f1 0.0360 ----
[STATE 2026-04-29 21:31:10] Starting task 8 (9/10)
[STATE 2026-04-29 21:31:10] Task 8 Epoch 1/10: entering train loop
[STATE 2026-04-29 21:31:43] Task 8 Epoch 1/10: running validation (end of epoch)
---- Eval at Epoch 0: cls [0.0, 0.0, 0.0, 0.0, 0.0, 4.108858399661716e-05, 6.172595295275585e-05, 3.2232976361544476e-05, 0.02316947822884701] | det_recall [0.5, 0.5000556731222606, 0.500006681541433, 0.5010080790257521, 0.5013499235116702, 0.5017794910051477, 0.503177152225805, 0.5052583009672964, 0.6089523654058817] | det_fa [0.0, 0.0, 0.0, 0.0, 1.4918248000954767e-05, 0.00025508515609629426, 0.00046681975624643076, 0.002498442747870499, 0.6666748026791387] ----
T8 Ep 1/10 | L 2.8461 | Train Acc 0.28 | Prec 0.26 | F1 0.23 | Det Rec 0.72 | Det FA 0.46 | Epoch Time 653.41s (Eval 620.77s, Train 32.64s)
[STATE 2026-04-29 21:42:04] T8 Ep 1/10 complete: Prec 0.2608 F1 0.2338 DetRec 0.7176 DetFA 0.4596 | 653.41s total (620.77s eval/32.64s train)
[STATE 2026-04-29 21:42:04] Task 8 Epoch 2/10: entering train loop
T8 Ep 2/10 | L 1.5223 | Train Acc 0.44 | Prec 0.42 | F1 0.36 | Det Rec 0.78 | Det FA 0.42 | Epoch Time 32.59s (Eval 0.00s, Train 32.59s)
[STATE 2026-04-29 21:42:36] T8 Ep 2/10 complete: Prec 0.4226 F1 0.3556 DetRec 0.7767 DetFA 0.4216 | 32.59s total (0.00s eval/32.59s train)
[STATE 2026-04-29 21:42:36] Task 8 Epoch 3/10: entering train loop
T8 Ep 3/10 | L 1.1550 | Train Acc 0.64 | Prec 0.63 | F1 0.51 | Det Rec 0.78 | Det FA 0.42 | Epoch Time 32.11s (Eval 0.00s, Train 32.11s)
[STATE 2026-04-29 21:43:08] T8 Ep 3/10 complete: Prec 0.6260 F1 0.5075 DetRec 0.7793 DetFA 0.4157 | 32.11s total (0.00s eval/32.11s train)
[STATE 2026-04-29 21:43:08] Task 8 Epoch 4/10: entering train loop
T8 Ep 4/10 | L 0.9107 | Train Acc 0.74 | Prec 0.74 | F1 0.60 | Det Rec 0.79 | Det FA 0.40 | Epoch Time 31.88s (Eval 0.00s, Train 31.88s)
[STATE 2026-04-29 21:43:40] T8 Ep 4/10 complete: Prec 0.7381 F1 0.5963 DetRec 0.7854 DetFA 0.3996 | 31.88s total (0.00s eval/31.88s train)
[STATE 2026-04-29 21:43:40] Task 8 Epoch 5/10: entering train loop
T8 Ep 5/10 | L 0.8431 | Train Acc 0.77 | Prec 0.77 | F1 0.62 | Det Rec 0.79 | Det FA 0.40 | Epoch Time 31.67s (Eval 0.00s, Train 31.67s)
[STATE 2026-04-29 21:44:12] T8 Ep 5/10 complete: Prec 0.7686 F1 0.6184 DetRec 0.7861 DetFA 0.3988 | 31.67s total (0.00s eval/31.67s train)
[STATE 2026-04-29 21:44:12] Task 8 Epoch 6/10: entering train loop
T8 Ep 6/10 | L 0.7522 | Train Acc 0.80 | Prec 0.79 | F1 0.64 | Det Rec 0.79 | Det FA 0.39 | Epoch Time 32.23s (Eval 0.00s, Train 32.23s)
[STATE 2026-04-29 21:44:44] T8 Ep 6/10 complete: Prec 0.7867 F1 0.6378 DetRec 0.7896 DetFA 0.3921 | 32.23s total (0.00s eval/32.23s train)
[STATE 2026-04-29 21:44:44] Task 8 Epoch 7/10: entering train loop
T8 Ep 7/10 | L 0.6974 | Train Acc 0.82 | Prec 0.81 | F1 0.65 | Det Rec 0.79 | Det FA 0.39 | Epoch Time 32.03s (Eval 0.00s, Train 32.03s)
[STATE 2026-04-29 21:45:16] T8 Ep 7/10 complete: Prec 0.8127 F1 0.6537 DetRec 0.7928 DetFA 0.3880 | 32.03s total (0.00s eval/32.03s train)
[STATE 2026-04-29 21:45:16] Task 8 Epoch 8/10: entering train loop
T8 Ep 8/10 | L 0.6709 | Train Acc 0.83 | Prec 0.82 | F1 0.66 | Det Rec 0.80 | Det FA 0.38 | Epoch Time 33.02s (Eval 0.00s, Train 33.02s)
[STATE 2026-04-29 21:45:49] T8 Ep 8/10 complete: Prec 0.8214 F1 0.6635 DetRec 0.7972 DetFA 0.3770 | 33.02s total (0.00s eval/33.02s train)
[STATE 2026-04-29 21:45:49] Task 8 Epoch 9/10: entering train loop
T8 Ep 9/10 | L 0.6461 | Train Acc 0.84 | Prec 0.83 | F1 0.67 | Det Rec 0.80 | Det FA 0.38 | Epoch Time 32.63s (Eval 0.00s, Train 32.63s)
[STATE 2026-04-29 21:46:22] T8 Ep 9/10 complete: Prec 0.8298 F1 0.6700 DetRec 0.7972 DetFA 0.3799 | 32.63s total (0.00s eval/32.63s train)
[STATE 2026-04-29 21:46:22] Task 8 Epoch 10/10: entering train loop
T8 Ep 10/10 | L 0.6083 | Train Acc 0.86 | Prec 0.84 | F1 0.68 | Det Rec 0.80 | Det FA 0.38 | Epoch Time 32.50s (Eval 0.00s, Train 32.50s)
[STATE 2026-04-29 21:46:54] T8 Ep 10/10 complete: Prec 0.8444 F1 0.6825 DetRec 0.7991 DetFA 0.3769 | 32.50s total (0.00s eval/32.50s train)
[STATE 2026-04-29 21:46:54] Task 8: running final validation.
[STATE 2026-04-29 21:57:12] Completed task 8 (9/10)
Note: Unified mixed IQ test tensors to (N, 3, L) via ADC0 I/Q + zero-padded ADC1/2 (IID2-style) for cumulative CIL.
[STATE 2026-04-29 21:57:14] Task 9: zero-shot validation (pre-train)
---- Zero-shot (pre-train) task 9: rec_cls 0.0085 | prec_cls 0.0004 | f1_cls 0.0114 | det 0.6104 | pfa 0.5922 | total_f1 0.0302 ----
[STATE 2026-04-29 22:09:41] Starting task 9 (10/10)
[STATE 2026-04-29 22:09:41] Task 9 Epoch 1/10: entering train loop
[STATE 2026-04-29 22:09:57] Task 9 Epoch 1/10: running validation (end of epoch)
---- Eval at Epoch 0: cls [0.0015113924273988924, 0.010341017342632014, 0.008777812041768888, 0.014475970009079376, 0.027801978997546797, 0.022219951839985888, 0.016958674687810985, 0.017626982896143017, 0.01413587400465562, 0.02676351175125008] | det_recall [0.4995967705079731, 0.5017821999127836, 0.50401592465434, 0.487609652884639, 0.47374266390045017, 0.4501203576114315, 0.44180360319189155, 0.4600799514854273, 0.4572788045589312, 0.47438374539694783] | det_fa [0.005740451985056483, 0.04982284170949877, 0.15069900037654535, 0.21910563466370808, 0.25271587846927956, 0.41074378761372227, 0.4210681231113511, 0.4071879721532068, 0.46636937031515713, 0.5261849625787378] ----
T9 Ep 1/10 | L 3.0347 | Train Acc 0.26 | Prec 0.24 | F1 0.34 | Det Rec 0.98 | Det FA 0.01 | Epoch Time 759.99s (Eval 744.15s, Train 15.84s)
[STATE 2026-04-29 22:22:21] T9 Ep 1/10 complete: Prec 0.2385 F1 0.3364 DetRec 0.9770 DetFA 0.0125 | 759.99s total (744.15s eval/15.84s train)
[STATE 2026-04-29 22:22:21] Task 9 Epoch 2/10: entering train loop
T9 Ep 2/10 | L 0.9929 | Train Acc 0.43 | Prec 0.41 | F1 0.48 | Det Rec 1.00 | Det FA 0.00 | Epoch Time 15.70s (Eval 0.00s, Train 15.70s)
[STATE 2026-04-29 22:22:36] T9 Ep 2/10 complete: Prec 0.4122 F1 0.4791 DetRec 1.0000 DetFA 0.0000 | 15.70s total (0.00s eval/15.70s train)
[STATE 2026-04-29 22:22:36] Task 9 Epoch 3/10: entering train loop
T9 Ep 3/10 | L 0.9470 | Train Acc 0.44 | Prec 0.42 | F1 0.50 | Det Rec 1.00 | Det FA 0.00 | Epoch Time 15.01s (Eval 0.00s, Train 15.01s)
[STATE 2026-04-29 22:22:51] T9 Ep 3/10 complete: Prec 0.4197 F1 0.4977 DetRec 1.0000 DetFA 0.0000 | 15.01s total (0.00s eval/15.01s train)
[STATE 2026-04-29 22:22:51] Task 9 Epoch 4/10: entering train loop
T9 Ep 4/10 | L 0.9221 | Train Acc 0.45 | Prec 0.45 | F1 0.52 | Det Rec 1.00 | Det FA 0.00 | Epoch Time 15.43s (Eval 0.00s, Train 15.43s)
[STATE 2026-04-29 22:23:07] T9 Ep 4/10 complete: Prec 0.4497 F1 0.5221 DetRec 1.0000 DetFA 0.0000 | 15.43s total (0.00s eval/15.43s train)
[STATE 2026-04-29 22:23:07] Task 9 Epoch 5/10: entering train loop
T9 Ep 5/10 | L 0.9169 | Train Acc 0.45 | Prec 0.45 | F1 0.52 | Det Rec 1.00 | Det FA 0.00 | Epoch Time 15.41s (Eval 0.00s, Train 15.41s)
[STATE 2026-04-29 22:23:22] T9 Ep 5/10 complete: Prec 0.4548 F1 0.5219 DetRec 1.0000 DetFA 0.0000 | 15.41s total (0.00s eval/15.41s train)
[STATE 2026-04-29 22:23:22] Task 9 Epoch 6/10: entering train loop
T9 Ep 6/10 | L 0.9008 | Train Acc 0.45 | Prec 0.45 | F1 0.52 | Det Rec 1.00 | Det FA 0.00 | Epoch Time 15.62s (Eval 0.00s, Train 15.62s)
[STATE 2026-04-29 22:23:38] T9 Ep 6/10 complete: Prec 0.4479 F1 0.5209 DetRec 1.0000 DetFA 0.0000 | 15.62s total (0.00s eval/15.62s train)
[STATE 2026-04-29 22:23:38] Task 9 Epoch 7/10: entering train loop
T9 Ep 7/10 | L 0.9041 | Train Acc 0.46 | Prec 0.45 | F1 0.52 | Det Rec 1.00 | Det FA 0.00 | Epoch Time 15.58s (Eval 0.00s, Train 15.58s)
[STATE 2026-04-29 22:23:53] T9 Ep 7/10 complete: Prec 0.4469 F1 0.5194 DetRec 1.0000 DetFA 0.0000 | 15.58s total (0.00s eval/15.58s train)
[STATE 2026-04-29 22:23:53] Task 9 Epoch 8/10: entering train loop
T9 Ep 8/10 | L 0.8945 | Train Acc 0.47 | Prec 0.48 | F1 0.53 | Det Rec 1.00 | Det FA 0.00 | Epoch Time 15.30s (Eval 0.00s, Train 15.30s)
[STATE 2026-04-29 22:24:09] T9 Ep 8/10 complete: Prec 0.4837 F1 0.5263 DetRec 1.0000 DetFA 0.0000 | 15.30s total (0.00s eval/15.30s train)
[STATE 2026-04-29 22:24:09] Task 9 Epoch 9/10: entering train loop
T9 Ep 9/10 | L 0.8820 | Train Acc 0.47 | Prec 0.46 | F1 0.53 | Det Rec 1.00 | Det FA 0.00 | Epoch Time 15.89s (Eval 0.00s, Train 15.89s)
[STATE 2026-04-29 22:24:25] T9 Ep 9/10 complete: Prec 0.4582 F1 0.5267 DetRec 1.0000 DetFA 0.0000 | 15.89s total (0.00s eval/15.89s train)
[STATE 2026-04-29 22:24:25] Task 9 Epoch 10/10: entering train loop
T9 Ep 10/10 | L 0.8945 | Train Acc 0.46 | Prec 0.43 | F1 0.52 | Det Rec 1.00 | Det FA 0.00 | Epoch Time 15.92s (Eval 0.00s, Train 15.92s)
[STATE 2026-04-29 22:24:41] T9 Ep 10/10 complete: Prec 0.4342 F1 0.5150 DetRec 1.0000 DetFA 0.0000 | 15.92s total (0.00s eval/15.92s train)
[STATE 2026-04-29 22:24:41] Task 9: running final validation.
[STATE 2026-04-29 22:37:10] Completed task 9 (10/10)
####Final Validation Accuracy####
Final Results:- 
 Total Recall: 0.020519530158745972 
 Individual Recall: [0.003782989209829885, 0.009586955256136167, 0.006132536032899804, 0.03541643322418784, 0.03968049350982107, 0.020742471242916272, 0.0163613724654561, 0.013018641351297242, 0.03487636761421878, 0.02559704168069657]
Final Detection Results:- 
 Total Detection: 0.46433776080634653 
 Individual Detection: [0.49844167387298016, 0.5018013398365456, 0.47677506465284525, 0.4519228383363127, 0.42971862487424556, 0.4460480561881174, 0.4392664172944932, 0.4536094549558866, 0.46556774023846176, 0.4802263978135771]
Final Detection False Alarm:- 
 Total False Alarm: 0.3239710856962741 
 Individual False Alarm: [0.021021010771768513, 0.05205472514016249, 0.20333732361490456, 0.32679363430703684, 0.40582989781881235, 0.4032733533364293, 0.4105924334547386, 0.3894902643278894, 0.5008971792838507, 0.5264210349071482]
SUMMARY_TR cls_rec=0.4583 cls_prec=0.4342 cls_f1=0.5150 det=0.4750 fa=0.2910
SUMMARY_TE cls_rec=0.0205 cls_prec=0.0151 cls_f1=0.0339 det=0.4643 fa=0.3240
[STATE 2026-04-29 22:37:10] Saving results to logs//er_ring/full-tasks_CIL_all-2026-04-29_17-46-14-7700/0/results
Model size: 0.0289 GB
Memory buffer size: 0.0197 GB
logs//er_ring/full-tasks_CIL_all-2026-04-29_17-46-14-7700/0/results: {'expt_name': 'full-tasks_CIL_all', 'model': 'er_ring', 'arch': 'resnet1d', 'n_hiddens': 100, 'n_layers': 2, 'xav_init': False, 'debug': False, 'use_detector_arch': False, 'use_groupnorm': False, 'inner_steps': 1, 'n_epochs': 10, 'batch_size': 256, 'replay_batch_size': 128, 'memories': 5120, 'lr': 0.01, 'optimizer': 'sgd', 'prune_perc': 0.75, 'post_prune_epochs': 0, 'class_weighted_ce': True, 'cuda': True, 'seed': 0, 'log_every': 10, 'log_dir': 'logs//er_ring/full-tasks_CIL_all-2026-04-29_17-46-14-7700/0', 'tf_dir': 'logs//er_ring/full-tasks_CIL_all-2026-04-29_17-46-14-7700/0/tfdir', 'calc_test_accuracy': False, 'state_logging': True, 'data_path': 'data/rff/radar/full', 'task_order_files': 't2-rcn,t0-rcn,t2-uclresm-25noise,t0-deeprad,t1-deeprad,t1-uclresm-25noise,t3-deeprad,t0-uclresm-25noise,t1-rcn,t2-deeprad', 'loader': 'class_incremental_loader', 'samples_per_task': -1, 'shuffle_tasks': False, 'classes_per_it': 6, 'iterations': 5000, 'dataset': 'iq', 'workers': 0, 'validation': 0.5, 'data_scaling': 'normalize', 'use_iq_aug_features': False, 'iq_aug_feature_type': 'power', 'class_order': 'random', 'increment': 5, 'test_batch_size': 512, 'nc_per_task': None, 'nc_per_task_list': '', 'val_rate': 1000, 'opt_lr': 0.1, 'opt_wt': 0.1, 'alpha_init': 0.001, 'momentum': 0.0, 'learn_lr': False, 'sync_update': False, 'grad_clip_norm': 5.0, 'meta_batches': 3, 'use_old_task_memory': False, 'second_order': False, 'n_memories': 5120, 'memory_strength': 0, 'memory_loss_lambda': 0.1, 'steps_per_sample': 1, 'bgd_optimizer': 'sgd', 'optimizer_params': '{}', 'train_mc_iters': 5, 'std_init': 0.05, 'mean_eta': 1, 'fisher_gamma': 0.95, 'rln': 7, 'meta_lr': 0.001, 'update_lr': 0.1, 'ctx_lr': 0.05, 'n_meta': 1, 'temperature': 5.0, 'task_emb': 64, 'noise_label': 54, 'classes_per_task': [5, 6, 5, 6, 6, 5, 5, 5, 6, 5], 'get_samples_per_task': <bound method IncrementalLoader.get_samples_per_task of <dataloaders.class_incremental_loader.IncrementalLoader object at 0x7b6e89011df0>>, 'task_epoch_schedule': {}} # val: 0.188 0.021 -0.167 0.000 # sizes: model_gb=0.0289 mem_gb=0.0197 # 17389.09615111351
[STATE 2026-04-29 22:37:10] results.pt components (approx): state_dict 29.6 MB, result_val_t 0.1 KB, result_val_a 0.8 KB
[STATE 2026-04-29 22:37:10] Results saved; total runtime 4.83h
Total runtime: 4.83 hours
