[STATE 2026-04-29 22:37:14] Enabling terminal logging to logs//agem/full-tasks_CIL_all-2026-04-29_22-37-14-4590/0/terminal.log
New Experiment Starting...
Running model:  agem
[STATE 2026-04-29 22:37:14] Experiment 'full-tasks_CIL_all' starting with model 'agem' (seed 0)
Set seed 0
t2-rcn.npz train: x=(50362, 1024), y=(50362, 2)
t2-rcn.npz test: x=(16787, 1024), y=(16787, 2)
t2-rcn.npz: applied data scaling mode 'normalize'.
Loaded t2-rcn.npz: Unique train labels: UniqueCountsResult(values=array([-1,  3,  5, 10, 12, 15]), counts=array([24209,  5770,  3030,  2320,  7509,  7524]))
Noise labels ratio in t2-rcn.npz train: 0.24, test: 0.24
Loaded t2-rcn.npz: Remapped labels: [-1  0  1  2  3  4]. Size: 50362)
t0-rcn.npz train: x=(51916, 1024), y=(51916, 2)
t0-rcn.npz test: x=(17305, 1024), y=(17305, 2)
t0-rcn.npz: applied data scaling mode 'normalize'.
Loaded t0-rcn.npz: Unique train labels: UniqueCountsResult(values=array([-1,  1,  8,  9, 11, 13, 14]), counts=array([24225,  4268,  2495,  2943,  3015,  7464,  7506]))
Noise labels ratio in t0-rcn.npz train: 0.23, test: 0.23
Loaded t0-rcn.npz: Remapped labels: [-1  5  6  7  8  9 10]. Size: 51916)
t2-uclresm-25noise.npz train: moved sample axis (3, 350028, 1024) -> (350028, 3, 1024)
t2-uclresm-25noise.npz test: moved sample axis (3, 233351, 1024) -> (233351, 3, 1024)
t2-uclresm-25noise.npz train: x=(350028, 3, 1024), y=(350028,)
t2-uclresm-25noise.npz test: x=(233351, 3, 1024), y=(233351,)
t2-uclresm-25noise.npz: applied data scaling mode 'normalize'.
Loaded t2-uclresm-25noise.npz: Unique train labels: UniqueCountsResult(values=array([-1,  0,  1,  2,  3,  4]), counts=array([87441, 27347, 71754, 64298, 36005, 63183]))
Noise labels ratio in t2-uclresm-25noise.npz train: 0.25, test: 0.25
Loaded t2-uclresm-25noise.npz: Remapped labels: [-1 11 12 13 14 15]. Size: 350028)
t0-deeprad.npz train: x=(24480, 1024), y=(24480, 2)
t0-deeprad.npz test: x=(8160, 1024), y=(8160, 2)
t0-deeprad.npz: applied data scaling mode 'normalize'.
Loaded t0-deeprad.npz: Unique train labels: UniqueCountsResult(values=array([-1,  0,  1,  2,  3,  4,  5]), counts=array([12240,  2029,  1983,  2043,  2154,  2015,  2016]))
Noise labels ratio in t0-deeprad.npz train: 0.25, test: 0.25
Loaded t0-deeprad.npz: Remapped labels: [-1 16 17 18 19 20 21]. Size: 24480)
t1-deeprad.npz train: x=(24480, 1024), y=(24480, 2)
t1-deeprad.npz test: x=(8160, 1024), y=(8160, 2)
t1-deeprad.npz: applied data scaling mode 'normalize'.
Loaded t1-deeprad.npz: Unique train labels: UniqueCountsResult(values=array([-1,  0,  1,  2,  3,  4,  5]), counts=array([12240,  1988,  2029,  2054,  1988,  2053,  2128]))
Noise labels ratio in t1-deeprad.npz train: 0.25, test: 0.25
Loaded t1-deeprad.npz: Remapped labels: [-1 22 23 24 25 26 27]. Size: 24480)
t1-uclresm-25noise.npz train: moved sample axis (3, 201410, 1024) -> (201410, 3, 1024)
t1-uclresm-25noise.npz test: moved sample axis (3, 116291, 1024) -> (116291, 3, 1024)
t1-uclresm-25noise.npz train: x=(201410, 3, 1024), y=(201410,)
t1-uclresm-25noise.npz test: x=(116291, 3, 1024), y=(116291,)
t1-uclresm-25noise.npz: applied data scaling mode 'normalize'.
Loaded t1-uclresm-25noise.npz: Unique train labels: UniqueCountsResult(values=array([-1,  0,  1,  2,  3,  4]), counts=array([43668, 18021, 17838, 18087, 31870, 71926]))
Noise labels ratio in t1-uclresm-25noise.npz train: 0.22, test: 0.25
Loaded t1-uclresm-25noise.npz: Remapped labels: [-1 28 29 30 31 32]. Size: 201410)
t3-deeprad.npz train: x=(17340, 1024), y=(17340, 2)
t3-deeprad.npz test: x=(6800, 1024), y=(6800, 2)
t3-deeprad.npz: applied data scaling mode 'normalize'.
Loaded t3-deeprad.npz: Unique train labels: UniqueCountsResult(values=array([-1,  0,  1,  2,  3,  4]), counts=array([8670, 1693, 1677, 1794, 1716, 1790]))
Noise labels ratio in t3-deeprad.npz train: 0.25, test: 0.25
Loaded t3-deeprad.npz: Remapped labels: [-1 33 34 35 36 37]. Size: 17340)
t0-uclresm-25noise.npz train: moved sample axis (3, 188050, 1024) -> (188050, 3, 1024)
t0-uclresm-25noise.npz test: moved sample axis (3, 107348, 1024) -> (107348, 3, 1024)
t0-uclresm-25noise.npz train: x=(188050, 3, 1024), y=(188050,)
t0-uclresm-25noise.npz test: x=(107348, 3, 1024), y=(107348,)
t0-uclresm-25noise.npz: applied data scaling mode 'normalize'.
Loaded t0-uclresm-25noise.npz: Unique train labels: UniqueCountsResult(values=array([-1,  0,  1,  2,  3,  4]), counts=array([40144, 32109, 17978, 17979, 18098, 61742]))
Noise labels ratio in t0-uclresm-25noise.npz train: 0.21, test: 0.25
Loaded t0-uclresm-25noise.npz: Remapped labels: [-1 38 39 40 41 42]. Size: 188050)
t1-rcn.npz train: x=(36658, 1024), y=(36658, 2)
t1-rcn.npz test: x=(12220, 1024), y=(12220, 2)
t1-rcn.npz: applied data scaling mode 'normalize'.
Loaded t1-rcn.npz: Unique train labels: UniqueCountsResult(values=array([-1,  0,  2,  4,  6,  7, 16]), counts=array([20595,   824,  2087,  2606,  2396,  1716,  6434]))
Noise labels ratio in t1-rcn.npz train: 0.28, test: 0.28
Loaded t1-rcn.npz: Remapped labels: [-1 43 44 45 46 47 48]. Size: 36658)
t2-deeprad.npz train: x=(17340, 1024), y=(17340, 2)
t2-deeprad.npz test: x=(6800, 1024), y=(6800, 2)
t2-deeprad.npz: applied data scaling mode 'normalize'.
Loaded t2-deeprad.npz: Unique train labels: UniqueCountsResult(values=array([-1,  0,  1,  2,  3,  4]), counts=array([8670, 1774, 1675, 1777, 1694, 1750]))
Noise labels ratio in t2-deeprad.npz train: 0.25, test: 0.25
Loaded t2-deeprad.npz: Remapped labels: [-1 49 50 51 52 53]. Size: 17340)
Built IQ classes_per_task (increments): [5, 6, 5, 6, 6, 5, 5, 5, 6, 5]
Classes per task: [5, 6, 5, 6, 6, 5, 5, 5, 6, 5]
[STATE 2026-04-29 22:38:22] Loader 'class_incremental_loader' ready: 1024 inputs, 55 outputs, 10 tasks
n_outputs: 55 	n_tasks: 10
[STATE 2026-04-29 22:38:22] Logging to logs//agem/full-tasks_CIL_all-2026-04-29_22-37-14-4590/0
True
Model device: cuda:0
[STATE 2026-04-29 22:38:22] Model initialized on device cuda:0
[STATE 2026-04-29 22:38:22] Invoking continual life experience flow
[STATE 2026-04-29 22:38:22] Life experience start: 10 tasks queued
[STATE 2026-04-29 22:38:22] Legacy epoch behavior enabled: using n_epochs=10 for all tasks
[STATE 2026-04-29 22:38:22] Task 0: zero-shot validation (pre-train)
---- Zero-shot (pre-train) task 0: rec_cls 0.0002 | prec_cls 0.0061 | f1_cls 0.1062 | det 0.4988 | pfa 0.0663 | total_f1 0.1062 ----
[STATE 2026-04-29 22:38:27] Starting task 0 (1/10)
[STATE 2026-04-29 22:38:27] Task 0 Epoch 1/10: entering train loop
[STATE 2026-04-29 22:38:54] Task 0 Epoch 1/10: running validation (end of epoch)
---- Eval at Epoch 0: cls [0.83276420784183] | det_recall [0.8874676958371868] | det_fa [0.18390367778785457] ----
T0 Ep 1/10 | L 0.9019 | Train Acc 0.65 | Prec 0.66 | F1 0.60 | Det Rec 0.82 | Det FA 0.30 | Epoch Time 31.44s (Eval 4.64s, Train 26.80s)
[STATE 2026-04-29 22:38:59] T0 Ep 1/10 complete: Prec 0.6631 F1 0.6026 DetRec 0.8179 DetFA 0.3042 | 31.44s total (4.64s eval/26.80s train)
[STATE 2026-04-29 22:38:59] Task 0 Epoch 2/10: entering train loop
T0 Ep 2/10 | L 0.4437 | Train Acc 0.85 | Prec 0.87 | F1 0.79 | Det Rec 0.88 | Det FA 0.23 | Epoch Time 27.50s (Eval 0.00s, Train 27.50s)
[STATE 2026-04-29 22:39:26] T0 Ep 2/10 complete: Prec 0.8662 F1 0.7945 DetRec 0.8770 DetFA 0.2263 | 27.50s total (0.00s eval/27.50s train)
[STATE 2026-04-29 22:39:26] Task 0 Epoch 3/10: entering train loop
T0 Ep 3/10 | L 0.3721 | Train Acc 0.88 | Prec 0.90 | F1 0.82 | Det Rec 0.88 | Det FA 0.21 | Epoch Time 27.90s (Eval 0.00s, Train 27.90s)
[STATE 2026-04-29 22:39:54] T0 Ep 3/10 complete: Prec 0.8951 F1 0.8246 DetRec 0.8845 DetFA 0.2124 | 27.90s total (0.00s eval/27.90s train)
[STATE 2026-04-29 22:39:54] Task 0 Epoch 4/10: entering train loop
T0 Ep 4/10 | L 0.3441 | Train Acc 0.90 | Prec 0.91 | F1 0.83 | Det Rec 0.88 | Det FA 0.22 | Epoch Time 27.59s (Eval 0.00s, Train 27.59s)
[STATE 2026-04-29 22:40:22] T0 Ep 4/10 complete: Prec 0.9066 F1 0.8348 DetRec 0.8829 DetFA 0.2171 | 27.59s total (0.00s eval/27.59s train)
[STATE 2026-04-29 22:40:22] Task 0 Epoch 5/10: entering train loop
T0 Ep 5/10 | L 0.3224 | Train Acc 0.90 | Prec 0.91 | F1 0.84 | Det Rec 0.88 | Det FA 0.21 | Epoch Time 26.67s (Eval 0.00s, Train 26.67s)
[STATE 2026-04-29 22:40:48] T0 Ep 5/10 complete: Prec 0.9121 F1 0.8413 DetRec 0.8848 DetFA 0.2137 | 26.67s total (0.00s eval/26.67s train)
[STATE 2026-04-29 22:40:48] Task 0 Epoch 6/10: entering train loop
T0 Ep 6/10 | L 0.2972 | Train Acc 0.91 | Prec 0.92 | F1 0.85 | Det Rec 0.89 | Det FA 0.21 | Epoch Time 27.36s (Eval 0.00s, Train 27.36s)
[STATE 2026-04-29 22:41:16] T0 Ep 6/10 complete: Prec 0.9230 F1 0.8502 DetRec 0.8857 DetFA 0.2126 | 27.36s total (0.00s eval/27.36s train)
[STATE 2026-04-29 22:41:16] Task 0 Epoch 7/10: entering train loop
T0 Ep 7/10 | L 0.2938 | Train Acc 0.92 | Prec 0.93 | F1 0.85 | Det Rec 0.89 | Det FA 0.21 | Epoch Time 27.65s (Eval 0.00s, Train 27.65s)
[STATE 2026-04-29 22:41:43] T0 Ep 7/10 complete: Prec 0.9271 F1 0.8539 DetRec 0.8860 DetFA 0.2126 | 27.65s total (0.00s eval/27.65s train)
[STATE 2026-04-29 22:41:43] Task 0 Epoch 8/10: entering train loop
T0 Ep 8/10 | L 0.2630 | Train Acc 0.93 | Prec 0.94 | F1 0.86 | Det Rec 0.89 | Det FA 0.21 | Epoch Time 27.66s (Eval 0.00s, Train 27.66s)
[STATE 2026-04-29 22:42:11] T0 Ep 8/10 complete: Prec 0.9379 F1 0.8628 DetRec 0.8865 DetFA 0.2111 | 27.66s total (0.00s eval/27.66s train)
[STATE 2026-04-29 22:42:11] Task 0 Epoch 9/10: entering train loop
T0 Ep 9/10 | L 0.2581 | Train Acc 0.93 | Prec 0.94 | F1 0.86 | Det Rec 0.89 | Det FA 0.21 | Epoch Time 27.32s (Eval 0.00s, Train 27.32s)
[STATE 2026-04-29 22:42:38] T0 Ep 9/10 complete: Prec 0.9375 F1 0.8639 DetRec 0.8870 DetFA 0.2104 | 27.32s total (0.00s eval/27.32s train)
[STATE 2026-04-29 22:42:38] Task 0 Epoch 10/10: entering train loop
T0 Ep 10/10 | L 0.2346 | Train Acc 0.94 | Prec 0.95 | F1 0.87 | Det Rec 0.89 | Det FA 0.21 | Epoch Time 28.29s (Eval 0.00s, Train 28.29s)
[STATE 2026-04-29 22:43:06] T0 Ep 10/10 complete: Prec 0.9483 F1 0.8735 DetRec 0.8891 DetFA 0.2052 | 28.29s total (0.00s eval/28.29s train)
[STATE 2026-04-29 22:43:06] Task 0: running final validation.
[STATE 2026-04-29 22:43:11] Completed task 0 (1/10)
[STATE 2026-04-29 22:43:11] Task 1: zero-shot validation (pre-train)
---- Zero-shot (pre-train) task 1: rec_cls 0.3980 | prec_cls 0.2187 | f1_cls 0.2513 | det 0.6906 | pfa 0.5862 | total_f1 0.5417 ----
[STATE 2026-04-29 22:43:26] Starting task 1 (2/10)
[STATE 2026-04-29 22:43:26] Task 1 Epoch 1/10: entering train loop
[STATE 2026-04-29 22:43:59] Task 1 Epoch 1/10: running validation (end of epoch)
---- Eval at Epoch 0: cls [0.0, 0.338946288327756] | det_recall [0.5, 0.6754673078726692] | det_fa [0.0, 0.4904321903173541] ----
T1 Ep 1/10 | L 1.0159 | Train Acc 0.67 | Prec 0.72 | F1 0.58 | Det Rec 0.73 | Det FA 0.49 | Epoch Time 47.44s (Eval 14.03s, Train 33.40s)
[STATE 2026-04-29 22:44:13] T1 Ep 1/10 complete: Prec 0.7168 F1 0.5761 DetRec 0.7252 DetFA 0.4854 | 47.44s total (14.03s eval/33.40s train)
[STATE 2026-04-29 22:44:13] Task 1 Epoch 2/10: entering train loop
T1 Ep 2/10 | L 0.5032 | Train Acc 0.83 | Prec 0.86 | F1 0.75 | Det Rec 0.84 | Det FA 0.28 | Epoch Time 32.93s (Eval 0.00s, Train 32.93s)
[STATE 2026-04-29 22:44:46] T1 Ep 2/10 complete: Prec 0.8592 F1 0.7542 DetRec 0.8401 DetFA 0.2792 | 32.93s total (0.00s eval/32.93s train)
[STATE 2026-04-29 22:44:46] Task 1 Epoch 3/10: entering train loop
T1 Ep 3/10 | L 0.4183 | Train Acc 0.85 | Prec 0.88 | F1 0.79 | Det Rec 0.87 | Det FA 0.22 | Epoch Time 33.71s (Eval 0.00s, Train 33.71s)
[STATE 2026-04-29 22:45:20] T1 Ep 3/10 complete: Prec 0.8816 F1 0.7922 DetRec 0.8697 DetFA 0.2198 | 33.71s total (0.00s eval/33.71s train)
[STATE 2026-04-29 22:45:20] Task 1 Epoch 4/10: entering train loop
T1 Ep 4/10 | L 0.3746 | Train Acc 0.87 | Prec 0.89 | F1 0.82 | Det Rec 0.88 | Det FA 0.20 | Epoch Time 33.50s (Eval 0.00s, Train 33.50s)
[STATE 2026-04-29 22:45:53] T1 Ep 4/10 complete: Prec 0.8946 F1 0.8160 DetRec 0.8823 DetFA 0.2023 | 33.50s total (0.00s eval/33.50s train)
[STATE 2026-04-29 22:45:53] Task 1 Epoch 5/10: entering train loop
T1 Ep 5/10 | L 0.3356 | Train Acc 0.88 | Prec 0.90 | F1 0.83 | Det Rec 0.89 | Det FA 0.19 | Epoch Time 32.15s (Eval 0.00s, Train 32.15s)
[STATE 2026-04-29 22:46:25] T1 Ep 5/10 complete: Prec 0.9046 F1 0.8311 DetRec 0.8919 DetFA 0.1873 | 32.15s total (0.00s eval/32.15s train)
[STATE 2026-04-29 22:46:25] Task 1 Epoch 6/10: entering train loop
T1 Ep 6/10 | L 0.3111 | Train Acc 0.89 | Prec 0.91 | F1 0.84 | Det Rec 0.90 | Det FA 0.17 | Epoch Time 32.59s (Eval 0.00s, Train 32.59s)
[STATE 2026-04-29 22:46:58] T1 Ep 6/10 complete: Prec 0.9126 F1 0.8449 DetRec 0.8994 DetFA 0.1739 | 32.59s total (0.00s eval/32.59s train)
[STATE 2026-04-29 22:46:58] Task 1 Epoch 7/10: entering train loop
T1 Ep 7/10 | L 0.2889 | Train Acc 0.90 | Prec 0.92 | F1 0.85 | Det Rec 0.90 | Det FA 0.17 | Epoch Time 32.58s (Eval 0.00s, Train 32.58s)
[STATE 2026-04-29 22:47:31] T1 Ep 7/10 complete: Prec 0.9189 F1 0.8518 DetRec 0.9009 DetFA 0.1727 | 32.58s total (0.00s eval/32.58s train)
[STATE 2026-04-29 22:47:31] Task 1 Epoch 8/10: entering train loop
T1 Ep 8/10 | L 0.2752 | Train Acc 0.91 | Prec 0.93 | F1 0.86 | Det Rec 0.90 | Det FA 0.17 | Epoch Time 32.99s (Eval 0.00s, Train 32.99s)
[STATE 2026-04-29 22:48:04] T1 Ep 8/10 complete: Prec 0.9279 F1 0.8612 DetRec 0.9027 DetFA 0.1702 | 32.99s total (0.00s eval/32.99s train)
[STATE 2026-04-29 22:48:04] Task 1 Epoch 9/10: entering train loop
T1 Ep 9/10 | L 0.2764 | Train Acc 0.91 | Prec 0.93 | F1 0.86 | Det Rec 0.91 | Det FA 0.17 | Epoch Time 33.77s (Eval 0.00s, Train 33.77s)
[STATE 2026-04-29 22:48:37] T1 Ep 9/10 complete: Prec 0.9254 F1 0.8598 DetRec 0.9053 DetFA 0.1658 | 33.77s total (0.00s eval/33.77s train)
[STATE 2026-04-29 22:48:37] Task 1 Epoch 10/10: entering train loop
T1 Ep 10/10 | L 0.2539 | Train Acc 0.92 | Prec 0.94 | F1 0.87 | Det Rec 0.91 | Det FA 0.16 | Epoch Time 33.93s (Eval 0.00s, Train 33.93s)
[STATE 2026-04-29 22:49:11] T1 Ep 10/10 complete: Prec 0.9363 F1 0.8733 DetRec 0.9094 DetFA 0.1572 | 33.93s total (0.00s eval/33.93s train)
[STATE 2026-04-29 22:49:11] Task 1: running final validation.
[STATE 2026-04-29 22:49:26] Completed task 1 (2/10)
Note: Unified mixed IQ test tensors to (N, 3, L) via ADC0 I/Q + zero-padded ADC1/2 (IID2-style) for cumulative CIL.
[STATE 2026-04-29 22:49:27] Task 2: zero-shot validation (pre-train)
---- Zero-shot (pre-train) task 2: rec_cls 0.0636 | prec_cls 0.0092 | f1_cls 0.0144 | det 0.4333 | pfa 0.9204 | total_f1 0.1415 ----
[STATE 2026-04-29 22:50:39] Starting task 2 (3/10)
[STATE 2026-04-29 22:50:39] Task 2 Epoch 1/10: entering train loop
[STATE 2026-04-29 22:54:57] Task 2 Epoch 1/10: running validation (end of epoch)
---- Eval at Epoch 0: cls [0.0, 0.0, 0.09835141557492173] | det_recall [0.5, 0.5, 0.6705502366598225] | det_fa [0.0, 0.0, 0.6217834353576162] ----
T2 Ep 1/10 | L 1.2865 | Train Acc 0.46 | Prec 0.48 | F1 0.47 | Det Rec 0.80 | Det FA 0.33 | Epoch Time 331.33s (Eval 73.33s, Train 258.00s)
[STATE 2026-04-29 22:56:10] T2 Ep 1/10 complete: Prec 0.4846 F1 0.4745 DetRec 0.8013 DetFA 0.3345 | 331.33s total (73.33s eval/258.00s train)
[STATE 2026-04-29 22:56:10] Task 2 Epoch 2/10: entering train loop
T2 Ep 2/10 | L 0.7336 | Train Acc 0.70 | Prec 0.73 | F1 0.69 | Det Rec 0.84 | Det FA 0.26 | Epoch Time 257.78s (Eval 0.00s, Train 257.78s)
[STATE 2026-04-29 23:00:28] T2 Ep 2/10 complete: Prec 0.7303 F1 0.6910 DetRec 0.8414 DetFA 0.2636 | 257.78s total (0.00s eval/257.78s train)
[STATE 2026-04-29 23:00:28] Task 2 Epoch 3/10: entering train loop
T2 Ep 3/10 | L 0.6406 | Train Acc 0.74 | Prec 0.76 | F1 0.72 | Det Rec 0.86 | Det FA 0.24 | Epoch Time 259.24s (Eval 0.00s, Train 259.24s)
[STATE 2026-04-29 23:04:47] T2 Ep 3/10 complete: Prec 0.7631 F1 0.7249 DetRec 0.8558 DetFA 0.2391 | 259.24s total (0.00s eval/259.24s train)
[STATE 2026-04-29 23:04:47] Task 2 Epoch 4/10: entering train loop
T2 Ep 4/10 | L 0.5951 | Train Acc 0.76 | Prec 0.78 | F1 0.74 | Det Rec 0.86 | Det FA 0.22 | Epoch Time 256.78s (Eval 0.00s, Train 256.78s)
[STATE 2026-04-29 23:09:04] T2 Ep 4/10 complete: Prec 0.7807 F1 0.7438 DetRec 0.8645 DetFA 0.2229 | 256.78s total (0.00s eval/256.78s train)
[STATE 2026-04-29 23:09:04] Task 2 Epoch 5/10: entering train loop
T2 Ep 5/10 | L 0.5638 | Train Acc 0.77 | Prec 0.79 | F1 0.76 | Det Rec 0.87 | Det FA 0.22 | Epoch Time 255.76s (Eval 0.00s, Train 255.76s)
[STATE 2026-04-29 23:13:19] T2 Ep 5/10 complete: Prec 0.7904 F1 0.7555 DetRec 0.8681 DetFA 0.2186 | 255.76s total (0.00s eval/255.76s train)
[STATE 2026-04-29 23:13:19] Task 2 Epoch 6/10: entering train loop
T2 Ep 6/10 | L 0.5402 | Train Acc 0.78 | Prec 0.80 | F1 0.77 | Det Rec 0.87 | Det FA 0.21 | Epoch Time 255.84s (Eval 0.00s, Train 255.84s)
[STATE 2026-04-29 23:17:35] T2 Ep 6/10 complete: Prec 0.8003 F1 0.7659 DetRec 0.8727 DetFA 0.2082 | 255.84s total (0.00s eval/255.84s train)
[STATE 2026-04-29 23:17:35] Task 2 Epoch 7/10: entering train loop
T2 Ep 7/10 | L 0.5166 | Train Acc 0.79 | Prec 0.81 | F1 0.78 | Det Rec 0.88 | Det FA 0.20 | Epoch Time 258.19s (Eval 0.00s, Train 258.19s)
[STATE 2026-04-29 23:21:54] T2 Ep 7/10 complete: Prec 0.8103 F1 0.7755 DetRec 0.8759 DetFA 0.2020 | 258.19s total (0.00s eval/258.19s train)
[STATE 2026-04-29 23:21:54] Task 2 Epoch 8/10: entering train loop
T2 Ep 8/10 | L 0.5015 | Train Acc 0.80 | Prec 0.82 | F1 0.78 | Det Rec 0.88 | Det FA 0.20 | Epoch Time 256.94s (Eval 0.00s, Train 256.94s)
[STATE 2026-04-29 23:26:10] T2 Ep 8/10 complete: Prec 0.8151 F1 0.7818 DetRec 0.8782 DetFA 0.2014 | 256.94s total (0.00s eval/256.94s train)
[STATE 2026-04-29 23:26:10] Task 2 Epoch 9/10: entering train loop
T2 Ep 9/10 | L 0.4848 | Train Acc 0.81 | Prec 0.82 | F1 0.79 | Det Rec 0.88 | Det FA 0.20 | Epoch Time 255.51s (Eval 0.00s, Train 255.51s)
[STATE 2026-04-29 23:30:26] T2 Ep 9/10 complete: Prec 0.8212 F1 0.7890 DetRec 0.8813 DetFA 0.1954 | 255.51s total (0.00s eval/255.51s train)
[STATE 2026-04-29 23:30:26] Task 2 Epoch 10/10: entering train loop
T2 Ep 10/10 | L 0.4690 | Train Acc 0.82 | Prec 0.83 | F1 0.80 | Det Rec 0.88 | Det FA 0.19 | Epoch Time 256.61s (Eval 0.00s, Train 256.61s)
[STATE 2026-04-29 23:34:43] T2 Ep 10/10 complete: Prec 0.8289 F1 0.7961 DetRec 0.8835 DetFA 0.1929 | 256.61s total (0.00s eval/256.61s train)
[STATE 2026-04-29 23:34:43] Task 2: running final validation.
[STATE 2026-04-29 23:35:55] Completed task 2 (3/10)
Note: Unified mixed IQ test tensors to (N, 3, L) via ADC0 I/Q + zero-padded ADC1/2 (IID2-style) for cumulative CIL.
[STATE 2026-04-29 23:35:55] Task 3: zero-shot validation (pre-train)
---- Zero-shot (pre-train) task 3: rec_cls 0.0887 | prec_cls 0.0830 | f1_cls 0.0954 | det 0.6645 | pfa 0.6177 | total_f1 0.0980 ----
[STATE 2026-04-29 23:38:08] Starting task 3 (4/10)
[STATE 2026-04-29 23:38:08] Task 3 Epoch 1/10: entering train loop
[STATE 2026-04-29 23:38:31] Task 3 Epoch 1/10: running validation (end of epoch)
---- Eval at Epoch 0: cls [0.00022446689113355778, 8.884150675195451e-05, 0.013551499157531748, 0.07457249494813006] | det_recall [0.5000628693574752, 0.5001681691298212, 0.522944452324551, 0.5133858337366785] | det_fa [0.0, 0.0, 0.10895496139117998, 0.5400182575168283] ----
T3 Ep 1/10 | L 3.2437 | Train Acc 0.33 | Prec 0.29 | F1 0.37 | Det Rec 0.90 | Det FA 0.10 | Epoch Time 154.70s (Eval 131.85s, Train 22.85s)
[STATE 2026-04-29 23:40:43] T3 Ep 1/10 complete: Prec 0.2891 F1 0.3704 DetRec 0.9006 DetFA 0.0977 | 154.70s total (131.85s eval/22.85s train)
[STATE 2026-04-29 23:40:43] Task 3 Epoch 2/10: entering train loop
T3 Ep 2/10 | L 0.8115 | Train Acc 0.59 | Prec 0.59 | F1 0.63 | Det Rec 0.99 | Det FA 0.01 | Epoch Time 23.45s (Eval 0.00s, Train 23.45s)
[STATE 2026-04-29 23:41:06] T3 Ep 2/10 complete: Prec 0.5876 F1 0.6303 DetRec 0.9926 DetFA 0.0130 | 23.45s total (0.00s eval/23.45s train)
[STATE 2026-04-29 23:41:06] Task 3 Epoch 3/10: entering train loop
T3 Ep 3/10 | L 0.7495 | Train Acc 0.62 | Prec 0.62 | F1 0.66 | Det Rec 0.99 | Det FA 0.01 | Epoch Time 22.17s (Eval 0.00s, Train 22.17s)
[STATE 2026-04-29 23:41:29] T3 Ep 3/10 complete: Prec 0.6174 F1 0.6582 DetRec 0.9946 DetFA 0.0099 | 22.17s total (0.00s eval/22.17s train)
[STATE 2026-04-29 23:41:29] Task 3 Epoch 4/10: entering train loop
T3 Ep 4/10 | L 0.7248 | Train Acc 0.63 | Prec 0.64 | F1 0.68 | Det Rec 1.00 | Det FA 0.00 | Epoch Time 23.54s (Eval 0.00s, Train 23.54s)
[STATE 2026-04-29 23:41:52] T3 Ep 4/10 complete: Prec 0.6409 F1 0.6784 DetRec 0.9975 DetFA 0.0048 | 23.54s total (0.00s eval/23.54s train)
[STATE 2026-04-29 23:41:52] Task 3 Epoch 5/10: entering train loop
T3 Ep 5/10 | L 0.7338 | Train Acc 0.63 | Prec 0.63 | F1 0.67 | Det Rec 1.00 | Det FA 0.00 | Epoch Time 22.99s (Eval 0.00s, Train 22.99s)
[STATE 2026-04-29 23:42:15] T3 Ep 5/10 complete: Prec 0.6301 F1 0.6700 DetRec 0.9989 DetFA 0.0018 | 22.99s total (0.00s eval/22.99s train)
[STATE 2026-04-29 23:42:15] Task 3 Epoch 6/10: entering train loop
T3 Ep 6/10 | L 0.7110 | Train Acc 0.63 | Prec 0.64 | F1 0.68 | Det Rec 1.00 | Det FA 0.00 | Epoch Time 21.99s (Eval 0.00s, Train 21.99s)
[STATE 2026-04-29 23:42:37] T3 Ep 6/10 complete: Prec 0.6414 F1 0.6802 DetRec 0.9995 DetFA 0.0008 | 21.99s total (0.00s eval/21.99s train)
[STATE 2026-04-29 23:42:37] Task 3 Epoch 7/10: entering train loop
T3 Ep 7/10 | L 0.6846 | Train Acc 0.65 | Prec 0.66 | F1 0.69 | Det Rec 1.00 | Det FA 0.00 | Epoch Time 22.45s (Eval 0.00s, Train 22.45s)
[STATE 2026-04-29 23:43:00] T3 Ep 7/10 complete: Prec 0.6586 F1 0.6948 DetRec 0.9992 DetFA 0.0013 | 22.45s total (0.00s eval/22.45s train)
[STATE 2026-04-29 23:43:00] Task 3 Epoch 8/10: entering train loop
T3 Ep 8/10 | L 0.6746 | Train Acc 0.66 | Prec 0.66 | F1 0.70 | Det Rec 1.00 | Det FA 0.00 | Epoch Time 23.09s (Eval 0.00s, Train 23.09s)
[STATE 2026-04-29 23:43:23] T3 Ep 8/10 complete: Prec 0.6605 F1 0.6989 DetRec 0.9990 DetFA 0.0018 | 23.09s total (0.00s eval/23.09s train)
[STATE 2026-04-29 23:43:23] Task 3 Epoch 9/10: entering train loop
T3 Ep 9/10 | L 0.6762 | Train Acc 0.66 | Prec 0.67 | F1 0.70 | Det Rec 1.00 | Det FA 0.00 | Epoch Time 23.28s (Eval 0.00s, Train 23.28s)
[STATE 2026-04-29 23:43:46] T3 Ep 9/10 complete: Prec 0.6680 F1 0.7030 DetRec 0.9997 DetFA 0.0005 | 23.28s total (0.00s eval/23.28s train)
[STATE 2026-04-29 23:43:46] Task 3 Epoch 10/10: entering train loop
T3 Ep 10/10 | L 0.6565 | Train Acc 0.67 | Prec 0.68 | F1 0.71 | Det Rec 1.00 | Det FA 0.00 | Epoch Time 22.83s (Eval 0.00s, Train 22.83s)
[STATE 2026-04-29 23:44:09] T3 Ep 10/10 complete: Prec 0.6757 F1 0.7112 DetRec 0.9988 DetFA 0.0023 | 22.83s total (0.00s eval/22.83s train)
[STATE 2026-04-29 23:44:09] Task 3: running final validation.
[STATE 2026-04-29 23:46:19] Completed task 3 (4/10)
Note: Unified mixed IQ test tensors to (N, 3, L) via ADC0 I/Q + zero-padded ADC1/2 (IID2-style) for cumulative CIL.
[STATE 2026-04-29 23:46:20] Task 4: zero-shot validation (pre-train)
---- Zero-shot (pre-train) task 4: rec_cls 0.0826 | prec_cls 0.0170 | f1_cls 0.0283 | det 0.5550 | pfa 0.5824 | total_f1 0.0530 ----
[STATE 2026-04-29 23:49:34] Starting task 4 (5/10)
[STATE 2026-04-29 23:49:34] Task 4 Epoch 1/10: entering train loop
[STATE 2026-04-29 23:50:00] Task 4 Epoch 1/10: running validation (end of epoch)
---- Eval at Epoch 0: cls [0.02127513101914348, 0.009972557129328876, 0.015708367438075736, 0.04299588213474119, 0.05860430654178395] | det_recall [0.5267361565420295, 0.5465212635652249, 0.45705126561760157, 0.48237464278698866, 0.4839080494085033] | det_fa [0.017469053230151667, 0.04021835269669463, 0.3941611779179038, 0.4710752809082718, 0.5760687837087808] ----
T4 Ep 1/10 | L 2.1407 | Train Acc 0.27 | Prec 0.24 | F1 0.33 | Det Rec 1.00 | Det FA 0.00 | Epoch Time 221.14s (Eval 194.29s, Train 26.85s)
[STATE 2026-04-29 23:53:15] T4 Ep 1/10 complete: Prec 0.2431 F1 0.3329 DetRec 1.0000 DetFA 0.0000 | 221.14s total (194.29s eval/26.85s train)
[STATE 2026-04-29 23:53:15] Task 4 Epoch 2/10: entering train loop
T4 Ep 2/10 | L 0.9857 | Train Acc 0.37 | Prec 0.36 | F1 0.42 | Det Rec 1.00 | Det FA 0.00 | Epoch Time 26.49s (Eval 0.00s, Train 26.49s)
[STATE 2026-04-29 23:53:41] T4 Ep 2/10 complete: Prec 0.3623 F1 0.4244 DetRec 1.0000 DetFA 0.0000 | 26.49s total (0.00s eval/26.49s train)
[STATE 2026-04-29 23:53:41] Task 4 Epoch 3/10: entering train loop
T4 Ep 3/10 | L 0.9602 | Train Acc 0.39 | Prec 0.38 | F1 0.45 | Det Rec 1.00 | Det FA 0.00 | Epoch Time 26.20s (Eval 0.00s, Train 26.20s)
[STATE 2026-04-29 23:54:07] T4 Ep 3/10 complete: Prec 0.3800 F1 0.4543 DetRec 1.0000 DetFA 0.0000 | 26.20s total (0.00s eval/26.20s train)
[STATE 2026-04-29 23:54:07] Task 4 Epoch 4/10: entering train loop
T4 Ep 4/10 | L 0.9470 | Train Acc 0.41 | Prec 0.41 | F1 0.47 | Det Rec 1.00 | Det FA 0.00 | Epoch Time 27.04s (Eval 0.00s, Train 27.04s)
[STATE 2026-04-29 23:54:34] T4 Ep 4/10 complete: Prec 0.4060 F1 0.4743 DetRec 1.0000 DetFA 0.0000 | 27.04s total (0.00s eval/27.04s train)
[STATE 2026-04-29 23:54:34] Task 4 Epoch 5/10: entering train loop
T4 Ep 5/10 | L 0.9275 | Train Acc 0.43 | Prec 0.43 | F1 0.49 | Det Rec 1.00 | Det FA 0.00 | Epoch Time 27.67s (Eval 0.00s, Train 27.67s)
[STATE 2026-04-29 23:55:02] T4 Ep 5/10 complete: Prec 0.4288 F1 0.4927 DetRec 1.0000 DetFA 0.0000 | 27.67s total (0.00s eval/27.67s train)
[STATE 2026-04-29 23:55:02] Task 4 Epoch 6/10: entering train loop
T4 Ep 6/10 | L 0.8902 | Train Acc 0.47 | Prec 0.47 | F1 0.53 | Det Rec 1.00 | Det FA 0.00 | Epoch Time 27.19s (Eval 0.00s, Train 27.19s)
[STATE 2026-04-29 23:55:29] T4 Ep 6/10 complete: Prec 0.4716 F1 0.5284 DetRec 1.0000 DetFA 0.0000 | 27.19s total (0.00s eval/27.19s train)
[STATE 2026-04-29 23:55:29] Task 4 Epoch 7/10: entering train loop
T4 Ep 7/10 | L 0.8690 | Train Acc 0.49 | Prec 0.49 | F1 0.54 | Det Rec 1.00 | Det FA 0.00 | Epoch Time 27.04s (Eval 0.00s, Train 27.04s)
[STATE 2026-04-29 23:55:56] T4 Ep 7/10 complete: Prec 0.4914 F1 0.5447 DetRec 1.0000 DetFA 0.0000 | 27.04s total (0.00s eval/27.04s train)
[STATE 2026-04-29 23:55:56] Task 4 Epoch 8/10: entering train loop
T4 Ep 8/10 | L 0.8374 | Train Acc 0.52 | Prec 0.53 | F1 0.58 | Det Rec 1.00 | Det FA 0.00 | Epoch Time 26.98s (Eval 0.00s, Train 26.98s)
[STATE 2026-04-29 23:56:23] T4 Ep 8/10 complete: Prec 0.5337 F1 0.5753 DetRec 1.0000 DetFA 0.0000 | 26.98s total (0.00s eval/26.98s train)
[STATE 2026-04-29 23:56:23] Task 4 Epoch 9/10: entering train loop
T4 Ep 9/10 | L 0.7980 | Train Acc 0.55 | Prec 0.56 | F1 0.60 | Det Rec 1.00 | Det FA 0.00 | Epoch Time 26.75s (Eval 0.00s, Train 26.75s)
[STATE 2026-04-29 23:56:50] T4 Ep 9/10 complete: Prec 0.5589 F1 0.5996 DetRec 1.0000 DetFA 0.0000 | 26.75s total (0.00s eval/26.75s train)
[STATE 2026-04-29 23:56:50] Task 4 Epoch 10/10: entering train loop
T4 Ep 10/10 | L 0.7801 | Train Acc 0.57 | Prec 0.59 | F1 0.62 | Det Rec 1.00 | Det FA 0.00 | Epoch Time 26.87s (Eval 0.00s, Train 26.87s)
[STATE 2026-04-29 23:57:17] T4 Ep 10/10 complete: Prec 0.5891 F1 0.6238 DetRec 1.0000 DetFA 0.0000 | 26.87s total (0.00s eval/26.87s train)
[STATE 2026-04-29 23:57:17] Task 4: running final validation.
[STATE 2026-04-30 00:00:29] Completed task 4 (5/10)
Note: Unified mixed IQ test tensors to (N, 3, L) via ADC0 I/Q + zero-padded ADC1/2 (IID2-style) for cumulative CIL.
[STATE 2026-04-30 00:00:30] Task 5: zero-shot validation (pre-train)
---- Zero-shot (pre-train) task 5: rec_cls 0.0492 | prec_cls 0.0042 | f1_cls 0.0185 | det 0.5069 | pfa 0.5059 | total_f1 0.0437 ----
[STATE 2026-04-30 00:05:13] Starting task 5 (6/10)
[STATE 2026-04-30 00:05:13] Task 5 Epoch 1/10: entering train loop
[STATE 2026-04-30 00:09:23] Task 5 Epoch 1/10: running validation (end of epoch)
---- Eval at Epoch 0: cls [0.0, 0.0, 0.018211040717693434, 0.01393213060358592, 0.010899228410740015, 0.1056032681015202] | det_recall [0.5, 0.5, 0.531587786229466, 0.5021495022891107, 0.47836357242102784, 0.6849607108425161] | det_fa [0.0, 0.0, 0.12866958853115007, 0.18975911672497003, 0.23308118015602436, 0.5736192373415113] ----
T5 Ep 1/10 | L 1.0810 | Train Acc 0.64 | Prec 0.64 | F1 0.63 | Det Rec 0.86 | Det FA 0.23 | Epoch Time 535.29s (Eval 285.08s, Train 250.22s)
[STATE 2026-04-30 00:14:08] T5 Ep 1/10 complete: Prec 0.6427 F1 0.6326 DetRec 0.8580 DetFA 0.2260 | 535.29s total (285.08s eval/250.22s train)
[STATE 2026-04-30 00:14:08] Task 5 Epoch 2/10: entering train loop
T5 Ep 2/10 | L 0.4770 | Train Acc 0.81 | Prec 0.82 | F1 0.79 | Det Rec 0.89 | Det FA 0.17 | Epoch Time 250.80s (Eval 0.00s, Train 250.80s)
[STATE 2026-04-30 00:18:19] T5 Ep 2/10 complete: Prec 0.8156 F1 0.7913 DetRec 0.8925 DetFA 0.1723 | 250.80s total (0.00s eval/250.80s train)
[STATE 2026-04-30 00:18:19] Task 5 Epoch 3/10: entering train loop
T5 Ep 3/10 | L 0.4145 | Train Acc 0.84 | Prec 0.84 | F1 0.82 | Det Rec 0.90 | Det FA 0.16 | Epoch Time 250.82s (Eval 0.00s, Train 250.82s)
[STATE 2026-04-30 00:22:30] T5 Ep 3/10 complete: Prec 0.8408 F1 0.8179 DetRec 0.9010 DetFA 0.1616 | 250.82s total (0.00s eval/250.82s train)
[STATE 2026-04-30 00:22:30] Task 5 Epoch 4/10: entering train loop
T5 Ep 4/10 | L 0.3758 | Train Acc 0.86 | Prec 0.85 | F1 0.83 | Det Rec 0.91 | Det FA 0.15 | Epoch Time 251.40s (Eval 0.00s, Train 251.40s)
[STATE 2026-04-30 00:26:41] T5 Ep 4/10 complete: Prec 0.8548 F1 0.8329 DetRec 0.9063 DetFA 0.1547 | 251.40s total (0.00s eval/251.40s train)
[STATE 2026-04-30 00:26:41] Task 5 Epoch 5/10: entering train loop
T5 Ep 5/10 | L 0.3450 | Train Acc 0.87 | Prec 0.87 | F1 0.85 | Det Rec 0.91 | Det FA 0.15 | Epoch Time 253.87s (Eval 0.00s, Train 253.87s)
[STATE 2026-04-30 00:30:55] T5 Ep 5/10 complete: Prec 0.8689 F1 0.8471 DetRec 0.9116 DetFA 0.1457 | 253.87s total (0.00s eval/253.87s train)
[STATE 2026-04-30 00:30:55] Task 5 Epoch 6/10: entering train loop
T5 Ep 6/10 | L 0.3237 | Train Acc 0.88 | Prec 0.88 | F1 0.86 | Det Rec 0.91 | Det FA 0.14 | Epoch Time 250.34s (Eval 0.00s, Train 250.34s)
[STATE 2026-04-30 00:35:05] T5 Ep 6/10 complete: Prec 0.8780 F1 0.8563 DetRec 0.9136 DetFA 0.1430 | 250.34s total (0.00s eval/250.34s train)
[STATE 2026-04-30 00:35:05] Task 5 Epoch 7/10: entering train loop
T5 Ep 7/10 | L 0.3032 | Train Acc 0.89 | Prec 0.89 | F1 0.87 | Det Rec 0.92 | Det FA 0.14 | Epoch Time 251.29s (Eval 0.00s, Train 251.29s)
[STATE 2026-04-30 00:39:17] T5 Ep 7/10 complete: Prec 0.8859 F1 0.8652 DetRec 0.9170 DetFA 0.1380 | 251.29s total (0.00s eval/251.29s train)
[STATE 2026-04-30 00:39:17] Task 5 Epoch 8/10: entering train loop
T5 Ep 8/10 | L 0.2860 | Train Acc 0.90 | Prec 0.89 | F1 0.87 | Det Rec 0.92 | Det FA 0.13 | Epoch Time 250.45s (Eval 0.00s, Train 250.45s)
[STATE 2026-04-30 00:43:27] T5 Ep 8/10 complete: Prec 0.8928 F1 0.8724 DetRec 0.9208 DetFA 0.1312 | 250.45s total (0.00s eval/250.45s train)
[STATE 2026-04-30 00:43:27] Task 5 Epoch 9/10: entering train loop
T5 Ep 9/10 | L 0.2710 | Train Acc 0.91 | Prec 0.90 | F1 0.88 | Det Rec 0.92 | Det FA 0.13 | Epoch Time 253.28s (Eval 0.00s, Train 253.28s)
[STATE 2026-04-30 00:47:40] T5 Ep 9/10 complete: Prec 0.8995 F1 0.8792 DetRec 0.9224 DetFA 0.1289 | 253.28s total (0.00s eval/253.28s train)
[STATE 2026-04-30 00:47:40] Task 5 Epoch 10/10: entering train loop
T5 Ep 10/10 | L 0.2565 | Train Acc 0.91 | Prec 0.91 | F1 0.89 | Det Rec 0.92 | Det FA 0.13 | Epoch Time 251.95s (Eval 0.00s, Train 251.95s)
[STATE 2026-04-30 00:51:52] T5 Ep 10/10 complete: Prec 0.9068 F1 0.8863 DetRec 0.9247 DetFA 0.1255 | 251.95s total (0.00s eval/251.95s train)
[STATE 2026-04-30 00:51:52] Task 5: running final validation.
[STATE 2026-04-30 00:56:40] Completed task 5 (6/10)
Note: Unified mixed IQ test tensors to (N, 3, L) via ADC0 I/Q + zero-padded ADC1/2 (IID2-style) for cumulative CIL.
[STATE 2026-04-30 00:56:41] Task 6: zero-shot validation (pre-train)
---- Zero-shot (pre-train) task 6: rec_cls 0.1013 | prec_cls 0.0303 | f1_cls 0.0485 | det 0.6081 | pfa 0.7247 | total_f1 0.0489 ----
[STATE 2026-04-30 01:02:59] Starting task 6 (7/10)
[STATE 2026-04-30 01:02:59] Task 6 Epoch 1/10: entering train loop
[STATE 2026-04-30 01:03:23] Task 6 Epoch 1/10: running validation (end of epoch)
---- Eval at Epoch 0: cls [0.0, 0.0, 2.5872886508583327e-06, 0.00027636637391139637, 0.00028097563811849526, 0.005229939120042768, 0.04890416538780463] | det_recall [0.5, 0.5, 0.5008500150750089, 0.500608010386677, 0.49469447592418014, 0.47682177010449306, 0.45795669162130026] | det_fa [0.0, 0.0, 0.0, 0.0003559572161313027, 0.01388734355356635, 0.16156687920988244, 0.44692816055948964] ----
T6 Ep 1/10 | L 4.5275 | Train Acc 0.22 | Prec 0.18 | F1 0.29 | Det Rec 0.92 | Det FA 0.16 | Epoch Time 397.06s (Eval 372.93s, Train 24.14s)
[STATE 2026-04-30 01:09:36] T6 Ep 1/10 complete: Prec 0.1791 F1 0.2879 DetRec 0.9159 DetFA 0.1644 | 397.06s total (372.93s eval/24.14s train)
[STATE 2026-04-30 01:09:36] Task 6 Epoch 2/10: entering train loop
T6 Ep 2/10 | L 0.8400 | Train Acc 0.54 | Prec 0.52 | F1 0.59 | Det Rec 1.00 | Det FA 0.00 | Epoch Time 23.50s (Eval 0.00s, Train 23.50s)
[STATE 2026-04-30 01:09:59] T6 Ep 2/10 complete: Prec 0.5164 F1 0.5877 DetRec 1.0000 DetFA 0.0000 | 23.50s total (0.00s eval/23.50s train)
[STATE 2026-04-30 01:09:59] Task 6 Epoch 3/10: entering train loop
T6 Ep 3/10 | L 0.7398 | Train Acc 0.57 | Prec 0.57 | F1 0.63 | Det Rec 1.00 | Det FA 0.00 | Epoch Time 23.33s (Eval 0.00s, Train 23.33s)
[STATE 2026-04-30 01:10:23] T6 Ep 3/10 complete: Prec 0.5740 F1 0.6342 DetRec 1.0000 DetFA 0.0000 | 23.33s total (0.00s eval/23.33s train)
[STATE 2026-04-30 01:10:23] Task 6 Epoch 4/10: entering train loop
T6 Ep 4/10 | L 0.7109 | Train Acc 0.60 | Prec 0.60 | F1 0.65 | Det Rec 1.00 | Det FA 0.00 | Epoch Time 23.85s (Eval 0.00s, Train 23.85s)
[STATE 2026-04-30 01:10:47] T6 Ep 4/10 complete: Prec 0.6021 F1 0.6549 DetRec 1.0000 DetFA 0.0000 | 23.85s total (0.00s eval/23.85s train)
[STATE 2026-04-30 01:10:47] Task 6 Epoch 5/10: entering train loop
T6 Ep 5/10 | L 0.6887 | Train Acc 0.61 | Prec 0.62 | F1 0.67 | Det Rec 1.00 | Det FA 0.00 | Epoch Time 24.41s (Eval 0.00s, Train 24.41s)
[STATE 2026-04-30 01:11:11] T6 Ep 5/10 complete: Prec 0.6153 F1 0.6717 DetRec 1.0000 DetFA 0.0000 | 24.41s total (0.00s eval/24.41s train)
[STATE 2026-04-30 01:11:11] Task 6 Epoch 6/10: entering train loop
T6 Ep 6/10 | L 0.6888 | Train Acc 0.62 | Prec 0.63 | F1 0.68 | Det Rec 1.00 | Det FA 0.00 | Epoch Time 24.33s (Eval 0.00s, Train 24.33s)
[STATE 2026-04-30 01:11:35] T6 Ep 6/10 complete: Prec 0.6258 F1 0.6769 DetRec 1.0000 DetFA 0.0000 | 24.33s total (0.00s eval/24.33s train)
[STATE 2026-04-30 01:11:35] Task 6 Epoch 7/10: entering train loop
T6 Ep 7/10 | L 0.6646 | Train Acc 0.63 | Prec 0.64 | F1 0.68 | Det Rec 1.00 | Det FA 0.00 | Epoch Time 23.96s (Eval 0.00s, Train 23.96s)
[STATE 2026-04-30 01:11:59] T6 Ep 7/10 complete: Prec 0.6415 F1 0.6826 DetRec 1.0000 DetFA 0.0000 | 23.96s total (0.00s eval/23.96s train)
[STATE 2026-04-30 01:11:59] Task 6 Epoch 8/10: entering train loop
T6 Ep 8/10 | L 0.6660 | Train Acc 0.62 | Prec 0.64 | F1 0.67 | Det Rec 1.00 | Det FA 0.00 | Epoch Time 22.80s (Eval 0.00s, Train 22.80s)
[STATE 2026-04-30 01:12:22] T6 Ep 8/10 complete: Prec 0.6384 F1 0.6735 DetRec 1.0000 DetFA 0.0000 | 22.80s total (0.00s eval/22.80s train)
[STATE 2026-04-30 01:12:22] Task 6 Epoch 9/10: entering train loop
T6 Ep 9/10 | L 0.6617 | Train Acc 0.63 | Prec 0.64 | F1 0.69 | Det Rec 1.00 | Det FA 0.00 | Epoch Time 23.71s (Eval 0.00s, Train 23.71s)
[STATE 2026-04-30 01:12:46] T6 Ep 9/10 complete: Prec 0.6376 F1 0.6876 DetRec 1.0000 DetFA 0.0000 | 23.71s total (0.00s eval/23.71s train)
[STATE 2026-04-30 01:12:46] Task 6 Epoch 10/10: entering train loop
T6 Ep 10/10 | L 0.6526 | Train Acc 0.64 | Prec 0.65 | F1 0.69 | Det Rec 1.00 | Det FA 0.00 | Epoch Time 23.24s (Eval 0.00s, Train 23.24s)
[STATE 2026-04-30 01:13:09] T6 Ep 10/10 complete: Prec 0.6457 F1 0.6927 DetRec 1.0000 DetFA 0.0000 | 23.24s total (0.00s eval/23.24s train)
[STATE 2026-04-30 01:13:09] Task 6: running final validation.
[STATE 2026-04-30 01:19:22] Completed task 6 (7/10)
Note: Unified mixed IQ test tensors to (N, 3, L) via ADC0 I/Q + zero-padded ADC1/2 (IID2-style) for cumulative CIL.
[STATE 2026-04-30 01:19:23] Task 7: zero-shot validation (pre-train)
---- Zero-shot (pre-train) task 7: rec_cls 0.0361 | prec_cls 0.0026 | f1_cls 0.0107 | det 0.3941 | pfa 0.5524 | total_f1 0.0375 ----
[STATE 2026-04-30 01:27:35] Starting task 7 (8/10)
[STATE 2026-04-30 01:27:35] Task 7 Epoch 1/10: entering train loop
[STATE 2026-04-30 01:32:22] Task 7 Epoch 1/10: running validation (end of epoch)
---- Eval at Epoch 0: cls [0.0, 0.0, 0.002765864332481417, 0.0031978336549147285, 0.002025760456086705, 0.028524843999350853, 0.02536946623077259, 0.092262860051584] | det_recall [0.5, 0.5, 0.49346298846601105, 0.5037203044151924, 0.5053047154974534, 0.4814189178202829, 0.48266390463858894, 0.582564238692434] | det_fa [0.0, 0.0, 0.03729566220721852, 0.0075440919888478215, 0.002879225625048435, 0.20535783204850924, 0.18727059748640976, 0.789908565037136] ----
T7 Ep 1/10 | L 1.2123 | Train Acc 0.65 | Prec 0.67 | F1 0.66 | Det Rec 0.86 | Det FA 0.21 | Epoch Time 778.45s (Eval 491.45s, Train 287.00s)
[STATE 2026-04-30 01:40:33] T7 Ep 1/10 complete: Prec 0.6721 F1 0.6574 DetRec 0.8565 DetFA 0.2078 | 778.45s total (491.45s eval/287.00s train)
[STATE 2026-04-30 01:40:33] Task 7 Epoch 2/10: entering train loop
T7 Ep 2/10 | L 0.4285 | Train Acc 0.83 | Prec 0.85 | F1 0.81 | Det Rec 0.88 | Det FA 0.18 | Epoch Time 289.29s (Eval 0.00s, Train 289.29s)
[STATE 2026-04-30 01:45:23] T7 Ep 2/10 complete: Prec 0.8473 F1 0.8145 DetRec 0.8819 DetFA 0.1776 | 289.29s total (0.00s eval/289.29s train)
[STATE 2026-04-30 01:45:23] Task 7 Epoch 3/10: entering train loop
T7 Ep 3/10 | L 0.3758 | Train Acc 0.85 | Prec 0.87 | F1 0.83 | Det Rec 0.89 | Det FA 0.16 | Epoch Time 293.26s (Eval 0.00s, Train 293.26s)
[STATE 2026-04-30 01:50:16] T7 Ep 3/10 complete: Prec 0.8662 F1 0.8347 DetRec 0.8906 DetFA 0.1636 | 293.26s total (0.00s eval/293.26s train)
[STATE 2026-04-30 01:50:16] Task 7 Epoch 4/10: entering train loop
T7 Ep 4/10 | L 0.3468 | Train Acc 0.87 | Prec 0.88 | F1 0.85 | Det Rec 0.89 | Det FA 0.16 | Epoch Time 289.14s (Eval 0.00s, Train 289.14s)
[STATE 2026-04-30 01:55:05] T7 Ep 4/10 complete: Prec 0.8767 F1 0.8457 DetRec 0.8944 DetFA 0.1584 | 289.14s total (0.00s eval/289.14s train)
[STATE 2026-04-30 01:55:05] Task 7 Epoch 5/10: entering train loop
T7 Ep 5/10 | L 0.3300 | Train Acc 0.88 | Prec 0.89 | F1 0.86 | Det Rec 0.90 | Det FA 0.15 | Epoch Time 291.48s (Eval 0.00s, Train 291.48s)
[STATE 2026-04-30 01:59:57] T7 Ep 5/10 complete: Prec 0.8850 F1 0.8551 DetRec 0.9007 DetFA 0.1469 | 291.48s total (0.00s eval/291.48s train)
[STATE 2026-04-30 01:59:57] Task 7 Epoch 6/10: entering train loop
T7 Ep 6/10 | L 0.3042 | Train Acc 0.89 | Prec 0.89 | F1 0.86 | Det Rec 0.90 | Det FA 0.14 | Epoch Time 292.02s (Eval 0.00s, Train 292.02s)
[STATE 2026-04-30 02:04:49] T7 Ep 6/10 complete: Prec 0.8925 F1 0.8644 DetRec 0.9042 DetFA 0.1433 | 292.02s total (0.00s eval/292.02s train)
[STATE 2026-04-30 02:04:49] Task 7 Epoch 7/10: entering train loop
T7 Ep 7/10 | L 0.2866 | Train Acc 0.90 | Prec 0.90 | F1 0.87 | Det Rec 0.91 | Det FA 0.14 | Epoch Time 289.68s (Eval 0.00s, Train 289.68s)
[STATE 2026-04-30 02:09:38] T7 Ep 7/10 complete: Prec 0.9022 F1 0.8735 DetRec 0.9054 DetFA 0.1425 | 289.68s total (0.00s eval/289.68s train)
[STATE 2026-04-30 02:09:38] Task 7 Epoch 8/10: entering train loop
T7 Ep 8/10 | L 0.2718 | Train Acc 0.90 | Prec 0.91 | F1 0.88 | Det Rec 0.91 | Det FA 0.14 | Epoch Time 291.91s (Eval 0.00s, Train 291.91s)
[STATE 2026-04-30 02:14:30] T7 Ep 8/10 complete: Prec 0.9058 F1 0.8781 DetRec 0.9085 DetFA 0.1377 | 291.91s total (0.00s eval/291.91s train)
[STATE 2026-04-30 02:14:30] Task 7 Epoch 9/10: entering train loop
T7 Ep 9/10 | L 0.2595 | Train Acc 0.91 | Prec 0.91 | F1 0.88 | Det Rec 0.91 | Det FA 0.13 | Epoch Time 292.24s (Eval 0.00s, Train 292.24s)
[STATE 2026-04-30 02:19:22] T7 Ep 9/10 complete: Prec 0.9106 F1 0.8848 DetRec 0.9132 DetFA 0.1299 | 292.24s total (0.00s eval/292.24s train)
[STATE 2026-04-30 02:19:22] Task 7 Epoch 10/10: entering train loop
T7 Ep 10/10 | L 0.2453 | Train Acc 0.91 | Prec 0.92 | F1 0.89 | Det Rec 0.91 | Det FA 0.13 | Epoch Time 291.98s (Eval 0.00s, Train 291.98s)
[STATE 2026-04-30 02:24:14] T7 Ep 10/10 complete: Prec 0.9159 F1 0.8899 DetRec 0.9146 DetFA 0.1279 | 291.98s total (0.00s eval/291.98s train)
[STATE 2026-04-30 02:24:14] Task 7: running final validation.
[STATE 2026-04-30 02:32:25] Completed task 7 (8/10)
Note: Unified mixed IQ test tensors to (N, 3, L) via ADC0 I/Q + zero-padded ADC1/2 (IID2-style) for cumulative CIL.
[STATE 2026-04-30 02:32:26] Task 8: zero-shot validation (pre-train)
---- Zero-shot (pre-train) task 8: rec_cls 0.0964 | prec_cls 0.0188 | f1_cls 0.0329 | det 0.5887 | pfa 0.7809 | total_f1 0.0416 ----
[STATE 2026-04-30 02:42:39] Starting task 8 (9/10)
[STATE 2026-04-30 02:42:39] Task 8 Epoch 1/10: entering train loop
[STATE 2026-04-30 02:43:40] Task 8 Epoch 1/10: running validation (end of epoch)
---- Eval at Epoch 0: cls [0.0, 0.0, 0.0, 0.0, 0.0, 0.0, 0.0, 0.00014057821445675802, 0.002114786325050157] | det_recall [0.5, 0.5, 0.5, 0.5, 0.5, 0.5000021387720882, 0.5001287670749568, 0.5007631412166561, 0.6302176858300753] | det_fa [0.0, 0.0, 0.0, 0.0, 0.0, 0.0, 0.0, 0.0, 0.429483817735283] ----
T8 Ep 1/10 | L 4.0500 | Train Acc 0.35 | Prec 0.34 | F1 0.30 | Det Rec 0.72 | Det FA 0.48 | Epoch Time 672.73s (Eval 612.32s, Train 60.40s)
[STATE 2026-04-30 02:53:52] T8 Ep 1/10 complete: Prec 0.3356 F1 0.2972 DetRec 0.7242 DetFA 0.4785 | 672.73s total (612.32s eval/60.40s train)
[STATE 2026-04-30 02:53:52] Task 8 Epoch 2/10: entering train loop
T8 Ep 2/10 | L 0.8605 | Train Acc 0.69 | Prec 0.69 | F1 0.56 | Det Rec 0.78 | Det FA 0.40 | Epoch Time 61.38s (Eval 0.00s, Train 61.38s)
[STATE 2026-04-30 02:54:53] T8 Ep 2/10 complete: Prec 0.6857 F1 0.5574 DetRec 0.7844 DetFA 0.3951 | 61.38s total (0.00s eval/61.38s train)
[STATE 2026-04-30 02:54:53] Task 8 Epoch 3/10: entering train loop
T8 Ep 3/10 | L 0.6529 | Train Acc 0.79 | Prec 0.79 | F1 0.64 | Det Rec 0.79 | Det FA 0.39 | Epoch Time 60.22s (Eval 0.00s, Train 60.22s)
[STATE 2026-04-30 02:55:53] T8 Ep 3/10 complete: Prec 0.7854 F1 0.6356 DetRec 0.7918 DetFA 0.3890 | 60.22s total (0.00s eval/60.22s train)
[STATE 2026-04-30 02:55:53] Task 8 Epoch 4/10: entering train loop
T8 Ep 4/10 | L 0.5864 | Train Acc 0.83 | Prec 0.82 | F1 0.67 | Det Rec 0.79 | Det FA 0.38 | Epoch Time 60.58s (Eval 0.00s, Train 60.58s)
[STATE 2026-04-30 02:56:54] T8 Ep 4/10 complete: Prec 0.8232 F1 0.6652 DetRec 0.7936 DetFA 0.3838 | 60.58s total (0.00s eval/60.58s train)
[STATE 2026-04-30 02:56:54] Task 8 Epoch 5/10: entering train loop
T8 Ep 5/10 | L 0.5297 | Train Acc 0.85 | Prec 0.84 | F1 0.68 | Det Rec 0.80 | Det FA 0.38 | Epoch Time 58.41s (Eval 0.00s, Train 58.41s)
[STATE 2026-04-30 02:57:52] T8 Ep 5/10 complete: Prec 0.8389 F1 0.6789 DetRec 0.7971 DetFA 0.3760 | 58.41s total (0.00s eval/58.41s train)
[STATE 2026-04-30 02:57:52] Task 8 Epoch 6/10: entering train loop
T8 Ep 6/10 | L 0.4719 | Train Acc 0.87 | Prec 0.86 | F1 0.70 | Det Rec 0.80 | Det FA 0.37 | Epoch Time 60.76s (Eval 0.00s, Train 60.76s)
[STATE 2026-04-30 02:58:53] T8 Ep 6/10 complete: Prec 0.8637 F1 0.7003 DetRec 0.8020 DetFA 0.3718 | 60.76s total (0.00s eval/60.76s train)
[STATE 2026-04-30 02:58:53] Task 8 Epoch 7/10: entering train loop
T8 Ep 7/10 | L 0.4345 | Train Acc 0.88 | Prec 0.88 | F1 0.70 | Det Rec 0.80 | Det FA 0.37 | Epoch Time 62.09s (Eval 0.00s, Train 62.09s)
[STATE 2026-04-30 02:59:55] T8 Ep 7/10 complete: Prec 0.8764 F1 0.7028 DetRec 0.7985 DetFA 0.3748 | 62.09s total (0.00s eval/62.09s train)
[STATE 2026-04-30 02:59:55] Task 8 Epoch 8/10: entering train loop
T8 Ep 8/10 | L 0.4184 | Train Acc 0.90 | Prec 0.89 | F1 0.72 | Det Rec 0.80 | Det FA 0.36 | Epoch Time 61.91s (Eval 0.00s, Train 61.91s)
[STATE 2026-04-30 03:00:57] T8 Ep 8/10 complete: Prec 0.8930 F1 0.7178 DetRec 0.8045 DetFA 0.3636 | 61.91s total (0.00s eval/61.91s train)
[STATE 2026-04-30 03:00:57] Task 8 Epoch 9/10: entering train loop
T8 Ep 9/10 | L 0.3858 | Train Acc 0.90 | Prec 0.90 | F1 0.72 | Det Rec 0.81 | Det FA 0.36 | Epoch Time 61.36s (Eval 0.00s, Train 61.36s)
[STATE 2026-04-30 03:01:59] T8 Ep 9/10 complete: Prec 0.8963 F1 0.7214 DetRec 0.8066 DetFA 0.3609 | 61.36s total (0.00s eval/61.36s train)
[STATE 2026-04-30 03:01:59] Task 8 Epoch 10/10: entering train loop
T8 Ep 10/10 | L 0.3625 | Train Acc 0.91 | Prec 0.91 | F1 0.73 | Det Rec 0.81 | Det FA 0.36 | Epoch Time 60.80s (Eval 0.00s, Train 60.80s)
[STATE 2026-04-30 03:02:59] T8 Ep 10/10 complete: Prec 0.9077 F1 0.7283 DetRec 0.8075 DetFA 0.3585 | 60.80s total (0.00s eval/60.80s train)
[STATE 2026-04-30 03:02:59] Task 8: running final validation.
[STATE 2026-04-30 03:13:12] Completed task 8 (9/10)
Note: Unified mixed IQ test tensors to (N, 3, L) via ADC0 I/Q + zero-padded ADC1/2 (IID2-style) for cumulative CIL.
[STATE 2026-04-30 03:13:13] Task 9: zero-shot validation (pre-train)
---- Zero-shot (pre-train) task 9: rec_cls 0.0120 | prec_cls 0.0006 | f1_cls 0.0076 | det 0.4377 | pfa 0.6408 | total_f1 0.0288 ----
[STATE 2026-04-30 03:25:27] Starting task 9 (10/10)
[STATE 2026-04-30 03:25:27] Task 9 Epoch 1/10: entering train loop
[STATE 2026-04-30 03:25:58] Task 9 Epoch 1/10: running validation (end of epoch)
---- Eval at Epoch 0: cls [0.0, 0.0, 1.2862319468299052e-05, 0.03908478358350877, 0.03185463729656769, 0.023997275694529172, 0.021669356663519202, 0.005972158276855833, 0.017328842604934044, 0.02299825053247831] | det_recall [0.5, 0.5, 0.5000028788827362, 0.5148669266215038, 0.5276316382175716, 0.4945059895673549, 0.48248931620289276, 0.4750544339542865, 0.4634179428073473, 0.4670718911679271] | det_fa [0.0, 0.0, 0.00034362753138758513, 0.1784836906111402, 0.149461627534986, 0.23675160440765483, 0.26650634938701034, 0.3167401014417594, 0.4512465576945241, 0.47565036211966905] ----
T9 Ep 1/10 | L 4.1277 | Train Acc 0.21 | Prec 0.19 | F1 0.30 | Det Rec 0.95 | Det FA 0.04 | Epoch Time 760.42s (Eval 729.07s, Train 31.35s)
[STATE 2026-04-30 03:38:07] T9 Ep 1/10 complete: Prec 0.1860 F1 0.3039 DetRec 0.9486 DetFA 0.0354 | 760.42s total (729.07s eval/31.35s train)
[STATE 2026-04-30 03:38:07] Task 9 Epoch 2/10: entering train loop
T9 Ep 2/10 | L 0.8414 | Train Acc 0.41 | Prec 0.41 | F1 0.48 | Det Rec 1.00 | Det FA 0.00 | Epoch Time 31.20s (Eval 0.00s, Train 31.20s)
[STATE 2026-04-30 03:38:38] T9 Ep 2/10 complete: Prec 0.4124 F1 0.4784 DetRec 1.0000 DetFA 0.0000 | 31.20s total (0.00s eval/31.20s train)
[STATE 2026-04-30 03:38:38] Task 9 Epoch 3/10: entering train loop
T9 Ep 3/10 | L 0.8055 | Train Acc 0.45 | Prec 0.46 | F1 0.52 | Det Rec 1.00 | Det FA 0.00 | Epoch Time 30.78s (Eval 0.00s, Train 30.78s)
[STATE 2026-04-30 03:39:09] T9 Ep 3/10 complete: Prec 0.4556 F1 0.5227 DetRec 1.0000 DetFA 0.0000 | 30.78s total (0.00s eval/30.78s train)
[STATE 2026-04-30 03:39:09] Task 9 Epoch 4/10: entering train loop
T9 Ep 4/10 | L 0.7817 | Train Acc 0.47 | Prec 0.48 | F1 0.54 | Det Rec 1.00 | Det FA 0.00 | Epoch Time 30.71s (Eval 0.00s, Train 30.71s)
[STATE 2026-04-30 03:39:40] T9 Ep 4/10 complete: Prec 0.4768 F1 0.5385 DetRec 1.0000 DetFA 0.0000 | 30.71s total (0.00s eval/30.71s train)
[STATE 2026-04-30 03:39:40] Task 9 Epoch 5/10: entering train loop
T9 Ep 5/10 | L 0.7713 | Train Acc 0.48 | Prec 0.47 | F1 0.53 | Det Rec 1.00 | Det FA 0.00 | Epoch Time 30.78s (Eval 0.00s, Train 30.78s)
[STATE 2026-04-30 03:40:11] T9 Ep 5/10 complete: Prec 0.4679 F1 0.5348 DetRec 1.0000 DetFA 0.0000 | 30.78s total (0.00s eval/30.78s train)
[STATE 2026-04-30 03:40:11] Task 9 Epoch 6/10: entering train loop
T9 Ep 6/10 | L 0.7612 | Train Acc 0.48 | Prec 0.47 | F1 0.54 | Det Rec 1.00 | Det FA 0.00 | Epoch Time 30.31s (Eval 0.00s, Train 30.31s)
[STATE 2026-04-30 03:40:41] T9 Ep 6/10 complete: Prec 0.4709 F1 0.5397 DetRec 1.0000 DetFA 0.0000 | 30.31s total (0.00s eval/30.31s train)
[STATE 2026-04-30 03:40:41] Task 9 Epoch 7/10: entering train loop
T9 Ep 7/10 | L 0.7520 | Train Acc 0.49 | Prec 0.49 | F1 0.55 | Det Rec 1.00 | Det FA 0.00 | Epoch Time 31.07s (Eval 0.00s, Train 31.07s)
[STATE 2026-04-30 03:41:12] T9 Ep 7/10 complete: Prec 0.4855 F1 0.5489 DetRec 1.0000 DetFA 0.0000 | 31.07s total (0.00s eval/31.07s train)
[STATE 2026-04-30 03:41:12] Task 9 Epoch 8/10: entering train loop
T9 Ep 8/10 | L 0.7438 | Train Acc 0.50 | Prec 0.50 | F1 0.56 | Det Rec 1.00 | Det FA 0.00 | Epoch Time 30.82s (Eval 0.00s, Train 30.82s)
[STATE 2026-04-30 03:41:43] T9 Ep 8/10 complete: Prec 0.5011 F1 0.5609 DetRec 1.0000 DetFA 0.0000 | 30.82s total (0.00s eval/30.82s train)
[STATE 2026-04-30 03:41:43] Task 9 Epoch 9/10: entering train loop
T9 Ep 9/10 | L 0.7192 | Train Acc 0.53 | Prec 0.53 | F1 0.59 | Det Rec 1.00 | Det FA 0.00 | Epoch Time 30.43s (Eval 0.00s, Train 30.43s)
[STATE 2026-04-30 03:42:13] T9 Ep 9/10 complete: Prec 0.5290 F1 0.5925 DetRec 1.0000 DetFA 0.0000 | 30.43s total (0.00s eval/30.43s train)
[STATE 2026-04-30 03:42:13] Task 9 Epoch 10/10: entering train loop
T9 Ep 10/10 | L 0.7050 | Train Acc 0.52 | Prec 0.51 | F1 0.58 | Det Rec 1.00 | Det FA 0.00 | Epoch Time 31.20s (Eval 0.00s, Train 31.20s)
[STATE 2026-04-30 03:42:45] T9 Ep 10/10 complete: Prec 0.5137 F1 0.5850 DetRec 1.0000 DetFA 0.0000 | 31.20s total (0.00s eval/31.20s train)
[STATE 2026-04-30 03:42:45] Task 9: running final validation.
[STATE 2026-04-30 03:55:01] Completed task 9 (10/10)
####Final Validation Accuracy####
Final Results:- 
 Total Recall: 0.01677288722521631 
 Individual Recall: [0.0, 0.0, 7.363753942099855e-06, 0.04315178289363092, 0.031732017977458185, 0.02408428604255836, 0.02207784796325828, 0.004310763915809958, 0.02045335602779993, 0.02191145367770538]
Final Detection Results:- 
 Total Detection: 0.4769327979598068 
 Individual Detection: [0.5, 0.5, 0.4995889530646218, 0.49451686482276164, 0.48358064031301373, 0.452551479924255, 0.4403443111133172, 0.4501344120346074, 0.4687154152801492, 0.47989590304534235]
Final Detection False Alarm:- 
 Total False Alarm: 0.23882532688575892 
 Individual False Alarm: [0.0, 0.0, 0.0017233642219130858, 0.20051138677789723, 0.22355647331857229, 0.32384066685357, 0.35780924301380373, 0.35766671732394834, 0.4468929732004751, 0.4762524441474097]
SUMMARY_TR cls_rec=0.5206 cls_prec=0.5137 cls_f1=0.5850 det=0.4925 fa=0.2075
SUMMARY_TE cls_rec=0.0168 cls_prec=0.0025 cls_f1=0.0299 det=0.4769 fa=0.2388
[STATE 2026-04-30 03:55:01] Saving results to logs//agem/full-tasks_CIL_all-2026-04-29_22-37-14-4590/0/results
Model size: 0.0289 GB
Memory buffer size: 0.0196 GB
logs//agem/full-tasks_CIL_all-2026-04-29_22-37-14-4590/0/results: {'expt_name': 'full-tasks_CIL_all', 'model': 'agem', 'arch': 'resnet1d', 'n_hiddens': 100, 'n_layers': 2, 'xav_init': False, 'debug': False, 'use_detector_arch': False, 'use_groupnorm': False, 'inner_steps': 1, 'n_epochs': 10, 'batch_size': 256, 'replay_batch_size': 128, 'memories': 5120, 'lr': 0.01, 'optimizer': 'sgd', 'prune_perc': 0.75, 'post_prune_epochs': 0, 'class_weighted_ce': True, 'cuda': True, 'seed': 0, 'log_every': 10, 'log_dir': 'logs//agem/full-tasks_CIL_all-2026-04-29_22-37-14-4590/0', 'tf_dir': 'logs//agem/full-tasks_CIL_all-2026-04-29_22-37-14-4590/0/tfdir', 'calc_test_accuracy': False, 'state_logging': True, 'data_path': 'data/rff/radar/full', 'task_order_files': 't2-rcn,t0-rcn,t2-uclresm-25noise,t0-deeprad,t1-deeprad,t1-uclresm-25noise,t3-deeprad,t0-uclresm-25noise,t1-rcn,t2-deeprad', 'loader': 'class_incremental_loader', 'samples_per_task': -1, 'shuffle_tasks': False, 'classes_per_it': 6, 'iterations': 5000, 'dataset': 'iq', 'workers': 0, 'validation': 0.5, 'data_scaling': 'normalize', 'use_iq_aug_features': False, 'iq_aug_feature_type': 'power', 'class_order': 'random', 'increment': 5, 'test_batch_size': 512, 'nc_per_task': None, 'nc_per_task_list': '', 'val_rate': 1000, 'opt_lr': 0.1, 'opt_wt': 0.1, 'alpha_init': 0.001, 'momentum': 0.0, 'learn_lr': False, 'sync_update': False, 'grad_clip_norm': 5.0, 'meta_batches': 3, 'use_old_task_memory': False, 'second_order': False, 'n_memories': 5120, 'memory_strength': 0, 'memory_loss_lambda': 5, 'steps_per_sample': 1, 'bgd_optimizer': 'sgd', 'optimizer_params': '{}', 'train_mc_iters': 5, 'std_init': 0.05, 'mean_eta': 1, 'fisher_gamma': 0.95, 'rln': 7, 'meta_lr': 0.001, 'update_lr': 0.1, 'ctx_lr': 0.05, 'n_meta': 1, 'temperature': 5.0, 'task_emb': 64, 'noise_label': 54, 'classes_per_task': [5, 6, 5, 6, 6, 5, 5, 5, 6, 5], 'get_samples_per_task': <bound method IncrementalLoader.get_samples_per_task of <dataloaders.class_incremental_loader.IncrementalLoader object at 0x7ad3b56bd100>>, 'task_epoch_schedule': {}} # val: 0.192 0.017 -0.176 0.000 # sizes: model_gb=0.0289 mem_gb=0.0196 # 18998.89733338356
[STATE 2026-04-30 03:55:01] results.pt components (approx): state_dict 29.6 MB, result_val_t 0.1 KB, result_val_a 0.8 KB
[STATE 2026-04-30 03:55:01] Results saved; total runtime 5.28h
Total runtime: 5.28 hours
