[STATE 2026-05-29 14:42:18] Enabling terminal logging to logs//si/seed-sweep_one-shot_til-2026-05-29_14-42-18-6875/39/terminal.log
New Experiment Starting...
Running model:  si
[STATE 2026-05-29 14:42:18] Experiment 'seed-sweep_one-shot_til' starting with model 'si' (seed 39)
Set seed 39
[STATE 2026-05-29 14:42:18] Runtime accel: cudnn.benchmark=False amp=True amp_dtype=bfloat16
t2-rcn.npz train: x=(50362, 1024), y=(50362, 2)
t2-rcn.npz test: x=(16787, 1024), y=(16787, 2)
t2-rcn.npz: applied data scaling mode 'normalize'.
Loaded t2-rcn.npz: Unique train labels: UniqueCountsResult(values=array([-1,  3,  5, 10, 12, 15]), counts=array([24209,  5770,  3030,  2320,  7509,  7524]))
Noise labels ratio in t2-rcn.npz train: 0.24, test: 0.24
Loaded t2-rcn.npz: Remapped labels: [0 1 2 3 4 5]. Size: 50362)
t0-rcn.npz train: x=(51916, 1024), y=(51916, 2)
t0-rcn.npz test: x=(17305, 1024), y=(17305, 2)
t0-rcn.npz: applied data scaling mode 'normalize'.
Loaded t0-rcn.npz: Unique train labels: UniqueCountsResult(values=array([-1,  1,  8,  9, 11, 13, 14]), counts=array([24225,  4268,  2495,  2943,  3015,  7464,  7506]))
Noise labels ratio in t0-rcn.npz train: 0.23, test: 0.23
Loaded t0-rcn.npz: Remapped labels: [ 6  7  8  9 10 11 12]. Size: 51916)
t2-uclresm-25noise.npz train: moved sample axis (3, 350028, 1024) -> (350028, 3, 1024)
t2-uclresm-25noise.npz test: moved sample axis (3, 233351, 1024) -> (233351, 3, 1024)
t2-uclresm-25noise.npz train: x=(350028, 3, 1024), y=(350028,)
t2-uclresm-25noise.npz test: x=(233351, 3, 1024), y=(233351,)
t2-uclresm-25noise.npz: applied data scaling mode 'normalize'.
Loaded t2-uclresm-25noise.npz: Unique train labels: UniqueCountsResult(values=array([-1,  0,  1,  2,  3,  4]), counts=array([87441, 27347, 71754, 64298, 36005, 63183]))
Noise labels ratio in t2-uclresm-25noise.npz train: 0.25, test: 0.25
Loaded t2-uclresm-25noise.npz: Remapped labels: [13 14 15 16 17 18]. Size: 350028)
t0-deeprad.npz train: x=(24480, 1024), y=(24480, 2)
t0-deeprad.npz test: x=(8160, 1024), y=(8160, 2)
t0-deeprad.npz: applied data scaling mode 'normalize'.
Loaded t0-deeprad.npz: Unique train labels: UniqueCountsResult(values=array([-1,  0,  1,  2,  3,  4,  5]), counts=array([12240,  2029,  1983,  2043,  2154,  2015,  2016]))
Noise labels ratio in t0-deeprad.npz train: 0.25, test: 0.25
Loaded t0-deeprad.npz: Remapped labels: [19 20 21 22 23 24 25]. Size: 24480)
t1-deeprad.npz train: x=(24480, 1024), y=(24480, 2)
t1-deeprad.npz test: x=(8160, 1024), y=(8160, 2)
t1-deeprad.npz: applied data scaling mode 'normalize'.
Loaded t1-deeprad.npz: Unique train labels: UniqueCountsResult(values=array([-1,  0,  1,  2,  3,  4,  5]), counts=array([12240,  1988,  2029,  2054,  1988,  2053,  2128]))
Noise labels ratio in t1-deeprad.npz train: 0.25, test: 0.25
Loaded t1-deeprad.npz: Remapped labels: [26 27 28 29 30 31 32]. Size: 24480)
t1-uclresm-25noise.npz train: moved sample axis (3, 201410, 1024) -> (201410, 3, 1024)
t1-uclresm-25noise.npz test: moved sample axis (3, 116291, 1024) -> (116291, 3, 1024)
t1-uclresm-25noise.npz train: x=(201410, 3, 1024), y=(201410,)
t1-uclresm-25noise.npz test: x=(116291, 3, 1024), y=(116291,)
t1-uclresm-25noise.npz: applied data scaling mode 'normalize'.
Loaded t1-uclresm-25noise.npz: Unique train labels: UniqueCountsResult(values=array([-1,  0,  1,  2,  3,  4]), counts=array([43668, 18021, 17838, 18087, 31870, 71926]))
Noise labels ratio in t1-uclresm-25noise.npz train: 0.22, test: 0.25
Loaded t1-uclresm-25noise.npz: Remapped labels: [33 34 35 36 37 38]. Size: 201410)
t3-deeprad.npz train: x=(17340, 1024), y=(17340, 2)
t3-deeprad.npz test: x=(6800, 1024), y=(6800, 2)
t3-deeprad.npz: applied data scaling mode 'normalize'.
Loaded t3-deeprad.npz: Unique train labels: UniqueCountsResult(values=array([-1,  0,  1,  2,  3,  4]), counts=array([8670, 1693, 1677, 1794, 1716, 1790]))
Noise labels ratio in t3-deeprad.npz train: 0.25, test: 0.25
Loaded t3-deeprad.npz: Remapped labels: [39 40 41 42 43 44]. Size: 17340)
t0-uclresm-25noise.npz train: moved sample axis (3, 188050, 1024) -> (188050, 3, 1024)
t0-uclresm-25noise.npz test: moved sample axis (3, 107348, 1024) -> (107348, 3, 1024)
t0-uclresm-25noise.npz train: x=(188050, 3, 1024), y=(188050,)
t0-uclresm-25noise.npz test: x=(107348, 3, 1024), y=(107348,)
t0-uclresm-25noise.npz: applied data scaling mode 'normalize'.
Loaded t0-uclresm-25noise.npz: Unique train labels: UniqueCountsResult(values=array([-1,  0,  1,  2,  3,  4]), counts=array([40144, 32109, 17978, 17979, 18098, 61742]))
Noise labels ratio in t0-uclresm-25noise.npz train: 0.21, test: 0.25
Loaded t0-uclresm-25noise.npz: Remapped labels: [45 46 47 48 49 50]. Size: 188050)
t1-rcn.npz train: x=(36658, 1024), y=(36658, 2)
t1-rcn.npz test: x=(12220, 1024), y=(12220, 2)
t1-rcn.npz: applied data scaling mode 'normalize'.
Loaded t1-rcn.npz: Unique train labels: UniqueCountsResult(values=array([-1,  0,  2,  4,  6,  7, 16]), counts=array([20595,   824,  2087,  2606,  2396,  1716,  6434]))
Noise labels ratio in t1-rcn.npz train: 0.28, test: 0.28
Loaded t1-rcn.npz: Remapped labels: [51 52 53 54 55 56 57]. Size: 36658)
t2-deeprad.npz train: x=(17340, 1024), y=(17340, 2)
t2-deeprad.npz test: x=(6800, 1024), y=(6800, 2)
t2-deeprad.npz: applied data scaling mode 'normalize'.
Loaded t2-deeprad.npz: Unique train labels: UniqueCountsResult(values=array([-1,  0,  1,  2,  3,  4]), counts=array([8670, 1774, 1675, 1777, 1694, 1750]))
Noise labels ratio in t2-deeprad.npz train: 0.25, test: 0.25
Loaded t2-deeprad.npz: Remapped labels: [58 59 60 61 62 63]. Size: 17340)
Built classes_per_task: [6, 7, 6, 7, 7, 6, 6, 6, 7, 6]
Classes per task: [6, 7, 6, 7, 7, 6, 6, 6, 7, 6]
[STATE 2026-05-29 14:43:20] Loader 'task_incremental_loader' ready: 1024 inputs, 64 outputs, 10 tasks
n_outputs: 64 	n_tasks: 10
[STATE 2026-05-29 14:43:20] Logging to logs//si/seed-sweep_one-shot_til-2026-05-29_14-42-18-6875/39
True
Model device: cuda:0
[STATE 2026-05-29 14:43:20] Model initialized on device cuda:0
[STATE 2026-05-29 14:43:20] Invoking continual life experience flow
[STATE 2026-05-29 14:43:20] Life experience start: 10 tasks queued
[STATE 2026-05-29 14:43:20] Legacy epoch behavior enabled: using n_epochs=1 for all tasks
Task 0: 50362 training samples, 16787 test samples.
[STATE 2026-05-29 14:43:20] Task 0: zero-shot validation (pre-train)
---- Zero-shot (pre-train) task 0: rec_cls 0.1719 | prec_cls 0.1097 | f1_cls 0.0668 | det 0.4980 | pfa 0.9833 | total_f1 0.0668 ----
[STATE 2026-05-29 14:43:26] Starting task 0 (1/10)
[STATE 2026-05-29 14:43:26] Task 0 Epoch 1/1: entering train loop
[STATE 2026-05-29 14:44:59] Task 0 Epoch 1/1: running validation (end of epoch)
---- Eval at Epoch 0: cls [0.8731287245738056] | det_recall [0.8769880397499537] | det_fa [0.22721304566710163] ----
T0 Ep 1/1 | L 0.7227 | Train Acc 0.73 | Prec 0.74 | F1 0.68 | Det Rec 0.84 | Det FA 0.28 | Epoch Time 97.45s (Eval 5.11s, Train 92.34s)
[STATE 2026-05-29 14:45:04] T0 Ep 1/1 complete: Prec 0.7431 F1 0.6766 DetRec 0.8379 DetFA 0.2785 | 97.45s total (5.11s eval/92.34s train)
[STATE 2026-05-29 14:45:04] Task 0: running final validation.
Saved task checkpoint: logs//si/seed-sweep_one-shot_til-2026-05-29_14-42-18-6875/39/checkpoints/task_0.pt
[STATE 2026-05-29 14:45:09] Saved task checkpoint to logs//si/seed-sweep_one-shot_til-2026-05-29_14-42-18-6875/39/checkpoints/task_0.pt
[STATE 2026-05-29 14:45:09] Completed task 0 (1/10)
Task 1: 51916 training samples, 17305 test samples.
[STATE 2026-05-29 14:45:09] Task 1: zero-shot validation (pre-train)
---- Zero-shot (pre-train) task 1: rec_cls 0.0099 | prec_cls 0.0375 | f1_cls 0.1008 | det 0.5233 | pfa 0.0799 | total_f1 0.4654 ----
[STATE 2026-05-29 14:45:19] Starting task 1 (2/10)
[STATE 2026-05-29 14:45:19] Task 1 Epoch 1/1: entering train loop
[STATE 2026-05-29 14:46:47] Task 1 Epoch 1/1: running validation (end of epoch)
---- Eval at Epoch 0: cls [0.6812848627048319, 0.8319190848103561] | det_recall [0.8066145350035261, 0.8386818572830806] | det_fa [0.2687236885603817, 0.2835046959478246] ----
T1 Ep 1/1 | L 0.7810 | Train Acc 0.72 | Prec 0.77 | F1 0.61 | Det Rec 0.72 | Det FA 0.50 | Epoch Time 98.62s (Eval 10.35s, Train 88.27s)
[STATE 2026-05-29 14:46:58] T1 Ep 1/1 complete: Prec 0.7728 F1 0.6130 DetRec 0.7173 DetFA 0.4971 | 98.62s total (10.35s eval/88.27s train)
[STATE 2026-05-29 14:46:58] Task 1: running final validation.
Saved task checkpoint: logs//si/seed-sweep_one-shot_til-2026-05-29_14-42-18-6875/39/checkpoints/task_1.pt
[STATE 2026-05-29 14:47:08] Saved task checkpoint to logs//si/seed-sweep_one-shot_til-2026-05-29_14-42-18-6875/39/checkpoints/task_1.pt
[STATE 2026-05-29 14:47:08] Completed task 1 (2/10)
Task 2: 350028 training samples, 175014 test samples.
[STATE 2026-05-29 14:47:08] Task 2: zero-shot validation (pre-train)
---- Zero-shot (pre-train) task 2: rec_cls 0.1926 | prec_cls 0.2159 | f1_cls 0.1052 | det 0.4994 | pfa 0.9788 | total_f1 0.5048 ----
[STATE 2026-05-29 14:48:11] Starting task 2 (3/10)
[STATE 2026-05-29 14:48:11] Task 2 Epoch 1/1: entering train loop
[STATE 2026-05-29 14:58:14] Task 2 Epoch 1/1: running validation (end of epoch)
---- Eval at Epoch 0: cls [0.27624821942705513, 0.32947389686824513, 0.6881629541803257] | det_recall [0.6597040635536459, 0.7055478139282596, 0.8336100000410555] | det_fa [0.19826105631520627, 0.13265923726939582, 0.22227633399551547] ----
T2 Ep 1/1 | L 1.0195 | Train Acc 0.56 | Prec 0.58 | F1 0.56 | Det Rec 0.81 | Det FA 0.34 | Epoch Time 665.96s (Eval 62.42s, Train 603.54s)
[STATE 2026-05-29 14:59:17] T2 Ep 1/1 complete: Prec 0.5833 F1 0.5559 DetRec 0.8053 DetFA 0.3395 | 665.96s total (62.42s eval/603.54s train)
[STATE 2026-05-29 14:59:17] Task 2: running final validation.
Saved task checkpoint: logs//si/seed-sweep_one-shot_til-2026-05-29_14-42-18-6875/39/checkpoints/task_2.pt
[STATE 2026-05-29 15:00:19] Saved task checkpoint to logs//si/seed-sweep_one-shot_til-2026-05-29_14-42-18-6875/39/checkpoints/task_2.pt
[STATE 2026-05-29 15:00:19] Completed task 2 (3/10)
Task 3: 24480 training samples, 8160 test samples.
[STATE 2026-05-29 15:00:19] Task 3: zero-shot validation (pre-train)
---- Zero-shot (pre-train) task 3: rec_cls 0.2002 | prec_cls 0.0900 | f1_cls 0.0795 | det 0.4860 | pfa 0.9995 | total_f1 0.3897 ----
[STATE 2026-05-29 15:01:24] Starting task 3 (4/10)
[STATE 2026-05-29 15:01:24] Task 3 Epoch 1/1: entering train loop
[STATE 2026-05-29 15:02:06] Task 3 Epoch 1/1: running validation (end of epoch)
---- Eval at Epoch 0: cls [0.12661862876060076, 0.10618033722631998, 0.4302059325158413, 0.6021110942811787] | det_recall [0.35606813911545715, 0.4949187029131918, 0.662183197820691, 0.9963641404047642] | det_fa [0.6185481616052839, 0.4113232180154614, 0.64994327869768, 0.007271719190471745] ----
T3 Ep 1/1 | L 0.9036 | Train Acc 0.55 | Prec 0.56 | F1 0.60 | Det Rec 0.99 | Det FA 0.02 | Epoch Time 106.67s (Eval 65.12s, Train 41.55s)
[STATE 2026-05-29 15:03:11] T3 Ep 1/1 complete: Prec 0.5641 F1 0.5978 DetRec 0.9891 DetFA 0.0176 | 106.67s total (65.12s eval/41.55s train)
[STATE 2026-05-29 15:03:11] Task 3: running final validation.
Saved task checkpoint: logs//si/seed-sweep_one-shot_til-2026-05-29_14-42-18-6875/39/checkpoints/task_3.pt
[STATE 2026-05-29 15:04:16] Saved task checkpoint to logs//si/seed-sweep_one-shot_til-2026-05-29_14-42-18-6875/39/checkpoints/task_3.pt
[STATE 2026-05-29 15:04:16] Completed task 3 (4/10)
Task 4: 24480 training samples, 8160 test samples.
[STATE 2026-05-29 15:04:16] Task 4: zero-shot validation (pre-train)
---- Zero-shot (pre-train) task 4: rec_cls 0.0566 | prec_cls 0.0206 | f1_cls 0.0104 | det 0.4982 | pfa 1.0000 | total_f1 0.2784 ----
[STATE 2026-05-29 15:05:24] Starting task 4 (5/10)
[STATE 2026-05-29 15:05:24] Task 4 Epoch 1/1: entering train loop
[STATE 2026-05-29 15:06:05] Task 4 Epoch 1/1: running validation (end of epoch)
---- Eval at Epoch 0: cls [0.14954623123493319, 0.13396733640787808, 0.3522794753317036, 0.54660910227383, 0.4199037440496687] | det_recall [0.398976843737425, 0.5899702376704228, 0.5854023120528199, 0.9954105986504768, 1.0] | det_fa [0.5785904008709915, 0.36576845504466, 0.7844968145022252, 0.004709963820160365, 0.0] ----
T4 Ep 1/1 | L 1.0798 | Train Acc 0.37 | Prec 0.35 | F1 0.40 | Det Rec 0.99 | Det FA 0.01 | Epoch Time 109.07s (Eval 67.44s, Train 41.64s)
[STATE 2026-05-29 15:07:13] T4 Ep 1/1 complete: Prec 0.3469 F1 0.4025 DetRec 0.9947 DetFA 0.0104 | 109.07s total (67.44s eval/41.64s train)
[STATE 2026-05-29 15:07:13] Task 4: running final validation.
Saved task checkpoint: logs//si/seed-sweep_one-shot_til-2026-05-29_14-42-18-6875/39/checkpoints/task_4.pt
[STATE 2026-05-29 15:08:20] Saved task checkpoint to logs//si/seed-sweep_one-shot_til-2026-05-29_14-42-18-6875/39/checkpoints/task_4.pt
[STATE 2026-05-29 15:08:20] Completed task 4 (5/10)
Task 5: 201410 training samples, 100705 test samples.
[STATE 2026-05-29 15:08:21] Task 5: zero-shot validation (pre-train)
---- Zero-shot (pre-train) task 5: rec_cls 0.1154 | prec_cls 0.1831 | f1_cls 0.1470 | det 0.5780 | pfa 0.4170 | total_f1 0.3234 ----
[STATE 2026-05-29 15:09:58] Starting task 5 (6/10)
[STATE 2026-05-29 15:09:58] Task 5 Epoch 1/1: entering train loop
[STATE 2026-05-29 15:15:46] Task 5 Epoch 1/1: running validation (end of epoch)
---- Eval at Epoch 0: cls [0.17985041878936328, 0.107633152670196, 0.33364959451008086, 0.3535372917844536, 0.2680427179474559, 0.7966149962041361] | det_recall [0.5675944188627332, 0.5440125717009672, 0.733867954449849, 0.9785005396275077, 0.9870948662338881, 0.8711056525197681] | det_fa [0.3761795253967515, 0.2707662352494151, 0.47765811454635393, 0.004162028360923332, 0.0, 0.23153920948257894] ----
T5 Ep 1/1 | L 0.7053 | Train Acc 0.72 | Prec 0.73 | F1 0.70 | Det Rec 0.85 | Det FA 0.25 | Epoch Time 445.34s (Eval 97.49s, Train 347.85s)
[STATE 2026-05-29 15:17:23] T5 Ep 1/1 complete: Prec 0.7290 F1 0.6990 DetRec 0.8515 DetFA 0.2463 | 445.34s total (97.49s eval/347.85s train)
[STATE 2026-05-29 15:17:23] Task 5: running final validation.
Saved task checkpoint: logs//si/seed-sweep_one-shot_til-2026-05-29_14-42-18-6875/39/checkpoints/task_5.pt
[STATE 2026-05-29 15:19:01] Saved task checkpoint to logs//si/seed-sweep_one-shot_til-2026-05-29_14-42-18-6875/39/checkpoints/task_5.pt
[STATE 2026-05-29 15:19:01] Completed task 5 (6/10)
Task 6: 17340 training samples, 6800 test samples.
[STATE 2026-05-29 15:19:01] Task 6: zero-shot validation (pre-train)
---- Zero-shot (pre-train) task 6: rec_cls 0.1279 | prec_cls 0.1021 | f1_cls 0.2327 | det 0.9168 | pfa 0.0265 | total_f1 0.3586 ----
[STATE 2026-05-29 15:20:40] Starting task 6 (7/10)
[STATE 2026-05-29 15:20:40] Task 6 Epoch 1/1: entering train loop
[STATE 2026-05-29 15:21:10] Task 6 Epoch 1/1: running validation (end of epoch)
---- Eval at Epoch 0: cls [0.13658863835860932, 0.06930695993973958, 0.2807621903821462, 0.38838251647337946, 0.2893549374753766, 0.6814432207342682, 0.560054877975834] | det_recall [0.4883460496754717, 0.5834946859546877, 0.5540999680922855, 0.9844603451604685, 1.0, 0.8296795761983536, 1.0] | det_fa [0.4022096583126068, 0.22180549281543852, 0.7486563936112612, 0.0, 0.0, 0.3171883865181433, 0.0] ----
T6 Ep 1/1 | L 0.9182 | Train Acc 0.51 | Prec 0.51 | F1 0.57 | Det Rec 1.00 | Det FA 0.00 | Epoch Time 128.81s (Eval 99.18s, Train 29.62s)
[STATE 2026-05-29 15:22:49] T6 Ep 1/1 complete: Prec 0.5055 F1 0.5660 DetRec 0.9987 DetFA 0.0005 | 128.81s total (99.18s eval/29.62s train)
[STATE 2026-05-29 15:22:49] Task 6: running final validation.
Saved task checkpoint: logs//si/seed-sweep_one-shot_til-2026-05-29_14-42-18-6875/39/checkpoints/task_6.pt
[STATE 2026-05-29 15:24:29] Saved task checkpoint to logs//si/seed-sweep_one-shot_til-2026-05-29_14-42-18-6875/39/checkpoints/task_6.pt
[STATE 2026-05-29 15:24:29] Completed task 6 (7/10)
Task 7: 188050 training samples, 94025 test samples.
[STATE 2026-05-29 15:24:29] Task 7: zero-shot validation (pre-train)
---- Zero-shot (pre-train) task 7: rec_cls 0.0798 | prec_cls 0.1578 | f1_cls 0.0922 | det 0.3796 | pfa 0.5912 | total_f1 0.3462 ----
[STATE 2026-05-29 15:26:37] Starting task 7 (8/10)
[STATE 2026-05-29 15:26:37] Task 7 Epoch 1/1: entering train loop
[STATE 2026-05-29 15:32:01] Task 7 Epoch 1/1: running validation (end of epoch)
---- Eval at Epoch 0: cls [0.0798893909440675, 0.08858286624895642, 0.273426870342278, 0.36470610025122724, 0.2431450822957472, 0.6262875908406099, 0.45506340989784827, 0.7815708164441603] | det_recall [0.579309942903887, 0.6018300401530791, 0.7047259723829168, 0.972227615967436, 0.9822802021534384, 0.8751670197873824, 1.0, 0.8576063414507294] | det_fa [0.29671699191240763, 0.1943606581743173, 0.49809368372218044, 0.019195010712806583, 0.0, 0.18046959384897743, 0.0, 0.2361981565063274] ----
T7 Ep 1/1 | L 0.6533 | Train Acc 0.74 | Prec 0.76 | F1 0.72 | Det Rec 0.85 | Det FA 0.23 | Epoch Time 452.25s (Eval 127.41s, Train 324.84s)
[STATE 2026-05-29 15:34:09] T7 Ep 1/1 complete: Prec 0.7564 F1 0.7200 DetRec 0.8518 DetFA 0.2291 | 452.25s total (127.41s eval/324.84s train)
[STATE 2026-05-29 15:34:09] Task 7: running final validation.
Saved task checkpoint: logs//si/seed-sweep_one-shot_til-2026-05-29_14-42-18-6875/39/checkpoints/task_7.pt
[STATE 2026-05-29 15:36:17] Saved task checkpoint to logs//si/seed-sweep_one-shot_til-2026-05-29_14-42-18-6875/39/checkpoints/task_7.pt
[STATE 2026-05-29 15:36:17] Completed task 7 (8/10)
Task 8: 36658 training samples, 12220 test samples.
[STATE 2026-05-29 15:36:17] Task 8: zero-shot validation (pre-train)
---- Zero-shot (pre-train) task 8: rec_cls 0.1492 | prec_cls 0.1023 | f1_cls 0.0627 | det 0.4863 | pfa 0.9463 | total_f1 0.3701 ----
[STATE 2026-05-29 15:38:28] Starting task 8 (9/10)
[STATE 2026-05-29 15:38:28] Task 8 Epoch 1/1: entering train loop
[STATE 2026-05-29 15:39:31] Task 8 Epoch 1/1: running validation (end of epoch)
---- Eval at Epoch 0: cls [0.14867309906432677, 0.1934786002092985, 0.17312651520225114, 0.31594074978757286, 0.15803461615380412, 0.25773122951546057, 0.3250702313420081, 0.27668036756077813, 0.8347159987254189] | det_recall [0.3427667973043547, 0.6444320378067738, 0.4587191736537611, 0.9722751124531881, 0.9105546734552671, 0.5000528731445237, 0.9993203893484793, 0.5074180502657378, 0.7803234818087507] | det_fa [0.7138453998363689, 0.20316377504485286, 0.8166319008420625, 0.000249003984063745, 0.0, 0.7946537290042245, 0.0, 0.8410954987357949, 0.42319181460414296] ----
T8 Ep 1/1 | L 0.8448 | Train Acc 0.71 | Prec 0.73 | F1 0.58 | Det Rec 0.76 | Det FA 0.45 | Epoch Time 193.43s (Eval 131.06s, Train 62.37s)
[STATE 2026-05-29 15:41:42] T8 Ep 1/1 complete: Prec 0.7259 F1 0.5753 DetRec 0.7566 DetFA 0.4456 | 193.43s total (131.06s eval/62.37s train)
[STATE 2026-05-29 15:41:42] Task 8: running final validation.
Saved task checkpoint: logs//si/seed-sweep_one-shot_til-2026-05-29_14-42-18-6875/39/checkpoints/task_8.pt
[STATE 2026-05-29 15:43:53] Saved task checkpoint to logs//si/seed-sweep_one-shot_til-2026-05-29_14-42-18-6875/39/checkpoints/task_8.pt
[STATE 2026-05-29 15:43:53] Completed task 8 (9/10)
Task 9: 17340 training samples, 6800 test samples.
[STATE 2026-05-29 15:43:53] Task 9: zero-shot validation (pre-train)
---- Zero-shot (pre-train) task 9: rec_cls 0.0843 | prec_cls 0.0817 | f1_cls 0.0285 | det 0.2726 | pfa 1.0000 | total_f1 0.2854 ----
[STATE 2026-05-29 15:46:07] Starting task 9 (10/10)
[STATE 2026-05-29 15:46:07] Task 9 Epoch 1/1: entering train loop
[STATE 2026-05-29 15:46:36] Task 9 Epoch 1/1: running validation (end of epoch)
---- Eval at Epoch 0: cls [0.061464907374968375, 0.06863909626229438, 0.1828185367318058, 0.27450935826979317, 0.16273575059072587, 0.22118972733682699, 0.2438737861674534, 0.26193628760736876, 0.5270909873343091, 0.4721857330891267] | det_recall [0.2909796540250409, 0.586379127753736, 0.4702090250092019, 0.9710658575721791, 0.9989331377748789, 0.5032390929981158, 1.0, 0.5185760120308825, 0.7841747963587423, 1.0] | det_fa [0.7416829320599165, 0.08257420544808651, 0.792963209629561, 0.0, 0.0, 0.7948893493305864, 0.0, 0.912800566982508, 0.299345173562189, 0.0] ----
T9 Ep 1/1 | L 0.9412 | Train Acc 0.40 | Prec 0.39 | F1 0.45 | Det Rec 0.99 | Det FA 0.01 | Epoch Time 162.37s (Eval 132.92s, Train 29.46s)
[STATE 2026-05-29 15:48:49] T9 Ep 1/1 complete: Prec 0.3945 F1 0.4515 DetRec 0.9887 DetFA 0.0147 | 162.37s total (132.92s eval/29.46s train)
[STATE 2026-05-29 15:48:49] Task 9: running final validation.
Saved task checkpoint: logs//si/seed-sweep_one-shot_til-2026-05-29_14-42-18-6875/39/checkpoints/task_9.pt
[STATE 2026-05-29 15:51:02] Saved task checkpoint to logs//si/seed-sweep_one-shot_til-2026-05-29_14-42-18-6875/39/checkpoints/task_9.pt
[STATE 2026-05-29 15:51:02] Completed task 9 (10/10)
####Final Validation Accuracy####
Final Results:- 
 Total Recall: 0.24619732847469528 
 Individual Recall: [0.06363530324795678, 0.06664781772245898, 0.1824711344492845, 0.26568272950061794, 0.16389090257959044, 0.22160088060958455, 0.24973082948105296, 0.2612450063722437, 0.5279044473777944, 0.4591642334063684]
Final Detection Results:- 
 Total Detection: 0.7124101326182201 
 Individual Detection: [0.29245143892762904, 0.5860172994458287, 0.4690962815763193, 0.9714602470960916, 0.9982320433866962, 0.5045346796426556, 1.0, 0.5173548084753564, 0.7849545276316242, 1.0]
Final Detection False Alarm:- 
 Total False Alarm: 0.3626238872030078 
 Individual False Alarm: [0.7454340333817588, 0.08005569910119845, 0.7947301441104881, 0.0, 0.0, 0.7938044238260784, 0.0, 0.914157572778984, 0.2980569988315704, 0.0]
SUMMARY_TR cls_rec=0.4038 cls_prec=0.3945 cls_f1=0.4515 det=0.7124 fa=0.3624
SUMMARY_TE cls_rec=0.2462 cls_prec=0.3362 cls_f1=0.2787 det=0.7124 fa=0.3626
[STATE 2026-05-29 15:51:02] Saving results to logs//si/seed-sweep_one-shot_til-2026-05-29_14-42-18-6875/39/results
Model size: 0.0289 GB
Memory buffer size: 0.0000 GB
logs//si/seed-sweep_one-shot_til-2026-05-29_14-42-18-6875/39/results: {'expt_name': 'seed-sweep_one-shot_til', 'model': 'si', 'arch': 'resnet1d', 'n_hiddens': 100, 'n_layers': 2, 'xav_init': False, 'debug': False, 'use_detector_arch': False, 'use_groupnorm': False, 'inner_steps': 2, 'n_epochs': 1, 'batch_size': 256, 'replay_batch_size': 128, 'memories': 5120, 'lr': 0.003, 'optimizer': 'sgd', 'prune_perc': 0.75, 'post_prune_epochs': 0, 'class_weighted_ce': True, 'cuda': True, 'amp': True, 'amp_dtype': 'bfloat16', 'cudnn_benchmark': True, 'seed': 39, 'log_every': 10, 'log_dir': 'logs//si/seed-sweep_one-shot_til-2026-05-29_14-42-18-6875/39', 'tf_dir': 'logs//si/seed-sweep_one-shot_til-2026-05-29_14-42-18-6875/39/tfdir', 'calc_test_accuracy': False, 'state_logging': True, 'data_path': 'data/rff/radar/full', 'task_order_files': 't2-rcn,t0-rcn,t2-uclresm-25noise,t0-deeprad,t1-deeprad,t1-uclresm-25noise,t3-deeprad,t0-uclresm-25noise,t1-rcn,t2-deeprad', 'loader': 'task_incremental_loader', 'samples_per_task': -1, 'task_order_seed': None, 'classes_per_it': 6, 'iterations': 5000, 'dataset': 'iq', 'workers': 0, 'validation': 0.5, 'data_scaling': 'normalize', 'use_iq_aug_features': False, 'iq_aug_feature_type': 'power', 'class_order': 'random', 'increment': 5, 'test_batch_size': 512, 'nc_per_task': None, 'nc_per_task_list': '', 'val_rate': 1000, 'opt_lr': 0.1, 'opt_wt': 0.1, 'alpha_init': 0.001, 'momentum': 0.0, 'learn_lr': False, 'sync_update': False, 'grad_clip_norm': 5.0, 'meta_batches': 3, 'use_old_task_memory': False, 'second_order': False, 'n_memories': 5120, 'memory_strength': 0, 'memory_loss_lambda': 1.0, 'steps_per_sample': 1, 'bgd_optimizer': 'sgd', 'optimizer_params': '{}', 'train_mc_iters': 5, 'std_init': 0.05, 'mean_eta': 1, 'fisher_gamma': 0.95, 'rln': 7, 'meta_lr': 0.001, 'update_lr': 0.1, 'ctx_lr': 0.05, 'n_meta': 1, 'temperature': 5.0, 'task_emb': 64, 'classes_per_task': [6, 7, 6, 7, 7, 6, 6, 6, 7, 6], 'get_samples_per_task': <bound method IncrementalLoader.get_samples_per_task of <dataloaders.task_incremental_loader.IncrementalLoader object at 0x75e646a90c50>>, 'task_epoch_schedule': {}} # val: 0.686 0.246 -0.440 0.000 # sizes: model_gb=0.0289 mem_gb=0.0000 # 4061.976385831833
[STATE 2026-05-29 15:51:02] results.pt components (approx): state_dict 88.8 MB, result_val_t 0.1 KB, result_val_a 0.8 KB
[STATE 2026-05-29 15:51:02] Results saved; total runtime 1.13h
Total runtime: 1.13 hours
