[STATE 2026-05-30 07:01:29] Enabling terminal logging to logs//ucl/seed-sweep_one-shot_til-2026-05-30_07-01-29-9236/39/terminal.log
New Experiment Starting...
Running model:  ucl_bresnet
[STATE 2026-05-30 07:01:29] Experiment 'seed-sweep_one-shot_til' starting with model 'ucl_bresnet' (seed 39)
Set seed 39
[STATE 2026-05-30 07:01:29] Runtime accel: cudnn.benchmark=False amp=True amp_dtype=bfloat16
t2-rcn.npz train: x=(50362, 1024), y=(50362, 2)
t2-rcn.npz test: x=(16787, 1024), y=(16787, 2)
t2-rcn.npz: applied data scaling mode 'normalize'.
Loaded t2-rcn.npz: Unique train labels: UniqueCountsResult(values=array([-1,  3,  5, 10, 12, 15]), counts=array([24209,  5770,  3030,  2320,  7509,  7524]))
Noise labels ratio in t2-rcn.npz train: 0.24, test: 0.24
Loaded t2-rcn.npz: Remapped labels: [0 1 2 3 4 5]. Size: 50362)
t0-rcn.npz train: x=(51916, 1024), y=(51916, 2)
t0-rcn.npz test: x=(17305, 1024), y=(17305, 2)
t0-rcn.npz: applied data scaling mode 'normalize'.
Loaded t0-rcn.npz: Unique train labels: UniqueCountsResult(values=array([-1,  1,  8,  9, 11, 13, 14]), counts=array([24225,  4268,  2495,  2943,  3015,  7464,  7506]))
Noise labels ratio in t0-rcn.npz train: 0.23, test: 0.23
Loaded t0-rcn.npz: Remapped labels: [ 6  7  8  9 10 11 12]. Size: 51916)
t2-uclresm-25noise.npz train: moved sample axis (3, 350028, 1024) -> (350028, 3, 1024)
t2-uclresm-25noise.npz test: moved sample axis (3, 233351, 1024) -> (233351, 3, 1024)
t2-uclresm-25noise.npz train: x=(350028, 3, 1024), y=(350028,)
t2-uclresm-25noise.npz test: x=(233351, 3, 1024), y=(233351,)
t2-uclresm-25noise.npz: applied data scaling mode 'normalize'.
Loaded t2-uclresm-25noise.npz: Unique train labels: UniqueCountsResult(values=array([-1,  0,  1,  2,  3,  4]), counts=array([87441, 27347, 71754, 64298, 36005, 63183]))
Noise labels ratio in t2-uclresm-25noise.npz train: 0.25, test: 0.25
Loaded t2-uclresm-25noise.npz: Remapped labels: [13 14 15 16 17 18]. Size: 350028)
t0-deeprad.npz train: x=(24480, 1024), y=(24480, 2)
t0-deeprad.npz test: x=(8160, 1024), y=(8160, 2)
t0-deeprad.npz: applied data scaling mode 'normalize'.
Loaded t0-deeprad.npz: Unique train labels: UniqueCountsResult(values=array([-1,  0,  1,  2,  3,  4,  5]), counts=array([12240,  2029,  1983,  2043,  2154,  2015,  2016]))
Noise labels ratio in t0-deeprad.npz train: 0.25, test: 0.25
Loaded t0-deeprad.npz: Remapped labels: [19 20 21 22 23 24 25]. Size: 24480)
t1-deeprad.npz train: x=(24480, 1024), y=(24480, 2)
t1-deeprad.npz test: x=(8160, 1024), y=(8160, 2)
t1-deeprad.npz: applied data scaling mode 'normalize'.
Loaded t1-deeprad.npz: Unique train labels: UniqueCountsResult(values=array([-1,  0,  1,  2,  3,  4,  5]), counts=array([12240,  1988,  2029,  2054,  1988,  2053,  2128]))
Noise labels ratio in t1-deeprad.npz train: 0.25, test: 0.25
Loaded t1-deeprad.npz: Remapped labels: [26 27 28 29 30 31 32]. Size: 24480)
t1-uclresm-25noise.npz train: moved sample axis (3, 201410, 1024) -> (201410, 3, 1024)
t1-uclresm-25noise.npz test: moved sample axis (3, 116291, 1024) -> (116291, 3, 1024)
t1-uclresm-25noise.npz train: x=(201410, 3, 1024), y=(201410,)
t1-uclresm-25noise.npz test: x=(116291, 3, 1024), y=(116291,)
t1-uclresm-25noise.npz: applied data scaling mode 'normalize'.
Loaded t1-uclresm-25noise.npz: Unique train labels: UniqueCountsResult(values=array([-1,  0,  1,  2,  3,  4]), counts=array([43668, 18021, 17838, 18087, 31870, 71926]))
Noise labels ratio in t1-uclresm-25noise.npz train: 0.22, test: 0.25
Loaded t1-uclresm-25noise.npz: Remapped labels: [33 34 35 36 37 38]. Size: 201410)
t3-deeprad.npz train: x=(17340, 1024), y=(17340, 2)
t3-deeprad.npz test: x=(6800, 1024), y=(6800, 2)
t3-deeprad.npz: applied data scaling mode 'normalize'.
Loaded t3-deeprad.npz: Unique train labels: UniqueCountsResult(values=array([-1,  0,  1,  2,  3,  4]), counts=array([8670, 1693, 1677, 1794, 1716, 1790]))
Noise labels ratio in t3-deeprad.npz train: 0.25, test: 0.25
Loaded t3-deeprad.npz: Remapped labels: [39 40 41 42 43 44]. Size: 17340)
t0-uclresm-25noise.npz train: moved sample axis (3, 188050, 1024) -> (188050, 3, 1024)
t0-uclresm-25noise.npz test: moved sample axis (3, 107348, 1024) -> (107348, 3, 1024)
t0-uclresm-25noise.npz train: x=(188050, 3, 1024), y=(188050,)
t0-uclresm-25noise.npz test: x=(107348, 3, 1024), y=(107348,)
t0-uclresm-25noise.npz: applied data scaling mode 'normalize'.
Loaded t0-uclresm-25noise.npz: Unique train labels: UniqueCountsResult(values=array([-1,  0,  1,  2,  3,  4]), counts=array([40144, 32109, 17978, 17979, 18098, 61742]))
Noise labels ratio in t0-uclresm-25noise.npz train: 0.21, test: 0.25
Loaded t0-uclresm-25noise.npz: Remapped labels: [45 46 47 48 49 50]. Size: 188050)
t1-rcn.npz train: x=(36658, 1024), y=(36658, 2)
t1-rcn.npz test: x=(12220, 1024), y=(12220, 2)
t1-rcn.npz: applied data scaling mode 'normalize'.
Loaded t1-rcn.npz: Unique train labels: UniqueCountsResult(values=array([-1,  0,  2,  4,  6,  7, 16]), counts=array([20595,   824,  2087,  2606,  2396,  1716,  6434]))
Noise labels ratio in t1-rcn.npz train: 0.28, test: 0.28
Loaded t1-rcn.npz: Remapped labels: [51 52 53 54 55 56 57]. Size: 36658)
t2-deeprad.npz train: x=(17340, 1024), y=(17340, 2)
t2-deeprad.npz test: x=(6800, 1024), y=(6800, 2)
t2-deeprad.npz: applied data scaling mode 'normalize'.
Loaded t2-deeprad.npz: Unique train labels: UniqueCountsResult(values=array([-1,  0,  1,  2,  3,  4]), counts=array([8670, 1774, 1675, 1777, 1694, 1750]))
Noise labels ratio in t2-deeprad.npz train: 0.25, test: 0.25
Loaded t2-deeprad.npz: Remapped labels: [58 59 60 61 62 63]. Size: 17340)
Built classes_per_task: [6, 7, 6, 7, 7, 6, 6, 6, 7, 6]
Classes per task: [6, 7, 6, 7, 7, 6, 6, 6, 7, 6]
[STATE 2026-05-30 07:02:32] Loader 'task_incremental_loader' ready: 1024 inputs, 64 outputs, 10 tasks
n_outputs: 64 	n_tasks: 10
[STATE 2026-05-30 07:02:32] Logging to logs//ucl/seed-sweep_one-shot_til-2026-05-30_07-01-29-9236/39
True
Model device: cuda:0
[STATE 2026-05-30 07:02:32] Model initialized on device cuda:0
[STATE 2026-05-30 07:02:32] Invoking continual life experience flow
[STATE 2026-05-30 07:02:32] Life experience start: 10 tasks queued
[STATE 2026-05-30 07:02:32] Legacy epoch behavior enabled: using n_epochs=1 for all tasks
Task 0: 50362 training samples, 16787 test samples.
[STATE 2026-05-30 07:02:32] Task 0: zero-shot validation (pre-train)
---- Zero-shot (pre-train) task 0: rec_cls 0.2000 | prec_cls 0.0451 | f1_cls 0.0348 | det 0.5000 | pfa 1.0000 | total_f1 0.0348 ----
[STATE 2026-05-30 07:02:37] Starting task 0 (1/10)
[STATE 2026-05-30 07:02:37] Task 0 Epoch 1/1: entering train loop
[STATE 2026-05-30 07:04:12] Task 0 Epoch 1/1: running validation (end of epoch)
---- Eval at Epoch 0: cls [0.2] | det_recall [0.5] | det_fa [1.0] ----
T0 Ep 1/1 | L 0.7738 | Train Acc 0.72 | Prec 0.75 | F1 0.67 | Det Rec 0.83 | Det FA 0.29 | Epoch Time 98.99s (Eval 4.67s, Train 94.33s)
[STATE 2026-05-30 07:04:16] T0 Ep 1/1 complete: Prec 0.7489 F1 0.6683 DetRec 0.8256 DetFA 0.2904 | 98.99s total (4.67s eval/94.33s train)
[STATE 2026-05-30 07:04:16] Task 0: running final validation.
Saved task checkpoint: logs//ucl/seed-sweep_one-shot_til-2026-05-30_07-01-29-9236/39/checkpoints/task_0.pt
[STATE 2026-05-30 07:04:21] Saved task checkpoint to logs//ucl/seed-sweep_one-shot_til-2026-05-30_07-01-29-9236/39/checkpoints/task_0.pt
[STATE 2026-05-30 07:04:21] Completed task 0 (1/10)
Task 1: 51916 training samples, 17305 test samples.
[STATE 2026-05-30 07:04:21] Task 1: zero-shot validation (pre-train)
---- Zero-shot (pre-train) task 1: rec_cls 0.1667 | prec_cls 0.0181 | f1_cls 0.0156 | det 0.5000 | pfa 1.0000 | total_f1 0.1808 ----
[STATE 2026-05-30 07:04:31] Starting task 1 (2/10)
[STATE 2026-05-30 07:04:31] Task 1 Epoch 1/1: entering train loop
[STATE 2026-05-30 07:06:15] Task 1 Epoch 1/1: running validation (end of epoch)
---- Eval at Epoch 0: cls [0.16425674043061583, 0.16666666666666666] | det_recall [0.4990102347028469, 0.5] | det_fa [0.8930527034299817, 1.0] ----
T1 Ep 1/1 | L 0.8473 | Train Acc 0.69 | Prec 0.76 | F1 0.60 | Det Rec 0.72 | Det FA 0.47 | Epoch Time 114.38s (Eval 9.94s, Train 104.44s)
[STATE 2026-05-30 07:06:25] T1 Ep 1/1 complete: Prec 0.7600 F1 0.6006 DetRec 0.7216 DetFA 0.4734 | 114.38s total (9.94s eval/104.44s train)
[STATE 2026-05-30 07:06:25] Task 1: running final validation.
Saved task checkpoint: logs//ucl/seed-sweep_one-shot_til-2026-05-30_07-01-29-9236/39/checkpoints/task_1.pt
[STATE 2026-05-30 07:06:35] Saved task checkpoint to logs//ucl/seed-sweep_one-shot_til-2026-05-30_07-01-29-9236/39/checkpoints/task_1.pt
[STATE 2026-05-30 07:06:35] Completed task 1 (2/10)
Task 2: 350028 training samples, 175014 test samples.
[STATE 2026-05-30 07:06:36] Task 2: zero-shot validation (pre-train)
---- Zero-shot (pre-train) task 2: rec_cls 0.2000 | prec_cls 0.0490 | f1_cls 0.0517 | det 0.5000 | pfa 1.0000 | total_f1 0.1970 ----
[STATE 2026-05-30 07:07:34] Starting task 2 (3/10)
[STATE 2026-05-30 07:07:34] Task 2 Epoch 1/1: entering train loop
[STATE 2026-05-30 07:19:26] Task 2 Epoch 1/1: running validation (end of epoch)
---- Eval at Epoch 0: cls [0.0, 0.16666666666666666, 0.2] | det_recall [0.5, 0.5, 0.5] | det_fa [0.0, 1.0, 1.0] ----
T2 Ep 1/1 | L 1.2099 | Train Acc 0.46 | Prec 0.51 | F1 0.47 | Det Rec 0.80 | Det FA 0.35 | Epoch Time 772.09s (Eval 60.00s, Train 712.09s)
[STATE 2026-05-30 07:20:26] T2 Ep 1/1 complete: Prec 0.5123 F1 0.4666 DetRec 0.7970 DetFA 0.3481 | 772.09s total (60.00s eval/712.09s train)
[STATE 2026-05-30 07:20:26] Task 2: running final validation.
Saved task checkpoint: logs//ucl/seed-sweep_one-shot_til-2026-05-30_07-01-29-9236/39/checkpoints/task_2.pt
[STATE 2026-05-30 07:21:26] Saved task checkpoint to logs//ucl/seed-sweep_one-shot_til-2026-05-30_07-01-29-9236/39/checkpoints/task_2.pt
[STATE 2026-05-30 07:21:26] Completed task 2 (3/10)
Task 3: 24480 training samples, 8160 test samples.
[STATE 2026-05-30 07:21:26] Task 3: zero-shot validation (pre-train)
---- Zero-shot (pre-train) task 3: rec_cls 0.1667 | prec_cls 0.0273 | f1_cls 0.0216 | det 0.5000 | pfa 1.0000 | total_f1 0.0595 ----
[STATE 2026-05-30 07:22:28] Starting task 3 (4/10)
[STATE 2026-05-30 07:22:28] Task 3 Epoch 1/1: entering train loop
[STATE 2026-05-30 07:23:17] Task 3 Epoch 1/1: running validation (end of epoch)
---- Eval at Epoch 0: cls [0.0, 0.16666666666666666, 0.20031646575208648, 0.16666666666666666] | det_recall [0.5, 0.5, 0.5, 0.5] | det_fa [0.0, 1.0, 1.0, 1.0] ----
T3 Ep 1/1 | L 0.9835 | Train Acc 0.52 | Prec 0.51 | F1 0.56 | Det Rec 0.99 | Det FA 0.02 | Epoch Time 110.98s (Eval 61.14s, Train 49.83s)
[STATE 2026-05-30 07:24:19] T3 Ep 1/1 complete: Prec 0.5098 F1 0.5553 DetRec 0.9886 DetFA 0.0186 | 110.98s total (61.14s eval/49.83s train)
[STATE 2026-05-30 07:24:19] Task 3: running final validation.
Saved task checkpoint: logs//ucl/seed-sweep_one-shot_til-2026-05-30_07-01-29-9236/39/checkpoints/task_3.pt
[STATE 2026-05-30 07:25:20] Saved task checkpoint to logs//ucl/seed-sweep_one-shot_til-2026-05-30_07-01-29-9236/39/checkpoints/task_3.pt
[STATE 2026-05-30 07:25:20] Completed task 3 (4/10)
Task 4: 24480 training samples, 8160 test samples.
[STATE 2026-05-30 07:25:20] Task 4: zero-shot validation (pre-train)
---- Zero-shot (pre-train) task 4: rec_cls 0.1667 | prec_cls 0.0269 | f1_cls 0.0212 | det 0.5000 | pfa 1.0000 | total_f1 0.1247 ----
[STATE 2026-05-30 07:26:25] Starting task 4 (5/10)
[STATE 2026-05-30 07:26:25] Task 4 Epoch 1/1: entering train loop
[STATE 2026-05-30 07:27:15] Task 4 Epoch 1/1: running validation (end of epoch)
---- Eval at Epoch 0: cls [0.0, 0.16666666666666666, 0.19998108343050566, 0.5033258636983226, 0.16666666666666666] | det_recall [0.5, 0.5, 0.5, 0.5, 0.5] | det_fa [0.0, 1.0, 1.0, 1.0, 1.0] ----
T4 Ep 1/1 | L 1.1580 | Train Acc 0.35 | Prec 0.33 | F1 0.39 | Det Rec 0.99 | Det FA 0.01 | Epoch Time 114.09s (Eval 64.31s, Train 49.78s)
[STATE 2026-05-30 07:28:19] T4 Ep 1/1 complete: Prec 0.3330 F1 0.3860 DetRec 0.9932 DetFA 0.0104 | 114.09s total (64.31s eval/49.78s train)
[STATE 2026-05-30 07:28:19] Task 4: running final validation.
Saved task checkpoint: logs//ucl/seed-sweep_one-shot_til-2026-05-30_07-01-29-9236/39/checkpoints/task_4.pt
[STATE 2026-05-30 07:29:23] Saved task checkpoint to logs//ucl/seed-sweep_one-shot_til-2026-05-30_07-01-29-9236/39/checkpoints/task_4.pt
[STATE 2026-05-30 07:29:23] Completed task 4 (5/10)
Task 5: 201410 training samples, 100705 test samples.
[STATE 2026-05-30 07:29:23] Task 5: zero-shot validation (pre-train)
---- Zero-shot (pre-train) task 5: rec_cls 0.2000 | prec_cls 0.0135 | f1_cls 0.0161 | det 0.5000 | pfa 1.0000 | total_f1 0.1440 ----
[STATE 2026-05-30 07:30:56] Starting task 5 (6/10)
[STATE 2026-05-30 07:30:56] Task 5 Epoch 1/1: entering train loop
[STATE 2026-05-30 07:37:50] Task 5 Epoch 1/1: running validation (end of epoch)
---- Eval at Epoch 0: cls [0.0, 0.16666666666666666, 0.2, 0.23573732235049577, 0.2849670226650176, 0.20000000000000004] | det_recall [0.5, 0.5, 0.5, 0.5, 0.5, 0.5] | det_fa [0.0, 1.0, 1.0, 1.0, 1.0, 1.0] ----
T5 Ep 1/1 | L 0.7825 | Train Acc 0.67 | Prec 0.68 | F1 0.64 | Det Rec 0.83 | Det FA 0.29 | Epoch Time 507.16s (Eval 92.82s, Train 414.34s)
[STATE 2026-05-30 07:39:23] T5 Ep 1/1 complete: Prec 0.6761 F1 0.6437 DetRec 0.8317 DetFA 0.2865 | 507.16s total (92.82s eval/414.34s train)
[STATE 2026-05-30 07:39:23] Task 5: running final validation.
Saved task checkpoint: logs//ucl/seed-sweep_one-shot_til-2026-05-30_07-01-29-9236/39/checkpoints/task_5.pt
[STATE 2026-05-30 07:40:56] Saved task checkpoint to logs//ucl/seed-sweep_one-shot_til-2026-05-30_07-01-29-9236/39/checkpoints/task_5.pt
[STATE 2026-05-30 07:40:56] Completed task 5 (6/10)
Task 6: 17340 training samples, 6800 test samples.
[STATE 2026-05-30 07:40:56] Task 6: zero-shot validation (pre-train)
---- Zero-shot (pre-train) task 6: rec_cls 0.1965 | prec_cls 0.0402 | f1_cls 0.0296 | det 0.4715 | pfa 1.0000 | total_f1 0.0982 ----
[STATE 2026-05-30 07:42:31] Starting task 6 (7/10)
[STATE 2026-05-30 07:42:31] Task 6 Epoch 1/1: entering train loop
[STATE 2026-05-30 07:43:07] Task 6 Epoch 1/1: running validation (end of epoch)
---- Eval at Epoch 0: cls [0.0, 0.16666666666666666, 0.2, 0.27054768965652154, 0.29361995679863795, 0.20000000000000004, 0.2] | det_recall [0.5, 0.5, 0.5, 0.5, 0.5, 0.5, 0.5] | det_fa [0.0, 1.0, 1.0, 1.0, 1.0, 1.0, 1.0] ----
T6 Ep 1/1 | L 0.9533 | Train Acc 0.49 | Prec 0.49 | F1 0.56 | Det Rec 1.00 | Det FA 0.00 | Epoch Time 129.69s (Eval 94.01s, Train 35.69s)
[STATE 2026-05-30 07:44:41] T6 Ep 1/1 complete: Prec 0.4888 F1 0.5564 DetRec 0.9961 DetFA 0.0041 | 129.69s total (94.01s eval/35.69s train)
[STATE 2026-05-30 07:44:41] Task 6: running final validation.
Saved task checkpoint: logs//ucl/seed-sweep_one-shot_til-2026-05-30_07-01-29-9236/39/checkpoints/task_6.pt
[STATE 2026-05-30 07:46:16] Saved task checkpoint to logs//ucl/seed-sweep_one-shot_til-2026-05-30_07-01-29-9236/39/checkpoints/task_6.pt
[STATE 2026-05-30 07:46:16] Completed task 6 (7/10)
Task 7: 188050 training samples, 94025 test samples.
[STATE 2026-05-30 07:46:16] Task 7: zero-shot validation (pre-train)
---- Zero-shot (pre-train) task 7: rec_cls 0.2000 | prec_cls 0.0146 | f1_cls 0.0172 | det 0.5000 | pfa 1.0000 | total_f1 0.1350 ----
[STATE 2026-05-30 07:48:16] Starting task 7 (8/10)
[STATE 2026-05-30 07:48:16] Task 7 Epoch 1/1: entering train loop
[STATE 2026-05-30 07:54:48] Task 7 Epoch 1/1: running validation (end of epoch)
---- Eval at Epoch 0: cls [0.0, 0.16666666666666666, 0.2, 0.23305741262552976, 0.25870766181083843, 0.20000000000000004, 0.34321715234589073, 0.2] | det_recall [0.5, 0.5, 0.5, 0.5, 0.5, 0.5, 0.5, 0.5] | det_fa [0.0, 1.0, 1.0, 1.0, 1.0, 1.0, 1.0, 1.0] ----
T7 Ep 1/1 | L 0.6900 | Train Acc 0.71 | Prec 0.74 | F1 0.69 | Det Rec 0.83 | Det FA 0.27 | Epoch Time 514.20s (Eval 122.26s, Train 391.94s)
[STATE 2026-05-30 07:56:50] T7 Ep 1/1 complete: Prec 0.7362 F1 0.6899 DetRec 0.8306 DetFA 0.2705 | 514.20s total (122.26s eval/391.94s train)
[STATE 2026-05-30 07:56:50] Task 7: running final validation.
Saved task checkpoint: logs//ucl/seed-sweep_one-shot_til-2026-05-30_07-01-29-9236/39/checkpoints/task_7.pt
[STATE 2026-05-30 07:58:51] Saved task checkpoint to logs//ucl/seed-sweep_one-shot_til-2026-05-30_07-01-29-9236/39/checkpoints/task_7.pt
[STATE 2026-05-30 07:58:51] Completed task 7 (8/10)
Task 8: 36658 training samples, 12220 test samples.
[STATE 2026-05-30 07:58:51] Task 8: zero-shot validation (pre-train)
---- Zero-shot (pre-train) task 8: rec_cls 0.1667 | prec_cls 0.0078 | f1_cls 0.0057 | det 0.5000 | pfa 1.0000 | total_f1 0.0764 ----
[STATE 2026-05-30 08:00:56] Starting task 8 (9/10)
[STATE 2026-05-30 08:00:56] Task 8 Epoch 1/1: entering train loop
[STATE 2026-05-30 08:02:11] Task 8 Epoch 1/1: running validation (end of epoch)
---- Eval at Epoch 0: cls [0.0, 0.16666666666666666, 0.2, 0.15039053041899403, 0.2557491764408074, 0.20000000000000004, 0.2, 0.2, 0.16666666666666666] | det_recall [0.5, 0.5, 0.5, 0.5, 0.5, 0.5, 0.5, 0.5, 0.5] | det_fa [0.0, 1.0, 1.0, 1.0, 1.0, 1.0, 1.0, 1.0, 1.0] ----
T8 Ep 1/1 | L 0.8223 | Train Acc 0.71 | Prec 0.73 | F1 0.57 | Det Rec 0.74 | Det FA 0.47 | Epoch Time 200.04s (Eval 124.71s, Train 75.33s)
[STATE 2026-05-30 08:04:16] T8 Ep 1/1 complete: Prec 0.7312 F1 0.5685 DetRec 0.7380 DetFA 0.4707 | 200.04s total (124.71s eval/75.33s train)
[STATE 2026-05-30 08:04:16] Task 8: running final validation.
Saved task checkpoint: logs//ucl/seed-sweep_one-shot_til-2026-05-30_07-01-29-9236/39/checkpoints/task_8.pt
[STATE 2026-05-30 08:06:21] Saved task checkpoint to logs//ucl/seed-sweep_one-shot_til-2026-05-30_07-01-29-9236/39/checkpoints/task_8.pt
[STATE 2026-05-30 08:06:21] Completed task 8 (9/10)
Task 9: 17340 training samples, 6800 test samples.
[STATE 2026-05-30 08:06:21] Task 9: zero-shot validation (pre-train)
---- Zero-shot (pre-train) task 9: rec_cls 0.2000 | prec_cls 0.0413 | f1_cls 0.0310 | det 0.5000 | pfa 1.0000 | total_f1 0.0633 ----
[STATE 2026-05-30 08:08:26] Starting task 9 (10/10)
[STATE 2026-05-30 08:08:26] Task 9 Epoch 1/1: entering train loop
[STATE 2026-05-30 08:09:02] Task 9 Epoch 1/1: running validation (end of epoch)
---- Eval at Epoch 0: cls [0.0, 0.16666666666666666, 0.2, 0.12141267194548912, 0.16666666666666666, 0.20000000000000004, 0.43482867630755745, 0.2, 0.33191590188483033, 0.2] | det_recall [0.5, 0.5, 0.5, 0.5, 0.5, 0.5, 0.5, 0.5, 0.4546972393289992, 0.5] | det_fa [0.0, 1.0, 1.0, 1.0, 1.0, 1.0, 1.0, 1.0, 0.7823924092305209, 1.0] ----
T9 Ep 1/1 | L 0.9863 | Train Acc 0.41 | Prec 0.40 | F1 0.45 | Det Rec 0.99 | Det FA 0.01 | Epoch Time 163.64s (Eval 127.32s, Train 36.32s)
[STATE 2026-05-30 08:11:10] T9 Ep 1/1 complete: Prec 0.3952 F1 0.4487 DetRec 0.9915 DetFA 0.0147 | 163.64s total (127.32s eval/36.32s train)
[STATE 2026-05-30 08:11:10] Task 9: running final validation.
Saved task checkpoint: logs//ucl/seed-sweep_one-shot_til-2026-05-30_07-01-29-9236/39/checkpoints/task_9.pt
[STATE 2026-05-30 08:13:15] Saved task checkpoint to logs//ucl/seed-sweep_one-shot_til-2026-05-30_07-01-29-9236/39/checkpoints/task_9.pt
[STATE 2026-05-30 08:13:15] Completed task 9 (10/10)
####Final Validation Accuracy####
Final Results:- 
 Total Recall: 0.22362933275830083 
 Individual Recall: [0.0, 0.16666666666666666, 0.2, 0.12141267194548912, 0.16666666666666666, 0.20000000000000004, 0.43482867630755745, 0.2, 0.33191590188483033, 0.4148027441117978]
Final Detection Results:- 
 Total Detection: 0.5454697239328998 
 Individual Detection: [0.5, 0.5, 0.5, 0.5, 0.5, 0.5, 0.5, 0.5, 0.4546972393289992, 1.0]
Final Detection False Alarm:- 
 Total False Alarm: 0.7782392409230521 
 Individual False Alarm: [0.0, 1.0, 1.0, 1.0, 1.0, 1.0, 1.0, 1.0, 0.7823924092305209, 0.0]
SUMMARY_TR cls_rec=0.4065 cls_prec=0.3952 cls_f1=0.4487 det=0.4955 fa=0.8782
SUMMARY_TE cls_rec=0.2236 cls_prec=0.1666 cls_f1=0.1355 det=0.5455 fa=0.7782
[STATE 2026-05-30 08:13:15] Saving results to logs//ucl/seed-sweep_one-shot_til-2026-05-30_07-01-29-9236/39/results
Model size: 0.0864 GB
Memory buffer size: 0.0000 GB
logs//ucl/seed-sweep_one-shot_til-2026-05-30_07-01-29-9236/39/results: {'expt_name': 'seed-sweep_one-shot_til', 'model': 'ucl_bresnet', 'arch': 'resnet1d', 'n_hiddens': 100, 'n_layers': 2, 'xav_init': False, 'debug': False, 'use_detector_arch': False, 'use_groupnorm': False, 'inner_steps': 2, 'n_epochs': 1, 'batch_size': 256, 'replay_batch_size': 128, 'memories': 5120, 'lr': 0.01, 'optimizer': 'sgd', 'prune_perc': 0.75, 'post_prune_epochs': 0, 'class_weighted_ce': True, 'cuda': True, 'amp': True, 'amp_dtype': 'bfloat16', 'cudnn_benchmark': True, 'seed': 39, 'log_every': 10, 'log_dir': 'logs//ucl/seed-sweep_one-shot_til-2026-05-30_07-01-29-9236/39', 'tf_dir': 'logs//ucl/seed-sweep_one-shot_til-2026-05-30_07-01-29-9236/39/tfdir', 'calc_test_accuracy': False, 'state_logging': True, 'data_path': 'data/rff/radar/full', 'task_order_files': 't2-rcn,t0-rcn,t2-uclresm-25noise,t0-deeprad,t1-deeprad,t1-uclresm-25noise,t3-deeprad,t0-uclresm-25noise,t1-rcn,t2-deeprad', 'loader': 'task_incremental_loader', 'samples_per_task': -1, 'task_order_seed': None, 'classes_per_it': 6, 'iterations': 5000, 'dataset': 'iq', 'workers': 0, 'validation': 0.5, 'data_scaling': 'normalize', 'use_iq_aug_features': False, 'iq_aug_feature_type': 'power', 'class_order': 'random', 'increment': 5, 'test_batch_size': 512, 'nc_per_task': None, 'nc_per_task_list': '', 'val_rate': 1000, 'opt_lr': 0.1, 'opt_wt': 0.1, 'alpha_init': 0.001, 'momentum': 0.0, 'learn_lr': False, 'sync_update': False, 'grad_clip_norm': 5.0, 'meta_batches': 3, 'use_old_task_memory': False, 'second_order': False, 'n_memories': 5120, 'memory_strength': 0, 'memory_loss_lambda': 1.0, 'steps_per_sample': 1, 'bgd_optimizer': 'sgd', 'optimizer_params': '{}', 'train_mc_iters': 5, 'std_init': 0.05, 'mean_eta': 1, 'fisher_gamma': 0.95, 'rln': 7, 'meta_lr': 0.001, 'update_lr': 0.1, 'ctx_lr': 0.05, 'n_meta': 1, 'temperature': 5.0, 'task_emb': 64, 'classes_per_task': [6, 7, 6, 7, 7, 6, 6, 6, 7, 6], 'get_samples_per_task': <bound method IncrementalLoader.get_samples_per_task of <dataloaders.task_incremental_loader.IncrementalLoader object at 0x7d2fc3aa74a0>>, 'task_epoch_schedule': {}} # val: 0.394 0.224 -0.170 0.000 # sizes: model_gb=0.0864 mem_gb=0.0000 # 4243.048225879669
[STATE 2026-05-30 08:13:15] results.pt components (approx): state_dict 88.5 MB, result_val_t 0.1 KB, result_val_a 0.8 KB
[STATE 2026-05-30 08:13:16] Results saved; total runtime 1.18h
Total runtime: 1.18 hours
