[STATE 2026-05-29 13:33:39] Enabling terminal logging to logs//smaml/seed-sweep_one-shot_til-2026-05-29_13-33-39-5677/39/terminal.log
New Experiment Starting...
Running model:  lamaml_cifar
[STATE 2026-05-29 13:33:39] Experiment 'seed-sweep_one-shot_til' starting with model 'lamaml_cifar' (seed 39)
Set seed 39
[STATE 2026-05-29 13:33:39] Runtime accel: cudnn.benchmark=False amp=True amp_dtype=bfloat16
t2-rcn.npz train: x=(50362, 1024), y=(50362, 2)
t2-rcn.npz test: x=(16787, 1024), y=(16787, 2)
t2-rcn.npz: applied data scaling mode 'normalize'.
Loaded t2-rcn.npz: Unique train labels: UniqueCountsResult(values=array([-1,  3,  5, 10, 12, 15]), counts=array([24209,  5770,  3030,  2320,  7509,  7524]))
Noise labels ratio in t2-rcn.npz train: 0.24, test: 0.24
Loaded t2-rcn.npz: Remapped labels: [0 1 2 3 4 5]. Size: 50362)
t0-rcn.npz train: x=(51916, 1024), y=(51916, 2)
t0-rcn.npz test: x=(17305, 1024), y=(17305, 2)
t0-rcn.npz: applied data scaling mode 'normalize'.
Loaded t0-rcn.npz: Unique train labels: UniqueCountsResult(values=array([-1,  1,  8,  9, 11, 13, 14]), counts=array([24225,  4268,  2495,  2943,  3015,  7464,  7506]))
Noise labels ratio in t0-rcn.npz train: 0.23, test: 0.23
Loaded t0-rcn.npz: Remapped labels: [ 6  7  8  9 10 11 12]. Size: 51916)
t2-uclresm-25noise.npz train: moved sample axis (3, 350028, 1024) -> (350028, 3, 1024)
t2-uclresm-25noise.npz test: moved sample axis (3, 233351, 1024) -> (233351, 3, 1024)
t2-uclresm-25noise.npz train: x=(350028, 3, 1024), y=(350028,)
t2-uclresm-25noise.npz test: x=(233351, 3, 1024), y=(233351,)
t2-uclresm-25noise.npz: applied data scaling mode 'normalize'.
Loaded t2-uclresm-25noise.npz: Unique train labels: UniqueCountsResult(values=array([-1,  0,  1,  2,  3,  4]), counts=array([87441, 27347, 71754, 64298, 36005, 63183]))
Noise labels ratio in t2-uclresm-25noise.npz train: 0.25, test: 0.25
Loaded t2-uclresm-25noise.npz: Remapped labels: [13 14 15 16 17 18]. Size: 350028)
t0-deeprad.npz train: x=(24480, 1024), y=(24480, 2)
t0-deeprad.npz test: x=(8160, 1024), y=(8160, 2)
t0-deeprad.npz: applied data scaling mode 'normalize'.
Loaded t0-deeprad.npz: Unique train labels: UniqueCountsResult(values=array([-1,  0,  1,  2,  3,  4,  5]), counts=array([12240,  2029,  1983,  2043,  2154,  2015,  2016]))
Noise labels ratio in t0-deeprad.npz train: 0.25, test: 0.25
Loaded t0-deeprad.npz: Remapped labels: [19 20 21 22 23 24 25]. Size: 24480)
t1-deeprad.npz train: x=(24480, 1024), y=(24480, 2)
t1-deeprad.npz test: x=(8160, 1024), y=(8160, 2)
t1-deeprad.npz: applied data scaling mode 'normalize'.
Loaded t1-deeprad.npz: Unique train labels: UniqueCountsResult(values=array([-1,  0,  1,  2,  3,  4,  5]), counts=array([12240,  1988,  2029,  2054,  1988,  2053,  2128]))
Noise labels ratio in t1-deeprad.npz train: 0.25, test: 0.25
Loaded t1-deeprad.npz: Remapped labels: [26 27 28 29 30 31 32]. Size: 24480)
t1-uclresm-25noise.npz train: moved sample axis (3, 201410, 1024) -> (201410, 3, 1024)
t1-uclresm-25noise.npz test: moved sample axis (3, 116291, 1024) -> (116291, 3, 1024)
t1-uclresm-25noise.npz train: x=(201410, 3, 1024), y=(201410,)
t1-uclresm-25noise.npz test: x=(116291, 3, 1024), y=(116291,)
t1-uclresm-25noise.npz: applied data scaling mode 'normalize'.
Loaded t1-uclresm-25noise.npz: Unique train labels: UniqueCountsResult(values=array([-1,  0,  1,  2,  3,  4]), counts=array([43668, 18021, 17838, 18087, 31870, 71926]))
Noise labels ratio in t1-uclresm-25noise.npz train: 0.22, test: 0.25
Loaded t1-uclresm-25noise.npz: Remapped labels: [33 34 35 36 37 38]. Size: 201410)
t3-deeprad.npz train: x=(17340, 1024), y=(17340, 2)
t3-deeprad.npz test: x=(6800, 1024), y=(6800, 2)
t3-deeprad.npz: applied data scaling mode 'normalize'.
Loaded t3-deeprad.npz: Unique train labels: UniqueCountsResult(values=array([-1,  0,  1,  2,  3,  4]), counts=array([8670, 1693, 1677, 1794, 1716, 1790]))
Noise labels ratio in t3-deeprad.npz train: 0.25, test: 0.25
Loaded t3-deeprad.npz: Remapped labels: [39 40 41 42 43 44]. Size: 17340)
t0-uclresm-25noise.npz train: moved sample axis (3, 188050, 1024) -> (188050, 3, 1024)
t0-uclresm-25noise.npz test: moved sample axis (3, 107348, 1024) -> (107348, 3, 1024)
t0-uclresm-25noise.npz train: x=(188050, 3, 1024), y=(188050,)
t0-uclresm-25noise.npz test: x=(107348, 3, 1024), y=(107348,)
t0-uclresm-25noise.npz: applied data scaling mode 'normalize'.
Loaded t0-uclresm-25noise.npz: Unique train labels: UniqueCountsResult(values=array([-1,  0,  1,  2,  3,  4]), counts=array([40144, 32109, 17978, 17979, 18098, 61742]))
Noise labels ratio in t0-uclresm-25noise.npz train: 0.21, test: 0.25
Loaded t0-uclresm-25noise.npz: Remapped labels: [45 46 47 48 49 50]. Size: 188050)
t1-rcn.npz train: x=(36658, 1024), y=(36658, 2)
t1-rcn.npz test: x=(12220, 1024), y=(12220, 2)
t1-rcn.npz: applied data scaling mode 'normalize'.
Loaded t1-rcn.npz: Unique train labels: UniqueCountsResult(values=array([-1,  0,  2,  4,  6,  7, 16]), counts=array([20595,   824,  2087,  2606,  2396,  1716,  6434]))
Noise labels ratio in t1-rcn.npz train: 0.28, test: 0.28
Loaded t1-rcn.npz: Remapped labels: [51 52 53 54 55 56 57]. Size: 36658)
t2-deeprad.npz train: x=(17340, 1024), y=(17340, 2)
t2-deeprad.npz test: x=(6800, 1024), y=(6800, 2)
t2-deeprad.npz: applied data scaling mode 'normalize'.
Loaded t2-deeprad.npz: Unique train labels: UniqueCountsResult(values=array([-1,  0,  1,  2,  3,  4]), counts=array([8670, 1774, 1675, 1777, 1694, 1750]))
Noise labels ratio in t2-deeprad.npz train: 0.25, test: 0.25
Loaded t2-deeprad.npz: Remapped labels: [58 59 60 61 62 63]. Size: 17340)
Built classes_per_task: [6, 7, 6, 7, 7, 6, 6, 6, 7, 6]
Classes per task: [6, 7, 6, 7, 7, 6, 6, 6, 7, 6]
[STATE 2026-05-29 13:34:42] Loader 'task_incremental_loader' ready: 1024 inputs, 64 outputs, 10 tasks
n_outputs: 64 	n_tasks: 10
[STATE 2026-05-29 13:34:42] Logging to logs//smaml/seed-sweep_one-shot_til-2026-05-29_13-33-39-5677/39
True
Model device: cuda:0
[STATE 2026-05-29 13:34:42] Model initialized on device cuda:0
[STATE 2026-05-29 13:34:42] Invoking continual life experience flow
[STATE 2026-05-29 13:34:42] Life experience start: 10 tasks queued
[STATE 2026-05-29 13:34:42] Legacy epoch behavior enabled: using n_epochs=1 for all tasks
Task 0: 50362 training samples, 16787 test samples.
[STATE 2026-05-29 13:34:42] Task 0: zero-shot validation (pre-train)
---- Zero-shot (pre-train) task 0: rec_cls 0.1719 | prec_cls 0.1097 | f1_cls 0.0668 | det 0.4980 | pfa 0.9833 | total_f1 0.0668 ----
[STATE 2026-05-29 13:34:49] Starting task 0 (1/10)
[STATE 2026-05-29 13:34:49] Task 0 Epoch 1/1: entering train loop
[STATE 2026-05-29 14:07:49] Task 0 Epoch 1/1: running validation (end of epoch)
---- Eval at Epoch 0: cls [0.821044145414067] | det_recall [0.8895594818745239] | det_fa [0.10565192305203026] ----
T0 Ep 1/1 | L 0.4451 | Train Acc 0.71 | Prec 0.82 | F1 0.74 | Det Rec 0.87 | Det FA 0.10 | Epoch Time 1986.76s (Eval 6.33s, Train 1980.43s)
[STATE 2026-05-29 14:07:56] T0 Ep 1/1 complete: Prec 0.8177 F1 0.7443 DetRec 0.8704 DetFA 0.1030 | 1986.76s total (6.33s eval/1980.43s train)
[STATE 2026-05-29 14:07:56] Task 0: running final validation.
Saved task checkpoint: logs//smaml/seed-sweep_one-shot_til-2026-05-29_13-33-39-5677/39/checkpoints/task_0.pt
[STATE 2026-05-29 14:08:02] Saved task checkpoint to logs//smaml/seed-sweep_one-shot_til-2026-05-29_13-33-39-5677/39/checkpoints/task_0.pt
[STATE 2026-05-29 14:08:02] Completed task 0 (1/10)
Task 1: 51916 training samples, 17305 test samples.
[STATE 2026-05-29 14:08:02] Task 1: zero-shot validation (pre-train)
---- Zero-shot (pre-train) task 1: rec_cls 0.0811 | prec_cls 0.0483 | f1_cls 0.1431 | det 0.5990 | pfa 0.1058 | total_f1 0.4937 ----
[STATE 2026-05-29 14:08:15] Starting task 1 (2/10)
[STATE 2026-05-29 14:08:15] Task 1 Epoch 1/1: entering train loop
[STATE 2026-05-29 14:43:03] Task 1 Epoch 1/1: running validation (end of epoch)
---- Eval at Epoch 0: cls [0.709077552706609, 0.8075626898124816] | det_recall [0.8712484542752758, 0.9078941316379505] | det_fa [0.07187325562454855, 0.0813445222735066] ----
T1 Ep 1/1 | L 0.4230 | Train Acc 0.69 | Prec 0.82 | F1 0.73 | Det Rec 0.88 | Det FA 0.07 | Epoch Time 2098.25s (Eval 9.55s, Train 2088.70s)
[STATE 2026-05-29 14:43:13] T1 Ep 1/1 complete: Prec 0.8156 F1 0.7349 DetRec 0.8823 DetFA 0.0658 | 2098.25s total (9.55s eval/2088.70s train)
[STATE 2026-05-29 14:43:13] Task 1: running final validation.
Saved task checkpoint: logs//smaml/seed-sweep_one-shot_til-2026-05-29_13-33-39-5677/39/checkpoints/task_1.pt
[STATE 2026-05-29 14:43:23] Saved task checkpoint to logs//smaml/seed-sweep_one-shot_til-2026-05-29_13-33-39-5677/39/checkpoints/task_1.pt
[STATE 2026-05-29 14:43:23] Completed task 1 (2/10)
Task 2: 350028 training samples, 175014 test samples.
[STATE 2026-05-29 14:43:24] Task 2: zero-shot validation (pre-train)
---- Zero-shot (pre-train) task 2: rec_cls 0.1829 | prec_cls 0.1427 | f1_cls 0.0975 | det 0.4969 | pfa 0.9812 | total_f1 0.5646 ----
[STATE 2026-05-29 14:44:38] Starting task 2 (3/10)
[STATE 2026-05-29 14:44:38] Task 2 Epoch 1/1: entering train loop
[STATE 2026-05-29 18:43:33] Task 2 Epoch 1/1: running validation (end of epoch)
---- Eval at Epoch 0: cls [0.5400658350556845, 0.6709610746186413, 0.6962760196908309] | det_recall [0.8192780058412447, 0.739122319398035, 0.8630579845728499] | det_fa [0.08322151216279387, 0.40007874890073664, 0.0991343327601684] ----
T2 Ep 1/1 | L 0.6417 | Train Acc 0.62 | Prec 0.77 | F1 0.67 | Det Rec 0.85 | Det FA 0.15 | Epoch Time 14411.17s (Eval 76.14s, Train 14335.03s)
[STATE 2026-05-29 18:44:49] T2 Ep 1/1 complete: Prec 0.7665 F1 0.6704 DetRec 0.8523 DetFA 0.1486 | 14411.17s total (76.14s eval/14335.03s train)
[STATE 2026-05-29 18:44:49] Task 2: running final validation.
Saved task checkpoint: logs//smaml/seed-sweep_one-shot_til-2026-05-29_13-33-39-5677/39/checkpoints/task_2.pt
[STATE 2026-05-29 18:46:05] Saved task checkpoint to logs//smaml/seed-sweep_one-shot_til-2026-05-29_13-33-39-5677/39/checkpoints/task_2.pt
[STATE 2026-05-29 18:46:05] Completed task 2 (3/10)
Task 3: 24480 training samples, 8160 test samples.
[STATE 2026-05-29 18:46:05] Task 3: zero-shot validation (pre-train)
---- Zero-shot (pre-train) task 3: rec_cls 0.3096 | prec_cls 0.2179 | f1_cls 0.1304 | det 0.4807 | pfa 1.0000 | total_f1 0.5357 ----
[STATE 2026-05-29 18:47:25] Starting task 3 (4/10)
[STATE 2026-05-29 18:47:25] Task 3 Epoch 1/1: entering train loop
[STATE 2026-05-29 19:02:57] Task 3 Epoch 1/1: running validation (end of epoch)
---- Eval at Epoch 0: cls [0.5782165077910938, 0.6570209338319462, 0.6274660406663249, 0.5488681555686742] | det_recall [0.8326045655211335, 0.6538822979843166, 0.8406621489233684, 0.9978661983528858] | det_fa [0.032231912682725426, 0.6535223552489317, 0.08371758559621263, 0.0018590626340565558] ----
T3 Ep 1/1 | L 0.5812 | Train Acc 0.54 | Prec 0.54 | F1 0.58 | Det Rec 0.99 | Det FA 0.00 | Epoch Time 1011.83s (Eval 79.28s, Train 932.55s)
[STATE 2026-05-29 19:04:16] T3 Ep 1/1 complete: Prec 0.5447 F1 0.5793 DetRec 0.9935 DetFA 0.0014 | 1011.83s total (79.28s eval/932.55s train)
[STATE 2026-05-29 19:04:16] Task 3: running final validation.
Saved task checkpoint: logs//smaml/seed-sweep_one-shot_til-2026-05-29_13-33-39-5677/39/checkpoints/task_3.pt
[STATE 2026-05-29 19:05:36] Saved task checkpoint to logs//smaml/seed-sweep_one-shot_til-2026-05-29_13-33-39-5677/39/checkpoints/task_3.pt
[STATE 2026-05-29 19:05:36] Completed task 3 (4/10)
Task 4: 24480 training samples, 8160 test samples.
[STATE 2026-05-29 19:05:36] Task 4: zero-shot validation (pre-train)
---- Zero-shot (pre-train) task 4: rec_cls 0.1468 | prec_cls 0.1410 | f1_cls 0.0594 | det 0.5000 | pfa 1.0000 | total_f1 0.5148 ----
[STATE 2026-05-29 19:06:58] Starting task 4 (5/10)
[STATE 2026-05-29 19:06:58] Task 4 Epoch 1/1: entering train loop
[STATE 2026-05-29 19:22:27] Task 4 Epoch 1/1: running validation (end of epoch)
---- Eval at Epoch 0: cls [0.5688744422621932, 0.6584339517836197, 0.6228681797975828, 0.5485389032260335, 0.4577455861988537] | det_recall [0.8239030652760316, 0.6359191236494471, 0.8346440928486747, 0.9977098771606041, 1.0] | det_fa [0.04638552040380166, 0.6929416331514962, 0.09772770487308695, 0.0009549439484731483, 0.0] ----
T4 Ep 1/1 | L 0.5136 | Train Acc 0.39 | Prec 0.42 | F1 0.43 | Det Rec 1.00 | Det FA 0.00 | Epoch Time 1011.24s (Eval 82.09s, Train 929.15s)
[STATE 2026-05-29 19:23:49] T4 Ep 1/1 complete: Prec 0.4166 F1 0.4313 DetRec 0.9991 DetFA 0.0000 | 1011.24s total (82.09s eval/929.15s train)
[STATE 2026-05-29 19:23:49] Task 4: running final validation.
Saved task checkpoint: logs//smaml/seed-sweep_one-shot_til-2026-05-29_13-33-39-5677/39/checkpoints/task_4.pt
[STATE 2026-05-29 19:25:11] Saved task checkpoint to logs//smaml/seed-sweep_one-shot_til-2026-05-29_13-33-39-5677/39/checkpoints/task_4.pt
[STATE 2026-05-29 19:25:11] Completed task 4 (5/10)
Task 5: 201410 training samples, 100705 test samples.
[STATE 2026-05-29 19:25:12] Task 5: zero-shot validation (pre-train)
---- Zero-shot (pre-train) task 5: rec_cls 0.0964 | prec_cls 0.1424 | f1_cls 0.1341 | det 0.5870 | pfa 0.3898 | total_f1 0.5169 ----
[STATE 2026-05-29 19:27:10] Starting task 5 (6/10)
[STATE 2026-05-29 19:27:10] Task 5 Epoch 1/1: entering train loop
[STATE 2026-05-29 21:45:31] Task 5 Epoch 1/1: running validation (end of epoch)
---- Eval at Epoch 0: cls [0.44771327327930105, 0.5913112467454853, 0.6505857102007289, 0.4510145052788187, 0.2813911070064113, 0.8014411444969242] | det_recall [0.7860210708813745, 0.7935066083020601, 0.8347020698719408, 0.9859922437352657, 0.9963357886897449, 0.8890730705456652] | det_fa [0.03202638096187261, 0.30391524837756934, 0.2940341829255625, 0.0011973956037398931, 0.0, 0.19407615179003318] ----
T5 Ep 1/1 | L 0.3994 | Train Acc 0.73 | Prec 0.87 | F1 0.78 | Det Rec 0.89 | Det FA 0.11 | Epoch Time 8416.45s (Eval 116.08s, Train 8300.37s)
[STATE 2026-05-29 21:47:27] T5 Ep 1/1 complete: Prec 0.8722 F1 0.7775 DetRec 0.8942 DetFA 0.1051 | 8416.45s total (116.08s eval/8300.37s train)
[STATE 2026-05-29 21:47:27] Task 5: running final validation.
Saved task checkpoint: logs//smaml/seed-sweep_one-shot_til-2026-05-29_13-33-39-5677/39/checkpoints/task_5.pt
[STATE 2026-05-29 21:49:23] Saved task checkpoint to logs//smaml/seed-sweep_one-shot_til-2026-05-29_13-33-39-5677/39/checkpoints/task_5.pt
[STATE 2026-05-29 21:49:23] Completed task 5 (6/10)
Task 6: 17340 training samples, 6800 test samples.
[STATE 2026-05-29 21:49:23] Task 6: zero-shot validation (pre-train)
---- Zero-shot (pre-train) task 6: rec_cls 0.0522 | prec_cls 0.1335 | f1_cls 0.0472 | det 0.2262 | pfa 0.9895 | total_f1 0.4972 ----
[STATE 2026-05-29 21:51:22] Starting task 6 (7/10)
[STATE 2026-05-29 21:51:22] Task 6 Epoch 1/1: entering train loop
[STATE 2026-05-29 22:03:14] Task 6 Epoch 1/1: running validation (end of epoch)
---- Eval at Epoch 0: cls [0.523812888369629, 0.6149253117942552, 0.6067853759066391, 0.5100819835602568, 0.3157812301927831, 0.7625087968789317, 0.521000551141814] | det_recall [0.7992645453212381, 0.6984065791542918, 0.8312656284702113, 0.993153256068692, 0.9997453911124387, 0.8874879270064008, 1.0] | det_fa [0.02443802502471428, 0.5144543688226774, 0.27268438075150114, 0.0, 0.0, 0.1651457185068606, 0.0] ----
T6 Ep 1/1 | L 0.4737 | Train Acc 0.52 | Prec 0.55 | F1 0.60 | Det Rec 1.00 | Det FA 0.00 | Epoch Time 830.44s (Eval 118.22s, Train 712.23s)
[STATE 2026-05-29 22:05:12] T6 Ep 1/1 complete: Prec 0.5514 F1 0.5991 DetRec 0.9966 DetFA 0.0006 | 830.44s total (118.22s eval/712.23s train)
[STATE 2026-05-29 22:05:12] Task 6: running final validation.
Saved task checkpoint: logs//smaml/seed-sweep_one-shot_til-2026-05-29_13-33-39-5677/39/checkpoints/task_6.pt
[STATE 2026-05-29 22:07:16] Saved task checkpoint to logs//smaml/seed-sweep_one-shot_til-2026-05-29_13-33-39-5677/39/checkpoints/task_6.pt
[STATE 2026-05-29 22:07:16] Completed task 6 (7/10)
Task 7: 188050 training samples, 94025 test samples.
[STATE 2026-05-29 22:07:16] Task 7: zero-shot validation (pre-train)
---- Zero-shot (pre-train) task 7: rec_cls 0.0773 | prec_cls 0.1058 | f1_cls 0.1248 | det 0.5256 | pfa 0.2892 | total_f1 0.5344 ----
[STATE 2026-05-29 22:09:54] Starting task 7 (8/10)
[STATE 2026-05-29 22:09:54] Task 7 Epoch 1/1: entering train loop
[STATE 2026-05-29 23:59:24] Task 7 Epoch 1/1: running validation (end of epoch)
---- Eval at Epoch 0: cls [0.5032136231135161, 0.5612938059431861, 0.6405961395866725, 0.37963470251839, 0.2609531819761113, 0.7128147510107484, 0.41465337477321046, 0.820495628549537] | det_recall [0.7960836563239873, 0.7751375746213968, 0.8467664652488082, 0.9717141647619536, 0.9926285998822323, 0.8939240328945304, 0.9998588368153586, 0.8772111226644779] | det_fa [0.05886466876641828, 0.28787376568764605, 0.23978924416775896, 0.0014636275501166054, 0.0, 0.09207709361775239, 0.000282326369282891, 0.19856587110245813] ----
T7 Ep 1/1 | L 0.3617 | Train Acc 0.78 | Prec 0.87 | F1 0.80 | Det Rec 0.87 | Det FA 0.21 | Epoch Time 6691.71s (Eval 121.71s, Train 6569.99s)
[STATE 2026-05-30 00:01:26] T7 Ep 1/1 complete: Prec 0.8705 F1 0.8038 DetRec 0.8727 DetFA 0.2102 | 6691.71s total (121.71s eval/6569.99s train)
[STATE 2026-05-30 00:01:26] Task 7: running final validation.
Saved task checkpoint: logs//smaml/seed-sweep_one-shot_til-2026-05-29_13-33-39-5677/39/checkpoints/task_7.pt
[STATE 2026-05-30 00:03:27] Saved task checkpoint to logs//smaml/seed-sweep_one-shot_til-2026-05-29_13-33-39-5677/39/checkpoints/task_7.pt
[STATE 2026-05-30 00:03:27] Completed task 7 (8/10)
Task 8: 36658 training samples, 12220 test samples.
[STATE 2026-05-30 00:03:27] Task 8: zero-shot validation (pre-train)
---- Zero-shot (pre-train) task 8: rec_cls 0.2044 | prec_cls 0.1423 | f1_cls 0.0607 | det 0.4799 | pfa 0.9768 | total_f1 0.5181 ----
[STATE 2026-05-30 00:05:31] Starting task 8 (9/10)
[STATE 2026-05-30 00:05:31] Task 8 Epoch 1/1: entering train loop
[STATE 2026-05-30 00:18:05] Task 8 Epoch 1/1: running validation (end of epoch)
---- Eval at Epoch 0: cls [0.6558158796651161, 0.6483879727498512, 0.6214183994465102, 0.4123814579420886, 0.2708796689318488, 0.6788923567077216, 0.4292281043073252, 0.7833835514396761, 0.6454226943334377] | det_recall [0.8420606612829423, 0.8543023720945715, 0.8397667174603209, 0.9761912833779006, 0.9756891817559074, 0.8812619159548813, 0.9937715205828398, 0.868277682157106, 0.854053981583813] | det_fa [0.08085868940946656, 0.08966304748875889, 0.20407483325902645, 0.0004789272030651341, 0.0, 0.10127415677895288, 0.0, 0.2164880239616778, 0.1312057513377564] ----
T8 Ep 1/1 | L 0.3693 | Train Acc 0.51 | Prec 0.66 | F1 0.59 | Det Rec 0.83 | Det FA 0.04 | Epoch Time 877.53s (Eval 123.62s, Train 753.91s)
[STATE 2026-05-30 00:20:09] T8 Ep 1/1 complete: Prec 0.6648 F1 0.5859 DetRec 0.8337 DetFA 0.0435 | 877.53s total (123.62s eval/753.91s train)
[STATE 2026-05-30 00:20:09] Task 8: running final validation.
Saved task checkpoint: logs//smaml/seed-sweep_one-shot_til-2026-05-29_13-33-39-5677/39/checkpoints/task_8.pt
[STATE 2026-05-30 00:22:13] Saved task checkpoint to logs//smaml/seed-sweep_one-shot_til-2026-05-29_13-33-39-5677/39/checkpoints/task_8.pt
[STATE 2026-05-30 00:22:13] Completed task 8 (9/10)
Task 9: 17340 training samples, 6800 test samples.
[STATE 2026-05-30 00:22:13] Task 9: zero-shot validation (pre-train)
---- Zero-shot (pre-train) task 9: rec_cls 0.0425 | prec_cls 0.1043 | f1_cls 0.0121 | det 0.2085 | pfa 1.0000 | total_f1 0.5552 ----
[STATE 2026-05-30 00:24:19] Starting task 9 (10/10)
[STATE 2026-05-30 00:24:19] Task 9 Epoch 1/1: entering train loop
[STATE 2026-05-30 00:30:13] Task 9 Epoch 1/1: running validation (end of epoch)
---- Eval at Epoch 0: cls [0.6015901498858157, 0.6308239410964848, 0.6087287188596237, 0.4923054950723065, 0.3863813694021993, 0.6857427850126739, 0.4729352584249794, 0.7691496848651336, 0.5227426759510136, 0.5171382522719165] | det_recall [0.8319207172229648, 0.8053056987452093, 0.8460642262790664, 0.9874777417120224, 0.9963840150321831, 0.8816811712547825, 0.9988915442144249, 0.8686690857957106, 0.8320024442556578, 1.0] | det_fa [0.05287996952411246, 0.23571490452791308, 0.21838487907202284, 0.0, 0.0, 0.14702199582541423, 0.0, 0.19603579225023446, 0.08396524172224788, 0.0] ----
T9 Ep 1/1 | L 0.4016 | Train Acc 0.47 | Prec 0.47 | F1 0.53 | Det Rec 1.00 | Det FA 0.00 | Epoch Time 480.21s (Eval 126.11s, Train 354.10s)
[STATE 2026-05-30 00:32:19] T9 Ep 1/1 complete: Prec 0.4671 F1 0.5274 DetRec 0.9962 DetFA 0.0000 | 480.21s total (126.11s eval/354.10s train)
[STATE 2026-05-30 00:32:19] Task 9: running final validation.
Saved task checkpoint: logs//smaml/seed-sweep_one-shot_til-2026-05-29_13-33-39-5677/39/checkpoints/task_9.pt
[STATE 2026-05-30 00:34:26] Saved task checkpoint to logs//smaml/seed-sweep_one-shot_til-2026-05-29_13-33-39-5677/39/checkpoints/task_9.pt
[STATE 2026-05-30 00:34:26] Completed task 9 (10/10)
####Final Validation Accuracy####
Final Results:- 
 Total Recall: 0.5694125389797021 
 Individual Recall: [0.5934551201342106, 0.6369496145448889, 0.6086140295322883, 0.4933419869771012, 0.38099619567743354, 0.6861340522524031, 0.4807637701051534, 0.7677317018396392, 0.5313821510308542, 0.5147567677030482]
Final Detection Results:- 
 Total Detection: 0.9046606229932017 
 Individual Detection: [0.8289891356908635, 0.8087042891311534, 0.8455543269326729, 0.9861970535939713, 0.9966061090114869, 0.8817988831505403, 0.9994476747347446, 0.8679493936348339, 0.83135936405175, 1.0]
Final Detection False Alarm:- 
 Total False Alarm: 0.093135349981776 
 Individual False Alarm: [0.0556898399739789, 0.22886034885331052, 0.2199452385244909, 0.0, 0.0, 0.14700722157067306, 0.0, 0.19745734640220328, 0.0823935044931033, 0.0]
SUMMARY_TR cls_rec=0.4735 cls_prec=0.4671 cls_f1=0.5274 det=0.9048 fa=0.0934
SUMMARY_TE cls_rec=0.5694 cls_prec=0.6260 cls_f1=0.6059 det=0.9047 fa=0.0931
[STATE 2026-05-30 00:34:26] Saving results to logs//smaml/seed-sweep_one-shot_til-2026-05-29_13-33-39-5677/39/results
Model size: 0.0289 GB
Memory buffer size: 0.0000 GB
logs//smaml/seed-sweep_one-shot_til-2026-05-29_13-33-39-5677/39/results: {'expt_name': 'seed-sweep_one-shot_til', 'model': 'lamaml_cifar', 'arch': 'resnet1d', 'n_hiddens': 100, 'n_layers': 2, 'xav_init': False, 'debug': False, 'use_detector_arch': False, 'use_groupnorm': False, 'inner_steps': 2, 'n_epochs': 1, 'batch_size': 256, 'replay_batch_size': 128, 'memories': 5120, 'lr': 0.001, 'optimizer': 'sgd', 'prune_perc': 0.75, 'post_prune_epochs': 0, 'class_weighted_ce': True, 'cuda': True, 'amp': True, 'amp_dtype': 'bfloat16', 'cudnn_benchmark': True, 'seed': 39, 'log_every': 10, 'log_dir': 'logs//smaml/seed-sweep_one-shot_til-2026-05-29_13-33-39-5677/39', 'tf_dir': 'logs//smaml/seed-sweep_one-shot_til-2026-05-29_13-33-39-5677/39/tfdir', 'calc_test_accuracy': False, 'state_logging': True, 'data_path': 'data/rff/radar/full', 'task_order_files': 't2-rcn,t0-rcn,t2-uclresm-25noise,t0-deeprad,t1-deeprad,t1-uclresm-25noise,t3-deeprad,t0-uclresm-25noise,t1-rcn,t2-deeprad', 'loader': 'task_incremental_loader', 'samples_per_task': -1, 'task_order_seed': None, 'classes_per_it': 6, 'iterations': 5000, 'dataset': 'iq', 'workers': 0, 'validation': 0.5, 'data_scaling': 'normalize', 'use_iq_aug_features': False, 'iq_aug_feature_type': 'power', 'class_order': 'random', 'increment': 5, 'test_batch_size': 512, 'nc_per_task': None, 'nc_per_task_list': '', 'val_rate': 1000, 'opt_lr': 0.001, 'opt_wt': 0.01, 'alpha_init': 0.0003, 'momentum': 0.0, 'learn_lr': True, 'sync_update': True, 'grad_clip_norm': 5.0, 'meta_batches': 3, 'use_old_task_memory': False, 'second_order': True, 'n_memories': 5120, 'memory_strength': 0, 'memory_loss_lambda': 1.0, 'steps_per_sample': 1, 'bgd_optimizer': 'sgd', 'optimizer_params': '{}', 'train_mc_iters': 5, 'std_init': 0.05, 'mean_eta': 1, 'fisher_gamma': 0.95, 'rln': 7, 'meta_lr': 0.001, 'update_lr': 0.1, 'ctx_lr': 0.05, 'n_meta': 1, 'temperature': 5.0, 'task_emb': 64, 'classes_per_task': [6, 7, 6, 7, 7, 6, 6, 6, 7, 6], 'get_samples_per_task': <bound method IncrementalLoader.get_samples_per_task of <dataloaders.task_incremental_loader.IncrementalLoader object at 0x710ab7c76360>>, 'task_epoch_schedule': {}} # val: 0.663 0.569 -0.093 0.000 # sizes: model_gb=0.0289 mem_gb=0.0000 # 39583.83394265175
[STATE 2026-05-30 00:34:26] results.pt components (approx): state_dict 29.6 MB, result_val_t 0.1 KB, result_val_a 0.8 KB
[STATE 2026-05-30 00:34:26] Results saved; total runtime 11.00h
Total runtime: 11.00 hours
