[STATE 2026-05-29 13:33:39] Enabling terminal logging to logs//hat/seed-sweep_one-shot_til-2026-05-29_13-33-39-4480/39/terminal.log
New Experiment Starting...
Running model:  hat
[STATE 2026-05-29 13:33:39] Experiment 'seed-sweep_one-shot_til' starting with model 'hat' (seed 39)
Set seed 39
[STATE 2026-05-29 13:33:39] Runtime accel: cudnn.benchmark=False amp=True amp_dtype=bfloat16
t2-rcn.npz train: x=(50362, 1024), y=(50362, 2)
t2-rcn.npz test: x=(16787, 1024), y=(16787, 2)
t2-rcn.npz: applied data scaling mode 'normalize'.
Loaded t2-rcn.npz: Unique train labels: UniqueCountsResult(values=array([-1,  3,  5, 10, 12, 15]), counts=array([24209,  5770,  3030,  2320,  7509,  7524]))
Noise labels ratio in t2-rcn.npz train: 0.24, test: 0.24
Loaded t2-rcn.npz: Remapped labels: [0 1 2 3 4 5]. Size: 50362)
t0-rcn.npz train: x=(51916, 1024), y=(51916, 2)
t0-rcn.npz test: x=(17305, 1024), y=(17305, 2)
t0-rcn.npz: applied data scaling mode 'normalize'.
Loaded t0-rcn.npz: Unique train labels: UniqueCountsResult(values=array([-1,  1,  8,  9, 11, 13, 14]), counts=array([24225,  4268,  2495,  2943,  3015,  7464,  7506]))
Noise labels ratio in t0-rcn.npz train: 0.23, test: 0.23
Loaded t0-rcn.npz: Remapped labels: [ 6  7  8  9 10 11 12]. Size: 51916)
t2-uclresm-25noise.npz train: moved sample axis (3, 350028, 1024) -> (350028, 3, 1024)
t2-uclresm-25noise.npz test: moved sample axis (3, 233351, 1024) -> (233351, 3, 1024)
t2-uclresm-25noise.npz train: x=(350028, 3, 1024), y=(350028,)
t2-uclresm-25noise.npz test: x=(233351, 3, 1024), y=(233351,)
t2-uclresm-25noise.npz: applied data scaling mode 'normalize'.
Loaded t2-uclresm-25noise.npz: Unique train labels: UniqueCountsResult(values=array([-1,  0,  1,  2,  3,  4]), counts=array([87441, 27347, 71754, 64298, 36005, 63183]))
Noise labels ratio in t2-uclresm-25noise.npz train: 0.25, test: 0.25
Loaded t2-uclresm-25noise.npz: Remapped labels: [13 14 15 16 17 18]. Size: 350028)
t0-deeprad.npz train: x=(24480, 1024), y=(24480, 2)
t0-deeprad.npz test: x=(8160, 1024), y=(8160, 2)
t0-deeprad.npz: applied data scaling mode 'normalize'.
Loaded t0-deeprad.npz: Unique train labels: UniqueCountsResult(values=array([-1,  0,  1,  2,  3,  4,  5]), counts=array([12240,  2029,  1983,  2043,  2154,  2015,  2016]))
Noise labels ratio in t0-deeprad.npz train: 0.25, test: 0.25
Loaded t0-deeprad.npz: Remapped labels: [19 20 21 22 23 24 25]. Size: 24480)
t1-deeprad.npz train: x=(24480, 1024), y=(24480, 2)
t1-deeprad.npz test: x=(8160, 1024), y=(8160, 2)
t1-deeprad.npz: applied data scaling mode 'normalize'.
Loaded t1-deeprad.npz: Unique train labels: UniqueCountsResult(values=array([-1,  0,  1,  2,  3,  4,  5]), counts=array([12240,  1988,  2029,  2054,  1988,  2053,  2128]))
Noise labels ratio in t1-deeprad.npz train: 0.25, test: 0.25
Loaded t1-deeprad.npz: Remapped labels: [26 27 28 29 30 31 32]. Size: 24480)
t1-uclresm-25noise.npz train: moved sample axis (3, 201410, 1024) -> (201410, 3, 1024)
t1-uclresm-25noise.npz test: moved sample axis (3, 116291, 1024) -> (116291, 3, 1024)
t1-uclresm-25noise.npz train: x=(201410, 3, 1024), y=(201410,)
t1-uclresm-25noise.npz test: x=(116291, 3, 1024), y=(116291,)
t1-uclresm-25noise.npz: applied data scaling mode 'normalize'.
Loaded t1-uclresm-25noise.npz: Unique train labels: UniqueCountsResult(values=array([-1,  0,  1,  2,  3,  4]), counts=array([43668, 18021, 17838, 18087, 31870, 71926]))
Noise labels ratio in t1-uclresm-25noise.npz train: 0.22, test: 0.25
Loaded t1-uclresm-25noise.npz: Remapped labels: [33 34 35 36 37 38]. Size: 201410)
t3-deeprad.npz train: x=(17340, 1024), y=(17340, 2)
t3-deeprad.npz test: x=(6800, 1024), y=(6800, 2)
t3-deeprad.npz: applied data scaling mode 'normalize'.
Loaded t3-deeprad.npz: Unique train labels: UniqueCountsResult(values=array([-1,  0,  1,  2,  3,  4]), counts=array([8670, 1693, 1677, 1794, 1716, 1790]))
Noise labels ratio in t3-deeprad.npz train: 0.25, test: 0.25
Loaded t3-deeprad.npz: Remapped labels: [39 40 41 42 43 44]. Size: 17340)
t0-uclresm-25noise.npz train: moved sample axis (3, 188050, 1024) -> (188050, 3, 1024)
t0-uclresm-25noise.npz test: moved sample axis (3, 107348, 1024) -> (107348, 3, 1024)
t0-uclresm-25noise.npz train: x=(188050, 3, 1024), y=(188050,)
t0-uclresm-25noise.npz test: x=(107348, 3, 1024), y=(107348,)
t0-uclresm-25noise.npz: applied data scaling mode 'normalize'.
Loaded t0-uclresm-25noise.npz: Unique train labels: UniqueCountsResult(values=array([-1,  0,  1,  2,  3,  4]), counts=array([40144, 32109, 17978, 17979, 18098, 61742]))
Noise labels ratio in t0-uclresm-25noise.npz train: 0.21, test: 0.25
Loaded t0-uclresm-25noise.npz: Remapped labels: [45 46 47 48 49 50]. Size: 188050)
t1-rcn.npz train: x=(36658, 1024), y=(36658, 2)
t1-rcn.npz test: x=(12220, 1024), y=(12220, 2)
t1-rcn.npz: applied data scaling mode 'normalize'.
Loaded t1-rcn.npz: Unique train labels: UniqueCountsResult(values=array([-1,  0,  2,  4,  6,  7, 16]), counts=array([20595,   824,  2087,  2606,  2396,  1716,  6434]))
Noise labels ratio in t1-rcn.npz train: 0.28, test: 0.28
Loaded t1-rcn.npz: Remapped labels: [51 52 53 54 55 56 57]. Size: 36658)
t2-deeprad.npz train: x=(17340, 1024), y=(17340, 2)
t2-deeprad.npz test: x=(6800, 1024), y=(6800, 2)
t2-deeprad.npz: applied data scaling mode 'normalize'.
Loaded t2-deeprad.npz: Unique train labels: UniqueCountsResult(values=array([-1,  0,  1,  2,  3,  4]), counts=array([8670, 1774, 1675, 1777, 1694, 1750]))
Noise labels ratio in t2-deeprad.npz train: 0.25, test: 0.25
Loaded t2-deeprad.npz: Remapped labels: [58 59 60 61 62 63]. Size: 17340)
Built classes_per_task: [6, 7, 6, 7, 7, 6, 6, 6, 7, 6]
Classes per task: [6, 7, 6, 7, 7, 6, 6, 6, 7, 6]
[STATE 2026-05-29 13:34:42] Loader 'task_incremental_loader' ready: 1024 inputs, 64 outputs, 10 tasks
n_outputs: 64 	n_tasks: 10
[STATE 2026-05-29 13:34:42] Logging to logs//hat/seed-sweep_one-shot_til-2026-05-29_13-33-39-4480/39
True
Model device: cuda:0
[STATE 2026-05-29 13:34:42] Model initialized on device cuda:0
[STATE 2026-05-29 13:34:42] Invoking continual life experience flow
[STATE 2026-05-29 13:34:42] Life experience start: 10 tasks queued
[STATE 2026-05-29 13:34:42] Legacy epoch behavior enabled: using n_epochs=1 for all tasks
Task 0: 50362 training samples, 16787 test samples.
[STATE 2026-05-29 13:34:42] Task 0: zero-shot validation (pre-train)
---- Zero-shot (pre-train) task 0: rec_cls 0.2000 | prec_cls 0.0175 | f1_cls 0.0144 | det 0.5000 | pfa 1.0000 | total_f1 0.0144 ----
[STATE 2026-05-29 13:34:49] Starting task 0 (1/10)
[STATE 2026-05-29 13:34:49] Task 0 Epoch 1/1: entering train loop
[STATE 2026-05-29 13:36:14] Task 0 Epoch 1/1: running validation (end of epoch)
---- Eval at Epoch 0: cls [0.4997722540960181] | det_recall [0.5206331225401033] | det_fa [0.932496036278263] ----
T0 Ep 1/1 | L 1.1883 | Train Acc 0.69 | Prec 0.69 | F1 0.63 | Det Rec 0.83 | Det FA 0.30 | Epoch Time 90.46s (Eval 5.14s, Train 85.32s)
[STATE 2026-05-29 13:36:19] T0 Ep 1/1 complete: Prec 0.6915 F1 0.6256 DetRec 0.8261 DetFA 0.3040 | 90.46s total (5.14s eval/85.32s train)
HAT mask stats task 0: mean=0.4429 hi>0.95=0.1449 lo<0.05=0.2516
[STATE 2026-05-29 13:36:19] Task 0: running final validation.
Saved task checkpoint: logs//hat/seed-sweep_one-shot_til-2026-05-29_13-33-39-4480/39/checkpoints/task_0.pt
[STATE 2026-05-29 13:36:24] Saved task checkpoint to logs//hat/seed-sweep_one-shot_til-2026-05-29_13-33-39-4480/39/checkpoints/task_0.pt
[STATE 2026-05-29 13:36:24] Completed task 0 (1/10)
Task 1: 51916 training samples, 17305 test samples.
[STATE 2026-05-29 13:36:25] Task 1: zero-shot validation (pre-train)
---- Zero-shot (pre-train) task 1: rec_cls 0.0000 | prec_cls 0.0000 | f1_cls 0.0910 | det 0.5000 | pfa 0.0000 | total_f1 0.2214 ----
[STATE 2026-05-29 13:36:35] Starting task 1 (2/10)
[STATE 2026-05-29 13:36:35] Task 1 Epoch 1/1: entering train loop
[STATE 2026-05-29 13:38:02] Task 1 Epoch 1/1: running validation (end of epoch)
---- Eval at Epoch 0: cls [0.3343565649048819, 0.6060920598243856] | det_recall [0.5, 0.5000698090134983] | det_fa [1.0, 0.9997498114289963] ----
T1 Ep 1/1 | L 1.2200 | Train Acc 0.69 | Prec 0.72 | F1 0.57 | Det Rec 0.70 | Det FA 0.53 | Epoch Time 97.03s (Eval 10.33s, Train 86.70s)
[STATE 2026-05-29 13:38:12] T1 Ep 1/1 complete: Prec 0.7164 F1 0.5742 DetRec 0.6983 DetFA 0.5345 | 97.03s total (10.33s eval/86.70s train)
HAT mask stats task 1: mean=0.4685 hi>0.95=0.1778 lo<0.05=0.2231
[STATE 2026-05-29 13:38:12] Task 1: running final validation.
Saved task checkpoint: logs//hat/seed-sweep_one-shot_til-2026-05-29_13-33-39-4480/39/checkpoints/task_1.pt
[STATE 2026-05-29 13:38:22] Saved task checkpoint to logs//hat/seed-sweep_one-shot_til-2026-05-29_13-33-39-4480/39/checkpoints/task_1.pt
[STATE 2026-05-29 13:38:22] Completed task 1 (2/10)
Task 2: 350028 training samples, 175014 test samples.
[STATE 2026-05-29 13:38:23] Task 2: zero-shot validation (pre-train)
---- Zero-shot (pre-train) task 2: rec_cls 0.1990 | prec_cls 0.0744 | f1_cls 0.0681 | det 0.5000 | pfa 1.0000 | total_f1 0.1975 ----
[STATE 2026-05-29 13:39:26] Starting task 2 (3/10)
[STATE 2026-05-29 13:39:26] Task 2 Epoch 1/1: entering train loop
[STATE 2026-05-29 13:49:19] Task 2 Epoch 1/1: running validation (end of epoch)
---- Eval at Epoch 0: cls [0.2046160720203721, 0.3107249056091963, 0.6338489197031794] | det_recall [0.5, 0.5, 0.8116297770429469] | det_fa [1.0, 1.0, 0.3502413048005827] ----
T2 Ep 1/1 | L 1.2532 | Train Acc 0.54 | Prec 0.56 | F1 0.54 | Det Rec 0.80 | Det FA 0.36 | Epoch Time 655.32s (Eval 62.62s, Train 592.70s)
[STATE 2026-05-29 13:50:21] T2 Ep 1/1 complete: Prec 0.5596 F1 0.5419 DetRec 0.7954 DetFA 0.3579 | 655.32s total (62.62s eval/592.70s train)
HAT mask stats task 2: mean=0.3576 hi>0.95=0.1481 lo<0.05=0.3920
[STATE 2026-05-29 13:50:21] Task 2: running final validation.
Saved task checkpoint: logs//hat/seed-sweep_one-shot_til-2026-05-29_13-33-39-4480/39/checkpoints/task_2.pt
[STATE 2026-05-29 13:51:24] Saved task checkpoint to logs//hat/seed-sweep_one-shot_til-2026-05-29_13-33-39-4480/39/checkpoints/task_2.pt
[STATE 2026-05-29 13:51:24] Completed task 2 (3/10)
Task 3: 24480 training samples, 8160 test samples.
[STATE 2026-05-29 13:51:24] Task 3: zero-shot validation (pre-train)
---- Zero-shot (pre-train) task 3: rec_cls 0.1667 | prec_cls 0.0273 | f1_cls 0.0216 | det 0.5000 | pfa 1.0000 | total_f1 0.2212 ----
[STATE 2026-05-29 13:52:30] Starting task 3 (4/10)
[STATE 2026-05-29 13:52:30] Task 3 Epoch 1/1: entering train loop
[STATE 2026-05-29 13:53:10] Task 3 Epoch 1/1: running validation (end of epoch)
---- Eval at Epoch 0: cls [0.21122327378380465, 0.16038774617549728, 0.2, 0.5868258567763944] | det_recall [0.5, 0.5, 0.5, 0.9948818054272403] | det_fa [1.0, 1.0, 1.0, 0.00461272271234562] ----
T3 Ep 1/1 | L 1.4182 | Train Acc 0.53 | Prec 0.51 | F1 0.56 | Det Rec 0.99 | Det FA 0.01 | Epoch Time 106.31s (Eval 65.40s, Train 40.91s)
[STATE 2026-05-29 13:54:16] T3 Ep 1/1 complete: Prec 0.5136 F1 0.5604 DetRec 0.9939 DetFA 0.0054 | 106.31s total (65.40s eval/40.91s train)
HAT mask stats task 3: mean=0.4900 hi>0.95=0.1900 lo<0.05=0.2210
[STATE 2026-05-29 13:54:16] Task 3: running final validation.
Saved task checkpoint: logs//hat/seed-sweep_one-shot_til-2026-05-29_13-33-39-4480/39/checkpoints/task_3.pt
[STATE 2026-05-29 13:55:21] Saved task checkpoint to logs//hat/seed-sweep_one-shot_til-2026-05-29_13-33-39-4480/39/checkpoints/task_3.pt
[STATE 2026-05-29 13:55:21] Completed task 3 (4/10)
Task 4: 24480 training samples, 8160 test samples.
[STATE 2026-05-29 13:55:22] Task 4: zero-shot validation (pre-train)
---- Zero-shot (pre-train) task 4: rec_cls 0.1834 | prec_cls 0.0770 | f1_cls 0.0455 | det 0.5000 | pfa 1.0000 | total_f1 0.1592 ----
[STATE 2026-05-29 13:56:30] Starting task 4 (5/10)
[STATE 2026-05-29 13:56:30] Task 4 Epoch 1/1: entering train loop
[STATE 2026-05-29 13:57:11] Task 4 Epoch 1/1: running validation (end of epoch)
---- Eval at Epoch 0: cls [0.2001621459098426, 0.15864318449220993, 0.2, 0.25405867052987524, 0.31792767694981955] | det_recall [0.5, 0.5, 0.5, 0.5, 1.0] | det_fa [1.0, 1.0, 1.0, 1.0, 0.0] ----
T4 Ep 1/1 | L 1.6024 | Train Acc 0.33 | Prec 0.31 | F1 0.38 | Det Rec 1.00 | Det FA 0.00 | Epoch Time 108.98s (Eval 68.08s, Train 40.90s)
[STATE 2026-05-29 13:58:19] T4 Ep 1/1 complete: Prec 0.3064 F1 0.3819 DetRec 0.9991 DetFA 0.0000 | 108.98s total (68.08s eval/40.90s train)
HAT mask stats task 4: mean=0.4775 hi>0.95=0.1769 lo<0.05=0.2244
[STATE 2026-05-29 13:58:19] Task 4: running final validation.
Saved task checkpoint: logs//hat/seed-sweep_one-shot_til-2026-05-29_13-33-39-4480/39/checkpoints/task_4.pt
[STATE 2026-05-29 13:59:28] Saved task checkpoint to logs//hat/seed-sweep_one-shot_til-2026-05-29_13-33-39-4480/39/checkpoints/task_4.pt
[STATE 2026-05-29 13:59:28] Completed task 4 (5/10)
Task 5: 201410 training samples, 100705 test samples.
[STATE 2026-05-29 13:59:28] Task 5: zero-shot validation (pre-train)
---- Zero-shot (pre-train) task 5: rec_cls 0.0000 | prec_cls 0.0000 | f1_cls 0.0665 | det 0.5000 | pfa 0.0000 | total_f1 0.1106 ----
[STATE 2026-05-29 14:01:08] Starting task 5 (6/10)
[STATE 2026-05-29 14:01:08] Task 5 Epoch 1/1: entering train loop
[STATE 2026-05-29 14:06:52] Task 5 Epoch 1/1: running validation (end of epoch)
---- Eval at Epoch 0: cls [0.2, 0.1667758609854198, 0.20259555225138456, 0.23025139632555458, 0.16666666666666666, 0.3164274446754761] | det_recall [0.5, 0.5, 0.5, 0.5, 0.5, 0.728741203889041] | det_fa [1.0, 1.0, 1.0, 1.0, 1.0, 0.4946630294487573] ----
T5 Ep 1/1 | L 1.1471 | Train Acc 0.60 | Prec 0.60 | F1 0.58 | Det Rec 0.81 | Det FA 0.31 | Epoch Time 446.30s (Eval 102.58s, Train 343.72s)
[STATE 2026-05-29 14:08:34] T5 Ep 1/1 complete: Prec 0.6048 F1 0.5818 DetRec 0.8129 DetFA 0.3079 | 446.30s total (102.58s eval/343.72s train)
HAT mask stats task 5: mean=0.3926 hi>0.95=0.1818 lo<0.05=0.3564
[STATE 2026-05-29 14:08:34] Task 5: running final validation.
Saved task checkpoint: logs//hat/seed-sweep_one-shot_til-2026-05-29_13-33-39-4480/39/checkpoints/task_5.pt
[STATE 2026-05-29 14:10:12] Saved task checkpoint to logs//hat/seed-sweep_one-shot_til-2026-05-29_13-33-39-4480/39/checkpoints/task_5.pt
[STATE 2026-05-29 14:10:12] Completed task 5 (6/10)
Task 6: 17340 training samples, 6800 test samples.
[STATE 2026-05-29 14:10:12] Task 6: zero-shot validation (pre-train)
---- Zero-shot (pre-train) task 6: rec_cls 0.2000 | prec_cls 0.0423 | f1_cls 0.0581 | det 0.5000 | pfa 1.0000 | total_f1 0.0889 ----
[STATE 2026-05-29 14:11:53] Starting task 6 (7/10)
[STATE 2026-05-29 14:11:53] Task 6 Epoch 1/1: entering train loop
[STATE 2026-05-29 14:12:22] Task 6 Epoch 1/1: running validation (end of epoch)
---- Eval at Epoch 0: cls [0.3604171442908717, 0.16008294739563053, 0.2023582396007845, 0.42579617207059794, 0.22446324423550987, 0.20107667309196603, 0.4745409777050603] | det_recall [0.5, 0.5, 0.5, 0.5, 0.5, 0.5, 1.0] | det_fa [1.0, 1.0, 1.0, 1.0, 1.0, 1.0, 0.0] ----
T6 Ep 1/1 | L 1.4811 | Train Acc 0.46 | Prec 0.41 | F1 0.50 | Det Rec 0.98 | Det FA 0.00 | Epoch Time 130.55s (Eval 101.10s, Train 29.45s)
[STATE 2026-05-29 14:14:03] T6 Ep 1/1 complete: Prec 0.4090 F1 0.5020 DetRec 0.9756 DetFA 0.0035 | 130.55s total (101.10s eval/29.45s train)
HAT mask stats task 6: mean=0.4885 hi>0.95=0.1907 lo<0.05=0.2115
[STATE 2026-05-29 14:14:03] Task 6: running final validation.
Saved task checkpoint: logs//hat/seed-sweep_one-shot_til-2026-05-29_13-33-39-4480/39/checkpoints/task_6.pt
[STATE 2026-05-29 14:15:43] Saved task checkpoint to logs//hat/seed-sweep_one-shot_til-2026-05-29_13-33-39-4480/39/checkpoints/task_6.pt
[STATE 2026-05-29 14:15:43] Completed task 6 (7/10)
Task 7: 188050 training samples, 94025 test samples.
[STATE 2026-05-29 14:15:43] Task 7: zero-shot validation (pre-train)
---- Zero-shot (pre-train) task 7: rec_cls 0.2000 | prec_cls 0.1021 | f1_cls 0.0921 | det 0.5000 | pfa 1.0000 | total_f1 0.1419 ----
[STATE 2026-05-29 14:17:51] Starting task 7 (8/10)
[STATE 2026-05-29 14:17:51] Task 7 Epoch 1/1: entering train loop
[STATE 2026-05-29 14:23:12] Task 7 Epoch 1/1: running validation (end of epoch)
---- Eval at Epoch 0: cls [0.2140626404170663, 0.1660720359163214, 0.20129596587913373, 0.16859175463600928, 0.16666666666666666, 0.2576776041976108, 0.2334721963625361, 0.6373912885179606] | det_recall [0.5, 0.5, 0.5, 0.5, 0.5, 0.5, 0.5, 0.7997901495753181] | det_fa [1.0, 1.0, 1.0, 1.0, 1.0, 1.0, 1.0, 0.3519513714975348] ----
T7 Ep 1/1 | L 1.1714 | Train Acc 0.59 | Prec 0.61 | F1 0.58 | Det Rec 0.78 | Det FA 0.37 | Epoch Time 448.52s (Eval 128.02s, Train 320.51s)
[STATE 2026-05-29 14:25:20] T7 Ep 1/1 complete: Prec 0.6140 F1 0.5841 DetRec 0.7829 DetFA 0.3736 | 448.52s total (128.02s eval/320.51s train)
HAT mask stats task 7: mean=0.4017 hi>0.95=0.1963 lo<0.05=0.3365
[STATE 2026-05-29 14:25:20] Task 7: running final validation.
Saved task checkpoint: logs//hat/seed-sweep_one-shot_til-2026-05-29_13-33-39-4480/39/checkpoints/task_7.pt
[STATE 2026-05-29 14:27:28] Saved task checkpoint to logs//hat/seed-sweep_one-shot_til-2026-05-29_13-33-39-4480/39/checkpoints/task_7.pt
[STATE 2026-05-29 14:27:28] Completed task 7 (8/10)
Task 8: 36658 training samples, 12220 test samples.
[STATE 2026-05-29 14:27:28] Task 8: zero-shot validation (pre-train)
---- Zero-shot (pre-train) task 8: rec_cls 0.0165 | prec_cls 0.0557 | f1_cls 0.1125 | det 0.4987 | pfa 0.1426 | total_f1 0.1117 ----
[STATE 2026-05-29 14:29:39] Starting task 8 (9/10)
[STATE 2026-05-29 14:29:39] Task 8 Epoch 1/1: entering train loop
[STATE 2026-05-29 14:30:41] Task 8 Epoch 1/1: running validation (end of epoch)
---- Eval at Epoch 0: cls [0.2, 0.14891636902883656, 0.20003557827451426, 0.18767869730894338, 0.16666666666666666, 0.22877829145028084, 0.2, 0.2, 0.7244842540822779] | det_recall [0.5, 0.5, 0.5, 0.5, 0.5, 0.5, 0.5, 0.5, 0.5001260517224094] | det_fa [1.0, 1.0, 1.0, 1.0, 1.0, 1.0, 1.0, 1.0, 0.9995651480171693] ----
T8 Ep 1/1 | L 1.6208 | Train Acc 0.54 | Prec 0.51 | F1 0.41 | Det Rec 0.72 | Det FA 0.48 | Epoch Time 192.89s (Eval 131.59s, Train 61.30s)
[STATE 2026-05-29 14:32:52] T8 Ep 1/1 complete: Prec 0.5117 F1 0.4125 DetRec 0.7158 DetFA 0.4765 | 192.89s total (131.59s eval/61.30s train)
HAT mask stats task 8: mean=0.4671 hi>0.95=0.1963 lo<0.05=0.2434
[STATE 2026-05-29 14:32:52] Task 8: running final validation.
Saved task checkpoint: logs//hat/seed-sweep_one-shot_til-2026-05-29_13-33-39-4480/39/checkpoints/task_8.pt
[STATE 2026-05-29 14:35:04] Saved task checkpoint to logs//hat/seed-sweep_one-shot_til-2026-05-29_13-33-39-4480/39/checkpoints/task_8.pt
[STATE 2026-05-29 14:35:04] Completed task 8 (9/10)
Task 9: 17340 training samples, 6800 test samples.
[STATE 2026-05-29 14:35:04] Task 9: zero-shot validation (pre-train)
---- Zero-shot (pre-train) task 9: rec_cls 0.0000 | prec_cls 0.0000 | f1_cls 0.1113 | det 0.5000 | pfa 0.0000 | total_f1 0.0929 ----
[STATE 2026-05-29 14:37:18] Starting task 9 (10/10)
[STATE 2026-05-29 14:37:18] Task 9 Epoch 1/1: entering train loop
[STATE 2026-05-29 14:37:47] Task 9 Epoch 1/1: running validation (end of epoch)
---- Eval at Epoch 0: cls [0.3377317409901254, 0.19538512552504095, 0.2, 0.3194754070822386, 0.17179095417609191, 0.21085448427481998, 0.37309475680271603, 0.19994172537207233, 0.16555938184843158, 0.40228453840366996] | det_recall [0.5, 0.5, 0.5, 0.5, 0.9997479838709677, 0.5, 0.5, 0.5, 0.5, 1.0] | det_fa [1.0, 1.0, 1.0, 1.0, 0.0, 1.0, 1.0, 1.0, 1.0, 0.0] ----
T9 Ep 1/1 | L 1.5122 | Train Acc 0.36 | Prec 0.32 | F1 0.41 | Det Rec 0.99 | Det FA 0.00 | Epoch Time 162.54s (Eval 133.71s, Train 28.83s)
[STATE 2026-05-29 14:40:01] T9 Ep 1/1 complete: Prec 0.3171 F1 0.4096 DetRec 0.9926 DetFA 0.0000 | 162.54s total (133.71s eval/28.83s train)
HAT mask stats task 9: mean=0.4913 hi>0.95=0.1882 lo<0.05=0.2244
[STATE 2026-05-29 14:40:01] Task 9: running final validation.
Saved task checkpoint: logs//hat/seed-sweep_one-shot_til-2026-05-29_13-33-39-4480/39/checkpoints/task_9.pt
[STATE 2026-05-29 14:42:15] Saved task checkpoint to logs//hat/seed-sweep_one-shot_til-2026-05-29_13-33-39-4480/39/checkpoints/task_9.pt
[STATE 2026-05-29 14:42:15] Completed task 9 (10/10)
####Final Validation Accuracy####
Final Results:- 
 Total Recall: 0.25761181144752066 
 Individual Recall: [0.3377317409901254, 0.19538512552504095, 0.2, 0.3194754070822386, 0.17179095417609191, 0.21085448427481998, 0.37309475680271603, 0.19994172537207233, 0.16555938184843158, 0.40228453840366996]
Final Detection Results:- 
 Total Detection: 0.5999747983870968 
 Individual Detection: [0.5, 0.5, 0.5, 0.5, 0.9997479838709677, 0.5, 0.5, 0.5, 0.5, 1.0]
Final Detection False Alarm:- 
 Total False Alarm: 0.8 
 Individual False Alarm: [1.0, 1.0, 1.0, 1.0, 0.0, 1.0, 1.0, 1.0, 1.0, 0.0]
SUMMARY_TR cls_rec=0.3645 cls_prec=0.3171 cls_f1=0.4096 det=0.6000 fa=0.8000
SUMMARY_TE cls_rec=0.2576 cls_prec=0.1342 cls_f1=0.1309 det=0.6000 fa=0.8000
[STATE 2026-05-29 14:42:15] Saving results to logs//hat/seed-sweep_one-shot_til-2026-05-29_13-33-39-4480/39/results
Model size: 0.0146 GB
Memory buffer size: 0.0000 GB
logs//hat/seed-sweep_one-shot_til-2026-05-29_13-33-39-4480/39/results: {'expt_name': 'seed-sweep_one-shot_til', 'model': 'hat', 'arch': 'resnet1d', 'n_hiddens': 100, 'n_layers': 2, 'xav_init': False, 'debug': False, 'use_detector_arch': False, 'use_groupnorm': False, 'inner_steps': 2, 'n_epochs': 1, 'batch_size': 256, 'replay_batch_size': 128, 'memories': 5120, 'lr': 0.003, 'optimizer': 'sgd', 'prune_perc': 0.75, 'post_prune_epochs': 0, 'class_weighted_ce': True, 'cuda': True, 'amp': True, 'amp_dtype': 'bfloat16', 'cudnn_benchmark': True, 'seed': 39, 'log_every': 10, 'log_dir': 'logs//hat/seed-sweep_one-shot_til-2026-05-29_13-33-39-4480/39', 'tf_dir': 'logs//hat/seed-sweep_one-shot_til-2026-05-29_13-33-39-4480/39/tfdir', 'calc_test_accuracy': False, 'state_logging': True, 'data_path': 'data/rff/radar/full', 'task_order_files': 't2-rcn,t0-rcn,t2-uclresm-25noise,t0-deeprad,t1-deeprad,t1-uclresm-25noise,t3-deeprad,t0-uclresm-25noise,t1-rcn,t2-deeprad', 'loader': 'task_incremental_loader', 'samples_per_task': -1, 'task_order_seed': None, 'classes_per_it': 6, 'iterations': 5000, 'dataset': 'iq', 'workers': 0, 'validation': 0.5, 'data_scaling': 'normalize', 'use_iq_aug_features': False, 'iq_aug_feature_type': 'power', 'class_order': 'random', 'increment': 5, 'test_batch_size': 512, 'nc_per_task': None, 'nc_per_task_list': '', 'val_rate': 1000, 'opt_lr': 0.1, 'opt_wt': 0.1, 'alpha_init': 0.001, 'momentum': 0.0, 'learn_lr': False, 'sync_update': False, 'grad_clip_norm': 5.0, 'meta_batches': 3, 'use_old_task_memory': False, 'second_order': False, 'n_memories': 5120, 'memory_strength': 0, 'memory_loss_lambda': 1.0, 'steps_per_sample': 1, 'bgd_optimizer': 'sgd', 'optimizer_params': '{}', 'train_mc_iters': 5, 'std_init': 0.05, 'mean_eta': 1, 'fisher_gamma': 0.95, 'rln': 7, 'meta_lr': 0.001, 'update_lr': 0.1, 'ctx_lr': 0.05, 'n_meta': 1, 'temperature': 5.0, 'task_emb': 64, 'classes_per_task': [6, 7, 6, 7, 7, 6, 6, 6, 7, 6], 'get_samples_per_task': <bound method IncrementalLoader.get_samples_per_task of <dataloaders.task_incremental_loader.IncrementalLoader object at 0x7affae5e8a70>>, 'task_epoch_schedule': {}} # val: 0.520 0.258 -0.262 0.000 # sizes: model_gb=0.0146 mem_gb=0.0000 # 4052.4661667346954
[STATE 2026-05-29 14:42:15] results.pt components (approx): state_dict 15.0 MB, result_val_t 0.1 KB, result_val_a 0.8 KB
[STATE 2026-05-29 14:42:15] Results saved; total runtime 1.13h
Total runtime: 1.13 hours
