[STATE 2026-05-29 20:29:54] Enabling terminal logging to logs//agem/seed-sweep_one-shot_til-2026-05-29_20-29-54-4123/39/terminal.log
New Experiment Starting...
Running model:  agem
[STATE 2026-05-29 20:29:54] Experiment 'seed-sweep_one-shot_til' starting with model 'agem' (seed 39)
Set seed 39
[STATE 2026-05-29 20:29:54] Runtime accel: cudnn.benchmark=False amp=True amp_dtype=bfloat16
t2-rcn.npz train: x=(50362, 1024), y=(50362, 2)
t2-rcn.npz test: x=(16787, 1024), y=(16787, 2)
t2-rcn.npz: applied data scaling mode 'normalize'.
Loaded t2-rcn.npz: Unique train labels: UniqueCountsResult(values=array([-1,  3,  5, 10, 12, 15]), counts=array([24209,  5770,  3030,  2320,  7509,  7524]))
Noise labels ratio in t2-rcn.npz train: 0.24, test: 0.24
Loaded t2-rcn.npz: Remapped labels: [0 1 2 3 4 5]. Size: 50362)
t0-rcn.npz train: x=(51916, 1024), y=(51916, 2)
t0-rcn.npz test: x=(17305, 1024), y=(17305, 2)
t0-rcn.npz: applied data scaling mode 'normalize'.
Loaded t0-rcn.npz: Unique train labels: UniqueCountsResult(values=array([-1,  1,  8,  9, 11, 13, 14]), counts=array([24225,  4268,  2495,  2943,  3015,  7464,  7506]))
Noise labels ratio in t0-rcn.npz train: 0.23, test: 0.23
Loaded t0-rcn.npz: Remapped labels: [ 6  7  8  9 10 11 12]. Size: 51916)
t2-uclresm-25noise.npz train: moved sample axis (3, 350028, 1024) -> (350028, 3, 1024)
t2-uclresm-25noise.npz test: moved sample axis (3, 233351, 1024) -> (233351, 3, 1024)
t2-uclresm-25noise.npz train: x=(350028, 3, 1024), y=(350028,)
t2-uclresm-25noise.npz test: x=(233351, 3, 1024), y=(233351,)
t2-uclresm-25noise.npz: applied data scaling mode 'normalize'.
Loaded t2-uclresm-25noise.npz: Unique train labels: UniqueCountsResult(values=array([-1,  0,  1,  2,  3,  4]), counts=array([87441, 27347, 71754, 64298, 36005, 63183]))
Noise labels ratio in t2-uclresm-25noise.npz train: 0.25, test: 0.25
Loaded t2-uclresm-25noise.npz: Remapped labels: [13 14 15 16 17 18]. Size: 350028)
t0-deeprad.npz train: x=(24480, 1024), y=(24480, 2)
t0-deeprad.npz test: x=(8160, 1024), y=(8160, 2)
t0-deeprad.npz: applied data scaling mode 'normalize'.
Loaded t0-deeprad.npz: Unique train labels: UniqueCountsResult(values=array([-1,  0,  1,  2,  3,  4,  5]), counts=array([12240,  2029,  1983,  2043,  2154,  2015,  2016]))
Noise labels ratio in t0-deeprad.npz train: 0.25, test: 0.25
Loaded t0-deeprad.npz: Remapped labels: [19 20 21 22 23 24 25]. Size: 24480)
t1-deeprad.npz train: x=(24480, 1024), y=(24480, 2)
t1-deeprad.npz test: x=(8160, 1024), y=(8160, 2)
t1-deeprad.npz: applied data scaling mode 'normalize'.
Loaded t1-deeprad.npz: Unique train labels: UniqueCountsResult(values=array([-1,  0,  1,  2,  3,  4,  5]), counts=array([12240,  1988,  2029,  2054,  1988,  2053,  2128]))
Noise labels ratio in t1-deeprad.npz train: 0.25, test: 0.25
Loaded t1-deeprad.npz: Remapped labels: [26 27 28 29 30 31 32]. Size: 24480)
t1-uclresm-25noise.npz train: moved sample axis (3, 201410, 1024) -> (201410, 3, 1024)
t1-uclresm-25noise.npz test: moved sample axis (3, 116291, 1024) -> (116291, 3, 1024)
t1-uclresm-25noise.npz train: x=(201410, 3, 1024), y=(201410,)
t1-uclresm-25noise.npz test: x=(116291, 3, 1024), y=(116291,)
t1-uclresm-25noise.npz: applied data scaling mode 'normalize'.
Loaded t1-uclresm-25noise.npz: Unique train labels: UniqueCountsResult(values=array([-1,  0,  1,  2,  3,  4]), counts=array([43668, 18021, 17838, 18087, 31870, 71926]))
Noise labels ratio in t1-uclresm-25noise.npz train: 0.22, test: 0.25
Loaded t1-uclresm-25noise.npz: Remapped labels: [33 34 35 36 37 38]. Size: 201410)
t3-deeprad.npz train: x=(17340, 1024), y=(17340, 2)
t3-deeprad.npz test: x=(6800, 1024), y=(6800, 2)
t3-deeprad.npz: applied data scaling mode 'normalize'.
Loaded t3-deeprad.npz: Unique train labels: UniqueCountsResult(values=array([-1,  0,  1,  2,  3,  4]), counts=array([8670, 1693, 1677, 1794, 1716, 1790]))
Noise labels ratio in t3-deeprad.npz train: 0.25, test: 0.25
Loaded t3-deeprad.npz: Remapped labels: [39 40 41 42 43 44]. Size: 17340)
t0-uclresm-25noise.npz train: moved sample axis (3, 188050, 1024) -> (188050, 3, 1024)
t0-uclresm-25noise.npz test: moved sample axis (3, 107348, 1024) -> (107348, 3, 1024)
t0-uclresm-25noise.npz train: x=(188050, 3, 1024), y=(188050,)
t0-uclresm-25noise.npz test: x=(107348, 3, 1024), y=(107348,)
t0-uclresm-25noise.npz: applied data scaling mode 'normalize'.
Loaded t0-uclresm-25noise.npz: Unique train labels: UniqueCountsResult(values=array([-1,  0,  1,  2,  3,  4]), counts=array([40144, 32109, 17978, 17979, 18098, 61742]))
Noise labels ratio in t0-uclresm-25noise.npz train: 0.21, test: 0.25
Loaded t0-uclresm-25noise.npz: Remapped labels: [45 46 47 48 49 50]. Size: 188050)
t1-rcn.npz train: x=(36658, 1024), y=(36658, 2)
t1-rcn.npz test: x=(12220, 1024), y=(12220, 2)
t1-rcn.npz: applied data scaling mode 'normalize'.
Loaded t1-rcn.npz: Unique train labels: UniqueCountsResult(values=array([-1,  0,  2,  4,  6,  7, 16]), counts=array([20595,   824,  2087,  2606,  2396,  1716,  6434]))
Noise labels ratio in t1-rcn.npz train: 0.28, test: 0.28
Loaded t1-rcn.npz: Remapped labels: [51 52 53 54 55 56 57]. Size: 36658)
t2-deeprad.npz train: x=(17340, 1024), y=(17340, 2)
t2-deeprad.npz test: x=(6800, 1024), y=(6800, 2)
t2-deeprad.npz: applied data scaling mode 'normalize'.
Loaded t2-deeprad.npz: Unique train labels: UniqueCountsResult(values=array([-1,  0,  1,  2,  3,  4]), counts=array([8670, 1774, 1675, 1777, 1694, 1750]))
Noise labels ratio in t2-deeprad.npz train: 0.25, test: 0.25
Loaded t2-deeprad.npz: Remapped labels: [58 59 60 61 62 63]. Size: 17340)
Built classes_per_task: [6, 7, 6, 7, 7, 6, 6, 6, 7, 6]
Classes per task: [6, 7, 6, 7, 7, 6, 6, 6, 7, 6]
[STATE 2026-05-29 20:30:56] Loader 'task_incremental_loader' ready: 1024 inputs, 64 outputs, 10 tasks
n_outputs: 64 	n_tasks: 10
[STATE 2026-05-29 20:30:56] Logging to logs//agem/seed-sweep_one-shot_til-2026-05-29_20-29-54-4123/39
True
Model device: cuda:0
[STATE 2026-05-29 20:30:56] Model initialized on device cuda:0
[STATE 2026-05-29 20:30:56] Invoking continual life experience flow
[STATE 2026-05-29 20:30:56] Life experience start: 10 tasks queued
[STATE 2026-05-29 20:30:56] Legacy epoch behavior enabled: using n_epochs=1 for all tasks
Task 0: 50362 training samples, 16787 test samples.
[STATE 2026-05-29 20:30:56] Task 0: zero-shot validation (pre-train)
---- Zero-shot (pre-train) task 0: rec_cls 0.1719 | prec_cls 0.1097 | f1_cls 0.0668 | det 0.4980 | pfa 0.9833 | total_f1 0.0668 ----
[STATE 2026-05-29 20:31:01] Starting task 0 (1/10)
[STATE 2026-05-29 20:31:01] Task 0 Epoch 1/1: entering train loop
[STATE 2026-05-29 20:32:24] Task 0 Epoch 1/1: running validation (end of epoch)
---- Eval at Epoch 0: cls [0.8825245389143871] | det_recall [0.8760827780583962] | det_fa [0.2305687786897951] ----
T0 Ep 1/1 | L 0.6651 | Train Acc 0.76 | Prec 0.78 | F1 0.70 | Det Rec 0.84 | Det FA 0.29 | Epoch Time 87.66s (Eval 5.01s, Train 82.65s)
[STATE 2026-05-29 20:32:29] T0 Ep 1/1 complete: Prec 0.7755 F1 0.7015 DetRec 0.8386 DetFA 0.2871 | 87.66s total (5.01s eval/82.65s train)
[STATE 2026-05-29 20:32:29] Task 0: running final validation.
Saved task checkpoint: logs//agem/seed-sweep_one-shot_til-2026-05-29_20-29-54-4123/39/checkpoints/task_0.pt
[STATE 2026-05-29 20:32:34] Saved task checkpoint to logs//agem/seed-sweep_one-shot_til-2026-05-29_20-29-54-4123/39/checkpoints/task_0.pt
[STATE 2026-05-29 20:32:34] Completed task 0 (1/10)
Task 1: 51916 training samples, 17305 test samples.
[STATE 2026-05-29 20:32:34] Task 1: zero-shot validation (pre-train)
---- Zero-shot (pre-train) task 1: rec_cls 0.0011 | prec_cls 0.0269 | f1_cls 0.0895 | det 0.5120 | pfa 0.1155 | total_f1 0.4618 ----
[STATE 2026-05-29 20:32:44] Starting task 1 (2/10)
[STATE 2026-05-29 20:32:44] Task 1 Epoch 1/1: entering train loop
[STATE 2026-05-29 20:35:13] Task 1 Epoch 1/1: running validation (end of epoch)
---- Eval at Epoch 0: cls [0.8169996830384363, 0.8143669516980501] | det_recall [0.8501044315223272, 0.860128203800815] | det_fa [0.2719149742807027, 0.24128632323666904] ----
T1 Ep 1/1 | L 0.7563 | Train Acc 0.72 | Prec 0.77 | F1 0.62 | Det Rec 0.73 | Det FA 0.46 | Epoch Time 159.43s (Eval 10.49s, Train 148.94s)
[STATE 2026-05-29 20:35:24] T1 Ep 1/1 complete: Prec 0.7729 F1 0.6200 DetRec 0.7336 DetFA 0.4554 | 159.43s total (10.49s eval/148.94s train)
[STATE 2026-05-29 20:35:24] Task 1: running final validation.
Saved task checkpoint: logs//agem/seed-sweep_one-shot_til-2026-05-29_20-29-54-4123/39/checkpoints/task_1.pt
[STATE 2026-05-29 20:35:34] Saved task checkpoint to logs//agem/seed-sweep_one-shot_til-2026-05-29_20-29-54-4123/39/checkpoints/task_1.pt
[STATE 2026-05-29 20:35:34] Completed task 1 (2/10)
Task 2: 350028 training samples, 175014 test samples.
[STATE 2026-05-29 20:35:35] Task 2: zero-shot validation (pre-train)
---- Zero-shot (pre-train) task 2: rec_cls 0.1959 | prec_cls 0.1927 | f1_cls 0.1263 | det 0.4898 | pfa 0.9893 | total_f1 0.5553 ----
[STATE 2026-05-29 20:36:38] Starting task 2 (3/10)
[STATE 2026-05-29 20:36:38] Task 2 Epoch 1/1: entering train loop
[STATE 2026-05-29 21:01:08] Task 2 Epoch 1/1: running validation (end of epoch)
---- Eval at Epoch 0: cls [0.5827272206567964, 0.46653161822821543, 0.7275715595095603] | det_recall [0.8024955531877161, 0.7310970466850817, 0.8498414900516252] | det_fa [0.29533046540798125, 0.40937505330214485, 0.2305115178622097] ----
T2 Ep 1/1 | L 0.9244 | Train Acc 0.59 | Prec 0.62 | F1 0.59 | Det Rec 0.82 | Det FA 0.30 | Epoch Time 1533.48s (Eval 63.40s, Train 1470.07s)
[STATE 2026-05-29 21:02:12] T2 Ep 1/1 complete: Prec 0.6216 F1 0.5904 DetRec 0.8238 DetFA 0.2973 | 1533.48s total (63.40s eval/1470.07s train)
[STATE 2026-05-29 21:02:12] Task 2: running final validation.
Saved task checkpoint: logs//agem/seed-sweep_one-shot_til-2026-05-29_20-29-54-4123/39/checkpoints/task_2.pt
[STATE 2026-05-29 21:03:15] Saved task checkpoint to logs//agem/seed-sweep_one-shot_til-2026-05-29_20-29-54-4123/39/checkpoints/task_2.pt
[STATE 2026-05-29 21:03:15] Completed task 2 (3/10)
Task 3: 24480 training samples, 8160 test samples.
[STATE 2026-05-29 21:03:15] Task 3: zero-shot validation (pre-train)
---- Zero-shot (pre-train) task 3: rec_cls 0.2414 | prec_cls 0.1878 | f1_cls 0.1242 | det 0.4905 | pfa 1.0000 | total_f1 0.4672 ----
[STATE 2026-05-29 21:04:21] Starting task 3 (4/10)
[STATE 2026-05-29 21:04:21] Task 3 Epoch 1/1: entering train loop
[STATE 2026-05-29 21:06:55] Task 3 Epoch 1/1: running validation (end of epoch)
---- Eval at Epoch 0: cls [0.4447422194195718, 0.42090306414083273, 0.46908117707867336, 0.6063154130726012] | det_recall [0.8193702897907128, 0.6955843058107022, 0.7935676855407195, 0.9996349286878345] | det_fa [0.28434786470800766, 0.499761525747696, 0.38741582741864783, 0.00023946360153256704] ----
T3 Ep 1/1 | L 0.8912 | Train Acc 0.56 | Prec 0.56 | F1 0.60 | Det Rec 0.99 | Det FA 0.01 | Epoch Time 219.62s (Eval 65.94s, Train 153.67s)
[STATE 2026-05-29 21:08:01] T3 Ep 1/1 complete: Prec 0.5614 F1 0.6006 DetRec 0.9910 DetFA 0.0136 | 219.62s total (65.94s eval/153.67s train)
[STATE 2026-05-29 21:08:01] Task 3: running final validation.
Saved task checkpoint: logs//agem/seed-sweep_one-shot_til-2026-05-29_20-29-54-4123/39/checkpoints/task_3.pt
[STATE 2026-05-29 21:09:07] Saved task checkpoint to logs//agem/seed-sweep_one-shot_til-2026-05-29_20-29-54-4123/39/checkpoints/task_3.pt
[STATE 2026-05-29 21:09:07] Completed task 3 (4/10)
Task 4: 24480 training samples, 8160 test samples.
[STATE 2026-05-29 21:09:07] Task 4: zero-shot validation (pre-train)
---- Zero-shot (pre-train) task 4: rec_cls 0.1225 | prec_cls 0.0543 | f1_cls 0.0530 | det 0.4249 | pfa 1.0000 | total_f1 0.4089 ----
[STATE 2026-05-29 21:10:15] Starting task 4 (5/10)
[STATE 2026-05-29 21:10:15] Task 4 Epoch 1/1: entering train loop
[STATE 2026-05-29 21:13:51] Task 4 Epoch 1/1: running validation (end of epoch)
---- Eval at Epoch 0: cls [0.43984868830598967, 0.399465835007027, 0.4629641295984248, 0.5522003237628323, 0.44998493473207607] | det_recall [0.8279585851429727, 0.7437674627771128, 0.7563027309776749, 0.9973489001800069, 1.0] | det_fa [0.28443021968537896, 0.3996759069396638, 0.47719183304513274, 0.004811520617187875, 0.0] ----
T4 Ep 1/1 | L 1.0491 | Train Acc 0.39 | Prec 0.36 | F1 0.42 | Det Rec 0.99 | Det FA 0.01 | Epoch Time 284.46s (Eval 68.53s, Train 215.93s)
[STATE 2026-05-29 21:15:00] T4 Ep 1/1 complete: Prec 0.3604 F1 0.4196 DetRec 0.9938 DetFA 0.0104 | 284.46s total (68.53s eval/215.93s train)
[STATE 2026-05-29 21:15:00] Task 4: running final validation.
Saved task checkpoint: logs//agem/seed-sweep_one-shot_til-2026-05-29_20-29-54-4123/39/checkpoints/task_4.pt
[STATE 2026-05-29 21:16:08] Saved task checkpoint to logs//agem/seed-sweep_one-shot_til-2026-05-29_20-29-54-4123/39/checkpoints/task_4.pt
[STATE 2026-05-29 21:16:08] Completed task 4 (5/10)
Task 5: 201410 training samples, 100705 test samples.
[STATE 2026-05-29 21:16:09] Task 5: zero-shot validation (pre-train)
---- Zero-shot (pre-train) task 5: rec_cls 0.0987 | prec_cls 0.2264 | f1_cls 0.1589 | det 0.5759 | pfa 0.2779 | total_f1 0.4315 ----
[STATE 2026-05-29 21:17:47] Starting task 5 (6/10)
[STATE 2026-05-29 21:17:47] Task 5 Epoch 1/1: entering train loop
[STATE 2026-05-29 21:56:40] Task 5 Epoch 1/1: running validation (end of epoch)
---- Eval at Epoch 0: cls [0.2827058787678447, 0.34300059565428004, 0.3146117631695112, 0.5115521652408982, 0.34987690926366494, 0.8286228909271001] | det_recall [0.6368328614718126, 0.5558806460713787, 0.7600259773695136, 0.9763094808772217, 0.9986737843203735, 0.8843189721480235] | det_fa [0.4605936379854842, 0.8055653878451704, 0.4444265330574838, 0.03646054694527978, 0.0, 0.2090168429495017] ----
T5 Ep 1/1 | L 0.5970 | Train Acc 0.75 | Prec 0.75 | F1 0.73 | Det Rec 0.88 | Det FA 0.20 | Epoch Time 2430.94s (Eval 98.35s, Train 2332.59s)
[STATE 2026-05-29 21:58:18] T5 Ep 1/1 complete: Prec 0.7540 F1 0.7295 DetRec 0.8758 DetFA 0.2011 | 2430.94s total (98.35s eval/2332.59s train)
[STATE 2026-05-29 21:58:18] Task 5: running final validation.
Saved task checkpoint: logs//agem/seed-sweep_one-shot_til-2026-05-29_20-29-54-4123/39/checkpoints/task_5.pt
[STATE 2026-05-29 21:59:57] Saved task checkpoint to logs//agem/seed-sweep_one-shot_til-2026-05-29_20-29-54-4123/39/checkpoints/task_5.pt
[STATE 2026-05-29 21:59:57] Completed task 5 (6/10)
Task 6: 17340 training samples, 6800 test samples.
[STATE 2026-05-29 21:59:57] Task 6: zero-shot validation (pre-train)
---- Zero-shot (pre-train) task 6: rec_cls 0.1127 | prec_cls 0.2857 | f1_cls 0.2181 | det 0.8084 | pfa 0.1536 | total_f1 0.4089 ----
[STATE 2026-05-29 22:01:37] Starting task 6 (7/10)
[STATE 2026-05-29 22:01:37] Task 6 Epoch 1/1: entering train loop
[STATE 2026-05-29 22:05:30] Task 6 Epoch 1/1: running validation (end of epoch)
---- Eval at Epoch 0: cls [0.4323462780381374, 0.38123825078347173, 0.2971577864992297, 0.5756141426090768, 0.3587476448545555, 0.7151541513753102, 0.5566847464934984] | det_recall [0.7962524247241034, 0.6084102214007994, 0.7559542057982418, 0.9956599293535496, 1.0, 0.827595653955447, 1.0] | det_fa [0.2814513769656836, 0.7026020262254135, 0.4294325957534232, 0.0011588029099020658, 0.0, 0.3415781801854545, 0.0] ----
T6 Ep 1/1 | L 0.8935 | Train Acc 0.52 | Prec 0.52 | F1 0.57 | Det Rec 1.00 | Det FA 0.00 | Epoch Time 357.72s (Eval 124.19s, Train 233.53s)
[STATE 2026-05-29 22:07:35] T6 Ep 1/1 complete: Prec 0.5245 F1 0.5726 DetRec 0.9971 DetFA 0.0008 | 357.72s total (124.19s eval/233.53s train)
[STATE 2026-05-29 22:07:35] Task 6: running final validation.
Saved task checkpoint: logs//agem/seed-sweep_one-shot_til-2026-05-29_20-29-54-4123/39/checkpoints/task_6.pt
[STATE 2026-05-29 22:09:37] Saved task checkpoint to logs//agem/seed-sweep_one-shot_til-2026-05-29_20-29-54-4123/39/checkpoints/task_6.pt
[STATE 2026-05-29 22:09:37] Completed task 6 (7/10)
Task 7: 188050 training samples, 94025 test samples.
[STATE 2026-05-29 22:09:38] Task 7: zero-shot validation (pre-train)
---- Zero-shot (pre-train) task 7: rec_cls 0.1454 | prec_cls 0.1037 | f1_cls 0.1342 | det 0.5174 | pfa 0.5562 | total_f1 0.4414 ----
[STATE 2026-05-29 22:11:50] Starting task 7 (8/10)
[STATE 2026-05-29 22:11:50] Task 7 Epoch 1/1: entering train loop
[STATE 2026-05-29 23:00:07] Task 7 Epoch 1/1: running validation (end of epoch)
---- Eval at Epoch 0: cls [0.3073748587733928, 0.3348379514037352, 0.3115539087364786, 0.5349973262257766, 0.36420707265195834, 0.6171423242401265, 0.4938348510673303, 0.8198201597456276] | det_recall [0.7425562919756964, 0.5954886913863502, 0.7770068777141687, 0.9896986315241976, 0.9994055023060295, 0.8835115366496803, 0.9962529847976883, 0.8709962429048216] | det_fa [0.34404305525619905, 0.7238734487233321, 0.4025096349041074, 0.00842340861870805, 0.0, 0.1671787080688778, 0.0074940304046233145, 0.19910598637502475] ----
T7 Ep 1/1 | L 0.5371 | Train Acc 0.77 | Prec 0.79 | F1 0.76 | Det Rec 0.87 | Det FA 0.20 | Epoch Time 3026.64s (Eval 129.55s, Train 2897.09s)
[STATE 2026-05-29 23:02:17] T7 Ep 1/1 complete: Prec 0.7931 F1 0.7568 DetRec 0.8684 DetFA 0.1986 | 3026.64s total (129.55s eval/2897.09s train)
[STATE 2026-05-29 23:02:17] Task 7: running final validation.
Saved task checkpoint: logs//agem/seed-sweep_one-shot_til-2026-05-29_20-29-54-4123/39/checkpoints/task_7.pt
[STATE 2026-05-29 23:04:26] Saved task checkpoint to logs//agem/seed-sweep_one-shot_til-2026-05-29_20-29-54-4123/39/checkpoints/task_7.pt
[STATE 2026-05-29 23:04:26] Completed task 7 (8/10)
Task 8: 36658 training samples, 12220 test samples.
[STATE 2026-05-29 23:04:26] Task 8: zero-shot validation (pre-train)
---- Zero-shot (pre-train) task 8: rec_cls 0.1373 | prec_cls 0.1405 | f1_cls 0.0597 | det 0.4907 | pfa 0.9330 | total_f1 0.4473 ----
[STATE 2026-05-29 23:06:40] Starting task 8 (9/10)
[STATE 2026-05-29 23:06:40] Task 8 Epoch 1/1: entering train loop
[STATE 2026-05-29 23:16:41] Task 8 Epoch 1/1: running validation (end of epoch)
---- Eval at Epoch 0: cls [0.6549867835369775, 0.6297977759650171, 0.2467784649872612, 0.52189542177185, 0.308353106512986, 0.29892264819989245, 0.463672426815192, 0.4074341638542666, 0.822594616460888] | det_recall [0.8526194192461206, 0.6840007596967803, 0.6311430434657038, 0.9923423425918851, 0.9913371173297871, 0.5478451885803396, 0.99597080447539, 0.5684542889278026, 0.8025477481460919] | det_fa [0.2669562708995825, 0.5568666869148645, 0.6871062642014125, 0.00021701388888888888, 0.0, 0.8932277762894112, 0.0, 0.8254042384067756, 0.3634729842776805] ----
T8 Ep 1/1 | L 0.7860 | Train Acc 0.72 | Prec 0.73 | F1 0.57 | Det Rec 0.75 | Det FA 0.46 | Epoch Time 734.24s (Eval 133.20s, Train 601.03s)
[STATE 2026-05-29 23:18:54] T8 Ep 1/1 complete: Prec 0.7304 F1 0.5747 DetRec 0.7508 DetFA 0.4572 | 734.24s total (133.20s eval/601.03s train)
[STATE 2026-05-29 23:18:54] Task 8: running final validation.
Saved task checkpoint: logs//agem/seed-sweep_one-shot_til-2026-05-29_20-29-54-4123/39/checkpoints/task_8.pt
[STATE 2026-05-29 23:21:08] Saved task checkpoint to logs//agem/seed-sweep_one-shot_til-2026-05-29_20-29-54-4123/39/checkpoints/task_8.pt
[STATE 2026-05-29 23:21:08] Completed task 8 (9/10)
Task 9: 17340 training samples, 6800 test samples.
[STATE 2026-05-29 23:21:08] Task 9: zero-shot validation (pre-train)
---- Zero-shot (pre-train) task 9: rec_cls 0.2005 | prec_cls 0.0999 | f1_cls 0.1122 | det 0.6428 | pfa 0.7122 | total_f1 0.4257 ----
[STATE 2026-05-29 23:23:23] Starting task 9 (10/10)
[STATE 2026-05-29 23:23:23] Task 9 Epoch 1/1: entering train loop
[STATE 2026-05-29 23:28:40] Task 9 Epoch 1/1: running validation (end of epoch)
---- Eval at Epoch 0: cls [0.5600693522207638, 0.5802979452049718, 0.2575237178181962, 0.5333483971145836, 0.3850202050241839, 0.2819271762435987, 0.49005729030368067, 0.3577809716947716, 0.47330288363156375, 0.45852396838039017] | det_recall [0.8556503866693107, 0.6729796817264172, 0.7004396003338506, 0.9917932188780328, 1.0, 0.6081638314898286, 1.0, 0.6180376820941873, 0.7995984063918141, 1.0] | det_fa [0.21960768357895422, 0.586642484754554, 0.5104145037712616, 0.0, 0.0, 0.764797835963018, 0.0, 0.7285425669841803, 0.1914541828150433, 0.0] ----
T9 Ep 1/1 | L 0.9295 | Train Acc 0.42 | Prec 0.38 | F1 0.44 | Det Rec 0.99 | Det FA 0.01 | Epoch Time 452.53s (Eval 135.34s, Train 317.20s)
[STATE 2026-05-29 23:30:56] T9 Ep 1/1 complete: Prec 0.3836 F1 0.4449 DetRec 0.9950 DetFA 0.0100 | 452.53s total (135.34s eval/317.20s train)
[STATE 2026-05-29 23:30:56] Task 9: running final validation.
Saved task checkpoint: logs//agem/seed-sweep_one-shot_til-2026-05-29_20-29-54-4123/39/checkpoints/task_9.pt
[STATE 2026-05-29 23:33:11] Saved task checkpoint to logs//agem/seed-sweep_one-shot_til-2026-05-29_20-29-54-4123/39/checkpoints/task_9.pt
[STATE 2026-05-29 23:33:11] Completed task 9 (10/10)
####Final Validation Accuracy####
Final Results:- 
 Total Recall: 0.4361531262335491 
 Individual Recall: [0.5617570029006469, 0.5787291477783166, 0.2565862313436613, 0.5315467588464461, 0.38248396100684207, 0.2806641565524919, 0.4899552376884455, 0.35871834765401867, 0.4688558241684903, 0.45223459439613206]
Final Detection Results:- 
 Total Detection: 0.8250273980655667 
 Individual Detection: [0.8567862324785048, 0.6729409376898587, 0.7022986886732457, 0.9918652180225892, 1.0, 0.6077589761488468, 1.0, 0.6185792929013448, 0.800044634741277, 1.0]
Final Detection False Alarm:- 
 Total False Alarm: 0.2995953270125412 
 Individual False Alarm: [0.21800254222358717, 0.5843571075814696, 0.5067716750105207, 0.0002358490566037736, 0.0, 0.7664420645280831, 0.0, 0.7278427703074388, 0.19230126141770865, 0.0]
SUMMARY_TR cls_rec=0.4153 cls_prec=0.3836 cls_f1=0.4449 det=0.8247 fa=0.3001
SUMMARY_TE cls_rec=0.4362 cls_prec=0.4739 cls_f1=0.4441 det=0.8250 fa=0.2996
[STATE 2026-05-29 23:33:11] Saving results to logs//agem/seed-sweep_one-shot_til-2026-05-29_20-29-54-4123/39/results
Model size: 0.0289 GB
Memory buffer size: 0.0196 GB
logs//agem/seed-sweep_one-shot_til-2026-05-29_20-29-54-4123/39/results: {'expt_name': 'seed-sweep_one-shot_til', 'model': 'agem', 'arch': 'resnet1d', 'n_hiddens': 100, 'n_layers': 2, 'xav_init': False, 'debug': False, 'use_detector_arch': False, 'use_groupnorm': False, 'inner_steps': 2, 'n_epochs': 1, 'batch_size': 256, 'replay_batch_size': 128, 'memories': 5120, 'lr': 0.01, 'optimizer': 'sgd', 'prune_perc': 0.75, 'post_prune_epochs': 0, 'class_weighted_ce': True, 'cuda': True, 'amp': True, 'amp_dtype': 'bfloat16', 'cudnn_benchmark': True, 'seed': 39, 'log_every': 10, 'log_dir': 'logs//agem/seed-sweep_one-shot_til-2026-05-29_20-29-54-4123/39', 'tf_dir': 'logs//agem/seed-sweep_one-shot_til-2026-05-29_20-29-54-4123/39/tfdir', 'calc_test_accuracy': False, 'state_logging': True, 'data_path': 'data/rff/radar/full', 'task_order_files': 't2-rcn,t0-rcn,t2-uclresm-25noise,t0-deeprad,t1-deeprad,t1-uclresm-25noise,t3-deeprad,t0-uclresm-25noise,t1-rcn,t2-deeprad', 'loader': 'task_incremental_loader', 'samples_per_task': -1, 'task_order_seed': None, 'classes_per_it': 6, 'iterations': 5000, 'dataset': 'iq', 'workers': 0, 'validation': 0.5, 'data_scaling': 'normalize', 'use_iq_aug_features': False, 'iq_aug_feature_type': 'power', 'class_order': 'random', 'increment': 5, 'test_batch_size': 512, 'nc_per_task': None, 'nc_per_task_list': '', 'val_rate': 1000, 'opt_lr': 0.1, 'opt_wt': 0.1, 'alpha_init': 0.001, 'momentum': 0.0, 'learn_lr': False, 'sync_update': False, 'grad_clip_norm': 5.0, 'meta_batches': 3, 'use_old_task_memory': False, 'second_order': False, 'n_memories': 5120, 'memory_strength': 0, 'memory_loss_lambda': 5.0, 'steps_per_sample': 1, 'bgd_optimizer': 'sgd', 'optimizer_params': '{}', 'train_mc_iters': 5, 'std_init': 0.05, 'mean_eta': 1, 'fisher_gamma': 0.95, 'rln': 7, 'meta_lr': 0.001, 'update_lr': 0.1, 'ctx_lr': 0.05, 'n_meta': 1, 'temperature': 5.0, 'task_emb': 64, 'classes_per_task': [6, 7, 6, 7, 7, 6, 6, 6, 7, 6], 'get_samples_per_task': <bound method IncrementalLoader.get_samples_per_task of <dataloaders.task_incremental_loader.IncrementalLoader object at 0x78e2bdaab4d0>>, 'task_epoch_schedule': {}} # val: 0.697 0.436 -0.261 0.000 # sizes: model_gb=0.0289 mem_gb=0.0196 # 10935.16497850418
[STATE 2026-05-29 23:33:11] results.pt components (approx): state_dict 29.6 MB, result_val_t 0.1 KB, result_val_a 0.8 KB
[STATE 2026-05-29 23:33:11] Results saved; total runtime 3.04h
Total runtime: 3.04 hours
