[STATE 2026-04-23 20:05:31] Enabling terminal logging to logs//ucl/full-tasks_CIL_all-2026-04-23_20-05-31-9540/0/terminal.log
New Experiment Starting...
Running model:  ucl_bresnet
[STATE 2026-04-23 20:05:31] Experiment 'full-tasks_CIL_all' starting with model 'ucl_bresnet' (seed 0)
Set seed 0
t2-rcn.npz train: x=(50362, 1024), y=(50362, 2)
t2-rcn.npz test: x=(16787, 1024), y=(16787, 2)
t2-rcn.npz: applied data scaling mode 'normalize'.
Loaded t2-rcn.npz: Unique train labels: UniqueCountsResult(values=array([-1,  3,  5, 10, 12, 15]), counts=array([24209,  5770,  3030,  2320,  7509,  7524]))
Noise labels ratio in t2-rcn.npz train: 0.24, test: 0.24
Loaded t2-rcn.npz: Remapped labels: [-1  0  1  2  3  4]. Size: 50362)
t0-rcn.npz train: x=(51916, 1024), y=(51916, 2)
t0-rcn.npz test: x=(17305, 1024), y=(17305, 2)
t0-rcn.npz: applied data scaling mode 'normalize'.
Loaded t0-rcn.npz: Unique train labels: UniqueCountsResult(values=array([-1,  1,  8,  9, 11, 13, 14]), counts=array([24225,  4268,  2495,  2943,  3015,  7464,  7506]))
Noise labels ratio in t0-rcn.npz train: 0.23, test: 0.23
Loaded t0-rcn.npz: Remapped labels: [-1  5  6  7  8  9 10]. Size: 51916)
t2-uclresm-25noise.npz train: moved sample axis (3, 350028, 1024) -> (350028, 3, 1024)
t2-uclresm-25noise.npz test: moved sample axis (3, 233351, 1024) -> (233351, 3, 1024)
t2-uclresm-25noise.npz train: x=(350028, 3, 1024), y=(350028,)
t2-uclresm-25noise.npz test: x=(233351, 3, 1024), y=(233351,)
t2-uclresm-25noise.npz: applied data scaling mode 'normalize'.
Loaded t2-uclresm-25noise.npz: Unique train labels: UniqueCountsResult(values=array([-1,  0,  1,  2,  3,  4]), counts=array([87441, 27347, 71754, 64298, 36005, 63183]))
Noise labels ratio in t2-uclresm-25noise.npz train: 0.25, test: 0.25
Loaded t2-uclresm-25noise.npz: Remapped labels: [-1 11 12 13 14 15]. Size: 350028)
t0-deeprad.npz train: x=(24480, 1024), y=(24480, 2)
t0-deeprad.npz test: x=(8160, 1024), y=(8160, 2)
t0-deeprad.npz: applied data scaling mode 'normalize'.
Loaded t0-deeprad.npz: Unique train labels: UniqueCountsResult(values=array([-1,  0,  1,  2,  3,  4,  5]), counts=array([12240,  2029,  1983,  2043,  2154,  2015,  2016]))
Noise labels ratio in t0-deeprad.npz train: 0.25, test: 0.25
Loaded t0-deeprad.npz: Remapped labels: [-1 16 17 18 19 20 21]. Size: 24480)
t1-deeprad.npz train: x=(24480, 1024), y=(24480, 2)
t1-deeprad.npz test: x=(8160, 1024), y=(8160, 2)
t1-deeprad.npz: applied data scaling mode 'normalize'.
Loaded t1-deeprad.npz: Unique train labels: UniqueCountsResult(values=array([-1,  0,  1,  2,  3,  4,  5]), counts=array([12240,  1988,  2029,  2054,  1988,  2053,  2128]))
Noise labels ratio in t1-deeprad.npz train: 0.25, test: 0.25
Loaded t1-deeprad.npz: Remapped labels: [-1 22 23 24 25 26 27]. Size: 24480)
t1-uclresm-25noise.npz train: moved sample axis (3, 201410, 1024) -> (201410, 3, 1024)
t1-uclresm-25noise.npz test: moved sample axis (3, 116291, 1024) -> (116291, 3, 1024)
t1-uclresm-25noise.npz train: x=(201410, 3, 1024), y=(201410,)
t1-uclresm-25noise.npz test: x=(116291, 3, 1024), y=(116291,)
t1-uclresm-25noise.npz: applied data scaling mode 'normalize'.
Loaded t1-uclresm-25noise.npz: Unique train labels: UniqueCountsResult(values=array([-1,  0,  1,  2,  3,  4]), counts=array([43668, 18021, 17838, 18087, 31870, 71926]))
Noise labels ratio in t1-uclresm-25noise.npz train: 0.22, test: 0.25
Loaded t1-uclresm-25noise.npz: Remapped labels: [-1 28 29 30 31 32]. Size: 201410)
t3-deeprad.npz train: x=(17340, 1024), y=(17340, 2)
t3-deeprad.npz test: x=(6800, 1024), y=(6800, 2)
t3-deeprad.npz: applied data scaling mode 'normalize'.
Loaded t3-deeprad.npz: Unique train labels: UniqueCountsResult(values=array([-1,  0,  1,  2,  3,  4]), counts=array([8670, 1693, 1677, 1794, 1716, 1790]))
Noise labels ratio in t3-deeprad.npz train: 0.25, test: 0.25
Loaded t3-deeprad.npz: Remapped labels: [-1 33 34 35 36 37]. Size: 17340)
t0-uclresm-25noise.npz train: moved sample axis (3, 188050, 1024) -> (188050, 3, 1024)
t0-uclresm-25noise.npz test: moved sample axis (3, 107348, 1024) -> (107348, 3, 1024)
t0-uclresm-25noise.npz train: x=(188050, 3, 1024), y=(188050,)
t0-uclresm-25noise.npz test: x=(107348, 3, 1024), y=(107348,)
t0-uclresm-25noise.npz: applied data scaling mode 'normalize'.
Loaded t0-uclresm-25noise.npz: Unique train labels: UniqueCountsResult(values=array([-1,  0,  1,  2,  3,  4]), counts=array([40144, 32109, 17978, 17979, 18098, 61742]))
Noise labels ratio in t0-uclresm-25noise.npz train: 0.21, test: 0.25
Loaded t0-uclresm-25noise.npz: Remapped labels: [-1 38 39 40 41 42]. Size: 188050)
t1-rcn.npz train: x=(36658, 1024), y=(36658, 2)
t1-rcn.npz test: x=(12220, 1024), y=(12220, 2)
t1-rcn.npz: applied data scaling mode 'normalize'.
Loaded t1-rcn.npz: Unique train labels: UniqueCountsResult(values=array([-1,  0,  2,  4,  6,  7, 16]), counts=array([20595,   824,  2087,  2606,  2396,  1716,  6434]))
Noise labels ratio in t1-rcn.npz train: 0.28, test: 0.28
Loaded t1-rcn.npz: Remapped labels: [-1 43 44 45 46 47 48]. Size: 36658)
t2-deeprad.npz train: x=(17340, 1024), y=(17340, 2)
t2-deeprad.npz test: x=(6800, 1024), y=(6800, 2)
t2-deeprad.npz: applied data scaling mode 'normalize'.
Loaded t2-deeprad.npz: Unique train labels: UniqueCountsResult(values=array([-1,  0,  1,  2,  3,  4]), counts=array([8670, 1774, 1675, 1777, 1694, 1750]))
Noise labels ratio in t2-deeprad.npz train: 0.25, test: 0.25
Loaded t2-deeprad.npz: Remapped labels: [-1 49 50 51 52 53]. Size: 17340)
Built IQ classes_per_task (increments): [5, 6, 5, 6, 6, 5, 5, 5, 6, 5]
Classes per task: [5, 6, 5, 6, 6, 5, 5, 5, 6, 5]
[STATE 2026-04-23 20:06:40] Loader 'class_incremental_loader' ready: 1024 inputs, 55 outputs, 10 tasks
n_outputs: 55 	n_tasks: 10
[STATE 2026-04-23 20:06:40] Logging to logs//ucl/full-tasks_CIL_all-2026-04-23_20-05-31-9540/0
True
Model device: cuda:0
[STATE 2026-04-23 20:06:40] Model initialized on device cuda:0
[STATE 2026-04-23 20:06:40] Invoking continual life experience flow
[STATE 2026-04-23 20:06:40] Life experience start: 10 tasks queued
[STATE 2026-04-23 20:06:40] Task 0: zero-shot validation (pre-train)
---- Zero-shot (pre-train) task 0: rec_cls 0.2000 | prec_cls 0.0229 | f1_cls 0.0186 | det 0.5000 | pfa 1.0000 | total_f1 0.0186 ----
[STATE 2026-04-23 20:06:48] Starting task 0 (1/10)
[STATE 2026-04-23 20:06:48] Task 0 Epoch 1/10: entering train loop
[STATE 2026-04-23 20:07:24] Task 0 Epoch 1/10: running validation (end of epoch)
---- Eval at Epoch 0: cls [0.35072066203250496] | det_recall [0.5000903327210813] | det_fa [0.9994798183864028] ----
T0 Ep 1/10 | L 1.8289 | Train Acc 0.28 | Prec 0.32 | F1 0.27 | Det Rec 0.68 | Det FA 0.45 | Epoch Time 43.22s (Eval 7.26s, Train 35.96s)
[STATE 2026-04-23 20:07:31] T0 Ep 1/10 complete: Prec 0.3200 F1 0.2660 DetRec 0.6835 DetFA 0.4480 | 43.22s total (7.26s eval/35.96s train)
[STATE 2026-04-23 20:07:31] Task 0 Epoch 2/10: entering train loop
T0 Ep 2/10 | L 1.0800 | Train Acc 0.54 | Prec 0.58 | F1 0.52 | Det Rec 0.85 | Det FA 0.26 | Epoch Time 35.04s (Eval 0.00s, Train 35.04s)
[STATE 2026-04-23 20:08:06] T0 Ep 2/10 complete: Prec 0.5792 F1 0.5210 DetRec 0.8454 DetFA 0.2565 | 35.04s total (0.00s eval/35.04s train)
[STATE 2026-04-23 20:08:06] Task 0 Epoch 3/10: entering train loop
T0 Ep 3/10 | L 0.8336 | Train Acc 0.67 | Prec 0.70 | F1 0.63 | Det Rec 0.86 | Det FA 0.24 | Epoch Time 64.12s (Eval 0.00s, Train 64.12s)
[STATE 2026-04-23 20:09:10] T0 Ep 3/10 complete: Prec 0.6977 F1 0.6325 DetRec 0.8637 DetFA 0.2365 | 64.12s total (0.00s eval/64.12s train)
[STATE 2026-04-23 20:09:10] Task 0 Epoch 4/10: entering train loop
T0 Ep 4/10 | L 0.6895 | Train Acc 0.74 | Prec 0.76 | F1 0.70 | Det Rec 0.87 | Det FA 0.23 | Epoch Time 70.54s (Eval 0.00s, Train 70.54s)
[STATE 2026-04-23 20:10:21] T0 Ep 4/10 complete: Prec 0.7632 F1 0.6956 DetRec 0.8713 DetFA 0.2291 | 70.54s total (0.00s eval/70.54s train)
[STATE 2026-04-23 20:10:21] Task 0 Epoch 5/10: entering train loop
T0 Ep 5/10 | L 0.6193 | Train Acc 0.77 | Prec 0.79 | F1 0.72 | Det Rec 0.87 | Det FA 0.23 | Epoch Time 74.06s (Eval 0.00s, Train 74.06s)
[STATE 2026-04-23 20:11:35] T0 Ep 5/10 complete: Prec 0.7917 F1 0.7194 DetRec 0.8694 DetFA 0.2306 | 74.06s total (0.00s eval/74.06s train)
[STATE 2026-04-23 20:11:35] Task 0 Epoch 6/10: entering train loop
T0 Ep 6/10 | L 0.5575 | Train Acc 0.80 | Prec 0.82 | F1 0.74 | Det Rec 0.87 | Det FA 0.23 | Epoch Time 71.02s (Eval 0.00s, Train 71.02s)
[STATE 2026-04-23 20:12:46] T0 Ep 6/10 complete: Prec 0.8150 F1 0.7440 DetRec 0.8717 DetFA 0.2282 | 71.02s total (0.00s eval/71.02s train)
[STATE 2026-04-23 20:12:46] Task 0 Epoch 7/10: entering train loop
T0 Ep 7/10 | L 0.5296 | Train Acc 0.81 | Prec 0.83 | F1 0.76 | Det Rec 0.88 | Det FA 0.22 | Epoch Time 74.05s (Eval 0.00s, Train 74.05s)
[STATE 2026-04-23 20:14:00] T0 Ep 7/10 complete: Prec 0.8311 F1 0.7582 DetRec 0.8758 DetFA 0.2231 | 74.05s total (0.00s eval/74.05s train)
[STATE 2026-04-23 20:14:00] Task 0 Epoch 8/10: entering train loop
T0 Ep 8/10 | L 0.5050 | Train Acc 0.82 | Prec 0.83 | F1 0.76 | Det Rec 0.88 | Det FA 0.23 | Epoch Time 74.41s (Eval 0.00s, Train 74.41s)
[STATE 2026-04-23 20:15:14] T0 Ep 8/10 complete: Prec 0.8349 F1 0.7644 DetRec 0.8754 DetFA 0.2260 | 74.41s total (0.00s eval/74.41s train)
[STATE 2026-04-23 20:15:14] Task 0 Epoch 9/10: entering train loop
T0 Ep 9/10 | L 0.4953 | Train Acc 0.82 | Prec 0.84 | F1 0.77 | Det Rec 0.88 | Det FA 0.22 | Epoch Time 73.79s (Eval 0.00s, Train 73.79s)
[STATE 2026-04-23 20:16:28] T0 Ep 9/10 complete: Prec 0.8372 F1 0.7698 DetRec 0.8780 DetFA 0.2168 | 73.79s total (0.00s eval/73.79s train)
[STATE 2026-04-23 20:16:28] Task 0 Epoch 10/10: entering train loop
T0 Ep 10/10 | L 0.4782 | Train Acc 0.83 | Prec 0.85 | F1 0.78 | Det Rec 0.88 | Det FA 0.22 | Epoch Time 76.50s (Eval 0.00s, Train 76.50s)
[STATE 2026-04-23 20:17:44] T0 Ep 10/10 complete: Prec 0.8460 F1 0.7755 DetRec 0.8766 DetFA 0.2233 | 76.50s total (0.00s eval/76.50s train)
[STATE 2026-04-23 20:17:44] Task 0: running final validation.
[STATE 2026-04-23 20:17:59] Completed task 0 (1/10)
[STATE 2026-04-23 20:17:59] Task 1: zero-shot validation (pre-train)
---- Zero-shot (pre-train) task 1: rec_cls 0.0864 | prec_cls 0.0302 | f1_cls 0.0244 | det 0.5000 | pfa 1.0000 | total_f1 0.1329 ----
[STATE 2026-04-23 20:18:43] Starting task 1 (2/10)
[STATE 2026-04-23 20:18:43] Task 1 Epoch 1/10: entering train loop
[STATE 2026-04-23 20:20:04] Task 1 Epoch 1/10: running validation (end of epoch)
---- Eval at Epoch 0: cls [0.0, 0.0] | det_recall [0.5, 0.5] | det_fa [0.0, 1.0] ----
T1 Ep 1/10 | L 2.4391 | Train Acc 0.41 | Prec 0.46 | F1 0.32 | Det Rec 0.62 | Det FA 0.64 | Epoch Time 122.60s (Eval 41.85s, Train 80.75s)
[STATE 2026-04-23 20:20:46] T1 Ep 1/10 complete: Prec 0.4589 F1 0.3172 DetRec 0.6187 DetFA 0.6353 | 122.60s total (41.85s eval/80.75s train)
[STATE 2026-04-23 20:20:46] Task 1 Epoch 2/10: entering train loop
T1 Ep 2/10 | L 1.0623 | Train Acc 0.58 | Prec 0.65 | F1 0.45 | Det Rec 0.63 | Det FA 0.67 | Epoch Time 80.48s (Eval 0.00s, Train 80.48s)
[STATE 2026-04-23 20:22:06] T1 Ep 2/10 complete: Prec 0.6538 F1 0.4462 DetRec 0.6259 DetFA 0.6723 | 80.48s total (0.00s eval/80.48s train)
[STATE 2026-04-23 20:22:06] Task 1 Epoch 3/10: entering train loop
T1 Ep 3/10 | L 0.9367 | Train Acc 0.64 | Prec 0.71 | F1 0.52 | Det Rec 0.67 | Det FA 0.58 | Epoch Time 79.37s (Eval 0.00s, Train 79.37s)
[STATE 2026-04-23 20:23:26] T1 Ep 3/10 complete: Prec 0.7138 F1 0.5183 DetRec 0.6734 DetFA 0.5830 | 79.37s total (0.00s eval/79.37s train)
[STATE 2026-04-23 20:23:26] Task 1 Epoch 4/10: entering train loop
T1 Ep 4/10 | L 0.8497 | Train Acc 0.67 | Prec 0.75 | F1 0.57 | Det Rec 0.71 | Det FA 0.50 | Epoch Time 74.57s (Eval 0.00s, Train 74.57s)
[STATE 2026-04-23 20:24:40] T1 Ep 4/10 complete: Prec 0.7520 F1 0.5701 DetRec 0.7062 DetFA 0.5040 | 74.57s total (0.00s eval/74.57s train)
[STATE 2026-04-23 20:24:40] Task 1 Epoch 5/10: entering train loop
T1 Ep 5/10 | L 0.7803 | Train Acc 0.71 | Prec 0.78 | F1 0.60 | Det Rec 0.71 | Det FA 0.51 | Epoch Time 74.99s (Eval 0.00s, Train 74.99s)
[STATE 2026-04-23 20:25:55] T1 Ep 5/10 complete: Prec 0.7785 F1 0.6009 DetRec 0.7119 DetFA 0.5053 | 74.99s total (0.00s eval/74.99s train)
[STATE 2026-04-23 20:25:55] Task 1 Epoch 6/10: entering train loop
T1 Ep 6/10 | L 0.7449 | Train Acc 0.72 | Prec 0.79 | F1 0.62 | Det Rec 0.72 | Det FA 0.49 | Epoch Time 74.62s (Eval 0.00s, Train 74.62s)
[STATE 2026-04-23 20:27:10] T1 Ep 6/10 complete: Prec 0.7870 F1 0.6164 DetRec 0.7206 DetFA 0.4877 | 74.62s total (0.00s eval/74.62s train)
[STATE 2026-04-23 20:27:10] Task 1 Epoch 7/10: entering train loop
T1 Ep 7/10 | L 0.6895 | Train Acc 0.74 | Prec 0.81 | F1 0.65 | Det Rec 0.75 | Det FA 0.44 | Epoch Time 74.86s (Eval 0.00s, Train 74.86s)
[STATE 2026-04-23 20:28:25] T1 Ep 7/10 complete: Prec 0.8094 F1 0.6478 DetRec 0.7465 DetFA 0.4367 | 74.86s total (0.00s eval/74.86s train)
[STATE 2026-04-23 20:28:25] Task 1 Epoch 8/10: entering train loop
T1 Ep 8/10 | L 0.6804 | Train Acc 0.75 | Prec 0.81 | F1 0.65 | Det Rec 0.75 | Det FA 0.43 | Epoch Time 77.73s (Eval 0.00s, Train 77.73s)
[STATE 2026-04-23 20:29:42] T1 Ep 8/10 complete: Prec 0.8131 F1 0.6544 DetRec 0.7511 DetFA 0.4265 | 77.73s total (0.00s eval/77.73s train)
[STATE 2026-04-23 20:29:42] Task 1 Epoch 9/10: entering train loop
T1 Ep 9/10 | L 0.6410 | Train Acc 0.77 | Prec 0.83 | F1 0.68 | Det Rec 0.77 | Det FA 0.40 | Epoch Time 74.91s (Eval 0.00s, Train 74.91s)
[STATE 2026-04-23 20:30:57] T1 Ep 9/10 complete: Prec 0.8269 F1 0.6764 DetRec 0.7681 DetFA 0.4002 | 74.91s total (0.00s eval/74.91s train)
[STATE 2026-04-23 20:30:57] Task 1 Epoch 10/10: entering train loop
T1 Ep 10/10 | L 0.6281 | Train Acc 0.77 | Prec 0.83 | F1 0.69 | Det Rec 0.79 | Det FA 0.37 | Epoch Time 76.10s (Eval 0.00s, Train 76.10s)
[STATE 2026-04-23 20:32:13] T1 Ep 10/10 complete: Prec 0.8272 F1 0.6878 DetRec 0.7863 DetFA 0.3674 | 76.10s total (0.00s eval/76.10s train)
[STATE 2026-04-23 20:32:13] Task 1: running final validation.
[STATE 2026-04-23 20:32:55] Completed task 1 (2/10)
Note: Unified mixed IQ test tensors to (N, 3, L) via ADC0 I/Q + zero-padded ADC1/2 (IID2-style) for cumulative CIL.
[STATE 2026-04-23 20:33:06] Task 2: zero-shot validation (pre-train)
---- Zero-shot (pre-train) task 2: rec_cls 0.0000 | prec_cls 0.0000 | f1_cls 0.0000 | det 0.5000 | pfa 1.0000 | total_f1 0.0301 ----
[STATE 2026-04-23 20:36:32] Starting task 2 (3/10)
[STATE 2026-04-23 20:36:32] Task 2 Epoch 1/10: entering train loop
[STATE 2026-04-23 20:45:41] Task 2 Epoch 1/10: running validation (end of epoch)
---- Eval at Epoch 0: cls [0.0, 0.0, 0.0] | det_recall [0.5, 0.5, 0.5] | det_fa [0.0, 1.0, 1.0] ----
T2 Ep 1/10 | L 1.8043 | Train Acc 0.24 | Prec 0.29 | F1 0.25 | Det Rec 0.74 | Det FA 0.44 | Epoch Time 771.41s (Eval 223.09s, Train 548.32s)
[STATE 2026-04-23 20:49:24] T2 Ep 1/10 complete: Prec 0.2898 F1 0.2507 DetRec 0.7399 DetFA 0.4404 | 771.41s total (223.09s eval/548.32s train)
[STATE 2026-04-23 20:49:24] Task 2 Epoch 2/10: entering train loop
T2 Ep 2/10 | L 1.5077 | Train Acc 0.30 | Prec 0.38 | F1 0.32 | Det Rec 0.77 | Det FA 0.39 | Epoch Time 548.91s (Eval 0.00s, Train 548.91s)
[STATE 2026-04-23 20:58:33] T2 Ep 2/10 complete: Prec 0.3775 F1 0.3178 DetRec 0.7730 DetFA 0.3869 | 548.91s total (0.00s eval/548.91s train)
[STATE 2026-04-23 20:58:33] Task 2 Epoch 3/10: entering train loop
T2 Ep 3/10 | L 1.3927 | Train Acc 0.36 | Prec 0.45 | F1 0.38 | Det Rec 0.79 | Det FA 0.35 | Epoch Time 593.61s (Eval 0.00s, Train 593.61s)
[STATE 2026-04-23 21:08:26] T2 Ep 3/10 complete: Prec 0.4462 F1 0.3827 DetRec 0.7910 DetFA 0.3517 | 593.61s total (0.00s eval/593.61s train)
[STATE 2026-04-23 21:08:26] Task 2 Epoch 4/10: entering train loop
T2 Ep 4/10 | L 1.2873 | Train Acc 0.42 | Prec 0.49 | F1 0.44 | Det Rec 0.80 | Det FA 0.33 | Epoch Time 574.01s (Eval 0.00s, Train 574.01s)
[STATE 2026-04-23 21:18:00] T2 Ep 4/10 complete: Prec 0.4905 F1 0.4415 DetRec 0.8028 DetFA 0.3318 | 574.01s total (0.00s eval/574.01s train)
[STATE 2026-04-23 21:18:00] Task 2 Epoch 5/10: entering train loop
T2 Ep 5/10 | L 1.1788 | Train Acc 0.48 | Prec 0.54 | F1 0.50 | Det Rec 0.81 | Det FA 0.33 | Epoch Time 593.68s (Eval 0.00s, Train 593.68s)
[STATE 2026-04-23 21:27:54] T2 Ep 5/10 complete: Prec 0.5393 F1 0.4958 DetRec 0.8092 DetFA 0.3259 | 593.68s total (0.00s eval/593.68s train)
[STATE 2026-04-23 21:27:54] Task 2 Epoch 6/10: entering train loop
T2 Ep 6/10 | L 1.0770 | Train Acc 0.54 | Prec 0.59 | F1 0.54 | Det Rec 0.81 | Det FA 0.32 | Epoch Time 571.13s (Eval 0.00s, Train 571.13s)
[STATE 2026-04-23 21:37:25] T2 Ep 6/10 complete: Prec 0.5867 F1 0.5434 DetRec 0.8125 DetFA 0.3213 | 571.13s total (0.00s eval/571.13s train)
[STATE 2026-04-23 21:37:25] Task 2 Epoch 7/10: entering train loop
T2 Ep 7/10 | L 0.9871 | Train Acc 0.58 | Prec 0.62 | F1 0.58 | Det Rec 0.82 | Det FA 0.32 | Epoch Time 550.60s (Eval 0.00s, Train 550.60s)
[STATE 2026-04-23 21:46:36] T2 Ep 7/10 complete: Prec 0.6222 F1 0.5813 DetRec 0.8163 DetFA 0.3166 | 550.60s total (0.00s eval/550.60s train)
[STATE 2026-04-23 21:46:36] Task 2 Epoch 8/10: entering train loop
T2 Ep 8/10 | L 0.9143 | Train Acc 0.62 | Prec 0.66 | F1 0.61 | Det Rec 0.82 | Det FA 0.31 | Epoch Time 526.42s (Eval 0.00s, Train 526.42s)
[STATE 2026-04-23 21:55:22] T2 Ep 8/10 complete: Prec 0.6575 F1 0.6133 DetRec 0.8210 DetFA 0.3081 | 526.42s total (0.00s eval/526.42s train)
[STATE 2026-04-23 21:55:22] Task 2 Epoch 9/10: entering train loop
T2 Ep 9/10 | L 0.8565 | Train Acc 0.64 | Prec 0.68 | F1 0.64 | Det Rec 0.82 | Det FA 0.30 | Epoch Time 571.57s (Eval 0.00s, Train 571.57s)
[STATE 2026-04-23 22:04:54] T2 Ep 9/10 complete: Prec 0.6836 F1 0.6372 DetRec 0.8245 DetFA 0.3009 | 571.57s total (0.00s eval/571.57s train)
[STATE 2026-04-23 22:04:54] Task 2 Epoch 10/10: entering train loop
T2 Ep 10/10 | L 0.8107 | Train Acc 0.66 | Prec 0.70 | F1 0.65 | Det Rec 0.83 | Det FA 0.30 | Epoch Time 583.46s (Eval 0.00s, Train 583.46s)
[STATE 2026-04-23 22:14:37] T2 Ep 10/10 complete: Prec 0.7005 F1 0.6538 DetRec 0.8271 DetFA 0.2960 | 583.46s total (0.00s eval/583.46s train)
[STATE 2026-04-23 22:14:37] Task 2: running final validation.
[STATE 2026-04-23 22:18:36] Completed task 2 (3/10)
Note: Unified mixed IQ test tensors to (N, 3, L) via ADC0 I/Q + zero-padded ADC1/2 (IID2-style) for cumulative CIL.
[STATE 2026-04-23 22:18:39] Task 3: zero-shot validation (pre-train)
---- Zero-shot (pre-train) task 3: rec_cls 0.0000 | prec_cls 0.0000 | f1_cls 0.0000 | det 0.5000 | pfa 1.0000 | total_f1 0.0271 ----
[STATE 2026-04-23 22:25:57] Starting task 3 (4/10)
[STATE 2026-04-23 22:25:57] Task 3 Epoch 1/10: entering train loop
[STATE 2026-04-23 22:26:39] Task 3 Epoch 1/10: running validation (end of epoch)
---- Eval at Epoch 0: cls [0.0, 0.0, 0.0, 0.0] | det_recall [0.4995462414352732, 0.5, 0.5, 0.5] | det_fa [0.0010189253290969417, 1.0, 1.0, 1.0] ----
T3 Ep 1/10 | L 3.9112 | Train Acc 0.19 | Prec 0.15 | F1 0.27 | Det Rec 0.95 | Det FA 0.01 | Epoch Time 446.30s (Eval 404.58s, Train 41.72s)
[STATE 2026-04-23 22:33:24] T3 Ep 1/10 complete: Prec 0.1535 F1 0.2688 DetRec 0.9524 DetFA 0.0137 | 446.30s total (404.58s eval/41.72s train)
[STATE 2026-04-23 22:33:24] Task 3 Epoch 2/10: entering train loop
T3 Ep 2/10 | L 1.0960 | Train Acc 0.50 | Prec 0.50 | F1 0.54 | Det Rec 0.99 | Det FA 0.01 | Epoch Time 38.03s (Eval 0.00s, Train 38.03s)
[STATE 2026-04-23 22:34:02] T3 Ep 2/10 complete: Prec 0.4986 F1 0.5360 DetRec 0.9918 DetFA 0.0132 | 38.03s total (0.00s eval/38.03s train)
[STATE 2026-04-23 22:34:02] Task 3 Epoch 3/10: entering train loop
T3 Ep 3/10 | L 0.9621 | Train Acc 0.54 | Prec 0.50 | F1 0.56 | Det Rec 0.99 | Det FA 0.01 | Epoch Time 37.94s (Eval 0.00s, Train 37.94s)
[STATE 2026-04-23 22:34:40] T3 Ep 3/10 complete: Prec 0.5016 F1 0.5632 DetRec 0.9927 DetFA 0.0140 | 37.94s total (0.00s eval/37.94s train)
[STATE 2026-04-23 22:34:40] Task 3 Epoch 4/10: entering train loop
T3 Ep 4/10 | L 0.9180 | Train Acc 0.56 | Prec 0.53 | F1 0.58 | Det Rec 0.99 | Det FA 0.01 | Epoch Time 37.95s (Eval 0.00s, Train 37.95s)
[STATE 2026-04-23 22:35:18] T3 Ep 4/10 complete: Prec 0.5346 F1 0.5810 DetRec 0.9930 DetFA 0.0130 | 37.95s total (0.00s eval/37.95s train)
[STATE 2026-04-23 22:35:18] Task 3 Epoch 5/10: entering train loop
T3 Ep 5/10 | L 0.8913 | Train Acc 0.56 | Prec 0.54 | F1 0.59 | Det Rec 0.99 | Det FA 0.01 | Epoch Time 37.93s (Eval 0.00s, Train 37.93s)
[STATE 2026-04-23 22:35:56] T3 Ep 5/10 complete: Prec 0.5385 F1 0.5879 DetRec 0.9936 DetFA 0.0113 | 37.93s total (0.00s eval/37.93s train)
[STATE 2026-04-23 22:35:56] Task 3 Epoch 6/10: entering train loop
T3 Ep 6/10 | L 0.8691 | Train Acc 0.57 | Prec 0.56 | F1 0.60 | Det Rec 0.99 | Det FA 0.01 | Epoch Time 37.86s (Eval 0.00s, Train 37.86s)
[STATE 2026-04-23 22:36:33] T3 Ep 6/10 complete: Prec 0.5551 F1 0.5977 DetRec 0.9937 DetFA 0.0106 | 37.86s total (0.00s eval/37.86s train)
[STATE 2026-04-23 22:36:33] Task 3 Epoch 7/10: entering train loop
T3 Ep 7/10 | L 0.8494 | Train Acc 0.58 | Prec 0.57 | F1 0.61 | Det Rec 0.99 | Det FA 0.01 | Epoch Time 37.87s (Eval 0.00s, Train 37.87s)
[STATE 2026-04-23 22:37:11] T3 Ep 7/10 complete: Prec 0.5702 F1 0.6076 DetRec 0.9944 DetFA 0.0098 | 37.87s total (0.00s eval/37.87s train)
[STATE 2026-04-23 22:37:11] Task 3 Epoch 8/10: entering train loop
T3 Ep 8/10 | L 0.8378 | Train Acc 0.58 | Prec 0.57 | F1 0.61 | Det Rec 0.99 | Det FA 0.01 | Epoch Time 37.95s (Eval 0.00s, Train 37.95s)
[STATE 2026-04-23 22:37:49] T3 Ep 8/10 complete: Prec 0.5660 F1 0.6074 DetRec 0.9937 DetFA 0.0107 | 37.95s total (0.00s eval/37.95s train)
[STATE 2026-04-23 22:37:49] Task 3 Epoch 9/10: entering train loop
T3 Ep 9/10 | L 0.8320 | Train Acc 0.58 | Prec 0.56 | F1 0.61 | Det Rec 0.99 | Det FA 0.01 | Epoch Time 37.98s (Eval 0.00s, Train 37.98s)
[STATE 2026-04-23 22:38:27] T3 Ep 9/10 complete: Prec 0.5626 F1 0.6090 DetRec 0.9945 DetFA 0.0089 | 37.98s total (0.00s eval/37.98s train)
[STATE 2026-04-23 22:38:27] Task 3 Epoch 10/10: entering train loop
T3 Ep 10/10 | L 0.8140 | Train Acc 0.59 | Prec 0.58 | F1 0.62 | Det Rec 0.99 | Det FA 0.01 | Epoch Time 37.92s (Eval 0.00s, Train 37.92s)
[STATE 2026-04-23 22:39:05] T3 Ep 10/10 complete: Prec 0.5808 F1 0.6207 DetRec 0.9946 DetFA 0.0091 | 37.92s total (0.00s eval/37.92s train)
[STATE 2026-04-23 22:39:05] Task 3: running final validation.
[STATE 2026-04-23 22:45:54] Completed task 3 (4/10)
Note: Unified mixed IQ test tensors to (N, 3, L) via ADC0 I/Q + zero-padded ADC1/2 (IID2-style) for cumulative CIL.
[STATE 2026-04-23 22:45:56] Task 4: zero-shot validation (pre-train)
---- Zero-shot (pre-train) task 4: rec_cls 0.0000 | prec_cls 0.0000 | f1_cls 0.0000 | det 0.5000 | pfa 1.0000 | total_f1 0.0215 ----
[STATE 2026-04-23 22:56:31] Starting task 4 (5/10)
[STATE 2026-04-23 22:56:31] Task 4 Epoch 1/10: entering train loop
[STATE 2026-04-23 22:57:12] Task 4 Epoch 1/10: running validation (end of epoch)
---- Eval at Epoch 0: cls [0.0, 0.0, 0.0, 0.0, 0.0] | det_recall [0.49847502768196594, 0.5, 0.5, 0.5, 0.5] | det_fa [0.030233087874579033, 1.0, 1.0, 1.0, 1.0] ----
T4 Ep 1/10 | L 3.1235 | Train Acc 0.19 | Prec 0.16 | F1 0.26 | Det Rec 1.00 | Det FA 0.00 | Epoch Time 683.24s (Eval 641.57s, Train 41.68s)
[STATE 2026-04-23 23:07:54] T4 Ep 1/10 complete: Prec 0.1552 F1 0.2585 DetRec 1.0000 DetFA 0.0000 | 683.24s total (641.57s eval/41.68s train)
[STATE 2026-04-23 23:07:54] Task 4 Epoch 2/10: entering train loop
T4 Ep 2/10 | L 1.1823 | Train Acc 0.31 | Prec 0.28 | F1 0.34 | Det Rec 1.00 | Det FA 0.00 | Epoch Time 37.97s (Eval 0.00s, Train 37.97s)
[STATE 2026-04-23 23:08:32] T4 Ep 2/10 complete: Prec 0.2768 F1 0.3432 DetRec 1.0000 DetFA 0.0000 | 37.97s total (0.00s eval/37.97s train)
[STATE 2026-04-23 23:08:32] Task 4 Epoch 3/10: entering train loop
T4 Ep 3/10 | L 1.1369 | Train Acc 0.32 | Prec 0.29 | F1 0.36 | Det Rec 1.00 | Det FA 0.00 | Epoch Time 37.86s (Eval 0.00s, Train 37.86s)
[STATE 2026-04-23 23:09:10] T4 Ep 3/10 complete: Prec 0.2923 F1 0.3558 DetRec 1.0000 DetFA 0.0000 | 37.86s total (0.00s eval/37.86s train)
[STATE 2026-04-23 23:09:10] Task 4 Epoch 4/10: entering train loop
T4 Ep 4/10 | L 1.1176 | Train Acc 0.33 | Prec 0.28 | F1 0.36 | Det Rec 1.00 | Det FA 0.00 | Epoch Time 37.84s (Eval 0.00s, Train 37.84s)
[STATE 2026-04-23 23:09:48] T4 Ep 4/10 complete: Prec 0.2821 F1 0.3589 DetRec 1.0000 DetFA 0.0000 | 37.84s total (0.00s eval/37.84s train)
[STATE 2026-04-23 23:09:48] Task 4 Epoch 5/10: entering train loop
T4 Ep 5/10 | L 1.1145 | Train Acc 0.33 | Prec 0.28 | F1 0.35 | Det Rec 1.00 | Det FA 0.00 | Epoch Time 38.70s (Eval 0.00s, Train 38.70s)
[STATE 2026-04-23 23:10:26] T4 Ep 5/10 complete: Prec 0.2847 F1 0.3522 DetRec 1.0000 DetFA 0.0000 | 38.70s total (0.00s eval/38.70s train)
[STATE 2026-04-23 23:10:26] Task 4 Epoch 6/10: entering train loop
T4 Ep 6/10 | L 1.0976 | Train Acc 0.34 | Prec 0.30 | F1 0.36 | Det Rec 1.00 | Det FA 0.00 | Epoch Time 38.64s (Eval 0.00s, Train 38.64s)
[STATE 2026-04-23 23:11:05] T4 Ep 6/10 complete: Prec 0.2988 F1 0.3641 DetRec 1.0000 DetFA 0.0000 | 38.64s total (0.00s eval/38.64s train)
[STATE 2026-04-23 23:11:05] Task 4 Epoch 7/10: entering train loop
T4 Ep 7/10 | L 1.0999 | Train Acc 0.34 | Prec 0.30 | F1 0.36 | Det Rec 1.00 | Det FA 0.00 | Epoch Time 40.91s (Eval 0.00s, Train 40.91s)
[STATE 2026-04-23 23:11:46] T4 Ep 7/10 complete: Prec 0.2986 F1 0.3629 DetRec 1.0000 DetFA 0.0000 | 40.91s total (0.00s eval/40.91s train)
[STATE 2026-04-23 23:11:46] Task 4 Epoch 8/10: entering train loop
T4 Ep 8/10 | L 1.0952 | Train Acc 0.34 | Prec 0.31 | F1 0.36 | Det Rec 1.00 | Det FA 0.00 | Epoch Time 40.89s (Eval 0.00s, Train 40.89s)
[STATE 2026-04-23 23:12:27] T4 Ep 8/10 complete: Prec 0.3060 F1 0.3623 DetRec 1.0000 DetFA 0.0000 | 40.89s total (0.00s eval/40.89s train)
[STATE 2026-04-23 23:12:27] Task 4 Epoch 9/10: entering train loop
T4 Ep 9/10 | L 1.0791 | Train Acc 0.35 | Prec 0.33 | F1 0.38 | Det Rec 1.00 | Det FA 0.00 | Epoch Time 40.95s (Eval 0.00s, Train 40.95s)
[STATE 2026-04-23 23:13:08] T4 Ep 9/10 complete: Prec 0.3289 F1 0.3755 DetRec 1.0000 DetFA 0.0000 | 40.95s total (0.00s eval/40.95s train)
[STATE 2026-04-23 23:13:08] Task 4 Epoch 10/10: entering train loop
T4 Ep 10/10 | L 1.0767 | Train Acc 0.34 | Prec 0.31 | F1 0.37 | Det Rec 1.00 | Det FA 0.00 | Epoch Time 40.98s (Eval 0.00s, Train 40.98s)
[STATE 2026-04-23 23:13:49] T4 Ep 10/10 complete: Prec 0.3122 F1 0.3725 DetRec 1.0000 DetFA 0.0000 | 40.98s total (0.00s eval/40.98s train)
[STATE 2026-04-23 23:13:49] Task 4: running final validation.
[STATE 2026-04-23 23:24:35] Completed task 4 (5/10)
Note: Unified mixed IQ test tensors to (N, 3, L) via ADC0 I/Q + zero-padded ADC1/2 (IID2-style) for cumulative CIL.
[STATE 2026-04-23 23:24:43] Task 5: zero-shot validation (pre-train)
---- Zero-shot (pre-train) task 5: rec_cls 0.0000 | prec_cls 0.0000 | f1_cls 0.0000 | det 0.5000 | pfa 1.0000 | total_f1 0.0177 ----
[STATE 2026-04-23 23:40:16] Starting task 5 (6/10)
[STATE 2026-04-23 23:40:16] Task 5 Epoch 1/10: entering train loop
[STATE 2026-04-23 23:45:58] Task 5 Epoch 1/10: running validation (end of epoch)
---- Eval at Epoch 0: cls [0.0, 0.0, 0.0, 0.0, 0.0, 0.0] | det_recall [0.5, 0.5, 0.5, 0.5, 0.5, 0.5] | det_fa [0.0, 1.0, 1.0, 1.0, 1.0, 1.0] ----
T5 Ep 1/10 | L 1.8477 | Train Acc 0.28 | Prec 0.32 | F1 0.29 | Det Rec 0.76 | Det FA 0.40 | Epoch Time 1022.20s (Eval 680.03s, Train 342.17s)
[STATE 2026-04-23 23:57:18] T5 Ep 1/10 complete: Prec 0.3242 F1 0.2927 DetRec 0.7581 DetFA 0.4048 | 1022.20s total (680.03s eval/342.17s train)
[STATE 2026-04-23 23:57:18] Task 5 Epoch 2/10: entering train loop
T5 Ep 2/10 | L 1.1912 | Train Acc 0.49 | Prec 0.51 | F1 0.47 | Det Rec 0.80 | Det FA 0.33 | Epoch Time 223.86s (Eval 0.00s, Train 223.86s)
[STATE 2026-04-24 00:01:02] T5 Ep 2/10 complete: Prec 0.5126 F1 0.4731 DetRec 0.8030 DetFA 0.3333 | 223.86s total (0.00s eval/223.86s train)
[STATE 2026-04-24 00:01:02] Task 5 Epoch 3/10: entering train loop
T5 Ep 3/10 | L 0.9126 | Train Acc 0.62 | Prec 0.63 | F1 0.59 | Det Rec 0.82 | Det FA 0.31 | Epoch Time 240.34s (Eval 0.00s, Train 240.34s)
[STATE 2026-04-24 00:05:02] T5 Ep 3/10 complete: Prec 0.6311 F1 0.5949 DetRec 0.8205 DetFA 0.3077 | 240.34s total (0.00s eval/240.34s train)
[STATE 2026-04-24 00:05:02] Task 5 Epoch 4/10: entering train loop
T5 Ep 4/10 | L 0.7712 | Train Acc 0.69 | Prec 0.69 | F1 0.66 | Det Rec 0.83 | Det FA 0.29 | Epoch Time 243.63s (Eval 0.00s, Train 243.63s)
[STATE 2026-04-24 00:09:06] T5 Ep 4/10 complete: Prec 0.6898 F1 0.6568 DetRec 0.8340 DetFA 0.2860 | 243.63s total (0.00s eval/243.63s train)
[STATE 2026-04-24 00:09:06] Task 5 Epoch 5/10: entering train loop
T5 Ep 5/10 | L 0.7008 | Train Acc 0.71 | Prec 0.72 | F1 0.69 | Det Rec 0.84 | Det FA 0.27 | Epoch Time 245.38s (Eval 0.00s, Train 245.38s)
[STATE 2026-04-24 00:13:11] T5 Ep 5/10 complete: Prec 0.7218 F1 0.6871 DetRec 0.8401 DetFA 0.2733 | 245.38s total (0.00s eval/245.38s train)
[STATE 2026-04-24 00:13:11] Task 5 Epoch 6/10: entering train loop
T5 Ep 6/10 | L 0.6507 | Train Acc 0.73 | Prec 0.74 | F1 0.71 | Det Rec 0.85 | Det FA 0.26 | Epoch Time 259.10s (Eval 0.00s, Train 259.10s)
[STATE 2026-04-24 00:17:30] T5 Ep 6/10 complete: Prec 0.7430 F1 0.7076 DetRec 0.8487 DetFA 0.2555 | 259.10s total (0.00s eval/259.10s train)
[STATE 2026-04-24 00:17:30] Task 5 Epoch 7/10: entering train loop
T5 Ep 7/10 | L 0.6157 | Train Acc 0.75 | Prec 0.76 | F1 0.72 | Det Rec 0.85 | Det FA 0.25 | Epoch Time 262.63s (Eval 0.00s, Train 262.63s)
[STATE 2026-04-24 00:21:53] T5 Ep 7/10 complete: Prec 0.7594 F1 0.7223 DetRec 0.8507 DetFA 0.2502 | 262.63s total (0.00s eval/262.63s train)
[STATE 2026-04-24 00:21:53] Task 5 Epoch 8/10: entering train loop
T5 Ep 8/10 | L 0.5945 | Train Acc 0.76 | Prec 0.77 | F1 0.73 | Det Rec 0.86 | Det FA 0.24 | Epoch Time 250.57s (Eval 0.00s, Train 250.57s)
[STATE 2026-04-24 00:26:04] T5 Ep 8/10 complete: Prec 0.7679 F1 0.7323 DetRec 0.8558 DetFA 0.2421 | 250.57s total (0.00s eval/250.57s train)
[STATE 2026-04-24 00:26:04] Task 5 Epoch 9/10: entering train loop
T5 Ep 9/10 | L 0.5676 | Train Acc 0.77 | Prec 0.78 | F1 0.74 | Det Rec 0.86 | Det FA 0.23 | Epoch Time 244.52s (Eval 0.00s, Train 244.52s)
[STATE 2026-04-24 00:30:08] T5 Ep 9/10 complete: Prec 0.7791 F1 0.7440 DetRec 0.8604 DetFA 0.2338 | 244.52s total (0.00s eval/244.52s train)
[STATE 2026-04-24 00:30:08] Task 5 Epoch 10/10: entering train loop
T5 Ep 10/10 | L 0.5529 | Train Acc 0.78 | Prec 0.78 | F1 0.75 | Det Rec 0.86 | Det FA 0.23 | Epoch Time 258.17s (Eval 0.00s, Train 258.17s)
[STATE 2026-04-24 00:34:26] T5 Ep 10/10 complete: Prec 0.7848 F1 0.7494 DetRec 0.8627 DetFA 0.2294 | 258.17s total (0.00s eval/258.17s train)
[STATE 2026-04-24 00:34:26] Task 5: running final validation.
[STATE 2026-04-24 00:46:28] Completed task 5 (6/10)
Note: Unified mixed IQ test tensors to (N, 3, L) via ADC0 I/Q + zero-padded ADC1/2 (IID2-style) for cumulative CIL.
[STATE 2026-04-24 00:46:29] Task 6: zero-shot validation (pre-train)
---- Zero-shot (pre-train) task 6: rec_cls 0.0000 | prec_cls 0.0000 | f1_cls 0.0000 | det 0.5000 | pfa 1.0000 | total_f1 0.0176 ----
[STATE 2026-04-24 01:02:23] Starting task 6 (7/10)
[STATE 2026-04-24 01:02:23] Task 6 Epoch 1/10: entering train loop
[STATE 2026-04-24 01:02:44] Task 6 Epoch 1/10: running validation (end of epoch)
---- Eval at Epoch 0: cls [0.0, 0.0, 0.0, 0.0, 0.0, 0.0, 0.0] | det_recall [0.5, 0.5, 0.5, 0.5, 0.5, 0.5, 0.5] | det_fa [0.0, 1.0, 1.0, 1.0, 1.0, 1.0, 1.0] ----
T6 Ep 1/10 | L 4.3705 | Train Acc 0.12 | Prec 0.10 | F1 0.22 | Det Rec 0.92 | Det FA 0.11 | Epoch Time 951.87s (Eval 930.74s, Train 21.13s)
[STATE 2026-04-24 01:18:15] T6 Ep 1/10 complete: Prec 0.0999 F1 0.2228 DetRec 0.9201 DetFA 0.1121 | 951.87s total (930.74s eval/21.13s train)
[STATE 2026-04-24 01:18:15] Task 6 Epoch 2/10: entering train loop
T6 Ep 2/10 | L 1.1665 | Train Acc 0.44 | Prec 0.38 | F1 0.48 | Det Rec 1.00 | Det FA 0.01 | Epoch Time 20.75s (Eval 0.00s, Train 20.75s)
[STATE 2026-04-24 01:18:36] T6 Ep 2/10 complete: Prec 0.3806 F1 0.4780 DetRec 0.9953 DetFA 0.0094 | 20.75s total (0.00s eval/20.75s train)
[STATE 2026-04-24 01:18:36] Task 6 Epoch 3/10: entering train loop
T6 Ep 3/10 | L 0.9480 | Train Acc 0.50 | Prec 0.47 | F1 0.54 | Det Rec 1.00 | Det FA 0.01 | Epoch Time 20.76s (Eval 0.00s, Train 20.76s)
[STATE 2026-04-24 01:18:56] T6 Ep 3/10 complete: Prec 0.4655 F1 0.5424 DetRec 0.9972 DetFA 0.0056 | 20.76s total (0.00s eval/20.76s train)
[STATE 2026-04-24 01:18:56] Task 6 Epoch 4/10: entering train loop
T6 Ep 4/10 | L 0.9067 | Train Acc 0.51 | Prec 0.48 | F1 0.55 | Det Rec 1.00 | Det FA 0.00 | Epoch Time 20.51s (Eval 0.00s, Train 20.51s)
[STATE 2026-04-24 01:19:17] T6 Ep 4/10 complete: Prec 0.4810 F1 0.5523 DetRec 0.9976 DetFA 0.0048 | 20.51s total (0.00s eval/20.51s train)
[STATE 2026-04-24 01:19:17] Task 6 Epoch 5/10: entering train loop
T6 Ep 5/10 | L 0.8712 | Train Acc 0.53 | Prec 0.48 | F1 0.57 | Det Rec 1.00 | Det FA 0.00 | Epoch Time 20.95s (Eval 0.00s, Train 20.95s)
[STATE 2026-04-24 01:19:38] T6 Ep 5/10 complete: Prec 0.4808 F1 0.5714 DetRec 0.9984 DetFA 0.0031 | 20.95s total (0.00s eval/20.95s train)
[STATE 2026-04-24 01:19:38] Task 6 Epoch 6/10: entering train loop
T6 Ep 6/10 | L 0.8681 | Train Acc 0.53 | Prec 0.53 | F1 0.58 | Det Rec 1.00 | Det FA 0.00 | Epoch Time 20.68s (Eval 0.00s, Train 20.68s)
[STATE 2026-04-24 01:19:58] T6 Ep 6/10 complete: Prec 0.5261 F1 0.5787 DetRec 0.9993 DetFA 0.0013 | 20.68s total (0.00s eval/20.68s train)
[STATE 2026-04-24 01:19:58] Task 6 Epoch 7/10: entering train loop
T6 Ep 7/10 | L 0.8594 | Train Acc 0.52 | Prec 0.51 | F1 0.58 | Det Rec 1.00 | Det FA 0.00 | Epoch Time 20.74s (Eval 0.00s, Train 20.74s)
[STATE 2026-04-24 01:20:19] T6 Ep 7/10 complete: Prec 0.5130 F1 0.5752 DetRec 0.9992 DetFA 0.0015 | 20.74s total (0.00s eval/20.74s train)
[STATE 2026-04-24 01:20:19] Task 6 Epoch 8/10: entering train loop
T6 Ep 8/10 | L 0.8464 | Train Acc 0.53 | Prec 0.50 | F1 0.58 | Det Rec 1.00 | Det FA 0.00 | Epoch Time 21.09s (Eval 0.00s, Train 21.09s)
[STATE 2026-04-24 01:20:40] T6 Ep 8/10 complete: Prec 0.5044 F1 0.5784 DetRec 0.9987 DetFA 0.0026 | 21.09s total (0.00s eval/21.09s train)
[STATE 2026-04-24 01:20:40] Task 6 Epoch 9/10: entering train loop
T6 Ep 9/10 | L 0.8472 | Train Acc 0.54 | Prec 0.52 | F1 0.58 | Det Rec 1.00 | Det FA 0.00 | Epoch Time 20.68s (Eval 0.00s, Train 20.68s)
[STATE 2026-04-24 01:21:01] T6 Ep 9/10 complete: Prec 0.5209 F1 0.5818 DetRec 0.9991 DetFA 0.0018 | 20.68s total (0.00s eval/20.68s train)
[STATE 2026-04-24 01:21:01] Task 6 Epoch 10/10: entering train loop
T6 Ep 10/10 | L 0.8428 | Train Acc 0.53 | Prec 0.50 | F1 0.57 | Det Rec 1.00 | Det FA 0.00 | Epoch Time 20.90s (Eval 0.00s, Train 20.90s)
[STATE 2026-04-24 01:21:22] T6 Ep 10/10 complete: Prec 0.4970 F1 0.5749 DetRec 0.9998 DetFA 0.0004 | 20.90s total (0.00s eval/20.90s train)
[STATE 2026-04-24 01:21:22] Task 6: running final validation.
[STATE 2026-04-24 01:36:41] Completed task 6 (7/10)
Note: Unified mixed IQ test tensors to (N, 3, L) via ADC0 I/Q + zero-padded ADC1/2 (IID2-style) for cumulative CIL.
[STATE 2026-04-24 01:36:42] Task 7: zero-shot validation (pre-train)
---- Zero-shot (pre-train) task 7: rec_cls 0.0000 | prec_cls 0.0000 | f1_cls 0.0000 | det 0.5000 | pfa 1.0000 | total_f1 0.0136 ----
[STATE 2026-04-24 01:56:50] Starting task 7 (8/10)
[STATE 2026-04-24 01:56:50] Task 7 Epoch 1/10: entering train loop
[STATE 2026-04-24 02:00:38] Task 7 Epoch 1/10: running validation (end of epoch)
---- Eval at Epoch 0: cls [0.0, 0.0, 0.0, 0.0, 0.0, 0.0, 0.0, 0.0] | det_recall [0.5, 0.5, 0.5, 0.5, 0.5, 0.5, 0.5, 0.5] | det_fa [0.0, 1.0, 1.0, 1.0, 1.0, 1.0, 1.0, 1.0] ----
T7 Ep 1/10 | L 1.7421 | Train Acc 0.40 | Prec 0.46 | F1 0.41 | Det Rec 0.78 | Det FA 0.33 | Epoch Time 1434.57s (Eval 1206.24s, Train 228.33s)
[STATE 2026-04-24 02:20:44] T7 Ep 1/10 complete: Prec 0.4582 F1 0.4086 DetRec 0.7807 DetFA 0.3340 | 1434.57s total (1206.24s eval/228.33s train)
[STATE 2026-04-24 02:20:44] Task 7 Epoch 2/10: entering train loop
T7 Ep 2/10 | L 0.9031 | Train Acc 0.61 | Prec 0.65 | F1 0.60 | Det Rec 0.82 | Det FA 0.29 | Epoch Time 230.26s (Eval 0.00s, Train 230.26s)
[STATE 2026-04-24 02:24:35] T7 Ep 2/10 complete: Prec 0.6507 F1 0.6021 DetRec 0.8165 DetFA 0.2910 | 230.26s total (0.00s eval/230.26s train)
[STATE 2026-04-24 02:24:35] Task 7 Epoch 3/10: entering train loop
T7 Ep 3/10 | L 0.7570 | Train Acc 0.68 | Prec 0.71 | F1 0.67 | Det Rec 0.83 | Det FA 0.27 | Epoch Time 224.08s (Eval 0.00s, Train 224.08s)
[STATE 2026-04-24 02:28:19] T7 Ep 3/10 complete: Prec 0.7148 F1 0.6684 DetRec 0.8284 DetFA 0.2719 | 224.08s total (0.00s eval/224.08s train)
[STATE 2026-04-24 02:28:19] Task 7 Epoch 4/10: entering train loop
T7 Ep 4/10 | L 0.6769 | Train Acc 0.72 | Prec 0.75 | F1 0.70 | Det Rec 0.84 | Det FA 0.26 | Epoch Time 237.09s (Eval 0.00s, Train 237.09s)
[STATE 2026-04-24 02:32:16] T7 Ep 4/10 complete: Prec 0.7523 F1 0.7041 DetRec 0.8352 DetFA 0.2628 | 237.09s total (0.00s eval/237.09s train)
[STATE 2026-04-24 02:32:16] Task 7 Epoch 5/10: entering train loop
T7 Ep 5/10 | L 0.6258 | Train Acc 0.74 | Prec 0.78 | F1 0.73 | Det Rec 0.84 | Det FA 0.26 | Epoch Time 251.37s (Eval 0.00s, Train 251.37s)
[STATE 2026-04-24 02:36:27] T7 Ep 5/10 complete: Prec 0.7759 F1 0.7258 DetRec 0.8380 DetFA 0.2594 | 251.37s total (0.00s eval/251.37s train)
[STATE 2026-04-24 02:36:27] Task 7 Epoch 6/10: entering train loop
T7 Ep 6/10 | L 0.5945 | Train Acc 0.76 | Prec 0.79 | F1 0.74 | Det Rec 0.84 | Det FA 0.25 | Epoch Time 247.36s (Eval 0.00s, Train 247.36s)
[STATE 2026-04-24 02:40:35] T7 Ep 6/10 complete: Prec 0.7855 F1 0.7379 DetRec 0.8437 DetFA 0.2492 | 247.36s total (0.00s eval/247.36s train)
[STATE 2026-04-24 02:40:35] Task 7 Epoch 7/10: entering train loop
T7 Ep 7/10 | L 0.5734 | Train Acc 0.77 | Prec 0.80 | F1 0.75 | Det Rec 0.85 | Det FA 0.24 | Epoch Time 240.19s (Eval 0.00s, Train 240.19s)
[STATE 2026-04-24 02:44:35] T7 Ep 7/10 complete: Prec 0.7950 F1 0.7479 DetRec 0.8491 DetFA 0.2398 | 240.19s total (0.00s eval/240.19s train)
[STATE 2026-04-24 02:44:35] Task 7 Epoch 8/10: entering train loop
T7 Ep 8/10 | L 0.5538 | Train Acc 0.77 | Prec 0.80 | F1 0.75 | Det Rec 0.85 | Det FA 0.23 | Epoch Time 229.00s (Eval 0.00s, Train 229.00s)
[STATE 2026-04-24 02:48:24] T7 Ep 8/10 complete: Prec 0.7995 F1 0.7543 DetRec 0.8521 DetFA 0.2341 | 229.00s total (0.00s eval/229.00s train)
[STATE 2026-04-24 02:48:24] Task 7 Epoch 9/10: entering train loop
T7 Ep 9/10 | L 0.5377 | Train Acc 0.78 | Prec 0.81 | F1 0.76 | Det Rec 0.85 | Det FA 0.23 | Epoch Time 247.59s (Eval 0.00s, Train 247.59s)
[STATE 2026-04-24 02:52:31] T7 Ep 9/10 complete: Prec 0.8065 F1 0.7601 DetRec 0.8525 DetFA 0.2324 | 247.59s total (0.00s eval/247.59s train)
[STATE 2026-04-24 02:52:31] Task 7 Epoch 10/10: entering train loop
T7 Ep 10/10 | L 0.5237 | Train Acc 0.79 | Prec 0.81 | F1 0.77 | Det Rec 0.85 | Det FA 0.23 | Epoch Time 250.99s (Eval 0.00s, Train 250.99s)
[STATE 2026-04-24 02:56:42] T7 Ep 10/10 complete: Prec 0.8139 F1 0.7677 DetRec 0.8544 DetFA 0.2307 | 250.99s total (0.00s eval/250.99s train)
[STATE 2026-04-24 02:56:42] Task 7: running final validation.
[STATE 2026-04-24 03:17:22] Completed task 7 (8/10)
Note: Unified mixed IQ test tensors to (N, 3, L) via ADC0 I/Q + zero-padded ADC1/2 (IID2-style) for cumulative CIL.
[STATE 2026-04-24 03:17:25] Task 8: zero-shot validation (pre-train)
---- Zero-shot (pre-train) task 8: rec_cls 0.0000 | prec_cls 0.0000 | f1_cls 0.0000 | det 0.5000 | pfa 1.0000 | total_f1 0.0121 ----
[STATE 2026-04-24 03:36:59] Starting task 8 (9/10)
[STATE 2026-04-24 03:36:59] Task 8 Epoch 1/10: entering train loop
[STATE 2026-04-24 03:37:26] Task 8 Epoch 1/10: running validation (end of epoch)
---- Eval at Epoch 0: cls [0.00023363164545382427, 0.0, 0.0, 0.0, 0.0, 0.0, 0.0, 0.0, 0.0] | det_recall [0.5001742757929027, 0.5, 0.5, 0.5, 0.5, 0.5, 0.5, 0.5, 0.5] | det_fa [0.0, 1.0, 1.0, 1.0, 1.0, 1.0, 1.0, 1.0, 1.0] ----
T8 Ep 1/10 | L 5.1160 | Train Acc 0.26 | Prec 0.28 | F1 0.23 | Det Rec 0.68 | Det FA 0.52 | Epoch Time 990.93s (Eval 963.90s, Train 27.03s)
[STATE 2026-04-24 03:53:30] T8 Ep 1/10 complete: Prec 0.2817 F1 0.2289 DetRec 0.6848 DetFA 0.5207 | 990.93s total (963.90s eval/27.03s train)
[STATE 2026-04-24 03:53:30] Task 8 Epoch 2/10: entering train loop
T8 Ep 2/10 | L 1.1975 | Train Acc 0.58 | Prec 0.59 | F1 0.47 | Det Rec 0.77 | Det FA 0.42 | Epoch Time 26.89s (Eval 0.00s, Train 26.89s)
[STATE 2026-04-24 03:53:57] T8 Ep 2/10 complete: Prec 0.5916 F1 0.4683 DetRec 0.7662 DetFA 0.4184 | 26.89s total (0.00s eval/26.89s train)
[STATE 2026-04-24 03:53:57] Task 8 Epoch 3/10: entering train loop
T8 Ep 3/10 | L 0.9756 | Train Acc 0.65 | Prec 0.67 | F1 0.53 | Det Rec 0.77 | Det FA 0.43 | Epoch Time 27.70s (Eval 0.00s, Train 27.70s)
[STATE 2026-04-24 03:54:24] T8 Ep 3/10 complete: Prec 0.6685 F1 0.5280 DetRec 0.7653 DetFA 0.4289 | 27.70s total (0.00s eval/27.70s train)
[STATE 2026-04-24 03:54:24] Task 8 Epoch 4/10: entering train loop
T8 Ep 4/10 | L 0.8514 | Train Acc 0.72 | Prec 0.73 | F1 0.57 | Det Rec 0.77 | Det FA 0.42 | Epoch Time 26.93s (Eval 0.00s, Train 26.93s)
[STATE 2026-04-24 03:54:51] T8 Ep 4/10 complete: Prec 0.7275 F1 0.5748 DetRec 0.7712 DetFA 0.4156 | 26.93s total (0.00s eval/26.93s train)
[STATE 2026-04-24 03:54:51] Task 8 Epoch 5/10: entering train loop
T8 Ep 5/10 | L 0.8124 | Train Acc 0.73 | Prec 0.75 | F1 0.59 | Det Rec 0.77 | Det FA 0.41 | Epoch Time 26.96s (Eval 0.00s, Train 26.96s)
[STATE 2026-04-24 03:55:18] T8 Ep 5/10 complete: Prec 0.7473 F1 0.5912 DetRec 0.7709 DetFA 0.4132 | 26.96s total (0.00s eval/26.96s train)
[STATE 2026-04-24 03:55:18] Task 8 Epoch 6/10: entering train loop
T8 Ep 6/10 | L 0.7611 | Train Acc 0.74 | Prec 0.76 | F1 0.60 | Det Rec 0.78 | Det FA 0.40 | Epoch Time 27.09s (Eval 0.00s, Train 27.09s)
[STATE 2026-04-24 03:55:45] T8 Ep 6/10 complete: Prec 0.7553 F1 0.6012 DetRec 0.7768 DetFA 0.4044 | 27.09s total (0.00s eval/27.09s train)
[STATE 2026-04-24 03:55:45] Task 8 Epoch 7/10: entering train loop
T8 Ep 7/10 | L 0.7258 | Train Acc 0.75 | Prec 0.76 | F1 0.61 | Det Rec 0.78 | Det FA 0.40 | Epoch Time 27.02s (Eval 0.00s, Train 27.02s)
[STATE 2026-04-24 03:56:12] T8 Ep 7/10 complete: Prec 0.7600 F1 0.6102 DetRec 0.7811 DetFA 0.3979 | 27.02s total (0.00s eval/27.02s train)
[STATE 2026-04-24 03:56:12] Task 8 Epoch 8/10: entering train loop
T8 Ep 8/10 | L 0.7008 | Train Acc 0.76 | Prec 0.76 | F1 0.62 | Det Rec 0.79 | Det FA 0.38 | Epoch Time 27.03s (Eval 0.00s, Train 27.03s)
[STATE 2026-04-24 03:56:39] T8 Ep 8/10 complete: Prec 0.7648 F1 0.6178 DetRec 0.7897 DetFA 0.3814 | 27.03s total (0.00s eval/27.03s train)
[STATE 2026-04-24 03:56:39] Task 8 Epoch 9/10: entering train loop
T8 Ep 9/10 | L 0.6885 | Train Acc 0.77 | Prec 0.78 | F1 0.63 | Det Rec 0.79 | Det FA 0.39 | Epoch Time 26.90s (Eval 0.00s, Train 26.90s)
[STATE 2026-04-24 03:57:06] T8 Ep 9/10 complete: Prec 0.7809 F1 0.6260 DetRec 0.7865 DetFA 0.3888 | 26.90s total (0.00s eval/26.90s train)
[STATE 2026-04-24 03:57:06] Task 8 Epoch 10/10: entering train loop
T8 Ep 10/10 | L 0.6629 | Train Acc 0.78 | Prec 0.78 | F1 0.63 | Det Rec 0.79 | Det FA 0.39 | Epoch Time 26.98s (Eval 0.00s, Train 26.98s)
[STATE 2026-04-24 03:57:33] T8 Ep 10/10 complete: Prec 0.7836 F1 0.6347 DetRec 0.7890 DetFA 0.3865 | 26.98s total (0.00s eval/26.98s train)
[STATE 2026-04-24 03:57:33] Task 8: running final validation.
[STATE 2026-04-24 04:14:36] Completed task 8 (9/10)
Note: Unified mixed IQ test tensors to (N, 3, L) via ADC0 I/Q + zero-padded ADC1/2 (IID2-style) for cumulative CIL.
[STATE 2026-04-24 04:14:37] Task 9: zero-shot validation (pre-train)
---- Zero-shot (pre-train) task 9: rec_cls 0.0000 | prec_cls 0.0000 | f1_cls 0.0000 | det 0.5000 | pfa 1.0000 | total_f1 0.0056 ----
[STATE 2026-04-24 04:35:01] Starting task 9 (10/10)
[STATE 2026-04-24 04:35:01] Task 9 Epoch 1/10: entering train loop
[STATE 2026-04-24 04:35:16] Task 9 Epoch 1/10: running validation (end of epoch)
---- Eval at Epoch 0: cls [0.0, 0.0, 0.0, 0.0, 0.0, 0.0, 0.0, 0.0, 0.0, 0.0] | det_recall [0.5, 0.5, 0.5, 0.5, 0.5, 0.5, 0.5, 0.5, 0.5, 0.5] | det_fa [0.0, 1.0, 1.0, 1.0, 1.0, 1.0, 1.0, 1.0, 1.0, 1.0] ----
T9 Ep 1/10 | L 4.1520 | Train Acc 0.13 | Prec 0.11 | F1 0.24 | Det Rec 0.94 | Det FA 0.03 | Epoch Time 984.52s (Eval 969.56s, Train 14.95s)
[STATE 2026-04-24 04:51:26] T9 Ep 1/10 complete: Prec 0.1116 F1 0.2394 DetRec 0.9379 DetFA 0.0294 | 984.52s total (969.56s eval/14.95s train)
[STATE 2026-04-24 04:51:26] Task 9 Epoch 2/10: entering train loop
T9 Ep 2/10 | L 1.0692 | Train Acc 0.36 | Prec 0.28 | F1 0.39 | Det Rec 1.00 | Det FA 0.00 | Epoch Time 7.48s (Eval 0.00s, Train 7.48s)
[STATE 2026-04-24 04:51:33] T9 Ep 2/10 complete: Prec 0.2847 F1 0.3935 DetRec 1.0000 DetFA 0.0000 | 7.48s total (0.00s eval/7.48s train)
[STATE 2026-04-24 04:51:33] Task 9 Epoch 3/10: entering train loop
T9 Ep 3/10 | L 0.9258 | Train Acc 0.38 | Prec 0.30 | F1 0.40 | Det Rec 1.00 | Det FA 0.00 | Epoch Time 7.46s (Eval 0.00s, Train 7.46s)
[STATE 2026-04-24 04:51:41] T9 Ep 3/10 complete: Prec 0.3013 F1 0.3990 DetRec 1.0000 DetFA 0.0000 | 7.46s total (0.00s eval/7.46s train)
[STATE 2026-04-24 04:51:41] Task 9 Epoch 4/10: entering train loop
T9 Ep 4/10 | L 0.9024 | Train Acc 0.39 | Prec 0.34 | F1 0.41 | Det Rec 1.00 | Det FA 0.00 | Epoch Time 7.47s (Eval 0.00s, Train 7.47s)
[STATE 2026-04-24 04:51:48] T9 Ep 4/10 complete: Prec 0.3425 F1 0.4149 DetRec 1.0000 DetFA 0.0000 | 7.47s total (0.00s eval/7.47s train)
[STATE 2026-04-24 04:51:48] Task 9 Epoch 5/10: entering train loop
T9 Ep 5/10 | L 0.8891 | Train Acc 0.39 | Prec 0.36 | F1 0.42 | Det Rec 1.00 | Det FA 0.00 | Epoch Time 7.50s (Eval 0.00s, Train 7.50s)
[STATE 2026-04-24 04:51:56] T9 Ep 5/10 complete: Prec 0.3644 F1 0.4150 DetRec 1.0000 DetFA 0.0000 | 7.50s total (0.00s eval/7.50s train)
[STATE 2026-04-24 04:51:56] Task 9 Epoch 6/10: entering train loop
T9 Ep 6/10 | L 0.8778 | Train Acc 0.40 | Prec 0.37 | F1 0.43 | Det Rec 1.00 | Det FA 0.00 | Epoch Time 7.53s (Eval 0.00s, Train 7.53s)
[STATE 2026-04-24 04:52:03] T9 Ep 6/10 complete: Prec 0.3663 F1 0.4272 DetRec 1.0000 DetFA 0.0000 | 7.53s total (0.00s eval/7.53s train)
[STATE 2026-04-24 04:52:03] Task 9 Epoch 7/10: entering train loop
T9 Ep 7/10 | L 0.8730 | Train Acc 0.41 | Prec 0.36 | F1 0.42 | Det Rec 1.00 | Det FA 0.00 | Epoch Time 7.41s (Eval 0.00s, Train 7.41s)
[STATE 2026-04-24 04:52:11] T9 Ep 7/10 complete: Prec 0.3593 F1 0.4227 DetRec 1.0000 DetFA 0.0000 | 7.41s total (0.00s eval/7.41s train)
[STATE 2026-04-24 04:52:11] Task 9 Epoch 8/10: entering train loop
T9 Ep 8/10 | L 0.8702 | Train Acc 0.40 | Prec 0.36 | F1 0.43 | Det Rec 1.00 | Det FA 0.00 | Epoch Time 7.39s (Eval 0.00s, Train 7.39s)
[STATE 2026-04-24 04:52:18] T9 Ep 8/10 complete: Prec 0.3609 F1 0.4308 DetRec 1.0000 DetFA 0.0000 | 7.39s total (0.00s eval/7.39s train)
[STATE 2026-04-24 04:52:18] Task 9 Epoch 9/10: entering train loop
T9 Ep 9/10 | L 0.8587 | Train Acc 0.42 | Prec 0.40 | F1 0.45 | Det Rec 1.00 | Det FA 0.00 | Epoch Time 7.39s (Eval 0.00s, Train 7.39s)
[STATE 2026-04-24 04:52:26] T9 Ep 9/10 complete: Prec 0.3952 F1 0.4462 DetRec 1.0000 DetFA 0.0000 | 7.39s total (0.00s eval/7.39s train)
[STATE 2026-04-24 04:52:26] Task 9 Epoch 10/10: entering train loop
T9 Ep 10/10 | L 0.8564 | Train Acc 0.41 | Prec 0.36 | F1 0.43 | Det Rec 1.00 | Det FA 0.00 | Epoch Time 7.38s (Eval 0.00s, Train 7.38s)
[STATE 2026-04-24 04:52:33] T9 Ep 10/10 complete: Prec 0.3625 F1 0.4280 DetRec 1.0000 DetFA 0.0000 | 7.38s total (0.00s eval/7.38s train)
[STATE 2026-04-24 04:52:33] Task 9: running final validation.
[STATE 2026-04-24 05:04:10] Completed task 9 (10/10)
####Final Validation Accuracy####
Final Results:- 
 Total Recall: 0.0 
 Individual Recall: [0.0, 0.0, 0.0, 0.0, 0.0, 0.0, 0.0, 0.0, 0.0, 0.0]
Final Detection Results:- 
 Total Detection: 0.5 
 Individual Detection: [0.5, 0.5, 0.5, 0.5, 0.5, 0.5, 0.5, 0.5, 0.5, 0.5]
Final Detection False Alarm:- 
 Total False Alarm: 0.9 
 Individual False Alarm: [0.0, 1.0, 1.0, 1.0, 1.0, 1.0, 1.0, 1.0, 1.0, 1.0]
SUMMARY_TR cls_rec=0.4076 cls_prec=0.3625 cls_f1=0.4280 det=0.5000 fa=0.9000
SUMMARY_TE cls_rec=0.0000 cls_prec=0.0000 cls_f1=0.0108 det=0.5000 fa=0.9000
[STATE 2026-04-24 05:04:10] Saving results to logs//ucl/full-tasks_CIL_all-2026-04-23_20-05-31-9540/0/results
Model size: 0.0863 GB
Memory buffer size: 0.0000 GB
logs//ucl/full-tasks_CIL_all-2026-04-23_20-05-31-9540/0/results: {'expt_name': 'full-tasks_CIL_all', 'model': 'ucl_bresnet', 'arch': 'resnet1d', 'n_hiddens': 100, 'n_layers': 2, 'xav_init': False, 'debug': False, 'use_detector_arch': False, 'inner_steps': 1, 'n_epochs': 10, 'batch_size': 256, 'replay_batch_size': 128, 'memories': 5120, 'lr': 0.003, 'optimizer': 'sgd', 'prune_perc': 0.75, 'post_prune_epochs': 0, 'class_weighted_ce': True, 'cuda': True, 'seed': 0, 'log_every': 10, 'log_dir': 'logs//ucl/full-tasks_CIL_all-2026-04-23_20-05-31-9540/0', 'tf_dir': 'logs//ucl/full-tasks_CIL_all-2026-04-23_20-05-31-9540/0/tfdir', 'calc_test_accuracy': False, 'state_logging': True, 'data_path': 'data/rff/radar/full', 'task_order_files': 't2-rcn,t0-rcn,t2-uclresm-25noise,t0-deeprad,t1-deeprad,t1-uclresm-25noise,t3-deeprad,t0-uclresm-25noise,t1-rcn,t2-deeprad', 'loader': 'class_incremental_loader', 'samples_per_task': -1, 'shuffle_tasks': False, 'classes_per_it': 6, 'iterations': 5000, 'dataset': 'iq', 'workers': 0, 'validation': 0.5, 'data_scaling': 'normalize', 'use_iq_aug_features': False, 'iq_aug_feature_type': 'power', 'class_order': 'random', 'increment': 5, 'test_batch_size': 512, 'nc_per_task': None, 'nc_per_task_list': '', 'val_rate': 1000, 'opt_lr': 0.1, 'opt_wt': 0.1, 'alpha_init': 0.001, 'momentum': 0.0, 'learn_lr': False, 'sync_update': False, 'grad_clip_norm': 5.0, 'meta_batches': 3, 'use_old_task_memory': False, 'second_order': False, 'n_memories': 5120, 'memory_strength': 0, 'steps_per_sample': 1, 'bgd_optimizer': 'sgd', 'optimizer_params': '{}', 'train_mc_iters': 5, 'std_init': 0.05, 'mean_eta': 1, 'fisher_gamma': 0.95, 'rln': 7, 'meta_lr': 0.001, 'update_lr': 0.1, 'ctx_lr': 0.05, 'n_meta': 1, 'temperature': 5.0, 'task_emb': 64, 'noise_label': 54, 'classes_per_task': [5, 6, 5, 6, 6, 5, 5, 5, 6, 5], 'get_samples_per_task': <bound method IncrementalLoader.get_samples_per_task of <dataloaders.class_incremental_loader.IncrementalLoader object at 0x7bdfd2824dc0>>} # val: 0.041 0.000 -0.041 0.000 # sizes: model_gb=0.0863 mem_gb=0.0000 # 32249.663818597794
[STATE 2026-04-24 05:04:10] results.pt components (approx): state_dict 88.5 MB, result_val_t 0.1 KB, result_val_a 0.8 KB
[STATE 2026-04-24 05:04:11] Results saved; total runtime 8.96h
Total runtime: 8.96 hours
