[STATE 2026-05-30 20:32:15] Enabling terminal logging to logs//er_ring/seed-sweep_one-shot_cil-2026-05-30_20-32-15-5383/39/terminal.log
New Experiment Starting...
Running model:  er_ring
[STATE 2026-05-30 20:32:15] Experiment 'seed-sweep_one-shot_cil' starting with model 'er_ring' (seed 39)
Set seed 39
[STATE 2026-05-30 20:32:15] Runtime accel: cudnn.benchmark=False amp=True amp_dtype=bfloat16
t2-rcn.npz train: x=(50362, 1024), y=(50362, 2)
t2-rcn.npz test: x=(16787, 1024), y=(16787, 2)
t2-rcn.npz: applied data scaling mode 'normalize'.
Loaded t2-rcn.npz: Unique train labels: UniqueCountsResult(values=array([-1,  3,  5, 10, 12, 15]), counts=array([24209,  5770,  3030,  2320,  7509,  7524]))
Noise labels ratio in t2-rcn.npz train: 0.24, test: 0.24
Loaded t2-rcn.npz: Remapped labels: [-1  0  1  2  3  4]. Size: 50362)
t0-rcn.npz train: x=(51916, 1024), y=(51916, 2)
t0-rcn.npz test: x=(17305, 1024), y=(17305, 2)
t0-rcn.npz: applied data scaling mode 'normalize'.
Loaded t0-rcn.npz: Unique train labels: UniqueCountsResult(values=array([-1,  1,  8,  9, 11, 13, 14]), counts=array([24225,  4268,  2495,  2943,  3015,  7464,  7506]))
Noise labels ratio in t0-rcn.npz train: 0.23, test: 0.23
Loaded t0-rcn.npz: Remapped labels: [-1  5  6  7  8  9 10]. Size: 51916)
t2-uclresm-25noise.npz train: moved sample axis (3, 350028, 1024) -> (350028, 3, 1024)
t2-uclresm-25noise.npz test: moved sample axis (3, 233351, 1024) -> (233351, 3, 1024)
t2-uclresm-25noise.npz train: x=(350028, 3, 1024), y=(350028,)
t2-uclresm-25noise.npz test: x=(233351, 3, 1024), y=(233351,)
t2-uclresm-25noise.npz: applied data scaling mode 'normalize'.
Loaded t2-uclresm-25noise.npz: Unique train labels: UniqueCountsResult(values=array([-1,  0,  1,  2,  3,  4]), counts=array([87441, 27347, 71754, 64298, 36005, 63183]))
Noise labels ratio in t2-uclresm-25noise.npz train: 0.25, test: 0.25
Loaded t2-uclresm-25noise.npz: Remapped labels: [-1 11 12 13 14 15]. Size: 350028)
t0-deeprad.npz train: x=(24480, 1024), y=(24480, 2)
t0-deeprad.npz test: x=(8160, 1024), y=(8160, 2)
t0-deeprad.npz: applied data scaling mode 'normalize'.
Loaded t0-deeprad.npz: Unique train labels: UniqueCountsResult(values=array([-1,  0,  1,  2,  3,  4,  5]), counts=array([12240,  2029,  1983,  2043,  2154,  2015,  2016]))
Noise labels ratio in t0-deeprad.npz train: 0.25, test: 0.25
Loaded t0-deeprad.npz: Remapped labels: [-1 16 17 18 19 20 21]. Size: 24480)
t1-deeprad.npz train: x=(24480, 1024), y=(24480, 2)
t1-deeprad.npz test: x=(8160, 1024), y=(8160, 2)
t1-deeprad.npz: applied data scaling mode 'normalize'.
Loaded t1-deeprad.npz: Unique train labels: UniqueCountsResult(values=array([-1,  0,  1,  2,  3,  4,  5]), counts=array([12240,  1988,  2029,  2054,  1988,  2053,  2128]))
Noise labels ratio in t1-deeprad.npz train: 0.25, test: 0.25
Loaded t1-deeprad.npz: Remapped labels: [-1 22 23 24 25 26 27]. Size: 24480)
t1-uclresm-25noise.npz train: moved sample axis (3, 201410, 1024) -> (201410, 3, 1024)
t1-uclresm-25noise.npz test: moved sample axis (3, 116291, 1024) -> (116291, 3, 1024)
t1-uclresm-25noise.npz train: x=(201410, 3, 1024), y=(201410,)
t1-uclresm-25noise.npz test: x=(116291, 3, 1024), y=(116291,)
t1-uclresm-25noise.npz: applied data scaling mode 'normalize'.
Loaded t1-uclresm-25noise.npz: Unique train labels: UniqueCountsResult(values=array([-1,  0,  1,  2,  3,  4]), counts=array([43668, 18021, 17838, 18087, 31870, 71926]))
Noise labels ratio in t1-uclresm-25noise.npz train: 0.22, test: 0.25
Loaded t1-uclresm-25noise.npz: Remapped labels: [-1 28 29 30 31 32]. Size: 201410)
t3-deeprad.npz train: x=(17340, 1024), y=(17340, 2)
t3-deeprad.npz test: x=(6800, 1024), y=(6800, 2)
t3-deeprad.npz: applied data scaling mode 'normalize'.
Loaded t3-deeprad.npz: Unique train labels: UniqueCountsResult(values=array([-1,  0,  1,  2,  3,  4]), counts=array([8670, 1693, 1677, 1794, 1716, 1790]))
Noise labels ratio in t3-deeprad.npz train: 0.25, test: 0.25
Loaded t3-deeprad.npz: Remapped labels: [-1 33 34 35 36 37]. Size: 17340)
t0-uclresm-25noise.npz train: moved sample axis (3, 188050, 1024) -> (188050, 3, 1024)
t0-uclresm-25noise.npz test: moved sample axis (3, 107348, 1024) -> (107348, 3, 1024)
t0-uclresm-25noise.npz train: x=(188050, 3, 1024), y=(188050,)
t0-uclresm-25noise.npz test: x=(107348, 3, 1024), y=(107348,)
t0-uclresm-25noise.npz: applied data scaling mode 'normalize'.
Loaded t0-uclresm-25noise.npz: Unique train labels: UniqueCountsResult(values=array([-1,  0,  1,  2,  3,  4]), counts=array([40144, 32109, 17978, 17979, 18098, 61742]))
Noise labels ratio in t0-uclresm-25noise.npz train: 0.21, test: 0.25
Loaded t0-uclresm-25noise.npz: Remapped labels: [-1 38 39 40 41 42]. Size: 188050)
t1-rcn.npz train: x=(36658, 1024), y=(36658, 2)
t1-rcn.npz test: x=(12220, 1024), y=(12220, 2)
t1-rcn.npz: applied data scaling mode 'normalize'.
Loaded t1-rcn.npz: Unique train labels: UniqueCountsResult(values=array([-1,  0,  2,  4,  6,  7, 16]), counts=array([20595,   824,  2087,  2606,  2396,  1716,  6434]))
Noise labels ratio in t1-rcn.npz train: 0.28, test: 0.28
Loaded t1-rcn.npz: Remapped labels: [-1 43 44 45 46 47 48]. Size: 36658)
t2-deeprad.npz train: x=(17340, 1024), y=(17340, 2)
t2-deeprad.npz test: x=(6800, 1024), y=(6800, 2)
t2-deeprad.npz: applied data scaling mode 'normalize'.
Loaded t2-deeprad.npz: Unique train labels: UniqueCountsResult(values=array([-1,  0,  1,  2,  3,  4]), counts=array([8670, 1774, 1675, 1777, 1694, 1750]))
Noise labels ratio in t2-deeprad.npz train: 0.25, test: 0.25
Loaded t2-deeprad.npz: Remapped labels: [-1 49 50 51 52 53]. Size: 17340)
Built IQ classes_per_task (increments): [5, 6, 5, 6, 6, 5, 5, 5, 6, 5]
Classes per task: [5, 6, 5, 6, 6, 5, 5, 5, 6, 5]
[STATE 2026-05-30 20:33:23] Loader 'class_incremental_loader' ready: 1024 inputs, 55 outputs, 10 tasks
n_outputs: 55 	n_tasks: 10
[STATE 2026-05-30 20:33:23] Logging to logs//er_ring/seed-sweep_one-shot_cil-2026-05-30_20-32-15-5383/39
True
Model device: cuda:0
[STATE 2026-05-30 20:33:24] Model initialized on device cuda:0
[STATE 2026-05-30 20:33:24] Invoking continual life experience flow
[STATE 2026-05-30 20:33:24] Life experience start: 10 tasks queued
[STATE 2026-05-30 20:33:24] Legacy epoch behavior enabled: using n_epochs=1 for all tasks
[STATE 2026-05-30 20:33:24] Task 0: zero-shot validation (pre-train)
---- Zero-shot (pre-train) task 0: rec_cls 0.1724 | prec_cls 0.1191 | f1_cls 0.0620 | det 0.4999 | pfa 0.9998 | total_f1 0.0620 ----
[STATE 2026-05-30 20:33:32] Starting task 0 (1/10)
[STATE 2026-05-30 20:33:32] Task 0 Epoch 1/1: entering train loop
[STATE 2026-05-30 20:34:21] Task 0 Epoch 1/1: running validation (end of epoch)
---- Eval at Epoch 0: cls [0.840730541621435] | det_recall [0.8717873886271659] | det_fa [0.2445599412360286] ----
T0 Ep 1/1 | L 0.8844 | Train Acc 0.66 | Prec 0.67 | F1 0.61 | Det Rec 0.83 | Det FA 0.30 | Epoch Time 56.45s (Eval 7.33s, Train 49.12s)
[STATE 2026-05-30 20:34:28] T0 Ep 1/1 complete: Prec 0.6668 F1 0.6066 DetRec 0.8266 DetFA 0.3038 | 56.45s total (7.33s eval/49.12s train)
[STATE 2026-05-30 20:34:28] Task 0: running final validation.
Saved task checkpoint: logs//er_ring/seed-sweep_one-shot_cil-2026-05-30_20-32-15-5383/39/checkpoints/task_0.pt
[STATE 2026-05-30 20:34:35] Saved task checkpoint to logs//er_ring/seed-sweep_one-shot_cil-2026-05-30_20-32-15-5383/39/checkpoints/task_0.pt
[STATE 2026-05-30 20:34:35] Completed task 0 (1/10)
[STATE 2026-05-30 20:34:36] Task 1: zero-shot validation (pre-train)
---- Zero-shot (pre-train) task 1: rec_cls 0.3674 | prec_cls 0.1981 | f1_cls 0.2351 | det 0.7382 | pfa 0.4597 | total_f1 0.4960 ----
[STATE 2026-05-30 20:34:58] Starting task 1 (2/10)
[STATE 2026-05-30 20:34:58] Task 1 Epoch 1/1: entering train loop
[STATE 2026-05-30 20:36:25] Task 1 Epoch 1/1: running validation (end of epoch)
---- Eval at Epoch 0: cls [0.0018913083418250467, 0.3823577827952411] | det_recall [0.5012794737574766, 0.626670420909632] | det_fa [0.0, 0.6817174007795759] ----
T1 Ep 1/1 | L 1.1890 | Train Acc 0.59 | Prec 0.65 | F1 0.46 | Det Rec 0.65 | Det FA 0.62 | Epoch Time 109.40s (Eval 22.55s, Train 86.85s)
[STATE 2026-05-30 20:36:47] T1 Ep 1/1 complete: Prec 0.6493 F1 0.4632 DetRec 0.6465 DetFA 0.6164 | 109.40s total (22.55s eval/86.85s train)
[STATE 2026-05-30 20:36:47] Task 1: running final validation.
Saved task checkpoint: logs//er_ring/seed-sweep_one-shot_cil-2026-05-30_20-32-15-5383/39/checkpoints/task_1.pt
[STATE 2026-05-30 20:37:11] Saved task checkpoint to logs//er_ring/seed-sweep_one-shot_cil-2026-05-30_20-32-15-5383/39/checkpoints/task_1.pt
[STATE 2026-05-30 20:37:11] Completed task 1 (2/10)
Note: Unified mixed IQ test tensors to (N, 3, L) via ADC0 I/Q + zero-padded ADC1/2 (IID2-style) for cumulative CIL.
[STATE 2026-05-30 20:37:14] Task 2: zero-shot validation (pre-train)
---- Zero-shot (pre-train) task 2: rec_cls 0.0663 | prec_cls 0.0105 | f1_cls 0.0122 | det 0.4613 | pfa 0.9699 | total_f1 0.1144 ----
[STATE 2026-05-30 20:39:09] Starting task 2 (3/10)
[STATE 2026-05-30 20:39:09] Task 2 Epoch 1/1: entering train loop
[STATE 2026-05-30 20:49:12] Task 2 Epoch 1/1: running validation (end of epoch)
---- Eval at Epoch 0: cls [0.0, 0.007940229956730624, 0.08773186173628585] | det_recall [0.5, 0.5040609127852743, 0.6545149882277939] | det_fa [0.0, 0.0, 0.5662143093009266] ----
T2 Ep 1/1 | L 1.4203 | Train Acc 0.37 | Prec 0.39 | F1 0.39 | Det Rec 0.79 | Det FA 0.37 | Epoch Time 718.81s (Eval 115.69s, Train 603.12s)
[STATE 2026-05-30 20:51:08] T2 Ep 1/1 complete: Prec 0.3897 F1 0.3886 DetRec 0.7871 DetFA 0.3695 | 718.81s total (115.69s eval/603.12s train)
[STATE 2026-05-30 20:51:08] Task 2: running final validation.
Saved task checkpoint: logs//er_ring/seed-sweep_one-shot_cil-2026-05-30_20-32-15-5383/39/checkpoints/task_2.pt
[STATE 2026-05-30 20:53:03] Saved task checkpoint to logs//er_ring/seed-sweep_one-shot_cil-2026-05-30_20-32-15-5383/39/checkpoints/task_2.pt
[STATE 2026-05-30 20:53:03] Completed task 2 (3/10)
Note: Unified mixed IQ test tensors to (N, 3, L) via ADC0 I/Q + zero-padded ADC1/2 (IID2-style) for cumulative CIL.
[STATE 2026-05-30 20:53:06] Task 3: zero-shot validation (pre-train)
---- Zero-shot (pre-train) task 3: rec_cls 0.0619 | prec_cls 0.0647 | f1_cls 0.0713 | det 0.6172 | pfa 0.6087 | total_f1 0.0863 ----
[STATE 2026-05-30 20:56:39] Starting task 3 (4/10)
[STATE 2026-05-30 20:56:39] Task 3 Epoch 1/1: entering train loop
[STATE 2026-05-30 20:57:22] Task 3 Epoch 1/1: running validation (end of epoch)
---- Eval at Epoch 0: cls [0.0, 0.025590519445682032, 0.06079373225854179, 0.08566733769124499] | det_recall [0.49985386734375636, 0.5619222120045229, 0.4416315692092788, 0.5661395123466632] | det_fa [0.0007500044999073956, 0.12924431680106338, 0.30075890399896704, 0.596861433848167] ----
T3 Ep 1/1 | L 1.8521 | Train Acc 0.38 | Prec 0.37 | F1 0.42 | Det Rec 0.96 | Det FA 0.03 | Epoch Time 256.11s (Eval 213.26s, Train 42.86s)
[STATE 2026-05-30 21:00:55] T3 Ep 1/1 complete: Prec 0.3721 F1 0.4246 DetRec 0.9611 DetFA 0.0345 | 256.11s total (213.26s eval/42.86s train)
[STATE 2026-05-30 21:00:55] Task 3: running final validation.
Saved task checkpoint: logs//er_ring/seed-sweep_one-shot_cil-2026-05-30_20-32-15-5383/39/checkpoints/task_3.pt
[STATE 2026-05-30 21:04:27] Saved task checkpoint to logs//er_ring/seed-sweep_one-shot_cil-2026-05-30_20-32-15-5383/39/checkpoints/task_3.pt
[STATE 2026-05-30 21:04:27] Completed task 3 (4/10)
Note: Unified mixed IQ test tensors to (N, 3, L) via ADC0 I/Q + zero-padded ADC1/2 (IID2-style) for cumulative CIL.
[STATE 2026-05-30 21:04:30] Task 4: zero-shot validation (pre-train)
---- Zero-shot (pre-train) task 4: rec_cls 0.0698 | prec_cls 0.0124 | f1_cls 0.0299 | det 0.5495 | pfa 0.6173 | total_f1 0.0562 ----
[STATE 2026-05-30 21:09:41] Starting task 4 (5/10)
[STATE 2026-05-30 21:09:41] Task 4 Epoch 1/1: entering train loop
[STATE 2026-05-30 21:10:26] Task 4 Epoch 1/1: running validation (end of epoch)
---- Eval at Epoch 0: cls [0.0005610994724918776, 0.0389876585114211, 0.07506657372768594, 0.056362747860444866, 0.051749411950274264] | det_recall [0.5019190776619861, 0.5722272146379298, 0.4623701914937855, 0.452566218353374, 0.4761637274004549] | det_fa [0.00023776223776223777, 0.19301991845097827, 0.46580207492750886, 0.48976568474062, 0.5808125246655997] ----
T4 Ep 1/1 | L 1.7302 | Train Acc 0.27 | Prec 0.23 | F1 0.32 | Det Rec 1.00 | Det FA 0.00 | Epoch Time 358.71s (Eval 313.49s, Train 45.22s)
[STATE 2026-05-30 21:15:40] T4 Ep 1/1 complete: Prec 0.2336 F1 0.3242 DetRec 1.0000 DetFA 0.0000 | 358.71s total (313.49s eval/45.22s train)
[STATE 2026-05-30 21:15:40] Task 4: running final validation.
Saved task checkpoint: logs//er_ring/seed-sweep_one-shot_cil-2026-05-30_20-32-15-5383/39/checkpoints/task_4.pt
[STATE 2026-05-30 21:20:49] Saved task checkpoint to logs//er_ring/seed-sweep_one-shot_cil-2026-05-30_20-32-15-5383/39/checkpoints/task_4.pt
[STATE 2026-05-30 21:20:49] Completed task 4 (5/10)
Note: Unified mixed IQ test tensors to (N, 3, L) via ADC0 I/Q + zero-padded ADC1/2 (IID2-style) for cumulative CIL.
[STATE 2026-05-30 21:20:54] Task 5: zero-shot validation (pre-train)
---- Zero-shot (pre-train) task 5: rec_cls 0.0371 | prec_cls 0.0022 | f1_cls 0.0153 | det 0.5035 | pfa 0.5286 | total_f1 0.0471 ----
[STATE 2026-05-30 21:28:34] Starting task 5 (6/10)
[STATE 2026-05-30 21:28:34] Task 5 Epoch 1/1: entering train loop
[STATE 2026-05-30 21:34:55] Task 5 Epoch 1/1: running validation (end of epoch)
---- Eval at Epoch 0: cls [0.0, 0.0, 0.003612092249682276, 0.0029069412219344085, 0.0001570049539104463, 0.06120331824475592] | det_recall [0.5, 0.5000809614803563, 0.5120747991058109, 0.5140413776652409, 0.523769129610433, 0.6478967481826862] | det_fa [0.0, 0.0, 0.04420596081211548, 0.052772475370064964, 0.08657296632358336, 0.6003575041886677] ----
T5 Ep 1/1 | L 1.5375 | Train Acc 0.42 | Prec 0.43 | F1 0.41 | Det Rec 0.77 | Det FA 0.40 | Epoch Time 834.42s (Eval 452.98s, Train 381.44s)
[STATE 2026-05-30 21:42:28] T5 Ep 1/1 complete: Prec 0.4301 F1 0.4140 DetRec 0.7664 DetFA 0.3957 | 834.42s total (452.98s eval/381.44s train)
[STATE 2026-05-30 21:42:28] Task 5: running final validation.
Saved task checkpoint: logs//er_ring/seed-sweep_one-shot_cil-2026-05-30_20-32-15-5383/39/checkpoints/task_5.pt
[STATE 2026-05-30 21:50:06] Saved task checkpoint to logs//er_ring/seed-sweep_one-shot_cil-2026-05-30_20-32-15-5383/39/checkpoints/task_5.pt
[STATE 2026-05-30 21:50:06] Completed task 5 (6/10)
Note: Unified mixed IQ test tensors to (N, 3, L) via ADC0 I/Q + zero-padded ADC1/2 (IID2-style) for cumulative CIL.
[STATE 2026-05-30 21:50:10] Task 6: zero-shot validation (pre-train)
---- Zero-shot (pre-train) task 6: rec_cls 0.0531 | prec_cls 0.0184 | f1_cls 0.0365 | det 0.6397 | pfa 0.6061 | total_f1 0.0456 ----
[STATE 2026-05-30 22:00:15] Starting task 6 (7/10)
[STATE 2026-05-30 22:00:15] Task 6 Epoch 1/1: entering train loop
[STATE 2026-05-30 22:00:49] Task 6 Epoch 1/1: running validation (end of epoch)
---- Eval at Epoch 0: cls [0.0, 0.0, 0.0, 0.0, 0.0034277263460361818, 0.004059429464439747, 0.025429705323892132] | det_recall [0.5, 0.5, 0.5, 0.5, 0.505341509211836, 0.5015952023107532, 0.46324493785591725] | det_fa [0.0, 0.0, 0.0, 0.0, 0.028115518288938213, 0.172123097024572, 0.5005041619363296] ----
T6 Ep 1/1 | L 2.3168 | Train Acc 0.24 | Prec 0.18 | F1 0.30 | Det Rec 0.97 | Det FA 0.06 | Epoch Time 636.36s (Eval 602.11s, Train 34.25s)
[STATE 2026-05-30 22:10:52] T6 Ep 1/1 complete: Prec 0.1845 F1 0.2979 DetRec 0.9676 DetFA 0.0612 | 636.36s total (602.11s eval/34.25s train)
[STATE 2026-05-30 22:10:52] Task 6: running final validation.
Saved task checkpoint: logs//er_ring/seed-sweep_one-shot_cil-2026-05-30_20-32-15-5383/39/checkpoints/task_6.pt
[STATE 2026-05-30 22:20:56] Saved task checkpoint to logs//er_ring/seed-sweep_one-shot_cil-2026-05-30_20-32-15-5383/39/checkpoints/task_6.pt
[STATE 2026-05-30 22:20:56] Completed task 6 (7/10)
Note: Unified mixed IQ test tensors to (N, 3, L) via ADC0 I/Q + zero-padded ADC1/2 (IID2-style) for cumulative CIL.
[STATE 2026-05-30 22:21:00] Task 7: zero-shot validation (pre-train)
---- Zero-shot (pre-train) task 7: rec_cls 0.0183 | prec_cls 0.0005 | f1_cls 0.0111 | det 0.4818 | pfa 0.4754 | total_f1 0.0341 ----
[STATE 2026-05-30 22:34:13] Starting task 7 (8/10)
[STATE 2026-05-30 22:34:13] Task 7 Epoch 1/1: entering train loop
[STATE 2026-05-30 22:40:38] Task 7 Epoch 1/1: running validation (end of epoch)
---- Eval at Epoch 0: cls [0.0, 0.0, 0.0, 0.0, 0.0, 0.0, 0.0, 0.034004602266366556] | det_recall [0.5, 0.5, 0.5, 0.5, 0.5, 0.5, 0.5, 0.5510589860195871] | det_fa [0.0, 0.0, 0.0, 0.0, 0.0, 0.0, 0.0, 0.6714857923180455] ----
T7 Ep 1/1 | L 1.6964 | Train Acc 0.28 | Prec 0.29 | F1 0.30 | Det Rec 0.76 | Det FA 0.40 | Epoch Time 1173.15s (Eval 788.30s, Train 384.85s)
[STATE 2026-05-30 22:53:47] T7 Ep 1/1 complete: Prec 0.2913 F1 0.2996 DetRec 0.7611 DetFA 0.4050 | 1173.15s total (788.30s eval/384.85s train)
[STATE 2026-05-30 22:53:47] Task 7: running final validation.
Saved task checkpoint: logs//er_ring/seed-sweep_one-shot_cil-2026-05-30_20-32-15-5383/39/checkpoints/task_7.pt
[STATE 2026-05-30 23:06:55] Saved task checkpoint to logs//er_ring/seed-sweep_one-shot_cil-2026-05-30_20-32-15-5383/39/checkpoints/task_7.pt
[STATE 2026-05-30 23:06:55] Completed task 7 (8/10)
Note: Unified mixed IQ test tensors to (N, 3, L) via ADC0 I/Q + zero-padded ADC1/2 (IID2-style) for cumulative CIL.
[STATE 2026-05-30 23:06:59] Task 8: zero-shot validation (pre-train)
---- Zero-shot (pre-train) task 8: rec_cls 0.0307 | prec_cls 0.0088 | f1_cls 0.0196 | det 0.5497 | pfa 0.6865 | total_f1 0.0334 ----
[STATE 2026-05-30 23:23:22] Starting task 8 (9/10)
[STATE 2026-05-30 23:23:22] Task 8 Epoch 1/1: entering train loop
[STATE 2026-05-30 23:24:38] Task 8 Epoch 1/1: running validation (end of epoch)
---- Eval at Epoch 0: cls [0.0, 0.0, 0.0, 0.0, 0.0, 0.0, 0.0, 0.0, 0.019671496455049627] | det_recall [0.5, 0.5, 0.5, 0.5, 0.5, 0.5, 0.5, 0.5, 0.6374064308130766] | det_fa [0.0, 0.0, 0.0, 0.0, 0.0, 0.0, 0.0, 0.0, 0.605839510284837] ----
T8 Ep 1/1 | L 2.4245 | Train Acc 0.21 | Prec 0.24 | F1 0.19 | Det Rec 0.72 | Det FA 0.43 | Epoch Time 1068.62s (Eval 992.14s, Train 76.48s)
[STATE 2026-05-30 23:41:10] T8 Ep 1/1 complete: Prec 0.2360 F1 0.1915 DetRec 0.7181 DetFA 0.4276 | 1068.62s total (992.14s eval/76.48s train)
[STATE 2026-05-30 23:41:10] Task 8: running final validation.
Saved task checkpoint: logs//er_ring/seed-sweep_one-shot_cil-2026-05-30_20-32-15-5383/39/checkpoints/task_8.pt
[STATE 2026-05-30 23:57:38] Saved task checkpoint to logs//er_ring/seed-sweep_one-shot_cil-2026-05-30_20-32-15-5383/39/checkpoints/task_8.pt
[STATE 2026-05-30 23:57:38] Completed task 8 (9/10)
Note: Unified mixed IQ test tensors to (N, 3, L) via ADC0 I/Q + zero-padded ADC1/2 (IID2-style) for cumulative CIL.
[STATE 2026-05-30 23:57:45] Task 9: zero-shot validation (pre-train)
---- Zero-shot (pre-train) task 9: rec_cls 0.0177 | prec_cls 0.0003 | f1_cls 0.0119 | det 0.6307 | pfa 0.6147 | total_f1 0.0297 ----
[STATE 2026-05-31 00:17:36] Starting task 9 (10/10)
[STATE 2026-05-31 00:17:36] Task 9 Epoch 1/1: entering train loop
[STATE 2026-05-31 00:18:14] Task 9 Epoch 1/1: running validation (end of epoch)
---- Eval at Epoch 0: cls [0.01021343168612879, 0.011315367520061844, 0.006617211714417827, 0.005560919886024153, 0.0042577831862766705, 0.00343042451460017, 0.0035012946426242054, 0.003860732244714994, 0.022980647683649297, 0.0258065440289663] | det_recall [0.5007590512896567, 0.5007985755523987, 0.5073809215974819, 0.5095857394740213, 0.5115748435541515, 0.5084707470413904, 0.5101581519131647, 0.5111053666519396, 0.48987575076988693, 0.5209028841158948] | det_fa [0.026428015719801874, 0.06598911032375973, 0.06762001663090976, 0.06445427442362867, 0.06210509786603771, 0.06711621321254731, 0.0687069212372403, 0.08780242183181435, 0.42561405720243467, 0.5584022353705174] ----
T9 Ep 1/1 | L 2.4648 | Train Acc 0.22 | Prec 0.23 | F1 0.30 | Det Rec 0.97 | Det FA 0.05 | Epoch Time 1228.83s (Eval 1190.78s, Train 38.04s)
[STATE 2026-05-31 00:38:05] T9 Ep 1/1 complete: Prec 0.2319 F1 0.3037 DetRec 0.9740 DetFA 0.0453 | 1228.83s total (1190.78s eval/38.04s train)
[STATE 2026-05-31 00:38:05] Task 9: running final validation.
Saved task checkpoint: logs//er_ring/seed-sweep_one-shot_cil-2026-05-30_20-32-15-5383/39/checkpoints/task_9.pt
[STATE 2026-05-31 00:58:07] Saved task checkpoint to logs//er_ring/seed-sweep_one-shot_cil-2026-05-30_20-32-15-5383/39/checkpoints/task_9.pt
[STATE 2026-05-31 00:58:07] Completed task 9 (10/10)
####Final Validation Accuracy####
Final Results:- 
 Total Recall: 0.009656410220980226 
 Individual Recall: [0.010111714691505918, 0.010856722568877682, 0.006120727142189356, 0.0052108336346493814, 0.003980194127324958, 0.003563660061652477, 0.003451796384553299, 0.003984167439928818, 0.023167501082354828, 0.026116785076765542]
Final Detection Results:- 
 Total Detection: 0.5070115442063792 
 Individual Detection: [0.4992094834199351, 0.5011714694641344, 0.5072903959881027, 0.5096855484562626, 0.5113362025752456, 0.50869271768254, 0.5100468383182468, 0.5111260359152958, 0.49027844092230904, 0.521278309321719]
Final Detection False Alarm:- 
 Total False Alarm: 0.14953944329549046 
 Individual False Alarm: [0.028856475794545297, 0.06516442036759484, 0.06788064818719626, 0.06455087108636992, 0.062229670661680586, 0.06678633734540593, 0.06884179491868725, 0.08784676031999747, 0.4252948034999314, 0.5579426507734958]
SUMMARY_TR cls_rec=0.2197 cls_prec=0.2319 cls_f1=0.3037 det=0.5071 fa=0.1494
SUMMARY_TE cls_rec=0.0097 cls_prec=0.0166 cls_f1=0.0337 det=0.5070 fa=0.1495
[STATE 2026-05-31 00:58:07] Saving results to logs//er_ring/seed-sweep_one-shot_cil-2026-05-30_20-32-15-5383/39/results
Model size: 0.0289 GB
Memory buffer size: 0.0197 GB
logs//er_ring/seed-sweep_one-shot_cil-2026-05-30_20-32-15-5383/39/results: {'expt_name': 'seed-sweep_one-shot_cil', 'model': 'er_ring', 'arch': 'resnet1d', 'n_hiddens': 100, 'n_layers': 2, 'xav_init': False, 'debug': False, 'use_detector_arch': False, 'use_groupnorm': False, 'inner_steps': 2, 'n_epochs': 1, 'batch_size': 256, 'replay_batch_size': 128, 'memories': 5120, 'lr': 0.01, 'optimizer': 'sgd', 'prune_perc': 0.75, 'post_prune_epochs': 0, 'class_weighted_ce': True, 'cuda': True, 'amp': True, 'amp_dtype': 'bfloat16', 'cudnn_benchmark': True, 'seed': 39, 'log_every': 10, 'log_dir': 'logs//er_ring/seed-sweep_one-shot_cil-2026-05-30_20-32-15-5383/39', 'tf_dir': 'logs//er_ring/seed-sweep_one-shot_cil-2026-05-30_20-32-15-5383/39/tfdir', 'calc_test_accuracy': False, 'state_logging': True, 'data_path': 'data/rff/radar/full', 'task_order_files': 't2-rcn,t0-rcn,t2-uclresm-25noise,t0-deeprad,t1-deeprad,t1-uclresm-25noise,t3-deeprad,t0-uclresm-25noise,t1-rcn,t2-deeprad', 'loader': 'class_incremental_loader', 'samples_per_task': -1, 'task_order_seed': None, 'classes_per_it': 6, 'iterations': 5000, 'dataset': 'iq', 'workers': 0, 'validation': 0.5, 'data_scaling': 'normalize', 'use_iq_aug_features': False, 'iq_aug_feature_type': 'power', 'class_order': 'random', 'increment': 5, 'test_batch_size': 512, 'nc_per_task': None, 'nc_per_task_list': '', 'val_rate': 1000, 'opt_lr': 0.1, 'opt_wt': 0.1, 'alpha_init': 0.001, 'momentum': 0.0, 'learn_lr': False, 'sync_update': False, 'grad_clip_norm': 5.0, 'meta_batches': 3, 'use_old_task_memory': False, 'second_order': False, 'n_memories': 5120, 'memory_strength': 0, 'memory_loss_lambda': 0.1, 'steps_per_sample': 1, 'bgd_optimizer': 'sgd', 'optimizer_params': '{}', 'train_mc_iters': 5, 'std_init': 0.05, 'mean_eta': 1, 'fisher_gamma': 0.95, 'rln': 7, 'meta_lr': 0.001, 'update_lr': 0.1, 'ctx_lr': 0.05, 'n_meta': 1, 'temperature': 5.0, 'task_emb': 64, 'noise_label': 54, 'classes_per_task': [5, 6, 5, 6, 6, 5, 5, 5, 6, 5], 'get_samples_per_task': <bound method IncrementalLoader.get_samples_per_task of <dataloaders.class_incremental_loader.IncrementalLoader object at 0x70cd382a8c20>>, 'task_epoch_schedule': {}} # val: 0.161 0.010 -0.151 0.000 # sizes: model_gb=0.0289 mem_gb=0.0197 # 15883.053435564041
[STATE 2026-05-31 00:58:08] results.pt components (approx): state_dict 29.6 MB, result_val_t 0.1 KB, result_val_a 0.8 KB
[STATE 2026-05-31 00:58:08] Results saved; total runtime 4.41h
Total runtime: 4.41 hours
