[STATE 2026-05-30 16:17:56] Enabling terminal logging to logs//rwalk/seed-sweep_one-shot_cil-2026-05-30_16-17-56-2376/39/terminal.log
New Experiment Starting...
Running model:  rwalk
[STATE 2026-05-30 16:17:56] Experiment 'seed-sweep_one-shot_cil' starting with model 'rwalk' (seed 39)
Set seed 39
[STATE 2026-05-30 16:17:56] Runtime accel: cudnn.benchmark=False amp=True amp_dtype=bfloat16
t2-rcn.npz train: x=(50362, 1024), y=(50362, 2)
t2-rcn.npz test: x=(16787, 1024), y=(16787, 2)
t2-rcn.npz: applied data scaling mode 'normalize'.
Loaded t2-rcn.npz: Unique train labels: UniqueCountsResult(values=array([-1,  3,  5, 10, 12, 15]), counts=array([24209,  5770,  3030,  2320,  7509,  7524]))
Noise labels ratio in t2-rcn.npz train: 0.24, test: 0.24
Loaded t2-rcn.npz: Remapped labels: [-1  0  1  2  3  4]. Size: 50362)
t0-rcn.npz train: x=(51916, 1024), y=(51916, 2)
t0-rcn.npz test: x=(17305, 1024), y=(17305, 2)
t0-rcn.npz: applied data scaling mode 'normalize'.
Loaded t0-rcn.npz: Unique train labels: UniqueCountsResult(values=array([-1,  1,  8,  9, 11, 13, 14]), counts=array([24225,  4268,  2495,  2943,  3015,  7464,  7506]))
Noise labels ratio in t0-rcn.npz train: 0.23, test: 0.23
Loaded t0-rcn.npz: Remapped labels: [-1  5  6  7  8  9 10]. Size: 51916)
t2-uclresm-25noise.npz train: moved sample axis (3, 350028, 1024) -> (350028, 3, 1024)
t2-uclresm-25noise.npz test: moved sample axis (3, 233351, 1024) -> (233351, 3, 1024)
t2-uclresm-25noise.npz train: x=(350028, 3, 1024), y=(350028,)
t2-uclresm-25noise.npz test: x=(233351, 3, 1024), y=(233351,)
t2-uclresm-25noise.npz: applied data scaling mode 'normalize'.
Loaded t2-uclresm-25noise.npz: Unique train labels: UniqueCountsResult(values=array([-1,  0,  1,  2,  3,  4]), counts=array([87441, 27347, 71754, 64298, 36005, 63183]))
Noise labels ratio in t2-uclresm-25noise.npz train: 0.25, test: 0.25
Loaded t2-uclresm-25noise.npz: Remapped labels: [-1 11 12 13 14 15]. Size: 350028)
t0-deeprad.npz train: x=(24480, 1024), y=(24480, 2)
t0-deeprad.npz test: x=(8160, 1024), y=(8160, 2)
t0-deeprad.npz: applied data scaling mode 'normalize'.
Loaded t0-deeprad.npz: Unique train labels: UniqueCountsResult(values=array([-1,  0,  1,  2,  3,  4,  5]), counts=array([12240,  2029,  1983,  2043,  2154,  2015,  2016]))
Noise labels ratio in t0-deeprad.npz train: 0.25, test: 0.25
Loaded t0-deeprad.npz: Remapped labels: [-1 16 17 18 19 20 21]. Size: 24480)
t1-deeprad.npz train: x=(24480, 1024), y=(24480, 2)
t1-deeprad.npz test: x=(8160, 1024), y=(8160, 2)
t1-deeprad.npz: applied data scaling mode 'normalize'.
Loaded t1-deeprad.npz: Unique train labels: UniqueCountsResult(values=array([-1,  0,  1,  2,  3,  4,  5]), counts=array([12240,  1988,  2029,  2054,  1988,  2053,  2128]))
Noise labels ratio in t1-deeprad.npz train: 0.25, test: 0.25
Loaded t1-deeprad.npz: Remapped labels: [-1 22 23 24 25 26 27]. Size: 24480)
t1-uclresm-25noise.npz train: moved sample axis (3, 201410, 1024) -> (201410, 3, 1024)
t1-uclresm-25noise.npz test: moved sample axis (3, 116291, 1024) -> (116291, 3, 1024)
t1-uclresm-25noise.npz train: x=(201410, 3, 1024), y=(201410,)
t1-uclresm-25noise.npz test: x=(116291, 3, 1024), y=(116291,)
t1-uclresm-25noise.npz: applied data scaling mode 'normalize'.
Loaded t1-uclresm-25noise.npz: Unique train labels: UniqueCountsResult(values=array([-1,  0,  1,  2,  3,  4]), counts=array([43668, 18021, 17838, 18087, 31870, 71926]))
Noise labels ratio in t1-uclresm-25noise.npz train: 0.22, test: 0.25
Loaded t1-uclresm-25noise.npz: Remapped labels: [-1 28 29 30 31 32]. Size: 201410)
t3-deeprad.npz train: x=(17340, 1024), y=(17340, 2)
t3-deeprad.npz test: x=(6800, 1024), y=(6800, 2)
t3-deeprad.npz: applied data scaling mode 'normalize'.
Loaded t3-deeprad.npz: Unique train labels: UniqueCountsResult(values=array([-1,  0,  1,  2,  3,  4]), counts=array([8670, 1693, 1677, 1794, 1716, 1790]))
Noise labels ratio in t3-deeprad.npz train: 0.25, test: 0.25
Loaded t3-deeprad.npz: Remapped labels: [-1 33 34 35 36 37]. Size: 17340)
t0-uclresm-25noise.npz train: moved sample axis (3, 188050, 1024) -> (188050, 3, 1024)
t0-uclresm-25noise.npz test: moved sample axis (3, 107348, 1024) -> (107348, 3, 1024)
t0-uclresm-25noise.npz train: x=(188050, 3, 1024), y=(188050,)
t0-uclresm-25noise.npz test: x=(107348, 3, 1024), y=(107348,)
t0-uclresm-25noise.npz: applied data scaling mode 'normalize'.
Loaded t0-uclresm-25noise.npz: Unique train labels: UniqueCountsResult(values=array([-1,  0,  1,  2,  3,  4]), counts=array([40144, 32109, 17978, 17979, 18098, 61742]))
Noise labels ratio in t0-uclresm-25noise.npz train: 0.21, test: 0.25
Loaded t0-uclresm-25noise.npz: Remapped labels: [-1 38 39 40 41 42]. Size: 188050)
t1-rcn.npz train: x=(36658, 1024), y=(36658, 2)
t1-rcn.npz test: x=(12220, 1024), y=(12220, 2)
t1-rcn.npz: applied data scaling mode 'normalize'.
Loaded t1-rcn.npz: Unique train labels: UniqueCountsResult(values=array([-1,  0,  2,  4,  6,  7, 16]), counts=array([20595,   824,  2087,  2606,  2396,  1716,  6434]))
Noise labels ratio in t1-rcn.npz train: 0.28, test: 0.28
Loaded t1-rcn.npz: Remapped labels: [-1 43 44 45 46 47 48]. Size: 36658)
t2-deeprad.npz train: x=(17340, 1024), y=(17340, 2)
t2-deeprad.npz test: x=(6800, 1024), y=(6800, 2)
t2-deeprad.npz: applied data scaling mode 'normalize'.
Loaded t2-deeprad.npz: Unique train labels: UniqueCountsResult(values=array([-1,  0,  1,  2,  3,  4]), counts=array([8670, 1774, 1675, 1777, 1694, 1750]))
Noise labels ratio in t2-deeprad.npz train: 0.25, test: 0.25
Loaded t2-deeprad.npz: Remapped labels: [-1 49 50 51 52 53]. Size: 17340)
Built IQ classes_per_task (increments): [5, 6, 5, 6, 6, 5, 5, 5, 6, 5]
Classes per task: [5, 6, 5, 6, 6, 5, 5, 5, 6, 5]
[STATE 2026-05-30 16:19:05] Loader 'class_incremental_loader' ready: 1024 inputs, 55 outputs, 10 tasks
n_outputs: 55 	n_tasks: 10
[STATE 2026-05-30 16:19:05] Logging to logs//rwalk/seed-sweep_one-shot_cil-2026-05-30_16-17-56-2376/39
True
Model device: cuda:0
[STATE 2026-05-30 16:19:05] Model initialized on device cuda:0
[STATE 2026-05-30 16:19:05] Invoking continual life experience flow
[STATE 2026-05-30 16:19:05] Life experience start: 10 tasks queued
[STATE 2026-05-30 16:19:05] Legacy epoch behavior enabled: using n_epochs=1 for all tasks
[STATE 2026-05-30 16:19:05] Task 0: zero-shot validation (pre-train)
---- Zero-shot (pre-train) task 0: rec_cls 0.1724 | prec_cls 0.1191 | f1_cls 0.0620 | det 0.4999 | pfa 0.9998 | total_f1 0.0620 ----
[STATE 2026-05-30 16:19:13] Starting task 0 (1/10)
[STATE 2026-05-30 16:19:13] Task 0 Epoch 1/1: entering train loop
[STATE 2026-05-30 16:20:03] Task 0 Epoch 1/1: running validation (end of epoch)
---- Eval at Epoch 0: cls [0.7072752401237643] | det_recall [0.8639145900592069] | det_fa [0.24359305307115714] ----
T0 Ep 1/1 | L 1.3115 | Train Acc 0.44 | Prec 0.48 | F1 0.42 | Det Rec 0.75 | Det FA 0.40 | Epoch Time 57.49s (Eval 7.25s, Train 50.25s)
[STATE 2026-05-30 16:20:11] T0 Ep 1/1 complete: Prec 0.4773 F1 0.4173 DetRec 0.7528 DetFA 0.3951 | 57.49s total (7.25s eval/50.25s train)
[STATE 2026-05-30 16:20:11] Task 0: running final validation.
Saved task checkpoint: logs//rwalk/seed-sweep_one-shot_cil-2026-05-30_16-17-56-2376/39/checkpoints/task_0.pt
[STATE 2026-05-30 16:20:18] Saved task checkpoint to logs//rwalk/seed-sweep_one-shot_cil-2026-05-30_16-17-56-2376/39/checkpoints/task_0.pt
[STATE 2026-05-30 16:20:18] Completed task 0 (1/10)
[STATE 2026-05-30 16:20:18] Task 1: zero-shot validation (pre-train)
---- Zero-shot (pre-train) task 1: rec_cls 0.2953 | prec_cls 0.1738 | f1_cls 0.2210 | det 0.7743 | pfa 0.3550 | total_f1 0.4388 ----
[STATE 2026-05-30 16:20:41] Starting task 1 (2/10)
[STATE 2026-05-30 16:20:41] Task 1 Epoch 1/1: entering train loop
[STATE 2026-05-30 16:21:33] Task 1 Epoch 1/1: running validation (end of epoch)
---- Eval at Epoch 0: cls [0.07711805083918748, 0.25183617450355084] | det_recall [0.5557193555828801, 0.6386409666337685] | det_fa [0.0, 0.6535095810712094] ----
T1 Ep 1/1 | L 1.3432 | Train Acc 0.46 | Prec 0.49 | F1 0.36 | Det Rec 0.63 | Det FA 0.69 | Epoch Time 74.92s (Eval 22.41s, Train 52.51s)
[STATE 2026-05-30 16:21:56] T1 Ep 1/1 complete: Prec 0.4924 F1 0.3556 DetRec 0.6252 DetFA 0.6854 | 74.92s total (22.41s eval/52.51s train)
[STATE 2026-05-30 16:21:56] Task 1: running final validation.
Saved task checkpoint: logs//rwalk/seed-sweep_one-shot_cil-2026-05-30_16-17-56-2376/39/checkpoints/task_1.pt
[STATE 2026-05-30 16:22:18] Saved task checkpoint to logs//rwalk/seed-sweep_one-shot_cil-2026-05-30_16-17-56-2376/39/checkpoints/task_1.pt
[STATE 2026-05-30 16:22:18] Completed task 1 (2/10)
Note: Unified mixed IQ test tensors to (N, 3, L) via ADC0 I/Q + zero-padded ADC1/2 (IID2-style) for cumulative CIL.
[STATE 2026-05-30 16:22:22] Task 2: zero-shot validation (pre-train)
---- Zero-shot (pre-train) task 2: rec_cls 0.0648 | prec_cls 0.0088 | f1_cls 0.0171 | det 0.5015 | pfa 0.9015 | total_f1 0.1258 ----
[STATE 2026-05-30 16:24:18] Starting task 2 (3/10)
[STATE 2026-05-30 16:24:18] Task 2 Epoch 1/1: entering train loop
[STATE 2026-05-30 16:30:16] Task 2 Epoch 1/1: running validation (end of epoch)
---- Eval at Epoch 0: cls [0.0, 0.0, 0.05678447882245528] | det_recall [0.5, 0.501699907847944, 0.5907059750850553] | det_fa [0.0, 0.0, 0.5825353629494321] ----
T2 Ep 1/1 | L 1.4701 | Train Acc 0.33 | Prec 0.32 | F1 0.35 | Det Rec 0.76 | Det FA 0.42 | Epoch Time 474.19s (Eval 115.91s, Train 358.28s)
[STATE 2026-05-30 16:32:12] T2 Ep 1/1 complete: Prec 0.3216 F1 0.3524 DetRec 0.7624 DetFA 0.4181 | 474.19s total (115.91s eval/358.28s train)
[STATE 2026-05-30 16:32:12] Task 2: running final validation.
Saved task checkpoint: logs//rwalk/seed-sweep_one-shot_cil-2026-05-30_16-17-56-2376/39/checkpoints/task_2.pt
[STATE 2026-05-30 16:34:07] Saved task checkpoint to logs//rwalk/seed-sweep_one-shot_cil-2026-05-30_16-17-56-2376/39/checkpoints/task_2.pt
[STATE 2026-05-30 16:34:07] Completed task 2 (3/10)
Note: Unified mixed IQ test tensors to (N, 3, L) via ADC0 I/Q + zero-padded ADC1/2 (IID2-style) for cumulative CIL.
[STATE 2026-05-30 16:34:10] Task 3: zero-shot validation (pre-train)
---- Zero-shot (pre-train) task 3: rec_cls 0.0407 | prec_cls 0.0517 | f1_cls 0.0559 | det 0.5448 | pfa 0.6394 | total_f1 0.0741 ----
[STATE 2026-05-30 16:37:42] Starting task 3 (4/10)
[STATE 2026-05-30 16:37:42] Task 3 Epoch 1/1: entering train loop
[STATE 2026-05-30 16:38:07] Task 3 Epoch 1/1: running validation (end of epoch)
---- Eval at Epoch 0: cls [0.002516705589602052, 0.06156543464563558, 0.07144112203733224, 0.07810270387793607] | det_recall [0.5028470548794038, 0.6361915102561664, 0.4749798080501842, 0.6030300045607784] | det_fa [0.00012732365673542143, 0.1971466291920219, 0.48023481371086413, 0.6067793224534579] ----
T3 Ep 1/1 | L 1.5584 | Train Acc 0.45 | Prec 0.44 | F1 0.49 | Det Rec 0.96 | Det FA 0.05 | Epoch Time 236.57s (Eval 211.12s, Train 25.45s)
[STATE 2026-05-30 16:41:38] T3 Ep 1/1 complete: Prec 0.4378 F1 0.4902 DetRec 0.9634 DetFA 0.0482 | 236.57s total (211.12s eval/25.45s train)
[STATE 2026-05-30 16:41:38] Task 3: running final validation.
Saved task checkpoint: logs//rwalk/seed-sweep_one-shot_cil-2026-05-30_16-17-56-2376/39/checkpoints/task_3.pt
[STATE 2026-05-30 16:45:11] Saved task checkpoint to logs//rwalk/seed-sweep_one-shot_cil-2026-05-30_16-17-56-2376/39/checkpoints/task_3.pt
[STATE 2026-05-30 16:45:11] Completed task 3 (4/10)
Note: Unified mixed IQ test tensors to (N, 3, L) via ADC0 I/Q + zero-padded ADC1/2 (IID2-style) for cumulative CIL.
[STATE 2026-05-30 16:45:13] Task 4: zero-shot validation (pre-train)
---- Zero-shot (pre-train) task 4: rec_cls 0.0671 | prec_cls 0.0082 | f1_cls 0.0260 | det 0.5896 | pfa 0.6292 | total_f1 0.0621 ----
[STATE 2026-05-30 16:50:23] Starting task 4 (5/10)
[STATE 2026-05-30 16:50:23] Task 4 Epoch 1/1: entering train loop
[STATE 2026-05-30 16:50:48] Task 4 Epoch 1/1: running validation (end of epoch)
---- Eval at Epoch 0: cls [0.0, 0.03427864766117535, 0.0077099187437519225, 0.05850419086188508, 0.04424799783837691] | det_recall [0.5, 0.5895619460314987, 0.4749253731983509, 0.5130383639573182, 0.5188378011107417] | det_fa [0.0, 0.14501216264981942, 0.3473896256695737, 0.42105090056726824, 0.6032641520777677] ----
T4 Ep 1/1 | L 1.6959 | Train Acc 0.27 | Prec 0.27 | F1 0.36 | Det Rec 0.99 | Det FA 0.01 | Epoch Time 335.47s (Eval 310.50s, Train 24.97s)
[STATE 2026-05-30 16:55:59] T4 Ep 1/1 complete: Prec 0.2728 F1 0.3570 DetRec 0.9942 DetFA 0.0116 | 335.47s total (310.50s eval/24.97s train)
[STATE 2026-05-30 16:55:59] Task 4: running final validation.
Saved task checkpoint: logs//rwalk/seed-sweep_one-shot_cil-2026-05-30_16-17-56-2376/39/checkpoints/task_4.pt
[STATE 2026-05-30 17:01:11] Saved task checkpoint to logs//rwalk/seed-sweep_one-shot_cil-2026-05-30_16-17-56-2376/39/checkpoints/task_4.pt
[STATE 2026-05-30 17:01:11] Completed task 4 (5/10)
Note: Unified mixed IQ test tensors to (N, 3, L) via ADC0 I/Q + zero-padded ADC1/2 (IID2-style) for cumulative CIL.
[STATE 2026-05-30 17:01:15] Task 5: zero-shot validation (pre-train)
---- Zero-shot (pre-train) task 5: rec_cls 0.0294 | prec_cls 0.0019 | f1_cls 0.0161 | det 0.5401 | pfa 0.5453 | total_f1 0.0456 ----
[STATE 2026-05-30 17:08:50] Starting task 5 (6/10)
[STATE 2026-05-30 17:08:50] Task 5 Epoch 1/1: entering train loop
[STATE 2026-05-30 17:12:17] Task 5 Epoch 1/1: running validation (end of epoch)
---- Eval at Epoch 0: cls [0.0, 0.0, 0.0018911272952599467, 0.0013215262225644703, 0.0002621660923165633, 0.07782701990446535] | det_recall [0.5, 0.5, 0.5057056556895997, 0.5081467944752847, 0.5183315522607043, 0.577286193624905] | det_fa [0.0, 0.0, 0.0008228215796037056, 0.0020260636326277018, 0.011189879485354796, 0.7920948280725367] ----
T5 Ep 1/1 | L 1.1966 | Train Acc 0.52 | Prec 0.52 | F1 0.50 | Det Rec 0.80 | Det FA 0.34 | Epoch Time 662.78s (Eval 455.61s, Train 207.17s)
[STATE 2026-05-30 17:19:53] T5 Ep 1/1 complete: Prec 0.5176 F1 0.5038 DetRec 0.7987 DetFA 0.3383 | 662.78s total (455.61s eval/207.17s train)
[STATE 2026-05-30 17:19:53] Task 5: running final validation.
Saved task checkpoint: logs//rwalk/seed-sweep_one-shot_cil-2026-05-30_16-17-56-2376/39/checkpoints/task_5.pt
[STATE 2026-05-30 17:27:33] Saved task checkpoint to logs//rwalk/seed-sweep_one-shot_cil-2026-05-30_16-17-56-2376/39/checkpoints/task_5.pt
[STATE 2026-05-30 17:27:33] Completed task 5 (6/10)
Note: Unified mixed IQ test tensors to (N, 3, L) via ADC0 I/Q + zero-padded ADC1/2 (IID2-style) for cumulative CIL.
[STATE 2026-05-30 17:27:37] Task 6: zero-shot validation (pre-train)
---- Zero-shot (pre-train) task 6: rec_cls 0.0676 | prec_cls 0.0218 | f1_cls 0.0361 | det 0.5915 | pfa 0.7624 | total_f1 0.0446 ----
[STATE 2026-05-30 17:37:43] Starting task 6 (7/10)
[STATE 2026-05-30 17:37:43] Task 6 Epoch 1/1: entering train loop
[STATE 2026-05-30 17:38:00] Task 6 Epoch 1/1: running validation (end of epoch)
---- Eval at Epoch 0: cls [0.0, 0.0, 0.0, 0.0, 0.014539580718447917, 0.013525660426120458, 0.04016094044790756] | det_recall [0.5, 0.5, 0.5, 0.5000066093853271, 0.4948560081316664, 0.4626253543777458, 0.4653491882257552] | det_fa [0.0, 0.0, 0.0, 0.0, 0.12255958247030675, 0.3884853357610058, 0.5136549893994409] ----
T6 Ep 1/1 | L 2.4164 | Train Acc 0.26 | Prec 0.23 | F1 0.33 | Det Rec 0.97 | Det FA 0.05 | Epoch Time 622.75s (Eval 605.39s, Train 17.36s)
[STATE 2026-05-30 17:48:05] T6 Ep 1/1 complete: Prec 0.2298 F1 0.3296 DetRec 0.9669 DetFA 0.0531 | 622.75s total (605.39s eval/17.36s train)
[STATE 2026-05-30 17:48:05] Task 6: running final validation.
Saved task checkpoint: logs//rwalk/seed-sweep_one-shot_cil-2026-05-30_16-17-56-2376/39/checkpoints/task_6.pt
[STATE 2026-05-30 17:58:09] Saved task checkpoint to logs//rwalk/seed-sweep_one-shot_cil-2026-05-30_16-17-56-2376/39/checkpoints/task_6.pt
[STATE 2026-05-30 17:58:09] Completed task 6 (7/10)
Note: Unified mixed IQ test tensors to (N, 3, L) via ADC0 I/Q + zero-padded ADC1/2 (IID2-style) for cumulative CIL.
[STATE 2026-05-30 17:58:14] Task 7: zero-shot validation (pre-train)
---- Zero-shot (pre-train) task 7: rec_cls 0.0295 | prec_cls 0.0023 | f1_cls 0.0125 | det 0.4806 | pfa 0.4810 | total_f1 0.0349 ----
[STATE 2026-05-30 18:11:37] Starting task 7 (8/10)
[STATE 2026-05-30 18:11:37] Task 7 Epoch 1/1: entering train loop
[STATE 2026-05-30 18:14:51] Task 7 Epoch 1/1: running validation (end of epoch)
---- Eval at Epoch 0: cls [0.0, 0.0, 0.00026705189263091214, 0.00028089877314456385, 7.729956500096002e-05, 0.013450659875622918, 0.010915595171662816, 0.05849605682263024] | det_recall [0.5, 0.5, 0.5032926516905156, 0.5032503280764307, 0.5071136316444915, 0.5446104703409992, 0.5442245538562464, 0.553087552868102] | det_fa [0.0, 0.0, 0.0005987819333426312, 0.000945939825319545, 0.003247272423114952, 0.010141329338103624, 0.013269479711196346, 0.7737519294639587] ----
T7 Ep 1/1 | L 1.1715 | Train Acc 0.53 | Prec 0.54 | F1 0.53 | Det Rec 0.78 | Det FA 0.36 | Epoch Time 993.64s (Eval 798.83s, Train 194.81s)
[STATE 2026-05-30 18:28:10] T7 Ep 1/1 complete: Prec 0.5432 F1 0.5286 DetRec 0.7848 DetFA 0.3560 | 993.64s total (798.83s eval/194.81s train)
[STATE 2026-05-30 18:28:10] Task 7: running final validation.
Saved task checkpoint: logs//rwalk/seed-sweep_one-shot_cil-2026-05-30_16-17-56-2376/39/checkpoints/task_7.pt
[STATE 2026-05-30 18:41:26] Saved task checkpoint to logs//rwalk/seed-sweep_one-shot_cil-2026-05-30_16-17-56-2376/39/checkpoints/task_7.pt
[STATE 2026-05-30 18:41:26] Completed task 7 (8/10)
Note: Unified mixed IQ test tensors to (N, 3, L) via ADC0 I/Q + zero-padded ADC1/2 (IID2-style) for cumulative CIL.
[STATE 2026-05-30 18:41:30] Task 8: zero-shot validation (pre-train)
---- Zero-shot (pre-train) task 8: rec_cls 0.0512 | prec_cls 0.0094 | f1_cls 0.0195 | det 0.5634 | pfa 0.7608 | total_f1 0.0357 ----
[STATE 2026-05-30 18:58:00] Starting task 8 (9/10)
[STATE 2026-05-30 18:58:00] Task 8 Epoch 1/1: entering train loop
[STATE 2026-05-30 18:58:37] Task 8 Epoch 1/1: running validation (end of epoch)
---- Eval at Epoch 0: cls [0.0, 0.0, 1.0958529167253912e-05, 6.5621214160721486e-06, 1.0662330535874476e-05, 0.00250604638823054, 0.00222545707793872, 0.01180702612692789, 0.02112485145464905] | det_recall [0.5, 0.5, 0.5003526989690689, 0.5004114821713923, 0.5010483271251636, 0.5130768126452935, 0.5128634501558751, 0.536019099349864, 0.6162607619071775] | det_fa [0.0, 0.0, 1.7464198393293748e-05, 0.0, 8.783294507358212e-05, 0.0016179799811378995, 0.0018281707752494016, 0.007470807364788524, 0.5880029745665288] ----
T8 Ep 1/1 | L 2.2472 | Train Acc 0.35 | Prec 0.34 | F1 0.29 | Det Rec 0.73 | Det FA 0.44 | Epoch Time 1027.72s (Eval 990.37s, Train 37.35s)
[STATE 2026-05-30 19:15:07] T8 Ep 1/1 complete: Prec 0.3350 F1 0.2872 DetRec 0.7320 DetFA 0.4416 | 1027.72s total (990.37s eval/37.35s train)
[STATE 2026-05-30 19:15:07] Task 8: running final validation.
Saved task checkpoint: logs//rwalk/seed-sweep_one-shot_cil-2026-05-30_16-17-56-2376/39/checkpoints/task_8.pt
[STATE 2026-05-30 19:31:46] Saved task checkpoint to logs//rwalk/seed-sweep_one-shot_cil-2026-05-30_16-17-56-2376/39/checkpoints/task_8.pt
[STATE 2026-05-30 19:31:46] Completed task 8 (9/10)
Note: Unified mixed IQ test tensors to (N, 3, L) via ADC0 I/Q + zero-padded ADC1/2 (IID2-style) for cumulative CIL.
[STATE 2026-05-30 19:31:53] Task 9: zero-shot validation (pre-train)
---- Zero-shot (pre-train) task 9: rec_cls 0.0173 | prec_cls 0.0008 | f1_cls 0.0117 | det 0.6106 | pfa 0.5952 | total_f1 0.0308 ----
[STATE 2026-05-30 19:51:51] Starting task 9 (10/10)
[STATE 2026-05-30 19:51:51] Task 9 Epoch 1/1: entering train loop
[STATE 2026-05-30 19:52:09] Task 9 Epoch 1/1: running validation (end of epoch)
---- Eval at Epoch 0: cls [0.0, 0.0, 0.0, 0.0, 0.0, 5.646595920022353e-05, 4.485151200480914e-05, 0.005041953584077086, 0.0019033027952838533, 0.014989988469288573] | det_recall [0.5, 0.5, 0.5, 0.5, 0.5001236053463209, 0.4966430226022147, 0.5239592913082487, 0.4695143532783905, 0.482314887935792, 0.5065296847924128] | det_fa [0.0, 0.0, 0.0, 0.0, 0.00023393375163234021, 0.0199469685928885, 0.10021308949113474, 0.34605113166870055, 0.4104248282833251, 0.5519016909235153] ----
T9 Ep 1/1 | L 2.2182 | Train Acc 0.27 | Prec 0.26 | F1 0.37 | Det Rec 0.99 | Det FA 0.02 | Epoch Time 1213.69s (Eval 1195.85s, Train 17.85s)
[STATE 2026-05-30 20:12:05] T9 Ep 1/1 complete: Prec 0.2643 F1 0.3650 DetRec 0.9863 DetFA 0.0225 | 1213.69s total (1195.85s eval/17.85s train)
[STATE 2026-05-30 20:12:05] Task 9: running final validation.
Saved task checkpoint: logs//rwalk/seed-sweep_one-shot_cil-2026-05-30_16-17-56-2376/39/checkpoints/task_9.pt
[STATE 2026-05-30 20:32:06] Saved task checkpoint to logs//rwalk/seed-sweep_one-shot_cil-2026-05-30_16-17-56-2376/39/checkpoints/task_9.pt
[STATE 2026-05-30 20:32:06] Completed task 9 (10/10)
####Final Validation Accuracy####
Final Results:- 
 Total Recall: 0.0021717638341380253 
 Individual Recall: [0.0, 0.0, 0.0, 0.0, 0.0, 6.754181947464931e-05, 4.9066846941910946e-05, 0.0051917398209482615, 0.0023734220690550265, 0.014035867784960408]
Final Detection Results:- 
 Total Detection: 0.49794875077841694 
 Individual Detection: [0.5, 0.5, 0.5, 0.5, 0.5000764084732057, 0.4963416590519263, 0.5237153261310409, 0.4697878561000171, 0.4826034665396042, 0.5069627914883748]
Final Detection False Alarm:- 
 Total False Alarm: 0.1428105002615724 
 Individual False Alarm: [0.0, 0.0, 0.0, 0.0, 0.00030189259611465086, 0.020557850574092536, 0.10039911662395125, 0.34557268452273, 0.40981317494499286, 0.5514602833538428]
SUMMARY_TR cls_rec=0.2678 cls_prec=0.2643 cls_f1=0.3650 det=0.4979 fa=0.1429
SUMMARY_TE cls_rec=0.0022 cls_prec=0.0012 cls_f1=0.0295 det=0.4979 fa=0.1428
[STATE 2026-05-30 20:32:06] Saving results to logs//rwalk/seed-sweep_one-shot_cil-2026-05-30_16-17-56-2376/39/results
Model size: 0.0289 GB
Memory buffer size: 0.0000 GB
logs//rwalk/seed-sweep_one-shot_cil-2026-05-30_16-17-56-2376/39/results: {'expt_name': 'seed-sweep_one-shot_cil', 'model': 'rwalk', 'arch': 'resnet1d', 'n_hiddens': 100, 'n_layers': 2, 'xav_init': False, 'debug': False, 'use_detector_arch': False, 'use_groupnorm': False, 'inner_steps': 2, 'n_epochs': 1, 'batch_size': 256, 'replay_batch_size': 128, 'memories': 5120, 'lr': 0.001, 'optimizer': 'sgd', 'prune_perc': 0.75, 'post_prune_epochs': 0, 'class_weighted_ce': True, 'cuda': True, 'amp': True, 'amp_dtype': 'bfloat16', 'cudnn_benchmark': True, 'seed': 39, 'log_every': 10, 'log_dir': 'logs//rwalk/seed-sweep_one-shot_cil-2026-05-30_16-17-56-2376/39', 'tf_dir': 'logs//rwalk/seed-sweep_one-shot_cil-2026-05-30_16-17-56-2376/39/tfdir', 'calc_test_accuracy': False, 'state_logging': True, 'data_path': 'data/rff/radar/full', 'task_order_files': 't2-rcn,t0-rcn,t2-uclresm-25noise,t0-deeprad,t1-deeprad,t1-uclresm-25noise,t3-deeprad,t0-uclresm-25noise,t1-rcn,t2-deeprad', 'loader': 'class_incremental_loader', 'samples_per_task': -1, 'task_order_seed': None, 'classes_per_it': 6, 'iterations': 5000, 'dataset': 'iq', 'workers': 0, 'validation': 0.5, 'data_scaling': 'normalize', 'use_iq_aug_features': False, 'iq_aug_feature_type': 'power', 'class_order': 'random', 'increment': 5, 'test_batch_size': 512, 'nc_per_task': None, 'nc_per_task_list': '', 'val_rate': 1000, 'opt_lr': 0.1, 'opt_wt': 0.1, 'alpha_init': 0.001, 'momentum': 0.0, 'learn_lr': False, 'sync_update': False, 'grad_clip_norm': 5.0, 'meta_batches': 3, 'use_old_task_memory': False, 'second_order': False, 'n_memories': 5120, 'memory_strength': 0, 'memory_loss_lambda': 1.0, 'steps_per_sample': 1, 'bgd_optimizer': 'sgd', 'optimizer_params': '{}', 'train_mc_iters': 5, 'std_init': 0.05, 'mean_eta': 1, 'fisher_gamma': 0.95, 'rln': 7, 'meta_lr': 0.001, 'update_lr': 0.1, 'ctx_lr': 0.05, 'n_meta': 1, 'temperature': 5.0, 'task_emb': 64, 'noise_label': 54, 'classes_per_task': [5, 6, 5, 6, 6, 5, 5, 5, 6, 5], 'get_samples_per_task': <bound method IncrementalLoader.get_samples_per_task of <dataloaders.class_incremental_loader.IncrementalLoader object at 0x74ef9ad29bb0>>, 'task_epoch_schedule': {}} # val: 0.134 0.002 -0.132 0.000 # sizes: model_gb=0.0289 mem_gb=0.0000 # 15181.061395406723
[STATE 2026-05-30 20:32:07] results.pt components (approx): state_dict 29.6 MB, result_val_t 0.1 KB, result_val_a 0.8 KB
[STATE 2026-05-30 20:32:07] Results saved; total runtime 4.22h
Total runtime: 4.22 hours
