[STATE 2026-05-30 12:00:31] Enabling terminal logging to logs//icarl/seed-sweep_one-shot_cil-2026-05-30_12-00-31-0319/39/terminal.log
New Experiment Starting...
Running model:  icarl
[STATE 2026-05-30 12:00:31] Experiment 'seed-sweep_one-shot_cil' starting with model 'icarl' (seed 39)
Set seed 39
[STATE 2026-05-30 12:00:31] Runtime accel: cudnn.benchmark=False amp=True amp_dtype=bfloat16
t2-rcn.npz train: x=(50362, 1024), y=(50362, 2)
t2-rcn.npz test: x=(16787, 1024), y=(16787, 2)
t2-rcn.npz: applied data scaling mode 'normalize'.
Loaded t2-rcn.npz: Unique train labels: UniqueCountsResult(values=array([-1,  3,  5, 10, 12, 15]), counts=array([24209,  5770,  3030,  2320,  7509,  7524]))
Noise labels ratio in t2-rcn.npz train: 0.24, test: 0.24
Loaded t2-rcn.npz: Remapped labels: [-1  0  1  2  3  4]. Size: 50362)
t0-rcn.npz train: x=(51916, 1024), y=(51916, 2)
t0-rcn.npz test: x=(17305, 1024), y=(17305, 2)
t0-rcn.npz: applied data scaling mode 'normalize'.
Loaded t0-rcn.npz: Unique train labels: UniqueCountsResult(values=array([-1,  1,  8,  9, 11, 13, 14]), counts=array([24225,  4268,  2495,  2943,  3015,  7464,  7506]))
Noise labels ratio in t0-rcn.npz train: 0.23, test: 0.23
Loaded t0-rcn.npz: Remapped labels: [-1  5  6  7  8  9 10]. Size: 51916)
t2-uclresm-25noise.npz train: moved sample axis (3, 350028, 1024) -> (350028, 3, 1024)
t2-uclresm-25noise.npz test: moved sample axis (3, 233351, 1024) -> (233351, 3, 1024)
t2-uclresm-25noise.npz train: x=(350028, 3, 1024), y=(350028,)
t2-uclresm-25noise.npz test: x=(233351, 3, 1024), y=(233351,)
t2-uclresm-25noise.npz: applied data scaling mode 'normalize'.
Loaded t2-uclresm-25noise.npz: Unique train labels: UniqueCountsResult(values=array([-1,  0,  1,  2,  3,  4]), counts=array([87441, 27347, 71754, 64298, 36005, 63183]))
Noise labels ratio in t2-uclresm-25noise.npz train: 0.25, test: 0.25
Loaded t2-uclresm-25noise.npz: Remapped labels: [-1 11 12 13 14 15]. Size: 350028)
t0-deeprad.npz train: x=(24480, 1024), y=(24480, 2)
t0-deeprad.npz test: x=(8160, 1024), y=(8160, 2)
t0-deeprad.npz: applied data scaling mode 'normalize'.
Loaded t0-deeprad.npz: Unique train labels: UniqueCountsResult(values=array([-1,  0,  1,  2,  3,  4,  5]), counts=array([12240,  2029,  1983,  2043,  2154,  2015,  2016]))
Noise labels ratio in t0-deeprad.npz train: 0.25, test: 0.25
Loaded t0-deeprad.npz: Remapped labels: [-1 16 17 18 19 20 21]. Size: 24480)
t1-deeprad.npz train: x=(24480, 1024), y=(24480, 2)
t1-deeprad.npz test: x=(8160, 1024), y=(8160, 2)
t1-deeprad.npz: applied data scaling mode 'normalize'.
Loaded t1-deeprad.npz: Unique train labels: UniqueCountsResult(values=array([-1,  0,  1,  2,  3,  4,  5]), counts=array([12240,  1988,  2029,  2054,  1988,  2053,  2128]))
Noise labels ratio in t1-deeprad.npz train: 0.25, test: 0.25
Loaded t1-deeprad.npz: Remapped labels: [-1 22 23 24 25 26 27]. Size: 24480)
t1-uclresm-25noise.npz train: moved sample axis (3, 201410, 1024) -> (201410, 3, 1024)
t1-uclresm-25noise.npz test: moved sample axis (3, 116291, 1024) -> (116291, 3, 1024)
t1-uclresm-25noise.npz train: x=(201410, 3, 1024), y=(201410,)
t1-uclresm-25noise.npz test: x=(116291, 3, 1024), y=(116291,)
t1-uclresm-25noise.npz: applied data scaling mode 'normalize'.
Loaded t1-uclresm-25noise.npz: Unique train labels: UniqueCountsResult(values=array([-1,  0,  1,  2,  3,  4]), counts=array([43668, 18021, 17838, 18087, 31870, 71926]))
Noise labels ratio in t1-uclresm-25noise.npz train: 0.22, test: 0.25
Loaded t1-uclresm-25noise.npz: Remapped labels: [-1 28 29 30 31 32]. Size: 201410)
t3-deeprad.npz train: x=(17340, 1024), y=(17340, 2)
t3-deeprad.npz test: x=(6800, 1024), y=(6800, 2)
t3-deeprad.npz: applied data scaling mode 'normalize'.
Loaded t3-deeprad.npz: Unique train labels: UniqueCountsResult(values=array([-1,  0,  1,  2,  3,  4]), counts=array([8670, 1693, 1677, 1794, 1716, 1790]))
Noise labels ratio in t3-deeprad.npz train: 0.25, test: 0.25
Loaded t3-deeprad.npz: Remapped labels: [-1 33 34 35 36 37]. Size: 17340)
t0-uclresm-25noise.npz train: moved sample axis (3, 188050, 1024) -> (188050, 3, 1024)
t0-uclresm-25noise.npz test: moved sample axis (3, 107348, 1024) -> (107348, 3, 1024)
t0-uclresm-25noise.npz train: x=(188050, 3, 1024), y=(188050,)
t0-uclresm-25noise.npz test: x=(107348, 3, 1024), y=(107348,)
t0-uclresm-25noise.npz: applied data scaling mode 'normalize'.
Loaded t0-uclresm-25noise.npz: Unique train labels: UniqueCountsResult(values=array([-1,  0,  1,  2,  3,  4]), counts=array([40144, 32109, 17978, 17979, 18098, 61742]))
Noise labels ratio in t0-uclresm-25noise.npz train: 0.21, test: 0.25
Loaded t0-uclresm-25noise.npz: Remapped labels: [-1 38 39 40 41 42]. Size: 188050)
t1-rcn.npz train: x=(36658, 1024), y=(36658, 2)
t1-rcn.npz test: x=(12220, 1024), y=(12220, 2)
t1-rcn.npz: applied data scaling mode 'normalize'.
Loaded t1-rcn.npz: Unique train labels: UniqueCountsResult(values=array([-1,  0,  2,  4,  6,  7, 16]), counts=array([20595,   824,  2087,  2606,  2396,  1716,  6434]))
Noise labels ratio in t1-rcn.npz train: 0.28, test: 0.28
Loaded t1-rcn.npz: Remapped labels: [-1 43 44 45 46 47 48]. Size: 36658)
t2-deeprad.npz train: x=(17340, 1024), y=(17340, 2)
t2-deeprad.npz test: x=(6800, 1024), y=(6800, 2)
t2-deeprad.npz: applied data scaling mode 'normalize'.
Loaded t2-deeprad.npz: Unique train labels: UniqueCountsResult(values=array([-1,  0,  1,  2,  3,  4]), counts=array([8670, 1774, 1675, 1777, 1694, 1750]))
Noise labels ratio in t2-deeprad.npz train: 0.25, test: 0.25
Loaded t2-deeprad.npz: Remapped labels: [-1 49 50 51 52 53]. Size: 17340)
Built IQ classes_per_task (increments): [5, 6, 5, 6, 6, 5, 5, 5, 6, 5]
Classes per task: [5, 6, 5, 6, 6, 5, 5, 5, 6, 5]
[STATE 2026-05-30 12:01:42] Loader 'class_incremental_loader' ready: 1024 inputs, 55 outputs, 10 tasks
n_outputs: 55 	n_tasks: 10
[STATE 2026-05-30 12:01:42] Logging to logs//icarl/seed-sweep_one-shot_cil-2026-05-30_12-00-31-0319/39
5120 0.1 1.0 -1
True
Model device: cuda:0
[STATE 2026-05-30 12:01:42] Model initialized on device cuda:0
[STATE 2026-05-30 12:01:42] Invoking continual life experience flow
[STATE 2026-05-30 12:01:42] Life experience start: 10 tasks queued
[STATE 2026-05-30 12:01:42] Legacy epoch behavior enabled: using n_epochs=1 for all tasks
[STATE 2026-05-30 12:01:42] Task 0: zero-shot validation (pre-train)
---- Zero-shot (pre-train) task 0: rec_cls 0.1724 | prec_cls 0.1191 | f1_cls 0.0620 | det 0.4999 | pfa 0.9998 | total_f1 0.0620 ----
[STATE 2026-05-30 12:01:50] Starting task 0 (1/10)
[STATE 2026-05-30 12:01:50] Task 0 Epoch 1/1: entering train loop
[STATE 2026-05-30 12:02:59] Task 0 Epoch 1/1: running validation (end of epoch)
---- Eval at Epoch 0: cls [0.6029420180199281] | det_recall [0.8497957655898635] | det_fa [0.2613361857880425] ----
T0 Ep 1/1 | L 1.7470 | Train Acc 0.49 | Prec 0.51 | F1 0.45 | Det Rec 0.76 | Det FA 0.40 | Epoch Time 76.40s (Eval 7.36s, Train 69.04s)
[STATE 2026-05-30 12:03:06] T0 Ep 1/1 complete: Prec 0.5134 F1 0.4520 DetRec 0.7639 DetFA 0.3961 | 76.40s total (7.36s eval/69.04s train)
[STATE 2026-05-30 12:03:06] Task 0: running final validation.
Saved task checkpoint: logs//icarl/seed-sweep_one-shot_cil-2026-05-30_12-00-31-0319/39/checkpoints/task_0.pt
[STATE 2026-05-30 12:03:14] Saved task checkpoint to logs//icarl/seed-sweep_one-shot_cil-2026-05-30_12-00-31-0319/39/checkpoints/task_0.pt
[STATE 2026-05-30 12:03:14] Completed task 0 (1/10)
[STATE 2026-05-30 12:03:14] Task 1: zero-shot validation (pre-train)
---- Zero-shot (pre-train) task 1: rec_cls 0.2733 | prec_cls 0.1522 | f1_cls 0.1736 | det 0.6695 | pfa 0.6114 | total_f1 0.3879 ----
[STATE 2026-05-30 12:03:37] Starting task 1 (2/10)
[STATE 2026-05-30 12:03:37] Task 1 Epoch 1/1: entering train loop
[STATE 2026-05-30 12:04:41] Task 1 Epoch 1/1: running validation (end of epoch)
---- Eval at Epoch 0: cls [0.05977194174840007, 0.1412731134146361] | det_recall [0.5475544025440469, 0.6172788382469635] | det_fa [0.0, 0.6716696234127101] ----
T1 Ep 1/1 | L 2.2540 | Train Acc 0.34 | Prec 0.34 | F1 0.23 | Det Rec 0.57 | Det FA 0.77 | Epoch Time 87.47s (Eval 23.41s, Train 64.07s)
[STATE 2026-05-30 12:05:04] T1 Ep 1/1 complete: Prec 0.3427 F1 0.2339 DetRec 0.5715 DetFA 0.7731 | 87.47s total (23.41s eval/64.07s train)
[STATE 2026-05-30 12:05:04] Task 1: running final validation.
Saved task checkpoint: logs//icarl/seed-sweep_one-shot_cil-2026-05-30_12-00-31-0319/39/checkpoints/task_1.pt
[STATE 2026-05-30 12:05:27] Saved task checkpoint to logs//icarl/seed-sweep_one-shot_cil-2026-05-30_12-00-31-0319/39/checkpoints/task_1.pt
[STATE 2026-05-30 12:05:27] Completed task 1 (2/10)
Note: Unified mixed IQ test tensors to (N, 3, L) via ADC0 I/Q + zero-padded ADC1/2 (IID2-style) for cumulative CIL.
[STATE 2026-05-30 12:05:31] Task 2: zero-shot validation (pre-train)
---- Zero-shot (pre-train) task 2: rec_cls 0.0645 | prec_cls 0.0060 | f1_cls 0.0091 | det 0.4346 | pfa 0.9545 | total_f1 0.0979 ----
[STATE 2026-05-30 12:07:27] Starting task 2 (3/10)
[STATE 2026-05-30 12:07:27] Task 2 Epoch 1/1: entering train loop
[STATE 2026-05-30 12:14:36] Task 2 Epoch 1/1: running validation (end of epoch)
---- Eval at Epoch 0: cls [0.0, 0.0, 0.06965574106818381] | det_recall [0.5, 0.5014468047174593, 0.6439474381373376] | det_fa [0.0, 0.0, 0.5781224112094883] ----
T2 Ep 1/1 | L 1.7880 | Train Acc 0.23 | Prec 0.25 | F1 0.25 | Det Rec 0.76 | Det FA 0.46 | Epoch Time 543.93s (Eval 114.42s, Train 429.52s)
[STATE 2026-05-30 12:16:31] T2 Ep 1/1 complete: Prec 0.2510 F1 0.2511 DetRec 0.7564 DetFA 0.4588 | 543.93s total (114.42s eval/429.52s train)
[STATE 2026-05-30 12:16:31] Task 2: running final validation.
Saved task checkpoint: logs//icarl/seed-sweep_one-shot_cil-2026-05-30_12-00-31-0319/39/checkpoints/task_2.pt
[STATE 2026-05-30 12:18:24] Saved task checkpoint to logs//icarl/seed-sweep_one-shot_cil-2026-05-30_12-00-31-0319/39/checkpoints/task_2.pt
[STATE 2026-05-30 12:18:24] Completed task 2 (3/10)
Note: Unified mixed IQ test tensors to (N, 3, L) via ADC0 I/Q + zero-padded ADC1/2 (IID2-style) for cumulative CIL.
[STATE 2026-05-30 12:18:27] Task 3: zero-shot validation (pre-train)
---- Zero-shot (pre-train) task 3: rec_cls 0.0528 | prec_cls 0.0566 | f1_cls 0.0630 | det 0.6244 | pfa 0.6163 | total_f1 0.0773 ----
[STATE 2026-05-30 12:22:00] Starting task 3 (4/10)
[STATE 2026-05-30 12:22:00] Task 3 Epoch 1/1: entering train loop
[STATE 2026-05-30 12:22:32] Task 3 Epoch 1/1: running validation (end of epoch)
---- Eval at Epoch 0: cls [0.0, 0.0, 0.0001696321783407644, 0.03808202444877003] | det_recall [0.5, 0.5012675944440468, 0.5032236724724944, 0.39914767014888913] | det_fa [0.0, 0.0006021416140238662, 0.0, 0.7310670208440437] ----
T3 Ep 1/1 | L 1.8468 | Train Acc 0.33 | Prec 0.30 | F1 0.37 | Det Rec 0.97 | Det FA 0.04 | Epoch Time 246.85s (Eval 214.14s, Train 32.70s)
[STATE 2026-05-30 12:26:06] T3 Ep 1/1 complete: Prec 0.2993 F1 0.3653 DetRec 0.9691 DetFA 0.0445 | 246.85s total (214.14s eval/32.70s train)
[STATE 2026-05-30 12:26:06] Task 3: running final validation.
Saved task checkpoint: logs//icarl/seed-sweep_one-shot_cil-2026-05-30_12-00-31-0319/39/checkpoints/task_3.pt
[STATE 2026-05-30 12:29:36] Saved task checkpoint to logs//icarl/seed-sweep_one-shot_cil-2026-05-30_12-00-31-0319/39/checkpoints/task_3.pt
[STATE 2026-05-30 12:29:36] Completed task 3 (4/10)
Note: Unified mixed IQ test tensors to (N, 3, L) via ADC0 I/Q + zero-padded ADC1/2 (IID2-style) for cumulative CIL.
[STATE 2026-05-30 12:29:38] Task 4: zero-shot validation (pre-train)
---- Zero-shot (pre-train) task 4: rec_cls 0.0324 | prec_cls 0.0018 | f1_cls 0.0082 | det 0.3698 | pfa 0.8126 | total_f1 0.0421 ----
[STATE 2026-05-30 12:34:47] Starting task 4 (5/10)
[STATE 2026-05-30 12:34:47] Task 4 Epoch 1/1: entering train loop
[STATE 2026-05-30 12:35:20] Task 4 Epoch 1/1: running validation (end of epoch)
---- Eval at Epoch 0: cls [0.00023215546834318599, 0.0, 6.781784773530977e-05, 0.00611126682527156, 0.03230602911170791] | det_recall [0.5002738877644166, 0.5002590553235862, 0.49944801432821234, 0.4907585380577477, 0.30793281180553234] | det_fa [0.0003526309333987489, 0.0004347093492565349, 0.0035315144219923928, 0.0434302059795199, 0.7448073623431368] ----
T4 Ep 1/1 | L 2.3684 | Train Acc 0.23 | Prec 0.16 | F1 0.24 | Det Rec 0.88 | Det FA 0.15 | Epoch Time 345.35s (Eval 312.77s, Train 32.58s)
[STATE 2026-05-30 12:40:32] T4 Ep 1/1 complete: Prec 0.1561 F1 0.2377 DetRec 0.8811 DetFA 0.1467 | 345.35s total (312.77s eval/32.58s train)
[STATE 2026-05-30 12:40:32] Task 4: running final validation.
Saved task checkpoint: logs//icarl/seed-sweep_one-shot_cil-2026-05-30_12-00-31-0319/39/checkpoints/task_4.pt
[STATE 2026-05-30 12:45:43] Saved task checkpoint to logs//icarl/seed-sweep_one-shot_cil-2026-05-30_12-00-31-0319/39/checkpoints/task_4.pt
[STATE 2026-05-30 12:45:43] Completed task 4 (5/10)
Note: Unified mixed IQ test tensors to (N, 3, L) via ADC0 I/Q + zero-padded ADC1/2 (IID2-style) for cumulative CIL.
[STATE 2026-05-30 12:45:48] Task 5: zero-shot validation (pre-train)
---- Zero-shot (pre-train) task 5: rec_cls 0.0254 | prec_cls 0.0005 | f1_cls 0.0080 | det 0.3188 | pfa 0.6873 | total_f1 0.0380 ----
[STATE 2026-05-30 12:53:28] Starting task 5 (6/10)
[STATE 2026-05-30 12:53:28] Task 5 Epoch 1/1: entering train loop
[STATE 2026-05-30 12:57:49] Task 5 Epoch 1/1: running validation (end of epoch)
---- Eval at Epoch 0: cls [0.0, 0.0, 0.0, 0.0, 0.0, 0.05379134371163959] | det_recall [0.5, 0.49993322203010415, 0.51140623361909, 0.5212172424107582, 0.5235742981289853, 0.6462677983146135] | det_fa [0.0, 0.00018705190084663688, 0.007154244729763625, 0.026741273429576592, 0.037362278515075224, 0.5254872885322376] ----
T5 Ep 1/1 | L 1.4024 | Train Acc 0.42 | Prec 0.46 | F1 0.42 | Det Rec 0.76 | Det FA 0.38 | Epoch Time 717.11s (Eval 455.88s, Train 261.23s)
[STATE 2026-05-30 13:05:25] T5 Ep 1/1 complete: Prec 0.4572 F1 0.4230 DetRec 0.7635 DetFA 0.3755 | 717.11s total (455.88s eval/261.23s train)
[STATE 2026-05-30 13:05:25] Task 5: running final validation.
Saved task checkpoint: logs//icarl/seed-sweep_one-shot_cil-2026-05-30_12-00-31-0319/39/checkpoints/task_5.pt
[STATE 2026-05-30 13:13:04] Saved task checkpoint to logs//icarl/seed-sweep_one-shot_cil-2026-05-30_12-00-31-0319/39/checkpoints/task_5.pt
[STATE 2026-05-30 13:13:04] Completed task 5 (6/10)
Note: Unified mixed IQ test tensors to (N, 3, L) via ADC0 I/Q + zero-padded ADC1/2 (IID2-style) for cumulative CIL.
[STATE 2026-05-30 13:13:08] Task 6: zero-shot validation (pre-train)
---- Zero-shot (pre-train) task 6: rec_cls 0.0473 | prec_cls 0.0202 | f1_cls 0.0384 | det 0.6346 | pfa 0.5461 | total_f1 0.0446 ----
[STATE 2026-05-30 13:23:14] Starting task 6 (7/10)
[STATE 2026-05-30 13:23:14] Task 6 Epoch 1/1: entering train loop
[STATE 2026-05-30 13:23:39] Task 6 Epoch 1/1: running validation (end of epoch)
---- Eval at Epoch 0: cls [0.015973311233105685, 0.0, 4.578655957849299e-05, 0.0, 0.0005947101510133487, 0.0003683602172299203, 0.028478988671284265] | det_recall [0.5033543531165793, 0.5106396887896771, 0.5023470348619639, 0.5123089957393355, 0.5124270287956754, 0.5138106152378509, 0.33491976050529104] | det_fa [0.04292274137272029, 0.06134423972108782, 0.002263989668754551, 0.04045238458514266, 0.037021564425992574, 0.056749493220273575, 0.7792770754901962] ----
T6 Ep 1/1 | L 2.1259 | Train Acc 0.34 | Prec 0.30 | F1 0.40 | Det Rec 0.96 | Det FA 0.03 | Epoch Time 629.46s (Eval 605.37s, Train 24.09s)
[STATE 2026-05-30 13:33:44] T6 Ep 1/1 complete: Prec 0.3034 F1 0.3969 DetRec 0.9582 DetFA 0.0308 | 629.46s total (605.37s eval/24.09s train)
[STATE 2026-05-30 13:33:44] Task 6: running final validation.
Saved task checkpoint: logs//icarl/seed-sweep_one-shot_cil-2026-05-30_12-00-31-0319/39/checkpoints/task_6.pt
[STATE 2026-05-30 13:43:49] Saved task checkpoint to logs//icarl/seed-sweep_one-shot_cil-2026-05-30_12-00-31-0319/39/checkpoints/task_6.pt
[STATE 2026-05-30 13:43:49] Completed task 6 (7/10)
Note: Unified mixed IQ test tensors to (N, 3, L) via ADC0 I/Q + zero-padded ADC1/2 (IID2-style) for cumulative CIL.
[STATE 2026-05-30 13:43:53] Task 7: zero-shot validation (pre-train)
---- Zero-shot (pre-train) task 7: rec_cls 0.0201 | prec_cls 0.0009 | f1_cls 0.0066 | det 0.3566 | pfa 0.7496 | total_f1 0.0346 ----
[STATE 2026-05-30 13:57:04] Starting task 7 (8/10)
[STATE 2026-05-30 13:57:04] Task 7 Epoch 1/1: entering train loop
[STATE 2026-05-30 14:01:19] Task 7 Epoch 1/1: running validation (end of epoch)
---- Eval at Epoch 0: cls [0.002361950453920941, 0.0, 0.0, 0.000561836855954503, 4.929508035098097e-05, 0.002911666548916637, 0.0025682863105189863, 0.055541140755316944] | det_recall [0.5021033186650242, 0.508577137573084, 0.504566590782097, 0.5088119038533888, 0.508378440580995, 0.5221368107553933, 0.5229180881744555, 0.6754689489935602] | det_fa [0.0, 0.0, 1.7846626095336676e-05, 0.00028379563913611826, 0.0005730074564059783, 0.000295388007394331, 0.0006787026173829095, 0.5162922422591623] ----
T7 Ep 1/1 | L 1.3351 | Train Acc 0.42 | Prec 0.46 | F1 0.42 | Det Rec 0.77 | Det FA 0.35 | Epoch Time 1049.10s (Eval 794.81s, Train 254.29s)
[STATE 2026-05-30 14:14:33] T7 Ep 1/1 complete: Prec 0.4579 F1 0.4243 DetRec 0.7721 DetFA 0.3455 | 1049.10s total (794.81s eval/254.29s train)
[STATE 2026-05-30 14:14:33] Task 7: running final validation.
Saved task checkpoint: logs//icarl/seed-sweep_one-shot_cil-2026-05-30_12-00-31-0319/39/checkpoints/task_7.pt
[STATE 2026-05-30 14:27:41] Saved task checkpoint to logs//icarl/seed-sweep_one-shot_cil-2026-05-30_12-00-31-0319/39/checkpoints/task_7.pt
[STATE 2026-05-30 14:27:41] Completed task 7 (8/10)
Note: Unified mixed IQ test tensors to (N, 3, L) via ADC0 I/Q + zero-padded ADC1/2 (IID2-style) for cumulative CIL.
[STATE 2026-05-30 14:27:45] Task 8: zero-shot validation (pre-train)
---- Zero-shot (pre-train) task 8: rec_cls 0.0502 | prec_cls 0.0109 | f1_cls 0.0277 | det 0.6616 | pfa 0.5474 | total_f1 0.0368 ----
[STATE 2026-05-30 14:44:13] Starting task 8 (9/10)
[STATE 2026-05-30 14:44:13] Task 8 Epoch 1/1: entering train loop
[STATE 2026-05-30 14:45:04] Task 8 Epoch 1/1: running validation (end of epoch)
---- Eval at Epoch 0: cls [0.017880563108869107, 0.0, 1.3899379730675576e-05, 0.00022720199190787426, 0.0, 0.00040637172022967385, 0.00031890850361823334, 0.0005602261680275943, 0.008963484739402318] | det_recall [0.5435831893375056, 0.5445722313232515, 0.5024407498669727, 0.49715026898494635, 0.4969205646423765, 0.4762297021934286, 0.4633201709480401, 0.48075798266892467, 0.4221832911907048] | det_fa [0.0, 0.0, 0.0, 0.009548091511118108, 0.009687649866242282, 0.05651616175899153, 0.08204230650066895, 0.050059811654642544, 0.8681382375947144] ----
T8 Ep 1/1 | L 1.8158 | Train Acc 0.49 | Prec 0.53 | F1 0.38 | Det Rec 0.67 | Det FA 0.55 | Epoch Time 1035.02s (Eval 983.78s, Train 51.24s)
[STATE 2026-05-30 15:01:28] T8 Ep 1/1 complete: Prec 0.5315 F1 0.3836 DetRec 0.6730 DetFA 0.5540 | 1035.02s total (983.78s eval/51.24s train)
[STATE 2026-05-30 15:01:28] Task 8: running final validation.
Saved task checkpoint: logs//icarl/seed-sweep_one-shot_cil-2026-05-30_12-00-31-0319/39/checkpoints/task_8.pt
[STATE 2026-05-30 15:17:56] Saved task checkpoint to logs//icarl/seed-sweep_one-shot_cil-2026-05-30_12-00-31-0319/39/checkpoints/task_8.pt
[STATE 2026-05-30 15:17:56] Completed task 8 (9/10)
Note: Unified mixed IQ test tensors to (N, 3, L) via ADC0 I/Q + zero-padded ADC1/2 (IID2-style) for cumulative CIL.
[STATE 2026-05-30 15:18:01] Task 9: zero-shot validation (pre-train)
---- Zero-shot (pre-train) task 9: rec_cls 0.0083 | prec_cls 0.0005 | f1_cls 0.0038 | det 0.4177 | pfa 0.8750 | total_f1 0.0313 ----
[STATE 2026-05-30 15:37:49] Starting task 9 (10/10)
[STATE 2026-05-30 15:37:49] Task 9 Epoch 1/1: entering train loop
[STATE 2026-05-30 15:38:16] Task 9 Epoch 1/1: running validation (end of epoch)
---- Eval at Epoch 0: cls [0.0, 7.759775099546828e-05, 0.00013494712683430446, 1.4282614178611452e-05, 5.797543007915879e-06, 6.588911446571647e-05, 4.1891614201002066e-05, 0.0009526268685482747, 0.0008862928096183876, 0.013479340831741255] | det_recall [0.5, 0.5010670296607805, 0.5003750892951994, 0.5005217717244153, 0.5004463079625816, 0.5009604814108752, 0.5009065943928122, 0.5048694002714762, 0.5048385864098103, 0.37990225605817174] | det_fa [0.0, 0.0, 0.0, 0.0, 1.417233560090703e-05, 0.0001624350878847252, 0.00029837977611100997, 0.011725280604568162, 0.013800426811593441, 0.7375478575186986] ----
T9 Ep 1/1 | L 2.4401 | Train Acc 0.24 | Prec 0.16 | F1 0.29 | Det Rec 0.97 | Det FA 0.02 | Epoch Time 1212.50s (Eval 1186.20s, Train 26.30s)
[STATE 2026-05-30 15:58:02] T9 Ep 1/1 complete: Prec 0.1630 F1 0.2945 DetRec 0.9706 DetFA 0.0154 | 1212.50s total (1186.20s eval/26.30s train)
[STATE 2026-05-30 15:58:02] Task 9: running final validation.
Saved task checkpoint: logs//icarl/seed-sweep_one-shot_cil-2026-05-30_12-00-31-0319/39/checkpoints/task_9.pt
[STATE 2026-05-30 16:17:49] Saved task checkpoint to logs//icarl/seed-sweep_one-shot_cil-2026-05-30_12-00-31-0319/39/checkpoints/task_9.pt
[STATE 2026-05-30 16:17:49] Completed task 9 (10/10)
####Final Validation Accuracy####
Final Results:- 
 Total Recall: 0.0015727552419173845 
 Individual Recall: [0.0, 3.990741479766941e-05, 0.00012653160425078522, 1.6750893059967124e-05, 2.5651286155487833e-06, 5.525412365850989e-05, 3.790661052170367e-05, 0.0009759307953074886, 0.0008879654120214784, 0.013584740436940693]
Final Detection Results:- 
 Total Detection: 0.48933803268517073 
 Individual Detection: [0.5, 0.5007955296817922, 0.500387835479413, 0.5005131862524179, 0.500472691506041, 0.5008856558804107, 0.500955859445146, 0.5047717427157895, 0.5049370607727841, 0.37966076511791286]
Final Detection False Alarm:- 
 Total False Alarm: 0.07641242676538883 
 Individual False Alarm: [0.0, 0.0, 0.0, 0.0, 0.0, 0.0001719825442487582, 0.0002522679030338481, 0.011992257791496472, 0.013684367057770397, 0.7380233923573388]
SUMMARY_TR cls_rec=0.2422 cls_prec=0.1630 cls_f1=0.2945 det=0.4894 fa=0.0764
SUMMARY_TE cls_rec=0.0016 cls_prec=0.0018 cls_f1=0.0293 det=0.4893 fa=0.0764
[STATE 2026-05-30 16:17:49] Saving results to logs//icarl/seed-sweep_one-shot_cil-2026-05-30_12-00-31-0319/39/results
Model size: 0.0289 GB
Memory buffer size: 0.0000 GB
logs//icarl/seed-sweep_one-shot_cil-2026-05-30_12-00-31-0319/39/results: {'expt_name': 'seed-sweep_one-shot_cil', 'model': 'icarl', 'arch': 'resnet1d', 'n_hiddens': 100, 'n_layers': 2, 'xav_init': False, 'debug': False, 'use_detector_arch': False, 'use_groupnorm': False, 'inner_steps': 2, 'n_epochs': 1, 'batch_size': 256, 'replay_batch_size': 128, 'memories': 5120, 'lr': 0.3, 'optimizer': 'sgd', 'prune_perc': 0.75, 'post_prune_epochs': 0, 'class_weighted_ce': True, 'cuda': True, 'amp': True, 'amp_dtype': 'bfloat16', 'cudnn_benchmark': True, 'seed': 39, 'log_every': 10, 'log_dir': 'logs//icarl/seed-sweep_one-shot_cil-2026-05-30_12-00-31-0319/39', 'tf_dir': 'logs//icarl/seed-sweep_one-shot_cil-2026-05-30_12-00-31-0319/39/tfdir', 'calc_test_accuracy': False, 'state_logging': True, 'data_path': 'data/rff/radar/full', 'task_order_files': 't2-rcn,t0-rcn,t2-uclresm-25noise,t0-deeprad,t1-deeprad,t1-uclresm-25noise,t3-deeprad,t0-uclresm-25noise,t1-rcn,t2-deeprad', 'loader': 'class_incremental_loader', 'samples_per_task': -1, 'task_order_seed': None, 'classes_per_it': 6, 'iterations': 5000, 'dataset': 'iq', 'workers': 0, 'validation': 0.5, 'data_scaling': 'normalize', 'use_iq_aug_features': False, 'iq_aug_feature_type': 'power', 'class_order': 'random', 'increment': 5, 'test_batch_size': 512, 'nc_per_task': None, 'nc_per_task_list': '', 'val_rate': 1000, 'opt_lr': 0.1, 'opt_wt': 0.1, 'alpha_init': 0.001, 'momentum': 0.0, 'learn_lr': False, 'sync_update': False, 'grad_clip_norm': 5.0, 'meta_batches': 3, 'use_old_task_memory': False, 'second_order': False, 'n_memories': 5120, 'memory_strength': 0.1, 'memory_loss_lambda': 1.0, 'steps_per_sample': 1, 'bgd_optimizer': 'sgd', 'optimizer_params': '{}', 'train_mc_iters': 5, 'std_init': 0.05, 'mean_eta': 1, 'fisher_gamma': 0.95, 'rln': 7, 'meta_lr': 0.001, 'update_lr': 0.1, 'ctx_lr': 0.05, 'n_meta': 1, 'temperature': 5.0, 'task_emb': 64, 'noise_label': 54, 'classes_per_task': [5, 6, 5, 6, 6, 5, 5, 5, 6, 5], 'get_samples_per_task': <bound method IncrementalLoader.get_samples_per_task of <dataloaders.class_incremental_loader.IncrementalLoader object at 0x74ba9ce920f0>>, 'task_epoch_schedule': {}} # val: 0.105 0.002 -0.103 0.000 # sizes: model_gb=0.0289 mem_gb=0.0000 # 15366.359627962112
[STATE 2026-05-30 16:17:49] results.pt components (approx): state_dict 29.6 MB, result_val_t 0.1 KB, result_val_a 0.8 KB
[STATE 2026-05-30 16:17:49] Results saved; total runtime 4.27h
Total runtime: 4.27 hours
