[STATE 2026-05-28 20:35:12] Enabling terminal logging to logs//er_ring/seed-sweep_one-shot_til-2026-05-28_20-35-12-0375/55/terminal.log
New Experiment Starting...
Running model:  er_ring
[STATE 2026-05-28 20:35:12] Experiment 'seed-sweep_one-shot_til' starting with model 'er_ring' (seed 55)
Set seed 55
[STATE 2026-05-28 20:35:12] Runtime accel: cudnn.benchmark=False amp=True amp_dtype=bfloat16
t2-rcn.npz train: x=(50362, 1024), y=(50362, 2)
t2-rcn.npz test: x=(16787, 1024), y=(16787, 2)
t2-rcn.npz: applied data scaling mode 'normalize'.
Loaded t2-rcn.npz: Unique train labels: UniqueCountsResult(values=array([-1,  3,  5, 10, 12, 15]), counts=array([24209,  5770,  3030,  2320,  7509,  7524]))
Noise labels ratio in t2-rcn.npz train: 0.24, test: 0.24
Loaded t2-rcn.npz: Remapped labels: [0 1 2 3 4 5]. Size: 50362)
t0-rcn.npz train: x=(51916, 1024), y=(51916, 2)
t0-rcn.npz test: x=(17305, 1024), y=(17305, 2)
t0-rcn.npz: applied data scaling mode 'normalize'.
Loaded t0-rcn.npz: Unique train labels: UniqueCountsResult(values=array([-1,  1,  8,  9, 11, 13, 14]), counts=array([24225,  4268,  2495,  2943,  3015,  7464,  7506]))
Noise labels ratio in t0-rcn.npz train: 0.23, test: 0.23
Loaded t0-rcn.npz: Remapped labels: [ 6  7  8  9 10 11 12]. Size: 51916)
t2-uclresm-25noise.npz train: moved sample axis (3, 350028, 1024) -> (350028, 3, 1024)
t2-uclresm-25noise.npz test: moved sample axis (3, 233351, 1024) -> (233351, 3, 1024)
t2-uclresm-25noise.npz train: x=(350028, 3, 1024), y=(350028,)
t2-uclresm-25noise.npz test: x=(233351, 3, 1024), y=(233351,)
t2-uclresm-25noise.npz: applied data scaling mode 'normalize'.
Loaded t2-uclresm-25noise.npz: Unique train labels: UniqueCountsResult(values=array([-1,  0,  1,  2,  3,  4]), counts=array([87441, 27347, 71754, 64298, 36005, 63183]))
Noise labels ratio in t2-uclresm-25noise.npz train: 0.25, test: 0.25
Loaded t2-uclresm-25noise.npz: Remapped labels: [13 14 15 16 17 18]. Size: 350028)
t0-deeprad.npz train: x=(24480, 1024), y=(24480, 2)
t0-deeprad.npz test: x=(8160, 1024), y=(8160, 2)
t0-deeprad.npz: applied data scaling mode 'normalize'.
Loaded t0-deeprad.npz: Unique train labels: UniqueCountsResult(values=array([-1,  0,  1,  2,  3,  4,  5]), counts=array([12240,  2029,  1983,  2043,  2154,  2015,  2016]))
Noise labels ratio in t0-deeprad.npz train: 0.25, test: 0.25
Loaded t0-deeprad.npz: Remapped labels: [19 20 21 22 23 24 25]. Size: 24480)
t1-deeprad.npz train: x=(24480, 1024), y=(24480, 2)
t1-deeprad.npz test: x=(8160, 1024), y=(8160, 2)
t1-deeprad.npz: applied data scaling mode 'normalize'.
Loaded t1-deeprad.npz: Unique train labels: UniqueCountsResult(values=array([-1,  0,  1,  2,  3,  4,  5]), counts=array([12240,  1988,  2029,  2054,  1988,  2053,  2128]))
Noise labels ratio in t1-deeprad.npz train: 0.25, test: 0.25
Loaded t1-deeprad.npz: Remapped labels: [26 27 28 29 30 31 32]. Size: 24480)
t1-uclresm-25noise.npz train: moved sample axis (3, 201410, 1024) -> (201410, 3, 1024)
t1-uclresm-25noise.npz test: moved sample axis (3, 116291, 1024) -> (116291, 3, 1024)
t1-uclresm-25noise.npz train: x=(201410, 3, 1024), y=(201410,)
t1-uclresm-25noise.npz test: x=(116291, 3, 1024), y=(116291,)
t1-uclresm-25noise.npz: applied data scaling mode 'normalize'.
Loaded t1-uclresm-25noise.npz: Unique train labels: UniqueCountsResult(values=array([-1,  0,  1,  2,  3,  4]), counts=array([43668, 18021, 17838, 18087, 31870, 71926]))
Noise labels ratio in t1-uclresm-25noise.npz train: 0.22, test: 0.25
Loaded t1-uclresm-25noise.npz: Remapped labels: [33 34 35 36 37 38]. Size: 201410)
t3-deeprad.npz train: x=(17340, 1024), y=(17340, 2)
t3-deeprad.npz test: x=(6800, 1024), y=(6800, 2)
t3-deeprad.npz: applied data scaling mode 'normalize'.
Loaded t3-deeprad.npz: Unique train labels: UniqueCountsResult(values=array([-1,  0,  1,  2,  3,  4]), counts=array([8670, 1693, 1677, 1794, 1716, 1790]))
Noise labels ratio in t3-deeprad.npz train: 0.25, test: 0.25
Loaded t3-deeprad.npz: Remapped labels: [39 40 41 42 43 44]. Size: 17340)
t0-uclresm-25noise.npz train: moved sample axis (3, 188050, 1024) -> (188050, 3, 1024)
t0-uclresm-25noise.npz test: moved sample axis (3, 107348, 1024) -> (107348, 3, 1024)
t0-uclresm-25noise.npz train: x=(188050, 3, 1024), y=(188050,)
t0-uclresm-25noise.npz test: x=(107348, 3, 1024), y=(107348,)
t0-uclresm-25noise.npz: applied data scaling mode 'normalize'.
Loaded t0-uclresm-25noise.npz: Unique train labels: UniqueCountsResult(values=array([-1,  0,  1,  2,  3,  4]), counts=array([40144, 32109, 17978, 17979, 18098, 61742]))
Noise labels ratio in t0-uclresm-25noise.npz train: 0.21, test: 0.25
Loaded t0-uclresm-25noise.npz: Remapped labels: [45 46 47 48 49 50]. Size: 188050)
t1-rcn.npz train: x=(36658, 1024), y=(36658, 2)
t1-rcn.npz test: x=(12220, 1024), y=(12220, 2)
t1-rcn.npz: applied data scaling mode 'normalize'.
Loaded t1-rcn.npz: Unique train labels: UniqueCountsResult(values=array([-1,  0,  2,  4,  6,  7, 16]), counts=array([20595,   824,  2087,  2606,  2396,  1716,  6434]))
Noise labels ratio in t1-rcn.npz train: 0.28, test: 0.28
Loaded t1-rcn.npz: Remapped labels: [51 52 53 54 55 56 57]. Size: 36658)
t2-deeprad.npz train: x=(17340, 1024), y=(17340, 2)
t2-deeprad.npz test: x=(6800, 1024), y=(6800, 2)
t2-deeprad.npz: applied data scaling mode 'normalize'.
Loaded t2-deeprad.npz: Unique train labels: UniqueCountsResult(values=array([-1,  0,  1,  2,  3,  4]), counts=array([8670, 1774, 1675, 1777, 1694, 1750]))
Noise labels ratio in t2-deeprad.npz train: 0.25, test: 0.25
Loaded t2-deeprad.npz: Remapped labels: [58 59 60 61 62 63]. Size: 17340)
Built classes_per_task: [6, 7, 6, 7, 7, 6, 6, 6, 7, 6]
Classes per task: [6, 7, 6, 7, 7, 6, 6, 6, 7, 6]
[STATE 2026-05-28 20:36:08] Loader 'task_incremental_loader' ready: 1024 inputs, 64 outputs, 10 tasks
n_outputs: 64 	n_tasks: 10
[STATE 2026-05-28 20:36:08] Logging to logs//er_ring/seed-sweep_one-shot_til-2026-05-28_20-35-12-0375/55
True
Model device: cuda:0
[STATE 2026-05-28 20:36:08] Model initialized on device cuda:0
[STATE 2026-05-28 20:36:08] Invoking continual life experience flow
[STATE 2026-05-28 20:36:08] Life experience start: 10 tasks queued
[STATE 2026-05-28 20:36:08] Legacy epoch behavior enabled: using n_epochs=1 for all tasks
Task 0: 50362 training samples, 16787 test samples.
[STATE 2026-05-28 20:36:08] Task 0: zero-shot validation (pre-train)
---- Zero-shot (pre-train) task 0: rec_cls 0.1950 | prec_cls 0.1308 | f1_cls 0.0588 | det 0.5000 | pfa 1.0000 | total_f1 0.0588 ----
[STATE 2026-05-28 20:36:16] Starting task 0 (1/10)
[STATE 2026-05-28 20:36:16] Task 0 Epoch 1/1: entering train loop
[STATE 2026-05-28 20:37:58] Task 0 Epoch 1/1: running validation (end of epoch)
---- Eval at Epoch 0: cls [0.8136021731579705] | det_recall [0.8735706729494714] | det_fa [0.2377607727334305] ----
T0 Ep 1/1 | L 1.0501 | Train Acc 0.57 | Prec 0.59 | F1 0.53 | Det Rec 0.79 | Det FA 0.31 | Epoch Time 108.97s (Eval 7.35s, Train 101.63s)
[STATE 2026-05-28 20:38:05] T0 Ep 1/1 complete: Prec 0.5893 F1 0.5335 DetRec 0.7949 DetFA 0.3125 | 108.97s total (7.35s eval/101.63s train)
[STATE 2026-05-28 20:38:05] Task 0: running final validation.
Saved task checkpoint: logs//er_ring/seed-sweep_one-shot_til-2026-05-28_20-35-12-0375/55/checkpoints/task_0.pt
[STATE 2026-05-28 20:38:13] Saved task checkpoint to logs//er_ring/seed-sweep_one-shot_til-2026-05-28_20-35-12-0375/55/checkpoints/task_0.pt
[STATE 2026-05-28 20:38:13] Completed task 0 (1/10)
Task 1: 51916 training samples, 17305 test samples.
[STATE 2026-05-28 20:38:13] Task 1: zero-shot validation (pre-train)
---- Zero-shot (pre-train) task 1: rec_cls 0.2095 | prec_cls 0.1332 | f1_cls 0.0674 | det 0.5000 | pfa 1.0000 | total_f1 0.4132 ----
[STATE 2026-05-28 20:38:29] Starting task 1 (2/10)
[STATE 2026-05-28 20:38:29] Task 1 Epoch 1/1: entering train loop
[STATE 2026-05-28 20:41:26] Task 1 Epoch 1/1: running validation (end of epoch)
---- Eval at Epoch 0: cls [0.8055028433099274, 0.7672415047378678] | det_recall [0.8686813044033276, 0.7686292373464704] | det_fa [0.210139783800357, 0.40686460715735673] ----
T1 Ep 1/1 | L 1.2189 | Train Acc 0.64 | Prec 0.68 | F1 0.52 | Det Rec 0.66 | Det FA 0.63 | Epoch Time 192.63s (Eval 15.99s, Train 176.65s)
[STATE 2026-05-28 20:41:42] T1 Ep 1/1 complete: Prec 0.6799 F1 0.5156 DetRec 0.6583 DetFA 0.6261 | 192.63s total (15.99s eval/176.65s train)
[STATE 2026-05-28 20:41:42] Task 1: running final validation.
Saved task checkpoint: logs//er_ring/seed-sweep_one-shot_til-2026-05-28_20-35-12-0375/55/checkpoints/task_1.pt
[STATE 2026-05-28 20:41:57] Saved task checkpoint to logs//er_ring/seed-sweep_one-shot_til-2026-05-28_20-35-12-0375/55/checkpoints/task_1.pt
[STATE 2026-05-28 20:41:57] Completed task 1 (2/10)
Task 2: 350028 training samples, 175014 test samples.
[STATE 2026-05-28 20:42:01] Task 2: zero-shot validation (pre-train)
---- Zero-shot (pre-train) task 2: rec_cls 0.0747 | prec_cls 0.2013 | f1_cls 0.1334 | det 0.5427 | pfa 0.2852 | total_f1 0.5294 ----
[STATE 2026-05-28 20:43:38] Starting task 2 (3/10)
[STATE 2026-05-28 20:43:38] Task 2 Epoch 1/1: entering train loop
[STATE 2026-05-28 21:04:20] Task 2 Epoch 1/1: running validation (end of epoch)
---- Eval at Epoch 0: cls [0.687333826393796, 0.6262361879267234, 0.6429763399109178] | det_recall [0.8531450290889759, 0.8135266014816201, 0.7890960375162572] | det_fa [0.14187318214987382, 0.20677931951024306, 0.3919786323917343] ----
T2 Ep 1/1 | L 1.3002 | Train Acc 0.46 | Prec 0.47 | F1 0.47 | Det Rec 0.77 | Det FA 0.41 | Epoch Time 1337.97s (Eval 95.68s, Train 1242.29s)
[STATE 2026-05-28 21:05:56] T2 Ep 1/1 complete: Prec 0.4710 F1 0.4676 DetRec 0.7686 DetFA 0.4146 | 1337.97s total (95.68s eval/1242.29s train)
[STATE 2026-05-28 21:05:56] Task 2: running final validation.
Saved task checkpoint: logs//er_ring/seed-sweep_one-shot_til-2026-05-28_20-35-12-0375/55/checkpoints/task_2.pt
[STATE 2026-05-28 21:07:33] Saved task checkpoint to logs//er_ring/seed-sweep_one-shot_til-2026-05-28_20-35-12-0375/55/checkpoints/task_2.pt
[STATE 2026-05-28 21:07:33] Completed task 2 (3/10)
Task 3: 24480 training samples, 8160 test samples.
[STATE 2026-05-28 21:07:33] Task 3: zero-shot validation (pre-train)
---- Zero-shot (pre-train) task 3: rec_cls 0.1195 | prec_cls 0.1004 | f1_cls 0.0636 | det 0.4552 | pfa 0.9998 | total_f1 0.5132 ----
[STATE 2026-05-28 21:09:13] Starting task 3 (4/10)
[STATE 2026-05-28 21:09:13] Task 3 Epoch 1/1: entering train loop
[STATE 2026-05-28 21:10:44] Task 3 Epoch 1/1: running validation (end of epoch)
---- Eval at Epoch 0: cls [0.6669822139791869, 0.6404388007015014, 0.3812541240573932, 0.5851691598068622] | det_recall [0.8415445123405151, 0.8217844481714074, 0.5093118981511982, 0.9956499172031927] | det_fa [0.13560888259486956, 0.24204021798850567, 0.8672629675724318, 0.007023412366157369] ----
T3 Ep 1/1 | L 1.7288 | Train Acc 0.54 | Prec 0.55 | F1 0.58 | Det Rec 0.98 | Det FA 0.03 | Epoch Time 190.37s (Eval 99.71s, Train 90.66s)
[STATE 2026-05-28 21:12:24] T3 Ep 1/1 complete: Prec 0.5484 F1 0.5838 DetRec 0.9795 DetFA 0.0316 | 190.37s total (99.71s eval/90.66s train)
[STATE 2026-05-28 21:12:24] Task 3: running final validation.
Saved task checkpoint: logs//er_ring/seed-sweep_one-shot_til-2026-05-28_20-35-12-0375/55/checkpoints/task_3.pt
[STATE 2026-05-28 21:14:03] Saved task checkpoint to logs//er_ring/seed-sweep_one-shot_til-2026-05-28_20-35-12-0375/55/checkpoints/task_3.pt
[STATE 2026-05-28 21:14:03] Completed task 3 (4/10)
Task 4: 24480 training samples, 8160 test samples.
[STATE 2026-05-28 21:14:03] Task 4: zero-shot validation (pre-train)
---- Zero-shot (pre-train) task 4: rec_cls 0.0149 | prec_cls 0.0614 | f1_cls 0.0147 | det 0.1968 | pfa 1.0000 | total_f1 0.4572 ----
[STATE 2026-05-28 21:15:46] Starting task 4 (5/10)
[STATE 2026-05-28 21:15:46] Task 4 Epoch 1/1: entering train loop
[STATE 2026-05-28 21:17:19] Task 4 Epoch 1/1: running validation (end of epoch)
---- Eval at Epoch 0: cls [0.6795585213037467, 0.5992396349158787, 0.38667421931882506, 0.4776969275707498, 0.427716201368308] | det_recall [0.8436325781855286, 0.7797638215252, 0.5351956860220852, 0.9948189861552283, 1.0] | det_fa [0.18171228263444172, 0.3616972946299264, 0.8493694353105986, 0.006763300655399902, 0.0] ----
T4 Ep 1/1 | L 1.8459 | Train Acc 0.37 | Prec 0.35 | F1 0.41 | Det Rec 0.98 | Det FA 0.02 | Epoch Time 196.13s (Eval 103.21s, Train 92.92s)
[STATE 2026-05-28 21:19:02] T4 Ep 1/1 complete: Prec 0.3544 F1 0.4093 DetRec 0.9842 DetFA 0.0215 | 196.13s total (103.21s eval/92.92s train)
[STATE 2026-05-28 21:19:02] Task 4: running final validation.
Saved task checkpoint: logs//er_ring/seed-sweep_one-shot_til-2026-05-28_20-35-12-0375/55/checkpoints/task_4.pt
[STATE 2026-05-28 21:20:46] Saved task checkpoint to logs//er_ring/seed-sweep_one-shot_til-2026-05-28_20-35-12-0375/55/checkpoints/task_4.pt
[STATE 2026-05-28 21:20:46] Completed task 4 (5/10)
Task 5: 201410 training samples, 100705 test samples.
[STATE 2026-05-28 21:20:47] Task 5: zero-shot validation (pre-train)
---- Zero-shot (pre-train) task 5: rec_cls 0.0291 | prec_cls 0.1432 | f1_cls 0.0989 | det 0.5046 | pfa 0.1349 | total_f1 0.4407 ----
[STATE 2026-05-28 21:23:19] Starting task 5 (6/10)
[STATE 2026-05-28 21:23:19] Task 5 Epoch 1/1: entering train loop
[STATE 2026-05-28 21:36:26] Task 5 Epoch 1/1: running validation (end of epoch)
---- Eval at Epoch 0: cls [0.549208060473102, 0.5166984834003935, 0.35762849196160984, 0.5259739524726054, 0.37974655427473863, 0.7334044469828068] | det_recall [0.8170445564439276, 0.78312080103183, 0.6176506217640547, 0.9952829457766953, 1.0, 0.8418959130608504] | det_fa [0.20347222627918773, 0.3372430225161528, 0.6239483633426549, 0.005821020199230557, 0.0, 0.279862488747217] ----
T5 Ep 1/1 | L 1.1682 | Train Acc 0.66 | Prec 0.66 | F1 0.63 | Det Rec 0.81 | Det FA 0.32 | Epoch Time 937.45s (Eval 149.70s, Train 787.76s)
[STATE 2026-05-28 21:38:56] T5 Ep 1/1 complete: Prec 0.6586 F1 0.6280 DetRec 0.8087 DetFA 0.3183 | 937.45s total (149.70s eval/787.76s train)
[STATE 2026-05-28 21:38:56] Task 5: running final validation.
Saved task checkpoint: logs//er_ring/seed-sweep_one-shot_til-2026-05-28_20-35-12-0375/55/checkpoints/task_5.pt
[STATE 2026-05-28 21:41:27] Saved task checkpoint to logs//er_ring/seed-sweep_one-shot_til-2026-05-28_20-35-12-0375/55/checkpoints/task_5.pt
[STATE 2026-05-28 21:41:27] Completed task 5 (6/10)
Task 6: 17340 training samples, 6800 test samples.
[STATE 2026-05-28 21:41:27] Task 6: zero-shot validation (pre-train)
---- Zero-shot (pre-train) task 6: rec_cls 0.1521 | prec_cls 0.2507 | f1_cls 0.0851 | det 0.2119 | pfa 0.9997 | total_f1 0.4598 ----
[STATE 2026-05-28 21:44:01] Starting task 6 (7/10)
[STATE 2026-05-28 21:44:01] Task 6 Epoch 1/1: entering train loop
[STATE 2026-05-28 21:45:10] Task 6 Epoch 1/1: running validation (end of epoch)
---- Eval at Epoch 0: cls [0.5956922921331651, 0.5289146106482372, 0.37321785295901583, 0.5303691405763564, 0.3746510376607556, 0.6894434989742083, 0.5459875689319366] | det_recall [0.8328790425174519, 0.7824106368453319, 0.6063011137630563, 0.9957481817836897, 1.0, 0.8510877929041264, 1.0] | det_fa [0.20194358057562897, 0.3230055549321701, 0.6836434438547062, 0.0019237784477100697, 0.0, 0.1932092338501491, 0.0] ----
T6 Ep 1/1 | L 1.1973 | Train Acc 0.52 | Prec 0.51 | F1 0.57 | Det Rec 0.97 | Det FA 0.04 | Epoch Time 222.84s (Eval 153.05s, Train 69.79s)
[STATE 2026-05-28 21:47:43] T6 Ep 1/1 complete: Prec 0.5090 F1 0.5708 DetRec 0.9719 DetFA 0.0437 | 222.84s total (153.05s eval/69.79s train)
[STATE 2026-05-28 21:47:43] Task 6: running final validation.
Saved task checkpoint: logs//er_ring/seed-sweep_one-shot_til-2026-05-28_20-35-12-0375/55/checkpoints/task_6.pt
[STATE 2026-05-28 21:50:17] Saved task checkpoint to logs//er_ring/seed-sweep_one-shot_til-2026-05-28_20-35-12-0375/55/checkpoints/task_6.pt
[STATE 2026-05-28 21:50:17] Completed task 6 (7/10)
Task 7: 188050 training samples, 94025 test samples.
[STATE 2026-05-28 21:50:18] Task 7: zero-shot validation (pre-train)
---- Zero-shot (pre-train) task 7: rec_cls 0.2518 | prec_cls 0.1726 | f1_cls 0.0960 | det 0.4967 | pfa 0.9879 | total_f1 0.4781 ----
[STATE 2026-05-28 21:53:35] Starting task 7 (8/10)
[STATE 2026-05-28 21:53:35] Task 7 Epoch 1/1: entering train loop
[STATE 2026-05-28 22:06:44] Task 7 Epoch 1/1: running validation (end of epoch)
---- Eval at Epoch 0: cls [0.524919520797803, 0.48096083355058034, 0.3317947570128848, 0.5386346546318795, 0.37463170911265387, 0.621379618745867, 0.4857063199435263, 0.7412264229392295] | det_recall [0.8249642412664595, 0.7478283507641866, 0.614544429681016, 0.996155483382773, 1.0, 0.8285545161808309, 1.0, 0.8232141431896337] | det_fa [0.18328757272814658, 0.40021198011031545, 0.6487984449074348, 0.004346493932485676, 0.0, 0.258298847166726, 0.0, 0.30879269492613753] ----
T7 Ep 1/1 | L 0.9779 | Train Acc 0.67 | Prec 0.69 | F1 0.65 | Det Rec 0.81 | Det FA 0.31 | Epoch Time 986.70s (Eval 197.60s, Train 789.10s)
[STATE 2026-05-28 22:10:02] T7 Ep 1/1 complete: Prec 0.6881 F1 0.6508 DetRec 0.8067 DetFA 0.3123 | 986.70s total (197.60s eval/789.10s train)
[STATE 2026-05-28 22:10:02] Task 7: running final validation.
Saved task checkpoint: logs//er_ring/seed-sweep_one-shot_til-2026-05-28_20-35-12-0375/55/checkpoints/task_7.pt
[STATE 2026-05-28 22:13:18] Saved task checkpoint to logs//er_ring/seed-sweep_one-shot_til-2026-05-28_20-35-12-0375/55/checkpoints/task_7.pt
[STATE 2026-05-28 22:13:18] Completed task 7 (8/10)
Task 8: 36658 training samples, 12220 test samples.
[STATE 2026-05-28 22:13:18] Task 8: zero-shot validation (pre-train)
---- Zero-shot (pre-train) task 8: rec_cls 0.1457 | prec_cls 0.1777 | f1_cls 0.0279 | det 0.4995 | pfa 0.9977 | total_f1 0.4679 ----
[STATE 2026-05-28 22:16:40] Starting task 8 (9/10)
[STATE 2026-05-28 22:16:40] Task 8 Epoch 1/1: entering train loop
[STATE 2026-05-28 22:19:16] Task 8 Epoch 1/1: running validation (end of epoch)
---- Eval at Epoch 0: cls [0.6356177974384346, 0.6154459434894854, 0.3382629303433565, 0.5273139464943579, 0.36386248667912063, 0.6020697627669075, 0.46847211508538394, 0.6862396969561773, 0.7872288923244991] | det_recall [0.8391769005291745, 0.7750003747901855, 0.6344335437155387, 0.9977018159646587, 1.0, 0.8246822889072599, 1.0, 0.7960062441299864, 0.7873126505724418] | det_fa [0.16815315328679506, 0.34959091940847464, 0.6456128533610513, 0.00145719986006849, 0.0, 0.25247701952751767, 0.0, 0.3766980615232026, 0.39370434593064746] ----
T8 Ep 1/1 | L 1.1145 | Train Acc 0.69 | Prec 0.70 | F1 0.56 | Det Rec 0.75 | Det FA 0.45 | Epoch Time 359.07s (Eval 202.94s, Train 156.13s)
[STATE 2026-05-28 22:22:39] T8 Ep 1/1 complete: Prec 0.7025 F1 0.5613 DetRec 0.7541 DetFA 0.4524 | 359.07s total (202.94s eval/156.13s train)
[STATE 2026-05-28 22:22:39] Task 8: running final validation.
Saved task checkpoint: logs//er_ring/seed-sweep_one-shot_til-2026-05-28_20-35-12-0375/55/checkpoints/task_8.pt
[STATE 2026-05-28 22:26:02] Saved task checkpoint to logs//er_ring/seed-sweep_one-shot_til-2026-05-28_20-35-12-0375/55/checkpoints/task_8.pt
[STATE 2026-05-28 22:26:02] Completed task 8 (9/10)
Task 9: 17340 training samples, 6800 test samples.
[STATE 2026-05-28 22:26:02] Task 9: zero-shot validation (pre-train)
---- Zero-shot (pre-train) task 9: rec_cls 0.0560 | prec_cls 0.2492 | f1_cls 0.1160 | det 0.3041 | pfa 0.5616 | total_f1 0.5142 ----
[STATE 2026-05-28 22:29:26] Starting task 9 (10/10)
[STATE 2026-05-28 22:29:26] Task 9 Epoch 1/1: entering train loop
[STATE 2026-05-28 22:30:42] Task 9 Epoch 1/1: running validation (end of epoch)
---- Eval at Epoch 0: cls [0.6180659496811329, 0.5736653256466514, 0.3527927271286287, 0.5395942031641512, 0.40178139573413274, 0.6229417684290834, 0.4869961650621971, 0.7101603545973999, 0.6664400360694199, 0.468481268584176] | det_recall [0.8370477689899787, 0.7781263753300062, 0.5738799077415917, 0.9970741851881243, 1.0, 0.8324499952906728, 0.9997144446715263, 0.7943754858168678, 0.7913898882837085, 1.0] | det_fa [0.18799829708259766, 0.3439535739819338, 0.7709468776832249, 0.002914009859190347, 0.0, 0.25037073181980296, 0.0005711106569475669, 0.3935649931914729, 0.3413548559672603, 0.0] ----
T9 Ep 1/1 | L 1.2007 | Train Acc 0.44 | Prec 0.47 | F1 0.51 | Det Rec 0.99 | Det FA 0.01 | Epoch Time 281.68s (Eval 205.97s, Train 75.71s)
[STATE 2026-05-28 22:34:07] T9 Ep 1/1 complete: Prec 0.4698 F1 0.5085 DetRec 0.9874 DetFA 0.0097 | 281.68s total (205.97s eval/75.71s train)
[STATE 2026-05-28 22:34:07] Task 9: running final validation.
Saved task checkpoint: logs//er_ring/seed-sweep_one-shot_til-2026-05-28_20-35-12-0375/55/checkpoints/task_9.pt
[STATE 2026-05-28 22:37:31] Saved task checkpoint to logs//er_ring/seed-sweep_one-shot_til-2026-05-28_20-35-12-0375/55/checkpoints/task_9.pt
[STATE 2026-05-28 22:37:31] Completed task 9 (10/10)
####Final Validation Accuracy####
Final Results:- 
 Total Recall: 0.5428104484045189 
 Individual Recall: [0.61564357621074, 0.5651182705303543, 0.3534692745859857, 0.5354469526346994, 0.3956305058738176, 0.6234905210056828, 0.4814665769425474, 0.7090876655915571, 0.6807719899472264, 0.46797915072257784]
Final Detection Results:- 
 Total Detection: 0.8608199355191593 
 Individual Detection: [0.8394415601521936, 0.7803725414456874, 0.5730942677108938, 0.9969671929617246, 1.0, 0.8320738472573143, 1.0, 0.7945993855981025, 0.7916505600656766, 1.0]
Final Detection False Alarm:- 
 Total False Alarm: 0.2291198137796746 
 Individual False Alarm: [0.18411223191874918, 0.3387290286430585, 0.7735794076448244, 0.0031580887243322043, 0.0, 0.25070154063472405, 0.0, 0.39356711547571027, 0.34735072475534734, 0.0]
SUMMARY_TR cls_rec=0.4435 cls_prec=0.4698 cls_f1=0.5085 det=0.8604 fa=0.2292
SUMMARY_TE cls_rec=0.5428 cls_prec=0.5740 cls_f1=0.5446 det=0.8608 fa=0.2291
[STATE 2026-05-28 22:37:31] Saving results to logs//er_ring/seed-sweep_one-shot_til-2026-05-28_20-35-12-0375/55/results
Model size: 0.0289 GB
Memory buffer size: 0.0197 GB
logs//er_ring/seed-sweep_one-shot_til-2026-05-28_20-35-12-0375/55/results: {'expt_name': 'seed-sweep_one-shot_til', 'model': 'er_ring', 'arch': 'resnet1d', 'n_hiddens': 100, 'n_layers': 2, 'xav_init': False, 'debug': False, 'use_detector_arch': False, 'use_groupnorm': False, 'inner_steps': 2, 'n_epochs': 1, 'batch_size': 256, 'replay_batch_size': 128, 'memories': 5120, 'lr': 0.001, 'optimizer': 'sgd', 'prune_perc': 0.75, 'post_prune_epochs': 0, 'class_weighted_ce': True, 'cuda': True, 'amp': True, 'amp_dtype': 'bfloat16', 'cudnn_benchmark': True, 'seed': 55, 'log_every': 10, 'log_dir': 'logs//er_ring/seed-sweep_one-shot_til-2026-05-28_20-35-12-0375/55', 'tf_dir': 'logs//er_ring/seed-sweep_one-shot_til-2026-05-28_20-35-12-0375/55/tfdir', 'calc_test_accuracy': False, 'state_logging': True, 'data_path': 'data/rff/radar/full', 'task_order_files': 't2-rcn,t0-rcn,t2-uclresm-25noise,t0-deeprad,t1-deeprad,t1-uclresm-25noise,t3-deeprad,t0-uclresm-25noise,t1-rcn,t2-deeprad', 'loader': 'task_incremental_loader', 'samples_per_task': -1, 'task_order_seed': None, 'classes_per_it': 6, 'iterations': 5000, 'dataset': 'iq', 'workers': 0, 'validation': 0.5, 'data_scaling': 'normalize', 'use_iq_aug_features': False, 'iq_aug_feature_type': 'power', 'class_order': 'random', 'increment': 5, 'test_batch_size': 512, 'nc_per_task': None, 'nc_per_task_list': '', 'val_rate': 1000, 'opt_lr': 0.1, 'opt_wt': 0.1, 'alpha_init': 0.001, 'momentum': 0.0, 'learn_lr': False, 'sync_update': False, 'grad_clip_norm': 5.0, 'meta_batches': 3, 'use_old_task_memory': False, 'second_order': False, 'n_memories': 5120, 'memory_strength': 0, 'memory_loss_lambda': 1, 'steps_per_sample': 1, 'bgd_optimizer': 'sgd', 'optimizer_params': '{}', 'train_mc_iters': 5, 'std_init': 0.05, 'mean_eta': 1, 'fisher_gamma': 0.95, 'rln': 7, 'meta_lr': 0.001, 'update_lr': 0.1, 'ctx_lr': 0.05, 'n_meta': 1, 'temperature': 5.0, 'task_emb': 64, 'classes_per_task': [6, 7, 6, 7, 7, 6, 6, 6, 7, 6], 'get_samples_per_task': <bound method IncrementalLoader.get_samples_per_task of <dataloaders.task_incremental_loader.IncrementalLoader object at 0x725595211bb0>>, 'task_epoch_schedule': {}} # val: 0.651 0.543 -0.108 0.000 # sizes: model_gb=0.0289 mem_gb=0.0197 # 7282.962849378586
[STATE 2026-05-28 22:37:31] results.pt components (approx): state_dict 29.6 MB, result_val_t 0.1 KB, result_val_a 0.8 KB
[STATE 2026-05-28 22:37:31] Results saved; total runtime 2.02h
Total runtime: 2.02 hours
