[STATE 2026-05-28 22:37:34] Enabling terminal logging to logs//eralg4/seed-sweep_one-shot_til-2026-05-28_22-37-34-4767/55/terminal.log
New Experiment Starting...
Running model:  eralg4
[STATE 2026-05-28 22:37:34] Experiment 'seed-sweep_one-shot_til' starting with model 'eralg4' (seed 55)
Set seed 55
[STATE 2026-05-28 22:37:34] Runtime accel: cudnn.benchmark=False amp=True amp_dtype=bfloat16
t2-rcn.npz train: x=(50362, 1024), y=(50362, 2)
t2-rcn.npz test: x=(16787, 1024), y=(16787, 2)
t2-rcn.npz: applied data scaling mode 'normalize'.
Loaded t2-rcn.npz: Unique train labels: UniqueCountsResult(values=array([-1,  3,  5, 10, 12, 15]), counts=array([24209,  5770,  3030,  2320,  7509,  7524]))
Noise labels ratio in t2-rcn.npz train: 0.24, test: 0.24
Loaded t2-rcn.npz: Remapped labels: [0 1 2 3 4 5]. Size: 50362)
t0-rcn.npz train: x=(51916, 1024), y=(51916, 2)
t0-rcn.npz test: x=(17305, 1024), y=(17305, 2)
t0-rcn.npz: applied data scaling mode 'normalize'.
Loaded t0-rcn.npz: Unique train labels: UniqueCountsResult(values=array([-1,  1,  8,  9, 11, 13, 14]), counts=array([24225,  4268,  2495,  2943,  3015,  7464,  7506]))
Noise labels ratio in t0-rcn.npz train: 0.23, test: 0.23
Loaded t0-rcn.npz: Remapped labels: [ 6  7  8  9 10 11 12]. Size: 51916)
t2-uclresm-25noise.npz train: moved sample axis (3, 350028, 1024) -> (350028, 3, 1024)
t2-uclresm-25noise.npz test: moved sample axis (3, 233351, 1024) -> (233351, 3, 1024)
t2-uclresm-25noise.npz train: x=(350028, 3, 1024), y=(350028,)
t2-uclresm-25noise.npz test: x=(233351, 3, 1024), y=(233351,)
t2-uclresm-25noise.npz: applied data scaling mode 'normalize'.
Loaded t2-uclresm-25noise.npz: Unique train labels: UniqueCountsResult(values=array([-1,  0,  1,  2,  3,  4]), counts=array([87441, 27347, 71754, 64298, 36005, 63183]))
Noise labels ratio in t2-uclresm-25noise.npz train: 0.25, test: 0.25
Loaded t2-uclresm-25noise.npz: Remapped labels: [13 14 15 16 17 18]. Size: 350028)
t0-deeprad.npz train: x=(24480, 1024), y=(24480, 2)
t0-deeprad.npz test: x=(8160, 1024), y=(8160, 2)
t0-deeprad.npz: applied data scaling mode 'normalize'.
Loaded t0-deeprad.npz: Unique train labels: UniqueCountsResult(values=array([-1,  0,  1,  2,  3,  4,  5]), counts=array([12240,  2029,  1983,  2043,  2154,  2015,  2016]))
Noise labels ratio in t0-deeprad.npz train: 0.25, test: 0.25
Loaded t0-deeprad.npz: Remapped labels: [19 20 21 22 23 24 25]. Size: 24480)
t1-deeprad.npz train: x=(24480, 1024), y=(24480, 2)
t1-deeprad.npz test: x=(8160, 1024), y=(8160, 2)
t1-deeprad.npz: applied data scaling mode 'normalize'.
Loaded t1-deeprad.npz: Unique train labels: UniqueCountsResult(values=array([-1,  0,  1,  2,  3,  4,  5]), counts=array([12240,  1988,  2029,  2054,  1988,  2053,  2128]))
Noise labels ratio in t1-deeprad.npz train: 0.25, test: 0.25
Loaded t1-deeprad.npz: Remapped labels: [26 27 28 29 30 31 32]. Size: 24480)
t1-uclresm-25noise.npz train: moved sample axis (3, 201410, 1024) -> (201410, 3, 1024)
t1-uclresm-25noise.npz test: moved sample axis (3, 116291, 1024) -> (116291, 3, 1024)
t1-uclresm-25noise.npz train: x=(201410, 3, 1024), y=(201410,)
t1-uclresm-25noise.npz test: x=(116291, 3, 1024), y=(116291,)
t1-uclresm-25noise.npz: applied data scaling mode 'normalize'.
Loaded t1-uclresm-25noise.npz: Unique train labels: UniqueCountsResult(values=array([-1,  0,  1,  2,  3,  4]), counts=array([43668, 18021, 17838, 18087, 31870, 71926]))
Noise labels ratio in t1-uclresm-25noise.npz train: 0.22, test: 0.25
Loaded t1-uclresm-25noise.npz: Remapped labels: [33 34 35 36 37 38]. Size: 201410)
t3-deeprad.npz train: x=(17340, 1024), y=(17340, 2)
t3-deeprad.npz test: x=(6800, 1024), y=(6800, 2)
t3-deeprad.npz: applied data scaling mode 'normalize'.
Loaded t3-deeprad.npz: Unique train labels: UniqueCountsResult(values=array([-1,  0,  1,  2,  3,  4]), counts=array([8670, 1693, 1677, 1794, 1716, 1790]))
Noise labels ratio in t3-deeprad.npz train: 0.25, test: 0.25
Loaded t3-deeprad.npz: Remapped labels: [39 40 41 42 43 44]. Size: 17340)
t0-uclresm-25noise.npz train: moved sample axis (3, 188050, 1024) -> (188050, 3, 1024)
t0-uclresm-25noise.npz test: moved sample axis (3, 107348, 1024) -> (107348, 3, 1024)
t0-uclresm-25noise.npz train: x=(188050, 3, 1024), y=(188050,)
t0-uclresm-25noise.npz test: x=(107348, 3, 1024), y=(107348,)
t0-uclresm-25noise.npz: applied data scaling mode 'normalize'.
Loaded t0-uclresm-25noise.npz: Unique train labels: UniqueCountsResult(values=array([-1,  0,  1,  2,  3,  4]), counts=array([40144, 32109, 17978, 17979, 18098, 61742]))
Noise labels ratio in t0-uclresm-25noise.npz train: 0.21, test: 0.25
Loaded t0-uclresm-25noise.npz: Remapped labels: [45 46 47 48 49 50]. Size: 188050)
t1-rcn.npz train: x=(36658, 1024), y=(36658, 2)
t1-rcn.npz test: x=(12220, 1024), y=(12220, 2)
t1-rcn.npz: applied data scaling mode 'normalize'.
Loaded t1-rcn.npz: Unique train labels: UniqueCountsResult(values=array([-1,  0,  2,  4,  6,  7, 16]), counts=array([20595,   824,  2087,  2606,  2396,  1716,  6434]))
Noise labels ratio in t1-rcn.npz train: 0.28, test: 0.28
Loaded t1-rcn.npz: Remapped labels: [51 52 53 54 55 56 57]. Size: 36658)
t2-deeprad.npz train: x=(17340, 1024), y=(17340, 2)
t2-deeprad.npz test: x=(6800, 1024), y=(6800, 2)
t2-deeprad.npz: applied data scaling mode 'normalize'.
Loaded t2-deeprad.npz: Unique train labels: UniqueCountsResult(values=array([-1,  0,  1,  2,  3,  4]), counts=array([8670, 1774, 1675, 1777, 1694, 1750]))
Noise labels ratio in t2-deeprad.npz train: 0.25, test: 0.25
Loaded t2-deeprad.npz: Remapped labels: [58 59 60 61 62 63]. Size: 17340)
Built classes_per_task: [6, 7, 6, 7, 7, 6, 6, 6, 7, 6]
Classes per task: [6, 7, 6, 7, 7, 6, 6, 6, 7, 6]
[STATE 2026-05-28 22:38:28] Loader 'task_incremental_loader' ready: 1024 inputs, 64 outputs, 10 tasks
n_outputs: 64 	n_tasks: 10
[STATE 2026-05-28 22:38:28] Logging to logs//eralg4/seed-sweep_one-shot_til-2026-05-28_22-37-34-4767/55
True
Model device: cuda:0
[STATE 2026-05-28 22:38:28] Model initialized on device cuda:0
[STATE 2026-05-28 22:38:28] Invoking continual life experience flow
[STATE 2026-05-28 22:38:28] Life experience start: 10 tasks queued
[STATE 2026-05-28 22:38:28] Legacy epoch behavior enabled: using n_epochs=1 for all tasks
Task 0: 50362 training samples, 16787 test samples.
[STATE 2026-05-28 22:38:28] Task 0: zero-shot validation (pre-train)
---- Zero-shot (pre-train) task 0: rec_cls 0.1950 | prec_cls 0.1308 | f1_cls 0.0588 | det 0.5000 | pfa 1.0000 | total_f1 0.0588 ----
[STATE 2026-05-28 22:38:37] Starting task 0 (1/10)
[STATE 2026-05-28 22:38:37] Task 0 Epoch 1/1: entering train loop
[STATE 2026-05-28 22:44:37] Task 0 Epoch 1/1: running validation (end of epoch)
---- Eval at Epoch 0: cls [0.8184941070684312] | det_recall [0.8922885461152977] | det_fa [0.12161726365559593] ----
T0 Ep 1/1 | L 3.9906 | Train Acc 0.60 | Prec 0.70 | F1 0.63 | Det Rec 0.83 | Det FA 0.14 | Epoch Time 369.00s (Eval 8.78s, Train 360.22s)
[STATE 2026-05-28 22:44:46] T0 Ep 1/1 complete: Prec 0.7000 F1 0.6310 DetRec 0.8334 DetFA 0.1404 | 369.00s total (8.78s eval/360.22s train)
[STATE 2026-05-28 22:44:46] Task 0: running final validation.
Saved task checkpoint: logs//eralg4/seed-sweep_one-shot_til-2026-05-28_22-37-34-4767/55/checkpoints/task_0.pt
[STATE 2026-05-28 22:44:54] Saved task checkpoint to logs//eralg4/seed-sweep_one-shot_til-2026-05-28_22-37-34-4767/55/checkpoints/task_0.pt
[STATE 2026-05-28 22:44:54] Completed task 0 (1/10)
Task 1: 51916 training samples, 17305 test samples.
[STATE 2026-05-28 22:44:54] Task 1: zero-shot validation (pre-train)
---- Zero-shot (pre-train) task 1: rec_cls 0.1338 | prec_cls 0.0879 | f1_cls 0.0571 | det 0.5007 | pfa 0.9786 | total_f1 0.4413 ----
[STATE 2026-05-28 22:45:09] Starting task 1 (2/10)
[STATE 2026-05-28 22:45:09] Task 1 Epoch 1/1: entering train loop
[STATE 2026-05-28 22:51:24] Task 1 Epoch 1/1: running validation (end of epoch)
---- Eval at Epoch 0: cls [0.8108762563098132, 0.7069085408578513] | det_recall [0.8655341018488665, 0.8715503574720497] | det_fa [0.17380050555934698, 0.13160196506681918] ----
T1 Ep 1/1 | L 3.6813 | Train Acc 0.49 | Prec 0.63 | F1 0.53 | Det Rec 0.80 | Det FA 0.15 | Epoch Time 390.50s (Eval 15.30s, Train 375.20s)
[STATE 2026-05-28 22:51:39] T1 Ep 1/1 complete: Prec 0.6320 F1 0.5337 DetRec 0.8008 DetFA 0.1531 | 390.50s total (15.30s eval/375.20s train)
[STATE 2026-05-28 22:51:39] Task 1: running final validation.
Saved task checkpoint: logs//eralg4/seed-sweep_one-shot_til-2026-05-28_22-37-34-4767/55/checkpoints/task_1.pt
[STATE 2026-05-28 22:51:55] Saved task checkpoint to logs//eralg4/seed-sweep_one-shot_til-2026-05-28_22-37-34-4767/55/checkpoints/task_1.pt
[STATE 2026-05-28 22:51:55] Completed task 1 (2/10)
Task 2: 350028 training samples, 175014 test samples.
[STATE 2026-05-28 22:51:58] Task 2: zero-shot validation (pre-train)
---- Zero-shot (pre-train) task 2: rec_cls 0.1231 | prec_cls 0.2025 | f1_cls 0.1635 | det 0.5179 | pfa 0.5787 | total_f1 0.5622 ----
[STATE 2026-05-28 22:53:33] Starting task 2 (3/10)
[STATE 2026-05-28 22:53:33] Task 2 Epoch 1/1: entering train loop
[STATE 2026-05-28 23:38:47] Task 2 Epoch 1/1: running validation (end of epoch)
---- Eval at Epoch 0: cls [0.692152362450593, 0.6802085938957937, 0.6364025135513557] | det_recall [0.8279617699699056, 0.5723496861084878, 0.8257438676562622] | det_fa [0.2586141562449009, 0.8225722343000139, 0.24623849598085332] ----
T2 Ep 1/1 | L 3.5432 | Train Acc 0.44 | Prec 0.52 | F1 0.47 | Det Rec 0.79 | Det FA 0.28 | Epoch Time 2810.55s (Eval 96.66s, Train 2713.89s)
[STATE 2026-05-28 23:40:24] T2 Ep 1/1 complete: Prec 0.5155 F1 0.4742 DetRec 0.7873 DetFA 0.2813 | 2810.55s total (96.66s eval/2713.89s train)
[STATE 2026-05-28 23:40:24] Task 2: running final validation.
Saved task checkpoint: logs//eralg4/seed-sweep_one-shot_til-2026-05-28_22-37-34-4767/55/checkpoints/task_2.pt
[STATE 2026-05-28 23:42:01] Saved task checkpoint to logs//eralg4/seed-sweep_one-shot_til-2026-05-28_22-37-34-4767/55/checkpoints/task_2.pt
[STATE 2026-05-28 23:42:01] Completed task 2 (3/10)
Task 3: 24480 training samples, 8160 test samples.
[STATE 2026-05-28 23:42:01] Task 3: zero-shot validation (pre-train)
---- Zero-shot (pre-train) task 3: rec_cls 0.1676 | prec_cls 0.1794 | f1_cls 0.0910 | det 0.4359 | pfa 1.0000 | total_f1 0.4655 ----
[STATE 2026-05-28 23:43:40] Starting task 3 (4/10)
[STATE 2026-05-28 23:43:40] Task 3 Epoch 1/1: entering train loop
[STATE 2026-05-28 23:46:38] Task 3 Epoch 1/1: running validation (end of epoch)
---- Eval at Epoch 0: cls [0.667076813695569, 0.7047060475779049, 0.5689220495473999, 0.4867355208162537] | det_recall [0.8464599130327793, 0.701567623944249, 0.784960393784877, 0.9955510357498443] | det_fa [0.19612861963444672, 0.580896993532353, 0.401850889234207, 0.00071538560353136] ----
T3 Ep 1/1 | L 9.4229 | Train Acc 0.32 | Prec 0.31 | F1 0.36 | Det Rec 0.89 | Det FA 0.06 | Epoch Time 276.35s (Eval 98.46s, Train 177.89s)
[STATE 2026-05-28 23:48:16] T3 Ep 1/1 complete: Prec 0.3071 F1 0.3617 DetRec 0.8890 DetFA 0.0633 | 276.35s total (98.46s eval/177.89s train)
[STATE 2026-05-28 23:48:16] Task 3: running final validation.
Saved task checkpoint: logs//eralg4/seed-sweep_one-shot_til-2026-05-28_22-37-34-4767/55/checkpoints/task_3.pt
[STATE 2026-05-28 23:49:55] Saved task checkpoint to logs//eralg4/seed-sweep_one-shot_til-2026-05-28_22-37-34-4767/55/checkpoints/task_3.pt
[STATE 2026-05-28 23:49:55] Completed task 3 (4/10)
Task 4: 24480 training samples, 8160 test samples.
[STATE 2026-05-28 23:49:56] Task 4: zero-shot validation (pre-train)
---- Zero-shot (pre-train) task 4: rec_cls 0.0508 | prec_cls 0.0737 | f1_cls 0.0370 | det 0.3707 | pfa 1.0000 | total_f1 0.4694 ----
[STATE 2026-05-28 23:51:39] Starting task 4 (5/10)
[STATE 2026-05-28 23:51:39] Task 4 Epoch 1/1: entering train loop
[STATE 2026-05-28 23:54:35] Task 4 Epoch 1/1: running validation (end of epoch)
---- Eval at Epoch 0: cls [0.6331218936615446, 0.6844994566633849, 0.5760587074821881, 0.45189986158472517, 0.31673142993396985] | det_recall [0.8387318106561996, 0.5774117586337303, 0.7768286796382601, 0.995636239675657, 1.0] | det_fa [0.19333218135381927, 0.8369774128709416, 0.4062645227501192, 0.003417215456958335, 0.0] ----
T4 Ep 1/1 | L 5.2975 | Train Acc 0.24 | Prec 0.25 | F1 0.31 | Det Rec 0.92 | Det FA 0.02 | Epoch Time 279.96s (Eval 104.17s, Train 175.79s)
[STATE 2026-05-28 23:56:19] T4 Ep 1/1 complete: Prec 0.2541 F1 0.3148 DetRec 0.9151 DetFA 0.0248 | 279.96s total (104.17s eval/175.79s train)
[STATE 2026-05-28 23:56:19] Task 4: running final validation.
Saved task checkpoint: logs//eralg4/seed-sweep_one-shot_til-2026-05-28_22-37-34-4767/55/checkpoints/task_4.pt
[STATE 2026-05-28 23:58:01] Saved task checkpoint to logs//eralg4/seed-sweep_one-shot_til-2026-05-28_22-37-34-4767/55/checkpoints/task_4.pt
[STATE 2026-05-28 23:58:01] Completed task 4 (5/10)
Task 5: 201410 training samples, 100705 test samples.
[STATE 2026-05-28 23:58:03] Task 5: zero-shot validation (pre-train)
---- Zero-shot (pre-train) task 5: rec_cls 0.1158 | prec_cls 0.1861 | f1_cls 0.1281 | det 0.5911 | pfa 0.4231 | total_f1 0.4517 ----
[STATE 2026-05-29 00:00:34] Starting task 5 (6/10)
[STATE 2026-05-29 00:00:34] Task 5 Epoch 1/1: entering train loop
[STATE 2026-05-29 00:26:44] Task 5 Epoch 1/1: running validation (end of epoch)
---- Eval at Epoch 0: cls [0.6801052618272729, 0.7033171740913553, 0.5827262507564388, 0.3553976802729606, 0.2697792488199131, 0.6728117135627356] | det_recall [0.8442637881483024, 0.6348436338233908, 0.7935859738699323, 0.9897396464879142, 1.0, 0.8502411324426515] | det_fa [0.261781873136309, 0.7075488841916453, 0.31865548684413203, 0.009410962153226413, 0.0, 0.19664708950506793] ----
T5 Ep 1/1 | L 2.3802 | Train Acc 0.49 | Prec 0.57 | F1 0.52 | Det Rec 0.81 | Det FA 0.26 | Epoch Time 1720.10s (Eval 149.45s, Train 1570.66s)
[STATE 2026-05-29 00:29:14] T5 Ep 1/1 complete: Prec 0.5739 F1 0.5204 DetRec 0.8117 DetFA 0.2627 | 1720.10s total (149.45s eval/1570.66s train)
[STATE 2026-05-29 00:29:14] Task 5: running final validation.
Saved task checkpoint: logs//eralg4/seed-sweep_one-shot_til-2026-05-28_22-37-34-4767/55/checkpoints/task_5.pt
[STATE 2026-05-29 00:31:46] Saved task checkpoint to logs//eralg4/seed-sweep_one-shot_til-2026-05-28_22-37-34-4767/55/checkpoints/task_5.pt
[STATE 2026-05-29 00:31:46] Completed task 5 (6/10)
Task 6: 17340 training samples, 6800 test samples.
[STATE 2026-05-29 00:31:46] Task 6: zero-shot validation (pre-train)
---- Zero-shot (pre-train) task 6: rec_cls 0.2455 | prec_cls 0.2622 | f1_cls 0.1555 | det 0.4178 | pfa 0.9983 | total_f1 0.4772 ----
[STATE 2026-05-29 00:34:20] Starting task 6 (7/10)
[STATE 2026-05-29 00:34:20] Task 6 Epoch 1/1: entering train loop
[STATE 2026-05-29 00:36:28] Task 6 Epoch 1/1: running validation (end of epoch)
---- Eval at Epoch 0: cls [0.6420237759279217, 0.6969615494274999, 0.5683184990818743, 0.47630946301368343, 0.3009502245808687, 0.635928787495206, 0.438029171718025] | det_recall [0.7841250652634947, 0.7030242061170328, 0.7777225350289096, 0.9922785129598835, 1.0, 0.8372180704119117, 0.9995835811829601] | det_fa [0.38989649934138515, 0.5716219386299745, 0.40510856460959854, 0.002213781417152573, 0.0, 0.21657665587555172, 0.0008328376340798702] ----
T6 Ep 1/1 | L 6.3069 | Train Acc 0.37 | Prec 0.36 | F1 0.43 | Det Rec 0.93 | Det FA 0.06 | Epoch Time 280.31s (Eval 152.90s, Train 127.41s)
[STATE 2026-05-29 00:39:01] T6 Ep 1/1 complete: Prec 0.3607 F1 0.4265 DetRec 0.9328 DetFA 0.0555 | 280.31s total (152.90s eval/127.41s train)
[STATE 2026-05-29 00:39:01] Task 6: running final validation.
Saved task checkpoint: logs//eralg4/seed-sweep_one-shot_til-2026-05-28_22-37-34-4767/55/checkpoints/task_6.pt
[STATE 2026-05-29 00:41:36] Saved task checkpoint to logs//eralg4/seed-sweep_one-shot_til-2026-05-28_22-37-34-4767/55/checkpoints/task_6.pt
[STATE 2026-05-29 00:41:36] Completed task 6 (7/10)
Task 7: 188050 training samples, 94025 test samples.
[STATE 2026-05-29 00:41:37] Task 7: zero-shot validation (pre-train)
---- Zero-shot (pre-train) task 7: rec_cls 0.1962 | prec_cls 0.2122 | f1_cls 0.1269 | det 0.5224 | pfa 0.8787 | total_f1 0.4760 ----
[STATE 2026-05-29 00:44:55] Starting task 7 (8/10)
[STATE 2026-05-29 00:44:55] Task 7 Epoch 1/1: entering train loop
[STATE 2026-05-29 01:09:27] Task 7 Epoch 1/1: running validation (end of epoch)
---- Eval at Epoch 0: cls [0.6094054589176973, 0.6416036171391261, 0.5678880754509152, 0.3886988003297082, 0.2854933892253425, 0.6295621301848467, 0.3844608537811826, 0.6673504807930799] | det_recall [0.8394823499853777, 0.63010560602226, 0.808702080990053, 0.9846733776464904, 1.0, 0.8518703728877463, 0.9903915398367341, 0.831354272730251] | det_fa [0.2574048052609249, 0.7143969863109261, 0.3186497455342713, 0.018863860311065676, 0.0, 0.18573242391244396, 0.01866211647931718, 0.21059707972572478] ----
T7 Ep 1/1 | L 1.9157 | Train Acc 0.55 | Prec 0.63 | F1 0.57 | Det Rec 0.80 | Det FA 0.30 | Epoch Time 1670.07s (Eval 197.69s, Train 1472.38s)
[STATE 2026-05-29 01:12:45] T7 Ep 1/1 complete: Prec 0.6284 F1 0.5711 DetRec 0.8039 DetFA 0.3012 | 1670.07s total (197.69s eval/1472.38s train)
[STATE 2026-05-29 01:12:45] Task 7: running final validation.
Saved task checkpoint: logs//eralg4/seed-sweep_one-shot_til-2026-05-28_22-37-34-4767/55/checkpoints/task_7.pt
[STATE 2026-05-29 01:16:01] Saved task checkpoint to logs//eralg4/seed-sweep_one-shot_til-2026-05-28_22-37-34-4767/55/checkpoints/task_7.pt
[STATE 2026-05-29 01:16:01] Completed task 7 (8/10)
Task 8: 36658 training samples, 12220 test samples.
[STATE 2026-05-29 01:16:01] Task 8: zero-shot validation (pre-train)
---- Zero-shot (pre-train) task 8: rec_cls 0.1403 | prec_cls 0.1477 | f1_cls 0.1216 | det 0.5504 | pfa 0.7644 | total_f1 0.4706 ----
[STATE 2026-05-29 01:19:23] Starting task 8 (9/10)
[STATE 2026-05-29 01:19:23] Task 8 Epoch 1/1: entering train loop
[STATE 2026-05-29 01:23:50] Task 8 Epoch 1/1: running validation (end of epoch)
---- Eval at Epoch 0: cls [0.6954900689437435, 0.7066300736735533, 0.5554896110293301, 0.40669055908334195, 0.2794977453794233, 0.6176130400971841, 0.3797051900097403, 0.6175822289835772, 0.4501894705253972] | det_recall [0.847081413588012, 0.7458807317075747, 0.8061642322951463, 0.9868109899875397, 0.9995205557937075, 0.8332186927634825, 0.995683717768706, 0.8171257233891807, 0.818055572965005] | det_fa [0.24220218031996602, 0.4810550576090883, 0.3403679956610573, 0.0073700642301663295, 0.0, 0.25304977867386924, 0.006187043446652181, 0.25303630879203565, 0.09728221300152534] ----
T8 Ep 1/1 | L 3.1941 | Train Acc 0.28 | Prec 0.37 | F1 0.36 | Det Rec 0.74 | Det FA 0.08 | Epoch Time 468.64s (Eval 201.67s, Train 266.97s)
[STATE 2026-05-29 01:27:11] T8 Ep 1/1 complete: Prec 0.3668 F1 0.3598 DetRec 0.7385 DetFA 0.0829 | 468.64s total (201.67s eval/266.97s train)
[STATE 2026-05-29 01:27:11] Task 8: running final validation.
Saved task checkpoint: logs//eralg4/seed-sweep_one-shot_til-2026-05-28_22-37-34-4767/55/checkpoints/task_8.pt
[STATE 2026-05-29 01:30:36] Saved task checkpoint to logs//eralg4/seed-sweep_one-shot_til-2026-05-28_22-37-34-4767/55/checkpoints/task_8.pt
[STATE 2026-05-29 01:30:36] Completed task 8 (9/10)
Task 9: 17340 training samples, 6800 test samples.
[STATE 2026-05-29 01:30:36] Task 9: zero-shot validation (pre-train)
---- Zero-shot (pre-train) task 9: rec_cls 0.1043 | prec_cls 0.2000 | f1_cls 0.1497 | det 0.5251 | pfa 0.5921 | total_f1 0.4827 ----
[STATE 2026-05-29 01:34:01] Starting task 9 (10/10)
[STATE 2026-05-29 01:34:01] Task 9 Epoch 1/1: entering train loop
[STATE 2026-05-29 01:36:08] Task 9 Epoch 1/1: running validation (end of epoch)
---- Eval at Epoch 0: cls [0.6219113901427985, 0.6436129996805189, 0.5411611856727496, 0.43258687173737714, 0.2969317575213058, 0.6010547037094576, 0.38602717493844846, 0.57746802664863, 0.4534272011136115, 0.36891765679507194] | det_recall [0.8145718238674639, 0.7768237871321244, 0.7981010718256164, 0.992476169529224, 1.0, 0.8337372042451778, 0.9972431100470909, 0.8018042054169588, 0.8160271849665189, 1.0] | det_fa [0.3209806544657101, 0.41222632424878997, 0.3560331442347651, 0.00925987213547385, 0.0, 0.25270823293721667, 0.00551377990581823, 0.23545465486002018, 0.13630014929485343, 0.0] ----
T9 Ep 1/1 | L 4.6255 | Train Acc 0.29 | Prec 0.29 | F1 0.38 | Det Rec 0.91 | Det FA 0.01 | Epoch Time 332.80s (Eval 205.67s, Train 127.13s)
[STATE 2026-05-29 01:39:33] T9 Ep 1/1 complete: Prec 0.2943 F1 0.3795 DetRec 0.9128 DetFA 0.0090 | 332.80s total (205.67s eval/127.13s train)
[STATE 2026-05-29 01:39:33] Task 9: running final validation.
Saved task checkpoint: logs//eralg4/seed-sweep_one-shot_til-2026-05-28_22-37-34-4767/55/checkpoints/task_9.pt
[STATE 2026-05-29 01:42:59] Saved task checkpoint to logs//eralg4/seed-sweep_one-shot_til-2026-05-28_22-37-34-4767/55/checkpoints/task_9.pt
[STATE 2026-05-29 01:42:59] Completed task 9 (10/10)
####Final Validation Accuracy####
Final Results:- 
 Total Recall: 0.49331661046273095 
 Individual Recall: [0.6202678635917677, 0.646117980122559, 0.5402378190884927, 0.44274933260200655, 0.2928476618345073, 0.6027908938056235, 0.3887691282141174, 0.5790561247788582, 0.4498518953453889, 0.3704774052439885]
Final Detection Results:- 
 Total Detection: 0.8829929225563786 
 Individual Detection: [0.8153902321469483, 0.7780181516203721, 0.7982441778372511, 0.9925748561195404, 1.0, 0.8331238405792366, 0.9975339520013138, 0.8030719583727313, 0.8119720568863933, 1.0]
Final Detection False Alarm:- 
 Total False Alarm: 0.17295510365634276 
 Individual False Alarm: [0.32075275475050596, 0.4115024279863184, 0.3554360556813244, 0.008997582314621036, 0.0, 0.2535391123693894, 0.0046760796123237565, 0.23410335347107225, 0.14054367037787244, 0.0]
SUMMARY_TR cls_rec=0.2858 cls_prec=0.2943 cls_f1=0.3795 det=0.8831 fa=0.1728
SUMMARY_TE cls_rec=0.4933 cls_prec=0.5095 cls_f1=0.5064 det=0.8830 fa=0.1730
[STATE 2026-05-29 01:42:59] Saving results to logs//eralg4/seed-sweep_one-shot_til-2026-05-28_22-37-34-4767/55/results
Model size: 0.0289 GB
Memory buffer size: 0.0000 GB
logs//eralg4/seed-sweep_one-shot_til-2026-05-28_22-37-34-4767/55/results: {'expt_name': 'seed-sweep_one-shot_til', 'model': 'eralg4', 'arch': 'resnet1d', 'n_hiddens': 100, 'n_layers': 2, 'xav_init': False, 'debug': False, 'use_detector_arch': False, 'use_groupnorm': False, 'inner_steps': 2, 'n_epochs': 1, 'batch_size': 256, 'replay_batch_size': 128, 'memories': 5120, 'lr': 0.003, 'optimizer': 'sgd', 'prune_perc': 0.75, 'post_prune_epochs': 0, 'class_weighted_ce': True, 'cuda': True, 'amp': True, 'amp_dtype': 'bfloat16', 'cudnn_benchmark': True, 'seed': 55, 'log_every': 10, 'log_dir': 'logs//eralg4/seed-sweep_one-shot_til-2026-05-28_22-37-34-4767/55', 'tf_dir': 'logs//eralg4/seed-sweep_one-shot_til-2026-05-28_22-37-34-4767/55/tfdir', 'calc_test_accuracy': False, 'state_logging': True, 'data_path': 'data/rff/radar/full', 'task_order_files': 't2-rcn,t0-rcn,t2-uclresm-25noise,t0-deeprad,t1-deeprad,t1-uclresm-25noise,t3-deeprad,t0-uclresm-25noise,t1-rcn,t2-deeprad', 'loader': 'task_incremental_loader', 'samples_per_task': -1, 'task_order_seed': None, 'classes_per_it': 6, 'iterations': 5000, 'dataset': 'iq', 'workers': 0, 'validation': 0.5, 'data_scaling': 'normalize', 'use_iq_aug_features': False, 'iq_aug_feature_type': 'power', 'class_order': 'random', 'increment': 5, 'test_batch_size': 512, 'nc_per_task': None, 'nc_per_task_list': '', 'val_rate': 1000, 'opt_lr': 0.1, 'opt_wt': 0.1, 'alpha_init': 0.001, 'momentum': 0.0, 'learn_lr': False, 'sync_update': False, 'grad_clip_norm': 5.0, 'meta_batches': 3, 'use_old_task_memory': False, 'second_order': False, 'n_memories': 5120, 'memory_strength': 0, 'memory_loss_lambda': 5, 'steps_per_sample': 1, 'bgd_optimizer': 'sgd', 'optimizer_params': '{}', 'train_mc_iters': 5, 'std_init': 0.05, 'mean_eta': 1, 'fisher_gamma': 0.95, 'rln': 7, 'meta_lr': 0.001, 'update_lr': 0.1, 'ctx_lr': 0.05, 'n_meta': 1, 'temperature': 5.0, 'task_emb': 64, 'classes_per_task': [6, 7, 6, 7, 7, 6, 6, 6, 7, 6], 'get_samples_per_task': <bound method IncrementalLoader.get_samples_per_task of <dataloaders.task_incremental_loader.IncrementalLoader object at 0x777b4ecaa0f0>>, 'task_epoch_schedule': {}} # val: 0.556 0.493 -0.063 0.000 # sizes: model_gb=0.0289 mem_gb=0.0000 # 11071.040174245834
[STATE 2026-05-29 01:42:59] results.pt components (approx): state_dict 29.6 MB, result_val_t 0.1 KB, result_val_a 0.8 KB
[STATE 2026-05-29 01:42:59] Results saved; total runtime 3.08h
Total runtime: 3.08 hours
