[STATE 2026-05-29 01:43:03] Enabling terminal logging to logs//ctn/seed-sweep_one-shot_til-2026-05-29_01-43-03-0814/55/terminal.log
New Experiment Starting...
Running model:  ctn
[STATE 2026-05-29 01:43:03] Experiment 'seed-sweep_one-shot_til' starting with model 'ctn' (seed 55)
Set seed 55
[STATE 2026-05-29 01:43:03] Runtime accel: cudnn.benchmark=False amp=True amp_dtype=bfloat16
t2-rcn.npz train: x=(50362, 1024), y=(50362, 2)
t2-rcn.npz test: x=(16787, 1024), y=(16787, 2)
t2-rcn.npz: applied data scaling mode 'normalize'.
Loaded t2-rcn.npz: Unique train labels: UniqueCountsResult(values=array([-1,  3,  5, 10, 12, 15]), counts=array([24209,  5770,  3030,  2320,  7509,  7524]))
Noise labels ratio in t2-rcn.npz train: 0.24, test: 0.24
Loaded t2-rcn.npz: Remapped labels: [0 1 2 3 4 5]. Size: 50362)
t0-rcn.npz train: x=(51916, 1024), y=(51916, 2)
t0-rcn.npz test: x=(17305, 1024), y=(17305, 2)
t0-rcn.npz: applied data scaling mode 'normalize'.
Loaded t0-rcn.npz: Unique train labels: UniqueCountsResult(values=array([-1,  1,  8,  9, 11, 13, 14]), counts=array([24225,  4268,  2495,  2943,  3015,  7464,  7506]))
Noise labels ratio in t0-rcn.npz train: 0.23, test: 0.23
Loaded t0-rcn.npz: Remapped labels: [ 6  7  8  9 10 11 12]. Size: 51916)
t2-uclresm-25noise.npz train: moved sample axis (3, 350028, 1024) -> (350028, 3, 1024)
t2-uclresm-25noise.npz test: moved sample axis (3, 233351, 1024) -> (233351, 3, 1024)
t2-uclresm-25noise.npz train: x=(350028, 3, 1024), y=(350028,)
t2-uclresm-25noise.npz test: x=(233351, 3, 1024), y=(233351,)
t2-uclresm-25noise.npz: applied data scaling mode 'normalize'.
Loaded t2-uclresm-25noise.npz: Unique train labels: UniqueCountsResult(values=array([-1,  0,  1,  2,  3,  4]), counts=array([87441, 27347, 71754, 64298, 36005, 63183]))
Noise labels ratio in t2-uclresm-25noise.npz train: 0.25, test: 0.25
Loaded t2-uclresm-25noise.npz: Remapped labels: [13 14 15 16 17 18]. Size: 350028)
t0-deeprad.npz train: x=(24480, 1024), y=(24480, 2)
t0-deeprad.npz test: x=(8160, 1024), y=(8160, 2)
t0-deeprad.npz: applied data scaling mode 'normalize'.
Loaded t0-deeprad.npz: Unique train labels: UniqueCountsResult(values=array([-1,  0,  1,  2,  3,  4,  5]), counts=array([12240,  2029,  1983,  2043,  2154,  2015,  2016]))
Noise labels ratio in t0-deeprad.npz train: 0.25, test: 0.22
Loaded t0-deeprad.npz: Remapped labels: [19 20 21 22 23 24 25]. Size: 24480)
t1-deeprad.npz train: x=(24480, 1024), y=(24480, 2)
t1-deeprad.npz test: x=(8160, 1024), y=(8160, 2)
t1-deeprad.npz: applied data scaling mode 'normalize'.
Loaded t1-deeprad.npz: Unique train labels: UniqueCountsResult(values=array([-1,  0,  1,  2,  3,  4,  5]), counts=array([12240,  1988,  2029,  2054,  1988,  2053,  2128]))
Noise labels ratio in t1-deeprad.npz train: 0.25, test: 0.22
Loaded t1-deeprad.npz: Remapped labels: [26 27 28 29 30 31 32]. Size: 24480)
t1-uclresm-25noise.npz train: moved sample axis (3, 201410, 1024) -> (201410, 3, 1024)
t1-uclresm-25noise.npz test: moved sample axis (3, 116291, 1024) -> (116291, 3, 1024)
t1-uclresm-25noise.npz train: x=(201410, 3, 1024), y=(201410,)
t1-uclresm-25noise.npz test: x=(116291, 3, 1024), y=(116291,)
t1-uclresm-25noise.npz: applied data scaling mode 'normalize'.
Loaded t1-uclresm-25noise.npz: Unique train labels: UniqueCountsResult(values=array([-1,  0,  1,  2,  3,  4]), counts=array([43668, 18021, 17838, 18087, 31870, 71926]))
Noise labels ratio in t1-uclresm-25noise.npz train: 0.22, test: 0.25
Loaded t1-uclresm-25noise.npz: Remapped labels: [33 34 35 36 37 38]. Size: 201410)
t3-deeprad.npz train: x=(17340, 1024), y=(17340, 2)
t3-deeprad.npz test: x=(6800, 1024), y=(6800, 2)
t3-deeprad.npz: applied data scaling mode 'normalize'.
Loaded t3-deeprad.npz: Unique train labels: UniqueCountsResult(values=array([-1,  0,  1,  2,  3,  4]), counts=array([8670, 1693, 1677, 1794, 1716, 1790]))
Noise labels ratio in t3-deeprad.npz train: 0.25, test: 0.17
Loaded t3-deeprad.npz: Remapped labels: [39 40 41 42 43 44]. Size: 17340)
t0-uclresm-25noise.npz train: moved sample axis (3, 188050, 1024) -> (188050, 3, 1024)
t0-uclresm-25noise.npz test: moved sample axis (3, 107348, 1024) -> (107348, 3, 1024)
t0-uclresm-25noise.npz train: x=(188050, 3, 1024), y=(188050,)
t0-uclresm-25noise.npz test: x=(107348, 3, 1024), y=(107348,)
t0-uclresm-25noise.npz: applied data scaling mode 'normalize'.
Loaded t0-uclresm-25noise.npz: Unique train labels: UniqueCountsResult(values=array([-1,  0,  1,  2,  3,  4]), counts=array([40144, 32109, 17978, 17979, 18098, 61742]))
Noise labels ratio in t0-uclresm-25noise.npz train: 0.21, test: 0.25
Loaded t0-uclresm-25noise.npz: Remapped labels: [45 46 47 48 49 50]. Size: 188050)
t1-rcn.npz train: x=(36658, 1024), y=(36658, 2)
t1-rcn.npz test: x=(12220, 1024), y=(12220, 2)
t1-rcn.npz: applied data scaling mode 'normalize'.
Loaded t1-rcn.npz: Unique train labels: UniqueCountsResult(values=array([-1,  0,  2,  4,  6,  7, 16]), counts=array([20595,   824,  2087,  2606,  2396,  1716,  6434]))
Noise labels ratio in t1-rcn.npz train: 0.28, test: 0.28
Loaded t1-rcn.npz: Remapped labels: [51 52 53 54 55 56 57]. Size: 36658)
t2-deeprad.npz train: x=(17340, 1024), y=(17340, 2)
t2-deeprad.npz test: x=(6800, 1024), y=(6800, 2)
t2-deeprad.npz: applied data scaling mode 'normalize'.
Loaded t2-deeprad.npz: Unique train labels: UniqueCountsResult(values=array([-1,  0,  1,  2,  3,  4]), counts=array([8670, 1774, 1675, 1777, 1694, 1750]))
Noise labels ratio in t2-deeprad.npz train: 0.25, test: 0.17
Loaded t2-deeprad.npz: Remapped labels: [58 59 60 61 62 63]. Size: 17340)
Built classes_per_task: [6, 7, 6, 7, 7, 6, 6, 6, 7, 6]
Classes per task: [6, 7, 6, 7, 7, 6, 6, 6, 7, 6]
[STATE 2026-05-29 01:43:58] Loader 'task_incremental_loader' ready: 1024 inputs, 64 outputs, 10 tasks
n_outputs: 64 	n_tasks: 10
[STATE 2026-05-29 01:43:58] Logging to logs//ctn/seed-sweep_one-shot_til-2026-05-29_01-43-03-0814/55
True
Model device: cuda:0
[STATE 2026-05-29 01:43:58] Model initialized on device cuda:0
[STATE 2026-05-29 01:43:58] Invoking continual life experience flow
[STATE 2026-05-29 01:43:58] Life experience start: 10 tasks queued
[STATE 2026-05-29 01:43:58] Legacy epoch behavior enabled: using n_epochs=1 for all tasks
Task 0: 50362 training samples, 15108 test samples.
[STATE 2026-05-29 01:43:58] Task 0: zero-shot validation (pre-train)
---- Zero-shot (pre-train) task 0: rec_cls 0.2000 | prec_cls 0.0575 | f1_cls 0.0430 | det 0.5000 | pfa 1.0000 | total_f1 0.0430 ----
[STATE 2026-05-29 01:44:05] Starting task 0 (1/10)
[STATE 2026-05-29 01:44:05] Task 0 Epoch 1/1: entering train loop
[STATE 2026-05-29 01:47:12] Task 0 Epoch 1/1: running validation (end of epoch)
---- Eval at Epoch 0: cls [0.8031546303450762] | det_recall [0.883061095084371] | det_fa [0.17105771467883707] ----
T0 Ep 1/1 | L 0.7815 | Train Acc 0.57 | Prec 0.61 | F1 0.54 | Det Rec 0.79 | Det FA 0.31 | Epoch Time 193.89s (Eval 6.81s, Train 187.08s)
[STATE 2026-05-29 01:47:19] T0 Ep 1/1 complete: Prec 0.6133 F1 0.5377 DetRec 0.7878 DetFA 0.3109 | 193.89s total (6.81s eval/187.08s train)
[STATE 2026-05-29 01:47:19] Task 0: running final validation.
Saved task checkpoint: logs//ctn/seed-sweep_one-shot_til-2026-05-29_01-43-03-0814/55/checkpoints/task_0.pt
[STATE 2026-05-29 01:47:26] Saved task checkpoint to logs//ctn/seed-sweep_one-shot_til-2026-05-29_01-43-03-0814/55/checkpoints/task_0.pt
[STATE 2026-05-29 01:47:26] Completed task 0 (1/10)
Task 1: 51916 training samples, 15574 test samples.
[STATE 2026-05-29 01:47:26] Task 1: zero-shot validation (pre-train)
---- Zero-shot (pre-train) task 1: rec_cls 0.1881 | prec_cls 0.1255 | f1_cls 0.0654 | det 0.5000 | pfa 1.0000 | total_f1 0.4104 ----
[STATE 2026-05-29 01:47:41] Starting task 1 (2/10)
[STATE 2026-05-29 01:47:41] Task 1 Epoch 1/1: entering train loop
[STATE 2026-05-29 01:52:39] Task 1 Epoch 1/1: running validation (end of epoch)
---- Eval at Epoch 0: cls [0.6778013990392069, 0.3734596425186475] | det_recall [0.8402147884697827, 0.8189682886694203] | det_fa [0.2990043768115367, 0.1684624905071446] ----
T1 Ep 1/1 | L 1.3785 | Train Acc 0.44 | Prec 0.52 | F1 0.33 | Det Rec 0.60 | Det FA 0.70 | Epoch Time 312.40s (Eval 13.79s, Train 298.61s)
[STATE 2026-05-29 01:52:53] T1 Ep 1/1 complete: Prec 0.5155 F1 0.3343 DetRec 0.6017 DetFA 0.6956 | 312.40s total (13.79s eval/298.61s train)
[STATE 2026-05-29 01:52:53] Task 1: running final validation.
Saved task checkpoint: logs//ctn/seed-sweep_one-shot_til-2026-05-29_01-43-03-0814/55/checkpoints/task_1.pt
[STATE 2026-05-29 01:53:07] Saved task checkpoint to logs//ctn/seed-sweep_one-shot_til-2026-05-29_01-43-03-0814/55/checkpoints/task_1.pt
[STATE 2026-05-29 01:53:07] Completed task 1 (2/10)
Task 2: 350028 training samples, 105008 test samples.
[STATE 2026-05-29 01:53:10] Task 2: zero-shot validation (pre-train)
---- Zero-shot (pre-train) task 2: rec_cls 0.0217 | prec_cls 0.0860 | f1_cls 0.0898 | det 0.5051 | pfa 0.0996 | total_f1 0.3641 ----
[STATE 2026-05-29 01:54:13] Starting task 2 (3/10)
[STATE 2026-05-29 01:54:13] Task 2 Epoch 1/1: entering train loop
[STATE 2026-05-29 02:33:34] Task 2 Epoch 1/1: running validation (end of epoch)
---- Eval at Epoch 0: cls [0.7328830415734704, 0.5888441821511561, 0.200109988428501] | det_recall [0.8651717310547671, 0.8249568423581983, 0.6136799534021832] | det_fa [0.10245248444545019, 0.08342960302942279, 0.21849733551647987] ----
T2 Ep 1/1 | L 1.3243 | Train Acc 0.27 | Prec 0.39 | F1 0.26 | Det Rec 0.61 | Det FA 0.51 | Epoch Time 2424.58s (Eval 63.38s, Train 2361.21s)
[STATE 2026-05-29 02:34:37] T2 Ep 1/1 complete: Prec 0.3946 F1 0.2596 DetRec 0.6148 DetFA 0.5129 | 2424.58s total (63.38s eval/2361.21s train)
[STATE 2026-05-29 02:34:37] Task 2: running final validation.
Saved task checkpoint: logs//ctn/seed-sweep_one-shot_til-2026-05-29_01-43-03-0814/55/checkpoints/task_2.pt
[STATE 2026-05-29 02:35:39] Saved task checkpoint to logs//ctn/seed-sweep_one-shot_til-2026-05-29_01-43-03-0814/55/checkpoints/task_2.pt
[STATE 2026-05-29 02:35:39] Completed task 2 (3/10)
Task 3: 24480 training samples, 7344 test samples.
[STATE 2026-05-29 02:35:39] Task 3: zero-shot validation (pre-train)
---- Zero-shot (pre-train) task 3: rec_cls 0.1828 | prec_cls 0.1823 | f1_cls 0.0834 | det 0.5000 | pfa 1.0000 | total_f1 0.4393 ----
[STATE 2026-05-29 02:36:44] Starting task 3 (4/10)
[STATE 2026-05-29 02:36:44] Task 3 Epoch 1/1: entering train loop
[STATE 2026-05-29 02:39:35] Task 3 Epoch 1/1: running validation (end of epoch)
---- Eval at Epoch 0: cls [0.29569852575941896, 0.2031364520498785, 0.20170295045288328, 0.45142948437568037] | det_recall [0.49091198656060236, 0.495411941321398, 0.4998228771538411, 0.49882244757819005] | det_fa [0.9924690720172643, 0.960196057218481, 0.9989803966647928, 0.9976911429778277] ----
T3 Ep 1/1 | L 2.5732 | Train Acc 0.43 | Prec 0.49 | F1 0.30 | Det Rec 0.50 | Det FA 0.99 | Epoch Time 237.49s (Eval 66.66s, Train 170.83s)
[STATE 2026-05-29 02:40:42] T3 Ep 1/1 complete: Prec 0.4946 F1 0.2963 DetRec 0.5015 DetFA 0.9878 | 237.49s total (66.66s eval/170.83s train)
[STATE 2026-05-29 02:40:42] Task 3: running final validation.
Saved task checkpoint: logs//ctn/seed-sweep_one-shot_til-2026-05-29_01-43-03-0814/55/checkpoints/task_3.pt
[STATE 2026-05-29 02:41:48] Saved task checkpoint to logs//ctn/seed-sweep_one-shot_til-2026-05-29_01-43-03-0814/55/checkpoints/task_3.pt
[STATE 2026-05-29 02:41:48] Completed task 3 (4/10)
Task 4: 24480 training samples, 7344 test samples.
[STATE 2026-05-29 02:41:48] Task 4: zero-shot validation (pre-train)
---- Zero-shot (pre-train) task 4: rec_cls 0.0168 | prec_cls 0.1202 | f1_cls 0.1139 | det 0.6003 | pfa 0.0000 | total_f1 0.1515 ----
[STATE 2026-05-29 02:42:58] Starting task 4 (5/10)
[STATE 2026-05-29 02:42:58] Task 4 Epoch 1/1: entering train loop
[STATE 2026-05-29 02:45:56] Task 4 Epoch 1/1: running validation (end of epoch)
---- Eval at Epoch 0: cls [0.8094845504777913, 0.5763357919676745, 0.31181745492733276, 0.4601873134434718, 0.4126813907373801] | det_recall [0.8742773320370979, 0.8435999135041148, 0.7252848810097497, 0.9904308839101106, 1.0] | det_fa [0.20034881060509482, 0.1016764831764513, 0.49491105321180107, 0.0, 0.0] ----
T4 Ep 1/1 | L 2.6738 | Train Acc 0.37 | Prec 0.34 | F1 0.38 | Det Rec 0.96 | Det FA 0.08 | Epoch Time 247.66s (Eval 69.23s, Train 178.43s)
[STATE 2026-05-29 02:47:06] T4 Ep 1/1 complete: Prec 0.3444 F1 0.3834 DetRec 0.9579 DetFA 0.0833 | 247.66s total (69.23s eval/178.43s train)
[STATE 2026-05-29 02:47:06] Task 4: running final validation.
Saved task checkpoint: logs//ctn/seed-sweep_one-shot_til-2026-05-29_01-43-03-0814/55/checkpoints/task_4.pt
[STATE 2026-05-29 02:48:15] Saved task checkpoint to logs//ctn/seed-sweep_one-shot_til-2026-05-29_01-43-03-0814/55/checkpoints/task_4.pt
[STATE 2026-05-29 02:48:15] Completed task 4 (5/10)
Task 5: 201410 training samples, 60423 test samples.
[STATE 2026-05-29 02:48:16] Task 5: zero-shot validation (pre-train)
Warning: No negative samples in _false_alarm_rate calculation, returning 0.0
---- Zero-shot (pre-train) task 5: rec_cls 0.0000 | prec_cls 0.0000 | f1_cls 0.0664 | det 0.4958 | pfa 0.0001 | total_f1 0.4522 ----
[STATE 2026-05-29 02:49:53] Starting task 5 (6/10)
[STATE 2026-05-29 02:49:53] Task 5 Epoch 1/1: entering train loop
[STATE 2026-05-29 03:17:46] Task 5 Epoch 1/1: running validation (end of epoch)
Warning: No negative samples in _false_alarm_rate calculation, returning 0.0
---- Eval at Epoch 0: cls [0.7722525241998128, 0.5576974495178179, 0.3204826014195117, 0.47821124747063304, 0.38224706047839285, 0.48142791638135235] | det_recall [0.8781932828641189, 0.8115284439881715, 0.7433654306370063, 0.980081187728891, 1.0, 0.8048330156818218] | det_fa [0.12895720003338515, 0.059798094014113484, 0.4362645784656376, 0.0, 0.0, 0.2515707244019547] ----
T5 Ep 1/1 | L 1.3522 | Train Acc 0.35 | Prec 0.44 | F1 0.30 | Det Rec 0.63 | Det FA 0.63 | Epoch Time 1771.86s (Eval 98.75s, Train 1673.11s)
[STATE 2026-05-29 03:19:24] T5 Ep 1/1 complete: Prec 0.4440 F1 0.3000 DetRec 0.6282 DetFA 0.6279 | 1771.86s total (98.75s eval/1673.11s train)
[STATE 2026-05-29 03:19:24] Task 5: running final validation.
Warning: No negative samples in _false_alarm_rate calculation, returning 0.0
Saved task checkpoint: logs//ctn/seed-sweep_one-shot_til-2026-05-29_01-43-03-0814/55/checkpoints/task_5.pt
[STATE 2026-05-29 03:21:01] Saved task checkpoint to logs//ctn/seed-sweep_one-shot_til-2026-05-29_01-43-03-0814/55/checkpoints/task_5.pt
[STATE 2026-05-29 03:21:01] Completed task 5 (6/10)
Task 6: 17340 training samples, 5202 test samples.
[STATE 2026-05-29 03:21:01] Task 6: zero-shot validation (pre-train)
Warning: No negative samples in _false_alarm_rate calculation, returning 0.0
---- Zero-shot (pre-train) task 6: rec_cls 0.1640 | prec_cls 0.1587 | f1_cls 0.1015 | det 0.3434 | pfa 0.9995 | total_f1 0.4769 ----
[STATE 2026-05-29 03:22:41] Starting task 6 (7/10)
[STATE 2026-05-29 03:22:41] Task 6 Epoch 1/1: entering train loop
[STATE 2026-05-29 03:25:07] Task 6 Epoch 1/1: running validation (end of epoch)
Warning: No negative samples in _false_alarm_rate calculation, returning 0.0
---- Eval at Epoch 0: cls [0.3338802536539989, 0.15958732799751874, 0.19927602130881236, 0.2678728364952197, 0.2158438127238605, 0.20252100840336135, 0.3233462536943574] | det_recall [0.4990553540305786, 0.4485617453803574, 0.5, 0.5, 0.5, 0.5042016806722689, 0.5] | det_fa [0.9575875344714732, 0.8236927710946681, 1.0, 1.0, 1.0, 0.9915966386554622, 1.0] ----
T6 Ep 1/1 | L 1.6045 | Train Acc 0.50 | Prec 0.53 | F1 0.49 | Det Rec 0.87 | Det FA 0.25 | Epoch Time 246.07s (Eval 99.98s, Train 146.09s)
[STATE 2026-05-29 03:26:47] T6 Ep 1/1 complete: Prec 0.5317 F1 0.4887 DetRec 0.8737 DetFA 0.2521 | 246.07s total (99.98s eval/146.09s train)
[STATE 2026-05-29 03:26:47] Task 6: running final validation.
Warning: No negative samples in _false_alarm_rate calculation, returning 0.0
Saved task checkpoint: logs//ctn/seed-sweep_one-shot_til-2026-05-29_01-43-03-0814/55/checkpoints/task_6.pt
[STATE 2026-05-29 03:28:27] Saved task checkpoint to logs//ctn/seed-sweep_one-shot_til-2026-05-29_01-43-03-0814/55/checkpoints/task_6.pt
[STATE 2026-05-29 03:28:27] Completed task 6 (7/10)
Task 7: 188050 training samples, 56415 test samples.
[STATE 2026-05-29 03:28:28] Task 7: zero-shot validation (pre-train)
Warning: No negative samples in _false_alarm_rate calculation, returning 0.0
---- Zero-shot (pre-train) task 7: rec_cls 0.2000 | prec_cls 0.0537 | f1_cls 0.0558 | det 0.5000 | pfa 1.0000 | total_f1 0.0958 ----
[STATE 2026-05-29 03:30:33] Starting task 7 (8/10)
[STATE 2026-05-29 03:30:33] Task 7 Epoch 1/1: entering train loop
[STATE 2026-05-29 04:00:01] Task 7 Epoch 1/1: running validation (end of epoch)
Warning: No negative samples in _false_alarm_rate calculation, returning 0.0
---- Eval at Epoch 0: cls [0.6959652832084798, 0.5682375935256507, 0.2853296652001732, 0.5798553790922844, 0.38388859777611856, 0.29371043696629145, 0.501733640690792, 0.4972249267274308] | det_recall [0.8598521176929251, 0.820042612395183, 0.5001910456928467, 0.9954830426040164, 1.0, 0.5272662877547144, 0.996389111179777, 0.7590704450151761] | det_fa [0.10898456482802231, 0.10479255125628814, 0.996699170015688, 0.007849684473954848, 0.0, 0.9341669120261114, 0.007221777640445923, 0.45130724114011345] ----
T7 Ep 1/1 | L 1.0974 | Train Acc 0.44 | Prec 0.54 | F1 0.38 | Det Rec 0.64 | Det FA 0.67 | Epoch Time 1893.63s (Eval 125.26s, Train 1768.38s)
[STATE 2026-05-29 04:02:06] T7 Ep 1/1 complete: Prec 0.5397 F1 0.3784 DetRec 0.6369 DetFA 0.6722 | 1893.63s total (125.26s eval/1768.38s train)
[STATE 2026-05-29 04:02:06] Task 7: running final validation.
Warning: No negative samples in _false_alarm_rate calculation, returning 0.0
Saved task checkpoint: logs//ctn/seed-sweep_one-shot_til-2026-05-29_01-43-03-0814/55/checkpoints/task_7.pt
[STATE 2026-05-29 04:04:11] Saved task checkpoint to logs//ctn/seed-sweep_one-shot_til-2026-05-29_01-43-03-0814/55/checkpoints/task_7.pt
[STATE 2026-05-29 04:04:11] Completed task 7 (8/10)
Task 8: 36658 training samples, 10997 test samples.
[STATE 2026-05-29 04:04:11] Task 8: zero-shot validation (pre-train)
Warning: No negative samples in _false_alarm_rate calculation, returning 0.0
---- Zero-shot (pre-train) task 8: rec_cls 0.1495 | prec_cls 0.0691 | f1_cls 0.0387 | det 0.4694 | pfa 0.9576 | total_f1 0.4312 ----
[STATE 2026-05-29 04:06:22] Starting task 8 (9/10)
[STATE 2026-05-29 04:06:22] Task 8 Epoch 1/1: entering train loop
[STATE 2026-05-29 04:12:21] Task 8 Epoch 1/1: running validation (end of epoch)
Warning: No negative samples in _false_alarm_rate calculation, returning 0.0
---- Eval at Epoch 0: cls [0.48541562170135116, 0.21845687364622898, 0.2166418819938759, 0.5102740950324449, 0.3781111065402552, 0.12917756469082775, 0.45273634705855587, 0.1914964352217581, 0.35802540173234443] | det_recall [0.5125860218117322, 0.4994545333078838, 0.5003958125286647, 0.9895648596562385, 1.0, 0.6699490298190717, 0.998146008614833, 0.5820198164473, 0.5327991276717724] | det_fa [0.9489136735638767, 0.9191462545960223, 0.9809887905744404, 0.0, 0.0, 0.3151104364364119, 0.00370798277033408, 0.7650997719658136, 0.8875898734839764] ----
T8 Ep 1/1 | L 1.2387 | Train Acc 0.63 | Prec 0.70 | F1 0.54 | Det Rec 0.75 | Det FA 0.44 | Epoch Time 490.29s (Eval 131.55s, Train 358.74s)
[STATE 2026-05-29 04:14:32] T8 Ep 1/1 complete: Prec 0.6998 F1 0.5399 DetRec 0.7455 DetFA 0.4353 | 490.29s total (131.55s eval/358.74s train)
[STATE 2026-05-29 04:14:32] Task 8: running final validation.
Warning: No negative samples in _false_alarm_rate calculation, returning 0.0
Saved task checkpoint: logs//ctn/seed-sweep_one-shot_til-2026-05-29_01-43-03-0814/55/checkpoints/task_8.pt
[STATE 2026-05-29 04:16:42] Saved task checkpoint to logs//ctn/seed-sweep_one-shot_til-2026-05-29_01-43-03-0814/55/checkpoints/task_8.pt
[STATE 2026-05-29 04:16:42] Completed task 8 (9/10)
Task 9: 17340 training samples, 5202 test samples.
[STATE 2026-05-29 04:16:43] Task 9: zero-shot validation (pre-train)
Warning: No negative samples in _false_alarm_rate calculation, returning 0.0
---- Zero-shot (pre-train) task 9: rec_cls 0.0350 | prec_cls 0.2051 | f1_cls 0.1403 | det 0.5890 | pfa 0.0000 | total_f1 0.2751 ----
[STATE 2026-05-29 04:18:56] Starting task 9 (10/10)
[STATE 2026-05-29 04:18:56] Task 9 Epoch 1/1: entering train loop
[STATE 2026-05-29 04:21:53] Task 9 Epoch 1/1: running validation (end of epoch)
Warning: No negative samples in _false_alarm_rate calculation, returning 0.0
---- Eval at Epoch 0: cls [0.6898582495175902, 0.38519567782360953, 0.28723096544764404, 0.5374316234494345, 0.36634220169358944, 0.4747712375282714, 0.4933473656060193, 0.4039618571770681, 0.4713371388382292, 0.42521239918890363] | det_recall [0.7358190849137018, 0.49612148763062675, 0.7400892960754284, 0.9899684664919403, 1.0, 0.7783920264608593, 1.0, 0.772147182742392, 0.801811177352559, 1.0] | det_fa [0.49991917210627906, 0.8781736120648093, 0.3972832084009598, 0.0002777777777777778, 0.0, 0.3197745146604698, 0.0, 0.3972475954346195, 0.2659682886168626, 0.0] ----
T9 Ep 1/1 | L 1.4210 | Train Acc 0.45 | Prec 0.46 | F1 0.47 | Det Rec 0.99 | Det FA 0.01 | Epoch Time 310.40s (Eval 133.21s, Train 177.19s)
[STATE 2026-05-29 04:24:06] T9 Ep 1/1 complete: Prec 0.4607 F1 0.4695 DetRec 0.9926 DetFA 0.0147 | 310.40s total (133.21s eval/177.19s train)
[STATE 2026-05-29 04:24:06] Task 9: running final validation.
Warning: No negative samples in _false_alarm_rate calculation, returning 0.0
Saved task checkpoint: logs//ctn/seed-sweep_one-shot_til-2026-05-29_01-43-03-0814/55/checkpoints/task_9.pt
[STATE 2026-05-29 04:26:21] Saved task checkpoint to logs//ctn/seed-sweep_one-shot_til-2026-05-29_01-43-03-0814/55/checkpoints/task_9.pt
[STATE 2026-05-29 04:26:21] Completed task 9 (10/10)
####Final Validation Accuracy####
Final Results:- 
 Total Recall: 0.453468871627036 
 Individual Recall: [0.6898582495175902, 0.38519567782360953, 0.28723096544764404, 0.5374316234494345, 0.36634220169358944, 0.4747712375282714, 0.4933473656060193, 0.4039618571770681, 0.4713371388382292, 0.42521239918890363]
Final Detection Results:- 
 Total Detection: 0.8314348721667507 
 Individual Detection: [0.7358190849137018, 0.49612148763062675, 0.7400892960754284, 0.9899684664919403, 1.0, 0.7783920264608593, 1.0, 0.772147182742392, 0.801811177352559, 1.0]
Final Detection False Alarm:- 
 Total False Alarm: 0.2758644169061778 
 Individual False Alarm: [0.49991917210627906, 0.8781736120648093, 0.3972832084009598, 0.0002777777777777778, 0.0, 0.3197745146604698, 0.0, 0.3972475954346195, 0.2659682886168626, 0.0]
SUMMARY_TR cls_rec=0.4503 cls_prec=0.4607 cls_f1=0.4695 det=0.8314 fa=0.2759
SUMMARY_TE cls_rec=0.4535 cls_prec=0.5740 cls_f1=0.4669 det=0.8314 fa=0.2759
[STATE 2026-05-29 04:26:21] Saving results to logs//ctn/seed-sweep_one-shot_til-2026-05-29_01-43-03-0814/55/results
Model size: 0.0147 GB
Memory buffer size: 0.0138 GB
logs//ctn/seed-sweep_one-shot_til-2026-05-29_01-43-03-0814/55/results: {'expt_name': 'seed-sweep_one-shot_til', 'model': 'ctn', 'arch': 'resnet1d', 'n_hiddens': 100, 'n_layers': 2, 'xav_init': False, 'debug': False, 'use_detector_arch': False, 'use_groupnorm': False, 'inner_steps': 2, 'n_epochs': 1, 'batch_size': 256, 'replay_batch_size': 128, 'memories': 5120, 'lr': 0.03, 'optimizer': 'sgd', 'prune_perc': 0.75, 'post_prune_epochs': 0, 'class_weighted_ce': True, 'cuda': True, 'amp': True, 'amp_dtype': 'bfloat16', 'cudnn_benchmark': True, 'seed': 55, 'log_every': 10, 'log_dir': 'logs//ctn/seed-sweep_one-shot_til-2026-05-29_01-43-03-0814/55', 'tf_dir': 'logs//ctn/seed-sweep_one-shot_til-2026-05-29_01-43-03-0814/55/tfdir', 'calc_test_accuracy': False, 'state_logging': True, 'data_path': 'data/rff/radar/full', 'task_order_files': 't2-rcn,t0-rcn,t2-uclresm-25noise,t0-deeprad,t1-deeprad,t1-uclresm-25noise,t3-deeprad,t0-uclresm-25noise,t1-rcn,t2-deeprad', 'loader': 'task_incremental_loader', 'samples_per_task': -1, 'task_order_seed': None, 'classes_per_it': 6, 'iterations': 5000, 'dataset': 'iq', 'workers': 0, 'validation': 0.3, 'data_scaling': 'normalize', 'use_iq_aug_features': False, 'iq_aug_feature_type': 'power', 'class_order': 'random', 'increment': 5, 'test_batch_size': 512, 'nc_per_task': None, 'nc_per_task_list': '', 'val_rate': 1000, 'opt_lr': 0.1, 'opt_wt': 0.1, 'alpha_init': 0.001, 'momentum': 0.0, 'learn_lr': False, 'sync_update': False, 'grad_clip_norm': 5.0, 'meta_batches': 3, 'use_old_task_memory': False, 'second_order': False, 'n_memories': 5120, 'memory_strength': 10, 'memory_loss_lambda': 1.0, 'steps_per_sample': 1, 'bgd_optimizer': 'sgd', 'optimizer_params': '{}', 'train_mc_iters': 5, 'std_init': 0.05, 'mean_eta': 1, 'fisher_gamma': 0.95, 'rln': 7, 'meta_lr': 0.001, 'update_lr': 0.1, 'ctx_lr': 0.003, 'n_meta': 1, 'temperature': 5.0, 'task_emb': 64, 'classes_per_task': [6, 7, 6, 7, 7, 6, 6, 6, 7, 6], 'get_samples_per_task': <bound method IncrementalLoader.get_samples_per_task of <dataloaders.task_incremental_loader.IncrementalLoader object at 0x734b6574b6b0>>, 'task_epoch_schedule': {}} # val: 0.433 0.453 0.021 0.000 # sizes: model_gb=0.0147 mem_gb=0.0138 # 9743.066033124924
[STATE 2026-05-29 04:26:21] results.pt components (approx): state_dict 15.1 MB, result_val_t 0.1 KB, result_val_a 0.8 KB
[STATE 2026-05-29 04:26:21] Results saved; total runtime 2.71h
Total runtime: 2.71 hours
