[STATE 2026-05-29 04:26:23] Enabling terminal logging to logs//bcl_dual/seed-sweep_one-shot_til-2026-05-29_04-26-23-8104/55/terminal.log
New Experiment Starting...
Running model:  bcl_dual
[STATE 2026-05-29 04:26:23] Experiment 'seed-sweep_one-shot_til' starting with model 'bcl_dual' (seed 55)
Set seed 55
[STATE 2026-05-29 04:26:23] Runtime accel: cudnn.benchmark=False amp=True amp_dtype=bfloat16
t2-rcn.npz train: x=(50362, 1024), y=(50362, 2)
t2-rcn.npz test: x=(16787, 1024), y=(16787, 2)
t2-rcn.npz: applied data scaling mode 'normalize'.
Loaded t2-rcn.npz: Unique train labels: UniqueCountsResult(values=array([-1,  3,  5, 10, 12, 15]), counts=array([24209,  5770,  3030,  2320,  7509,  7524]))
Noise labels ratio in t2-rcn.npz train: 0.24, test: 0.24
Loaded t2-rcn.npz: Remapped labels: [0 1 2 3 4 5]. Size: 50362)
t0-rcn.npz train: x=(51916, 1024), y=(51916, 2)
t0-rcn.npz test: x=(17305, 1024), y=(17305, 2)
t0-rcn.npz: applied data scaling mode 'normalize'.
Loaded t0-rcn.npz: Unique train labels: UniqueCountsResult(values=array([-1,  1,  8,  9, 11, 13, 14]), counts=array([24225,  4268,  2495,  2943,  3015,  7464,  7506]))
Noise labels ratio in t0-rcn.npz train: 0.23, test: 0.23
Loaded t0-rcn.npz: Remapped labels: [ 6  7  8  9 10 11 12]. Size: 51916)
t2-uclresm-25noise.npz train: moved sample axis (3, 350028, 1024) -> (350028, 3, 1024)
t2-uclresm-25noise.npz test: moved sample axis (3, 233351, 1024) -> (233351, 3, 1024)
t2-uclresm-25noise.npz train: x=(350028, 3, 1024), y=(350028,)
t2-uclresm-25noise.npz test: x=(233351, 3, 1024), y=(233351,)
t2-uclresm-25noise.npz: applied data scaling mode 'normalize'.
Loaded t2-uclresm-25noise.npz: Unique train labels: UniqueCountsResult(values=array([-1,  0,  1,  2,  3,  4]), counts=array([87441, 27347, 71754, 64298, 36005, 63183]))
Noise labels ratio in t2-uclresm-25noise.npz train: 0.25, test: 0.25
Loaded t2-uclresm-25noise.npz: Remapped labels: [13 14 15 16 17 18]. Size: 350028)
t0-deeprad.npz train: x=(24480, 1024), y=(24480, 2)
t0-deeprad.npz test: x=(8160, 1024), y=(8160, 2)
t0-deeprad.npz: applied data scaling mode 'normalize'.
Loaded t0-deeprad.npz: Unique train labels: UniqueCountsResult(values=array([-1,  0,  1,  2,  3,  4,  5]), counts=array([12240,  2029,  1983,  2043,  2154,  2015,  2016]))
Noise labels ratio in t0-deeprad.npz train: 0.25, test: 0.25
Loaded t0-deeprad.npz: Remapped labels: [19 20 21 22 23 24 25]. Size: 24480)
t1-deeprad.npz train: x=(24480, 1024), y=(24480, 2)
t1-deeprad.npz test: x=(8160, 1024), y=(8160, 2)
t1-deeprad.npz: applied data scaling mode 'normalize'.
Loaded t1-deeprad.npz: Unique train labels: UniqueCountsResult(values=array([-1,  0,  1,  2,  3,  4,  5]), counts=array([12240,  1988,  2029,  2054,  1988,  2053,  2128]))
Noise labels ratio in t1-deeprad.npz train: 0.25, test: 0.25
Loaded t1-deeprad.npz: Remapped labels: [26 27 28 29 30 31 32]. Size: 24480)
t1-uclresm-25noise.npz train: moved sample axis (3, 201410, 1024) -> (201410, 3, 1024)
t1-uclresm-25noise.npz test: moved sample axis (3, 116291, 1024) -> (116291, 3, 1024)
t1-uclresm-25noise.npz train: x=(201410, 3, 1024), y=(201410,)
t1-uclresm-25noise.npz test: x=(116291, 3, 1024), y=(116291,)
t1-uclresm-25noise.npz: applied data scaling mode 'normalize'.
Loaded t1-uclresm-25noise.npz: Unique train labels: UniqueCountsResult(values=array([-1,  0,  1,  2,  3,  4]), counts=array([43668, 18021, 17838, 18087, 31870, 71926]))
Noise labels ratio in t1-uclresm-25noise.npz train: 0.22, test: 0.25
Loaded t1-uclresm-25noise.npz: Remapped labels: [33 34 35 36 37 38]. Size: 201410)
t3-deeprad.npz train: x=(17340, 1024), y=(17340, 2)
t3-deeprad.npz test: x=(6800, 1024), y=(6800, 2)
t3-deeprad.npz: applied data scaling mode 'normalize'.
Loaded t3-deeprad.npz: Unique train labels: UniqueCountsResult(values=array([-1,  0,  1,  2,  3,  4]), counts=array([8670, 1693, 1677, 1794, 1716, 1790]))
Noise labels ratio in t3-deeprad.npz train: 0.25, test: 0.25
Loaded t3-deeprad.npz: Remapped labels: [39 40 41 42 43 44]. Size: 17340)
t0-uclresm-25noise.npz train: moved sample axis (3, 188050, 1024) -> (188050, 3, 1024)
t0-uclresm-25noise.npz test: moved sample axis (3, 107348, 1024) -> (107348, 3, 1024)
t0-uclresm-25noise.npz train: x=(188050, 3, 1024), y=(188050,)
t0-uclresm-25noise.npz test: x=(107348, 3, 1024), y=(107348,)
t0-uclresm-25noise.npz: applied data scaling mode 'normalize'.
Loaded t0-uclresm-25noise.npz: Unique train labels: UniqueCountsResult(values=array([-1,  0,  1,  2,  3,  4]), counts=array([40144, 32109, 17978, 17979, 18098, 61742]))
Noise labels ratio in t0-uclresm-25noise.npz train: 0.21, test: 0.25
Loaded t0-uclresm-25noise.npz: Remapped labels: [45 46 47 48 49 50]. Size: 188050)
t1-rcn.npz train: x=(36658, 1024), y=(36658, 2)
t1-rcn.npz test: x=(12220, 1024), y=(12220, 2)
t1-rcn.npz: applied data scaling mode 'normalize'.
Loaded t1-rcn.npz: Unique train labels: UniqueCountsResult(values=array([-1,  0,  2,  4,  6,  7, 16]), counts=array([20595,   824,  2087,  2606,  2396,  1716,  6434]))
Noise labels ratio in t1-rcn.npz train: 0.28, test: 0.28
Loaded t1-rcn.npz: Remapped labels: [51 52 53 54 55 56 57]. Size: 36658)
t2-deeprad.npz train: x=(17340, 1024), y=(17340, 2)
t2-deeprad.npz test: x=(6800, 1024), y=(6800, 2)
t2-deeprad.npz: applied data scaling mode 'normalize'.
Loaded t2-deeprad.npz: Unique train labels: UniqueCountsResult(values=array([-1,  0,  1,  2,  3,  4]), counts=array([8670, 1774, 1675, 1777, 1694, 1750]))
Noise labels ratio in t2-deeprad.npz train: 0.25, test: 0.25
Loaded t2-deeprad.npz: Remapped labels: [58 59 60 61 62 63]. Size: 17340)
Built classes_per_task: [6, 7, 6, 7, 7, 6, 6, 6, 7, 6]
Classes per task: [6, 7, 6, 7, 7, 6, 6, 6, 7, 6]
[STATE 2026-05-29 04:27:17] Loader 'task_incremental_loader' ready: 1024 inputs, 64 outputs, 10 tasks
n_outputs: 64 	n_tasks: 10
[STATE 2026-05-29 04:27:17] Logging to logs//bcl_dual/seed-sweep_one-shot_til-2026-05-29_04-26-23-8104/55
True
Model device: cuda:0
[STATE 2026-05-29 04:27:17] Model initialized on device cuda:0
[STATE 2026-05-29 04:27:17] Invoking continual life experience flow
[STATE 2026-05-29 04:27:17] Life experience start: 10 tasks queued
[STATE 2026-05-29 04:27:17] Legacy epoch behavior enabled: using n_epochs=1 for all tasks
Task 0: 50362 training samples, 16787 test samples.
[STATE 2026-05-29 04:27:17] Task 0: zero-shot validation (pre-train)
---- Zero-shot (pre-train) task 0: rec_cls 0.1950 | prec_cls 0.1308 | f1_cls 0.0588 | det 0.5000 | pfa 1.0000 | total_f1 0.0588 ----
[STATE 2026-05-29 04:27:26] Starting task 0 (1/10)
[STATE 2026-05-29 04:27:26] Task 0 Epoch 1/1: entering train loop
[STATE 2026-05-29 04:30:15] Task 0 Epoch 1/1: running validation (end of epoch)
---- Eval at Epoch 0: cls [0.8609489937937111] | det_recall [0.8700564812174587] | det_fa [0.2430855437670052] ----
T0 Ep 1/1 | L 0.3876 | Train Acc 0.70 | Prec 0.72 | F1 0.65 | Det Rec 0.83 | Det FA 0.27 | Epoch Time 176.29s (Eval 7.56s, Train 168.73s)
[STATE 2026-05-29 04:30:23] T0 Ep 1/1 complete: Prec 0.7188 F1 0.6539 DetRec 0.8299 DetFA 0.2699 | 176.29s total (7.56s eval/168.73s train)
[STATE 2026-05-29 04:30:23] Task 0: running final validation.
Saved task checkpoint: logs//bcl_dual/seed-sweep_one-shot_til-2026-05-29_04-26-23-8104/55/checkpoints/task_0.pt
[STATE 2026-05-29 04:30:30] Saved task checkpoint to logs//bcl_dual/seed-sweep_one-shot_til-2026-05-29_04-26-23-8104/55/checkpoints/task_0.pt
[STATE 2026-05-29 04:30:30] Completed task 0 (1/10)
Task 1: 51916 training samples, 17305 test samples.
[STATE 2026-05-29 04:30:30] Task 1: zero-shot validation (pre-train)
---- Zero-shot (pre-train) task 1: rec_cls 0.1994 | prec_cls 0.1140 | f1_cls 0.0574 | det 0.5000 | pfa 1.0000 | total_f1 0.4216 ----
[STATE 2026-05-29 04:30:46] Starting task 1 (2/10)
[STATE 2026-05-29 04:30:46] Task 1 Epoch 1/1: entering train loop
[STATE 2026-05-29 04:35:19] Task 1 Epoch 1/1: running validation (end of epoch)
---- Eval at Epoch 0: cls [0.8099108661392516, 0.7950826324986144] | det_recall [0.8783789700074631, 0.8599330444117705] | det_fa [0.17195998158155723, 0.22263152486444734] ----
T1 Ep 1/1 | L 0.2332 | Train Acc 0.70 | Prec 0.77 | F1 0.62 | Det Rec 0.74 | Det FA 0.44 | Epoch Time 288.50s (Eval 15.43s, Train 273.06s)
[STATE 2026-05-29 04:35:34] T1 Ep 1/1 complete: Prec 0.7692 F1 0.6169 DetRec 0.7410 DetFA 0.4364 | 288.50s total (15.43s eval/273.06s train)
[STATE 2026-05-29 04:35:34] Task 1: running final validation.
Saved task checkpoint: logs//bcl_dual/seed-sweep_one-shot_til-2026-05-29_04-26-23-8104/55/checkpoints/task_1.pt
[STATE 2026-05-29 04:35:51] Saved task checkpoint to logs//bcl_dual/seed-sweep_one-shot_til-2026-05-29_04-26-23-8104/55/checkpoints/task_1.pt
[STATE 2026-05-29 04:35:51] Completed task 1 (2/10)
Task 2: 350028 training samples, 175014 test samples.
[STATE 2026-05-29 04:35:54] Task 2: zero-shot validation (pre-train)
---- Zero-shot (pre-train) task 2: rec_cls 0.0844 | prec_cls 0.1871 | f1_cls 0.1474 | det 0.5511 | pfa 0.3140 | total_f1 0.5617 ----
[STATE 2026-05-29 04:37:30] Starting task 2 (3/10)
[STATE 2026-05-29 04:37:30] Task 2 Epoch 1/1: entering train loop
[STATE 2026-05-29 05:08:45] Task 2 Epoch 1/1: running validation (end of epoch)
---- Eval at Epoch 0: cls [0.7660797371833559, 0.7322920249319875, 0.6780124515598501] | det_recall [0.8693083546753835, 0.8571423185608918, 0.8316536162791003] | det_fa [0.15677059256311207, 0.16411888891621343, 0.23095503585534197] ----
T2 Ep 1/1 | L 0.2000 | Train Acc 0.58 | Prec 0.61 | F1 0.57 | Det Rec 0.81 | Det FA 0.34 | Epoch Time 1972.01s (Eval 97.26s, Train 1874.75s)
[STATE 2026-05-29 05:10:22] T2 Ep 1/1 complete: Prec 0.6066 F1 0.5748 DetRec 0.8058 DetFA 0.3383 | 1972.01s total (97.26s eval/1874.75s train)
[STATE 2026-05-29 05:10:22] Task 2: running final validation.
Saved task checkpoint: logs//bcl_dual/seed-sweep_one-shot_til-2026-05-29_04-26-23-8104/55/checkpoints/task_2.pt
[STATE 2026-05-29 05:11:58] Saved task checkpoint to logs//bcl_dual/seed-sweep_one-shot_til-2026-05-29_04-26-23-8104/55/checkpoints/task_2.pt
[STATE 2026-05-29 05:11:58] Completed task 2 (3/10)
Task 3: 24480 training samples, 8160 test samples.
[STATE 2026-05-29 05:11:59] Task 3: zero-shot validation (pre-train)
---- Zero-shot (pre-train) task 3: rec_cls 0.1793 | prec_cls 0.1165 | f1_cls 0.0587 | det 0.4716 | pfa 1.0000 | total_f1 0.5576 ----
[STATE 2026-05-29 05:13:38] Starting task 3 (4/10)
[STATE 2026-05-29 05:13:38] Task 3 Epoch 1/1: entering train loop
[STATE 2026-05-29 05:15:53] Task 3 Epoch 1/1: running validation (end of epoch)
---- Eval at Epoch 0: cls [0.756302929949422, 0.7424817350813622, 0.6050457973630508, 0.5902871126499754] | det_recall [0.8706523298247015, 0.8592164706235228, 0.7959467068691397, 0.997706335133701] | det_fa [0.1727771854852798, 0.2059844908326387, 0.3683406883368763, 0.0033809054366233547] ----
T3 Ep 1/1 | L 0.3479 | Train Acc 0.55 | Prec 0.55 | F1 0.59 | Det Rec 0.99 | Det FA 0.01 | Epoch Time 235.62s (Eval 101.38s, Train 134.24s)
[STATE 2026-05-29 05:17:34] T3 Ep 1/1 complete: Prec 0.5538 F1 0.5858 DetRec 0.9922 DetFA 0.0127 | 235.62s total (101.38s eval/134.24s train)
[STATE 2026-05-29 05:17:34] Task 3: running final validation.
Saved task checkpoint: logs//bcl_dual/seed-sweep_one-shot_til-2026-05-29_04-26-23-8104/55/checkpoints/task_3.pt
[STATE 2026-05-29 05:19:15] Saved task checkpoint to logs//bcl_dual/seed-sweep_one-shot_til-2026-05-29_04-26-23-8104/55/checkpoints/task_3.pt
[STATE 2026-05-29 05:19:15] Completed task 3 (4/10)
Task 4: 24480 training samples, 8160 test samples.
[STATE 2026-05-29 05:19:15] Task 4: zero-shot validation (pre-train)
---- Zero-shot (pre-train) task 4: rec_cls 0.0886 | prec_cls 0.0500 | f1_cls 0.0382 | det 0.4093 | pfa 1.0000 | total_f1 0.5463 ----
[STATE 2026-05-29 05:20:59] Starting task 4 (5/10)
[STATE 2026-05-29 05:20:59] Task 4 Epoch 1/1: entering train loop
[STATE 2026-05-29 05:23:16] Task 4 Epoch 1/1: running validation (end of epoch)
---- Eval at Epoch 0: cls [0.7422767705123479, 0.7274429099259404, 0.5661845608564802, 0.5584822265057929, 0.4115050389339985] | det_recall [0.8637943509962119, 0.8440747914584824, 0.7810382924558055, 0.9977109276514172, 1.0] | det_fa [0.16422698337318786, 0.2580893859392433, 0.41062571145416504, 0.004578144697165647, 0.0] ----
T4 Ep 1/1 | L 0.2235 | Train Acc 0.38 | Prec 0.38 | F1 0.41 | Det Rec 0.99 | Det FA 0.01 | Epoch Time 240.91s (Eval 104.07s, Train 136.84s)
[STATE 2026-05-29 05:25:00] T4 Ep 1/1 complete: Prec 0.3768 F1 0.4112 DetRec 0.9950 DetFA 0.0092 | 240.91s total (104.07s eval/136.84s train)
[STATE 2026-05-29 05:25:00] Task 4: running final validation.
Saved task checkpoint: logs//bcl_dual/seed-sweep_one-shot_til-2026-05-29_04-26-23-8104/55/checkpoints/task_4.pt
[STATE 2026-05-29 05:26:44] Saved task checkpoint to logs//bcl_dual/seed-sweep_one-shot_til-2026-05-29_04-26-23-8104/55/checkpoints/task_4.pt
[STATE 2026-05-29 05:26:44] Completed task 4 (5/10)
Task 5: 201410 training samples, 100705 test samples.
[STATE 2026-05-29 05:26:46] Task 5: zero-shot validation (pre-train)
---- Zero-shot (pre-train) task 5: rec_cls 0.0185 | prec_cls 0.1269 | f1_cls 0.0874 | det 0.5068 | pfa 0.0877 | total_f1 0.5139 ----
[STATE 2026-05-29 05:29:15] Starting task 5 (6/10)
[STATE 2026-05-29 05:29:15] Task 5 Epoch 1/1: entering train loop
[STATE 2026-05-29 05:48:24] Task 5 Epoch 1/1: running validation (end of epoch)
---- Eval at Epoch 0: cls [0.7049226670022891, 0.629816377943188, 0.4650914431378841, 0.5467472663398655, 0.38759251914669435, 0.7561834055277085] | det_recall [0.8543537342474452, 0.8086811801636815, 0.7858844528338856, 0.997211419184732, 1.0, 0.8683676701453181] | det_fa [0.15116386841864704, 0.28412120952841025, 0.33200259704194923, 0.00484255692461166, 0.0, 0.19689527321710715] ----
T5 Ep 1/1 | L 0.1324 | Train Acc 0.71 | Prec 0.71 | F1 0.68 | Det Rec 0.84 | Det FA 0.27 | Epoch Time 1297.01s (Eval 147.98s, Train 1149.03s)
[STATE 2026-05-29 05:50:52] T5 Ep 1/1 complete: Prec 0.7086 F1 0.6839 DetRec 0.8417 DetFA 0.2665 | 1297.01s total (147.98s eval/1149.03s train)
[STATE 2026-05-29 05:50:52] Task 5: running final validation.
Saved task checkpoint: logs//bcl_dual/seed-sweep_one-shot_til-2026-05-29_04-26-23-8104/55/checkpoints/task_5.pt
[STATE 2026-05-29 05:53:21] Saved task checkpoint to logs//bcl_dual/seed-sweep_one-shot_til-2026-05-29_04-26-23-8104/55/checkpoints/task_5.pt
[STATE 2026-05-29 05:53:21] Completed task 5 (6/10)
Task 6: 17340 training samples, 6800 test samples.
[STATE 2026-05-29 05:53:21] Task 6: zero-shot validation (pre-train)
---- Zero-shot (pre-train) task 6: rec_cls 0.2249 | prec_cls 0.1884 | f1_cls 0.0949 | det 0.4184 | pfa 0.9959 | total_f1 0.5231 ----
[STATE 2026-05-29 05:55:53] Starting task 6 (7/10)
[STATE 2026-05-29 05:55:53] Task 6 Epoch 1/1: entering train loop
[STATE 2026-05-29 05:57:35] Task 6 Epoch 1/1: running validation (end of epoch)
---- Eval at Epoch 0: cls [0.7036260398044448, 0.6339932065209372, 0.4609903399380657, 0.5639961468193727, 0.40598251256697443, 0.749276936688266, 0.5389538271082116] | det_recall [0.8552155366556745, 0.8059048204195896, 0.7739524385519401, 0.9986503354380125, 1.0, 0.8448703818483716, 1.0] | det_fa [0.1522373805997793, 0.2791937677559779, 0.33951281693006535, 0.001669523717714292, 0.0, 0.2814161489139938, 0.0] ----
T6 Ep 1/1 | L 0.1152 | Train Acc 0.52 | Prec 0.53 | F1 0.58 | Det Rec 1.00 | Det FA 0.00 | Epoch Time 254.77s (Eval 153.20s, Train 101.57s)
[STATE 2026-05-29 06:00:08] T6 Ep 1/1 complete: Prec 0.5329 F1 0.5759 DetRec 0.9988 DetFA 0.0024 | 254.77s total (153.20s eval/101.57s train)
[STATE 2026-05-29 06:00:08] Task 6: running final validation.
Saved task checkpoint: logs//bcl_dual/seed-sweep_one-shot_til-2026-05-29_04-26-23-8104/55/checkpoints/task_6.pt
[STATE 2026-05-29 06:02:41] Saved task checkpoint to logs//bcl_dual/seed-sweep_one-shot_til-2026-05-29_04-26-23-8104/55/checkpoints/task_6.pt
[STATE 2026-05-29 06:02:41] Completed task 6 (7/10)
Task 7: 188050 training samples, 94025 test samples.
[STATE 2026-05-29 06:02:43] Task 7: zero-shot validation (pre-train)
---- Zero-shot (pre-train) task 7: rec_cls 0.2553 | prec_cls 0.2236 | f1_cls 0.0998 | det 0.4999 | pfa 0.9904 | total_f1 0.5310 ----
[STATE 2026-05-29 06:05:58] Starting task 7 (8/10)
[STATE 2026-05-29 06:05:58] Task 7 Epoch 1/1: entering train loop
[STATE 2026-05-29 06:24:39] Task 7 Epoch 1/1: running validation (end of epoch)
---- Eval at Epoch 0: cls [0.6826022332434397, 0.6177858693467161, 0.4117983168201406, 0.5487665866286633, 0.4003850865616244, 0.6490238789979179, 0.46985182525891966, 0.7598071776116034] | det_recall [0.8432507204444235, 0.8255684925073994, 0.7939565695092842, 0.99829023244512, 1.0, 0.8694980782519922, 0.9993135364129152, 0.8472424029810552] | det_fa [0.1217923469774475, 0.23687234902836174, 0.27015621022169123, 0.0019382177041198123, 0.0, 0.038491672938802284, 0.0013729271741694104, 0.2331813448473761] ----
T7 Ep 1/1 | L 0.0929 | Train Acc 0.72 | Prec 0.74 | F1 0.71 | Det Rec 0.84 | Det FA 0.25 | Epoch Time 1317.03s (Eval 196.02s, Train 1121.01s)
[STATE 2026-05-29 06:27:55] T7 Ep 1/1 complete: Prec 0.7418 F1 0.7050 DetRec 0.8417 DetFA 0.2526 | 1317.03s total (196.02s eval/1121.01s train)
[STATE 2026-05-29 06:27:55] Task 7: running final validation.
Saved task checkpoint: logs//bcl_dual/seed-sweep_one-shot_til-2026-05-29_04-26-23-8104/55/checkpoints/task_7.pt
[STATE 2026-05-29 06:31:12] Saved task checkpoint to logs//bcl_dual/seed-sweep_one-shot_til-2026-05-29_04-26-23-8104/55/checkpoints/task_7.pt
[STATE 2026-05-29 06:31:12] Completed task 7 (8/10)
Task 8: 36658 training samples, 12220 test samples.
[STATE 2026-05-29 06:31:12] Task 8: zero-shot validation (pre-train)
---- Zero-shot (pre-train) task 8: rec_cls 0.1660 | prec_cls 0.0642 | f1_cls 0.0242 | det 0.4998 | pfa 0.9993 | total_f1 0.5419 ----
[STATE 2026-05-29 06:34:34] Starting task 8 (9/10)
[STATE 2026-05-29 06:34:34] Task 8 Epoch 1/1: entering train loop
[STATE 2026-05-29 06:38:19] Task 8 Epoch 1/1: running validation (end of epoch)
---- Eval at Epoch 0: cls [0.6985460912524154, 0.7048342110384102, 0.4166095831719869, 0.5405077592743563, 0.38223250478725934, 0.6376778103045074, 0.48534282240416354, 0.7212361367755777, 0.7769947476842461] | det_recall [0.8478257852483264, 0.8354312418347882, 0.7923368966268022, 0.9974258025517241, 1.0, 0.8539891782764062, 1.0, 0.8194394783030864, 0.8072850478817766] | det_fa [0.11363789096943486, 0.2336844563253155, 0.3221206156785236, 0.003899557464393279, 0.0, 0.07487759616951249, 0.0, 0.34087670803819653, 0.3117596621484085] ----
T8 Ep 1/1 | L 0.1063 | Train Acc 0.76 | Prec 0.77 | F1 0.62 | Det Rec 0.77 | Det FA 0.43 | Epoch Time 427.05s (Eval 202.73s, Train 224.32s)
[STATE 2026-05-29 06:41:41] T8 Ep 1/1 complete: Prec 0.7668 F1 0.6157 DetRec 0.7691 DetFA 0.4252 | 427.05s total (202.73s eval/224.32s train)
[STATE 2026-05-29 06:41:41] Task 8: running final validation.
Saved task checkpoint: logs//bcl_dual/seed-sweep_one-shot_til-2026-05-29_04-26-23-8104/55/checkpoints/task_8.pt
[STATE 2026-05-29 06:45:05] Saved task checkpoint to logs//bcl_dual/seed-sweep_one-shot_til-2026-05-29_04-26-23-8104/55/checkpoints/task_8.pt
[STATE 2026-05-29 06:45:05] Completed task 8 (9/10)
Task 9: 17340 training samples, 6800 test samples.
[STATE 2026-05-29 06:45:05] Task 9: zero-shot validation (pre-train)
---- Zero-shot (pre-train) task 9: rec_cls 0.0619 | prec_cls 0.1523 | f1_cls 0.1802 | det 0.6230 | pfa 0.1864 | total_f1 0.5678 ----
[STATE 2026-05-29 06:48:28] Starting task 9 (10/10)
[STATE 2026-05-29 06:48:28] Task 9 Epoch 1/1: entering train loop
[STATE 2026-05-29 06:50:17] Task 9 Epoch 1/1: running validation (end of epoch)
---- Eval at Epoch 0: cls [0.7100772383541987, 0.7051047788391309, 0.42872337258855797, 0.5636151127447362, 0.42137134621794625, 0.6594424561292577, 0.4686723601296519, 0.723988135200378, 0.7383905515197283, 0.4787748112857311] | det_recall [0.8495160760917541, 0.8392325205080859, 0.7895988748289181, 0.9960030763784335, 1.0, 0.8517113723551544, 0.998620268259013, 0.8274632306467852, 0.8050042537347473, 1.0] | det_fa [0.14210865867292116, 0.2568580859933305, 0.3506741128530434, 0.007730134162964136, 0.0, 0.10548520904381231, 0.002759463481974239, 0.31090555422483723, 0.2712001901452571, 0.0] ----
T9 Ep 1/1 | L 0.1358 | Train Acc 0.46 | Prec 0.46 | F1 0.50 | Det Rec 1.00 | Det FA 0.00 | Epoch Time 314.53s (Eval 206.34s, Train 108.19s)
[STATE 2026-05-29 06:53:43] T9 Ep 1/1 complete: Prec 0.4601 F1 0.4985 DetRec 0.9999 DetFA 0.0000 | 314.53s total (206.34s eval/108.19s train)
[STATE 2026-05-29 06:53:43] Task 9: running final validation.
Saved task checkpoint: logs//bcl_dual/seed-sweep_one-shot_til-2026-05-29_04-26-23-8104/55/checkpoints/task_9.pt
[STATE 2026-05-29 06:57:09] Saved task checkpoint to logs//bcl_dual/seed-sweep_one-shot_til-2026-05-29_04-26-23-8104/55/checkpoints/task_9.pt
[STATE 2026-05-29 06:57:09] Completed task 9 (10/10)
####Final Validation Accuracy####
Final Results:- 
 Total Recall: 0.5900194379083501 
 Individual Recall: [0.7095007273657455, 0.7068099902322579, 0.42726885823238847, 0.5648214955421453, 0.42288280162023484, 0.6581940278919751, 0.47993689698354025, 0.7220911741541747, 0.7347245954921431, 0.4739638115688951]
Final Detection Results:- 
 Total Detection: 0.8957924029198663 
 Individual Detection: [0.8533890543539177, 0.8364552579171003, 0.7904300332391011, 0.9959886071447612, 1.0, 0.8523123650200729, 0.9980894825697727, 0.8274608129017875, 0.8037984160521493, 1.0]
Final Detection False Alarm:- 
 Total False Alarm: 0.14474735034593594 
 Individual False Alarm: [0.13936395490848646, 0.2600651139653656, 0.34983689589746136, 0.007543851476772302, 0.0, 0.10361141830864022, 0.003821034860454669, 0.312160213679795, 0.2710710203623839, 0.0]
SUMMARY_TR cls_rec=0.4626 cls_prec=0.4601 cls_f1=0.4985 det=0.8957 fa=0.1448
SUMMARY_TE cls_rec=0.5900 cls_prec=0.6282 cls_f1=0.6086 det=0.8958 fa=0.1447
[STATE 2026-05-29 06:57:09] Saving results to logs//bcl_dual/seed-sweep_one-shot_til-2026-05-29_04-26-23-8104/55/results
Model size: 0.0289 GB
Memory buffer size: 0.0158 GB
logs//bcl_dual/seed-sweep_one-shot_til-2026-05-29_04-26-23-8104/55/results: {'expt_name': 'seed-sweep_one-shot_til', 'model': 'bcl_dual', 'arch': 'resnet1d', 'n_hiddens': 100, 'n_layers': 2, 'xav_init': False, 'debug': False, 'use_detector_arch': False, 'use_groupnorm': False, 'inner_steps': 2, 'n_epochs': 1, 'batch_size': 256, 'replay_batch_size': 128, 'memories': 5120, 'lr': 0.001, 'optimizer': 'sgd', 'prune_perc': 0.75, 'post_prune_epochs': 0, 'class_weighted_ce': True, 'cuda': True, 'amp': True, 'amp_dtype': 'bfloat16', 'cudnn_benchmark': True, 'seed': 55, 'log_every': 10, 'log_dir': 'logs//bcl_dual/seed-sweep_one-shot_til-2026-05-29_04-26-23-8104/55', 'tf_dir': 'logs//bcl_dual/seed-sweep_one-shot_til-2026-05-29_04-26-23-8104/55/tfdir', 'calc_test_accuracy': False, 'state_logging': True, 'data_path': 'data/rff/radar/full', 'task_order_files': 't2-rcn,t0-rcn,t2-uclresm-25noise,t0-deeprad,t1-deeprad,t1-uclresm-25noise,t3-deeprad,t0-uclresm-25noise,t1-rcn,t2-deeprad', 'loader': 'task_incremental_loader', 'samples_per_task': -1, 'task_order_seed': None, 'classes_per_it': 6, 'iterations': 5000, 'dataset': 'iq', 'workers': 0, 'validation': 0.5, 'data_scaling': 'normalize', 'use_iq_aug_features': False, 'iq_aug_feature_type': 'power', 'class_order': 'random', 'increment': 5, 'test_batch_size': 512, 'nc_per_task': None, 'nc_per_task_list': '', 'val_rate': 1000, 'opt_lr': 0.1, 'opt_wt': 0.1, 'alpha_init': 0.001, 'momentum': 0.0, 'learn_lr': False, 'sync_update': False, 'grad_clip_norm': 5.0, 'meta_batches': 3, 'use_old_task_memory': False, 'second_order': False, 'n_memories': 5120, 'memory_strength': 1, 'memory_loss_lambda': 1.0, 'steps_per_sample': 1, 'bgd_optimizer': 'sgd', 'optimizer_params': '{}', 'train_mc_iters': 5, 'std_init': 0.05, 'mean_eta': 1, 'fisher_gamma': 0.95, 'rln': 7, 'meta_lr': 0.001, 'update_lr': 0.1, 'ctx_lr': 0.05, 'n_meta': 1, 'temperature': 5.0, 'task_emb': 64, 'classes_per_task': [6, 7, 6, 7, 7, 6, 6, 6, 7, 6], 'get_samples_per_task': <bound method IncrementalLoader.get_samples_per_task of <dataloaders.task_incremental_loader.IncrementalLoader object at 0x7e962d2720f0>>, 'task_epoch_schedule': {}} # val: 0.666 0.590 -0.076 0.000 # sizes: model_gb=0.0289 mem_gb=0.0158 # 8991.872046232224
[STATE 2026-05-29 06:57:09] results.pt components (approx): state_dict 29.6 MB, result_val_t 0.1 KB, result_val_a 0.8 KB
[STATE 2026-05-29 06:57:09] Results saved; total runtime 2.50h
Total runtime: 2.50 hours
