[STATE 2026-05-28 18:58:30] Enabling terminal logging to logs//rwalk/seed-sweep_one-shot_til-2026-05-28_18-58-30-2332/55/terminal.log
New Experiment Starting...
Running model:  rwalk
[STATE 2026-05-28 18:58:30] Experiment 'seed-sweep_one-shot_til' starting with model 'rwalk' (seed 55)
Set seed 55
[STATE 2026-05-28 18:58:30] Runtime accel: cudnn.benchmark=False amp=True amp_dtype=bfloat16
t2-rcn.npz train: x=(50362, 1024), y=(50362, 2)
t2-rcn.npz test: x=(16787, 1024), y=(16787, 2)
t2-rcn.npz: applied data scaling mode 'normalize'.
Loaded t2-rcn.npz: Unique train labels: UniqueCountsResult(values=array([-1,  3,  5, 10, 12, 15]), counts=array([24209,  5770,  3030,  2320,  7509,  7524]))
Noise labels ratio in t2-rcn.npz train: 0.24, test: 0.24
Loaded t2-rcn.npz: Remapped labels: [0 1 2 3 4 5]. Size: 50362)
t0-rcn.npz train: x=(51916, 1024), y=(51916, 2)
t0-rcn.npz test: x=(17305, 1024), y=(17305, 2)
t0-rcn.npz: applied data scaling mode 'normalize'.
Loaded t0-rcn.npz: Unique train labels: UniqueCountsResult(values=array([-1,  1,  8,  9, 11, 13, 14]), counts=array([24225,  4268,  2495,  2943,  3015,  7464,  7506]))
Noise labels ratio in t0-rcn.npz train: 0.23, test: 0.23
Loaded t0-rcn.npz: Remapped labels: [ 6  7  8  9 10 11 12]. Size: 51916)
t2-uclresm-25noise.npz train: moved sample axis (3, 350028, 1024) -> (350028, 3, 1024)
t2-uclresm-25noise.npz test: moved sample axis (3, 233351, 1024) -> (233351, 3, 1024)
t2-uclresm-25noise.npz train: x=(350028, 3, 1024), y=(350028,)
t2-uclresm-25noise.npz test: x=(233351, 3, 1024), y=(233351,)
t2-uclresm-25noise.npz: applied data scaling mode 'normalize'.
Loaded t2-uclresm-25noise.npz: Unique train labels: UniqueCountsResult(values=array([-1,  0,  1,  2,  3,  4]), counts=array([87441, 27347, 71754, 64298, 36005, 63183]))
Noise labels ratio in t2-uclresm-25noise.npz train: 0.25, test: 0.25
Loaded t2-uclresm-25noise.npz: Remapped labels: [13 14 15 16 17 18]. Size: 350028)
t0-deeprad.npz train: x=(24480, 1024), y=(24480, 2)
t0-deeprad.npz test: x=(8160, 1024), y=(8160, 2)
t0-deeprad.npz: applied data scaling mode 'normalize'.
Loaded t0-deeprad.npz: Unique train labels: UniqueCountsResult(values=array([-1,  0,  1,  2,  3,  4,  5]), counts=array([12240,  2029,  1983,  2043,  2154,  2015,  2016]))
Noise labels ratio in t0-deeprad.npz train: 0.25, test: 0.25
Loaded t0-deeprad.npz: Remapped labels: [19 20 21 22 23 24 25]. Size: 24480)
t1-deeprad.npz train: x=(24480, 1024), y=(24480, 2)
t1-deeprad.npz test: x=(8160, 1024), y=(8160, 2)
t1-deeprad.npz: applied data scaling mode 'normalize'.
Loaded t1-deeprad.npz: Unique train labels: UniqueCountsResult(values=array([-1,  0,  1,  2,  3,  4,  5]), counts=array([12240,  1988,  2029,  2054,  1988,  2053,  2128]))
Noise labels ratio in t1-deeprad.npz train: 0.25, test: 0.25
Loaded t1-deeprad.npz: Remapped labels: [26 27 28 29 30 31 32]. Size: 24480)
t1-uclresm-25noise.npz train: moved sample axis (3, 201410, 1024) -> (201410, 3, 1024)
t1-uclresm-25noise.npz test: moved sample axis (3, 116291, 1024) -> (116291, 3, 1024)
t1-uclresm-25noise.npz train: x=(201410, 3, 1024), y=(201410,)
t1-uclresm-25noise.npz test: x=(116291, 3, 1024), y=(116291,)
t1-uclresm-25noise.npz: applied data scaling mode 'normalize'.
Loaded t1-uclresm-25noise.npz: Unique train labels: UniqueCountsResult(values=array([-1,  0,  1,  2,  3,  4]), counts=array([43668, 18021, 17838, 18087, 31870, 71926]))
Noise labels ratio in t1-uclresm-25noise.npz train: 0.22, test: 0.25
Loaded t1-uclresm-25noise.npz: Remapped labels: [33 34 35 36 37 38]. Size: 201410)
t3-deeprad.npz train: x=(17340, 1024), y=(17340, 2)
t3-deeprad.npz test: x=(6800, 1024), y=(6800, 2)
t3-deeprad.npz: applied data scaling mode 'normalize'.
Loaded t3-deeprad.npz: Unique train labels: UniqueCountsResult(values=array([-1,  0,  1,  2,  3,  4]), counts=array([8670, 1693, 1677, 1794, 1716, 1790]))
Noise labels ratio in t3-deeprad.npz train: 0.25, test: 0.25
Loaded t3-deeprad.npz: Remapped labels: [39 40 41 42 43 44]. Size: 17340)
t0-uclresm-25noise.npz train: moved sample axis (3, 188050, 1024) -> (188050, 3, 1024)
t0-uclresm-25noise.npz test: moved sample axis (3, 107348, 1024) -> (107348, 3, 1024)
t0-uclresm-25noise.npz train: x=(188050, 3, 1024), y=(188050,)
t0-uclresm-25noise.npz test: x=(107348, 3, 1024), y=(107348,)
t0-uclresm-25noise.npz: applied data scaling mode 'normalize'.
Loaded t0-uclresm-25noise.npz: Unique train labels: UniqueCountsResult(values=array([-1,  0,  1,  2,  3,  4]), counts=array([40144, 32109, 17978, 17979, 18098, 61742]))
Noise labels ratio in t0-uclresm-25noise.npz train: 0.21, test: 0.25
Loaded t0-uclresm-25noise.npz: Remapped labels: [45 46 47 48 49 50]. Size: 188050)
t1-rcn.npz train: x=(36658, 1024), y=(36658, 2)
t1-rcn.npz test: x=(12220, 1024), y=(12220, 2)
t1-rcn.npz: applied data scaling mode 'normalize'.
Loaded t1-rcn.npz: Unique train labels: UniqueCountsResult(values=array([-1,  0,  2,  4,  6,  7, 16]), counts=array([20595,   824,  2087,  2606,  2396,  1716,  6434]))
Noise labels ratio in t1-rcn.npz train: 0.28, test: 0.28
Loaded t1-rcn.npz: Remapped labels: [51 52 53 54 55 56 57]. Size: 36658)
t2-deeprad.npz train: x=(17340, 1024), y=(17340, 2)
t2-deeprad.npz test: x=(6800, 1024), y=(6800, 2)
t2-deeprad.npz: applied data scaling mode 'normalize'.
Loaded t2-deeprad.npz: Unique train labels: UniqueCountsResult(values=array([-1,  0,  1,  2,  3,  4]), counts=array([8670, 1774, 1675, 1777, 1694, 1750]))
Noise labels ratio in t2-deeprad.npz train: 0.25, test: 0.25
Loaded t2-deeprad.npz: Remapped labels: [58 59 60 61 62 63]. Size: 17340)
Built classes_per_task: [6, 7, 6, 7, 7, 6, 6, 6, 7, 6]
Classes per task: [6, 7, 6, 7, 7, 6, 6, 6, 7, 6]
[STATE 2026-05-28 18:59:34] Loader 'task_incremental_loader' ready: 1024 inputs, 64 outputs, 10 tasks
n_outputs: 64 	n_tasks: 10
[STATE 2026-05-28 18:59:34] Logging to logs//rwalk/seed-sweep_one-shot_til-2026-05-28_18-58-30-2332/55
True
Model device: cuda:0
[STATE 2026-05-28 18:59:34] Model initialized on device cuda:0
[STATE 2026-05-28 18:59:34] Invoking continual life experience flow
[STATE 2026-05-28 18:59:34] Life experience start: 10 tasks queued
[STATE 2026-05-28 18:59:34] Legacy epoch behavior enabled: using n_epochs=1 for all tasks
Task 0: 50362 training samples, 16787 test samples.
[STATE 2026-05-28 18:59:34] Task 0: zero-shot validation (pre-train)
---- Zero-shot (pre-train) task 0: rec_cls 0.1950 | prec_cls 0.1308 | f1_cls 0.0588 | det 0.5000 | pfa 1.0000 | total_f1 0.0588 ----
[STATE 2026-05-28 18:59:41] Starting task 0 (1/10)
[STATE 2026-05-28 18:59:41] Task 0 Epoch 1/1: entering train loop
[STATE 2026-05-28 19:01:23] Task 0 Epoch 1/1: running validation (end of epoch)
---- Eval at Epoch 0: cls [0.8832542810738557] | det_recall [0.8777945998995715] | det_fa [0.2341757988310141] ----
T0 Ep 1/1 | L 0.6862 | Train Acc 0.75 | Prec 0.77 | F1 0.69 | Det Rec 0.84 | Det FA 0.28 | Epoch Time 109.59s (Eval 8.23s, Train 101.36s)
[STATE 2026-05-28 19:01:31] T0 Ep 1/1 complete: Prec 0.7681 F1 0.6947 DetRec 0.8366 DetFA 0.2848 | 109.59s total (8.23s eval/101.36s train)
[STATE 2026-05-28 19:01:31] Task 0: running final validation.
Saved task checkpoint: logs//rwalk/seed-sweep_one-shot_til-2026-05-28_18-58-30-2332/55/checkpoints/task_0.pt
[STATE 2026-05-28 19:01:39] Saved task checkpoint to logs//rwalk/seed-sweep_one-shot_til-2026-05-28_18-58-30-2332/55/checkpoints/task_0.pt
[STATE 2026-05-28 19:01:39] Completed task 0 (1/10)
Task 1: 51916 training samples, 17305 test samples.
[STATE 2026-05-28 19:01:39] Task 1: zero-shot validation (pre-train)
---- Zero-shot (pre-train) task 1: rec_cls 0.1740 | prec_cls 0.1243 | f1_cls 0.0531 | det 0.5000 | pfa 0.9997 | total_f1 0.4332 ----
[STATE 2026-05-28 19:01:54] Starting task 1 (2/10)
[STATE 2026-05-28 19:01:54] Task 1 Epoch 1/1: entering train loop
[STATE 2026-05-28 19:03:41] Task 1 Epoch 1/1: running validation (end of epoch)
---- Eval at Epoch 0: cls [0.7113901866029883, 0.8058157960774899] | det_recall [0.8421721952937746, 0.8813445757320278] | det_fa [0.2822123540531391, 0.1797981571492495] ----
T1 Ep 1/1 | L 0.7569 | Train Acc 0.72 | Prec 0.78 | F1 0.63 | Det Rec 0.74 | Det FA 0.45 | Epoch Time 121.77s (Eval 14.87s, Train 106.90s)
[STATE 2026-05-28 19:03:56] T1 Ep 1/1 complete: Prec 0.7841 F1 0.6262 DetRec 0.7411 DetFA 0.4507 | 121.77s total (14.87s eval/106.90s train)
[STATE 2026-05-28 19:03:56] Task 1: running final validation.
Saved task checkpoint: logs//rwalk/seed-sweep_one-shot_til-2026-05-28_18-58-30-2332/55/checkpoints/task_1.pt
[STATE 2026-05-28 19:04:12] Saved task checkpoint to logs//rwalk/seed-sweep_one-shot_til-2026-05-28_18-58-30-2332/55/checkpoints/task_1.pt
[STATE 2026-05-28 19:04:12] Completed task 1 (2/10)
Task 2: 350028 training samples, 175014 test samples.
[STATE 2026-05-28 19:04:16] Task 2: zero-shot validation (pre-train)
---- Zero-shot (pre-train) task 2: rec_cls 0.1203 | prec_cls 0.2035 | f1_cls 0.1661 | det 0.6079 | pfa 0.3514 | total_f1 0.5363 ----
[STATE 2026-05-28 19:05:51] Starting task 2 (3/10)
[STATE 2026-05-28 19:05:51] Task 2 Epoch 1/1: entering train loop
[STATE 2026-05-28 19:18:13] Task 2 Epoch 1/1: running validation (end of epoch)
---- Eval at Epoch 0: cls [0.4105742374572552, 0.3745036707036744, 0.7069196529575761] | det_recall [0.7294632169912137, 0.7314998158431008, 0.8460173961767472] | det_fa [0.4042842061586898, 0.3015977205208426, 0.2305600027215452] ----
T2 Ep 1/1 | L 1.0404 | Train Acc 0.59 | Prec 0.62 | F1 0.58 | Det Rec 0.81 | Det FA 0.32 | Epoch Time 838.75s (Eval 97.37s, Train 741.38s)
[STATE 2026-05-28 19:19:50] T2 Ep 1/1 complete: Prec 0.6155 F1 0.5820 DetRec 0.8146 DetFA 0.3154 | 838.75s total (97.37s eval/741.38s train)
[STATE 2026-05-28 19:19:50] Task 2: running final validation.
Saved task checkpoint: logs//rwalk/seed-sweep_one-shot_til-2026-05-28_18-58-30-2332/55/checkpoints/task_2.pt
[STATE 2026-05-28 19:21:25] Saved task checkpoint to logs//rwalk/seed-sweep_one-shot_til-2026-05-28_18-58-30-2332/55/checkpoints/task_2.pt
[STATE 2026-05-28 19:21:25] Completed task 2 (3/10)
Task 3: 24480 training samples, 8160 test samples.
[STATE 2026-05-28 19:21:25] Task 3: zero-shot validation (pre-train)
---- Zero-shot (pre-train) task 3: rec_cls 0.1765 | prec_cls 0.1656 | f1_cls 0.0908 | det 0.4917 | pfa 1.0000 | total_f1 0.3956 ----
[STATE 2026-05-28 19:23:06] Starting task 3 (4/10)
[STATE 2026-05-28 19:23:06] Task 3 Epoch 1/1: entering train loop
[STATE 2026-05-28 19:23:56] Task 3 Epoch 1/1: running validation (end of epoch)
---- Eval at Epoch 0: cls [0.23856712155186977, 0.23646015357561254, 0.4967532541846162, 0.6002191026545947] | det_recall [0.7599607009446173, 0.7356394947678122, 0.8114298726341973, 0.9996405065135286] | det_fa [0.34548684376015953, 0.26559767357080977, 0.34600558505115503, 0.00045527389277389275] ----
T3 Ep 1/1 | L 0.9888 | Train Acc 0.54 | Prec 0.53 | F1 0.58 | Det Rec 0.99 | Det FA 0.01 | Epoch Time 150.72s (Eval 99.97s, Train 50.76s)
[STATE 2026-05-28 19:25:36] T3 Ep 1/1 complete: Prec 0.5334 F1 0.5794 DetRec 0.9900 DetFA 0.0132 | 150.72s total (99.97s eval/50.76s train)
[STATE 2026-05-28 19:25:36] Task 3: running final validation.
Saved task checkpoint: logs//rwalk/seed-sweep_one-shot_til-2026-05-28_18-58-30-2332/55/checkpoints/task_3.pt
[STATE 2026-05-28 19:27:17] Saved task checkpoint to logs//rwalk/seed-sweep_one-shot_til-2026-05-28_18-58-30-2332/55/checkpoints/task_3.pt
[STATE 2026-05-28 19:27:17] Completed task 3 (4/10)
Task 4: 24480 training samples, 8160 test samples.
[STATE 2026-05-28 19:27:17] Task 4: zero-shot validation (pre-train)
---- Zero-shot (pre-train) task 4: rec_cls 0.0372 | prec_cls 0.0387 | f1_cls 0.1070 | det 0.6564 | pfa 0.4397 | total_f1 0.3714 ----
[STATE 2026-05-28 19:29:01] Starting task 4 (5/10)
[STATE 2026-05-28 19:29:01] Task 4 Epoch 1/1: entering train loop
[STATE 2026-05-28 19:29:51] Task 4 Epoch 1/1: running validation (end of epoch)
---- Eval at Epoch 0: cls [0.27764219360352704, 0.23983033339392107, 0.39990109999122886, 0.542424527955283, 0.40406562474308] | det_recall [0.7336110041734829, 0.7336632491278106, 0.7915277515680018, 0.995761635094389, 1.0] | det_fa [0.4210259615036223, 0.26233138159510255, 0.3614242644482917, 0.0, 0.0] ----
T4 Ep 1/1 | L 1.1299 | Train Acc 0.36 | Prec 0.33 | F1 0.40 | Det Rec 1.00 | Det FA 0.00 | Epoch Time 155.67s (Eval 105.11s, Train 50.56s)
[STATE 2026-05-28 19:31:36] T4 Ep 1/1 complete: Prec 0.3291 F1 0.4024 DetRec 0.9957 DetFA 0.0037 | 155.67s total (105.11s eval/50.56s train)
[STATE 2026-05-28 19:31:36] Task 4: running final validation.
Saved task checkpoint: logs//rwalk/seed-sweep_one-shot_til-2026-05-28_18-58-30-2332/55/checkpoints/task_4.pt
[STATE 2026-05-28 19:33:21] Saved task checkpoint to logs//rwalk/seed-sweep_one-shot_til-2026-05-28_18-58-30-2332/55/checkpoints/task_4.pt
[STATE 2026-05-28 19:33:21] Completed task 4 (5/10)
Task 5: 201410 training samples, 100705 test samples.
[STATE 2026-05-28 19:33:23] Task 5: zero-shot validation (pre-train)
---- Zero-shot (pre-train) task 5: rec_cls 0.0706 | prec_cls 0.0532 | f1_cls 0.0855 | det 0.5475 | pfa 0.2659 | total_f1 0.3470 ----
[STATE 2026-05-28 19:35:54] Starting task 5 (6/10)
[STATE 2026-05-28 19:35:54] Task 5 Epoch 1/1: entering train loop
[STATE 2026-05-28 19:43:03] Task 5 Epoch 1/1: running validation (end of epoch)
---- Eval at Epoch 0: cls [0.1881414752421795, 0.20269240776760658, 0.32448122132264157, 0.45098672010409335, 0.2650380324373652, 0.8038182307685245] | det_recall [0.5321078148713934, 0.6326046891962837, 0.5947997936410381, 0.918285435399248, 0.9424530433098652, 0.8685097832945524] | det_fa [0.7371959648946576, 0.37336340784186284, 0.7291541028292692, 0.1057962236963048, 0.0, 0.23779378062464415] ----
T5 Ep 1/1 | L 0.7793 | Train Acc 0.72 | Prec 0.73 | F1 0.70 | Det Rec 0.85 | Det FA 0.25 | Epoch Time 579.01s (Eval 150.41s, Train 428.60s)
[STATE 2026-05-28 19:45:33] T5 Ep 1/1 complete: Prec 0.7288 F1 0.6980 DetRec 0.8503 DetFA 0.2458 | 579.01s total (150.41s eval/428.60s train)
[STATE 2026-05-28 19:45:33] Task 5: running final validation.
Saved task checkpoint: logs//rwalk/seed-sweep_one-shot_til-2026-05-28_18-58-30-2332/55/checkpoints/task_5.pt
[STATE 2026-05-28 19:48:05] Saved task checkpoint to logs//rwalk/seed-sweep_one-shot_til-2026-05-28_18-58-30-2332/55/checkpoints/task_5.pt
[STATE 2026-05-28 19:48:05] Completed task 5 (6/10)
Task 6: 17340 training samples, 6800 test samples.
[STATE 2026-05-28 19:48:05] Task 6: zero-shot validation (pre-train)
---- Zero-shot (pre-train) task 6: rec_cls 0.1290 | prec_cls 0.1138 | f1_cls 0.0611 | det 0.4308 | pfa 1.0000 | total_f1 0.3255 ----
[STATE 2026-05-28 19:50:38] Starting task 6 (7/10)
[STATE 2026-05-28 19:50:38] Task 6 Epoch 1/1: entering train loop
[STATE 2026-05-28 19:51:15] Task 6 Epoch 1/1: running validation (end of epoch)
---- Eval at Epoch 0: cls [0.13617052659821113, 0.15562045625776816, 0.3077615499039042, 0.5144538866365294, 0.3708097246836675, 0.5374922284585945, 0.5601322440379268] | det_recall [0.502108297876936, 0.6207752074527102, 0.574997384883322, 0.9968391999907894, 1.0, 0.8150791122609925, 1.0] | det_fa [0.8831143170666, 0.3858094040378485, 0.812574770052416, 0.0, 0.0, 0.3340224049823562, 0.0] ----
T6 Ep 1/1 | L 0.9372 | Train Acc 0.51 | Prec 0.52 | F1 0.58 | Det Rec 0.99 | Det FA 0.01 | Epoch Time 188.24s (Eval 151.10s, Train 37.14s)
[STATE 2026-05-28 19:53:46] T6 Ep 1/1 complete: Prec 0.5164 F1 0.5753 DetRec 0.9894 DetFA 0.0147 | 188.24s total (151.10s eval/37.14s train)
[STATE 2026-05-28 19:53:46] Task 6: running final validation.
Saved task checkpoint: logs//rwalk/seed-sweep_one-shot_til-2026-05-28_18-58-30-2332/55/checkpoints/task_6.pt
[STATE 2026-05-28 19:56:20] Saved task checkpoint to logs//rwalk/seed-sweep_one-shot_til-2026-05-28_18-58-30-2332/55/checkpoints/task_6.pt
[STATE 2026-05-28 19:56:20] Completed task 6 (7/10)
Task 7: 188050 training samples, 94025 test samples.
[STATE 2026-05-28 19:56:22] Task 7: zero-shot validation (pre-train)
---- Zero-shot (pre-train) task 7: rec_cls 0.1829 | prec_cls 0.2065 | f1_cls 0.1262 | det 0.4955 | pfa 0.8758 | total_f1 0.3588 ----
[STATE 2026-05-28 19:59:39] Starting task 7 (8/10)
[STATE 2026-05-28 19:59:39] Task 7 Epoch 1/1: entering train loop
[STATE 2026-05-28 20:06:18] Task 7 Epoch 1/1: running validation (end of epoch)
---- Eval at Epoch 0: cls [0.2345071656717563, 0.15829683034438685, 0.29830956041095674, 0.43369979740883985, 0.22142512611380147, 0.570333034734586, 0.4263158088274767, 0.7829007403992053] | det_recall [0.578039072620283, 0.545776025475469, 0.724277182385934, 0.9696484678206575, 0.9058906659118697, 0.8872891687977522, 0.999729831872689, 0.8646347793678809] | det_fa [0.6993028985359513, 0.5419130708684339, 0.45977189103892063, 0.005550555526917678, 0.0, 0.11635543972278002, 0.0005403362546219689, 0.20088333702780445] ----
T7 Ep 1/1 | L 0.6678 | Train Acc 0.75 | Prec 0.77 | F1 0.73 | Det Rec 0.85 | Det FA 0.23 | Epoch Time 595.80s (Eval 196.16s, Train 399.65s)
[STATE 2026-05-28 20:09:35] T7 Ep 1/1 complete: Prec 0.7704 F1 0.7317 DetRec 0.8524 DetFA 0.2276 | 595.80s total (196.16s eval/399.65s train)
[STATE 2026-05-28 20:09:35] Task 7: running final validation.
Saved task checkpoint: logs//rwalk/seed-sweep_one-shot_til-2026-05-28_18-58-30-2332/55/checkpoints/task_7.pt
[STATE 2026-05-28 20:12:50] Saved task checkpoint to logs//rwalk/seed-sweep_one-shot_til-2026-05-28_18-58-30-2332/55/checkpoints/task_7.pt
[STATE 2026-05-28 20:12:50] Completed task 7 (8/10)
Task 8: 36658 training samples, 12220 test samples.
[STATE 2026-05-28 20:12:50] Task 8: zero-shot validation (pre-train)
---- Zero-shot (pre-train) task 8: rec_cls 0.1599 | prec_cls 0.0293 | f1_cls 0.0216 | det 0.4996 | pfa 0.9950 | total_f1 0.3688 ----
[STATE 2026-05-28 20:16:12] Starting task 8 (9/10)
[STATE 2026-05-28 20:16:12] Task 8 Epoch 1/1: entering train loop
[STATE 2026-05-28 20:17:31] Task 8 Epoch 1/1: running validation (end of epoch)
---- Eval at Epoch 0: cls [0.41169908340774536, 0.31748582332777364, 0.213246349735264, 0.38597553758293984, 0.2552533258769094, 0.28969750673466366, 0.4203689716725734, 0.3679598935279106, 0.8045282321453128] | det_recall [0.7431326988993454, 0.5211436773172595, 0.48560584974009474, 0.9807983130984115, 0.9220477184456781, 0.5325142281630421, 0.9509010803736879, 0.5063166730938464, 0.8080780157032903] | det_fa [0.2799405697554484, 0.6846853152693863, 0.9500114271291507, 0.0, 0.0, 0.9001147750664656, 0.0, 0.8879302767438226, 0.33698868989727165] ----
T8 Ep 1/1 | L 0.8437 | Train Acc 0.73 | Prec 0.75 | F1 0.59 | Det Rec 0.76 | Det FA 0.44 | Epoch Time 280.55s (Eval 202.25s, Train 78.30s)
[STATE 2026-05-28 20:20:53] T8 Ep 1/1 complete: Prec 0.7482 F1 0.5902 DetRec 0.7553 DetFA 0.4427 | 280.55s total (202.25s eval/78.30s train)
[STATE 2026-05-28 20:20:53] Task 8: running final validation.
Saved task checkpoint: logs//rwalk/seed-sweep_one-shot_til-2026-05-28_18-58-30-2332/55/checkpoints/task_8.pt
[STATE 2026-05-28 20:24:15] Saved task checkpoint to logs//rwalk/seed-sweep_one-shot_til-2026-05-28_18-58-30-2332/55/checkpoints/task_8.pt
[STATE 2026-05-28 20:24:15] Completed task 8 (9/10)
Task 9: 17340 training samples, 6800 test samples.
[STATE 2026-05-28 20:24:15] Task 9: zero-shot validation (pre-train)
---- Zero-shot (pre-train) task 9: rec_cls 0.1221 | prec_cls 0.1540 | f1_cls 0.1168 | det 0.3775 | pfa 0.7778 | total_f1 0.3349 ----
[STATE 2026-05-28 20:27:41] Starting task 9 (10/10)
[STATE 2026-05-28 20:27:41] Task 9 Epoch 1/1: entering train loop
[STATE 2026-05-28 20:28:17] Task 9 Epoch 1/1: running validation (end of epoch)
---- Eval at Epoch 0: cls [0.3523120498702707, 0.2359449116488913, 0.2234893657710524, 0.2840198881834164, 0.3587966123406743, 0.2625546598971449, 0.4248559225212497, 0.33507430822096, 0.47236825278470024, 0.44564159737386894] | det_recall [0.6331078853551965, 0.6250625346631866, 0.48824720447172587, 0.9823030267592433, 0.9993758707824827, 0.5330029320544325, 1.0, 0.5278923853536474, 0.77964661681846, 1.0] | det_fa [0.6382074334504865, 0.3822642360571411, 0.942883972763821, 0.00025, 0.0, 0.9027910378597697, 0.0, 0.8975585475310197, 0.19985160537995125, 0.0] ----
T9 Ep 1/1 | L 0.9764 | Train Acc 0.39 | Prec 0.35 | F1 0.41 | Det Rec 0.99 | Det FA 0.01 | Epoch Time 242.25s (Eval 206.54s, Train 35.70s)
[STATE 2026-05-28 20:31:44] T9 Ep 1/1 complete: Prec 0.3477 F1 0.4105 DetRec 0.9901 DetFA 0.0125 | 242.25s total (206.54s eval/35.70s train)
[STATE 2026-05-28 20:31:44] Task 9: running final validation.
Saved task checkpoint: logs//rwalk/seed-sweep_one-shot_til-2026-05-28_18-58-30-2332/55/checkpoints/task_9.pt
[STATE 2026-05-28 20:35:08] Saved task checkpoint to logs//rwalk/seed-sweep_one-shot_til-2026-05-28_18-58-30-2332/55/checkpoints/task_9.pt
[STATE 2026-05-28 20:35:08] Completed task 9 (10/10)
####Final Validation Accuracy####
Final Results:- 
 Total Recall: 0.3386295252511481 
 Individual Recall: [0.34641418531867973, 0.2373502804554376, 0.22357770627140264, 0.2790700141140147, 0.3610269365643315, 0.2614455235498145, 0.4223329988208975, 0.3373789129434845, 0.4739248040077149, 0.4437738904657036]
Final Detection Results:- 
 Total Detection: 0.7569087489354805 
 Individual Detection: [0.6366365944250942, 0.6217403433706681, 0.487586837015294, 0.9811957722258338, 0.9995097662239213, 0.5336837671914568, 1.0, 0.5297672895867026, 0.7789671193158342, 1.0]
Final Detection False Alarm:- 
 Total False Alarm: 0.39690153710152376 
 Individual False Alarm: [0.6331776102738578, 0.39286278500462884, 0.9434047880048849, 0.00023062730627306272, 0.0, 0.9025023075480934, 0.0, 0.894955401143423, 0.20188185173407625, 0.0]
SUMMARY_TR cls_rec=0.3874 cls_prec=0.3477 cls_f1=0.4105 det=0.7569 fa=0.3964
SUMMARY_TE cls_rec=0.3386 cls_prec=0.3604 cls_f1=0.3313 det=0.7569 fa=0.3969
[STATE 2026-05-28 20:35:08] Saving results to logs//rwalk/seed-sweep_one-shot_til-2026-05-28_18-58-30-2332/55/results
Model size: 0.0289 GB
Memory buffer size: 0.0000 GB
logs//rwalk/seed-sweep_one-shot_til-2026-05-28_18-58-30-2332/55/results: {'expt_name': 'seed-sweep_one-shot_til', 'model': 'rwalk', 'arch': 'resnet1d', 'n_hiddens': 100, 'n_layers': 2, 'xav_init': False, 'debug': False, 'use_detector_arch': False, 'use_groupnorm': False, 'inner_steps': 2, 'n_epochs': 1, 'batch_size': 256, 'replay_batch_size': 128, 'memories': 5120, 'lr': 0.01, 'optimizer': 'sgd', 'prune_perc': 0.75, 'post_prune_epochs': 0, 'class_weighted_ce': True, 'cuda': True, 'amp': True, 'amp_dtype': 'bfloat16', 'cudnn_benchmark': True, 'seed': 55, 'log_every': 10, 'log_dir': 'logs//rwalk/seed-sweep_one-shot_til-2026-05-28_18-58-30-2332/55', 'tf_dir': 'logs//rwalk/seed-sweep_one-shot_til-2026-05-28_18-58-30-2332/55/tfdir', 'calc_test_accuracy': False, 'state_logging': True, 'data_path': 'data/rff/radar/full', 'task_order_files': 't2-rcn,t0-rcn,t2-uclresm-25noise,t0-deeprad,t1-deeprad,t1-uclresm-25noise,t3-deeprad,t0-uclresm-25noise,t1-rcn,t2-deeprad', 'loader': 'task_incremental_loader', 'samples_per_task': -1, 'task_order_seed': None, 'classes_per_it': 6, 'iterations': 5000, 'dataset': 'iq', 'workers': 0, 'validation': 0.5, 'data_scaling': 'normalize', 'use_iq_aug_features': False, 'iq_aug_feature_type': 'power', 'class_order': 'random', 'increment': 5, 'test_batch_size': 512, 'nc_per_task': None, 'nc_per_task_list': '', 'val_rate': 1000, 'opt_lr': 0.1, 'opt_wt': 0.1, 'alpha_init': 0.001, 'momentum': 0.0, 'learn_lr': False, 'sync_update': False, 'grad_clip_norm': 5.0, 'meta_batches': 3, 'use_old_task_memory': False, 'second_order': False, 'n_memories': 5120, 'memory_strength': 0, 'memory_loss_lambda': 1.0, 'steps_per_sample': 1, 'bgd_optimizer': 'sgd', 'optimizer_params': '{}', 'train_mc_iters': 5, 'std_init': 0.05, 'mean_eta': 1, 'fisher_gamma': 0.95, 'rln': 7, 'meta_lr': 0.001, 'update_lr': 0.1, 'ctx_lr': 0.05, 'n_meta': 1, 'temperature': 5.0, 'task_emb': 64, 'classes_per_task': [6, 7, 6, 7, 7, 6, 6, 6, 7, 6], 'get_samples_per_task': <bound method IncrementalLoader.get_samples_per_task of <dataloaders.task_incremental_loader.IncrementalLoader object at 0x7804ca4dc710>>, 'task_epoch_schedule': {}} # val: 0.678 0.339 -0.339 0.000 # sizes: model_gb=0.0289 mem_gb=0.0000 # 5734.495862483978
[STATE 2026-05-28 20:35:08] results.pt components (approx): state_dict 29.6 MB, result_val_t 0.1 KB, result_val_a 0.8 KB
[STATE 2026-05-28 20:35:08] Results saved; total runtime 1.59h
Total runtime: 1.59 hours
