[STATE 2026-05-29 09:20:09] Enabling terminal logging to logs//icarl/seed-sweep_one-shot_til-2026-05-29_09-20-09-8813/39/terminal.log
New Experiment Starting...
Running model:  icarl
[STATE 2026-05-29 09:20:09] Experiment 'seed-sweep_one-shot_til' starting with model 'icarl' (seed 39)
Set seed 39
[STATE 2026-05-29 09:20:09] Runtime accel: cudnn.benchmark=False amp=True amp_dtype=bfloat16
t2-rcn.npz train: x=(50362, 1024), y=(50362, 2)
t2-rcn.npz test: x=(16787, 1024), y=(16787, 2)
t2-rcn.npz: applied data scaling mode 'normalize'.
Loaded t2-rcn.npz: Unique train labels: UniqueCountsResult(values=array([-1,  3,  5, 10, 12, 15]), counts=array([24209,  5770,  3030,  2320,  7509,  7524]))
Noise labels ratio in t2-rcn.npz train: 0.24, test: 0.24
Loaded t2-rcn.npz: Remapped labels: [0 1 2 3 4 5]. Size: 50362)
t0-rcn.npz train: x=(51916, 1024), y=(51916, 2)
t0-rcn.npz test: x=(17305, 1024), y=(17305, 2)
t0-rcn.npz: applied data scaling mode 'normalize'.
Loaded t0-rcn.npz: Unique train labels: UniqueCountsResult(values=array([-1,  1,  8,  9, 11, 13, 14]), counts=array([24225,  4268,  2495,  2943,  3015,  7464,  7506]))
Noise labels ratio in t0-rcn.npz train: 0.23, test: 0.23
Loaded t0-rcn.npz: Remapped labels: [ 6  7  8  9 10 11 12]. Size: 51916)
t2-uclresm-25noise.npz train: moved sample axis (3, 350028, 1024) -> (350028, 3, 1024)
t2-uclresm-25noise.npz test: moved sample axis (3, 233351, 1024) -> (233351, 3, 1024)
t2-uclresm-25noise.npz train: x=(350028, 3, 1024), y=(350028,)
t2-uclresm-25noise.npz test: x=(233351, 3, 1024), y=(233351,)
t2-uclresm-25noise.npz: applied data scaling mode 'normalize'.
Loaded t2-uclresm-25noise.npz: Unique train labels: UniqueCountsResult(values=array([-1,  0,  1,  2,  3,  4]), counts=array([87441, 27347, 71754, 64298, 36005, 63183]))
Noise labels ratio in t2-uclresm-25noise.npz train: 0.25, test: 0.25
Loaded t2-uclresm-25noise.npz: Remapped labels: [13 14 15 16 17 18]. Size: 350028)
t0-deeprad.npz train: x=(24480, 1024), y=(24480, 2)
t0-deeprad.npz test: x=(8160, 1024), y=(8160, 2)
t0-deeprad.npz: applied data scaling mode 'normalize'.
Loaded t0-deeprad.npz: Unique train labels: UniqueCountsResult(values=array([-1,  0,  1,  2,  3,  4,  5]), counts=array([12240,  2029,  1983,  2043,  2154,  2015,  2016]))
Noise labels ratio in t0-deeprad.npz train: 0.25, test: 0.25
Loaded t0-deeprad.npz: Remapped labels: [19 20 21 22 23 24 25]. Size: 24480)
t1-deeprad.npz train: x=(24480, 1024), y=(24480, 2)
t1-deeprad.npz test: x=(8160, 1024), y=(8160, 2)
t1-deeprad.npz: applied data scaling mode 'normalize'.
Loaded t1-deeprad.npz: Unique train labels: UniqueCountsResult(values=array([-1,  0,  1,  2,  3,  4,  5]), counts=array([12240,  1988,  2029,  2054,  1988,  2053,  2128]))
Noise labels ratio in t1-deeprad.npz train: 0.25, test: 0.25
Loaded t1-deeprad.npz: Remapped labels: [26 27 28 29 30 31 32]. Size: 24480)
t1-uclresm-25noise.npz train: moved sample axis (3, 201410, 1024) -> (201410, 3, 1024)
t1-uclresm-25noise.npz test: moved sample axis (3, 116291, 1024) -> (116291, 3, 1024)
t1-uclresm-25noise.npz train: x=(201410, 3, 1024), y=(201410,)
t1-uclresm-25noise.npz test: x=(116291, 3, 1024), y=(116291,)
t1-uclresm-25noise.npz: applied data scaling mode 'normalize'.
Loaded t1-uclresm-25noise.npz: Unique train labels: UniqueCountsResult(values=array([-1,  0,  1,  2,  3,  4]), counts=array([43668, 18021, 17838, 18087, 31870, 71926]))
Noise labels ratio in t1-uclresm-25noise.npz train: 0.22, test: 0.25
Loaded t1-uclresm-25noise.npz: Remapped labels: [33 34 35 36 37 38]. Size: 201410)
t3-deeprad.npz train: x=(17340, 1024), y=(17340, 2)
t3-deeprad.npz test: x=(6800, 1024), y=(6800, 2)
t3-deeprad.npz: applied data scaling mode 'normalize'.
Loaded t3-deeprad.npz: Unique train labels: UniqueCountsResult(values=array([-1,  0,  1,  2,  3,  4]), counts=array([8670, 1693, 1677, 1794, 1716, 1790]))
Noise labels ratio in t3-deeprad.npz train: 0.25, test: 0.25
Loaded t3-deeprad.npz: Remapped labels: [39 40 41 42 43 44]. Size: 17340)
t0-uclresm-25noise.npz train: moved sample axis (3, 188050, 1024) -> (188050, 3, 1024)
t0-uclresm-25noise.npz test: moved sample axis (3, 107348, 1024) -> (107348, 3, 1024)
t0-uclresm-25noise.npz train: x=(188050, 3, 1024), y=(188050,)
t0-uclresm-25noise.npz test: x=(107348, 3, 1024), y=(107348,)
t0-uclresm-25noise.npz: applied data scaling mode 'normalize'.
Loaded t0-uclresm-25noise.npz: Unique train labels: UniqueCountsResult(values=array([-1,  0,  1,  2,  3,  4]), counts=array([40144, 32109, 17978, 17979, 18098, 61742]))
Noise labels ratio in t0-uclresm-25noise.npz train: 0.21, test: 0.25
Loaded t0-uclresm-25noise.npz: Remapped labels: [45 46 47 48 49 50]. Size: 188050)
t1-rcn.npz train: x=(36658, 1024), y=(36658, 2)
t1-rcn.npz test: x=(12220, 1024), y=(12220, 2)
t1-rcn.npz: applied data scaling mode 'normalize'.
Loaded t1-rcn.npz: Unique train labels: UniqueCountsResult(values=array([-1,  0,  2,  4,  6,  7, 16]), counts=array([20595,   824,  2087,  2606,  2396,  1716,  6434]))
Noise labels ratio in t1-rcn.npz train: 0.28, test: 0.28
Loaded t1-rcn.npz: Remapped labels: [51 52 53 54 55 56 57]. Size: 36658)
t2-deeprad.npz train: x=(17340, 1024), y=(17340, 2)
t2-deeprad.npz test: x=(6800, 1024), y=(6800, 2)
t2-deeprad.npz: applied data scaling mode 'normalize'.
Loaded t2-deeprad.npz: Unique train labels: UniqueCountsResult(values=array([-1,  0,  1,  2,  3,  4]), counts=array([8670, 1774, 1675, 1777, 1694, 1750]))
Noise labels ratio in t2-deeprad.npz train: 0.25, test: 0.25
Loaded t2-deeprad.npz: Remapped labels: [58 59 60 61 62 63]. Size: 17340)
Built classes_per_task: [6, 7, 6, 7, 7, 6, 6, 6, 7, 6]
Classes per task: [6, 7, 6, 7, 7, 6, 6, 6, 7, 6]
[STATE 2026-05-29 09:21:15] Loader 'task_incremental_loader' ready: 1024 inputs, 64 outputs, 10 tasks
n_outputs: 64 	n_tasks: 10
[STATE 2026-05-29 09:21:15] Logging to logs//icarl/seed-sweep_one-shot_til-2026-05-29_09-20-09-8813/39
5120 0.1 1.0 -1
True
Model device: cuda:0
[STATE 2026-05-29 09:21:15] Model initialized on device cuda:0
[STATE 2026-05-29 09:21:15] Invoking continual life experience flow
[STATE 2026-05-29 09:21:15] Life experience start: 10 tasks queued
[STATE 2026-05-29 09:21:15] Legacy epoch behavior enabled: using n_epochs=1 for all tasks
Task 0: 50362 training samples, 16787 test samples.
[STATE 2026-05-29 09:21:15] Task 0: zero-shot validation (pre-train)
---- Zero-shot (pre-train) task 0: rec_cls 0.1699 | prec_cls 0.1052 | f1_cls 0.0654 | det 0.4973 | pfa 0.9837 | total_f1 0.0654 ----
[STATE 2026-05-29 09:21:23] Starting task 0 (1/10)
[STATE 2026-05-29 09:21:23] Task 0 Epoch 1/1: entering train loop
[STATE 2026-05-29 09:23:21] Task 0 Epoch 1/1: running validation (end of epoch)
---- Eval at Epoch 0: cls [0.8266678394148534] | det_recall [0.8699698588813687] | det_fa [0.24475808892658538] ----
T0 Ep 1/1 | L 0.9979 | Train Acc 0.60 | Prec 0.62 | F1 0.56 | Det Rec 0.80 | Det FA 0.32 | Epoch Time 123.70s (Eval 5.82s, Train 117.88s)
[STATE 2026-05-29 09:23:27] T0 Ep 1/1 complete: Prec 0.6214 F1 0.5586 DetRec 0.7998 DetFA 0.3231 | 123.70s total (5.82s eval/117.88s train)
[STATE 2026-05-29 09:23:27] Task 0: running final validation.
Saved task checkpoint: logs//icarl/seed-sweep_one-shot_til-2026-05-29_09-20-09-8813/39/checkpoints/task_0.pt
[STATE 2026-05-29 09:23:32] Saved task checkpoint to logs//icarl/seed-sweep_one-shot_til-2026-05-29_09-20-09-8813/39/checkpoints/task_0.pt
[STATE 2026-05-29 09:23:32] Completed task 0 (1/10)
Task 1: 51916 training samples, 17305 test samples.
[STATE 2026-05-29 09:23:32] Task 1: zero-shot validation (pre-train)
---- Zero-shot (pre-train) task 1: rec_cls 0.0558 | prec_cls 0.0588 | f1_cls 0.1286 | det 0.5560 | pfa 0.0612 | total_f1 0.4544 ----
[STATE 2026-05-29 09:23:43] Starting task 1 (2/10)
[STATE 2026-05-29 09:23:43] Task 1 Epoch 1/1: entering train loop
[STATE 2026-05-29 09:25:22] Task 1 Epoch 1/1: running validation (end of epoch)
---- Eval at Epoch 0: cls [0.4254697528413937, 0.753074952757913] | det_recall [0.7577632796468461, 0.5866457875223571] | det_fa [0.31518190905977633, 0.8005093684290966] ----
T1 Ep 1/1 | L 1.5772 | Train Acc 0.59 | Prec 0.62 | F1 0.46 | Det Rec 0.62 | Det FA 0.69 | Epoch Time 109.38s (Eval 10.74s, Train 98.63s)
[STATE 2026-05-29 09:25:33] T1 Ep 1/1 complete: Prec 0.6157 F1 0.4630 DetRec 0.6167 DetFA 0.6859 | 109.38s total (10.74s eval/98.63s train)
[STATE 2026-05-29 09:25:33] Task 1: running final validation.
Saved task checkpoint: logs//icarl/seed-sweep_one-shot_til-2026-05-29_09-20-09-8813/39/checkpoints/task_1.pt
[STATE 2026-05-29 09:25:44] Saved task checkpoint to logs//icarl/seed-sweep_one-shot_til-2026-05-29_09-20-09-8813/39/checkpoints/task_1.pt
[STATE 2026-05-29 09:25:44] Completed task 1 (2/10)
Task 2: 350028 training samples, 175014 test samples.
[STATE 2026-05-29 09:25:44] Task 2: zero-shot validation (pre-train)
---- Zero-shot (pre-train) task 2: rec_cls 0.1989 | prec_cls 0.1516 | f1_cls 0.1012 | det 0.4998 | pfa 0.9952 | total_f1 0.3486 ----
[STATE 2026-05-29 09:26:50] Starting task 2 (3/10)
[STATE 2026-05-29 09:26:50] Task 2 Epoch 1/1: entering train loop
[STATE 2026-05-29 09:40:31] Task 2 Epoch 1/1: running validation (end of epoch)
---- Eval at Epoch 0: cls [0.18708280854564985, 0.33099734512200163, 0.5850748174372226] | det_recall [0.4249677000260992, 0.5003304190870811, 0.7849439727153692] | det_fa [0.9481947176228913, 0.8952867554200133, 0.37587805544680863] ----
T2 Ep 1/1 | L 1.7116 | Train Acc 0.39 | Prec 0.39 | F1 0.41 | Det Rec 0.76 | Det FA 0.42 | Epoch Time 887.43s (Eval 65.65s, Train 821.78s)
[STATE 2026-05-29 09:41:37] T2 Ep 1/1 complete: Prec 0.3945 F1 0.4080 DetRec 0.7642 DetFA 0.4156 | 887.43s total (65.65s eval/821.78s train)
[STATE 2026-05-29 09:41:37] Task 2: running final validation.
Saved task checkpoint: logs//icarl/seed-sweep_one-shot_til-2026-05-29_09-20-09-8813/39/checkpoints/task_2.pt
[STATE 2026-05-29 09:42:42] Saved task checkpoint to logs//icarl/seed-sweep_one-shot_til-2026-05-29_09-20-09-8813/39/checkpoints/task_2.pt
[STATE 2026-05-29 09:42:42] Completed task 2 (3/10)
Task 3: 24480 training samples, 8160 test samples.
[STATE 2026-05-29 09:42:42] Task 3: zero-shot validation (pre-train)
---- Zero-shot (pre-train) task 3: rec_cls 0.2087 | prec_cls 0.1328 | f1_cls 0.0941 | det 0.4998 | pfa 1.0000 | total_f1 0.2351 ----
[STATE 2026-05-29 09:43:50] Starting task 3 (4/10)
[STATE 2026-05-29 09:43:50] Task 3 Epoch 1/1: entering train loop
[STATE 2026-05-29 09:44:40] Task 3 Epoch 1/1: running validation (end of epoch)
---- Eval at Epoch 0: cls [0.19351656801451858, 0.2387543056515966, 0.3678113932468663, 0.5780552611761451] | det_recall [0.4609605336857931, 0.5073743137607962, 0.7348925773951801, 0.9941039219610328] | det_fa [0.9938099402204306, 0.8185039236870393, 0.4747290163171474, 0.009860086552463078] ----
T3 Ep 1/1 | L 1.4887 | Train Acc 0.54 | Prec 0.54 | F1 0.58 | Det Rec 0.97 | Det FA 0.05 | Epoch Time 117.66s (Eval 68.14s, Train 49.53s)
[STATE 2026-05-29 09:45:48] T3 Ep 1/1 complete: Prec 0.5387 F1 0.5777 DetRec 0.9701 DetFA 0.0540 | 117.66s total (68.14s eval/49.53s train)
[STATE 2026-05-29 09:45:48] Task 3: running final validation.
Saved task checkpoint: logs//icarl/seed-sweep_one-shot_til-2026-05-29_09-20-09-8813/39/checkpoints/task_3.pt
[STATE 2026-05-29 09:46:56] Saved task checkpoint to logs//icarl/seed-sweep_one-shot_til-2026-05-29_09-20-09-8813/39/checkpoints/task_3.pt
[STATE 2026-05-29 09:46:56] Completed task 3 (4/10)
Task 4: 24480 training samples, 8160 test samples.
[STATE 2026-05-29 09:46:56] Task 4: zero-shot validation (pre-train)
---- Zero-shot (pre-train) task 4: rec_cls 0.1626 | prec_cls 0.0496 | f1_cls 0.0297 | det 0.5000 | pfa 1.0000 | total_f1 0.2514 ----
[STATE 2026-05-29 09:48:07] Starting task 4 (5/10)
[STATE 2026-05-29 09:48:07] Task 4 Epoch 1/1: entering train loop
[STATE 2026-05-29 09:48:58] Task 4 Epoch 1/1: running validation (end of epoch)
---- Eval at Epoch 0: cls [0.19445647435823896, 0.19987129620851282, 0.26369726305699986, 0.3377688958962289, 0.36561970372421215] | det_recall [0.48443765285226537, 0.47751874407689904, 0.5702475050660434, 0.8913569082172447, 1.0] | det_fa [0.9896038839512561, 0.8227841333201629, 0.8039905674884142, 0.004660001057545495, 0.0] ----
T4 Ep 1/1 | L 1.8078 | Train Acc 0.32 | Prec 0.31 | F1 0.39 | Det Rec 0.98 | Det FA 0.05 | Epoch Time 121.98s (Eval 71.38s, Train 50.60s)
[STATE 2026-05-29 09:50:09] T4 Ep 1/1 complete: Prec 0.3148 F1 0.3872 DetRec 0.9765 DetFA 0.0465 | 121.98s total (71.38s eval/50.60s train)
[STATE 2026-05-29 09:50:09] Task 4: running final validation.
Saved task checkpoint: logs//icarl/seed-sweep_one-shot_til-2026-05-29_09-20-09-8813/39/checkpoints/task_4.pt
[STATE 2026-05-29 09:51:20] Saved task checkpoint to logs//icarl/seed-sweep_one-shot_til-2026-05-29_09-20-09-8813/39/checkpoints/task_4.pt
[STATE 2026-05-29 09:51:20] Completed task 4 (5/10)
Task 5: 201410 training samples, 100705 test samples.
[STATE 2026-05-29 09:51:20] Task 5: zero-shot validation (pre-train)
---- Zero-shot (pre-train) task 5: rec_cls 0.0739 | prec_cls 0.1773 | f1_cls 0.1130 | det 0.4626 | pfa 0.4679 | total_f1 0.2343 ----
[STATE 2026-05-29 09:53:03] Starting task 5 (6/10)
[STATE 2026-05-29 09:53:03] Task 5 Epoch 1/1: entering train loop
[STATE 2026-05-29 10:01:08] Task 5 Epoch 1/1: running validation (end of epoch)
---- Eval at Epoch 0: cls [0.19749353669240924, 0.18424027010700877, 0.22082632237485547, 0.16943885023008162, 0.25225746089213524, 0.7385661870058776] | det_recall [0.495808276321132, 0.457076474229494, 0.5289758892947037, 0.7584109336180331, 0.9852565069852379, 0.8393575285424596] | det_fa [0.9995036742928215, 0.8396300271394913, 0.8932295139944111, 0.04322411664881935, 0.0, 0.2745877276429959] ----
T5 Ep 1/1 | L 1.2852 | Train Acc 0.62 | Prec 0.61 | F1 0.59 | Det Rec 0.81 | Det FA 0.33 | Epoch Time 587.47s (Eval 102.64s, Train 484.83s)
[STATE 2026-05-29 10:02:50] T5 Ep 1/1 complete: Prec 0.6131 F1 0.5936 DetRec 0.8081 DetFA 0.3263 | 587.47s total (102.64s eval/484.83s train)
[STATE 2026-05-29 10:02:50] Task 5: running final validation.
Saved task checkpoint: logs//icarl/seed-sweep_one-shot_til-2026-05-29_09-20-09-8813/39/checkpoints/task_5.pt
[STATE 2026-05-29 10:04:32] Saved task checkpoint to logs//icarl/seed-sweep_one-shot_til-2026-05-29_09-20-09-8813/39/checkpoints/task_5.pt
[STATE 2026-05-29 10:04:32] Completed task 5 (6/10)
Task 6: 17340 training samples, 6800 test samples.
[STATE 2026-05-29 10:04:32] Task 6: zero-shot validation (pre-train)
---- Zero-shot (pre-train) task 6: rec_cls 0.1285 | prec_cls 0.1774 | f1_cls 0.2268 | det 0.8034 | pfa 0.2290 | total_f1 0.2576 ----
[STATE 2026-05-29 10:06:17] Starting task 6 (7/10)
[STATE 2026-05-29 10:06:17] Task 6 Epoch 1/1: entering train loop
[STATE 2026-05-29 10:06:55] Task 6 Epoch 1/1: running validation (end of epoch)
---- Eval at Epoch 0: cls [0.1964029611817104, 0.16317136935056734, 0.2118934208946351, 0.24587657748549058, 0.2773833023948455, 0.38090858997184524, 0.5157588596341919] | det_recall [0.4979283232398124, 0.4277004384349361, 0.5442329221279484, 0.9473656677111667, 0.9503068843307793, 0.5887456945879315, 1.0] | det_fa [0.9992580212437215, 0.8177502990748565, 0.8365722313552248, 0.00025510204081632655, 0.0, 0.7657094440922126, 0.0] ----
T6 Ep 1/1 | L 1.7696 | Train Acc 0.46 | Prec 0.45 | F1 0.53 | Det Rec 0.99 | Det FA 0.01 | Epoch Time 155.40s (Eval 117.39s, Train 38.00s)
[STATE 2026-05-29 10:08:52] T6 Ep 1/1 complete: Prec 0.4519 F1 0.5315 DetRec 0.9937 DetFA 0.0070 | 155.40s total (117.39s eval/38.00s train)
[STATE 2026-05-29 10:08:52] Task 6: running final validation.
Saved task checkpoint: logs//icarl/seed-sweep_one-shot_til-2026-05-29_09-20-09-8813/39/checkpoints/task_6.pt
[STATE 2026-05-29 10:10:37] Saved task checkpoint to logs//icarl/seed-sweep_one-shot_til-2026-05-29_09-20-09-8813/39/checkpoints/task_6.pt
[STATE 2026-05-29 10:10:37] Completed task 6 (7/10)
Task 7: 188050 training samples, 94025 test samples.
[STATE 2026-05-29 10:10:37] Task 7: zero-shot validation (pre-train)
---- Zero-shot (pre-train) task 7: rec_cls 0.0990 | prec_cls 0.0702 | f1_cls 0.1261 | det 0.5643 | pfa 0.3564 | total_f1 0.2628 ----
[STATE 2026-05-29 10:12:51] Starting task 7 (8/10)
[STATE 2026-05-29 10:12:51] Task 7 Epoch 1/1: entering train loop
[STATE 2026-05-29 10:20:47] Task 7 Epoch 1/1: running validation (end of epoch)
---- Eval at Epoch 0: cls [0.1996947890000182, 0.1742348525497035, 0.19473244376995263, 0.1605166159603053, 0.21673923246366744, 0.3210914874608177, 0.39927801668427454, 0.7272928296132403] | det_recall [0.4997620087262766, 0.45717073730110364, 0.5762091981728021, 0.8762493848865297, 0.9034286703587359, 0.5081521170955897, 0.9974245335456965, 0.8127097144613799] | det_fa [1.0, 0.8263989451005869, 0.76285030158262, 0.016434430069107768, 0.0, 0.9679834492348627, 0.0, 0.28659560532907635] ----
T7 Ep 1/1 | L 1.1708 | Train Acc 0.64 | Prec 0.66 | F1 0.63 | Det Rec 0.79 | Det FA 0.34 | Epoch Time 609.57s (Eval 133.68s, Train 475.89s)
[STATE 2026-05-29 10:23:01] T7 Ep 1/1 complete: Prec 0.6631 F1 0.6269 DetRec 0.7946 DetFA 0.3389 | 609.57s total (133.68s eval/475.89s train)
[STATE 2026-05-29 10:23:01] Task 7: running final validation.
Saved task checkpoint: logs//icarl/seed-sweep_one-shot_til-2026-05-29_09-20-09-8813/39/checkpoints/task_7.pt
[STATE 2026-05-29 10:25:15] Saved task checkpoint to logs//icarl/seed-sweep_one-shot_til-2026-05-29_09-20-09-8813/39/checkpoints/task_7.pt
[STATE 2026-05-29 10:25:15] Completed task 7 (8/10)
Task 8: 36658 training samples, 12220 test samples.
[STATE 2026-05-29 10:25:15] Task 8: zero-shot validation (pre-train)
---- Zero-shot (pre-train) task 8: rec_cls 0.1670 | prec_cls 0.1256 | f1_cls 0.0555 | det 0.4858 | pfa 0.9717 | total_f1 0.2563 ----
[STATE 2026-05-29 10:27:33] Starting task 8 (9/10)
[STATE 2026-05-29 10:27:33] Task 8 Epoch 1/1: entering train loop
[STATE 2026-05-29 10:28:59] Task 8 Epoch 1/1: running validation (end of epoch)
---- Eval at Epoch 0: cls [0.19937946888077143, 0.16445802919288183, 0.21074014914915945, 0.08578226192628415, 0.19936356264179095, 0.23932152909782903, 0.3493238506464248, 0.3057641589389592, 0.767731166240257] | det_recall [0.49964471791464987, 0.47907892963594007, 0.4979186579647294, 0.823023206447419, 0.9396592642153245, 0.49850088399262765, 0.9997240124119824, 0.5103785816755337, 0.7786674097860157] | det_fa [1.0, 0.7768014591657563, 0.9064355765385586, 0.008691657757663411, 0.0, 0.9995523179380821, 0.0005519751760353264, 0.9783795933325001, 0.4197874451174648] ----
T8 Ep 1/1 | L 1.7244 | Train Acc 0.61 | Prec 0.60 | F1 0.46 | Det Rec 0.69 | Det FA 0.57 | Epoch Time 225.01s (Eval 138.45s, Train 86.56s)
[STATE 2026-05-29 10:31:18] T8 Ep 1/1 complete: Prec 0.5992 F1 0.4610 DetRec 0.6916 DetFA 0.5689 | 225.01s total (138.45s eval/86.56s train)
[STATE 2026-05-29 10:31:18] Task 8: running final validation.
Saved task checkpoint: logs//icarl/seed-sweep_one-shot_til-2026-05-29_09-20-09-8813/39/checkpoints/task_8.pt
[STATE 2026-05-29 10:33:35] Saved task checkpoint to logs//icarl/seed-sweep_one-shot_til-2026-05-29_09-20-09-8813/39/checkpoints/task_8.pt
[STATE 2026-05-29 10:33:35] Completed task 8 (9/10)
Task 9: 17340 training samples, 6800 test samples.
[STATE 2026-05-29 10:33:35] Task 9: zero-shot validation (pre-train)
---- Zero-shot (pre-train) task 9: rec_cls 0.1425 | prec_cls 0.1347 | f1_cls 0.0669 | det 0.4574 | pfa 0.9840 | total_f1 0.2269 ----
[STATE 2026-05-29 10:35:55] Starting task 9 (10/10)
[STATE 2026-05-29 10:35:55] Task 9 Epoch 1/1: entering train loop
[STATE 2026-05-29 10:36:38] Task 9 Epoch 1/1: running validation (end of epoch)
---- Eval at Epoch 0: cls [0.2000000000000001, 0.19559255190550418, 0.18935131293399138, 0.16119884001159362, 0.2373039388625901, 0.22410818976026906, 0.3707677834910153, 0.2591966637347423, 0.2936765107387434, 0.4412470518251676] | det_recall [0.5, 0.4774761891300995, 0.4897774977922293, 0.9030576298135538, 0.951115683950102, 0.4998873299514426, 0.99943219448042, 0.500096145013291, 0.6701203276784461, 1.0] | det_fa [1.0, 0.7932412889237395, 0.8682340512637361, 0.012334583432679597, 0.0, 1.0, 0.0011356110391599304, 0.9996109792383507, 0.2363222962673408, 0.0] ----
T9 Ep 1/1 | L 1.6398 | Train Acc 0.37 | Prec 0.36 | F1 0.45 | Det Rec 0.98 | Det FA 0.03 | Epoch Time 182.84s (Eval 139.69s, Train 43.15s)
[STATE 2026-05-29 10:38:58] T9 Ep 1/1 complete: Prec 0.3649 F1 0.4466 DetRec 0.9828 DetFA 0.0322 | 182.84s total (139.69s eval/43.15s train)
[STATE 2026-05-29 10:38:58] Task 9: running final validation.
Saved task checkpoint: logs//icarl/seed-sweep_one-shot_til-2026-05-29_09-20-09-8813/39/checkpoints/task_9.pt
[STATE 2026-05-29 10:41:18] Saved task checkpoint to logs//icarl/seed-sweep_one-shot_til-2026-05-29_09-20-09-8813/39/checkpoints/task_9.pt
[STATE 2026-05-29 10:41:18] Completed task 9 (10/10)
####Final Validation Accuracy####
Final Results:- 
 Total Recall: 0.256683661848802 
 Individual Recall: [0.2000000000000001, 0.19332717672473856, 0.18995752703141658, 0.16409565837973664, 0.23655364598231698, 0.22356187274991893, 0.37180293469130216, 0.2595382654773677, 0.2898270822084921, 0.4381724552427301]
Final Detection Results:- 
 Total Detection: 0.6996568128395216 
 Individual Detection: [0.5, 0.4790526947622219, 0.4888421742711077, 0.9070864437366808, 0.9544051615675344, 0.49988729435716595, 0.9998615725359912, 0.5000951147260437, 0.6673376724384713, 1.0]
Final Detection False Alarm:- 
 Total False Alarm: 0.49078091225090875 
 Individual False Alarm: [1.0, 0.7931421527395651, 0.8697599700982507, 0.006651276437510298, 0.0, 1.0, 0.0002768549280177187, 0.9996674172466476, 0.238311451059096, 0.0]
SUMMARY_TR cls_rec=0.3718 cls_prec=0.3649 cls_f1=0.4466 det=0.6991 fa=0.4911
SUMMARY_TE cls_rec=0.2567 cls_prec=0.3339 cls_f1=0.2577 det=0.6997 fa=0.4908
[STATE 2026-05-29 10:41:18] Saving results to logs//icarl/seed-sweep_one-shot_til-2026-05-29_09-20-09-8813/39/results
Model size: 0.0289 GB
Memory buffer size: 0.0000 GB
logs//icarl/seed-sweep_one-shot_til-2026-05-29_09-20-09-8813/39/results: {'expt_name': 'seed-sweep_one-shot_til', 'model': 'icarl', 'arch': 'resnet1d', 'n_hiddens': 100, 'n_layers': 2, 'xav_init': False, 'debug': False, 'use_detector_arch': False, 'use_groupnorm': False, 'inner_steps': 2, 'n_epochs': 1, 'batch_size': 256, 'replay_batch_size': 128, 'memories': 5120, 'lr': 0.001, 'optimizer': 'sgd', 'prune_perc': 0.75, 'post_prune_epochs': 0, 'class_weighted_ce': True, 'cuda': True, 'amp': True, 'amp_dtype': 'bfloat16', 'cudnn_benchmark': True, 'seed': 39, 'log_every': 10, 'log_dir': 'logs//icarl/seed-sweep_one-shot_til-2026-05-29_09-20-09-8813/39', 'tf_dir': 'logs//icarl/seed-sweep_one-shot_til-2026-05-29_09-20-09-8813/39/tfdir', 'calc_test_accuracy': False, 'state_logging': True, 'data_path': 'data/rff/radar/full', 'task_order_files': 't2-rcn,t0-rcn,t2-uclresm-25noise,t0-deeprad,t1-deeprad,t1-uclresm-25noise,t3-deeprad,t0-uclresm-25noise,t1-rcn,t2-deeprad', 'loader': 'task_incremental_loader', 'samples_per_task': -1, 'task_order_seed': None, 'classes_per_it': 6, 'iterations': 5000, 'dataset': 'iq', 'workers': 0, 'validation': 0.5, 'data_scaling': 'normalize', 'use_iq_aug_features': False, 'iq_aug_feature_type': 'power', 'class_order': 'random', 'increment': 5, 'test_batch_size': 512, 'nc_per_task': None, 'nc_per_task_list': '', 'val_rate': 1000, 'opt_lr': 0.1, 'opt_wt': 0.1, 'alpha_init': 0.001, 'momentum': 0.0, 'learn_lr': False, 'sync_update': False, 'grad_clip_norm': 5.0, 'meta_batches': 3, 'use_old_task_memory': False, 'second_order': False, 'n_memories': 5120, 'memory_strength': 0.1, 'memory_loss_lambda': 1.0, 'steps_per_sample': 1, 'bgd_optimizer': 'sgd', 'optimizer_params': '{}', 'train_mc_iters': 5, 'std_init': 0.05, 'mean_eta': 1, 'fisher_gamma': 0.95, 'rln': 7, 'meta_lr': 0.001, 'update_lr': 0.1, 'ctx_lr': 0.05, 'n_meta': 1, 'temperature': 5.0, 'task_emb': 64, 'classes_per_task': [6, 7, 6, 7, 7, 6, 6, 6, 7, 6], 'get_samples_per_task': <bound method IncrementalLoader.get_samples_per_task of <dataloaders.task_incremental_loader.IncrementalLoader object at 0x70f1b6e1e260>>, 'task_epoch_schedule': {}} # val: 0.632 0.257 -0.376 0.000 # sizes: model_gb=0.0289 mem_gb=0.0000 # 4802.984518766403
[STATE 2026-05-29 10:41:18] results.pt components (approx): state_dict 29.6 MB, result_val_t 0.1 KB, result_val_a 0.8 KB
[STATE 2026-05-29 10:41:18] Results saved; total runtime 1.33h
Total runtime: 1.33 hours
