[STATE 2026-05-29 18:22:58] Enabling terminal logging to logs//cmaml/seed-sweep_one-shot_til-2026-05-29_18-22-58-1177/39/terminal.log
New Experiment Starting...
Running model:  lamaml_cifar
[STATE 2026-05-29 18:22:58] Experiment 'seed-sweep_one-shot_til' starting with model 'lamaml_cifar' (seed 39)
Set seed 39
[STATE 2026-05-29 18:22:58] Runtime accel: cudnn.benchmark=False amp=True amp_dtype=bfloat16
t2-rcn.npz train: x=(50362, 1024), y=(50362, 2)
t2-rcn.npz test: x=(16787, 1024), y=(16787, 2)
t2-rcn.npz: applied data scaling mode 'normalize'.
Loaded t2-rcn.npz: Unique train labels: UniqueCountsResult(values=array([-1,  3,  5, 10, 12, 15]), counts=array([24209,  5770,  3030,  2320,  7509,  7524]))
Noise labels ratio in t2-rcn.npz train: 0.24, test: 0.24
Loaded t2-rcn.npz: Remapped labels: [0 1 2 3 4 5]. Size: 50362)
t0-rcn.npz train: x=(51916, 1024), y=(51916, 2)
t0-rcn.npz test: x=(17305, 1024), y=(17305, 2)
t0-rcn.npz: applied data scaling mode 'normalize'.
Loaded t0-rcn.npz: Unique train labels: UniqueCountsResult(values=array([-1,  1,  8,  9, 11, 13, 14]), counts=array([24225,  4268,  2495,  2943,  3015,  7464,  7506]))
Noise labels ratio in t0-rcn.npz train: 0.23, test: 0.23
Loaded t0-rcn.npz: Remapped labels: [ 6  7  8  9 10 11 12]. Size: 51916)
t2-uclresm-25noise.npz train: moved sample axis (3, 350028, 1024) -> (350028, 3, 1024)
t2-uclresm-25noise.npz test: moved sample axis (3, 233351, 1024) -> (233351, 3, 1024)
t2-uclresm-25noise.npz train: x=(350028, 3, 1024), y=(350028,)
t2-uclresm-25noise.npz test: x=(233351, 3, 1024), y=(233351,)
t2-uclresm-25noise.npz: applied data scaling mode 'normalize'.
Loaded t2-uclresm-25noise.npz: Unique train labels: UniqueCountsResult(values=array([-1,  0,  1,  2,  3,  4]), counts=array([87441, 27347, 71754, 64298, 36005, 63183]))
Noise labels ratio in t2-uclresm-25noise.npz train: 0.25, test: 0.25
Loaded t2-uclresm-25noise.npz: Remapped labels: [13 14 15 16 17 18]. Size: 350028)
t0-deeprad.npz train: x=(24480, 1024), y=(24480, 2)
t0-deeprad.npz test: x=(8160, 1024), y=(8160, 2)
t0-deeprad.npz: applied data scaling mode 'normalize'.
Loaded t0-deeprad.npz: Unique train labels: UniqueCountsResult(values=array([-1,  0,  1,  2,  3,  4,  5]), counts=array([12240,  2029,  1983,  2043,  2154,  2015,  2016]))
Noise labels ratio in t0-deeprad.npz train: 0.25, test: 0.25
Loaded t0-deeprad.npz: Remapped labels: [19 20 21 22 23 24 25]. Size: 24480)
t1-deeprad.npz train: x=(24480, 1024), y=(24480, 2)
t1-deeprad.npz test: x=(8160, 1024), y=(8160, 2)
t1-deeprad.npz: applied data scaling mode 'normalize'.
Loaded t1-deeprad.npz: Unique train labels: UniqueCountsResult(values=array([-1,  0,  1,  2,  3,  4,  5]), counts=array([12240,  1988,  2029,  2054,  1988,  2053,  2128]))
Noise labels ratio in t1-deeprad.npz train: 0.25, test: 0.25
Loaded t1-deeprad.npz: Remapped labels: [26 27 28 29 30 31 32]. Size: 24480)
t1-uclresm-25noise.npz train: moved sample axis (3, 201410, 1024) -> (201410, 3, 1024)
t1-uclresm-25noise.npz test: moved sample axis (3, 116291, 1024) -> (116291, 3, 1024)
t1-uclresm-25noise.npz train: x=(201410, 3, 1024), y=(201410,)
t1-uclresm-25noise.npz test: x=(116291, 3, 1024), y=(116291,)
t1-uclresm-25noise.npz: applied data scaling mode 'normalize'.
Loaded t1-uclresm-25noise.npz: Unique train labels: UniqueCountsResult(values=array([-1,  0,  1,  2,  3,  4]), counts=array([43668, 18021, 17838, 18087, 31870, 71926]))
Noise labels ratio in t1-uclresm-25noise.npz train: 0.22, test: 0.25
Loaded t1-uclresm-25noise.npz: Remapped labels: [33 34 35 36 37 38]. Size: 201410)
t3-deeprad.npz train: x=(17340, 1024), y=(17340, 2)
t3-deeprad.npz test: x=(6800, 1024), y=(6800, 2)
t3-deeprad.npz: applied data scaling mode 'normalize'.
Loaded t3-deeprad.npz: Unique train labels: UniqueCountsResult(values=array([-1,  0,  1,  2,  3,  4]), counts=array([8670, 1693, 1677, 1794, 1716, 1790]))
Noise labels ratio in t3-deeprad.npz train: 0.25, test: 0.25
Loaded t3-deeprad.npz: Remapped labels: [39 40 41 42 43 44]. Size: 17340)
t0-uclresm-25noise.npz train: moved sample axis (3, 188050, 1024) -> (188050, 3, 1024)
t0-uclresm-25noise.npz test: moved sample axis (3, 107348, 1024) -> (107348, 3, 1024)
t0-uclresm-25noise.npz train: x=(188050, 3, 1024), y=(188050,)
t0-uclresm-25noise.npz test: x=(107348, 3, 1024), y=(107348,)
t0-uclresm-25noise.npz: applied data scaling mode 'normalize'.
Loaded t0-uclresm-25noise.npz: Unique train labels: UniqueCountsResult(values=array([-1,  0,  1,  2,  3,  4]), counts=array([40144, 32109, 17978, 17979, 18098, 61742]))
Noise labels ratio in t0-uclresm-25noise.npz train: 0.21, test: 0.25
Loaded t0-uclresm-25noise.npz: Remapped labels: [45 46 47 48 49 50]. Size: 188050)
t1-rcn.npz train: x=(36658, 1024), y=(36658, 2)
t1-rcn.npz test: x=(12220, 1024), y=(12220, 2)
t1-rcn.npz: applied data scaling mode 'normalize'.
Loaded t1-rcn.npz: Unique train labels: UniqueCountsResult(values=array([-1,  0,  2,  4,  6,  7, 16]), counts=array([20595,   824,  2087,  2606,  2396,  1716,  6434]))
Noise labels ratio in t1-rcn.npz train: 0.28, test: 0.28
Loaded t1-rcn.npz: Remapped labels: [51 52 53 54 55 56 57]. Size: 36658)
t2-deeprad.npz train: x=(17340, 1024), y=(17340, 2)
t2-deeprad.npz test: x=(6800, 1024), y=(6800, 2)
t2-deeprad.npz: applied data scaling mode 'normalize'.
Loaded t2-deeprad.npz: Unique train labels: UniqueCountsResult(values=array([-1,  0,  1,  2,  3,  4]), counts=array([8670, 1774, 1675, 1777, 1694, 1750]))
Noise labels ratio in t2-deeprad.npz train: 0.25, test: 0.25
Loaded t2-deeprad.npz: Remapped labels: [58 59 60 61 62 63]. Size: 17340)
Built classes_per_task: [6, 7, 6, 7, 7, 6, 6, 6, 7, 6]
Classes per task: [6, 7, 6, 7, 7, 6, 6, 6, 7, 6]
[STATE 2026-05-29 18:24:03] Loader 'task_incremental_loader' ready: 1024 inputs, 64 outputs, 10 tasks
n_outputs: 64 	n_tasks: 10
[STATE 2026-05-29 18:24:03] Logging to logs//cmaml/seed-sweep_one-shot_til-2026-05-29_18-22-58-1177/39
True
Model device: cuda:0
[STATE 2026-05-29 18:24:03] Model initialized on device cuda:0
[STATE 2026-05-29 18:24:03] Invoking continual life experience flow
[STATE 2026-05-29 18:24:03] Life experience start: 10 tasks queued
[STATE 2026-05-29 18:24:03] Legacy epoch behavior enabled: using n_epochs=1 for all tasks
Task 0: 50362 training samples, 16787 test samples.
[STATE 2026-05-29 18:24:03] Task 0: zero-shot validation (pre-train)
---- Zero-shot (pre-train) task 0: rec_cls 0.1699 | prec_cls 0.1052 | f1_cls 0.0654 | det 0.4973 | pfa 0.9837 | total_f1 0.0654 ----
[STATE 2026-05-29 18:24:07] Starting task 0 (1/10)
[STATE 2026-05-29 18:24:07] Task 0 Epoch 1/1: entering train loop
[STATE 2026-05-29 18:38:11] Task 0 Epoch 1/1: running validation (end of epoch)
---- Eval at Epoch 0: cls [0.8518687761248773] | det_recall [0.8938364065807283] | det_fa [0.13356919522735838] ----
T0 Ep 1/1 | L 0.4554 | Train Acc 0.72 | Prec 0.82 | F1 0.75 | Det Rec 0.87 | Det FA 0.12 | Epoch Time 848.36s (Eval 4.44s, Train 843.91s)
[STATE 2026-05-29 18:38:16] T0 Ep 1/1 complete: Prec 0.8165 F1 0.7471 DetRec 0.8737 DetFA 0.1165 | 848.36s total (4.44s eval/843.91s train)
[STATE 2026-05-29 18:38:16] Task 0: running final validation.
Saved task checkpoint: logs//cmaml/seed-sweep_one-shot_til-2026-05-29_18-22-58-1177/39/checkpoints/task_0.pt
[STATE 2026-05-29 18:38:20] Saved task checkpoint to logs//cmaml/seed-sweep_one-shot_til-2026-05-29_18-22-58-1177/39/checkpoints/task_0.pt
[STATE 2026-05-29 18:38:20] Completed task 0 (1/10)
Task 1: 51916 training samples, 17305 test samples.
[STATE 2026-05-29 18:38:20] Task 1: zero-shot validation (pre-train)
---- Zero-shot (pre-train) task 1: rec_cls 0.0884 | prec_cls 0.0450 | f1_cls 0.1452 | det 0.5962 | pfa 0.1081 | total_f1 0.4985 ----
[STATE 2026-05-29 18:38:29] Starting task 1 (2/10)
[STATE 2026-05-29 18:38:29] Task 1 Epoch 1/1: entering train loop
[STATE 2026-05-29 18:53:04] Task 1 Epoch 1/1: running validation (end of epoch)
---- Eval at Epoch 0: cls [0.723288226100197, 0.7926995271451306] | det_recall [0.8735027820326372, 0.9082890189733147] | det_fa [0.07351153902093102, 0.0826672743746058] ----
T1 Ep 1/1 | L 0.4309 | Train Acc 0.69 | Prec 0.82 | F1 0.74 | Det Rec 0.88 | Det FA 0.07 | Epoch Time 883.68s (Eval 9.04s, Train 874.64s)
[STATE 2026-05-29 18:53:13] T1 Ep 1/1 complete: Prec 0.8204 F1 0.7402 DetRec 0.8794 DetFA 0.0706 | 883.68s total (9.04s eval/874.64s train)
[STATE 2026-05-29 18:53:13] Task 1: running final validation.
Saved task checkpoint: logs//cmaml/seed-sweep_one-shot_til-2026-05-29_18-22-58-1177/39/checkpoints/task_1.pt
[STATE 2026-05-29 18:53:22] Saved task checkpoint to logs//cmaml/seed-sweep_one-shot_til-2026-05-29_18-22-58-1177/39/checkpoints/task_1.pt
[STATE 2026-05-29 18:53:22] Completed task 1 (2/10)
Task 2: 350028 training samples, 175014 test samples.
[STATE 2026-05-29 18:53:23] Task 2: zero-shot validation (pre-train)
---- Zero-shot (pre-train) task 2: rec_cls 0.1928 | prec_cls 0.1766 | f1_cls 0.1126 | det 0.5010 | pfa 0.9950 | total_f1 0.5681 ----
[STATE 2026-05-29 18:54:18] Starting task 2 (3/10)
[STATE 2026-05-29 18:54:18] Task 2 Epoch 1/1: entering train loop
[STATE 2026-05-29 20:39:17] Task 2 Epoch 1/1: running validation (end of epoch)
---- Eval at Epoch 0: cls [0.5048205613613737, 0.6906960808119382, 0.6929872015737985] | det_recall [0.8176705425526574, 0.7267145980057961, 0.8623976702630045] | det_fa [0.06553984582213164, 0.39176314443830396, 0.0794645569588567] ----
T2 Ep 1/1 | L 0.6504 | Train Acc 0.62 | Prec 0.75 | F1 0.67 | Det Rec 0.85 | Det FA 0.16 | Epoch Time 6354.28s (Eval 55.17s, Train 6299.10s)
[STATE 2026-05-29 20:40:12] T2 Ep 1/1 complete: Prec 0.7544 F1 0.6683 DetRec 0.8524 DetFA 0.1581 | 6354.28s total (55.17s eval/6299.10s train)
[STATE 2026-05-29 20:40:12] Task 2: running final validation.
Saved task checkpoint: logs//cmaml/seed-sweep_one-shot_til-2026-05-29_18-22-58-1177/39/checkpoints/task_2.pt
[STATE 2026-05-29 20:41:07] Saved task checkpoint to logs//cmaml/seed-sweep_one-shot_til-2026-05-29_18-22-58-1177/39/checkpoints/task_2.pt
[STATE 2026-05-29 20:41:07] Completed task 2 (3/10)
Task 3: 24480 training samples, 8160 test samples.
[STATE 2026-05-29 20:41:08] Task 3: zero-shot validation (pre-train)
---- Zero-shot (pre-train) task 3: rec_cls 0.1946 | prec_cls 0.1723 | f1_cls 0.0878 | det 0.4805 | pfa 1.0000 | total_f1 0.5232 ----
[STATE 2026-05-29 20:42:05] Starting task 3 (4/10)
[STATE 2026-05-29 20:42:05] Task 3 Epoch 1/1: entering train loop
[STATE 2026-05-29 20:48:58] Task 3 Epoch 1/1: running validation (end of epoch)
---- Eval at Epoch 0: cls [0.5901473624418669, 0.6823628429453465, 0.616903265915885, 0.5419816640358524] | det_recall [0.8261566613546503, 0.6247614173777891, 0.8407029452715857, 0.9978488882595664] | det_fa [0.038072626284537274, 0.6526151302327355, 0.06440011647532597, 0.0016100586499928108] ----
T3 Ep 1/1 | L 0.5608 | Train Acc 0.54 | Prec 0.55 | F1 0.58 | Det Rec 0.99 | Det FA 0.00 | Epoch Time 470.71s (Eval 57.08s, Train 413.62s)
[STATE 2026-05-29 20:49:55] T3 Ep 1/1 complete: Prec 0.5484 F1 0.5833 DetRec 0.9949 DetFA 0.0010 | 470.71s total (57.08s eval/413.62s train)
[STATE 2026-05-29 20:49:55] Task 3: running final validation.
Saved task checkpoint: logs//cmaml/seed-sweep_one-shot_til-2026-05-29_18-22-58-1177/39/checkpoints/task_3.pt
[STATE 2026-05-29 20:50:53] Saved task checkpoint to logs//cmaml/seed-sweep_one-shot_til-2026-05-29_18-22-58-1177/39/checkpoints/task_3.pt
[STATE 2026-05-29 20:50:53] Completed task 3 (4/10)
Task 4: 24480 training samples, 8160 test samples.
[STATE 2026-05-29 20:50:53] Task 4: zero-shot validation (pre-train)
---- Zero-shot (pre-train) task 4: rec_cls 0.1497 | prec_cls 0.0936 | f1_cls 0.0435 | det 0.5000 | pfa 1.0000 | total_f1 0.5235 ----
[STATE 2026-05-29 20:51:52] Starting task 4 (5/10)
[STATE 2026-05-29 20:51:52] Task 4 Epoch 1/1: entering train loop
[STATE 2026-05-29 20:58:45] Task 4 Epoch 1/1: running validation (end of epoch)
---- Eval at Epoch 0: cls [0.6330868483312546, 0.6747834514385971, 0.6148737426985093, 0.5644920122348557, 0.41983952293412286] | det_recall [0.84705586507972, 0.5768015788507161, 0.83915623435398, 0.9963872140287469, 1.0] | det_fa [0.08514406319849378, 0.717051852136429, 0.07079294060180003, 0.0009365672706824662, 0.0] ----
T4 Ep 1/1 | L 0.5247 | Train Acc 0.38 | Prec 0.39 | F1 0.42 | Det Rec 1.00 | Det FA 0.00 | Epoch Time 472.90s (Eval 59.39s, Train 413.51s)
[STATE 2026-05-29 20:59:45] T4 Ep 1/1 complete: Prec 0.3906 F1 0.4231 DetRec 0.9981 DetFA 0.0000 | 472.90s total (59.39s eval/413.51s train)
[STATE 2026-05-29 20:59:45] Task 4: running final validation.
Saved task checkpoint: logs//cmaml/seed-sweep_one-shot_til-2026-05-29_18-22-58-1177/39/checkpoints/task_4.pt
[STATE 2026-05-29 21:00:44] Saved task checkpoint to logs//cmaml/seed-sweep_one-shot_til-2026-05-29_18-22-58-1177/39/checkpoints/task_4.pt
[STATE 2026-05-29 21:00:44] Completed task 4 (5/10)
Task 5: 201410 training samples, 100705 test samples.
[STATE 2026-05-29 21:00:45] Task 5: zero-shot validation (pre-train)
---- Zero-shot (pre-train) task 5: rec_cls 0.0755 | prec_cls 0.1637 | f1_cls 0.1318 | det 0.5747 | pfa 0.3237 | total_f1 0.5231 ----
[STATE 2026-05-29 21:02:11] Starting task 5 (6/10)
[STATE 2026-05-29 21:02:11] Task 5 Epoch 1/1: entering train loop
[STATE 2026-05-29 22:02:40] Task 5 Epoch 1/1: running validation (end of epoch)
---- Eval at Epoch 0: cls [0.4509661873394002, 0.5614088269861395, 0.6502753288544263, 0.3079302952621984, 0.20494704042163905, 0.8046934138450625] | det_recall [0.7939157317741179, 0.7854532794008121, 0.833652309260252, 0.9884689987852953, 0.9573505198918953, 0.8903192849009639] | det_fa [0.04357229719257999, 0.2249180832861373, 0.2875063104930294, 0.0028990840974580604, 0.0, 0.19447423257228533] ----
T5 Ep 1/1 | L 0.4003 | Train Acc 0.73 | Prec 0.87 | F1 0.78 | Det Rec 0.89 | Det FA 0.11 | Epoch Time 3715.07s (Eval 85.56s, Train 3629.51s)
[STATE 2026-05-29 22:04:06] T5 Ep 1/1 complete: Prec 0.8738 F1 0.7803 DetRec 0.8949 DetFA 0.1126 | 3715.07s total (85.56s eval/3629.51s train)
[STATE 2026-05-29 22:04:06] Task 5: running final validation.
Saved task checkpoint: logs//cmaml/seed-sweep_one-shot_til-2026-05-29_18-22-58-1177/39/checkpoints/task_5.pt
[STATE 2026-05-29 22:05:31] Saved task checkpoint to logs//cmaml/seed-sweep_one-shot_til-2026-05-29_18-22-58-1177/39/checkpoints/task_5.pt
[STATE 2026-05-29 22:05:31] Completed task 5 (6/10)
Task 6: 17340 training samples, 6800 test samples.
[STATE 2026-05-29 22:05:31] Task 6: zero-shot validation (pre-train)
---- Zero-shot (pre-train) task 6: rec_cls 0.1754 | prec_cls 0.2010 | f1_cls 0.2644 | det 0.8099 | pfa 0.1255 | total_f1 0.4977 ----
[STATE 2026-05-29 22:06:59] Starting task 6 (7/10)
[STATE 2026-05-29 22:06:59] Task 6 Epoch 1/1: entering train loop
[STATE 2026-05-29 22:11:54] Task 6 Epoch 1/1: running validation (end of epoch)
---- Eval at Epoch 0: cls [0.5517961931736809, 0.6054274023582564, 0.6171639503814573, 0.515541736663872, 0.30902120195338617, 0.750240490967738, 0.5165547015539967] | det_recall [0.8159707659934683, 0.8232688224625094, 0.8365503561323151, 0.9934279272196396, 0.9991481651591214, 0.894009866145202, 0.9995811417170275] | det_fa [0.04719025029677392, 0.19779932702089906, 0.23966596168653914, 0.00023946360153256704, 0.0, 0.14199233832318142, 0.0008377165659449419] ----
T6 Ep 1/1 | L 0.4741 | Train Acc 0.52 | Prec 0.55 | F1 0.60 | Det Rec 1.00 | Det FA 0.00 | Epoch Time 382.81s (Eval 87.44s, Train 295.38s)
[STATE 2026-05-29 22:13:22] T6 Ep 1/1 complete: Prec 0.5520 F1 0.5958 DetRec 0.9973 DetFA 0.0009 | 382.81s total (87.44s eval/295.38s train)
[STATE 2026-05-29 22:13:22] Task 6: running final validation.
Saved task checkpoint: logs//cmaml/seed-sweep_one-shot_til-2026-05-29_18-22-58-1177/39/checkpoints/task_6.pt
[STATE 2026-05-29 22:14:49] Saved task checkpoint to logs//cmaml/seed-sweep_one-shot_til-2026-05-29_18-22-58-1177/39/checkpoints/task_6.pt
[STATE 2026-05-29 22:14:49] Completed task 6 (7/10)
Task 7: 188050 training samples, 94025 test samples.
[STATE 2026-05-29 22:14:50] Task 7: zero-shot validation (pre-train)
---- Zero-shot (pre-train) task 7: rec_cls 0.1224 | prec_cls 0.0884 | f1_cls 0.0960 | det 0.3735 | pfa 0.6967 | total_f1 0.5432 ----
[STATE 2026-05-29 22:16:42] Starting task 7 (8/10)
[STATE 2026-05-29 22:16:42] Task 7 Epoch 1/1: entering train loop
[STATE 2026-05-29 23:13:22] Task 7 Epoch 1/1: running validation (end of epoch)
---- Eval at Epoch 0: cls [0.489892472975348, 0.5385936042027699, 0.6280340068319133, 0.31738049903988225, 0.2207555029281166, 0.7115308417370491, 0.3936747436796185, 0.8193588543718439] | det_recall [0.801122691580455, 0.8256846589449189, 0.8454791945311189, 0.979786382915962, 0.9729473852407379, 0.8968951416448644, 0.9988891211288295, 0.8801262726140713] | det_fa [0.06601731995702803, 0.14717453331674515, 0.21394660060782653, 0.0007059399644094034, 0.0, 0.07564543311293817, 0.0022217577423410046, 0.19033259079919812] ----
T7 Ep 1/1 | L 0.3646 | Train Acc 0.78 | Prec 0.87 | F1 0.81 | Det Rec 0.87 | Det FA 0.21 | Epoch Time 3512.05s (Eval 112.23s, Train 3399.82s)
[STATE 2026-05-29 23:15:14] T7 Ep 1/1 complete: Prec 0.8732 F1 0.8057 DetRec 0.8729 DetFA 0.2088 | 3512.05s total (112.23s eval/3399.82s train)
[STATE 2026-05-29 23:15:14] Task 7: running final validation.
Saved task checkpoint: logs//cmaml/seed-sweep_one-shot_til-2026-05-29_18-22-58-1177/39/checkpoints/task_7.pt
[STATE 2026-05-29 23:17:06] Saved task checkpoint to logs//cmaml/seed-sweep_one-shot_til-2026-05-29_18-22-58-1177/39/checkpoints/task_7.pt
[STATE 2026-05-29 23:17:06] Completed task 7 (8/10)
Task 8: 36658 training samples, 12220 test samples.
[STATE 2026-05-29 23:17:06] Task 8: zero-shot validation (pre-train)
---- Zero-shot (pre-train) task 8: rec_cls 0.1712 | prec_cls 0.0938 | f1_cls 0.0518 | det 0.4763 | pfa 0.9336 | total_f1 0.5073 ----
[STATE 2026-05-29 23:19:02] Starting task 8 (9/10)
[STATE 2026-05-29 23:19:02] Task 8 Epoch 1/1: entering train loop
[STATE 2026-05-29 23:29:25] Task 8 Epoch 1/1: running validation (end of epoch)
---- Eval at Epoch 0: cls [0.6597644150483309, 0.6755980583714783, 0.6144328828268469, 0.3502793437673467, 0.26809657305652423, 0.7055531676738896, 0.42798253881282167, 0.7780738891340025, 0.6435569041564564] | det_recall [0.8489040607064537, 0.8532094780405651, 0.8315468298661174, 0.9804271829157639, 0.9868758440250163, 0.8812945492285009, 0.9995852628438826, 0.8689199780951398, 0.8517567768515578] | det_fa [0.09531156273438747, 0.09563691520460749, 0.20871815943855768, 0.0004664763628768363, 0.0, 0.1168964538903561, 0.0, 0.20445440786150895, 0.1470455437837902] ----
T8 Ep 1/1 | L 0.3747 | Train Acc 0.53 | Prec 0.67 | F1 0.59 | Det Rec 0.84 | Det FA 0.06 | Epoch Time 738.57s (Eval 115.31s, Train 623.26s)
[STATE 2026-05-29 23:31:20] T8 Ep 1/1 complete: Prec 0.6711 F1 0.5910 DetRec 0.8352 DetFA 0.0626 | 738.57s total (115.31s eval/623.26s train)
[STATE 2026-05-29 23:31:20] Task 8: running final validation.
Saved task checkpoint: logs//cmaml/seed-sweep_one-shot_til-2026-05-29_18-22-58-1177/39/checkpoints/task_8.pt
[STATE 2026-05-29 23:33:16] Saved task checkpoint to logs//cmaml/seed-sweep_one-shot_til-2026-05-29_18-22-58-1177/39/checkpoints/task_8.pt
[STATE 2026-05-29 23:33:16] Completed task 8 (9/10)
Task 9: 17340 training samples, 6800 test samples.
[STATE 2026-05-29 23:33:16] Task 9: zero-shot validation (pre-train)
---- Zero-shot (pre-train) task 9: rec_cls 0.1461 | prec_cls 0.1227 | f1_cls 0.0350 | det 0.3572 | pfa 1.0000 | total_f1 0.5536 ----
[STATE 2026-05-29 23:35:13] Starting task 9 (10/10)
[STATE 2026-05-29 23:35:13] Task 9 Epoch 1/1: entering train loop
[STATE 2026-05-29 23:40:08] Task 9 Epoch 1/1: running validation (end of epoch)
---- Eval at Epoch 0: cls [0.6258976636397606, 0.6757991305203602, 0.607345857573407, 0.506608516100539, 0.39766295782270167, 0.7187777889539102, 0.5029149425142135, 0.769192749761071, 0.5316415454193243, 0.43498149563891525] | det_recall [0.8388516617726023, 0.8340023457178533, 0.8431150364192233, 0.9892138843169594, 0.9996280279648335, 0.8829440664284691, 0.999317442956211, 0.8663062971886467, 0.8449557163098262, 1.0] | det_fa [0.06440257833609944, 0.16016536851173066, 0.2221323888582092, 0.0007328378393826536, 0.0, 0.14437809858022288, 0.0010975913481450275, 0.19847573959522605, 0.05949790229316248, 0.0] ----
T9 Ep 1/1 | L 0.4116 | Train Acc 0.46 | Prec 0.47 | F1 0.51 | Det Rec 1.00 | Det FA 0.00 | Epoch Time 412.15s (Eval 117.06s, Train 295.09s)
[STATE 2026-05-29 23:42:05] T9 Ep 1/1 complete: Prec 0.4652 F1 0.5112 DetRec 0.9975 DetFA 0.0000 | 412.15s total (117.06s eval/295.09s train)
[STATE 2026-05-29 23:42:05] Task 9: running final validation.
Saved task checkpoint: logs//cmaml/seed-sweep_one-shot_til-2026-05-29_18-22-58-1177/39/checkpoints/task_9.pt
[STATE 2026-05-29 23:44:02] Saved task checkpoint to logs//cmaml/seed-sweep_one-shot_til-2026-05-29_18-22-58-1177/39/checkpoints/task_9.pt
[STATE 2026-05-29 23:44:02] Completed task 9 (10/10)
####Final Validation Accuracy####
Final Results:- 
 Total Recall: 0.5784189477283831 
 Individual Recall: [0.6247357480770648, 0.6723175827643959, 0.6083561408937747, 0.5103365799852666, 0.4036855339261062, 0.717220041716387, 0.4946189618545974, 0.7705631929731488, 0.5375533126968609, 0.4448023823962278]
Final Detection Results:- 
 Total Detection: 0.9089260625488574 
 Individual Detection: [0.8372926848690598, 0.8312421653775756, 0.8422292878831238, 0.9894803818653657, 0.9991502744710301, 0.8823159248589787, 0.9990331862132683, 0.865675344176678, 0.8428413757734933, 1.0]
Final Detection False Alarm:- 
 Total False Alarm: 0.08633057601102537 
 Individual False Alarm: [0.0639640617813575, 0.16752308964333062, 0.22328685250363187, 0.0012233054569794777, 0.0, 0.14552329410072987, 0.0019336275734633558, 0.1998586507811344, 0.059992878269626675, 0.0]
SUMMARY_TR cls_rec=0.4596 cls_prec=0.4652 cls_f1=0.5112 det=0.9098 fa=0.0851
SUMMARY_TE cls_rec=0.5784 cls_prec=0.6447 cls_f1=0.6182 det=0.9089 fa=0.0863
[STATE 2026-05-29 23:44:02] Saving results to logs//cmaml/seed-sweep_one-shot_til-2026-05-29_18-22-58-1177/39/results
Model size: 0.0289 GB
Memory buffer size: 0.0000 GB
logs//cmaml/seed-sweep_one-shot_til-2026-05-29_18-22-58-1177/39/results: {'expt_name': 'seed-sweep_one-shot_til', 'model': 'lamaml_cifar', 'arch': 'resnet1d', 'n_hiddens': 100, 'n_layers': 2, 'xav_init': False, 'debug': False, 'use_detector_arch': False, 'use_groupnorm': False, 'inner_steps': 2, 'n_epochs': 1, 'batch_size': 256, 'replay_batch_size': 128, 'memories': 5120, 'lr': 0.001, 'optimizer': 'sgd', 'prune_perc': 0.75, 'post_prune_epochs': 0, 'class_weighted_ce': True, 'cuda': True, 'amp': True, 'amp_dtype': 'bfloat16', 'cudnn_benchmark': True, 'seed': 39, 'log_every': 10, 'log_dir': 'logs//cmaml/seed-sweep_one-shot_til-2026-05-29_18-22-58-1177/39', 'tf_dir': 'logs//cmaml/seed-sweep_one-shot_til-2026-05-29_18-22-58-1177/39/tfdir', 'calc_test_accuracy': False, 'state_logging': True, 'data_path': 'data/rff/radar/full', 'task_order_files': 't2-rcn,t0-rcn,t2-uclresm-25noise,t0-deeprad,t1-deeprad,t1-uclresm-25noise,t3-deeprad,t0-uclresm-25noise,t1-rcn,t2-deeprad', 'loader': 'task_incremental_loader', 'samples_per_task': -1, 'task_order_seed': None, 'classes_per_it': 6, 'iterations': 5000, 'dataset': 'iq', 'workers': 0, 'validation': 0.5, 'data_scaling': 'normalize', 'use_iq_aug_features': False, 'iq_aug_feature_type': 'power', 'class_order': 'random', 'increment': 5, 'test_batch_size': 512, 'nc_per_task': None, 'nc_per_task_list': '', 'val_rate': 1000, 'opt_lr': 0.1, 'opt_wt': 0.01, 'alpha_init': 0.0001, 'momentum': 0.0, 'learn_lr': False, 'sync_update': True, 'grad_clip_norm': 5.0, 'meta_batches': 3, 'use_old_task_memory': False, 'second_order': True, 'n_memories': 5120, 'memory_strength': 0, 'memory_loss_lambda': 1.0, 'steps_per_sample': 1, 'bgd_optimizer': 'sgd', 'optimizer_params': '{}', 'train_mc_iters': 5, 'std_init': 0.05, 'mean_eta': 1, 'fisher_gamma': 0.95, 'rln': 7, 'meta_lr': 0.001, 'update_lr': 0.1, 'ctx_lr': 0.05, 'n_meta': 1, 'temperature': 5.0, 'task_emb': 64, 'classes_per_task': [6, 7, 6, 7, 7, 6, 6, 6, 7, 6], 'get_samples_per_task': <bound method IncrementalLoader.get_samples_per_task of <dataloaders.task_incremental_loader.IncrementalLoader object at 0x79a8333be440>>, 'task_epoch_schedule': {}} # val: 0.653 0.578 -0.075 0.000 # sizes: model_gb=0.0289 mem_gb=0.0000 # 19199.148260116577
[STATE 2026-05-29 23:44:02] results.pt components (approx): state_dict 29.6 MB, result_val_t 0.1 KB, result_val_a 0.8 KB
[STATE 2026-05-29 23:44:02] Results saved; total runtime 5.33h
Total runtime: 5.33 hours
