[STATE 2026-05-31 14:22:51] Enabling terminal logging to logs//la-er/full-tasks_CIL_all-2026-05-31_14-22-51-6253/39/terminal.log
New Experiment Starting...
Running model:  eralg4
[STATE 2026-05-31 14:22:51] Experiment 'full-tasks_CIL_all' starting with model 'eralg4' (seed 39)
Set seed 39
[STATE 2026-05-31 14:22:51] Runtime accel: cudnn.benchmark=False amp=True amp_dtype=bfloat16
t2-rcn.npz train: x=(50362, 1024), y=(50362, 2)
t2-rcn.npz test: x=(16787, 1024), y=(16787, 2)
t2-rcn.npz: applied data scaling mode 'normalize'.
Loaded t2-rcn.npz: Unique train labels: UniqueCountsResult(values=array([-1,  3,  5, 10, 12, 15]), counts=array([24209,  5770,  3030,  2320,  7509,  7524]))
Noise labels ratio in t2-rcn.npz train: 0.24, test: 0.24
Loaded t2-rcn.npz: Remapped labels: [-1  0  1  2  3  4]. Size: 50362)
t0-rcn.npz train: x=(51916, 1024), y=(51916, 2)
t0-rcn.npz test: x=(17305, 1024), y=(17305, 2)
t0-rcn.npz: applied data scaling mode 'normalize'.
Loaded t0-rcn.npz: Unique train labels: UniqueCountsResult(values=array([-1,  1,  8,  9, 11, 13, 14]), counts=array([24225,  4268,  2495,  2943,  3015,  7464,  7506]))
Noise labels ratio in t0-rcn.npz train: 0.23, test: 0.23
Loaded t0-rcn.npz: Remapped labels: [-1  5  6  7  8  9 10]. Size: 51916)
t2-uclresm-25noise.npz train: moved sample axis (3, 350028, 1024) -> (350028, 3, 1024)
t2-uclresm-25noise.npz test: moved sample axis (3, 233351, 1024) -> (233351, 3, 1024)
t2-uclresm-25noise.npz train: x=(350028, 3, 1024), y=(350028,)
t2-uclresm-25noise.npz test: x=(233351, 3, 1024), y=(233351,)
t2-uclresm-25noise.npz: applied data scaling mode 'normalize'.
Loaded t2-uclresm-25noise.npz: Unique train labels: UniqueCountsResult(values=array([-1,  0,  1,  2,  3,  4]), counts=array([87441, 27347, 71754, 64298, 36005, 63183]))
Noise labels ratio in t2-uclresm-25noise.npz train: 0.25, test: 0.25
Loaded t2-uclresm-25noise.npz: Remapped labels: [-1 11 12 13 14 15]. Size: 350028)
t0-deeprad.npz train: x=(24480, 1024), y=(24480, 2)
t0-deeprad.npz test: x=(8160, 1024), y=(8160, 2)
t0-deeprad.npz: applied data scaling mode 'normalize'.
Loaded t0-deeprad.npz: Unique train labels: UniqueCountsResult(values=array([-1,  0,  1,  2,  3,  4,  5]), counts=array([12240,  2029,  1983,  2043,  2154,  2015,  2016]))
Noise labels ratio in t0-deeprad.npz train: 0.25, test: 0.25
Loaded t0-deeprad.npz: Remapped labels: [-1 16 17 18 19 20 21]. Size: 24480)
t1-deeprad.npz train: x=(24480, 1024), y=(24480, 2)
t1-deeprad.npz test: x=(8160, 1024), y=(8160, 2)
t1-deeprad.npz: applied data scaling mode 'normalize'.
Loaded t1-deeprad.npz: Unique train labels: UniqueCountsResult(values=array([-1,  0,  1,  2,  3,  4,  5]), counts=array([12240,  1988,  2029,  2054,  1988,  2053,  2128]))
Noise labels ratio in t1-deeprad.npz train: 0.25, test: 0.25
Loaded t1-deeprad.npz: Remapped labels: [-1 22 23 24 25 26 27]. Size: 24480)
t1-uclresm-25noise.npz train: moved sample axis (3, 201410, 1024) -> (201410, 3, 1024)
t1-uclresm-25noise.npz test: moved sample axis (3, 116291, 1024) -> (116291, 3, 1024)
t1-uclresm-25noise.npz train: x=(201410, 3, 1024), y=(201410,)
t1-uclresm-25noise.npz test: x=(116291, 3, 1024), y=(116291,)
t1-uclresm-25noise.npz: applied data scaling mode 'normalize'.
Loaded t1-uclresm-25noise.npz: Unique train labels: UniqueCountsResult(values=array([-1,  0,  1,  2,  3,  4]), counts=array([43668, 18021, 17838, 18087, 31870, 71926]))
Noise labels ratio in t1-uclresm-25noise.npz train: 0.22, test: 0.25
Loaded t1-uclresm-25noise.npz: Remapped labels: [-1 28 29 30 31 32]. Size: 201410)
t3-deeprad.npz train: x=(17340, 1024), y=(17340, 2)
t3-deeprad.npz test: x=(6800, 1024), y=(6800, 2)
t3-deeprad.npz: applied data scaling mode 'normalize'.
Loaded t3-deeprad.npz: Unique train labels: UniqueCountsResult(values=array([-1,  0,  1,  2,  3,  4]), counts=array([8670, 1693, 1677, 1794, 1716, 1790]))
Noise labels ratio in t3-deeprad.npz train: 0.25, test: 0.25
Loaded t3-deeprad.npz: Remapped labels: [-1 33 34 35 36 37]. Size: 17340)
t0-uclresm-25noise.npz train: moved sample axis (3, 188050, 1024) -> (188050, 3, 1024)
t0-uclresm-25noise.npz test: moved sample axis (3, 107348, 1024) -> (107348, 3, 1024)
t0-uclresm-25noise.npz train: x=(188050, 3, 1024), y=(188050,)
t0-uclresm-25noise.npz test: x=(107348, 3, 1024), y=(107348,)
t0-uclresm-25noise.npz: applied data scaling mode 'normalize'.
Loaded t0-uclresm-25noise.npz: Unique train labels: UniqueCountsResult(values=array([-1,  0,  1,  2,  3,  4]), counts=array([40144, 32109, 17978, 17979, 18098, 61742]))
Noise labels ratio in t0-uclresm-25noise.npz train: 0.21, test: 0.25
Loaded t0-uclresm-25noise.npz: Remapped labels: [-1 38 39 40 41 42]. Size: 188050)
t1-rcn.npz train: x=(36658, 1024), y=(36658, 2)
t1-rcn.npz test: x=(12220, 1024), y=(12220, 2)
t1-rcn.npz: applied data scaling mode 'normalize'.
Loaded t1-rcn.npz: Unique train labels: UniqueCountsResult(values=array([-1,  0,  2,  4,  6,  7, 16]), counts=array([20595,   824,  2087,  2606,  2396,  1716,  6434]))
Noise labels ratio in t1-rcn.npz train: 0.28, test: 0.28
Loaded t1-rcn.npz: Remapped labels: [-1 43 44 45 46 47 48]. Size: 36658)
t2-deeprad.npz train: x=(17340, 1024), y=(17340, 2)
t2-deeprad.npz test: x=(6800, 1024), y=(6800, 2)
t2-deeprad.npz: applied data scaling mode 'normalize'.
Loaded t2-deeprad.npz: Unique train labels: UniqueCountsResult(values=array([-1,  0,  1,  2,  3,  4]), counts=array([8670, 1774, 1675, 1777, 1694, 1750]))
Noise labels ratio in t2-deeprad.npz train: 0.25, test: 0.25
Loaded t2-deeprad.npz: Remapped labels: [-1 49 50 51 52 53]. Size: 17340)
Built IQ classes_per_task (increments): [5, 6, 5, 6, 6, 5, 5, 5, 6, 5]
Classes per task: [5, 6, 5, 6, 6, 5, 5, 5, 6, 5]
[STATE 2026-05-31 14:23:58] Loader 'class_incremental_loader' ready: 1024 inputs, 55 outputs, 10 tasks
n_outputs: 55 	n_tasks: 10
[STATE 2026-05-31 14:23:58] Logging to logs//la-er/full-tasks_CIL_all-2026-05-31_14-22-51-6253/39
True
Model device: cuda:0
[STATE 2026-05-31 14:23:58] Model initialized on device cuda:0
[STATE 2026-05-31 14:23:58] Invoking continual life experience flow
[STATE 2026-05-31 14:23:58] Life experience start: 10 tasks queued
[STATE 2026-05-31 14:23:58] Legacy epoch behavior enabled: using n_epochs=1 for all tasks
[STATE 2026-05-31 14:23:59] Task 0: zero-shot validation (pre-train)
---- Zero-shot (pre-train) task 0: rec_cls 0.1772 | prec_cls 0.1143 | f1_cls 0.0656 | det 0.5001 | pfa 0.9994 | total_f1 0.0656 ----
[STATE 2026-05-31 14:24:03] Starting task 0 (1/10)
[STATE 2026-05-31 14:24:03] Task 0 Epoch 1/1: entering train loop
[STATE 2026-05-31 14:29:51] Task 0 Epoch 1/1: running validation (end of epoch)
---- Eval at Epoch 0: cls [0.10257285789430977] | det_recall [0.5597199378448239] | det_fa [0.058711946951495335] ----
T0 Ep 1/1 | L 7.2416 | Train Acc 0.18 | Prec 0.13 | F1 0.11 | Det Rec 0.52 | Det FA 0.66 | Epoch Time 352.22s (Eval 4.77s, Train 347.45s)
[STATE 2026-05-31 14:29:56] T0 Ep 1/1 complete: Prec 0.1258 F1 0.1123 DetRec 0.5186 DetFA 0.6623 | 352.22s total (4.77s eval/347.45s train)
[STATE 2026-05-31 14:29:56] Task 0: running final validation.
Saved task checkpoint: logs//la-er/full-tasks_CIL_all-2026-05-31_14-22-51-6253/39/checkpoints/task_0.pt
[STATE 2026-05-31 14:30:00] Saved task checkpoint to logs//la-er/full-tasks_CIL_all-2026-05-31_14-22-51-6253/39/checkpoints/task_0.pt
[STATE 2026-05-31 14:30:00] Completed task 0 (1/10)
[STATE 2026-05-31 14:30:00] Task 1: zero-shot validation (pre-train)
---- Zero-shot (pre-train) task 1: rec_cls 0.0394 | prec_cls 0.0413 | f1_cls 0.0849 | det 0.5304 | pfa 0.0435 | total_f1 0.1399 ----
[STATE 2026-05-31 14:30:14] Starting task 1 (2/10)
[STATE 2026-05-31 14:30:14] Task 1 Epoch 1/1: entering train loop
[STATE 2026-05-31 14:36:17] Task 1 Epoch 1/1: running validation (end of epoch)
---- Eval at Epoch 0: cls [0.18491323703020623, 0.21363260306110152] | det_recall [0.6523147369286422, 0.5063279238345008] | det_fa [0.0056977496266981615, 0.4436382352756102] ----
T1 Ep 1/1 | L 4.0957 | Train Acc 0.07 | Prec 0.09 | F1 0.11 | Det Rec 0.59 | Det FA 0.39 | Epoch Time 377.11s (Eval 14.82s, Train 362.29s)
[STATE 2026-05-31 14:36:32] T1 Ep 1/1 complete: Prec 0.0883 F1 0.1107 DetRec 0.5867 DetFA 0.3917 | 377.11s total (14.82s eval/362.29s train)
[STATE 2026-05-31 14:36:32] Task 1: running final validation.
Saved task checkpoint: logs//la-er/full-tasks_CIL_all-2026-05-31_14-22-51-6253/39/checkpoints/task_1.pt
[STATE 2026-05-31 14:36:46] Saved task checkpoint to logs//la-er/full-tasks_CIL_all-2026-05-31_14-22-51-6253/39/checkpoints/task_1.pt
[STATE 2026-05-31 14:36:46] Completed task 1 (2/10)
Note: Unified mixed IQ test tensors to (N, 3, L) via ADC0 I/Q + zero-padded ADC1/2 (IID2-style) for cumulative CIL.
[STATE 2026-05-31 14:36:47] Task 2: zero-shot validation (pre-train)
---- Zero-shot (pre-train) task 2: rec_cls 0.0050 | prec_cls 0.0164 | f1_cls 0.0329 | det 0.5239 | pfa 0.1210 | total_f1 0.1700 ----
[STATE 2026-05-31 14:38:01] Starting task 2 (3/10)
[STATE 2026-05-31 14:38:01] Task 2 Epoch 1/1: entering train loop
[STATE 2026-05-31 15:20:50] Task 2 Epoch 1/1: running validation (end of epoch)
---- Eval at Epoch 0: cls [0.03763560494667885, 0.09914299939209935, 0.06710068976145336] | det_recall [0.5247291997348306, 0.5759536790935561, 0.5047411222463175] | det_fa [0.011597522082381044, 0.021239871825704842, 0.9812654908420061] ----
T2 Ep 1/1 | L 5.9292 | Train Acc 0.18 | Prec 0.10 | F1 0.15 | Det Rec 0.66 | Det FA 0.59 | Epoch Time 2642.74s (Eval 73.27s, Train 2569.47s)
[STATE 2026-05-31 15:22:04] T2 Ep 1/1 complete: Prec 0.1044 F1 0.1463 DetRec 0.6620 DetFA 0.5879 | 2642.74s total (73.27s eval/2569.47s train)
[STATE 2026-05-31 15:22:04] Task 2: running final validation.
Saved task checkpoint: logs//la-er/full-tasks_CIL_all-2026-05-31_14-22-51-6253/39/checkpoints/task_2.pt
[STATE 2026-05-31 15:23:15] Saved task checkpoint to logs//la-er/full-tasks_CIL_all-2026-05-31_14-22-51-6253/39/checkpoints/task_2.pt
[STATE 2026-05-31 15:23:15] Completed task 2 (3/10)
Note: Unified mixed IQ test tensors to (N, 3, L) via ADC0 I/Q + zero-padded ADC1/2 (IID2-style) for cumulative CIL.
[STATE 2026-05-31 15:23:16] Task 3: zero-shot validation (pre-train)
---- Zero-shot (pre-train) task 3: rec_cls 0.0541 | prec_cls 0.0413 | f1_cls 0.0363 | det 0.5021 | pfa 0.9821 | total_f1 0.1024 ----
[STATE 2026-05-31 15:25:30] Starting task 3 (4/10)
[STATE 2026-05-31 15:25:30] Task 3 Epoch 1/1: entering train loop
[STATE 2026-05-31 15:28:28] Task 3 Epoch 1/1: running validation (end of epoch)
---- Eval at Epoch 0: cls [0.0005500059878506088, 0.0684301562569036, 0.033848921780301834, 0.03951964968106775] | det_recall [0.5011091134339847, 0.386291063444238, 0.6181645092243323, 0.6163637330529466] | det_fa [0.0, 0.43465151376960803, 0.236791114904363, 0.2238127124942376] ----
T3 Ep 1/1 | L 6.4099 | Train Acc 0.05 | Prec 0.12 | F1 0.15 | Det Rec 0.69 | Det FA 0.08 | Epoch Time 314.04s (Eval 135.32s, Train 178.72s)
[STATE 2026-05-31 15:30:44] T3 Ep 1/1 complete: Prec 0.1238 F1 0.1501 DetRec 0.6912 DetFA 0.0796 | 314.04s total (135.32s eval/178.72s train)
[STATE 2026-05-31 15:30:44] Task 3: running final validation.
Saved task checkpoint: logs//la-er/full-tasks_CIL_all-2026-05-31_14-22-51-6253/39/checkpoints/task_3.pt
[STATE 2026-05-31 15:32:57] Saved task checkpoint to logs//la-er/full-tasks_CIL_all-2026-05-31_14-22-51-6253/39/checkpoints/task_3.pt
[STATE 2026-05-31 15:32:57] Completed task 3 (4/10)
Note: Unified mixed IQ test tensors to (N, 3, L) via ADC0 I/Q + zero-padded ADC1/2 (IID2-style) for cumulative CIL.
[STATE 2026-05-31 15:32:57] Task 4: zero-shot validation (pre-train)
---- Zero-shot (pre-train) task 4: rec_cls 0.0309 | prec_cls 0.0190 | f1_cls 0.0347 | det 0.6191 | pfa 0.2152 | total_f1 0.0642 ----
[STATE 2026-05-31 15:36:11] Starting task 4 (5/10)
[STATE 2026-05-31 15:36:11] Task 4 Epoch 1/1: entering train loop
[STATE 2026-05-31 15:39:09] Task 4 Epoch 1/1: running validation (end of epoch)
---- Eval at Epoch 0: cls [0.0008017549640260579, 0.10339946057431738, 0.04238763121324515, 0.03407354773842357, 0.04329507299202244] | det_recall [0.5008490258466547, 0.3998302997981776, 0.6723247395402594, 0.6730383607576282, 0.6132822151565027] | det_fa [0.0002463661000246366, 0.4611771715607573, 0.2239746587497429, 0.21903143510199607, 0.45790814586867407] ----
T4 Ep 1/1 | L 5.4815 | Train Acc 0.10 | Prec 0.10 | F1 0.18 | Det Rec 0.74 | Det FA 0.03 | Epoch Time 375.99s (Eval 198.29s, Train 177.70s)
[STATE 2026-05-31 15:42:27] T4 Ep 1/1 complete: Prec 0.0967 F1 0.1796 DetRec 0.7441 DetFA 0.0315 | 375.99s total (198.29s eval/177.70s train)
[STATE 2026-05-31 15:42:27] Task 4: running final validation.
Saved task checkpoint: logs//la-er/full-tasks_CIL_all-2026-05-31_14-22-51-6253/39/checkpoints/task_4.pt
[STATE 2026-05-31 15:45:45] Saved task checkpoint to logs//la-er/full-tasks_CIL_all-2026-05-31_14-22-51-6253/39/checkpoints/task_4.pt
[STATE 2026-05-31 15:45:45] Completed task 4 (5/10)
Note: Unified mixed IQ test tensors to (N, 3, L) via ADC0 I/Q + zero-padded ADC1/2 (IID2-style) for cumulative CIL.
[STATE 2026-05-31 15:45:46] Task 5: zero-shot validation (pre-train)
---- Zero-shot (pre-train) task 5: rec_cls 0.0411 | prec_cls 0.0075 | f1_cls 0.0249 | det 0.5918 | pfa 0.4664 | total_f1 0.0672 ----
[STATE 2026-05-31 15:50:32] Starting task 5 (6/10)
[STATE 2026-05-31 15:50:32] Task 5 Epoch 1/1: entering train loop
[STATE 2026-05-31 16:15:13] Task 5 Epoch 1/1: running validation (end of epoch)
---- Eval at Epoch 0: cls [0.007626883782106387, 0.027967823022328954, 0.011005249319083858, 0.029452860250371644, 0.020446782586050385, 0.027387181073116953] | det_recall [0.5009139553469389, 0.5089013215542205, 0.4623429036258408, 0.47707331973597883, 0.4842780175766391, 0.4963753652373056] | det_fa [0.01603444756948125, 0.042954341029322725, 0.26010304922811744, 0.1672326895754677, 0.14103509432678285, 0.5310901885208665] ----
T5 Ep 1/1 | L 4.8239 | Train Acc 0.19 | Prec 0.19 | F1 0.18 | Det Rec 0.61 | Det FA 0.68 | Epoch Time 1767.23s (Eval 286.08s, Train 1481.15s)
[STATE 2026-05-31 16:19:59] T5 Ep 1/1 complete: Prec 0.1872 F1 0.1773 DetRec 0.6130 DetFA 0.6795 | 1767.23s total (286.08s eval/1481.15s train)
[STATE 2026-05-31 16:19:59] Task 5: running final validation.
Saved task checkpoint: logs//la-er/full-tasks_CIL_all-2026-05-31_14-22-51-6253/39/checkpoints/task_5.pt
[STATE 2026-05-31 16:24:50] Saved task checkpoint to logs//la-er/full-tasks_CIL_all-2026-05-31_14-22-51-6253/39/checkpoints/task_5.pt
[STATE 2026-05-31 16:24:50] Completed task 5 (6/10)
Note: Unified mixed IQ test tensors to (N, 3, L) via ADC0 I/Q + zero-padded ADC1/2 (IID2-style) for cumulative CIL.
[STATE 2026-05-31 16:24:51] Task 6: zero-shot validation (pre-train)
---- Zero-shot (pre-train) task 6: rec_cls 0.0207 | prec_cls 0.0273 | f1_cls 0.0294 | det 0.5147 | pfa 0.4822 | total_f1 0.0570 ----
[STATE 2026-05-31 16:31:13] Starting task 6 (7/10)
[STATE 2026-05-31 16:31:13] Task 6 Epoch 1/1: entering train loop
[STATE 2026-05-31 16:33:25] Task 6 Epoch 1/1: running validation (end of epoch)
---- Eval at Epoch 0: cls [0.003602233180410598, 0.04178240364991074, 0.04130115284095465, 0.033557269528325, 0.02831893897424624, 0.03718170335745323, 0.05802339510095538] | det_recall [0.5007506921599922, 0.3133706579760968, 0.599082329163029, 0.5724849955496147, 0.5698164471432943, 0.6015542511077803, 0.5887865314867862] | det_fa [0.0023983994569328447, 0.5308688900145477, 0.22354150894785021, 0.1997709294142033, 0.2159855895881818, 0.3148684046593015, 0.5376683652573666] ----
T6 Ep 1/1 | L 5.0851 | Train Acc 0.13 | Prec 0.20 | F1 0.23 | Det Rec 0.73 | Det FA 0.10 | Epoch Time 512.23s (Eval 380.51s, Train 131.72s)
[STATE 2026-05-31 16:39:45] T6 Ep 1/1 complete: Prec 0.1995 F1 0.2345 DetRec 0.7310 DetFA 0.0990 | 512.23s total (380.51s eval/131.72s train)
[STATE 2026-05-31 16:39:45] Task 6: running final validation.
Saved task checkpoint: logs//la-er/full-tasks_CIL_all-2026-05-31_14-22-51-6253/39/checkpoints/task_6.pt
[STATE 2026-05-31 16:46:07] Saved task checkpoint to logs//la-er/full-tasks_CIL_all-2026-05-31_14-22-51-6253/39/checkpoints/task_6.pt
[STATE 2026-05-31 16:46:07] Completed task 6 (7/10)
Note: Unified mixed IQ test tensors to (N, 3, L) via ADC0 I/Q + zero-padded ADC1/2 (IID2-style) for cumulative CIL.
[STATE 2026-05-31 16:46:09] Task 7: zero-shot validation (pre-train)
---- Zero-shot (pre-train) task 7: rec_cls 0.0527 | prec_cls 0.0454 | f1_cls 0.0435 | det 0.5832 | pfa 0.4487 | total_f1 0.0583 ----
[STATE 2026-05-31 16:54:30] Starting task 7 (8/10)
[STATE 2026-05-31 16:54:30] Task 7 Epoch 1/1: entering train loop
[STATE 2026-05-31 17:17:50] Task 7 Epoch 1/1: running validation (end of epoch)
---- Eval at Epoch 0: cls [0.007791573769593679, 0.030084106445456893, 0.017434526206411158, 0.05367550116370533, 0.03215710318623828, 0.06589734901553435, 0.05552965005615393, 0.06571285337602238] | det_recall [0.5041072017149045, 0.5206673624365076, 0.5192098783837799, 0.5282625565095216, 0.5372666891209136, 0.6134287465958871, 0.6181293033972801, 0.5707360950220912] | det_fa [0.006767119008153556, 0.016661061751986943, 0.09786347427239987, 0.07817595426608046, 0.06681085684598999, 0.15010815526625704, 0.14748983527969486, 0.4540171289943355] ----
T7 Ep 1/1 | L 4.1852 | Train Acc 0.27 | Prec 0.32 | F1 0.27 | Det Rec 0.67 | Det FA 0.62 | Epoch Time 1904.13s (Eval 504.24s, Train 1399.89s)
[STATE 2026-05-31 17:26:15] T7 Ep 1/1 complete: Prec 0.3192 F1 0.2667 DetRec 0.6686 DetFA 0.6159 | 1904.13s total (504.24s eval/1399.89s train)
[STATE 2026-05-31 17:26:15] Task 7: running final validation.
Saved task checkpoint: logs//la-er/full-tasks_CIL_all-2026-05-31_14-22-51-6253/39/checkpoints/task_7.pt
[STATE 2026-05-31 17:34:35] Saved task checkpoint to logs//la-er/full-tasks_CIL_all-2026-05-31_14-22-51-6253/39/checkpoints/task_7.pt
[STATE 2026-05-31 17:34:35] Completed task 7 (8/10)
Note: Unified mixed IQ test tensors to (N, 3, L) via ADC0 I/Q + zero-padded ADC1/2 (IID2-style) for cumulative CIL.
[STATE 2026-05-31 17:34:36] Task 8: zero-shot validation (pre-train)
---- Zero-shot (pre-train) task 8: rec_cls 0.0590 | prec_cls 0.0731 | f1_cls 0.0582 | det 0.5564 | pfa 0.4886 | total_f1 0.0741 ----
[STATE 2026-05-31 17:44:57] Starting task 8 (9/10)
[STATE 2026-05-31 17:44:57] Task 8 Epoch 1/1: entering train loop
[STATE 2026-05-31 17:49:28] Task 8 Epoch 1/1: running validation (end of epoch)
---- Eval at Epoch 0: cls [0.08014726345572419, 0.18113894222381616, 0.02787647066994678, 0.04068289663904589, 0.03129491342229288, 0.06956463303334144, 0.060766257613010605, 0.07999569770123816, 0.06822962562446575] | det_recall [0.5719736408216253, 0.5449877258879985, 0.48689313156052116, 0.4971427710420215, 0.5064143547569459, 0.5524443860841136, 0.5553283901884828, 0.5387224796261412, 0.5540791630819993] | det_fa [0.00012419274714356682, 0.24080800541572897, 0.3888465388451725, 0.35103460516493123, 0.3441141735150297, 0.5047813651073848, 0.4959145179740956, 0.5696570186373576, 0.731530690368562] ----
T8 Ep 1/1 | L 4.4145 | Train Acc 0.07 | Prec 0.09 | F1 0.14 | Det Rec 0.62 | Det FA 0.25 | Epoch Time 896.34s (Eval 625.24s, Train 271.10s)
[STATE 2026-05-31 17:59:54] T8 Ep 1/1 complete: Prec 0.0923 F1 0.1403 DetRec 0.6200 DetFA 0.2474 | 896.34s total (625.24s eval/271.10s train)
[STATE 2026-05-31 17:59:54] Task 8: running final validation.
Saved task checkpoint: logs//la-er/full-tasks_CIL_all-2026-05-31_14-22-51-6253/39/checkpoints/task_8.pt
[STATE 2026-05-31 18:10:20] Saved task checkpoint to logs//la-er/full-tasks_CIL_all-2026-05-31_14-22-51-6253/39/checkpoints/task_8.pt
[STATE 2026-05-31 18:10:20] Completed task 8 (9/10)
Note: Unified mixed IQ test tensors to (N, 3, L) via ADC0 I/Q + zero-padded ADC1/2 (IID2-style) for cumulative CIL.
[STATE 2026-05-31 18:10:22] Task 9: zero-shot validation (pre-train)
---- Zero-shot (pre-train) task 9: rec_cls 0.0634 | prec_cls 0.0613 | f1_cls 0.0551 | det 0.5600 | pfa 0.7242 | total_f1 0.0884 ----
[STATE 2026-05-31 18:22:36] Starting task 9 (10/10)
[STATE 2026-05-31 18:22:36] Task 9 Epoch 1/1: entering train loop
[STATE 2026-05-31 18:24:47] Task 9 Epoch 1/1: running validation (end of epoch)
---- Eval at Epoch 0: cls [0.024230749535136195, 0.07089540831313162, 0.03604451120226852, 0.036253308641117137, 0.02863768299973746, 0.06880618256748967, 0.06159506779528444, 0.07603166269501951, 0.06958787190851061, 0.06918683102611559] | det_recall [0.49919117409562863, 0.25757842302343686, 0.572375693250908, 0.5602425725924871, 0.5584725212799964, 0.5618554027721238, 0.564863066205547, 0.5719016474586192, 0.5812048394279646, 0.5236575300917257] | det_fa [0.02635729348708589, 0.7373865048753939, 0.45996590816332633, 0.46175218087417086, 0.48124262970592374, 0.5962659795807357, 0.5840544306347153, 0.5370299549199177, 0.5156356988288096, 0.9365443113619126] ----
T9 Ep 1/1 | L 4.5932 | Train Acc 0.13 | Prec 0.14 | F1 0.22 | Det Rec 0.75 | Det FA 0.06 | Epoch Time 881.77s (Eval 751.34s, Train 130.42s)
[STATE 2026-05-31 18:37:18] T9 Ep 1/1 complete: Prec 0.1375 F1 0.2240 DetRec 0.7524 DetFA 0.0582 | 881.77s total (751.34s eval/130.42s train)
[STATE 2026-05-31 18:37:18] Task 9: running final validation.
Saved task checkpoint: logs//la-er/full-tasks_CIL_all-2026-05-31_14-22-51-6253/39/checkpoints/task_9.pt
[STATE 2026-05-31 18:49:48] Saved task checkpoint to logs//la-er/full-tasks_CIL_all-2026-05-31_14-22-51-6253/39/checkpoints/task_9.pt
[STATE 2026-05-31 18:49:48] Completed task 9 (10/10)
####Final Validation Accuracy####
Final Results:- 
 Total Recall: 0.054312686888875104 
 Individual Recall: [0.02551910413565947, 0.07058099129134994, 0.0355072757802513, 0.03594187390678553, 0.028013182430561518, 0.0687648573980394, 0.06165536270223926, 0.07625384138095125, 0.07052365737781947, 0.07036672248509392]
Final Detection Results:- 
 Total Detection: 0.5248549130417961 
 Individual Detection: [0.5011055964759769, 0.2565680290063686, 0.5707637701835188, 0.5587817929662332, 0.558535722809965, 0.562064215174797, 0.5648998943977586, 0.5719016561684388, 0.5810309883660607, 0.5228974648688438]
Final Detection False Alarm:- 
 Total False Alarm: 0.5346226882654916 
 Individual False Alarm: [0.02560748453896345, 0.7400165001386135, 0.4625157185404686, 0.4658478030736403, 0.47987745328932857, 0.5968380855250567, 0.5848913241357218, 0.5367308772566542, 0.5156701358075055, 0.9382315003489635]
SUMMARY_TR cls_rec=0.1285 cls_prec=0.1375 cls_f1=0.2240 det=0.5251 fa=0.5336
SUMMARY_TE cls_rec=0.0543 cls_prec=0.1023 cls_f1=0.0639 det=0.5249 fa=0.5346
[STATE 2026-05-31 18:49:48] Saving results to logs//la-er/full-tasks_CIL_all-2026-05-31_14-22-51-6253/39/results
Model size: 0.0289 GB
Memory buffer size: 0.0000 GB
logs//la-er/full-tasks_CIL_all-2026-05-31_14-22-51-6253/39/results: {'expt_name': 'full-tasks_CIL_all', 'model': 'eralg4', 'arch': 'resnet1d', 'n_hiddens': 100, 'n_layers': 2, 'xav_init': False, 'debug': False, 'use_detector_arch': False, 'use_groupnorm': False, 'inner_steps': 2, 'n_epochs': 1, 'batch_size': 256, 'replay_batch_size': 128, 'memories': 5120, 'lr': 0.001, 'optimizer': 'sgd', 'prune_perc': 0.75, 'post_prune_epochs': 0, 'class_weighted_ce': True, 'cuda': True, 'amp': True, 'amp_dtype': 'bfloat16', 'cudnn_benchmark': True, 'seed': 39, 'log_every': 10, 'log_dir': 'logs//la-er/full-tasks_CIL_all-2026-05-31_14-22-51-6253/39', 'tf_dir': 'logs//la-er/full-tasks_CIL_all-2026-05-31_14-22-51-6253/39/tfdir', 'calc_test_accuracy': False, 'state_logging': True, 'data_path': 'data/rff/radar/full', 'task_order_files': 't2-rcn,t0-rcn,t2-uclresm-25noise,t0-deeprad,t1-deeprad,t1-uclresm-25noise,t3-deeprad,t0-uclresm-25noise,t1-rcn,t2-deeprad', 'loader': 'class_incremental_loader', 'samples_per_task': -1, 'task_order_seed': None, 'classes_per_it': 6, 'iterations': 5000, 'dataset': 'iq', 'workers': 0, 'validation': 0.5, 'data_scaling': 'normalize', 'use_iq_aug_features': False, 'iq_aug_feature_type': 'power', 'class_order': 'random', 'increment': 5, 'test_batch_size': 512, 'nc_per_task': None, 'nc_per_task_list': '', 'val_rate': 1000, 'opt_lr': 0.3, 'opt_wt': 0.1, 'alpha_init': 0.001, 'momentum': 0.0, 'learn_lr': True, 'sync_update': False, 'grad_clip_norm': 5.0, 'meta_batches': 3, 'use_old_task_memory': False, 'second_order': False, 'n_memories': 5120, 'memory_strength': 0, 'memory_loss_lambda': 1.0, 'steps_per_sample': 1, 'bgd_optimizer': 'sgd', 'optimizer_params': '{}', 'train_mc_iters': 5, 'std_init': 0.05, 'mean_eta': 1, 'fisher_gamma': 0.95, 'rln': 7, 'meta_lr': 0.001, 'update_lr': 0.1, 'ctx_lr': 0.05, 'n_meta': 1, 'temperature': 5.0, 'task_emb': 64, 'noise_label': 54, 'classes_per_task': [5, 6, 5, 6, 6, 5, 5, 5, 6, 5], 'get_samples_per_task': <bound method IncrementalLoader.get_samples_per_task of <dataloaders.class_incremental_loader.IncrementalLoader object at 0x791ccdf558b0>>, 'task_epoch_schedule': {}} # val: 0.076 0.054 -0.021 0.000 # sizes: model_gb=0.0289 mem_gb=0.0000 # 15949.423050403595
[STATE 2026-05-31 18:49:48] results.pt components (approx): state_dict 29.6 MB, result_val_t 0.1 KB, result_val_a 0.8 KB
[STATE 2026-05-31 18:49:48] Results saved; total runtime 4.43h
Total runtime: 4.43 hours
