[STATE 2026-04-15 22:23:59] Enabling terminal logging to logs//rwalk/full-tasks_CIL_all-2026-04-15_22-23-59-1983/0/terminal.log
New Experiment Starting...
Running model:  rwalk
[STATE 2026-04-15 22:23:59] Experiment 'full-tasks_CIL_all' starting with model 'rwalk' (seed 0)
Set seed 0
t2-rcn.npz train: x=(50362, 1024), y=(50362, 2)
t2-rcn.npz test: x=(16787, 1024), y=(16787, 2)
t2-rcn.npz: applied data scaling mode 'normalize'.
Loaded t2-rcn.npz: Unique train labels: UniqueCountsResult(values=array([-1,  3,  5, 10, 12, 15]), counts=array([24209,  5770,  3030,  2320,  7509,  7524]))
Noise labels ratio in t2-rcn.npz train: 0.24, test: 0.24
Loaded t2-rcn.npz: Remapped labels: [-1  0  1  2  3  4]. Size: 50362)
t0-rcn.npz train: x=(51916, 1024), y=(51916, 2)
t0-rcn.npz test: x=(17305, 1024), y=(17305, 2)
t0-rcn.npz: applied data scaling mode 'normalize'.
Loaded t0-rcn.npz: Unique train labels: UniqueCountsResult(values=array([-1,  1,  8,  9, 11, 13, 14]), counts=array([24225,  4268,  2495,  2943,  3015,  7464,  7506]))
Noise labels ratio in t0-rcn.npz train: 0.23, test: 0.23
Loaded t0-rcn.npz: Remapped labels: [-1  5  6  7  8  9 10]. Size: 51916)
t2-uclresm-25noise.npz train: moved sample axis (3, 350028, 1024) -> (350028, 3, 1024)
t2-uclresm-25noise.npz test: moved sample axis (3, 233351, 1024) -> (233351, 3, 1024)
t2-uclresm-25noise.npz train: x=(350028, 3, 1024), y=(350028,)
t2-uclresm-25noise.npz test: x=(233351, 3, 1024), y=(233351,)
t2-uclresm-25noise.npz: applied data scaling mode 'normalize'.
Loaded t2-uclresm-25noise.npz: Unique train labels: UniqueCountsResult(values=array([-1,  0,  1,  2,  3,  4]), counts=array([87441, 27347, 71754, 64298, 36005, 63183]))
Noise labels ratio in t2-uclresm-25noise.npz train: 0.25, test: 0.25
Loaded t2-uclresm-25noise.npz: Remapped labels: [-1 11 12 13 14 15]. Size: 350028)
t0-deeprad.npz train: x=(24480, 1024), y=(24480, 2)
t0-deeprad.npz test: x=(8160, 1024), y=(8160, 2)
t0-deeprad.npz: applied data scaling mode 'normalize'.
Loaded t0-deeprad.npz: Unique train labels: UniqueCountsResult(values=array([-1,  0,  1,  2,  3,  4,  5]), counts=array([12240,  2029,  1983,  2043,  2154,  2015,  2016]))
Noise labels ratio in t0-deeprad.npz train: 0.25, test: 0.25
Loaded t0-deeprad.npz: Remapped labels: [-1 16 17 18 19 20 21]. Size: 24480)
t1-deeprad.npz train: x=(24480, 1024), y=(24480, 2)
t1-deeprad.npz test: x=(8160, 1024), y=(8160, 2)
t1-deeprad.npz: applied data scaling mode 'normalize'.
Loaded t1-deeprad.npz: Unique train labels: UniqueCountsResult(values=array([-1,  0,  1,  2,  3,  4,  5]), counts=array([12240,  1988,  2029,  2054,  1988,  2053,  2128]))
Noise labels ratio in t1-deeprad.npz train: 0.25, test: 0.25
Loaded t1-deeprad.npz: Remapped labels: [-1 22 23 24 25 26 27]. Size: 24480)
t1-uclresm-25noise.npz train: moved sample axis (3, 201410, 1024) -> (201410, 3, 1024)
t1-uclresm-25noise.npz test: moved sample axis (3, 116291, 1024) -> (116291, 3, 1024)
t1-uclresm-25noise.npz train: x=(201410, 3, 1024), y=(201410,)
t1-uclresm-25noise.npz test: x=(116291, 3, 1024), y=(116291,)
t1-uclresm-25noise.npz: applied data scaling mode 'normalize'.
Loaded t1-uclresm-25noise.npz: Unique train labels: UniqueCountsResult(values=array([-1,  0,  1,  2,  3,  4]), counts=array([43668, 18021, 17838, 18087, 31870, 71926]))
Noise labels ratio in t1-uclresm-25noise.npz train: 0.22, test: 0.25
Loaded t1-uclresm-25noise.npz: Remapped labels: [-1 28 29 30 31 32]. Size: 201410)
t3-deeprad.npz train: x=(17340, 1024), y=(17340, 2)
t3-deeprad.npz test: x=(6800, 1024), y=(6800, 2)
t3-deeprad.npz: applied data scaling mode 'normalize'.
Loaded t3-deeprad.npz: Unique train labels: UniqueCountsResult(values=array([-1,  0,  1,  2,  3,  4]), counts=array([8670, 1693, 1677, 1794, 1716, 1790]))
Noise labels ratio in t3-deeprad.npz train: 0.25, test: 0.25
Loaded t3-deeprad.npz: Remapped labels: [-1 33 34 35 36 37]. Size: 17340)
t0-uclresm-25noise.npz train: moved sample axis (3, 188050, 1024) -> (188050, 3, 1024)
t0-uclresm-25noise.npz test: moved sample axis (3, 107348, 1024) -> (107348, 3, 1024)
t0-uclresm-25noise.npz train: x=(188050, 3, 1024), y=(188050,)
t0-uclresm-25noise.npz test: x=(107348, 3, 1024), y=(107348,)
t0-uclresm-25noise.npz: applied data scaling mode 'normalize'.
Loaded t0-uclresm-25noise.npz: Unique train labels: UniqueCountsResult(values=array([-1,  0,  1,  2,  3,  4]), counts=array([40144, 32109, 17978, 17979, 18098, 61742]))
Noise labels ratio in t0-uclresm-25noise.npz train: 0.21, test: 0.25
Loaded t0-uclresm-25noise.npz: Remapped labels: [-1 38 39 40 41 42]. Size: 188050)
t1-rcn.npz train: x=(36658, 1024), y=(36658, 2)
t1-rcn.npz test: x=(12220, 1024), y=(12220, 2)
t1-rcn.npz: applied data scaling mode 'normalize'.
Loaded t1-rcn.npz: Unique train labels: UniqueCountsResult(values=array([-1,  0,  2,  4,  6,  7, 16]), counts=array([20595,   824,  2087,  2606,  2396,  1716,  6434]))
Noise labels ratio in t1-rcn.npz train: 0.28, test: 0.28
Loaded t1-rcn.npz: Remapped labels: [-1 43 44 45 46 47 48]. Size: 36658)
t2-deeprad.npz train: x=(17340, 1024), y=(17340, 2)
t2-deeprad.npz test: x=(6800, 1024), y=(6800, 2)
t2-deeprad.npz: applied data scaling mode 'normalize'.
Loaded t2-deeprad.npz: Unique train labels: UniqueCountsResult(values=array([-1,  0,  1,  2,  3,  4]), counts=array([8670, 1774, 1675, 1777, 1694, 1750]))
Noise labels ratio in t2-deeprad.npz train: 0.25, test: 0.25
Loaded t2-deeprad.npz: Remapped labels: [-1 49 50 51 52 53]. Size: 17340)
Built IQ classes_per_task (increments): [5, 6, 5, 6, 6, 5, 5, 5, 6, 5]
Classes per task: [5, 6, 5, 6, 6, 5, 5, 5, 6, 5]
[STATE 2026-04-15 22:25:04] Loader 'class_incremental_loader' ready: 1024 inputs, 55 outputs, 10 tasks
n_outputs: 55 	n_tasks: 10
[STATE 2026-04-15 22:25:04] Logging to logs//rwalk/full-tasks_CIL_all-2026-04-15_22-23-59-1983/0
True
Model device: cuda:0
[STATE 2026-04-15 22:25:05] Model initialized on device cuda:0
[STATE 2026-04-15 22:25:05] Invoking continual life experience flow
[STATE 2026-04-15 22:25:05] Life experience start: 10 tasks queued
[STATE 2026-04-15 22:25:05] Task 0: zero-shot validation (pre-train)
---- Zero-shot (pre-train) task 0: rec_cls 0.0002 | prec_cls 0.0061 | f1_cls 0.1062 | det 0.4988 | pfa 0.0663 | total_f1 0.1062 ----
[STATE 2026-04-15 22:25:10] Starting task 0 (1/10)
[STATE 2026-04-15 22:25:10] Task 0 Epoch 1/10: entering train loop
[STATE 2026-04-15 22:25:42] Task 0 Epoch 1/10: running validation (end of epoch)
---- Eval at Epoch 0: cls [0.44720803255736563] | det_recall [0.812622434994167] | det_fa [0.2662056324329238] ----
T0 Ep 1/10 | L 1.5979 | Train Acc 0.30 | Prec 0.37 | F1 0.29 | Det Rec 0.68 | Det FA 0.43 | Epoch Time 36.55s (Eval 5.40s, Train 31.15s)
[STATE 2026-04-15 22:25:47] T0 Ep 1/10 complete: Prec 0.3714 F1 0.2945 DetRec 0.6796 DetFA 0.4285 | 36.55s total (5.40s eval/31.15s train)
[STATE 2026-04-15 22:25:47] Task 0 Epoch 2/10: entering train loop
T0 Ep 2/10 | L 0.9707 | Train Acc 0.60 | Prec 0.61 | F1 0.57 | Det Rec 0.85 | Det FA 0.27 | Epoch Time 31.17s (Eval 0.00s, Train 31.17s)
[STATE 2026-04-15 22:26:18] T0 Ep 2/10 complete: Prec 0.6070 F1 0.5738 DetRec 0.8485 DetFA 0.2660 | 31.17s total (0.00s eval/31.17s train)
[STATE 2026-04-15 22:26:18] Task 0 Epoch 3/10: entering train loop
T0 Ep 3/10 | L 0.7098 | Train Acc 0.73 | Prec 0.72 | F1 0.67 | Det Rec 0.87 | Det FA 0.25 | Epoch Time 31.09s (Eval 0.00s, Train 31.09s)
[STATE 2026-04-15 22:26:49] T0 Ep 3/10 complete: Prec 0.7167 F1 0.6696 DetRec 0.8662 DetFA 0.2510 | 31.09s total (0.00s eval/31.09s train)
[STATE 2026-04-15 22:26:49] Task 0 Epoch 4/10: entering train loop
T0 Ep 4/10 | L 0.5607 | Train Acc 0.81 | Prec 0.80 | F1 0.74 | Det Rec 0.87 | Det FA 0.24 | Epoch Time 31.11s (Eval 0.00s, Train 31.11s)
[STATE 2026-04-15 22:27:20] T0 Ep 4/10 complete: Prec 0.8033 F1 0.7404 DetRec 0.8721 DetFA 0.2386 | 31.11s total (0.00s eval/31.11s train)
[STATE 2026-04-15 22:27:20] Task 0 Epoch 5/10: entering train loop
T0 Ep 5/10 | L 0.4870 | Train Acc 0.83 | Prec 0.83 | F1 0.77 | Det Rec 0.88 | Det FA 0.23 | Epoch Time 31.03s (Eval 0.00s, Train 31.03s)
[STATE 2026-04-15 22:27:51] T0 Ep 5/10 complete: Prec 0.8316 F1 0.7683 DetRec 0.8751 DetFA 0.2321 | 31.03s total (0.00s eval/31.03s train)
[STATE 2026-04-15 22:27:51] Task 0 Epoch 6/10: entering train loop
T0 Ep 6/10 | L 0.4531 | Train Acc 0.85 | Prec 0.85 | F1 0.79 | Det Rec 0.88 | Det FA 0.23 | Epoch Time 31.05s (Eval 0.00s, Train 31.05s)
[STATE 2026-04-15 22:28:22] T0 Ep 6/10 complete: Prec 0.8535 F1 0.7861 DetRec 0.8768 DetFA 0.2303 | 31.05s total (0.00s eval/31.05s train)
[STATE 2026-04-15 22:28:22] Task 0 Epoch 7/10: entering train loop
T0 Ep 7/10 | L 0.4213 | Train Acc 0.86 | Prec 0.87 | F1 0.80 | Det Rec 0.88 | Det FA 0.23 | Epoch Time 30.98s (Eval 0.00s, Train 30.98s)
[STATE 2026-04-15 22:28:53] T0 Ep 7/10 complete: Prec 0.8669 F1 0.7984 DetRec 0.8790 DetFA 0.2259 | 30.98s total (0.00s eval/30.98s train)
[STATE 2026-04-15 22:28:53] Task 0 Epoch 8/10: entering train loop
T0 Ep 8/10 | L 0.4000 | Train Acc 0.87 | Prec 0.87 | F1 0.81 | Det Rec 0.88 | Det FA 0.22 | Epoch Time 30.98s (Eval 0.00s, Train 30.98s)
[STATE 2026-04-15 22:29:24] T0 Ep 8/10 complete: Prec 0.8728 F1 0.8058 DetRec 0.8807 DetFA 0.2210 | 30.98s total (0.00s eval/30.98s train)
[STATE 2026-04-15 22:29:24] Task 0 Epoch 9/10: entering train loop
T0 Ep 9/10 | L 0.3859 | Train Acc 0.87 | Prec 0.88 | F1 0.81 | Det Rec 0.88 | Det FA 0.22 | Epoch Time 30.93s (Eval 0.00s, Train 30.93s)
[STATE 2026-04-15 22:29:55] T0 Ep 9/10 complete: Prec 0.8800 F1 0.8108 DetRec 0.8810 DetFA 0.2212 | 30.93s total (0.00s eval/30.93s train)
[STATE 2026-04-15 22:29:55] Task 0 Epoch 10/10: entering train loop
T0 Ep 10/10 | L 0.3707 | Train Acc 0.88 | Prec 0.89 | F1 0.82 | Det Rec 0.88 | Det FA 0.22 | Epoch Time 31.05s (Eval 0.00s, Train 31.05s)
[STATE 2026-04-15 22:30:26] T0 Ep 10/10 complete: Prec 0.8869 F1 0.8182 DetRec 0.8823 DetFA 0.2175 | 31.05s total (0.00s eval/31.05s train)
[STATE 2026-04-15 22:30:26] Task 0: running final validation.
[STATE 2026-04-15 22:30:32] Completed task 0 (1/10)
[STATE 2026-04-15 22:30:32] Task 1: zero-shot validation (pre-train)
---- Zero-shot (pre-train) task 1: rec_cls 0.3763 | prec_cls 0.2153 | f1_cls 0.2588 | det 0.7673 | pfa 0.3688 | total_f1 0.5291 ----
[STATE 2026-04-15 22:30:48] Starting task 1 (2/10)
[STATE 2026-04-15 22:30:48] Task 1 Epoch 1/10: entering train loop
[STATE 2026-04-15 22:31:21] Task 1 Epoch 1/10: running validation (end of epoch)
---- Eval at Epoch 0: cls [0.2754222949991251, 0.3070784961984917] | det_recall [0.6541314498641351, 0.7142221666089276] | det_fa [0.00012368583797155226, 0.5104763783206482] ----
T1 Ep 1/10 | L 1.4960 | Train Acc 0.44 | Prec 0.48 | F1 0.37 | Det Rec 0.64 | Det FA 0.62 | Epoch Time 49.53s (Eval 16.39s, Train 33.14s)
[STATE 2026-04-15 22:31:38] T1 Ep 1/10 complete: Prec 0.4847 F1 0.3662 DetRec 0.6400 DetFA 0.6160 | 49.53s total (16.39s eval/33.14s train)
[STATE 2026-04-15 22:31:38] Task 1 Epoch 2/10: entering train loop
T1 Ep 2/10 | L 0.9200 | Train Acc 0.68 | Prec 0.71 | F1 0.55 | Det Rec 0.68 | Det FA 0.59 | Epoch Time 32.83s (Eval 0.00s, Train 32.83s)
[STATE 2026-04-15 22:32:11] T1 Ep 2/10 complete: Prec 0.7090 F1 0.5479 DetRec 0.6791 DetFA 0.5919 | 32.83s total (0.00s eval/32.83s train)
[STATE 2026-04-15 22:32:11] Task 1 Epoch 3/10: entering train loop
T1 Ep 3/10 | L 0.7446 | Train Acc 0.73 | Prec 0.78 | F1 0.63 | Det Rec 0.75 | Det FA 0.44 | Epoch Time 33.08s (Eval 0.00s, Train 33.08s)
[STATE 2026-04-15 22:32:44] T1 Ep 3/10 complete: Prec 0.7794 F1 0.6338 DetRec 0.7529 DetFA 0.4369 | 33.08s total (0.00s eval/33.08s train)
[STATE 2026-04-15 22:32:44] Task 1 Epoch 4/10: entering train loop
T1 Ep 4/10 | L 0.6564 | Train Acc 0.77 | Prec 0.81 | F1 0.68 | Det Rec 0.79 | Det FA 0.37 | Epoch Time 32.89s (Eval 0.00s, Train 32.89s)
[STATE 2026-04-15 22:33:17] T1 Ep 4/10 complete: Prec 0.8087 F1 0.6775 DetRec 0.7872 DetFA 0.3746 | 32.89s total (0.00s eval/32.89s train)
[STATE 2026-04-15 22:33:17] Task 1 Epoch 5/10: entering train loop
T1 Ep 5/10 | L 0.6028 | Train Acc 0.79 | Prec 0.83 | F1 0.70 | Det Rec 0.80 | Det FA 0.34 | Epoch Time 33.29s (Eval 0.00s, Train 33.29s)
[STATE 2026-04-15 22:33:50] T1 Ep 5/10 complete: Prec 0.8260 F1 0.6994 DetRec 0.8042 DetFA 0.3404 | 33.29s total (0.00s eval/33.29s train)
[STATE 2026-04-15 22:33:50] Task 1 Epoch 6/10: entering train loop
T1 Ep 6/10 | L 0.5608 | Train Acc 0.80 | Prec 0.84 | F1 0.72 | Det Rec 0.82 | Det FA 0.32 | Epoch Time 32.71s (Eval 0.00s, Train 32.71s)
[STATE 2026-04-15 22:34:23] T1 Ep 6/10 complete: Prec 0.8392 F1 0.7208 DetRec 0.8187 DetFA 0.3168 | 32.71s total (0.00s eval/32.71s train)
[STATE 2026-04-15 22:34:23] Task 1 Epoch 7/10: entering train loop
T1 Ep 7/10 | L 0.5204 | Train Acc 0.82 | Prec 0.85 | F1 0.74 | Det Rec 0.83 | Det FA 0.29 | Epoch Time 33.25s (Eval 0.00s, Train 33.25s)
[STATE 2026-04-15 22:34:56] T1 Ep 7/10 complete: Prec 0.8516 F1 0.7430 DetRec 0.8347 DetFA 0.2864 | 33.25s total (0.00s eval/33.25s train)
[STATE 2026-04-15 22:34:56] Task 1 Epoch 8/10: entering train loop
T1 Ep 8/10 | L 0.4928 | Train Acc 0.83 | Prec 0.86 | F1 0.75 | Det Rec 0.84 | Det FA 0.28 | Epoch Time 32.76s (Eval 0.00s, Train 32.76s)
[STATE 2026-04-15 22:35:29] T1 Ep 8/10 complete: Prec 0.8555 F1 0.7517 DetRec 0.8423 DetFA 0.2758 | 32.76s total (0.00s eval/32.76s train)
[STATE 2026-04-15 22:35:29] Task 1 Epoch 9/10: entering train loop
T1 Ep 9/10 | L 0.4651 | Train Acc 0.83 | Prec 0.86 | F1 0.77 | Det Rec 0.86 | Det FA 0.25 | Epoch Time 33.15s (Eval 0.00s, Train 33.15s)
[STATE 2026-04-15 22:36:02] T1 Ep 9/10 complete: Prec 0.8621 F1 0.7654 DetRec 0.8553 DetFA 0.2492 | 33.15s total (0.00s eval/33.15s train)
[STATE 2026-04-15 22:36:02] Task 1 Epoch 10/10: entering train loop
T1 Ep 10/10 | L 0.4491 | Train Acc 0.84 | Prec 0.87 | F1 0.78 | Det Rec 0.86 | Det FA 0.24 | Epoch Time 32.85s (Eval 0.00s, Train 32.85s)
[STATE 2026-04-15 22:36:35] T1 Ep 10/10 complete: Prec 0.8714 F1 0.7787 DetRec 0.8615 DetFA 0.2412 | 32.85s total (0.00s eval/32.85s train)
[STATE 2026-04-15 22:36:35] Task 1: running final validation.
[STATE 2026-04-15 22:36:51] Completed task 1 (2/10)
Note: Unified mixed IQ test tensors to (N, 3, L) via ADC0 I/Q + zero-padded ADC1/2 (IID2-style) for cumulative CIL.
[STATE 2026-04-15 22:36:52] Task 2: zero-shot validation (pre-train)
---- Zero-shot (pre-train) task 2: rec_cls 0.0650 | prec_cls 0.0093 | f1_cls 0.0149 | det 0.4162 | pfa 0.9072 | total_f1 0.2311 ----
[STATE 2026-04-15 22:38:14] Starting task 2 (3/10)
[STATE 2026-04-15 22:38:14] Task 2 Epoch 1/10: entering train loop
[STATE 2026-04-15 22:41:56] Task 2 Epoch 1/10: running validation (end of epoch)
---- Eval at Epoch 0: cls [0.0002089864158829676, 0.004910523234131106, 0.08070805720655926] | det_recall [0.5000561167227834, 0.5186635963032913, 0.6709228711620457] | det_fa [0.0, 0.0008711354984455585, 0.5814033201080658] ----
T2 Ep 1/10 | L 1.5860 | Train Acc 0.28 | Prec 0.29 | F1 0.32 | Det Rec 0.76 | Det FA 0.40 | Epoch Time 304.34s (Eval 81.71s, Train 222.63s)
[STATE 2026-04-15 22:43:18] T2 Ep 1/10 complete: Prec 0.2923 F1 0.3248 DetRec 0.7611 DetFA 0.3985 | 304.34s total (81.71s eval/222.63s train)
[STATE 2026-04-15 22:43:18] Task 2 Epoch 2/10: entering train loop
T2 Ep 2/10 | L 1.2839 | Train Acc 0.44 | Prec 0.43 | F1 0.45 | Det Rec 0.79 | Det FA 0.37 | Epoch Time 222.16s (Eval 0.00s, Train 222.16s)
[STATE 2026-04-15 22:47:00] T2 Ep 2/10 complete: Prec 0.4349 F1 0.4474 DetRec 0.7856 DetFA 0.3731 | 222.16s total (0.00s eval/222.16s train)
[STATE 2026-04-15 22:47:00] Task 2 Epoch 3/10: entering train loop
T2 Ep 3/10 | L 1.0690 | Train Acc 0.57 | Prec 0.57 | F1 0.56 | Det Rec 0.79 | Det FA 0.37 | Epoch Time 222.09s (Eval 0.00s, Train 222.09s)
[STATE 2026-04-15 22:50:42] T2 Ep 3/10 complete: Prec 0.5683 F1 0.5560 DetRec 0.7937 DetFA 0.3733 | 222.09s total (0.00s eval/222.09s train)
[STATE 2026-04-15 22:50:42] Task 2 Epoch 4/10: entering train loop
T2 Ep 4/10 | L 0.9326 | Train Acc 0.64 | Prec 0.64 | F1 0.62 | Det Rec 0.80 | Det FA 0.36 | Epoch Time 222.31s (Eval 0.00s, Train 222.31s)
[STATE 2026-04-15 22:54:24] T2 Ep 4/10 complete: Prec 0.6445 F1 0.6186 DetRec 0.8031 DetFA 0.3580 | 222.31s total (0.00s eval/222.31s train)
[STATE 2026-04-15 22:54:24] Task 2 Epoch 5/10: entering train loop
T2 Ep 5/10 | L 0.8604 | Train Acc 0.67 | Prec 0.68 | F1 0.65 | Det Rec 0.81 | Det FA 0.34 | Epoch Time 222.13s (Eval 0.00s, Train 222.13s)
[STATE 2026-04-15 22:58:07] T2 Ep 5/10 complete: Prec 0.6788 F1 0.6476 DetRec 0.8130 DetFA 0.3363 | 222.13s total (0.00s eval/222.13s train)
[STATE 2026-04-15 22:58:07] Task 2 Epoch 6/10: entering train loop
T2 Ep 6/10 | L 0.8199 | Train Acc 0.69 | Prec 0.70 | F1 0.66 | Det Rec 0.82 | Det FA 0.32 | Epoch Time 222.55s (Eval 0.00s, Train 222.55s)
[STATE 2026-04-15 23:01:49] T2 Ep 6/10 complete: Prec 0.6974 F1 0.6648 DetRec 0.8200 DetFA 0.3219 | 222.55s total (0.00s eval/222.55s train)
[STATE 2026-04-15 23:01:49] Task 2 Epoch 7/10: entering train loop
T2 Ep 7/10 | L 0.7892 | Train Acc 0.70 | Prec 0.71 | F1 0.68 | Det Rec 0.83 | Det FA 0.31 | Epoch Time 222.62s (Eval 0.00s, Train 222.62s)
[STATE 2026-04-15 23:05:32] T2 Ep 7/10 complete: Prec 0.7080 F1 0.6755 DetRec 0.8260 DetFA 0.3085 | 222.62s total (0.00s eval/222.62s train)
[STATE 2026-04-15 23:05:32] Task 2 Epoch 8/10: entering train loop
T2 Ep 8/10 | L 0.7694 | Train Acc 0.71 | Prec 0.72 | F1 0.68 | Det Rec 0.83 | Det FA 0.30 | Epoch Time 222.46s (Eval 0.00s, Train 222.46s)
[STATE 2026-04-15 23:09:14] T2 Ep 8/10 complete: Prec 0.7176 F1 0.6844 DetRec 0.8311 DetFA 0.2959 | 222.46s total (0.00s eval/222.46s train)
[STATE 2026-04-15 23:09:14] Task 2 Epoch 9/10: entering train loop
T2 Ep 9/10 | L 0.7528 | Train Acc 0.71 | Prec 0.73 | F1 0.69 | Det Rec 0.83 | Det FA 0.29 | Epoch Time 221.90s (Eval 0.00s, Train 221.90s)
[STATE 2026-04-15 23:12:56] T2 Ep 9/10 complete: Prec 0.7257 F1 0.6917 DetRec 0.8347 DetFA 0.2878 | 221.90s total (0.00s eval/221.90s train)
[STATE 2026-04-15 23:12:56] Task 2 Epoch 10/10: entering train loop
T2 Ep 10/10 | L 0.7370 | Train Acc 0.72 | Prec 0.73 | F1 0.70 | Det Rec 0.84 | Det FA 0.28 | Epoch Time 222.70s (Eval 0.00s, Train 222.70s)
[STATE 2026-04-15 23:16:39] T2 Ep 10/10 complete: Prec 0.7323 F1 0.6989 DetRec 0.8385 DetFA 0.2812 | 222.70s total (0.00s eval/222.70s train)
[STATE 2026-04-15 23:16:39] Task 2: running final validation.
[STATE 2026-04-15 23:18:01] Completed task 2 (3/10)
Note: Unified mixed IQ test tensors to (N, 3, L) via ADC0 I/Q + zero-padded ADC1/2 (IID2-style) for cumulative CIL.
[STATE 2026-04-15 23:18:01] Task 3: zero-shot validation (pre-train)
---- Zero-shot (pre-train) task 3: rec_cls 0.0689 | prec_cls 0.0672 | f1_cls 0.0712 | det 0.5883 | pfa 0.7446 | total_f1 0.0890 ----
[STATE 2026-04-15 23:20:31] Starting task 3 (4/10)
[STATE 2026-04-15 23:20:31] Task 3 Epoch 1/10: entering train loop
[STATE 2026-04-15 23:20:46] Task 3 Epoch 1/10: running validation (end of epoch)
---- Eval at Epoch 0: cls [0.0, 0.003851672752085789, 0.012715816694732157, 0.0831267179033218] | det_recall [0.5, 0.5074485704438333, 0.5317607363848448, 0.5585133442409513] | det_fa [0.0, 0.004027527883721464, 0.04813483368336912, 0.5337603756874498] ----
T3 Ep 1/10 | L 2.6062 | Train Acc 0.37 | Prec 0.38 | F1 0.43 | Det Rec 0.94 | Det FA 0.07 | Epoch Time 164.96s (Eval 149.68s, Train 15.28s)
[STATE 2026-04-15 23:23:16] T3 Ep 1/10 complete: Prec 0.3753 F1 0.4319 DetRec 0.9409 DetFA 0.0687 | 164.96s total (149.68s eval/15.28s train)
[STATE 2026-04-15 23:23:16] Task 3 Epoch 2/10: entering train loop
T3 Ep 2/10 | L 0.9404 | Train Acc 0.58 | Prec 0.57 | F1 0.63 | Det Rec 0.99 | Det FA 0.01 | Epoch Time 15.34s (Eval 0.00s, Train 15.34s)
[STATE 2026-04-15 23:23:32] T3 Ep 2/10 complete: Prec 0.5708 F1 0.6256 DetRec 0.9943 DetFA 0.0087 | 15.34s total (0.00s eval/15.34s train)
[STATE 2026-04-15 23:23:32] Task 3 Epoch 3/10: entering train loop
T3 Ep 3/10 | L 0.8370 | Train Acc 0.60 | Prec 0.60 | F1 0.65 | Det Rec 1.00 | Det FA 0.00 | Epoch Time 15.68s (Eval 0.00s, Train 15.68s)
[STATE 2026-04-15 23:23:47] T3 Ep 3/10 complete: Prec 0.5963 F1 0.6461 DetRec 0.9976 DetFA 0.0037 | 15.68s total (0.00s eval/15.68s train)
[STATE 2026-04-15 23:23:47] Task 3 Epoch 4/10: entering train loop
T3 Ep 4/10 | L 0.8069 | Train Acc 0.61 | Prec 0.61 | F1 0.66 | Det Rec 1.00 | Det FA 0.00 | Epoch Time 15.73s (Eval 0.00s, Train 15.73s)
[STATE 2026-04-15 23:24:03] T3 Ep 4/10 complete: Prec 0.6086 F1 0.6570 DetRec 0.9982 DetFA 0.0031 | 15.73s total (0.00s eval/15.73s train)
[STATE 2026-04-15 23:24:03] Task 3 Epoch 5/10: entering train loop
T3 Ep 5/10 | L 0.8034 | Train Acc 0.61 | Prec 0.61 | F1 0.66 | Det Rec 1.00 | Det FA 0.00 | Epoch Time 15.28s (Eval 0.00s, Train 15.28s)
[STATE 2026-04-15 23:24:18] T3 Ep 5/10 complete: Prec 0.6131 F1 0.6599 DetRec 0.9986 DetFA 0.0023 | 15.28s total (0.00s eval/15.28s train)
[STATE 2026-04-15 23:24:18] Task 3 Epoch 6/10: entering train loop
T3 Ep 6/10 | L 0.7818 | Train Acc 0.62 | Prec 0.62 | F1 0.67 | Det Rec 1.00 | Det FA 0.00 | Epoch Time 15.71s (Eval 0.00s, Train 15.71s)
[STATE 2026-04-15 23:24:34] T3 Ep 6/10 complete: Prec 0.6244 F1 0.6695 DetRec 0.9989 DetFA 0.0010 | 15.71s total (0.00s eval/15.71s train)
[STATE 2026-04-15 23:24:34] Task 3 Epoch 7/10: entering train loop
T3 Ep 7/10 | L 0.7571 | Train Acc 0.63 | Prec 0.63 | F1 0.68 | Det Rec 1.00 | Det FA 0.00 | Epoch Time 15.35s (Eval 0.00s, Train 15.35s)
[STATE 2026-04-15 23:24:49] T3 Ep 7/10 complete: Prec 0.6309 F1 0.6762 DetRec 0.9994 DetFA 0.0010 | 15.35s total (0.00s eval/15.35s train)
[STATE 2026-04-15 23:24:49] Task 3 Epoch 8/10: entering train loop
T3 Ep 8/10 | L 0.7533 | Train Acc 0.63 | Prec 0.64 | F1 0.68 | Det Rec 1.00 | Det FA 0.00 | Epoch Time 15.66s (Eval 0.00s, Train 15.66s)
[STATE 2026-04-15 23:25:05] T3 Ep 8/10 complete: Prec 0.6363 F1 0.6789 DetRec 0.9997 DetFA 0.0005 | 15.66s total (0.00s eval/15.66s train)
[STATE 2026-04-15 23:25:05] Task 3 Epoch 9/10: entering train loop
T3 Ep 9/10 | L 0.7516 | Train Acc 0.63 | Prec 0.64 | F1 0.68 | Det Rec 1.00 | Det FA 0.00 | Epoch Time 15.71s (Eval 0.00s, Train 15.71s)
[STATE 2026-04-15 23:25:21] T3 Ep 9/10 complete: Prec 0.6377 F1 0.6786 DetRec 0.9993 DetFA 0.0008 | 15.71s total (0.00s eval/15.71s train)
[STATE 2026-04-15 23:25:21] Task 3 Epoch 10/10: entering train loop
T3 Ep 10/10 | L 0.7336 | Train Acc 0.63 | Prec 0.64 | F1 0.68 | Det Rec 1.00 | Det FA 0.00 | Epoch Time 15.25s (Eval 0.00s, Train 15.25s)
[STATE 2026-04-15 23:25:36] T3 Ep 10/10 complete: Prec 0.6350 F1 0.6779 DetRec 0.9991 DetFA 0.0013 | 15.25s total (0.00s eval/15.25s train)
[STATE 2026-04-15 23:25:36] Task 3: running final validation.
[STATE 2026-04-15 23:28:05] Completed task 3 (4/10)
Note: Unified mixed IQ test tensors to (N, 3, L) via ADC0 I/Q + zero-padded ADC1/2 (IID2-style) for cumulative CIL.
[STATE 2026-04-15 23:28:06] Task 4: zero-shot validation (pre-train)
---- Zero-shot (pre-train) task 4: rec_cls 0.0800 | prec_cls 0.0334 | f1_cls 0.0219 | det 0.5245 | pfa 0.6959 | total_f1 0.0562 ----
[STATE 2026-04-15 23:31:46] Starting task 4 (5/10)
[STATE 2026-04-15 23:31:46] Task 4 Epoch 1/10: entering train loop
[STATE 2026-04-15 23:32:02] Task 4 Epoch 1/10: running validation (end of epoch)
---- Eval at Epoch 0: cls [0.004367516106319724, 0.004115789682865353, 0.01676474402223899, 0.045114506607326396, 0.04894022531106003] | det_recall [0.5066843227919922, 0.5636111741780864, 0.47533021141202253, 0.5301582133502137, 0.5682545843344409] | det_fa [0.017867939901458824, 0.14118743812455886, 0.36187138200491104, 0.2612854066850077, 0.28671584506782466] ----
T4 Ep 1/10 | L 2.7390 | Train Acc 0.21 | Prec 0.17 | F1 0.28 | Det Rec 0.98 | Det FA 0.04 | Epoch Time 235.32s (Eval 219.76s, Train 15.56s)
[STATE 2026-04-15 23:35:42] T4 Ep 1/10 complete: Prec 0.1723 F1 0.2815 DetRec 0.9803 DetFA 0.0372 | 235.32s total (219.76s eval/15.56s train)
[STATE 2026-04-15 23:35:42] Task 4 Epoch 2/10: entering train loop
T4 Ep 2/10 | L 1.1509 | Train Acc 0.34 | Prec 0.33 | F1 0.42 | Det Rec 1.00 | Det FA 0.00 | Epoch Time 15.76s (Eval 0.00s, Train 15.76s)
[STATE 2026-04-15 23:35:57] T4 Ep 2/10 complete: Prec 0.3339 F1 0.4192 DetRec 1.0000 DetFA 0.0000 | 15.76s total (0.00s eval/15.76s train)
[STATE 2026-04-15 23:35:57] Task 4 Epoch 3/10: entering train loop
T4 Ep 3/10 | L 1.0729 | Train Acc 0.37 | Prec 0.36 | F1 0.45 | Det Rec 1.00 | Det FA 0.00 | Epoch Time 15.28s (Eval 0.00s, Train 15.28s)
[STATE 2026-04-15 23:36:13] T4 Ep 3/10 complete: Prec 0.3643 F1 0.4465 DetRec 1.0000 DetFA 0.0000 | 15.28s total (0.00s eval/15.28s train)
[STATE 2026-04-15 23:36:13] Task 4 Epoch 4/10: entering train loop
T4 Ep 4/10 | L 1.0327 | Train Acc 0.38 | Prec 0.37 | F1 0.46 | Det Rec 1.00 | Det FA 0.00 | Epoch Time 15.76s (Eval 0.00s, Train 15.76s)
[STATE 2026-04-15 23:36:28] T4 Ep 4/10 complete: Prec 0.3748 F1 0.4558 DetRec 1.0000 DetFA 0.0000 | 15.76s total (0.00s eval/15.76s train)
[STATE 2026-04-15 23:36:28] Task 4 Epoch 5/10: entering train loop
T4 Ep 5/10 | L 1.0022 | Train Acc 0.40 | Prec 0.40 | F1 0.48 | Det Rec 1.00 | Det FA 0.00 | Epoch Time 15.26s (Eval 0.00s, Train 15.26s)
[STATE 2026-04-15 23:36:44] T4 Ep 5/10 complete: Prec 0.3979 F1 0.4760 DetRec 1.0000 DetFA 0.0000 | 15.26s total (0.00s eval/15.26s train)
[STATE 2026-04-15 23:36:44] Task 4 Epoch 6/10: entering train loop
T4 Ep 6/10 | L 0.9875 | Train Acc 0.41 | Prec 0.40 | F1 0.48 | Det Rec 1.00 | Det FA 0.00 | Epoch Time 15.75s (Eval 0.00s, Train 15.75s)
[STATE 2026-04-15 23:36:59] T4 Ep 6/10 complete: Prec 0.4022 F1 0.4773 DetRec 1.0000 DetFA 0.0000 | 15.75s total (0.00s eval/15.75s train)
[STATE 2026-04-15 23:36:59] Task 4 Epoch 7/10: entering train loop
T4 Ep 7/10 | L 0.9828 | Train Acc 0.42 | Prec 0.42 | F1 0.49 | Det Rec 1.00 | Det FA 0.00 | Epoch Time 15.74s (Eval 0.00s, Train 15.74s)
[STATE 2026-04-15 23:37:15] T4 Ep 7/10 complete: Prec 0.4245 F1 0.4945 DetRec 1.0000 DetFA 0.0000 | 15.74s total (0.00s eval/15.74s train)
[STATE 2026-04-15 23:37:15] Task 4 Epoch 8/10: entering train loop
T4 Ep 8/10 | L 0.9561 | Train Acc 0.45 | Prec 0.45 | F1 0.51 | Det Rec 1.00 | Det FA 0.00 | Epoch Time 15.30s (Eval 0.00s, Train 15.30s)
[STATE 2026-04-15 23:37:31] T4 Ep 8/10 complete: Prec 0.4537 F1 0.5138 DetRec 1.0000 DetFA 0.0000 | 15.30s total (0.00s eval/15.30s train)
[STATE 2026-04-15 23:37:31] Task 4 Epoch 9/10: entering train loop
T4 Ep 9/10 | L 0.9295 | Train Acc 0.47 | Prec 0.47 | F1 0.53 | Det Rec 1.00 | Det FA 0.00 | Epoch Time 15.74s (Eval 0.00s, Train 15.74s)
[STATE 2026-04-15 23:37:46] T4 Ep 9/10 complete: Prec 0.4701 F1 0.5314 DetRec 1.0000 DetFA 0.0000 | 15.74s total (0.00s eval/15.74s train)
[STATE 2026-04-15 23:37:46] Task 4 Epoch 10/10: entering train loop
T4 Ep 10/10 | L 0.9196 | Train Acc 0.49 | Prec 0.49 | F1 0.55 | Det Rec 1.00 | Det FA 0.00 | Epoch Time 15.41s (Eval 0.00s, Train 15.41s)
[STATE 2026-04-15 23:38:02] T4 Ep 10/10 complete: Prec 0.4925 F1 0.5453 DetRec 1.0000 DetFA 0.0000 | 15.41s total (0.00s eval/15.41s train)
[STATE 2026-04-15 23:38:02] Task 4: running final validation.
[STATE 2026-04-15 23:41:42] Completed task 4 (5/10)
Note: Unified mixed IQ test tensors to (N, 3, L) via ADC0 I/Q + zero-padded ADC1/2 (IID2-style) for cumulative CIL.
[STATE 2026-04-15 23:41:43] Task 5: zero-shot validation (pre-train)
---- Zero-shot (pre-train) task 5: rec_cls 0.0492 | prec_cls 0.0130 | f1_cls 0.0175 | det 0.5059 | pfa 0.5074 | total_f1 0.0466 ----
[STATE 2026-04-15 23:47:04] Starting task 5 (6/10)
[STATE 2026-04-15 23:47:04] Task 5 Epoch 1/10: entering train loop
[STATE 2026-04-15 23:49:12] Task 5 Epoch 1/10: running validation (end of epoch)
---- Eval at Epoch 0: cls [0.0, 0.0033883495035452954, 0.015510839601226524, 0.020735086061173868, 0.01726382629372713, 0.05728317584742097] | det_recall [0.5000539199827455, 0.5058790750552236, 0.5419207488784393, 0.5319098152966343, 0.5373732221705927, 0.511676367787235] | det_fa [0.0, 0.006221710823568867, 0.07750988424883516, 0.12067880712456187, 0.117755201334758, 0.9023666420085936] ----
T5 Ep 1/10 | L 1.4502 | Train Acc 0.46 | Prec 0.46 | F1 0.47 | Det Rec 0.83 | Det FA 0.27 | Epoch Time 449.67s (Eval 321.71s, Train 127.96s)
[STATE 2026-04-15 23:54:34] T5 Ep 1/10 complete: Prec 0.4595 F1 0.4735 DetRec 0.8260 DetFA 0.2749 | 449.67s total (321.71s eval/127.96s train)
[STATE 2026-04-15 23:54:34] Task 5 Epoch 2/10: entering train loop
T5 Ep 2/10 | L 0.7769 | Train Acc 0.71 | Prec 0.70 | F1 0.68 | Det Rec 0.85 | Det FA 0.24 | Epoch Time 128.16s (Eval 0.00s, Train 128.16s)
[STATE 2026-04-15 23:56:42] T5 Ep 2/10 complete: Prec 0.6996 F1 0.6828 DetRec 0.8525 DetFA 0.2403 | 128.16s total (0.00s eval/128.16s train)
[STATE 2026-04-15 23:56:42] Task 5 Epoch 3/10: entering train loop
T5 Ep 3/10 | L 0.6785 | Train Acc 0.75 | Prec 0.74 | F1 0.72 | Det Rec 0.87 | Det FA 0.22 | Epoch Time 127.84s (Eval 0.00s, Train 127.84s)
[STATE 2026-04-15 23:58:50] T5 Ep 3/10 complete: Prec 0.7444 F1 0.7235 DetRec 0.8653 DetFA 0.2188 | 127.84s total (0.00s eval/127.84s train)
[STATE 2026-04-15 23:58:50] Task 5 Epoch 4/10: entering train loop
T5 Ep 4/10 | L 0.6408 | Train Acc 0.76 | Prec 0.76 | F1 0.74 | Det Rec 0.87 | Det FA 0.22 | Epoch Time 128.05s (Eval 0.00s, Train 128.05s)
[STATE 2026-04-16 00:00:58] T5 Ep 4/10 complete: Prec 0.7592 F1 0.7380 DetRec 0.8691 DetFA 0.2156 | 128.05s total (0.00s eval/128.05s train)
[STATE 2026-04-16 00:00:58] Task 5 Epoch 5/10: entering train loop
T5 Ep 5/10 | L 0.6136 | Train Acc 0.77 | Prec 0.77 | F1 0.75 | Det Rec 0.87 | Det FA 0.21 | Epoch Time 127.69s (Eval 0.00s, Train 127.69s)
[STATE 2026-04-16 00:03:06] T5 Ep 5/10 complete: Prec 0.7709 F1 0.7495 DetRec 0.8736 DetFA 0.2074 | 127.69s total (0.00s eval/127.69s train)
[STATE 2026-04-16 00:03:06] Task 5 Epoch 6/10: entering train loop
T5 Ep 6/10 | L 0.5909 | Train Acc 0.78 | Prec 0.78 | F1 0.76 | Det Rec 0.88 | Det FA 0.20 | Epoch Time 128.10s (Eval 0.00s, Train 128.10s)
[STATE 2026-04-16 00:05:14] T5 Ep 6/10 complete: Prec 0.7819 F1 0.7590 DetRec 0.8765 DetFA 0.2009 | 128.10s total (0.00s eval/128.10s train)
[STATE 2026-04-16 00:05:14] Task 5 Epoch 7/10: entering train loop
T5 Ep 7/10 | L 0.5781 | Train Acc 0.79 | Prec 0.79 | F1 0.77 | Det Rec 0.88 | Det FA 0.20 | Epoch Time 128.03s (Eval 0.00s, Train 128.03s)
[STATE 2026-04-16 00:07:22] T5 Ep 7/10 complete: Prec 0.7877 F1 0.7653 DetRec 0.8798 DetFA 0.1963 | 128.03s total (0.00s eval/128.03s train)
[STATE 2026-04-16 00:07:22] Task 5 Epoch 8/10: entering train loop
T5 Ep 8/10 | L 0.5626 | Train Acc 0.80 | Prec 0.79 | F1 0.77 | Det Rec 0.88 | Det FA 0.19 | Epoch Time 128.40s (Eval 0.00s, Train 128.40s)
[STATE 2026-04-16 00:09:30] T5 Ep 8/10 complete: Prec 0.7938 F1 0.7722 DetRec 0.8832 DetFA 0.1887 | 128.40s total (0.00s eval/128.40s train)
[STATE 2026-04-16 00:09:30] Task 5 Epoch 9/10: entering train loop
T5 Ep 9/10 | L 0.5499 | Train Acc 0.80 | Prec 0.80 | F1 0.78 | Det Rec 0.88 | Det FA 0.19 | Epoch Time 128.18s (Eval 0.00s, Train 128.18s)
[STATE 2026-04-16 00:11:38] T5 Ep 9/10 complete: Prec 0.7980 F1 0.7765 DetRec 0.8828 DetFA 0.1919 | 128.18s total (0.00s eval/128.18s train)
[STATE 2026-04-16 00:11:38] Task 5 Epoch 10/10: entering train loop
T5 Ep 10/10 | L 0.5411 | Train Acc 0.81 | Prec 0.80 | F1 0.78 | Det Rec 0.88 | Det FA 0.19 | Epoch Time 128.20s (Eval 0.00s, Train 128.20s)
[STATE 2026-04-16 00:13:47] T5 Ep 10/10 complete: Prec 0.8030 F1 0.7797 DetRec 0.8829 DetFA 0.1914 | 128.20s total (0.00s eval/128.20s train)
[STATE 2026-04-16 00:13:47] Task 5: running final validation.
[STATE 2026-04-16 00:19:09] Completed task 5 (6/10)
Note: Unified mixed IQ test tensors to (N, 3, L) via ADC0 I/Q + zero-padded ADC1/2 (IID2-style) for cumulative CIL.
[STATE 2026-04-16 00:19:10] Task 6: zero-shot validation (pre-train)
---- Zero-shot (pre-train) task 6: rec_cls 0.0676 | prec_cls 0.0219 | f1_cls 0.0275 | det 0.5115 | pfa 0.9410 | total_f1 0.0584 ----
[STATE 2026-04-16 00:26:15] Starting task 6 (7/10)
[STATE 2026-04-16 00:26:15] Task 6 Epoch 1/10: entering train loop
[STATE 2026-04-16 00:26:26] Task 6 Epoch 1/10: running validation (end of epoch)
---- Eval at Epoch 0: cls [0.0, 0.0, 0.0, 5.882352941176471e-05, 0.005051688195358707, 0.011716757032895023, 0.02242599675151684] | det_recall [0.5, 0.5, 0.5, 0.5000589951360918, 0.5174612564781075, 0.4922614463126718, 0.4617955434079642] | det_fa [0.0, 0.0, 0.0, 0.0, 0.09279057138455804, 0.35922580418390104, 0.48877242378638225] ----
T6 Ep 1/10 | L 3.8902 | Train Acc 0.13 | Prec 0.15 | F1 0.23 | Det Rec 0.91 | Det FA 0.17 | Epoch Time 435.96s (Eval 424.88s, Train 11.07s)
[STATE 2026-04-16 00:33:31] T6 Ep 1/10 complete: Prec 0.1504 F1 0.2325 DetRec 0.9124 DetFA 0.1667 | 435.96s total (424.88s eval/11.07s train)
[STATE 2026-04-16 00:33:31] Task 6 Epoch 2/10: entering train loop
T6 Ep 2/10 | L 1.3378 | Train Acc 0.46 | Prec 0.40 | F1 0.48 | Det Rec 1.00 | Det FA 0.00 | Epoch Time 11.15s (Eval 0.00s, Train 11.15s)
[STATE 2026-04-16 00:33:42] T6 Ep 2/10 complete: Prec 0.3976 F1 0.4753 DetRec 1.0000 DetFA 0.0000 | 11.15s total (0.00s eval/11.15s train)
[STATE 2026-04-16 00:33:42] Task 6 Epoch 3/10: entering train loop
T6 Ep 3/10 | L 0.9759 | Train Acc 0.53 | Prec 0.50 | F1 0.58 | Det Rec 1.00 | Det FA 0.00 | Epoch Time 11.06s (Eval 0.00s, Train 11.06s)
[STATE 2026-04-16 00:33:53] T6 Ep 3/10 complete: Prec 0.4962 F1 0.5790 DetRec 1.0000 DetFA 0.0000 | 11.06s total (0.00s eval/11.06s train)
[STATE 2026-04-16 00:33:53] Task 6 Epoch 4/10: entering train loop
T6 Ep 4/10 | L 0.8599 | Train Acc 0.56 | Prec 0.55 | F1 0.62 | Det Rec 1.00 | Det FA 0.00 | Epoch Time 11.10s (Eval 0.00s, Train 11.10s)
[STATE 2026-04-16 00:34:04] T6 Ep 4/10 complete: Prec 0.5467 F1 0.6231 DetRec 1.0000 DetFA 0.0000 | 11.10s total (0.00s eval/11.10s train)
[STATE 2026-04-16 00:34:04] Task 6 Epoch 5/10: entering train loop
T6 Ep 5/10 | L 0.8202 | Train Acc 0.58 | Prec 0.57 | F1 0.64 | Det Rec 1.00 | Det FA 0.00 | Epoch Time 11.14s (Eval 0.00s, Train 11.14s)
[STATE 2026-04-16 00:34:16] T6 Ep 5/10 complete: Prec 0.5686 F1 0.6395 DetRec 1.0000 DetFA 0.0000 | 11.14s total (0.00s eval/11.14s train)
[STATE 2026-04-16 00:34:16] Task 6 Epoch 6/10: entering train loop
T6 Ep 6/10 | L 0.7958 | Train Acc 0.58 | Prec 0.57 | F1 0.64 | Det Rec 1.00 | Det FA 0.00 | Epoch Time 10.99s (Eval 0.00s, Train 10.99s)
[STATE 2026-04-16 00:34:27] T6 Ep 6/10 complete: Prec 0.5707 F1 0.6402 DetRec 1.0000 DetFA 0.0000 | 10.99s total (0.00s eval/10.99s train)
[STATE 2026-04-16 00:34:27] Task 6 Epoch 7/10: entering train loop
T6 Ep 7/10 | L 0.7736 | Train Acc 0.57 | Prec 0.57 | F1 0.64 | Det Rec 1.00 | Det FA 0.00 | Epoch Time 10.77s (Eval 0.00s, Train 10.77s)
[STATE 2026-04-16 00:34:37] T6 Ep 7/10 complete: Prec 0.5671 F1 0.6366 DetRec 1.0000 DetFA 0.0000 | 10.77s total (0.00s eval/10.77s train)
[STATE 2026-04-16 00:34:37] Task 6 Epoch 8/10: entering train loop
T6 Ep 8/10 | L 0.7658 | Train Acc 0.60 | Prec 0.60 | F1 0.66 | Det Rec 1.00 | Det FA 0.00 | Epoch Time 11.07s (Eval 0.00s, Train 11.07s)
[STATE 2026-04-16 00:34:48] T6 Ep 8/10 complete: Prec 0.5959 F1 0.6576 DetRec 1.0000 DetFA 0.0000 | 11.07s total (0.00s eval/11.07s train)
[STATE 2026-04-16 00:34:48] Task 6 Epoch 9/10: entering train loop
T6 Ep 9/10 | L 0.7609 | Train Acc 0.59 | Prec 0.59 | F1 0.65 | Det Rec 1.00 | Det FA 0.00 | Epoch Time 11.10s (Eval 0.00s, Train 11.10s)
[STATE 2026-04-16 00:35:00] T6 Ep 9/10 complete: Prec 0.5853 F1 0.6501 DetRec 1.0000 DetFA 0.0000 | 11.10s total (0.00s eval/11.10s train)
[STATE 2026-04-16 00:35:00] Task 6 Epoch 10/10: entering train loop
T6 Ep 10/10 | L 0.7455 | Train Acc 0.59 | Prec 0.59 | F1 0.66 | Det Rec 1.00 | Det FA 0.00 | Epoch Time 11.11s (Eval 0.00s, Train 11.11s)
[STATE 2026-04-16 00:35:11] T6 Ep 10/10 complete: Prec 0.5939 F1 0.6552 DetRec 1.0000 DetFA 0.0000 | 11.11s total (0.00s eval/11.11s train)
[STATE 2026-04-16 00:35:11] Task 6: running final validation.
[STATE 2026-04-16 00:42:17] Completed task 6 (7/10)
Note: Unified mixed IQ test tensors to (N, 3, L) via ADC0 I/Q + zero-padded ADC1/2 (IID2-style) for cumulative CIL.
[STATE 2026-04-16 00:42:19] Task 7: zero-shot validation (pre-train)
---- Zero-shot (pre-train) task 7: rec_cls 0.0399 | prec_cls 0.0214 | f1_cls 0.0208 | det 0.5132 | pfa 0.4643 | total_f1 0.0411 ----
[STATE 2026-04-16 00:51:38] Starting task 7 (8/10)
[STATE 2026-04-16 00:51:38] Task 7 Epoch 1/10: entering train loop
[STATE 2026-04-16 00:53:37] Task 7 Epoch 1/10: running validation (end of epoch)
---- Eval at Epoch 0: cls [0.0, 0.0, 0.007827434914932204, 0.007349679102877069, 0.0065905672176886825, 0.01866157375324153, 0.024887879798437103, 0.06358943245789773] | det_recall [0.5, 0.500216179705579, 0.523571375108829, 0.5296858327895936, 0.5336190488142677, 0.5988705543426913, 0.6015112810702702, 0.556070722356472] | det_fa [0.0, 0.0, 0.0016303075862600539, 0.0016534214967103362, 0.0012133988737454285, 0.010313004801446608, 0.016465603143804693, 0.8279327275681996] ----
T7 Ep 1/10 | L 1.5146 | Train Acc 0.46 | Prec 0.47 | F1 0.48 | Det Rec 0.83 | Det FA 0.25 | Epoch Time 679.09s (Eval 559.85s, Train 119.25s)
[STATE 2026-04-16 01:02:57] T7 Ep 1/10 complete: Prec 0.4724 F1 0.4810 DetRec 0.8270 DetFA 0.2520 | 679.09s total (559.85s eval/119.25s train)
[STATE 2026-04-16 01:02:57] Task 7 Epoch 2/10: entering train loop
T7 Ep 2/10 | L 0.7514 | Train Acc 0.70 | Prec 0.71 | F1 0.69 | Det Rec 0.85 | Det FA 0.23 | Epoch Time 119.29s (Eval 0.00s, Train 119.29s)
[STATE 2026-04-16 01:04:56] T7 Ep 2/10 complete: Prec 0.7132 F1 0.6901 DetRec 0.8496 DetFA 0.2285 | 119.29s total (0.00s eval/119.29s train)
[STATE 2026-04-16 01:04:56] Task 7 Epoch 3/10: entering train loop
T7 Ep 3/10 | L 0.6563 | Train Acc 0.75 | Prec 0.76 | F1 0.73 | Det Rec 0.86 | Det FA 0.22 | Epoch Time 119.75s (Eval 0.00s, Train 119.75s)
[STATE 2026-04-16 01:06:56] T7 Ep 3/10 complete: Prec 0.7611 F1 0.7334 DetRec 0.8566 DetFA 0.2213 | 119.75s total (0.00s eval/119.75s train)
[STATE 2026-04-16 01:06:56] Task 7 Epoch 4/10: entering train loop
T7 Ep 4/10 | L 0.6100 | Train Acc 0.77 | Prec 0.78 | F1 0.75 | Det Rec 0.86 | Det FA 0.21 | Epoch Time 119.53s (Eval 0.00s, Train 119.53s)
[STATE 2026-04-16 01:08:55] T7 Ep 4/10 complete: Prec 0.7781 F1 0.7485 DetRec 0.8625 DetFA 0.2091 | 119.53s total (0.00s eval/119.53s train)
[STATE 2026-04-16 01:08:55] Task 7 Epoch 5/10: entering train loop
T7 Ep 5/10 | L 0.5883 | Train Acc 0.78 | Prec 0.79 | F1 0.76 | Det Rec 0.86 | Det FA 0.21 | Epoch Time 119.87s (Eval 0.00s, Train 119.87s)
[STATE 2026-04-16 01:10:55] T7 Ep 5/10 complete: Prec 0.7860 F1 0.7566 DetRec 0.8645 DetFA 0.2074 | 119.87s total (0.00s eval/119.87s train)
[STATE 2026-04-16 01:10:55] Task 7 Epoch 6/10: entering train loop
T7 Ep 6/10 | L 0.5692 | Train Acc 0.78 | Prec 0.80 | F1 0.77 | Det Rec 0.87 | Det FA 0.20 | Epoch Time 119.21s (Eval 0.00s, Train 119.21s)
[STATE 2026-04-16 01:12:54] T7 Ep 6/10 complete: Prec 0.7958 F1 0.7651 DetRec 0.8670 DetFA 0.2024 | 119.21s total (0.00s eval/119.21s train)
[STATE 2026-04-16 01:12:54] Task 7 Epoch 7/10: entering train loop
T7 Ep 7/10 | L 0.5540 | Train Acc 0.79 | Prec 0.80 | F1 0.77 | Det Rec 0.87 | Det FA 0.20 | Epoch Time 119.61s (Eval 0.00s, Train 119.61s)
[STATE 2026-04-16 01:14:54] T7 Ep 7/10 complete: Prec 0.8025 F1 0.7718 DetRec 0.8688 DetFA 0.1994 | 119.61s total (0.00s eval/119.61s train)
[STATE 2026-04-16 01:14:54] Task 7 Epoch 8/10: entering train loop
T7 Ep 8/10 | L 0.5461 | Train Acc 0.80 | Prec 0.81 | F1 0.77 | Det Rec 0.87 | Det FA 0.20 | Epoch Time 119.39s (Eval 0.00s, Train 119.39s)
[STATE 2026-04-16 01:16:53] T7 Ep 8/10 complete: Prec 0.8051 F1 0.7748 DetRec 0.8693 DetFA 0.2005 | 119.39s total (0.00s eval/119.39s train)
[STATE 2026-04-16 01:16:53] Task 7 Epoch 9/10: entering train loop
T7 Ep 9/10 | L 0.5325 | Train Acc 0.80 | Prec 0.81 | F1 0.78 | Det Rec 0.87 | Det FA 0.20 | Epoch Time 119.27s (Eval 0.00s, Train 119.27s)
[STATE 2026-04-16 01:18:53] T7 Ep 9/10 complete: Prec 0.8088 F1 0.7796 DetRec 0.8710 DetFA 0.1996 | 119.27s total (0.00s eval/119.27s train)
[STATE 2026-04-16 01:18:53] Task 7 Epoch 10/10: entering train loop
T7 Ep 10/10 | L 0.5238 | Train Acc 0.81 | Prec 0.82 | F1 0.79 | Det Rec 0.87 | Det FA 0.20 | Epoch Time 119.71s (Eval 0.00s, Train 119.71s)
[STATE 2026-04-16 01:20:52] T7 Ep 10/10 complete: Prec 0.8153 F1 0.7852 DetRec 0.8726 DetFA 0.1964 | 119.71s total (0.00s eval/119.71s train)
[STATE 2026-04-16 01:20:52] Task 7: running final validation.
[STATE 2026-04-16 01:30:11] Completed task 7 (8/10)
Note: Unified mixed IQ test tensors to (N, 3, L) via ADC0 I/Q + zero-padded ADC1/2 (IID2-style) for cumulative CIL.
[STATE 2026-04-16 01:30:13] Task 8: zero-shot validation (pre-train)
---- Zero-shot (pre-train) task 8: rec_cls 0.0589 | prec_cls 0.0126 | f1_cls 0.0188 | det 0.5220 | pfa 0.8961 | total_f1 0.0409 ----
[STATE 2026-04-16 01:41:49] Starting task 8 (9/10)
[STATE 2026-04-16 01:41:49] Task 8 Epoch 1/10: entering train loop
[STATE 2026-04-16 01:42:12] Task 8 Epoch 1/10: running validation (end of epoch)
---- Eval at Epoch 0: cls [0.0, 0.0, 8.000749137668451e-06, 3.3829707315368464e-05, 6.522636766629185e-05, 0.0011274240434326148, 0.00115073471870431, 0.003322914261181033, 0.02505422247983568] | det_recall [0.5, 0.5, 0.5000229647489618, 0.5000525071556428, 0.5001690988922134, 0.5069839009803728, 0.5081508085790699, 0.5239039296631272, 0.620474698233458] | det_fa [0.0, 0.0, 0.0, 0.0, 0.0, 0.002891890665963177, 0.0032865689639603197, 0.009441592186054495, 0.5942525322676628] ----
T8 Ep 1/10 | L 3.8630 | Train Acc 0.18 | Prec 0.20 | F1 0.19 | Det Rec 0.64 | Det FA 0.37 | Epoch Time 718.67s (Eval 695.26s, Train 23.41s)
[STATE 2026-04-16 01:53:48] T8 Ep 1/10 complete: Prec 0.1992 F1 0.1933 DetRec 0.6370 DetFA 0.3690 | 718.67s total (695.26s eval/23.41s train)
[STATE 2026-04-16 01:53:48] Task 8 Epoch 2/10: entering train loop
T8 Ep 2/10 | L 1.4550 | Train Acc 0.50 | Prec 0.49 | F1 0.40 | Det Rec 0.77 | Det FA 0.45 | Epoch Time 23.27s (Eval 0.00s, Train 23.27s)
[STATE 2026-04-16 01:54:11] T8 Ep 2/10 complete: Prec 0.4859 F1 0.4046 DetRec 0.7691 DetFA 0.4480 | 23.27s total (0.00s eval/23.27s train)
[STATE 2026-04-16 01:54:11] Task 8 Epoch 3/10: entering train loop
T8 Ep 3/10 | L 1.1006 | Train Acc 0.64 | Prec 0.62 | F1 0.51 | Det Rec 0.78 | Det FA 0.42 | Epoch Time 23.39s (Eval 0.00s, Train 23.39s)
[STATE 2026-04-16 01:54:34] T8 Ep 3/10 complete: Prec 0.6227 F1 0.5068 DetRec 0.7797 DetFA 0.4217 | 23.39s total (0.00s eval/23.39s train)
[STATE 2026-04-16 01:54:34] Task 8 Epoch 4/10: entering train loop
T8 Ep 4/10 | L 0.9247 | Train Acc 0.72 | Prec 0.71 | F1 0.57 | Det Rec 0.78 | Det FA 0.41 | Epoch Time 23.40s (Eval 0.00s, Train 23.40s)
[STATE 2026-04-16 01:54:58] T8 Ep 4/10 complete: Prec 0.7074 F1 0.5709 DetRec 0.7840 DetFA 0.4139 | 23.40s total (0.00s eval/23.40s train)
[STATE 2026-04-16 01:54:58] Task 8 Epoch 5/10: entering train loop
T8 Ep 5/10 | L 0.8376 | Train Acc 0.75 | Prec 0.75 | F1 0.60 | Det Rec 0.79 | Det FA 0.40 | Epoch Time 23.28s (Eval 0.00s, Train 23.28s)
[STATE 2026-04-16 01:55:21] T8 Ep 5/10 complete: Prec 0.7514 F1 0.6042 DetRec 0.7876 DetFA 0.3967 | 23.28s total (0.00s eval/23.28s train)
[STATE 2026-04-16 01:55:21] Task 8 Epoch 6/10: entering train loop
T8 Ep 6/10 | L 0.7659 | Train Acc 0.78 | Prec 0.77 | F1 0.62 | Det Rec 0.79 | Det FA 0.40 | Epoch Time 23.35s (Eval 0.00s, Train 23.35s)
[STATE 2026-04-16 01:55:44] T8 Ep 6/10 complete: Prec 0.7673 F1 0.6204 DetRec 0.7870 DetFA 0.4025 | 23.35s total (0.00s eval/23.35s train)
[STATE 2026-04-16 01:55:44] Task 8 Epoch 7/10: entering train loop
T8 Ep 7/10 | L 0.7124 | Train Acc 0.80 | Prec 0.79 | F1 0.64 | Det Rec 0.79 | Det FA 0.39 | Epoch Time 23.31s (Eval 0.00s, Train 23.31s)
[STATE 2026-04-16 01:56:07] T8 Ep 7/10 complete: Prec 0.7897 F1 0.6394 DetRec 0.7923 DetFA 0.3930 | 23.31s total (0.00s eval/23.31s train)
[STATE 2026-04-16 01:56:07] Task 8 Epoch 8/10: entering train loop
T8 Ep 8/10 | L 0.6852 | Train Acc 0.81 | Prec 0.80 | F1 0.65 | Det Rec 0.79 | Det FA 0.39 | Epoch Time 23.39s (Eval 0.00s, Train 23.39s)
[STATE 2026-04-16 01:56:31] T8 Ep 8/10 complete: Prec 0.7990 F1 0.6474 DetRec 0.7941 DetFA 0.3871 | 23.39s total (0.00s eval/23.39s train)
[STATE 2026-04-16 01:56:31] Task 8 Epoch 9/10: entering train loop
T8 Ep 9/10 | L 0.6665 | Train Acc 0.82 | Prec 0.80 | F1 0.65 | Det Rec 0.79 | Det FA 0.40 | Epoch Time 23.30s (Eval 0.00s, Train 23.30s)
[STATE 2026-04-16 01:56:54] T8 Ep 9/10 complete: Prec 0.7998 F1 0.6458 DetRec 0.7899 DetFA 0.3983 | 23.30s total (0.00s eval/23.30s train)
[STATE 2026-04-16 01:56:54] Task 8 Epoch 10/10: entering train loop
T8 Ep 10/10 | L 0.6299 | Train Acc 0.82 | Prec 0.81 | F1 0.66 | Det Rec 0.79 | Det FA 0.39 | Epoch Time 23.19s (Eval 0.00s, Train 23.19s)
[STATE 2026-04-16 01:57:17] T8 Ep 10/10 complete: Prec 0.8121 F1 0.6572 DetRec 0.7946 DetFA 0.3860 | 23.19s total (0.00s eval/23.19s train)
[STATE 2026-04-16 01:57:17] Task 8: running final validation.
[STATE 2026-04-16 02:08:53] Completed task 8 (9/10)
Note: Unified mixed IQ test tensors to (N, 3, L) via ADC0 I/Q + zero-padded ADC1/2 (IID2-style) for cumulative CIL.
[STATE 2026-04-16 02:08:55] Task 9: zero-shot validation (pre-train)
---- Zero-shot (pre-train) task 9: rec_cls 0.0128 | prec_cls 0.0088 | f1_cls 0.0119 | det 0.5943 | pfa 0.5881 | total_f1 0.0316 ----
[STATE 2026-04-16 02:22:50] Starting task 9 (10/10)
[STATE 2026-04-16 02:22:50] Task 9 Epoch 1/10: entering train loop
[STATE 2026-04-16 02:23:01] Task 9 Epoch 1/10: running validation (end of epoch)
---- Eval at Epoch 0: cls [0.0, 0.0, 8.569442446905413e-06, 0.00044847770049008436, 0.0004387059848133166, 0.0009970409053493712, 0.0008251631075045599, 0.00417290197274876, 0.0030973849546423447, 0.022377570542236054] | det_recall [0.5, 0.5, 0.5000065072298439, 0.500042347851676, 0.5000863397778333, 0.5103255547815021, 0.5107536756462605, 0.5257654061835966, 0.5125935569057148, 0.48364865153166653] | det_fa [0.0, 0.0, 0.0, 0.0, 0.0, 0.0072597613334584804, 0.006421759144920554, 0.09662015216877574, 0.21318057070404017, 0.524006585228066] ----
T9 Ep 1/10 | L 4.1972 | Train Acc 0.14 | Prec 0.13 | F1 0.24 | Det Rec 0.82 | Det FA 0.01 | Epoch Time 847.28s (Eval 836.20s, Train 11.08s)
[STATE 2026-04-16 02:36:57] T9 Ep 1/10 complete: Prec 0.1343 F1 0.2359 DetRec 0.8219 DetFA 0.0122 | 847.28s total (836.20s eval/11.08s train)
[STATE 2026-04-16 02:36:57] Task 9 Epoch 2/10: entering train loop
T9 Ep 2/10 | L 1.1193 | Train Acc 0.38 | Prec 0.37 | F1 0.44 | Det Rec 1.00 | Det FA 0.00 | Epoch Time 10.87s (Eval 0.00s, Train 10.87s)
[STATE 2026-04-16 02:37:08] T9 Ep 2/10 complete: Prec 0.3651 F1 0.4407 DetRec 1.0000 DetFA 0.0000 | 10.87s total (0.00s eval/10.87s train)
[STATE 2026-04-16 02:37:08] Task 9 Epoch 3/10: entering train loop
T9 Ep 3/10 | L 0.9239 | Train Acc 0.40 | Prec 0.40 | F1 0.49 | Det Rec 1.00 | Det FA 0.00 | Epoch Time 10.79s (Eval 0.00s, Train 10.79s)
[STATE 2026-04-16 02:37:19] T9 Ep 3/10 complete: Prec 0.3964 F1 0.4900 DetRec 1.0000 DetFA 0.0000 | 10.79s total (0.00s eval/10.79s train)
[STATE 2026-04-16 02:37:19] Task 9 Epoch 4/10: entering train loop
T9 Ep 4/10 | L 0.8792 | Train Acc 0.42 | Prec 0.43 | F1 0.51 | Det Rec 1.00 | Det FA 0.00 | Epoch Time 11.16s (Eval 0.00s, Train 11.16s)
[STATE 2026-04-16 02:37:30] T9 Ep 4/10 complete: Prec 0.4255 F1 0.5116 DetRec 1.0000 DetFA 0.0000 | 11.16s total (0.00s eval/11.16s train)
[STATE 2026-04-16 02:37:30] Task 9 Epoch 5/10: entering train loop
T9 Ep 5/10 | L 0.8546 | Train Acc 0.42 | Prec 0.43 | F1 0.51 | Det Rec 1.00 | Det FA 0.00 | Epoch Time 11.06s (Eval 0.00s, Train 11.06s)
[STATE 2026-04-16 02:37:41] T9 Ep 5/10 complete: Prec 0.4261 F1 0.5099 DetRec 1.0000 DetFA 0.0000 | 11.06s total (0.00s eval/11.06s train)
[STATE 2026-04-16 02:37:41] Task 9 Epoch 6/10: entering train loop
T9 Ep 6/10 | L 0.8392 | Train Acc 0.43 | Prec 0.43 | F1 0.51 | Det Rec 1.00 | Det FA 0.00 | Epoch Time 11.09s (Eval 0.00s, Train 11.09s)
[STATE 2026-04-16 02:37:52] T9 Ep 6/10 complete: Prec 0.4311 F1 0.5135 DetRec 1.0000 DetFA 0.0000 | 11.09s total (0.00s eval/11.09s train)
[STATE 2026-04-16 02:37:52] Task 9 Epoch 7/10: entering train loop
T9 Ep 7/10 | L 0.8330 | Train Acc 0.44 | Prec 0.45 | F1 0.53 | Det Rec 1.00 | Det FA 0.00 | Epoch Time 11.11s (Eval 0.00s, Train 11.11s)
[STATE 2026-04-16 02:38:03] T9 Ep 7/10 complete: Prec 0.4499 F1 0.5274 DetRec 1.0000 DetFA 0.0000 | 11.11s total (0.00s eval/11.11s train)
[STATE 2026-04-16 02:38:03] Task 9 Epoch 8/10: entering train loop
T9 Ep 8/10 | L 0.8229 | Train Acc 0.44 | Prec 0.45 | F1 0.53 | Det Rec 1.00 | Det FA 0.00 | Epoch Time 10.98s (Eval 0.00s, Train 10.98s)
[STATE 2026-04-16 02:38:14] T9 Ep 8/10 complete: Prec 0.4457 F1 0.5267 DetRec 1.0000 DetFA 0.0000 | 10.98s total (0.00s eval/10.98s train)
[STATE 2026-04-16 02:38:14] Task 9 Epoch 9/10: entering train loop
T9 Ep 9/10 | L 0.8160 | Train Acc 0.45 | Prec 0.46 | F1 0.54 | Det Rec 1.00 | Det FA 0.00 | Epoch Time 10.78s (Eval 0.00s, Train 10.78s)
[STATE 2026-04-16 02:38:25] T9 Ep 9/10 complete: Prec 0.4598 F1 0.5402 DetRec 1.0000 DetFA 0.0000 | 10.78s total (0.00s eval/10.78s train)
[STATE 2026-04-16 02:38:25] Task 9 Epoch 10/10: entering train loop
T9 Ep 10/10 | L 0.8114 | Train Acc 0.45 | Prec 0.46 | F1 0.54 | Det Rec 1.00 | Det FA 0.00 | Epoch Time 11.04s (Eval 0.00s, Train 11.04s)
[STATE 2026-04-16 02:38:36] T9 Ep 10/10 complete: Prec 0.4591 F1 0.5377 DetRec 1.0000 DetFA 0.0000 | 11.04s total (0.00s eval/11.04s train)
[STATE 2026-04-16 02:38:36] Task 9: running final validation.
[STATE 2026-04-16 02:52:32] Completed task 9 (10/10)
####Final Validation Accuracy####
Final Results:- 
 Total Recall: 0.0036989976276426265 
 Individual Recall: [0.0, 0.0, 3.704526931910795e-06, 0.004026459382264336, 0.0029631678697126127, 0.0012486519448944241, 0.0009714219713296415, 0.0010514000701925788, 0.0002730279077243962, 0.026452142603376364]
Final Detection Results:- 
 Total Detection: 0.478558893952474 
 Individual Detection: [0.5, 0.5, 0.5000034631554887, 0.4991646696757552, 0.5004093967322786, 0.4413769787937917, 0.44347064191606206, 0.4532881856122335, 0.46169511845869754, 0.4861804851804323]
Final Detection False Alarm:- 
 Total False Alarm: 0.13562309920909812 
 Individual False Alarm: [0.0, 0.0, 0.0, 0.004252146876157106, 0.0019264867744930348, 0.17113325102858873, 0.16081301960942623, 0.20429209741117188, 0.2986881933042717, 0.5151257970868726]
SUMMARY_TR cls_rec=0.4527 cls_prec=0.4591 cls_f1=0.5377 det=0.5043 fa=0.0847
SUMMARY_TE cls_rec=0.0037 cls_prec=0.0038 cls_f1=0.0297 det=0.4786 fa=0.1356
[STATE 2026-04-16 02:52:32] Saving results to logs//rwalk/full-tasks_CIL_all-2026-04-15_22-23-59-1983/0/results
Model size: 0.0289 GB
Memory buffer size: 0.0000 GB
logs//rwalk/full-tasks_CIL_all-2026-04-15_22-23-59-1983/0/results: {'expt_name': 'full-tasks_CIL_all', 'model': 'rwalk', 'arch': 'resnet1d', 'n_hiddens': 100, 'n_layers': 2, 'xav_init': False, 'debug': False, 'use_detector_arch': False, 'inner_steps': 1, 'n_epochs': 10, 'batch_size': 256, 'replay_batch_size': 128, 'memories': 5120, 'lr': 0.001, 'optimizer': 'sgd', 'class_weighted_ce': True, 'cuda': True, 'seed': 0, 'log_every': 10, 'log_dir': 'logs//rwalk/full-tasks_CIL_all-2026-04-15_22-23-59-1983/0', 'tf_dir': 'logs//rwalk/full-tasks_CIL_all-2026-04-15_22-23-59-1983/0/tfdir', 'calc_test_accuracy': False, 'state_logging': True, 'data_path': 'data/rff/radar/full', 'task_order_files': 't2-rcn,t0-rcn,t2-uclresm-25noise,t0-deeprad,t1-deeprad,t1-uclresm-25noise,t3-deeprad,t0-uclresm-25noise,t1-rcn,t2-deeprad', 'loader': 'class_incremental_loader', 'samples_per_task': -1, 'shuffle_tasks': False, 'classes_per_it': 6, 'iterations': 5000, 'dataset': 'iq', 'workers': 0, 'validation': 0.5, 'data_scaling': 'normalize', 'use_iq_aug_features': False, 'iq_aug_feature_type': 'power', 'class_order': 'random', 'increment': 5, 'test_batch_size': 512, 'nc_per_task': None, 'nc_per_task_list': '', 'val_rate': 1000, 'opt_lr': 0.1, 'opt_wt': 0.1, 'alpha_init': 0.001, 'learn_lr': False, 'sync_update': False, 'grad_clip_norm': 5.0, 'meta_batches': 3, 'use_old_task_memory': False, 'second_order': False, 'n_memories': 5120, 'memory_strength': 0, 'steps_per_sample': 1, 'bgd_optimizer': 'sgd', 'optimizer_params': '{}', 'train_mc_iters': 5, 'std_init': 0.05, 'mean_eta': 1, 'fisher_gamma': 0.95, 'rln': 7, 'meta_lr': 0.001, 'update_lr': 0.1, 'ctx_lr': 0.05, 'n_meta': 1, 'temperature': 5.0, 'task_emb': 64, 'noise_label': 54, 'classes_per_task': [5, 6, 5, 6, 6, 5, 5, 5, 6, 5], 'get_samples_per_task': <bound method IncrementalLoader.get_samples_per_task of <dataloaders.class_incremental_loader.IncrementalLoader object at 0x732dc951f2c0>>} # val: 0.171 0.004 -0.167 0.000 # sizes: model_gb=0.0289 mem_gb=0.0000 # 16047.059685707092
[STATE 2026-04-16 02:52:32] results.pt components (approx): state_dict 29.6 MB, result_val_t 0.1 KB, result_val_a 0.8 KB
[STATE 2026-04-16 02:52:32] Results saved; total runtime 4.46h
Total runtime: 4.46 hours
