[STATE 2026-04-12 10:38:26] Enabling terminal logging to logs//lamaml/full-tasks-2_all-10epochs_weighted-loss-2026-04-12_10-38-26-7251/0/terminal.log
New Experiment Starting...
Running model:  lamaml_cifar
[STATE 2026-04-12 10:38:26] Experiment 'full-tasks-2_all-10epochs_weighted-loss' starting with model 'lamaml_cifar' (seed 0)
Set seed 0
t2-rcn.npz train: x=(50362, 1024), y=(50362, 2)
t2-rcn.npz test: x=(16787, 1024), y=(16787, 2)
t2-rcn.npz: applied data scaling mode 'normalize'.
Loaded t2-rcn.npz: Unique train labels: UniqueCountsResult(values=array([-1,  3,  5, 10, 12, 15]), counts=array([24209,  5770,  3030,  2320,  7509,  7524]))
Noise labels ratio in t2-rcn.npz train: 0.24, test: 0.24
Loaded t2-rcn.npz: Remapped labels: [0 1 2 3 4 5]. Size: 50362)
t0-rcn.npz train: x=(51916, 1024), y=(51916, 2)
t0-rcn.npz test: x=(17305, 1024), y=(17305, 2)
t0-rcn.npz: applied data scaling mode 'normalize'.
Loaded t0-rcn.npz: Unique train labels: UniqueCountsResult(values=array([-1,  1,  8,  9, 11, 13, 14]), counts=array([24225,  4268,  2495,  2943,  3015,  7464,  7506]))
Noise labels ratio in t0-rcn.npz train: 0.23, test: 0.23
Loaded t0-rcn.npz: Remapped labels: [ 6  7  8  9 10 11 12]. Size: 51916)
t2-uclresm-25noise.npz train: moved sample axis (3, 350028, 1024) -> (350028, 3, 1024)
t2-uclresm-25noise.npz test: moved sample axis (3, 233351, 1024) -> (233351, 3, 1024)
t2-uclresm-25noise.npz train: x=(350028, 3, 1024), y=(350028,)
t2-uclresm-25noise.npz test: x=(233351, 3, 1024), y=(233351,)
t2-uclresm-25noise.npz: applied data scaling mode 'normalize'.
Loaded t2-uclresm-25noise.npz: Unique train labels: UniqueCountsResult(values=array([-1,  0,  1,  2,  3,  4]), counts=array([87441, 27347, 71754, 64298, 36005, 63183]))
Noise labels ratio in t2-uclresm-25noise.npz train: 0.25, test: 0.25
Loaded t2-uclresm-25noise.npz: Remapped labels: [13 14 15 16 17 18]. Size: 350028)
t0-deeprad.npz train: x=(24480, 1024), y=(24480, 2)
t0-deeprad.npz test: x=(8160, 1024), y=(8160, 2)
t0-deeprad.npz: applied data scaling mode 'normalize'.
Loaded t0-deeprad.npz: Unique train labels: UniqueCountsResult(values=array([-1,  0,  1,  2,  3,  4,  5]), counts=array([12240,  2029,  1983,  2043,  2154,  2015,  2016]))
Noise labels ratio in t0-deeprad.npz train: 0.25, test: 0.25
Loaded t0-deeprad.npz: Remapped labels: [19 20 21 22 23 24 25]. Size: 24480)
t1-deeprad.npz train: x=(24480, 1024), y=(24480, 2)
t1-deeprad.npz test: x=(8160, 1024), y=(8160, 2)
t1-deeprad.npz: applied data scaling mode 'normalize'.
Loaded t1-deeprad.npz: Unique train labels: UniqueCountsResult(values=array([-1,  0,  1,  2,  3,  4,  5]), counts=array([12240,  1988,  2029,  2054,  1988,  2053,  2128]))
Noise labels ratio in t1-deeprad.npz train: 0.25, test: 0.25
Loaded t1-deeprad.npz: Remapped labels: [26 27 28 29 30 31 32]. Size: 24480)
t1-uclresm-25noise.npz train: moved sample axis (3, 201410, 1024) -> (201410, 3, 1024)
t1-uclresm-25noise.npz test: moved sample axis (3, 116291, 1024) -> (116291, 3, 1024)
t1-uclresm-25noise.npz train: x=(201410, 3, 1024), y=(201410,)
t1-uclresm-25noise.npz test: x=(116291, 3, 1024), y=(116291,)
t1-uclresm-25noise.npz: applied data scaling mode 'normalize'.
Loaded t1-uclresm-25noise.npz: Unique train labels: UniqueCountsResult(values=array([-1,  0,  1,  2,  3,  4]), counts=array([43668, 18021, 17838, 18087, 31870, 71926]))
Noise labels ratio in t1-uclresm-25noise.npz train: 0.22, test: 0.25
Loaded t1-uclresm-25noise.npz: Remapped labels: [33 34 35 36 37 38]. Size: 201410)
t3-deeprad.npz train: x=(17340, 1024), y=(17340, 2)
t3-deeprad.npz test: x=(6800, 1024), y=(6800, 2)
t3-deeprad.npz: applied data scaling mode 'normalize'.
Loaded t3-deeprad.npz: Unique train labels: UniqueCountsResult(values=array([-1,  0,  1,  2,  3,  4]), counts=array([8670, 1693, 1677, 1794, 1716, 1790]))
Noise labels ratio in t3-deeprad.npz train: 0.25, test: 0.25
Loaded t3-deeprad.npz: Remapped labels: [39 40 41 42 43 44]. Size: 17340)
t0-uclresm-25noise.npz train: moved sample axis (3, 188050, 1024) -> (188050, 3, 1024)
t0-uclresm-25noise.npz test: moved sample axis (3, 107348, 1024) -> (107348, 3, 1024)
t0-uclresm-25noise.npz train: x=(188050, 3, 1024), y=(188050,)
t0-uclresm-25noise.npz test: x=(107348, 3, 1024), y=(107348,)
t0-uclresm-25noise.npz: applied data scaling mode 'normalize'.
Loaded t0-uclresm-25noise.npz: Unique train labels: UniqueCountsResult(values=array([-1,  0,  1,  2,  3,  4]), counts=array([40144, 32109, 17978, 17979, 18098, 61742]))
Noise labels ratio in t0-uclresm-25noise.npz train: 0.21, test: 0.25
Loaded t0-uclresm-25noise.npz: Remapped labels: [45 46 47 48 49 50]. Size: 188050)
t1-rcn.npz train: x=(36658, 1024), y=(36658, 2)
t1-rcn.npz test: x=(12220, 1024), y=(12220, 2)
t1-rcn.npz: applied data scaling mode 'normalize'.
Loaded t1-rcn.npz: Unique train labels: UniqueCountsResult(values=array([-1,  0,  2,  4,  6,  7, 16]), counts=array([20595,   824,  2087,  2606,  2396,  1716,  6434]))
Noise labels ratio in t1-rcn.npz train: 0.28, test: 0.28
Loaded t1-rcn.npz: Remapped labels: [51 52 53 54 55 56 57]. Size: 36658)
t2-deeprad.npz train: x=(17340, 1024), y=(17340, 2)
t2-deeprad.npz test: x=(6800, 1024), y=(6800, 2)
t2-deeprad.npz: applied data scaling mode 'normalize'.
Loaded t2-deeprad.npz: Unique train labels: UniqueCountsResult(values=array([-1,  0,  1,  2,  3,  4]), counts=array([8670, 1774, 1675, 1777, 1694, 1750]))
Noise labels ratio in t2-deeprad.npz train: 0.25, test: 0.25
Loaded t2-deeprad.npz: Remapped labels: [58 59 60 61 62 63]. Size: 17340)
Built classes_per_task: [6, 7, 6, 7, 7, 6, 6, 6, 7, 6]
Classes per task: [6, 7, 6, 7, 7, 6, 6, 6, 7, 6]
[STATE 2026-04-12 10:39:32] Loader 'task_incremental_loader' ready: 1024 inputs, 64 outputs, 10 tasks
n_outputs: 64 	n_tasks: 10
[STATE 2026-04-12 10:39:32] Logging to logs//lamaml/full-tasks-2_all-10epochs_weighted-loss-2026-04-12_10-38-26-7251/0
True
Model device: cuda:0
[STATE 2026-04-12 10:39:32] Model initialized on device cuda:0
[STATE 2026-04-12 10:39:32] Invoking continual life experience flow
[STATE 2026-04-12 10:39:32] Life experience start: 10 tasks queued
Task 0: 50362 training samples, 16787 test samples.
[STATE 2026-04-12 10:39:32] Task 0: zero-shot validation (pre-train)
---- Zero-shot (pre-train) task 0: rec_cls 0.1216 | prec_cls 0.1235 | f1_cls 0.0945 | det 0.4547 | pfa 0.7882 | total_f1 0.0945 ----
[STATE 2026-04-12 10:39:40] Starting task 0 (1/10)
[STATE 2026-04-12 10:39:40] Task 0 Epoch 1/1: entering train loop
[STATE 2026-04-12 11:23:51] Task 0 Epoch 1/1: running validation (end of epoch)
---- Eval at Epoch 0: cls [0.5609670613250265] | det_recall [0.8271228893867024] | det_fa [0.21884242254483877] ----
T0 Ep 1/1 | L 0.5058 | Train Acc 0.46 | Prec 0.51 | F1 0.38 | Det Rec 0.67 | Det FA 0.50 | Epoch Time 2658.85s (Eval 8.46s, Train 2650.38s)
[STATE 2026-04-12 11:23:59] T0 Ep 1/1 complete: Prec 0.5064 F1 0.3811 DetRec 0.6684 DetFA 0.5040 | 2658.85s total (8.46s eval/2650.38s train)
[STATE 2026-04-12 11:23:59] Task 0: running final validation.
[STATE 2026-04-12 11:24:08] Completed task 0 (1/10)
Task 1: 51916 training samples, 17305 test samples.
[STATE 2026-04-12 11:24:08] Task 1: zero-shot validation (pre-train)
---- Zero-shot (pre-train) task 1: rec_cls 0.2510 | prec_cls 0.1586 | f1_cls 0.0829 | det 0.4994 | pfa 0.9963 | total_f1 0.3104 ----
[STATE 2026-04-12 11:24:25] Starting task 1 (2/10)
[STATE 2026-04-12 11:24:25] Task 1 Epoch 1/1: entering train loop
[STATE 2026-04-12 12:17:23] Task 1 Epoch 1/1: running validation (end of epoch)
---- Eval at Epoch 0: cls [0.19452105690185512, 0.13714009929480303] | det_recall [0.47175743948913074, 0.494500349730502] | det_fa [0.8739846002217481, 0.9073192706751233] ----
T1 Ep 1/1 | L 227451892.7291 | Train Acc 0.15 | Prec 0.09 | F1 0.06 | Det Rec 0.49 | Det FA 0.88 | Epoch Time 3194.83s (Eval 16.13s, Train 3178.70s)
[STATE 2026-04-12 12:17:39] T1 Ep 1/1 complete: Prec 0.0949 F1 0.0645 DetRec 0.4921 DetFA 0.8764 | 3194.83s total (16.13s eval/3178.70s train)
[STATE 2026-04-12 12:17:39] Task 1: running final validation.
[STATE 2026-04-12 12:17:56] Completed task 1 (2/10)
Task 2: 350028 training samples, 175014 test samples.
[STATE 2026-04-12 12:17:56] Task 2: zero-shot validation (pre-train)
---- Zero-shot (pre-train) task 2: rec_cls 0.0062 | prec_cls 0.0680 | f1_cls 0.0754 | det 0.5018 | pfa 0.0287 | total_f1 0.0594 ----
[STATE 2026-04-12 12:19:35] Starting task 2 (3/10)
[STATE 2026-04-12 12:19:35] Task 2 Epoch 1/1: entering train loop
[STATE 2026-04-12 18:19:26] Task 2 Epoch 1/1: running validation (end of epoch)
---- Eval at Epoch 0: cls [0.20031596469159674, 0.1666666666666667, 0.20000000000000126] | det_recall [0.5, 0.5, 0.5] | det_fa [1.0, 1.0, 1.0] ----
T2 Ep 1/1 | L 144171826.1930 | Train Acc 0.20 | Prec 0.03 | F1 0.03 | Det Rec 0.50 | Det FA 1.00 | Epoch Time 21645.08s (Eval 54.96s, Train 21590.12s)
[STATE 2026-04-12 18:20:21] T2 Ep 1/1 complete: Prec 0.0286 F1 0.0315 DetRec 0.5000 DetFA 1.0000 | 21645.08s total (54.96s eval/21590.12s train)
[STATE 2026-04-12 18:20:21] Task 2: running final validation.
[STATE 2026-04-12 18:21:16] Completed task 2 (3/10)
Task 3: 24480 training samples, 8160 test samples.
[STATE 2026-04-12 18:21:16] Task 3: zero-shot validation (pre-train)
---- Zero-shot (pre-train) task 3: rec_cls 0.1671 | prec_cls 0.0621 | f1_cls 0.0243 | det 0.5000 | pfa 1.0000 | total_f1 0.0265 ----
[STATE 2026-04-12 18:22:13] Starting task 3 (4/10)
[STATE 2026-04-12 18:22:13] Task 3 Epoch 1/1: entering train loop
[STATE 2026-04-12 18:29:56] Task 3 Epoch 1/1: running validation (end of epoch)
---- Eval at Epoch 0: cls [0.19672979648354924, 0.1666666666666667, 0.20000000000000126, 0.16666666666666663] | det_recall [0.5, 0.5, 0.5, 0.5] | det_fa [1.0, 1.0, 1.0, 1.0] ----
T3 Ep 1/1 | L 324896643.3333 | Train Acc 0.16 | Prec 0.03 | F1 0.02 | Det Rec 0.50 | Det FA 0.99 | Epoch Time 519.76s (Eval 57.29s, Train 462.48s)
[STATE 2026-04-12 18:30:53] T3 Ep 1/1 complete: Prec 0.0293 F1 0.0242 DetRec 0.5006 DetFA 0.9866 | 519.76s total (57.29s eval/462.48s train)
[STATE 2026-04-12 18:30:53] Task 3: running final validation.
[STATE 2026-04-12 18:31:50] Completed task 3 (4/10)
Task 4: 24480 training samples, 8160 test samples.
[STATE 2026-04-12 18:31:50] Task 4: zero-shot validation (pre-train)
---- Zero-shot (pre-train) task 4: rec_cls 0.1291 | prec_cls 0.0625 | f1_cls 0.0356 | det 0.5000 | pfa 1.0000 | total_f1 0.0283 ----
[STATE 2026-04-12 18:32:50] Starting task 4 (5/10)
[STATE 2026-04-12 18:32:50] Task 4 Epoch 1/1: entering train loop
[STATE 2026-04-12 18:40:30] Task 4 Epoch 1/1: running validation (end of epoch)
---- Eval at Epoch 0: cls [0.2000000000000001, 0.1666666666666667, 0.20000000000000126, 0.16666666666666663, 0.16666666666666663] | det_recall [0.5, 0.5, 0.5, 0.5, 0.5] | det_fa [1.0, 1.0, 1.0, 1.0, 1.0] ----
T4 Ep 1/1 | L 325059391.3333 | Train Acc 0.17 | Prec 0.03 | F1 0.02 | Det Rec 0.50 | Det FA 1.00 | Epoch Time 519.64s (Eval 59.35s, Train 460.29s)
[STATE 2026-04-12 18:41:29] T4 Ep 1/1 complete: Prec 0.0280 F1 0.0221 DetRec 0.5000 DetFA 1.0000 | 519.64s total (59.35s eval/460.29s train)
[STATE 2026-04-12 18:41:29] Task 4: running final validation.
[STATE 2026-04-12 18:42:29] Completed task 4 (5/10)
Task 5: 201410 training samples, 100705 test samples.
[STATE 2026-04-12 18:42:29] Task 5: zero-shot validation (pre-train)
---- Zero-shot (pre-train) task 5: rec_cls 0.1974 | prec_cls 0.1820 | f1_cls 0.0754 | det 0.5000 | pfa 0.9952 | total_f1 0.0332 ----
[STATE 2026-04-12 18:43:55] Starting task 5 (6/10)
[STATE 2026-04-12 18:43:55] Task 5 Epoch 1/1: entering train loop
[STATE 2026-04-12 19:51:44] Task 5 Epoch 1/1: running validation (end of epoch)
---- Eval at Epoch 0: cls [0.2000000000000001, 0.1666666666666667, 0.20000000000000126, 0.16666666666666663, 0.16666666666666663, 0.2000000000000001] | det_recall [0.5, 0.5, 0.5, 0.5, 0.5, 0.5] | det_fa [1.0, 1.0, 1.0, 1.0, 1.0, 1.0] ----
T5 Ep 1/1 | L 277687519.4104 | Train Acc 0.20 | Prec 0.03 | F1 0.03 | Det Rec 0.50 | Det FA 0.99 | Epoch Time 4154.76s (Eval 85.81s, Train 4068.96s)
[STATE 2026-04-12 19:53:10] T5 Ep 1/1 complete: Prec 0.0250 F1 0.0292 DetRec 0.5000 DetFA 0.9947 | 4154.76s total (85.81s eval/4068.96s train)
[STATE 2026-04-12 19:53:10] Task 5: running final validation.
[STATE 2026-04-12 19:54:35] Completed task 5 (6/10)
Task 6: 17340 training samples, 6800 test samples.
[STATE 2026-04-12 19:54:35] Task 6: zero-shot validation (pre-train)
---- Zero-shot (pre-train) task 6: rec_cls 0.2000 | prec_cls 0.0372 | f1_cls 0.0283 | det 0.5000 | pfa 1.0000 | total_f1 0.0240 ----
[STATE 2026-04-12 19:56:03] Starting task 6 (7/10)
[STATE 2026-04-12 19:56:03] Task 6 Epoch 1/1: entering train loop
[STATE 2026-04-12 20:01:31] Task 6 Epoch 1/1: running validation (end of epoch)
---- Eval at Epoch 0: cls [0.2000000000000001, 0.1666666666666667, 0.20000000000000126, 0.16666666666666663, 0.16666666666666663, 0.2000000000000001, 0.2] | det_recall [0.5, 0.5, 0.5, 0.5, 0.5, 0.5, 0.5] | det_fa [1.0, 1.0, 1.0, 1.0, 1.0, 1.0, 1.0] ----
T6 Ep 1/1 | L 330541744.0000 | Train Acc 0.20 | Prec 0.04 | F1 0.03 | Det Rec 0.50 | Det FA 1.00 | Epoch Time 415.76s (Eval 87.62s, Train 328.14s)
[STATE 2026-04-12 20:02:59] T6 Ep 1/1 complete: Prec 0.0415 F1 0.0312 DetRec 0.5000 DetFA 1.0000 | 415.76s total (87.62s eval/328.14s train)
[STATE 2026-04-12 20:02:59] Task 6: running final validation.
[STATE 2026-04-12 20:04:26] Completed task 6 (7/10)
Task 7: 188050 training samples, 94025 test samples.
[STATE 2026-04-12 20:04:27] Task 7: zero-shot validation (pre-train)
---- Zero-shot (pre-train) task 7: rec_cls 0.2002 | prec_cls 0.0957 | f1_cls 0.0410 | det 0.5000 | pfa 1.0000 | total_f1 0.0261 ----
[STATE 2026-04-12 20:06:19] Starting task 7 (8/10)
[STATE 2026-04-12 20:06:19] Task 7 Epoch 1/1: entering train loop
[STATE 2026-04-12 21:09:36] Task 7 Epoch 1/1: running validation (end of epoch)
---- Eval at Epoch 0: cls [0.2000000000000001, 0.1938503390008561, 0.20000000000000126, 0.16666666666666663, 0.16666666666666663, 0.2000000000000001, 0.2, 0.1999999999999999] | det_recall [0.5, 0.5, 0.5, 0.5, 0.5, 0.5, 0.5, 0.5] | det_fa [1.0, 1.0, 1.0, 1.0, 1.0, 1.0, 1.0, 1.0] ----
T7 Ep 1/1 | L 297700233.7959 | Train Acc 0.20 | Prec 0.05 | F1 0.05 | Det Rec 0.50 | Det FA 1.00 | Epoch Time 3909.32s (Eval 112.22s, Train 3797.10s)
[STATE 2026-04-12 21:11:28] T7 Ep 1/1 complete: Prec 0.0450 F1 0.0473 DetRec 0.5000 DetFA 1.0000 | 3909.32s total (112.22s eval/3797.10s train)
[STATE 2026-04-12 21:11:28] Task 7: running final validation.
[STATE 2026-04-12 21:13:21] Completed task 7 (8/10)
Task 8: 36658 training samples, 12220 test samples.
[STATE 2026-04-12 21:13:21] Task 8: zero-shot validation (pre-train)
---- Zero-shot (pre-train) task 8: rec_cls 0.1637 | prec_cls 0.0247 | f1_cls 0.0170 | det 0.5000 | pfa 1.0000 | total_f1 0.0285 ----
[STATE 2026-04-12 21:15:17] Starting task 8 (9/10)
[STATE 2026-04-12 21:15:17] Task 8 Epoch 1/1: entering train loop
[STATE 2026-04-12 21:26:48] Task 8 Epoch 1/1: running validation (end of epoch)
---- Eval at Epoch 0: cls [0.2000000000000001, 0.20835995677276697, 0.20000000000000126, 0.16666666666666663, 0.16666666666666663, 0.2000000000000001, 0.2, 0.1999999999999999, 0.1666666666666666] | det_recall [0.5, 0.5, 0.5, 0.5, 0.5, 0.5, 0.5, 0.5, 0.5] | det_fa [1.0, 1.0, 1.0, 1.0, 1.0, 1.0, 1.0, 1.0, 1.0] ----
T8 Ep 1/1 | L 329727642.0000 | Train Acc 0.17 | Prec 0.07 | F1 0.04 | Det Rec 0.50 | Det FA 0.99 | Epoch Time 806.45s (Eval 115.66s, Train 690.79s)
[STATE 2026-04-12 21:28:43] T8 Ep 1/1 complete: Prec 0.0655 F1 0.0425 DetRec 0.4999 DetFA 0.9944 | 806.45s total (115.66s eval/690.79s train)
[STATE 2026-04-12 21:28:43] Task 8: running final validation.
[STATE 2026-04-12 21:30:39] Completed task 8 (9/10)
Task 9: 17340 training samples, 6800 test samples.
[STATE 2026-04-12 21:30:39] Task 9: zero-shot validation (pre-train)
---- Zero-shot (pre-train) task 9: rec_cls 0.1999 | prec_cls 0.0477 | f1_cls 0.0330 | det 0.5000 | pfa 1.0000 | total_f1 0.0324 ----
[STATE 2026-04-12 21:32:37] Starting task 9 (10/10)
[STATE 2026-04-12 21:32:37] Task 9 Epoch 1/1: entering train loop
[STATE 2026-04-12 21:38:03] Task 9 Epoch 1/1: running validation (end of epoch)
---- Eval at Epoch 0: cls [0.2000000000000001, 0.19252267188258143, 0.20000000000000126, 0.16666666666666663, 0.16666666666666663, 0.2000000000000001, 0.2, 0.1999999999999999, 0.1666666666666666, 0.2] | det_recall [0.5, 0.5, 0.5, 0.5, 0.5, 0.5, 0.5, 0.5, 0.5, 0.5] | det_fa [1.0, 1.0, 1.0, 1.0, 1.0, 1.0, 1.0, 1.0, 1.0, 1.0] ----
T9 Ep 1/1 | L 331813791.0588 | Train Acc 0.20 | Prec 0.04 | F1 0.03 | Det Rec 0.50 | Det FA 1.00 | Epoch Time 443.48s (Eval 117.42s, Train 326.06s)
[STATE 2026-04-12 21:40:00] T9 Ep 1/1 complete: Prec 0.0425 F1 0.0319 DetRec 0.5000 DetFA 1.0000 | 443.48s total (117.42s eval/326.06s train)
[STATE 2026-04-12 21:40:00] Task 9: running final validation.
[STATE 2026-04-12 21:41:58] Completed task 9 (10/10)
####Final Validation Accuracy####
Final Results:- 
 Total Recall: 0.1892496325907983 
 Individual Recall: [0.2000000000000001, 0.19249632590798185, 0.20000000000000126, 0.16666666666666663, 0.16666666666666663, 0.2000000000000001, 0.2, 0.1999999999999999, 0.1666666666666666, 0.2]
Final Detection Results:- 
 Total Detection: 0.5 
 Individual Detection: [0.5, 0.5, 0.5, 0.5, 0.5, 0.5, 0.5, 0.5, 0.5, 0.5]
Final Detection False Alarm:- 
 Total False Alarm: 1.0 
 Individual False Alarm: [1.0, 1.0, 1.0, 1.0, 1.0, 1.0, 1.0, 1.0, 1.0, 1.0]
SUMMARY_TR cls_rec=0.2003 cls_prec=0.0425 cls_f1=0.0319 det=0.5000 fa=1.0000
SUMMARY_TE cls_rec=0.1892 cls_prec=0.0425 cls_f1=0.0312 det=0.5000 fa=1.0000
[STATE 2026-04-12 21:41:58] Saving results to logs//lamaml/full-tasks-2_all-10epochs_weighted-loss-2026-04-12_10-38-26-7251/0/results
Model size: 0.0289 GB
Memory buffer size: 0.0000 GB
logs//lamaml/full-tasks-2_all-10epochs_weighted-loss-2026-04-12_10-38-26-7251/0/results: {'expt_name': 'full-tasks-2_all-10epochs_weighted-loss', 'model': 'lamaml_cifar', 'arch': 'resnet1d', 'n_hiddens': 100, 'n_layers': 2, 'xav_init': False, 'debug': False, 'use_detector_arch': False, 'inner_steps': 2, 'n_epochs': 1, 'batch_size': 256, 'replay_batch_size': 128, 'memories': 5120, 'lr': 0.001, 'optimizer': 'sgd', 'class_weighted_ce': True, 'cuda': True, 'seed': 0, 'log_every': 10, 'log_dir': 'logs//lamaml/full-tasks-2_all-10epochs_weighted-loss-2026-04-12_10-38-26-7251/0', 'tf_dir': 'logs//lamaml/full-tasks-2_all-10epochs_weighted-loss-2026-04-12_10-38-26-7251/0/tfdir', 'calc_test_accuracy': False, 'state_logging': True, 'data_path': 'data/rff/radar/full', 'task_order_files': 't2-rcn,t0-rcn,t2-uclresm-25noise,t0-deeprad,t1-deeprad,t1-uclresm-25noise,t3-deeprad,t0-uclresm-25noise,t1-rcn,t2-deeprad', 'loader': 'task_incremental_loader', 'samples_per_task': -1, 'shuffle_tasks': False, 'classes_per_it': 6, 'iterations': 5000, 'dataset': 'iq', 'workers': 0, 'validation': 0.5, 'data_scaling': 'normalize', 'use_iq_aug_features': False, 'iq_aug_feature_type': 'power', 'class_order': 'random', 'increment': 5, 'test_batch_size': 512, 'nc_per_task': None, 'nc_per_task_list': '', 'val_rate': 1000, 'opt_lr': 0.1, 'opt_wt': 0.1, 'alpha_init': 0.1, 'learn_lr': True, 'sync_update': False, 'grad_clip_norm': 5.0, 'meta_batches': 3, 'use_old_task_memory': False, 'second_order': True, 'n_memories': 5120, 'memory_strength': 0, 'steps_per_sample': 1, 'bgd_optimizer': 'sgd', 'optimizer_params': '{}', 'train_mc_iters': 5, 'std_init': 0.05, 'mean_eta': 1, 'fisher_gamma': 0.95, 'rln': 7, 'meta_lr': 0.001, 'update_lr': 0.1, 'ctx_lr': 0.05, 'n_meta': 1, 'temperature': 5.0, 'task_emb': 64, 'classes_per_task': [6, 7, 6, 7, 7, 6, 6, 6, 7, 6], 'get_samples_per_task': <bound method IncrementalLoader.get_samples_per_task of <dataloaders.task_incremental_loader.IncrementalLoader object at 0x71b569f78940>>} # val: 0.220 0.189 -0.031 0.000 # sizes: model_gb=0.0289 mem_gb=0.0000 # 39745.546820640564
[STATE 2026-04-12 21:41:58] results.pt components (approx): state_dict 29.6 MB, result_val_t 0.1 KB, result_val_a 0.8 KB
[STATE 2026-04-12 21:41:58] Results saved; total runtime 11.04h
Total runtime: 11.04 hours
