[STATE 2026-04-12 14:38:15] Enabling terminal logging to logs//hat/full-tasks-2_all-10epochs_weighted-loss-2026-04-12_14-38-15-8953/0/terminal.log
New Experiment Starting...
Running model:  hat
[STATE 2026-04-12 14:38:15] Experiment 'full-tasks-2_all-10epochs_weighted-loss' starting with model 'hat' (seed 0)
Set seed 0
t2-rcn.npz train: x=(50362, 1024), y=(50362, 2)
t2-rcn.npz test: x=(16787, 1024), y=(16787, 2)
t2-rcn.npz: applied data scaling mode 'normalize'.
Loaded t2-rcn.npz: Unique train labels: UniqueCountsResult(values=array([-1,  3,  5, 10, 12, 15]), counts=array([24209,  5770,  3030,  2320,  7509,  7524]))
Noise labels ratio in t2-rcn.npz train: 0.24, test: 0.24
Loaded t2-rcn.npz: Remapped labels: [0 1 2 3 4 5]. Size: 50362)
t0-rcn.npz train: x=(51916, 1024), y=(51916, 2)
t0-rcn.npz test: x=(17305, 1024), y=(17305, 2)
t0-rcn.npz: applied data scaling mode 'normalize'.
Loaded t0-rcn.npz: Unique train labels: UniqueCountsResult(values=array([-1,  1,  8,  9, 11, 13, 14]), counts=array([24225,  4268,  2495,  2943,  3015,  7464,  7506]))
Noise labels ratio in t0-rcn.npz train: 0.23, test: 0.23
Loaded t0-rcn.npz: Remapped labels: [ 6  7  8  9 10 11 12]. Size: 51916)
t2-uclresm-25noise.npz train: moved sample axis (3, 350028, 1024) -> (350028, 3, 1024)
t2-uclresm-25noise.npz test: moved sample axis (3, 233351, 1024) -> (233351, 3, 1024)
t2-uclresm-25noise.npz train: x=(350028, 3, 1024), y=(350028,)
t2-uclresm-25noise.npz test: x=(233351, 3, 1024), y=(233351,)
t2-uclresm-25noise.npz: applied data scaling mode 'normalize'.
Loaded t2-uclresm-25noise.npz: Unique train labels: UniqueCountsResult(values=array([-1,  0,  1,  2,  3,  4]), counts=array([87441, 27347, 71754, 64298, 36005, 63183]))
Noise labels ratio in t2-uclresm-25noise.npz train: 0.25, test: 0.25
Loaded t2-uclresm-25noise.npz: Remapped labels: [13 14 15 16 17 18]. Size: 350028)
t0-deeprad.npz train: x=(24480, 1024), y=(24480, 2)
t0-deeprad.npz test: x=(8160, 1024), y=(8160, 2)
t0-deeprad.npz: applied data scaling mode 'normalize'.
Loaded t0-deeprad.npz: Unique train labels: UniqueCountsResult(values=array([-1,  0,  1,  2,  3,  4,  5]), counts=array([12240,  2029,  1983,  2043,  2154,  2015,  2016]))
Noise labels ratio in t0-deeprad.npz train: 0.25, test: 0.25
Loaded t0-deeprad.npz: Remapped labels: [19 20 21 22 23 24 25]. Size: 24480)
t1-deeprad.npz train: x=(24480, 1024), y=(24480, 2)
t1-deeprad.npz test: x=(8160, 1024), y=(8160, 2)
t1-deeprad.npz: applied data scaling mode 'normalize'.
Loaded t1-deeprad.npz: Unique train labels: UniqueCountsResult(values=array([-1,  0,  1,  2,  3,  4,  5]), counts=array([12240,  1988,  2029,  2054,  1988,  2053,  2128]))
Noise labels ratio in t1-deeprad.npz train: 0.25, test: 0.25
Loaded t1-deeprad.npz: Remapped labels: [26 27 28 29 30 31 32]. Size: 24480)
t1-uclresm-25noise.npz train: moved sample axis (3, 201410, 1024) -> (201410, 3, 1024)
t1-uclresm-25noise.npz test: moved sample axis (3, 116291, 1024) -> (116291, 3, 1024)
t1-uclresm-25noise.npz train: x=(201410, 3, 1024), y=(201410,)
t1-uclresm-25noise.npz test: x=(116291, 3, 1024), y=(116291,)
t1-uclresm-25noise.npz: applied data scaling mode 'normalize'.
Loaded t1-uclresm-25noise.npz: Unique train labels: UniqueCountsResult(values=array([-1,  0,  1,  2,  3,  4]), counts=array([43668, 18021, 17838, 18087, 31870, 71926]))
Noise labels ratio in t1-uclresm-25noise.npz train: 0.22, test: 0.25
Loaded t1-uclresm-25noise.npz: Remapped labels: [33 34 35 36 37 38]. Size: 201410)
t3-deeprad.npz train: x=(17340, 1024), y=(17340, 2)
t3-deeprad.npz test: x=(6800, 1024), y=(6800, 2)
t3-deeprad.npz: applied data scaling mode 'normalize'.
Loaded t3-deeprad.npz: Unique train labels: UniqueCountsResult(values=array([-1,  0,  1,  2,  3,  4]), counts=array([8670, 1693, 1677, 1794, 1716, 1790]))
Noise labels ratio in t3-deeprad.npz train: 0.25, test: 0.25
Loaded t3-deeprad.npz: Remapped labels: [39 40 41 42 43 44]. Size: 17340)
t0-uclresm-25noise.npz train: moved sample axis (3, 188050, 1024) -> (188050, 3, 1024)
t0-uclresm-25noise.npz test: moved sample axis (3, 107348, 1024) -> (107348, 3, 1024)
t0-uclresm-25noise.npz train: x=(188050, 3, 1024), y=(188050,)
t0-uclresm-25noise.npz test: x=(107348, 3, 1024), y=(107348,)
t0-uclresm-25noise.npz: applied data scaling mode 'normalize'.
Loaded t0-uclresm-25noise.npz: Unique train labels: UniqueCountsResult(values=array([-1,  0,  1,  2,  3,  4]), counts=array([40144, 32109, 17978, 17979, 18098, 61742]))
Noise labels ratio in t0-uclresm-25noise.npz train: 0.21, test: 0.25
Loaded t0-uclresm-25noise.npz: Remapped labels: [45 46 47 48 49 50]. Size: 188050)
t1-rcn.npz train: x=(36658, 1024), y=(36658, 2)
t1-rcn.npz test: x=(12220, 1024), y=(12220, 2)
t1-rcn.npz: applied data scaling mode 'normalize'.
Loaded t1-rcn.npz: Unique train labels: UniqueCountsResult(values=array([-1,  0,  2,  4,  6,  7, 16]), counts=array([20595,   824,  2087,  2606,  2396,  1716,  6434]))
Noise labels ratio in t1-rcn.npz train: 0.28, test: 0.28
Loaded t1-rcn.npz: Remapped labels: [51 52 53 54 55 56 57]. Size: 36658)
t2-deeprad.npz train: x=(17340, 1024), y=(17340, 2)
t2-deeprad.npz test: x=(6800, 1024), y=(6800, 2)
t2-deeprad.npz: applied data scaling mode 'normalize'.
Loaded t2-deeprad.npz: Unique train labels: UniqueCountsResult(values=array([-1,  0,  1,  2,  3,  4]), counts=array([8670, 1774, 1675, 1777, 1694, 1750]))
Noise labels ratio in t2-deeprad.npz train: 0.25, test: 0.25
Loaded t2-deeprad.npz: Remapped labels: [58 59 60 61 62 63]. Size: 17340)
Built classes_per_task: [6, 7, 6, 7, 7, 6, 6, 6, 7, 6]
Classes per task: [6, 7, 6, 7, 7, 6, 6, 6, 7, 6]
[STATE 2026-04-12 14:39:20] Loader 'task_incremental_loader' ready: 1024 inputs, 64 outputs, 10 tasks
n_outputs: 64 	n_tasks: 10
[STATE 2026-04-12 14:39:20] Logging to logs//hat/full-tasks-2_all-10epochs_weighted-loss-2026-04-12_14-38-15-8953/0
True
Model device: cuda:0
[STATE 2026-04-12 14:39:21] Model initialized on device cuda:0
[STATE 2026-04-12 14:39:21] Invoking continual life experience flow
[STATE 2026-04-12 14:39:21] Life experience start: 10 tasks queued
Task 0: 50362 training samples, 16787 test samples.
[STATE 2026-04-12 14:39:21] Task 0: zero-shot validation (pre-train)
---- Zero-shot (pre-train) task 0: rec_cls 0.2000 | prec_cls 0.0574 | f1_cls 0.0430 | det 0.5000 | pfa 1.0000 | total_f1 0.0430 ----
[STATE 2026-04-12 14:39:26] Starting task 0 (1/10)
[STATE 2026-04-12 14:39:26] Task 0 Epoch 1/1: entering train loop
[STATE 2026-04-12 14:41:10] Task 0 Epoch 1/1: running validation (end of epoch)
---- Eval at Epoch 0: cls [0.6786446244778901] | det_recall [0.5027354747330985] | det_fa [0.9943010922176093] ----
T0 Ep 1/1 | L 1.6110 | Train Acc 0.29 | Prec 0.22 | F1 0.17 | Det Rec 0.56 | Det FA 0.86 | Epoch Time 109.77s (Eval 6.09s, Train 103.68s)
[STATE 2026-04-12 14:41:16] T0 Ep 1/1 complete: Prec 0.2216 F1 0.1664 DetRec 0.5585 DetFA 0.8642 | 109.77s total (6.09s eval/103.68s train)
[STATE 2026-04-12 14:41:16] Task 0: running final validation.
[STATE 2026-04-12 14:41:21] Completed task 0 (1/10)
Task 1: 51916 training samples, 17305 test samples.
[STATE 2026-04-12 14:41:21] Task 1: zero-shot validation (pre-train)
---- Zero-shot (pre-train) task 1: rec_cls 0.1650 | prec_cls 0.0499 | f1_cls 0.0365 | det 0.5000 | pfa 1.0000 | total_f1 0.2299 ----
[STATE 2026-04-12 14:41:33] Starting task 1 (2/10)
[STATE 2026-04-12 14:41:33] Task 1 Epoch 1/1: entering train loop
[STATE 2026-04-12 14:43:17] Task 1 Epoch 1/1: running validation (end of epoch)
---- Eval at Epoch 0: cls [0.5557818371758418, 0.64903936915409] | det_recall [0.4946479001177452, 0.5019990504898082] | det_fa [0.985972544014565, 0.9899348086752431] ----
T1 Ep 1/1 | L 1.8361 | Train Acc 0.28 | Prec 0.23 | F1 0.14 | Det Rec 0.51 | Det FA 0.98 | Epoch Time 115.21s (Eval 11.34s, Train 103.87s)
[STATE 2026-04-12 14:43:28] T1 Ep 1/1 complete: Prec 0.2342 F1 0.1370 DetRec 0.5084 DetFA 0.9784 | 115.21s total (11.34s eval/103.87s train)
[STATE 2026-04-12 14:43:28] Task 1: running final validation.
[STATE 2026-04-12 14:43:39] Completed task 1 (2/10)
Task 2: 350028 training samples, 175014 test samples.
[STATE 2026-04-12 14:43:40] Task 2: zero-shot validation (pre-train)
---- Zero-shot (pre-train) task 2: rec_cls 0.1987 | prec_cls 0.1214 | f1_cls 0.0721 | det 0.5000 | pfa 1.0000 | total_f1 0.2766 ----
[STATE 2026-04-12 14:44:49] Starting task 2 (3/10)
[STATE 2026-04-12 14:44:49] Task 2 Epoch 1/1: entering train loop
[STATE 2026-04-12 14:56:38] Task 2 Epoch 1/1: running validation (end of epoch)
---- Eval at Epoch 0: cls [0.4243407876846653, 0.1666666666666667, 0.2472320676939252] | det_recall [0.48463252617492, 0.5, 0.7509198135563288] | det_fa [0.966390741200978, 1.0, 0.4929088581296186] ----
T2 Ep 1/1 | L 1.9480 | Train Acc 0.18 | Prec 0.13 | F1 0.14 | Det Rec 0.59 | Det FA 0.64 | Epoch Time 777.87s (Eval 69.02s, Train 708.84s)
[STATE 2026-04-12 14:57:47] T2 Ep 1/1 complete: Prec 0.1312 F1 0.1437 DetRec 0.5889 DetFA 0.6419 | 777.87s total (69.02s eval/708.84s train)
[STATE 2026-04-12 14:57:47] Task 2: running final validation.
[STATE 2026-04-12 14:58:54] Completed task 2 (3/10)
Task 3: 24480 training samples, 8160 test samples.
[STATE 2026-04-12 14:58:54] Task 3: zero-shot validation (pre-train)
---- Zero-shot (pre-train) task 3: rec_cls 0.1667 | prec_cls 0.0274 | f1_cls 0.0217 | det 0.5000 | pfa 1.0000 | total_f1 0.1582 ----
[STATE 2026-04-12 15:00:06] Starting task 3 (4/10)
[STATE 2026-04-12 15:00:06] Task 3 Epoch 1/1: entering train loop
[STATE 2026-04-12 15:00:56] Task 3 Epoch 1/1: running validation (end of epoch)
---- Eval at Epoch 0: cls [0.2933275209164006, 0.1666666666666667, 0.2003121387862649, 0.5673955524003826] | det_recall [0.47921330490487574, 0.5, 0.5000061880021869, 0.9974053366279052] | det_fa [0.9720958132777068, 1.0, 0.999888731221887, 0.003950713960405299] ----
T3 Ep 1/1 | L 1.4974 | Train Acc 0.30 | Prec 0.21 | F1 0.17 | Det Rec 0.59 | Det FA 0.82 | Epoch Time 120.48s (Eval 70.82s, Train 49.66s)
[STATE 2026-04-12 15:02:06] T3 Ep 1/1 complete: Prec 0.2128 F1 0.1748 DetRec 0.5874 DetFA 0.8247 | 120.48s total (70.82s eval/49.66s train)
[STATE 2026-04-12 15:02:06] Task 3: running final validation.
[STATE 2026-04-12 15:03:17] Completed task 3 (4/10)
Task 4: 24480 training samples, 8160 test samples.
[STATE 2026-04-12 15:03:17] Task 4: zero-shot validation (pre-train)
---- Zero-shot (pre-train) task 4: rec_cls 0.0000 | prec_cls 0.0000 | f1_cls 0.0952 | det 0.5000 | pfa 0.0000 | total_f1 0.1825 ----
[STATE 2026-04-12 15:04:32] Starting task 4 (5/10)
[STATE 2026-04-12 15:04:32] Task 4 Epoch 1/1: entering train loop
[STATE 2026-04-12 15:05:21] Task 4 Epoch 1/1: running validation (end of epoch)
---- Eval at Epoch 0: cls [0.4557129438047911, 0.1666666666666667, 0.21255563549975703, 0.3692464109857318, 0.30942181129680996] | det_recall [0.4939563902656441, 0.5, 0.520027677541187, 0.9974171737491173, 1.0] | det_fa [0.9896111102426394, 1.0, 0.9582301657925029, 0.003927039717981057, 0.0] ----
T4 Ep 1/1 | L 1.7452 | Train Acc 0.18 | Prec 0.12 | F1 0.19 | Det Rec 0.78 | Det FA 0.26 | Epoch Time 122.77s (Eval 73.98s, Train 48.79s)
[STATE 2026-04-12 15:06:35] T4 Ep 1/1 complete: Prec 0.1217 F1 0.1870 DetRec 0.7773 DetFA 0.2604 | 122.77s total (73.98s eval/48.79s train)
[STATE 2026-04-12 15:06:35] Task 4: running final validation.
[STATE 2026-04-12 15:07:48] Completed task 4 (5/10)
Task 5: 201410 training samples, 100705 test samples.
[STATE 2026-04-12 15:07:49] Task 5: zero-shot validation (pre-train)
---- Zero-shot (pre-train) task 5: rec_cls 0.0000 | prec_cls 0.0000 | f1_cls 0.0665 | det 0.5000 | pfa 0.0000 | total_f1 0.1964 ----
[STATE 2026-04-12 15:09:36] Starting task 5 (6/10)
[STATE 2026-04-12 15:09:36] Task 5 Epoch 1/1: entering train loop
[STATE 2026-04-12 15:16:24] Task 5 Epoch 1/1: running validation (end of epoch)
---- Eval at Epoch 0: cls [0.325393478961991, 0.1666666666666667, 0.20788530109104977, 0.3653889262832272, 0.17529542081242097, 0.4924298062840742] | det_recall [0.49874151038397424, 0.5, 0.4996548986293615, 0.9976410999292288, 1.0, 0.7609023330806981] | det_fa [0.9911121982653333, 1.0, 0.9999792625772469, 0.00023674242424242425, 0.0, 0.47301611712247005] ----
T5 Ep 1/1 | L 1.8493 | Train Acc 0.21 | Prec 0.19 | F1 0.17 | Det Rec 0.59 | Det FA 0.55 | Epoch Time 513.99s (Eval 106.58s, Train 407.40s)
[STATE 2026-04-12 15:18:10] T5 Ep 1/1 complete: Prec 0.1903 F1 0.1686 DetRec 0.5861 DetFA 0.5463 | 513.99s total (106.58s eval/407.40s train)
[STATE 2026-04-12 15:18:10] Task 5: running final validation.
[STATE 2026-04-12 15:19:57] Completed task 5 (6/10)
Task 6: 17340 training samples, 6800 test samples.
[STATE 2026-04-12 15:19:57] Task 6: zero-shot validation (pre-train)
---- Zero-shot (pre-train) task 6: rec_cls 0.2000 | prec_cls 0.0406 | f1_cls 0.0307 | det 0.5000 | pfa 1.0000 | total_f1 0.1831 ----
[STATE 2026-04-12 15:21:47] Starting task 6 (7/10)
[STATE 2026-04-12 15:21:47] Task 6 Epoch 1/1: entering train loop
[STATE 2026-04-12 15:22:21] Task 6 Epoch 1/1: running validation (end of epoch)
---- Eval at Epoch 0: cls [0.3817168614427485, 0.1666666666666667, 0.20778456165501957, 0.2918761934515306, 0.17293571022803828, 0.1997958558535169, 0.47513742225067207] | det_recall [0.4996939673402361, 0.5, 0.49952585679892686, 0.9977763881648454, 1.0, 0.6364538294951094, 0.9983141565132152] | det_fa [0.995799978909162, 1.0, 1.0, 0.00023674242424242425, 0.0, 0.7270923410097818, 0.0033716869735695297] ----
T6 Ep 1/1 | L 1.5451 | Train Acc 0.30 | Prec 0.19 | F1 0.18 | Det Rec 0.64 | Det FA 0.72 | Epoch Time 143.98s (Eval 109.77s, Train 34.22s)
[STATE 2026-04-12 15:24:11] T6 Ep 1/1 complete: Prec 0.1878 F1 0.1823 DetRec 0.6386 DetFA 0.7228 | 143.98s total (109.77s eval/34.22s train)
[STATE 2026-04-12 15:24:11] Task 6: running final validation.
[STATE 2026-04-12 15:25:59] Completed task 6 (7/10)
Task 7: 188050 training samples, 94025 test samples.
[STATE 2026-04-12 15:26:00] Task 7: zero-shot validation (pre-train)
---- Zero-shot (pre-train) task 7: rec_cls 0.2000 | prec_cls 0.0168 | f1_cls 0.0173 | det 0.5000 | pfa 1.0000 | total_f1 0.1817 ----
[STATE 2026-04-12 15:28:20] Starting task 7 (8/10)
[STATE 2026-04-12 15:28:20] Task 7 Epoch 1/1: entering train loop
[STATE 2026-04-12 15:34:41] Task 7 Epoch 1/1: running validation (end of epoch)
---- Eval at Epoch 0: cls [0.4638900115648754, 0.1666666666666667, 0.2102102325406123, 0.2993350462151848, 0.17558465483800711, 0.19988299573692667, 0.20397017355942393, 0.37314746099843216] | det_recall [0.48933654232027973, 0.5, 0.49996377168485223, 0.9949128770716396, 1.0, 0.4999546055632054, 1.0, 0.7249888747965221] | det_fa [0.983187447643018, 1.0, 0.9994519355235522, 0.0, 0.0, 0.9998123314896422, 0.0, 0.5498498024418211] ----
T7 Ep 1/1 | L 1.8434 | Train Acc 0.08 | Prec 0.10 | F1 0.12 | Det Rec 0.56 | Det FA 0.16 | Epoch Time 521.41s (Eval 140.64s, Train 380.76s)
[STATE 2026-04-12 15:37:02] T7 Ep 1/1 complete: Prec 0.1027 F1 0.1205 DetRec 0.5568 DetFA 0.1623 | 521.41s total (140.64s eval/380.76s train)
[STATE 2026-04-12 15:37:02] Task 7: running final validation.
[STATE 2026-04-12 15:39:21] Completed task 7 (8/10)
Task 8: 36658 training samples, 12220 test samples.
[STATE 2026-04-12 15:39:21] Task 8: zero-shot validation (pre-train)
---- Zero-shot (pre-train) task 8: rec_cls 0.1667 | prec_cls 0.0224 | f1_cls 0.0169 | det 0.4990 | pfa 0.9966 | total_f1 0.1606 ----
[STATE 2026-04-12 15:41:45] Starting task 8 (9/10)
[STATE 2026-04-12 15:41:45] Task 8 Epoch 1/1: entering train loop
[STATE 2026-04-12 15:42:58] Task 8 Epoch 1/1: running validation (end of epoch)
---- Eval at Epoch 0: cls [0.5488572892185526, 0.1666666666666667, 0.21835646070370124, 0.24047508315802957, 0.18602527241929245, 0.24253978357451722, 0.20900408042170607, 0.1999999999999999, 0.5288311168709845] | det_recall [0.4959152267933, 0.5, 0.6411506762441422, 0.9972651923921256, 1.0, 0.4999985093313284, 1.0, 0.5, 0.7697062609229289] | det_fa [0.9908455408464785, 1.0, 0.714281328145188, 0.0, 0.0, 0.9999634809918563, 0.0, 1.0, 0.37383140865359515] ----
T8 Ep 1/1 | L 1.9239 | Train Acc 0.14 | Prec 0.16 | F1 0.19 | Det Rec 0.58 | Det FA 0.16 | Epoch Time 217.47s (Eval 144.40s, Train 73.07s)
[STATE 2026-04-12 15:45:23] T8 Ep 1/1 complete: Prec 0.1582 F1 0.1856 DetRec 0.5840 DetFA 0.1646 | 217.47s total (144.40s eval/73.07s train)
[STATE 2026-04-12 15:45:23] Task 8: running final validation.
[STATE 2026-04-12 15:47:47] Completed task 8 (9/10)
Task 9: 17340 training samples, 6800 test samples.
[STATE 2026-04-12 15:47:47] Task 9: zero-shot validation (pre-train)
---- Zero-shot (pre-train) task 9: rec_cls 0.0000 | prec_cls 0.0000 | f1_cls 0.1107 | det 0.5000 | pfa 0.0000 | total_f1 0.1885 ----
[STATE 2026-04-12 15:50:14] Starting task 9 (10/10)
[STATE 2026-04-12 15:50:14] Task 9 Epoch 1/1: entering train loop
[STATE 2026-04-12 15:50:49] Task 9 Epoch 1/1: running validation (end of epoch)
---- Eval at Epoch 0: cls [0.41285760207548794, 0.1666666666666667, 0.2188894036334649, 0.23053478688146642, 0.19114384519383146, 0.2304663585160397, 0.20366455674437317, 0.1999999999999999, 0.1657021604938271, 0.3717995874338877] | det_recall [0.49707322100606544, 0.5, 0.666522625892751, 0.9962766657581701, 1.0, 0.49999357450363047, 1.0, 0.5, 0.7364568716274055, 1.0] | det_fa [0.9896272036692069, 1.0, 0.663279757399747, 0.0, 0.0, 1.0, 0.0, 1.0, 0.3466676779201834, 0.0] ----
T9 Ep 1/1 | L 1.5125 | Train Acc 0.18 | Prec 0.11 | F1 0.23 | Det Rec 0.84 | Det FA 0.03 | Epoch Time 181.11s (Eval 146.25s, Train 34.86s)
[STATE 2026-04-12 15:53:15] T9 Ep 1/1 complete: Prec 0.1097 F1 0.2344 DetRec 0.8351 DetFA 0.0294 | 181.11s total (146.25s eval/34.86s train)
[STATE 2026-04-12 15:53:15] Task 9: running final validation.
[STATE 2026-04-12 15:55:42] Completed task 9 (10/10)
####Final Validation Accuracy####
Final Results:- 
 Total Recall: 0.23917249676390445 
 Individual Recall: [0.41285760207548794, 0.1666666666666667, 0.2188894036334649, 0.23053478688146642, 0.19114384519383146, 0.2304663585160397, 0.20366455674437317, 0.1999999999999999, 0.1657021604938271, 0.3717995874338877]
Final Detection Results:- 
 Total Detection: 0.7396322958788022 
 Individual Detection: [0.49707322100606544, 0.5, 0.666522625892751, 0.9962766657581701, 1.0, 0.49999357450363047, 1.0, 0.5, 0.7364568716274055, 1.0]
Final Detection False Alarm:- 
 Total False Alarm: 0.4999574638989137 
 Individual False Alarm: [0.9896272036692069, 1.0, 0.663279757399747, 0.0, 0.0, 1.0, 0.0, 1.0, 0.3466676779201834, 0.0]
SUMMARY_TR cls_rec=0.2140 cls_prec=0.1660 cls_f1=0.1700 det=0.7396 fa=0.5000
SUMMARY_TE cls_rec=0.2392 cls_prec=0.1626 cls_f1=0.1750 det=0.7396 fa=0.5000
[STATE 2026-04-12 15:55:42] Saving results to logs//hat/full-tasks-2_all-10epochs_weighted-loss-2026-04-12_14-38-15-8953/0/results
Model size: 0.0146 GB
Memory buffer size: 0.0000 GB
logs//hat/full-tasks-2_all-10epochs_weighted-loss-2026-04-12_14-38-15-8953/0/results: {'expt_name': 'full-tasks-2_all-10epochs_weighted-loss', 'model': 'hat', 'arch': 'resnet1d', 'n_hiddens': 100, 'n_layers': 2, 'xav_init': False, 'debug': False, 'use_detector_arch': False, 'inner_steps': 2, 'n_epochs': 1, 'batch_size': 256, 'replay_batch_size': 128, 'memories': 5120, 'lr': 0.001, 'optimizer': 'sgd', 'class_weighted_ce': True, 'cuda': True, 'seed': 0, 'log_every': 10, 'log_dir': 'logs//hat/full-tasks-2_all-10epochs_weighted-loss-2026-04-12_14-38-15-8953/0', 'tf_dir': 'logs//hat/full-tasks-2_all-10epochs_weighted-loss-2026-04-12_14-38-15-8953/0/tfdir', 'calc_test_accuracy': False, 'state_logging': True, 'data_path': 'data/rff/radar/full', 'task_order_files': 't2-rcn,t0-rcn,t2-uclresm-25noise,t0-deeprad,t1-deeprad,t1-uclresm-25noise,t3-deeprad,t0-uclresm-25noise,t1-rcn,t2-deeprad', 'loader': 'task_incremental_loader', 'samples_per_task': -1, 'shuffle_tasks': False, 'classes_per_it': 6, 'iterations': 5000, 'dataset': 'iq', 'workers': 0, 'validation': 0.5, 'data_scaling': 'normalize', 'use_iq_aug_features': False, 'iq_aug_feature_type': 'power', 'class_order': 'random', 'increment': 5, 'test_batch_size': 512, 'nc_per_task': None, 'nc_per_task_list': '', 'val_rate': 1000, 'opt_lr': 0.1, 'opt_wt': 0.1, 'alpha_init': 0.001, 'learn_lr': False, 'sync_update': False, 'grad_clip_norm': 5.0, 'meta_batches': 3, 'use_old_task_memory': False, 'second_order': False, 'n_memories': 5120, 'memory_strength': 0, 'steps_per_sample': 1, 'bgd_optimizer': 'sgd', 'optimizer_params': '{}', 'train_mc_iters': 5, 'std_init': 0.05, 'mean_eta': 1, 'fisher_gamma': 0.95, 'rln': 7, 'meta_lr': 0.001, 'update_lr': 0.1, 'ctx_lr': 0.05, 'n_meta': 1, 'temperature': 5.0, 'task_emb': 64, 'classes_per_task': [6, 7, 6, 7, 7, 6, 6, 6, 7, 6], 'get_samples_per_task': <bound method IncrementalLoader.get_samples_per_task of <dataloaders.task_incremental_loader.IncrementalLoader object at 0x79b9f10ac910>>} # val: 0.469 0.239 -0.230 0.000 # sizes: model_gb=0.0146 mem_gb=0.0000 # 4580.703109025955
[STATE 2026-04-12 15:55:42] results.pt components (approx): state_dict 15.0 MB, result_val_t 0.1 KB, result_val_a 0.8 KB
[STATE 2026-04-12 15:55:42] Results saved; total runtime 1.27h
Total runtime: 1.27 hours
