[STATE 2026-04-28 11:40:25] Enabling terminal logging to logs//bcl_dual/full-tasks_CIL_all-2026-04-28_11-40-25-1619/0/terminal.log
New Experiment Starting...
Running model:  bcl_dual
[STATE 2026-04-28 11:40:25] Experiment 'full-tasks_CIL_all' starting with model 'bcl_dual' (seed 0)
Set seed 0
t2-rcn.npz train: x=(50362, 1024), y=(50362, 2)
t2-rcn.npz test: x=(16787, 1024), y=(16787, 2)
t2-rcn.npz: applied data scaling mode 'normalize'.
Loaded t2-rcn.npz: Unique train labels: UniqueCountsResult(values=array([-1,  3,  5, 10, 12, 15]), counts=array([24209,  5770,  3030,  2320,  7509,  7524]))
Noise labels ratio in t2-rcn.npz train: 0.24, test: 0.24
Loaded t2-rcn.npz: Remapped labels: [0 1 2 3 4 5]. Size: 50362)
t0-rcn.npz train: x=(51916, 1024), y=(51916, 2)
t0-rcn.npz test: x=(17305, 1024), y=(17305, 2)
t0-rcn.npz: applied data scaling mode 'normalize'.
Loaded t0-rcn.npz: Unique train labels: UniqueCountsResult(values=array([-1,  1,  8,  9, 11, 13, 14]), counts=array([24225,  4268,  2495,  2943,  3015,  7464,  7506]))
Noise labels ratio in t0-rcn.npz train: 0.23, test: 0.23
Loaded t0-rcn.npz: Remapped labels: [ 6  7  8  9 10 11 12]. Size: 51916)
t2-uclresm-25noise.npz train: moved sample axis (3, 350028, 1024) -> (350028, 3, 1024)
t2-uclresm-25noise.npz test: moved sample axis (3, 233351, 1024) -> (233351, 3, 1024)
t2-uclresm-25noise.npz train: x=(350028, 3, 1024), y=(350028,)
t2-uclresm-25noise.npz test: x=(233351, 3, 1024), y=(233351,)
t2-uclresm-25noise.npz: applied data scaling mode 'normalize'.
Loaded t2-uclresm-25noise.npz: Unique train labels: UniqueCountsResult(values=array([-1,  0,  1,  2,  3,  4]), counts=array([87441, 27347, 71754, 64298, 36005, 63183]))
Noise labels ratio in t2-uclresm-25noise.npz train: 0.25, test: 0.25
Loaded t2-uclresm-25noise.npz: Remapped labels: [13 14 15 16 17 18]. Size: 350028)
t0-deeprad.npz train: x=(24480, 1024), y=(24480, 2)
t0-deeprad.npz test: x=(8160, 1024), y=(8160, 2)
t0-deeprad.npz: applied data scaling mode 'normalize'.
Loaded t0-deeprad.npz: Unique train labels: UniqueCountsResult(values=array([-1,  0,  1,  2,  3,  4,  5]), counts=array([12240,  2029,  1983,  2043,  2154,  2015,  2016]))
Noise labels ratio in t0-deeprad.npz train: 0.25, test: 0.25
Loaded t0-deeprad.npz: Remapped labels: [19 20 21 22 23 24 25]. Size: 24480)
t1-deeprad.npz train: x=(24480, 1024), y=(24480, 2)
t1-deeprad.npz test: x=(8160, 1024), y=(8160, 2)
t1-deeprad.npz: applied data scaling mode 'normalize'.
Loaded t1-deeprad.npz: Unique train labels: UniqueCountsResult(values=array([-1,  0,  1,  2,  3,  4,  5]), counts=array([12240,  1988,  2029,  2054,  1988,  2053,  2128]))
Noise labels ratio in t1-deeprad.npz train: 0.25, test: 0.25
Loaded t1-deeprad.npz: Remapped labels: [26 27 28 29 30 31 32]. Size: 24480)
t1-uclresm-25noise.npz train: moved sample axis (3, 201410, 1024) -> (201410, 3, 1024)
t1-uclresm-25noise.npz test: moved sample axis (3, 116291, 1024) -> (116291, 3, 1024)
t1-uclresm-25noise.npz train: x=(201410, 3, 1024), y=(201410,)
t1-uclresm-25noise.npz test: x=(116291, 3, 1024), y=(116291,)
t1-uclresm-25noise.npz: applied data scaling mode 'normalize'.
Loaded t1-uclresm-25noise.npz: Unique train labels: UniqueCountsResult(values=array([-1,  0,  1,  2,  3,  4]), counts=array([43668, 18021, 17838, 18087, 31870, 71926]))
Noise labels ratio in t1-uclresm-25noise.npz train: 0.22, test: 0.25
Loaded t1-uclresm-25noise.npz: Remapped labels: [33 34 35 36 37 38]. Size: 201410)
t3-deeprad.npz train: x=(17340, 1024), y=(17340, 2)
t3-deeprad.npz test: x=(6800, 1024), y=(6800, 2)
t3-deeprad.npz: applied data scaling mode 'normalize'.
Loaded t3-deeprad.npz: Unique train labels: UniqueCountsResult(values=array([-1,  0,  1,  2,  3,  4]), counts=array([8670, 1693, 1677, 1794, 1716, 1790]))
Noise labels ratio in t3-deeprad.npz train: 0.25, test: 0.25
Loaded t3-deeprad.npz: Remapped labels: [39 40 41 42 43 44]. Size: 17340)
t0-uclresm-25noise.npz train: moved sample axis (3, 188050, 1024) -> (188050, 3, 1024)
t0-uclresm-25noise.npz test: moved sample axis (3, 107348, 1024) -> (107348, 3, 1024)
t0-uclresm-25noise.npz train: x=(188050, 3, 1024), y=(188050,)
t0-uclresm-25noise.npz test: x=(107348, 3, 1024), y=(107348,)
t0-uclresm-25noise.npz: applied data scaling mode 'normalize'.
Loaded t0-uclresm-25noise.npz: Unique train labels: UniqueCountsResult(values=array([-1,  0,  1,  2,  3,  4]), counts=array([40144, 32109, 17978, 17979, 18098, 61742]))
Noise labels ratio in t0-uclresm-25noise.npz train: 0.21, test: 0.25
Loaded t0-uclresm-25noise.npz: Remapped labels: [45 46 47 48 49 50]. Size: 188050)
t1-rcn.npz train: x=(36658, 1024), y=(36658, 2)
t1-rcn.npz test: x=(12220, 1024), y=(12220, 2)
t1-rcn.npz: applied data scaling mode 'normalize'.
Loaded t1-rcn.npz: Unique train labels: UniqueCountsResult(values=array([-1,  0,  2,  4,  6,  7, 16]), counts=array([20595,   824,  2087,  2606,  2396,  1716,  6434]))
Noise labels ratio in t1-rcn.npz train: 0.28, test: 0.28
Loaded t1-rcn.npz: Remapped labels: [51 52 53 54 55 56 57]. Size: 36658)
t2-deeprad.npz train: x=(17340, 1024), y=(17340, 2)
t2-deeprad.npz test: x=(6800, 1024), y=(6800, 2)
t2-deeprad.npz: applied data scaling mode 'normalize'.
Loaded t2-deeprad.npz: Unique train labels: UniqueCountsResult(values=array([-1,  0,  1,  2,  3,  4]), counts=array([8670, 1774, 1675, 1777, 1694, 1750]))
Noise labels ratio in t2-deeprad.npz train: 0.25, test: 0.25
Loaded t2-deeprad.npz: Remapped labels: [58 59 60 61 62 63]. Size: 17340)
Built classes_per_task: [6, 7, 6, 7, 7, 6, 6, 6, 7, 6]
Classes per task: [6, 7, 6, 7, 7, 6, 6, 6, 7, 6]
[STATE 2026-04-28 11:42:01] Loader 'task_incremental_loader' ready: 1024 inputs, 64 outputs, 10 tasks
n_outputs: 64 	n_tasks: 10
[STATE 2026-04-28 11:42:01] Logging to logs//bcl_dual/full-tasks_CIL_all-2026-04-28_11-40-25-1619/0
True
Model device: cuda:0
[STATE 2026-04-28 11:42:02] Model initialized on device cuda:0
[STATE 2026-04-28 11:42:02] Invoking continual life experience flow
[STATE 2026-04-28 11:42:02] Life experience start: 10 tasks queued
Task 0: 50362 training samples, 16787 test samples.
[STATE 2026-04-28 11:42:02] Task 0: zero-shot validation (pre-train)
---- Zero-shot (pre-train) task 0: rec_cls 0.1216 | prec_cls 0.1235 | f1_cls 0.0945 | det 0.4547 | pfa 0.7882 | total_f1 0.0945 ----
[STATE 2026-04-28 11:42:06] Starting task 0 (1/10)
[STATE 2026-04-28 11:42:06] Task 0 Epoch 1/1: entering train loop
[STATE 2026-04-28 11:44:00] Task 0 Epoch 1/1: running validation (end of epoch)
---- Eval at Epoch 0: cls [0.8601068332001244] | det_recall [0.8798259149045105] | det_fa [0.21627722341486888] ----
T0 Ep 1/1 | L 0.2973 | Train Acc 0.73 | Prec 0.74 | F1 0.69 | Det Rec 0.85 | Det FA 0.24 | Epoch Time 118.25s (Eval 4.44s, Train 113.81s)
[STATE 2026-04-28 11:44:04] T0 Ep 1/1 complete: Prec 0.7448 F1 0.6892 DetRec 0.8476 DetFA 0.2438 | 118.25s total (4.44s eval/113.81s train)
[STATE 2026-04-28 11:44:04] Task 0: running final validation.
[STATE 2026-04-28 11:44:09] Completed task 0 (1/10)
Task 1: 51916 training samples, 17305 test samples.
[STATE 2026-04-28 11:44:09] Task 1: zero-shot validation (pre-train)
---- Zero-shot (pre-train) task 1: rec_cls 0.2637 | prec_cls 0.2652 | f1_cls 0.1191 | det 0.4999 | pfa 1.0000 | total_f1 0.4628 ----
[STATE 2026-04-28 11:44:18] Starting task 1 (2/10)
[STATE 2026-04-28 11:44:18] Task 1 Epoch 1/1: entering train loop
[STATE 2026-04-28 11:47:13] Task 1 Epoch 1/1: running validation (end of epoch)
---- Eval at Epoch 0: cls [0.8143311713835922, 0.8191123932097791] | det_recall [0.8838918527110082, 0.8614147802604575] | det_fa [0.15604294991808787, 0.22446384245186551] ----
T1 Ep 1/1 | L 0.2232 | Train Acc 0.74 | Prec 0.79 | F1 0.66 | Det Rec 0.78 | Det FA 0.38 | Epoch Time 184.35s (Eval 9.00s, Train 175.34s)
[STATE 2026-04-28 11:47:22] T1 Ep 1/1 complete: Prec 0.7887 F1 0.6622 DetRec 0.7750 DetFA 0.3755 | 184.35s total (9.00s eval/175.34s train)
[STATE 2026-04-28 11:47:22] Task 1: running final validation.
[STATE 2026-04-28 11:47:31] Completed task 1 (2/10)
Task 2: 350028 training samples, 175014 test samples.
[STATE 2026-04-28 11:47:36] Task 2: zero-shot validation (pre-train)
---- Zero-shot (pre-train) task 2: rec_cls 0.0132 | prec_cls 0.1624 | f1_cls 0.0862 | det 0.5196 | pfa 0.0338 | total_f1 0.5495 ----
[STATE 2026-04-28 11:48:31] Starting task 2 (3/10)
[STATE 2026-04-28 11:48:31] Task 2 Epoch 1/1: entering train loop
[STATE 2026-04-28 12:08:22] Task 2 Epoch 1/1: running validation (end of epoch)
---- Eval at Epoch 0: cls [0.7719120304394566, 0.6879442430507798, 0.6793516392701452] | det_recall [0.8745554653508224, 0.8554431421247425, 0.8300629157585788] | det_fa [0.1439059203055973, 0.13542145153702825, 0.29818381180395215] ----
T2 Ep 1/1 | L 0.1658 | Train Acc 0.59 | Prec 0.61 | F1 0.58 | Det Rec 0.81 | Det FA 0.33 | Epoch Time 1245.79s (Eval 54.70s, Train 1191.08s)
[STATE 2026-04-28 12:09:16] T2 Ep 1/1 complete: Prec 0.6075 F1 0.5845 DetRec 0.8095 DetFA 0.3292 | 1245.79s total (54.70s eval/1191.08s train)
[STATE 2026-04-28 12:09:16] Task 2: running final validation.
[STATE 2026-04-28 12:10:11] Completed task 2 (3/10)
Task 3: 24480 training samples, 8160 test samples.
[STATE 2026-04-28 12:10:11] Task 3: zero-shot validation (pre-train)
---- Zero-shot (pre-train) task 3: rec_cls 0.0063 | prec_cls 0.0724 | f1_cls 0.0990 | det 0.4768 | pfa 0.1103 | total_f1 0.5646 ----
[STATE 2026-04-28 12:11:08] Starting task 3 (4/10)
[STATE 2026-04-28 12:11:08] Task 3 Epoch 1/1: entering train loop
[STATE 2026-04-28 12:12:32] Task 3 Epoch 1/1: running validation (end of epoch)
---- Eval at Epoch 0: cls [0.7519169089874975, 0.6955198568489364, 0.6205658135682394, 0.5955882483094432] | det_recall [0.8641987552008645, 0.8421618745719296, 0.8150943315597489, 0.9974339803101958] | det_fa [0.1737911904199162, 0.1931166611695798, 0.3170393030306612, 0.004883035395544828] ----
T3 Ep 1/1 | L 0.1940 | Train Acc 0.59 | Prec 0.60 | F1 0.64 | Det Rec 1.00 | Det FA 0.00 | Epoch Time 140.87s (Eval 56.85s, Train 84.02s)
[STATE 2026-04-28 12:13:29] T3 Ep 1/1 complete: Prec 0.6040 F1 0.6406 DetRec 0.9968 DetFA 0.0039 | 140.87s total (56.85s eval/84.02s train)
[STATE 2026-04-28 12:13:29] Task 3: running final validation.
[STATE 2026-04-28 12:14:26] Completed task 3 (4/10)
Task 4: 24480 training samples, 8160 test samples.
[STATE 2026-04-28 12:14:26] Task 4: zero-shot validation (pre-train)
---- Zero-shot (pre-train) task 4: rec_cls 0.2305 | prec_cls 0.2031 | f1_cls 0.1342 | det 0.4740 | pfa 1.0000 | total_f1 0.5679 ----
[STATE 2026-04-28 12:15:26] Starting task 4 (5/10)
[STATE 2026-04-28 12:15:26] Task 4 Epoch 1/1: entering train loop
[STATE 2026-04-28 12:16:50] Task 4 Epoch 1/1: running validation (end of epoch)
---- Eval at Epoch 0: cls [0.7642061143516213, 0.6983734035098338, 0.5674388560458796, 0.5245914056406566, 0.4516408224387165] | det_recall [0.8698960443585956, 0.8373208943709762, 0.7964480957575742, 0.9979047660061335, 1.0] | det_fa [0.17472636891110782, 0.23502271886029327, 0.3472176827632383, 0.0029334586094405717, 0.0] ----
T4 Ep 1/1 | L 0.2199 | Train Acc 0.43 | Prec 0.43 | F1 0.49 | Det Rec 0.99 | Det FA 0.01 | Epoch Time 143.64s (Eval 59.02s, Train 84.62s)
[STATE 2026-04-28 12:17:49] T4 Ep 1/1 complete: Prec 0.4349 F1 0.4855 DetRec 0.9950 DetFA 0.0101 | 143.64s total (59.02s eval/84.62s train)
[STATE 2026-04-28 12:17:49] Task 4: running final validation.
[STATE 2026-04-28 12:18:48] Completed task 4 (5/10)
Task 5: 201410 training samples, 100705 test samples.
[STATE 2026-04-28 12:18:53] Task 5: zero-shot validation (pre-train)
---- Zero-shot (pre-train) task 5: rec_cls 0.2198 | prec_cls 0.1530 | f1_cls 0.0848 | det 0.5000 | pfa 1.0000 | total_f1 0.5239 ----
[STATE 2026-04-28 12:20:18] Starting task 5 (6/10)
[STATE 2026-04-28 12:20:18] Task 5 Epoch 1/1: entering train loop
[STATE 2026-04-28 12:32:00] Task 5 Epoch 1/1: running validation (end of epoch)
---- Eval at Epoch 0: cls [0.6726087256439064, 0.5903651832021177, 0.4241544260540319, 0.5396135352383928, 0.41649404180036553, 0.7625181707756284] | det_recall [0.8462414441896537, 0.8319511589541274, 0.7707501822924211, 0.9981625306590048, 1.0, 0.8648476615255349] | det_fa [0.13352190539614006, 0.2045082855870696, 0.29571476312172557, 0.002681642383866829, 0.0, 0.23339450014090832] ----
T5 Ep 1/1 | L 0.1174 | Train Acc 0.72 | Prec 0.71 | F1 0.69 | Det Rec 0.85 | Det FA 0.25 | Epoch Time 787.79s (Eval 85.25s, Train 702.54s)
[STATE 2026-04-28 12:33:26] T5 Ep 1/1 complete: Prec 0.7123 F1 0.6891 DetRec 0.8460 DetFA 0.2544 | 787.79s total (85.25s eval/702.54s train)
[STATE 2026-04-28 12:33:26] Task 5: running final validation.
[STATE 2026-04-28 12:34:51] Completed task 5 (6/10)
Task 6: 17340 training samples, 6800 test samples.
[STATE 2026-04-28 12:34:51] Task 6: zero-shot validation (pre-train)
---- Zero-shot (pre-train) task 6: rec_cls 0.1271 | prec_cls 0.1760 | f1_cls 0.0604 | det 0.5401 | pfa 0.9153 | total_f1 0.5157 ----
[STATE 2026-04-28 12:36:18] Starting task 6 (7/10)
[STATE 2026-04-28 12:36:18] Task 6 Epoch 1/1: entering train loop
[STATE 2026-04-28 12:37:20] Task 6 Epoch 1/1: running validation (end of epoch)
---- Eval at Epoch 0: cls [0.6982415147937134, 0.5957037700285156, 0.42450642222845814, 0.564932066613423, 0.40388411720282213, 0.7534457268704886, 0.5601650473734852] | det_recall [0.8563230397107859, 0.8289745759058352, 0.7704831807639603, 0.9974365653322563, 1.0, 0.8446385331054184, 0.9991552653673467] | det_fa [0.152013470906278, 0.23219242808674379, 0.29727001554980975, 0.004404135807926555, 0.0, 0.29034659959026854, 0.001689469265306734] ----
T6 Ep 1/1 | L 0.0877 | Train Acc 0.56 | Prec 0.56 | F1 0.62 | Det Rec 1.00 | Det FA 0.00 | Epoch Time 148.26s (Eval 87.05s, Train 61.21s)
[STATE 2026-04-28 12:38:47] T6 Ep 1/1 complete: Prec 0.5632 F1 0.6191 DetRec 0.9989 DetFA 0.0023 | 148.26s total (87.05s eval/61.21s train)
[STATE 2026-04-28 12:38:47] Task 6: running final validation.
[STATE 2026-04-28 12:40:14] Completed task 6 (7/10)
Task 7: 188050 training samples, 94025 test samples.
[STATE 2026-04-28 12:40:20] Task 7: zero-shot validation (pre-train)
---- Zero-shot (pre-train) task 7: rec_cls 0.2205 | prec_cls 0.1371 | f1_cls 0.0851 | det 0.4996 | pfa 0.9997 | total_f1 0.5335 ----
[STATE 2026-04-28 12:42:11] Starting task 7 (8/10)
[STATE 2026-04-28 12:42:11] Task 7 Epoch 1/1: entering train loop
[STATE 2026-04-28 12:53:25] Task 7 Epoch 1/1: running validation (end of epoch)
---- Eval at Epoch 0: cls [0.6480889418726282, 0.5388686736282452, 0.3813656488316468, 0.5556973473644391, 0.4020858377956166, 0.699248034967306, 0.5074638372444363, 0.7689286585204428] | det_recall [0.8342586810867387, 0.8354489124488528, 0.7824796818125445, 0.9975621600309639, 1.0, 0.8542378414493381, 0.999155772024826, 0.8372707110156767] | det_fa [0.1498984244422357, 0.16715320941804712, 0.30631283540765286, 0.00438442789199296, 0.0, 0.2548986122721082, 0.0016884559503481786, 0.2984957418192645] ----
T7 Ep 1/1 | L 0.0862 | Train Acc 0.73 | Prec 0.75 | F1 0.71 | Det Rec 0.84 | Det FA 0.25 | Epoch Time 785.45s (Eval 111.53s, Train 673.92s)
[STATE 2026-04-28 12:55:17] T7 Ep 1/1 complete: Prec 0.7467 F1 0.7135 DetRec 0.8436 DetFA 0.2451 | 785.45s total (111.53s eval/673.92s train)
[STATE 2026-04-28 12:55:17] Task 7: running final validation.
[STATE 2026-04-28 12:57:08] Completed task 7 (8/10)
Task 8: 36658 training samples, 12220 test samples.
[STATE 2026-04-28 12:57:09] Task 8: zero-shot validation (pre-train)
---- Zero-shot (pre-train) task 8: rec_cls 0.1498 | prec_cls 0.0450 | f1_cls 0.0236 | det 0.4996 | pfa 0.9999 | total_f1 0.5257 ----
[STATE 2026-04-28 12:59:03] Starting task 8 (9/10)
[STATE 2026-04-28 12:59:03] Task 8 Epoch 1/1: entering train loop
[STATE 2026-04-28 13:01:16] Task 8 Epoch 1/1: running validation (end of epoch)
---- Eval at Epoch 0: cls [0.7350113287868321, 0.6508025574592835, 0.38340870407347744, 0.5621055189098317, 0.3990785622898672, 0.6753109466926941, 0.4883634993646151, 0.7207749715458449, 0.8107755312260766] | det_recall [0.8553212419633728, 0.8466963414292742, 0.7506638607926849, 0.998194571122952, 1.0, 0.8396179362518794, 0.9997205557447625, 0.8132805379161434, 0.7931232570382211] | det_fa [0.144430250761262, 0.1393979866687616, 0.3697994635240974, 0.00216494555683661, 0.0, 0.26734844371305805, 0.0005588885104747933, 0.32017067841744323, 0.3847474454005559] ----
T8 Ep 1/1 | L 0.0985 | Train Acc 0.79 | Prec 0.79 | F1 0.64 | Det Rec 0.78 | Det FA 0.40 | Epoch Time 247.15s (Eval 114.76s, Train 132.38s)
[STATE 2026-04-28 13:03:11] T8 Ep 1/1 complete: Prec 0.7855 F1 0.6372 DetRec 0.7817 DetFA 0.4035 | 247.15s total (114.76s eval/132.38s train)
[STATE 2026-04-28 13:03:11] Task 8: running final validation.
[STATE 2026-04-28 13:05:05] Completed task 8 (9/10)
Task 9: 17340 training samples, 6800 test samples.
[STATE 2026-04-28 13:05:06] Task 9: zero-shot validation (pre-train)
---- Zero-shot (pre-train) task 9: rec_cls 0.1696 | prec_cls 0.1540 | f1_cls 0.0870 | det 0.4984 | pfa 1.0000 | total_f1 0.5571 ----
[STATE 2026-04-28 13:07:02] Starting task 9 (10/10)
[STATE 2026-04-28 13:07:02] Task 9 Epoch 1/1: entering train loop
[STATE 2026-04-28 13:08:06] Task 9 Epoch 1/1: running validation (end of epoch)
---- Eval at Epoch 0: cls [0.745690304483968, 0.6689104579666021, 0.3860271976984542, 0.5516159674950677, 0.40795503916113746, 0.6840210538853759, 0.4948061602148885, 0.7219981223097001, 0.7117035284786065, 0.4992158377030433] | det_recall [0.8541991178679962, 0.8429659727691402, 0.7444383439271786, 0.9980559041953886, 1.0, 0.8467035105545967, 0.9985281355817042, 0.8299039658026074, 0.8160724062763594, 1.0] | det_fa [0.17483559141960378, 0.20275171261297342, 0.38542112849377436, 0.0029232100196465273, 0.0, 0.26320281049863326, 0.0029437288365917456, 0.2803174490220505, 0.24600756902559817, 0.0] ----
T9 Ep 1/1 | L 0.1062 | Train Acc 0.49 | Prec 0.51 | F1 0.55 | Det Rec 1.00 | Det FA 0.00 | Epoch Time 179.87s (Eval 116.59s, Train 63.28s)
[STATE 2026-04-28 13:10:02] T9 Ep 1/1 complete: Prec 0.5083 F1 0.5457 DetRec 0.9999 DetFA 0.0003 | 179.87s total (116.59s eval/63.28s train)
[STATE 2026-04-28 13:10:02] Task 9: running final validation.
[STATE 2026-04-28 13:11:59] Completed task 9 (10/10)
####Final Validation Accuracy####
Final Results:- 
 Total Recall: 0.586526630657844 
 Individual Recall: [0.7464553545909343, 0.6654142524115717, 0.38615757849278426, 0.551957378320539, 0.39877620914373446, 0.6838476890183188, 0.49962285246832433, 0.7243944687882254, 0.7123391023614336, 0.49630142098257285]
Final Detection Results:- 
 Total Detection: 0.8933214793490833 
 Individual Detection: [0.8556457984898875, 0.8439605873032979, 0.7424235399278843, 0.9981854349717166, 1.0, 0.8458664536510774, 0.9992900362568344, 0.8309217691267902, 0.8169211737633462, 1.0]
Final Detection False Alarm:- 
 Total False Alarm: 0.15585580113027447 
 Individual False Alarm: [0.17571720988886322, 0.20046758364399317, 0.3892929792240096, 0.00289562994847215, 0.0, 0.2649155855546595, 0.0014199274863309927, 0.27961357236524764, 0.24423552319116834, 0.0]
SUMMARY_TR cls_rec=0.6370 cls_prec=0.6490 cls_f1=0.6270 det=0.8931 fa=0.1558
SUMMARY_TE cls_rec=0.5865 cls_prec=0.6174 cls_f1=0.6018 det=0.8933 fa=0.1559
[STATE 2026-04-28 13:11:59] Saving results to logs//bcl_dual/full-tasks_CIL_all-2026-04-28_11-40-25-1619/0/results
Model size: 0.0289 GB
Memory buffer size: 0.0158 GB
logs//bcl_dual/full-tasks_CIL_all-2026-04-28_11-40-25-1619/0/results: {'expt_name': 'full-tasks_CIL_all', 'model': 'bcl_dual', 'arch': 'resnet1d', 'n_hiddens': 100, 'n_layers': 2, 'xav_init': False, 'debug': False, 'use_detector_arch': False, 'use_groupnorm': False, 'inner_steps': 2, 'n_epochs': 1, 'batch_size': 256, 'replay_batch_size': 128, 'memories': 5120, 'lr': 0.001, 'optimizer': 'sgd', 'prune_perc': 0.75, 'post_prune_epochs': 0, 'class_weighted_ce': True, 'cuda': True, 'seed': 0, 'log_every': 10, 'log_dir': 'logs//bcl_dual/full-tasks_CIL_all-2026-04-28_11-40-25-1619/0', 'tf_dir': 'logs//bcl_dual/full-tasks_CIL_all-2026-04-28_11-40-25-1619/0/tfdir', 'calc_test_accuracy': False, 'state_logging': True, 'data_path': 'data/rff/radar/full', 'task_order_files': 't2-rcn,t0-rcn,t2-uclresm-25noise,t0-deeprad,t1-deeprad,t1-uclresm-25noise,t3-deeprad,t0-uclresm-25noise,t1-rcn,t2-deeprad', 'loader': 'task_incremental_loader', 'samples_per_task': -1, 'shuffle_tasks': False, 'classes_per_it': 6, 'iterations': 5000, 'dataset': 'iq', 'workers': 0, 'validation': 0.5, 'data_scaling': 'normalize', 'use_iq_aug_features': False, 'iq_aug_feature_type': 'power', 'class_order': 'random', 'increment': 5, 'test_batch_size': 512, 'nc_per_task': None, 'nc_per_task_list': '', 'val_rate': 1000, 'opt_lr': 0.1, 'opt_wt': 0.1, 'alpha_init': 0.001, 'momentum': 0.0, 'learn_lr': False, 'sync_update': False, 'grad_clip_norm': 5.0, 'meta_batches': 3, 'use_old_task_memory': False, 'second_order': False, 'n_memories': 5120, 'memory_strength': 1, 'steps_per_sample': 1, 'bgd_optimizer': 'sgd', 'optimizer_params': '{}', 'train_mc_iters': 5, 'std_init': 0.05, 'mean_eta': 1, 'fisher_gamma': 0.95, 'rln': 7, 'meta_lr': 0.001, 'update_lr': 0.1, 'ctx_lr': 0.05, 'n_meta': 1, 'temperature': 5.0, 'task_emb': 64, 'classes_per_task': [6, 7, 6, 7, 7, 6, 6, 6, 7, 6], 'get_samples_per_task': <bound method IncrementalLoader.get_samples_per_task of <dataloaders.task_incremental_loader.IncrementalLoader object at 0x7c3d228c17b0>>, 'task_epoch_schedule': {}} # val: 0.680 0.587 -0.093 0.000 # sizes: model_gb=0.0289 mem_gb=0.0158 # 5397.42653298378
[STATE 2026-04-28 13:12:00] results.pt components (approx): state_dict 29.6 MB, result_val_t 0.1 KB, result_val_a 0.8 KB
[STATE 2026-04-28 13:12:00] Results saved; total runtime 1.50h
Total runtime: 1.50 hours
