[STATE 2026-04-12 10:38:26] Enabling terminal logging to logs//agem/full-tasks-2_all-10epochs_weighted-loss-2026-04-12_10-38-26-6524/0/terminal.log
New Experiment Starting...
Running model:  agem
[STATE 2026-04-12 10:38:26] Experiment 'full-tasks-2_all-10epochs_weighted-loss' starting with model 'agem' (seed 0)
Set seed 0
t2-rcn.npz train: x=(50362, 1024), y=(50362, 2)
t2-rcn.npz test: x=(16787, 1024), y=(16787, 2)
t2-rcn.npz: applied data scaling mode 'normalize'.
Loaded t2-rcn.npz: Unique train labels: UniqueCountsResult(values=array([-1,  3,  5, 10, 12, 15]), counts=array([24209,  5770,  3030,  2320,  7509,  7524]))
Noise labels ratio in t2-rcn.npz train: 0.24, test: 0.24
Loaded t2-rcn.npz: Remapped labels: [0 1 2 3 4 5]. Size: 50362)
t0-rcn.npz train: x=(51916, 1024), y=(51916, 2)
t0-rcn.npz test: x=(17305, 1024), y=(17305, 2)
t0-rcn.npz: applied data scaling mode 'normalize'.
Loaded t0-rcn.npz: Unique train labels: UniqueCountsResult(values=array([-1,  1,  8,  9, 11, 13, 14]), counts=array([24225,  4268,  2495,  2943,  3015,  7464,  7506]))
Noise labels ratio in t0-rcn.npz train: 0.23, test: 0.23
Loaded t0-rcn.npz: Remapped labels: [ 6  7  8  9 10 11 12]. Size: 51916)
t2-uclresm-25noise.npz train: moved sample axis (3, 350028, 1024) -> (350028, 3, 1024)
t2-uclresm-25noise.npz test: moved sample axis (3, 233351, 1024) -> (233351, 3, 1024)
t2-uclresm-25noise.npz train: x=(350028, 3, 1024), y=(350028,)
t2-uclresm-25noise.npz test: x=(233351, 3, 1024), y=(233351,)
t2-uclresm-25noise.npz: applied data scaling mode 'normalize'.
Loaded t2-uclresm-25noise.npz: Unique train labels: UniqueCountsResult(values=array([-1,  0,  1,  2,  3,  4]), counts=array([87441, 27347, 71754, 64298, 36005, 63183]))
Noise labels ratio in t2-uclresm-25noise.npz train: 0.25, test: 0.25
Loaded t2-uclresm-25noise.npz: Remapped labels: [13 14 15 16 17 18]. Size: 350028)
t0-deeprad.npz train: x=(24480, 1024), y=(24480, 2)
t0-deeprad.npz test: x=(8160, 1024), y=(8160, 2)
t0-deeprad.npz: applied data scaling mode 'normalize'.
Loaded t0-deeprad.npz: Unique train labels: UniqueCountsResult(values=array([-1,  0,  1,  2,  3,  4,  5]), counts=array([12240,  2029,  1983,  2043,  2154,  2015,  2016]))
Noise labels ratio in t0-deeprad.npz train: 0.25, test: 0.25
Loaded t0-deeprad.npz: Remapped labels: [19 20 21 22 23 24 25]. Size: 24480)
t1-deeprad.npz train: x=(24480, 1024), y=(24480, 2)
t1-deeprad.npz test: x=(8160, 1024), y=(8160, 2)
t1-deeprad.npz: applied data scaling mode 'normalize'.
Loaded t1-deeprad.npz: Unique train labels: UniqueCountsResult(values=array([-1,  0,  1,  2,  3,  4,  5]), counts=array([12240,  1988,  2029,  2054,  1988,  2053,  2128]))
Noise labels ratio in t1-deeprad.npz train: 0.25, test: 0.25
Loaded t1-deeprad.npz: Remapped labels: [26 27 28 29 30 31 32]. Size: 24480)
t1-uclresm-25noise.npz train: moved sample axis (3, 201410, 1024) -> (201410, 3, 1024)
t1-uclresm-25noise.npz test: moved sample axis (3, 116291, 1024) -> (116291, 3, 1024)
t1-uclresm-25noise.npz train: x=(201410, 3, 1024), y=(201410,)
t1-uclresm-25noise.npz test: x=(116291, 3, 1024), y=(116291,)
t1-uclresm-25noise.npz: applied data scaling mode 'normalize'.
Loaded t1-uclresm-25noise.npz: Unique train labels: UniqueCountsResult(values=array([-1,  0,  1,  2,  3,  4]), counts=array([43668, 18021, 17838, 18087, 31870, 71926]))
Noise labels ratio in t1-uclresm-25noise.npz train: 0.22, test: 0.25
Loaded t1-uclresm-25noise.npz: Remapped labels: [33 34 35 36 37 38]. Size: 201410)
t3-deeprad.npz train: x=(17340, 1024), y=(17340, 2)
t3-deeprad.npz test: x=(6800, 1024), y=(6800, 2)
t3-deeprad.npz: applied data scaling mode 'normalize'.
Loaded t3-deeprad.npz: Unique train labels: UniqueCountsResult(values=array([-1,  0,  1,  2,  3,  4]), counts=array([8670, 1693, 1677, 1794, 1716, 1790]))
Noise labels ratio in t3-deeprad.npz train: 0.25, test: 0.25
Loaded t3-deeprad.npz: Remapped labels: [39 40 41 42 43 44]. Size: 17340)
t0-uclresm-25noise.npz train: moved sample axis (3, 188050, 1024) -> (188050, 3, 1024)
t0-uclresm-25noise.npz test: moved sample axis (3, 107348, 1024) -> (107348, 3, 1024)
t0-uclresm-25noise.npz train: x=(188050, 3, 1024), y=(188050,)
t0-uclresm-25noise.npz test: x=(107348, 3, 1024), y=(107348,)
t0-uclresm-25noise.npz: applied data scaling mode 'normalize'.
Loaded t0-uclresm-25noise.npz: Unique train labels: UniqueCountsResult(values=array([-1,  0,  1,  2,  3,  4]), counts=array([40144, 32109, 17978, 17979, 18098, 61742]))
Noise labels ratio in t0-uclresm-25noise.npz train: 0.21, test: 0.25
Loaded t0-uclresm-25noise.npz: Remapped labels: [45 46 47 48 49 50]. Size: 188050)
t1-rcn.npz train: x=(36658, 1024), y=(36658, 2)
t1-rcn.npz test: x=(12220, 1024), y=(12220, 2)
t1-rcn.npz: applied data scaling mode 'normalize'.
Loaded t1-rcn.npz: Unique train labels: UniqueCountsResult(values=array([-1,  0,  2,  4,  6,  7, 16]), counts=array([20595,   824,  2087,  2606,  2396,  1716,  6434]))
Noise labels ratio in t1-rcn.npz train: 0.28, test: 0.28
Loaded t1-rcn.npz: Remapped labels: [51 52 53 54 55 56 57]. Size: 36658)
t2-deeprad.npz train: x=(17340, 1024), y=(17340, 2)
t2-deeprad.npz test: x=(6800, 1024), y=(6800, 2)
t2-deeprad.npz: applied data scaling mode 'normalize'.
Loaded t2-deeprad.npz: Unique train labels: UniqueCountsResult(values=array([-1,  0,  1,  2,  3,  4]), counts=array([8670, 1774, 1675, 1777, 1694, 1750]))
Noise labels ratio in t2-deeprad.npz train: 0.25, test: 0.25
Loaded t2-deeprad.npz: Remapped labels: [58 59 60 61 62 63]. Size: 17340)
Built classes_per_task: [6, 7, 6, 7, 7, 6, 6, 6, 7, 6]
Classes per task: [6, 7, 6, 7, 7, 6, 6, 6, 7, 6]
[STATE 2026-04-12 10:39:30] Loader 'task_incremental_loader' ready: 1024 inputs, 64 outputs, 10 tasks
n_outputs: 64 	n_tasks: 10
[STATE 2026-04-12 10:39:30] Logging to logs//agem/full-tasks-2_all-10epochs_weighted-loss-2026-04-12_10-38-26-6524/0
True
Model device: cuda:0
[STATE 2026-04-12 10:39:31] Model initialized on device cuda:0
[STATE 2026-04-12 10:39:31] Invoking continual life experience flow
[STATE 2026-04-12 10:39:31] Life experience start: 10 tasks queued
Task 0: 50362 training samples, 16787 test samples.
[STATE 2026-04-12 10:39:31] Task 0: zero-shot validation (pre-train)
---- Zero-shot (pre-train) task 0: rec_cls 0.1216 | prec_cls 0.1235 | f1_cls 0.0945 | det 0.4547 | pfa 0.7882 | total_f1 0.0945 ----
[STATE 2026-04-12 10:39:38] Starting task 0 (1/10)
[STATE 2026-04-12 10:39:38] Task 0 Epoch 1/1: entering train loop
[STATE 2026-04-12 10:41:17] Task 0 Epoch 1/1: running validation (end of epoch)
---- Eval at Epoch 0: cls [0.8813461135710541] | det_recall [0.8800494695259996] | det_fa [0.21340826635101] ----
T0 Ep 1/1 | L 0.5233 | Train Acc 0.82 | Prec 0.83 | F1 0.77 | Det Rec 0.86 | Det FA 0.25 | Epoch Time 105.15s (Eval 6.06s, Train 99.09s)
[STATE 2026-04-12 10:41:23] T0 Ep 1/1 complete: Prec 0.8348 F1 0.7670 DetRec 0.8626 DetFA 0.2473 | 105.15s total (6.06s eval/99.09s train)
[STATE 2026-04-12 10:41:23] Task 0: running final validation.
[STATE 2026-04-12 10:41:28] Completed task 0 (1/10)
Task 1: 51916 training samples, 17305 test samples.
[STATE 2026-04-12 10:41:28] Task 1: zero-shot validation (pre-train)
---- Zero-shot (pre-train) task 1: rec_cls 0.2396 | prec_cls 0.2659 | f1_cls 0.1418 | det 0.5000 | pfa 1.0000 | total_f1 0.4802 ----
[STATE 2026-04-12 10:41:40] Starting task 1 (2/10)
[STATE 2026-04-12 10:41:40] Task 1 Epoch 1/1: entering train loop
[STATE 2026-04-12 10:44:56] Task 1 Epoch 1/1: running validation (end of epoch)
---- Eval at Epoch 0: cls [0.8178750594392288, 0.8677885467281691] | det_recall [0.8598564987022784, 0.8900427229095471] | det_fa [0.24613464161790127, 0.18341885618499945] ----
T1 Ep 1/1 | L 0.5249 | Train Acc 0.82 | Prec 0.86 | F1 0.75 | Det Rec 0.82 | Det FA 0.32 | Epoch Time 207.09s (Eval 11.11s, Train 195.98s)
[STATE 2026-04-12 10:45:07] T1 Ep 1/1 complete: Prec 0.8609 F1 0.7476 DetRec 0.8193 DetFA 0.3158 | 207.09s total (11.11s eval/195.98s train)
[STATE 2026-04-12 10:45:07] Task 1: running final validation.
[STATE 2026-04-12 10:45:18] Completed task 1 (2/10)
Task 2: 350028 training samples, 175014 test samples.
[STATE 2026-04-12 10:45:19] Task 2: zero-shot validation (pre-train)
---- Zero-shot (pre-train) task 2: rec_cls 0.0239 | prec_cls 0.1273 | f1_cls 0.0931 | det 0.5042 | pfa 0.1116 | total_f1 0.5577 ----
[STATE 2026-04-12 10:46:26] Starting task 2 (3/10)
[STATE 2026-04-12 10:46:26] Task 2 Epoch 1/1: entering train loop
[STATE 2026-04-12 11:21:31] Task 2 Epoch 1/1: running validation (end of epoch)
---- Eval at Epoch 0: cls [0.6573173428648176, 0.5433599860466798, 0.7293614623209889] | det_recall [0.8258094173847942, 0.7690053177181289, 0.8632151856281726] | det_fa [0.3049850413909877, 0.3468419143936404, 0.19892090297554266] ----
T2 Ep 1/1 | L 0.8093 | Train Acc 0.66 | Prec 0.69 | F1 0.66 | Det Rec 0.84 | Det FA 0.27 | Epoch Time 2172.70s (Eval 67.54s, Train 2105.16s)
[STATE 2026-04-12 11:22:39] T2 Ep 1/1 complete: Prec 0.6898 F1 0.6555 DetRec 0.8382 DetFA 0.2716 | 2172.70s total (67.54s eval/2105.16s train)
[STATE 2026-04-12 11:22:39] Task 2: running final validation.
[STATE 2026-04-12 11:23:46] Completed task 2 (3/10)
Task 3: 24480 training samples, 8160 test samples.
[STATE 2026-04-12 11:23:47] Task 3: zero-shot validation (pre-train)
---- Zero-shot (pre-train) task 3: rec_cls 0.1095 | prec_cls 0.2376 | f1_cls 0.2083 | det 0.7738 | pfa 0.0000 | total_f1 0.5109 ----
[STATE 2026-04-12 11:25:09] Starting task 3 (4/10)
[STATE 2026-04-12 11:25:09] Task 3 Epoch 1/1: entering train loop
[STATE 2026-04-12 11:28:31] Task 3 Epoch 1/1: running validation (end of epoch)
---- Eval at Epoch 0: cls [0.6171860839980621, 0.5150901525542908, 0.5967531988967908, 0.6007584534407064] | det_recall [0.8414589860598063, 0.6909847737738054, 0.815833795376121, 0.997913160736107] | det_fa [0.3006925506269307, 0.5190061562112028, 0.3420367034315008, 0.004173678527785889] ----
T3 Ep 1/1 | L 0.8194 | Train Acc 0.60 | Prec 0.62 | F1 0.65 | Det Rec 1.00 | Det FA 0.00 | Epoch Time 272.15s (Eval 70.38s, Train 201.77s)
[STATE 2026-04-12 11:29:41] T3 Ep 1/1 complete: Prec 0.6176 F1 0.6495 DetRec 0.9978 DetFA 0.0020 | 272.15s total (70.38s eval/201.77s train)
[STATE 2026-04-12 11:29:41] Task 3: running final validation.
[STATE 2026-04-12 11:30:52] Completed task 3 (4/10)
Task 4: 24480 training samples, 8160 test samples.
[STATE 2026-04-12 11:30:52] Task 4: zero-shot validation (pre-train)
---- Zero-shot (pre-train) task 4: rec_cls 0.1332 | prec_cls 0.1446 | f1_cls 0.0597 | det 0.4995 | pfa 1.0000 | total_f1 0.4740 ----
[STATE 2026-04-12 11:32:05] Starting task 4 (5/10)
[STATE 2026-04-12 11:32:05] Task 4 Epoch 1/1: entering train loop
[STATE 2026-04-12 11:36:40] Task 4 Epoch 1/1: running validation (end of epoch)
---- Eval at Epoch 0: cls [0.5991095268120316, 0.4705780208873758, 0.5386267689805586, 0.5606158806123333, 0.4494721359084836] | det_recall [0.8390542398844602, 0.694617305984388, 0.8041976191741199, 0.9907514213411203, 1.0] | det_fa [0.29139631632943513, 0.5355362945228087, 0.35249605365548614, 0.0184971573177596, 0.0] ----
T4 Ep 1/1 | L 0.9932 | Train Acc 0.42 | Prec 0.42 | F1 0.47 | Det Rec 1.00 | Det FA 0.00 | Epoch Time 347.49s (Eval 72.74s, Train 274.75s)
[STATE 2026-04-12 11:37:53] T4 Ep 1/1 complete: Prec 0.4193 F1 0.4698 DetRec 0.9999 DetFA 0.0000 | 347.49s total (72.74s eval/274.75s train)
[STATE 2026-04-12 11:37:53] Task 4: running final validation.
[STATE 2026-04-12 11:39:06] Completed task 4 (5/10)
Task 5: 201410 training samples, 100705 test samples.
[STATE 2026-04-12 11:39:06] Task 5: zero-shot validation (pre-train)
---- Zero-shot (pre-train) task 5: rec_cls 0.1962 | prec_cls 0.0739 | f1_cls 0.0615 | det 0.5000 | pfa 1.0000 | total_f1 0.4516 ----
[STATE 2026-04-12 11:40:52] Starting task 5 (6/10)
[STATE 2026-04-12 11:40:52] Task 5 Epoch 1/1: entering train loop
[STATE 2026-04-12 12:30:53] Task 5 Epoch 1/1: running validation (end of epoch)
---- Eval at Epoch 0: cls [0.4995932038613778, 0.37522908773557495, 0.3502344001854767, 0.5389471129161983, 0.3153532355452562, 0.8373413703591164] | det_recall [0.7981272312020078, 0.6079757713506331, 0.8076193252537869, 0.9963505348850975, 0.9944737909065909, 0.8969595021160957] | det_fa [0.3373524446508746, 0.6708971512960672, 0.322574102958648, 0.003910056942784697, 0.0, 0.17093850231108157] ----
T5 Ep 1/1 | L 0.5166 | Train Acc 0.80 | Prec 0.80 | F1 0.78 | Det Rec 0.89 | Det FA 0.18 | Epoch Time 3107.94s (Eval 106.60s, Train 3001.34s)
[STATE 2026-04-12 12:32:40] T5 Ep 1/1 complete: Prec 0.8020 F1 0.7765 DetRec 0.8865 DetFA 0.1842 | 3107.94s total (106.60s eval/3001.34s train)
[STATE 2026-04-12 12:32:40] Task 5: running final validation.
[STATE 2026-04-12 12:34:26] Completed task 5 (6/10)
Task 6: 17340 training samples, 6800 test samples.
[STATE 2026-04-12 12:34:26] Task 6: zero-shot validation (pre-train)
---- Zero-shot (pre-train) task 6: rec_cls 0.0881 | prec_cls 0.1594 | f1_cls 0.0447 | det 0.4700 | pfa 0.9986 | total_f1 0.4258 ----
[STATE 2026-04-12 12:36:16] Starting task 6 (7/10)
[STATE 2026-04-12 12:36:16] Task 6 Epoch 1/1: entering train loop
[STATE 2026-04-12 12:40:57] Task 6 Epoch 1/1: running validation (end of epoch)
---- Eval at Epoch 0: cls [0.4478601598527239, 0.38704681799965046, 0.3214162993397795, 0.5824818764908366, 0.35810984814345764, 0.7010508080548725, 0.5503802345077528] | det_recall [0.7739368834681732, 0.5763491687986387, 0.7623953730413927, 0.9941471672471277, 1.0, 0.8251742903579056, 1.0] | det_fa [0.38165125283296253, 0.7716583007956397, 0.44497889992846773, 0.0, 0.0, 0.33322984087982016, 0.0] ----
T6 Ep 1/1 | L 0.8514 | Train Acc 0.55 | Prec 0.55 | F1 0.61 | Det Rec 1.00 | Det FA 0.00 | Epoch Time 389.72s (Eval 108.57s, Train 281.14s)
[STATE 2026-04-12 12:42:46] T6 Ep 1/1 complete: Prec 0.5521 F1 0.6136 DetRec 0.9977 DetFA 0.0001 | 389.72s total (108.57s eval/281.14s train)
[STATE 2026-04-12 12:42:46] Task 6: running final validation.
[STATE 2026-04-12 12:44:36] Completed task 6 (7/10)
Task 7: 188050 training samples, 94025 test samples.
[STATE 2026-04-12 12:44:36] Task 7: zero-shot validation (pre-train)
---- Zero-shot (pre-train) task 7: rec_cls 0.2487 | prec_cls 0.2114 | f1_cls 0.0903 | det 0.4927 | pfa 0.9982 | total_f1 0.4427 ----
[STATE 2026-04-12 12:46:56] Starting task 7 (8/10)
[STATE 2026-04-12 12:46:56] Task 7 Epoch 1/1: entering train loop
[STATE 2026-04-12 13:49:11] Task 7 Epoch 1/1: running validation (end of epoch)
---- Eval at Epoch 0: cls [0.5097011239781661, 0.36924576014832466, 0.31045421884999913, 0.5256779405357556, 0.31077093476424134, 0.648492564304574, 0.47693156649033475, 0.8340588544756075] | det_recall [0.8002042370869233, 0.6160363045156192, 0.8244493708637529, 0.9948592591848043, 0.99843609181377, 0.8886220463183458, 0.9967258177155205, 0.8755177823588025] | det_fa [0.337695426706025, 0.6418829917294055, 0.2984708780313698, 0.005161543488629689, 0.0, 0.17527380354984326, 0.006548364568958994, 0.20491216456187478] ----
T7 Ep 1/1 | L 0.4827 | Train Acc 0.81 | Prec 0.82 | F1 0.79 | Det Rec 0.88 | Det FA 0.18 | Epoch Time 3873.55s (Eval 139.20s, Train 3734.35s)
[STATE 2026-04-12 13:51:30] T7 Ep 1/1 complete: Prec 0.8230 F1 0.7912 DetRec 0.8786 DetFA 0.1840 | 3873.55s total (139.20s eval/3734.35s train)
[STATE 2026-04-12 13:51:30] Task 7: running final validation.
[STATE 2026-04-12 13:53:49] Completed task 7 (8/10)
Task 8: 36658 training samples, 12220 test samples.
[STATE 2026-04-12 13:53:49] Task 8: zero-shot validation (pre-train)
---- Zero-shot (pre-train) task 8: rec_cls 0.1886 | prec_cls 0.0579 | f1_cls 0.0395 | det 0.5001 | pfa 0.9997 | total_f1 0.4615 ----
[STATE 2026-04-12 13:56:13] Starting task 8 (9/10)
[STATE 2026-04-12 13:56:13] Task 8 Epoch 1/1: entering train loop
[STATE 2026-04-12 14:08:57] Task 8 Epoch 1/1: running validation (end of epoch)
---- Eval at Epoch 0: cls [0.730307798430416, 0.5887377320640886, 0.23286875224458028, 0.5047964408908093, 0.2828479777857166, 0.3292826013731337, 0.4492466981810865, 0.42210379263111303, 0.8608049518044026] | det_recall [0.8441701782856084, 0.5706621920049568, 0.6865469869683063, 0.9941867710339508, 0.9957311870978096, 0.515054807341567, 1.0, 0.7228994349974222, 0.7926710771454847] | det_fa [0.30395907658229393, 0.7386768629311834, 0.5673584708265568, 0.0, 0.0, 0.9557684162876785, 0.0, 0.5129913931784669, 0.3930612965147314] ----
T8 Ep 1/1 | L 0.6823 | Train Acc 0.79 | Prec 0.79 | F1 0.64 | Det Rec 0.78 | Det FA 0.41 | Epoch Time 907.86s (Eval 144.13s, Train 763.73s)
[STATE 2026-04-12 14:11:21] T8 Ep 1/1 complete: Prec 0.7921 F1 0.6412 DetRec 0.7778 DetFA 0.4112 | 907.86s total (144.13s eval/763.73s train)
[STATE 2026-04-12 14:11:21] Task 8: running final validation.
[STATE 2026-04-12 14:13:45] Completed task 8 (9/10)
Task 9: 17340 training samples, 6800 test samples.
[STATE 2026-04-12 14:13:45] Task 9: zero-shot validation (pre-train)
---- Zero-shot (pre-train) task 9: rec_cls 0.1852 | prec_cls 0.1707 | f1_cls 0.1203 | det 0.4881 | pfa 1.0000 | total_f1 0.4277 ----
[STATE 2026-04-12 14:16:11] Starting task 9 (10/10)
[STATE 2026-04-12 14:16:11] Task 9 Epoch 1/1: entering train loop
[STATE 2026-04-12 14:22:40] Task 9 Epoch 1/1: running validation (end of epoch)
---- Eval at Epoch 0: cls [0.5911652240143074, 0.4492268854909151, 0.24247209166280084, 0.5354000745605622, 0.35553981756347686, 0.3402137456147048, 0.5030847864590963, 0.4148839861089516, 0.7111511607777845, 0.4614476800920003] | det_recall [0.840021379028423, 0.4763052691748513, 0.6755383404721425, 0.9906226280350459, 1.0, 0.5116668333819072, 1.0, 0.5481202270808487, 0.7836927227258593, 1.0] | det_fa [0.3036895944042135, 0.8270336194901043, 0.5882068823406844, 0.0, 0.0, 0.9594627307601244, 0.0, 0.8884775412086796, 0.3230736512241653, 0.0] ----
T9 Ep 1/1 | L 0.8704 | Train Acc 0.45 | Prec 0.46 | F1 0.52 | Det Rec 1.00 | Det FA 0.00 | Epoch Time 535.18s (Eval 146.02s, Train 389.16s)
[STATE 2026-04-12 14:25:06] T9 Ep 1/1 complete: Prec 0.4605 F1 0.5186 DetRec 0.9993 DetFA 0.0000 | 535.18s total (146.02s eval/389.16s train)
[STATE 2026-04-12 14:25:06] Task 9: running final validation.
[STATE 2026-04-12 14:27:32] Completed task 9 (10/10)
####Final Validation Accuracy####
Final Results:- 
 Total Recall: 0.45973944444901294 
 Individual Recall: [0.5979924796558913, 0.4452132720400696, 0.24436828075644954, 0.5351668906787987, 0.35507161608690585, 0.3389465759199224, 0.5020560028662758, 0.4144662340553437, 0.7092709188451681, 0.45484217358530427]
Final Detection Results:- 
 Total Detection: 0.782852019639001 
 Individual Detection: [0.8399632867940056, 0.48137407016525735, 0.6751218794104606, 0.9910146163903335, 1.0, 0.5117668144188365, 1.0, 0.5459816702790755, 0.78329785893204, 1.0]
Final Detection False Alarm:- 
 Total False Alarm: 0.3896007237177933 
 Individual False Alarm: [0.30492660765866675, 0.8246174441021749, 0.5894099279573434, 0.0, 0.0, 0.9605044666155401, 0.0, 0.8923629822993447, 0.324185808544863, 0.0]
SUMMARY_TR cls_rec=0.6720 cls_prec=0.6840 cls_f1=0.6640 det=0.7826 fa=0.3890
SUMMARY_TE cls_rec=0.4597 cls_prec=0.5034 cls_f1=0.4503 det=0.7829 fa=0.3896
[STATE 2026-04-12 14:27:32] Saving results to logs//agem/full-tasks-2_all-10epochs_weighted-loss-2026-04-12_10-38-26-6524/0/results
Model size: 0.0289 GB
Memory buffer size: 0.0196 GB
logs//agem/full-tasks-2_all-10epochs_weighted-loss-2026-04-12_10-38-26-6524/0/results: {'expt_name': 'full-tasks-2_all-10epochs_weighted-loss', 'model': 'agem', 'arch': 'resnet1d', 'n_hiddens': 100, 'n_layers': 2, 'xav_init': False, 'debug': False, 'use_detector_arch': False, 'inner_steps': 2, 'n_epochs': 1, 'batch_size': 256, 'replay_batch_size': 128, 'memories': 5120, 'lr': 0.01, 'optimizer': 'sgd', 'class_weighted_ce': True, 'cuda': True, 'seed': 0, 'log_every': 10, 'log_dir': 'logs//agem/full-tasks-2_all-10epochs_weighted-loss-2026-04-12_10-38-26-6524/0', 'tf_dir': 'logs//agem/full-tasks-2_all-10epochs_weighted-loss-2026-04-12_10-38-26-6524/0/tfdir', 'calc_test_accuracy': False, 'state_logging': True, 'data_path': 'data/rff/radar/full', 'task_order_files': 't2-rcn,t0-rcn,t2-uclresm-25noise,t0-deeprad,t1-deeprad,t1-uclresm-25noise,t3-deeprad,t0-uclresm-25noise,t1-rcn,t2-deeprad', 'loader': 'task_incremental_loader', 'samples_per_task': -1, 'shuffle_tasks': False, 'classes_per_it': 6, 'iterations': 5000, 'dataset': 'iq', 'workers': 0, 'validation': 0.5, 'data_scaling': 'normalize', 'use_iq_aug_features': False, 'iq_aug_feature_type': 'power', 'class_order': 'random', 'increment': 5, 'test_batch_size': 512, 'nc_per_task': None, 'nc_per_task_list': '', 'val_rate': 1000, 'opt_lr': 0.1, 'opt_wt': 0.1, 'alpha_init': 0.001, 'learn_lr': False, 'sync_update': False, 'grad_clip_norm': 5.0, 'meta_batches': 3, 'use_old_task_memory': False, 'second_order': False, 'n_memories': 5120, 'memory_strength': 0, 'steps_per_sample': 1, 'bgd_optimizer': 'sgd', 'optimizer_params': '{}', 'train_mc_iters': 5, 'std_init': 0.05, 'mean_eta': 1, 'fisher_gamma': 0.95, 'rln': 7, 'meta_lr': 0.001, 'update_lr': 0.1, 'ctx_lr': 0.05, 'n_meta': 1, 'temperature': 5.0, 'task_emb': 64, 'classes_per_task': [6, 7, 6, 7, 7, 6, 6, 6, 7, 6], 'get_samples_per_task': <bound method IncrementalLoader.get_samples_per_task of <dataloaders.task_incremental_loader.IncrementalLoader object at 0x74e36b6ac910>>} # val: 0.706 0.460 -0.247 0.000 # sizes: model_gb=0.0289 mem_gb=0.0196 # 13681.63252544403
[STATE 2026-04-12 14:27:32] results.pt components (approx): state_dict 29.6 MB, result_val_t 0.1 KB, result_val_a 0.8 KB
[STATE 2026-04-12 14:27:33] Results saved; total runtime 3.80h
Total runtime: 3.80 hours
