[STATE 2026-04-14 11:54:36] Enabling terminal logging to logs//si/full-tasks-2_all-10epochs_weighted-loss-2026-04-14_11-54-36-6864/0/terminal.log
New Experiment Starting...
Running model:  si
[STATE 2026-04-14 11:54:36] Experiment 'full-tasks-2_all-10epochs_weighted-loss' starting with model 'si' (seed 0)
Set seed 0
t2-rcn.npz train: x=(50362, 1024), y=(50362, 2)
t2-rcn.npz test: x=(16787, 1024), y=(16787, 2)
t2-rcn.npz: applied data scaling mode 'normalize'.
Loaded t2-rcn.npz: Unique train labels: UniqueCountsResult(values=array([-1,  3,  5, 10, 12, 15]), counts=array([24209,  5770,  3030,  2320,  7509,  7524]))
Noise labels ratio in t2-rcn.npz train: 0.24, test: 0.24
Loaded t2-rcn.npz: Remapped labels: [-1  0  1  2  3  4]. Size: 50362)
t0-rcn.npz train: x=(51916, 1024), y=(51916, 2)
t0-rcn.npz test: x=(17305, 1024), y=(17305, 2)
t0-rcn.npz: applied data scaling mode 'normalize'.
Loaded t0-rcn.npz: Unique train labels: UniqueCountsResult(values=array([-1,  1,  8,  9, 11, 13, 14]), counts=array([24225,  4268,  2495,  2943,  3015,  7464,  7506]))
Noise labels ratio in t0-rcn.npz train: 0.23, test: 0.23
Loaded t0-rcn.npz: Remapped labels: [-1  5  6  7  8  9 10]. Size: 51916)
t2-uclresm-25noise.npz train: moved sample axis (3, 350028, 1024) -> (350028, 3, 1024)
t2-uclresm-25noise.npz test: moved sample axis (3, 233351, 1024) -> (233351, 3, 1024)
t2-uclresm-25noise.npz train: x=(350028, 3, 1024), y=(350028,)
t2-uclresm-25noise.npz test: x=(233351, 3, 1024), y=(233351,)
t2-uclresm-25noise.npz: applied data scaling mode 'normalize'.
Loaded t2-uclresm-25noise.npz: Unique train labels: UniqueCountsResult(values=array([-1,  0,  1,  2,  3,  4]), counts=array([87441, 27347, 71754, 64298, 36005, 63183]))
Noise labels ratio in t2-uclresm-25noise.npz train: 0.25, test: 0.25
Loaded t2-uclresm-25noise.npz: Remapped labels: [-1 11 12 13 14 15]. Size: 350028)
t0-deeprad.npz train: x=(24480, 1024), y=(24480, 2)
t0-deeprad.npz test: x=(8160, 1024), y=(8160, 2)
t0-deeprad.npz: applied data scaling mode 'normalize'.
Loaded t0-deeprad.npz: Unique train labels: UniqueCountsResult(values=array([-1,  0,  1,  2,  3,  4,  5]), counts=array([12240,  2029,  1983,  2043,  2154,  2015,  2016]))
Noise labels ratio in t0-deeprad.npz train: 0.25, test: 0.25
Loaded t0-deeprad.npz: Remapped labels: [-1 16 17 18 19 20 21]. Size: 24480)
t1-deeprad.npz train: x=(24480, 1024), y=(24480, 2)
t1-deeprad.npz test: x=(8160, 1024), y=(8160, 2)
t1-deeprad.npz: applied data scaling mode 'normalize'.
Loaded t1-deeprad.npz: Unique train labels: UniqueCountsResult(values=array([-1,  0,  1,  2,  3,  4,  5]), counts=array([12240,  1988,  2029,  2054,  1988,  2053,  2128]))
Noise labels ratio in t1-deeprad.npz train: 0.25, test: 0.25
Loaded t1-deeprad.npz: Remapped labels: [-1 22 23 24 25 26 27]. Size: 24480)
t1-uclresm-25noise.npz train: moved sample axis (3, 201410, 1024) -> (201410, 3, 1024)
t1-uclresm-25noise.npz test: moved sample axis (3, 116291, 1024) -> (116291, 3, 1024)
t1-uclresm-25noise.npz train: x=(201410, 3, 1024), y=(201410,)
t1-uclresm-25noise.npz test: x=(116291, 3, 1024), y=(116291,)
t1-uclresm-25noise.npz: applied data scaling mode 'normalize'.
Loaded t1-uclresm-25noise.npz: Unique train labels: UniqueCountsResult(values=array([-1,  0,  1,  2,  3,  4]), counts=array([43668, 18021, 17838, 18087, 31870, 71926]))
Noise labels ratio in t1-uclresm-25noise.npz train: 0.22, test: 0.25
Loaded t1-uclresm-25noise.npz: Remapped labels: [-1 28 29 30 31 32]. Size: 201410)
t3-deeprad.npz train: x=(17340, 1024), y=(17340, 2)
t3-deeprad.npz test: x=(6800, 1024), y=(6800, 2)
t3-deeprad.npz: applied data scaling mode 'normalize'.
Loaded t3-deeprad.npz: Unique train labels: UniqueCountsResult(values=array([-1,  0,  1,  2,  3,  4]), counts=array([8670, 1693, 1677, 1794, 1716, 1790]))
Noise labels ratio in t3-deeprad.npz train: 0.25, test: 0.25
Loaded t3-deeprad.npz: Remapped labels: [-1 33 34 35 36 37]. Size: 17340)
t0-uclresm-25noise.npz train: moved sample axis (3, 188050, 1024) -> (188050, 3, 1024)
t0-uclresm-25noise.npz test: moved sample axis (3, 107348, 1024) -> (107348, 3, 1024)
t0-uclresm-25noise.npz train: x=(188050, 3, 1024), y=(188050,)
t0-uclresm-25noise.npz test: x=(107348, 3, 1024), y=(107348,)
t0-uclresm-25noise.npz: applied data scaling mode 'normalize'.
Loaded t0-uclresm-25noise.npz: Unique train labels: UniqueCountsResult(values=array([-1,  0,  1,  2,  3,  4]), counts=array([40144, 32109, 17978, 17979, 18098, 61742]))
Noise labels ratio in t0-uclresm-25noise.npz train: 0.21, test: 0.25
Loaded t0-uclresm-25noise.npz: Remapped labels: [-1 38 39 40 41 42]. Size: 188050)
t1-rcn.npz train: x=(36658, 1024), y=(36658, 2)
t1-rcn.npz test: x=(12220, 1024), y=(12220, 2)
t1-rcn.npz: applied data scaling mode 'normalize'.
Loaded t1-rcn.npz: Unique train labels: UniqueCountsResult(values=array([-1,  0,  2,  4,  6,  7, 16]), counts=array([20595,   824,  2087,  2606,  2396,  1716,  6434]))
Noise labels ratio in t1-rcn.npz train: 0.28, test: 0.28
Loaded t1-rcn.npz: Remapped labels: [-1 43 44 45 46 47 48]. Size: 36658)
t2-deeprad.npz train: x=(17340, 1024), y=(17340, 2)
t2-deeprad.npz test: x=(6800, 1024), y=(6800, 2)
t2-deeprad.npz: applied data scaling mode 'normalize'.
Loaded t2-deeprad.npz: Unique train labels: UniqueCountsResult(values=array([-1,  0,  1,  2,  3,  4]), counts=array([8670, 1774, 1675, 1777, 1694, 1750]))
Noise labels ratio in t2-deeprad.npz train: 0.25, test: 0.25
Loaded t2-deeprad.npz: Remapped labels: [-1 49 50 51 52 53]. Size: 17340)
Built IQ classes_per_task (increments): [5, 6, 5, 6, 6, 5, 5, 5, 6, 5]
Classes per task: [5, 6, 5, 6, 6, 5, 5, 5, 6, 5]
[STATE 2026-04-14 11:55:46] Loader 'class_incremental_loader' ready: 1024 inputs, 55 outputs, 10 tasks
n_outputs: 55 	n_tasks: 10
[STATE 2026-04-14 11:55:46] Logging to logs//si/full-tasks-2_all-10epochs_weighted-loss-2026-04-14_11-54-36-6864/0
True
Model device: cuda:0
[STATE 2026-04-14 11:55:46] Model initialized on device cuda:0
[STATE 2026-04-14 11:55:46] Invoking continual life experience flow
[STATE 2026-04-14 11:55:46] Life experience start: 10 tasks queued
[STATE 2026-04-14 11:55:46] Task 0: zero-shot validation (pre-train)
---- Zero-shot (pre-train) task 0: rec_cls 0.0002 | prec_cls 0.0064 | f1_cls 0.1065 | det 0.5023 | pfa 0.0626 | total_f1 0.1065 ----
[STATE 2026-04-14 11:55:54] Starting task 0 (1/10)
[STATE 2026-04-14 11:55:54] Task 0 Epoch 1/1: entering train loop
[STATE 2026-04-14 11:56:43] Task 0 Epoch 1/1: running validation (end of epoch)
---- Eval at Epoch 0: cls [0.6566319600408369] | det_recall [0.8664534990719315] | det_fa [0.2335946560621834] ----
T0 Ep 1/1 | L 1.2851 | Train Acc 0.45 | Prec 0.49 | F1 0.44 | Det Rec 0.77 | Det FA 0.35 | Epoch Time 54.04s (Eval 5.24s, Train 48.80s)
[STATE 2026-04-14 11:56:48] T0 Ep 1/1 complete: Prec 0.4922 F1 0.4351 DetRec 0.7660 DetFA 0.3508 | 54.04s total (5.24s eval/48.80s train)
[STATE 2026-04-14 11:56:48] Task 0: running final validation.
[STATE 2026-04-14 11:56:53] Completed task 0 (1/10)
[STATE 2026-04-14 11:56:54] Task 1: zero-shot validation (pre-train)
---- Zero-shot (pre-train) task 1: rec_cls 0.2738 | prec_cls 0.1600 | f1_cls 0.2152 | det 0.7838 | pfa 0.3352 | total_f1 0.4235 ----
[STATE 2026-04-14 11:57:10] Starting task 1 (2/10)
[STATE 2026-04-14 11:57:10] Task 1 Epoch 1/1: entering train loop
[STATE 2026-04-14 11:58:00] Task 1 Epoch 1/1: running validation (end of epoch)
---- Eval at Epoch 0: cls [0.06358747126236705, 0.23077228351512818] | det_recall [0.5461222140517561, 0.6339870016284253] | det_fa [0.0, 0.6530022483322152] ----
T1 Ep 1/1 | L 1.3403 | Train Acc 0.46 | Prec 0.48 | F1 0.35 | Det Rec 0.62 | Det FA 0.70 | Epoch Time 66.45s (Eval 16.54s, Train 49.91s)
[STATE 2026-04-14 11:58:16] T1 Ep 1/1 complete: Prec 0.4799 F1 0.3505 DetRec 0.6154 DetFA 0.6977 | 66.45s total (16.54s eval/49.91s train)
[STATE 2026-04-14 11:58:16] Task 1: running final validation.
[STATE 2026-04-14 11:58:33] Completed task 1 (2/10)
Note: Unified mixed IQ test tensors to (N, 3, L) via ADC0 I/Q + zero-padded ADC1/2 (IID2-style) for cumulative CIL.
[STATE 2026-04-14 11:58:34] Task 2: zero-shot validation (pre-train)
---- Zero-shot (pre-train) task 2: rec_cls 0.0650 | prec_cls 0.0087 | f1_cls 0.0358 | det 0.6412 | pfa 0.6800 | total_f1 0.1261 ----
[STATE 2026-04-14 11:59:54] Starting task 2 (3/10)
[STATE 2026-04-14 11:59:54] Task 2 Epoch 1/1: entering train loop
[STATE 2026-04-14 12:05:35] Task 2 Epoch 1/1: running validation (end of epoch)
---- Eval at Epoch 0: cls [0.0, 0.0, 0.06797673494079778] | det_recall [0.5, 0.5, 0.6337276264729953] | det_fa [0.0, 0.0, 0.6147397681168886] ----
T2 Ep 1/1 | L 1.4308 | Train Acc 0.35 | Prec 0.35 | F1 0.38 | Det Rec 0.76 | Det FA 0.42 | Epoch Time 421.05s (Eval 79.80s, Train 341.25s)
[STATE 2026-04-14 12:06:55] T2 Ep 1/1 complete: Prec 0.3516 F1 0.3756 DetRec 0.7638 DetFA 0.4167 | 421.05s total (79.80s eval/341.25s train)
[STATE 2026-04-14 12:06:55] Task 2: running final validation.
[STATE 2026-04-14 12:08:15] Completed task 2 (3/10)
Note: Unified mixed IQ test tensors to (N, 3, L) via ADC0 I/Q + zero-padded ADC1/2 (IID2-style) for cumulative CIL.
[STATE 2026-04-14 12:08:15] Task 3: zero-shot validation (pre-train)
---- Zero-shot (pre-train) task 3: rec_cls 0.0492 | prec_cls 0.0524 | f1_cls 0.0594 | det 0.6180 | pfa 0.6339 | total_f1 0.0756 ----
[STATE 2026-04-14 12:10:41] Starting task 3 (4/10)
[STATE 2026-04-14 12:10:41] Task 3 Epoch 1/1: entering train loop
[STATE 2026-04-14 12:11:04] Task 3 Epoch 1/1: running validation (end of epoch)
---- Eval at Epoch 0: cls [0.11670552399420711, 0.036653694788367656, 0.060835600564273534, 0.07057478241883124] | det_recall [0.5757763517730303, 0.5774528868849472, 0.44145930810938633, 0.5229202064219086] | det_fa [0.10936143500172965, 0.14277053782938437, 0.385344553992666, 0.5727093254591705] ----
T3 Ep 1/1 | L 1.3845 | Train Acc 0.49 | Prec 0.48 | F1 0.54 | Det Rec 0.98 | Det FA 0.03 | Epoch Time 169.59s (Eval 145.76s, Train 23.83s)
[STATE 2026-04-14 12:13:30] T3 Ep 1/1 complete: Prec 0.4813 F1 0.5365 DetRec 0.9790 DetFA 0.0288 | 169.59s total (145.76s eval/23.83s train)
[STATE 2026-04-14 12:13:30] Task 3: running final validation.
[STATE 2026-04-14 12:15:56] Completed task 3 (4/10)
Note: Unified mixed IQ test tensors to (N, 3, L) via ADC0 I/Q + zero-padded ADC1/2 (IID2-style) for cumulative CIL.
[STATE 2026-04-14 12:15:57] Task 4: zero-shot validation (pre-train)
---- Zero-shot (pre-train) task 4: rec_cls 0.0595 | prec_cls 0.0055 | f1_cls 0.0187 | det 0.5077 | pfa 0.5932 | total_f1 0.0707 ----
[STATE 2026-04-14 12:19:30] Starting task 4 (5/10)
[STATE 2026-04-14 12:19:30] Task 4 Epoch 1/1: entering train loop
[STATE 2026-04-14 12:19:54] Task 4 Epoch 1/1: running validation (end of epoch)
---- Eval at Epoch 0: cls [0.01661145495852678, 0.006537333312011314, 0.01409791244915122, 0.04577284564303674, 0.05091847115288609] | det_recall [0.5066295353808368, 0.503194897922834, 0.5048975475930222, 0.501189677018806, 0.44947180898853634] | det_fa [0.026226243733114083, 0.023727219298655327, 0.1340200609057223, 0.33115024446862346, 0.5440097930067226] ----
T4 Ep 1/1 | L 1.6175 | Train Acc 0.29 | Prec 0.28 | F1 0.37 | Det Rec 1.00 | Det FA 0.00 | Epoch Time 238.16s (Eval 214.27s, Train 23.89s)
[STATE 2026-04-14 12:23:29] T4 Ep 1/1 complete: Prec 0.2827 F1 0.3658 DetRec 0.9989 DetFA 0.0022 | 238.16s total (214.27s eval/23.89s train)
[STATE 2026-04-14 12:23:29] Task 4: running final validation.
[STATE 2026-04-14 12:27:19] Completed task 4 (5/10)
Note: Unified mixed IQ test tensors to (N, 3, L) via ADC0 I/Q + zero-padded ADC1/2 (IID2-style) for cumulative CIL.
[STATE 2026-04-14 12:27:26] Task 5: zero-shot validation (pre-train)
---- Zero-shot (pre-train) task 5: rec_cls 0.0337 | prec_cls 0.0030 | f1_cls 0.0162 | det 0.4766 | pfa 0.4911 | total_f1 0.0476 ----
[STATE 2026-04-14 12:32:38] Starting task 5 (6/10)
[STATE 2026-04-14 12:32:38] Task 5 Epoch 1/1: entering train loop
[STATE 2026-04-14 12:35:55] Task 5 Epoch 1/1: running validation (end of epoch)
---- Eval at Epoch 0: cls [0.0, 0.0, 0.00174045059370058, 0.0013077881979097557, 0.0001786786288002839, 0.06979412606225267] | det_recall [0.5, 0.5, 0.505081629800753, 0.5059901392172876, 0.5146606454923606, 0.6336452990586943] | det_fa [0.0, 0.0, 0.000668921164526428, 0.0007562629930005965, 0.004921425966207203, 0.6575183804215081] ----
T5 Ep 1/1 | L 1.1620 | Train Acc 0.54 | Prec 0.53 | F1 0.52 | Det Rec 0.79 | Det FA 0.36 | Epoch Time 508.92s (Eval 312.76s, Train 196.15s)
[STATE 2026-04-14 12:41:07] T5 Ep 1/1 complete: Prec 0.5316 F1 0.5224 DetRec 0.7949 DetFA 0.3591 | 508.92s total (312.76s eval/196.15s train)
[STATE 2026-04-14 12:41:07] Task 5: running final validation.
[STATE 2026-04-14 12:46:19] Completed task 5 (6/10)
Note: Unified mixed IQ test tensors to (N, 3, L) via ADC0 I/Q + zero-padded ADC1/2 (IID2-style) for cumulative CIL.
[STATE 2026-04-14 12:46:30] Task 6: zero-shot validation (pre-train)
---- Zero-shot (pre-train) task 6: rec_cls 0.0604 | prec_cls 0.0193 | f1_cls 0.0363 | det 0.6224 | pfa 0.6958 | total_f1 0.0450 ----
[STATE 2026-04-14 12:53:42] Starting task 6 (7/10)
[STATE 2026-04-14 12:53:42] Task 6 Epoch 1/1: entering train loop
[STATE 2026-04-14 12:54:05] Task 6 Epoch 1/1: running validation (end of epoch)
---- Eval at Epoch 0: cls [0.0, 0.0, 0.0, 0.0, 8.895866038723182e-05, 0.005498316690152328, 0.03847694530695121] | det_recall [0.5, 0.5, 0.5, 0.4999927378358751, 0.4950829000276586, 0.44492941114786677, 0.48046717101525094] | det_fa [0.0, 0.0, 0.0, 1.4524328249818445e-05, 0.013133974517112122, 0.23191415443062052, 0.49123016093051675] ----
T6 Ep 1/1 | L 1.8599 | Train Acc 0.37 | Prec 0.35 | F1 0.44 | Det Rec 0.97 | Det FA 0.05 | Epoch Time 480.84s (Eval 458.24s, Train 22.60s)
[STATE 2026-04-14 13:01:43] T6 Ep 1/1 complete: Prec 0.3492 F1 0.4357 DetRec 0.9740 DetFA 0.0490 | 480.84s total (458.24s eval/22.60s train)
[STATE 2026-04-14 13:01:43] Task 6: running final validation.
[STATE 2026-04-14 13:08:38] Completed task 6 (7/10)
Note: Unified mixed IQ test tensors to (N, 3, L) via ADC0 I/Q + zero-padded ADC1/2 (IID2-style) for cumulative CIL.
[STATE 2026-04-14 13:08:56] Task 7: zero-shot validation (pre-train)
---- Zero-shot (pre-train) task 7: rec_cls 0.0309 | prec_cls 0.0227 | f1_cls 0.0167 | det 0.4984 | pfa 0.4608 | total_f1 0.0352 ----
[STATE 2026-04-14 13:17:57] Starting task 7 (8/10)
[STATE 2026-04-14 13:17:57] Task 7 Epoch 1/1: entering train loop
[STATE 2026-04-14 13:21:01] Task 7 Epoch 1/1: running validation (end of epoch)
---- Eval at Epoch 0: cls [0.0, 0.0, 4.410151109417613e-06, 0.0, 0.0, 0.010548434645237836, 0.009179703737754822, 0.05109139699512917] | det_recall [0.5, 0.5, 0.5000304023925539, 0.5002616336643202, 0.501779011869043, 0.5172268529565255, 0.503491157011722, 0.5350777130838696] | det_fa [0.0, 0.0, 0.0, 0.0, 2.7392513996093976e-05, 0.03204874930484635, 0.05752718287936571, 0.8259610807756271] ----
T7 Ep 1/1 | L 1.0613 | Train Acc 0.57 | Prec 0.59 | F1 0.57 | Det Rec 0.79 | Det FA 0.33 | Epoch Time 723.39s (Eval 539.97s, Train 183.42s)
[STATE 2026-04-14 13:30:01] T7 Ep 1/1 complete: Prec 0.5893 F1 0.5670 DetRec 0.7939 DetFA 0.3294 | 723.39s total (539.97s eval/183.42s train)
[STATE 2026-04-14 13:30:01] Task 7: running final validation.
[STATE 2026-04-14 13:39:00] Completed task 7 (8/10)
Note: Unified mixed IQ test tensors to (N, 3, L) via ADC0 I/Q + zero-padded ADC1/2 (IID2-style) for cumulative CIL.
[STATE 2026-04-14 13:39:09] Task 8: zero-shot validation (pre-train)
---- Zero-shot (pre-train) task 8: rec_cls 0.0432 | prec_cls 0.0108 | f1_cls 0.0188 | det 0.5311 | pfa 0.8369 | total_f1 0.0359 ----
[STATE 2026-04-14 13:50:22] Starting task 8 (9/10)
[STATE 2026-04-14 13:50:22] Task 8 Epoch 1/1: entering train loop
[STATE 2026-04-14 13:50:57] Task 8 Epoch 1/1: running validation (end of epoch)
---- Eval at Epoch 0: cls [0.0, 0.0, 0.0, 0.0, 0.0, 0.0010147975705300145, 0.0009359367000026853, 0.001758259599228913, 0.013345360076553668] | det_recall [0.5, 0.5, 0.5000032426893568, 0.5, 0.5, 0.5045784351259426, 0.5045969917337026, 0.5187830820828236, 0.612372480076218] | det_fa [0.0, 0.0, 0.0, 0.0, 0.0, 0.00019333225183209446, 0.0002584352781317437, 0.002823554681514208, 0.5736365505589827] ----
T8 Ep 1/1 | L 1.9313 | Train Acc 0.44 | Prec 0.43 | F1 0.35 | Det Rec 0.75 | Det FA 0.43 | Epoch Time 708.71s (Eval 673.24s, Train 35.46s)
[STATE 2026-04-14 14:02:10] T8 Ep 1/1 complete: Prec 0.4269 F1 0.3517 DetRec 0.7534 DetFA 0.4307 | 708.71s total (673.24s eval/35.46s train)
[STATE 2026-04-14 14:02:10] Task 8: running final validation.
[STATE 2026-04-14 14:13:24] Completed task 8 (9/10)
Note: Unified mixed IQ test tensors to (N, 3, L) via ADC0 I/Q + zero-padded ADC1/2 (IID2-style) for cumulative CIL.
[STATE 2026-04-14 14:13:33] Task 9: zero-shot validation (pre-train)
---- Zero-shot (pre-train) task 9: rec_cls 0.0122 | prec_cls 0.0005 | f1_cls 0.0113 | det 0.6029 | pfa 0.5856 | total_f1 0.0301 ----
[STATE 2026-04-14 14:27:01] Starting task 9 (10/10)
[STATE 2026-04-14 14:27:01] Task 9 Epoch 1/1: entering train loop
[STATE 2026-04-14 14:27:17] Task 9 Epoch 1/1: running validation (end of epoch)
/home/lunet/wsmr11/repos/La-MAML/la-maml_env/lib/python3.10/site-packages/sklearn/metrics/_classification.py:98: UserWarning: The number of unique classes is greater than 50% of the number of samples. `y` could represent a regression problem, not a classification problem.
  type_true = type_of_target(y_true, input_name="y_true")
/home/lunet/wsmr11/repos/La-MAML/la-maml_env/lib/python3.10/site-packages/sklearn/utils/multiclass.py:79: UserWarning: The number of unique classes is greater than 50% of the number of samples. `y` could represent a regression problem, not a classification problem.
  ys_types = set(type_of_target(x) for x in ys)
/home/lunet/wsmr11/repos/La-MAML/la-maml_env/lib/python3.10/site-packages/sklearn/metrics/_classification.py:98: UserWarning: The number of unique classes is greater than 50% of the number of samples. `y` could represent a regression problem, not a classification problem.
  type_true = type_of_target(y_true, input_name="y_true")
/home/lunet/wsmr11/repos/La-MAML/la-maml_env/lib/python3.10/site-packages/sklearn/utils/multiclass.py:79: UserWarning: The number of unique classes is greater than 50% of the number of samples. `y` could represent a regression problem, not a classification problem.
  ys_types = set(type_of_target(x) for x in ys)
---- Eval at Epoch 0: cls [0.0, 0.0, 5.940576019233151e-05, 1.8977942669023774e-05, 4.816262809737553e-06, 0.0014640105773339278, 0.0010233329179653052, 0.0016977839108375918, 0.0005238412691353733, 0.013920751913907743] | det_recall [0.5, 0.5, 0.5010857967358286, 0.5029214246199517, 0.5083611298408932, 0.5202219683349114, 0.5296771633086854, 0.5023773387978698, 0.5266207579252727, 0.5057590386964588] | det_fa [0.0, 0.0, 0.00013689839690148964, 0.0030489961592800197, 0.01988439840542298, 0.03802921102815085, 0.07756375101367785, 0.15813020482255138, 0.2274652347342075, 0.5438956788811937] ----
T9 Ep 1/1 | L 1.8524 | Train Acc 0.30 | Prec 0.27 | F1 0.39 | Det Rec 1.00 | Det FA 0.00 | Epoch Time 824.85s (Eval 808.21s, Train 16.64s)
[STATE 2026-04-14 14:40:46] T9 Ep 1/1 complete: Prec 0.2721 F1 0.3857 DetRec 0.9967 DetFA 0.0027 | 824.85s total (808.21s eval/16.64s train)
[STATE 2026-04-14 14:40:46] Task 9: running final validation.
[STATE 2026-04-14 14:54:14] Completed task 9 (10/10)
####Final Validation Accuracy####
Final Results:- 
 Total Recall: 0.0019355242248920365 
 Individual Recall: [0.0, 0.0, 5.233944825399908e-05, 7.93914562427719e-06, 1.406683434333204e-06, 0.0014215969195952335, 0.001065253163993028, 0.0018760339260384122, 0.0005292909759184817, 0.0144013819860626]
Final Detection Results:- 
 Total Detection: 0.5096627375296745 
 Individual Detection: [0.5, 0.5, 0.5010184882755317, 0.5027430534518375, 0.5080607322760166, 0.5205523683213221, 0.5295328381635109, 0.5021014727057516, 0.52659725550591, 0.5060211665968655]
Final Detection False Alarm:- 
 Total False Alarm: 0.10677027229912364 
 Individual False Alarm: [0.0, 0.0, 0.00015433584966006078, 0.003335855821350409, 0.02027936338631927, 0.03748304428323006, 0.07772613748868296, 0.15846771877082327, 0.22714864817815691, 0.5431076192130134]
SUMMARY_TR cls_rec=0.2959 cls_prec=0.2721 cls_f1=0.3857 det=0.5097 fa=0.1068
SUMMARY_TE cls_rec=0.0019 cls_prec=0.0015 cls_f1=0.0299 det=0.5097 fa=0.1068
[STATE 2026-04-14 14:54:15] Saving results to logs//si/full-tasks-2_all-10epochs_weighted-loss-2026-04-14_11-54-36-6864/0/results
Model size: 0.0289 GB
Memory buffer size: 0.0000 GB
logs//si/full-tasks-2_all-10epochs_weighted-loss-2026-04-14_11-54-36-6864/0/results: {'expt_name': 'full-tasks-2_all-10epochs_weighted-loss', 'model': 'si', 'arch': 'resnet1d', 'n_hiddens': 100, 'n_layers': 2, 'xav_init': False, 'debug': False, 'use_detector_arch': False, 'inner_steps': 2, 'n_epochs': 1, 'batch_size': 256, 'replay_batch_size': 128, 'memories': 5120, 'lr': 0.001, 'optimizer': 'sgd', 'class_weighted_ce': True, 'cuda': True, 'seed': 0, 'log_every': 10, 'log_dir': 'logs//si/full-tasks-2_all-10epochs_weighted-loss-2026-04-14_11-54-36-6864/0', 'tf_dir': 'logs//si/full-tasks-2_all-10epochs_weighted-loss-2026-04-14_11-54-36-6864/0/tfdir', 'calc_test_accuracy': False, 'state_logging': True, 'data_path': 'data/rff/radar/full', 'task_order_files': 't2-rcn,t0-rcn,t2-uclresm-25noise,t0-deeprad,t1-deeprad,t1-uclresm-25noise,t3-deeprad,t0-uclresm-25noise,t1-rcn,t2-deeprad', 'loader': 'class_incremental_loader', 'samples_per_task': -1, 'shuffle_tasks': False, 'classes_per_it': 6, 'iterations': 5000, 'dataset': 'iq', 'workers': 0, 'validation': 0.5, 'data_scaling': 'normalize', 'use_iq_aug_features': False, 'iq_aug_feature_type': 'power', 'class_order': 'random', 'increment': 5, 'test_batch_size': 512, 'nc_per_task': None, 'nc_per_task_list': '', 'val_rate': 1000, 'opt_lr': 0.1, 'opt_wt': 0.1, 'alpha_init': 0.001, 'learn_lr': False, 'sync_update': False, 'grad_clip_norm': 5.0, 'meta_batches': 3, 'use_old_task_memory': False, 'second_order': False, 'n_memories': 5120, 'memory_strength': 0, 'steps_per_sample': 1, 'bgd_optimizer': 'sgd', 'optimizer_params': '{}', 'train_mc_iters': 5, 'std_init': 0.05, 'mean_eta': 1, 'fisher_gamma': 0.95, 'rln': 7, 'meta_lr': 0.001, 'update_lr': 0.1, 'ctx_lr': 0.05, 'n_meta': 1, 'temperature': 5.0, 'task_emb': 64, 'noise_label': 54, 'classes_per_task': [5, 6, 5, 6, 6, 5, 5, 5, 6, 5], 'get_samples_per_task': <bound method IncrementalLoader.get_samples_per_task of <dataloaders.class_incremental_loader.IncrementalLoader object at 0x706509bf0910>>} # val: 0.127 0.002 -0.125 0.000 # sizes: model_gb=0.0289 mem_gb=0.0000 # 10708.261862754822
[STATE 2026-04-14 14:54:16] results.pt components (approx): state_dict 88.7 MB, result_val_t 0.1 KB, result_val_a 0.8 KB
[STATE 2026-04-14 14:54:16] Results saved; total runtime 2.97h
Total runtime: 2.97 hours
