[STATE 2026-04-15 12:11:11] Enabling terminal logging to logs//smaml/full-tasks_CIL_all-2026-04-15_12-11-11-8161/0/terminal.log
New Experiment Starting...
Running model:  lamaml_cifar
[STATE 2026-04-15 12:11:11] Experiment 'full-tasks_CIL_all' starting with model 'lamaml_cifar' (seed 0)
Set seed 0
t2-rcn.npz train: x=(50362, 1024), y=(50362, 2)
t2-rcn.npz test: x=(16787, 1024), y=(16787, 2)
t2-rcn.npz: applied data scaling mode 'normalize'.
Loaded t2-rcn.npz: Unique train labels: UniqueCountsResult(values=array([-1,  3,  5, 10, 12, 15]), counts=array([24209,  5770,  3030,  2320,  7509,  7524]))
Noise labels ratio in t2-rcn.npz train: 0.24, test: 0.24
Loaded t2-rcn.npz: Remapped labels: [-1  0  1  2  3  4]. Size: 50362)
t0-rcn.npz train: x=(51916, 1024), y=(51916, 2)
t0-rcn.npz test: x=(17305, 1024), y=(17305, 2)
t0-rcn.npz: applied data scaling mode 'normalize'.
Loaded t0-rcn.npz: Unique train labels: UniqueCountsResult(values=array([-1,  1,  8,  9, 11, 13, 14]), counts=array([24225,  4268,  2495,  2943,  3015,  7464,  7506]))
Noise labels ratio in t0-rcn.npz train: 0.23, test: 0.23
Loaded t0-rcn.npz: Remapped labels: [-1  5  6  7  8  9 10]. Size: 51916)
t2-uclresm-25noise.npz train: moved sample axis (3, 350028, 1024) -> (350028, 3, 1024)
t2-uclresm-25noise.npz test: moved sample axis (3, 233351, 1024) -> (233351, 3, 1024)
t2-uclresm-25noise.npz train: x=(350028, 3, 1024), y=(350028,)
t2-uclresm-25noise.npz test: x=(233351, 3, 1024), y=(233351,)
t2-uclresm-25noise.npz: applied data scaling mode 'normalize'.
Loaded t2-uclresm-25noise.npz: Unique train labels: UniqueCountsResult(values=array([-1,  0,  1,  2,  3,  4]), counts=array([87441, 27347, 71754, 64298, 36005, 63183]))
Noise labels ratio in t2-uclresm-25noise.npz train: 0.25, test: 0.25
Loaded t2-uclresm-25noise.npz: Remapped labels: [-1 11 12 13 14 15]. Size: 350028)
t0-deeprad.npz train: x=(24480, 1024), y=(24480, 2)
t0-deeprad.npz test: x=(8160, 1024), y=(8160, 2)
t0-deeprad.npz: applied data scaling mode 'normalize'.
Loaded t0-deeprad.npz: Unique train labels: UniqueCountsResult(values=array([-1,  0,  1,  2,  3,  4,  5]), counts=array([12240,  2029,  1983,  2043,  2154,  2015,  2016]))
Noise labels ratio in t0-deeprad.npz train: 0.25, test: 0.25
Loaded t0-deeprad.npz: Remapped labels: [-1 16 17 18 19 20 21]. Size: 24480)
t1-deeprad.npz train: x=(24480, 1024), y=(24480, 2)
t1-deeprad.npz test: x=(8160, 1024), y=(8160, 2)
t1-deeprad.npz: applied data scaling mode 'normalize'.
Loaded t1-deeprad.npz: Unique train labels: UniqueCountsResult(values=array([-1,  0,  1,  2,  3,  4,  5]), counts=array([12240,  1988,  2029,  2054,  1988,  2053,  2128]))
Noise labels ratio in t1-deeprad.npz train: 0.25, test: 0.25
Loaded t1-deeprad.npz: Remapped labels: [-1 22 23 24 25 26 27]. Size: 24480)
t1-uclresm-25noise.npz train: moved sample axis (3, 201410, 1024) -> (201410, 3, 1024)
t1-uclresm-25noise.npz test: moved sample axis (3, 116291, 1024) -> (116291, 3, 1024)
t1-uclresm-25noise.npz train: x=(201410, 3, 1024), y=(201410,)
t1-uclresm-25noise.npz test: x=(116291, 3, 1024), y=(116291,)
t1-uclresm-25noise.npz: applied data scaling mode 'normalize'.
Loaded t1-uclresm-25noise.npz: Unique train labels: UniqueCountsResult(values=array([-1,  0,  1,  2,  3,  4]), counts=array([43668, 18021, 17838, 18087, 31870, 71926]))
Noise labels ratio in t1-uclresm-25noise.npz train: 0.22, test: 0.25
Loaded t1-uclresm-25noise.npz: Remapped labels: [-1 28 29 30 31 32]. Size: 201410)
t3-deeprad.npz train: x=(17340, 1024), y=(17340, 2)
t3-deeprad.npz test: x=(6800, 1024), y=(6800, 2)
t3-deeprad.npz: applied data scaling mode 'normalize'.
Loaded t3-deeprad.npz: Unique train labels: UniqueCountsResult(values=array([-1,  0,  1,  2,  3,  4]), counts=array([8670, 1693, 1677, 1794, 1716, 1790]))
Noise labels ratio in t3-deeprad.npz train: 0.25, test: 0.25
Loaded t3-deeprad.npz: Remapped labels: [-1 33 34 35 36 37]. Size: 17340)
t0-uclresm-25noise.npz train: moved sample axis (3, 188050, 1024) -> (188050, 3, 1024)
t0-uclresm-25noise.npz test: moved sample axis (3, 107348, 1024) -> (107348, 3, 1024)
t0-uclresm-25noise.npz train: x=(188050, 3, 1024), y=(188050,)
t0-uclresm-25noise.npz test: x=(107348, 3, 1024), y=(107348,)
t0-uclresm-25noise.npz: applied data scaling mode 'normalize'.
Loaded t0-uclresm-25noise.npz: Unique train labels: UniqueCountsResult(values=array([-1,  0,  1,  2,  3,  4]), counts=array([40144, 32109, 17978, 17979, 18098, 61742]))
Noise labels ratio in t0-uclresm-25noise.npz train: 0.21, test: 0.25
Loaded t0-uclresm-25noise.npz: Remapped labels: [-1 38 39 40 41 42]. Size: 188050)
t1-rcn.npz train: x=(36658, 1024), y=(36658, 2)
t1-rcn.npz test: x=(12220, 1024), y=(12220, 2)
t1-rcn.npz: applied data scaling mode 'normalize'.
Loaded t1-rcn.npz: Unique train labels: UniqueCountsResult(values=array([-1,  0,  2,  4,  6,  7, 16]), counts=array([20595,   824,  2087,  2606,  2396,  1716,  6434]))
Noise labels ratio in t1-rcn.npz train: 0.28, test: 0.28
Loaded t1-rcn.npz: Remapped labels: [-1 43 44 45 46 47 48]. Size: 36658)
t2-deeprad.npz train: x=(17340, 1024), y=(17340, 2)
t2-deeprad.npz test: x=(6800, 1024), y=(6800, 2)
t2-deeprad.npz: applied data scaling mode 'normalize'.
Loaded t2-deeprad.npz: Unique train labels: UniqueCountsResult(values=array([-1,  0,  1,  2,  3,  4]), counts=array([8670, 1774, 1675, 1777, 1694, 1750]))
Noise labels ratio in t2-deeprad.npz train: 0.25, test: 0.25
Loaded t2-deeprad.npz: Remapped labels: [-1 49 50 51 52 53]. Size: 17340)
Built IQ classes_per_task (increments): [5, 6, 5, 6, 6, 5, 5, 5, 6, 5]
Classes per task: [5, 6, 5, 6, 6, 5, 5, 5, 6, 5]
[STATE 2026-04-15 12:12:20] Loader 'class_incremental_loader' ready: 1024 inputs, 55 outputs, 10 tasks
n_outputs: 55 	n_tasks: 10
[STATE 2026-04-15 12:12:20] Logging to logs//smaml/full-tasks_CIL_all-2026-04-15_12-11-11-8161/0
True
Model device: cuda:0
[STATE 2026-04-15 12:12:20] Model initialized on device cuda:0
[STATE 2026-04-15 12:12:20] Invoking continual life experience flow
[STATE 2026-04-15 12:12:20] Life experience start: 10 tasks queued
[STATE 2026-04-15 12:12:20] Task 0: zero-shot validation (pre-train)
---- Zero-shot (pre-train) task 0: rec_cls 0.0002 | prec_cls 0.0064 | f1_cls 0.1065 | det 0.5023 | pfa 0.0626 | total_f1 0.1065 ----
[STATE 2026-04-15 12:12:29] Starting task 0 (1/10)
[STATE 2026-04-15 12:12:29] Task 0 Epoch 1/1: entering train loop
[STATE 2026-04-15 12:46:30] Task 0 Epoch 1/1: running validation (end of epoch)
---- Eval at Epoch 0: cls [0.7291481507180652] | det_recall [0.871019952647775] | det_fa [0.08050936802110101] ----
T0 Ep 1/1 | L 0.5608 | Train Acc 0.56 | Prec 0.66 | F1 0.59 | Det Rec 0.85 | Det FA 0.12 | Epoch Time 2049.16s (Eval 7.49s, Train 2041.67s)
[STATE 2026-04-15 12:46:38] T0 Ep 1/1 complete: Prec 0.6578 F1 0.5929 DetRec 0.8459 DetFA 0.1215 | 2049.16s total (7.49s eval/2041.67s train)
[STATE 2026-04-15 12:46:38] Task 0: running final validation.
[STATE 2026-04-15 12:46:46] Completed task 0 (1/10)
[STATE 2026-04-15 12:46:46] Task 1: zero-shot validation (pre-train)
---- Zero-shot (pre-train) task 1: rec_cls 0.3016 | prec_cls 0.2292 | f1_cls 0.2559 | det 0.7872 | pfa 0.1275 | total_f1 0.5136 ----
[STATE 2026-04-15 12:47:12] Starting task 1 (2/10)
[STATE 2026-04-15 12:47:12] Task 1 Epoch 1/1: entering train loop
[STATE 2026-04-15 13:28:47] Task 1 Epoch 1/1: running validation (end of epoch)
---- Eval at Epoch 0: cls [0.46226645586788334, 0.4871124712237567] | det_recall [0.7650087241164465, 0.8559456395749029] | det_fa [0.000378006066860556, 0.07210497058831604] ----
T1 Ep 1/1 | L 0.6309 | Train Acc 0.43 | Prec 0.64 | F1 0.46 | Det Rec 0.80 | Det FA 0.19 | Epoch Time 2520.74s (Eval 25.85s, Train 2494.89s)
[STATE 2026-04-15 13:29:13] T1 Ep 1/1 complete: Prec 0.6417 F1 0.4633 DetRec 0.8040 DetFA 0.1948 | 2520.74s total (25.85s eval/2494.89s train)
[STATE 2026-04-15 13:29:13] Task 1: running final validation.
[STATE 2026-04-15 13:29:38] Completed task 1 (2/10)
Note: Unified mixed IQ test tensors to (N, 3, L) via ADC0 I/Q + zero-padded ADC1/2 (IID2-style) for cumulative CIL.
[STATE 2026-04-15 13:29:39] Task 2: zero-shot validation (pre-train)
---- Zero-shot (pre-train) task 2: rec_cls 0.0650 | prec_cls 0.0042 | f1_cls 0.0138 | det 0.4078 | pfa 0.8442 | total_f1 0.3785 ----
[STATE 2026-04-15 13:31:48] Starting task 2 (3/10)
[STATE 2026-04-15 13:31:48] Task 2 Epoch 1/1: entering train loop
[STATE 2026-04-15 16:01:30] Task 2 Epoch 1/1: running validation (end of epoch)
---- Eval at Epoch 0: cls [0.18356199455806624, 0.2501614008975335, 0.10594764912014067] | det_recall [0.62100400803008, 0.663036086809321, 0.665279014636945] | det_fa [0.0006029454827169213, 0.04002483249538468, 0.6020534190778191] ----
T2 Ep 1/1 | L 0.7840 | Train Acc 0.50 | Prec 0.63 | F1 0.56 | Det Rec 0.82 | Det FA 0.18 | Epoch Time 9050.43s (Eval 68.83s, Train 8981.59s)
[STATE 2026-04-15 16:02:38] T2 Ep 1/1 complete: Prec 0.6294 F1 0.5573 DetRec 0.8237 DetFA 0.1770 | 9050.43s total (68.83s eval/8981.59s train)
[STATE 2026-04-15 16:02:38] Task 2: running final validation.
[STATE 2026-04-15 16:03:47] Completed task 2 (3/10)
Note: Unified mixed IQ test tensors to (N, 3, L) via ADC0 I/Q + zero-padded ADC1/2 (IID2-style) for cumulative CIL.
[STATE 2026-04-15 16:03:48] Task 3: zero-shot validation (pre-train)
---- Zero-shot (pre-train) task 3: rec_cls 0.0747 | prec_cls 0.0720 | f1_cls 0.0801 | det 0.6279 | pfa 0.6720 | total_f1 0.2250 ----
[STATE 2026-04-15 16:05:54] Starting task 3 (4/10)
[STATE 2026-04-15 16:05:54] Task 3 Epoch 1/1: entering train loop
[STATE 2026-04-15 16:09:57] Task 3 Epoch 1/1: running validation (end of epoch)
---- Eval at Epoch 0: cls [0.25012558259629447, 0.3123874417242001, 0.08021267852737915, 0.10525131842861328] | det_recall [0.6591321238526845, 0.7228560612801556, 0.6079446081645612, 0.5919354549874569] | det_fa [0.00011930326890956812, 0.0062393471895844654, 0.2965787597479572, 0.4001839070104709] ----
T3 Ep 1/1 | L 1.0052 | Train Acc 0.26 | Prec 0.33 | F1 0.33 | Det Rec 0.81 | Det FA 0.19 | Epoch Time 369.37s (Eval 125.86s, Train 243.51s)
[STATE 2026-04-15 16:12:03] T3 Ep 1/1 complete: Prec 0.3334 F1 0.3311 DetRec 0.8145 DetFA 0.1937 | 369.37s total (125.86s eval/243.51s train)
[STATE 2026-04-15 16:12:03] Task 3: running final validation.
[STATE 2026-04-15 16:14:09] Completed task 3 (4/10)
Note: Unified mixed IQ test tensors to (N, 3, L) via ADC0 I/Q + zero-padded ADC1/2 (IID2-style) for cumulative CIL.
[STATE 2026-04-15 16:14:10] Task 4: zero-shot validation (pre-train)
---- Zero-shot (pre-train) task 4: rec_cls 0.0811 | prec_cls 0.0839 | f1_cls 0.0592 | det 0.5746 | pfa 0.4279 | total_f1 0.2132 ----
[STATE 2026-04-15 16:17:15] Starting task 4 (5/10)
[STATE 2026-04-15 16:17:15] Task 4 Epoch 1/1: entering train loop
[STATE 2026-04-15 16:21:19] Task 4 Epoch 1/1: running validation (end of epoch)
---- Eval at Epoch 0: cls [0.17291481452447838, 0.24425495447983817, 0.1328209556299996, 0.1427733755728302, 0.09144518010720877] | det_recall [0.6206179111821136, 0.6800161503396984, 0.5819348944890897, 0.560326492357568, 0.5483854089141031] | det_fa [0.00023703843349477823, 0.004605730652679358, 0.29797859648343905, 0.37172671566666, 0.450509229862561] ----
T4 Ep 1/1 | L 0.8137 | Train Acc 0.25 | Prec 0.26 | F1 0.33 | Det Rec 0.96 | Det FA 0.00 | Epoch Time 429.01s (Eval 185.20s, Train 243.81s)
[STATE 2026-04-15 16:24:24] T4 Ep 1/1 complete: Prec 0.2561 F1 0.3290 DetRec 0.9591 DetFA 0.0000 | 429.01s total (185.20s eval/243.81s train)
[STATE 2026-04-15 16:24:24] Task 4: running final validation.
[STATE 2026-04-15 16:27:29] Completed task 4 (5/10)
Note: Unified mixed IQ test tensors to (N, 3, L) via ADC0 I/Q + zero-padded ADC1/2 (IID2-style) for cumulative CIL.
[STATE 2026-04-15 16:27:30] Task 5: zero-shot validation (pre-train)
---- Zero-shot (pre-train) task 5: rec_cls 0.0720 | prec_cls 0.0597 | f1_cls 0.0561 | det 0.5829 | pfa 0.3995 | total_f1 0.1697 ----
[STATE 2026-04-15 16:32:01] Starting task 5 (6/10)
[STATE 2026-04-15 16:32:01] Task 5 Epoch 1/1: entering train loop
[STATE 2026-04-15 17:08:35] Task 5 Epoch 1/1: running validation (end of epoch)
---- Eval at Epoch 0: cls [0.30441359818506625, 0.388166014890672, 0.11240192363371078, 0.07721398563880531, 0.05293994239214364, 0.09462812448646409] | det_recall [0.6847053978532454, 0.7502975790278872, 0.4790234307842331, 0.4685853816747717, 0.4575516850278255, 0.49627343002262647] | det_fa [0.002672583341327768, 0.041571151503395465, 0.636056936800132, 0.6557358699875442, 0.66561431720644, 0.8953992863439351] ----
T5 Ep 1/1 | L 0.5829 | Train Acc 0.65 | Prec 0.75 | F1 0.68 | Det Rec 0.87 | Det FA 0.15 | Epoch Time 2464.67s (Eval 271.33s, Train 2193.34s)
[STATE 2026-04-15 17:13:06] T5 Ep 1/1 complete: Prec 0.7477 F1 0.6838 DetRec 0.8685 DetFA 0.1513 | 2464.67s total (271.33s eval/2193.34s train)
[STATE 2026-04-15 17:13:06] Task 5: running final validation.
[STATE 2026-04-15 17:17:37] Completed task 5 (6/10)
Note: Unified mixed IQ test tensors to (N, 3, L) via ADC0 I/Q + zero-padded ADC1/2 (IID2-style) for cumulative CIL.
[STATE 2026-04-15 17:17:38] Task 6: zero-shot validation (pre-train)
---- Zero-shot (pre-train) task 6: rec_cls 0.0772 | prec_cls 0.0869 | f1_cls 0.0553 | det 0.4910 | pfa 0.9053 | total_f1 0.1830 ----
[STATE 2026-04-15 17:23:37] Starting task 6 (7/10)
[STATE 2026-04-15 17:23:37] Task 6 Epoch 1/1: entering train loop
[STATE 2026-04-15 17:26:30] Task 6 Epoch 1/1: running validation (end of epoch)
---- Eval at Epoch 0: cls [0.2005160821455739, 0.2943926223415435, 0.10441938843832332, 0.12272082317779572, 0.09094543227259584, 0.1377078738932547, 0.12812649035817705] | det_recall [0.6349086684434361, 0.7044666161106731, 0.5257283779995834, 0.5107440860487767, 0.4911397519856161, 0.6046115719279389, 0.5899451665916562] | det_fa [0.00012732365673542143, 0.005833361802296656, 0.3122120509405873, 0.3918279801671807, 0.4335567279482982, 0.4122815960915612, 0.44084591463960343] ----
T6 Ep 1/1 | L 0.8254 | Train Acc 0.09 | Prec 0.28 | F1 0.24 | Det Rec 0.88 | Det FA 0.17 | Epoch Time 536.75s (Eval 363.37s, Train 173.37s)
[STATE 2026-04-15 17:32:34] T6 Ep 1/1 complete: Prec 0.2767 F1 0.2368 DetRec 0.8786 DetFA 0.1748 | 536.75s total (363.37s eval/173.37s train)
[STATE 2026-04-15 17:32:34] Task 6: running final validation.
[STATE 2026-04-15 17:39:02] Completed task 6 (7/10)
Note: Unified mixed IQ test tensors to (N, 3, L) via ADC0 I/Q + zero-padded ADC1/2 (IID2-style) for cumulative CIL.
[STATE 2026-04-15 17:39:03] Task 7: zero-shot validation (pre-train)
---- Zero-shot (pre-train) task 7: rec_cls 0.1221 | prec_cls 0.1176 | f1_cls 0.0923 | det 0.6041 | pfa 0.4159 | total_f1 0.1605 ----
[STATE 2026-04-15 17:47:33] Starting task 7 (8/10)
[STATE 2026-04-15 17:47:33] Task 7 Epoch 1/1: entering train loop
[STATE 2026-04-15 18:20:22] Task 7 Epoch 1/1: running validation (end of epoch)
---- Eval at Epoch 0: cls [0.2159222043609455, 0.32998918419080514, 0.07767472786857467, 0.07493173465139903, 0.0552680603955466, 0.11189622352314331, 0.09409354138009078, 0.13958302466327452] | det_recall [0.6392977124512174, 0.7319679439709506, 0.6081682060847462, 0.59130479346557, 0.572174298960103, 0.6633977393395498, 0.6499808963346005, 0.690856273916619] | det_fa [0.0027357874873455237, 0.04789184577114369, 0.30673757202469504, 0.352336199375804, 0.38811299230655366, 0.334477129067963, 0.3591372756431898, 0.5437758355722999] ----
T7 Ep 1/1 | L 0.5024 | Train Acc 0.65 | Prec 0.77 | F1 0.69 | Det Rec 0.86 | Det FA 0.18 | Epoch Time 2440.15s (Eval 471.11s, Train 1969.04s)
[STATE 2026-04-15 18:28:13] T7 Ep 1/1 complete: Prec 0.7664 F1 0.6912 DetRec 0.8587 DetFA 0.1840 | 2440.15s total (471.11s eval/1969.04s train)
[STATE 2026-04-15 18:28:13] Task 7: running final validation.
[STATE 2026-04-15 18:36:05] Completed task 7 (8/10)
Note: Unified mixed IQ test tensors to (N, 3, L) via ADC0 I/Q + zero-padded ADC1/2 (IID2-style) for cumulative CIL.
[STATE 2026-04-15 18:36:06] Task 8: zero-shot validation (pre-train)
---- Zero-shot (pre-train) task 8: rec_cls 0.1135 | prec_cls 0.1318 | f1_cls 0.0955 | det 0.6628 | pfa 0.5930 | total_f1 0.1649 ----
[STATE 2026-04-15 18:45:54] Starting task 8 (9/10)
[STATE 2026-04-15 18:45:54] Task 8 Epoch 1/1: entering train loop
[STATE 2026-04-15 18:51:59] Task 8 Epoch 1/1: running validation (end of epoch)
---- Eval at Epoch 0: cls [0.2493138383434862, 0.37386938536753667, 0.07770866521234827, 0.06180432923852045, 0.046680255476959365, 0.08814068639007396, 0.0708886421242875, 0.13478239177445697, 0.1187960818299648] | det_recall [0.659944363117195, 0.7421351086077873, 0.530065500234126, 0.5000171328692236, 0.47391927827791963, 0.5897233525520827, 0.5689319995362926, 0.6585147329201614, 0.6368535532019532] | det_fa [0.00012419274714356682, 0.0028799041641295185, 0.21877856526994077, 0.26346297788309664, 0.2947552304858027, 0.25437131473026037, 0.275172699930979, 0.32615676089184764, 0.3873853278211473] ----
T8 Ep 1/1 | L 0.7076 | Train Acc 0.16 | Prec 0.40 | F1 0.27 | Det Rec 0.77 | Det FA 0.25 | Epoch Time 953.42s (Eval 587.90s, Train 365.52s)
[STATE 2026-04-15 19:01:47] T8 Ep 1/1 complete: Prec 0.4019 F1 0.2700 DetRec 0.7715 DetFA 0.2464 | 953.42s total (587.90s eval/365.52s train)
[STATE 2026-04-15 19:01:47] Task 8: running final validation.
[STATE 2026-04-15 19:11:34] Completed task 8 (9/10)
Note: Unified mixed IQ test tensors to (N, 3, L) via ADC0 I/Q + zero-padded ADC1/2 (IID2-style) for cumulative CIL.
[STATE 2026-04-15 19:11:35] Task 9: zero-shot validation (pre-train)
---- Zero-shot (pre-train) task 9: rec_cls 0.1051 | prec_cls 0.1476 | f1_cls 0.0984 | det 0.6227 | pfa 0.4085 | total_f1 0.1626 ----
[STATE 2026-04-15 19:23:19] Starting task 9 (10/10)
[STATE 2026-04-15 19:23:19] Task 9 Epoch 1/1: entering train loop
[STATE 2026-04-15 19:26:13] Task 9 Epoch 1/1: running validation (end of epoch)
---- Eval at Epoch 0: cls [0.19158241210744273, 0.32307356146807953, 0.08303878480238444, 0.08388056176908314, 0.06246219720636997, 0.0945954221564623, 0.07659948460017846, 0.14351741906985305, 0.12469557374543935, 0.11810620515695024] | det_recall [0.6273870212255868, 0.7097343911491792, 0.5248631254212309, 0.501753913486994, 0.4785160641041773, 0.6037153714406391, 0.586632225219165, 0.6513767039967342, 0.6299728737117688, 0.6233028077797685] | det_fa [0.00024087955448752872, 0.004557517081336596, 0.254200889820147, 0.3204836297666399, 0.3657182333118095, 0.33804357992388906, 0.36688479544239405, 0.3693182366973508, 0.41044302702464464, 0.44260889266619263] ----
T9 Ep 1/1 | L 0.6997 | Train Acc 0.17 | Prec 0.25 | F1 0.30 | Det Rec 0.95 | Det FA 0.00 | Epoch Time 877.65s (Eval 704.03s, Train 173.61s)
[STATE 2026-04-15 19:37:57] T9 Ep 1/1 complete: Prec 0.2539 F1 0.3002 DetRec 0.9459 DetFA 0.0000 | 877.65s total (704.03s eval/173.61s train)
[STATE 2026-04-15 19:37:57] Task 9: running final validation.
[STATE 2026-04-15 19:50:22] Completed task 9 (10/10)
####Final Validation Accuracy####
Final Results:- 
 Total Recall: 0.13084288150240592 
 Individual Recall: [0.19189900455620218, 0.325548480885259, 0.08218530687297733, 0.08401934382168909, 0.0660694415218029, 0.09505136853095572, 0.07761715752523812, 0.14304211177634693, 0.1245620761042025, 0.11843452342938536]
Final Detection Results:- 
 Total Detection: 0.5939700780799232 
 Individual Detection: [0.6279582337044682, 0.7087823362944096, 0.5271447336534233, 0.5013476500582902, 0.47800325828789325, 0.6034472668951641, 0.587384644888369, 0.6515414308117664, 0.6302787256225947, 0.6238125005828529]
Final Detection False Alarm:- 
 Total False Alarm: 0.28684329462454583 
 Individual False Alarm: [0.0002477059396851202, 0.004261395579665679, 0.25259418850052806, 0.31982479231391636, 0.3673602926950115, 0.33847626797723124, 0.3662818603269315, 0.36854239295471786, 0.409996966719784, 0.4408470832379867]
SUMMARY_TR cls_rec=0.1721 cls_prec=0.2539 cls_f1=0.3002 det=0.5937 fa=0.2872
SUMMARY_TE cls_rec=0.1308 cls_prec=0.2523 cls_f1=0.1506 det=0.5940 fa=0.2868
[STATE 2026-04-15 19:50:22] Saving results to logs//smaml/full-tasks_CIL_all-2026-04-15_12-11-11-8161/0/results
Model size: 0.0289 GB
Memory buffer size: 0.0000 GB
logs//smaml/full-tasks_CIL_all-2026-04-15_12-11-11-8161/0/results: {'expt_name': 'full-tasks_CIL_all', 'model': 'lamaml_cifar', 'arch': 'resnet1d', 'n_hiddens': 100, 'n_layers': 2, 'xav_init': False, 'debug': False, 'use_detector_arch': False, 'inner_steps': 2, 'n_epochs': 1, 'batch_size': 256, 'replay_batch_size': 128, 'memories': 5120, 'lr': 0.001, 'optimizer': 'sgd', 'class_weighted_ce': True, 'cuda': True, 'seed': 0, 'log_every': 10, 'log_dir': 'logs//smaml/full-tasks_CIL_all-2026-04-15_12-11-11-8161/0', 'tf_dir': 'logs//smaml/full-tasks_CIL_all-2026-04-15_12-11-11-8161/0/tfdir', 'calc_test_accuracy': False, 'state_logging': True, 'data_path': 'data/rff/radar/full', 'task_order_files': 't2-rcn,t0-rcn,t2-uclresm-25noise,t0-deeprad,t1-deeprad,t1-uclresm-25noise,t3-deeprad,t0-uclresm-25noise,t1-rcn,t2-deeprad', 'loader': 'class_incremental_loader', 'samples_per_task': -1, 'shuffle_tasks': False, 'classes_per_it': 6, 'iterations': 5000, 'dataset': 'iq', 'workers': 0, 'validation': 0.5, 'data_scaling': 'normalize', 'use_iq_aug_features': False, 'iq_aug_feature_type': 'power', 'class_order': 'random', 'increment': 5, 'test_batch_size': 512, 'nc_per_task': None, 'nc_per_task_list': '', 'val_rate': 1000, 'opt_lr': 0.3, 'opt_wt': 0.01, 'alpha_init': 0.01, 'learn_lr': True, 'sync_update': True, 'grad_clip_norm': 5.0, 'meta_batches': 3, 'use_old_task_memory': False, 'second_order': True, 'n_memories': 5120, 'memory_strength': 0, 'steps_per_sample': 1, 'bgd_optimizer': 'sgd', 'optimizer_params': '{}', 'train_mc_iters': 5, 'std_init': 0.05, 'mean_eta': 1, 'fisher_gamma': 0.95, 'rln': 7, 'meta_lr': 0.001, 'update_lr': 0.1, 'ctx_lr': 0.05, 'n_meta': 1, 'temperature': 5.0, 'task_emb': 64, 'noise_label': 54, 'classes_per_task': [5, 6, 5, 6, 6, 5, 5, 5, 6, 5], 'get_samples_per_task': <bound method IncrementalLoader.get_samples_per_task of <dataloaders.class_incremental_loader.IncrementalLoader object at 0x7b6af47ec940>>} # val: 0.211 0.131 -0.080 0.000 # sizes: model_gb=0.0289 mem_gb=0.0000 # 27481.3991625309
[STATE 2026-04-15 19:50:22] results.pt components (approx): state_dict 29.6 MB, result_val_t 0.1 KB, result_val_a 0.8 KB
[STATE 2026-04-15 19:50:22] Results saved; total runtime 7.63h
Total runtime: 7.63 hours
