[STATE 2026-04-16 23:01:26] Enabling terminal logging to logs//cmaml/full-tasks_CIL_all-2026-04-16_23-01-26-6908/0/terminal.log
New Experiment Starting...
Running model:  lamaml_cifar
[STATE 2026-04-16 23:01:26] Experiment 'full-tasks_CIL_all' starting with model 'lamaml_cifar' (seed 0)
Set seed 0
t2-rcn.npz train: x=(50362, 1024), y=(50362, 2)
t2-rcn.npz test: x=(16787, 1024), y=(16787, 2)
t2-rcn.npz: applied data scaling mode 'normalize'.
Loaded t2-rcn.npz: Unique train labels: UniqueCountsResult(values=array([-1,  3,  5, 10, 12, 15]), counts=array([24209,  5770,  3030,  2320,  7509,  7524]))
Noise labels ratio in t2-rcn.npz train: 0.24, test: 0.24
Loaded t2-rcn.npz: Remapped labels: [-1  0  1  2  3  4]. Size: 50362)
t0-rcn.npz train: x=(51916, 1024), y=(51916, 2)
t0-rcn.npz test: x=(17305, 1024), y=(17305, 2)
t0-rcn.npz: applied data scaling mode 'normalize'.
Loaded t0-rcn.npz: Unique train labels: UniqueCountsResult(values=array([-1,  1,  8,  9, 11, 13, 14]), counts=array([24225,  4268,  2495,  2943,  3015,  7464,  7506]))
Noise labels ratio in t0-rcn.npz train: 0.23, test: 0.23
Loaded t0-rcn.npz: Remapped labels: [-1  5  6  7  8  9 10]. Size: 51916)
t2-uclresm-25noise.npz train: moved sample axis (3, 350028, 1024) -> (350028, 3, 1024)
t2-uclresm-25noise.npz test: moved sample axis (3, 233351, 1024) -> (233351, 3, 1024)
t2-uclresm-25noise.npz train: x=(350028, 3, 1024), y=(350028,)
t2-uclresm-25noise.npz test: x=(233351, 3, 1024), y=(233351,)
t2-uclresm-25noise.npz: applied data scaling mode 'normalize'.
Loaded t2-uclresm-25noise.npz: Unique train labels: UniqueCountsResult(values=array([-1,  0,  1,  2,  3,  4]), counts=array([87441, 27347, 71754, 64298, 36005, 63183]))
Noise labels ratio in t2-uclresm-25noise.npz train: 0.25, test: 0.25
Loaded t2-uclresm-25noise.npz: Remapped labels: [-1 11 12 13 14 15]. Size: 350028)
t0-deeprad.npz train: x=(24480, 1024), y=(24480, 2)
t0-deeprad.npz test: x=(8160, 1024), y=(8160, 2)
t0-deeprad.npz: applied data scaling mode 'normalize'.
Loaded t0-deeprad.npz: Unique train labels: UniqueCountsResult(values=array([-1,  0,  1,  2,  3,  4,  5]), counts=array([12240,  2029,  1983,  2043,  2154,  2015,  2016]))
Noise labels ratio in t0-deeprad.npz train: 0.25, test: 0.25
Loaded t0-deeprad.npz: Remapped labels: [-1 16 17 18 19 20 21]. Size: 24480)
t1-deeprad.npz train: x=(24480, 1024), y=(24480, 2)
t1-deeprad.npz test: x=(8160, 1024), y=(8160, 2)
t1-deeprad.npz: applied data scaling mode 'normalize'.
Loaded t1-deeprad.npz: Unique train labels: UniqueCountsResult(values=array([-1,  0,  1,  2,  3,  4,  5]), counts=array([12240,  1988,  2029,  2054,  1988,  2053,  2128]))
Noise labels ratio in t1-deeprad.npz train: 0.25, test: 0.25
Loaded t1-deeprad.npz: Remapped labels: [-1 22 23 24 25 26 27]. Size: 24480)
t1-uclresm-25noise.npz train: moved sample axis (3, 201410, 1024) -> (201410, 3, 1024)
t1-uclresm-25noise.npz test: moved sample axis (3, 116291, 1024) -> (116291, 3, 1024)
t1-uclresm-25noise.npz train: x=(201410, 3, 1024), y=(201410,)
t1-uclresm-25noise.npz test: x=(116291, 3, 1024), y=(116291,)
t1-uclresm-25noise.npz: applied data scaling mode 'normalize'.
Loaded t1-uclresm-25noise.npz: Unique train labels: UniqueCountsResult(values=array([-1,  0,  1,  2,  3,  4]), counts=array([43668, 18021, 17838, 18087, 31870, 71926]))
Noise labels ratio in t1-uclresm-25noise.npz train: 0.22, test: 0.25
Loaded t1-uclresm-25noise.npz: Remapped labels: [-1 28 29 30 31 32]. Size: 201410)
t3-deeprad.npz train: x=(17340, 1024), y=(17340, 2)
t3-deeprad.npz test: x=(6800, 1024), y=(6800, 2)
t3-deeprad.npz: applied data scaling mode 'normalize'.
Loaded t3-deeprad.npz: Unique train labels: UniqueCountsResult(values=array([-1,  0,  1,  2,  3,  4]), counts=array([8670, 1693, 1677, 1794, 1716, 1790]))
Noise labels ratio in t3-deeprad.npz train: 0.25, test: 0.25
Loaded t3-deeprad.npz: Remapped labels: [-1 33 34 35 36 37]. Size: 17340)
t0-uclresm-25noise.npz train: moved sample axis (3, 188050, 1024) -> (188050, 3, 1024)
t0-uclresm-25noise.npz test: moved sample axis (3, 107348, 1024) -> (107348, 3, 1024)
t0-uclresm-25noise.npz train: x=(188050, 3, 1024), y=(188050,)
t0-uclresm-25noise.npz test: x=(107348, 3, 1024), y=(107348,)
t0-uclresm-25noise.npz: applied data scaling mode 'normalize'.
Loaded t0-uclresm-25noise.npz: Unique train labels: UniqueCountsResult(values=array([-1,  0,  1,  2,  3,  4]), counts=array([40144, 32109, 17978, 17979, 18098, 61742]))
Noise labels ratio in t0-uclresm-25noise.npz train: 0.21, test: 0.25
Loaded t0-uclresm-25noise.npz: Remapped labels: [-1 38 39 40 41 42]. Size: 188050)
t1-rcn.npz train: x=(36658, 1024), y=(36658, 2)
t1-rcn.npz test: x=(12220, 1024), y=(12220, 2)
t1-rcn.npz: applied data scaling mode 'normalize'.
Loaded t1-rcn.npz: Unique train labels: UniqueCountsResult(values=array([-1,  0,  2,  4,  6,  7, 16]), counts=array([20595,   824,  2087,  2606,  2396,  1716,  6434]))
Noise labels ratio in t1-rcn.npz train: 0.28, test: 0.28
Loaded t1-rcn.npz: Remapped labels: [-1 43 44 45 46 47 48]. Size: 36658)
t2-deeprad.npz train: x=(17340, 1024), y=(17340, 2)
t2-deeprad.npz test: x=(6800, 1024), y=(6800, 2)
t2-deeprad.npz: applied data scaling mode 'normalize'.
Loaded t2-deeprad.npz: Unique train labels: UniqueCountsResult(values=array([-1,  0,  1,  2,  3,  4]), counts=array([8670, 1774, 1675, 1777, 1694, 1750]))
Noise labels ratio in t2-deeprad.npz train: 0.25, test: 0.25
Loaded t2-deeprad.npz: Remapped labels: [-1 49 50 51 52 53]. Size: 17340)
Built IQ classes_per_task (increments): [5, 6, 5, 6, 6, 5, 5, 5, 6, 5]
Classes per task: [5, 6, 5, 6, 6, 5, 5, 5, 6, 5]
[STATE 2026-04-16 23:02:35] Loader 'class_incremental_loader' ready: 1024 inputs, 55 outputs, 10 tasks
n_outputs: 55 	n_tasks: 10
[STATE 2026-04-16 23:02:35] Logging to logs//cmaml/full-tasks_CIL_all-2026-04-16_23-01-26-6908/0
True
Model device: cuda:0
[STATE 2026-04-16 23:02:36] Model initialized on device cuda:0
[STATE 2026-04-16 23:02:36] Invoking continual life experience flow
[STATE 2026-04-16 23:02:36] Life experience start: 10 tasks queued
[STATE 2026-04-16 23:02:36] Task 0: zero-shot validation (pre-train)
---- Zero-shot (pre-train) task 0: rec_cls 0.0002 | prec_cls 0.0064 | f1_cls 0.1065 | det 0.5023 | pfa 0.0626 | total_f1 0.1065 ----
[STATE 2026-04-16 23:02:42] Starting task 0 (1/10)
[STATE 2026-04-16 23:02:42] Task 0 Epoch 1/1: entering train loop
[STATE 2026-04-16 23:28:36] Task 0 Epoch 1/1: running validation (end of epoch)
---- Eval at Epoch 0: cls [0.78339021027818] | det_recall [0.8866919210467381] | det_fa [0.10570584867546172] ----
T0 Ep 1/1 | L 0.5321 | Train Acc 0.59 | Prec 0.71 | F1 0.64 | Det Rec 0.85 | Det FA 0.09 | Epoch Time 1562.21s (Eval 8.32s, Train 1553.89s)
[STATE 2026-04-16 23:28:44] T0 Ep 1/1 complete: Prec 0.7072 F1 0.6424 DetRec 0.8477 DetFA 0.0902 | 1562.21s total (8.32s eval/1553.89s train)
[STATE 2026-04-16 23:28:44] Task 0: running final validation.
[STATE 2026-04-16 23:28:52] Completed task 0 (1/10)
[STATE 2026-04-16 23:28:53] Task 1: zero-shot validation (pre-train)
---- Zero-shot (pre-train) task 1: rec_cls 0.3373 | prec_cls 0.2449 | f1_cls 0.2948 | det 0.8033 | pfa 0.1323 | total_f1 0.5538 ----
[STATE 2026-04-16 23:29:18] Starting task 1 (2/10)
[STATE 2026-04-16 23:29:18] Task 1 Epoch 1/1: entering train loop
[STATE 2026-04-16 23:57:36] Task 1 Epoch 1/1: running validation (end of epoch)
---- Eval at Epoch 0: cls [0.4258470526674368, 0.5596176132885414] | det_recall [0.7524245558726139, 0.852880680055994] | det_fa [0.0006268240623547506, 0.04925882177558811] ----
T1 Ep 1/1 | L 0.6367 | Train Acc 0.48 | Prec 0.71 | F1 0.58 | Det Rec 0.84 | Det FA 0.05 | Epoch Time 1723.47s (Eval 25.40s, Train 1698.07s)
[STATE 2026-04-16 23:58:01] T1 Ep 1/1 complete: Prec 0.7136 F1 0.5780 DetRec 0.8402 DetFA 0.0470 | 1723.47s total (25.40s eval/1698.07s train)
[STATE 2026-04-16 23:58:01] Task 1: running final validation.
[STATE 2026-04-16 23:58:26] Completed task 1 (2/10)
Note: Unified mixed IQ test tensors to (N, 3, L) via ADC0 I/Q + zero-padded ADC1/2 (IID2-style) for cumulative CIL.
[STATE 2026-04-16 23:58:27] Task 2: zero-shot validation (pre-train)
---- Zero-shot (pre-train) task 2: rec_cls 0.0650 | prec_cls 0.0092 | f1_cls 0.0182 | det 0.3812 | pfa 0.8219 | total_f1 0.3997 ----
[STATE 2026-04-17 00:00:37] Starting task 2 (3/10)
[STATE 2026-04-17 00:00:37] Task 2 Epoch 1/1: entering train loop
[STATE 2026-04-17 02:49:45] Task 2 Epoch 1/1: running validation (end of epoch)
---- Eval at Epoch 0: cls [0.23420593187171188, 0.32965475017611484, 0.09867552525483032] | det_recall [0.6461020425145444, 0.7155044402304482, 0.6789512269084315] | det_fa [0.0012406640688224966, 0.011406730663956954, 0.5291040640912515] ----
T2 Ep 1/1 | L 0.8209 | Train Acc 0.50 | Prec 0.68 | F1 0.57 | Det Rec 0.82 | Det FA 0.11 | Epoch Time 10216.44s (Eval 68.64s, Train 10147.80s)
[STATE 2026-04-17 02:50:53] T2 Ep 1/1 complete: Prec 0.6843 F1 0.5703 DetRec 0.8160 DetFA 0.1100 | 10216.44s total (68.64s eval/10147.80s train)
[STATE 2026-04-17 02:50:53] Task 2: running final validation.
[STATE 2026-04-17 02:52:02] Completed task 2 (3/10)
Note: Unified mixed IQ test tensors to (N, 3, L) via ADC0 I/Q + zero-padded ADC1/2 (IID2-style) for cumulative CIL.
[STATE 2026-04-17 02:52:03] Task 3: zero-shot validation (pre-train)
---- Zero-shot (pre-train) task 3: rec_cls 0.0680 | prec_cls 0.0735 | f1_cls 0.0832 | det 0.6492 | pfa 0.5715 | total_f1 0.2602 ----
[STATE 2026-04-17 02:54:08] Starting task 3 (4/10)
[STATE 2026-04-17 02:54:08] Task 3 Epoch 1/1: entering train loop
[STATE 2026-04-17 02:58:10] Task 3 Epoch 1/1: running validation (end of epoch)
---- Eval at Epoch 0: cls [0.2656939507459315, 0.38650032722001326, 0.13623213092901948, 0.11009179453582991] | det_recall [0.6767555063862416, 0.7622788294872552, 0.5719226986517636, 0.5621303723432443] | det_fa [0.0, 0.011836301789248235, 0.3856838761012514, 0.49901788987138485] ----
T3 Ep 1/1 | L 0.9044 | Train Acc 0.45 | Prec 0.48 | F1 0.51 | Det Rec 0.96 | Det FA 0.01 | Epoch Time 367.19s (Eval 125.56s, Train 241.63s)
[STATE 2026-04-17 03:00:15] T3 Ep 1/1 complete: Prec 0.4757 F1 0.5069 DetRec 0.9601 DetFA 0.0106 | 367.19s total (125.56s eval/241.63s train)
[STATE 2026-04-17 03:00:15] Task 3: running final validation.
[STATE 2026-04-17 03:02:21] Completed task 3 (4/10)
Note: Unified mixed IQ test tensors to (N, 3, L) via ADC0 I/Q + zero-padded ADC1/2 (IID2-style) for cumulative CIL.
[STATE 2026-04-17 03:02:22] Task 4: zero-shot validation (pre-train)
---- Zero-shot (pre-train) task 4: rec_cls 0.0893 | prec_cls 0.0871 | f1_cls 0.0548 | det 0.5444 | pfa 0.5364 | total_f1 0.2318 ----
[STATE 2026-04-17 03:05:26] Starting task 4 (5/10)
[STATE 2026-04-17 03:05:26] Task 4 Epoch 1/1: entering train loop
[STATE 2026-04-17 03:09:28] Task 4 Epoch 1/1: running validation (end of epoch)
---- Eval at Epoch 0: cls [0.1940787811459536, 0.3164754089102825, 0.07089970587485635, 0.0930902532093604, 0.07310602952646457] | det_recall [0.6315419149794484, 0.7199965964839206, 0.5506346875380307, 0.511984092984403, 0.49243333934337635] | det_fa [0.0, 0.008976164331335933, 0.31407120066823385, 0.41040253559839684, 0.4855056659056707] ----
T4 Ep 1/1 | L 0.8235 | Train Acc 0.28 | Prec 0.30 | F1 0.34 | Det Rec 0.97 | Det FA 0.00 | Epoch Time 426.66s (Eval 184.76s, Train 241.89s)
[STATE 2026-04-17 03:12:33] T4 Ep 1/1 complete: Prec 0.3036 F1 0.3417 DetRec 0.9749 DetFA 0.0000 | 426.66s total (184.76s eval/241.89s train)
[STATE 2026-04-17 03:12:33] Task 4: running final validation.
[STATE 2026-04-17 03:15:37] Completed task 4 (5/10)
Note: Unified mixed IQ test tensors to (N, 3, L) via ADC0 I/Q + zero-padded ADC1/2 (IID2-style) for cumulative CIL.
[STATE 2026-04-17 03:15:38] Task 5: zero-shot validation (pre-train)
---- Zero-shot (pre-train) task 5: rec_cls 0.0709 | prec_cls 0.0662 | f1_cls 0.0541 | det 0.5366 | pfa 0.4132 | total_f1 0.1781 ----
[STATE 2026-04-17 03:20:08] Starting task 5 (6/10)
[STATE 2026-04-17 03:20:08] Task 5 Epoch 1/1: entering train loop
[STATE 2026-04-17 03:53:35] Task 5 Epoch 1/1: running validation (end of epoch)
---- Eval at Epoch 0: cls [0.08313179962616324, 0.31586316602186737, 0.10417091508758484, 0.08723347228988702, 0.06434455992227787, 0.12464445952468502] | det_recall [0.5594388313343945, 0.7211101134566158, 0.6053068507887737, 0.5807968337596349, 0.560236438167054, 0.6623352037687609] | det_fa [0.0011043811419387541, 0.03522567451459473, 0.2996843438763431, 0.3335594061031974, 0.3532281483853946, 0.47809325313429246] ----
T5 Ep 1/1 | L 0.6042 | Train Acc 0.62 | Prec 0.82 | F1 0.69 | Det Rec 0.87 | Det FA 0.07 | Epoch Time 2276.92s (Eval 270.46s, Train 2006.46s)
[STATE 2026-04-17 03:58:05] T5 Ep 1/1 complete: Prec 0.8160 F1 0.6934 DetRec 0.8702 DetFA 0.0743 | 2276.92s total (270.46s eval/2006.46s train)
[STATE 2026-04-17 03:58:05] Task 5: running final validation.
[STATE 2026-04-17 04:02:36] Completed task 5 (6/10)
Note: Unified mixed IQ test tensors to (N, 3, L) via ADC0 I/Q + zero-padded ADC1/2 (IID2-style) for cumulative CIL.
[STATE 2026-04-17 04:02:37] Task 6: zero-shot validation (pre-train)
---- Zero-shot (pre-train) task 6: rec_cls 0.1036 | prec_cls 0.1097 | f1_cls 0.0879 | det 0.6461 | pfa 0.5025 | total_f1 0.1547 ----
[STATE 2026-04-17 04:08:35] Starting task 6 (7/10)
[STATE 2026-04-17 04:08:35] Task 6 Epoch 1/1: entering train loop
[STATE 2026-04-17 04:11:26] Task 6 Epoch 1/1: running validation (end of epoch)
---- Eval at Epoch 0: cls [0.10771384267941846, 0.30397236874958955, 0.1080349203134991, 0.12777997910573385, 0.09191514877029276, 0.13710060292255632, 0.1186916807912778] | det_recall [0.5748809462112465, 0.7070475561709291, 0.49787073910943147, 0.4814984253921555, 0.46556773964224324, 0.5638878698475137, 0.5621599954646078] | det_fa [0.00012786088735455823, 0.01140089213351389, 0.3086948230581832, 0.37109074187680896, 0.4008804168922083, 0.36894129038427587, 0.4404080862705883] ----
T6 Ep 1/1 | L 0.8307 | Train Acc 0.43 | Prec 0.43 | F1 0.49 | Det Rec 0.95 | Det FA 0.04 | Epoch Time 529.82s (Eval 358.43s, Train 171.39s)
[STATE 2026-04-17 04:17:24] T6 Ep 1/1 complete: Prec 0.4313 F1 0.4899 DetRec 0.9471 DetFA 0.0438 | 529.82s total (358.43s eval/171.39s train)
[STATE 2026-04-17 04:17:24] Task 6: running final validation.
[STATE 2026-04-17 04:23:22] Completed task 6 (7/10)
Note: Unified mixed IQ test tensors to (N, 3, L) via ADC0 I/Q + zero-padded ADC1/2 (IID2-style) for cumulative CIL.
[STATE 2026-04-17 04:23:23] Task 7: zero-shot validation (pre-train)
---- Zero-shot (pre-train) task 7: rec_cls 0.1113 | prec_cls 0.1488 | f1_cls 0.1047 | det 0.5828 | pfa 0.3634 | total_f1 0.1553 ----
[STATE 2026-04-17 04:31:13] Starting task 7 (8/10)
[STATE 2026-04-17 04:31:13] Task 7 Epoch 1/1: entering train loop
[STATE 2026-04-17 05:02:28] Task 7 Epoch 1/1: running validation (end of epoch)
---- Eval at Epoch 0: cls [0.06250419841496467, 0.2872174805615009, 0.06015418305364724, 0.06226480696711886, 0.04636822675706327, 0.12053648636106576, 0.10102347781052, 0.15315715278238692] | det_recall [0.5461316961850353, 0.7041711398292181, 0.5708898156997864, 0.5475368712017096, 0.5323426091465201, 0.6012092546390311, 0.5700783879209451, 0.6633039978781526] | det_fa [0.0007445639558659719, 0.030708242231744454, 0.29675292970151473, 0.347531213442518, 0.3803757870528038, 0.36389897724234244, 0.41916565950932205, 0.5294741544572489] ----
T7 Ep 1/1 | L 0.5461 | Train Acc 0.67 | Prec 0.83 | F1 0.73 | Det Rec 0.86 | Det FA 0.10 | Epoch Time 2344.97s (Eval 469.70s, Train 1875.27s)
[STATE 2026-04-17 05:10:18] T7 Ep 1/1 complete: Prec 0.8341 F1 0.7284 DetRec 0.8647 DetFA 0.1045 | 2344.97s total (469.70s eval/1875.27s train)
[STATE 2026-04-17 05:10:18] Task 7: running final validation.
[STATE 2026-04-17 05:18:07] Completed task 7 (8/10)
Note: Unified mixed IQ test tensors to (N, 3, L) via ADC0 I/Q + zero-padded ADC1/2 (IID2-style) for cumulative CIL.
[STATE 2026-04-17 05:18:09] Task 8: zero-shot validation (pre-train)
---- Zero-shot (pre-train) task 8: rec_cls 0.1247 | prec_cls 0.1493 | f1_cls 0.1021 | det 0.6185 | pfa 0.6124 | total_f1 0.1446 ----
[STATE 2026-04-17 05:27:53] Starting task 8 (9/10)
[STATE 2026-04-17 05:27:53] Task 8 Epoch 1/1: entering train loop
[STATE 2026-04-17 05:33:57] Task 8 Epoch 1/1: running validation (end of epoch)
---- Eval at Epoch 0: cls [0.21003992837002403, 0.3713781963138466, 0.06006680042258591, 0.05092114559326663, 0.036748255466392696, 0.10280778330157703, 0.08654210003186838, 0.15400211582777745, 0.12216194772122442] | det_recall [0.6328382355422709, 0.7384153879833402, 0.4998964622953999, 0.4725038569235654, 0.45462316085188903, 0.5692969645074907, 0.5486969358616615, 0.6046770738627062, 0.5911120792534048] | det_fa [0.0, 0.0033509298651791817, 0.23770144691294443, 0.28362256360345056, 0.3088175874136118, 0.2796421220362959, 0.3074337492311213, 0.26983797001288234, 0.39406059462124726] ----
T8 Ep 1/1 | L 0.6591 | Train Acc 0.39 | Prec 0.53 | F1 0.48 | Det Rec 0.81 | Det FA 0.06 | Epoch Time 948.16s (Eval 585.14s, Train 363.02s)
[STATE 2026-04-17 05:43:42] T8 Ep 1/1 complete: Prec 0.5300 F1 0.4808 DetRec 0.8136 DetFA 0.0623 | 948.16s total (585.14s eval/363.02s train)
[STATE 2026-04-17 05:43:42] Task 8: running final validation.
[STATE 2026-04-17 05:53:27] Completed task 8 (9/10)
Note: Unified mixed IQ test tensors to (N, 3, L) via ADC0 I/Q + zero-padded ADC1/2 (IID2-style) for cumulative CIL.
[STATE 2026-04-17 05:53:28] Task 9: zero-shot validation (pre-train)
---- Zero-shot (pre-train) task 9: rec_cls 0.1098 | prec_cls 0.2111 | f1_cls 0.1219 | det 0.5772 | pfa 0.4117 | total_f1 0.1651 ----
[STATE 2026-04-17 06:05:10] Starting task 9 (10/10)
[STATE 2026-04-17 06:05:10] Task 9 Epoch 1/1: entering train loop
[STATE 2026-04-17 06:08:02] Task 9 Epoch 1/1: running validation (end of epoch)
---- Eval at Epoch 0: cls [0.19788429847742783, 0.35466279296362213, 0.050950865272543076, 0.08315889210403161, 0.06644748703809313, 0.13058997064308533, 0.11007794709085753, 0.17715820786058656, 0.1503315857216518, 0.12984371882475418] | det_recall [0.6372786825770325, 0.7433138100805097, 0.573275719388048, 0.5423656601054098, 0.5122527032747042, 0.622448402441815, 0.6076504407410427, 0.6423172652750143, 0.6338963422158486, 0.6056619826631442] | det_fa [0.0, 0.03454372415357142, 0.09852890806597879, 0.21030452312022443, 0.2927195634704144, 0.25514921621782866, 0.278962127519042, 0.3020486319264251, 0.3039098683087386, 0.4313186464110745] ----
T9 Ep 1/1 | L 0.7663 | Train Acc 0.36 | Prec 0.36 | F1 0.44 | Det Rec 0.99 | Det FA 0.00 | Epoch Time 873.76s (Eval 701.95s, Train 171.81s)
[STATE 2026-04-17 06:19:44] T9 Ep 1/1 complete: Prec 0.3649 F1 0.4354 DetRec 0.9919 DetFA 0.0000 | 873.76s total (701.95s eval/171.81s train)
[STATE 2026-04-17 06:19:44] Task 9: running final validation.
[STATE 2026-04-17 06:31:26] Completed task 9 (10/10)
####Final Validation Accuracy####
Final Results:- 
 Total Recall: 0.14475854580019923 
 Individual Recall: [0.19546066576606436, 0.3571867828807982, 0.049797886691088776, 0.08224866472903826, 0.063543254212514, 0.12954977030959952, 0.11255320438605723, 0.17733713156974518, 0.15008451629832473, 0.1298235811587622]
Final Detection Results:- 
 Total Detection: 0.6120993213008711 
 Individual Detection: [0.6371387240221642, 0.7430630189378419, 0.5735734703207827, 0.5434368424092338, 0.512081672036611, 0.6224101703246672, 0.6083342377380233, 0.6427361727240946, 0.6332176997974975, 0.6050012046977946]
Final Detection False Alarm:- 
 Total False Alarm: 0.22028962369953656 
 Individual False Alarm: [0.0, 0.035694717157316445, 0.09728519892283267, 0.20746638404316511, 0.29259310890313217, 0.2547002289161805, 0.277741414446522, 0.30088668586313155, 0.3041899420445461, 0.4323385566985389]
SUMMARY_TR cls_rec=0.3629 cls_prec=0.3649 cls_f1=0.4354 det=0.6120 fa=0.2207
SUMMARY_TE cls_rec=0.1448 cls_prec=0.2602 cls_f1=0.1721 det=0.6121 fa=0.2203
[STATE 2026-04-17 06:31:26] Saving results to logs//cmaml/full-tasks_CIL_all-2026-04-16_23-01-26-6908/0/results
Model size: 0.0289 GB
Memory buffer size: 0.0000 GB
logs//cmaml/full-tasks_CIL_all-2026-04-16_23-01-26-6908/0/results: {'expt_name': 'full-tasks_CIL_all', 'model': 'lamaml_cifar', 'arch': 'resnet1d', 'n_hiddens': 100, 'n_layers': 2, 'xav_init': False, 'debug': False, 'use_detector_arch': False, 'inner_steps': 2, 'n_epochs': 1, 'batch_size': 256, 'replay_batch_size': 128, 'memories': 5120, 'lr': 0.001, 'optimizer': 'sgd', 'class_weighted_ce': True, 'cuda': True, 'seed': 0, 'log_every': 10, 'log_dir': 'logs//cmaml/full-tasks_CIL_all-2026-04-16_23-01-26-6908/0', 'tf_dir': 'logs//cmaml/full-tasks_CIL_all-2026-04-16_23-01-26-6908/0/tfdir', 'calc_test_accuracy': False, 'state_logging': True, 'data_path': 'data/rff/radar/full', 'task_order_files': 't2-rcn,t0-rcn,t2-uclresm-25noise,t0-deeprad,t1-deeprad,t1-uclresm-25noise,t3-deeprad,t0-uclresm-25noise,t1-rcn,t2-deeprad', 'loader': 'class_incremental_loader', 'samples_per_task': -1, 'shuffle_tasks': False, 'classes_per_it': 6, 'iterations': 5000, 'dataset': 'iq', 'workers': 0, 'validation': 0.5, 'data_scaling': 'normalize', 'use_iq_aug_features': False, 'iq_aug_feature_type': 'power', 'class_order': 'random', 'increment': 5, 'test_batch_size': 512, 'nc_per_task': None, 'nc_per_task_list': '', 'val_rate': 1000, 'opt_lr': 0.1, 'opt_wt': 0.01, 'alpha_init': 0.003, 'learn_lr': False, 'sync_update': True, 'grad_clip_norm': 5.0, 'meta_batches': 3, 'use_old_task_memory': False, 'second_order': True, 'n_memories': 5120, 'memory_strength': 0, 'steps_per_sample': 1, 'bgd_optimizer': 'sgd', 'optimizer_params': '{}', 'train_mc_iters': 5, 'std_init': 0.05, 'mean_eta': 1, 'fisher_gamma': 0.95, 'rln': 7, 'meta_lr': 0.001, 'update_lr': 0.1, 'ctx_lr': 0.05, 'n_meta': 1, 'temperature': 5.0, 'task_emb': 64, 'noise_label': 54, 'classes_per_task': [5, 6, 5, 6, 6, 5, 5, 5, 6, 5], 'get_samples_per_task': <bound method IncrementalLoader.get_samples_per_task of <dataloaders.class_incremental_loader.IncrementalLoader object at 0x723f0b140940>>} # val: 0.227 0.145 -0.082 0.000 # sizes: model_gb=0.0289 mem_gb=0.0000 # 26930.006213903427
[STATE 2026-04-17 06:31:26] results.pt components (approx): state_dict 29.6 MB, result_val_t 0.1 KB, result_val_a 0.8 KB
[STATE 2026-04-17 06:31:26] Results saved; total runtime 7.48h
Total runtime: 7.48 hours
