[STATE 2026-04-23 20:07:01] Enabling terminal logging to logs//ucl/full-tasks_CIL_all-2026-04-23_20-07-01-1418/0/terminal.log
New Experiment Starting...
Running model:  ucl_bresnet
[STATE 2026-04-23 20:07:01] Experiment 'full-tasks_CIL_all' starting with model 'ucl_bresnet' (seed 0)
Set seed 0
t2-rcn.npz train: x=(50362, 1024), y=(50362, 2)
t2-rcn.npz test: x=(16787, 1024), y=(16787, 2)
t2-rcn.npz: applied data scaling mode 'normalize'.
Loaded t2-rcn.npz: Unique train labels: UniqueCountsResult(values=array([-1,  3,  5, 10, 12, 15]), counts=array([24209,  5770,  3030,  2320,  7509,  7524]))
Noise labels ratio in t2-rcn.npz train: 0.24, test: 0.24
Loaded t2-rcn.npz: Remapped labels: [0 1 2 3 4 5]. Size: 50362)
t0-rcn.npz train: x=(51916, 1024), y=(51916, 2)
t0-rcn.npz test: x=(17305, 1024), y=(17305, 2)
t0-rcn.npz: applied data scaling mode 'normalize'.
Loaded t0-rcn.npz: Unique train labels: UniqueCountsResult(values=array([-1,  1,  8,  9, 11, 13, 14]), counts=array([24225,  4268,  2495,  2943,  3015,  7464,  7506]))
Noise labels ratio in t0-rcn.npz train: 0.23, test: 0.23
Loaded t0-rcn.npz: Remapped labels: [ 6  7  8  9 10 11 12]. Size: 51916)
t2-uclresm-25noise.npz train: moved sample axis (3, 350028, 1024) -> (350028, 3, 1024)
t2-uclresm-25noise.npz test: moved sample axis (3, 233351, 1024) -> (233351, 3, 1024)
t2-uclresm-25noise.npz train: x=(350028, 3, 1024), y=(350028,)
t2-uclresm-25noise.npz test: x=(233351, 3, 1024), y=(233351,)
t2-uclresm-25noise.npz: applied data scaling mode 'normalize'.
Loaded t2-uclresm-25noise.npz: Unique train labels: UniqueCountsResult(values=array([-1,  0,  1,  2,  3,  4]), counts=array([87441, 27347, 71754, 64298, 36005, 63183]))
Noise labels ratio in t2-uclresm-25noise.npz train: 0.25, test: 0.25
Loaded t2-uclresm-25noise.npz: Remapped labels: [13 14 15 16 17 18]. Size: 350028)
t0-deeprad.npz train: x=(24480, 1024), y=(24480, 2)
t0-deeprad.npz test: x=(8160, 1024), y=(8160, 2)
t0-deeprad.npz: applied data scaling mode 'normalize'.
Loaded t0-deeprad.npz: Unique train labels: UniqueCountsResult(values=array([-1,  0,  1,  2,  3,  4,  5]), counts=array([12240,  2029,  1983,  2043,  2154,  2015,  2016]))
Noise labels ratio in t0-deeprad.npz train: 0.25, test: 0.25
Loaded t0-deeprad.npz: Remapped labels: [19 20 21 22 23 24 25]. Size: 24480)
t1-deeprad.npz train: x=(24480, 1024), y=(24480, 2)
t1-deeprad.npz test: x=(8160, 1024), y=(8160, 2)
t1-deeprad.npz: applied data scaling mode 'normalize'.
Loaded t1-deeprad.npz: Unique train labels: UniqueCountsResult(values=array([-1,  0,  1,  2,  3,  4,  5]), counts=array([12240,  1988,  2029,  2054,  1988,  2053,  2128]))
Noise labels ratio in t1-deeprad.npz train: 0.25, test: 0.25
Loaded t1-deeprad.npz: Remapped labels: [26 27 28 29 30 31 32]. Size: 24480)
t1-uclresm-25noise.npz train: moved sample axis (3, 201410, 1024) -> (201410, 3, 1024)
t1-uclresm-25noise.npz test: moved sample axis (3, 116291, 1024) -> (116291, 3, 1024)
t1-uclresm-25noise.npz train: x=(201410, 3, 1024), y=(201410,)
t1-uclresm-25noise.npz test: x=(116291, 3, 1024), y=(116291,)
t1-uclresm-25noise.npz: applied data scaling mode 'normalize'.
Loaded t1-uclresm-25noise.npz: Unique train labels: UniqueCountsResult(values=array([-1,  0,  1,  2,  3,  4]), counts=array([43668, 18021, 17838, 18087, 31870, 71926]))
Noise labels ratio in t1-uclresm-25noise.npz train: 0.22, test: 0.25
Loaded t1-uclresm-25noise.npz: Remapped labels: [33 34 35 36 37 38]. Size: 201410)
t3-deeprad.npz train: x=(17340, 1024), y=(17340, 2)
t3-deeprad.npz test: x=(6800, 1024), y=(6800, 2)
t3-deeprad.npz: applied data scaling mode 'normalize'.
Loaded t3-deeprad.npz: Unique train labels: UniqueCountsResult(values=array([-1,  0,  1,  2,  3,  4]), counts=array([8670, 1693, 1677, 1794, 1716, 1790]))
Noise labels ratio in t3-deeprad.npz train: 0.25, test: 0.25
Loaded t3-deeprad.npz: Remapped labels: [39 40 41 42 43 44]. Size: 17340)
t0-uclresm-25noise.npz train: moved sample axis (3, 188050, 1024) -> (188050, 3, 1024)
t0-uclresm-25noise.npz test: moved sample axis (3, 107348, 1024) -> (107348, 3, 1024)
t0-uclresm-25noise.npz train: x=(188050, 3, 1024), y=(188050,)
t0-uclresm-25noise.npz test: x=(107348, 3, 1024), y=(107348,)
t0-uclresm-25noise.npz: applied data scaling mode 'normalize'.
Loaded t0-uclresm-25noise.npz: Unique train labels: UniqueCountsResult(values=array([-1,  0,  1,  2,  3,  4]), counts=array([40144, 32109, 17978, 17979, 18098, 61742]))
Noise labels ratio in t0-uclresm-25noise.npz train: 0.21, test: 0.25
Loaded t0-uclresm-25noise.npz: Remapped labels: [45 46 47 48 49 50]. Size: 188050)
t1-rcn.npz train: x=(36658, 1024), y=(36658, 2)
t1-rcn.npz test: x=(12220, 1024), y=(12220, 2)
t1-rcn.npz: applied data scaling mode 'normalize'.
Loaded t1-rcn.npz: Unique train labels: UniqueCountsResult(values=array([-1,  0,  2,  4,  6,  7, 16]), counts=array([20595,   824,  2087,  2606,  2396,  1716,  6434]))
Noise labels ratio in t1-rcn.npz train: 0.28, test: 0.28
Loaded t1-rcn.npz: Remapped labels: [51 52 53 54 55 56 57]. Size: 36658)
t2-deeprad.npz train: x=(17340, 1024), y=(17340, 2)
t2-deeprad.npz test: x=(6800, 1024), y=(6800, 2)
t2-deeprad.npz: applied data scaling mode 'normalize'.
Loaded t2-deeprad.npz: Unique train labels: UniqueCountsResult(values=array([-1,  0,  1,  2,  3,  4]), counts=array([8670, 1774, 1675, 1777, 1694, 1750]))
Noise labels ratio in t2-deeprad.npz train: 0.25, test: 0.25
Loaded t2-deeprad.npz: Remapped labels: [58 59 60 61 62 63]. Size: 17340)
Built classes_per_task: [6, 7, 6, 7, 7, 6, 6, 6, 7, 6]
Classes per task: [6, 7, 6, 7, 7, 6, 6, 6, 7, 6]
[STATE 2026-04-23 20:08:17] Loader 'task_incremental_loader' ready: 1024 inputs, 64 outputs, 10 tasks
n_outputs: 64 	n_tasks: 10
[STATE 2026-04-23 20:08:17] Logging to logs//ucl/full-tasks_CIL_all-2026-04-23_20-07-01-1418/0
True
Model device: cuda:0
[STATE 2026-04-23 20:08:20] Model initialized on device cuda:0
[STATE 2026-04-23 20:08:20] Invoking continual life experience flow
[STATE 2026-04-23 20:08:20] Life experience start: 10 tasks queued
Task 0: 50362 training samples, 16787 test samples.
[STATE 2026-04-23 20:08:20] Task 0: zero-shot validation (pre-train)
---- Zero-shot (pre-train) task 0: rec_cls 0.2000 | prec_cls 0.0229 | f1_cls 0.0186 | det 0.5000 | pfa 1.0000 | total_f1 0.0186 ----
[STATE 2026-04-23 20:08:32] Starting task 0 (1/10)
[STATE 2026-04-23 20:08:32] Task 0 Epoch 1/1: entering train loop
[STATE 2026-04-23 20:13:15] Task 0 Epoch 1/1: running validation (end of epoch)
---- Eval at Epoch 0: cls [0.661753763092693] | det_recall [0.5107484875930789] | det_fa [0.9604975106761393] ----
T0 Ep 1/1 | L 0.8016 | Train Acc 0.70 | Prec 0.73 | F1 0.66 | Det Rec 0.83 | Det FA 0.28 | Epoch Time 295.83s (Eval 13.19s, Train 282.64s)
[STATE 2026-04-23 20:13:28] T0 Ep 1/1 complete: Prec 0.7349 F1 0.6601 DetRec 0.8300 DetFA 0.2753 | 295.83s total (13.19s eval/282.64s train)
[STATE 2026-04-23 20:13:28] Task 0: running final validation.
[STATE 2026-04-23 20:13:41] Completed task 0 (1/10)
Task 1: 51916 training samples, 17305 test samples.
[STATE 2026-04-23 20:13:41] Task 1: zero-shot validation (pre-train)
---- Zero-shot (pre-train) task 1: rec_cls 0.2429 | prec_cls 0.2467 | f1_cls 0.0826 | det 0.5000 | pfa 1.0000 | total_f1 0.2545 ----
[STATE 2026-04-23 20:14:08] Starting task 1 (2/10)
[STATE 2026-04-23 20:14:08] Task 1 Epoch 1/1: entering train loop
[STATE 2026-04-23 20:19:26] Task 1 Epoch 1/1: running validation (end of epoch)
---- Eval at Epoch 0: cls [0.20520933390482135, 0.25098657833534577] | det_recall [0.5075847558013128, 0.49936800805422715] | det_fa [0.9117521077688737, 0.9891503432499347] ----
T1 Ep 1/1 | L 0.8178 | Train Acc 0.71 | Prec 0.77 | F1 0.60 | Det Rec 0.71 | Det FA 0.51 | Epoch Time 344.29s (Eval 26.77s, Train 317.52s)
[STATE 2026-04-23 20:19:52] T1 Ep 1/1 complete: Prec 0.7736 F1 0.6017 DetRec 0.7093 DetFA 0.5087 | 344.29s total (26.77s eval/317.52s train)
[STATE 2026-04-23 20:19:52] Task 1: running final validation.
[STATE 2026-04-23 20:20:20] Completed task 1 (2/10)
Task 2: 350028 training samples, 175014 test samples.
[STATE 2026-04-23 20:20:27] Task 2: zero-shot validation (pre-train)
---- Zero-shot (pre-train) task 2: rec_cls 0.1934 | prec_cls 0.0513 | f1_cls 0.0613 | det 0.4991 | pfa 0.9640 | total_f1 0.0872 ----
[STATE 2026-04-23 20:23:14] Starting task 2 (3/10)
[STATE 2026-04-23 20:23:14] Task 2 Epoch 1/1: entering train loop
[STATE 2026-04-23 20:59:26] Task 2 Epoch 1/1: running validation (end of epoch)
---- Eval at Epoch 0: cls [0.2975589061652726, 0.2657277720870428, 0.20163420684978364] | det_recall [0.49525876854241463, 0.4895779589710806, 0.5000119835106893] | det_fa [0.9485873110169402, 0.8705000280175998, 0.9999760329786214] ----
T2 Ep 1/1 | L 1.2006 | Train Acc 0.46 | Prec 0.51 | F1 0.47 | Det Rec 0.80 | Det FA 0.35 | Epoch Time 2356.24s (Eval 184.61s, Train 2171.63s)
[STATE 2026-04-23 21:02:30] T2 Ep 1/1 complete: Prec 0.5137 F1 0.4705 DetRec 0.7983 DetFA 0.3501 | 2356.24s total (184.61s eval/2171.63s train)
[STATE 2026-04-23 21:02:30] Task 2: running final validation.
[STATE 2026-04-23 21:05:26] Completed task 2 (3/10)
Task 3: 24480 training samples, 8160 test samples.
[STATE 2026-04-23 21:05:26] Task 3: zero-shot validation (pre-train)
---- Zero-shot (pre-train) task 3: rec_cls 0.1689 | prec_cls 0.0475 | f1_cls 0.1847 | det 0.8933 | pfa 0.0025 | total_f1 0.1235 ----
[STATE 2026-04-23 21:08:32] Starting task 3 (4/10)
[STATE 2026-04-23 21:08:32] Task 3 Epoch 1/1: entering train loop
[STATE 2026-04-23 21:11:03] Task 3 Epoch 1/1: running validation (end of epoch)
---- Eval at Epoch 0: cls [0.2000000000000001, 0.16523732518417344, 0.20000000000000126, 0.5213692646176393] | det_recall [0.5, 0.5, 0.5, 0.5] | det_fa [1.0, 1.0, 1.0, 1.0] ----
T3 Ep 1/1 | L 0.9955 | Train Acc 0.51 | Prec 0.50 | F1 0.55 | Det Rec 0.99 | Det FA 0.02 | Epoch Time 337.31s (Eval 185.72s, Train 151.59s)
[STATE 2026-04-23 21:14:09] T3 Ep 1/1 complete: Prec 0.5034 F1 0.5491 DetRec 0.9890 DetFA 0.0154 | 337.31s total (185.72s eval/151.59s train)
[STATE 2026-04-23 21:14:09] Task 3: running final validation.
[STATE 2026-04-23 21:17:08] Completed task 3 (4/10)
Task 4: 24480 training samples, 8160 test samples.
[STATE 2026-04-23 21:17:08] Task 4: zero-shot validation (pre-train)
---- Zero-shot (pre-train) task 4: rec_cls 0.1725 | prec_cls 0.1583 | f1_cls 0.0613 | det 0.5000 | pfa 1.0000 | total_f1 0.1142 ----
[STATE 2026-04-23 21:20:21] Starting task 4 (5/10)
[STATE 2026-04-23 21:20:21] Task 4 Epoch 1/1: entering train loop
[STATE 2026-04-23 21:23:04] Task 4 Epoch 1/1: running validation (end of epoch)
---- Eval at Epoch 0: cls [0.19299472866110542, 0.17964105934161476, 0.21436906969831268, 0.5135140326074704, 0.3776468567933043] | det_recall [0.5003229267002123, 0.5, 0.49986965845713505, 0.5, 1.0] | det_fa [0.9881362123138986, 1.0, 0.9998866949858867, 1.0, 0.0] ----
T4 Ep 1/1 | L 1.1613 | Train Acc 0.33 | Prec 0.32 | F1 0.37 | Det Rec 0.99 | Det FA 0.01 | Epoch Time 358.19s (Eval 195.50s, Train 162.69s)
[STATE 2026-04-23 21:26:19] T4 Ep 1/1 complete: Prec 0.3196 F1 0.3730 DetRec 0.9948 DetFA 0.0104 | 358.19s total (195.50s eval/162.69s train)
[STATE 2026-04-23 21:26:19] Task 4: running final validation.
[STATE 2026-04-23 21:29:32] Completed task 4 (5/10)
Task 5: 201410 training samples, 100705 test samples.
[STATE 2026-04-23 21:29:33] Task 5: zero-shot validation (pre-train)
---- Zero-shot (pre-train) task 5: rec_cls 0.1974 | prec_cls 0.1546 | f1_cls 0.1154 | det 0.5000 | pfa 1.0000 | total_f1 0.1845 ----
[STATE 2026-04-23 21:34:12] Starting task 5 (6/10)
[STATE 2026-04-23 21:34:12] Task 5 Epoch 1/1: entering train loop
[STATE 2026-04-23 21:54:53] Task 5 Epoch 1/1: running validation (end of epoch)
---- Eval at Epoch 0: cls [0.18300691383693315, 0.00026494977120118494, 0.22016761582824146, 0.27758909250438857, 0.19395367703186447, 0.2000000000000001] | det_recall [0.5002688688763274, 0.5000162080229733, 0.4999962222524442, 0.9918770515354179, 1.0, 0.5] | det_fa [0.9590578574137709, 0.001162473224137093, 1.0, 0.0, 0.0, 1.0] ----
T5 Ep 1/1 | L 0.7744 | Train Acc 0.68 | Prec 0.69 | F1 0.65 | Det Rec 0.83 | Det FA 0.29 | Epoch Time 1500.91s (Eval 260.34s, Train 1240.57s)
[STATE 2026-04-23 21:59:13] T5 Ep 1/1 complete: Prec 0.6900 F1 0.6527 DetRec 0.8319 DetFA 0.2858 | 1500.91s total (260.34s eval/1240.57s train)
[STATE 2026-04-23 21:59:13] Task 5: running final validation.
[STATE 2026-04-23 22:03:49] Completed task 5 (6/10)
Task 6: 17340 training samples, 6800 test samples.
[STATE 2026-04-23 22:03:49] Task 6: zero-shot validation (pre-train)
---- Zero-shot (pre-train) task 6: rec_cls 0.1665 | prec_cls 0.1518 | f1_cls 0.0761 | det 0.4904 | pfa 1.0000 | total_f1 0.1377 ----
[STATE 2026-04-23 22:08:34] Starting task 6 (7/10)
[STATE 2026-04-23 22:08:34] Task 6 Epoch 1/1: entering train loop
[STATE 2026-04-23 22:10:22] Task 6 Epoch 1/1: running validation (end of epoch)
---- Eval at Epoch 0: cls [0.182550460406898, 0.009525889189951283, 0.060987132289385355, 0.5300027058993821, 0.30710867970377187, 0.24836758225842756, 0.5148942215667773] | det_recall [0.5007663170399932, 0.5195981132676999, 0.41847433956767954, 0.5, 0.9995226685563332, 0.4976160233423291, 1.0] | det_fa [0.9599393636768291, 0.006093227236658922, 0.39704913386209156, 1.0, 0.0, 0.9993990533467311, 0.0] ----
T6 Ep 1/1 | L 0.9795 | Train Acc 0.49 | Prec 0.48 | F1 0.55 | Det Rec 0.99 | Det FA 0.00 | Epoch Time 394.35s (Eval 286.59s, Train 107.77s)
[STATE 2026-04-23 22:15:08] T6 Ep 1/1 complete: Prec 0.4842 F1 0.5451 DetRec 0.9944 DetFA 0.0026 | 394.35s total (286.59s eval/107.77s train)
[STATE 2026-04-23 22:15:08] Task 6: running final validation.
[STATE 2026-04-23 22:20:12] Completed task 6 (7/10)
Task 7: 188050 training samples, 94025 test samples.
[STATE 2026-04-23 22:20:14] Task 7: zero-shot validation (pre-train)
---- Zero-shot (pre-train) task 7: rec_cls 0.2010 | prec_cls 0.0833 | f1_cls 0.0690 | det 0.5000 | pfa 1.0000 | total_f1 0.2164 ----
[STATE 2026-04-23 22:26:42] Starting task 7 (8/10)
[STATE 2026-04-23 22:26:42] Task 7 Epoch 1/1: entering train loop
[STATE 2026-04-23 22:47:27] Task 7 Epoch 1/1: running validation (end of epoch)
---- Eval at Epoch 0: cls [0.20061107800363398, 0.1252005280992319, 0.1995254292207642, 0.20205247678146834, 0.20341624864503796, 0.21992707028083333, 0.24073979328370745, 0.20264133870412376] | det_recall [0.4999917591486865, 0.42518863487569136, 0.5, 0.48810486905046674, 0.9940066028081977, 0.49914867538011526, 0.5, 0.5] | det_fa [0.9263989576472106, 0.8477514811688888, 1.0, 1.0, 0.0, 0.9915100795390546, 1.0, 1.0] ----
T7 Ep 1/1 | L 0.6741 | Train Acc 0.72 | Prec 0.75 | F1 0.70 | Det Rec 0.83 | Det FA 0.26 | Epoch Time 1632.74s (Eval 387.00s, Train 1245.74s)
[STATE 2026-04-23 22:53:54] T7 Ep 1/1 complete: Prec 0.7482 F1 0.6995 DetRec 0.8325 DetFA 0.2641 | 1632.74s total (387.00s eval/1245.74s train)
[STATE 2026-04-23 22:53:54] Task 7: running final validation.
[STATE 2026-04-23 23:00:22] Completed task 7 (8/10)
Task 8: 36658 training samples, 12220 test samples.
[STATE 2026-04-23 23:00:22] Task 8: zero-shot validation (pre-train)
---- Zero-shot (pre-train) task 8: rec_cls 0.1470 | prec_cls 0.0516 | f1_cls 0.1479 | det 0.7059 | pfa 0.3141 | total_f1 0.1017 ----
[STATE 2026-04-23 23:07:04] Starting task 8 (9/10)
[STATE 2026-04-23 23:07:04] Task 8 Epoch 1/1: entering train loop
[STATE 2026-04-23 23:10:55] Task 8 Epoch 1/1: running validation (end of epoch)
---- Eval at Epoch 0: cls [0.2753328302459624, 0.18380054945487428, 0.195176706042125, 0.20753031630455596, 0.0, 0.1764027793034818, 0.26015114651259824, 0.1958882341862893, 0.5227086869440786] | det_recall [0.5124323619307773, 0.4879088830068176, 0.49947827342846957, 0.3722331378330568, 0.5, 0.7061565863590189, 0.9517939607100698, 0.7198339977415524, 0.5301451638467526] | det_fa [0.9138999563988319, 0.8700326123337326, 0.9768267981081554, 1.0, 0.0, 0.3907625744439046, 0.00027901785714285713, 0.5314841574910901, 0.87967919131008] ----
T8 Ep 1/1 | L 0.8610 | Train Acc 0.70 | Prec 0.72 | F1 0.57 | Det Rec 0.75 | Det FA 0.46 | Epoch Time 620.87s (Eval 389.98s, Train 230.89s)
[STATE 2026-04-23 23:17:25] T8 Ep 1/1 complete: Prec 0.7206 F1 0.5657 DetRec 0.7472 DetFA 0.4609 | 620.87s total (389.98s eval/230.89s train)
[STATE 2026-04-23 23:17:25] Task 8: running final validation.
[STATE 2026-04-23 23:24:08] Completed task 8 (9/10)
Task 9: 17340 training samples, 6800 test samples.
[STATE 2026-04-23 23:24:08] Task 9: zero-shot validation (pre-train)
---- Zero-shot (pre-train) task 9: rec_cls 0.2348 | prec_cls 0.1776 | f1_cls 0.1132 | det 0.4997 | pfa 1.0000 | total_f1 0.1636 ----
[STATE 2026-04-23 23:30:54] Starting task 9 (10/10)
[STATE 2026-04-23 23:30:54] Task 9 Epoch 1/1: entering train loop
[STATE 2026-04-23 23:32:45] Task 9 Epoch 1/1: running validation (end of epoch)
---- Eval at Epoch 0: cls [0.18077720752738224, 0.15243707426208714, 0.0034616941660126025, 0.2822307972704894, 0.1963923496073566, 0.21597503366776916, 0.30414118065629847, 0.20297921005214764, 0.1666666666666666, 0.35337295908004124] | det_recall [0.5000037834110937, 0.4947292655647926, 0.5001173728101307, 0.49054255417862636, 0.9644829344614182, 0.5000477471708914, 0.9995718801818773, 0.5, 0.5004880012109404, 1.0] | det_fa [0.951654534280506, 0.9633943465809137, 0.01707281562046452, 1.0, 0.0, 0.9998786062996889, 0.0008562396362453297, 1.0, 0.9818395702063203, 0.0] ----
T9 Ep 1/1 | L 0.9891 | Train Acc 0.40 | Prec 0.37 | F1 0.44 | Det Rec 0.99 | Det FA 0.01 | Epoch Time 520.53s (Eval 409.09s, Train 111.44s)
[STATE 2026-04-23 23:39:34] T9 Ep 1/1 complete: Prec 0.3728 F1 0.4370 DetRec 0.9925 DetFA 0.0147 | 520.53s total (409.09s eval/111.44s train)
[STATE 2026-04-23 23:39:34] Task 9: running final validation.
[STATE 2026-04-23 23:45:58] Completed task 9 (10/10)
####Final Validation Accuracy####
Final Results:- 
 Total Recall: 0.2058434172956251 
 Individual Recall: [0.18077720752738224, 0.15243707426208714, 0.0034616941660126025, 0.2822307972704894, 0.1963923496073566, 0.21597503366776916, 0.30414118065629847, 0.20297921005214764, 0.1666666666666666, 0.35337295908004124]
Final Detection Results:- 
 Total Detection: 0.6449983538989771 
 Individual Detection: [0.5000037834110937, 0.4947292655647926, 0.5001173728101307, 0.49054255417862636, 0.9644829344614182, 0.5000477471708914, 0.9995718801818773, 0.5, 0.5004880012109404, 1.0]
Final Detection False Alarm:- 
 Total False Alarm: 0.5914696112624138 
 Individual False Alarm: [0.951654534280506, 0.9633943465809137, 0.01707281562046452, 1.0, 0.0, 0.9998786062996889, 0.0008562396362453297, 1.0, 0.9818395702063203, 0.0]
SUMMARY_TR cls_rec=0.3973 cls_prec=0.3728 cls_f1=0.4370 det=0.6450 fa=0.5915
SUMMARY_TE cls_rec=0.2058 cls_prec=0.1328 cls_f1=0.1430 det=0.6450 fa=0.5915
[STATE 2026-04-23 23:45:58] Saving results to logs//ucl/full-tasks_CIL_all-2026-04-23_20-07-01-1418/0/results
Model size: 0.0864 GB
Memory buffer size: 0.0000 GB
logs//ucl/full-tasks_CIL_all-2026-04-23_20-07-01-1418/0/results: {'expt_name': 'full-tasks_CIL_all', 'model': 'ucl_bresnet', 'arch': 'resnet1d', 'n_hiddens': 100, 'n_layers': 2, 'xav_init': False, 'debug': False, 'use_detector_arch': False, 'inner_steps': 2, 'n_epochs': 1, 'batch_size': 256, 'replay_batch_size': 128, 'memories': 5120, 'lr': 0.01, 'optimizer': 'sgd', 'prune_perc': 0.75, 'post_prune_epochs': 0, 'class_weighted_ce': True, 'cuda': True, 'seed': 0, 'log_every': 10, 'log_dir': 'logs//ucl/full-tasks_CIL_all-2026-04-23_20-07-01-1418/0', 'tf_dir': 'logs//ucl/full-tasks_CIL_all-2026-04-23_20-07-01-1418/0/tfdir', 'calc_test_accuracy': False, 'state_logging': True, 'data_path': 'data/rff/radar/full', 'task_order_files': 't2-rcn,t0-rcn,t2-uclresm-25noise,t0-deeprad,t1-deeprad,t1-uclresm-25noise,t3-deeprad,t0-uclresm-25noise,t1-rcn,t2-deeprad', 'loader': 'task_incremental_loader', 'samples_per_task': -1, 'shuffle_tasks': False, 'classes_per_it': 6, 'iterations': 5000, 'dataset': 'iq', 'workers': 0, 'validation': 0.5, 'data_scaling': 'normalize', 'use_iq_aug_features': False, 'iq_aug_feature_type': 'power', 'class_order': 'random', 'increment': 5, 'test_batch_size': 512, 'nc_per_task': None, 'nc_per_task_list': '', 'val_rate': 1000, 'opt_lr': 0.1, 'opt_wt': 0.1, 'alpha_init': 0.001, 'momentum': 0.0, 'learn_lr': False, 'sync_update': False, 'grad_clip_norm': 5.0, 'meta_batches': 3, 'use_old_task_memory': False, 'second_order': False, 'n_memories': 5120, 'memory_strength': 0, 'steps_per_sample': 1, 'bgd_optimizer': 'sgd', 'optimizer_params': '{}', 'train_mc_iters': 5, 'std_init': 0.05, 'mean_eta': 1, 'fisher_gamma': 0.95, 'rln': 7, 'meta_lr': 0.001, 'update_lr': 0.1, 'ctx_lr': 0.05, 'n_meta': 1, 'temperature': 5.0, 'task_emb': 64, 'classes_per_task': [6, 7, 6, 7, 7, 6, 6, 6, 7, 6], 'get_samples_per_task': <bound method IncrementalLoader.get_samples_per_task of <dataloaders.task_incremental_loader.IncrementalLoader object at 0x723f54600dc0>>} # val: 0.381 0.206 -0.175 0.000 # sizes: model_gb=0.0864 mem_gb=0.0000 # 13058.556524038315
[STATE 2026-04-23 23:45:59] results.pt components (approx): state_dict 88.5 MB, result_val_t 0.1 KB, result_val_a 0.8 KB
[STATE 2026-04-23 23:45:59] Results saved; total runtime 3.63h
Total runtime: 3.63 hours
