[2026-03-06T17:48:12+00:00] === full_experiments.sh started ===
[2026-03-06T17:48:12+00:00] REPO_ROOT=/home/lunet/wsmr11/repos/La-MAML
[2026-03-06T17:48:12+00:00] LOG_FILE=/home/lunet/wsmr11/repos/La-MAML/logs/full_experiments/full_experiments_20260306_174812.log
[2026-03-06T17:48:12+00:00] INCLUDED=ucl la-er lamaml smaml
[2026-03-06T17:48:12+00:00] Activated la-maml_env
[2026-03-06T17:48:12+00:00] Skipping agem (not in INCLUDED)
[2026-03-06T17:48:12+00:00] Skipping anml (not in INCLUDED)
[2026-03-06T17:48:12+00:00] Skipping bcl_dual (not in INCLUDED)
[2026-03-06T17:48:12+00:00] Skipping cmaml (not in INCLUDED)
[2026-03-06T17:48:12+00:00] Skipping ctn (not in INCLUDED)
[2026-03-06T17:48:12+00:00] Skipping eralg4 (not in INCLUDED)
[2026-03-06T17:48:12+00:00] Skipping er_ring (not in INCLUDED)
[2026-03-06T17:48:12+00:00] Skipping ewc (not in INCLUDED)
[2026-03-06T17:48:12+00:00] Skipping gem (not in INCLUDED)
[2026-03-06T17:48:12+00:00] Skipping hat (not in INCLUDED)
[2026-03-06T17:48:12+00:00] Skipping icarl (not in INCLUDED)
[2026-03-06T17:48:12+00:00] Skipping iid2 (not in INCLUDED)
[2026-03-06T17:48:12+00:00] --- Running: base + la-er ---
New Experiment Starting...
Running model:  eralg4
Set seed 0
T0-t2-rcn.npz train: x=(50362, 1024), y=(50362, 2)
T0-t2-rcn.npz test: x=(16787, 1024), y=(16787, 2)
T0-t2-rcn.npz: applied data scaling mode 'normalize'.
Loaded T0-t2-rcn.npz: Unique train labels: UniqueCountsResult(values=array([-1,  3,  5, 10, 12, 15]), counts=array([24209,  5770,  3030,  2320,  7509,  7524]))
Noise labels ratio in T0-t2-rcn.npz train: 0.24, test: 0.24
Loaded T0-t2-rcn.npz: Remapped labels: [0 1 2 3 4 5]. Size: 50362)
T1-t0-rcn.npz train: x=(51916, 1024), y=(51916, 2)
T1-t0-rcn.npz test: x=(17305, 1024), y=(17305, 2)
T1-t0-rcn.npz: applied data scaling mode 'normalize'.
Loaded T1-t0-rcn.npz: Unique train labels: UniqueCountsResult(values=array([-1,  1,  8,  9, 11, 13, 14]), counts=array([24225,  4268,  2495,  2943,  3015,  7464,  7506]))
Noise labels ratio in T1-t0-rcn.npz train: 0.23, test: 0.23
Loaded T1-t0-rcn.npz: Remapped labels: [ 6  7  8  9 10 11 12]. Size: 51916)
T2-t2-uclresm.npz train: moved sample axis (3, 263718, 1024) -> (263718, 3, 1024)
T2-t2-uclresm.npz test: moved sample axis (3, 175763, 1024) -> (175763, 3, 1024)
T2-t2-uclresm.npz train: x=(263718, 3, 1024), y=(263718,)
T2-t2-uclresm.npz test: x=(175763, 3, 1024), y=(175763,)
T2-t2-uclresm.npz: applied data scaling mode 'normalize'.
Loaded T2-t2-uclresm.npz: Unique train labels: UniqueCountsResult(values=array([-1,  0,  1,  2,  3,  4]), counts=array([131859,  13861,  31761,  18069,  35850,  32318]))
Noise labels ratio in T2-t2-uclresm.npz train: 0.50, test: 0.50
Loaded T2-t2-uclresm.npz: Remapped labels: [13 14 15 16 17 18]. Size: 263718)
T3-t0-deeprad.npz train: x=(24480, 1024), y=(24480, 2)
T3-t0-deeprad.npz test: x=(8160, 1024), y=(8160, 2)
T3-t0-deeprad.npz: applied data scaling mode 'normalize'.
Loaded T3-t0-deeprad.npz: Unique train labels: UniqueCountsResult(values=array([-1,  0,  1,  2,  3,  4,  5]), counts=array([12240,  2029,  1983,  2043,  2154,  2015,  2016]))
Noise labels ratio in T3-t0-deeprad.npz train: 0.25, test: 0.25
Loaded T3-t0-deeprad.npz: Remapped labels: [19 20 21 22 23 24 25]. Size: 24480)
T4-t1-deeprad.npz train: x=(24480, 1024), y=(24480, 2)
T4-t1-deeprad.npz test: x=(8160, 1024), y=(8160, 2)
T4-t1-deeprad.npz: applied data scaling mode 'normalize'.
Loaded T4-t1-deeprad.npz: Unique train labels: UniqueCountsResult(values=array([-1,  0,  1,  2,  3,  4,  5]), counts=array([12240,  1988,  2029,  2054,  1988,  2053,  2128]))
Noise labels ratio in T4-t1-deeprad.npz train: 0.25, test: 0.25
Loaded T4-t1-deeprad.npz: Remapped labels: [26 27 28 29 30 31 32]. Size: 24480)
T5-t1-uclresm.npz train: moved sample axis (3, 157598, 1024) -> (157598, 3, 1024)
T5-t1-uclresm.npz test: moved sample axis (3, 87218, 1024) -> (87218, 3, 1024)
T5-t1-uclresm.npz train: x=(157598, 3, 1024), y=(157598,)
T5-t1-uclresm.npz test: x=(87218, 3, 1024), y=(87218,)
T5-t1-uclresm.npz: applied data scaling mode 'normalize'.
Loaded T5-t1-uclresm.npz: Unique train labels: UniqueCountsResult(values=array([-1,  0,  1,  2,  3,  4]), counts=array([78799,  8990, 35934, 15986,  8941,  8948]))
Noise labels ratio in T5-t1-uclresm.npz train: 0.50, test: 0.50
Loaded T5-t1-uclresm.npz: Remapped labels: [33 34 35 36 37 38]. Size: 157598)
T6-t3-deeprad.npz train: x=(17340, 1024), y=(17340, 2)
T6-t3-deeprad.npz test: x=(6800, 1024), y=(6800, 2)
T6-t3-deeprad.npz: applied data scaling mode 'normalize'.
Loaded T6-t3-deeprad.npz: Unique train labels: UniqueCountsResult(values=array([-1,  0,  1,  2,  3,  4]), counts=array([8670, 1693, 1677, 1794, 1716, 1790]))
Noise labels ratio in T6-t3-deeprad.npz train: 0.25, test: 0.25
Loaded T6-t3-deeprad.npz: Remapped labels: [39 40 41 42 43 44]. Size: 17340)
T7-t0-uclresm.npz train: moved sample axis (3, 148446, 1024) -> (148446, 3, 1024)
T7-t0-uclresm.npz test: moved sample axis (3, 80937, 1024) -> (80937, 3, 1024)
T7-t0-uclresm.npz train: x=(148446, 3, 1024), y=(148446,)
T7-t0-uclresm.npz test: x=(80937, 3, 1024), y=(80937,)
T7-t0-uclresm.npz: applied data scaling mode 'normalize'.
Loaded T7-t0-uclresm.npz: Unique train labels: UniqueCountsResult(values=array([-1,  0,  1,  2,  3,  4]), counts=array([74223, 16041,  8978, 31122,  8997,  9085]))
Noise labels ratio in T7-t0-uclresm.npz train: 0.50, test: 0.50
Loaded T7-t0-uclresm.npz: Remapped labels: [45 46 47 48 49 50]. Size: 148446)
T8-t1-rcn.npz train: x=(36658, 1024), y=(36658, 2)
T8-t1-rcn.npz test: x=(12220, 1024), y=(12220, 2)
T8-t1-rcn.npz: applied data scaling mode 'normalize'.
Loaded T8-t1-rcn.npz: Unique train labels: UniqueCountsResult(values=array([-1,  0,  2,  4,  6,  7, 16]), counts=array([20595,   824,  2087,  2606,  2396,  1716,  6434]))
Noise labels ratio in T8-t1-rcn.npz train: 0.28, test: 0.28
Loaded T8-t1-rcn.npz: Remapped labels: [51 52 53 54 55 56 57]. Size: 36658)
T9-t2-deeprad.npz train: x=(17340, 1024), y=(17340, 2)
T9-t2-deeprad.npz test: x=(6800, 1024), y=(6800, 2)
T9-t2-deeprad.npz: applied data scaling mode 'normalize'.
Loaded T9-t2-deeprad.npz: Unique train labels: UniqueCountsResult(values=array([-1,  0,  1,  2,  3,  4]), counts=array([8670, 1774, 1675, 1777, 1694, 1750]))
Noise labels ratio in T9-t2-deeprad.npz train: 0.25, test: 0.25
Loaded T9-t2-deeprad.npz: Remapped labels: [58 59 60 61 62 63]. Size: 17340)
Built classes_per_task: [6, 7, 6, 7, 7, 6, 6, 6, 7, 6]
Classes per task: [6, 7, 6, 7, 7, 6, 6, 6, 7, 6]
n_outputs: 64 	n_tasks: 10
True
Model device: cuda:0
Task 0: 256 training samples, 256 test samples.
---- Eval at Epoch 0: cls [0.14974358974358976] | det_recall [0.5] | det_fa [1.0] ----
Task 0 Epoch 1/1 | Loss 1.9507 | Train Acc 0.1922 | Prec 0.0879 | F1 0.0615 | Epoch Time 1.17s (Eval 0.09s, Train 1.08s)
Task 1: 256 training samples, 256 test samples.
---- Eval at Epoch 0: cls [0.26776556776556776, 0.15246449456975772] | det_recall [0.5, 0.5] | det_fa [1.0, 1.0] ----
Task 1 Epoch 1/1 | Loss 1.9073 | Train Acc 0.1518 | Prec 0.0912 | F1 0.0587 | Epoch Time 1.19s (Eval 0.18s, Train 1.01s)
Task 2: 256 training samples, 256 test samples.
---- Eval at Epoch 0: cls [0.17399267399267399, 0.19110275689223058, 0.1082429902473006] | det_recall [0.5, 0.5, 0.507499234771962] | det_fa [1.0, 1.0, 0.6296296296296297] ----
Task 2 Epoch 1/1 | Loss 2.0035 | Train Acc 0.0611 | Prec 0.0623 | F1 0.1046 | Epoch Time 1.29s (Eval 0.27s, Train 1.02s)
Task 3: 256 training samples, 256 test samples.
---- Eval at Epoch 0: cls [0.19282051282051282, 0.14619883040935672, 0.13178661616161616, 0.23376623376623376] | det_recall [0.5, 0.5, 0.5388735843281298, 0.5] | det_fa [1.0, 1.0, 0.8148148148148148, 1.0] ----
Task 3 Epoch 1/1 | Loss 2.1355 | Train Acc 0.0854 | Prec 0.0851 | F1 0.0672 | Epoch Time 1.30s (Eval 0.35s, Train 0.94s)
Task 4: 256 training samples, 256 test samples.
---- Eval at Epoch 0: cls [0.19692307692307692, 0.1558061821219716, 0.14848920236851273, 0.21681096681096682, 0.17059178743961353] | det_recall [0.5, 0.5, 0.498989898989899, 0.5, 0.5] | det_fa [1.0, 1.0, 0.9111111111111111, 1.0, 1.0] ----
Task 4 Epoch 1/1 | Loss 2.0142 | Train Acc 0.1467 | Prec 0.0684 | F1 0.0532 | Epoch Time 1.55s (Eval 0.45s, Train 1.10s)
Task 5: 256 training samples, 256 test samples.
---- Eval at Epoch 0: cls [0.18666666666666668, 0.15914786967418545, 0.22966954022988503, 0.15367965367965367, 0.1460224558050645, 0.1971830985915493] | det_recall [0.5, 0.5, 0.5, 0.5, 0.4961832061068702, 0.5] | det_fa [1.0, 1.0, 1.0, 1.0, 1.0, 1.0] ----
Task 5 Epoch 1/1 | Loss 1.8724 | Train Acc 0.1264 | Prec 0.0959 | F1 0.0628 | Epoch Time 1.54s (Eval 0.53s, Train 1.01s)
Task 6: 256 training samples, 256 test samples.
---- Eval at Epoch 0: cls [0.18461538461538463, 0.1564327485380117, 0.19507575757575757, 0.18506493506493507, 0.15359067261241174, 0.2, 0.17781954887218046] | det_recall [0.5, 0.5, 0.5, 0.5, 0.5, 0.5, 0.5] | det_fa [1.0, 1.0, 1.0, 1.0, 1.0, 1.0, 1.0] ----
Task 6 Epoch 1/1 | Loss 1.9357 | Train Acc 0.1542 | Prec 0.0674 | F1 0.0485 | Epoch Time 1.68s (Eval 0.61s, Train 1.07s)
Task 7: 256 training samples, 256 test samples.
---- Eval at Epoch 0: cls [0.2, 0.1405597326649958, 0.20291927899686518, 0.16125541125541124, 0.17532980304719437, 0.2, 0.17781954887218046, 0.22899968934451692] | det_recall [0.5, 0.5, 0.5, 0.5, 0.5, 0.5, 0.5, 0.5] | det_fa [1.0, 1.0, 1.0, 1.0, 1.0, 1.0, 1.0, 1.0] ----
Task 7 Epoch 1/1 | Loss 1.8609 | Train Acc 0.2589 | Prec 0.1583 | F1 0.0972 | Epoch Time 1.79s (Eval 0.71s, Train 1.07s)
Task 8: 256 training samples, 256 test samples.
---- Eval at Epoch 0: cls [0.2, 0.1702172096908939, 0.19693704284221528, 0.1966089466089466, 0.192748978075065, 0.2, 0.18834586466165415, 0.20416278347312833, 0.16666666666666666] | det_recall [0.5, 0.5, 0.5, 0.5, 0.5, 0.5, 0.5, 0.5, 0.5] | det_fa [1.0, 1.0, 1.0, 1.0, 1.0, 1.0, 1.0, 1.0, 1.0] ----
Task 8 Epoch 1/1 | Loss 2.1308 | Train Acc 0.1431 | Prec 0.0770 | F1 0.0505 | Epoch Time 1.78s (Eval 0.79s, Train 1.00s)
Task 9: 256 training samples, 256 test samples.
---- Eval at Epoch 0: cls [0.2, 0.18494152046783627, 0.20329806687565308, 0.16955266955266954, 0.21084169453734672, 0.2, 0.17781954887218046, 0.20714507611059335, 0.16666666666666666, 0.21292041292041292] | det_recall [0.5, 0.5, 0.5, 0.5, 0.5, 0.5, 0.5, 0.5, 0.5, 0.5] | det_fa [1.0, 1.0, 1.0, 1.0, 1.0, 1.0, 1.0, 1.0, 1.0, 1.0] ----
Task 9 Epoch 1/1 | Loss 1.7538 | Train Acc 0.2592 | Prec 0.1338 | F1 0.0859 | Epoch Time 1.93s (Eval 0.89s, Train 1.03s)
####Final Validation Accuracy####
Final Results:- 
 Total Accuracy: 0.20423549272771044 
 Individual Accuracy: [0.2, 0.18055555555555558, 0.22307340647857893, 0.16125541125541124, 0.16406540319583798, 0.2, 0.21541353383458647, 0.26902058798610523, 0.16666666666666666, 0.26230436230436227]
Final Detection Results:- 
 Total Detection: 0.5 
 Individual Detection: [0.5, 0.5, 0.5, 0.5, 0.5, 0.5, 0.5, 0.5, 0.5, 0.5]
Final Detection False Alarm:- 
 Total False Alarm: 1.0 
 Individual False Alarm: [1.0, 1.0, 1.0, 1.0, 1.0, 1.0, 1.0, 1.0, 1.0, 1.0]
SUMMARY_TR cls_rec=0.2592 cls_prec=0.1338 cls_f1=0.0859 det=0.5000 fa=1.0000
SUMMARY_TE cls_rec=0.2042 cls_prec=0.1278 cls_f1=0.1400 det=0.5000 fa=1.0000
Model size: 0.0289 GB
logs//eralg4/eclresm_test-2026-03-06_17-49-04-2093/0/results: {'expt_name': 'eclresm_test', 'model': 'eralg4', 'arch': 'resnet1d', 'n_hiddens': 100, 'n_layers': 2, 'xav_init': False, 'debug': False, 'use_detector_arch': False, 'glances': 1, 'n_epochs': 1, 'batch_size': 256, 'replay_batch_size': 64, 'memories': 5120, 'lr': 0.001, 'optimizer': 'sgd', 'cuda': True, 'seed': 0, 'log_every': 10, 'log_dir': 'logs//eralg4/eclresm_test-2026-03-06_17-49-04-2093/0', 'tf_dir': 'logs//eralg4/eclresm_test-2026-03-06_17-49-04-2093/0/tfdir', 'calc_test_accuracy': False, 'state_logging': False, 'data_path': 'data/rff/radar/full', 'loader': 'task_incremental_loader', 'samples_per_task': 256, 'shuffle_tasks': False, 'classes_per_it': 6, 'iterations': 5000, 'dataset': 'iq', 'workers': 0, 'validation': 0.5, 'data_scaling': 'normalize', 'class_order': 'random', 'increment': 5, 'test_batch_size': 512, 'nc_per_task': None, 'nc_per_task_list': '', 'val_rate': 4, 'opt_lr': 0.3, 'opt_wt': 0.1, 'alpha_init': 0.001, 'learn_lr': True, 'sync_update': False, 'grad_clip_norm': 5.0, 'meta_batches': 3, 'use_old_task_memory': False, 'second_order': False, 'n_memories': 5120, 'memory_strength': 0, 'steps_per_sample': 1, 'bgd_optimizer': 'sgd', 'optimizer_params': '{}', 'train_mc_iters': 5, 'std_init': 0.05, 'mean_eta': 1, 'fisher_gamma': 0.95, 'rln': 7, 'update_steps': 10, 'meta_lr': 0.001, 'update_lr': 0.1, 'ctx_lr': 0.05, 'n_meta': 2, 'inner_steps': 1, 'temperature': 5.0, 'task_emb': 64, 'classes_per_task': [6, 7, 6, 7, 7, 6, 6, 6, 7, 6], 'get_samples_per_task': <bound method IncrementalLoader.get_samples_per_task of <dataloaders.task_incremental_loader.IncrementalLoader object at 0x77a2f5f2ec00>>} # val: 0.176 0.204 0.028 0.000 # 20.144768714904785
