[2026-03-05T17:58:12+00:00] === full_experiments.sh started ===
[2026-03-05T17:58:12+00:00] REPO_ROOT=/home/lunet/wsmr11/repos/La-MAML
[2026-03-05T17:58:12+00:00] LOG_FILE=/home/lunet/wsmr11/repos/La-MAML/logs/full_experiments/full_experiments_20260305_175812.log
[2026-03-05T17:58:12+00:00] INCLUDED=lwf packnet rwalk si ucl la-er lamaml smaml
[2026-03-05T17:58:12+00:00] Activated la-maml_env
[2026-03-05T17:58:12+00:00] Skipping agem (not in INCLUDED)
[2026-03-05T17:58:12+00:00] Skipping anml (not in INCLUDED)
[2026-03-05T17:58:12+00:00] Skipping bcl_dual (not in INCLUDED)
[2026-03-05T17:58:12+00:00] Skipping cmaml (not in INCLUDED)
[2026-03-05T17:58:12+00:00] Skipping ctn (not in INCLUDED)
[2026-03-05T17:58:12+00:00] Skipping eralg4 (not in INCLUDED)
[2026-03-05T17:58:12+00:00] Skipping er_ring (not in INCLUDED)
[2026-03-05T17:58:12+00:00] Skipping ewc (not in INCLUDED)
[2026-03-05T17:58:12+00:00] Skipping gem (not in INCLUDED)
[2026-03-05T17:58:12+00:00] Skipping hat (not in INCLUDED)
[2026-03-05T17:58:12+00:00] Skipping icarl (not in INCLUDED)
[2026-03-05T17:58:12+00:00] Skipping iid2 (not in INCLUDED)
[2026-03-05T17:58:12+00:00] --- Running: base + la-er ---
New Experiment Starting...
Running model:  eralg4
Set seed 0
T0-t2-rcn.npz train: x=(50362, 1024), y=(50362, 2)
T0-t2-rcn.npz test: x=(16787, 1024), y=(16787, 2)
T0-t2-rcn.npz: applied data scaling mode 'normalize'.
Loaded T0-t2-rcn.npz: Unique train labels: UniqueCountsResult(values=array([-1,  3,  5, 10, 12, 15]), counts=array([24209,  5770,  3030,  2320,  7509,  7524]))
Noise labels ratio in T0-t2-rcn.npz train: 0.24, test: 0.24
Loaded T0-t2-rcn.npz: Remapped labels: [0 1 2 3 4 5]. Size: 50362)
T1-t0-rcn.npz train: x=(51916, 1024), y=(51916, 2)
T1-t0-rcn.npz test: x=(17305, 1024), y=(17305, 2)
T1-t0-rcn.npz: applied data scaling mode 'normalize'.
Loaded T1-t0-rcn.npz: Unique train labels: UniqueCountsResult(values=array([-1,  1,  8,  9, 11, 13, 14]), counts=array([24225,  4268,  2495,  2943,  3015,  7464,  7506]))
Noise labels ratio in T1-t0-rcn.npz train: 0.23, test: 0.23
Loaded T1-t0-rcn.npz: Remapped labels: [ 6  7  8  9 10 11 12]. Size: 51916)
T2-t2-uclresm.npz train: moved sample axis (3, 263718, 1024) -> (263718, 3, 1024)
T2-t2-uclresm.npz test: moved sample axis (3, 175763, 1024) -> (175763, 3, 1024)
T2-t2-uclresm.npz train: x=(263718, 3, 1024), y=(263718,)
T2-t2-uclresm.npz test: x=(175763, 3, 1024), y=(175763,)
T2-t2-uclresm.npz: applied data scaling mode 'normalize'.
Loaded T2-t2-uclresm.npz: Unique train labels: UniqueCountsResult(values=array([-1,  0,  1,  2,  3,  4]), counts=array([131859,  13861,  31761,  18069,  35850,  32318]))
Noise labels ratio in T2-t2-uclresm.npz train: 0.50, test: 0.50
Loaded T2-t2-uclresm.npz: Remapped labels: [13 14 15 16 17 18]. Size: 263718)
T3-t0-deeprad.npz train: x=(24480, 1024), y=(24480, 2)
T3-t0-deeprad.npz test: x=(8160, 1024), y=(8160, 2)
T3-t0-deeprad.npz: applied data scaling mode 'normalize'.
Loaded T3-t0-deeprad.npz: Unique train labels: UniqueCountsResult(values=array([-1,  0,  1,  2,  3,  4,  5]), counts=array([12240,  2029,  1983,  2043,  2154,  2015,  2016]))
Noise labels ratio in T3-t0-deeprad.npz train: 0.25, test: 0.25
Loaded T3-t0-deeprad.npz: Remapped labels: [19 20 21 22 23 24 25]. Size: 24480)
T4-t1-deeprad.npz train: x=(24480, 1024), y=(24480, 2)
T4-t1-deeprad.npz test: x=(8160, 1024), y=(8160, 2)
T4-t1-deeprad.npz: applied data scaling mode 'normalize'.
Loaded T4-t1-deeprad.npz: Unique train labels: UniqueCountsResult(values=array([-1,  0,  1,  2,  3,  4,  5]), counts=array([12240,  1988,  2029,  2054,  1988,  2053,  2128]))
Noise labels ratio in T4-t1-deeprad.npz train: 0.25, test: 0.25
Loaded T4-t1-deeprad.npz: Remapped labels: [26 27 28 29 30 31 32]. Size: 24480)
T5-t1-uclresm.npz train: moved sample axis (3, 157598, 1024) -> (157598, 3, 1024)
T5-t1-uclresm.npz test: moved sample axis (3, 87218, 1024) -> (87218, 3, 1024)
T5-t1-uclresm.npz train: x=(157598, 3, 1024), y=(157598,)
T5-t1-uclresm.npz test: x=(87218, 3, 1024), y=(87218,)
T5-t1-uclresm.npz: applied data scaling mode 'normalize'.
Loaded T5-t1-uclresm.npz: Unique train labels: UniqueCountsResult(values=array([-1,  0,  1,  2,  3,  4]), counts=array([78799,  8990, 35934, 15986,  8941,  8948]))
Noise labels ratio in T5-t1-uclresm.npz train: 0.50, test: 0.50
Loaded T5-t1-uclresm.npz: Remapped labels: [33 34 35 36 37 38]. Size: 157598)
T6-t3-deeprad.npz train: x=(17340, 1024), y=(17340, 2)
T6-t3-deeprad.npz test: x=(6800, 1024), y=(6800, 2)
T6-t3-deeprad.npz: applied data scaling mode 'normalize'.
Loaded T6-t3-deeprad.npz: Unique train labels: UniqueCountsResult(values=array([-1,  0,  1,  2,  3,  4]), counts=array([8670, 1693, 1677, 1794, 1716, 1790]))
Noise labels ratio in T6-t3-deeprad.npz train: 0.25, test: 0.25
Loaded T6-t3-deeprad.npz: Remapped labels: [39 40 41 42 43 44]. Size: 17340)
T7-t0-uclresm.npz train: moved sample axis (3, 148446, 1024) -> (148446, 3, 1024)
T7-t0-uclresm.npz test: moved sample axis (3, 80937, 1024) -> (80937, 3, 1024)
T7-t0-uclresm.npz train: x=(148446, 3, 1024), y=(148446,)
T7-t0-uclresm.npz test: x=(80937, 3, 1024), y=(80937,)
T7-t0-uclresm.npz: applied data scaling mode 'normalize'.
Loaded T7-t0-uclresm.npz: Unique train labels: UniqueCountsResult(values=array([-1,  0,  1,  2,  3,  4]), counts=array([74223, 16041,  8978, 31122,  8997,  9085]))
Noise labels ratio in T7-t0-uclresm.npz train: 0.50, test: 0.50
Loaded T7-t0-uclresm.npz: Remapped labels: [45 46 47 48 49 50]. Size: 148446)
T8-t1-rcn.npz train: x=(36658, 1024), y=(36658, 2)
T8-t1-rcn.npz test: x=(12220, 1024), y=(12220, 2)
T8-t1-rcn.npz: applied data scaling mode 'normalize'.
Loaded T8-t1-rcn.npz: Unique train labels: UniqueCountsResult(values=array([-1,  0,  2,  4,  6,  7, 16]), counts=array([20595,   824,  2087,  2606,  2396,  1716,  6434]))
Noise labels ratio in T8-t1-rcn.npz train: 0.28, test: 0.28
Loaded T8-t1-rcn.npz: Remapped labels: [51 52 53 54 55 56 57]. Size: 36658)
T9-t2-deeprad.npz train: x=(17340, 1024), y=(17340, 2)
T9-t2-deeprad.npz test: x=(6800, 1024), y=(6800, 2)
T9-t2-deeprad.npz: applied data scaling mode 'normalize'.
Loaded T9-t2-deeprad.npz: Unique train labels: UniqueCountsResult(values=array([-1,  0,  1,  2,  3,  4]), counts=array([8670, 1774, 1675, 1777, 1694, 1750]))
Noise labels ratio in T9-t2-deeprad.npz train: 0.25, test: 0.25
Loaded T9-t2-deeprad.npz: Remapped labels: [58 59 60 61 62 63]. Size: 17340)
Built classes_per_task: [6, 7, 6, 7, 7, 6, 6, 6, 7, 6]
Classes per task: [6, 7, 6, 7, 7, 6, 6, 6, 7, 6]
n_outputs: 64 	n_tasks: 10
True
Model device: cuda:0
Task 0: 50362 training samples, 16787 test samples.
---- Eval at Epoch 0: cls [0.5663263835436823] | det_recall [0.5] | det_fa [1.0] ----
Task 0 Epoch 1/1 | Loss 1.3823 | Train Acc 0.4699 | Val Acc 0.5663 | Epoch Time 220.74s (Eval 4.68s, Train 216.06s)
Task 1: 51916 training samples, 17305 test samples.
---- Eval at Epoch 0: cls [0.7203351727857896, 0.5972737129198517] | det_recall [0.5, 0.5] | det_fa [1.0, 1.0] ----
Task 1 Epoch 1/1 | Loss 0.7314 | Train Acc 0.6720 | Val Acc 0.5973 | Epoch Time 247.58s (Eval 9.84s, Train 237.74s)
Task 2: 263718 training samples, 131859 test samples.
Traceback (most recent call last):
  File "/home/lunet/wsmr11/repos/La-MAML/main.py", line 716, in <module>
    main()
  File "/home/lunet/wsmr11/repos/La-MAML/main.py", line 706, in main
    life_experience(model, loader, args)
  File "/home/lunet/wsmr11/repos/La-MAML/main.py", line 316, in life_experience
    loss, tr_acc = model.observe(Variable(v_x), v_y, task_info["task"])
                   ^^^^^^^^^^^^^^^^^^^^^^^^^^^^^^^^^^^^^^^^^^^^^^^^^^^^
  File "/home/lunet/wsmr11/repos/La-MAML/model/eralg4.py", line 239, in observe
    loss, tr_acc = self.la_ER(x, y, t)
                   ^^^^^^^^^^^^^^^^^^^
  File "/home/lunet/wsmr11/repos/La-MAML/model/eralg4.py", line 375, in la_ER
    bx, by, bt = self.getBatch(x.cpu().numpy(), y.cpu().numpy(), t)
                 ^^^^^^^^^^^^^^^^^^^^^^^^^^^^^^^^^^^^^^^^^^^^^^^^^^
  File "/home/lunet/wsmr11/repos/La-MAML/model/eralg4.py", line 181, in getBatch
    bxs = Variable(torch.from_numpy(np.array(bxs))).float()
                                    ^^^^^^^^^^^^^
ValueError: setting an array element with a sequence. The requested array has an inhomogeneous shape after 1 dimensions. The detected shape was (118,) + inhomogeneous part.
[2026-03-05T18:07:09+00:00] ERROR: la-er failed with exit code 1
[2026-03-05T18:07:09+00:00] --- Running: base + lamaml ---
New Experiment Starting...
Running model:  lamaml_cifar
Set seed 0
T0-t2-rcn.npz train: x=(50362, 1024), y=(50362, 2)
T0-t2-rcn.npz test: x=(16787, 1024), y=(16787, 2)
T0-t2-rcn.npz: applied data scaling mode 'normalize'.
Loaded T0-t2-rcn.npz: Unique train labels: UniqueCountsResult(values=array([-1,  3,  5, 10, 12, 15]), counts=array([24209,  5770,  3030,  2320,  7509,  7524]))
Noise labels ratio in T0-t2-rcn.npz train: 0.24, test: 0.24
Loaded T0-t2-rcn.npz: Remapped labels: [0 1 2 3 4 5]. Size: 50362)
T1-t0-rcn.npz train: x=(51916, 1024), y=(51916, 2)
T1-t0-rcn.npz test: x=(17305, 1024), y=(17305, 2)
T1-t0-rcn.npz: applied data scaling mode 'normalize'.
Loaded T1-t0-rcn.npz: Unique train labels: UniqueCountsResult(values=array([-1,  1,  8,  9, 11, 13, 14]), counts=array([24225,  4268,  2495,  2943,  3015,  7464,  7506]))
Noise labels ratio in T1-t0-rcn.npz train: 0.23, test: 0.23
Loaded T1-t0-rcn.npz: Remapped labels: [ 6  7  8  9 10 11 12]. Size: 51916)
T2-t2-uclresm.npz train: moved sample axis (3, 263718, 1024) -> (263718, 3, 1024)
T2-t2-uclresm.npz test: moved sample axis (3, 175763, 1024) -> (175763, 3, 1024)
T2-t2-uclresm.npz train: x=(263718, 3, 1024), y=(263718,)
T2-t2-uclresm.npz test: x=(175763, 3, 1024), y=(175763,)
T2-t2-uclresm.npz: applied data scaling mode 'normalize'.
Loaded T2-t2-uclresm.npz: Unique train labels: UniqueCountsResult(values=array([-1,  0,  1,  2,  3,  4]), counts=array([131859,  13861,  31761,  18069,  35850,  32318]))
Noise labels ratio in T2-t2-uclresm.npz train: 0.50, test: 0.50
Loaded T2-t2-uclresm.npz: Remapped labels: [13 14 15 16 17 18]. Size: 263718)
T3-t0-deeprad.npz train: x=(24480, 1024), y=(24480, 2)
T3-t0-deeprad.npz test: x=(8160, 1024), y=(8160, 2)
T3-t0-deeprad.npz: applied data scaling mode 'normalize'.
Loaded T3-t0-deeprad.npz: Unique train labels: UniqueCountsResult(values=array([-1,  0,  1,  2,  3,  4,  5]), counts=array([12240,  2029,  1983,  2043,  2154,  2015,  2016]))
Noise labels ratio in T3-t0-deeprad.npz train: 0.25, test: 0.25
Loaded T3-t0-deeprad.npz: Remapped labels: [19 20 21 22 23 24 25]. Size: 24480)
T4-t1-deeprad.npz train: x=(24480, 1024), y=(24480, 2)
T4-t1-deeprad.npz test: x=(8160, 1024), y=(8160, 2)
T4-t1-deeprad.npz: applied data scaling mode 'normalize'.
Loaded T4-t1-deeprad.npz: Unique train labels: UniqueCountsResult(values=array([-1,  0,  1,  2,  3,  4,  5]), counts=array([12240,  1988,  2029,  2054,  1988,  2053,  2128]))
Noise labels ratio in T4-t1-deeprad.npz train: 0.25, test: 0.25
Loaded T4-t1-deeprad.npz: Remapped labels: [26 27 28 29 30 31 32]. Size: 24480)
T5-t1-uclresm.npz train: moved sample axis (3, 157598, 1024) -> (157598, 3, 1024)
T5-t1-uclresm.npz test: moved sample axis (3, 87218, 1024) -> (87218, 3, 1024)
T5-t1-uclresm.npz train: x=(157598, 3, 1024), y=(157598,)
T5-t1-uclresm.npz test: x=(87218, 3, 1024), y=(87218,)
T5-t1-uclresm.npz: applied data scaling mode 'normalize'.
Loaded T5-t1-uclresm.npz: Unique train labels: UniqueCountsResult(values=array([-1,  0,  1,  2,  3,  4]), counts=array([78799,  8990, 35934, 15986,  8941,  8948]))
Noise labels ratio in T5-t1-uclresm.npz train: 0.50, test: 0.50
Loaded T5-t1-uclresm.npz: Remapped labels: [33 34 35 36 37 38]. Size: 157598)
T6-t3-deeprad.npz train: x=(17340, 1024), y=(17340, 2)
T6-t3-deeprad.npz test: x=(6800, 1024), y=(6800, 2)
T6-t3-deeprad.npz: applied data scaling mode 'normalize'.
Loaded T6-t3-deeprad.npz: Unique train labels: UniqueCountsResult(values=array([-1,  0,  1,  2,  3,  4]), counts=array([8670, 1693, 1677, 1794, 1716, 1790]))
Noise labels ratio in T6-t3-deeprad.npz train: 0.25, test: 0.25
Loaded T6-t3-deeprad.npz: Remapped labels: [39 40 41 42 43 44]. Size: 17340)
T7-t0-uclresm.npz train: moved sample axis (3, 148446, 1024) -> (148446, 3, 1024)
T7-t0-uclresm.npz test: moved sample axis (3, 80937, 1024) -> (80937, 3, 1024)
T7-t0-uclresm.npz train: x=(148446, 3, 1024), y=(148446,)
T7-t0-uclresm.npz test: x=(80937, 3, 1024), y=(80937,)
T7-t0-uclresm.npz: applied data scaling mode 'normalize'.
Loaded T7-t0-uclresm.npz: Unique train labels: UniqueCountsResult(values=array([-1,  0,  1,  2,  3,  4]), counts=array([74223, 16041,  8978, 31122,  8997,  9085]))
Noise labels ratio in T7-t0-uclresm.npz train: 0.50, test: 0.50
Loaded T7-t0-uclresm.npz: Remapped labels: [45 46 47 48 49 50]. Size: 148446)
T8-t1-rcn.npz train: x=(36658, 1024), y=(36658, 2)
T8-t1-rcn.npz test: x=(12220, 1024), y=(12220, 2)
T8-t1-rcn.npz: applied data scaling mode 'normalize'.
Loaded T8-t1-rcn.npz: Unique train labels: UniqueCountsResult(values=array([-1,  0,  2,  4,  6,  7, 16]), counts=array([20595,   824,  2087,  2606,  2396,  1716,  6434]))
Noise labels ratio in T8-t1-rcn.npz train: 0.28, test: 0.28
Loaded T8-t1-rcn.npz: Remapped labels: [51 52 53 54 55 56 57]. Size: 36658)
T9-t2-deeprad.npz train: x=(17340, 1024), y=(17340, 2)
T9-t2-deeprad.npz test: x=(6800, 1024), y=(6800, 2)
T9-t2-deeprad.npz: applied data scaling mode 'normalize'.
Loaded T9-t2-deeprad.npz: Unique train labels: UniqueCountsResult(values=array([-1,  0,  1,  2,  3,  4]), counts=array([8670, 1774, 1675, 1777, 1694, 1750]))
Noise labels ratio in T9-t2-deeprad.npz train: 0.25, test: 0.25
Loaded T9-t2-deeprad.npz: Remapped labels: [58 59 60 61 62 63]. Size: 17340)
Built classes_per_task: [6, 7, 6, 7, 7, 6, 6, 6, 7, 6]
Classes per task: [6, 7, 6, 7, 7, 6, 6, 6, 7, 6]
n_outputs: 64 	n_tasks: 10
True
Model device: cuda:0
Task 0: 50362 training samples, 16787 test samples.
---- Eval at Epoch 0: cls [0.5808753438724326] | det_recall [0.4508132282994393] | det_fa [0.8928239122898362] ----
Task 0 Epoch 1/1 | Loss 0.5128 | Train Acc 0.7691 | Val Acc 0.5809 | Epoch Time 360.65s (Eval 4.64s, Train 356.01s)
Task 1: 51916 training samples, 17305 test samples.
---- Eval at Epoch 0: cls [0.8179962640280702, 0.703792894269555] | det_recall [0.5, 0.5] | det_fa [1.0, 1.0] ----
Task 1 Epoch 1/1 | Loss 0.4277 | Train Acc 0.8189 | Val Acc 0.7038 | Epoch Time 386.48s (Eval 9.56s, Train 376.92s)
Task 2: 263718 training samples, 131859 test samples.
Traceback (most recent call last):
  File "/home/lunet/wsmr11/repos/La-MAML/main.py", line 716, in <module>
    main()
  File "/home/lunet/wsmr11/repos/La-MAML/main.py", line 706, in main
    life_experience(model, loader, args)
  File "/home/lunet/wsmr11/repos/La-MAML/main.py", line 316, in life_experience
    loss, tr_acc = model.observe(Variable(v_x), v_y, task_info["task"])
                   ^^^^^^^^^^^^^^^^^^^^^^^^^^^^^^^^^^^^^^^^^^^^^^^^^^^^
  File "/home/lunet/wsmr11/repos/La-MAML/model/lamaml_cifar.py", line 175, in observe
    bx, by, bt = self.getBatch(x.cpu().numpy(), y.cpu().numpy(), t)             
                 ^^^^^^^^^^^^^^^^^^^^^^^^^^^^^^^^^^^^^^^^^^^^^^^^^^
  File "/home/lunet/wsmr11/repos/La-MAML/model/lamaml_base.py", line 162, in getBatch
    bxs = Variable(torch.from_numpy(np.array(bxs))).float() 
                                    ^^^^^^^^^^^^^
ValueError: setting an array element with a sequence. The requested array has an inhomogeneous shape after 1 dimensions. The detected shape was (118,) + inhomogeneous part.
[2026-03-05T18:20:44+00:00] ERROR: lamaml failed with exit code 1
[2026-03-05T18:20:44+00:00] --- Running: base + lwf ---
New Experiment Starting...
Running model:  lwf
Set seed 0
T0-t2-rcn.npz train: x=(50362, 1024), y=(50362, 2)
T0-t2-rcn.npz test: x=(16787, 1024), y=(16787, 2)
T0-t2-rcn.npz: applied data scaling mode 'normalize'.
Loaded T0-t2-rcn.npz: Unique train labels: UniqueCountsResult(values=array([-1,  3,  5, 10, 12, 15]), counts=array([24209,  5770,  3030,  2320,  7509,  7524]))
Noise labels ratio in T0-t2-rcn.npz train: 0.24, test: 0.24
Loaded T0-t2-rcn.npz: Remapped labels: [0 1 2 3 4 5]. Size: 50362)
T1-t0-rcn.npz train: x=(51916, 1024), y=(51916, 2)
T1-t0-rcn.npz test: x=(17305, 1024), y=(17305, 2)
T1-t0-rcn.npz: applied data scaling mode 'normalize'.
Loaded T1-t0-rcn.npz: Unique train labels: UniqueCountsResult(values=array([-1,  1,  8,  9, 11, 13, 14]), counts=array([24225,  4268,  2495,  2943,  3015,  7464,  7506]))
Noise labels ratio in T1-t0-rcn.npz train: 0.23, test: 0.23
Loaded T1-t0-rcn.npz: Remapped labels: [ 6  7  8  9 10 11 12]. Size: 51916)
T2-t2-uclresm.npz train: moved sample axis (3, 263718, 1024) -> (263718, 3, 1024)
T2-t2-uclresm.npz test: moved sample axis (3, 175763, 1024) -> (175763, 3, 1024)
T2-t2-uclresm.npz train: x=(263718, 3, 1024), y=(263718,)
T2-t2-uclresm.npz test: x=(175763, 3, 1024), y=(175763,)
T2-t2-uclresm.npz: applied data scaling mode 'normalize'.
Loaded T2-t2-uclresm.npz: Unique train labels: UniqueCountsResult(values=array([-1,  0,  1,  2,  3,  4]), counts=array([131859,  13861,  31761,  18069,  35850,  32318]))
Noise labels ratio in T2-t2-uclresm.npz train: 0.50, test: 0.50
Loaded T2-t2-uclresm.npz: Remapped labels: [13 14 15 16 17 18]. Size: 263718)
T3-t0-deeprad.npz train: x=(24480, 1024), y=(24480, 2)
T3-t0-deeprad.npz test: x=(8160, 1024), y=(8160, 2)
T3-t0-deeprad.npz: applied data scaling mode 'normalize'.
Loaded T3-t0-deeprad.npz: Unique train labels: UniqueCountsResult(values=array([-1,  0,  1,  2,  3,  4,  5]), counts=array([12240,  2029,  1983,  2043,  2154,  2015,  2016]))
Noise labels ratio in T3-t0-deeprad.npz train: 0.25, test: 0.25
Loaded T3-t0-deeprad.npz: Remapped labels: [19 20 21 22 23 24 25]. Size: 24480)
T4-t1-deeprad.npz train: x=(24480, 1024), y=(24480, 2)
T4-t1-deeprad.npz test: x=(8160, 1024), y=(8160, 2)
T4-t1-deeprad.npz: applied data scaling mode 'normalize'.
Loaded T4-t1-deeprad.npz: Unique train labels: UniqueCountsResult(values=array([-1,  0,  1,  2,  3,  4,  5]), counts=array([12240,  1988,  2029,  2054,  1988,  2053,  2128]))
Noise labels ratio in T4-t1-deeprad.npz train: 0.25, test: 0.25
Loaded T4-t1-deeprad.npz: Remapped labels: [26 27 28 29 30 31 32]. Size: 24480)
T5-t1-uclresm.npz train: moved sample axis (3, 157598, 1024) -> (157598, 3, 1024)
T5-t1-uclresm.npz test: moved sample axis (3, 87218, 1024) -> (87218, 3, 1024)
T5-t1-uclresm.npz train: x=(157598, 3, 1024), y=(157598,)
T5-t1-uclresm.npz test: x=(87218, 3, 1024), y=(87218,)
T5-t1-uclresm.npz: applied data scaling mode 'normalize'.
Loaded T5-t1-uclresm.npz: Unique train labels: UniqueCountsResult(values=array([-1,  0,  1,  2,  3,  4]), counts=array([78799,  8990, 35934, 15986,  8941,  8948]))
Noise labels ratio in T5-t1-uclresm.npz train: 0.50, test: 0.50
Loaded T5-t1-uclresm.npz: Remapped labels: [33 34 35 36 37 38]. Size: 157598)
T6-t3-deeprad.npz train: x=(17340, 1024), y=(17340, 2)
T6-t3-deeprad.npz test: x=(6800, 1024), y=(6800, 2)
T6-t3-deeprad.npz: applied data scaling mode 'normalize'.
Loaded T6-t3-deeprad.npz: Unique train labels: UniqueCountsResult(values=array([-1,  0,  1,  2,  3,  4]), counts=array([8670, 1693, 1677, 1794, 1716, 1790]))
Noise labels ratio in T6-t3-deeprad.npz train: 0.25, test: 0.25
Loaded T6-t3-deeprad.npz: Remapped labels: [39 40 41 42 43 44]. Size: 17340)
T7-t0-uclresm.npz train: moved sample axis (3, 148446, 1024) -> (148446, 3, 1024)
T7-t0-uclresm.npz test: moved sample axis (3, 80937, 1024) -> (80937, 3, 1024)
T7-t0-uclresm.npz train: x=(148446, 3, 1024), y=(148446,)
T7-t0-uclresm.npz test: x=(80937, 3, 1024), y=(80937,)
T7-t0-uclresm.npz: applied data scaling mode 'normalize'.
Loaded T7-t0-uclresm.npz: Unique train labels: UniqueCountsResult(values=array([-1,  0,  1,  2,  3,  4]), counts=array([74223, 16041,  8978, 31122,  8997,  9085]))
Noise labels ratio in T7-t0-uclresm.npz train: 0.50, test: 0.50
Loaded T7-t0-uclresm.npz: Remapped labels: [45 46 47 48 49 50]. Size: 148446)
T8-t1-rcn.npz train: x=(36658, 1024), y=(36658, 2)
T8-t1-rcn.npz test: x=(12220, 1024), y=(12220, 2)
T8-t1-rcn.npz: applied data scaling mode 'normalize'.
Loaded T8-t1-rcn.npz: Unique train labels: UniqueCountsResult(values=array([-1,  0,  2,  4,  6,  7, 16]), counts=array([20595,   824,  2087,  2606,  2396,  1716,  6434]))
Noise labels ratio in T8-t1-rcn.npz train: 0.28, test: 0.28
Loaded T8-t1-rcn.npz: Remapped labels: [51 52 53 54 55 56 57]. Size: 36658)
T9-t2-deeprad.npz train: x=(17340, 1024), y=(17340, 2)
T9-t2-deeprad.npz test: x=(6800, 1024), y=(6800, 2)
T9-t2-deeprad.npz: applied data scaling mode 'normalize'.
Loaded T9-t2-deeprad.npz: Unique train labels: UniqueCountsResult(values=array([-1,  0,  1,  2,  3,  4]), counts=array([8670, 1774, 1675, 1777, 1694, 1750]))
Noise labels ratio in T9-t2-deeprad.npz train: 0.25, test: 0.25
Loaded T9-t2-deeprad.npz: Remapped labels: [58 59 60 61 62 63]. Size: 17340)
Built classes_per_task: [6, 7, 6, 7, 7, 6, 6, 6, 7, 6]
Classes per task: [6, 7, 6, 7, 7, 6, 6, 6, 7, 6]
n_outputs: 64 	n_tasks: 10
True
Model device: cuda:0
Task 0: 50362 training samples, 16787 test samples.
---- Eval at Epoch 0: cls [0.9097078426705912] | det_recall [0.5] | det_fa [1.0] ----
Task 0 Epoch 1/1 | Loss 0.4636 | Train Acc 0.7813 | Val Acc 0.9097 | Epoch Time 60.19s (Eval 4.42s, Train 55.77s)
Task 1: 51916 training samples, 17305 test samples.
---- Eval at Epoch 0: cls [0.895220883772628, 0.7983718266651112] | det_recall [0.5, 0.5] | det_fa [1.0, 1.0] ----
Task 1 Epoch 1/1 | Loss 0.8839 | Train Acc 0.7666 | Val Acc 0.7984 | Epoch Time 82.83s (Eval 9.69s, Train 73.14s)
Task 2: 263718 training samples, 131859 test samples.
---- Eval at Epoch 0: cls [0.809876011225845, 0.7159222526329724, 0.36647079941682664] | det_recall [0.5, 0.5, 0.5] | det_fa [1.0, 1.0, 1.0] ----
Task 2 Epoch 1/1 | Loss 1.7789 | Train Acc 0.2605 | Val Acc 0.3665 | Epoch Time 420.41s (Eval 44.43s, Train 375.99s)
Task 3: 24480 training samples, 8160 test samples.
---- Eval at Epoch 0: cls [0.7665740486413734, 0.6761248360560761, 0.3012130212997877, 0.5966126063370787] | det_recall [0.5, 0.5, 0.5, 0.5] | det_fa [1.0, 1.0, 1.0, 1.0] ----
Task 3 Epoch 1/1 | Loss 1.1498 | Train Acc 0.5642 | Val Acc 0.5966 | Epoch Time 80.47s (Eval 46.27s, Train 34.19s)
Task 4: 24480 training samples, 8160 test samples.
---- Eval at Epoch 0: cls [0.7568381053561858, 0.6712650911817576, 0.2873356703250174, 0.5863668941473918, 0.4152262598718991] | det_recall [0.5, 0.5, 0.5, 0.5, 0.5] | det_fa [1.0, 1.0, 1.0, 1.0, 1.0] ----
Task 4 Epoch 1/1 | Loss 1.2958 | Train Acc 0.3879 | Val Acc 0.4152 | Epoch Time 85.30s (Eval 49.57s, Train 35.73s)
Task 5: 157598 training samples, 78799 test samples.
---- Eval at Epoch 0: cls [0.6703470568462293, 0.5450420433604337, 0.2251564010563236, 0.5383778096622273, 0.3306620798374216, 0.7072851953696367] | det_recall [0.5, 0.5, 0.5, 0.5, 0.5, 0.5] | det_fa [1.0, 1.0, 1.0, 1.0, 1.0, 1.0] ----
Task 5 Epoch 1/1 | Loss 0.9969 | Train Acc 0.5383 | Val Acc 0.7073 | Epoch Time 294.58s (Eval 71.08s, Train 223.49s)
Task 6: 17340 training samples, 6800 test samples.
---- Eval at Epoch 0: cls [0.633210602458763, 0.5316283655598594, 0.22342136036838442, 0.5213264856728148, 0.3255989094418118, 0.607556024266004, 0.5593379566117908] | det_recall [0.5, 0.5, 0.5, 0.5, 0.5, 0.5, 0.5] | det_fa [1.0, 1.0, 1.0, 1.0, 1.0, 1.0, 1.0] ----
Task 6 Epoch 1/1 | Loss 1.1307 | Train Acc 0.5248 | Val Acc 0.5593 | Epoch Time 98.27s (Eval 72.42s, Train 25.85s)
Task 7: 148446 training samples, 74223 test samples.
---- Eval at Epoch 0: cls [0.5730866661408995, 0.4919192714445137, 0.2196363117394376, 0.46277988433397965, 0.3169895593990127, 0.36104291311859577, 0.4674864550563157, 0.7437753680220008] | det_recall [0.5, 0.5, 0.5, 0.5, 0.5, 0.5, 0.5, 0.5] | det_fa [1.0, 1.0, 1.0, 1.0, 1.0, 1.0, 1.0, 1.0] ----
Task 7 Epoch 1/1 | Loss 0.8369 | Train Acc 0.6365 | Val Acc 0.7438 | Epoch Time 304.28s (Eval 91.52s, Train 212.77s)
Task 8: 36658 training samples, 12220 test samples.
---- Eval at Epoch 0: cls [0.5101177724092947, 0.4707396925728955, 0.20699680077322014, 0.4371157991154804, 0.310652389732183, 0.32590478856887783, 0.40789624192098367, 0.6167629401790194, 0.826901881285888] | det_recall [0.5, 0.5, 0.5, 0.5, 0.5, 0.5, 0.5, 0.5, 0.5] | det_fa [1.0, 1.0, 1.0, 1.0, 1.0, 1.0, 1.0, 1.0, 1.0] ----
Task 8 Epoch 1/1 | Loss 0.5976 | Train Acc 0.7495 | Val Acc 0.8269 | Epoch Time 147.66s (Eval 94.69s, Train 52.98s)
Task 9: 17340 training samples, 6800 test samples.
---- Eval at Epoch 0: cls [0.5523185930435297, 0.487192963359771, 0.21415524084264623, 0.45267601086509335, 0.32984811065525665, 0.32373373693584206, 0.47817056903087657, 0.5674693655138906, 0.7943737699200427, 0.4796189396369835] | det_recall [0.5, 0.5, 0.5, 0.5, 0.5, 0.5, 0.5, 0.5, 0.5, 0.5] | det_fa [1.0, 1.0, 1.0, 1.0, 1.0, 1.0, 1.0, 1.0, 1.0, 1.0] ----
Task 9 Epoch 1/1 | Loss 1.1946 | Train Acc 0.4236 | Val Acc 0.4796 | Epoch Time 122.35s (Eval 97.43s, Train 24.91s)
####Final Validation Accuracy####
Final Results:- 
 Total Accuracy: 0.46950067652492306 
 Individual Accuracy: [0.552993115042038, 0.4857075102770455, 0.2152318809306469, 0.4568092284917503, 0.33243055826139145, 0.3234109290074525, 0.47695428466854267, 0.5670635906515796, 0.8014537737502966, 0.48295189416848733]
Final Detection Results:- 
 Total Detection: 0.5 
 Individual Detection: [0.5, 0.5, 0.5, 0.5, 0.5, 0.5, 0.5, 0.5, 0.5, 0.5]
Final Detection False Alarm:- 
 Total False Alarm: 1.0 
 Individual False Alarm: [1.0, 1.0, 1.0, 1.0, 1.0, 1.0, 1.0, 1.0, 1.0, 1.0]
logs//lwf/eclresm_test-2026-03-05_18-21-34-9300/0/results: {'expt_name': 'eclresm_test', 'model': 'lwf', 'arch': 'resnet1d', 'n_hiddens': 100, 'n_layers': 2, 'xav_init': False, 'debug': False, 'use_detector_arch': False, 'glances': 1, 'n_epochs': 1, 'batch_size': 128, 'replay_batch_size': 64, 'memories': 5120, 'lr': 0.01, 'optimizer': 'sgd', 'cuda': True, 'seed': 0, 'log_every': 10, 'log_dir': 'logs//lwf/eclresm_test-2026-03-05_18-21-34-9300/0', 'tf_dir': 'logs//lwf/eclresm_test-2026-03-05_18-21-34-9300/0/tfdir', 'calc_test_accuracy': False, 'state_logging': False, 'data_path': 'data/rff/radar/full', 'loader': 'task_incremental_loader', 'samples_per_task': -1, 'shuffle_tasks': False, 'classes_per_it': 6, 'iterations': 5000, 'dataset': 'iq', 'workers': 0, 'validation': 0.5, 'data_scaling': 'normalize', 'class_order': 'random', 'increment': 5, 'test_batch_size': 512, 'nc_per_task': None, 'nc_per_task_list': '', 'val_rate': 4, 'opt_lr': 0.1, 'opt_wt': 0.1, 'alpha_init': 0.001, 'learn_lr': False, 'sync_update': False, 'grad_clip_norm': 5.0, 'meta_batches': 3, 'use_old_task_memory': False, 'second_order': False, 'n_memories': 5120, 'memory_strength': 0, 'steps_per_sample': 1, 'bgd_optimizer': 'sgd', 'optimizer_params': '{}', 'train_mc_iters': 5, 'std_init': 0.05, 'mean_eta': 1, 'fisher_gamma': 0.95, 'rln': 7, 'update_steps': 10, 'meta_lr': 0.001, 'update_lr': 0.1, 'ctx_lr': 0.05, 'n_meta': 2, 'inner_steps': 1, 'temperature': 5.0, 'task_emb': 64, 'classes_per_task': [6, 7, 6, 7, 7, 6, 6, 6, 7, 6], 'get_samples_per_task': <bound method IncrementalLoader.get_samples_per_task of <dataloaders.task_incremental_loader.IncrementalLoader object at 0x790a93d636b0>>} # val: 0.639 0.470 -0.169 0.000 # 2276.8332500457764
[2026-03-05T19:00:05+00:00] Completed: lwf (exit 0)
[2026-03-05T19:00:05+00:00] Skipping meralg1 (not in INCLUDED)
[2026-03-05T19:00:05+00:00] Skipping meta-bgd (not in INCLUDED)
[2026-03-05T19:00:05+00:00] --- Running: base + packnet ---
New Experiment Starting...
Running model:  packnet
Set seed 0
T0-t2-rcn.npz train: x=(50362, 1024), y=(50362, 2)
T0-t2-rcn.npz test: x=(16787, 1024), y=(16787, 2)
T0-t2-rcn.npz: applied data scaling mode 'normalize'.
Loaded T0-t2-rcn.npz: Unique train labels: UniqueCountsResult(values=array([-1,  3,  5, 10, 12, 15]), counts=array([24209,  5770,  3030,  2320,  7509,  7524]))
Noise labels ratio in T0-t2-rcn.npz train: 0.24, test: 0.24
Loaded T0-t2-rcn.npz: Remapped labels: [0 1 2 3 4 5]. Size: 50362)
T1-t0-rcn.npz train: x=(51916, 1024), y=(51916, 2)
T1-t0-rcn.npz test: x=(17305, 1024), y=(17305, 2)
T1-t0-rcn.npz: applied data scaling mode 'normalize'.
Loaded T1-t0-rcn.npz: Unique train labels: UniqueCountsResult(values=array([-1,  1,  8,  9, 11, 13, 14]), counts=array([24225,  4268,  2495,  2943,  3015,  7464,  7506]))
Noise labels ratio in T1-t0-rcn.npz train: 0.23, test: 0.23
Loaded T1-t0-rcn.npz: Remapped labels: [ 6  7  8  9 10 11 12]. Size: 51916)
T2-t2-uclresm.npz train: moved sample axis (3, 263718, 1024) -> (263718, 3, 1024)
T2-t2-uclresm.npz test: moved sample axis (3, 175763, 1024) -> (175763, 3, 1024)
T2-t2-uclresm.npz train: x=(263718, 3, 1024), y=(263718,)
T2-t2-uclresm.npz test: x=(175763, 3, 1024), y=(175763,)
T2-t2-uclresm.npz: applied data scaling mode 'normalize'.
Loaded T2-t2-uclresm.npz: Unique train labels: UniqueCountsResult(values=array([-1,  0,  1,  2,  3,  4]), counts=array([131859,  13861,  31761,  18069,  35850,  32318]))
Noise labels ratio in T2-t2-uclresm.npz train: 0.50, test: 0.50
Loaded T2-t2-uclresm.npz: Remapped labels: [13 14 15 16 17 18]. Size: 263718)
T3-t0-deeprad.npz train: x=(24480, 1024), y=(24480, 2)
T3-t0-deeprad.npz test: x=(8160, 1024), y=(8160, 2)
T3-t0-deeprad.npz: applied data scaling mode 'normalize'.
Loaded T3-t0-deeprad.npz: Unique train labels: UniqueCountsResult(values=array([-1,  0,  1,  2,  3,  4,  5]), counts=array([12240,  2029,  1983,  2043,  2154,  2015,  2016]))
Noise labels ratio in T3-t0-deeprad.npz train: 0.25, test: 0.25
Loaded T3-t0-deeprad.npz: Remapped labels: [19 20 21 22 23 24 25]. Size: 24480)
T4-t1-deeprad.npz train: x=(24480, 1024), y=(24480, 2)
T4-t1-deeprad.npz test: x=(8160, 1024), y=(8160, 2)
T4-t1-deeprad.npz: applied data scaling mode 'normalize'.
Loaded T4-t1-deeprad.npz: Unique train labels: UniqueCountsResult(values=array([-1,  0,  1,  2,  3,  4,  5]), counts=array([12240,  1988,  2029,  2054,  1988,  2053,  2128]))
Noise labels ratio in T4-t1-deeprad.npz train: 0.25, test: 0.25
Loaded T4-t1-deeprad.npz: Remapped labels: [26 27 28 29 30 31 32]. Size: 24480)
T5-t1-uclresm.npz train: moved sample axis (3, 157598, 1024) -> (157598, 3, 1024)
T5-t1-uclresm.npz test: moved sample axis (3, 87218, 1024) -> (87218, 3, 1024)
T5-t1-uclresm.npz train: x=(157598, 3, 1024), y=(157598,)
T5-t1-uclresm.npz test: x=(87218, 3, 1024), y=(87218,)
T5-t1-uclresm.npz: applied data scaling mode 'normalize'.
Loaded T5-t1-uclresm.npz: Unique train labels: UniqueCountsResult(values=array([-1,  0,  1,  2,  3,  4]), counts=array([78799,  8990, 35934, 15986,  8941,  8948]))
Noise labels ratio in T5-t1-uclresm.npz train: 0.50, test: 0.50
Loaded T5-t1-uclresm.npz: Remapped labels: [33 34 35 36 37 38]. Size: 157598)
T6-t3-deeprad.npz train: x=(17340, 1024), y=(17340, 2)
T6-t3-deeprad.npz test: x=(6800, 1024), y=(6800, 2)
T6-t3-deeprad.npz: applied data scaling mode 'normalize'.
Loaded T6-t3-deeprad.npz: Unique train labels: UniqueCountsResult(values=array([-1,  0,  1,  2,  3,  4]), counts=array([8670, 1693, 1677, 1794, 1716, 1790]))
Noise labels ratio in T6-t3-deeprad.npz train: 0.25, test: 0.25
Loaded T6-t3-deeprad.npz: Remapped labels: [39 40 41 42 43 44]. Size: 17340)
T7-t0-uclresm.npz train: moved sample axis (3, 148446, 1024) -> (148446, 3, 1024)
T7-t0-uclresm.npz test: moved sample axis (3, 80937, 1024) -> (80937, 3, 1024)
T7-t0-uclresm.npz train: x=(148446, 3, 1024), y=(148446,)
T7-t0-uclresm.npz test: x=(80937, 3, 1024), y=(80937,)
T7-t0-uclresm.npz: applied data scaling mode 'normalize'.
Loaded T7-t0-uclresm.npz: Unique train labels: UniqueCountsResult(values=array([-1,  0,  1,  2,  3,  4]), counts=array([74223, 16041,  8978, 31122,  8997,  9085]))
Noise labels ratio in T7-t0-uclresm.npz train: 0.50, test: 0.50
Loaded T7-t0-uclresm.npz: Remapped labels: [45 46 47 48 49 50]. Size: 148446)
T8-t1-rcn.npz train: x=(36658, 1024), y=(36658, 2)
T8-t1-rcn.npz test: x=(12220, 1024), y=(12220, 2)
T8-t1-rcn.npz: applied data scaling mode 'normalize'.
Loaded T8-t1-rcn.npz: Unique train labels: UniqueCountsResult(values=array([-1,  0,  2,  4,  6,  7, 16]), counts=array([20595,   824,  2087,  2606,  2396,  1716,  6434]))
Noise labels ratio in T8-t1-rcn.npz train: 0.28, test: 0.28
Loaded T8-t1-rcn.npz: Remapped labels: [51 52 53 54 55 56 57]. Size: 36658)
T9-t2-deeprad.npz train: x=(17340, 1024), y=(17340, 2)
T9-t2-deeprad.npz test: x=(6800, 1024), y=(6800, 2)
T9-t2-deeprad.npz: applied data scaling mode 'normalize'.
Loaded T9-t2-deeprad.npz: Unique train labels: UniqueCountsResult(values=array([-1,  0,  1,  2,  3,  4]), counts=array([8670, 1774, 1675, 1777, 1694, 1750]))
Noise labels ratio in T9-t2-deeprad.npz train: 0.25, test: 0.25
Loaded T9-t2-deeprad.npz: Remapped labels: [58 59 60 61 62 63]. Size: 17340)
Built classes_per_task: [6, 7, 6, 7, 7, 6, 6, 6, 7, 6]
Classes per task: [6, 7, 6, 7, 7, 6, 6, 6, 7, 6]
n_outputs: 64 	n_tasks: 10
PackNet will prune 33.3% of currently used weights after each task.
True
Model device: cuda:0
Task 0: 50362 training samples, 16787 test samples.
---- Eval at Epoch 0: cls [0.7248751796170502] | det_recall [0.8965215937707589] | det_fa [0.14194374975909516] ----
Task 0 Epoch 1/1 | Loss 0.4895 | Train Acc 0.7358 | Val Acc 0.7249 | Epoch Time 65.32s (Eval 4.63s, Train 60.68s)
Task 1: 51916 training samples, 17305 test samples.
---- Eval at Epoch 0: cls [0.48851851826499365, 0.5574193780233231] | det_recall [0.7520368230008255, 0.867563485345668] | det_fa [0.34719038549483816, 0.016029341802439857] ----
Task 1 Epoch 1/1 | Loss 0.6227 | Train Acc 0.6458 | Val Acc 0.5574 | Epoch Time 73.05s (Eval 10.14s, Train 62.90s)
Task 2: 263718 training samples, 131859 test samples.
---- Eval at Epoch 0: cls [0.4884978750922407, 0.4488881777921286, 0.17795431273290596] | det_recall [0.7492596542507364, 0.8123845370256257, 0.8866241332751372] | det_fa [0.3520029362733941, 0.008650823354464847, 0.012766105590077256] ----
Task 2 Epoch 1/1 | Loss 0.9994 | Train Acc 0.3231 | Val Acc 0.1780 | Epoch Time 366.03s (Eval 46.36s, Train 319.67s)
Task 3: 24480 training samples, 8160 test samples.
---- Eval at Epoch 0: cls [0.48824979994213147, 0.44683028683218895, 0.16957550338791155, 0.49399095117444264] | det_recall [0.7492687990446498, 0.8122344820639555, 0.9141620548449977, 0.9970662098242427] | det_fa [0.3533925601890052, 0.008572873177390625, 0.05113735385702055, 0.002679963104126035] ----
Task 3 Epoch 1/1 | Loss 0.5937 | Train Acc 0.5861 | Val Acc 0.4940 | Epoch Time 78.62s (Eval 49.41s, Train 29.21s)
Task 4: 24480 training samples, 8160 test samples.
---- Eval at Epoch 0: cls [0.48891700632838975, 0.4514984145050698, 0.1706273540199007, 0.3817296738897681, 0.3058595356685379] | det_recall [0.7492471491635417, 0.8118440232272961, 0.9138914030751029, 0.9960635433795119, 1.0] | det_fa [0.35311967608939043, 0.009586518783258419, 0.05204155948718283, 0.005668429620389591, 0.0] ----
Task 4 Epoch 1/1 | Loss 0.7201 | Train Acc 0.4041 | Val Acc 0.3059 | Epoch Time 82.24s (Eval 52.59s, Train 29.64s)
Task 5: 157598 training samples, 78799 test samples.
---- Eval at Epoch 0: cls [0.4872131963379217, 0.4465935401119895, 0.1708914450694132, 0.3820857995423816, 0.293045250319137, 0.14247445230096104] | det_recall [0.7516923048965951, 0.8106134224727528, 0.908246424209406, 0.9961716511823316, 1.0, 0.8083878966194571] | det_fa [0.34762917084355077, 0.008769247087605054, 0.05409372091924683, 0.005196750416755321, 0.0, 0.18093087133298166] ----
Task 5 Epoch 1/1 | Loss 0.8725 | Train Acc 0.3530 | Val Acc 0.1425 | Epoch Time 266.90s (Eval 73.99s, Train 192.91s)
Task 6: 17340 training samples, 6800 test samples.
---- Eval at Epoch 0: cls [0.48887656187295725, 0.4456180296142435, 0.1709960529972126, 0.3901771668684776, 0.2906686357419826, 0.1282114628398852, 0.43660278545527875] | det_recall [0.7472124954433828, 0.8112489145253264, 0.9086749943795277, 0.9964419646203821, 1.0, 0.7856943393969742, 0.9991889012520201] | det_fa [0.35370946990118296, 0.008955949759480792, 0.05425675770113672, 0.00515459512785127, 0.0, 0.14998613390322058, 0.0016221974959597803] ----
Task 6 Epoch 1/1 | Loss 0.6366 | Train Acc 0.5394 | Val Acc 0.4366 | Epoch Time 98.37s (Eval 77.04s, Train 21.33s)
Task 7: 148446 training samples, 74223 test samples.
---- Eval at Epoch 0: cls [0.4886089791317224, 0.4455305255813087, 0.1687345083121292, 0.38752829157302987, 0.2936745751641673, 0.12567469305438234, 0.3854066380134674, 0.14852580648485528] | det_recall [0.752921986295867, 0.8111386705404948, 0.9080178997199239, 0.9964190494113019, 1.0, 0.7873942251346887, 0.9991889012520201, 0.8077268776701814] | det_fa [0.3441713780570398, 0.00808714493381486, 0.049235468315069426, 0.005443639521928814, 0.0, 0.1420687969662727, 0.0016221974959597803, 0.12134889692192843] ----
Task 7 Epoch 1/1 | Loss 0.9222 | Train Acc 0.3444 | Val Acc 0.1485 | Epoch Time 277.03s (Eval 96.41s, Train 180.63s)
Task 8: 36658 training samples, 12220 test samples.
---- Eval at Epoch 0: cls [0.4876056737923042, 0.4436642279033149, 0.16799424041032324, 0.393852272974139, 0.29470070065554754, 0.12585616952453652, 0.3842152105247148, 0.1259915387615553, 0.1710950101830322] | det_recall [0.7517769576555784, 0.8112702269265759, 0.9086328763284767, 0.9966537511947221, 1.0, 0.7879688031097701, 0.9991889012520201, 0.7909773591429039, 0.6786044357380333] | det_fa [0.3501661162939431, 0.009705108338072152, 0.04868911764412383, 0.005210524442642863, 0.0, 0.14204894613068902, 0.0016221974959597803, 0.06011515011277301, 0.094037036760581] ----
Task 8 Epoch 1/1 | Loss 0.7395 | Train Acc 0.4342 | Val Acc 0.1711 | Epoch Time 145.71s (Eval 100.92s, Train 44.79s)
Task 9: 17340 training samples, 6800 test samples.
---- Eval at Epoch 0: cls [0.4866511950722528, 0.4460618081997414, 0.16811821358531617, 0.3998980353626044, 0.29381849089012463, 0.126525055550336, 0.39048894627961006, 0.1260686485547306, 0.143682560524671, 0.3690496215577415] | det_recall [0.7548524785736787, 0.8116907221447596, 0.9080665042918402, 0.9966782658470774, 1.0, 0.7888378522066115, 0.999329508676092, 0.7915820787284199, 0.6647665409392978, 1.0] | det_fa [0.3413680753040502, 0.00798361051689028, 0.04875137913846109, 0.005664678252038417, 0.0, 0.14058438048996333, 0.0013409826478157983, 0.05968657837509557, 0.04195083544031389, 0.0] ----
Task 9 Epoch 1/1 | Loss 0.6370 | Train Acc 0.4646 | Val Acc 0.3690 | Epoch Time 122.82s (Eval 101.76s, Train 21.07s)
####Final Validation Accuracy####
Final Results:- 
 Total Accuracy: 0.2932663080531883 
 Individual Accuracy: [0.488838000133462, 0.4435110351293301, 0.1690186766344045, 0.396489706683138, 0.29410819833350255, 0.12644181935192877, 0.38419700033987925, 0.12529990147038228, 0.13926850615188927, 0.3654902363039664]
Final Detection Results:- 
 Total Detection: 0.8709652911919565 
 Individual Detection: [0.7511345310535668, 0.8120742043674637, 0.9079731432391681, 0.9967915236897402, 1.0, 0.7881302907370945, 0.999329508676092, 0.7898327047864933, 0.664387005369948, 1.0]
Final Detection False Alarm:- 
 Total False Alarm: 0.06528303830538738 
 Individual False Alarm: [0.3474887685855505, 0.008591480789746423, 0.048924650954016574, 0.005193064527497219, 0.0, 0.1407829532964771, 0.0013409826478157983, 0.06106332005919478, 0.039445162193575516, 0.0]
logs//packnet/eclresm_test-2026-03-05_19-00-57-0846/0/results: {'expt_name': 'eclresm_test', 'model': 'packnet', 'arch': 'resnet1d', 'n_hiddens': 100, 'n_layers': 2, 'xav_init': False, 'debug': False, 'use_detector_arch': False, 'glances': 1, 'n_epochs': 1, 'batch_size': 128, 'replay_batch_size': 64, 'memories': 5120, 'lr': 0.03, 'optimizer': 'sgd', 'cuda': True, 'seed': 0, 'log_every': 10, 'log_dir': 'logs//packnet/eclresm_test-2026-03-05_19-00-57-0846/0', 'tf_dir': 'logs//packnet/eclresm_test-2026-03-05_19-00-57-0846/0/tfdir', 'calc_test_accuracy': False, 'state_logging': False, 'data_path': 'data/rff/radar/full', 'loader': 'task_incremental_loader', 'samples_per_task': -1, 'shuffle_tasks': False, 'classes_per_it': 6, 'iterations': 5000, 'dataset': 'iq', 'workers': 0, 'validation': 0.5, 'data_scaling': 'normalize', 'class_order': 'random', 'increment': 5, 'test_batch_size': 512, 'nc_per_task': None, 'nc_per_task_list': '', 'val_rate': 4, 'opt_lr': 0.1, 'opt_wt': 0.1, 'alpha_init': 0.001, 'learn_lr': False, 'sync_update': False, 'grad_clip_norm': 5.0, 'meta_batches': 3, 'use_old_task_memory': False, 'second_order': False, 'n_memories': 5120, 'memory_strength': 0, 'steps_per_sample': 1, 'bgd_optimizer': 'sgd', 'optimizer_params': '{}', 'train_mc_iters': 5, 'std_init': 0.05, 'mean_eta': 1, 'fisher_gamma': 0.95, 'rln': 7, 'update_steps': 10, 'meta_lr': 0.001, 'update_lr': 0.1, 'ctx_lr': 0.05, 'n_meta': 2, 'inner_steps': 1, 'temperature': 5.0, 'task_emb': 64, 'classes_per_task': [6, 7, 6, 7, 7, 6, 6, 6, 7, 6], 'get_samples_per_task': <bound method IncrementalLoader.get_samples_per_task of <dataloaders.task_incremental_loader.IncrementalLoader object at 0x7e173e9212e0>>} # val: 0.353 0.293 -0.060 0.000 # 2192.0486810207367
[2026-03-05T19:38:03+00:00] Completed: packnet (exit 0)
[2026-03-05T19:38:03+00:00] --- Running: base + rwalk ---
New Experiment Starting...
Running model:  rwalk
Set seed 0
T0-t2-rcn.npz train: x=(50362, 1024), y=(50362, 2)
T0-t2-rcn.npz test: x=(16787, 1024), y=(16787, 2)
T0-t2-rcn.npz: applied data scaling mode 'normalize'.
Loaded T0-t2-rcn.npz: Unique train labels: UniqueCountsResult(values=array([-1,  3,  5, 10, 12, 15]), counts=array([24209,  5770,  3030,  2320,  7509,  7524]))
Noise labels ratio in T0-t2-rcn.npz train: 0.24, test: 0.24
Loaded T0-t2-rcn.npz: Remapped labels: [0 1 2 3 4 5]. Size: 50362)
T1-t0-rcn.npz train: x=(51916, 1024), y=(51916, 2)
T1-t0-rcn.npz test: x=(17305, 1024), y=(17305, 2)
T1-t0-rcn.npz: applied data scaling mode 'normalize'.
Loaded T1-t0-rcn.npz: Unique train labels: UniqueCountsResult(values=array([-1,  1,  8,  9, 11, 13, 14]), counts=array([24225,  4268,  2495,  2943,  3015,  7464,  7506]))
Noise labels ratio in T1-t0-rcn.npz train: 0.23, test: 0.23
Loaded T1-t0-rcn.npz: Remapped labels: [ 6  7  8  9 10 11 12]. Size: 51916)
T2-t2-uclresm.npz train: moved sample axis (3, 263718, 1024) -> (263718, 3, 1024)
T2-t2-uclresm.npz test: moved sample axis (3, 175763, 1024) -> (175763, 3, 1024)
T2-t2-uclresm.npz train: x=(263718, 3, 1024), y=(263718,)
T2-t2-uclresm.npz test: x=(175763, 3, 1024), y=(175763,)
T2-t2-uclresm.npz: applied data scaling mode 'normalize'.
Loaded T2-t2-uclresm.npz: Unique train labels: UniqueCountsResult(values=array([-1,  0,  1,  2,  3,  4]), counts=array([131859,  13861,  31761,  18069,  35850,  32318]))
Noise labels ratio in T2-t2-uclresm.npz train: 0.50, test: 0.50
Loaded T2-t2-uclresm.npz: Remapped labels: [13 14 15 16 17 18]. Size: 263718)
T3-t0-deeprad.npz train: x=(24480, 1024), y=(24480, 2)
T3-t0-deeprad.npz test: x=(8160, 1024), y=(8160, 2)
T3-t0-deeprad.npz: applied data scaling mode 'normalize'.
Loaded T3-t0-deeprad.npz: Unique train labels: UniqueCountsResult(values=array([-1,  0,  1,  2,  3,  4,  5]), counts=array([12240,  2029,  1983,  2043,  2154,  2015,  2016]))
Noise labels ratio in T3-t0-deeprad.npz train: 0.25, test: 0.25
Loaded T3-t0-deeprad.npz: Remapped labels: [19 20 21 22 23 24 25]. Size: 24480)
T4-t1-deeprad.npz train: x=(24480, 1024), y=(24480, 2)
T4-t1-deeprad.npz test: x=(8160, 1024), y=(8160, 2)
T4-t1-deeprad.npz: applied data scaling mode 'normalize'.
Loaded T4-t1-deeprad.npz: Unique train labels: UniqueCountsResult(values=array([-1,  0,  1,  2,  3,  4,  5]), counts=array([12240,  1988,  2029,  2054,  1988,  2053,  2128]))
Noise labels ratio in T4-t1-deeprad.npz train: 0.25, test: 0.25
Loaded T4-t1-deeprad.npz: Remapped labels: [26 27 28 29 30 31 32]. Size: 24480)
T5-t1-uclresm.npz train: moved sample axis (3, 157598, 1024) -> (157598, 3, 1024)
T5-t1-uclresm.npz test: moved sample axis (3, 87218, 1024) -> (87218, 3, 1024)
T5-t1-uclresm.npz train: x=(157598, 3, 1024), y=(157598,)
T5-t1-uclresm.npz test: x=(87218, 3, 1024), y=(87218,)
T5-t1-uclresm.npz: applied data scaling mode 'normalize'.
Loaded T5-t1-uclresm.npz: Unique train labels: UniqueCountsResult(values=array([-1,  0,  1,  2,  3,  4]), counts=array([78799,  8990, 35934, 15986,  8941,  8948]))
Noise labels ratio in T5-t1-uclresm.npz train: 0.50, test: 0.50
Loaded T5-t1-uclresm.npz: Remapped labels: [33 34 35 36 37 38]. Size: 157598)
T6-t3-deeprad.npz train: x=(17340, 1024), y=(17340, 2)
T6-t3-deeprad.npz test: x=(6800, 1024), y=(6800, 2)
T6-t3-deeprad.npz: applied data scaling mode 'normalize'.
Loaded T6-t3-deeprad.npz: Unique train labels: UniqueCountsResult(values=array([-1,  0,  1,  2,  3,  4]), counts=array([8670, 1693, 1677, 1794, 1716, 1790]))
Noise labels ratio in T6-t3-deeprad.npz train: 0.25, test: 0.25
Loaded T6-t3-deeprad.npz: Remapped labels: [39 40 41 42 43 44]. Size: 17340)
T7-t0-uclresm.npz train: moved sample axis (3, 148446, 1024) -> (148446, 3, 1024)
T7-t0-uclresm.npz test: moved sample axis (3, 80937, 1024) -> (80937, 3, 1024)
T7-t0-uclresm.npz train: x=(148446, 3, 1024), y=(148446,)
T7-t0-uclresm.npz test: x=(80937, 3, 1024), y=(80937,)
T7-t0-uclresm.npz: applied data scaling mode 'normalize'.
Loaded T7-t0-uclresm.npz: Unique train labels: UniqueCountsResult(values=array([-1,  0,  1,  2,  3,  4]), counts=array([74223, 16041,  8978, 31122,  8997,  9085]))
Noise labels ratio in T7-t0-uclresm.npz train: 0.50, test: 0.50
Loaded T7-t0-uclresm.npz: Remapped labels: [45 46 47 48 49 50]. Size: 148446)
T8-t1-rcn.npz train: x=(36658, 1024), y=(36658, 2)
T8-t1-rcn.npz test: x=(12220, 1024), y=(12220, 2)
T8-t1-rcn.npz: applied data scaling mode 'normalize'.
Loaded T8-t1-rcn.npz: Unique train labels: UniqueCountsResult(values=array([-1,  0,  2,  4,  6,  7, 16]), counts=array([20595,   824,  2087,  2606,  2396,  1716,  6434]))
Noise labels ratio in T8-t1-rcn.npz train: 0.28, test: 0.28
Loaded T8-t1-rcn.npz: Remapped labels: [51 52 53 54 55 56 57]. Size: 36658)
T9-t2-deeprad.npz train: x=(17340, 1024), y=(17340, 2)
T9-t2-deeprad.npz test: x=(6800, 1024), y=(6800, 2)
T9-t2-deeprad.npz: applied data scaling mode 'normalize'.
Loaded T9-t2-deeprad.npz: Unique train labels: UniqueCountsResult(values=array([-1,  0,  1,  2,  3,  4]), counts=array([8670, 1774, 1675, 1777, 1694, 1750]))
Noise labels ratio in T9-t2-deeprad.npz train: 0.25, test: 0.25
Loaded T9-t2-deeprad.npz: Remapped labels: [58 59 60 61 62 63]. Size: 17340)
Built classes_per_task: [6, 7, 6, 7, 7, 6, 6, 6, 7, 6]
Classes per task: [6, 7, 6, 7, 7, 6, 6, 6, 7, 6]
n_outputs: 64 	n_tasks: 10
True
Model device: cuda:0
Task 0: 50362 training samples, 16787 test samples.
---- Eval at Epoch 0: cls [0.8959173949838741] | det_recall [0.5] | det_fa [1.0] ----
Task 0 Epoch 1/1 | Loss 0.4736 | Train Acc 0.7734 | Val Acc 0.8959 | Epoch Time 64.79s (Eval 4.61s, Train 60.18s)
Task 1: 51916 training samples, 17305 test samples.
---- Eval at Epoch 0: cls [0.6438953412959524, 0.850049515313128] | det_recall [0.5, 0.5] | det_fa [1.0, 1.0] ----
Task 1 Epoch 1/1 | Loss 0.4739 | Train Acc 0.7773 | Val Acc 0.8500 | Epoch Time 73.47s (Eval 9.14s, Train 64.32s)
Task 2: 263718 training samples, 131859 test samples.
---- Eval at Epoch 0: cls [0.2685726837074509, 0.33571992303538706, 0.6323256827305622] | det_recall [0.5, 0.5, 0.5] | det_fa [1.0, 1.0, 1.0] ----
Task 2 Epoch 1/1 | Loss 1.3210 | Train Acc 0.4222 | Val Acc 0.6323 | Epoch Time 377.22s (Eval 45.61s, Train 331.61s)
Task 3: 24480 training samples, 8160 test samples.
---- Eval at Epoch 0: cls [0.24747431331994188, 0.3288865349932822, 0.4835439840041801, 0.5825520092194322] | det_recall [0.5, 0.5, 0.5, 0.5] | det_fa [1.0, 1.0, 1.0, 1.0] ----
Task 3 Epoch 1/1 | Loss 1.0877 | Train Acc 0.5620 | Val Acc 0.5826 | Epoch Time 78.63s (Eval 48.13s, Train 30.50s)
Task 4: 24480 training samples, 8160 test samples.
---- Eval at Epoch 0: cls [0.2712852944816054, 0.3110232108736541, 0.4619748165610922, 0.5165319062014823, 0.4097526098122913] | det_recall [0.5, 0.5, 0.5, 0.5, 0.5] | det_fa [1.0, 1.0, 1.0, 1.0, 1.0] ----
Task 4 Epoch 1/1 | Loss 1.2920 | Train Acc 0.3674 | Val Acc 0.4098 | Epoch Time 80.30s (Eval 49.12s, Train 31.18s)
Task 5: 157598 training samples, 78799 test samples.
---- Eval at Epoch 0: cls [0.19818911644890078, 0.18384508547992318, 0.3001786800975294, 0.35525462013914316, 0.30909232828030925, 0.770583759952025] | det_recall [0.5, 0.5, 0.5, 0.5, 0.5, 0.5] | det_fa [1.0, 1.0, 1.0, 1.0, 1.0, 1.0] ----
Task 5 Epoch 1/1 | Loss 0.7177 | Train Acc 0.6981 | Val Acc 0.7706 | Epoch Time 273.16s (Eval 72.01s, Train 201.15s)
Task 6: 17340 training samples, 6800 test samples.
---- Eval at Epoch 0: cls [0.28467838421660935, 0.21810492550335253, 0.2613087115115133, 0.5057105291575882, 0.3409277617669221, 0.6451605118191452, 0.5423296997473813] | det_recall [0.5, 0.5, 0.5, 0.5, 0.5, 0.5, 0.5] | det_fa [1.0, 1.0, 1.0, 1.0, 1.0, 1.0, 1.0] ----
Task 6 Epoch 1/1 | Loss 1.1264 | Train Acc 0.5237 | Val Acc 0.5423 | Epoch Time 95.00s (Eval 72.47s, Train 22.53s)
Task 7: 148446 training samples, 74223 test samples.
---- Eval at Epoch 0: cls [0.20461898310045343, 0.17877767601602845, 0.2850578845166162, 0.41256735373633946, 0.33030312535199907, 0.6292789657616055, 0.4558969136433186, 0.7872175748700853] | det_recall [0.5, 0.5, 0.5, 0.5, 0.5, 0.5, 0.5, 0.5] | det_fa [1.0, 1.0, 1.0, 1.0, 1.0, 1.0, 1.0, 1.0] ----
Task 7 Epoch 1/1 | Loss 0.6829 | Train Acc 0.7220 | Val Acc 0.7872 | Epoch Time 279.13s (Eval 92.86s, Train 186.27s)
Task 8: 36658 training samples, 12220 test samples.
---- Eval at Epoch 0: cls [0.16483940904149272, 0.25875006309792975, 0.2533688502685717, 0.389556478319305, 0.29023702108481214, 0.3773189961061216, 0.39449664410809016, 0.4639918051472969, 0.8187907191901086] | det_recall [0.5, 0.5, 0.5, 0.5, 0.5, 0.5, 0.5, 0.5, 0.5] | det_fa [1.0, 1.0, 1.0, 1.0, 1.0, 1.0, 1.0, 1.0, 1.0] ----
Task 8 Epoch 1/1 | Loss 0.5681 | Train Acc 0.7350 | Val Acc 0.8188 | Epoch Time 139.65s (Eval 94.65s, Train 45.00s)
Task 9: 17340 training samples, 6800 test samples.
---- Eval at Epoch 0: cls [0.1785499749470824, 0.2429413919935671, 0.24012195774867956, 0.5108561470812559, 0.35261546668133376, 0.3826466081711458, 0.4726809100391173, 0.4400692239215376, 0.7266089463510778, 0.4471210314692823] | det_recall [0.5, 0.5, 0.5, 0.5, 0.5, 0.5, 0.5, 0.5, 0.5, 0.5] | det_fa [1.0, 1.0, 1.0, 1.0, 1.0, 1.0, 1.0, 1.0, 1.0, 1.0] ----
Task 9 Epoch 1/1 | Loss 1.1108 | Train Acc 0.4147 | Val Acc 0.4471 | Epoch Time 119.91s (Eval 98.28s, Train 21.63s)
####Final Validation Accuracy####
Final Results:- 
 Total Accuracy: 0.40017171500785054 
 Individual Accuracy: [0.17749282828559718, 0.24084879102953075, 0.2410820551668549, 0.5156471444884669, 0.3531858281597978, 0.3804976466540581, 0.4829114030573222, 0.43641808694680095, 0.7247157320451886, 0.4489176342448881]
Final Detection Results:- 
 Total Detection: 0.5 
 Individual Detection: [0.5, 0.5, 0.5, 0.5, 0.5, 0.5, 0.5, 0.5, 0.5, 0.5]
Final Detection False Alarm:- 
 Total False Alarm: 1.0 
 Individual False Alarm: [1.0, 1.0, 1.0, 1.0, 1.0, 1.0, 1.0, 1.0, 1.0, 1.0]
logs//rwalk/eclresm_test-2026-03-05_19-38-54-9704/0/results: {'expt_name': 'eclresm_test', 'model': 'rwalk', 'arch': 'resnet1d', 'n_hiddens': 100, 'n_layers': 2, 'xav_init': False, 'debug': False, 'use_detector_arch': False, 'glances': 1, 'n_epochs': 1, 'batch_size': 128, 'replay_batch_size': 64, 'memories': 5120, 'lr': 0.01, 'optimizer': 'sgd', 'cuda': True, 'seed': 0, 'log_every': 10, 'log_dir': 'logs//rwalk/eclresm_test-2026-03-05_19-38-54-9704/0', 'tf_dir': 'logs//rwalk/eclresm_test-2026-03-05_19-38-54-9704/0/tfdir', 'calc_test_accuracy': False, 'state_logging': False, 'data_path': 'data/rff/radar/full', 'loader': 'task_incremental_loader', 'samples_per_task': -1, 'shuffle_tasks': False, 'classes_per_it': 6, 'iterations': 5000, 'dataset': 'iq', 'workers': 0, 'validation': 0.5, 'data_scaling': 'normalize', 'class_order': 'random', 'increment': 5, 'test_batch_size': 512, 'nc_per_task': None, 'nc_per_task_list': '', 'val_rate': 4, 'opt_lr': 0.1, 'opt_wt': 0.1, 'alpha_init': 0.001, 'learn_lr': False, 'sync_update': False, 'grad_clip_norm': 5.0, 'meta_batches': 3, 'use_old_task_memory': False, 'second_order': False, 'n_memories': 5120, 'memory_strength': 0, 'steps_per_sample': 1, 'bgd_optimizer': 'sgd', 'optimizer_params': '{}', 'train_mc_iters': 5, 'std_init': 0.05, 'mean_eta': 1, 'fisher_gamma': 0.95, 'rln': 7, 'update_steps': 10, 'meta_lr': 0.001, 'update_lr': 0.1, 'ctx_lr': 0.05, 'n_meta': 2, 'inner_steps': 1, 'temperature': 5.0, 'task_emb': 64, 'classes_per_task': [6, 7, 6, 7, 7, 6, 6, 6, 7, 6], 'get_samples_per_task': <bound method IncrementalLoader.get_samples_per_task of <dataloaders.task_incremental_loader.IncrementalLoader object at 0x720213ff0050>>} # val: 0.674 0.400 -0.274 0.000 # 2172.301831960678
[2026-03-05T20:15:41+00:00] Completed: rwalk (exit 0)
[2026-03-05T20:15:41+00:00] --- Running: base + si ---
New Experiment Starting...
Running model:  si
Set seed 0
T0-t2-rcn.npz train: x=(50362, 1024), y=(50362, 2)
T0-t2-rcn.npz test: x=(16787, 1024), y=(16787, 2)
T0-t2-rcn.npz: applied data scaling mode 'normalize'.
Loaded T0-t2-rcn.npz: Unique train labels: UniqueCountsResult(values=array([-1,  3,  5, 10, 12, 15]), counts=array([24209,  5770,  3030,  2320,  7509,  7524]))
Noise labels ratio in T0-t2-rcn.npz train: 0.24, test: 0.24
Loaded T0-t2-rcn.npz: Remapped labels: [0 1 2 3 4 5]. Size: 50362)
T1-t0-rcn.npz train: x=(51916, 1024), y=(51916, 2)
T1-t0-rcn.npz test: x=(17305, 1024), y=(17305, 2)
T1-t0-rcn.npz: applied data scaling mode 'normalize'.
Loaded T1-t0-rcn.npz: Unique train labels: UniqueCountsResult(values=array([-1,  1,  8,  9, 11, 13, 14]), counts=array([24225,  4268,  2495,  2943,  3015,  7464,  7506]))
Noise labels ratio in T1-t0-rcn.npz train: 0.23, test: 0.23
Loaded T1-t0-rcn.npz: Remapped labels: [ 6  7  8  9 10 11 12]. Size: 51916)
T2-t2-uclresm.npz train: moved sample axis (3, 263718, 1024) -> (263718, 3, 1024)
T2-t2-uclresm.npz test: moved sample axis (3, 175763, 1024) -> (175763, 3, 1024)
T2-t2-uclresm.npz train: x=(263718, 3, 1024), y=(263718,)
T2-t2-uclresm.npz test: x=(175763, 3, 1024), y=(175763,)
T2-t2-uclresm.npz: applied data scaling mode 'normalize'.
Loaded T2-t2-uclresm.npz: Unique train labels: UniqueCountsResult(values=array([-1,  0,  1,  2,  3,  4]), counts=array([131859,  13861,  31761,  18069,  35850,  32318]))
Noise labels ratio in T2-t2-uclresm.npz train: 0.50, test: 0.50
Loaded T2-t2-uclresm.npz: Remapped labels: [13 14 15 16 17 18]. Size: 263718)
T3-t0-deeprad.npz train: x=(24480, 1024), y=(24480, 2)
T3-t0-deeprad.npz test: x=(8160, 1024), y=(8160, 2)
T3-t0-deeprad.npz: applied data scaling mode 'normalize'.
Loaded T3-t0-deeprad.npz: Unique train labels: UniqueCountsResult(values=array([-1,  0,  1,  2,  3,  4,  5]), counts=array([12240,  2029,  1983,  2043,  2154,  2015,  2016]))
Noise labels ratio in T3-t0-deeprad.npz train: 0.25, test: 0.25
Loaded T3-t0-deeprad.npz: Remapped labels: [19 20 21 22 23 24 25]. Size: 24480)
T4-t1-deeprad.npz train: x=(24480, 1024), y=(24480, 2)
T4-t1-deeprad.npz test: x=(8160, 1024), y=(8160, 2)
T4-t1-deeprad.npz: applied data scaling mode 'normalize'.
Loaded T4-t1-deeprad.npz: Unique train labels: UniqueCountsResult(values=array([-1,  0,  1,  2,  3,  4,  5]), counts=array([12240,  1988,  2029,  2054,  1988,  2053,  2128]))
Noise labels ratio in T4-t1-deeprad.npz train: 0.25, test: 0.25
Loaded T4-t1-deeprad.npz: Remapped labels: [26 27 28 29 30 31 32]. Size: 24480)
T5-t1-uclresm.npz train: moved sample axis (3, 157598, 1024) -> (157598, 3, 1024)
T5-t1-uclresm.npz test: moved sample axis (3, 87218, 1024) -> (87218, 3, 1024)
T5-t1-uclresm.npz train: x=(157598, 3, 1024), y=(157598,)
T5-t1-uclresm.npz test: x=(87218, 3, 1024), y=(87218,)
T5-t1-uclresm.npz: applied data scaling mode 'normalize'.
Loaded T5-t1-uclresm.npz: Unique train labels: UniqueCountsResult(values=array([-1,  0,  1,  2,  3,  4]), counts=array([78799,  8990, 35934, 15986,  8941,  8948]))
Noise labels ratio in T5-t1-uclresm.npz train: 0.50, test: 0.50
Loaded T5-t1-uclresm.npz: Remapped labels: [33 34 35 36 37 38]. Size: 157598)
T6-t3-deeprad.npz train: x=(17340, 1024), y=(17340, 2)
T6-t3-deeprad.npz test: x=(6800, 1024), y=(6800, 2)
T6-t3-deeprad.npz: applied data scaling mode 'normalize'.
Loaded T6-t3-deeprad.npz: Unique train labels: UniqueCountsResult(values=array([-1,  0,  1,  2,  3,  4]), counts=array([8670, 1693, 1677, 1794, 1716, 1790]))
Noise labels ratio in T6-t3-deeprad.npz train: 0.25, test: 0.25
Loaded T6-t3-deeprad.npz: Remapped labels: [39 40 41 42 43 44]. Size: 17340)
T7-t0-uclresm.npz train: moved sample axis (3, 148446, 1024) -> (148446, 3, 1024)
T7-t0-uclresm.npz test: moved sample axis (3, 80937, 1024) -> (80937, 3, 1024)
T7-t0-uclresm.npz train: x=(148446, 3, 1024), y=(148446,)
T7-t0-uclresm.npz test: x=(80937, 3, 1024), y=(80937,)
T7-t0-uclresm.npz: applied data scaling mode 'normalize'.
Loaded T7-t0-uclresm.npz: Unique train labels: UniqueCountsResult(values=array([-1,  0,  1,  2,  3,  4]), counts=array([74223, 16041,  8978, 31122,  8997,  9085]))
Noise labels ratio in T7-t0-uclresm.npz train: 0.50, test: 0.50
Loaded T7-t0-uclresm.npz: Remapped labels: [45 46 47 48 49 50]. Size: 148446)
T8-t1-rcn.npz train: x=(36658, 1024), y=(36658, 2)
T8-t1-rcn.npz test: x=(12220, 1024), y=(12220, 2)
T8-t1-rcn.npz: applied data scaling mode 'normalize'.
Loaded T8-t1-rcn.npz: Unique train labels: UniqueCountsResult(values=array([-1,  0,  2,  4,  6,  7, 16]), counts=array([20595,   824,  2087,  2606,  2396,  1716,  6434]))
Noise labels ratio in T8-t1-rcn.npz train: 0.28, test: 0.28
Loaded T8-t1-rcn.npz: Remapped labels: [51 52 53 54 55 56 57]. Size: 36658)
T9-t2-deeprad.npz train: x=(17340, 1024), y=(17340, 2)
T9-t2-deeprad.npz test: x=(6800, 1024), y=(6800, 2)
T9-t2-deeprad.npz: applied data scaling mode 'normalize'.
Loaded T9-t2-deeprad.npz: Unique train labels: UniqueCountsResult(values=array([-1,  0,  1,  2,  3,  4]), counts=array([8670, 1774, 1675, 1777, 1694, 1750]))
Noise labels ratio in T9-t2-deeprad.npz train: 0.25, test: 0.25
Loaded T9-t2-deeprad.npz: Remapped labels: [58 59 60 61 62 63]. Size: 17340)
Built classes_per_task: [6, 7, 6, 7, 7, 6, 6, 6, 7, 6]
Classes per task: [6, 7, 6, 7, 7, 6, 6, 6, 7, 6]
n_outputs: 64 	n_tasks: 10
True
Model device: cuda:0
Task 0: 50362 training samples, 16787 test samples.
---- Eval at Epoch 0: cls [0.8820984917478051] | det_recall [0.5] | det_fa [1.0] ----
Task 0 Epoch 1/1 | Loss 0.5711 | Train Acc 0.7154 | Val Acc 0.8821 | Epoch Time 66.25s (Eval 4.52s, Train 61.73s)
Task 1: 51916 training samples, 17305 test samples.
---- Eval at Epoch 0: cls [0.6839361487355268, 0.8432570427027457] | det_recall [0.5, 0.5] | det_fa [1.0, 1.0] ----
Task 1 Epoch 1/1 | Loss 0.5307 | Train Acc 0.7488 | Val Acc 0.8433 | Epoch Time 70.69s (Eval 9.31s, Train 61.38s)
Task 2: 263718 training samples, 131859 test samples.
---- Eval at Epoch 0: cls [0.2891321030336178, 0.31737270431144743, 0.6165994669000573] | det_recall [0.5, 0.5, 0.5] | det_fa [1.0, 1.0, 1.0] ----
Task 2 Epoch 1/1 | Loss 1.2935 | Train Acc 0.3940 | Val Acc 0.6166 | Epoch Time 364.41s (Eval 44.75s, Train 319.66s)
Task 3: 24480 training samples, 8160 test samples.
---- Eval at Epoch 0: cls [0.2099997613507742, 0.20981950556674114, 0.39142212669538945, 0.6031486726720527] | det_recall [0.5, 0.5, 0.5, 0.5] | det_fa [1.0, 1.0, 1.0, 1.0] ----
Task 3 Epoch 1/1 | Loss 1.0230 | Train Acc 0.5661 | Val Acc 0.6031 | Epoch Time 75.52s (Eval 46.63s, Train 28.89s)
Task 4: 24480 training samples, 8160 test samples.
---- Eval at Epoch 0: cls [0.1786703344058324, 0.17746661584638532, 0.3472672445900051, 0.41772511501494236, 0.3886795288241963] | det_recall [0.5, 0.5, 0.5, 0.5, 0.5] | det_fa [1.0, 1.0, 1.0, 1.0, 1.0] ----
Task 4 Epoch 1/1 | Loss 1.2345 | Train Acc 0.3741 | Val Acc 0.3887 | Epoch Time 80.13s (Eval 50.10s, Train 30.03s)
Task 5: 157598 training samples, 78799 test samples.
---- Eval at Epoch 0: cls [0.2193333034689892, 0.19499586723014128, 0.2728477317357965, 0.3545432192389958, 0.3007406928071402, 0.7554087298514955] | det_recall [0.5, 0.5, 0.5, 0.5, 0.5, 0.5] | det_fa [1.0, 1.0, 1.0, 1.0, 1.0, 1.0] ----
Task 5 Epoch 1/1 | Loss 0.7152 | Train Acc 0.6582 | Val Acc 0.7554 | Epoch Time 261.18s (Eval 71.38s, Train 189.80s)
Task 6: 17340 training samples, 6800 test samples.
---- Eval at Epoch 0: cls [0.17286440017513635, 0.16014448278249568, 0.26045942345909096, 0.3573404505011379, 0.34217509255720674, 0.6377813191694798, 0.5523189430891597] | det_recall [0.5, 0.5, 0.5, 0.5, 0.5, 0.5, 0.5] | det_fa [1.0, 1.0, 1.0, 1.0, 1.0, 1.0, 1.0] ----
Task 6 Epoch 1/1 | Loss 1.0501 | Train Acc 0.5280 | Val Acc 0.5523 | Epoch Time 94.63s (Eval 73.34s, Train 21.28s)
Task 7: 148446 training samples, 74223 test samples.
---- Eval at Epoch 0: cls [0.2004607437447836, 0.17314333017784977, 0.25453972848981216, 0.33212601398386793, 0.2769656990822653, 0.6052129491297881, 0.41578934797900063, 0.7782078645238883] | det_recall [0.5, 0.5, 0.5, 0.5, 0.5, 0.5, 0.5, 0.5] | det_fa [1.0, 1.0, 1.0, 1.0, 1.0, 1.0, 1.0, 1.0] ----
Task 7 Epoch 1/1 | Loss 0.6604 | Train Acc 0.6963 | Val Acc 0.7782 | Epoch Time 274.31s (Eval 93.64s, Train 180.67s)
Task 8: 36658 training samples, 12220 test samples.
---- Eval at Epoch 0: cls [0.15886701862229735, 0.0957831962598338, 0.23413827881632981, 0.3095519701783146, 0.299083310382633, 0.3376888536695444, 0.37914509705909755, 0.3677390186257262, 0.8051635248561514] | det_recall [0.5, 0.5, 0.5, 0.5, 0.5, 0.5, 0.5, 0.5, 0.5] | det_fa [1.0, 1.0, 1.0, 1.0, 1.0, 1.0, 1.0, 1.0, 1.0] ----
Task 8 Epoch 1/1 | Loss 0.5697 | Train Acc 0.7034 | Val Acc 0.8052 | Epoch Time 141.27s (Eval 96.26s, Train 45.01s)
Task 9: 17340 training samples, 6800 test samples.
---- Eval at Epoch 0: cls [0.2163647026518498, 0.10402280721183145, 0.23047100110181273, 0.3602080967234914, 0.30843919941631937, 0.334623570264065, 0.3371505986664062, 0.4091897703936565, 0.6844432130551633, 0.4301360630019541] | det_recall [0.5, 0.5, 0.5, 0.5, 0.5, 0.5, 0.5, 0.5, 0.5, 0.5] | det_fa [1.0, 1.0, 1.0, 1.0, 1.0, 1.0, 1.0, 1.0, 1.0, 1.0] ----
Task 9 Epoch 1/1 | Loss 1.1015 | Train Acc 0.3995 | Val Acc 0.4301 | Epoch Time 119.73s (Eval 99.06s, Train 20.67s)
####Final Validation Accuracy####
Final Results:- 
 Total Accuracy: 0.3405124854492626 
 Individual Accuracy: [0.2160796511969736, 0.09977155229268118, 0.23041297021519241, 0.3614044725834021, 0.30681405277739615, 0.3338616794381354, 0.33345237590307253, 0.4098611455864292, 0.6854485678077616, 0.42801838669158165]
Final Detection Results:- 
 Total Detection: 0.5 
 Individual Detection: [0.5, 0.5, 0.5, 0.5, 0.5, 0.5, 0.5, 0.5, 0.5, 0.5]
Final Detection False Alarm:- 
 Total False Alarm: 1.0 
 Individual False Alarm: [1.0, 1.0, 1.0, 1.0, 1.0, 1.0, 1.0, 1.0, 1.0, 1.0]
logs//si/eclresm_test-2026-03-05_20-16-32-0747/0/results: {'expt_name': 'eclresm_test', 'model': 'si', 'arch': 'resnet1d', 'n_hiddens': 100, 'n_layers': 2, 'xav_init': False, 'debug': False, 'use_detector_arch': False, 'glances': 1, 'n_epochs': 1, 'batch_size': 128, 'replay_batch_size': 64, 'memories': 5120, 'lr': 0.003, 'optimizer': 'sgd', 'cuda': True, 'seed': 0, 'log_every': 10, 'log_dir': 'logs//si/eclresm_test-2026-03-05_20-16-32-0747/0', 'tf_dir': 'logs//si/eclresm_test-2026-03-05_20-16-32-0747/0/tfdir', 'calc_test_accuracy': False, 'state_logging': False, 'data_path': 'data/rff/radar/full', 'loader': 'task_incremental_loader', 'samples_per_task': -1, 'shuffle_tasks': False, 'classes_per_it': 6, 'iterations': 5000, 'dataset': 'iq', 'workers': 0, 'validation': 0.5, 'data_scaling': 'normalize', 'class_order': 'random', 'increment': 5, 'test_batch_size': 512, 'nc_per_task': None, 'nc_per_task_list': '', 'val_rate': 4, 'opt_lr': 0.1, 'opt_wt': 0.1, 'alpha_init': 0.001, 'learn_lr': False, 'sync_update': False, 'grad_clip_norm': 5.0, 'meta_batches': 3, 'use_old_task_memory': False, 'second_order': False, 'n_memories': 5120, 'memory_strength': 0, 'steps_per_sample': 1, 'bgd_optimizer': 'sgd', 'optimizer_params': '{}', 'train_mc_iters': 5, 'std_init': 0.05, 'mean_eta': 1, 'fisher_gamma': 0.95, 'rln': 7, 'update_steps': 10, 'meta_lr': 0.001, 'update_lr': 0.1, 'ctx_lr': 0.05, 'n_meta': 2, 'inner_steps': 1, 'temperature': 5.0, 'task_emb': 64, 'classes_per_task': [6, 7, 6, 7, 7, 6, 6, 6, 7, 6], 'get_samples_per_task': <bound method IncrementalLoader.get_samples_per_task of <dataloaders.task_incremental_loader.IncrementalLoader object at 0x789472e00d10>>} # val: 0.666 0.341 -0.326 0.000 # 2136.91952753067
[2026-03-05T20:52:43+00:00] Completed: si (exit 0)
[2026-03-05T20:52:43+00:00] --- Running: base + smaml ---
New Experiment Starting...
Running model:  lamaml_cifar
Set seed 0
T0-t2-rcn.npz train: x=(50362, 1024), y=(50362, 2)
T0-t2-rcn.npz test: x=(16787, 1024), y=(16787, 2)
T0-t2-rcn.npz: applied data scaling mode 'normalize'.
Loaded T0-t2-rcn.npz: Unique train labels: UniqueCountsResult(values=array([-1,  3,  5, 10, 12, 15]), counts=array([24209,  5770,  3030,  2320,  7509,  7524]))
Noise labels ratio in T0-t2-rcn.npz train: 0.24, test: 0.24
Loaded T0-t2-rcn.npz: Remapped labels: [0 1 2 3 4 5]. Size: 50362)
T1-t0-rcn.npz train: x=(51916, 1024), y=(51916, 2)
T1-t0-rcn.npz test: x=(17305, 1024), y=(17305, 2)
T1-t0-rcn.npz: applied data scaling mode 'normalize'.
Loaded T1-t0-rcn.npz: Unique train labels: UniqueCountsResult(values=array([-1,  1,  8,  9, 11, 13, 14]), counts=array([24225,  4268,  2495,  2943,  3015,  7464,  7506]))
Noise labels ratio in T1-t0-rcn.npz train: 0.23, test: 0.23
Loaded T1-t0-rcn.npz: Remapped labels: [ 6  7  8  9 10 11 12]. Size: 51916)
T2-t2-uclresm.npz train: moved sample axis (3, 263718, 1024) -> (263718, 3, 1024)
T2-t2-uclresm.npz test: moved sample axis (3, 175763, 1024) -> (175763, 3, 1024)
T2-t2-uclresm.npz train: x=(263718, 3, 1024), y=(263718,)
T2-t2-uclresm.npz test: x=(175763, 3, 1024), y=(175763,)
T2-t2-uclresm.npz: applied data scaling mode 'normalize'.
Loaded T2-t2-uclresm.npz: Unique train labels: UniqueCountsResult(values=array([-1,  0,  1,  2,  3,  4]), counts=array([131859,  13861,  31761,  18069,  35850,  32318]))
Noise labels ratio in T2-t2-uclresm.npz train: 0.50, test: 0.50
Loaded T2-t2-uclresm.npz: Remapped labels: [13 14 15 16 17 18]. Size: 263718)
T3-t0-deeprad.npz train: x=(24480, 1024), y=(24480, 2)
T3-t0-deeprad.npz test: x=(8160, 1024), y=(8160, 2)
T3-t0-deeprad.npz: applied data scaling mode 'normalize'.
Loaded T3-t0-deeprad.npz: Unique train labels: UniqueCountsResult(values=array([-1,  0,  1,  2,  3,  4,  5]), counts=array([12240,  2029,  1983,  2043,  2154,  2015,  2016]))
Noise labels ratio in T3-t0-deeprad.npz train: 0.25, test: 0.25
Loaded T3-t0-deeprad.npz: Remapped labels: [19 20 21 22 23 24 25]. Size: 24480)
T4-t1-deeprad.npz train: x=(24480, 1024), y=(24480, 2)
T4-t1-deeprad.npz test: x=(8160, 1024), y=(8160, 2)
T4-t1-deeprad.npz: applied data scaling mode 'normalize'.
Loaded T4-t1-deeprad.npz: Unique train labels: UniqueCountsResult(values=array([-1,  0,  1,  2,  3,  4,  5]), counts=array([12240,  1988,  2029,  2054,  1988,  2053,  2128]))
Noise labels ratio in T4-t1-deeprad.npz train: 0.25, test: 0.25
Loaded T4-t1-deeprad.npz: Remapped labels: [26 27 28 29 30 31 32]. Size: 24480)
T5-t1-uclresm.npz train: moved sample axis (3, 157598, 1024) -> (157598, 3, 1024)
T5-t1-uclresm.npz test: moved sample axis (3, 87218, 1024) -> (87218, 3, 1024)
T5-t1-uclresm.npz train: x=(157598, 3, 1024), y=(157598,)
T5-t1-uclresm.npz test: x=(87218, 3, 1024), y=(87218,)
T5-t1-uclresm.npz: applied data scaling mode 'normalize'.
Loaded T5-t1-uclresm.npz: Unique train labels: UniqueCountsResult(values=array([-1,  0,  1,  2,  3,  4]), counts=array([78799,  8990, 35934, 15986,  8941,  8948]))
Noise labels ratio in T5-t1-uclresm.npz train: 0.50, test: 0.50
Loaded T5-t1-uclresm.npz: Remapped labels: [33 34 35 36 37 38]. Size: 157598)
T6-t3-deeprad.npz train: x=(17340, 1024), y=(17340, 2)
T6-t3-deeprad.npz test: x=(6800, 1024), y=(6800, 2)
T6-t3-deeprad.npz: applied data scaling mode 'normalize'.
Loaded T6-t3-deeprad.npz: Unique train labels: UniqueCountsResult(values=array([-1,  0,  1,  2,  3,  4]), counts=array([8670, 1693, 1677, 1794, 1716, 1790]))
Noise labels ratio in T6-t3-deeprad.npz train: 0.25, test: 0.25
Loaded T6-t3-deeprad.npz: Remapped labels: [39 40 41 42 43 44]. Size: 17340)
T7-t0-uclresm.npz train: moved sample axis (3, 148446, 1024) -> (148446, 3, 1024)
T7-t0-uclresm.npz test: moved sample axis (3, 80937, 1024) -> (80937, 3, 1024)
T7-t0-uclresm.npz train: x=(148446, 3, 1024), y=(148446,)
T7-t0-uclresm.npz test: x=(80937, 3, 1024), y=(80937,)
T7-t0-uclresm.npz: applied data scaling mode 'normalize'.
Loaded T7-t0-uclresm.npz: Unique train labels: UniqueCountsResult(values=array([-1,  0,  1,  2,  3,  4]), counts=array([74223, 16041,  8978, 31122,  8997,  9085]))
Noise labels ratio in T7-t0-uclresm.npz train: 0.50, test: 0.50
Loaded T7-t0-uclresm.npz: Remapped labels: [45 46 47 48 49 50]. Size: 148446)
T8-t1-rcn.npz train: x=(36658, 1024), y=(36658, 2)
T8-t1-rcn.npz test: x=(12220, 1024), y=(12220, 2)
T8-t1-rcn.npz: applied data scaling mode 'normalize'.
Loaded T8-t1-rcn.npz: Unique train labels: UniqueCountsResult(values=array([-1,  0,  2,  4,  6,  7, 16]), counts=array([20595,   824,  2087,  2606,  2396,  1716,  6434]))
Noise labels ratio in T8-t1-rcn.npz train: 0.28, test: 0.28
Loaded T8-t1-rcn.npz: Remapped labels: [51 52 53 54 55 56 57]. Size: 36658)
T9-t2-deeprad.npz train: x=(17340, 1024), y=(17340, 2)
T9-t2-deeprad.npz test: x=(6800, 1024), y=(6800, 2)
T9-t2-deeprad.npz: applied data scaling mode 'normalize'.
Loaded T9-t2-deeprad.npz: Unique train labels: UniqueCountsResult(values=array([-1,  0,  1,  2,  3,  4]), counts=array([8670, 1774, 1675, 1777, 1694, 1750]))
Noise labels ratio in T9-t2-deeprad.npz train: 0.25, test: 0.25
Loaded T9-t2-deeprad.npz: Remapped labels: [58 59 60 61 62 63]. Size: 17340)
Built classes_per_task: [6, 7, 6, 7, 7, 6, 6, 6, 7, 6]
Classes per task: [6, 7, 6, 7, 7, 6, 6, 6, 7, 6]
n_outputs: 64 	n_tasks: 10
True
Model device: cuda:0
Task 0: 50362 training samples, 16787 test samples.
---- Eval at Epoch 0: cls [0.8448871811469512] | det_recall [0.5] | det_fa [1.0] ----
Task 0 Epoch 1/1 | Loss 0.3679 | Train Acc 0.8204 | Val Acc 0.8449 | Epoch Time 351.15s (Eval 4.65s, Train 346.50s)
Task 1: 51916 training samples, 17305 test samples.
---- Eval at Epoch 0: cls [0.8623165782717768, 0.7789198114570526] | det_recall [0.5, 0.5] | det_fa [1.0, 1.0] ----
Task 1 Epoch 1/1 | Loss 0.3215 | Train Acc 0.8554 | Val Acc 0.7789 | Epoch Time 382.15s (Eval 9.15s, Train 373.00s)
Task 2: 263718 training samples, 131859 test samples.
Traceback (most recent call last):
  File "/home/lunet/wsmr11/repos/La-MAML/main.py", line 716, in <module>
    main()
  File "/home/lunet/wsmr11/repos/La-MAML/main.py", line 706, in main
    life_experience(model, loader, args)
  File "/home/lunet/wsmr11/repos/La-MAML/main.py", line 316, in life_experience
    loss, tr_acc = model.observe(Variable(v_x), v_y, task_info["task"])
                   ^^^^^^^^^^^^^^^^^^^^^^^^^^^^^^^^^^^^^^^^^^^^^^^^^^^^
  File "/home/lunet/wsmr11/repos/La-MAML/model/lamaml_cifar.py", line 175, in observe
    bx, by, bt = self.getBatch(x.cpu().numpy(), y.cpu().numpy(), t)             
                 ^^^^^^^^^^^^^^^^^^^^^^^^^^^^^^^^^^^^^^^^^^^^^^^^^^
  File "/home/lunet/wsmr11/repos/La-MAML/model/lamaml_base.py", line 162, in getBatch
    bxs = Variable(torch.from_numpy(np.array(bxs))).float() 
                                    ^^^^^^^^^^^^^
ValueError: setting an array element with a sequence. The requested array has an inhomogeneous shape after 1 dimensions. The detected shape was (118,) + inhomogeneous part.
[2026-03-05T21:06:03+00:00] ERROR: smaml failed with exit code 1
[2026-03-05T21:06:03+00:00] --- Running: base + ucl ---
New Experiment Starting...
Running model:  ucl_bresnet
Set seed 0
T0-t2-rcn.npz train: x=(50362, 1024), y=(50362, 2)
T0-t2-rcn.npz test: x=(16787, 1024), y=(16787, 2)
T0-t2-rcn.npz: applied data scaling mode 'normalize'.
Loaded T0-t2-rcn.npz: Unique train labels: UniqueCountsResult(values=array([-1,  3,  5, 10, 12, 15]), counts=array([24209,  5770,  3030,  2320,  7509,  7524]))
Noise labels ratio in T0-t2-rcn.npz train: 0.24, test: 0.24
Loaded T0-t2-rcn.npz: Remapped labels: [0 1 2 3 4 5]. Size: 50362)
T1-t0-rcn.npz train: x=(51916, 1024), y=(51916, 2)
T1-t0-rcn.npz test: x=(17305, 1024), y=(17305, 2)
T1-t0-rcn.npz: applied data scaling mode 'normalize'.
Loaded T1-t0-rcn.npz: Unique train labels: UniqueCountsResult(values=array([-1,  1,  8,  9, 11, 13, 14]), counts=array([24225,  4268,  2495,  2943,  3015,  7464,  7506]))
Noise labels ratio in T1-t0-rcn.npz train: 0.23, test: 0.23
Loaded T1-t0-rcn.npz: Remapped labels: [ 6  7  8  9 10 11 12]. Size: 51916)
T2-t2-uclresm.npz train: moved sample axis (3, 263718, 1024) -> (263718, 3, 1024)
T2-t2-uclresm.npz test: moved sample axis (3, 175763, 1024) -> (175763, 3, 1024)
T2-t2-uclresm.npz train: x=(263718, 3, 1024), y=(263718,)
T2-t2-uclresm.npz test: x=(175763, 3, 1024), y=(175763,)
T2-t2-uclresm.npz: applied data scaling mode 'normalize'.
Loaded T2-t2-uclresm.npz: Unique train labels: UniqueCountsResult(values=array([-1,  0,  1,  2,  3,  4]), counts=array([131859,  13861,  31761,  18069,  35850,  32318]))
Noise labels ratio in T2-t2-uclresm.npz train: 0.50, test: 0.50
Loaded T2-t2-uclresm.npz: Remapped labels: [13 14 15 16 17 18]. Size: 263718)
T3-t0-deeprad.npz train: x=(24480, 1024), y=(24480, 2)
T3-t0-deeprad.npz test: x=(8160, 1024), y=(8160, 2)
T3-t0-deeprad.npz: applied data scaling mode 'normalize'.
Loaded T3-t0-deeprad.npz: Unique train labels: UniqueCountsResult(values=array([-1,  0,  1,  2,  3,  4,  5]), counts=array([12240,  2029,  1983,  2043,  2154,  2015,  2016]))
Noise labels ratio in T3-t0-deeprad.npz train: 0.25, test: 0.25
Loaded T3-t0-deeprad.npz: Remapped labels: [19 20 21 22 23 24 25]. Size: 24480)
T4-t1-deeprad.npz train: x=(24480, 1024), y=(24480, 2)
T4-t1-deeprad.npz test: x=(8160, 1024), y=(8160, 2)
T4-t1-deeprad.npz: applied data scaling mode 'normalize'.
Loaded T4-t1-deeprad.npz: Unique train labels: UniqueCountsResult(values=array([-1,  0,  1,  2,  3,  4,  5]), counts=array([12240,  1988,  2029,  2054,  1988,  2053,  2128]))
Noise labels ratio in T4-t1-deeprad.npz train: 0.25, test: 0.25
Loaded T4-t1-deeprad.npz: Remapped labels: [26 27 28 29 30 31 32]. Size: 24480)
T5-t1-uclresm.npz train: moved sample axis (3, 157598, 1024) -> (157598, 3, 1024)
T5-t1-uclresm.npz test: moved sample axis (3, 87218, 1024) -> (87218, 3, 1024)
T5-t1-uclresm.npz train: x=(157598, 3, 1024), y=(157598,)
T5-t1-uclresm.npz test: x=(87218, 3, 1024), y=(87218,)
T5-t1-uclresm.npz: applied data scaling mode 'normalize'.
Loaded T5-t1-uclresm.npz: Unique train labels: UniqueCountsResult(values=array([-1,  0,  1,  2,  3,  4]), counts=array([78799,  8990, 35934, 15986,  8941,  8948]))
Noise labels ratio in T5-t1-uclresm.npz train: 0.50, test: 0.50
Loaded T5-t1-uclresm.npz: Remapped labels: [33 34 35 36 37 38]. Size: 157598)
T6-t3-deeprad.npz train: x=(17340, 1024), y=(17340, 2)
T6-t3-deeprad.npz test: x=(6800, 1024), y=(6800, 2)
T6-t3-deeprad.npz: applied data scaling mode 'normalize'.
Loaded T6-t3-deeprad.npz: Unique train labels: UniqueCountsResult(values=array([-1,  0,  1,  2,  3,  4]), counts=array([8670, 1693, 1677, 1794, 1716, 1790]))
Noise labels ratio in T6-t3-deeprad.npz train: 0.25, test: 0.25
Loaded T6-t3-deeprad.npz: Remapped labels: [39 40 41 42 43 44]. Size: 17340)
T7-t0-uclresm.npz train: moved sample axis (3, 148446, 1024) -> (148446, 3, 1024)
T7-t0-uclresm.npz test: moved sample axis (3, 80937, 1024) -> (80937, 3, 1024)
T7-t0-uclresm.npz train: x=(148446, 3, 1024), y=(148446,)
T7-t0-uclresm.npz test: x=(80937, 3, 1024), y=(80937,)
T7-t0-uclresm.npz: applied data scaling mode 'normalize'.
Loaded T7-t0-uclresm.npz: Unique train labels: UniqueCountsResult(values=array([-1,  0,  1,  2,  3,  4]), counts=array([74223, 16041,  8978, 31122,  8997,  9085]))
Noise labels ratio in T7-t0-uclresm.npz train: 0.50, test: 0.50
Loaded T7-t0-uclresm.npz: Remapped labels: [45 46 47 48 49 50]. Size: 148446)
T8-t1-rcn.npz train: x=(36658, 1024), y=(36658, 2)
T8-t1-rcn.npz test: x=(12220, 1024), y=(12220, 2)
T8-t1-rcn.npz: applied data scaling mode 'normalize'.
Loaded T8-t1-rcn.npz: Unique train labels: UniqueCountsResult(values=array([-1,  0,  2,  4,  6,  7, 16]), counts=array([20595,   824,  2087,  2606,  2396,  1716,  6434]))
Noise labels ratio in T8-t1-rcn.npz train: 0.28, test: 0.28
Loaded T8-t1-rcn.npz: Remapped labels: [51 52 53 54 55 56 57]. Size: 36658)
T9-t2-deeprad.npz train: x=(17340, 1024), y=(17340, 2)
T9-t2-deeprad.npz test: x=(6800, 1024), y=(6800, 2)
T9-t2-deeprad.npz: applied data scaling mode 'normalize'.
Loaded T9-t2-deeprad.npz: Unique train labels: UniqueCountsResult(values=array([-1,  0,  1,  2,  3,  4]), counts=array([8670, 1774, 1675, 1777, 1694, 1750]))
Noise labels ratio in T9-t2-deeprad.npz train: 0.25, test: 0.25
Loaded T9-t2-deeprad.npz: Remapped labels: [58 59 60 61 62 63]. Size: 17340)
Built classes_per_task: [6, 7, 6, 7, 7, 6, 6, 6, 7, 6]
Classes per task: [6, 7, 6, 7, 7, 6, 6, 6, 7, 6]
n_outputs: 64 	n_tasks: 10
True
Model device: cuda:0
Task 0: 50362 training samples, 16787 test samples.
---- Eval at Epoch 0: cls [0.6780040046489084] | det_recall [0.8857346302011241] | det_fa [0.1172017339224953] ----
Task 0 Epoch 1/1 | Loss 0.6782 | Train Acc 0.6257 | Val Acc 0.6780 | Epoch Time 601.24s (Eval 102.65s, Train 498.59s)
Task 1: 51916 training samples, 17305 test samples.
---- Eval at Epoch 0: cls [0.4876799834779667, 0.6139131273806493] | det_recall [0.8299775749955989, 0.8883846074468575] | det_fa [0.09273546049001986, 0.04973697943569796] ----
Task 1 Epoch 1/1 | Loss 0.7187 | Train Acc 0.6062 | Val Acc 0.6139 | Epoch Time 725.78s (Eval 207.66s, Train 518.12s)
Task 2: 263718 training samples, 131859 test samples.
Traceback (most recent call last):
  File "/home/lunet/wsmr11/repos/La-MAML/main.py", line 716, in <module>
    main()
  File "/home/lunet/wsmr11/repos/La-MAML/main.py", line 706, in main
    life_experience(model, loader, args)
  File "/home/lunet/wsmr11/repos/La-MAML/main.py", line 316, in life_experience
    loss, tr_acc = model.observe(Variable(v_x), v_y, task_info["task"])
                   ^^^^^^^^^^^^^^^^^^^^^^^^^^^^^^^^^^^^^^^^^^^^^^^^^^^^
  File "/home/lunet/wsmr11/repos/La-MAML/model/ucl_bresnet.py", line 543, in observe
    outputs = self.model(x_cls, sample=True)
              ^^^^^^^^^^^^^^^^^^^^^^^^^^^^^^
  File "/home/lunet/wsmr11/repos/La-MAML/la-maml_env/lib/python3.12/site-packages/torch/nn/modules/module.py", line 1775, in _wrapped_call_impl
    return self._call_impl(*args, **kwargs)
           ^^^^^^^^^^^^^^^^^^^^^^^^^^^^^^^^
  File "/home/lunet/wsmr11/repos/La-MAML/la-maml_env/lib/python3.12/site-packages/torch/nn/modules/module.py", line 1786, in _call_impl
    return forward_call(*args, **kwargs)
           ^^^^^^^^^^^^^^^^^^^^^^^^^^^^^
  File "/home/lunet/wsmr11/repos/La-MAML/model/ucl_bresnet.py", line 377, in forward
    feats = self.feature_net(x, sample=sample, ret_feats=True)
            ^^^^^^^^^^^^^^^^^^^^^^^^^^^^^^^^^^^^^^^^^^^^^^^^^^
  File "/home/lunet/wsmr11/repos/La-MAML/la-maml_env/lib/python3.12/site-packages/torch/nn/modules/module.py", line 1775, in _wrapped_call_impl
    return self._call_impl(*args, **kwargs)
           ^^^^^^^^^^^^^^^^^^^^^^^^^^^^^^^^
  File "/home/lunet/wsmr11/repos/La-MAML/la-maml_env/lib/python3.12/site-packages/torch/nn/modules/module.py", line 1786, in _call_impl
    return forward_call(*args, **kwargs)
           ^^^^^^^^^^^^^^^^^^^^^^^^^^^^^
  File "/home/lunet/wsmr11/repos/La-MAML/model/ucl_bresnet.py", line 311, in forward
    x = self.conv1(x, sample=sample)
        ^^^^^^^^^^^^^^^^^^^^^^^^^^^^
  File "/home/lunet/wsmr11/repos/La-MAML/la-maml_env/lib/python3.12/site-packages/torch/nn/modules/module.py", line 1775, in _wrapped_call_impl
    return self._call_impl(*args, **kwargs)
           ^^^^^^^^^^^^^^^^^^^^^^^^^^^^^^^^
  File "/home/lunet/wsmr11/repos/La-MAML/la-maml_env/lib/python3.12/site-packages/torch/nn/modules/module.py", line 1786, in _call_impl
    return forward_call(*args, **kwargs)
           ^^^^^^^^^^^^^^^^^^^^^^^^^^^^^
  File "/home/lunet/wsmr11/repos/La-MAML/model/ucl_bresnet.py", line 152, in forward
    return F.conv1d(
           ^^^^^^^^^
RuntimeError: Given groups=1, weight of size [64, 2, 7], expected input[128, 3, 1024] to have 2 channels, but got 3 channels instead
[2026-03-05T21:34:09+00:00] ERROR: ucl failed with exit code 1
[2026-03-05T21:34:09+00:00] === full_experiments.sh finished ===
