[2026-03-05T18:03:50+00:00] === full_experiments.sh started ===
[2026-03-05T18:03:50+00:00] REPO_ROOT=/home/lunet/wsmr11/repos/La-MAML
[2026-03-05T18:03:50+00:00] LOG_FILE=/home/lunet/wsmr11/repos/La-MAML/logs/full_experiments/full_experiments_20260305_180350.log
[2026-03-05T18:03:50+00:00] INCLUDED=ewc er_ring eralg4 agem gem bcl_dual cmaml ctn hat
[2026-03-05T18:03:50+00:00] Activated la-maml_env
[2026-03-05T18:03:50+00:00] --- Running: base + agem ---
New Experiment Starting...
Running model:  agem
Set seed 0
T0-t2-rcn.npz train: x=(50362, 1024), y=(50362, 2)
T0-t2-rcn.npz test: x=(16787, 1024), y=(16787, 2)
T0-t2-rcn.npz: applied data scaling mode 'normalize'.
Loaded T0-t2-rcn.npz: Unique train labels: UniqueCountsResult(values=array([-1,  3,  5, 10, 12, 15]), counts=array([24209,  5770,  3030,  2320,  7509,  7524]))
Noise labels ratio in T0-t2-rcn.npz train: 0.24, test: 0.24
Loaded T0-t2-rcn.npz: Remapped labels: [0 1 2 3 4 5]. Size: 50362)
T1-t0-rcn.npz train: x=(51916, 1024), y=(51916, 2)
T1-t0-rcn.npz test: x=(17305, 1024), y=(17305, 2)
T1-t0-rcn.npz: applied data scaling mode 'normalize'.
Loaded T1-t0-rcn.npz: Unique train labels: UniqueCountsResult(values=array([-1,  1,  8,  9, 11, 13, 14]), counts=array([24225,  4268,  2495,  2943,  3015,  7464,  7506]))
Noise labels ratio in T1-t0-rcn.npz train: 0.23, test: 0.23
Loaded T1-t0-rcn.npz: Remapped labels: [ 6  7  8  9 10 11 12]. Size: 51916)
T2-t2-uclresm-25n.npz train: moved sample axis (3, 350028, 1024) -> (350028, 3, 1024)
T2-t2-uclresm-25n.npz test: moved sample axis (3, 233351, 1024) -> (233351, 3, 1024)
T2-t2-uclresm-25n.npz train: x=(350028, 3, 1024), y=(350028,)
T2-t2-uclresm-25n.npz test: x=(233351, 3, 1024), y=(233351,)
T2-t2-uclresm-25n.npz: applied data scaling mode 'normalize'.
Loaded T2-t2-uclresm-25n.npz: Unique train labels: UniqueCountsResult(values=array([-1,  0,  1,  2,  3,  4]), counts=array([87441, 27347, 71754, 64298, 36005, 63183]))
Noise labels ratio in T2-t2-uclresm-25n.npz train: 0.25, test: 0.25
Loaded T2-t2-uclresm-25n.npz: Remapped labels: [13 14 15 16 17 18]. Size: 350028)
T3-t0-deeprad.npz train: x=(24480, 1024), y=(24480, 2)
T3-t0-deeprad.npz test: x=(8160, 1024), y=(8160, 2)
T3-t0-deeprad.npz: applied data scaling mode 'normalize'.
Loaded T3-t0-deeprad.npz: Unique train labels: UniqueCountsResult(values=array([-1,  0,  1,  2,  3,  4,  5]), counts=array([12240,  2029,  1983,  2043,  2154,  2015,  2016]))
Noise labels ratio in T3-t0-deeprad.npz train: 0.25, test: 0.25
Loaded T3-t0-deeprad.npz: Remapped labels: [19 20 21 22 23 24 25]. Size: 24480)
T4-t1-deeprad.npz train: x=(24480, 1024), y=(24480, 2)
T4-t1-deeprad.npz test: x=(8160, 1024), y=(8160, 2)
T4-t1-deeprad.npz: applied data scaling mode 'normalize'.
Loaded T4-t1-deeprad.npz: Unique train labels: UniqueCountsResult(values=array([-1,  0,  1,  2,  3,  4,  5]), counts=array([12240,  1988,  2029,  2054,  1988,  2053,  2128]))
Noise labels ratio in T4-t1-deeprad.npz train: 0.25, test: 0.25
Loaded T4-t1-deeprad.npz: Remapped labels: [26 27 28 29 30 31 32]. Size: 24480)
T5-t1-uclresm-25n.npz train: moved sample axis (3, 201410, 1024) -> (201410, 3, 1024)
T5-t1-uclresm-25n.npz test: moved sample axis (3, 116291, 1024) -> (116291, 3, 1024)
T5-t1-uclresm-25n.npz train: x=(201410, 3, 1024), y=(201410,)
T5-t1-uclresm-25n.npz test: x=(116291, 3, 1024), y=(116291,)
T5-t1-uclresm-25n.npz: applied data scaling mode 'normalize'.
Loaded T5-t1-uclresm-25n.npz: Unique train labels: UniqueCountsResult(values=array([-1,  0,  1,  2,  3,  4]), counts=array([43668, 18021, 17838, 18087, 31870, 71926]))
Noise labels ratio in T5-t1-uclresm-25n.npz train: 0.22, test: 0.25
Loaded T5-t1-uclresm-25n.npz: Remapped labels: [33 34 35 36 37 38]. Size: 201410)
T6-t3-deeprad.npz train: x=(17340, 1024), y=(17340, 2)
T6-t3-deeprad.npz test: x=(6800, 1024), y=(6800, 2)
T6-t3-deeprad.npz: applied data scaling mode 'normalize'.
Loaded T6-t3-deeprad.npz: Unique train labels: UniqueCountsResult(values=array([-1,  0,  1,  2,  3,  4]), counts=array([8670, 1693, 1677, 1794, 1716, 1790]))
Noise labels ratio in T6-t3-deeprad.npz train: 0.25, test: 0.25
Loaded T6-t3-deeprad.npz: Remapped labels: [39 40 41 42 43 44]. Size: 17340)
T7-t0-uclresm-25n.npz train: moved sample axis (3, 188050, 1024) -> (188050, 3, 1024)
T7-t0-uclresm-25n.npz test: moved sample axis (3, 107348, 1024) -> (107348, 3, 1024)
T7-t0-uclresm-25n.npz train: x=(188050, 3, 1024), y=(188050,)
T7-t0-uclresm-25n.npz test: x=(107348, 3, 1024), y=(107348,)
T7-t0-uclresm-25n.npz: applied data scaling mode 'normalize'.
Loaded T7-t0-uclresm-25n.npz: Unique train labels: UniqueCountsResult(values=array([-1,  0,  1,  2,  3,  4]), counts=array([40144, 32109, 17978, 17979, 18098, 61742]))
Noise labels ratio in T7-t0-uclresm-25n.npz train: 0.21, test: 0.25
Loaded T7-t0-uclresm-25n.npz: Remapped labels: [45 46 47 48 49 50]. Size: 188050)
T8-t1-rcn.npz train: x=(36658, 1024), y=(36658, 2)
T8-t1-rcn.npz test: x=(12220, 1024), y=(12220, 2)
T8-t1-rcn.npz: applied data scaling mode 'normalize'.
Loaded T8-t1-rcn.npz: Unique train labels: UniqueCountsResult(values=array([-1,  0,  2,  4,  6,  7, 16]), counts=array([20595,   824,  2087,  2606,  2396,  1716,  6434]))
Noise labels ratio in T8-t1-rcn.npz train: 0.28, test: 0.28
Loaded T8-t1-rcn.npz: Remapped labels: [51 52 53 54 55 56 57]. Size: 36658)
T9-t2-deeprad.npz train: x=(17340, 1024), y=(17340, 2)
T9-t2-deeprad.npz test: x=(6800, 1024), y=(6800, 2)
T9-t2-deeprad.npz: applied data scaling mode 'normalize'.
Loaded T9-t2-deeprad.npz: Unique train labels: UniqueCountsResult(values=array([-1,  0,  1,  2,  3,  4]), counts=array([8670, 1774, 1675, 1777, 1694, 1750]))
Noise labels ratio in T9-t2-deeprad.npz train: 0.25, test: 0.25
Loaded T9-t2-deeprad.npz: Remapped labels: [58 59 60 61 62 63]. Size: 17340)
Built classes_per_task: [6, 7, 6, 7, 7, 6, 6, 6, 7, 6]
Classes per task: [6, 7, 6, 7, 7, 6, 6, 6, 7, 6]
n_outputs: 64 	n_tasks: 10
True
Model device: cuda:0
Task 0: 50362 training samples, 16787 test samples.
---- Eval at Epoch 0: cls [0.8516513217521652] | det_recall [0.5] | det_fa [1.0] ----
Task 0 Epoch 1/1 | Loss 0.4680 | Train Acc 0.7715 | Val Acc 0.8517 | Epoch Time 36.72s (Eval 4.36s, Train 32.36s)
Task 1: 51916 training samples, 17305 test samples.
---- Eval at Epoch 0: cls [0.7660478849313029, 0.8115572559264711] | det_recall [0.5, 0.5] | det_fa [1.0, 1.0] ----
Task 1 Epoch 1/1 | Loss 0.4323 | Train Acc 0.7964 | Val Acc 0.8116 | Epoch Time 140.42s (Eval 8.85s, Train 131.57s)
Task 2: 350028 training samples, 175014 test samples.
---- Eval at Epoch 0: cls [0.6524549474905145, 0.650024605838046, 0.7080877989011738] | det_recall [0.5, 0.5, 0.5] | det_fa [1.0, 1.0, 1.0] ----
Task 2 Epoch 1/1 | Loss 0.9541 | Train Acc 0.5568 | Val Acc 0.7081 | Epoch Time 1788.14s (Eval 52.29s, Train 1735.85s)
Task 3: 24480 training samples, 8160 test samples.
---- Eval at Epoch 0: cls [0.5640959313553713, 0.5542558269310233, 0.3982191329236246, 0.44545731854910736] | det_recall [0.5, 0.5, 0.5, 0.5] | det_fa [1.0, 1.0, 1.0, 1.0] ----
Task 3 Epoch 1/1 | Loss 1.0129 | Train Acc 0.5769 | Val Acc 0.4455 | Epoch Time 177.41s (Eval 54.19s, Train 123.21s)
Task 4: 24480 training samples, 8160 test samples.
---- Eval at Epoch 0: cls [0.629038347128011, 0.5647237441136862, 0.4010517977553409, 0.45562229492663664, 0.38518621061377395] | det_recall [0.5, 0.5, 0.5, 0.5, 0.5] | det_fa [1.0, 1.0, 1.0, 1.0, 1.0] ----
Task 4 Epoch 1/1 | Loss 1.2802 | Train Acc 0.3857 | Val Acc 0.3852 | Epoch Time 238.75s (Eval 56.41s, Train 182.34s)
Task 5: 201410 training samples, 100705 test samples.
---- Eval at Epoch 0: cls [0.49822783227614686, 0.4777014769675747, 0.27332048460537994, 0.46499205011144934, 0.36589992745517264, 0.82385953186471] | det_recall [0.5, 0.5, 0.5, 0.5, 0.5, 0.5] | det_fa [1.0, 1.0, 1.0, 1.0, 1.0, 1.0] ----
Task 5 Epoch 1/1 | Loss 0.4668 | Train Acc 0.7593 | Val Acc 0.8239 | Epoch Time 1866.08s (Eval 81.26s, Train 1784.82s)
Task 6: 17340 training samples, 6800 test samples.
---- Eval at Epoch 0: cls [0.5238049778084231, 0.49713117266242646, 0.29116927164228656, 0.4176361940371982, 0.28427893138597604, 0.7289726534642565, 0.40546632536818067] | det_recall [0.5, 0.5, 0.5, 0.5, 0.5, 0.5, 0.5] | det_fa [1.0, 1.0, 1.0, 1.0, 1.0, 1.0, 1.0] ----
Task 6 Epoch 1/1 | Loss 1.1175 | Train Acc 0.5077 | Val Acc 0.4055 | Epoch Time 249.62s (Eval 83.08s, Train 166.55s)
Task 7: 188050 training samples, 94025 test samples.
---- Eval at Epoch 0: cls [0.5161129819991507, 0.42784001008296496, 0.2893576571618731, 0.4013253333658, 0.31621073295515034, 0.673726290566022, 0.3881879022464849, 0.8192119465867281] | det_recall [0.5, 0.5, 0.5, 0.5, 0.5, 0.5, 0.5, 0.5] | det_fa [1.0, 1.0, 1.0, 1.0, 1.0, 1.0, 1.0, 1.0] ----
Task 7 Epoch 1/1 | Loss 0.4693 | Train Acc 0.7721 | Val Acc 0.8192 | Epoch Time 2432.87s (Eval 106.53s, Train 2326.35s)
Task 8: 36658 training samples, 12220 test samples.
---- Eval at Epoch 0: cls [0.5485335279878223, 0.47981566344998716, 0.23152875359229141, 0.38708694570190416, 0.28207066571290285, 0.39927778512705536, 0.38632095349724327, 0.4599177319633826, 0.705836470855381] | det_recall [0.5, 0.5, 0.5, 0.5, 0.5, 0.5, 0.5, 0.5, 0.5] | det_fa [1.0, 1.0, 1.0, 1.0, 1.0, 1.0, 1.0, 1.0, 1.0] ----
Task 8 Epoch 1/1 | Loss 0.5106 | Train Acc 0.7219 | Val Acc 0.7058 | Epoch Time 581.16s (Eval 109.90s, Train 471.27s)
Task 9: 17340 training samples, 6800 test samples.
---- Eval at Epoch 0: cls [0.6570239407602503, 0.45203455991381813, 0.23812699671900922, 0.3992206746817373, 0.3083842294225576, 0.4203561317645904, 0.40425602698843077, 0.4677938966691048, 0.7040657897446176, 0.4087124528690341] | det_recall [0.5, 0.5, 0.5, 0.5, 0.5, 0.5, 0.5, 0.5, 0.5, 0.5] | det_fa [1.0, 1.0, 1.0, 1.0, 1.0, 1.0, 1.0, 1.0, 1.0, 1.0] ----
Task 9 Epoch 1/1 | Loss 1.0883 | Train Acc 0.4163 | Val Acc 0.4087 | Epoch Time 382.03s (Eval 111.21s, Train 270.81s)
####Final Validation Accuracy####
Final Results:- 
 Total Accuracy: 0.4443890939960813 
 Individual Accuracy: [0.6577930002200602, 0.4559939787719842, 0.23828824995586415, 0.3968273548722579, 0.2997123720343102, 0.4192181103999195, 0.4033247633210645, 0.4689622325698563, 0.6906704252807804, 0.4131004525347158]
Final Detection Results:- 
 Total Detection: 0.5 
 Individual Detection: [0.5, 0.5, 0.5, 0.5, 0.5, 0.5, 0.5, 0.5, 0.5, 0.5]
Final Detection False Alarm:- 
 Total False Alarm: 1.0 
 Individual False Alarm: [1.0, 1.0, 1.0, 1.0, 1.0, 1.0, 1.0, 1.0, 1.0, 1.0]
logs//agem/eclresm_test-2026-03-05_18-04-56-9094/0/results: {'expt_name': 'eclresm_test', 'model': 'agem', 'arch': 'resnet1d', 'n_hiddens': 100, 'n_layers': 2, 'xav_init': False, 'debug': False, 'use_detector_arch': False, 'glances': 1, 'n_epochs': 1, 'batch_size': 128, 'replay_batch_size': 64, 'memories': 5120, 'lr': 0.01, 'optimizer': 'sgd', 'cuda': True, 'seed': 0, 'log_every': 10, 'log_dir': 'logs//agem/eclresm_test-2026-03-05_18-04-56-9094/0', 'tf_dir': 'logs//agem/eclresm_test-2026-03-05_18-04-56-9094/0/tfdir', 'calc_test_accuracy': False, 'state_logging': False, 'data_path': 'data/rff/radar/full', 'loader': 'task_incremental_loader', 'samples_per_task': -1, 'shuffle_tasks': False, 'classes_per_it': 6, 'iterations': 5000, 'dataset': 'iq', 'workers': 0, 'validation': 0.5, 'data_scaling': 'normalize', 'class_order': 'random', 'increment': 5, 'test_batch_size': 512, 'nc_per_task': None, 'nc_per_task_list': '', 'val_rate': 4, 'opt_lr': 0.1, 'opt_wt': 0.1, 'alpha_init': 0.001, 'learn_lr': False, 'sync_update': False, 'grad_clip_norm': 5.0, 'meta_batches': 3, 'use_old_task_memory': False, 'second_order': False, 'n_memories': 5120, 'memory_strength': 0, 'steps_per_sample': 1, 'bgd_optimizer': 'sgd', 'optimizer_params': '{}', 'train_mc_iters': 5, 'std_init': 0.05, 'mean_eta': 1, 'fisher_gamma': 0.95, 'rln': 7, 'update_steps': 10, 'meta_lr': 0.001, 'update_lr': 0.1, 'ctx_lr': 0.05, 'n_meta': 2, 'inner_steps': 1, 'temperature': 5.0, 'task_emb': 64, 'classes_per_task': [6, 7, 6, 7, 7, 6, 6, 6, 7, 6], 'get_samples_per_task': <bound method IncrementalLoader.get_samples_per_task of <dataloaders.task_incremental_loader.IncrementalLoader object at 0x76aaa2fd69e0>>} # val: 0.636 0.444 -0.192 0.000 # 8563.360463380814
[2026-03-05T20:28:27+00:00] Completed: agem (exit 0)
[2026-03-05T20:28:27+00:00] Skipping anml (not in INCLUDED)
[2026-03-05T20:28:27+00:00] --- Running: base + bcl_dual ---
New Experiment Starting...
Running model:  bcl_dual
Set seed 0
T0-t2-rcn.npz train: x=(50362, 1024), y=(50362, 2)
T0-t2-rcn.npz test: x=(16787, 1024), y=(16787, 2)
T0-t2-rcn.npz: applied data scaling mode 'normalize'.
Loaded T0-t2-rcn.npz: Unique train labels: UniqueCountsResult(values=array([-1,  3,  5, 10, 12, 15]), counts=array([24209,  5770,  3030,  2320,  7509,  7524]))
Noise labels ratio in T0-t2-rcn.npz train: 0.24, test: 0.24
Loaded T0-t2-rcn.npz: Remapped labels: [0 1 2 3 4 5]. Size: 50362)
T1-t0-rcn.npz train: x=(51916, 1024), y=(51916, 2)
T1-t0-rcn.npz test: x=(17305, 1024), y=(17305, 2)
T1-t0-rcn.npz: applied data scaling mode 'normalize'.
Loaded T1-t0-rcn.npz: Unique train labels: UniqueCountsResult(values=array([-1,  1,  8,  9, 11, 13, 14]), counts=array([24225,  4268,  2495,  2943,  3015,  7464,  7506]))
Noise labels ratio in T1-t0-rcn.npz train: 0.23, test: 0.23
Loaded T1-t0-rcn.npz: Remapped labels: [ 6  7  8  9 10 11 12]. Size: 51916)
T2-t2-uclresm-25n.npz train: moved sample axis (3, 350028, 1024) -> (350028, 3, 1024)
T2-t2-uclresm-25n.npz test: moved sample axis (3, 233351, 1024) -> (233351, 3, 1024)
T2-t2-uclresm-25n.npz train: x=(350028, 3, 1024), y=(350028,)
T2-t2-uclresm-25n.npz test: x=(233351, 3, 1024), y=(233351,)
T2-t2-uclresm-25n.npz: applied data scaling mode 'normalize'.
Loaded T2-t2-uclresm-25n.npz: Unique train labels: UniqueCountsResult(values=array([-1,  0,  1,  2,  3,  4]), counts=array([87441, 27347, 71754, 64298, 36005, 63183]))
Noise labels ratio in T2-t2-uclresm-25n.npz train: 0.25, test: 0.25
Loaded T2-t2-uclresm-25n.npz: Remapped labels: [13 14 15 16 17 18]. Size: 350028)
T3-t0-deeprad.npz train: x=(24480, 1024), y=(24480, 2)
T3-t0-deeprad.npz test: x=(8160, 1024), y=(8160, 2)
T3-t0-deeprad.npz: applied data scaling mode 'normalize'.
Loaded T3-t0-deeprad.npz: Unique train labels: UniqueCountsResult(values=array([-1,  0,  1,  2,  3,  4,  5]), counts=array([12240,  2029,  1983,  2043,  2154,  2015,  2016]))
Noise labels ratio in T3-t0-deeprad.npz train: 0.25, test: 0.25
Loaded T3-t0-deeprad.npz: Remapped labels: [19 20 21 22 23 24 25]. Size: 24480)
T4-t1-deeprad.npz train: x=(24480, 1024), y=(24480, 2)
T4-t1-deeprad.npz test: x=(8160, 1024), y=(8160, 2)
T4-t1-deeprad.npz: applied data scaling mode 'normalize'.
Loaded T4-t1-deeprad.npz: Unique train labels: UniqueCountsResult(values=array([-1,  0,  1,  2,  3,  4,  5]), counts=array([12240,  1988,  2029,  2054,  1988,  2053,  2128]))
Noise labels ratio in T4-t1-deeprad.npz train: 0.25, test: 0.25
Loaded T4-t1-deeprad.npz: Remapped labels: [26 27 28 29 30 31 32]. Size: 24480)
T5-t1-uclresm-25n.npz train: moved sample axis (3, 201410, 1024) -> (201410, 3, 1024)
T5-t1-uclresm-25n.npz test: moved sample axis (3, 116291, 1024) -> (116291, 3, 1024)
T5-t1-uclresm-25n.npz train: x=(201410, 3, 1024), y=(201410,)
T5-t1-uclresm-25n.npz test: x=(116291, 3, 1024), y=(116291,)
T5-t1-uclresm-25n.npz: applied data scaling mode 'normalize'.
Loaded T5-t1-uclresm-25n.npz: Unique train labels: UniqueCountsResult(values=array([-1,  0,  1,  2,  3,  4]), counts=array([43668, 18021, 17838, 18087, 31870, 71926]))
Noise labels ratio in T5-t1-uclresm-25n.npz train: 0.22, test: 0.25
Loaded T5-t1-uclresm-25n.npz: Remapped labels: [33 34 35 36 37 38]. Size: 201410)
T6-t3-deeprad.npz train: x=(17340, 1024), y=(17340, 2)
T6-t3-deeprad.npz test: x=(6800, 1024), y=(6800, 2)
T6-t3-deeprad.npz: applied data scaling mode 'normalize'.
Loaded T6-t3-deeprad.npz: Unique train labels: UniqueCountsResult(values=array([-1,  0,  1,  2,  3,  4]), counts=array([8670, 1693, 1677, 1794, 1716, 1790]))
Noise labels ratio in T6-t3-deeprad.npz train: 0.25, test: 0.25
Loaded T6-t3-deeprad.npz: Remapped labels: [39 40 41 42 43 44]. Size: 17340)
T7-t0-uclresm-25n.npz train: moved sample axis (3, 188050, 1024) -> (188050, 3, 1024)
T7-t0-uclresm-25n.npz test: moved sample axis (3, 107348, 1024) -> (107348, 3, 1024)
T7-t0-uclresm-25n.npz train: x=(188050, 3, 1024), y=(188050,)
T7-t0-uclresm-25n.npz test: x=(107348, 3, 1024), y=(107348,)
T7-t0-uclresm-25n.npz: applied data scaling mode 'normalize'.
Loaded T7-t0-uclresm-25n.npz: Unique train labels: UniqueCountsResult(values=array([-1,  0,  1,  2,  3,  4]), counts=array([40144, 32109, 17978, 17979, 18098, 61742]))
Noise labels ratio in T7-t0-uclresm-25n.npz train: 0.21, test: 0.25
Loaded T7-t0-uclresm-25n.npz: Remapped labels: [45 46 47 48 49 50]. Size: 188050)
T8-t1-rcn.npz train: x=(36658, 1024), y=(36658, 2)
T8-t1-rcn.npz test: x=(12220, 1024), y=(12220, 2)
T8-t1-rcn.npz: applied data scaling mode 'normalize'.
Loaded T8-t1-rcn.npz: Unique train labels: UniqueCountsResult(values=array([-1,  0,  2,  4,  6,  7, 16]), counts=array([20595,   824,  2087,  2606,  2396,  1716,  6434]))
Noise labels ratio in T8-t1-rcn.npz train: 0.28, test: 0.28
Loaded T8-t1-rcn.npz: Remapped labels: [51 52 53 54 55 56 57]. Size: 36658)
T9-t2-deeprad.npz train: x=(17340, 1024), y=(17340, 2)
T9-t2-deeprad.npz test: x=(6800, 1024), y=(6800, 2)
T9-t2-deeprad.npz: applied data scaling mode 'normalize'.
Loaded T9-t2-deeprad.npz: Unique train labels: UniqueCountsResult(values=array([-1,  0,  1,  2,  3,  4]), counts=array([8670, 1774, 1675, 1777, 1694, 1750]))
Noise labels ratio in T9-t2-deeprad.npz train: 0.25, test: 0.25
Loaded T9-t2-deeprad.npz: Remapped labels: [58 59 60 61 62 63]. Size: 17340)
Built classes_per_task: [6, 7, 6, 7, 7, 6, 6, 6, 7, 6]
Classes per task: [6, 7, 6, 7, 7, 6, 6, 6, 7, 6]
n_outputs: 64 	n_tasks: 10
True
Model device: cuda:0
Task 0: 50362 training samples, 16787 test samples.
---- Eval at Epoch 0: cls [0.8242831312753472] | det_recall [0.5] | det_fa [1.0] ----
Task 0 Epoch 1/1 | Loss 0.2155 | Train Acc 0.7982 | Val Acc 0.8243 | Epoch Time 124.79s (Eval 4.36s, Train 120.43s)
Task 1: 51916 training samples, 17305 test samples.
---- Eval at Epoch 0: cls [0.8317868767567682, 0.7541560609652029] | det_recall [0.5, 0.5] | det_fa [1.0, 1.0] ----
Task 1 Epoch 1/1 | Loss 0.1189 | Train Acc 0.7957 | Val Acc 0.7542 | Epoch Time 176.51s (Eval 8.83s, Train 167.68s)
Task 2: 350028 training samples, 175014 test samples.
---- Eval at Epoch 0: cls [0.8258249871023984, 0.6932221642749793, 0.5339733177445705] | det_recall [0.5, 0.5, 0.5] | det_fa [1.0, 1.0, 1.0] ----
Task 2 Epoch 1/1 | Loss 0.4537 | Train Acc 0.4057 | Val Acc 0.5340 | Epoch Time 1282.17s (Eval 52.12s, Train 1230.06s)
Task 3: 24480 training samples, 8160 test samples.
---- Eval at Epoch 0: cls [0.6796123033937012, 0.4858447367534999, 0.36041949496577597, 0.46309215686525784] | det_recall [0.5, 0.5, 0.5, 0.5] | det_fa [1.0, 1.0, 1.0, 1.0] ----
Task 3 Epoch 1/1 | Loss 0.6633 | Train Acc 0.5752 | Val Acc 0.4631 | Epoch Time 132.18s (Eval 54.24s, Train 77.95s)
Task 4: 24480 training samples, 8160 test samples.
---- Eval at Epoch 0: cls [0.6206278898464513, 0.46259199777753635, 0.3336912562239331, 0.48800299910344125, 0.3980149920355788] | det_recall [0.5, 0.5, 0.5, 0.5, 0.5] | det_fa [1.0, 1.0, 1.0, 1.0, 1.0] ----
Task 4 Epoch 1/1 | Loss 0.6683 | Train Acc 0.3971 | Val Acc 0.3980 | Epoch Time 134.62s (Eval 56.34s, Train 78.28s)
Task 5: 201410 training samples, 100705 test samples.
---- Eval at Epoch 0: cls [0.3672281890733319, 0.3025592624916381, 0.23716726311491768, 0.38310378461571354, 0.36142739257792766, 0.6665571801187719] | det_recall [0.5, 0.5, 0.5, 0.5, 0.5, 0.5] | det_fa [1.0, 1.0, 1.0, 1.0, 1.0, 1.0] ----
Task 5 Epoch 1/1 | Loss 0.3519 | Train Acc 0.5723 | Val Acc 0.6666 | Epoch Time 795.52s (Eval 81.19s, Train 714.33s)
Task 6: 17340 training samples, 6800 test samples.
---- Eval at Epoch 0: cls [0.3177576051475774, 0.26577927263834544, 0.2303705009017791, 0.3837138780910768, 0.36390839342584014, 0.623392357319712, 0.4236524527173765] | det_recall [0.5, 0.5, 0.5, 0.5, 0.5, 0.5, 0.5] | det_fa [1.0, 1.0, 1.0, 1.0, 1.0, 1.0, 1.0] ----
Task 6 Epoch 1/1 | Loss 0.2705 | Train Acc 0.5332 | Val Acc 0.4237 | Epoch Time 138.48s (Eval 82.99s, Train 55.50s)
Task 7: 188050 training samples, 94025 test samples.
---- Eval at Epoch 0: cls [0.2597831790812596, 0.2608052634756826, 0.24436897437283167, 0.37079038027955, 0.3638131440991071, 0.46277942674031863, 0.4403515313824061, 0.6781214171990906] | det_recall [0.5, 0.5, 0.5, 0.5, 0.5, 0.5, 0.5, 0.5] | det_fa [1.0, 1.0, 1.0, 1.0, 1.0, 1.0, 1.0, 1.0] ----
Task 7 Epoch 1/1 | Loss 0.1989 | Train Acc 0.6143 | Val Acc 0.6781 | Epoch Time 777.04s (Eval 106.22s, Train 670.82s)
Task 8: 36658 training samples, 12220 test samples.
---- Eval at Epoch 0: cls [0.7333233730338216, 0.5343545616955353, 0.22843676714192604, 0.41104449491594885, 0.365723426473804, 0.3698898349073367, 0.44305889138445753, 0.4190400375657421, 0.7118677904451959] | det_recall [0.5, 0.5, 0.5, 0.5, 0.5, 0.5, 0.5, 0.5, 0.5] | det_fa [1.0, 1.0, 1.0, 1.0, 1.0, 1.0, 1.0, 1.0, 1.0] ----
Task 8 Epoch 1/1 | Loss 0.1570 | Train Acc 0.7053 | Val Acc 0.7119 | Epoch Time 224.20s (Eval 109.45s, Train 114.75s)
Task 9: 17340 training samples, 6800 test samples.
---- Eval at Epoch 0: cls [0.6711579067195742, 0.4743317023527062, 0.2301159184225019, 0.4147587660034038, 0.40667033152173165, 0.393511419876588, 0.44184059224144534, 0.4492609901387708, 0.6095358787652825, 0.4115361034548771] | det_recall [0.5, 0.5, 0.5, 0.5, 0.5, 0.5, 0.5, 0.5, 0.5, 0.5] | det_fa [1.0, 1.0, 1.0, 1.0, 1.0, 1.0, 1.0, 1.0, 1.0, 1.0] ----
Task 9 Epoch 1/1 | Loss 0.1574 | Train Acc 0.4656 | Val Acc 0.4115 | Epoch Time 166.36s (Eval 111.21s, Train 55.15s)
####Final Validation Accuracy####
Final Results:- 
 Total Accuracy: 0.4519866265002538 
 Individual Accuracy: [0.6776359379528725, 0.47943823305902505, 0.22917047792131123, 0.41539889793470297, 0.40505810927319824, 0.3879416488532268, 0.44242208563342056, 0.4479384296143025, 0.6202667339054432, 0.41459571085503455]
Final Detection Results:- 
 Total Detection: 0.5 
 Individual Detection: [0.5, 0.5, 0.5, 0.5, 0.5, 0.5, 0.5, 0.5, 0.5, 0.5]
Final Detection False Alarm:- 
 Total False Alarm: 1.0 
 Individual False Alarm: [1.0, 1.0, 1.0, 1.0, 1.0, 1.0, 1.0, 1.0, 1.0, 1.0]
logs//bcl_dual/eclresm_test-2026-03-05_20-29-35-4987/0/results: {'expt_name': 'eclresm_test', 'model': 'bcl_dual', 'arch': 'resnet1d', 'n_hiddens': 100, 'n_layers': 2, 'xav_init': False, 'debug': False, 'use_detector_arch': False, 'glances': 1, 'n_epochs': 1, 'batch_size': 128, 'replay_batch_size': 64, 'memories': 5120, 'lr': 0.001, 'optimizer': 'sgd', 'cuda': True, 'seed': 0, 'log_every': 10, 'log_dir': 'logs//bcl_dual/eclresm_test-2026-03-05_20-29-35-4987/0', 'tf_dir': 'logs//bcl_dual/eclresm_test-2026-03-05_20-29-35-4987/0/tfdir', 'calc_test_accuracy': False, 'state_logging': False, 'data_path': 'data/rff/radar/full', 'loader': 'task_incremental_loader', 'samples_per_task': -1, 'shuffle_tasks': False, 'classes_per_it': 6, 'iterations': 5000, 'dataset': 'iq', 'workers': 0, 'validation': 0.5, 'data_scaling': 'normalize', 'class_order': 'random', 'increment': 5, 'test_batch_size': 512, 'nc_per_task': None, 'nc_per_task_list': '', 'val_rate': 4, 'opt_lr': 0.1, 'opt_wt': 0.1, 'alpha_init': 0.001, 'learn_lr': False, 'sync_update': False, 'grad_clip_norm': 5.0, 'meta_batches': 3, 'use_old_task_memory': False, 'second_order': False, 'n_memories': 5120, 'memory_strength': 1, 'steps_per_sample': 1, 'bgd_optimizer': 'sgd', 'optimizer_params': '{}', 'train_mc_iters': 5, 'std_init': 0.05, 'mean_eta': 1, 'fisher_gamma': 0.95, 'rln': 7, 'update_steps': 10, 'meta_lr': 0.001, 'update_lr': 0.1, 'ctx_lr': 0.05, 'n_meta': 2, 'inner_steps': 1, 'temperature': 5.0, 'task_emb': 64, 'classes_per_task': [6, 7, 6, 7, 7, 6, 6, 6, 7, 6], 'get_samples_per_task': <bound method IncrementalLoader.get_samples_per_task of <dataloaders.task_incremental_loader.IncrementalLoader object at 0x71514bab29e0>>} # val: 0.584 0.452 -0.132 0.000 # 4620.764026880264
[2026-03-05T21:47:19+00:00] Completed: bcl_dual (exit 0)
[2026-03-05T21:47:19+00:00] --- Running: base + cmaml ---
New Experiment Starting...
Running model:  lamaml_cifar
Set seed 0
T0-t2-rcn.npz train: x=(50362, 1024), y=(50362, 2)
T0-t2-rcn.npz test: x=(16787, 1024), y=(16787, 2)
T0-t2-rcn.npz: applied data scaling mode 'normalize'.
Loaded T0-t2-rcn.npz: Unique train labels: UniqueCountsResult(values=array([-1,  3,  5, 10, 12, 15]), counts=array([24209,  5770,  3030,  2320,  7509,  7524]))
Noise labels ratio in T0-t2-rcn.npz train: 0.24, test: 0.24
Loaded T0-t2-rcn.npz: Remapped labels: [0 1 2 3 4 5]. Size: 50362)
T1-t0-rcn.npz train: x=(51916, 1024), y=(51916, 2)
T1-t0-rcn.npz test: x=(17305, 1024), y=(17305, 2)
T1-t0-rcn.npz: applied data scaling mode 'normalize'.
Loaded T1-t0-rcn.npz: Unique train labels: UniqueCountsResult(values=array([-1,  1,  8,  9, 11, 13, 14]), counts=array([24225,  4268,  2495,  2943,  3015,  7464,  7506]))
Noise labels ratio in T1-t0-rcn.npz train: 0.23, test: 0.23
Loaded T1-t0-rcn.npz: Remapped labels: [ 6  7  8  9 10 11 12]. Size: 51916)
T2-t2-uclresm-25n.npz train: moved sample axis (3, 350028, 1024) -> (350028, 3, 1024)
T2-t2-uclresm-25n.npz test: moved sample axis (3, 233351, 1024) -> (233351, 3, 1024)
T2-t2-uclresm-25n.npz train: x=(350028, 3, 1024), y=(350028,)
T2-t2-uclresm-25n.npz test: x=(233351, 3, 1024), y=(233351,)
T2-t2-uclresm-25n.npz: applied data scaling mode 'normalize'.
Loaded T2-t2-uclresm-25n.npz: Unique train labels: UniqueCountsResult(values=array([-1,  0,  1,  2,  3,  4]), counts=array([87441, 27347, 71754, 64298, 36005, 63183]))
Noise labels ratio in T2-t2-uclresm-25n.npz train: 0.25, test: 0.25
Loaded T2-t2-uclresm-25n.npz: Remapped labels: [13 14 15 16 17 18]. Size: 350028)
T3-t0-deeprad.npz train: x=(24480, 1024), y=(24480, 2)
T3-t0-deeprad.npz test: x=(8160, 1024), y=(8160, 2)
T3-t0-deeprad.npz: applied data scaling mode 'normalize'.
Loaded T3-t0-deeprad.npz: Unique train labels: UniqueCountsResult(values=array([-1,  0,  1,  2,  3,  4,  5]), counts=array([12240,  2029,  1983,  2043,  2154,  2015,  2016]))
Noise labels ratio in T3-t0-deeprad.npz train: 0.25, test: 0.25
Loaded T3-t0-deeprad.npz: Remapped labels: [19 20 21 22 23 24 25]. Size: 24480)
T4-t1-deeprad.npz train: x=(24480, 1024), y=(24480, 2)
T4-t1-deeprad.npz test: x=(8160, 1024), y=(8160, 2)
T4-t1-deeprad.npz: applied data scaling mode 'normalize'.
Loaded T4-t1-deeprad.npz: Unique train labels: UniqueCountsResult(values=array([-1,  0,  1,  2,  3,  4,  5]), counts=array([12240,  1988,  2029,  2054,  1988,  2053,  2128]))
Noise labels ratio in T4-t1-deeprad.npz train: 0.25, test: 0.25
Loaded T4-t1-deeprad.npz: Remapped labels: [26 27 28 29 30 31 32]. Size: 24480)
T5-t1-uclresm-25n.npz train: moved sample axis (3, 201410, 1024) -> (201410, 3, 1024)
T5-t1-uclresm-25n.npz test: moved sample axis (3, 116291, 1024) -> (116291, 3, 1024)
T5-t1-uclresm-25n.npz train: x=(201410, 3, 1024), y=(201410,)
T5-t1-uclresm-25n.npz test: x=(116291, 3, 1024), y=(116291,)
T5-t1-uclresm-25n.npz: applied data scaling mode 'normalize'.
Loaded T5-t1-uclresm-25n.npz: Unique train labels: UniqueCountsResult(values=array([-1,  0,  1,  2,  3,  4]), counts=array([43668, 18021, 17838, 18087, 31870, 71926]))
Noise labels ratio in T5-t1-uclresm-25n.npz train: 0.22, test: 0.25
Loaded T5-t1-uclresm-25n.npz: Remapped labels: [33 34 35 36 37 38]. Size: 201410)
T6-t3-deeprad.npz train: x=(17340, 1024), y=(17340, 2)
T6-t3-deeprad.npz test: x=(6800, 1024), y=(6800, 2)
T6-t3-deeprad.npz: applied data scaling mode 'normalize'.
Loaded T6-t3-deeprad.npz: Unique train labels: UniqueCountsResult(values=array([-1,  0,  1,  2,  3,  4]), counts=array([8670, 1693, 1677, 1794, 1716, 1790]))
Noise labels ratio in T6-t3-deeprad.npz train: 0.25, test: 0.25
Loaded T6-t3-deeprad.npz: Remapped labels: [39 40 41 42 43 44]. Size: 17340)
T7-t0-uclresm-25n.npz train: moved sample axis (3, 188050, 1024) -> (188050, 3, 1024)
T7-t0-uclresm-25n.npz test: moved sample axis (3, 107348, 1024) -> (107348, 3, 1024)
T7-t0-uclresm-25n.npz train: x=(188050, 3, 1024), y=(188050,)
T7-t0-uclresm-25n.npz test: x=(107348, 3, 1024), y=(107348,)
T7-t0-uclresm-25n.npz: applied data scaling mode 'normalize'.
Loaded T7-t0-uclresm-25n.npz: Unique train labels: UniqueCountsResult(values=array([-1,  0,  1,  2,  3,  4]), counts=array([40144, 32109, 17978, 17979, 18098, 61742]))
Noise labels ratio in T7-t0-uclresm-25n.npz train: 0.21, test: 0.25
Loaded T7-t0-uclresm-25n.npz: Remapped labels: [45 46 47 48 49 50]. Size: 188050)
T8-t1-rcn.npz train: x=(36658, 1024), y=(36658, 2)
T8-t1-rcn.npz test: x=(12220, 1024), y=(12220, 2)
T8-t1-rcn.npz: applied data scaling mode 'normalize'.
Loaded T8-t1-rcn.npz: Unique train labels: UniqueCountsResult(values=array([-1,  0,  2,  4,  6,  7, 16]), counts=array([20595,   824,  2087,  2606,  2396,  1716,  6434]))
Noise labels ratio in T8-t1-rcn.npz train: 0.28, test: 0.28
Loaded T8-t1-rcn.npz: Remapped labels: [51 52 53 54 55 56 57]. Size: 36658)
T9-t2-deeprad.npz train: x=(17340, 1024), y=(17340, 2)
T9-t2-deeprad.npz test: x=(6800, 1024), y=(6800, 2)
T9-t2-deeprad.npz: applied data scaling mode 'normalize'.
Loaded T9-t2-deeprad.npz: Unique train labels: UniqueCountsResult(values=array([-1,  0,  1,  2,  3,  4]), counts=array([8670, 1774, 1675, 1777, 1694, 1750]))
Noise labels ratio in T9-t2-deeprad.npz train: 0.25, test: 0.25
Loaded T9-t2-deeprad.npz: Remapped labels: [58 59 60 61 62 63]. Size: 17340)
Built classes_per_task: [6, 7, 6, 7, 7, 6, 6, 6, 7, 6]
Classes per task: [6, 7, 6, 7, 7, 6, 6, 6, 7, 6]
n_outputs: 64 	n_tasks: 10
True
Model device: cuda:0
Task 0: 50362 training samples, 16787 test samples.
---- Eval at Epoch 0: cls [0.8552986839633299] | det_recall [0.5] | det_fa [1.0] ----
Task 0 Epoch 1/1 | Loss 0.3787 | Train Acc 0.8146 | Val Acc 0.8553 | Epoch Time 327.98s (Eval 4.34s, Train 323.64s)
Task 1: 51916 training samples, 17305 test samples.
---- Eval at Epoch 0: cls [0.8516788931079965, 0.7970178014412062] | det_recall [0.5, 0.5] | det_fa [1.0, 1.0] ----
Task 1 Epoch 1/1 | Loss 0.3225 | Train Acc 0.8540 | Val Acc 0.7970 | Epoch Time 357.08s (Eval 8.86s, Train 348.22s)
Task 2: 350028 training samples, 175014 test samples.
Traceback (most recent call last):
  File "/home/lunet/wsmr11/repos/La-MAML/main.py", line 833, in <module>
    main()
  File "/home/lunet/wsmr11/repos/La-MAML/main.py", line 823, in main
    life_experience(model, loader, args)
  File "/home/lunet/wsmr11/repos/La-MAML/main.py", line 433, in life_experience
    loss, tr_acc = model.observe(Variable(v_x), v_y, task_info["task"])
  File "/home/lunet/wsmr11/repos/La-MAML/model/lamaml_cifar.py", line 175, in observe
    bx, by, bt = self.getBatch(x.cpu().numpy(), y.cpu().numpy(), t)             
  File "/home/lunet/wsmr11/repos/La-MAML/model/lamaml_base.py", line 162, in getBatch
    bxs = Variable(torch.from_numpy(np.array(bxs))).float() 
ValueError: setting an array element with a sequence. The requested array has an inhomogeneous shape after 1 dimensions. The detected shape was (166,) + inhomogeneous part.
[2026-03-05T22:00:06+00:00] ERROR: cmaml failed with exit code 1
[2026-03-05T22:00:06+00:00] --- Running: base + ctn ---
New Experiment Starting...
Running model:  ctn
Set seed 0
T0-t2-rcn.npz train: x=(50362, 1024), y=(50362, 2)
T0-t2-rcn.npz test: x=(16787, 1024), y=(16787, 2)
T0-t2-rcn.npz: applied data scaling mode 'normalize'.
Loaded T0-t2-rcn.npz: Unique train labels: UniqueCountsResult(values=array([-1,  3,  5, 10, 12, 15]), counts=array([24209,  5770,  3030,  2320,  7509,  7524]))
Noise labels ratio in T0-t2-rcn.npz train: 0.24, test: 0.24
Loaded T0-t2-rcn.npz: Remapped labels: [0 1 2 3 4 5]. Size: 50362)
T1-t0-rcn.npz train: x=(51916, 1024), y=(51916, 2)
T1-t0-rcn.npz test: x=(17305, 1024), y=(17305, 2)
T1-t0-rcn.npz: applied data scaling mode 'normalize'.
Loaded T1-t0-rcn.npz: Unique train labels: UniqueCountsResult(values=array([-1,  1,  8,  9, 11, 13, 14]), counts=array([24225,  4268,  2495,  2943,  3015,  7464,  7506]))
Noise labels ratio in T1-t0-rcn.npz train: 0.23, test: 0.23
Loaded T1-t0-rcn.npz: Remapped labels: [ 6  7  8  9 10 11 12]. Size: 51916)
T2-t2-uclresm-25n.npz train: moved sample axis (3, 350028, 1024) -> (350028, 3, 1024)
T2-t2-uclresm-25n.npz test: moved sample axis (3, 233351, 1024) -> (233351, 3, 1024)
T2-t2-uclresm-25n.npz train: x=(350028, 3, 1024), y=(350028,)
T2-t2-uclresm-25n.npz test: x=(233351, 3, 1024), y=(233351,)
T2-t2-uclresm-25n.npz: applied data scaling mode 'normalize'.
Loaded T2-t2-uclresm-25n.npz: Unique train labels: UniqueCountsResult(values=array([-1,  0,  1,  2,  3,  4]), counts=array([87441, 27347, 71754, 64298, 36005, 63183]))
Noise labels ratio in T2-t2-uclresm-25n.npz train: 0.25, test: 0.25
Loaded T2-t2-uclresm-25n.npz: Remapped labels: [13 14 15 16 17 18]. Size: 350028)
T3-t0-deeprad.npz train: x=(24480, 1024), y=(24480, 2)
T3-t0-deeprad.npz test: x=(8160, 1024), y=(8160, 2)
T3-t0-deeprad.npz: applied data scaling mode 'normalize'.
Loaded T3-t0-deeprad.npz: Unique train labels: UniqueCountsResult(values=array([-1,  0,  1,  2,  3,  4,  5]), counts=array([12240,  2029,  1983,  2043,  2154,  2015,  2016]))
Noise labels ratio in T3-t0-deeprad.npz train: 0.25, test: 0.22
Loaded T3-t0-deeprad.npz: Remapped labels: [19 20 21 22 23 24 25]. Size: 24480)
T4-t1-deeprad.npz train: x=(24480, 1024), y=(24480, 2)
T4-t1-deeprad.npz test: x=(8160, 1024), y=(8160, 2)
T4-t1-deeprad.npz: applied data scaling mode 'normalize'.
Loaded T4-t1-deeprad.npz: Unique train labels: UniqueCountsResult(values=array([-1,  0,  1,  2,  3,  4,  5]), counts=array([12240,  1988,  2029,  2054,  1988,  2053,  2128]))
Noise labels ratio in T4-t1-deeprad.npz train: 0.25, test: 0.22
Loaded T4-t1-deeprad.npz: Remapped labels: [26 27 28 29 30 31 32]. Size: 24480)
T5-t1-uclresm-25n.npz train: moved sample axis (3, 201410, 1024) -> (201410, 3, 1024)
T5-t1-uclresm-25n.npz test: moved sample axis (3, 116291, 1024) -> (116291, 3, 1024)
T5-t1-uclresm-25n.npz train: x=(201410, 3, 1024), y=(201410,)
T5-t1-uclresm-25n.npz test: x=(116291, 3, 1024), y=(116291,)
T5-t1-uclresm-25n.npz: applied data scaling mode 'normalize'.
Loaded T5-t1-uclresm-25n.npz: Unique train labels: UniqueCountsResult(values=array([-1,  0,  1,  2,  3,  4]), counts=array([43668, 18021, 17838, 18087, 31870, 71926]))
Noise labels ratio in T5-t1-uclresm-25n.npz train: 0.22, test: 0.25
Loaded T5-t1-uclresm-25n.npz: Remapped labels: [33 34 35 36 37 38]. Size: 201410)
T6-t3-deeprad.npz train: x=(17340, 1024), y=(17340, 2)
T6-t3-deeprad.npz test: x=(6800, 1024), y=(6800, 2)
T6-t3-deeprad.npz: applied data scaling mode 'normalize'.
Loaded T6-t3-deeprad.npz: Unique train labels: UniqueCountsResult(values=array([-1,  0,  1,  2,  3,  4]), counts=array([8670, 1693, 1677, 1794, 1716, 1790]))
Noise labels ratio in T6-t3-deeprad.npz train: 0.25, test: 0.17
Loaded T6-t3-deeprad.npz: Remapped labels: [39 40 41 42 43 44]. Size: 17340)
T7-t0-uclresm-25n.npz train: moved sample axis (3, 188050, 1024) -> (188050, 3, 1024)
T7-t0-uclresm-25n.npz test: moved sample axis (3, 107348, 1024) -> (107348, 3, 1024)
T7-t0-uclresm-25n.npz train: x=(188050, 3, 1024), y=(188050,)
T7-t0-uclresm-25n.npz test: x=(107348, 3, 1024), y=(107348,)
T7-t0-uclresm-25n.npz: applied data scaling mode 'normalize'.
Loaded T7-t0-uclresm-25n.npz: Unique train labels: UniqueCountsResult(values=array([-1,  0,  1,  2,  3,  4]), counts=array([40144, 32109, 17978, 17979, 18098, 61742]))
Noise labels ratio in T7-t0-uclresm-25n.npz train: 0.21, test: 0.25
Loaded T7-t0-uclresm-25n.npz: Remapped labels: [45 46 47 48 49 50]. Size: 188050)
T8-t1-rcn.npz train: x=(36658, 1024), y=(36658, 2)
T8-t1-rcn.npz test: x=(12220, 1024), y=(12220, 2)
T8-t1-rcn.npz: applied data scaling mode 'normalize'.
Loaded T8-t1-rcn.npz: Unique train labels: UniqueCountsResult(values=array([-1,  0,  2,  4,  6,  7, 16]), counts=array([20595,   824,  2087,  2606,  2396,  1716,  6434]))
Noise labels ratio in T8-t1-rcn.npz train: 0.28, test: 0.28
Loaded T8-t1-rcn.npz: Remapped labels: [51 52 53 54 55 56 57]. Size: 36658)
T9-t2-deeprad.npz train: x=(17340, 1024), y=(17340, 2)
T9-t2-deeprad.npz test: x=(6800, 1024), y=(6800, 2)
T9-t2-deeprad.npz: applied data scaling mode 'normalize'.
Loaded T9-t2-deeprad.npz: Unique train labels: UniqueCountsResult(values=array([-1,  0,  1,  2,  3,  4]), counts=array([8670, 1774, 1675, 1777, 1694, 1750]))
Noise labels ratio in T9-t2-deeprad.npz train: 0.25, test: 0.17
Loaded T9-t2-deeprad.npz: Remapped labels: [58 59 60 61 62 63]. Size: 17340)
Built classes_per_task: [6, 7, 6, 7, 7, 6, 6, 6, 7, 6]
Classes per task: [6, 7, 6, 7, 7, 6, 6, 6, 7, 6]
n_outputs: 64 	n_tasks: 10
True
Model device: cuda:0
Task 0: 50362 training samples, 15108 test samples.
---- Eval at Epoch 0: cls [0.8737395967936533] | det_recall [0.5] | det_fa [1.0] ----
Task 0 Epoch 1/1 | Loss 0.3044 | Train Acc 0.8276 | Val Acc 0.8737 | Epoch Time 93.99s (Eval 3.88s, Train 90.10s)
Task 1: 51916 training samples, 15574 test samples.
---- Eval at Epoch 0: cls [0.8614078267079127, 0.7228343264760004] | det_recall [0.5, 0.5] | det_fa [1.0, 1.0] ----
Task 1 Epoch 1/1 | Loss 0.7344 | Train Acc 0.8057 | Val Acc 0.7228 | Epoch Time 183.59s (Eval 7.89s, Train 175.71s)
Task 2: 350028 training samples, 105008 test samples.
---- Eval at Epoch 0: cls [0.2000000000000001, 0.18580140193044495, 0.20000000000000023] | det_recall [0.5, 0.5, 0.5] | det_fa [1.0, 1.0, 1.0] ----
Task 2 Epoch 1/1 | Loss 1.2394 | Train Acc 0.4659 | Val Acc 0.2000 | Epoch Time 1681.29s (Eval 35.36s, Train 1645.93s)
Task 3: 24480 training samples, 7344 test samples.
---- Eval at Epoch 0: cls [0.2000000000000001, 0.14465306055034913, 0.20000000000000023, 0.4043789532039744] | det_recall [0.5, 0.5, 0.5, 0.5] | det_fa [1.0, 1.0, 1.0, 1.0] ----
Task 3 Epoch 1/1 | Loss 2.4173 | Train Acc 0.5956 | Val Acc 0.4044 | Epoch Time 155.89s (Eval 37.19s, Train 118.69s)
Task 4: 24480 training samples, 7344 test samples.
---- Eval at Epoch 0: cls [0.2211318383932806, 0.21514547508166756, 0.20224100017851204, 0.5092775169793228, 0.45760349134366796] | det_recall [0.5, 0.5, 0.5, 0.5, 0.5] | det_fa [1.0, 1.0, 1.0, 1.0, 1.0] ----
Task 4 Epoch 1/1 | Loss 2.2458 | Train Acc 0.4663 | Val Acc 0.4576 | Epoch Time 176.27s (Eval 39.31s, Train 136.96s)
Task 5: 201410 training samples, 60423 test samples.
---- Eval at Epoch 0: cls [0.2000000000000001, 0.16666666666666669, 0.20000000000000023, 0.24610209157917395, 0.35874463162766995, 0.20042016806722646] | det_recall [0.5, 0.5, 0.5, 0.5, 0.5, 0.5] | det_fa [1.0, 1.0, 1.0, 1.0, 1.0, 1.0] ----
Task 5 Epoch 1/1 | Loss 1.7254 | Train Acc 0.5682 | Val Acc 0.2004 | Epoch Time 1490.26s (Eval 54.99s, Train 1435.28s)
Task 6: 17340 training samples, 5202 test samples.
---- Eval at Epoch 0: cls [0.21328447358848615, 0.24695003495673656, 0.20000000000000023, 0.562640300365994, 0.42250768584614085, 0.20042016806722646, 0.4828711069638823] | det_recall [0.5, 0.5, 0.5, 0.5, 0.5, 0.5, 0.5] | det_fa [1.0, 1.0, 1.0, 1.0, 1.0, 1.0, 1.0] ----
Task 6 Epoch 1/1 | Loss 2.4078 | Train Acc 0.5847 | Val Acc 0.4829 | Epoch Time 180.90s (Eval 56.34s, Train 124.57s)
Task 7: 188050 training samples, 56415 test samples.
---- Eval at Epoch 0: cls [0.2000000000000001, 0.16852700730304157, 0.20001981375074326, 0.33651774347391566, 0.25045411725635564, 0.20042016806722646, 0.41453024291516644, 0.19940749660955648] | det_recall [0.5, 0.5, 0.5, 0.5, 0.5, 0.5, 0.5, 0.5] | det_fa [1.0, 1.0, 1.0, 1.0, 1.0, 1.0, 1.0, 1.0] ----
Task 7 Epoch 1/1 | Loss 1.7122 | Train Acc 0.6309 | Val Acc 0.1994 | Epoch Time 1730.84s (Eval 71.02s, Train 1659.82s)
Task 8: 36658 training samples, 10997 test samples.
---- Eval at Epoch 0: cls [0.20868553973998685, 0.21860125936073196, 0.20000000000000023, 0.553297067698849, 0.3698933718158903, 0.20042016806722646, 0.48560842536615173, 0.19999999999999957, 0.1666666666666666] | det_recall [0.5, 0.5, 0.5, 0.5, 0.5, 0.5, 0.5, 0.5, 0.5] | det_fa [1.0, 1.0, 1.0, 1.0, 1.0, 1.0, 1.0, 1.0, 1.0] ----
Task 8 Epoch 1/1 | Loss 1.2797 | Train Acc 0.7768 | Val Acc 0.1667 | Epoch Time 401.88s (Eval 73.97s, Train 327.90s)
Task 9: 17340 training samples, 5202 test samples.
---- Eval at Epoch 0: cls [0.21055121790208545, 0.2037568056027339, 0.20000000000000023, 0.5553710068785069, 0.3947186492083616, 0.199814589094069, 0.4771194760126091, 0.1990767575931967, 0.22442596388567554, 0.4881933507223692] | det_recall [0.5, 0.5, 0.5, 0.5, 0.5, 0.5, 0.5, 0.5, 0.5, 0.5] | det_fa [1.0, 1.0, 1.0, 1.0, 1.0, 1.0, 1.0, 1.0, 1.0, 1.0] ----
Task 9 Epoch 1/1 | Loss 1.6002 | Train Acc 0.5166 | Val Acc 0.4882 | Epoch Time 242.41s (Eval 75.22s, Train 167.18s)
####Final Validation Accuracy####
Final Results:- 
 Total Accuracy: 0.3153027816899608 
 Individual Accuracy: [0.21055121790208545, 0.2037568056027339, 0.20000000000000023, 0.5553710068785069, 0.3947186492083616, 0.199814589094069, 0.4771194760126091, 0.1990767575931967, 0.22442596388567554, 0.4881933507223692]
Final Detection Results:- 
 Total Detection: 0.5 
 Individual Detection: [0.5, 0.5, 0.5, 0.5, 0.5, 0.5, 0.5, 0.5, 0.5, 0.5]
Final Detection False Alarm:- 
 Total False Alarm: 1.0 
 Individual False Alarm: [1.0, 1.0, 1.0, 1.0, 1.0, 1.0, 1.0, 1.0, 1.0, 1.0]
logs//ctn/eclresm_test-2026-03-05_22-01-12-5829/0/results: {'expt_name': 'eclresm_test', 'model': 'ctn', 'arch': 'resnet1d', 'n_hiddens': 100, 'n_layers': 2, 'xav_init': False, 'debug': False, 'use_detector_arch': False, 'glances': 1, 'n_epochs': 1, 'batch_size': 128, 'replay_batch_size': 64, 'memories': 5120, 'lr': 0.03, 'optimizer': 'sgd', 'cuda': True, 'seed': 0, 'log_every': 10, 'log_dir': 'logs//ctn/eclresm_test-2026-03-05_22-01-12-5829/0', 'tf_dir': 'logs//ctn/eclresm_test-2026-03-05_22-01-12-5829/0/tfdir', 'calc_test_accuracy': False, 'state_logging': False, 'data_path': 'data/rff/radar/full', 'loader': 'task_incremental_loader', 'samples_per_task': -1, 'shuffle_tasks': False, 'classes_per_it': 6, 'iterations': 5000, 'dataset': 'iq', 'workers': 0, 'validation': 0.3, 'data_scaling': 'normalize', 'class_order': 'random', 'increment': 5, 'test_batch_size': 512, 'nc_per_task': None, 'nc_per_task_list': '', 'val_rate': 4, 'opt_lr': 0.1, 'opt_wt': 0.1, 'alpha_init': 0.001, 'learn_lr': False, 'sync_update': False, 'grad_clip_norm': 5.0, 'meta_batches': 3, 'use_old_task_memory': False, 'second_order': False, 'n_memories': 5120, 'memory_strength': 10, 'steps_per_sample': 1, 'bgd_optimizer': 'sgd', 'optimizer_params': '{}', 'train_mc_iters': 5, 'std_init': 0.05, 'mean_eta': 1, 'fisher_gamma': 0.95, 'rln': 7, 'update_steps': 10, 'meta_lr': 0.001, 'update_lr': 0.1, 'ctx_lr': 0.003, 'n_meta': 2, 'inner_steps': 1, 'temperature': 5.0, 'task_emb': 64, 'classes_per_task': [6, 7, 6, 7, 7, 6, 6, 6, 7, 6], 'get_samples_per_task': <bound method IncrementalLoader.get_samples_per_task of <dataloaders.task_incremental_loader.IncrementalLoader object at 0x71b61dad6c50>>} # val: 0.420 0.315 -0.104 0.000 # 6795.011228084564
[2026-03-05T23:55:06+00:00] Completed: ctn (exit 0)
[2026-03-05T23:55:06+00:00] --- Running: base + eralg4 ---
New Experiment Starting...
Running model:  eralg4
Set seed 0
T0-t2-rcn.npz train: x=(50362, 1024), y=(50362, 2)
T0-t2-rcn.npz test: x=(16787, 1024), y=(16787, 2)
T0-t2-rcn.npz: applied data scaling mode 'normalize'.
Loaded T0-t2-rcn.npz: Unique train labels: UniqueCountsResult(values=array([-1,  3,  5, 10, 12, 15]), counts=array([24209,  5770,  3030,  2320,  7509,  7524]))
Noise labels ratio in T0-t2-rcn.npz train: 0.24, test: 0.24
Loaded T0-t2-rcn.npz: Remapped labels: [0 1 2 3 4 5]. Size: 50362)
T1-t0-rcn.npz train: x=(51916, 1024), y=(51916, 2)
T1-t0-rcn.npz test: x=(17305, 1024), y=(17305, 2)
T1-t0-rcn.npz: applied data scaling mode 'normalize'.
Loaded T1-t0-rcn.npz: Unique train labels: UniqueCountsResult(values=array([-1,  1,  8,  9, 11, 13, 14]), counts=array([24225,  4268,  2495,  2943,  3015,  7464,  7506]))
Noise labels ratio in T1-t0-rcn.npz train: 0.23, test: 0.23
Loaded T1-t0-rcn.npz: Remapped labels: [ 6  7  8  9 10 11 12]. Size: 51916)
T2-t2-uclresm-25n.npz train: moved sample axis (3, 350028, 1024) -> (350028, 3, 1024)
T2-t2-uclresm-25n.npz test: moved sample axis (3, 233351, 1024) -> (233351, 3, 1024)
T2-t2-uclresm-25n.npz train: x=(350028, 3, 1024), y=(350028,)
T2-t2-uclresm-25n.npz test: x=(233351, 3, 1024), y=(233351,)
T2-t2-uclresm-25n.npz: applied data scaling mode 'normalize'.
Loaded T2-t2-uclresm-25n.npz: Unique train labels: UniqueCountsResult(values=array([-1,  0,  1,  2,  3,  4]), counts=array([87441, 27347, 71754, 64298, 36005, 63183]))
Noise labels ratio in T2-t2-uclresm-25n.npz train: 0.25, test: 0.25
Loaded T2-t2-uclresm-25n.npz: Remapped labels: [13 14 15 16 17 18]. Size: 350028)
T3-t0-deeprad.npz train: x=(24480, 1024), y=(24480, 2)
T3-t0-deeprad.npz test: x=(8160, 1024), y=(8160, 2)
T3-t0-deeprad.npz: applied data scaling mode 'normalize'.
Loaded T3-t0-deeprad.npz: Unique train labels: UniqueCountsResult(values=array([-1,  0,  1,  2,  3,  4,  5]), counts=array([12240,  2029,  1983,  2043,  2154,  2015,  2016]))
Noise labels ratio in T3-t0-deeprad.npz train: 0.25, test: 0.25
Loaded T3-t0-deeprad.npz: Remapped labels: [19 20 21 22 23 24 25]. Size: 24480)
T4-t1-deeprad.npz train: x=(24480, 1024), y=(24480, 2)
T4-t1-deeprad.npz test: x=(8160, 1024), y=(8160, 2)
T4-t1-deeprad.npz: applied data scaling mode 'normalize'.
Loaded T4-t1-deeprad.npz: Unique train labels: UniqueCountsResult(values=array([-1,  0,  1,  2,  3,  4,  5]), counts=array([12240,  1988,  2029,  2054,  1988,  2053,  2128]))
Noise labels ratio in T4-t1-deeprad.npz train: 0.25, test: 0.25
Loaded T4-t1-deeprad.npz: Remapped labels: [26 27 28 29 30 31 32]. Size: 24480)
T5-t1-uclresm-25n.npz train: moved sample axis (3, 201410, 1024) -> (201410, 3, 1024)
T5-t1-uclresm-25n.npz test: moved sample axis (3, 116291, 1024) -> (116291, 3, 1024)
T5-t1-uclresm-25n.npz train: x=(201410, 3, 1024), y=(201410,)
T5-t1-uclresm-25n.npz test: x=(116291, 3, 1024), y=(116291,)
T5-t1-uclresm-25n.npz: applied data scaling mode 'normalize'.
Loaded T5-t1-uclresm-25n.npz: Unique train labels: UniqueCountsResult(values=array([-1,  0,  1,  2,  3,  4]), counts=array([43668, 18021, 17838, 18087, 31870, 71926]))
Noise labels ratio in T5-t1-uclresm-25n.npz train: 0.22, test: 0.25
Loaded T5-t1-uclresm-25n.npz: Remapped labels: [33 34 35 36 37 38]. Size: 201410)
T6-t3-deeprad.npz train: x=(17340, 1024), y=(17340, 2)
T6-t3-deeprad.npz test: x=(6800, 1024), y=(6800, 2)
T6-t3-deeprad.npz: applied data scaling mode 'normalize'.
Loaded T6-t3-deeprad.npz: Unique train labels: UniqueCountsResult(values=array([-1,  0,  1,  2,  3,  4]), counts=array([8670, 1693, 1677, 1794, 1716, 1790]))
Noise labels ratio in T6-t3-deeprad.npz train: 0.25, test: 0.25
Loaded T6-t3-deeprad.npz: Remapped labels: [39 40 41 42 43 44]. Size: 17340)
T7-t0-uclresm-25n.npz train: moved sample axis (3, 188050, 1024) -> (188050, 3, 1024)
T7-t0-uclresm-25n.npz test: moved sample axis (3, 107348, 1024) -> (107348, 3, 1024)
T7-t0-uclresm-25n.npz train: x=(188050, 3, 1024), y=(188050,)
T7-t0-uclresm-25n.npz test: x=(107348, 3, 1024), y=(107348,)
T7-t0-uclresm-25n.npz: applied data scaling mode 'normalize'.
Loaded T7-t0-uclresm-25n.npz: Unique train labels: UniqueCountsResult(values=array([-1,  0,  1,  2,  3,  4]), counts=array([40144, 32109, 17978, 17979, 18098, 61742]))
Noise labels ratio in T7-t0-uclresm-25n.npz train: 0.21, test: 0.25
Loaded T7-t0-uclresm-25n.npz: Remapped labels: [45 46 47 48 49 50]. Size: 188050)
T8-t1-rcn.npz train: x=(36658, 1024), y=(36658, 2)
T8-t1-rcn.npz test: x=(12220, 1024), y=(12220, 2)
T8-t1-rcn.npz: applied data scaling mode 'normalize'.
Loaded T8-t1-rcn.npz: Unique train labels: UniqueCountsResult(values=array([-1,  0,  2,  4,  6,  7, 16]), counts=array([20595,   824,  2087,  2606,  2396,  1716,  6434]))
Noise labels ratio in T8-t1-rcn.npz train: 0.28, test: 0.28
Loaded T8-t1-rcn.npz: Remapped labels: [51 52 53 54 55 56 57]. Size: 36658)
T9-t2-deeprad.npz train: x=(17340, 1024), y=(17340, 2)
T9-t2-deeprad.npz test: x=(6800, 1024), y=(6800, 2)
T9-t2-deeprad.npz: applied data scaling mode 'normalize'.
Loaded T9-t2-deeprad.npz: Unique train labels: UniqueCountsResult(values=array([-1,  0,  1,  2,  3,  4]), counts=array([8670, 1774, 1675, 1777, 1694, 1750]))
Noise labels ratio in T9-t2-deeprad.npz train: 0.25, test: 0.25
Loaded T9-t2-deeprad.npz: Remapped labels: [58 59 60 61 62 63]. Size: 17340)
Built classes_per_task: [6, 7, 6, 7, 7, 6, 6, 6, 7, 6]
Classes per task: [6, 7, 6, 7, 7, 6, 6, 6, 7, 6]
n_outputs: 64 	n_tasks: 10
True
Model device: cuda:0
Task 0: 50362 training samples, 16787 test samples.
---- Eval at Epoch 0: cls [0.7607596853082098] | det_recall [0.5] | det_fa [1.0] ----
Task 0 Epoch 1/1 | Loss 0.5398 | Train Acc 0.7210 | Val Acc 0.7608 | Epoch Time 108.37s (Eval 4.36s, Train 104.01s)
Task 1: 51916 training samples, 17305 test samples.
---- Eval at Epoch 0: cls [0.8396138022781053, 0.7096921047287964] | det_recall [0.5, 0.5] | det_fa [1.0, 1.0] ----
Task 1 Epoch 1/1 | Loss 0.4622 | Train Acc 0.7949 | Val Acc 0.7097 | Epoch Time 120.56s (Eval 8.86s, Train 111.70s)
Task 2: 350028 training samples, 175014 test samples.
---- Eval at Epoch 0: cls [0.46748071558833393, 0.287995246988545, 0.2569695525610458] | det_recall [0.5, 0.5, 0.5] | det_fa [1.0, 1.0, 1.0] ----
Task 2 Epoch 1/1 | Loss 1.3705 | Train Acc 0.4120 | Val Acc 0.2570 | Epoch Time 877.04s (Eval 52.14s, Train 824.89s)
Task 3: 24480 training samples, 8160 test samples.
---- Eval at Epoch 0: cls [0.5474900849434547, 0.3569892367712718, 0.22089033841679812, 0.3945160137328526] | det_recall [0.5, 0.5, 0.5, 0.5] | det_fa [1.0, 1.0, 1.0, 1.0] ----
Task 3 Epoch 1/1 | Loss 1.3175 | Train Acc 0.4056 | Val Acc 0.3945 | Epoch Time 106.54s (Eval 54.36s, Train 52.18s)
Task 4: 24480 training samples, 8160 test samples.
---- Eval at Epoch 0: cls [0.5549062216860872, 0.3850590194143566, 0.22443624062296388, 0.3887569758374827, 0.32978397045946106] | det_recall [0.5, 0.5, 0.5, 0.5, 0.5] | det_fa [1.0, 1.0, 1.0, 1.0, 1.0] ----
Task 4 Epoch 1/1 | Loss 1.3792 | Train Acc 0.3343 | Val Acc 0.3298 | Epoch Time 108.80s (Eval 56.43s, Train 52.37s)
Task 5: 201410 training samples, 100705 test samples.
---- Eval at Epoch 0: cls [0.39007573288166186, 0.27605522474872723, 0.26856789211385396, 0.3231597939323658, 0.3408567109631724, 0.41935706879393103] | det_recall [0.5, 0.5, 0.5, 0.5, 0.5, 0.5] | det_fa [1.0, 1.0, 1.0, 1.0, 1.0, 1.0] ----
Task 5 Epoch 1/1 | Loss 1.0846 | Train Acc 0.4960 | Val Acc 0.4194 | Epoch Time 562.99s (Eval 81.41s, Train 481.58s)
Task 6: 17340 training samples, 6800 test samples.
---- Eval at Epoch 0: cls [0.4268718804006764, 0.24556151520980615, 0.23146371655651599, 0.3713883468684151, 0.3272328940207091, 0.33260468656157677, 0.4148994552579105] | det_recall [0.5, 0.5, 0.5, 0.5, 0.5, 0.5, 0.5] | det_fa [1.0, 1.0, 1.0, 1.0, 1.0, 1.0, 1.0] ----
Task 6 Epoch 1/1 | Loss 1.3261 | Train Acc 0.4297 | Val Acc 0.4149 | Epoch Time 120.00s (Eval 83.02s, Train 36.99s)
Task 7: 188050 training samples, 94025 test samples.
---- Eval at Epoch 0: cls [0.4174982511527347, 0.2472577409712315, 0.2999680848312128, 0.3719739866132186, 0.3089155551787287, 0.45915701848326546, 0.365260891248683, 0.48258655394284256] | det_recall [0.5, 0.5, 0.5, 0.5, 0.5, 0.5, 0.5, 0.5] | det_fa [1.0, 1.0, 1.0, 1.0, 1.0, 1.0, 1.0, 1.0] ----
Task 7 Epoch 1/1 | Loss 0.9108 | Train Acc 0.5807 | Val Acc 0.4826 | Epoch Time 555.20s (Eval 106.37s, Train 448.83s)
Task 8: 36658 training samples, 12220 test samples.
---- Eval at Epoch 0: cls [0.47719292798242396, 0.28051173816489083, 0.2565451522340385, 0.36008114406578146, 0.30568170599353595, 0.38097802212512366, 0.36432482762986484, 0.3784343498482238, 0.31000477054986536] | det_recall [0.5, 0.5, 0.5, 0.5, 0.5, 0.5, 0.5, 0.5, 0.5] | det_fa [1.0, 1.0, 1.0, 1.0, 1.0, 1.0, 1.0, 1.0, 1.0] ----
Task 8 Epoch 1/1 | Loss 0.9975 | Train Acc 0.5565 | Val Acc 0.3100 | Epoch Time 185.55s (Eval 109.51s, Train 76.05s)
Task 9: 17340 training samples, 6800 test samples.
---- Eval at Epoch 0: cls [0.4779790117292095, 0.31146255705974457, 0.2605542774853852, 0.3493590156479451, 0.3160793282580339, 0.4004145500160571, 0.3908338834588556, 0.3943322379008475, 0.288099261875785, 0.3845028197734817] | det_recall [0.5, 0.5, 0.5, 0.5, 0.5, 0.5, 0.5, 0.5, 0.5, 0.5] | det_fa [1.0, 1.0, 1.0, 1.0, 1.0, 1.0, 1.0, 1.0, 1.0, 1.0] ----
Task 9 Epoch 1/1 | Loss 1.1889 | Train Acc 0.4288 | Val Acc 0.3845 | Epoch Time 148.41s (Eval 111.30s, Train 37.10s)
####Final Validation Accuracy####
Final Results:- 
 Total Accuracy: 0.35688949917342805 
 Individual Accuracy: [0.47755365239540326, 0.3075904079411356, 0.25831222193585884, 0.35053226571914453, 0.3191930429333229, 0.4012577049130463, 0.39238179666988804, 0.3972752563728204, 0.29283768586714143, 0.37196095698651954]
Final Detection Results:- 
 Total Detection: 0.5 
 Individual Detection: [0.5, 0.5, 0.5, 0.5, 0.5, 0.5, 0.5, 0.5, 0.5, 0.5]
Final Detection False Alarm:- 
 Total False Alarm: 1.0 
 Individual False Alarm: [1.0, 1.0, 1.0, 1.0, 1.0, 1.0, 1.0, 1.0, 1.0, 1.0]
logs//eralg4/eclresm_test-2026-03-05_23-56-12-0335/0/results: {'expt_name': 'eclresm_test', 'model': 'eralg4', 'arch': 'resnet1d', 'n_hiddens': 100, 'n_layers': 2, 'xav_init': False, 'debug': False, 'use_detector_arch': False, 'glances': 1, 'n_epochs': 1, 'batch_size': 128, 'replay_batch_size': 64, 'memories': 5120, 'lr': 0.003, 'optimizer': 'sgd', 'cuda': True, 'seed': 0, 'log_every': 10, 'log_dir': 'logs//eralg4/eclresm_test-2026-03-05_23-56-12-0335/0', 'tf_dir': 'logs//eralg4/eclresm_test-2026-03-05_23-56-12-0335/0/tfdir', 'calc_test_accuracy': False, 'state_logging': False, 'data_path': 'data/rff/radar/full', 'loader': 'task_incremental_loader', 'samples_per_task': -1, 'shuffle_tasks': False, 'classes_per_it': 6, 'iterations': 5000, 'dataset': 'iq', 'workers': 0, 'validation': 0.5, 'data_scaling': 'normalize', 'class_order': 'random', 'increment': 5, 'test_batch_size': 512, 'nc_per_task': None, 'nc_per_task_list': '', 'val_rate': 4, 'opt_lr': 0.1, 'opt_wt': 0.1, 'alpha_init': 0.001, 'learn_lr': False, 'sync_update': False, 'grad_clip_norm': 5.0, 'meta_batches': 3, 'use_old_task_memory': False, 'second_order': False, 'n_memories': 5120, 'memory_strength': 0, 'steps_per_sample': 1, 'bgd_optimizer': 'sgd', 'optimizer_params': '{}', 'train_mc_iters': 5, 'std_init': 0.05, 'mean_eta': 1, 'fisher_gamma': 0.95, 'rln': 7, 'update_steps': 10, 'meta_lr': 0.001, 'update_lr': 0.1, 'ctx_lr': 0.05, 'n_meta': 2, 'inner_steps': 1, 'temperature': 5.0, 'task_emb': 64, 'classes_per_task': [6, 7, 6, 7, 7, 6, 6, 6, 7, 6], 'get_samples_per_task': <bound method IncrementalLoader.get_samples_per_task of <dataloaders.task_incremental_loader.IncrementalLoader object at 0x7e57219529e0>>} # val: 0.446 0.357 -0.089 0.000 # 3563.0598080158234
[2026-03-06T00:56:18+00:00] Completed: eralg4 (exit 0)
[2026-03-06T00:56:18+00:00] --- Running: base + er_ring ---
New Experiment Starting...
Running model:  er_ring
Set seed 0
T0-t2-rcn.npz train: x=(50362, 1024), y=(50362, 2)
T0-t2-rcn.npz test: x=(16787, 1024), y=(16787, 2)
T0-t2-rcn.npz: applied data scaling mode 'normalize'.
Loaded T0-t2-rcn.npz: Unique train labels: UniqueCountsResult(values=array([-1,  3,  5, 10, 12, 15]), counts=array([24209,  5770,  3030,  2320,  7509,  7524]))
Noise labels ratio in T0-t2-rcn.npz train: 0.24, test: 0.24
Loaded T0-t2-rcn.npz: Remapped labels: [0 1 2 3 4 5]. Size: 50362)
T1-t0-rcn.npz train: x=(51916, 1024), y=(51916, 2)
T1-t0-rcn.npz test: x=(17305, 1024), y=(17305, 2)
T1-t0-rcn.npz: applied data scaling mode 'normalize'.
Loaded T1-t0-rcn.npz: Unique train labels: UniqueCountsResult(values=array([-1,  1,  8,  9, 11, 13, 14]), counts=array([24225,  4268,  2495,  2943,  3015,  7464,  7506]))
Noise labels ratio in T1-t0-rcn.npz train: 0.23, test: 0.23
Loaded T1-t0-rcn.npz: Remapped labels: [ 6  7  8  9 10 11 12]. Size: 51916)
T2-t2-uclresm-25n.npz train: moved sample axis (3, 350028, 1024) -> (350028, 3, 1024)
T2-t2-uclresm-25n.npz test: moved sample axis (3, 233351, 1024) -> (233351, 3, 1024)
T2-t2-uclresm-25n.npz train: x=(350028, 3, 1024), y=(350028,)
T2-t2-uclresm-25n.npz test: x=(233351, 3, 1024), y=(233351,)
T2-t2-uclresm-25n.npz: applied data scaling mode 'normalize'.
Loaded T2-t2-uclresm-25n.npz: Unique train labels: UniqueCountsResult(values=array([-1,  0,  1,  2,  3,  4]), counts=array([87441, 27347, 71754, 64298, 36005, 63183]))
Noise labels ratio in T2-t2-uclresm-25n.npz train: 0.25, test: 0.25
Loaded T2-t2-uclresm-25n.npz: Remapped labels: [13 14 15 16 17 18]. Size: 350028)
T3-t0-deeprad.npz train: x=(24480, 1024), y=(24480, 2)
T3-t0-deeprad.npz test: x=(8160, 1024), y=(8160, 2)
T3-t0-deeprad.npz: applied data scaling mode 'normalize'.
Loaded T3-t0-deeprad.npz: Unique train labels: UniqueCountsResult(values=array([-1,  0,  1,  2,  3,  4,  5]), counts=array([12240,  2029,  1983,  2043,  2154,  2015,  2016]))
Noise labels ratio in T3-t0-deeprad.npz train: 0.25, test: 0.25
Loaded T3-t0-deeprad.npz: Remapped labels: [19 20 21 22 23 24 25]. Size: 24480)
T4-t1-deeprad.npz train: x=(24480, 1024), y=(24480, 2)
T4-t1-deeprad.npz test: x=(8160, 1024), y=(8160, 2)
T4-t1-deeprad.npz: applied data scaling mode 'normalize'.
Loaded T4-t1-deeprad.npz: Unique train labels: UniqueCountsResult(values=array([-1,  0,  1,  2,  3,  4,  5]), counts=array([12240,  1988,  2029,  2054,  1988,  2053,  2128]))
Noise labels ratio in T4-t1-deeprad.npz train: 0.25, test: 0.25
Loaded T4-t1-deeprad.npz: Remapped labels: [26 27 28 29 30 31 32]. Size: 24480)
T5-t1-uclresm-25n.npz train: moved sample axis (3, 201410, 1024) -> (201410, 3, 1024)
T5-t1-uclresm-25n.npz test: moved sample axis (3, 116291, 1024) -> (116291, 3, 1024)
T5-t1-uclresm-25n.npz train: x=(201410, 3, 1024), y=(201410,)
T5-t1-uclresm-25n.npz test: x=(116291, 3, 1024), y=(116291,)
T5-t1-uclresm-25n.npz: applied data scaling mode 'normalize'.
Loaded T5-t1-uclresm-25n.npz: Unique train labels: UniqueCountsResult(values=array([-1,  0,  1,  2,  3,  4]), counts=array([43668, 18021, 17838, 18087, 31870, 71926]))
Noise labels ratio in T5-t1-uclresm-25n.npz train: 0.22, test: 0.25
Loaded T5-t1-uclresm-25n.npz: Remapped labels: [33 34 35 36 37 38]. Size: 201410)
T6-t3-deeprad.npz train: x=(17340, 1024), y=(17340, 2)
T6-t3-deeprad.npz test: x=(6800, 1024), y=(6800, 2)
T6-t3-deeprad.npz: applied data scaling mode 'normalize'.
Loaded T6-t3-deeprad.npz: Unique train labels: UniqueCountsResult(values=array([-1,  0,  1,  2,  3,  4]), counts=array([8670, 1693, 1677, 1794, 1716, 1790]))
Noise labels ratio in T6-t3-deeprad.npz train: 0.25, test: 0.25
Loaded T6-t3-deeprad.npz: Remapped labels: [39 40 41 42 43 44]. Size: 17340)
T7-t0-uclresm-25n.npz train: moved sample axis (3, 188050, 1024) -> (188050, 3, 1024)
T7-t0-uclresm-25n.npz test: moved sample axis (3, 107348, 1024) -> (107348, 3, 1024)
T7-t0-uclresm-25n.npz train: x=(188050, 3, 1024), y=(188050,)
T7-t0-uclresm-25n.npz test: x=(107348, 3, 1024), y=(107348,)
T7-t0-uclresm-25n.npz: applied data scaling mode 'normalize'.
Loaded T7-t0-uclresm-25n.npz: Unique train labels: UniqueCountsResult(values=array([-1,  0,  1,  2,  3,  4]), counts=array([40144, 32109, 17978, 17979, 18098, 61742]))
Noise labels ratio in T7-t0-uclresm-25n.npz train: 0.21, test: 0.25
Loaded T7-t0-uclresm-25n.npz: Remapped labels: [45 46 47 48 49 50]. Size: 188050)
T8-t1-rcn.npz train: x=(36658, 1024), y=(36658, 2)
T8-t1-rcn.npz test: x=(12220, 1024), y=(12220, 2)
T8-t1-rcn.npz: applied data scaling mode 'normalize'.
Loaded T8-t1-rcn.npz: Unique train labels: UniqueCountsResult(values=array([-1,  0,  2,  4,  6,  7, 16]), counts=array([20595,   824,  2087,  2606,  2396,  1716,  6434]))
Noise labels ratio in T8-t1-rcn.npz train: 0.28, test: 0.28
Loaded T8-t1-rcn.npz: Remapped labels: [51 52 53 54 55 56 57]. Size: 36658)
T9-t2-deeprad.npz train: x=(17340, 1024), y=(17340, 2)
T9-t2-deeprad.npz test: x=(6800, 1024), y=(6800, 2)
T9-t2-deeprad.npz: applied data scaling mode 'normalize'.
Loaded T9-t2-deeprad.npz: Unique train labels: UniqueCountsResult(values=array([-1,  0,  1,  2,  3,  4]), counts=array([8670, 1774, 1675, 1777, 1694, 1750]))
Noise labels ratio in T9-t2-deeprad.npz train: 0.25, test: 0.25
Loaded T9-t2-deeprad.npz: Remapped labels: [58 59 60 61 62 63]. Size: 17340)
Built classes_per_task: [6, 7, 6, 7, 7, 6, 6, 6, 7, 6]
Classes per task: [6, 7, 6, 7, 7, 6, 6, 6, 7, 6]
n_outputs: 64 	n_tasks: 10
True
Model device: cuda:0
Task 0: 50362 training samples, 16787 test samples.
---- Eval at Epoch 0: cls [0.6262514217022043] | det_recall [0.5] | det_fa [1.0] ----
Task 0 Epoch 1/1 | Loss 0.8144 | Train Acc 0.5669 | Val Acc 0.6263 | Epoch Time 36.60s (Eval 4.35s, Train 32.25s)
Task 1: 51916 training samples, 17305 test samples.
---- Eval at Epoch 0: cls [0.7266826147618971, 0.6606240114177011] | det_recall [0.5, 0.5] | det_fa [1.0, 1.0] ----
Task 1 Epoch 1/1 | Loss 1.0350 | Train Acc 0.6257 | Val Acc 0.6606 | Epoch Time 63.16s (Eval 8.85s, Train 54.30s)
Task 2: 350028 training samples, 175014 test samples.
---- Eval at Epoch 0: cls [0.7411909007823642, 0.5702102549978593, 0.5316638746982183] | det_recall [0.5, 0.5, 0.5] | det_fa [1.0, 1.0, 1.0] ----
Task 2 Epoch 1/1 | Loss 1.4276 | Train Acc 0.3426 | Val Acc 0.5317 | Epoch Time 465.54s (Eval 52.11s, Train 413.43s)
Task 3: 24480 training samples, 8160 test samples.
---- Eval at Epoch 0: cls [0.5502094881976363, 0.35348256431894837, 0.21446370857270808, 0.4175275704733834] | det_recall [0.5, 0.5, 0.5, 0.5] | det_fa [1.0, 1.0, 1.0, 1.0] ----
Task 3 Epoch 1/1 | Loss 2.2486 | Train Acc 0.5563 | Val Acc 0.4175 | Epoch Time 79.08s (Eval 54.18s, Train 24.90s)
Task 4: 24480 training samples, 8160 test samples.
---- Eval at Epoch 0: cls [0.48694914365845515, 0.3772073415156171, 0.2122977564818811, 0.504637898741728, 0.32161378199493995] | det_recall [0.5, 0.5, 0.5, 0.5, 0.5] | det_fa [1.0, 1.0, 1.0, 1.0, 1.0] ----
Task 4 Epoch 1/1 | Loss 2.2649 | Train Acc 0.3630 | Val Acc 0.3216 | Epoch Time 81.04s (Eval 56.30s, Train 24.74s)
Task 5: 201410 training samples, 100705 test samples.
---- Eval at Epoch 0: cls [0.23995108829449274, 0.20988270377681678, 0.21582769558697465, 0.36259655409710767, 0.2933161471178625, 0.7339998431641739] | det_recall [0.5, 0.5, 0.5, 0.5, 0.5, 0.5] | det_fa [1.0, 1.0, 1.0, 1.0, 1.0, 1.0] ----
Task 5 Epoch 1/1 | Loss 1.5891 | Train Acc 0.5991 | Val Acc 0.7340 | Epoch Time 323.28s (Eval 81.15s, Train 242.14s)
Task 6: 17340 training samples, 6800 test samples.
---- Eval at Epoch 0: cls [0.38086149413971276, 0.25226324084510177, 0.22063112067657215, 0.456983652248573, 0.34309376305822786, 0.6817528985667336, 0.4562411759131449] | det_recall [0.5, 0.5, 0.5, 0.5, 0.5, 0.5, 0.5] | det_fa [1.0, 1.0, 1.0, 1.0, 1.0, 1.0, 1.0] ----
Task 6 Epoch 1/1 | Loss 2.0437 | Train Acc 0.5092 | Val Acc 0.4562 | Epoch Time 100.52s (Eval 82.98s, Train 17.55s)
Task 7: 188050 training samples, 94025 test samples.
---- Eval at Epoch 0: cls [0.22074611896572593, 0.17276221162290933, 0.2143444495034638, 0.4025300106499899, 0.3214790806301507, 0.5190141590785073, 0.3868286142376559, 0.7405858219193797] | det_recall [0.5, 0.5, 0.5, 0.5, 0.5, 0.5, 0.5, 0.5] | det_fa [1.0, 1.0, 1.0, 1.0, 1.0, 1.0, 1.0, 1.0] ----
Task 7 Epoch 1/1 | Loss 1.4828 | Train Acc 0.6700 | Val Acc 0.7406 | Epoch Time 333.84s (Eval 106.12s, Train 227.72s)
Task 8: 36658 training samples, 12220 test samples.
---- Eval at Epoch 0: cls [0.17494700739146948, 0.15607105524328554, 0.21035722165392717, 0.4049814729656892, 0.2828975525012629, 0.31963231358553135, 0.41269538460837324, 0.42021579600782427, 0.6502777072548668] | det_recall [0.5, 0.5, 0.5, 0.5, 0.5, 0.5, 0.5, 0.5, 0.5] | det_fa [1.0, 1.0, 1.0, 1.0, 1.0, 1.0, 1.0, 1.0, 1.0] ----
Task 8 Epoch 1/1 | Loss 1.6168 | Train Acc 0.6343 | Val Acc 0.6503 | Epoch Time 144.82s (Eval 109.10s, Train 35.72s)
Task 9: 17340 training samples, 6800 test samples.
---- Eval at Epoch 0: cls [0.19846081765004564, 0.17301214475862933, 0.2124343210980791, 0.469487849047777, 0.32555282573409455, 0.3071330741983894, 0.47154394497020535, 0.46665480807936993, 0.5405412042899914, 0.4207708993014358] | det_recall [0.5, 0.5, 0.5, 0.5, 0.5, 0.5, 0.5, 0.5, 0.5, 0.5] | det_fa [1.0, 1.0, 1.0, 1.0, 1.0, 1.0, 1.0, 1.0, 1.0, 1.0] ----
Task 9 Epoch 1/1 | Loss 2.0334 | Train Acc 0.4204 | Val Acc 0.4208 | Epoch Time 128.58s (Eval 111.00s, Train 17.58s)
####Final Validation Accuracy####
Final Results:- 
 Total Accuracy: 0.35871099305253074 
 Individual Accuracy: [0.19822775245307098, 0.1765410853696338, 0.2120273145389569, 0.4690411202752923, 0.334069551098966, 0.309185788099412, 0.4693155280992109, 0.4639618094395652, 0.5364999490694426, 0.4182400320817567]
Final Detection Results:- 
 Total Detection: 0.5 
 Individual Detection: [0.5, 0.5, 0.5, 0.5, 0.5, 0.5, 0.5, 0.5, 0.5, 0.5]
Final Detection False Alarm:- 
 Total False Alarm: 1.0 
 Individual False Alarm: [1.0, 1.0, 1.0, 1.0, 1.0, 1.0, 1.0, 1.0, 1.0, 1.0]
logs//er_ring/eclresm_test-2026-03-06_00-57-24-6901/0/results: {'expt_name': 'eclresm_test', 'model': 'er_ring', 'arch': 'resnet1d', 'n_hiddens': 100, 'n_layers': 2, 'xav_init': False, 'debug': False, 'use_detector_arch': False, 'glances': 1, 'n_epochs': 1, 'batch_size': 128, 'replay_batch_size': 64, 'memories': 5120, 'lr': 0.001, 'optimizer': 'sgd', 'cuda': True, 'seed': 0, 'log_every': 10, 'log_dir': 'logs//er_ring/eclresm_test-2026-03-06_00-57-24-6901/0', 'tf_dir': 'logs//er_ring/eclresm_test-2026-03-06_00-57-24-6901/0/tfdir', 'calc_test_accuracy': False, 'state_logging': False, 'data_path': 'data/rff/radar/full', 'loader': 'task_incremental_loader', 'samples_per_task': -1, 'shuffle_tasks': False, 'classes_per_it': 6, 'iterations': 5000, 'dataset': 'iq', 'workers': 0, 'validation': 0.5, 'data_scaling': 'normalize', 'class_order': 'random', 'increment': 5, 'test_batch_size': 512, 'nc_per_task': None, 'nc_per_task_list': '', 'val_rate': 4, 'opt_lr': 0.1, 'opt_wt': 0.1, 'alpha_init': 0.001, 'learn_lr': False, 'sync_update': False, 'grad_clip_norm': 5.0, 'meta_batches': 3, 'use_old_task_memory': False, 'second_order': False, 'n_memories': 5120, 'memory_strength': 0, 'steps_per_sample': 1, 'bgd_optimizer': 'sgd', 'optimizer_params': '{}', 'train_mc_iters': 5, 'std_init': 0.05, 'mean_eta': 1, 'fisher_gamma': 0.95, 'rln': 7, 'update_steps': 10, 'meta_lr': 0.001, 'update_lr': 0.1, 'ctx_lr': 0.05, 'n_meta': 2, 'inner_steps': 1, 'temperature': 5.0, 'task_emb': 64, 'classes_per_task': [6, 7, 6, 7, 7, 6, 6, 6, 7, 6], 'get_samples_per_task': <bound method IncrementalLoader.get_samples_per_task of <dataloaders.task_incremental_loader.IncrementalLoader object at 0x788e776fa9e0>>} # val: 0.557 0.359 -0.198 0.000 # 2424.6101355552673
[2026-03-06T01:38:32+00:00] Completed: er_ring (exit 0)
[2026-03-06T01:38:32+00:00] --- Running: base + ewc ---
New Experiment Starting...
Running model:  ewc
Set seed 0
T0-t2-rcn.npz train: x=(50362, 1024), y=(50362, 2)
T0-t2-rcn.npz test: x=(16787, 1024), y=(16787, 2)
T0-t2-rcn.npz: applied data scaling mode 'normalize'.
Loaded T0-t2-rcn.npz: Unique train labels: UniqueCountsResult(values=array([-1,  3,  5, 10, 12, 15]), counts=array([24209,  5770,  3030,  2320,  7509,  7524]))
Noise labels ratio in T0-t2-rcn.npz train: 0.24, test: 0.24
Loaded T0-t2-rcn.npz: Remapped labels: [0 1 2 3 4 5]. Size: 50362)
T1-t0-rcn.npz train: x=(51916, 1024), y=(51916, 2)
T1-t0-rcn.npz test: x=(17305, 1024), y=(17305, 2)
T1-t0-rcn.npz: applied data scaling mode 'normalize'.
Loaded T1-t0-rcn.npz: Unique train labels: UniqueCountsResult(values=array([-1,  1,  8,  9, 11, 13, 14]), counts=array([24225,  4268,  2495,  2943,  3015,  7464,  7506]))
Noise labels ratio in T1-t0-rcn.npz train: 0.23, test: 0.23
Loaded T1-t0-rcn.npz: Remapped labels: [ 6  7  8  9 10 11 12]. Size: 51916)
T2-t2-uclresm-25n.npz train: moved sample axis (3, 350028, 1024) -> (350028, 3, 1024)
T2-t2-uclresm-25n.npz test: moved sample axis (3, 233351, 1024) -> (233351, 3, 1024)
T2-t2-uclresm-25n.npz train: x=(350028, 3, 1024), y=(350028,)
T2-t2-uclresm-25n.npz test: x=(233351, 3, 1024), y=(233351,)
T2-t2-uclresm-25n.npz: applied data scaling mode 'normalize'.
Loaded T2-t2-uclresm-25n.npz: Unique train labels: UniqueCountsResult(values=array([-1,  0,  1,  2,  3,  4]), counts=array([87441, 27347, 71754, 64298, 36005, 63183]))
Noise labels ratio in T2-t2-uclresm-25n.npz train: 0.25, test: 0.25
Loaded T2-t2-uclresm-25n.npz: Remapped labels: [13 14 15 16 17 18]. Size: 350028)
T3-t0-deeprad.npz train: x=(24480, 1024), y=(24480, 2)
T3-t0-deeprad.npz test: x=(8160, 1024), y=(8160, 2)
T3-t0-deeprad.npz: applied data scaling mode 'normalize'.
Loaded T3-t0-deeprad.npz: Unique train labels: UniqueCountsResult(values=array([-1,  0,  1,  2,  3,  4,  5]), counts=array([12240,  2029,  1983,  2043,  2154,  2015,  2016]))
Noise labels ratio in T3-t0-deeprad.npz train: 0.25, test: 0.25
Loaded T3-t0-deeprad.npz: Remapped labels: [19 20 21 22 23 24 25]. Size: 24480)
T4-t1-deeprad.npz train: x=(24480, 1024), y=(24480, 2)
T4-t1-deeprad.npz test: x=(8160, 1024), y=(8160, 2)
T4-t1-deeprad.npz: applied data scaling mode 'normalize'.
Loaded T4-t1-deeprad.npz: Unique train labels: UniqueCountsResult(values=array([-1,  0,  1,  2,  3,  4,  5]), counts=array([12240,  1988,  2029,  2054,  1988,  2053,  2128]))
Noise labels ratio in T4-t1-deeprad.npz train: 0.25, test: 0.25
Loaded T4-t1-deeprad.npz: Remapped labels: [26 27 28 29 30 31 32]. Size: 24480)
T5-t1-uclresm-25n.npz train: moved sample axis (3, 201410, 1024) -> (201410, 3, 1024)
T5-t1-uclresm-25n.npz test: moved sample axis (3, 116291, 1024) -> (116291, 3, 1024)
T5-t1-uclresm-25n.npz train: x=(201410, 3, 1024), y=(201410,)
T5-t1-uclresm-25n.npz test: x=(116291, 3, 1024), y=(116291,)
T5-t1-uclresm-25n.npz: applied data scaling mode 'normalize'.
Loaded T5-t1-uclresm-25n.npz: Unique train labels: UniqueCountsResult(values=array([-1,  0,  1,  2,  3,  4]), counts=array([43668, 18021, 17838, 18087, 31870, 71926]))
Noise labels ratio in T5-t1-uclresm-25n.npz train: 0.22, test: 0.25
Loaded T5-t1-uclresm-25n.npz: Remapped labels: [33 34 35 36 37 38]. Size: 201410)
T6-t3-deeprad.npz train: x=(17340, 1024), y=(17340, 2)
T6-t3-deeprad.npz test: x=(6800, 1024), y=(6800, 2)
T6-t3-deeprad.npz: applied data scaling mode 'normalize'.
Loaded T6-t3-deeprad.npz: Unique train labels: UniqueCountsResult(values=array([-1,  0,  1,  2,  3,  4]), counts=array([8670, 1693, 1677, 1794, 1716, 1790]))
Noise labels ratio in T6-t3-deeprad.npz train: 0.25, test: 0.25
Loaded T6-t3-deeprad.npz: Remapped labels: [39 40 41 42 43 44]. Size: 17340)
T7-t0-uclresm-25n.npz train: moved sample axis (3, 188050, 1024) -> (188050, 3, 1024)
T7-t0-uclresm-25n.npz test: moved sample axis (3, 107348, 1024) -> (107348, 3, 1024)
T7-t0-uclresm-25n.npz train: x=(188050, 3, 1024), y=(188050,)
T7-t0-uclresm-25n.npz test: x=(107348, 3, 1024), y=(107348,)
T7-t0-uclresm-25n.npz: applied data scaling mode 'normalize'.
Loaded T7-t0-uclresm-25n.npz: Unique train labels: UniqueCountsResult(values=array([-1,  0,  1,  2,  3,  4]), counts=array([40144, 32109, 17978, 17979, 18098, 61742]))
Noise labels ratio in T7-t0-uclresm-25n.npz train: 0.21, test: 0.25
Loaded T7-t0-uclresm-25n.npz: Remapped labels: [45 46 47 48 49 50]. Size: 188050)
T8-t1-rcn.npz train: x=(36658, 1024), y=(36658, 2)
T8-t1-rcn.npz test: x=(12220, 1024), y=(12220, 2)
T8-t1-rcn.npz: applied data scaling mode 'normalize'.
Loaded T8-t1-rcn.npz: Unique train labels: UniqueCountsResult(values=array([-1,  0,  2,  4,  6,  7, 16]), counts=array([20595,   824,  2087,  2606,  2396,  1716,  6434]))
Noise labels ratio in T8-t1-rcn.npz train: 0.28, test: 0.28
Loaded T8-t1-rcn.npz: Remapped labels: [51 52 53 54 55 56 57]. Size: 36658)
T9-t2-deeprad.npz train: x=(17340, 1024), y=(17340, 2)
T9-t2-deeprad.npz test: x=(6800, 1024), y=(6800, 2)
T9-t2-deeprad.npz: applied data scaling mode 'normalize'.
Loaded T9-t2-deeprad.npz: Unique train labels: UniqueCountsResult(values=array([-1,  0,  1,  2,  3,  4]), counts=array([8670, 1774, 1675, 1777, 1694, 1750]))
Noise labels ratio in T9-t2-deeprad.npz train: 0.25, test: 0.25
Loaded T9-t2-deeprad.npz: Remapped labels: [58 59 60 61 62 63]. Size: 17340)
Built classes_per_task: [6, 7, 6, 7, 7, 6, 6, 6, 7, 6]
Classes per task: [6, 7, 6, 7, 7, 6, 6, 6, 7, 6]
n_outputs: 64 	n_tasks: 10
True
Model device: cuda:0
Task 0: 50362 training samples, 16787 test samples.
---- Eval at Epoch 0: cls [0.8749377515535236] | det_recall [0.5] | det_fa [1.0] ----
Task 0 Epoch 1/1 | Loss 0.5870 | Train Acc 0.7079 | Val Acc 0.8749 | Epoch Time 83.33s (Eval 4.36s, Train 78.97s)
Task 1: 51916 training samples, 17305 test samples.
---- Eval at Epoch 0: cls [0.5849023046900488, 0.8268078482535908] | det_recall [0.5, 0.5] | det_fa [1.0, 1.0] ----
Task 1 Epoch 1/1 | Loss 0.5268 | Train Acc 0.7492 | Val Acc 0.8268 | Epoch Time 102.04s (Eval 8.85s, Train 93.20s)
Task 2: 350028 training samples, 175014 test samples.
---- Eval at Epoch 0: cls [0.3607782289996308, 0.3932406872477521, 0.6818473797090032] | det_recall [0.5, 0.5, 0.5] | det_fa [1.0, 1.0, 1.0] ----
Task 2 Epoch 1/1 | Loss 1.0568 | Train Acc 0.5023 | Val Acc 0.6818 | Epoch Time 696.91s (Eval 53.35s, Train 643.55s)
Task 3: 24480 training samples, 8160 test samples.
---- Eval at Epoch 0: cls [0.20874900220617434, 0.32621090347987586, 0.47751705248758936, 0.6040520347507838] | det_recall [0.5, 0.5, 0.5, 0.5] | det_fa [1.0, 1.0, 1.0, 1.0] ----
Task 3 Epoch 1/1 | Loss 1.0492 | Train Acc 0.5600 | Val Acc 0.6041 | Epoch Time 100.10s (Eval 55.50s, Train 44.60s)
Task 4: 24480 training samples, 8160 test samples.
---- Eval at Epoch 0: cls [0.2100571685773561, 0.23477194555958442, 0.43444419450461835, 0.5369818933146862, 0.3904230220466569] | det_recall [0.5, 0.5, 0.5, 0.5, 0.5] | det_fa [1.0, 1.0, 1.0, 1.0, 1.0] ----
Task 4 Epoch 1/1 | Loss 1.2532 | Train Acc 0.3555 | Val Acc 0.3904 | Epoch Time 102.23s (Eval 57.74s, Train 44.49s)
Task 5: 201410 training samples, 100705 test samples.
---- Eval at Epoch 0: cls [0.2247194142083058, 0.20594307983488136, 0.30549380261410897, 0.3827770798846347, 0.27865795200383275, 0.8078110918807366] | det_recall [0.5, 0.5, 0.5, 0.5, 0.5, 0.5] | det_fa [1.0, 1.0, 1.0, 1.0, 1.0, 1.0] ----
Task 5 Epoch 1/1 | Loss 0.5073 | Train Acc 0.7359 | Val Acc 0.8078 | Epoch Time 453.55s (Eval 82.96s, Train 370.59s)
Task 6: 17340 training samples, 6800 test samples.
---- Eval at Epoch 0: cls [0.19958429924535898, 0.1551626645432948, 0.2870783560410063, 0.5056874565590962, 0.3556310092963051, 0.7247323920176586, 0.5586517976676733] | det_recall [0.5, 0.5, 0.5, 0.5, 0.5, 0.5, 0.5] | det_fa [1.0, 1.0, 1.0, 1.0, 1.0, 1.0, 1.0] ----
Task 6 Epoch 1/1 | Loss 1.1008 | Train Acc 0.5085 | Val Acc 0.5587 | Epoch Time 116.12s (Eval 84.54s, Train 31.58s)
Task 7: 188050 training samples, 94025 test samples.
---- Eval at Epoch 0: cls [0.21592082481581823, 0.1858697639039512, 0.27943877047985594, 0.3720914787252424, 0.27883778150212846, 0.6448149484225977, 0.4294356325491989, 0.7985954672702257] | det_recall [0.5, 0.5, 0.5, 0.5, 0.5, 0.5, 0.5, 0.5] | det_fa [1.0, 1.0, 1.0, 1.0, 1.0, 1.0, 1.0, 1.0] ----
Task 7 Epoch 1/1 | Loss 0.5137 | Train Acc 0.7491 | Val Acc 0.7986 | Epoch Time 456.08s (Eval 108.29s, Train 347.79s)
Task 8: 36658 training samples, 12220 test samples.
---- Eval at Epoch 0: cls [0.2783156569285098, 0.2530167762221619, 0.24605762249457008, 0.31121666975879625, 0.2452684745677471, 0.39181400926474974, 0.3910769001381266, 0.4777176077770222, 0.8267853617660527] | det_recall [0.5, 0.5, 0.5, 0.5, 0.5, 0.5, 0.5, 0.5, 0.5] | det_fa [1.0, 1.0, 1.0, 1.0, 1.0, 1.0, 1.0, 1.0, 1.0] ----
Task 8 Epoch 1/1 | Loss 0.5959 | Train Acc 0.6869 | Val Acc 0.8268 | Epoch Time 179.16s (Eval 112.64s, Train 66.52s)
Task 9: 17340 training samples, 6800 test samples.
---- Eval at Epoch 0: cls [0.2310048458099573, 0.21085227572175796, 0.23437728092641222, 0.48341447026647455, 0.3063066621739716, 0.3849107132795442, 0.4747637731392379, 0.43225941425813036, 0.7502629403552938, 0.46399758355698467] | det_recall [0.5, 0.5, 0.5, 0.5, 0.5, 0.5, 0.5, 0.5, 0.5, 0.5] | det_fa [1.0, 1.0, 1.0, 1.0, 1.0, 1.0, 1.0, 1.0, 1.0, 1.0] ----
Task 9 Epoch 1/1 | Loss 1.1060 | Train Acc 0.4079 | Val Acc 0.4640 | Epoch Time 145.58s (Eval 114.12s, Train 31.46s)
####Final Validation Accuracy####
Final Results:- 
 Total Accuracy: 0.39612643793322866 
 Individual Accuracy: [0.23371800158862088, 0.2125197893242818, 0.2340176858269553, 0.4772671611480262, 0.30486210596881425, 0.3838779068440168, 0.4670024008443616, 0.43148444019138255, 0.7576390278258153, 0.45887585977001144]
Final Detection Results:- 
 Total Detection: 0.5 
 Individual Detection: [0.5, 0.5, 0.5, 0.5, 0.5, 0.5, 0.5, 0.5, 0.5, 0.5]
Final Detection False Alarm:- 
 Total False Alarm: 1.0 
 Individual False Alarm: [1.0, 1.0, 1.0, 1.0, 1.0, 1.0, 1.0, 1.0, 1.0, 1.0]
logs//ewc/eclresm_test-2026-03-06_01-39-39-2894/0/results: {'expt_name': 'eclresm_test', 'model': 'ewc', 'arch': 'resnet1d', 'n_hiddens': 100, 'n_layers': 2, 'xav_init': False, 'debug': False, 'use_detector_arch': False, 'glances': 1, 'n_epochs': 1, 'batch_size': 128, 'replay_batch_size': 64, 'memories': 5120, 'lr': 0.003, 'optimizer': 'sgd', 'cuda': True, 'seed': 0, 'log_every': 10, 'log_dir': 'logs//ewc/eclresm_test-2026-03-06_01-39-39-2894/0', 'tf_dir': 'logs//ewc/eclresm_test-2026-03-06_01-39-39-2894/0/tfdir', 'calc_test_accuracy': False, 'state_logging': False, 'data_path': 'data/rff/radar/full', 'loader': 'task_incremental_loader', 'samples_per_task': -1, 'shuffle_tasks': False, 'classes_per_it': 6, 'iterations': 5000, 'dataset': 'iq', 'workers': 0, 'validation': 0.5, 'data_scaling': 'normalize', 'class_order': 'random', 'increment': 5, 'test_batch_size': 512, 'nc_per_task': None, 'nc_per_task_list': '', 'val_rate': 4, 'opt_lr': 0.1, 'opt_wt': 0.1, 'alpha_init': 0.001, 'learn_lr': False, 'sync_update': False, 'grad_clip_norm': 5.0, 'meta_batches': 3, 'use_old_task_memory': False, 'second_order': False, 'n_memories': 5120, 'memory_strength': 0, 'steps_per_sample': 1, 'bgd_optimizer': 'sgd', 'optimizer_params': '{}', 'train_mc_iters': 5, 'std_init': 0.05, 'mean_eta': 1, 'fisher_gamma': 0.95, 'rln': 7, 'update_steps': 10, 'meta_lr': 0.001, 'update_lr': 0.1, 'ctx_lr': 0.05, 'n_meta': 2, 'inner_steps': 1, 'temperature': 5.0, 'task_emb': 64, 'classes_per_task': [6, 7, 6, 7, 7, 6, 6, 6, 7, 6], 'get_samples_per_task': <bound method IncrementalLoader.get_samples_per_task of <dataloaders.task_incremental_loader.IncrementalLoader object at 0x7e027daca9e0>>} # val: 0.681 0.396 -0.285 0.000 # 3119.8508820533752
[2026-03-06T02:32:23+00:00] Completed: ewc (exit 0)
[2026-03-06T02:32:23+00:00] --- Running: base + gem ---
New Experiment Starting...
Running model:  gem
Set seed 0
T0-t2-rcn.npz train: x=(50362, 1024), y=(50362, 2)
T0-t2-rcn.npz test: x=(16787, 1024), y=(16787, 2)
T0-t2-rcn.npz: applied data scaling mode 'normalize'.
Loaded T0-t2-rcn.npz: Unique train labels: UniqueCountsResult(values=array([-1,  3,  5, 10, 12, 15]), counts=array([24209,  5770,  3030,  2320,  7509,  7524]))
Noise labels ratio in T0-t2-rcn.npz train: 0.24, test: 0.24
Loaded T0-t2-rcn.npz: Remapped labels: [0 1 2 3 4 5]. Size: 50362)
T1-t0-rcn.npz train: x=(51916, 1024), y=(51916, 2)
T1-t0-rcn.npz test: x=(17305, 1024), y=(17305, 2)
T1-t0-rcn.npz: applied data scaling mode 'normalize'.
Loaded T1-t0-rcn.npz: Unique train labels: UniqueCountsResult(values=array([-1,  1,  8,  9, 11, 13, 14]), counts=array([24225,  4268,  2495,  2943,  3015,  7464,  7506]))
Noise labels ratio in T1-t0-rcn.npz train: 0.23, test: 0.23
Loaded T1-t0-rcn.npz: Remapped labels: [ 6  7  8  9 10 11 12]. Size: 51916)
T2-t2-uclresm-25n.npz train: moved sample axis (3, 350028, 1024) -> (350028, 3, 1024)
T2-t2-uclresm-25n.npz test: moved sample axis (3, 233351, 1024) -> (233351, 3, 1024)
T2-t2-uclresm-25n.npz train: x=(350028, 3, 1024), y=(350028,)
T2-t2-uclresm-25n.npz test: x=(233351, 3, 1024), y=(233351,)
T2-t2-uclresm-25n.npz: applied data scaling mode 'normalize'.
Loaded T2-t2-uclresm-25n.npz: Unique train labels: UniqueCountsResult(values=array([-1,  0,  1,  2,  3,  4]), counts=array([87441, 27347, 71754, 64298, 36005, 63183]))
Noise labels ratio in T2-t2-uclresm-25n.npz train: 0.25, test: 0.25
Loaded T2-t2-uclresm-25n.npz: Remapped labels: [13 14 15 16 17 18]. Size: 350028)
T3-t0-deeprad.npz train: x=(24480, 1024), y=(24480, 2)
T3-t0-deeprad.npz test: x=(8160, 1024), y=(8160, 2)
T3-t0-deeprad.npz: applied data scaling mode 'normalize'.
Loaded T3-t0-deeprad.npz: Unique train labels: UniqueCountsResult(values=array([-1,  0,  1,  2,  3,  4,  5]), counts=array([12240,  2029,  1983,  2043,  2154,  2015,  2016]))
Noise labels ratio in T3-t0-deeprad.npz train: 0.25, test: 0.25
Loaded T3-t0-deeprad.npz: Remapped labels: [19 20 21 22 23 24 25]. Size: 24480)
T4-t1-deeprad.npz train: x=(24480, 1024), y=(24480, 2)
T4-t1-deeprad.npz test: x=(8160, 1024), y=(8160, 2)
T4-t1-deeprad.npz: applied data scaling mode 'normalize'.
Loaded T4-t1-deeprad.npz: Unique train labels: UniqueCountsResult(values=array([-1,  0,  1,  2,  3,  4,  5]), counts=array([12240,  1988,  2029,  2054,  1988,  2053,  2128]))
Noise labels ratio in T4-t1-deeprad.npz train: 0.25, test: 0.25
Loaded T4-t1-deeprad.npz: Remapped labels: [26 27 28 29 30 31 32]. Size: 24480)
T5-t1-uclresm-25n.npz train: moved sample axis (3, 201410, 1024) -> (201410, 3, 1024)
T5-t1-uclresm-25n.npz test: moved sample axis (3, 116291, 1024) -> (116291, 3, 1024)
T5-t1-uclresm-25n.npz train: x=(201410, 3, 1024), y=(201410,)
T5-t1-uclresm-25n.npz test: x=(116291, 3, 1024), y=(116291,)
T5-t1-uclresm-25n.npz: applied data scaling mode 'normalize'.
Loaded T5-t1-uclresm-25n.npz: Unique train labels: UniqueCountsResult(values=array([-1,  0,  1,  2,  3,  4]), counts=array([43668, 18021, 17838, 18087, 31870, 71926]))
Noise labels ratio in T5-t1-uclresm-25n.npz train: 0.22, test: 0.25
Loaded T5-t1-uclresm-25n.npz: Remapped labels: [33 34 35 36 37 38]. Size: 201410)
T6-t3-deeprad.npz train: x=(17340, 1024), y=(17340, 2)
T6-t3-deeprad.npz test: x=(6800, 1024), y=(6800, 2)
T6-t3-deeprad.npz: applied data scaling mode 'normalize'.
Loaded T6-t3-deeprad.npz: Unique train labels: UniqueCountsResult(values=array([-1,  0,  1,  2,  3,  4]), counts=array([8670, 1693, 1677, 1794, 1716, 1790]))
Noise labels ratio in T6-t3-deeprad.npz train: 0.25, test: 0.25
Loaded T6-t3-deeprad.npz: Remapped labels: [39 40 41 42 43 44]. Size: 17340)
T7-t0-uclresm-25n.npz train: moved sample axis (3, 188050, 1024) -> (188050, 3, 1024)
T7-t0-uclresm-25n.npz test: moved sample axis (3, 107348, 1024) -> (107348, 3, 1024)
T7-t0-uclresm-25n.npz train: x=(188050, 3, 1024), y=(188050,)
T7-t0-uclresm-25n.npz test: x=(107348, 3, 1024), y=(107348,)
T7-t0-uclresm-25n.npz: applied data scaling mode 'normalize'.
Loaded T7-t0-uclresm-25n.npz: Unique train labels: UniqueCountsResult(values=array([-1,  0,  1,  2,  3,  4]), counts=array([40144, 32109, 17978, 17979, 18098, 61742]))
Noise labels ratio in T7-t0-uclresm-25n.npz train: 0.21, test: 0.25
Loaded T7-t0-uclresm-25n.npz: Remapped labels: [45 46 47 48 49 50]. Size: 188050)
T8-t1-rcn.npz train: x=(36658, 1024), y=(36658, 2)
T8-t1-rcn.npz test: x=(12220, 1024), y=(12220, 2)
T8-t1-rcn.npz: applied data scaling mode 'normalize'.
Loaded T8-t1-rcn.npz: Unique train labels: UniqueCountsResult(values=array([-1,  0,  2,  4,  6,  7, 16]), counts=array([20595,   824,  2087,  2606,  2396,  1716,  6434]))
Noise labels ratio in T8-t1-rcn.npz train: 0.28, test: 0.28
Loaded T8-t1-rcn.npz: Remapped labels: [51 52 53 54 55 56 57]. Size: 36658)
T9-t2-deeprad.npz train: x=(17340, 1024), y=(17340, 2)
T9-t2-deeprad.npz test: x=(6800, 1024), y=(6800, 2)
T9-t2-deeprad.npz: applied data scaling mode 'normalize'.
Loaded T9-t2-deeprad.npz: Unique train labels: UniqueCountsResult(values=array([-1,  0,  1,  2,  3,  4]), counts=array([8670, 1774, 1675, 1777, 1694, 1750]))
Noise labels ratio in T9-t2-deeprad.npz train: 0.25, test: 0.25
Loaded T9-t2-deeprad.npz: Remapped labels: [58 59 60 61 62 63]. Size: 17340)
Built classes_per_task: [6, 7, 6, 7, 7, 6, 6, 6, 7, 6]
Classes per task: [6, 7, 6, 7, 7, 6, 6, 6, 7, 6]
n_outputs: 64 	n_tasks: 10
True
Model device: cuda:0
Task 0: 50362 training samples, 16787 test samples.
---- Eval at Epoch 0: cls [0.8583117299559836] | det_recall [0.5] | det_fa [1.0] ----
Task 0 Epoch 1/1 | Loss 0.5196 | Train Acc 0.7656 | Val Acc 0.8583 | Epoch Time 36.60s (Eval 4.35s, Train 32.25s)
Task 1: 51916 training samples, 17305 test samples.
---- Eval at Epoch 0: cls [0.8114175316955211, 0.8161050978359172] | det_recall [0.5, 0.5] | det_fa [1.0, 1.0] ----
Task 1 Epoch 1/1 | Loss 0.4520 | Train Acc 0.7831 | Val Acc 0.8161 | Epoch Time 180.97s (Eval 8.83s, Train 172.15s)
Task 2: 350028 training samples, 175014 test samples.
---- Eval at Epoch 0: cls [0.7969160006720613, 0.7463625840197606, 0.7178068362233537] | det_recall [0.5, 0.5, 0.5] | det_fa [1.0, 1.0, 1.0] ----
Task 2 Epoch 1/1 | Loss 0.9391 | Train Acc 0.5649 | Val Acc 0.7178 | Epoch Time 2214.34s (Eval 52.30s, Train 2162.04s)
Task 3: 24480 training samples, 8160 test samples.
---- Eval at Epoch 0: cls [0.781776840023149, 0.74923900774455, 0.6857967381563993, 0.4448395001174569] | det_recall [0.5, 0.5, 0.5, 0.5] | det_fa [1.0, 1.0, 1.0, 1.0] ----
Task 3 Epoch 1/1 | Loss 1.0428 | Train Acc 0.5585 | Val Acc 0.4448 | Epoch Time 272.92s (Eval 54.46s, Train 218.45s)
Task 4: 24480 training samples, 8160 test samples.
---- Eval at Epoch 0: cls [0.7823406806330768, 0.7730278977219882, 0.6534308851754653, 0.45935719114545726, 0.4430425910215328] | det_recall [0.5, 0.5, 0.5, 0.5, 0.5] | det_fa [1.0, 1.0, 1.0, 1.0, 1.0] ----
Task 4 Epoch 1/1 | Loss 1.2244 | Train Acc 0.4248 | Val Acc 0.4430 | Epoch Time 341.23s (Eval 56.65s, Train 284.58s)
Task 5: 201410 training samples, 100705 test samples.
---- Eval at Epoch 0: cls [0.7712375112419393, 0.707243928566039, 0.5415397991454951, 0.4543442908998119, 0.4424545588662785, 0.820974297791391] | det_recall [0.5, 0.5, 0.5, 0.5, 0.5, 0.5] | det_fa [1.0, 1.0, 1.0, 1.0, 1.0, 1.0] ----
Task 5 Epoch 1/1 | Loss 0.4669 | Train Acc 0.7629 | Val Acc 0.8210 | Epoch Time 3039.39s (Eval 81.56s, Train 2957.82s)
Task 6: 17340 training samples, 6800 test samples.
---- Eval at Epoch 0: cls [0.76910967481218, 0.7493802285246673, 0.542556269619506, 0.4868999738265463, 0.45629837557469677, 0.8071333225894635, 0.5191504866169745] | det_recall [0.5, 0.5, 0.5, 0.5, 0.5, 0.5, 0.5] | det_fa [1.0, 1.0, 1.0, 1.0, 1.0, 1.0, 1.0] ----
Task 6 Epoch 1/1 | Loss 1.0807 | Train Acc 0.5366 | Val Acc 0.5192 | Epoch Time 384.14s (Eval 83.34s, Train 300.80s)
Task 7: 188050 training samples, 94025 test samples.
---- Eval at Epoch 0: cls [0.7563353743517377, 0.7004761495716126, 0.5191217231231386, 0.44598087682329823, 0.4725102716905403, 0.7956929405230896, 0.48526050255416625, 0.8344522322594696] | det_recall [0.5, 0.5, 0.5, 0.5, 0.5, 0.5, 0.5, 0.5] | det_fa [1.0, 1.0, 1.0, 1.0, 1.0, 1.0, 1.0, 1.0] ----
Task 7 Epoch 1/1 | Loss 0.4380 | Train Acc 0.7928 | Val Acc 0.8345 | Epoch Time 3931.54s (Eval 106.65s, Train 3824.89s)
Task 8: 36658 training samples, 12220 test samples.
---- Eval at Epoch 0: cls [0.8249092500619556, 0.7799694751982882, 0.5041388481082928, 0.44294733544558473, 0.4490522900304794, 0.769709529534849, 0.4958120807165443, 0.8008727485191676, 0.7621603707397065] | det_recall [0.5, 0.5, 0.5, 0.5, 0.5, 0.5, 0.5, 0.5, 0.5] | det_fa [1.0, 1.0, 1.0, 1.0, 1.0, 1.0, 1.0, 1.0, 1.0] ----
Task 8 Epoch 1/1 | Loss 0.3951 | Train Acc 0.7917 | Val Acc 0.7622 | Epoch Time 945.08s (Eval 109.76s, Train 835.33s)
Task 9: 17340 training samples, 6800 test samples.
---- Eval at Epoch 0: cls [0.7964090534006274, 0.7665602696144872, 0.503174438395452, 0.45422786161842915, 0.4631613786712643, 0.7697029686756813, 0.4714827860128002, 0.7964912440720952, 0.7259211667993711, 0.47146501473184577] | det_recall [0.5, 0.5, 0.5, 0.5, 0.5, 0.5, 0.5, 0.5, 0.5, 0.5] | det_fa [1.0, 1.0, 1.0, 1.0, 1.0, 1.0, 1.0, 1.0, 1.0, 1.0] ----
Task 9 Epoch 1/1 | Loss 1.0458 | Train Acc 0.4803 | Val Acc 0.4715 | Epoch Time 556.94s (Eval 111.58s, Train 445.36s)
####Final Validation Accuracy####
Final Results:- 
 Total Accuracy: 0.6228258999373882 
 Individual Accuracy: [0.8022718601416408, 0.7669284040933553, 0.5019923223294509, 0.452125212429978, 0.46409093853067307, 0.7659773753349874, 0.47564744590012753, 0.7994355207533985, 0.7229534683425043, 0.4768364515177664]
Final Detection Results:- 
 Total Detection: 0.5 
 Individual Detection: [0.5, 0.5, 0.5, 0.5, 0.5, 0.5, 0.5, 0.5, 0.5, 0.5]
Final Detection False Alarm:- 
 Total False Alarm: 1.0 
 Individual False Alarm: [1.0, 1.0, 1.0, 1.0, 1.0, 1.0, 1.0, 1.0, 1.0, 1.0]
logs//gem/eclresm_test-2026-03-06_02-33-29-4471/0/results: {'expt_name': 'eclresm_test', 'model': 'gem', 'arch': 'resnet1d', 'n_hiddens': 100, 'n_layers': 2, 'xav_init': False, 'debug': False, 'use_detector_arch': False, 'glances': 1, 'n_epochs': 1, 'batch_size': 128, 'replay_batch_size': 64, 'memories': 5120, 'lr': 0.03, 'optimizer': 'sgd', 'cuda': True, 'seed': 0, 'log_every': 10, 'log_dir': 'logs//gem/eclresm_test-2026-03-06_02-33-29-4471/0', 'tf_dir': 'logs//gem/eclresm_test-2026-03-06_02-33-29-4471/0/tfdir', 'calc_test_accuracy': False, 'state_logging': False, 'data_path': 'data/rff/radar/full', 'loader': 'task_incremental_loader', 'samples_per_task': -1, 'shuffle_tasks': False, 'classes_per_it': 6, 'iterations': 5000, 'dataset': 'iq', 'workers': 0, 'validation': 0.5, 'data_scaling': 'normalize', 'class_order': 'random', 'increment': 5, 'test_batch_size': 512, 'nc_per_task': None, 'nc_per_task_list': '', 'val_rate': 4, 'opt_lr': 0.1, 'opt_wt': 0.1, 'alpha_init': 0.001, 'learn_lr': False, 'sync_update': False, 'grad_clip_norm': 5.0, 'meta_batches': 3, 'use_old_task_memory': False, 'second_order': False, 'n_memories': 5120, 'memory_strength': 1.0, 'steps_per_sample': 1, 'bgd_optimizer': 'sgd', 'optimizer_params': '{}', 'train_mc_iters': 5, 'std_init': 0.05, 'mean_eta': 1, 'fisher_gamma': 0.95, 'rln': 7, 'update_steps': 10, 'meta_lr': 0.001, 'update_lr': 0.1, 'ctx_lr': 0.05, 'n_meta': 2, 'inner_steps': 1, 'temperature': 5.0, 'task_emb': 64, 'classes_per_task': [6, 7, 6, 7, 7, 6, 6, 6, 7, 6], 'get_samples_per_task': <bound method IncrementalLoader.get_samples_per_task of <dataloaders.task_incremental_loader.IncrementalLoader object at 0x7fa2953969e0>>} # val: 0.671 0.623 -0.048 0.000 # 12574.7486846447
[2026-03-06T06:03:47+00:00] Completed: gem (exit 0)
[2026-03-06T06:03:47+00:00] --- Running: base + hat ---
New Experiment Starting...
Running model:  hat
Set seed 0
T0-t2-rcn.npz train: x=(50362, 1024), y=(50362, 2)
T0-t2-rcn.npz test: x=(16787, 1024), y=(16787, 2)
T0-t2-rcn.npz: applied data scaling mode 'normalize'.
Loaded T0-t2-rcn.npz: Unique train labels: UniqueCountsResult(values=array([-1,  3,  5, 10, 12, 15]), counts=array([24209,  5770,  3030,  2320,  7509,  7524]))
Noise labels ratio in T0-t2-rcn.npz train: 0.24, test: 0.24
Loaded T0-t2-rcn.npz: Remapped labels: [0 1 2 3 4 5]. Size: 50362)
T1-t0-rcn.npz train: x=(51916, 1024), y=(51916, 2)
T1-t0-rcn.npz test: x=(17305, 1024), y=(17305, 2)
T1-t0-rcn.npz: applied data scaling mode 'normalize'.
Loaded T1-t0-rcn.npz: Unique train labels: UniqueCountsResult(values=array([-1,  1,  8,  9, 11, 13, 14]), counts=array([24225,  4268,  2495,  2943,  3015,  7464,  7506]))
Noise labels ratio in T1-t0-rcn.npz train: 0.23, test: 0.23
Loaded T1-t0-rcn.npz: Remapped labels: [ 6  7  8  9 10 11 12]. Size: 51916)
T2-t2-uclresm-25n.npz train: moved sample axis (3, 350028, 1024) -> (350028, 3, 1024)
T2-t2-uclresm-25n.npz test: moved sample axis (3, 233351, 1024) -> (233351, 3, 1024)
T2-t2-uclresm-25n.npz train: x=(350028, 3, 1024), y=(350028,)
T2-t2-uclresm-25n.npz test: x=(233351, 3, 1024), y=(233351,)
T2-t2-uclresm-25n.npz: applied data scaling mode 'normalize'.
Loaded T2-t2-uclresm-25n.npz: Unique train labels: UniqueCountsResult(values=array([-1,  0,  1,  2,  3,  4]), counts=array([87441, 27347, 71754, 64298, 36005, 63183]))
Noise labels ratio in T2-t2-uclresm-25n.npz train: 0.25, test: 0.25
Loaded T2-t2-uclresm-25n.npz: Remapped labels: [13 14 15 16 17 18]. Size: 350028)
T3-t0-deeprad.npz train: x=(24480, 1024), y=(24480, 2)
T3-t0-deeprad.npz test: x=(8160, 1024), y=(8160, 2)
T3-t0-deeprad.npz: applied data scaling mode 'normalize'.
Loaded T3-t0-deeprad.npz: Unique train labels: UniqueCountsResult(values=array([-1,  0,  1,  2,  3,  4,  5]), counts=array([12240,  2029,  1983,  2043,  2154,  2015,  2016]))
Noise labels ratio in T3-t0-deeprad.npz train: 0.25, test: 0.25
Loaded T3-t0-deeprad.npz: Remapped labels: [19 20 21 22 23 24 25]. Size: 24480)
T4-t1-deeprad.npz train: x=(24480, 1024), y=(24480, 2)
T4-t1-deeprad.npz test: x=(8160, 1024), y=(8160, 2)
T4-t1-deeprad.npz: applied data scaling mode 'normalize'.
Loaded T4-t1-deeprad.npz: Unique train labels: UniqueCountsResult(values=array([-1,  0,  1,  2,  3,  4,  5]), counts=array([12240,  1988,  2029,  2054,  1988,  2053,  2128]))
Noise labels ratio in T4-t1-deeprad.npz train: 0.25, test: 0.25
Loaded T4-t1-deeprad.npz: Remapped labels: [26 27 28 29 30 31 32]. Size: 24480)
T5-t1-uclresm-25n.npz train: moved sample axis (3, 201410, 1024) -> (201410, 3, 1024)
T5-t1-uclresm-25n.npz test: moved sample axis (3, 116291, 1024) -> (116291, 3, 1024)
T5-t1-uclresm-25n.npz train: x=(201410, 3, 1024), y=(201410,)
T5-t1-uclresm-25n.npz test: x=(116291, 3, 1024), y=(116291,)
T5-t1-uclresm-25n.npz: applied data scaling mode 'normalize'.
Loaded T5-t1-uclresm-25n.npz: Unique train labels: UniqueCountsResult(values=array([-1,  0,  1,  2,  3,  4]), counts=array([43668, 18021, 17838, 18087, 31870, 71926]))
Noise labels ratio in T5-t1-uclresm-25n.npz train: 0.22, test: 0.25
Loaded T5-t1-uclresm-25n.npz: Remapped labels: [33 34 35 36 37 38]. Size: 201410)
T6-t3-deeprad.npz train: x=(17340, 1024), y=(17340, 2)
T6-t3-deeprad.npz test: x=(6800, 1024), y=(6800, 2)
T6-t3-deeprad.npz: applied data scaling mode 'normalize'.
Loaded T6-t3-deeprad.npz: Unique train labels: UniqueCountsResult(values=array([-1,  0,  1,  2,  3,  4]), counts=array([8670, 1693, 1677, 1794, 1716, 1790]))
Noise labels ratio in T6-t3-deeprad.npz train: 0.25, test: 0.25
Loaded T6-t3-deeprad.npz: Remapped labels: [39 40 41 42 43 44]. Size: 17340)
T7-t0-uclresm-25n.npz train: moved sample axis (3, 188050, 1024) -> (188050, 3, 1024)
T7-t0-uclresm-25n.npz test: moved sample axis (3, 107348, 1024) -> (107348, 3, 1024)
T7-t0-uclresm-25n.npz train: x=(188050, 3, 1024), y=(188050,)
T7-t0-uclresm-25n.npz test: x=(107348, 3, 1024), y=(107348,)
T7-t0-uclresm-25n.npz: applied data scaling mode 'normalize'.
Loaded T7-t0-uclresm-25n.npz: Unique train labels: UniqueCountsResult(values=array([-1,  0,  1,  2,  3,  4]), counts=array([40144, 32109, 17978, 17979, 18098, 61742]))
Noise labels ratio in T7-t0-uclresm-25n.npz train: 0.21, test: 0.25
Loaded T7-t0-uclresm-25n.npz: Remapped labels: [45 46 47 48 49 50]. Size: 188050)
T8-t1-rcn.npz train: x=(36658, 1024), y=(36658, 2)
T8-t1-rcn.npz test: x=(12220, 1024), y=(12220, 2)
T8-t1-rcn.npz: applied data scaling mode 'normalize'.
Loaded T8-t1-rcn.npz: Unique train labels: UniqueCountsResult(values=array([-1,  0,  2,  4,  6,  7, 16]), counts=array([20595,   824,  2087,  2606,  2396,  1716,  6434]))
Noise labels ratio in T8-t1-rcn.npz train: 0.28, test: 0.28
Loaded T8-t1-rcn.npz: Remapped labels: [51 52 53 54 55 56 57]. Size: 36658)
T9-t2-deeprad.npz train: x=(17340, 1024), y=(17340, 2)
T9-t2-deeprad.npz test: x=(6800, 1024), y=(6800, 2)
T9-t2-deeprad.npz: applied data scaling mode 'normalize'.
Loaded T9-t2-deeprad.npz: Unique train labels: UniqueCountsResult(values=array([-1,  0,  1,  2,  3,  4]), counts=array([8670, 1774, 1675, 1777, 1694, 1750]))
Noise labels ratio in T9-t2-deeprad.npz train: 0.25, test: 0.25
Loaded T9-t2-deeprad.npz: Remapped labels: [58 59 60 61 62 63]. Size: 17340)
Built classes_per_task: [6, 7, 6, 7, 7, 6, 6, 6, 7, 6]
Classes per task: [6, 7, 6, 7, 7, 6, 6, 6, 7, 6]
n_outputs: 64 	n_tasks: 10
True
Model device: cuda:0
Task 0: 50362 training samples, 16787 test samples.
---- Eval at Epoch 0: cls [0.5095637662405247] | det_recall [0.8759187998411989] | det_fa [0.13593143910316818] ----
Task 0 Epoch 1/1 | Loss 1.3732 | Train Acc 0.3689 | Val Acc 0.5096 | Epoch Time 54.44s (Eval 4.37s, Train 50.08s)
Task 1: 51916 training samples, 17305 test samples.
---- Eval at Epoch 0: cls [0.2861578173744022, 0.167266758471725] | det_recall [0.500197837361663, 0.7426268442975137] | det_fa [0.999381097777019, 0.1324059068904742] ----
Task 1 Epoch 1/1 | Loss 1.6602 | Train Acc 0.2318 | Val Acc 0.1673 | Epoch Time 59.81s (Eval 8.86s, Train 50.95s)
Task 2: 350028 training samples, 175014 test samples.
Traceback (most recent call last):
  File "/home/lunet/wsmr11/repos/La-MAML/main.py", line 833, in <module>
    main()
  File "/home/lunet/wsmr11/repos/La-MAML/main.py", line 823, in main
    life_experience(model, loader, args)
  File "/home/lunet/wsmr11/repos/La-MAML/main.py", line 433, in life_experience
    loss, tr_acc = model.observe(Variable(v_x), v_y, task_info["task"])
  File "/home/lunet/wsmr11/repos/La-MAML/model/hat.py", line 572, in observe
    logits, masks = self.bridge.forward(self._task_tensor(t, device), x, s, return_masks=True)
  File "/home/lunet/wsmr11/repos/La-MAML/model/hat.py", line 329, in forward
    logits = self.model(x, mask_dict)
  File "/home/lunet/wsmr11/repos/La-MAML/la-maml_env/lib/python3.10/site-packages/torch/nn/modules/module.py", line 1773, in _wrapped_call_impl
    return self._call_impl(*args, **kwargs)
  File "/home/lunet/wsmr11/repos/La-MAML/la-maml_env/lib/python3.10/site-packages/torch/nn/modules/module.py", line 1784, in _call_impl
    return forward_call(*args, **kwargs)
  File "/home/lunet/wsmr11/repos/La-MAML/model/hat.py", line 198, in forward
    out = self.conv1(x)
  File "/home/lunet/wsmr11/repos/La-MAML/la-maml_env/lib/python3.10/site-packages/torch/nn/modules/module.py", line 1773, in _wrapped_call_impl
    return self._call_impl(*args, **kwargs)
  File "/home/lunet/wsmr11/repos/La-MAML/la-maml_env/lib/python3.10/site-packages/torch/nn/modules/module.py", line 1784, in _call_impl
    return forward_call(*args, **kwargs)
  File "/home/lunet/wsmr11/repos/La-MAML/la-maml_env/lib/python3.10/site-packages/torch/nn/modules/conv.py", line 371, in forward
    return self._conv_forward(input, self.weight, self.bias)
  File "/home/lunet/wsmr11/repos/La-MAML/la-maml_env/lib/python3.10/site-packages/torch/nn/modules/conv.py", line 366, in _conv_forward
    return F.conv1d(
RuntimeError: Given groups=1, weight of size [64, 2, 7], expected input[128, 3, 1024] to have 2 channels, but got 3 channels instead
[2026-03-06T06:07:01+00:00] ERROR: hat failed with exit code 1
[2026-03-06T06:07:01+00:00] Skipping icarl (not in INCLUDED)
[2026-03-06T06:07:01+00:00] Skipping iid2 (not in INCLUDED)
[2026-03-06T06:07:01+00:00] Skipping la-er (not in INCLUDED)
[2026-03-06T06:07:01+00:00] Skipping lamaml (not in INCLUDED)
[2026-03-06T06:07:01+00:00] Skipping lwf (not in INCLUDED)
[2026-03-06T06:07:01+00:00] Skipping meralg1 (not in INCLUDED)
[2026-03-06T06:07:01+00:00] Skipping meta-bgd (not in INCLUDED)
[2026-03-06T06:07:01+00:00] Skipping packnet (not in INCLUDED)
[2026-03-06T06:07:01+00:00] Skipping rwalk (not in INCLUDED)
[2026-03-06T06:07:01+00:00] Skipping si (not in INCLUDED)
[2026-03-06T06:07:01+00:00] Skipping smaml (not in INCLUDED)
[2026-03-06T06:07:01+00:00] Skipping ucl (not in INCLUDED)
[2026-03-06T06:07:01+00:00] === full_experiments.sh finished ===
