[2026-05-30T11:59:55+01:00] === full_experiments.sh started ===
[2026-05-30T11:59:55+01:00] REPO_ROOT=/home/lunet/wsmr11/repos/La-MAML
[2026-05-30T11:59:55+01:00] LOG_FILE=/home/lunet/wsmr11/repos/La-MAML/logs/full_experiments/run_20260530_115955_lnx-elkk-2_seed_55/full_experiments_20260530_115955.log
[2026-05-30T11:59:55+01:00] INCLUDED_ALL=ewc er_ring eralg4 gem cmaml bcl_dual agem icarl lwf rwalk si ucl la-er lamaml smaml iid2 hat packnet ctn
[2026-05-30T11:59:55+01:00] EXPERIMENT_DESC=seed_55
[2026-05-30T11:59:55+01:00] PASSTHROUGH_ARGS=--seed 55
[2026-05-30T11:59:55+01:00] ONE_SHOT=1 (main.py runs use --n_epochs 1 --inner_steps 2)
[2026-05-30T11:59:55+01:00] Activated la-maml_env
[2026-05-30T11:59:55+01:00] Using SERIAL_PROBE_JSON_PATH=logs/eta_probe/eta_probe_elkk-1-algos_10-iter_avg-util-2.json
[2026-05-30T11:59:55+01:00] Using SCHEDULE_JSON_PATH=logs/eta_probe/three_host_schedule_cil.json
[2026-05-30T11:59:55+01:00] HOST_KEY=lnx-elkk-2
[2026-05-30T11:59:55+01:00] MODEL_MODE=cil
[2026-05-30T11:59:55+01:00] Reusing existing schedule JSON.
[2026-05-30T11:59:55+01:00] Estimated time saved (parallel vs serial): 61.13172541743971%
[2026-05-30T11:59:55+01:00] QUEUE_HIGH count=2: si lwf
[2026-05-30T11:59:55+01:00] QUEUE_LOW  count=4: smaml la-er bcl_dual ucl
[2026-05-30T11:59:55+01:00] === Queue phase on lnx-elkk-2 (util high/low) ===
[2026-05-30T11:59:55+01:00] --- Dispatching: base + si + si.yaml (job log: /home/lunet/wsmr11/repos/La-MAML/logs/full_experiments/run_20260530_115955_lnx-elkk-2_seed_55/job_logs/job_si_20260530_115955_654342544.log) ---
[2026-05-30T11:59:55+01:00] START si
[2026-05-30T11:59:55+01:00] --- Dispatching: base + smaml + smaml.yaml (job log: /home/lunet/wsmr11/repos/La-MAML/logs/full_experiments/run_20260530_115955_lnx-elkk-2_seed_55/job_logs/job_smaml_20260530_115955_659125850.log) ---
[2026-05-30T11:59:55+01:00] START smaml
[2026-05-30T14:57:13+01:00] Completed: si (exit 0)
[2026-05-30T14:57:14+01:00] --- Dispatching: base + lwf + lwf.yaml (job log: /home/lunet/wsmr11/repos/La-MAML/logs/full_experiments/run_20260530_115955_lnx-elkk-2_seed_55/job_logs/job_lwf_20260530_145714_283521720.log) ---
[2026-05-30T14:57:14+01:00] START lwf
[2026-05-30T18:09:03+01:00] Completed: lwf (exit 0)
[2026-05-30T20:04:05+01:00] Completed: smaml (exit 0)
[2026-05-30T20:04:06+01:00] --- Dispatching: base + la-er + la-er.yaml (job log: /home/lunet/wsmr11/repos/La-MAML/logs/full_experiments/run_20260530_115955_lnx-elkk-2_seed_55/job_logs/job_la-er_20260530_200406_016944851.log) ---
[2026-05-30T20:04:06+01:00] START la-er
[2026-05-31T00:31:07+01:00] Completed: la-er (exit 0)
[2026-05-31T00:31:07+01:00] --- Dispatching: base + bcl_dual + bcl_dual.yaml (job log: /home/lunet/wsmr11/repos/La-MAML/logs/full_experiments/run_20260530_115955_lnx-elkk-2_seed_55/job_logs/job_bcl_dual_20260531_003107_672249042.log) ---
[2026-05-31T00:31:07+01:00] START bcl_dual
[2026-05-31T03:34:16+01:00] Completed: bcl_dual (exit 0)
[2026-05-31T03:34:16+01:00] --- Dispatching: base + ucl + ucl.yaml (job log: /home/lunet/wsmr11/repos/La-MAML/logs/full_experiments/run_20260530_115955_lnx-elkk-2_seed_55/job_logs/job_ucl_20260531_033416_647049462.log) ---
[2026-05-31T03:34:16+01:00] START ucl
[2026-05-31T06:19:44+01:00] Completed: ucl (exit 0)
[2026-05-31T06:19:45+01:00] === full_experiments.sh finished: successful_runs=6 unsuccessful_runs=0 total_runtime=18:19:50 (65990s) ===
