[STATE 2026-04-28 20:00:46] Enabling terminal logging to logs//bcl_single/full-tasks_CIL_all-2026-04-28_20-00-46-5079/0/terminal.log
New Experiment Starting...
Running model:  bcl_dual
[STATE 2026-04-28 20:00:46] Experiment 'full-tasks_CIL_all' starting with model 'bcl_dual' (seed 0)
Set seed 0
t2-rcn.npz train: x=(50362, 1024), y=(50362, 2)
t2-rcn.npz test: x=(16787, 1024), y=(16787, 2)
t2-rcn.npz: applied data scaling mode 'normalize'.
Loaded t2-rcn.npz: Unique train labels: UniqueCountsResult(values=array([-1,  3,  5, 10, 12, 15]), counts=array([24209,  5770,  3030,  2320,  7509,  7524]))
Noise labels ratio in t2-rcn.npz train: 0.24, test: 0.24
Loaded t2-rcn.npz: Remapped labels: [0 1 2 3 4 5]. Size: 50362)
t0-rcn.npz train: x=(51916, 1024), y=(51916, 2)
t0-rcn.npz test: x=(17305, 1024), y=(17305, 2)
t0-rcn.npz: applied data scaling mode 'normalize'.
Loaded t0-rcn.npz: Unique train labels: UniqueCountsResult(values=array([-1,  1,  8,  9, 11, 13, 14]), counts=array([24225,  4268,  2495,  2943,  3015,  7464,  7506]))
Noise labels ratio in t0-rcn.npz train: 0.23, test: 0.23
Loaded t0-rcn.npz: Remapped labels: [ 6  7  8  9 10 11 12]. Size: 51916)
t2-uclresm-25noise.npz train: moved sample axis (3, 350028, 1024) -> (350028, 3, 1024)
t2-uclresm-25noise.npz test: moved sample axis (3, 233351, 1024) -> (233351, 3, 1024)
t2-uclresm-25noise.npz train: x=(350028, 3, 1024), y=(350028,)
t2-uclresm-25noise.npz test: x=(233351, 3, 1024), y=(233351,)
t2-uclresm-25noise.npz: applied data scaling mode 'normalize'.
Loaded t2-uclresm-25noise.npz: Unique train labels: UniqueCountsResult(values=array([-1,  0,  1,  2,  3,  4]), counts=array([87441, 27347, 71754, 64298, 36005, 63183]))
Noise labels ratio in t2-uclresm-25noise.npz train: 0.25, test: 0.25
Loaded t2-uclresm-25noise.npz: Remapped labels: [13 14 15 16 17 18]. Size: 350028)
t0-deeprad.npz train: x=(24480, 1024), y=(24480, 2)
t0-deeprad.npz test: x=(8160, 1024), y=(8160, 2)
t0-deeprad.npz: applied data scaling mode 'normalize'.
Loaded t0-deeprad.npz: Unique train labels: UniqueCountsResult(values=array([-1,  0,  1,  2,  3,  4,  5]), counts=array([12240,  2029,  1983,  2043,  2154,  2015,  2016]))
Noise labels ratio in t0-deeprad.npz train: 0.25, test: 0.25
Loaded t0-deeprad.npz: Remapped labels: [19 20 21 22 23 24 25]. Size: 24480)
t1-deeprad.npz train: x=(24480, 1024), y=(24480, 2)
t1-deeprad.npz test: x=(8160, 1024), y=(8160, 2)
t1-deeprad.npz: applied data scaling mode 'normalize'.
Loaded t1-deeprad.npz: Unique train labels: UniqueCountsResult(values=array([-1,  0,  1,  2,  3,  4,  5]), counts=array([12240,  1988,  2029,  2054,  1988,  2053,  2128]))
Noise labels ratio in t1-deeprad.npz train: 0.25, test: 0.25
Loaded t1-deeprad.npz: Remapped labels: [26 27 28 29 30 31 32]. Size: 24480)
t1-uclresm-25noise.npz train: moved sample axis (3, 201410, 1024) -> (201410, 3, 1024)
t1-uclresm-25noise.npz test: moved sample axis (3, 116291, 1024) -> (116291, 3, 1024)
t1-uclresm-25noise.npz train: x=(201410, 3, 1024), y=(201410,)
t1-uclresm-25noise.npz test: x=(116291, 3, 1024), y=(116291,)
t1-uclresm-25noise.npz: applied data scaling mode 'normalize'.
Loaded t1-uclresm-25noise.npz: Unique train labels: UniqueCountsResult(values=array([-1,  0,  1,  2,  3,  4]), counts=array([43668, 18021, 17838, 18087, 31870, 71926]))
Noise labels ratio in t1-uclresm-25noise.npz train: 0.22, test: 0.25
Loaded t1-uclresm-25noise.npz: Remapped labels: [33 34 35 36 37 38]. Size: 201410)
t3-deeprad.npz train: x=(17340, 1024), y=(17340, 2)
t3-deeprad.npz test: x=(6800, 1024), y=(6800, 2)
t3-deeprad.npz: applied data scaling mode 'normalize'.
Loaded t3-deeprad.npz: Unique train labels: UniqueCountsResult(values=array([-1,  0,  1,  2,  3,  4]), counts=array([8670, 1693, 1677, 1794, 1716, 1790]))
Noise labels ratio in t3-deeprad.npz train: 0.25, test: 0.25
Loaded t3-deeprad.npz: Remapped labels: [39 40 41 42 43 44]. Size: 17340)
t0-uclresm-25noise.npz train: moved sample axis (3, 188050, 1024) -> (188050, 3, 1024)
t0-uclresm-25noise.npz test: moved sample axis (3, 107348, 1024) -> (107348, 3, 1024)
t0-uclresm-25noise.npz train: x=(188050, 3, 1024), y=(188050,)
t0-uclresm-25noise.npz test: x=(107348, 3, 1024), y=(107348,)
t0-uclresm-25noise.npz: applied data scaling mode 'normalize'.
Loaded t0-uclresm-25noise.npz: Unique train labels: UniqueCountsResult(values=array([-1,  0,  1,  2,  3,  4]), counts=array([40144, 32109, 17978, 17979, 18098, 61742]))
Noise labels ratio in t0-uclresm-25noise.npz train: 0.21, test: 0.25
Loaded t0-uclresm-25noise.npz: Remapped labels: [45 46 47 48 49 50]. Size: 188050)
t1-rcn.npz train: x=(36658, 1024), y=(36658, 2)
t1-rcn.npz test: x=(12220, 1024), y=(12220, 2)
t1-rcn.npz: applied data scaling mode 'normalize'.
Loaded t1-rcn.npz: Unique train labels: UniqueCountsResult(values=array([-1,  0,  2,  4,  6,  7, 16]), counts=array([20595,   824,  2087,  2606,  2396,  1716,  6434]))
Noise labels ratio in t1-rcn.npz train: 0.28, test: 0.28
Loaded t1-rcn.npz: Remapped labels: [51 52 53 54 55 56 57]. Size: 36658)
t2-deeprad.npz train: x=(17340, 1024), y=(17340, 2)
t2-deeprad.npz test: x=(6800, 1024), y=(6800, 2)
t2-deeprad.npz: applied data scaling mode 'normalize'.
Loaded t2-deeprad.npz: Unique train labels: UniqueCountsResult(values=array([-1,  0,  1,  2,  3,  4]), counts=array([8670, 1774, 1675, 1777, 1694, 1750]))
Noise labels ratio in t2-deeprad.npz train: 0.25, test: 0.25
Loaded t2-deeprad.npz: Remapped labels: [58 59 60 61 62 63]. Size: 17340)
Built classes_per_task: [6, 7, 6, 7, 7, 6, 6, 6, 7, 6]
Classes per task: [6, 7, 6, 7, 7, 6, 6, 6, 7, 6]
[STATE 2026-04-28 20:01:51] Loader 'task_incremental_loader' ready: 1024 inputs, 64 outputs, 10 tasks
n_outputs: 64 	n_tasks: 10
[STATE 2026-04-28 20:01:51] Logging to logs//bcl_single/full-tasks_CIL_all-2026-04-28_20-00-46-5079/0
True
Model device: cuda:0
[STATE 2026-04-28 20:01:51] Model initialized on device cuda:0
[STATE 2026-04-28 20:01:51] Invoking continual life experience flow
[STATE 2026-04-28 20:01:51] Life experience start: 10 tasks queued
[STATE 2026-04-28 20:01:51] Legacy epoch behavior enabled: using n_epochs=10 for all tasks
Task 0: 50362 training samples, 16787 test samples.
[STATE 2026-04-28 20:01:51] Task 0: zero-shot validation (pre-train)
---- Zero-shot (pre-train) task 0: rec_cls 0.1175 | prec_cls 0.1336 | f1_cls 0.0961 | det 0.4550 | pfa 0.7831 | total_f1 0.0961 ----
[STATE 2026-04-28 20:01:56] Starting task 0 (1/10)
[STATE 2026-04-28 20:01:56] Task 0 Epoch 1/10: entering train loop
[STATE 2026-04-28 20:03:09] Task 0 Epoch 1/10: running validation (end of epoch)
---- Eval at Epoch 0: cls [0.8255858053330577] | det_recall [0.8802135785224304] | det_fa [0.20356055961496453] ----
T0 Ep 1/10 | L 0.5540 | Train Acc 0.63 | Prec 0.64 | F1 0.60 | Det Rec 0.82 | Det FA 0.27 | Epoch Time 78.19s (Eval 4.83s, Train 73.35s)
[STATE 2026-04-28 20:03:14] T0 Ep 1/10 complete: Prec 0.6427 F1 0.5955 DetRec 0.8192 DetFA 0.2708 | 78.19s total (4.83s eval/73.35s train)
[STATE 2026-04-28 20:03:14] Task 0 Epoch 2/10: entering train loop
T0 Ep 2/10 | L 0.1019 | Train Acc 0.85 | Prec 0.87 | F1 0.80 | Det Rec 0.88 | Det FA 0.21 | Epoch Time 76.37s (Eval 0.00s, Train 76.37s)
[STATE 2026-04-28 20:04:31] T0 Ep 2/10 complete: Prec 0.8706 F1 0.8047 DetRec 0.8821 DetFA 0.2078 | 76.37s total (0.00s eval/76.37s train)
[STATE 2026-04-28 20:04:31] Task 0 Epoch 3/10: entering train loop
T0 Ep 3/10 | L 0.0632 | Train Acc 0.88 | Prec 0.90 | F1 0.83 | Det Rec 0.89 | Det FA 0.20 | Epoch Time 78.30s (Eval 0.00s, Train 78.30s)
[STATE 2026-04-28 20:05:49] T0 Ep 3/10 complete: Prec 0.8953 F1 0.8277 DetRec 0.8852 DetFA 0.2015 | 78.30s total (0.00s eval/78.30s train)
[STATE 2026-04-28 20:05:49] Task 0 Epoch 4/10: entering train loop
T0 Ep 4/10 | L 0.0429 | Train Acc 0.89 | Prec 0.91 | F1 0.84 | Det Rec 0.89 | Det FA 0.20 | Epoch Time 77.55s (Eval 0.00s, Train 77.55s)
[STATE 2026-04-28 20:07:06] T0 Ep 4/10 complete: Prec 0.9072 F1 0.8390 DetRec 0.8869 DetFA 0.1998 | 77.55s total (0.00s eval/77.55s train)
[STATE 2026-04-28 20:07:06] Task 0 Epoch 5/10: entering train loop
T0 Ep 5/10 | L 0.0335 | Train Acc 0.90 | Prec 0.92 | F1 0.85 | Det Rec 0.89 | Det FA 0.20 | Epoch Time 78.41s (Eval 0.00s, Train 78.41s)
[STATE 2026-04-28 20:08:25] T0 Ep 5/10 complete: Prec 0.9158 F1 0.8480 DetRec 0.8893 DetFA 0.1982 | 78.41s total (0.00s eval/78.41s train)
[STATE 2026-04-28 20:08:25] Task 0 Epoch 6/10: entering train loop
T0 Ep 6/10 | L 0.0279 | Train Acc 0.91 | Prec 0.92 | F1 0.85 | Det Rec 0.89 | Det FA 0.20 | Epoch Time 77.63s (Eval 0.00s, Train 77.63s)
[STATE 2026-04-28 20:09:42] T0 Ep 6/10 complete: Prec 0.9232 F1 0.8542 DetRec 0.8900 DetFA 0.1971 | 77.63s total (0.00s eval/77.63s train)
[STATE 2026-04-28 20:09:42] Task 0 Epoch 7/10: entering train loop
T0 Ep 7/10 | L 0.0246 | Train Acc 0.91 | Prec 0.93 | F1 0.86 | Det Rec 0.89 | Det FA 0.20 | Epoch Time 77.81s (Eval 0.00s, Train 77.81s)
[STATE 2026-04-28 20:11:00] T0 Ep 7/10 complete: Prec 0.9280 F1 0.8583 DetRec 0.8892 DetFA 0.2000 | 77.81s total (0.00s eval/77.81s train)
[STATE 2026-04-28 20:11:00] Task 0 Epoch 8/10: entering train loop
T0 Ep 8/10 | L 0.0211 | Train Acc 0.92 | Prec 0.93 | F1 0.86 | Det Rec 0.89 | Det FA 0.20 | Epoch Time 76.84s (Eval 0.00s, Train 76.84s)
[STATE 2026-04-28 20:12:17] T0 Ep 8/10 complete: Prec 0.9334 F1 0.8642 DetRec 0.8916 DetFA 0.1955 | 76.84s total (0.00s eval/76.84s train)
[STATE 2026-04-28 20:12:17] Task 0 Epoch 9/10: entering train loop
T0 Ep 9/10 | L 0.0199 | Train Acc 0.92 | Prec 0.93 | F1 0.87 | Det Rec 0.89 | Det FA 0.20 | Epoch Time 76.11s (Eval 0.00s, Train 76.11s)
[STATE 2026-04-28 20:13:33] T0 Ep 9/10 complete: Prec 0.9340 F1 0.8652 DetRec 0.8916 DetFA 0.1960 | 76.11s total (0.00s eval/76.11s train)
[STATE 2026-04-28 20:13:33] Task 0 Epoch 10/10: entering train loop
T0 Ep 10/10 | L 0.0175 | Train Acc 0.93 | Prec 0.94 | F1 0.87 | Det Rec 0.89 | Det FA 0.19 | Epoch Time 76.43s (Eval 0.00s, Train 76.43s)
[STATE 2026-04-28 20:14:50] T0 Ep 10/10 complete: Prec 0.9411 F1 0.8720 DetRec 0.8931 DetFA 0.1932 | 76.43s total (0.00s eval/76.43s train)
[STATE 2026-04-28 20:14:50] Task 0: running final validation.
[STATE 2026-04-28 20:14:54] Completed task 0 (1/10)
Task 1: 51916 training samples, 17305 test samples.
[STATE 2026-04-28 20:14:54] Task 1: zero-shot validation (pre-train)
---- Zero-shot (pre-train) task 1: rec_cls 0.2534 | prec_cls 0.2450 | f1_cls 0.1167 | det 0.5000 | pfa 1.0000 | total_f1 0.4766 ----
[STATE 2026-04-28 20:15:04] Starting task 1 (2/10)
[STATE 2026-04-28 20:15:04] Task 1 Epoch 1/10: entering train loop
[STATE 2026-04-28 20:16:54] Task 1 Epoch 1/10: running validation (end of epoch)
---- Eval at Epoch 0: cls [0.8284672865376427, 0.7881734387378726] | det_recall [0.8809934386742921, 0.8254696123429348] | det_fa [0.1453171185280898, 0.294853269664911] ----
T1 Ep 1/10 | L 0.2713 | Train Acc 0.71 | Prec 0.76 | F1 0.61 | Det Rec 0.73 | Det FA 0.47 | Epoch Time 119.82s (Eval 9.75s, Train 110.07s)
[STATE 2026-04-28 20:17:04] T1 Ep 1/10 complete: Prec 0.7577 F1 0.6140 DetRec 0.7308 DetFA 0.4713 | 119.82s total (9.75s eval/110.07s train)
[STATE 2026-04-28 20:17:04] Task 1 Epoch 2/10: entering train loop
T1 Ep 2/10 | L 0.1149 | Train Acc 0.82 | Prec 0.86 | F1 0.77 | Det Rec 0.85 | Det FA 0.24 | Epoch Time 110.15s (Eval 0.00s, Train 110.15s)
[STATE 2026-04-28 20:18:54] T1 Ep 2/10 complete: Prec 0.8618 F1 0.7657 DetRec 0.8501 DetFA 0.2442 | 110.15s total (0.00s eval/110.15s train)
[STATE 2026-04-28 20:18:54] Task 1 Epoch 3/10: entering train loop
T1 Ep 3/10 | L 0.0592 | Train Acc 0.85 | Prec 0.89 | F1 0.81 | Det Rec 0.88 | Det FA 0.20 | Epoch Time 107.55s (Eval 0.00s, Train 107.55s)
[STATE 2026-04-28 20:20:42] T1 Ep 3/10 complete: Prec 0.8883 F1 0.8094 DetRec 0.8780 DetFA 0.1961 | 107.55s total (0.00s eval/107.55s train)
[STATE 2026-04-28 20:20:42] Task 1 Epoch 4/10: entering train loop
T1 Ep 4/10 | L 0.0403 | Train Acc 0.87 | Prec 0.90 | F1 0.83 | Det Rec 0.89 | Det FA 0.18 | Epoch Time 110.59s (Eval 0.00s, Train 110.59s)
[STATE 2026-04-28 20:22:32] T1 Ep 4/10 complete: Prec 0.9040 F1 0.8310 DetRec 0.8902 DetFA 0.1753 | 110.59s total (0.00s eval/110.59s train)
[STATE 2026-04-28 20:22:32] Task 1 Epoch 5/10: entering train loop
T1 Ep 5/10 | L 0.0298 | Train Acc 0.89 | Prec 0.91 | F1 0.84 | Det Rec 0.90 | Det FA 0.17 | Epoch Time 109.30s (Eval 0.00s, Train 109.30s)
[STATE 2026-04-28 20:24:22] T1 Ep 5/10 complete: Prec 0.9121 F1 0.8450 DetRec 0.8978 DetFA 0.1661 | 109.30s total (0.00s eval/109.30s train)
[STATE 2026-04-28 20:24:22] Task 1 Epoch 6/10: entering train loop
T1 Ep 6/10 | L 0.0248 | Train Acc 0.89 | Prec 0.92 | F1 0.85 | Det Rec 0.90 | Det FA 0.16 | Epoch Time 108.17s (Eval 0.00s, Train 108.17s)
[STATE 2026-04-28 20:26:10] T1 Ep 6/10 complete: Prec 0.9204 F1 0.8549 DetRec 0.9016 DetFA 0.1599 | 108.17s total (0.00s eval/108.17s train)
[STATE 2026-04-28 20:26:10] Task 1 Epoch 7/10: entering train loop
T1 Ep 7/10 | L 0.0210 | Train Acc 0.90 | Prec 0.92 | F1 0.86 | Det Rec 0.91 | Det FA 0.15 | Epoch Time 109.48s (Eval 0.00s, Train 109.48s)
[STATE 2026-04-28 20:27:59] T1 Ep 7/10 complete: Prec 0.9221 F1 0.8607 DetRec 0.9070 DetFA 0.1520 | 109.48s total (0.00s eval/109.48s train)
[STATE 2026-04-28 20:27:59] Task 1 Epoch 8/10: entering train loop
T1 Ep 8/10 | L 0.0182 | Train Acc 0.91 | Prec 0.93 | F1 0.87 | Det Rec 0.91 | Det FA 0.15 | Epoch Time 108.31s (Eval 0.00s, Train 108.31s)
[STATE 2026-04-28 20:29:47] T1 Ep 8/10 complete: Prec 0.9273 F1 0.8660 DetRec 0.9083 DetFA 0.1525 | 108.31s total (0.00s eval/108.31s train)
[STATE 2026-04-28 20:29:47] Task 1 Epoch 9/10: entering train loop
T1 Ep 9/10 | L 0.0164 | Train Acc 0.91 | Prec 0.93 | F1 0.87 | Det Rec 0.91 | Det FA 0.15 | Epoch Time 108.93s (Eval 0.00s, Train 108.93s)
[STATE 2026-04-28 20:31:36] T1 Ep 9/10 complete: Prec 0.9310 F1 0.8715 DetRec 0.9112 DetFA 0.1464 | 108.93s total (0.00s eval/108.93s train)
[STATE 2026-04-28 20:31:36] Task 1 Epoch 10/10: entering train loop
T1 Ep 10/10 | L 0.0147 | Train Acc 0.92 | Prec 0.94 | F1 0.88 | Det Rec 0.91 | Det FA 0.14 | Epoch Time 110.31s (Eval 0.00s, Train 110.31s)
[STATE 2026-04-28 20:33:27] T1 Ep 10/10 complete: Prec 0.9352 F1 0.8771 DetRec 0.9135 DetFA 0.1436 | 110.31s total (0.00s eval/110.31s train)
[STATE 2026-04-28 20:33:27] Task 1: running final validation.
[STATE 2026-04-28 20:33:36] Completed task 1 (2/10)
Task 2: 350028 training samples, 175014 test samples.
[STATE 2026-04-28 20:33:37] Task 2: zero-shot validation (pre-train)
---- Zero-shot (pre-train) task 2: rec_cls 0.0076 | prec_cls 0.1252 | f1_cls 0.0785 | det 0.5081 | pfa 0.0311 | total_f1 0.5806 ----
[STATE 2026-04-28 20:34:35] Starting task 2 (3/10)
[STATE 2026-04-28 20:34:35] Task 2 Epoch 1/10: entering train loop
[STATE 2026-04-28 20:46:52] Task 2 Epoch 1/10: running validation (end of epoch)
---- Eval at Epoch 0: cls [0.7904798596276049, 0.7680026480169309, 0.655389170790829] | det_recall [0.8758894341495491, 0.8794599898495957, 0.8230760997830006] | det_fa [0.15317285623688584, 0.14073938116519819, 0.30153831546761806] ----
T2 Ep 1/10 | L 0.2446 | Train Acc 0.52 | Prec 0.54 | F1 0.53 | Det Rec 0.80 | Det FA 0.34 | Epoch Time 795.34s (Eval 58.03s, Train 737.31s)
[STATE 2026-04-28 20:47:50] T2 Ep 1/10 complete: Prec 0.5390 F1 0.5279 DetRec 0.8034 DetFA 0.3364 | 795.34s total (58.03s eval/737.31s train)
[STATE 2026-04-28 20:47:50] Task 2 Epoch 2/10: entering train loop
T2 Ep 2/10 | L 0.0729 | Train Acc 0.69 | Prec 0.71 | F1 0.68 | Det Rec 0.83 | Det FA 0.28 | Epoch Time 742.18s (Eval 0.00s, Train 742.18s)
[STATE 2026-04-28 21:00:13] T2 Ep 2/10 complete: Prec 0.7131 F1 0.6774 DetRec 0.8340 DetFA 0.2826 | 742.18s total (0.00s eval/742.18s train)
[STATE 2026-04-28 21:00:13] Task 2 Epoch 3/10: entering train loop
T2 Ep 3/10 | L 0.0386 | Train Acc 0.72 | Prec 0.74 | F1 0.70 | Det Rec 0.85 | Det FA 0.26 | Epoch Time 744.43s (Eval 0.00s, Train 744.43s)
[STATE 2026-04-28 21:12:37] T2 Ep 3/10 complete: Prec 0.7389 F1 0.7030 DetRec 0.8457 DetFA 0.2595 | 744.43s total (0.00s eval/744.43s train)
[STATE 2026-04-28 21:12:37] Task 2 Epoch 4/10: entering train loop
T2 Ep 4/10 | L 0.0255 | Train Acc 0.73 | Prec 0.75 | F1 0.72 | Det Rec 0.85 | Det FA 0.25 | Epoch Time 746.17s (Eval 0.00s, Train 746.17s)
[STATE 2026-04-28 21:25:03] T2 Ep 4/10 complete: Prec 0.7525 F1 0.7175 DetRec 0.8523 DetFA 0.2461 | 746.17s total (0.00s eval/746.17s train)
[STATE 2026-04-28 21:25:03] Task 2 Epoch 5/10: entering train loop
T2 Ep 5/10 | L 0.0198 | Train Acc 0.74 | Prec 0.76 | F1 0.73 | Det Rec 0.86 | Det FA 0.24 | Epoch Time 743.66s (Eval 0.00s, Train 743.66s)
[STATE 2026-04-28 21:37:27] T2 Ep 5/10 complete: Prec 0.7626 F1 0.7281 DetRec 0.8569 DetFA 0.2374 | 743.66s total (0.00s eval/743.66s train)
[STATE 2026-04-28 21:37:27] Task 2 Epoch 6/10: entering train loop
T2 Ep 6/10 | L 0.0157 | Train Acc 0.75 | Prec 0.77 | F1 0.74 | Det Rec 0.86 | Det FA 0.23 | Epoch Time 741.65s (Eval 0.00s, Train 741.65s)
[STATE 2026-04-28 21:49:48] T2 Ep 6/10 complete: Prec 0.7702 F1 0.7362 DetRec 0.8610 DetFA 0.2307 | 741.65s total (0.00s eval/741.65s train)
[STATE 2026-04-28 21:49:48] Task 2 Epoch 7/10: entering train loop
T2 Ep 7/10 | L 0.0138 | Train Acc 0.76 | Prec 0.78 | F1 0.74 | Det Rec 0.86 | Det FA 0.23 | Epoch Time 744.02s (Eval 0.00s, Train 744.02s)
[STATE 2026-04-28 22:02:13] T2 Ep 7/10 complete: Prec 0.7776 F1 0.7441 DetRec 0.8639 DetFA 0.2263 | 744.02s total (0.00s eval/744.02s train)
[STATE 2026-04-28 22:02:13] Task 2 Epoch 8/10: entering train loop
T2 Ep 8/10 | L 0.0124 | Train Acc 0.77 | Prec 0.78 | F1 0.75 | Det Rec 0.87 | Det FA 0.22 | Epoch Time 744.22s (Eval 0.00s, Train 744.22s)
[STATE 2026-04-28 22:14:37] T2 Ep 8/10 complete: Prec 0.7820 F1 0.7499 DetRec 0.8669 DetFA 0.2213 | 744.22s total (0.00s eval/744.22s train)
[STATE 2026-04-28 22:14:37] Task 2 Epoch 9/10: entering train loop
T2 Ep 9/10 | L 0.0109 | Train Acc 0.77 | Prec 0.79 | F1 0.76 | Det Rec 0.87 | Det FA 0.22 | Epoch Time 747.00s (Eval 0.00s, Train 747.00s)
[STATE 2026-04-28 22:27:04] T2 Ep 9/10 complete: Prec 0.7872 F1 0.7552 DetRec 0.8689 DetFA 0.2176 | 747.00s total (0.00s eval/747.00s train)
[STATE 2026-04-28 22:27:04] Task 2 Epoch 10/10: entering train loop
T2 Ep 10/10 | L 0.0102 | Train Acc 0.78 | Prec 0.79 | F1 0.76 | Det Rec 0.87 | Det FA 0.21 | Epoch Time 747.28s (Eval 0.00s, Train 747.28s)
[STATE 2026-04-28 22:39:31] T2 Ep 10/10 complete: Prec 0.7923 F1 0.7603 DetRec 0.8707 DetFA 0.2150 | 747.28s total (0.00s eval/747.28s train)
[STATE 2026-04-28 22:39:31] Task 2: running final validation.
[STATE 2026-04-28 22:40:29] Completed task 2 (3/10)
Task 3: 24480 training samples, 8160 test samples.
[STATE 2026-04-28 22:40:29] Task 3: zero-shot validation (pre-train)
---- Zero-shot (pre-train) task 3: rec_cls 0.0685 | prec_cls 0.0681 | f1_cls 0.1570 | det 0.6603 | pfa 0.0034 | total_f1 0.6175 ----
[STATE 2026-04-28 22:41:31] Starting task 3 (4/10)
[STATE 2026-04-28 22:41:31] Task 3 Epoch 1/10: entering train loop
[STATE 2026-04-28 22:42:24] Task 3 Epoch 1/10: running validation (end of epoch)
---- Eval at Epoch 0: cls [0.8231744894777967, 0.7654521196247128, 0.7205087993016727, 0.5858001982572779] | det_recall [0.8785341942716027, 0.879069793015896, 0.8529550691705257, 0.9984232073982442] | det_fa [0.19035030254249408, 0.1668522332952079, 0.24317424876738192, 0.00193845172238823] ----
T3 Ep 1/10 | L 0.1902 | Train Acc 0.55 | Prec 0.56 | F1 0.60 | Det Rec 1.00 | Det FA 0.00 | Epoch Time 114.14s (Eval 61.04s, Train 53.10s)
[STATE 2026-04-28 22:43:25] T3 Ep 1/10 complete: Prec 0.5620 F1 0.6018 DetRec 0.9952 DetFA 0.0029 | 114.14s total (61.04s eval/53.10s train)
[STATE 2026-04-28 22:43:25] Task 3 Epoch 2/10: entering train loop
T3 Ep 2/10 | L 0.1431 | Train Acc 0.60 | Prec 0.61 | F1 0.65 | Det Rec 1.00 | Det FA 0.00 | Epoch Time 52.72s (Eval 0.00s, Train 52.72s)
[STATE 2026-04-28 22:44:18] T3 Ep 2/10 complete: Prec 0.6116 F1 0.6508 DetRec 0.9982 DetFA 0.0026 | 52.72s total (0.00s eval/52.72s train)
[STATE 2026-04-28 22:44:18] Task 3 Epoch 3/10: entering train loop
T3 Ep 3/10 | L 0.0917 | Train Acc 0.63 | Prec 0.64 | F1 0.67 | Det Rec 1.00 | Det FA 0.00 | Epoch Time 52.18s (Eval 0.00s, Train 52.18s)
[STATE 2026-04-28 22:45:10] T3 Ep 3/10 complete: Prec 0.6380 F1 0.6730 DetRec 0.9989 DetFA 0.0017 | 52.18s total (0.00s eval/52.18s train)
[STATE 2026-04-28 22:45:10] Task 3 Epoch 4/10: entering train loop
T3 Ep 4/10 | L 0.0689 | Train Acc 0.64 | Prec 0.66 | F1 0.69 | Det Rec 1.00 | Det FA 0.00 | Epoch Time 52.58s (Eval 0.00s, Train 52.58s)
[STATE 2026-04-28 22:46:03] T3 Ep 4/10 complete: Prec 0.6553 F1 0.6899 DetRec 0.9993 DetFA 0.0010 | 52.58s total (0.00s eval/52.58s train)
[STATE 2026-04-28 22:46:03] Task 3 Epoch 5/10: entering train loop
T3 Ep 5/10 | L 0.0560 | Train Acc 0.66 | Prec 0.67 | F1 0.70 | Det Rec 1.00 | Det FA 0.00 | Epoch Time 52.85s (Eval 0.00s, Train 52.85s)
[STATE 2026-04-28 22:46:55] T3 Ep 5/10 complete: Prec 0.6663 F1 0.7005 DetRec 0.9993 DetFA 0.0010 | 52.85s total (0.00s eval/52.85s train)
[STATE 2026-04-28 22:46:55] Task 3 Epoch 6/10: entering train loop
T3 Ep 6/10 | L 0.0502 | Train Acc 0.67 | Prec 0.68 | F1 0.71 | Det Rec 1.00 | Det FA 0.00 | Epoch Time 53.17s (Eval 0.00s, Train 53.17s)
[STATE 2026-04-28 22:47:49] T3 Ep 6/10 complete: Prec 0.6787 F1 0.7128 DetRec 0.9995 DetFA 0.0008 | 53.17s total (0.00s eval/53.17s train)
[STATE 2026-04-28 22:47:49] Task 3 Epoch 7/10: entering train loop
T3 Ep 7/10 | L 0.0391 | Train Acc 0.68 | Prec 0.69 | F1 0.72 | Det Rec 1.00 | Det FA 0.00 | Epoch Time 53.63s (Eval 0.00s, Train 53.63s)
[STATE 2026-04-28 22:48:42] T3 Ep 7/10 complete: Prec 0.6891 F1 0.7211 DetRec 0.9996 DetFA 0.0006 | 53.63s total (0.00s eval/53.63s train)
[STATE 2026-04-28 22:48:42] Task 3 Epoch 8/10: entering train loop
T3 Ep 8/10 | L 0.0335 | Train Acc 0.70 | Prec 0.70 | F1 0.74 | Det Rec 1.00 | Det FA 0.00 | Epoch Time 51.00s (Eval 0.00s, Train 51.00s)
[STATE 2026-04-28 22:49:33] T3 Ep 8/10 complete: Prec 0.7036 F1 0.7352 DetRec 0.9997 DetFA 0.0005 | 51.00s total (0.00s eval/51.00s train)
[STATE 2026-04-28 22:49:33] Task 3 Epoch 9/10: entering train loop
T3 Ep 9/10 | L 0.0303 | Train Acc 0.71 | Prec 0.72 | F1 0.75 | Det Rec 1.00 | Det FA 0.00 | Epoch Time 52.63s (Eval 0.00s, Train 52.63s)
[STATE 2026-04-28 22:50:26] T3 Ep 9/10 complete: Prec 0.7190 F1 0.7475 DetRec 0.9996 DetFA 0.0007 | 52.63s total (0.00s eval/52.63s train)
[STATE 2026-04-28 22:50:26] Task 3 Epoch 10/10: entering train loop
T3 Ep 10/10 | L 0.0243 | Train Acc 0.72 | Prec 0.73 | F1 0.75 | Det Rec 1.00 | Det FA 0.00 | Epoch Time 52.24s (Eval 0.00s, Train 52.24s)
[STATE 2026-04-28 22:51:18] T3 Ep 10/10 complete: Prec 0.7258 F1 0.7527 DetRec 0.9997 DetFA 0.0004 | 52.24s total (0.00s eval/52.24s train)
[STATE 2026-04-28 22:51:18] Task 3: running final validation.
[STATE 2026-04-28 22:52:18] Completed task 3 (4/10)
Task 4: 24480 training samples, 8160 test samples.
[STATE 2026-04-28 22:52:18] Task 4: zero-shot validation (pre-train)
---- Zero-shot (pre-train) task 4: rec_cls 0.1877 | prec_cls 0.1363 | f1_cls 0.0824 | det 0.4987 | pfa 1.0000 | total_f1 0.6107 ----
[STATE 2026-04-28 22:53:21] Starting task 4 (5/10)
[STATE 2026-04-28 22:53:21] Task 4 Epoch 1/10: entering train loop
[STATE 2026-04-28 22:54:13] Task 4 Epoch 1/10: running validation (end of epoch)
---- Eval at Epoch 0: cls [0.8242276022649023, 0.7756849910477603, 0.6734664028086896, 0.6321515569111333, 0.4896638248601105] | det_recall [0.8708294782864249, 0.8613313988210478, 0.8425574754960865, 0.9991428960540658, 1.0] | det_fa [0.22156112894566887, 0.23155111606159529, 0.23127761024694113, 0.001222955845789238, 0.0] ----
T4 Ep 1/10 | L 0.1231 | Train Acc 0.46 | Prec 0.46 | F1 0.52 | Det Rec 0.99 | Det FA 0.01 | Epoch Time 114.48s (Eval 62.43s, Train 52.05s)
[STATE 2026-04-28 22:55:15] T4 Ep 1/10 complete: Prec 0.4645 F1 0.5152 DetRec 0.9925 DetFA 0.0149 | 114.48s total (62.43s eval/52.05s train)
[STATE 2026-04-28 22:55:15] Task 4 Epoch 2/10: entering train loop
T4 Ep 2/10 | L 0.1361 | Train Acc 0.55 | Prec 0.56 | F1 0.60 | Det Rec 1.00 | Det FA 0.00 | Epoch Time 53.54s (Eval 0.00s, Train 53.54s)
[STATE 2026-04-28 22:56:09] T4 Ep 2/10 complete: Prec 0.5554 F1 0.5970 DetRec 1.0000 DetFA 0.0000 | 53.54s total (0.00s eval/53.54s train)
[STATE 2026-04-28 22:56:09] Task 4 Epoch 3/10: entering train loop
T4 Ep 3/10 | L 0.0895 | Train Acc 0.58 | Prec 0.59 | F1 0.63 | Det Rec 1.00 | Det FA 0.00 | Epoch Time 53.50s (Eval 0.00s, Train 53.50s)
[STATE 2026-04-28 22:57:02] T4 Ep 3/10 complete: Prec 0.5890 F1 0.6271 DetRec 1.0000 DetFA 0.0000 | 53.50s total (0.00s eval/53.50s train)
[STATE 2026-04-28 22:57:02] Task 4 Epoch 4/10: entering train loop
T4 Ep 4/10 | L 0.0683 | Train Acc 0.61 | Prec 0.62 | F1 0.66 | Det Rec 1.00 | Det FA 0.00 | Epoch Time 53.82s (Eval 0.00s, Train 53.82s)
[STATE 2026-04-28 22:57:56] T4 Ep 4/10 complete: Prec 0.6205 F1 0.6553 DetRec 1.0000 DetFA 0.0000 | 53.82s total (0.00s eval/53.82s train)
[STATE 2026-04-28 22:57:56] Task 4 Epoch 5/10: entering train loop
T4 Ep 5/10 | L 0.0527 | Train Acc 0.64 | Prec 0.65 | F1 0.68 | Det Rec 1.00 | Det FA 0.00 | Epoch Time 52.03s (Eval 0.00s, Train 52.03s)
[STATE 2026-04-28 22:58:48] T4 Ep 5/10 complete: Prec 0.6494 F1 0.6786 DetRec 1.0000 DetFA 0.0000 | 52.03s total (0.00s eval/52.03s train)
[STATE 2026-04-28 22:58:48] Task 4 Epoch 6/10: entering train loop
T4 Ep 6/10 | L 0.0412 | Train Acc 0.66 | Prec 0.67 | F1 0.70 | Det Rec 1.00 | Det FA 0.00 | Epoch Time 51.54s (Eval 0.00s, Train 51.54s)
[STATE 2026-04-28 22:59:40] T4 Ep 6/10 complete: Prec 0.6731 F1 0.7021 DetRec 1.0000 DetFA 0.0000 | 51.54s total (0.00s eval/51.54s train)
[STATE 2026-04-28 22:59:40] Task 4 Epoch 7/10: entering train loop
T4 Ep 7/10 | L 0.0354 | Train Acc 0.70 | Prec 0.71 | F1 0.73 | Det Rec 1.00 | Det FA 0.00 | Epoch Time 52.13s (Eval 0.00s, Train 52.13s)
[STATE 2026-04-28 23:00:32] T4 Ep 7/10 complete: Prec 0.7054 F1 0.7315 DetRec 1.0000 DetFA 0.0000 | 52.13s total (0.00s eval/52.13s train)
[STATE 2026-04-28 23:00:32] Task 4 Epoch 8/10: entering train loop
T4 Ep 8/10 | L 0.0304 | Train Acc 0.72 | Prec 0.73 | F1 0.76 | Det Rec 1.00 | Det FA 0.00 | Epoch Time 53.69s (Eval 0.00s, Train 53.69s)
[STATE 2026-04-28 23:01:25] T4 Ep 8/10 complete: Prec 0.7310 F1 0.7552 DetRec 1.0000 DetFA 0.0000 | 53.69s total (0.00s eval/53.69s train)
[STATE 2026-04-28 23:01:25] Task 4 Epoch 9/10: entering train loop
T4 Ep 9/10 | L 0.0275 | Train Acc 0.74 | Prec 0.75 | F1 0.77 | Det Rec 1.00 | Det FA 0.00 | Epoch Time 53.37s (Eval 0.00s, Train 53.37s)
[STATE 2026-04-28 23:02:19] T4 Ep 9/10 complete: Prec 0.7456 F1 0.7688 DetRec 1.0000 DetFA 0.0000 | 53.37s total (0.00s eval/53.37s train)
[STATE 2026-04-28 23:02:19] Task 4 Epoch 10/10: entering train loop
T4 Ep 10/10 | L 0.0223 | Train Acc 0.76 | Prec 0.77 | F1 0.78 | Det Rec 1.00 | Det FA 0.00 | Epoch Time 53.92s (Eval 0.00s, Train 53.92s)
[STATE 2026-04-28 23:03:13] T4 Ep 10/10 complete: Prec 0.7657 F1 0.7847 DetRec 1.0000 DetFA 0.0000 | 53.92s total (0.00s eval/53.92s train)
[STATE 2026-04-28 23:03:13] Task 4: running final validation.
[STATE 2026-04-28 23:04:15] Completed task 4 (5/10)
Task 5: 201410 training samples, 100705 test samples.
[STATE 2026-04-28 23:04:15] Task 5: zero-shot validation (pre-train)
---- Zero-shot (pre-train) task 5: rec_cls 0.1879 | prec_cls 0.1635 | f1_cls 0.0703 | det 0.5000 | pfa 0.9999 | total_f1 0.6071 ----
[STATE 2026-04-28 23:05:46] Starting task 5 (6/10)
[STATE 2026-04-28 23:05:46] Task 5 Epoch 1/10: entering train loop
[STATE 2026-04-28 23:13:03] Task 5 Epoch 1/10: running validation (end of epoch)
---- Eval at Epoch 0: cls [0.7303575033281121, 0.6604482621161805, 0.592205869424675, 0.6040419498841191, 0.6147702484794997, 0.7599242395080928] | det_recall [0.8548298743035497, 0.8414236795385259, 0.829735962466025, 0.9983094067474559, 1.0, 0.86524659676649] | det_fa [0.16585202871011406, 0.2034349886676286, 0.3139716678393518, 0.003138938443072676, 0.0, 0.2458281915241181] ----
T5 Ep 1/10 | L 0.1040 | Train Acc 0.69 | Prec 0.68 | F1 0.67 | Det Rec 0.85 | Det FA 0.23 | Epoch Time 528.19s (Eval 90.77s, Train 437.41s)
[STATE 2026-04-28 23:14:34] T5 Ep 1/10 complete: Prec 0.6794 F1 0.6660 DetRec 0.8547 DetFA 0.2349 | 528.19s total (90.77s eval/437.41s train)
[STATE 2026-04-28 23:14:34] Task 5 Epoch 2/10: entering train loop
T5 Ep 2/10 | L 0.0414 | Train Acc 0.78 | Prec 0.78 | F1 0.76 | Det Rec 0.88 | Det FA 0.20 | Epoch Time 437.80s (Eval 0.00s, Train 437.80s)
[STATE 2026-04-28 23:21:52] T5 Ep 2/10 complete: Prec 0.7765 F1 0.7580 DetRec 0.8804 DetFA 0.1955 | 437.80s total (0.00s eval/437.80s train)
[STATE 2026-04-28 23:21:52] Task 5 Epoch 3/10: entering train loop
T5 Ep 3/10 | L 0.0264 | Train Acc 0.81 | Prec 0.80 | F1 0.78 | Det Rec 0.89 | Det FA 0.18 | Epoch Time 441.07s (Eval 0.00s, Train 441.07s)
[STATE 2026-04-28 23:29:13] T5 Ep 3/10 complete: Prec 0.8002 F1 0.7809 DetRec 0.8875 DetFA 0.1849 | 441.07s total (0.00s eval/441.07s train)
[STATE 2026-04-28 23:29:13] Task 5 Epoch 4/10: entering train loop
T5 Ep 4/10 | L 0.0198 | Train Acc 0.82 | Prec 0.81 | F1 0.79 | Det Rec 0.89 | Det FA 0.18 | Epoch Time 441.34s (Eval 0.00s, Train 441.34s)
[STATE 2026-04-28 23:36:34] T5 Ep 4/10 complete: Prec 0.8145 F1 0.7950 DetRec 0.8918 DetFA 0.1781 | 441.34s total (0.00s eval/441.34s train)
[STATE 2026-04-28 23:36:34] Task 5 Epoch 5/10: entering train loop
T5 Ep 5/10 | L 0.0160 | Train Acc 0.83 | Prec 0.83 | F1 0.81 | Det Rec 0.90 | Det FA 0.17 | Epoch Time 437.63s (Eval 0.00s, Train 437.63s)
[STATE 2026-04-28 23:43:52] T5 Ep 5/10 complete: Prec 0.8271 F1 0.8072 DetRec 0.8954 DetFA 0.1733 | 437.63s total (0.00s eval/437.63s train)
[STATE 2026-04-28 23:43:52] Task 5 Epoch 6/10: entering train loop
T5 Ep 6/10 | L 0.0137 | Train Acc 0.84 | Prec 0.83 | F1 0.82 | Det Rec 0.90 | Det FA 0.17 | Epoch Time 437.40s (Eval 0.00s, Train 437.40s)
[STATE 2026-04-28 23:51:09] T5 Ep 6/10 complete: Prec 0.8348 F1 0.8156 DetRec 0.8993 DetFA 0.1669 | 437.40s total (0.00s eval/437.40s train)
[STATE 2026-04-28 23:51:09] Task 5 Epoch 7/10: entering train loop
T5 Ep 7/10 | L 0.0124 | Train Acc 0.85 | Prec 0.84 | F1 0.82 | Det Rec 0.90 | Det FA 0.16 | Epoch Time 441.17s (Eval 0.00s, Train 441.17s)
[STATE 2026-04-28 23:58:31] T5 Ep 7/10 complete: Prec 0.8412 F1 0.8228 DetRec 0.9021 DetFA 0.1627 | 441.17s total (0.00s eval/441.17s train)
[STATE 2026-04-28 23:58:31] Task 5 Epoch 8/10: entering train loop
T5 Ep 8/10 | L 0.0113 | Train Acc 0.86 | Prec 0.85 | F1 0.83 | Det Rec 0.90 | Det FA 0.16 | Epoch Time 441.17s (Eval 0.00s, Train 441.17s)
[STATE 2026-04-29 00:05:52] T5 Ep 8/10 complete: Prec 0.8479 F1 0.8288 DetRec 0.9030 DetFA 0.1620 | 441.17s total (0.00s eval/441.17s train)
[STATE 2026-04-29 00:05:52] Task 5 Epoch 9/10: entering train loop
T5 Ep 9/10 | L 0.0106 | Train Acc 0.87 | Prec 0.85 | F1 0.84 | Det Rec 0.91 | Det FA 0.16 | Epoch Time 437.37s (Eval 0.00s, Train 437.37s)
[STATE 2026-04-29 00:13:09] T5 Ep 9/10 complete: Prec 0.8544 F1 0.8364 DetRec 0.9067 DetFA 0.1562 | 437.37s total (0.00s eval/437.37s train)
[STATE 2026-04-29 00:13:09] Task 5 Epoch 10/10: entering train loop
T5 Ep 10/10 | L 0.0102 | Train Acc 0.87 | Prec 0.86 | F1 0.84 | Det Rec 0.91 | Det FA 0.15 | Epoch Time 441.20s (Eval 0.00s, Train 441.20s)
[STATE 2026-04-29 00:20:30] T5 Ep 10/10 complete: Prec 0.8601 F1 0.8416 DetRec 0.9092 DetFA 0.1513 | 441.20s total (0.00s eval/441.20s train)
[STATE 2026-04-29 00:20:30] Task 5: running final validation.
[STATE 2026-04-29 00:22:01] Completed task 5 (6/10)
Task 6: 17340 training samples, 6800 test samples.
[STATE 2026-04-29 00:22:01] Task 6: zero-shot validation (pre-train)
---- Zero-shot (pre-train) task 6: rec_cls 0.1588 | prec_cls 0.1208 | f1_cls 0.0447 | det 0.4846 | pfa 1.0000 | total_f1 0.5785 ----
[STATE 2026-04-29 00:23:33] Starting task 6 (7/10)
[STATE 2026-04-29 00:23:33] Task 6 Epoch 1/10: entering train loop
[STATE 2026-04-29 00:24:12] Task 6 Epoch 1/10: running validation (end of epoch)
---- Eval at Epoch 0: cls [0.6999352927491885, 0.6216371855150687, 0.5226219486572663, 0.6213437623037872, 0.5807429583737067, 0.8363481409106576, 0.611166514293297] | det_recall [0.8468469773040478, 0.8252350345372294, 0.8244806553500094, 0.9988976892715388, 1.0, 0.8886261155194046, 1.0] | det_fa [0.16220216387632247, 0.2067897049866053, 0.32202776578958825, 0.001713369410843206, 0.0, 0.19983432276433674, 0.0] ----
T6 Ep 1/10 | L 0.0398 | Train Acc 0.58 | Prec 0.58 | F1 0.63 | Det Rec 0.99 | Det FA 0.02 | Epoch Time 130.37s (Eval 91.99s, Train 38.38s)
[STATE 2026-04-29 00:25:44] T6 Ep 1/10 complete: Prec 0.5753 F1 0.6315 DetRec 0.9896 DetFA 0.0205 | 130.37s total (91.99s eval/38.38s train)
[STATE 2026-04-29 00:25:44] Task 6 Epoch 2/10: entering train loop
T6 Ep 2/10 | L 0.0567 | Train Acc 0.64 | Prec 0.64 | F1 0.70 | Det Rec 1.00 | Det FA 0.00 | Epoch Time 38.40s (Eval 0.00s, Train 38.40s)
[STATE 2026-04-29 00:26:22] T6 Ep 2/10 complete: Prec 0.6450 F1 0.6967 DetRec 1.0000 DetFA 0.0000 | 38.40s total (0.00s eval/38.40s train)
[STATE 2026-04-29 00:26:22] Task 6 Epoch 3/10: entering train loop
T6 Ep 3/10 | L 0.0439 | Train Acc 0.67 | Prec 0.67 | F1 0.72 | Det Rec 1.00 | Det FA 0.00 | Epoch Time 38.89s (Eval 0.00s, Train 38.89s)
[STATE 2026-04-29 00:27:01] T6 Ep 3/10 complete: Prec 0.6710 F1 0.7175 DetRec 0.9999 DetFA 0.0002 | 38.89s total (0.00s eval/38.89s train)
[STATE 2026-04-29 00:27:01] Task 6 Epoch 4/10: entering train loop
T6 Ep 4/10 | L 0.0347 | Train Acc 0.69 | Prec 0.70 | F1 0.74 | Det Rec 1.00 | Det FA 0.00 | Epoch Time 38.22s (Eval 0.00s, Train 38.22s)
[STATE 2026-04-29 00:27:39] T6 Ep 4/10 complete: Prec 0.6973 F1 0.7379 DetRec 0.9997 DetFA 0.0005 | 38.22s total (0.00s eval/38.22s train)
[STATE 2026-04-29 00:27:39] Task 6 Epoch 5/10: entering train loop
T6 Ep 5/10 | L 0.0325 | Train Acc 0.71 | Prec 0.72 | F1 0.75 | Det Rec 1.00 | Det FA 0.00 | Epoch Time 38.36s (Eval 0.00s, Train 38.36s)
[STATE 2026-04-29 00:28:18] T6 Ep 5/10 complete: Prec 0.7153 F1 0.7549 DetRec 0.9999 DetFA 0.0001 | 38.36s total (0.00s eval/38.36s train)
[STATE 2026-04-29 00:28:18] Task 6 Epoch 6/10: entering train loop
T6 Ep 6/10 | L 0.0268 | Train Acc 0.73 | Prec 0.74 | F1 0.77 | Det Rec 1.00 | Det FA 0.00 | Epoch Time 38.37s (Eval 0.00s, Train 38.37s)
[STATE 2026-04-29 00:28:56] T6 Ep 6/10 complete: Prec 0.7393 F1 0.7741 DetRec 0.9999 DetFA 0.0002 | 38.37s total (0.00s eval/38.37s train)
[STATE 2026-04-29 00:28:56] Task 6 Epoch 7/10: entering train loop
T6 Ep 7/10 | L 0.0225 | Train Acc 0.75 | Prec 0.75 | F1 0.79 | Det Rec 1.00 | Det FA 0.00 | Epoch Time 37.69s (Eval 0.00s, Train 37.69s)
[STATE 2026-04-29 00:29:34] T6 Ep 7/10 complete: Prec 0.7537 F1 0.7876 DetRec 1.0000 DetFA 0.0000 | 37.69s total (0.00s eval/37.69s train)
[STATE 2026-04-29 00:29:34] Task 6 Epoch 8/10: entering train loop
T6 Ep 8/10 | L 0.0232 | Train Acc 0.77 | Prec 0.77 | F1 0.80 | Det Rec 1.00 | Det FA 0.00 | Epoch Time 38.30s (Eval 0.00s, Train 38.30s)
[STATE 2026-04-29 00:30:12] T6 Ep 8/10 complete: Prec 0.7734 F1 0.8040 DetRec 0.9999 DetFA 0.0001 | 38.30s total (0.00s eval/38.30s train)
[STATE 2026-04-29 00:30:12] Task 6 Epoch 9/10: entering train loop
T6 Ep 9/10 | L 0.0218 | Train Acc 0.78 | Prec 0.79 | F1 0.81 | Det Rec 1.00 | Det FA 0.00 | Epoch Time 39.21s (Eval 0.00s, Train 39.21s)
[STATE 2026-04-29 00:30:51] T6 Ep 9/10 complete: Prec 0.7870 F1 0.8129 DetRec 1.0000 DetFA 0.0000 | 39.21s total (0.00s eval/39.21s train)
[STATE 2026-04-29 00:30:51] Task 6 Epoch 10/10: entering train loop
T6 Ep 10/10 | L 0.0200 | Train Acc 0.80 | Prec 0.80 | F1 0.83 | Det Rec 1.00 | Det FA 0.00 | Epoch Time 38.17s (Eval 0.00s, Train 38.17s)
[STATE 2026-04-29 00:31:29] T6 Ep 10/10 complete: Prec 0.8047 F1 0.8313 DetRec 0.9999 DetFA 0.0001 | 38.17s total (0.00s eval/38.17s train)
[STATE 2026-04-29 00:31:29] Task 6: running final validation.
[STATE 2026-04-29 00:33:02] Completed task 6 (7/10)
Task 7: 188050 training samples, 94025 test samples.
[STATE 2026-04-29 00:33:02] Task 7: zero-shot validation (pre-train)
---- Zero-shot (pre-train) task 7: rec_cls 0.1491 | prec_cls 0.1394 | f1_cls 0.0592 | det 0.4996 | pfa 0.9991 | total_f1 0.6034 ----
[STATE 2026-04-29 00:35:02] Starting task 7 (8/10)
[STATE 2026-04-29 00:35:02] Task 7 Epoch 1/10: entering train loop
[STATE 2026-04-29 00:42:03] Task 7 Epoch 1/10: running validation (end of epoch)
---- Eval at Epoch 0: cls [0.6683923799155831, 0.5877542135544881, 0.5082823464793066, 0.6455415097415136, 0.6000666215176758, 0.7965745059030814, 0.6623298805591084, 0.7835607894678974] | det_recall [0.8428838843463692, 0.8262256192743147, 0.8307583102212256, 0.9976690038423759, 1.0, 0.8949982185812864, 1.0, 0.8650749257034546] | det_fa [0.13050852371603586, 0.2124071286222987, 0.3065559258587721, 0.004170740269168915, 0.0, 0.165889084852723, 0.0, 0.20573994055503153] ----
T7 Ep 1/10 | L 0.0782 | Train Acc 0.74 | Prec 0.76 | F1 0.73 | Det Rec 0.86 | Det FA 0.21 | Epoch Time 538.51s (Eval 117.94s, Train 420.57s)
[STATE 2026-04-29 00:44:01] T7 Ep 1/10 complete: Prec 0.7573 F1 0.7297 DetRec 0.8613 DetFA 0.2097 | 538.51s total (117.94s eval/420.57s train)
[STATE 2026-04-29 00:44:01] Task 7 Epoch 2/10: entering train loop
T7 Ep 2/10 | L 0.0382 | Train Acc 0.81 | Prec 0.82 | F1 0.79 | Det Rec 0.88 | Det FA 0.18 | Epoch Time 421.69s (Eval 0.00s, Train 421.69s)
[STATE 2026-04-29 00:51:03] T7 Ep 2/10 complete: Prec 0.8231 F1 0.7924 DetRec 0.8777 DetFA 0.1850 | 421.69s total (0.00s eval/421.69s train)
[STATE 2026-04-29 00:51:03] Task 7 Epoch 3/10: entering train loop
T7 Ep 3/10 | L 0.0255 | Train Acc 0.83 | Prec 0.84 | F1 0.81 | Det Rec 0.88 | Det FA 0.17 | Epoch Time 420.59s (Eval 0.00s, Train 420.59s)
[STATE 2026-04-29 00:58:03] T7 Ep 3/10 complete: Prec 0.8385 F1 0.8085 DetRec 0.8842 DetFA 0.1738 | 420.59s total (0.00s eval/420.59s train)
[STATE 2026-04-29 00:58:03] Task 7 Epoch 4/10: entering train loop
T7 Ep 4/10 | L 0.0196 | Train Acc 0.84 | Prec 0.85 | F1 0.82 | Det Rec 0.89 | Det FA 0.17 | Epoch Time 421.73s (Eval 0.00s, Train 421.73s)
[STATE 2026-04-29 01:05:05] T7 Ep 4/10 complete: Prec 0.8491 F1 0.8195 DetRec 0.8864 DetFA 0.1721 | 421.73s total (0.00s eval/421.73s train)
[STATE 2026-04-29 01:05:05] Task 7 Epoch 5/10: entering train loop
T7 Ep 5/10 | L 0.0161 | Train Acc 0.85 | Prec 0.86 | F1 0.83 | Det Rec 0.89 | Det FA 0.17 | Epoch Time 419.80s (Eval 0.00s, Train 419.80s)
[STATE 2026-04-29 01:12:05] T7 Ep 5/10 complete: Prec 0.8580 F1 0.8287 DetRec 0.8898 DetFA 0.1674 | 419.80s total (0.00s eval/419.80s train)
[STATE 2026-04-29 01:12:05] Task 7 Epoch 6/10: entering train loop
T7 Ep 6/10 | L 0.0146 | Train Acc 0.86 | Prec 0.86 | F1 0.83 | Det Rec 0.89 | Det FA 0.16 | Epoch Time 419.38s (Eval 0.00s, Train 419.38s)
[STATE 2026-04-29 01:19:04] T7 Ep 6/10 complete: Prec 0.8623 F1 0.8342 DetRec 0.8932 DetFA 0.1621 | 419.38s total (0.00s eval/419.38s train)
[STATE 2026-04-29 01:19:04] Task 7 Epoch 7/10: entering train loop
T7 Ep 7/10 | L 0.0136 | Train Acc 0.86 | Prec 0.87 | F1 0.84 | Det Rec 0.89 | Det FA 0.16 | Epoch Time 420.17s (Eval 0.00s, Train 420.17s)
[STATE 2026-04-29 01:26:04] T7 Ep 7/10 complete: Prec 0.8681 F1 0.8405 DetRec 0.8946 DetFA 0.1605 | 420.17s total (0.00s eval/420.17s train)
[STATE 2026-04-29 01:26:04] Task 7 Epoch 8/10: entering train loop
T7 Ep 8/10 | L 0.0119 | Train Acc 0.87 | Prec 0.87 | F1 0.85 | Det Rec 0.90 | Det FA 0.16 | Epoch Time 417.57s (Eval 0.00s, Train 417.57s)
[STATE 2026-04-29 01:33:02] T7 Ep 8/10 complete: Prec 0.8737 F1 0.8452 DetRec 0.8954 DetFA 0.1591 | 417.57s total (0.00s eval/417.57s train)
[STATE 2026-04-29 01:33:02] Task 7 Epoch 9/10: entering train loop
T7 Ep 9/10 | L 0.0109 | Train Acc 0.87 | Prec 0.88 | F1 0.85 | Det Rec 0.90 | Det FA 0.15 | Epoch Time 420.85s (Eval 0.00s, Train 420.85s)
[STATE 2026-04-29 01:40:03] T7 Ep 9/10 complete: Prec 0.8787 F1 0.8512 DetRec 0.8993 DetFA 0.1525 | 420.85s total (0.00s eval/420.85s train)
[STATE 2026-04-29 01:40:03] Task 7 Epoch 10/10: entering train loop
T7 Ep 10/10 | L 0.0103 | Train Acc 0.88 | Prec 0.88 | F1 0.85 | Det Rec 0.90 | Det FA 0.15 | Epoch Time 418.12s (Eval 0.00s, Train 418.12s)
[STATE 2026-04-29 01:47:01] T7 Ep 10/10 complete: Prec 0.8804 F1 0.8544 DetRec 0.9008 DetFA 0.1515 | 418.12s total (0.00s eval/418.12s train)
[STATE 2026-04-29 01:47:01] Task 7: running final validation.
[STATE 2026-04-29 01:48:59] Completed task 7 (8/10)
Task 8: 36658 training samples, 12220 test samples.
[STATE 2026-04-29 01:48:59] Task 8: zero-shot validation (pre-train)
---- Zero-shot (pre-train) task 8: rec_cls 0.1443 | prec_cls 0.0386 | f1_cls 0.0232 | det 0.4994 | pfa 1.0000 | total_f1 0.5909 ----
[STATE 2026-04-29 01:51:01] Starting task 8 (9/10)
[STATE 2026-04-29 01:51:01] Task 8 Epoch 1/10: entering train loop
[STATE 2026-04-29 01:52:26] Task 8 Epoch 1/10: running validation (end of epoch)
---- Eval at Epoch 0: cls [0.7699601894446039, 0.6821638115872606, 0.49299386404962203, 0.608605711217262, 0.5602904849871906, 0.7618227972987454, 0.6152601277100775, 0.8325356819282793, 0.8293273541874139] | det_recall [0.8630388554092664, 0.8463068426229232, 0.8300074518470244, 0.9985450765989418, 1.0, 0.8878695337786365, 1.0, 0.8608366166137371, 0.7907496287045773] | det_fa [0.14978945122822143, 0.18336565310655215, 0.3134073921528618, 0.002418594756037237, 0.0, 0.18748059763439015, 0.0, 0.26359420003548956, 0.3962323848957585] ----
T8 Ep 1/10 | L 0.0730 | Train Acc 0.74 | Prec 0.74 | F1 0.60 | Det Rec 0.76 | Det FA 0.44 | Epoch Time 207.17s (Eval 122.98s, Train 84.19s)
[STATE 2026-04-29 01:54:29] T8 Ep 1/10 complete: Prec 0.7407 F1 0.5977 DetRec 0.7638 DetFA 0.4363 | 207.17s total (122.98s eval/84.19s train)
[STATE 2026-04-29 01:54:29] Task 8 Epoch 2/10: entering train loop
T8 Ep 2/10 | L 0.0594 | Train Acc 0.85 | Prec 0.84 | F1 0.69 | Det Rec 0.80 | Det FA 0.38 | Epoch Time 84.72s (Eval 0.00s, Train 84.72s)
[STATE 2026-04-29 01:55:53] T8 Ep 2/10 complete: Prec 0.8439 F1 0.6914 DetRec 0.7974 DetFA 0.3774 | 84.72s total (0.00s eval/84.72s train)
[STATE 2026-04-29 01:55:53] Task 8 Epoch 3/10: entering train loop
T8 Ep 3/10 | L 0.0380 | Train Acc 0.88 | Prec 0.87 | F1 0.71 | Det Rec 0.80 | Det FA 0.37 | Epoch Time 82.34s (Eval 0.00s, Train 82.34s)
[STATE 2026-04-29 01:57:16] T8 Ep 3/10 complete: Prec 0.8702 F1 0.7090 DetRec 0.7990 DetFA 0.3741 | 82.34s total (0.00s eval/82.34s train)
[STATE 2026-04-29 01:57:16] Task 8 Epoch 4/10: entering train loop
T8 Ep 4/10 | L 0.0324 | Train Acc 0.89 | Prec 0.89 | F1 0.72 | Det Rec 0.80 | Det FA 0.37 | Epoch Time 82.68s (Eval 0.00s, Train 82.68s)
[STATE 2026-04-29 01:58:38] T8 Ep 4/10 complete: Prec 0.8865 F1 0.7189 DetRec 0.8010 DetFA 0.3707 | 82.68s total (0.00s eval/82.68s train)
[STATE 2026-04-29 01:58:38] Task 8 Epoch 5/10: entering train loop
T8 Ep 5/10 | L 0.0258 | Train Acc 0.91 | Prec 0.90 | F1 0.73 | Det Rec 0.80 | Det FA 0.36 | Epoch Time 82.66s (Eval 0.00s, Train 82.66s)
[STATE 2026-04-29 02:00:01] T8 Ep 5/10 complete: Prec 0.9001 F1 0.7294 DetRec 0.8045 DetFA 0.3632 | 82.66s total (0.00s eval/82.66s train)
[STATE 2026-04-29 02:00:01] Task 8 Epoch 6/10: entering train loop
T8 Ep 6/10 | L 0.0240 | Train Acc 0.91 | Prec 0.91 | F1 0.74 | Det Rec 0.81 | Det FA 0.36 | Epoch Time 84.14s (Eval 0.00s, Train 84.14s)
[STATE 2026-04-29 02:01:25] T8 Ep 6/10 complete: Prec 0.9080 F1 0.7363 DetRec 0.8088 DetFA 0.3559 | 84.14s total (0.00s eval/84.14s train)
[STATE 2026-04-29 02:01:25] Task 8 Epoch 7/10: entering train loop
T8 Ep 7/10 | L 0.0203 | Train Acc 0.92 | Prec 0.92 | F1 0.74 | Det Rec 0.81 | Det FA 0.35 | Epoch Time 83.82s (Eval 0.00s, Train 83.82s)
[STATE 2026-04-29 02:02:49] T8 Ep 7/10 complete: Prec 0.9164 F1 0.7426 DetRec 0.8122 DetFA 0.3502 | 83.82s total (0.00s eval/83.82s train)
[STATE 2026-04-29 02:02:49] Task 8 Epoch 8/10: entering train loop
T8 Ep 8/10 | L 0.0200 | Train Acc 0.93 | Prec 0.92 | F1 0.75 | Det Rec 0.81 | Det FA 0.35 | Epoch Time 82.59s (Eval 0.00s, Train 82.59s)
[STATE 2026-04-29 02:04:12] T8 Ep 8/10 complete: Prec 0.9227 F1 0.7455 DetRec 0.8117 DetFA 0.3500 | 82.59s total (0.00s eval/82.59s train)
[STATE 2026-04-29 02:04:12] Task 8 Epoch 9/10: entering train loop
T8 Ep 9/10 | L 0.0176 | Train Acc 0.93 | Prec 0.93 | F1 0.75 | Det Rec 0.81 | Det FA 0.35 | Epoch Time 84.15s (Eval 0.00s, Train 84.15s)
[STATE 2026-04-29 02:05:36] T8 Ep 9/10 complete: Prec 0.9308 F1 0.7508 DetRec 0.8138 DetFA 0.3455 | 84.15s total (0.00s eval/84.15s train)
[STATE 2026-04-29 02:05:36] Task 8 Epoch 10/10: entering train loop
T8 Ep 10/10 | L 0.0166 | Train Acc 0.94 | Prec 0.94 | F1 0.76 | Det Rec 0.82 | Det FA 0.34 | Epoch Time 84.34s (Eval 0.00s, Train 84.34s)
[STATE 2026-04-29 02:07:00] T8 Ep 10/10 complete: Prec 0.9405 F1 0.7599 DetRec 0.8188 DetFA 0.3364 | 84.34s total (0.00s eval/84.34s train)
[STATE 2026-04-29 02:07:00] Task 8: running final validation.
[STATE 2026-04-29 02:09:03] Completed task 8 (9/10)
Task 9: 17340 training samples, 6800 test samples.
[STATE 2026-04-29 02:09:03] Task 9: zero-shot validation (pre-train)
---- Zero-shot (pre-train) task 9: rec_cls 0.2374 | prec_cls 0.1183 | f1_cls 0.1171 | det 0.4994 | pfa 1.0000 | total_f1 0.6207 ----
[STATE 2026-04-29 02:11:07] Starting task 9 (10/10)
[STATE 2026-04-29 02:11:07] Task 9 Epoch 1/10: entering train loop
[STATE 2026-04-29 02:11:47] Task 9 Epoch 1/10: running validation (end of epoch)
---- Eval at Epoch 0: cls [0.7765130556875457, 0.7086724872797917, 0.4898142256553074, 0.613053554137393, 0.5820699707606549, 0.7488895689794027, 0.6118124386947378, 0.8061220507815142, 0.8186029377351874, 0.5431467775953395] | det_recall [0.8641444139978627, 0.8505547839872785, 0.8321041076993017, 0.999023521807647, 1.0, 0.8834246366934907, 0.9998604910714286, 0.8594980749747413, 0.8191082978186666, 1.0] | det_fa [0.14839324436780416, 0.1781807793071964, 0.30065620229998724, 0.0014617043386267058, 0.0, 0.199644119352455, 0.00027901785714285713, 0.2574412728054431, 0.3060931242076404, 0.0] ----
T9 Ep 1/10 | L 0.0508 | Train Acc 0.51 | Prec 0.53 | F1 0.56 | Det Rec 0.99 | Det FA 0.03 | Epoch Time 163.86s (Eval 123.86s, Train 40.00s)
[STATE 2026-04-29 02:13:51] T9 Ep 1/10 complete: Prec 0.5264 F1 0.5637 DetRec 0.9853 DetFA 0.0294 | 163.86s total (123.86s eval/40.00s train)
[STATE 2026-04-29 02:13:51] Task 9 Epoch 2/10: entering train loop
T9 Ep 2/10 | L 0.0743 | Train Acc 0.59 | Prec 0.60 | F1 0.65 | Det Rec 1.00 | Det FA 0.00 | Epoch Time 40.13s (Eval 0.00s, Train 40.13s)
[STATE 2026-04-29 02:14:31] T9 Ep 2/10 complete: Prec 0.6029 F1 0.6514 DetRec 1.0000 DetFA 0.0000 | 40.13s total (0.00s eval/40.13s train)
[STATE 2026-04-29 02:14:31] Task 9 Epoch 3/10: entering train loop
T9 Ep 3/10 | L 0.0611 | Train Acc 0.63 | Prec 0.64 | F1 0.68 | Det Rec 1.00 | Det FA 0.00 | Epoch Time 38.41s (Eval 0.00s, Train 38.41s)
[STATE 2026-04-29 02:15:09] T9 Ep 3/10 complete: Prec 0.6360 F1 0.6812 DetRec 1.0000 DetFA 0.0000 | 38.41s total (0.00s eval/38.41s train)
[STATE 2026-04-29 02:15:09] Task 9 Epoch 4/10: entering train loop
T9 Ep 4/10 | L 0.0569 | Train Acc 0.65 | Prec 0.66 | F1 0.70 | Det Rec 1.00 | Det FA 0.00 | Epoch Time 40.25s (Eval 0.00s, Train 40.25s)
[STATE 2026-04-29 02:15:50] T9 Ep 4/10 complete: Prec 0.6637 F1 0.6951 DetRec 1.0000 DetFA 0.0000 | 40.25s total (0.00s eval/40.25s train)
[STATE 2026-04-29 02:15:50] Task 9 Epoch 5/10: entering train loop
T9 Ep 5/10 | L 0.0506 | Train Acc 0.67 | Prec 0.67 | F1 0.71 | Det Rec 1.00 | Det FA 0.00 | Epoch Time 39.76s (Eval 0.00s, Train 39.76s)
[STATE 2026-04-29 02:16:29] T9 Ep 5/10 complete: Prec 0.6731 F1 0.7097 DetRec 1.0000 DetFA 0.0000 | 39.76s total (0.00s eval/39.76s train)
[STATE 2026-04-29 02:16:29] Task 9 Epoch 6/10: entering train loop
T9 Ep 6/10 | L 0.0448 | Train Acc 0.68 | Prec 0.69 | F1 0.72 | Det Rec 1.00 | Det FA 0.00 | Epoch Time 39.64s (Eval 0.00s, Train 39.64s)
[STATE 2026-04-29 02:17:09] T9 Ep 6/10 complete: Prec 0.6884 F1 0.7178 DetRec 1.0000 DetFA 0.0000 | 39.64s total (0.00s eval/39.64s train)
[STATE 2026-04-29 02:17:09] Task 9 Epoch 7/10: entering train loop
T9 Ep 7/10 | L 0.0374 | Train Acc 0.70 | Prec 0.70 | F1 0.74 | Det Rec 1.00 | Det FA 0.00 | Epoch Time 39.97s (Eval 0.00s, Train 39.97s)
[STATE 2026-04-29 02:17:49] T9 Ep 7/10 complete: Prec 0.7023 F1 0.7363 DetRec 1.0000 DetFA 0.0000 | 39.97s total (0.00s eval/39.97s train)
[STATE 2026-04-29 02:17:49] Task 9 Epoch 8/10: entering train loop
T9 Ep 8/10 | L 0.0348 | Train Acc 0.71 | Prec 0.72 | F1 0.75 | Det Rec 1.00 | Det FA 0.00 | Epoch Time 40.16s (Eval 0.00s, Train 40.16s)
[STATE 2026-04-29 02:18:29] T9 Ep 8/10 complete: Prec 0.7190 F1 0.7501 DetRec 1.0000 DetFA 0.0000 | 40.16s total (0.00s eval/40.16s train)
[STATE 2026-04-29 02:18:29] Task 9 Epoch 9/10: entering train loop
T9 Ep 9/10 | L 0.0363 | Train Acc 0.73 | Prec 0.73 | F1 0.76 | Det Rec 1.00 | Det FA 0.00 | Epoch Time 39.50s (Eval 0.00s, Train 39.50s)
[STATE 2026-04-29 02:19:09] T9 Ep 9/10 complete: Prec 0.7310 F1 0.7644 DetRec 1.0000 DetFA 0.0000 | 39.50s total (0.00s eval/39.50s train)
[STATE 2026-04-29 02:19:09] Task 9 Epoch 10/10: entering train loop
T9 Ep 10/10 | L 0.0359 | Train Acc 0.74 | Prec 0.74 | F1 0.77 | Det Rec 1.00 | Det FA 0.00 | Epoch Time 39.44s (Eval 0.00s, Train 39.44s)
[STATE 2026-04-29 02:19:48] T9 Ep 10/10 complete: Prec 0.7393 F1 0.7738 DetRec 1.0000 DetFA 0.0000 | 39.44s total (0.00s eval/39.44s train)
[STATE 2026-04-29 02:19:48] Task 9: running final validation.
[STATE 2026-04-29 02:21:52] Completed task 9 (10/10)
####Final Validation Accuracy####
Final Results:- 
 Total Recall: 0.6723177693898551 
 Individual Recall: [0.7551365818090318, 0.684783445485622, 0.48426458027881286, 0.6434196446636272, 0.6120469579156441, 0.7609679294123352, 0.6327425088319643, 0.8037440887496522, 0.7139634858693326, 0.6321084708825289]
Final Detection Results:- 
 Total Detection: 0.9093746725224554 
 Individual Detection: [0.858689531809408, 0.843677500489451, 0.8346811841280473, 0.9988995248419446, 1.0, 0.8790897777100647, 0.9997319668503842, 0.8531031182593274, 0.8258741211359267, 1.0]
Final Detection False Alarm:- 
 Total False Alarm: 0.13488197499378773 
 Individual False Alarm: [0.150867124178408, 0.2086711381542171, 0.2910803521534685, 0.0017096982700316623, 0.0, 0.2110176148821199, 0.0005360662992316047, 0.27561886851317885, 0.20931888748722163, 0.0]
SUMMARY_TR cls_rec=0.7383 cls_prec=0.7393 cls_f1=0.7738 det=0.9108 fa=0.1392
SUMMARY_TE cls_rec=0.6723 cls_prec=0.6924 cls_f1=0.6819 det=0.9094 fa=0.1349
[STATE 2026-04-29 02:21:52] Saving results to logs//bcl_single/full-tasks_CIL_all-2026-04-28_20-00-46-5079/0/results
Model size: 0.0289 GB
Memory buffer size: 0.0158 GB
logs//bcl_single/full-tasks_CIL_all-2026-04-28_20-00-46-5079/0/results: {'expt_name': 'full-tasks_CIL_all', 'model': 'bcl_dual', 'arch': 'resnet1d', 'n_hiddens': 100, 'n_layers': 2, 'xav_init': False, 'debug': False, 'use_detector_arch': False, 'use_groupnorm': False, 'inner_steps': 1, 'n_epochs': 10, 'batch_size': 256, 'replay_batch_size': 128, 'memories': 5120, 'lr': 0.001, 'optimizer': 'sgd', 'prune_perc': 0.75, 'post_prune_epochs': 0, 'class_weighted_ce': True, 'cuda': True, 'seed': 0, 'log_every': 10, 'log_dir': 'logs//bcl_single/full-tasks_CIL_all-2026-04-28_20-00-46-5079/0', 'tf_dir': 'logs//bcl_single/full-tasks_CIL_all-2026-04-28_20-00-46-5079/0/tfdir', 'calc_test_accuracy': False, 'state_logging': True, 'data_path': 'data/rff/radar/full', 'task_order_files': 't2-rcn,t0-rcn,t2-uclresm-25noise,t0-deeprad,t1-deeprad,t1-uclresm-25noise,t3-deeprad,t0-uclresm-25noise,t1-rcn,t2-deeprad', 'loader': 'task_incremental_loader', 'samples_per_task': -1, 'shuffle_tasks': False, 'classes_per_it': 6, 'iterations': 5000, 'dataset': 'iq', 'workers': 0, 'validation': 0.5, 'data_scaling': 'normalize', 'use_iq_aug_features': False, 'iq_aug_feature_type': 'power', 'class_order': 'random', 'increment': 5, 'test_batch_size': 512, 'nc_per_task': None, 'nc_per_task_list': '', 'val_rate': 1000, 'opt_lr': 0.1, 'opt_wt': 0.1, 'alpha_init': 0.001, 'momentum': 0.0, 'learn_lr': False, 'sync_update': False, 'grad_clip_norm': 5.0, 'meta_batches': 3, 'use_old_task_memory': False, 'second_order': False, 'n_memories': 5120, 'memory_strength': 1, 'memory_loss_lambda': 1.0, 'steps_per_sample': 1, 'bgd_optimizer': 'sgd', 'optimizer_params': '{}', 'train_mc_iters': 5, 'std_init': 0.05, 'mean_eta': 1, 'fisher_gamma': 0.95, 'rln': 7, 'meta_lr': 0.001, 'update_lr': 0.1, 'ctx_lr': 0.05, 'n_meta': 1, 'temperature': 5.0, 'task_emb': 64, 'legacy_use_global_n_epochs': True, 'classes_per_task': [6, 7, 6, 7, 7, 6, 6, 6, 7, 6], 'get_samples_per_task': <bound method IncrementalLoader.get_samples_per_task of <dataloaders.task_incremental_loader.IncrementalLoader object at 0x7046ea4be3c0>>, 'task_epoch_schedule': {}} # val: 0.777 0.672 -0.105 0.000 # sizes: model_gb=0.0289 mem_gb=0.0158 # 22800.66463804245
[STATE 2026-04-29 02:21:52] results.pt components (approx): state_dict 29.6 MB, result_val_t 0.1 KB, result_val_a 0.8 KB
[STATE 2026-04-29 02:21:52] Results saved; total runtime 6.33h
Total runtime: 6.33 hours
