[STATE 2026-03-25 03:04:21] Enabling terminal logging to logs//ctn/full-tasks_all-10epochs_weighted-loss-2026-03-25_03-04-21-4224/0/terminal.log
New Experiment Starting...
Running model:  ctn
[STATE 2026-03-25 03:04:21] Experiment 'full-tasks_all-10epochs_weighted-loss' starting with model 'ctn' (seed 0)
Set seed 0
t2-rcn.npz train: x=(50362, 1024), y=(50362, 2)
t2-rcn.npz test: x=(16787, 1024), y=(16787, 2)
t2-rcn.npz: applied data scaling mode 'normalize'.
Loaded t2-rcn.npz: Unique train labels: UniqueCountsResult(values=array([-1,  3,  5, 10, 12, 15]), counts=array([24209,  5770,  3030,  2320,  7509,  7524]))
Noise labels ratio in t2-rcn.npz train: 0.24, test: 0.24
Loaded t2-rcn.npz: Remapped labels: [0 1 2 3 4 5]. Size: 50362)
t0-rcn.npz train: x=(51916, 1024), y=(51916, 2)
t0-rcn.npz test: x=(17305, 1024), y=(17305, 2)
t0-rcn.npz: applied data scaling mode 'normalize'.
Loaded t0-rcn.npz: Unique train labels: UniqueCountsResult(values=array([-1,  1,  8,  9, 11, 13, 14]), counts=array([24225,  4268,  2495,  2943,  3015,  7464,  7506]))
Noise labels ratio in t0-rcn.npz train: 0.23, test: 0.23
Loaded t0-rcn.npz: Remapped labels: [ 6  7  8  9 10 11 12]. Size: 51916)
t2-uclresm-25noise.npz train: moved sample axis (3, 350028, 1024) -> (350028, 3, 1024)
t2-uclresm-25noise.npz test: moved sample axis (3, 233351, 1024) -> (233351, 3, 1024)
t2-uclresm-25noise.npz train: x=(350028, 3, 1024), y=(350028,)
t2-uclresm-25noise.npz test: x=(233351, 3, 1024), y=(233351,)
t2-uclresm-25noise.npz: applied data scaling mode 'normalize'.
Loaded t2-uclresm-25noise.npz: Unique train labels: UniqueCountsResult(values=array([-1,  0,  1,  2,  3,  4]), counts=array([87441, 27347, 71754, 64298, 36005, 63183]))
Noise labels ratio in t2-uclresm-25noise.npz train: 0.25, test: 0.25
Loaded t2-uclresm-25noise.npz: Remapped labels: [13 14 15 16 17 18]. Size: 350028)
t0-deeprad.npz train: x=(24480, 1024), y=(24480, 2)
t0-deeprad.npz test: x=(8160, 1024), y=(8160, 2)
t0-deeprad.npz: applied data scaling mode 'normalize'.
Loaded t0-deeprad.npz: Unique train labels: UniqueCountsResult(values=array([-1,  0,  1,  2,  3,  4,  5]), counts=array([12240,  2029,  1983,  2043,  2154,  2015,  2016]))
Noise labels ratio in t0-deeprad.npz train: 0.25, test: 0.22
Loaded t0-deeprad.npz: Remapped labels: [19 20 21 22 23 24 25]. Size: 24480)
t1-deeprad.npz train: x=(24480, 1024), y=(24480, 2)
t1-deeprad.npz test: x=(8160, 1024), y=(8160, 2)
t1-deeprad.npz: applied data scaling mode 'normalize'.
Loaded t1-deeprad.npz: Unique train labels: UniqueCountsResult(values=array([-1,  0,  1,  2,  3,  4,  5]), counts=array([12240,  1988,  2029,  2054,  1988,  2053,  2128]))
Noise labels ratio in t1-deeprad.npz train: 0.25, test: 0.22
Loaded t1-deeprad.npz: Remapped labels: [26 27 28 29 30 31 32]. Size: 24480)
t1-uclresm-25noise.npz train: moved sample axis (3, 201410, 1024) -> (201410, 3, 1024)
t1-uclresm-25noise.npz test: moved sample axis (3, 116291, 1024) -> (116291, 3, 1024)
t1-uclresm-25noise.npz train: x=(201410, 3, 1024), y=(201410,)
t1-uclresm-25noise.npz test: x=(116291, 3, 1024), y=(116291,)
t1-uclresm-25noise.npz: applied data scaling mode 'normalize'.
Loaded t1-uclresm-25noise.npz: Unique train labels: UniqueCountsResult(values=array([-1,  0,  1,  2,  3,  4]), counts=array([43668, 18021, 17838, 18087, 31870, 71926]))
Noise labels ratio in t1-uclresm-25noise.npz train: 0.22, test: 0.25
Loaded t1-uclresm-25noise.npz: Remapped labels: [33 34 35 36 37 38]. Size: 201410)
t3-deeprad.npz train: x=(17340, 1024), y=(17340, 2)
t3-deeprad.npz test: x=(6800, 1024), y=(6800, 2)
t3-deeprad.npz: applied data scaling mode 'normalize'.
Loaded t3-deeprad.npz: Unique train labels: UniqueCountsResult(values=array([-1,  0,  1,  2,  3,  4]), counts=array([8670, 1693, 1677, 1794, 1716, 1790]))
Noise labels ratio in t3-deeprad.npz train: 0.25, test: 0.17
Loaded t3-deeprad.npz: Remapped labels: [39 40 41 42 43 44]. Size: 17340)
t0-uclresm-25noise.npz train: moved sample axis (3, 188050, 1024) -> (188050, 3, 1024)
t0-uclresm-25noise.npz test: moved sample axis (3, 107348, 1024) -> (107348, 3, 1024)
t0-uclresm-25noise.npz train: x=(188050, 3, 1024), y=(188050,)
t0-uclresm-25noise.npz test: x=(107348, 3, 1024), y=(107348,)
t0-uclresm-25noise.npz: applied data scaling mode 'normalize'.
Loaded t0-uclresm-25noise.npz: Unique train labels: UniqueCountsResult(values=array([-1,  0,  1,  2,  3,  4]), counts=array([40144, 32109, 17978, 17979, 18098, 61742]))
Noise labels ratio in t0-uclresm-25noise.npz train: 0.21, test: 0.25
Loaded t0-uclresm-25noise.npz: Remapped labels: [45 46 47 48 49 50]. Size: 188050)
t1-rcn.npz train: x=(36658, 1024), y=(36658, 2)
t1-rcn.npz test: x=(12220, 1024), y=(12220, 2)
t1-rcn.npz: applied data scaling mode 'normalize'.
Loaded t1-rcn.npz: Unique train labels: UniqueCountsResult(values=array([-1,  0,  2,  4,  6,  7, 16]), counts=array([20595,   824,  2087,  2606,  2396,  1716,  6434]))
Noise labels ratio in t1-rcn.npz train: 0.28, test: 0.28
Loaded t1-rcn.npz: Remapped labels: [51 52 53 54 55 56 57]. Size: 36658)
t2-deeprad.npz train: x=(17340, 1024), y=(17340, 2)
t2-deeprad.npz test: x=(6800, 1024), y=(6800, 2)
t2-deeprad.npz: applied data scaling mode 'normalize'.
Loaded t2-deeprad.npz: Unique train labels: UniqueCountsResult(values=array([-1,  0,  1,  2,  3,  4]), counts=array([8670, 1774, 1675, 1777, 1694, 1750]))
Noise labels ratio in t2-deeprad.npz train: 0.25, test: 0.17
Loaded t2-deeprad.npz: Remapped labels: [58 59 60 61 62 63]. Size: 17340)
Built classes_per_task: [6, 7, 6, 7, 7, 6, 6, 6, 7, 6]
Classes per task: [6, 7, 6, 7, 7, 6, 6, 6, 7, 6]
[STATE 2026-03-25 03:05:23] Loader 'task_incremental_loader' ready: 1024 inputs, 64 outputs, 10 tasks
n_outputs: 64 	n_tasks: 10
[STATE 2026-03-25 03:05:23] Logging to logs//ctn/full-tasks_all-10epochs_weighted-loss-2026-03-25_03-04-21-4224/0
True
Model device: cuda:0
[STATE 2026-03-25 03:05:23] Model initialized on device cuda:0
[STATE 2026-03-25 03:05:23] Invoking continual life experience flow
[STATE 2026-03-25 03:05:23] Life experience start: 10 tasks queued
Task 0: 50362 training samples, 15108 test samples.
[STATE 2026-03-25 03:05:23] Starting task 0 (1/10)
[STATE 2026-03-25 03:05:23] Task 0 Epoch 1/5: entering train loop
[STATE 2026-03-25 03:07:48] Task 0 Epoch 1/5: running validation (end of epoch)
---- Eval at Epoch 0: cls [0.8173651594303138] | det_recall [0.8734154516995286] | det_fa [0.23916657738116312] ----
T0 Ep 1/5 | L 0.5626 | Train Acc 0.68 | Prec 0.72 | F1 0.63 | Det Rec 0.81 | Det FA 0.28 | Epoch Time 149.57s (Eval 4.81s, Train 144.75s)
[STATE 2026-03-25 03:07:53] T0 Ep 1/5 complete: Prec 0.7164 F1 0.6288 DetRec 0.8135 DetFA 0.2843 | 149.57s total (4.81s eval/144.75s train)
[STATE 2026-03-25 03:07:53] Task 0 Epoch 2/5: entering train loop
T0 Ep 2/5 | L 0.2932 | Train Acc 0.87 | Prec 0.88 | F1 0.82 | Det Rec 0.89 | Det FA 0.19 | Epoch Time 166.60s (Eval 0.00s, Train 166.60s)
[STATE 2026-03-25 03:10:39] T0 Ep 2/5 complete: Prec 0.8849 F1 0.8176 DetRec 0.8885 DetFA 0.1882 | 166.60s total (0.00s eval/166.60s train)
[STATE 2026-03-25 03:10:39] Task 0 Epoch 3/5: entering train loop
T0 Ep 3/5 | L 0.2531 | Train Acc 0.91 | Prec 0.92 | F1 0.85 | Det Rec 0.89 | Det FA 0.19 | Epoch Time 165.96s (Eval 0.00s, Train 165.96s)
[STATE 2026-03-25 03:13:25] T0 Ep 3/5 complete: Prec 0.9160 F1 0.8496 DetRec 0.8932 DetFA 0.1862 | 165.96s total (0.00s eval/165.96s train)
[STATE 2026-03-25 03:13:25] Task 0 Epoch 4/5: entering train loop
T0 Ep 4/5 | L 0.2312 | Train Acc 0.92 | Prec 0.93 | F1 0.86 | Det Rec 0.89 | Det FA 0.19 | Epoch Time 166.03s (Eval 0.00s, Train 166.03s)
[STATE 2026-03-25 03:16:11] T0 Ep 4/5 complete: Prec 0.9264 F1 0.8580 DetRec 0.8944 DetFA 0.1885 | 166.03s total (0.00s eval/166.03s train)
[STATE 2026-03-25 03:16:11] Task 0 Epoch 5/5: entering train loop
T0 Ep 5/5 | L 0.2116 | Train Acc 0.93 | Prec 0.94 | F1 0.87 | Det Rec 0.90 | Det FA 0.18 | Epoch Time 166.49s (Eval 0.00s, Train 166.49s)
[STATE 2026-03-25 03:18:58] T0 Ep 5/5 complete: Prec 0.9404 F1 0.8722 DetRec 0.8970 DetFA 0.1832 | 166.49s total (0.00s eval/166.49s train)
[STATE 2026-03-25 03:18:58] Task 0: running final validation.
[STATE 2026-03-25 03:19:03] Completed task 0 (1/10)
Task 1: 51916 training samples, 15574 test samples.
[STATE 2026-03-25 03:19:03] Starting task 1 (2/10)
[STATE 2026-03-25 03:19:03] Task 1 Epoch 1/5: entering train loop
[STATE 2026-03-25 03:23:51] Task 1 Epoch 1/5: running validation (end of epoch)
---- Eval at Epoch 0: cls [0.772994200665101, 0.5583998457355641] | det_recall [0.8867577654179964, 0.8310656062320004] | det_fa [0.18540134132306177, 0.14958135764068672] ----
T1 Ep 1/5 | L 0.9316 | Train Acc 0.64 | Prec 0.74 | F1 0.58 | Det Rec 0.75 | Det FA 0.39 | Epoch Time 298.31s (Eval 9.66s, Train 288.65s)
[STATE 2026-03-25 03:24:01] T1 Ep 1/5 complete: Prec 0.7415 F1 0.5805 DetRec 0.7479 DetFA 0.3875 | 298.31s total (9.66s eval/288.65s train)
[STATE 2026-03-25 03:24:01] Task 1 Epoch 2/5: entering train loop
T1 Ep 2/5 | L 0.5163 | Train Acc 0.73 | Prec 0.84 | F1 0.73 | Det Rec 0.85 | Det FA 0.19 | Epoch Time 308.67s (Eval 0.00s, Train 308.67s)
[STATE 2026-03-25 03:29:10] T1 Ep 2/5 complete: Prec 0.8441 F1 0.7260 DetRec 0.8489 DetFA 0.1887 | 308.67s total (0.00s eval/308.67s train)
[STATE 2026-03-25 03:29:10] Task 1 Epoch 3/5: entering train loop
T1 Ep 3/5 | L 0.4271 | Train Acc 0.78 | Prec 0.88 | F1 0.78 | Det Rec 0.87 | Det FA 0.16 | Epoch Time 307.79s (Eval 0.00s, Train 307.79s)
[STATE 2026-03-25 03:34:17] T1 Ep 3/5 complete: Prec 0.8805 F1 0.7775 DetRec 0.8729 DetFA 0.1593 | 307.79s total (0.00s eval/307.79s train)
[STATE 2026-03-25 03:34:17] Task 1 Epoch 4/5: entering train loop
T1 Ep 4/5 | L 0.3856 | Train Acc 0.80 | Prec 0.90 | F1 0.79 | Det Rec 0.88 | Det FA 0.16 | Epoch Time 310.62s (Eval 0.00s, Train 310.62s)
[STATE 2026-03-25 03:39:28] T1 Ep 4/5 complete: Prec 0.8967 F1 0.7949 DetRec 0.8784 DetFA 0.1553 | 310.62s total (0.00s eval/310.62s train)
[STATE 2026-03-25 03:39:28] Task 1 Epoch 5/5: entering train loop
T1 Ep 5/5 | L 0.3474 | Train Acc 0.82 | Prec 0.91 | F1 0.82 | Det Rec 0.89 | Det FA 0.13 | Epoch Time 308.57s (Eval 0.00s, Train 308.57s)
[STATE 2026-03-25 03:44:37] T1 Ep 5/5 complete: Prec 0.9126 F1 0.8226 DetRec 0.8932 DetFA 0.1337 | 308.57s total (0.00s eval/308.57s train)
[STATE 2026-03-25 03:44:37] Task 1: running final validation.
[STATE 2026-03-25 03:44:46] Completed task 1 (2/10)
Task 2: 350028 training samples, 105008 test samples.
[STATE 2026-03-25 03:44:47] Starting task 2 (3/10)
[STATE 2026-03-25 03:44:47] Task 2 Epoch 1/5: entering train loop
[STATE 2026-03-25 04:25:35] Task 2 Epoch 1/5: running validation (end of epoch)
---- Eval at Epoch 0: cls [0.813395409255428, 0.6505344329922002, 0.2992762950467611] | det_recall [0.8839751838742225, 0.8305336416855151, 0.6951084303425694] | det_fa [0.15938477200308024, 0.07019771954474602, 0.20682752857563286] ----
T2 Ep 1/5 | L 1.0406 | Train Acc 0.23 | Prec 0.42 | F1 0.28 | Det Rec 0.63 | Det FA 0.28 | Epoch Time 2490.10s (Eval 42.39s, Train 2447.71s)
[STATE 2026-03-25 04:26:17] T2 Ep 1/5 complete: Prec 0.4242 F1 0.2763 DetRec 0.6254 DetFA 0.2796 | 2490.10s total (42.39s eval/2447.71s train)
[STATE 2026-03-25 04:26:17] Task 2 Epoch 2/5: entering train loop
T2 Ep 2/5 | L 0.7282 | Train Acc 0.38 | Prec 0.57 | F1 0.41 | Det Rec 0.70 | Det FA 0.27 | Epoch Time 2462.48s (Eval 0.00s, Train 2462.48s)
[STATE 2026-03-25 05:07:20] T2 Ep 2/5 complete: Prec 0.5717 F1 0.4141 DetRec 0.6961 DetFA 0.2709 | 2462.48s total (0.00s eval/2462.48s train)
[STATE 2026-03-25 05:07:20] Task 2 Epoch 3/5: entering train loop
T2 Ep 3/5 | L 0.6623 | Train Acc 0.46 | Prec 0.63 | F1 0.48 | Det Rec 0.74 | Det FA 0.25 | Epoch Time 2459.66s (Eval 0.00s, Train 2459.66s)
[STATE 2026-03-25 05:48:19] T2 Ep 3/5 complete: Prec 0.6263 F1 0.4825 DetRec 0.7423 DetFA 0.2538 | 2459.66s total (0.00s eval/2459.66s train)
[STATE 2026-03-25 05:48:19] Task 2 Epoch 4/5: entering train loop
T2 Ep 4/5 | L 0.6185 | Train Acc 0.51 | Prec 0.66 | F1 0.53 | Det Rec 0.77 | Det FA 0.25 | Epoch Time 2468.68s (Eval 0.00s, Train 2468.68s)
[STATE 2026-03-25 06:29:28] T2 Ep 4/5 complete: Prec 0.6628 F1 0.5332 DetRec 0.7724 DetFA 0.2477 | 2468.68s total (0.00s eval/2468.68s train)
[STATE 2026-03-25 06:29:28] Task 2 Epoch 5/5: entering train loop
T2 Ep 5/5 | L 0.5858 | Train Acc 0.55 | Prec 0.69 | F1 0.57 | Det Rec 0.79 | Det FA 0.23 | Epoch Time 2457.22s (Eval 0.00s, Train 2457.22s)
[STATE 2026-03-25 07:10:25] T2 Ep 5/5 complete: Prec 0.6950 F1 0.5726 DetRec 0.7892 DetFA 0.2309 | 2457.22s total (0.00s eval/2457.22s train)
[STATE 2026-03-25 07:10:25] Task 2: running final validation.
[STATE 2026-03-25 07:11:07] Completed task 2 (3/10)
Task 3: 24480 training samples, 7344 test samples.
[STATE 2026-03-25 07:11:08] Starting task 3 (4/10)
[STATE 2026-03-25 07:11:08] Task 3 Epoch 1/5: entering train loop
[STATE 2026-03-25 07:14:10] Task 3 Epoch 1/5: running validation (end of epoch)
---- Eval at Epoch 0: cls [0.45979028038146325, 0.18767171960346182, 0.13941679342345661, 0.3810097080646198] | det_recall [0.5160356684884172, 0.49520846081907016, 0.6362678350038758, 0.5002943355034891] | det_fa [0.9420198782516629, 0.8849493502043974, 0.3867009657279713, 0.9994113289930217] ----
T3 Ep 1/5 | L 2.8792 | Train Acc 0.43 | Prec 0.46 | F1 0.25 | Det Rec 0.52 | Det FA 0.96 | Epoch Time 227.40s (Eval 44.77s, Train 182.63s)
[STATE 2026-03-25 07:14:55] T3 Ep 1/5 complete: Prec 0.4580 F1 0.2535 DetRec 0.5189 DetFA 0.9566 | 227.40s total (44.77s eval/182.63s train)
[STATE 2026-03-25 07:14:55] Task 3 Epoch 2/5: entering train loop
T3 Ep 2/5 | L 1.0752 | Train Acc 0.55 | Prec 0.59 | F1 0.37 | Det Rec 0.53 | Det FA 0.94 | Epoch Time 193.77s (Eval 0.00s, Train 193.77s)
[STATE 2026-03-25 07:18:09] T3 Ep 2/5 complete: Prec 0.5893 F1 0.3746 DetRec 0.5291 DetFA 0.9411 | 193.77s total (0.00s eval/193.77s train)
[STATE 2026-03-25 07:18:09] Task 3 Epoch 3/5: entering train loop
T3 Ep 3/5 | L 0.8644 | Train Acc 0.59 | Prec 0.63 | F1 0.44 | Det Rec 0.58 | Det FA 0.84 | Epoch Time 194.96s (Eval 0.00s, Train 194.96s)
[STATE 2026-03-25 07:21:24] T3 Ep 3/5 complete: Prec 0.6292 F1 0.4371 DetRec 0.5775 DetFA 0.8440 | 194.96s total (0.00s eval/194.96s train)
[STATE 2026-03-25 07:21:24] Task 3 Epoch 4/5: entering train loop
T3 Ep 4/5 | L 0.7944 | Train Acc 0.61 | Prec 0.65 | F1 0.46 | Det Rec 0.59 | Det FA 0.81 | Epoch Time 195.03s (Eval 0.00s, Train 195.03s)
[STATE 2026-03-25 07:24:39] T3 Ep 4/5 complete: Prec 0.6493 F1 0.4642 DetRec 0.5930 DetFA 0.8130 | 195.03s total (0.00s eval/195.03s train)
[STATE 2026-03-25 07:24:39] Task 3 Epoch 5/5: entering train loop
T3 Ep 5/5 | L 0.7426 | Train Acc 0.63 | Prec 0.66 | F1 0.48 | Det Rec 0.60 | Det FA 0.80 | Epoch Time 194.22s (Eval 0.00s, Train 194.22s)
[STATE 2026-03-25 07:27:53] T3 Ep 5/5 complete: Prec 0.6640 F1 0.4818 DetRec 0.5985 DetFA 0.8023 | 194.22s total (0.00s eval/194.22s train)
[STATE 2026-03-25 07:27:53] Task 3: running final validation.
[STATE 2026-03-25 07:28:38] Completed task 3 (4/10)
Task 4: 24480 training samples, 7344 test samples.
[STATE 2026-03-25 07:28:38] Starting task 4 (5/10)
[STATE 2026-03-25 07:28:38] Task 4 Epoch 1/5: entering train loop
[STATE 2026-03-25 07:32:04] Task 4 Epoch 1/5: running validation (end of epoch)
---- Eval at Epoch 0: cls [0.7306694873390704, 0.6524301943466705, 0.32540313651458036, 0.5770817552359707, 0.47749156268239473] | det_recall [0.8780739048746556, 0.8476908174284957, 0.7376942925970463, 0.99848697000281, 1.0] | det_fa [0.16548702163952347, 0.11354735110152052, 0.17761617712296993, 0.0, 0.0] ----
T4 Ep 1/5 | L 1.6512 | Train Acc 0.47 | Prec 0.50 | F1 0.48 | Det Rec 0.96 | Det FA 0.07 | Epoch Time 253.15s (Eval 47.22s, Train 205.93s)
[STATE 2026-03-25 07:32:51] T4 Ep 1/5 complete: Prec 0.5042 F1 0.4822 DetRec 0.9635 DetFA 0.0729 | 253.15s total (47.22s eval/205.93s train)
[STATE 2026-03-25 07:32:51] Task 4 Epoch 2/5: entering train loop
T4 Ep 2/5 | L 0.9872 | Train Acc 0.57 | Prec 0.65 | F1 0.60 | Det Rec 0.99 | Det FA 0.02 | Epoch Time 219.55s (Eval 0.00s, Train 219.55s)
[STATE 2026-03-25 07:36:31] T4 Ep 2/5 complete: Prec 0.6469 F1 0.6029 DetRec 0.9896 DetFA 0.0208 | 219.55s total (0.00s eval/219.55s train)
[STATE 2026-03-25 07:36:31] Task 4 Epoch 3/5: entering train loop
T4 Ep 3/5 | L 0.8492 | Train Acc 0.63 | Prec 0.70 | F1 0.66 | Det Rec 0.99 | Det FA 0.01 | Epoch Time 222.07s (Eval 0.00s, Train 222.07s)
[STATE 2026-03-25 07:40:13] T4 Ep 3/5 complete: Prec 0.7043 F1 0.6602 DetRec 0.9948 DetFA 0.0104 | 222.07s total (0.00s eval/222.07s train)
[STATE 2026-03-25 07:40:13] Task 4 Epoch 4/5: entering train loop
T4 Ep 4/5 | L 0.7440 | Train Acc 0.68 | Prec 0.74 | F1 0.71 | Det Rec 1.00 | Det FA 0.00 | Epoch Time 222.01s (Eval 0.00s, Train 222.01s)
[STATE 2026-03-25 07:43:55] T4 Ep 4/5 complete: Prec 0.7444 F1 0.7132 DetRec 1.0000 DetFA 0.0000 | 222.01s total (0.00s eval/222.01s train)
[STATE 2026-03-25 07:43:55] Task 4 Epoch 5/5: entering train loop
T4 Ep 5/5 | L 0.6591 | Train Acc 0.71 | Prec 0.77 | F1 0.74 | Det Rec 1.00 | Det FA 0.00 | Epoch Time 222.43s (Eval 0.00s, Train 222.43s)
[STATE 2026-03-25 07:47:37] T4 Ep 5/5 complete: Prec 0.7738 F1 0.7360 DetRec 1.0000 DetFA 0.0000 | 222.43s total (0.00s eval/222.43s train)
[STATE 2026-03-25 07:47:37] Task 4: running final validation.
[STATE 2026-03-25 07:48:24] Completed task 4 (5/10)
Task 5: 201410 training samples, 60423 test samples.
[STATE 2026-03-25 07:48:25] Starting task 5 (6/10)
[STATE 2026-03-25 07:48:25] Task 5 Epoch 1/5: entering train loop
[STATE 2026-03-25 08:22:27] Task 5 Epoch 1/5: running validation (end of epoch)
---- Eval at Epoch 0: cls [0.7264722301653221, 0.6495226670257863, 0.4226947809985529, 0.5906540396303751, 0.6105789792758678, 0.47776114222562277] | det_recall [0.8642487438771832, 0.8399999920288587, 0.7137772485787737, 0.9989580661799184, 1.0, 0.5027436022987347] | det_fa [0.11916685498070394, 0.07078028558229993, 0.5581064617291214, 0.0, 0.0, 0.9910717565694704] ----
T5 Ep 1/5 | L 0.8547 | Train Acc 0.51 | Prec 0.71 | F1 0.52 | Det Rec 0.76 | Det FA 0.43 | Epoch Time 2108.67s (Eval 66.26s, Train 2042.42s)
[STATE 2026-03-25 08:23:33] T5 Ep 1/5 complete: Prec 0.7067 F1 0.5208 DetRec 0.7609 DetFA 0.4271 | 2108.67s total (66.26s eval/2042.42s train)
[STATE 2026-03-25 08:23:33] Task 5 Epoch 2/5: entering train loop
T5 Ep 2/5 | L 0.6042 | Train Acc 0.60 | Prec 0.82 | F1 0.65 | Det Rec 0.84 | Det FA 0.28 | Epoch Time 2059.90s (Eval 0.00s, Train 2059.90s)
[STATE 2026-03-25 08:57:53] T5 Ep 2/5 complete: Prec 0.8205 F1 0.6538 DetRec 0.8357 DetFA 0.2755 | 2059.90s total (0.00s eval/2059.90s train)
[STATE 2026-03-25 08:57:53] Task 5 Epoch 3/5: entering train loop
T5 Ep 3/5 | L 0.5303 | Train Acc 0.62 | Prec 0.83 | F1 0.68 | Det Rec 0.86 | Det FA 0.23 | Epoch Time 2059.45s (Eval 0.00s, Train 2059.45s)
[STATE 2026-03-25 09:32:13] T5 Ep 3/5 complete: Prec 0.8338 F1 0.6763 DetRec 0.8573 DetFA 0.2287 | 2059.45s total (0.00s eval/2059.45s train)
[STATE 2026-03-25 09:32:13] Task 5 Epoch 4/5: entering train loop
Traceback (most recent call last):
  File "/home/lunet/wsmr11/repos/La-MAML/main.py", line 1667, in <module>
    main()
  File "/home/lunet/wsmr11/repos/La-MAML/main.py", line 1638, in main
    ) = life_experience(model, loader, args)
        ^^^^^^^^^^^^^^^^^^^^^^^^^^^^^^^^^^^^
  File "/home/lunet/wsmr11/repos/La-MAML/main.py", line 778, in life_experience
    loss, cls_tr_rec = model.observe(Variable(v_x), v_y, task_info["task"])
                       ^^^^^^^^^^^^^^^^^^^^^^^^^^^^^^^^^^^^^^^^^^^^^^^^^^^^
  File "/home/lunet/wsmr11/repos/La-MAML/model/ctn.py", line 477, in observe
    sampled = self.memory_sampling(t)
              ^^^^^^^^^^^^^^^^^^^^^^^
  File "/home/lunet/wsmr11/repos/La-MAML/model/ctn.py", line 295, in memory_sampling
    mask[row_index, :class_size] = torch.arange(
                                   ^^^^^^^^^^^^^
KeyboardInterrupt
