[2026-04-29T17:46:12+01:00] === full_experiments.sh started ===
[2026-04-29T17:46:12+01:00] REPO_ROOT=/home/lunet/wsmr11/repos/La-MAML
[2026-04-29T17:46:12+01:00] LOG_FILE=/home/lunet/wsmr11/repos/La-MAML/logs/full_experiments/run_20260429_174612_lnx-elkk-2/full_experiments_20260429_174612.log
[2026-04-29T17:46:12+01:00] INCLUDED_ALL=agem er_ring
[2026-04-29T17:46:12+01:00] Activated la-maml_env
[2026-04-29T17:46:12+01:00] Using SERIAL_PROBE_JSON_PATH=logs/eta_probe/eta_probe_elkk-1-algos_10-iter_avg-util-2.json
[2026-04-29T17:46:12+01:00] Using SCHEDULE_JSON_PATH=logs/eta_probe/full_experiments_host_schedule_cil.json
[2026-04-29T17:46:12+01:00] HOST_KEY=lnx-elkk-2
[2026-04-29T17:46:12+01:00] MODEL_MODE=cil
[2026-04-29T17:46:12+01:00] Reusing existing schedule JSON.
[2026-04-29T17:46:12+01:00] Estimated time saved (parallel vs serial): 52.27774101036841%
[2026-04-29T17:46:12+01:00] QUEUE_HIGH count=0: 
[2026-04-29T17:46:12+01:00] QUEUE_LOW  count=2: er_ring agem
[2026-04-29T17:46:12+01:00] === Queue phase on lnx-elkk-2 (util high/low) ===
[2026-04-29T17:46:12+01:00] --- Dispatching: base + er_ring + er_ring.yaml (job log: /home/lunet/wsmr11/repos/La-MAML/logs/full_experiments/run_20260429_174612_lnx-elkk-2/job_logs/job_er_ring_20260429_174612_859852367.log) ---
[2026-04-29T17:46:12+01:00] START er_ring
[2026-04-29T22:37:11+01:00] Completed: er_ring (exit 0)
[2026-04-29T22:37:12+01:00] --- Dispatching: base + agem + agem.yaml (job log: /home/lunet/wsmr11/repos/La-MAML/logs/full_experiments/run_20260429_174612_lnx-elkk-2/job_logs/job_agem_20260429_223712_581915795.log) ---
[2026-04-29T22:37:12+01:00] START agem
[2026-04-30T03:55:03+01:00] Completed: agem (exit 0)
[2026-04-30T03:55:04+01:00] === full_experiments.sh finished: successful_runs=2 unsuccessful_runs=0 total_runtime=10:08:52 (36532s) ===
