[STATE 2026-04-14 11:54:57] Enabling terminal logging to logs//icarl/full-tasks-2_all-10epochs_weighted-loss-2026-04-14_11-54-57-1405/0/terminal.log
New Experiment Starting...
Running model:  icarl
[STATE 2026-04-14 11:54:57] Experiment 'full-tasks-2_all-10epochs_weighted-loss' starting with model 'icarl' (seed 0)
Set seed 0
t2-rcn.npz train: x=(50362, 1024), y=(50362, 2)
t2-rcn.npz test: x=(16787, 1024), y=(16787, 2)
t2-rcn.npz: applied data scaling mode 'normalize'.
Loaded t2-rcn.npz: Unique train labels: UniqueCountsResult(values=array([-1,  3,  5, 10, 12, 15]), counts=array([24209,  5770,  3030,  2320,  7509,  7524]))
Noise labels ratio in t2-rcn.npz train: 0.24, test: 0.24
Loaded t2-rcn.npz: Remapped labels: [-1  0  1  2  3  4]. Size: 50362)
t0-rcn.npz train: x=(51916, 1024), y=(51916, 2)
t0-rcn.npz test: x=(17305, 1024), y=(17305, 2)
t0-rcn.npz: applied data scaling mode 'normalize'.
Loaded t0-rcn.npz: Unique train labels: UniqueCountsResult(values=array([-1,  1,  8,  9, 11, 13, 14]), counts=array([24225,  4268,  2495,  2943,  3015,  7464,  7506]))
Noise labels ratio in t0-rcn.npz train: 0.23, test: 0.23
Loaded t0-rcn.npz: Remapped labels: [-1  5  6  7  8  9 10]. Size: 51916)
t2-uclresm-25noise.npz train: moved sample axis (3, 350028, 1024) -> (350028, 3, 1024)
t2-uclresm-25noise.npz test: moved sample axis (3, 233351, 1024) -> (233351, 3, 1024)
t2-uclresm-25noise.npz train: x=(350028, 3, 1024), y=(350028,)
t2-uclresm-25noise.npz test: x=(233351, 3, 1024), y=(233351,)
t2-uclresm-25noise.npz: applied data scaling mode 'normalize'.
Loaded t2-uclresm-25noise.npz: Unique train labels: UniqueCountsResult(values=array([-1,  0,  1,  2,  3,  4]), counts=array([87441, 27347, 71754, 64298, 36005, 63183]))
Noise labels ratio in t2-uclresm-25noise.npz train: 0.25, test: 0.25
Loaded t2-uclresm-25noise.npz: Remapped labels: [-1 11 12 13 14 15]. Size: 350028)
t0-deeprad.npz train: x=(24480, 1024), y=(24480, 2)
t0-deeprad.npz test: x=(8160, 1024), y=(8160, 2)
t0-deeprad.npz: applied data scaling mode 'normalize'.
Loaded t0-deeprad.npz: Unique train labels: UniqueCountsResult(values=array([-1,  0,  1,  2,  3,  4,  5]), counts=array([12240,  2029,  1983,  2043,  2154,  2015,  2016]))
Noise labels ratio in t0-deeprad.npz train: 0.25, test: 0.25
Loaded t0-deeprad.npz: Remapped labels: [-1 16 17 18 19 20 21]. Size: 24480)
t1-deeprad.npz train: x=(24480, 1024), y=(24480, 2)
t1-deeprad.npz test: x=(8160, 1024), y=(8160, 2)
t1-deeprad.npz: applied data scaling mode 'normalize'.
Loaded t1-deeprad.npz: Unique train labels: UniqueCountsResult(values=array([-1,  0,  1,  2,  3,  4,  5]), counts=array([12240,  1988,  2029,  2054,  1988,  2053,  2128]))
Noise labels ratio in t1-deeprad.npz train: 0.25, test: 0.25
Loaded t1-deeprad.npz: Remapped labels: [-1 22 23 24 25 26 27]. Size: 24480)
t1-uclresm-25noise.npz train: moved sample axis (3, 201410, 1024) -> (201410, 3, 1024)
t1-uclresm-25noise.npz test: moved sample axis (3, 116291, 1024) -> (116291, 3, 1024)
t1-uclresm-25noise.npz train: x=(201410, 3, 1024), y=(201410,)
t1-uclresm-25noise.npz test: x=(116291, 3, 1024), y=(116291,)
t1-uclresm-25noise.npz: applied data scaling mode 'normalize'.
Loaded t1-uclresm-25noise.npz: Unique train labels: UniqueCountsResult(values=array([-1,  0,  1,  2,  3,  4]), counts=array([43668, 18021, 17838, 18087, 31870, 71926]))
Noise labels ratio in t1-uclresm-25noise.npz train: 0.22, test: 0.25
Loaded t1-uclresm-25noise.npz: Remapped labels: [-1 28 29 30 31 32]. Size: 201410)
t3-deeprad.npz train: x=(17340, 1024), y=(17340, 2)
t3-deeprad.npz test: x=(6800, 1024), y=(6800, 2)
t3-deeprad.npz: applied data scaling mode 'normalize'.
Loaded t3-deeprad.npz: Unique train labels: UniqueCountsResult(values=array([-1,  0,  1,  2,  3,  4]), counts=array([8670, 1693, 1677, 1794, 1716, 1790]))
Noise labels ratio in t3-deeprad.npz train: 0.25, test: 0.25
Loaded t3-deeprad.npz: Remapped labels: [-1 33 34 35 36 37]. Size: 17340)
t0-uclresm-25noise.npz train: moved sample axis (3, 188050, 1024) -> (188050, 3, 1024)
t0-uclresm-25noise.npz test: moved sample axis (3, 107348, 1024) -> (107348, 3, 1024)
t0-uclresm-25noise.npz train: x=(188050, 3, 1024), y=(188050,)
t0-uclresm-25noise.npz test: x=(107348, 3, 1024), y=(107348,)
t0-uclresm-25noise.npz: applied data scaling mode 'normalize'.
Loaded t0-uclresm-25noise.npz: Unique train labels: UniqueCountsResult(values=array([-1,  0,  1,  2,  3,  4]), counts=array([40144, 32109, 17978, 17979, 18098, 61742]))
Noise labels ratio in t0-uclresm-25noise.npz train: 0.21, test: 0.25
Loaded t0-uclresm-25noise.npz: Remapped labels: [-1 38 39 40 41 42]. Size: 188050)
t1-rcn.npz train: x=(36658, 1024), y=(36658, 2)
t1-rcn.npz test: x=(12220, 1024), y=(12220, 2)
t1-rcn.npz: applied data scaling mode 'normalize'.
Loaded t1-rcn.npz: Unique train labels: UniqueCountsResult(values=array([-1,  0,  2,  4,  6,  7, 16]), counts=array([20595,   824,  2087,  2606,  2396,  1716,  6434]))
Noise labels ratio in t1-rcn.npz train: 0.28, test: 0.28
Loaded t1-rcn.npz: Remapped labels: [-1 43 44 45 46 47 48]. Size: 36658)
t2-deeprad.npz train: x=(17340, 1024), y=(17340, 2)
t2-deeprad.npz test: x=(6800, 1024), y=(6800, 2)
t2-deeprad.npz: applied data scaling mode 'normalize'.
Loaded t2-deeprad.npz: Unique train labels: UniqueCountsResult(values=array([-1,  0,  1,  2,  3,  4]), counts=array([8670, 1774, 1675, 1777, 1694, 1750]))
Noise labels ratio in t2-deeprad.npz train: 0.25, test: 0.25
Loaded t2-deeprad.npz: Remapped labels: [-1 49 50 51 52 53]. Size: 17340)
Built IQ classes_per_task (increments): [5, 6, 5, 6, 6, 5, 5, 5, 6, 5]
Classes per task: [5, 6, 5, 6, 6, 5, 5, 5, 6, 5]
[STATE 2026-04-14 11:56:10] Loader 'class_incremental_loader' ready: 1024 inputs, 55 outputs, 10 tasks
n_outputs: 55 	n_tasks: 10
[STATE 2026-04-14 11:56:10] Logging to logs//icarl/full-tasks-2_all-10epochs_weighted-loss-2026-04-14_11-54-57-1405/0
5120 0.1 1.0 -1
True
Model device: cuda:0
[STATE 2026-04-14 11:56:10] Model initialized on device cuda:0
[STATE 2026-04-14 11:56:10] Invoking continual life experience flow
[STATE 2026-04-14 11:56:10] Life experience start: 10 tasks queued
[STATE 2026-04-14 11:56:10] Task 0: zero-shot validation (pre-train)
---- Zero-shot (pre-train) task 0: rec_cls 0.0002 | prec_cls 0.0061 | f1_cls 0.1062 | det 0.4988 | pfa 0.0663 | total_f1 0.1062 ----
[STATE 2026-04-14 11:56:17] Starting task 0 (1/10)
[STATE 2026-04-14 11:56:17] Task 0 Epoch 1/1: entering train loop
[STATE 2026-04-14 11:57:31] Task 0 Epoch 1/1: running validation (end of epoch)
---- Eval at Epoch 0: cls [0.7751703416031884] | det_recall [0.8338091954357358] | det_fa [0.2904583974108422] ----
T0 Ep 1/1 | L 1.3069 | Train Acc 0.56 | Prec 0.57 | F1 0.50 | Det Rec 0.77 | Det FA 0.39 | Epoch Time 79.62s (Eval 5.45s, Train 74.17s)
[STATE 2026-04-14 11:57:37] T0 Ep 1/1 complete: Prec 0.5733 F1 0.5050 DetRec 0.7710 DetFA 0.3865 | 79.62s total (5.45s eval/74.17s train)
[STATE 2026-04-14 11:57:37] Task 0: running final validation.
[STATE 2026-04-14 11:57:42] Completed task 0 (1/10)
[STATE 2026-04-14 11:57:42] Task 1: zero-shot validation (pre-train)
---- Zero-shot (pre-train) task 1: rec_cls 0.3393 | prec_cls 0.1781 | f1_cls 0.2088 | det 0.6801 | pfa 0.5854 | total_f1 0.4487 ----
[STATE 2026-04-14 11:57:59] Starting task 1 (2/10)
[STATE 2026-04-14 11:57:59] Task 1 Epoch 1/1: entering train loop
[STATE 2026-04-14 11:59:10] Task 1 Epoch 1/1: running validation (end of epoch)
---- Eval at Epoch 0: cls [0.0, 0.2379233209026228] | det_recall [0.5, 0.659376881107124] | det_fa [0.0, 0.6223783676160323] ----
T1 Ep 1/1 | L 1.8833 | Train Acc 0.44 | Prec 0.47 | F1 0.29 | Det Rec 0.55 | Det FA 0.83 | Epoch Time 87.63s (Eval 16.28s, Train 71.36s)
[STATE 2026-04-14 11:59:26] T1 Ep 1/1 complete: Prec 0.4690 F1 0.2866 DetRec 0.5476 DetFA 0.8323 | 87.63s total (16.28s eval/71.36s train)
[STATE 2026-04-14 11:59:26] Task 1: running final validation.
[STATE 2026-04-14 11:59:42] Completed task 1 (2/10)
Note: Unified mixed IQ test tensors to (N, 3, L) via ADC0 I/Q + zero-padded ADC1/2 (IID2-style) for cumulative CIL.
[STATE 2026-04-14 11:59:43] Task 2: zero-shot validation (pre-train)
---- Zero-shot (pre-train) task 2: rec_cls 0.0563 | prec_cls 0.0067 | f1_cls 0.0293 | det 0.5456 | pfa 0.5986 | total_f1 0.1007 ----
[STATE 2026-04-14 12:01:04] Starting task 2 (3/10)
[STATE 2026-04-14 12:01:04] Task 2 Epoch 1/1: entering train loop
[STATE 2026-04-14 12:09:56] Task 2 Epoch 1/1: running validation (end of epoch)
---- Eval at Epoch 0: cls [0.0011402540546804926, 0.0, 0.06648444828791547] | det_recall [0.5009380964211501, 0.505841099725211, 0.5092733617464228] | det_fa [0.0, 0.0, 0.7668061762914011] ----
T2 Ep 1/1 | L 1.7764 | Train Acc 0.26 | Prec 0.27 | F1 0.30 | Det Rec 0.77 | Det FA 0.40 | Epoch Time 615.74s (Eval 82.92s, Train 532.82s)
[STATE 2026-04-14 12:11:19] T2 Ep 1/1 complete: Prec 0.2673 F1 0.2961 DetRec 0.7748 DetFA 0.4030 | 615.74s total (82.92s eval/532.82s train)
[STATE 2026-04-14 12:11:19] Task 2: running final validation.
[STATE 2026-04-14 12:13:00] Completed task 2 (3/10)
Note: Unified mixed IQ test tensors to (N, 3, L) via ADC0 I/Q + zero-padded ADC1/2 (IID2-style) for cumulative CIL.
[STATE 2026-04-14 12:13:00] Task 3: zero-shot validation (pre-train)
---- Zero-shot (pre-train) task 3: rec_cls 0.0519 | prec_cls 0.0554 | f1_cls 0.0583 | det 0.5443 | pfa 0.6874 | total_f1 0.0728 ----
[STATE 2026-04-14 12:16:10] Starting task 3 (4/10)
[STATE 2026-04-14 12:16:10] Task 3 Epoch 1/1: entering train loop
[STATE 2026-04-14 12:17:05] Task 3 Epoch 1/1: running validation (end of epoch)
---- Eval at Epoch 0: cls [0.05474321919759219, 0.02220240362908334, 0.06271121451568279, 0.08278000375369836] | det_recall [0.6012792862662618, 0.5889233594051712, 0.44277071343223545, 0.5140250637110731] | det_fa [0.1614598563549823, 0.2010621121410547, 0.4018425702825584, 0.5277128198682896] ----
T3 Ep 1/1 | L 1.5814 | Train Acc 0.44 | Prec 0.42 | F1 0.48 | Det Rec 0.96 | Det FA 0.02 | Epoch Time 243.56s (Eval 188.82s, Train 54.73s)
[STATE 2026-04-14 12:20:14] T3 Ep 1/1 complete: Prec 0.4216 F1 0.4772 DetRec 0.9628 DetFA 0.0214 | 243.56s total (188.82s eval/54.73s train)
[STATE 2026-04-14 12:20:14] Task 3: running final validation.
[STATE 2026-04-14 12:23:27] Completed task 3 (4/10)
Note: Unified mixed IQ test tensors to (N, 3, L) via ADC0 I/Q + zero-padded ADC1/2 (IID2-style) for cumulative CIL.
[STATE 2026-04-14 12:23:28] Task 4: zero-shot validation (pre-train)
---- Zero-shot (pre-train) task 4: rec_cls 0.0691 | prec_cls 0.0135 | f1_cls 0.0237 | det 0.4960 | pfa 0.5529 | total_f1 0.0587 ----
[STATE 2026-04-14 12:28:08] Starting task 4 (5/10)
[STATE 2026-04-14 12:28:08] Task 4 Epoch 1/1: entering train loop
[STATE 2026-04-14 12:28:58] Task 4 Epoch 1/1: running validation (end of epoch)
