[2026-04-03T11:12:57+01:00] === full_experiments.sh started ===
[2026-04-03T11:12:57+01:00] REPO_ROOT=/home/lunet/wsmr11/repos/La-MAML
[2026-04-03T11:12:57+01:00] LOG_FILE=/home/lunet/wsmr11/repos/La-MAML/logs/full_experiments/run_20260403_111257_lnx-elkk-2/full_experiments_20260403_111257.log
[2026-04-03T11:12:57+01:00] INCLUDED_ALL=ewc er_ring eralg4 gem cmaml ctn hat lwf packnet rwalk si ucl la-er lamaml smaml
[2026-04-03T11:12:57+01:00] Activated la-maml_env
[2026-04-03T11:12:57+01:00] Using SERIAL_PROBE_JSON_PATH=logs/eta_probe/eta_probe_elkk-1-algos_10-iter_avg-util-2.json
[2026-04-03T11:12:57+01:00] Using SCHEDULE_JSON_PATH=logs/eta_probe/full_experiments_host_schedule.json
[2026-04-03T11:12:57+01:00] HOST_KEY=lnx-elkk-2
[2026-04-03T11:12:57+01:00] Reusing existing schedule JSON.
[2026-04-03T11:12:57+01:00] Estimated time saved (parallel vs serial): 60.01690617075233%
[2026-04-03T11:12:57+01:00] QUEUE_HIGH count=4: gem er_ring rwalk si
[2026-04-03T11:12:57+01:00] QUEUE_LOW  count=4: packnet ucl smaml la-er
[2026-04-03T11:12:57+01:00] === Queue phase on lnx-elkk-2 (util high/low) ===
[2026-04-03T11:12:57+01:00] --- Dispatching: base + gem (job log: /home/lunet/wsmr11/repos/La-MAML/logs/full_experiments/run_20260403_111257_lnx-elkk-2/job_logs/job_gem_20260403_111257_757550564.log) ---
[2026-04-03T11:12:57+01:00] START gem
[2026-04-03T11:12:57+01:00] --- Dispatching: base + packnet (job log: /home/lunet/wsmr11/repos/La-MAML/logs/full_experiments/run_20260403_111257_lnx-elkk-2/job_logs/job_packnet_20260403_111257_761800367.log) ---
[2026-04-03T11:12:57+01:00] START packnet
[2026-04-03T17:26:17+01:00] Completed: packnet (exit 0)
[2026-04-03T17:26:17+01:00] --- Dispatching: base + ucl (job log: /home/lunet/wsmr11/repos/La-MAML/logs/full_experiments/run_20260403_111257_lnx-elkk-2/job_logs/job_ucl_20260403_172617_367432405.log) ---
[2026-04-03T17:26:17+01:00] START ucl
[2026-04-03T22:03:35+01:00] Completed: ucl (exit 0)
[2026-04-03T22:03:35+01:00] --- Dispatching: base + smaml (job log: /home/lunet/wsmr11/repos/La-MAML/logs/full_experiments/run_20260403_111257_lnx-elkk-2/job_logs/job_smaml_20260403_220335_756892931.log) ---
[2026-04-03T22:03:35+01:00] START smaml
[2026-04-04T10:56:10+01:00] Completed: gem (exit 0)
[2026-04-04T10:56:11+01:00] --- Dispatching: base + er_ring (job log: /home/lunet/wsmr11/repos/La-MAML/logs/full_experiments/run_20260403_111257_lnx-elkk-2/job_logs/job_er_ring_20260404_105611_031514919.log) ---
[2026-04-04T10:56:11+01:00] START er_ring
[2026-04-04T16:51:25+01:00] Completed: er_ring (exit 0)
[2026-04-04T16:51:26+01:00] --- Dispatching: base + rwalk (job log: /home/lunet/wsmr11/repos/La-MAML/logs/full_experiments/run_20260403_111257_lnx-elkk-2/job_logs/job_rwalk_20260404_165126_279360778.log) ---
[2026-04-04T16:51:26+01:00] START rwalk
[2026-04-04T19:40:20+01:00] Completed: rwalk (exit 0)
[2026-04-04T19:40:21+01:00] --- Dispatching: base + si (job log: /home/lunet/wsmr11/repos/La-MAML/logs/full_experiments/run_20260403_111257_lnx-elkk-2/job_logs/job_si_20260404_194021_642325655.log) ---
[2026-04-04T19:40:21+01:00] START si
[2026-04-04T23:42:25+01:00] Completed: si (exit 0)
[2026-04-05T15:52:17+01:00] Completed: smaml (exit 0)
[2026-04-05T15:52:18+01:00] --- Dispatching: base + la-er (job log: /home/lunet/wsmr11/repos/La-MAML/logs/full_experiments/run_20260403_111257_lnx-elkk-2/job_logs/job_la-er_20260405_155218_548143569.log) ---
[2026-04-05T15:52:18+01:00] START la-er
[2026-04-05T18:01:28+01:00] ERROR: la-er failed with exit code 1
