[2026-04-16T16:43:37+01:00] === full_experiments.sh started ===
[2026-04-16T16:43:37+01:00] REPO_ROOT=/home/lunet/wsmr11/repos/La-MAML
[2026-04-16T16:43:37+01:00] LOG_FILE=/home/lunet/wsmr11/repos/La-MAML/logs/full_experiments/run_20260416_164337_lnx-elkk-1/full_experiments_20260416_164337.log
[2026-04-16T16:43:37+01:00] INCLUDED_ALL=agem ewc cmaml gem
[2026-04-16T16:43:37+01:00] Activated la-maml_env
[2026-04-16T16:43:37+01:00] Using SERIAL_PROBE_JSON_PATH=logs/eta_probe/eta_probe_elkk-1-algos_10-iter_avg-util-2.json
[2026-04-16T16:43:37+01:00] Using SCHEDULE_JSON_PATH=logs/eta_probe/full_experiments_host_schedule_cil.json
[2026-04-16T16:43:37+01:00] HOST_KEY=lnx-elkk-1
[2026-04-16T16:43:37+01:00] MODEL_MODE=cil
[2026-04-16T16:43:37+01:00] Reusing existing schedule JSON.
[2026-04-16T16:43:37+01:00] Estimated time saved (parallel vs serial): 52.27774101036841%
[2026-04-16T16:43:37+01:00] QUEUE_HIGH count=2: agem ewc
[2026-04-16T16:43:37+01:00] QUEUE_LOW  count=2: gem cmaml
[2026-04-16T16:43:37+01:00] === Queue phase on lnx-elkk-1 (util high/low) ===
[2026-04-16T16:43:37+01:00] --- Dispatching: base + agem + agem.yaml (job log: /home/lunet/wsmr11/repos/La-MAML/logs/full_experiments/run_20260416_164337_lnx-elkk-1/job_logs/job_agem_20260416_164337_660057604.log) ---
[2026-04-16T16:43:37+01:00] START agem
[2026-04-16T16:43:37+01:00] --- Dispatching: base + gem + gem.yaml (job log: /home/lunet/wsmr11/repos/La-MAML/logs/full_experiments/run_20260416_164337_lnx-elkk-1/job_logs/job_gem_20260416_164337_688304365.log) ---
[2026-04-16T16:43:37+01:00] START gem
[2026-04-16T22:45:59+01:00] Completed: agem (exit 0)
[2026-04-16T22:46:00+01:00] --- Dispatching: base + ewc + ewc.yaml (job log: /home/lunet/wsmr11/repos/La-MAML/logs/full_experiments/run_20260416_164337_lnx-elkk-1/job_logs/job_ewc_20260416_224600_261893551.log) ---
[2026-04-16T22:46:00+01:00] START ewc
[2026-04-16T23:01:24+01:00] Completed: gem (exit 0)
[2026-04-16T23:01:24+01:00] --- Dispatching: base + cmaml + cmaml.yaml (job log: /home/lunet/wsmr11/repos/La-MAML/logs/full_experiments/run_20260416_164337_lnx-elkk-1/job_logs/job_cmaml_20260416_230124_963806423.log) ---
[2026-04-16T23:01:24+01:00] START cmaml
[2026-04-17T02:32:52+01:00] Completed: ewc (exit 0)
[2026-04-17T06:31:27+01:00] Completed: cmaml (exit 0)
[2026-04-17T06:31:28+01:00] === full_experiments.sh finished: successful_runs=4 unsuccessful_runs=0 total_runtime=13:47:51 (49671s) ===
