[STATE 2026-04-15 17:40:16] Enabling terminal logging to logs//lwf/full-tasks_CIL_all-2026-04-15_17-40-16-3241/0/terminal.log
New Experiment Starting...
Running model:  lwf
[STATE 2026-04-15 17:40:16] Experiment 'full-tasks_CIL_all' starting with model 'lwf' (seed 0)
Set seed 0
t2-rcn.npz train: x=(50362, 1024), y=(50362, 2)
t2-rcn.npz test: x=(16787, 1024), y=(16787, 2)
t2-rcn.npz: applied data scaling mode 'normalize'.
Loaded t2-rcn.npz: Unique train labels: UniqueCountsResult(values=array([-1,  3,  5, 10, 12, 15]), counts=array([24209,  5770,  3030,  2320,  7509,  7524]))
Noise labels ratio in t2-rcn.npz train: 0.24, test: 0.24
Loaded t2-rcn.npz: Remapped labels: [-1  0  1  2  3  4]. Size: 50362)
t0-rcn.npz train: x=(51916, 1024), y=(51916, 2)
t0-rcn.npz test: x=(17305, 1024), y=(17305, 2)
t0-rcn.npz: applied data scaling mode 'normalize'.
Loaded t0-rcn.npz: Unique train labels: UniqueCountsResult(values=array([-1,  1,  8,  9, 11, 13, 14]), counts=array([24225,  4268,  2495,  2943,  3015,  7464,  7506]))
Noise labels ratio in t0-rcn.npz train: 0.23, test: 0.23
Loaded t0-rcn.npz: Remapped labels: [-1  5  6  7  8  9 10]. Size: 51916)
t2-uclresm-25noise.npz train: moved sample axis (3, 350028, 1024) -> (350028, 3, 1024)
t2-uclresm-25noise.npz test: moved sample axis (3, 233351, 1024) -> (233351, 3, 1024)
t2-uclresm-25noise.npz train: x=(350028, 3, 1024), y=(350028,)
t2-uclresm-25noise.npz test: x=(233351, 3, 1024), y=(233351,)
t2-uclresm-25noise.npz: applied data scaling mode 'normalize'.
Loaded t2-uclresm-25noise.npz: Unique train labels: UniqueCountsResult(values=array([-1,  0,  1,  2,  3,  4]), counts=array([87441, 27347, 71754, 64298, 36005, 63183]))
Noise labels ratio in t2-uclresm-25noise.npz train: 0.25, test: 0.25
Loaded t2-uclresm-25noise.npz: Remapped labels: [-1 11 12 13 14 15]. Size: 350028)
t0-deeprad.npz train: x=(24480, 1024), y=(24480, 2)
t0-deeprad.npz test: x=(8160, 1024), y=(8160, 2)
t0-deeprad.npz: applied data scaling mode 'normalize'.
Loaded t0-deeprad.npz: Unique train labels: UniqueCountsResult(values=array([-1,  0,  1,  2,  3,  4,  5]), counts=array([12240,  2029,  1983,  2043,  2154,  2015,  2016]))
Noise labels ratio in t0-deeprad.npz train: 0.25, test: 0.25
Loaded t0-deeprad.npz: Remapped labels: [-1 16 17 18 19 20 21]. Size: 24480)
t1-deeprad.npz train: x=(24480, 1024), y=(24480, 2)
t1-deeprad.npz test: x=(8160, 1024), y=(8160, 2)
t1-deeprad.npz: applied data scaling mode 'normalize'.
Loaded t1-deeprad.npz: Unique train labels: UniqueCountsResult(values=array([-1,  0,  1,  2,  3,  4,  5]), counts=array([12240,  1988,  2029,  2054,  1988,  2053,  2128]))
Noise labels ratio in t1-deeprad.npz train: 0.25, test: 0.25
Loaded t1-deeprad.npz: Remapped labels: [-1 22 23 24 25 26 27]. Size: 24480)
t1-uclresm-25noise.npz train: moved sample axis (3, 201410, 1024) -> (201410, 3, 1024)
t1-uclresm-25noise.npz test: moved sample axis (3, 116291, 1024) -> (116291, 3, 1024)
t1-uclresm-25noise.npz train: x=(201410, 3, 1024), y=(201410,)
t1-uclresm-25noise.npz test: x=(116291, 3, 1024), y=(116291,)
t1-uclresm-25noise.npz: applied data scaling mode 'normalize'.
Loaded t1-uclresm-25noise.npz: Unique train labels: UniqueCountsResult(values=array([-1,  0,  1,  2,  3,  4]), counts=array([43668, 18021, 17838, 18087, 31870, 71926]))
Noise labels ratio in t1-uclresm-25noise.npz train: 0.22, test: 0.25
Loaded t1-uclresm-25noise.npz: Remapped labels: [-1 28 29 30 31 32]. Size: 201410)
t3-deeprad.npz train: x=(17340, 1024), y=(17340, 2)
t3-deeprad.npz test: x=(6800, 1024), y=(6800, 2)
t3-deeprad.npz: applied data scaling mode 'normalize'.
Loaded t3-deeprad.npz: Unique train labels: UniqueCountsResult(values=array([-1,  0,  1,  2,  3,  4]), counts=array([8670, 1693, 1677, 1794, 1716, 1790]))
Noise labels ratio in t3-deeprad.npz train: 0.25, test: 0.25
Loaded t3-deeprad.npz: Remapped labels: [-1 33 34 35 36 37]. Size: 17340)
t0-uclresm-25noise.npz train: moved sample axis (3, 188050, 1024) -> (188050, 3, 1024)
t0-uclresm-25noise.npz test: moved sample axis (3, 107348, 1024) -> (107348, 3, 1024)
t0-uclresm-25noise.npz train: x=(188050, 3, 1024), y=(188050,)
t0-uclresm-25noise.npz test: x=(107348, 3, 1024), y=(107348,)
t0-uclresm-25noise.npz: applied data scaling mode 'normalize'.
Loaded t0-uclresm-25noise.npz: Unique train labels: UniqueCountsResult(values=array([-1,  0,  1,  2,  3,  4]), counts=array([40144, 32109, 17978, 17979, 18098, 61742]))
Noise labels ratio in t0-uclresm-25noise.npz train: 0.21, test: 0.25
Loaded t0-uclresm-25noise.npz: Remapped labels: [-1 38 39 40 41 42]. Size: 188050)
t1-rcn.npz train: x=(36658, 1024), y=(36658, 2)
t1-rcn.npz test: x=(12220, 1024), y=(12220, 2)
t1-rcn.npz: applied data scaling mode 'normalize'.
Loaded t1-rcn.npz: Unique train labels: UniqueCountsResult(values=array([-1,  0,  2,  4,  6,  7, 16]), counts=array([20595,   824,  2087,  2606,  2396,  1716,  6434]))
Noise labels ratio in t1-rcn.npz train: 0.28, test: 0.28
Loaded t1-rcn.npz: Remapped labels: [-1 43 44 45 46 47 48]. Size: 36658)
t2-deeprad.npz train: x=(17340, 1024), y=(17340, 2)
t2-deeprad.npz test: x=(6800, 1024), y=(6800, 2)
t2-deeprad.npz: applied data scaling mode 'normalize'.
Loaded t2-deeprad.npz: Unique train labels: UniqueCountsResult(values=array([-1,  0,  1,  2,  3,  4]), counts=array([8670, 1774, 1675, 1777, 1694, 1750]))
Noise labels ratio in t2-deeprad.npz train: 0.25, test: 0.25
Loaded t2-deeprad.npz: Remapped labels: [-1 49 50 51 52 53]. Size: 17340)
Built IQ classes_per_task (increments): [5, 6, 5, 6, 6, 5, 5, 5, 6, 5]
Classes per task: [5, 6, 5, 6, 6, 5, 5, 5, 6, 5]
[STATE 2026-04-15 17:41:22] Loader 'class_incremental_loader' ready: 1024 inputs, 55 outputs, 10 tasks
n_outputs: 55 	n_tasks: 10
[STATE 2026-04-15 17:41:22] Logging to logs//lwf/full-tasks_CIL_all-2026-04-15_17-40-16-3241/0
True
Model device: cuda:0
[STATE 2026-04-15 17:41:22] Model initialized on device cuda:0
[STATE 2026-04-15 17:41:22] Invoking continual life experience flow
[STATE 2026-04-15 17:41:22] Life experience start: 10 tasks queued
[STATE 2026-04-15 17:41:22] Task 0: zero-shot validation (pre-train)
---- Zero-shot (pre-train) task 0: rec_cls 0.0002 | prec_cls 0.0061 | f1_cls 0.1062 | det 0.4988 | pfa 0.0663 | total_f1 0.1062 ----
[STATE 2026-04-15 17:41:27] Starting task 0 (1/10)
[STATE 2026-04-15 17:41:27] Task 0 Epoch 1/10: entering train loop
[STATE 2026-04-15 17:41:58] Task 0 Epoch 1/10: running validation (end of epoch)
---- Eval at Epoch 0: cls [0.706069525117176] | det_recall [0.8673062753745727] | det_fa [0.23814507384850253] ----
T0 Ep 1/10 | L 1.2459 | Train Acc 0.47 | Prec 0.51 | F1 0.45 | Det Rec 0.77 | Det FA 0.35 | Epoch Time 35.73s (Eval 5.33s, Train 30.39s)
[STATE 2026-04-15 17:42:03] T0 Ep 1/10 complete: Prec 0.5075 F1 0.4487 DetRec 0.7667 DetFA 0.3510 | 35.73s total (5.33s eval/30.39s train)
[STATE 2026-04-15 17:42:03] Task 0 Epoch 2/10: entering train loop
T0 Ep 2/10 | L 0.5730 | Train Acc 0.80 | Prec 0.80 | F1 0.74 | Det Rec 0.87 | Det FA 0.24 | Epoch Time 30.15s (Eval 0.00s, Train 30.15s)
[STATE 2026-04-15 17:42:33] T0 Ep 2/10 complete: Prec 0.8038 F1 0.7372 DetRec 0.8707 DetFA 0.2393 | 30.15s total (0.00s eval/30.15s train)
[STATE 2026-04-15 17:42:33] Task 0 Epoch 3/10: entering train loop
T0 Ep 3/10 | L 0.4419 | Train Acc 0.85 | Prec 0.86 | F1 0.79 | Det Rec 0.88 | Det FA 0.22 | Epoch Time 30.10s (Eval 0.00s, Train 30.10s)
[STATE 2026-04-15 17:43:03] T0 Ep 3/10 complete: Prec 0.8577 F1 0.7923 DetRec 0.8798 DetFA 0.2218 | 30.10s total (0.00s eval/30.10s train)
[STATE 2026-04-15 17:43:03] Task 0 Epoch 4/10: entering train loop
T0 Ep 4/10 | L 0.4012 | Train Acc 0.87 | Prec 0.88 | F1 0.81 | Det Rec 0.88 | Det FA 0.22 | Epoch Time 30.18s (Eval 0.00s, Train 30.18s)
[STATE 2026-04-15 17:43:33] T0 Ep 4/10 complete: Prec 0.8809 F1 0.8103 DetRec 0.8793 DetFA 0.2216 | 30.18s total (0.00s eval/30.18s train)
[STATE 2026-04-15 17:43:33] Task 0 Epoch 5/10: entering train loop
T0 Ep 5/10 | L 0.3736 | Train Acc 0.88 | Prec 0.89 | F1 0.82 | Det Rec 0.88 | Det FA 0.22 | Epoch Time 29.80s (Eval 0.00s, Train 29.80s)
[STATE 2026-04-15 17:44:03] T0 Ep 5/10 complete: Prec 0.8871 F1 0.8186 DetRec 0.8814 DetFA 0.2205 | 29.80s total (0.00s eval/29.80s train)
[STATE 2026-04-15 17:44:03] Task 0 Epoch 6/10: entering train loop
T0 Ep 6/10 | L 0.3509 | Train Acc 0.89 | Prec 0.90 | F1 0.83 | Det Rec 0.88 | Det FA 0.22 | Epoch Time 30.11s (Eval 0.00s, Train 30.11s)
[STATE 2026-04-15 17:44:33] T0 Ep 6/10 complete: Prec 0.9019 F1 0.8297 DetRec 0.8831 DetFA 0.2170 | 30.11s total (0.00s eval/30.11s train)
[STATE 2026-04-15 17:44:33] Task 0 Epoch 7/10: entering train loop
T0 Ep 7/10 | L 0.3348 | Train Acc 0.90 | Prec 0.91 | F1 0.84 | Det Rec 0.88 | Det FA 0.22 | Epoch Time 30.20s (Eval 0.00s, Train 30.20s)
[STATE 2026-04-15 17:45:04] T0 Ep 7/10 complete: Prec 0.9109 F1 0.8382 DetRec 0.8833 DetFA 0.2158 | 30.20s total (0.00s eval/30.20s train)
[STATE 2026-04-15 17:45:04] Task 0 Epoch 8/10: entering train loop
T0 Ep 8/10 | L 0.3101 | Train Acc 0.91 | Prec 0.92 | F1 0.84 | Det Rec 0.88 | Det FA 0.21 | Epoch Time 30.00s (Eval 0.00s, Train 30.00s)
[STATE 2026-04-15 17:45:34] T0 Ep 8/10 complete: Prec 0.9184 F1 0.8450 DetRec 0.8848 DetFA 0.2134 | 30.00s total (0.00s eval/30.00s train)
[STATE 2026-04-15 17:45:34] Task 0 Epoch 9/10: entering train loop
T0 Ep 9/10 | L 0.3054 | Train Acc 0.91 | Prec 0.92 | F1 0.84 | Det Rec 0.88 | Det FA 0.21 | Epoch Time 30.21s (Eval 0.00s, Train 30.21s)
[STATE 2026-04-15 17:46:04] T0 Ep 9/10 complete: Prec 0.9164 F1 0.8434 DetRec 0.8841 DetFA 0.2145 | 30.21s total (0.00s eval/30.21s train)
[STATE 2026-04-15 17:46:04] Task 0 Epoch 10/10: entering train loop
T0 Ep 10/10 | L 0.2838 | Train Acc 0.92 | Prec 0.93 | F1 0.86 | Det Rec 0.89 | Det FA 0.21 | Epoch Time 29.87s (Eval 0.00s, Train 29.87s)
[STATE 2026-04-15 17:46:34] T0 Ep 10/10 complete: Prec 0.9292 F1 0.8555 DetRec 0.8866 DetFA 0.2105 | 29.87s total (0.00s eval/29.87s train)
[STATE 2026-04-15 17:46:34] Task 0: running final validation.
[STATE 2026-04-15 17:46:39] Completed task 0 (1/10)
[STATE 2026-04-15 17:46:39] Task 1: zero-shot validation (pre-train)
---- Zero-shot (pre-train) task 1: rec_cls 0.3887 | prec_cls 0.2183 | f1_cls 0.2606 | det 0.7138 | pfa 0.5128 | total_f1 0.5374 ----
[STATE 2026-04-15 17:46:55] Starting task 1 (2/10)
[STATE 2026-04-15 17:46:55] Task 1 Epoch 1/10: entering train loop
[STATE 2026-04-15 17:47:36] Task 1 Epoch 1/10: running validation (end of epoch)
---- Eval at Epoch 0: cls [0.8614659863562568, 0.4414310993019791] | det_recall [0.877252148690094, 0.707636455210694] | det_fa [0.21997147618609997, 0.5450542559069843] ----
T1 Ep 1/10 | L 1.4494 | Train Acc 0.17 | Prec 0.52 | F1 0.20 | Det Rec 0.61 | Det FA 0.75 | Epoch Time 56.76s (Eval 16.27s, Train 40.49s)
[STATE 2026-04-15 17:47:52] T1 Ep 1/10 complete: Prec 0.5175 F1 0.2040 DetRec 0.6070 DetFA 0.7541 | 56.76s total (16.27s eval/40.49s train)
[STATE 2026-04-15 17:47:52] Task 1 Epoch 2/10: entering train loop
T1 Ep 2/10 | L 1.0970 | Train Acc 0.25 | Prec 0.72 | F1 0.33 | Det Rec 0.68 | Det FA 0.61 | Epoch Time 38.36s (Eval 0.00s, Train 38.36s)
[STATE 2026-04-15 17:48:30] T1 Ep 2/10 complete: Prec 0.7199 F1 0.3330 DetRec 0.6803 DetFA 0.6146 | 38.36s total (0.00s eval/38.36s train)
[STATE 2026-04-15 17:48:30] Task 1 Epoch 3/10: entering train loop
T1 Ep 3/10 | L 0.9853 | Train Acc 0.33 | Prec 0.81 | F1 0.43 | Det Rec 0.72 | Det FA 0.54 | Epoch Time 38.29s (Eval 0.00s, Train 38.29s)
[STATE 2026-04-15 17:49:09] T1 Ep 3/10 complete: Prec 0.8051 F1 0.4268 DetRec 0.7173 DetFA 0.5431 | 38.29s total (0.00s eval/38.29s train)
[STATE 2026-04-15 17:49:09] Task 1 Epoch 4/10: entering train loop
T1 Ep 4/10 | L 0.9179 | Train Acc 0.41 | Prec 0.86 | F1 0.50 | Det Rec 0.73 | Det FA 0.52 | Epoch Time 38.28s (Eval 0.00s, Train 38.28s)
[STATE 2026-04-15 17:49:47] T1 Ep 4/10 complete: Prec 0.8577 F1 0.5044 DetRec 0.7279 DetFA 0.5237 | 38.28s total (0.00s eval/38.28s train)
[STATE 2026-04-15 17:49:47] Task 1 Epoch 5/10: entering train loop
T1 Ep 5/10 | L 0.8632 | Train Acc 0.49 | Prec 0.88 | F1 0.58 | Det Rec 0.73 | Det FA 0.52 | Epoch Time 38.64s (Eval 0.00s, Train 38.64s)
[STATE 2026-04-15 17:50:26] T1 Ep 5/10 complete: Prec 0.8831 F1 0.5776 DetRec 0.7295 DetFA 0.5246 | 38.64s total (0.00s eval/38.64s train)
[STATE 2026-04-15 17:50:26] Task 1 Epoch 6/10: entering train loop
T1 Ep 6/10 | L 0.8352 | Train Acc 0.54 | Prec 0.90 | F1 0.62 | Det Rec 0.73 | Det FA 0.53 | Epoch Time 38.41s (Eval 0.00s, Train 38.41s)
[STATE 2026-04-15 17:51:04] T1 Ep 6/10 complete: Prec 0.8994 F1 0.6198 DetRec 0.7254 DetFA 0.5322 | 38.41s total (0.00s eval/38.41s train)
[STATE 2026-04-15 17:51:04] Task 1 Epoch 7/10: entering train loop
T1 Ep 7/10 | L 0.7938 | Train Acc 0.58 | Prec 0.91 | F1 0.64 | Det Rec 0.72 | Det FA 0.54 | Epoch Time 38.32s (Eval 0.00s, Train 38.32s)
[STATE 2026-04-15 17:51:42] T1 Ep 7/10 complete: Prec 0.9110 F1 0.6413 DetRec 0.7247 DetFA 0.5370 | 38.32s total (0.00s eval/38.32s train)
[STATE 2026-04-15 17:51:42] Task 1 Epoch 8/10: entering train loop
T1 Ep 8/10 | L 0.7581 | Train Acc 0.60 | Prec 0.92 | F1 0.66 | Det Rec 0.72 | Det FA 0.55 | Epoch Time 38.52s (Eval 0.00s, Train 38.52s)
[STATE 2026-04-15 17:52:21] T1 Ep 8/10 complete: Prec 0.9161 F1 0.6570 DetRec 0.7177 DetFA 0.5505 | 38.52s total (0.00s eval/38.52s train)
[STATE 2026-04-15 17:52:21] Task 1 Epoch 9/10: entering train loop
T1 Ep 9/10 | L 0.7375 | Train Acc 0.62 | Prec 0.92 | F1 0.67 | Det Rec 0.72 | Det FA 0.55 | Epoch Time 38.44s (Eval 0.00s, Train 38.44s)
[STATE 2026-04-15 17:52:59] T1 Ep 9/10 complete: Prec 0.9223 F1 0.6672 DetRec 0.7204 DetFA 0.5486 | 38.44s total (0.00s eval/38.44s train)
[STATE 2026-04-15 17:52:59] Task 1 Epoch 10/10: entering train loop
T1 Ep 10/10 | L 0.7144 | Train Acc 0.64 | Prec 0.93 | F1 0.69 | Det Rec 0.72 | Det FA 0.55 | Epoch Time 38.31s (Eval 0.00s, Train 38.31s)
[STATE 2026-04-15 17:53:38] T1 Ep 10/10 complete: Prec 0.9339 F1 0.6893 DetRec 0.7214 DetFA 0.5452 | 38.31s total (0.00s eval/38.31s train)
[STATE 2026-04-15 17:53:38] Task 1: running final validation.
[STATE 2026-04-15 17:53:54] Completed task 1 (2/10)
Note: Unified mixed IQ test tensors to (N, 3, L) via ADC0 I/Q + zero-padded ADC1/2 (IID2-style) for cumulative CIL.
[STATE 2026-04-15 17:53:55] Task 2: zero-shot validation (pre-train)
---- Zero-shot (pre-train) task 2: rec_cls 0.0740 | prec_cls 0.0140 | f1_cls 0.0135 | det 0.4945 | pfa 0.9928 | total_f1 0.4355 ----
[STATE 2026-04-15 17:55:16] Starting task 2 (3/10)
[STATE 2026-04-15 17:55:16] Task 2 Epoch 1/10: entering train loop
[STATE 2026-04-15 17:59:38] Task 2 Epoch 1/10: running validation (end of epoch)
---- Eval at Epoch 0: cls [0.8456103262769269, 0.545943413914992, 0.0855814638120869] | det_recall [0.8707549546376354, 0.6939667897016641, 0.5000006169479105] | det_fa [0.223634135663347, 0.5928694889599081, 0.9997849773074471] ----
T2 Ep 1/10 | L 1.7084 | Train Acc 0.10 | Prec 0.35 | F1 0.12 | Det Rec 0.50 | Det FA 0.99 | Epoch Time 342.81s (Eval 80.88s, Train 261.93s)
[STATE 2026-04-15 18:00:59] T2 Ep 1/10 complete: Prec 0.3456 F1 0.1202 DetRec 0.5007 DetFA 0.9927 | 342.81s total (80.88s eval/261.93s train)
[STATE 2026-04-15 18:00:59] Task 2 Epoch 2/10: entering train loop
T2 Ep 2/10 | L 1.3065 | Train Acc 0.37 | Prec 0.69 | F1 0.39 | Det Rec 0.50 | Det FA 0.99 | Epoch Time 259.74s (Eval 0.00s, Train 259.74s)
[STATE 2026-04-15 18:05:18] T2 Ep 2/10 complete: Prec 0.6891 F1 0.3878 DetRec 0.5018 DetFA 0.9923 | 259.74s total (0.00s eval/259.74s train)
[STATE 2026-04-15 18:05:18] Task 2 Epoch 3/10: entering train loop
T2 Ep 3/10 | L 1.0864 | Train Acc 0.51 | Prec 0.82 | F1 0.51 | Det Rec 0.50 | Det FA 0.99 | Epoch Time 259.96s (Eval 0.00s, Train 259.96s)
[STATE 2026-04-15 18:09:38] T2 Ep 3/10 complete: Prec 0.8181 F1 0.5098 DetRec 0.5021 DetFA 0.9926 | 259.96s total (0.00s eval/259.96s train)
[STATE 2026-04-15 18:09:38] Task 2 Epoch 4/10: entering train loop
T2 Ep 4/10 | L 1.0000 | Train Acc 0.55 | Prec 0.85 | F1 0.55 | Det Rec 0.50 | Det FA 0.99 | Epoch Time 259.60s (Eval 0.00s, Train 259.60s)
[STATE 2026-04-15 18:13:58] T2 Ep 4/10 complete: Prec 0.8457 F1 0.5464 DetRec 0.5024 DetFA 0.9924 | 259.60s total (0.00s eval/259.60s train)
[STATE 2026-04-15 18:13:58] Task 2 Epoch 5/10: entering train loop
T2 Ep 5/10 | L 0.9485 | Train Acc 0.58 | Prec 0.86 | F1 0.57 | Det Rec 0.50 | Det FA 0.99 | Epoch Time 260.04s (Eval 0.00s, Train 260.04s)
[STATE 2026-04-15 18:18:18] T2 Ep 5/10 complete: Prec 0.8625 F1 0.5676 DetRec 0.5025 DetFA 0.9917 | 260.04s total (0.00s eval/260.04s train)
[STATE 2026-04-15 18:18:18] Task 2 Epoch 6/10: entering train loop
T2 Ep 6/10 | L 0.9108 | Train Acc 0.60 | Prec 0.87 | F1 0.58 | Det Rec 0.50 | Det FA 0.99 | Epoch Time 259.71s (Eval 0.00s, Train 259.71s)
[STATE 2026-04-15 18:22:38] T2 Ep 6/10 complete: Prec 0.8719 F1 0.5821 DetRec 0.5029 DetFA 0.9914 | 259.71s total (0.00s eval/259.71s train)
[STATE 2026-04-15 18:22:38] Task 2 Epoch 7/10: entering train loop
T2 Ep 7/10 | L 0.8851 | Train Acc 0.61 | Prec 0.88 | F1 0.59 | Det Rec 0.50 | Det FA 0.99 | Epoch Time 264.57s (Eval 0.00s, Train 264.57s)
[STATE 2026-04-15 18:27:02] T2 Ep 7/10 complete: Prec 0.8766 F1 0.5922 DetRec 0.5030 DetFA 0.9912 | 264.57s total (0.00s eval/264.57s train)
[STATE 2026-04-15 18:27:02] Task 2 Epoch 8/10: entering train loop
T2 Ep 8/10 | L 0.8639 | Train Acc 0.62 | Prec 0.88 | F1 0.60 | Det Rec 0.50 | Det FA 0.99 | Epoch Time 277.84s (Eval 0.00s, Train 277.84s)
[STATE 2026-04-15 18:31:40] T2 Ep 8/10 complete: Prec 0.8806 F1 0.6003 DetRec 0.5031 DetFA 0.9907 | 277.84s total (0.00s eval/277.84s train)
[STATE 2026-04-15 18:31:40] Task 2 Epoch 9/10: entering train loop
T2 Ep 9/10 | L 0.8460 | Train Acc 0.64 | Prec 0.89 | F1 0.61 | Det Rec 0.50 | Det FA 0.99 | Epoch Time 259.78s (Eval 0.00s, Train 259.78s)
[STATE 2026-04-15 18:36:00] T2 Ep 9/10 complete: Prec 0.8873 F1 0.6080 DetRec 0.5031 DetFA 0.9908 | 259.78s total (0.00s eval/259.78s train)
[STATE 2026-04-15 18:36:00] Task 2 Epoch 10/10: entering train loop
T2 Ep 10/10 | L 0.8267 | Train Acc 0.64 | Prec 0.89 | F1 0.61 | Det Rec 0.50 | Det FA 0.99 | Epoch Time 259.88s (Eval 0.00s, Train 259.88s)
[STATE 2026-04-15 18:40:20] T2 Ep 10/10 complete: Prec 0.8872 F1 0.6136 DetRec 0.5034 DetFA 0.9906 | 259.88s total (0.00s eval/259.88s train)
[STATE 2026-04-15 18:40:20] Task 2: running final validation.
[STATE 2026-04-15 18:41:40] Completed task 2 (3/10)
Note: Unified mixed IQ test tensors to (N, 3, L) via ADC0 I/Q + zero-padded ADC1/2 (IID2-style) for cumulative CIL.
[STATE 2026-04-15 18:41:41] Task 3: zero-shot validation (pre-train)
---- Zero-shot (pre-train) task 3: rec_cls 0.0710 | prec_cls 0.0834 | f1_cls 0.0577 | det 0.5000 | pfa 0.9998 | total_f1 0.3432 ----
[STATE 2026-04-15 18:44:09] Starting task 3 (4/10)
[STATE 2026-04-15 18:44:09] Task 3 Epoch 1/10: entering train loop
[STATE 2026-04-15 18:44:28] Task 3 Epoch 1/10: running validation (end of epoch)
---- Eval at Epoch 0: cls [0.8507112246066355, 0.5670900205730846, 0.07795789593578016, 0.08173977527472656] | det_recall [0.8643458656692793, 0.5609485705847645, 0.49988897465320675, 0.49990249725084107] | det_fa [0.244798055599533, 0.8603973523578337, 0.9997564568084514, 0.9999546809805299] ----
T3 Ep 1/10 | L 1.5030 | Train Acc 0.10 | Prec 0.28 | F1 0.11 | Det Rec 0.50 | Det FA 1.00 | Epoch Time 167.71s (Eval 147.79s, Train 19.92s)
[STATE 2026-04-15 18:46:56] T3 Ep 1/10 complete: Prec 0.2819 F1 0.1050 DetRec 0.5000 DetFA 1.0000 | 167.71s total (147.79s eval/19.92s train)
[STATE 2026-04-15 18:46:56] Task 3 Epoch 2/10: entering train loop
T3 Ep 2/10 | L 1.1752 | Train Acc 0.29 | Prec 0.54 | F1 0.29 | Det Rec 0.50 | Det FA 1.00 | Epoch Time 18.17s (Eval 0.00s, Train 18.17s)
[STATE 2026-04-15 18:47:14] T3 Ep 2/10 complete: Prec 0.5350 F1 0.2917 DetRec 0.5000 DetFA 1.0000 | 18.17s total (0.00s eval/18.17s train)
[STATE 2026-04-15 18:47:14] Task 3 Epoch 3/10: entering train loop
T3 Ep 3/10 | L 1.0880 | Train Acc 0.35 | Prec 0.60 | F1 0.35 | Det Rec 0.50 | Det FA 1.00 | Epoch Time 18.18s (Eval 0.00s, Train 18.18s)
[STATE 2026-04-15 18:47:33] T3 Ep 3/10 complete: Prec 0.5996 F1 0.3451 DetRec 0.5000 DetFA 1.0000 | 18.18s total (0.00s eval/18.18s train)
[STATE 2026-04-15 18:47:33] Task 3 Epoch 4/10: entering train loop
T3 Ep 4/10 | L 1.0673 | Train Acc 0.37 | Prec 0.60 | F1 0.36 | Det Rec 0.50 | Det FA 1.00 | Epoch Time 18.19s (Eval 0.00s, Train 18.19s)
[STATE 2026-04-15 18:47:51] T3 Ep 4/10 complete: Prec 0.6036 F1 0.3643 DetRec 0.5000 DetFA 1.0000 | 18.19s total (0.00s eval/18.19s train)
[STATE 2026-04-15 18:47:51] Task 3 Epoch 5/10: entering train loop
T3 Ep 5/10 | L 1.0803 | Train Acc 0.39 | Prec 0.61 | F1 0.37 | Det Rec 0.50 | Det FA 1.00 | Epoch Time 18.26s (Eval 0.00s, Train 18.26s)
[STATE 2026-04-15 18:48:09] T3 Ep 5/10 complete: Prec 0.6090 F1 0.3749 DetRec 0.5000 DetFA 1.0000 | 18.26s total (0.00s eval/18.26s train)
[STATE 2026-04-15 18:48:09] Task 3 Epoch 6/10: entering train loop
T3 Ep 6/10 | L 1.0451 | Train Acc 0.40 | Prec 0.62 | F1 0.39 | Det Rec 0.50 | Det FA 1.00 | Epoch Time 18.00s (Eval 0.00s, Train 18.00s)
[STATE 2026-04-15 18:48:27] T3 Ep 6/10 complete: Prec 0.6233 F1 0.3851 DetRec 0.5000 DetFA 1.0000 | 18.00s total (0.00s eval/18.00s train)
[STATE 2026-04-15 18:48:27] Task 3 Epoch 7/10: entering train loop
T3 Ep 7/10 | L 1.0089 | Train Acc 0.43 | Prec 0.64 | F1 0.41 | Det Rec 0.50 | Det FA 1.00 | Epoch Time 17.82s (Eval 0.00s, Train 17.82s)
[STATE 2026-04-15 18:48:45] T3 Ep 7/10 complete: Prec 0.6354 F1 0.4097 DetRec 0.5000 DetFA 1.0000 | 17.82s total (0.00s eval/17.82s train)
[STATE 2026-04-15 18:48:45] Task 3 Epoch 8/10: entering train loop
T3 Ep 8/10 | L 0.9993 | Train Acc 0.45 | Prec 0.66 | F1 0.43 | Det Rec 0.50 | Det FA 1.00 | Epoch Time 18.25s (Eval 0.00s, Train 18.25s)
[STATE 2026-04-15 18:49:03] T3 Ep 8/10 complete: Prec 0.6582 F1 0.4262 DetRec 0.5000 DetFA 1.0000 | 18.25s total (0.00s eval/18.25s train)
[STATE 2026-04-15 18:49:03] Task 3 Epoch 9/10: entering train loop
T3 Ep 9/10 | L 0.9790 | Train Acc 0.47 | Prec 0.65 | F1 0.44 | Det Rec 0.50 | Det FA 1.00 | Epoch Time 18.19s (Eval 0.00s, Train 18.19s)
[STATE 2026-04-15 18:49:21] T3 Ep 9/10 complete: Prec 0.6549 F1 0.4435 DetRec 0.5000 DetFA 1.0000 | 18.19s total (0.00s eval/18.19s train)
[STATE 2026-04-15 18:49:21] Task 3 Epoch 10/10: entering train loop
T3 Ep 10/10 | L 0.9640 | Train Acc 0.48 | Prec 0.66 | F1 0.45 | Det Rec 0.50 | Det FA 1.00 | Epoch Time 18.19s (Eval 0.00s, Train 18.19s)
[STATE 2026-04-15 18:49:40] T3 Ep 10/10 complete: Prec 0.6623 F1 0.4498 DetRec 0.5000 DetFA 1.0000 | 18.19s total (0.00s eval/18.19s train)
[STATE 2026-04-15 18:49:40] Task 3: running final validation.
[STATE 2026-04-15 18:52:07] Completed task 3 (4/10)
Note: Unified mixed IQ test tensors to (N, 3, L) via ADC0 I/Q + zero-padded ADC1/2 (IID2-style) for cumulative CIL.
[STATE 2026-04-15 18:52:08] Task 4: zero-shot validation (pre-train)
---- Zero-shot (pre-train) task 4: rec_cls 0.0749 | prec_cls 0.0804 | f1_cls 0.0390 | det 0.5000 | pfa 1.0000 | total_f1 0.2691 ----
[STATE 2026-04-15 18:55:45] Starting task 4 (5/10)
[STATE 2026-04-15 18:55:45] Task 4 Epoch 1/10: entering train loop
[STATE 2026-04-15 18:56:05] Task 4 Epoch 1/10: running validation (end of epoch)
---- Eval at Epoch 0: cls [0.8474799076631465, 0.5509418871528399, 0.0622265031738428, 0.08858257835098111, 0.07336746690552043] | det_recall [0.8543277698102204, 0.5353317762784316, 0.49999784162417027, 0.5000029197292079, 0.4999967972122936] | det_fa [0.2615601147944739, 0.9123707384166639, 0.9999310351441721, 0.9999814729041223, 1.0] ----
T4 Ep 1/10 | L 1.2959 | Train Acc 0.00 | Prec 0.00 | F1 0.00 | Det Rec 0.50 | Det FA 1.00 | Epoch Time 236.79s (Eval 217.07s, Train 19.72s)
[STATE 2026-04-15 18:59:42] T4 Ep 1/10 complete: Prec 0.0017 F1 0.0002 DetRec 0.5000 DetFA 1.0000 | 236.79s total (217.07s eval/19.72s train)
[STATE 2026-04-15 18:59:42] Task 4 Epoch 2/10: entering train loop
T4 Ep 2/10 | L 1.1144 | Train Acc 0.01 | Prec 0.11 | F1 0.01 | Det Rec 0.50 | Det FA 1.00 | Epoch Time 18.21s (Eval 0.00s, Train 18.21s)
[STATE 2026-04-15 19:00:00] T4 Ep 2/10 complete: Prec 0.1053 F1 0.0121 DetRec 0.5000 DetFA 1.0000 | 18.21s total (0.00s eval/18.21s train)
[STATE 2026-04-15 19:00:00] Task 4 Epoch 3/10: entering train loop
T4 Ep 3/10 | L 1.0649 | Train Acc 0.04 | Prec 0.32 | F1 0.06 | Det Rec 0.50 | Det FA 1.00 | Epoch Time 18.18s (Eval 0.00s, Train 18.18s)
[STATE 2026-04-15 19:00:19] T4 Ep 3/10 complete: Prec 0.3222 F1 0.0641 DetRec 0.5000 DetFA 1.0000 | 18.18s total (0.00s eval/18.18s train)
[STATE 2026-04-15 19:00:19] Task 4 Epoch 4/10: entering train loop
T4 Ep 4/10 | L 1.0334 | Train Acc 0.11 | Prec 0.47 | F1 0.14 | Det Rec 0.50 | Det FA 1.00 | Epoch Time 18.18s (Eval 0.00s, Train 18.18s)
[STATE 2026-04-15 19:00:37] T4 Ep 4/10 complete: Prec 0.4728 F1 0.1425 DetRec 0.5000 DetFA 1.0000 | 18.18s total (0.00s eval/18.18s train)
[STATE 2026-04-15 19:00:37] Task 4 Epoch 5/10: entering train loop
T4 Ep 5/10 | L 0.9906 | Train Acc 0.18 | Prec 0.50 | F1 0.22 | Det Rec 0.50 | Det FA 1.00 | Epoch Time 17.83s (Eval 0.00s, Train 17.83s)
[STATE 2026-04-15 19:00:55] T4 Ep 5/10 complete: Prec 0.5014 F1 0.2154 DetRec 0.5000 DetFA 1.0000 | 17.83s total (0.00s eval/17.83s train)
[STATE 2026-04-15 19:00:55] Task 4 Epoch 6/10: entering train loop
T4 Ep 6/10 | L 0.9722 | Train Acc 0.26 | Prec 0.56 | F1 0.28 | Det Rec 0.50 | Det FA 1.00 | Epoch Time 18.02s (Eval 0.00s, Train 18.02s)
[STATE 2026-04-15 19:01:13] T4 Ep 6/10 complete: Prec 0.5575 F1 0.2840 DetRec 0.5000 DetFA 1.0000 | 18.02s total (0.00s eval/18.02s train)
[STATE 2026-04-15 19:01:13] Task 4 Epoch 7/10: entering train loop
T4 Ep 7/10 | L 0.9550 | Train Acc 0.29 | Prec 0.56 | F1 0.31 | Det Rec 0.50 | Det FA 1.00 | Epoch Time 18.18s (Eval 0.00s, Train 18.18s)
[STATE 2026-04-15 19:01:31] T4 Ep 7/10 complete: Prec 0.5646 F1 0.3086 DetRec 0.5000 DetFA 1.0000 | 18.18s total (0.00s eval/18.18s train)
[STATE 2026-04-15 19:01:31] Task 4 Epoch 8/10: entering train loop
T4 Ep 8/10 | L 0.9257 | Train Acc 0.33 | Prec 0.59 | F1 0.34 | Det Rec 0.50 | Det FA 1.00 | Epoch Time 18.26s (Eval 0.00s, Train 18.26s)
[STATE 2026-04-15 19:01:49] T4 Ep 8/10 complete: Prec 0.5949 F1 0.3402 DetRec 0.5000 DetFA 1.0000 | 18.26s total (0.00s eval/18.26s train)
[STATE 2026-04-15 19:01:49] Task 4 Epoch 9/10: entering train loop
T4 Ep 9/10 | L 0.9062 | Train Acc 0.37 | Prec 0.62 | F1 0.38 | Det Rec 0.50 | Det FA 1.00 | Epoch Time 18.20s (Eval 0.00s, Train 18.20s)
[STATE 2026-04-15 19:02:07] T4 Ep 9/10 complete: Prec 0.6185 F1 0.3765 DetRec 0.5000 DetFA 1.0000 | 18.20s total (0.00s eval/18.20s train)
[STATE 2026-04-15 19:02:07] Task 4 Epoch 10/10: entering train loop
T4 Ep 10/10 | L 0.8894 | Train Acc 0.40 | Prec 0.64 | F1 0.40 | Det Rec 0.50 | Det FA 1.00 | Epoch Time 18.15s (Eval 0.00s, Train 18.15s)
[STATE 2026-04-15 19:02:25] T4 Ep 10/10 complete: Prec 0.6387 F1 0.3981 DetRec 0.5000 DetFA 1.0000 | 18.15s total (0.00s eval/18.15s train)
[STATE 2026-04-15 19:02:25] Task 4: running final validation.
[STATE 2026-04-15 19:06:02] Completed task 4 (5/10)
Note: Unified mixed IQ test tensors to (N, 3, L) via ADC0 I/Q + zero-padded ADC1/2 (IID2-style) for cumulative CIL.
[STATE 2026-04-15 19:06:03] Task 5: zero-shot validation (pre-train)
---- Zero-shot (pre-train) task 5: rec_cls 0.0498 | prec_cls 0.0419 | f1_cls 0.0262 | det 0.4998 | pfa 0.9997 | total_f1 0.2282 ----
[STATE 2026-04-15 19:11:22] Starting task 5 (6/10)
[STATE 2026-04-15 19:11:22] Task 5 Epoch 1/10: entering train loop
[STATE 2026-04-15 19:13:53] Task 5 Epoch 1/10: running validation (end of epoch)
---- Eval at Epoch 0: cls [0.8292385841397745, 0.5367275253245399, 0.03799223096576601, 0.06648742449567216, 0.04648912676671726, 0.06518964270520053] | det_recall [0.7256477643418504, 0.5356028132936551, 0.5, 0.5, 0.5, 0.5] | det_fa [0.5055056635740147, 0.90005138264903, 1.0, 1.0, 1.0, 1.0] ----
T5 Ep 1/10 | L 1.3442 | Train Acc 0.25 | Prec 0.60 | F1 0.28 | Det Rec 0.50 | Det FA 1.00 | Epoch Time 468.71s (Eval 317.74s, Train 150.97s)
[STATE 2026-04-15 19:19:10] T5 Ep 1/10 complete: Prec 0.5953 F1 0.2766 DetRec 0.5004 DetFA 0.9991 | 468.71s total (317.74s eval/150.97s train)
[STATE 2026-04-15 19:19:10] Task 5 Epoch 2/10: entering train loop
T5 Ep 2/10 | L 0.9183 | Train Acc 0.54 | Prec 0.92 | F1 0.56 | Det Rec 0.50 | Det FA 1.00 | Epoch Time 149.26s (Eval 0.00s, Train 149.26s)
[STATE 2026-04-15 19:21:40] T5 Ep 2/10 complete: Prec 0.9228 F1 0.5618 DetRec 0.5001 DetFA 0.9998 | 149.26s total (0.00s eval/149.26s train)
[STATE 2026-04-15 19:21:40] Task 5 Epoch 3/10: entering train loop
T5 Ep 3/10 | L 0.8268 | Train Acc 0.59 | Prec 0.94 | F1 0.60 | Det Rec 0.50 | Det FA 1.00 | Epoch Time 149.53s (Eval 0.00s, Train 149.53s)
[STATE 2026-04-15 19:24:09] T5 Ep 3/10 complete: Prec 0.9417 F1 0.5974 DetRec 0.5001 DetFA 0.9999 | 149.53s total (0.00s eval/149.53s train)
[STATE 2026-04-15 19:24:09] Task 5 Epoch 4/10: entering train loop
T5 Ep 4/10 | L 0.7765 | Train Acc 0.61 | Prec 0.95 | F1 0.62 | Det Rec 0.50 | Det FA 1.00 | Epoch Time 149.37s (Eval 0.00s, Train 149.37s)
[STATE 2026-04-15 19:26:38] T5 Ep 4/10 complete: Prec 0.9506 F1 0.6154 DetRec 0.5001 DetFA 0.9999 | 149.37s total (0.00s eval/149.37s train)
[STATE 2026-04-15 19:26:38] Task 5 Epoch 5/10: entering train loop
T5 Ep 5/10 | L 0.7372 | Train Acc 0.63 | Prec 0.96 | F1 0.63 | Det Rec 0.50 | Det FA 1.00 | Epoch Time 149.18s (Eval 0.00s, Train 149.18s)
[STATE 2026-04-15 19:29:08] T5 Ep 5/10 complete: Prec 0.9564 F1 0.6279 DetRec 0.5000 DetFA 1.0000 | 149.18s total (0.00s eval/149.18s train)
[STATE 2026-04-15 19:29:08] Task 5 Epoch 6/10: entering train loop
T5 Ep 6/10 | L 0.7093 | Train Acc 0.65 | Prec 0.96 | F1 0.64 | Det Rec 0.50 | Det FA 1.00 | Epoch Time 149.17s (Eval 0.00s, Train 149.17s)
[STATE 2026-04-15 19:31:37] T5 Ep 6/10 complete: Prec 0.9604 F1 0.6372 DetRec 0.5000 DetFA 1.0000 | 149.17s total (0.00s eval/149.17s train)
[STATE 2026-04-15 19:31:37] Task 5 Epoch 7/10: entering train loop
T5 Ep 7/10 | L 0.6887 | Train Acc 0.65 | Prec 0.96 | F1 0.64 | Det Rec 0.50 | Det FA 1.00 | Epoch Time 149.41s (Eval 0.00s, Train 149.41s)
[STATE 2026-04-15 19:34:06] T5 Ep 7/10 complete: Prec 0.9640 F1 0.6436 DetRec 0.5001 DetFA 0.9999 | 149.41s total (0.00s eval/149.41s train)
[STATE 2026-04-15 19:34:06] Task 5 Epoch 8/10: entering train loop
T5 Ep 8/10 | L 0.6660 | Train Acc 0.66 | Prec 0.97 | F1 0.65 | Det Rec 0.50 | Det FA 1.00 | Epoch Time 149.45s (Eval 0.00s, Train 149.45s)
[STATE 2026-04-15 19:36:36] T5 Ep 8/10 complete: Prec 0.9674 F1 0.6503 DetRec 0.5000 DetFA 0.9999 | 149.45s total (0.00s eval/149.45s train)
[STATE 2026-04-15 19:36:36] Task 5 Epoch 9/10: entering train loop
T5 Ep 9/10 | L 0.6528 | Train Acc 0.67 | Prec 0.97 | F1 0.65 | Det Rec 0.50 | Det FA 1.00 | Epoch Time 149.82s (Eval 0.00s, Train 149.82s)
[STATE 2026-04-15 19:39:05] T5 Ep 9/10 complete: Prec 0.9688 F1 0.6544 DetRec 0.5001 DetFA 0.9999 | 149.82s total (0.00s eval/149.82s train)
[STATE 2026-04-15 19:39:05] Task 5 Epoch 10/10: entering train loop
T5 Ep 10/10 | L 0.6361 | Train Acc 0.68 | Prec 0.97 | F1 0.66 | Det Rec 0.50 | Det FA 1.00 | Epoch Time 168.73s (Eval 0.00s, Train 168.73s)
[STATE 2026-04-15 19:41:54] T5 Ep 10/10 complete: Prec 0.9710 F1 0.6595 DetRec 0.5001 DetFA 0.9999 | 168.73s total (0.00s eval/168.73s train)
[STATE 2026-04-15 19:41:54] Task 5: running final validation.
[STATE 2026-04-15 19:47:12] Completed task 5 (6/10)
Note: Unified mixed IQ test tensors to (N, 3, L) via ADC0 I/Q + zero-padded ADC1/2 (IID2-style) for cumulative CIL.
[STATE 2026-04-15 19:47:13] Task 6: zero-shot validation (pre-train)
---- Zero-shot (pre-train) task 6: rec_cls 0.0607 | prec_cls 0.0519 | f1_cls 0.0287 | det 0.5000 | pfa 1.0000 | total_f1 0.1918 ----
[STATE 2026-04-15 19:54:14] Starting task 6 (7/10)
[STATE 2026-04-15 19:54:14] Task 6 Epoch 1/10: entering train loop
[STATE 2026-04-15 19:54:29] Task 6 Epoch 1/10: running validation (end of epoch)
---- Eval at Epoch 0: cls [0.8424241399124021, 0.5313523313069999, 0.03908261986181407, 0.058895506635007346, 0.04468523518211034, 0.06951478713812045, 0.06027337830328016] | det_recall [0.8562851290569513, 0.5289759761575495, 0.5, 0.5, 0.5, 0.5, 0.5] | det_fa [0.2510232943719606, 0.9211306250208656, 1.0, 1.0, 1.0, 1.0, 1.0] ----
T6 Ep 1/10 | L 1.1104 | Train Acc 0.00 | Prec 0.00 | F1 0.00 | Det Rec 0.50 | Det FA 1.00 | Epoch Time 435.11s (Eval 420.47s, Train 14.64s)
[STATE 2026-04-15 20:01:29] T6 Ep 1/10 complete: Prec 0.0000 F1 0.0000 DetRec 0.5000 DetFA 1.0000 | 435.11s total (420.47s eval/14.64s train)
[STATE 2026-04-15 20:01:29] Task 6 Epoch 2/10: entering train loop
T6 Ep 2/10 | L 0.9613 | Train Acc 0.01 | Prec 0.17 | F1 0.02 | Det Rec 0.50 | Det FA 1.00 | Epoch Time 12.80s (Eval 0.00s, Train 12.80s)
[STATE 2026-04-15 20:01:42] T6 Ep 2/10 complete: Prec 0.1735 F1 0.0208 DetRec 0.5000 DetFA 1.0000 | 12.80s total (0.00s eval/12.80s train)
[STATE 2026-04-15 20:01:42] Task 6 Epoch 3/10: entering train loop
T6 Ep 3/10 | L 0.8994 | Train Acc 0.04 | Prec 0.38 | F1 0.05 | Det Rec 0.50 | Det FA 1.00 | Epoch Time 12.84s (Eval 0.00s, Train 12.84s)
[STATE 2026-04-15 20:01:55] T6 Ep 3/10 complete: Prec 0.3831 F1 0.0540 DetRec 0.5000 DetFA 1.0000 | 12.84s total (0.00s eval/12.84s train)
[STATE 2026-04-15 20:01:55] Task 6 Epoch 4/10: entering train loop
T6 Ep 4/10 | L 0.8694 | Train Acc 0.07 | Prec 0.52 | F1 0.10 | Det Rec 0.50 | Det FA 1.00 | Epoch Time 12.84s (Eval 0.00s, Train 12.84s)
[STATE 2026-04-15 20:02:08] T6 Ep 4/10 complete: Prec 0.5187 F1 0.1036 DetRec 0.5000 DetFA 1.0000 | 12.84s total (0.00s eval/12.84s train)
[STATE 2026-04-15 20:02:08] Task 6 Epoch 5/10: entering train loop
T6 Ep 5/10 | L 0.8478 | Train Acc 0.12 | Prec 0.67 | F1 0.16 | Det Rec 0.50 | Det FA 1.00 | Epoch Time 12.83s (Eval 0.00s, Train 12.83s)
[STATE 2026-04-15 20:02:21] T6 Ep 5/10 complete: Prec 0.6680 F1 0.1606 DetRec 0.5000 DetFA 1.0000 | 12.83s total (0.00s eval/12.83s train)
[STATE 2026-04-15 20:02:21] Task 6 Epoch 6/10: entering train loop
T6 Ep 6/10 | L 0.8515 | Train Acc 0.16 | Prec 0.68 | F1 0.21 | Det Rec 0.50 | Det FA 1.00 | Epoch Time 12.82s (Eval 0.00s, Train 12.82s)
[STATE 2026-04-15 20:02:33] T6 Ep 6/10 complete: Prec 0.6766 F1 0.2128 DetRec 0.5000 DetFA 1.0000 | 12.82s total (0.00s eval/12.82s train)
[STATE 2026-04-15 20:02:33] Task 6 Epoch 7/10: entering train loop
T6 Ep 7/10 | L 0.8219 | Train Acc 0.19 | Prec 0.68 | F1 0.24 | Det Rec 0.50 | Det FA 1.00 | Epoch Time 12.84s (Eval 0.00s, Train 12.84s)
[STATE 2026-04-15 20:02:46] T6 Ep 7/10 complete: Prec 0.6813 F1 0.2387 DetRec 0.5000 DetFA 1.0000 | 12.84s total (0.00s eval/12.84s train)
[STATE 2026-04-15 20:02:46] Task 6 Epoch 8/10: entering train loop
T6 Ep 8/10 | L 0.8123 | Train Acc 0.22 | Prec 0.69 | F1 0.26 | Det Rec 0.50 | Det FA 1.00 | Epoch Time 12.84s (Eval 0.00s, Train 12.84s)
[STATE 2026-04-15 20:02:59] T6 Ep 8/10 complete: Prec 0.6906 F1 0.2646 DetRec 0.5000 DetFA 1.0000 | 12.84s total (0.00s eval/12.84s train)
[STATE 2026-04-15 20:02:59] Task 6 Epoch 9/10: entering train loop
T6 Ep 9/10 | L 0.7950 | Train Acc 0.24 | Prec 0.68 | F1 0.29 | Det Rec 0.50 | Det FA 1.00 | Epoch Time 12.83s (Eval 0.00s, Train 12.83s)
[STATE 2026-04-15 20:03:12] T6 Ep 9/10 complete: Prec 0.6784 F1 0.2899 DetRec 0.5000 DetFA 1.0000 | 12.83s total (0.00s eval/12.83s train)
[STATE 2026-04-15 20:03:12] Task 6 Epoch 10/10: entering train loop
T6 Ep 10/10 | L 0.7889 | Train Acc 0.27 | Prec 0.73 | F1 0.32 | Det Rec 0.50 | Det FA 1.00 | Epoch Time 12.82s (Eval 0.00s, Train 12.82s)
[STATE 2026-04-15 20:03:25] T6 Ep 10/10 complete: Prec 0.7281 F1 0.3200 DetRec 0.5000 DetFA 1.0000 | 12.82s total (0.00s eval/12.82s train)
[STATE 2026-04-15 20:03:25] Task 6: running final validation.
[STATE 2026-04-15 20:10:26] Completed task 6 (7/10)
Note: Unified mixed IQ test tensors to (N, 3, L) via ADC0 I/Q + zero-padded ADC1/2 (IID2-style) for cumulative CIL.
[STATE 2026-04-15 20:10:27] Task 7: zero-shot validation (pre-train)
---- Zero-shot (pre-train) task 7: rec_cls 0.0581 | prec_cls 0.0408 | f1_cls 0.0275 | det 0.5000 | pfa 1.0000 | total_f1 0.1682 ----
[STATE 2026-04-15 20:19:40] Starting task 7 (8/10)
[STATE 2026-04-15 20:19:40] Task 7 Epoch 1/10: entering train loop
[STATE 2026-04-15 20:22:01] Task 7 Epoch 1/10: running validation (end of epoch)
---- Eval at Epoch 0: cls [0.8284952369630979, 0.48980068284276884, 0.039427110102153114, 0.06747528664404574, 0.05107773034983342, 0.06486882110830428, 0.07001834514460106, 0.06354071992926388] | det_recall [0.6107186128222946, 0.5235494717083322, 0.5, 0.4999968374446553, 0.49999670410799973, 0.5, 0.5, 0.5] | det_fa [0.7260377024697399, 0.9166583057584418, 1.0, 1.0, 1.0, 1.0, 1.0, 1.0] ----
T7 Ep 1/10 | L 1.1194 | Train Acc 0.09 | Prec 0.44 | F1 0.11 | Det Rec 0.50 | Det FA 1.00 | Epoch Time 693.85s (Eval 552.68s, Train 141.17s)
[STATE 2026-04-15 20:31:13] T7 Ep 1/10 complete: Prec 0.4378 F1 0.1148 DetRec 0.5000 DetFA 1.0000 | 693.85s total (552.68s eval/141.17s train)
[STATE 2026-04-15 20:31:13] Task 7 Epoch 2/10: entering train loop
T7 Ep 2/10 | L 0.8157 | Train Acc 0.39 | Prec 0.97 | F1 0.45 | Det Rec 0.50 | Det FA 1.00 | Epoch Time 139.63s (Eval 0.00s, Train 139.63s)
[STATE 2026-04-15 20:33:33] T7 Ep 2/10 complete: Prec 0.9735 F1 0.4508 DetRec 0.5000 DetFA 1.0000 | 139.63s total (0.00s eval/139.63s train)
[STATE 2026-04-15 20:33:33] Task 7 Epoch 3/10: entering train loop
T7 Ep 3/10 | L 0.7424 | Train Acc 0.52 | Prec 0.98 | F1 0.56 | Det Rec 0.50 | Det FA 1.00 | Epoch Time 139.44s (Eval 0.00s, Train 139.44s)
[STATE 2026-04-15 20:35:53] T7 Ep 3/10 complete: Prec 0.9832 F1 0.5613 DetRec 0.5000 DetFA 1.0000 | 139.44s total (0.00s eval/139.44s train)
[STATE 2026-04-15 20:35:53] Task 7 Epoch 4/10: entering train loop
T7 Ep 4/10 | L 0.7056 | Train Acc 0.57 | Prec 0.99 | F1 0.60 | Det Rec 0.50 | Det FA 1.00 | Epoch Time 139.32s (Eval 0.00s, Train 139.32s)
[STATE 2026-04-15 20:38:12] T7 Ep 4/10 complete: Prec 0.9859 F1 0.5994 DetRec 0.5000 DetFA 1.0000 | 139.32s total (0.00s eval/139.32s train)
[STATE 2026-04-15 20:38:12] Task 7 Epoch 5/10: entering train loop
T7 Ep 5/10 | L 0.6808 | Train Acc 0.60 | Prec 0.99 | F1 0.62 | Det Rec 0.50 | Det FA 1.00 | Epoch Time 139.88s (Eval 0.00s, Train 139.88s)
[STATE 2026-04-15 20:40:32] T7 Ep 5/10 complete: Prec 0.9875 F1 0.6206 DetRec 0.5000 DetFA 1.0000 | 139.88s total (0.00s eval/139.88s train)
[STATE 2026-04-15 20:40:32] Task 7 Epoch 6/10: entering train loop
T7 Ep 6/10 | L 0.6568 | Train Acc 0.62 | Prec 0.99 | F1 0.63 | Det Rec 0.50 | Det FA 1.00 | Epoch Time 139.35s (Eval 0.00s, Train 139.35s)
[STATE 2026-04-15 20:42:51] T7 Ep 6/10 complete: Prec 0.9885 F1 0.6335 DetRec 0.5000 DetFA 1.0000 | 139.35s total (0.00s eval/139.35s train)
[STATE 2026-04-15 20:42:51] Task 7 Epoch 7/10: entering train loop
T7 Ep 7/10 | L 0.6416 | Train Acc 0.64 | Prec 0.99 | F1 0.64 | Det Rec 0.50 | Det FA 1.00 | Epoch Time 139.39s (Eval 0.00s, Train 139.39s)
[STATE 2026-04-15 20:45:11] T7 Ep 7/10 complete: Prec 0.9897 F1 0.6431 DetRec 0.5000 DetFA 1.0000 | 139.39s total (0.00s eval/139.39s train)
[STATE 2026-04-15 20:45:11] Task 7 Epoch 8/10: entering train loop
T7 Ep 8/10 | L 0.6289 | Train Acc 0.65 | Prec 0.99 | F1 0.65 | Det Rec 0.50 | Det FA 1.00 | Epoch Time 139.73s (Eval 0.00s, Train 139.73s)
[STATE 2026-04-15 20:47:30] T7 Ep 8/10 complete: Prec 0.9893 F1 0.6495 DetRec 0.5000 DetFA 1.0000 | 139.73s total (0.00s eval/139.73s train)
[STATE 2026-04-15 20:47:30] Task 7 Epoch 9/10: entering train loop
T7 Ep 9/10 | L 0.6148 | Train Acc 0.66 | Prec 0.99 | F1 0.66 | Det Rec 0.50 | Det FA 1.00 | Epoch Time 139.51s (Eval 0.00s, Train 139.51s)
[STATE 2026-04-15 20:49:50] T7 Ep 9/10 complete: Prec 0.9902 F1 0.6558 DetRec 0.5000 DetFA 1.0000 | 139.51s total (0.00s eval/139.51s train)
[STATE 2026-04-15 20:49:50] Task 7 Epoch 10/10: entering train loop
T7 Ep 10/10 | L 0.6068 | Train Acc 0.67 | Prec 0.99 | F1 0.66 | Det Rec 0.50 | Det FA 1.00 | Epoch Time 139.12s (Eval 0.00s, Train 139.12s)
[STATE 2026-04-15 20:52:09] T7 Ep 10/10 complete: Prec 0.9910 F1 0.6602 DetRec 0.5000 DetFA 1.0000 | 139.12s total (0.00s eval/139.12s train)
[STATE 2026-04-15 20:52:09] Task 7: running final validation.
[STATE 2026-04-15 21:01:22] Completed task 7 (8/10)
Note: Unified mixed IQ test tensors to (N, 3, L) via ADC0 I/Q + zero-padded ADC1/2 (IID2-style) for cumulative CIL.
[STATE 2026-04-15 21:01:23] Task 8: zero-shot validation (pre-train)
---- Zero-shot (pre-train) task 8: rec_cls 0.0701 | prec_cls 0.0465 | f1_cls 0.0379 | det 0.5000 | pfa 1.0000 | total_f1 0.1327 ----
[STATE 2026-04-15 21:12:53] Starting task 8 (9/10)
[STATE 2026-04-15 21:12:53] Task 8 Epoch 1/10: entering train loop
[STATE 2026-04-15 21:13:21] Task 8 Epoch 1/10: running validation (end of epoch)
---- Eval at Epoch 0: cls [0.8150165855635318, 0.45701203279928787, 0.02540585212113642, 0.06901811642090504, 0.046410660211217106, 0.06452328018779528, 0.06626034683402905, 0.07745217628801382, 0.06956540348771685] | det_recall [0.5542918342521777, 0.5104548753401584, 0.5000179559110693, 0.4999935621032459, 0.4999970474300831, 0.5, 0.5, 0.5, 0.5] | det_fa [0.845916888842546, 0.9254283697321102, 0.9997517248115756, 1.0, 1.0, 1.0, 1.0, 1.0, 1.0] ----
T8 Ep 1/10 | L 1.2557 | Train Acc 0.03 | Prec 0.27 | F1 0.04 | Det Rec 0.50 | Det FA 1.00 | Epoch Time 717.09s (Eval 688.34s, Train 28.75s)
[STATE 2026-04-15 21:24:50] T8 Ep 1/10 complete: Prec 0.2674 F1 0.0388 DetRec 0.5000 DetFA 1.0000 | 717.09s total (688.34s eval/28.75s train)
[STATE 2026-04-15 21:24:50] Task 8 Epoch 2/10: entering train loop
T8 Ep 2/10 | L 0.9647 | Train Acc 0.14 | Prec 0.62 | F1 0.18 | Det Rec 0.50 | Det FA 1.00 | Epoch Time 27.01s (Eval 0.00s, Train 27.01s)
[STATE 2026-04-15 21:25:17] T8 Ep 2/10 complete: Prec 0.6191 F1 0.1826 DetRec 0.5000 DetFA 1.0000 | 27.01s total (0.00s eval/27.01s train)
[STATE 2026-04-15 21:25:17] Task 8 Epoch 3/10: entering train loop
T8 Ep 3/10 | L 0.8724 | Train Acc 0.25 | Prec 0.68 | F1 0.30 | Det Rec 0.50 | Det FA 1.00 | Epoch Time 27.33s (Eval 0.00s, Train 27.33s)
[STATE 2026-04-15 21:25:44] T8 Ep 3/10 complete: Prec 0.6781 F1 0.3015 DetRec 0.5000 DetFA 1.0000 | 27.33s total (0.00s eval/27.33s train)
[STATE 2026-04-15 21:25:44] Task 8 Epoch 4/10: entering train loop
T8 Ep 4/10 | L 0.8280 | Train Acc 0.33 | Prec 0.75 | F1 0.37 | Det Rec 0.50 | Det FA 1.00 | Epoch Time 27.27s (Eval 0.00s, Train 27.27s)
[STATE 2026-04-15 21:26:11] T8 Ep 4/10 complete: Prec 0.7502 F1 0.3712 DetRec 0.5000 DetFA 1.0000 | 27.27s total (0.00s eval/27.27s train)
[STATE 2026-04-15 21:26:11] Task 8 Epoch 5/10: entering train loop
T8 Ep 5/10 | L 0.7948 | Train Acc 0.37 | Prec 0.76 | F1 0.40 | Det Rec 0.50 | Det FA 1.00 | Epoch Time 27.05s (Eval 0.00s, Train 27.05s)
[STATE 2026-04-15 21:26:38] T8 Ep 5/10 complete: Prec 0.7638 F1 0.4036 DetRec 0.5000 DetFA 1.0000 | 27.05s total (0.00s eval/27.05s train)
[STATE 2026-04-15 21:26:38] Task 8 Epoch 6/10: entering train loop
T8 Ep 6/10 | L 0.7429 | Train Acc 0.41 | Prec 0.81 | F1 0.44 | Det Rec 0.50 | Det FA 1.00 | Epoch Time 27.00s (Eval 0.00s, Train 27.00s)
[STATE 2026-04-15 21:27:05] T8 Ep 6/10 complete: Prec 0.8134 F1 0.4418 DetRec 0.5000 DetFA 1.0000 | 27.00s total (0.00s eval/27.00s train)
[STATE 2026-04-15 21:27:05] Task 8 Epoch 7/10: entering train loop
T8 Ep 7/10 | L 0.7059 | Train Acc 0.44 | Prec 0.83 | F1 0.46 | Det Rec 0.50 | Det FA 1.00 | Epoch Time 27.13s (Eval 0.00s, Train 27.13s)
[STATE 2026-04-15 21:27:33] T8 Ep 7/10 complete: Prec 0.8347 F1 0.4630 DetRec 0.5000 DetFA 1.0000 | 27.13s total (0.00s eval/27.13s train)
[STATE 2026-04-15 21:27:33] Task 8 Epoch 8/10: entering train loop
T8 Ep 8/10 | L 0.6937 | Train Acc 0.47 | Prec 0.86 | F1 0.49 | Det Rec 0.50 | Det FA 1.00 | Epoch Time 27.47s (Eval 0.00s, Train 27.47s)
[STATE 2026-04-15 21:28:00] T8 Ep 8/10 complete: Prec 0.8603 F1 0.4876 DetRec 0.5000 DetFA 1.0000 | 27.47s total (0.00s eval/27.47s train)
[STATE 2026-04-15 21:28:00] Task 8 Epoch 9/10: entering train loop
T8 Ep 9/10 | L 0.6713 | Train Acc 0.49 | Prec 0.89 | F1 0.50 | Det Rec 0.50 | Det FA 1.00 | Epoch Time 26.99s (Eval 0.00s, Train 26.99s)
[STATE 2026-04-15 21:28:27] T8 Ep 9/10 complete: Prec 0.8883 F1 0.4966 DetRec 0.5000 DetFA 1.0000 | 26.99s total (0.00s eval/26.99s train)
[STATE 2026-04-15 21:28:27] Task 8 Epoch 10/10: entering train loop
T8 Ep 10/10 | L 0.6445 | Train Acc 0.50 | Prec 0.91 | F1 0.51 | Det Rec 0.50 | Det FA 1.00 | Epoch Time 27.05s (Eval 0.00s, Train 27.05s)
[STATE 2026-04-15 21:28:54] T8 Ep 10/10 complete: Prec 0.9106 F1 0.5125 DetRec 0.5000 DetFA 1.0000 | 27.05s total (0.00s eval/27.05s train)
[STATE 2026-04-15 21:28:54] Task 8: running final validation.
[STATE 2026-04-15 21:40:23] Completed task 8 (9/10)
Note: Unified mixed IQ test tensors to (N, 3, L) via ADC0 I/Q + zero-padded ADC1/2 (IID2-style) for cumulative CIL.
[STATE 2026-04-15 21:40:25] Task 9: zero-shot validation (pre-train)
---- Zero-shot (pre-train) task 9: rec_cls 0.0570 | prec_cls 0.0300 | f1_cls 0.0245 | det 0.5000 | pfa 1.0000 | total_f1 0.1094 ----
[STATE 2026-04-15 21:54:12] Starting task 9 (10/10)
[STATE 2026-04-15 21:54:12] Task 9 Epoch 1/10: entering train loop
[STATE 2026-04-15 21:54:26] Task 9 Epoch 1/10: running validation (end of epoch)
---- Eval at Epoch 0: cls [0.8158618794074637, 0.4498591670144714, 0.019879143071549, 0.06410901677556048, 0.044525639855715136, 0.06072056956928709, 0.06807233059628591, 0.06392916078595597, 0.05664431467895051, 0.053780923121135596] | det_recall [0.5035243722616413, 0.5027444271737138, 0.5, 0.5, 0.5, 0.5, 0.5, 0.5, 0.5, 0.5] | det_fa [0.9572945463349357, 0.9663874716369218, 1.0, 1.0, 1.0, 1.0, 1.0, 1.0, 1.0, 1.0] ----
T9 Ep 1/10 | L 1.1489 | Train Acc 0.01 | Prec 0.10 | F1 0.02 | Det Rec 0.50 | Det FA 1.00 | Epoch Time 840.89s (Eval 826.07s, Train 14.81s)
[STATE 2026-04-15 22:08:12] T9 Ep 1/10 complete: Prec 0.1000 F1 0.0158 DetRec 0.5000 DetFA 1.0000 | 840.89s total (826.07s eval/14.81s train)
[STATE 2026-04-15 22:08:12] Task 9 Epoch 2/10: entering train loop
T9 Ep 2/10 | L 0.9132 | Train Acc 0.04 | Prec 0.32 | F1 0.06 | Det Rec 0.50 | Det FA 1.00 | Epoch Time 12.95s (Eval 0.00s, Train 12.95s)
[STATE 2026-04-15 22:08:25] T9 Ep 2/10 complete: Prec 0.3189 F1 0.0565 DetRec 0.5000 DetFA 1.0000 | 12.95s total (0.00s eval/12.95s train)
[STATE 2026-04-15 22:08:25] Task 9 Epoch 3/10: entering train loop
T9 Ep 3/10 | L 0.8609 | Train Acc 0.08 | Prec 0.51 | F1 0.11 | Det Rec 0.50 | Det FA 1.00 | Epoch Time 12.84s (Eval 0.00s, Train 12.84s)
[STATE 2026-04-15 22:08:38] T9 Ep 3/10 complete: Prec 0.5056 F1 0.1077 DetRec 0.5000 DetFA 1.0000 | 12.84s total (0.00s eval/12.84s train)
[STATE 2026-04-15 22:08:38] Task 9 Epoch 4/10: entering train loop
T9 Ep 4/10 | L 0.8381 | Train Acc 0.12 | Prec 0.52 | F1 0.15 | Det Rec 0.50 | Det FA 1.00 | Epoch Time 12.95s (Eval 0.00s, Train 12.95s)
[STATE 2026-04-15 22:08:51] T9 Ep 4/10 complete: Prec 0.5160 F1 0.1535 DetRec 0.5000 DetFA 1.0000 | 12.95s total (0.00s eval/12.95s train)
[STATE 2026-04-15 22:08:51] Task 9 Epoch 5/10: entering train loop
T9 Ep 5/10 | L 0.8202 | Train Acc 0.15 | Prec 0.56 | F1 0.18 | Det Rec 0.50 | Det FA 1.00 | Epoch Time 12.92s (Eval 0.00s, Train 12.92s)
[STATE 2026-04-15 22:09:04] T9 Ep 5/10 complete: Prec 0.5583 F1 0.1850 DetRec 0.5000 DetFA 1.0000 | 12.92s total (0.00s eval/12.92s train)
[STATE 2026-04-15 22:09:04] Task 9 Epoch 6/10: entering train loop
T9 Ep 6/10 | L 0.8200 | Train Acc 0.18 | Prec 0.56 | F1 0.21 | Det Rec 0.50 | Det FA 1.00 | Epoch Time 12.85s (Eval 0.00s, Train 12.85s)
[STATE 2026-04-15 22:09:17] T9 Ep 6/10 complete: Prec 0.5617 F1 0.2124 DetRec 0.5000 DetFA 1.0000 | 12.85s total (0.00s eval/12.85s train)
[STATE 2026-04-15 22:09:17] Task 9 Epoch 7/10: entering train loop
T9 Ep 7/10 | L 0.7876 | Train Acc 0.20 | Prec 0.59 | F1 0.24 | Det Rec 0.50 | Det FA 1.00 | Epoch Time 12.84s (Eval 0.00s, Train 12.84s)
[STATE 2026-04-15 22:09:30] T9 Ep 7/10 complete: Prec 0.5872 F1 0.2372 DetRec 0.5000 DetFA 1.0000 | 12.84s total (0.00s eval/12.84s train)
[STATE 2026-04-15 22:09:30] Task 9 Epoch 8/10: entering train loop
T9 Ep 8/10 | L 0.7692 | Train Acc 0.22 | Prec 0.62 | F1 0.26 | Det Rec 0.50 | Det FA 1.00 | Epoch Time 12.86s (Eval 0.00s, Train 12.86s)
[STATE 2026-04-15 22:09:43] T9 Ep 8/10 complete: Prec 0.6166 F1 0.2614 DetRec 0.5000 DetFA 1.0000 | 12.86s total (0.00s eval/12.86s train)
[STATE 2026-04-15 22:09:43] Task 9 Epoch 9/10: entering train loop
T9 Ep 9/10 | L 0.7500 | Train Acc 0.25 | Prec 0.62 | F1 0.29 | Det Rec 0.50 | Det FA 1.00 | Epoch Time 12.84s (Eval 0.00s, Train 12.84s)
[STATE 2026-04-15 22:09:55] T9 Ep 9/10 complete: Prec 0.6230 F1 0.2874 DetRec 0.5000 DetFA 1.0000 | 12.84s total (0.00s eval/12.84s train)
[STATE 2026-04-15 22:09:55] Task 9 Epoch 10/10: entering train loop
T9 Ep 10/10 | L 0.7505 | Train Acc 0.27 | Prec 0.64 | F1 0.31 | Det Rec 0.50 | Det FA 1.00 | Epoch Time 12.84s (Eval 0.00s, Train 12.84s)
[STATE 2026-04-15 22:10:08] T9 Ep 10/10 complete: Prec 0.6425 F1 0.3099 DetRec 0.5000 DetFA 1.0000 | 12.84s total (0.00s eval/12.84s train)
[STATE 2026-04-15 22:10:08] Task 9: running final validation.
[STATE 2026-04-15 22:23:55] Completed task 9 (10/10)
####Final Validation Accuracy####
Final Results:- 
 Total Recall: 0.16722038062131908 
 Individual Recall: [0.801254077972251, 0.4470556142708142, 0.019581651388756036, 0.06609622854138017, 0.04930072342753813, 0.061769188655154794, 0.06748386476987982, 0.05673671014778166, 0.052112769426682706, 0.05081297761295229]
Final Detection Results:- 
 Total Detection: 0.5012019989862351 
 Individual Detection: [0.5073575971670925, 0.5046623926952586, 0.5, 0.5, 0.5, 0.5, 0.5, 0.5, 0.5, 0.5]
Final Detection False Alarm:- 
 Total False Alarm: 0.9886115139452359 
 Individual False Alarm: [0.9378018012961982, 0.9483133381561607, 1.0, 1.0, 1.0, 1.0, 1.0, 1.0, 1.0, 1.0]
SUMMARY_TR cls_rec=0.2732 cls_prec=0.6425 cls_f1=0.3099 det=0.5006 fa=0.9924
SUMMARY_TE cls_rec=0.1672 cls_prec=0.1601 cls_f1=0.1069 det=0.5012 fa=0.9886
[STATE 2026-04-15 22:23:55] Saving results to logs//lwf/full-tasks_CIL_all-2026-04-15_17-40-16-3241/0/results
Model size: 0.0577 GB
Memory buffer size: 0.0000 GB
logs//lwf/full-tasks_CIL_all-2026-04-15_17-40-16-3241/0/results: {'expt_name': 'full-tasks_CIL_all', 'model': 'lwf', 'arch': 'resnet1d', 'n_hiddens': 100, 'n_layers': 2, 'xav_init': False, 'debug': False, 'use_detector_arch': False, 'inner_steps': 1, 'n_epochs': 10, 'batch_size': 256, 'replay_batch_size': 128, 'memories': 5120, 'lr': 0.003, 'optimizer': 'sgd', 'class_weighted_ce': True, 'cuda': True, 'seed': 0, 'log_every': 10, 'log_dir': 'logs//lwf/full-tasks_CIL_all-2026-04-15_17-40-16-3241/0', 'tf_dir': 'logs//lwf/full-tasks_CIL_all-2026-04-15_17-40-16-3241/0/tfdir', 'calc_test_accuracy': False, 'state_logging': True, 'data_path': 'data/rff/radar/full', 'task_order_files': 't2-rcn,t0-rcn,t2-uclresm-25noise,t0-deeprad,t1-deeprad,t1-uclresm-25noise,t3-deeprad,t0-uclresm-25noise,t1-rcn,t2-deeprad', 'loader': 'class_incremental_loader', 'samples_per_task': -1, 'shuffle_tasks': False, 'classes_per_it': 6, 'iterations': 5000, 'dataset': 'iq', 'workers': 0, 'validation': 0.5, 'data_scaling': 'normalize', 'use_iq_aug_features': False, 'iq_aug_feature_type': 'power', 'class_order': 'random', 'increment': 5, 'test_batch_size': 512, 'nc_per_task': None, 'nc_per_task_list': '', 'val_rate': 1000, 'opt_lr': 0.1, 'opt_wt': 0.1, 'alpha_init': 0.001, 'learn_lr': False, 'sync_update': False, 'grad_clip_norm': 5.0, 'meta_batches': 3, 'use_old_task_memory': False, 'second_order': False, 'n_memories': 5120, 'memory_strength': 0, 'steps_per_sample': 1, 'bgd_optimizer': 'sgd', 'optimizer_params': '{}', 'train_mc_iters': 5, 'std_init': 0.05, 'mean_eta': 1, 'fisher_gamma': 0.95, 'rln': 7, 'meta_lr': 0.001, 'update_lr': 0.1, 'ctx_lr': 0.05, 'n_meta': 1, 'temperature': 5.0, 'task_emb': 64, 'noise_label': 54, 'classes_per_task': [5, 6, 5, 6, 6, 5, 5, 5, 6, 5], 'get_samples_per_task': <bound method IncrementalLoader.get_samples_per_task of <dataloaders.class_incremental_loader.IncrementalLoader object at 0x734ac2b03f20>>} # val: 0.201 0.167 -0.034 0.000 # sizes: model_gb=0.0577 mem_gb=0.0000 # 16952.85986471176
[STATE 2026-04-15 22:23:55] results.pt components (approx): state_dict 59.2 MB, result_val_t 0.1 KB, result_val_a 0.8 KB
[STATE 2026-04-15 22:23:55] Results saved; total runtime 4.71h
Total runtime: 4.71 hours
