[2026-04-12T10:38:24+01:00] === full_experiments.sh started ===
[2026-04-12T10:38:24+01:00] REPO_ROOT=/home/lunet/wsmr11/repos/La-MAML
[2026-04-12T10:38:24+01:00] LOG_FILE=/home/lunet/wsmr11/repos/La-MAML/logs/full_experiments/one-shot_til/one-shot-til_B_run_20260412_103824_lnx-elkk-1/full_experiments_20260412_103824.log
[2026-04-12T10:38:24+01:00] INCLUDED_ALL=ewc er_ring eralg4 gem cmaml bcl_dual agem icarl lwf rwalk si ucl la-er lamaml smaml iid2 hat packnet ctn
[2026-04-12T10:38:24+01:00] Activated la-maml_env
[2026-04-12T10:38:24+01:00] Using SERIAL_PROBE_JSON_PATH=logs/eta_probe/eta_probe_elkk-1-algos_10-iter_avg-util-2.json
[2026-04-12T10:38:24+01:00] Using SCHEDULE_JSON_PATH=logs/eta_probe/full_experiments_host_schedule_til.json
[2026-04-12T10:38:24+01:00] HOST_KEY=lnx-elkk-1
[2026-04-12T10:38:24+01:00] MODEL_MODE=til
[2026-04-12T10:38:24+01:00] Reusing existing schedule JSON.
[2026-04-12T10:38:24+01:00] Estimated time saved (parallel vs serial): 56.302443522360534%
[2026-04-12T10:38:24+01:00] QUEUE_HIGH count=5: agem bcl_dual hat si iid2
[2026-04-12T10:38:24+01:00] QUEUE_LOW  count=3: lamaml eralg4 la-er
[2026-04-12T10:38:24+01:00] === Queue phase on lnx-elkk-1 (util high/low) ===
[2026-04-12T10:38:24+01:00] --- Dispatching: base + agem + agem.yaml (job log: /home/lunet/wsmr11/repos/La-MAML/logs/full_experiments/one-shot_til/one-shot-til_B_run_20260412_103824_lnx-elkk-1/job_logs/job_agem_20260412_103824_954115786.log) ---
[2026-04-12T10:38:24+01:00] START agem
[2026-04-12T10:38:24+01:00] --- Dispatching: base + lamaml + lamaml.yaml (job log: /home/lunet/wsmr11/repos/La-MAML/logs/full_experiments/one-shot_til/one-shot-til_B_run_20260412_103824_lnx-elkk-1/job_logs/job_lamaml_20260412_103824_972955932.log) ---
[2026-04-12T10:38:24+01:00] START lamaml
[2026-04-12T14:27:33+01:00] Completed: agem (exit 0)
[2026-04-12T14:38:14+01:00] --- Dispatching: base + hat + hat.yaml (job log: /home/lunet/wsmr11/repos/La-MAML/logs/full_experiments/one-shot_til/one-shot-til_B_run_20260412_103824_lnx-elkk-1/job_logs/job_hat_20260412_143814_210331580.log) ---
[2026-04-12T14:38:14+01:00] START hat
[2026-04-12T15:55:43+01:00] Completed: hat (exit 0)
[2026-04-12T15:55:44+01:00] --- Dispatching: base + si + si.yaml (job log: /home/lunet/wsmr11/repos/La-MAML/logs/full_experiments/one-shot_til/one-shot-til_B_run_20260412_103824_lnx-elkk-1/job_logs/job_si_20260412_155544_093419307.log) ---
[2026-04-12T15:55:44+01:00] START si
[2026-04-12T17:14:00+01:00] Completed: si (exit 0)
[2026-04-12T17:14:00+01:00] --- Dispatching: base + iid2 + iid2.yaml (job log: /home/lunet/wsmr11/repos/La-MAML/logs/full_experiments/one-shot_til/one-shot-til_B_run_20260412_103824_lnx-elkk-1/job_logs/job_iid2_20260412_171400_614258713.log) ---
[2026-04-12T17:14:00+01:00] START iid2
[2026-04-12T17:49:53+01:00] Completed: iid2 (exit 0)
[2026-04-12T21:41:59+01:00] Completed: lamaml (exit 0)
[2026-04-12T21:42:00+01:00] --- Dispatching: base + eralg4 + eralg4.yaml (job log: /home/lunet/wsmr11/repos/La-MAML/logs/full_experiments/one-shot_til/one-shot-til_B_run_20260412_103824_lnx-elkk-1/job_logs/job_eralg4_20260412_214200_015371821.log) ---
[2026-04-12T21:42:00+01:00] START eralg4
[2026-04-12T23:53:47+01:00] Completed: eralg4 (exit 0)
[2026-04-13T11:57:55+01:00] --- Dispatching: base + bcl_dual + bcl_dual.yaml (job log: /home/lunet/wsmr11/repos/La-MAML/logs/full_experiments/one-shot_til/one-shot-til_B_run_20260412_103824_lnx-elkk-1/job_logs/job_bcl_dual_20260413_115755_558113975.log) ---
[2026-04-13T11:57:55+01:00] START bcl_dual
[2026-04-13T11:57:55+01:00] --- Dispatching: base + la-er + la-er.yaml (job log: /home/lunet/wsmr11/repos/La-MAML/logs/full_experiments/one-shot_til/one-shot-til_B_run_20260412_103824_lnx-elkk-1/job_logs/job_la-er_20260413_115755_574236660.log) ---
[2026-04-13T11:57:55+01:00] START la-er
[2026-04-13T14:01:29+01:00] Completed: bcl_dual (exit 0)
[2026-04-14T00:58:20+01:00] Completed: la-er (exit 0)
[2026-04-13T00:20:11+01:00] === full_experiments.sh finished: successful_runs=6 unsuccessful_runs=2 total_runtime=13:41:47 (49307s) ===
