[STATE 2026-04-12 05:26:40] Enabling terminal logging to logs//rwalk/full-tasks-2_all-10epochs_weighted-loss-2026-04-12_05-26-40-1035/0/terminal.log
New Experiment Starting...
Running model:  rwalk
[STATE 2026-04-12 05:26:40] Experiment 'full-tasks-2_all-10epochs_weighted-loss' starting with model 'rwalk' (seed 0)
Set seed 0
t2-rcn.npz train: x=(50362, 1024), y=(50362, 2)
t2-rcn.npz test: x=(16787, 1024), y=(16787, 2)
t2-rcn.npz: applied data scaling mode 'normalize'.
Loaded t2-rcn.npz: Unique train labels: UniqueCountsResult(values=array([-1,  3,  5, 10, 12, 15]), counts=array([24209,  5770,  3030,  2320,  7509,  7524]))
Noise labels ratio in t2-rcn.npz train: 0.24, test: 0.24
Loaded t2-rcn.npz: Remapped labels: [0 1 2 3 4 5]. Size: 50362)
t0-rcn.npz train: x=(51916, 1024), y=(51916, 2)
t0-rcn.npz test: x=(17305, 1024), y=(17305, 2)
t0-rcn.npz: applied data scaling mode 'normalize'.
Loaded t0-rcn.npz: Unique train labels: UniqueCountsResult(values=array([-1,  1,  8,  9, 11, 13, 14]), counts=array([24225,  4268,  2495,  2943,  3015,  7464,  7506]))
Noise labels ratio in t0-rcn.npz train: 0.23, test: 0.23
Loaded t0-rcn.npz: Remapped labels: [ 6  7  8  9 10 11 12]. Size: 51916)
t2-uclresm-25noise.npz train: moved sample axis (3, 350028, 1024) -> (350028, 3, 1024)
t2-uclresm-25noise.npz test: moved sample axis (3, 233351, 1024) -> (233351, 3, 1024)
t2-uclresm-25noise.npz train: x=(350028, 3, 1024), y=(350028,)
t2-uclresm-25noise.npz test: x=(233351, 3, 1024), y=(233351,)
t2-uclresm-25noise.npz: applied data scaling mode 'normalize'.
Loaded t2-uclresm-25noise.npz: Unique train labels: UniqueCountsResult(values=array([-1,  0,  1,  2,  3,  4]), counts=array([87441, 27347, 71754, 64298, 36005, 63183]))
Noise labels ratio in t2-uclresm-25noise.npz train: 0.25, test: 0.25
Loaded t2-uclresm-25noise.npz: Remapped labels: [13 14 15 16 17 18]. Size: 350028)
t0-deeprad.npz train: x=(24480, 1024), y=(24480, 2)
t0-deeprad.npz test: x=(8160, 1024), y=(8160, 2)
t0-deeprad.npz: applied data scaling mode 'normalize'.
Loaded t0-deeprad.npz: Unique train labels: UniqueCountsResult(values=array([-1,  0,  1,  2,  3,  4,  5]), counts=array([12240,  2029,  1983,  2043,  2154,  2015,  2016]))
Noise labels ratio in t0-deeprad.npz train: 0.25, test: 0.25
Loaded t0-deeprad.npz: Remapped labels: [19 20 21 22 23 24 25]. Size: 24480)
t1-deeprad.npz train: x=(24480, 1024), y=(24480, 2)
t1-deeprad.npz test: x=(8160, 1024), y=(8160, 2)
t1-deeprad.npz: applied data scaling mode 'normalize'.
Loaded t1-deeprad.npz: Unique train labels: UniqueCountsResult(values=array([-1,  0,  1,  2,  3,  4,  5]), counts=array([12240,  1988,  2029,  2054,  1988,  2053,  2128]))
Noise labels ratio in t1-deeprad.npz train: 0.25, test: 0.25
Loaded t1-deeprad.npz: Remapped labels: [26 27 28 29 30 31 32]. Size: 24480)
t1-uclresm-25noise.npz train: moved sample axis (3, 201410, 1024) -> (201410, 3, 1024)
t1-uclresm-25noise.npz test: moved sample axis (3, 116291, 1024) -> (116291, 3, 1024)
t1-uclresm-25noise.npz train: x=(201410, 3, 1024), y=(201410,)
t1-uclresm-25noise.npz test: x=(116291, 3, 1024), y=(116291,)
t1-uclresm-25noise.npz: applied data scaling mode 'normalize'.
Loaded t1-uclresm-25noise.npz: Unique train labels: UniqueCountsResult(values=array([-1,  0,  1,  2,  3,  4]), counts=array([43668, 18021, 17838, 18087, 31870, 71926]))
Noise labels ratio in t1-uclresm-25noise.npz train: 0.22, test: 0.25
Loaded t1-uclresm-25noise.npz: Remapped labels: [33 34 35 36 37 38]. Size: 201410)
t3-deeprad.npz train: x=(17340, 1024), y=(17340, 2)
t3-deeprad.npz test: x=(6800, 1024), y=(6800, 2)
t3-deeprad.npz: applied data scaling mode 'normalize'.
Loaded t3-deeprad.npz: Unique train labels: UniqueCountsResult(values=array([-1,  0,  1,  2,  3,  4]), counts=array([8670, 1693, 1677, 1794, 1716, 1790]))
Noise labels ratio in t3-deeprad.npz train: 0.25, test: 0.25
Loaded t3-deeprad.npz: Remapped labels: [39 40 41 42 43 44]. Size: 17340)
t0-uclresm-25noise.npz train: moved sample axis (3, 188050, 1024) -> (188050, 3, 1024)
t0-uclresm-25noise.npz test: moved sample axis (3, 107348, 1024) -> (107348, 3, 1024)
t0-uclresm-25noise.npz train: x=(188050, 3, 1024), y=(188050,)
t0-uclresm-25noise.npz test: x=(107348, 3, 1024), y=(107348,)
t0-uclresm-25noise.npz: applied data scaling mode 'normalize'.
Loaded t0-uclresm-25noise.npz: Unique train labels: UniqueCountsResult(values=array([-1,  0,  1,  2,  3,  4]), counts=array([40144, 32109, 17978, 17979, 18098, 61742]))
Noise labels ratio in t0-uclresm-25noise.npz train: 0.21, test: 0.25
Loaded t0-uclresm-25noise.npz: Remapped labels: [45 46 47 48 49 50]. Size: 188050)
t1-rcn.npz train: x=(36658, 1024), y=(36658, 2)
t1-rcn.npz test: x=(12220, 1024), y=(12220, 2)
t1-rcn.npz: applied data scaling mode 'normalize'.
Loaded t1-rcn.npz: Unique train labels: UniqueCountsResult(values=array([-1,  0,  2,  4,  6,  7, 16]), counts=array([20595,   824,  2087,  2606,  2396,  1716,  6434]))
Noise labels ratio in t1-rcn.npz train: 0.28, test: 0.28
Loaded t1-rcn.npz: Remapped labels: [51 52 53 54 55 56 57]. Size: 36658)
t2-deeprad.npz train: x=(17340, 1024), y=(17340, 2)
t2-deeprad.npz test: x=(6800, 1024), y=(6800, 2)
t2-deeprad.npz: applied data scaling mode 'normalize'.
Loaded t2-deeprad.npz: Unique train labels: UniqueCountsResult(values=array([-1,  0,  1,  2,  3,  4]), counts=array([8670, 1774, 1675, 1777, 1694, 1750]))
Noise labels ratio in t2-deeprad.npz train: 0.25, test: 0.25
Loaded t2-deeprad.npz: Remapped labels: [58 59 60 61 62 63]. Size: 17340)
Built classes_per_task: [6, 7, 6, 7, 7, 6, 6, 6, 7, 6]
Classes per task: [6, 7, 6, 7, 7, 6, 6, 6, 7, 6]
[STATE 2026-04-12 05:27:41] Loader 'task_incremental_loader' ready: 1024 inputs, 64 outputs, 10 tasks
n_outputs: 64 	n_tasks: 10
[STATE 2026-04-12 05:27:41] Logging to logs//rwalk/full-tasks-2_all-10epochs_weighted-loss-2026-04-12_05-26-40-1035/0
True
Model device: cuda:0
[STATE 2026-04-12 05:27:41] Model initialized on device cuda:0
[STATE 2026-04-12 05:27:41] Invoking continual life experience flow
[STATE 2026-04-12 05:27:41] Life experience start: 10 tasks queued
Task 0: 50362 training samples, 16787 test samples.
[STATE 2026-04-12 05:27:41] Task 0: zero-shot validation (pre-train)
---- Zero-shot (pre-train) task 0: rec_cls 0.1175 | prec_cls 0.1336 | f1_cls 0.0961 | det 0.4550 | pfa 0.7831 | total_f1 0.0961 ----
[STATE 2026-04-12 05:27:47] Starting task 0 (1/10)
[STATE 2026-04-12 05:27:47] Task 0 Epoch 1/1: entering train loop
[STATE 2026-04-12 05:29:31] Task 0 Epoch 1/1: running validation (end of epoch)
---- Eval at Epoch 0: cls [0.8727069761746137] | det_recall [0.8786300575353265] | det_fa [0.21050597658211342] ----
T0 Ep 1/1 | L 0.5276 | Train Acc 0.82 | Prec 0.84 | F1 0.77 | Det Rec 0.86 | Det FA 0.25 | Epoch Time 109.86s (Eval 5.23s, Train 104.62s)
[STATE 2026-04-12 05:29:37] T0 Ep 1/1 complete: Prec 0.8361 F1 0.7672 DetRec 0.8626 DetFA 0.2477 | 109.86s total (5.23s eval/104.62s train)
[STATE 2026-04-12 05:29:37] Task 0: running final validation.
[STATE 2026-04-12 05:29:42] Completed task 0 (1/10)
Task 1: 51916 training samples, 17305 test samples.
[STATE 2026-04-12 05:29:42] Task 1: zero-shot validation (pre-train)
---- Zero-shot (pre-train) task 1: rec_cls 0.2329 | prec_cls 0.2387 | f1_cls 0.1099 | det 0.5000 | pfa 1.0000 | total_f1 0.4575 ----
[STATE 2026-04-12 05:29:52] Starting task 1 (2/10)
[STATE 2026-04-12 05:29:52] Task 1 Epoch 1/1: entering train loop
[STATE 2026-04-12 05:31:43] Task 1 Epoch 1/1: running validation (end of epoch)
---- Eval at Epoch 0: cls [0.655157681007858, 0.8537831420607691] | det_recall [0.7969306804919017, 0.8874664635514918] | det_fa [0.2895861703915228, 0.1830356983441761] ----
T1 Ep 1/1 | L 0.5755 | Train Acc 0.81 | Prec 0.85 | F1 0.74 | Det Rec 0.81 | Det FA 0.33 | Epoch Time 121.57s (Eval 10.65s, Train 110.92s)
[STATE 2026-04-12 05:31:54] T1 Ep 1/1 complete: Prec 0.8521 F1 0.7367 DetRec 0.8137 DetFA 0.3267 | 121.57s total (10.65s eval/110.92s train)
[STATE 2026-04-12 05:31:54] Task 1: running final validation.
[STATE 2026-04-12 05:32:05] Completed task 1 (2/10)
Task 2: 350028 training samples, 175014 test samples.
[STATE 2026-04-12 05:32:05] Task 2: zero-shot validation (pre-train)
---- Zero-shot (pre-train) task 2: rec_cls 0.0273 | prec_cls 0.2047 | f1_cls 0.1000 | det 0.5144 | pfa 0.1061 | total_f1 0.5179 ----
[STATE 2026-04-12 05:33:10] Starting task 2 (3/10)
[STATE 2026-04-12 05:33:10] Task 2 Epoch 1/1: entering train loop
[STATE 2026-04-12 05:45:50] Task 2 Epoch 1/1: running validation (end of epoch)
---- Eval at Epoch 0: cls [0.29638617496885716, 0.32973629388456827, 0.7158104700163488] | det_recall [0.6000263349726279, 0.7597766229519812, 0.8550056234926126] | det_fa [0.5252162306656413, 0.22696162055011973, 0.22005975820978455] ----
T2 Ep 1/1 | L 0.9400 | Train Acc 0.66 | Prec 0.68 | F1 0.65 | Det Rec 0.83 | Det FA 0.28 | Epoch Time 825.05s (Eval 64.37s, Train 760.68s)
[STATE 2026-04-12 05:46:55] T2 Ep 1/1 complete: Prec 0.6819 F1 0.6474 DetRec 0.8322 DetFA 0.2840 | 825.05s total (64.37s eval/760.68s train)
[STATE 2026-04-12 05:46:55] Task 2: running final validation.
[STATE 2026-04-12 05:47:58] Completed task 2 (3/10)
Task 3: 24480 training samples, 8160 test samples.
[STATE 2026-04-12 05:47:59] Task 3: zero-shot validation (pre-train)
---- Zero-shot (pre-train) task 3: rec_cls 0.1032 | prec_cls 0.1914 | f1_cls 0.2104 | det 0.7513 | pfa 0.0023 | total_f1 0.3880 ----
[STATE 2026-04-12 05:49:06] Starting task 3 (4/10)
[STATE 2026-04-12 05:49:06] Task 3 Epoch 1/1: entering train loop
[STATE 2026-04-12 05:49:58] Task 3 Epoch 1/1: running validation (end of epoch)
---- Eval at Epoch 0: cls [0.29182317515368494, 0.27090421387640606, 0.47010092511501167, 0.5925879779188306] | det_recall [0.6935398334064281, 0.7411813599944138, 0.8048431827151985, 0.9968164289375901] | det_fa [0.5768727050824629, 0.328561564419323, 0.3506534440667654, 0.00587589007874042] ----
T3 Ep 1/1 | L 0.8794 | Train Acc 0.60 | Prec 0.61 | F1 0.64 | Det Rec 1.00 | Det FA 0.00 | Epoch Time 119.03s (Eval 66.53s, Train 52.49s)
[STATE 2026-04-12 05:51:05] T3 Ep 1/1 complete: Prec 0.6091 F1 0.6413 DetRec 0.9973 DetFA 0.0033 | 119.03s total (66.53s eval/52.49s train)
[STATE 2026-04-12 05:51:05] Task 3: running final validation.
[STATE 2026-04-12 05:52:11] Completed task 3 (4/10)
Task 4: 24480 training samples, 8160 test samples.
[STATE 2026-04-12 05:52:11] Task 4: zero-shot validation (pre-train)
---- Zero-shot (pre-train) task 4: rec_cls 0.2395 | prec_cls 0.2264 | f1_cls 0.1233 | det 0.4675 | pfa 1.0000 | total_f1 0.3683 ----
[STATE 2026-04-12 05:53:21] Starting task 4 (5/10)
[STATE 2026-04-12 05:53:21] Task 4 Epoch 1/1: entering train loop
[STATE 2026-04-12 05:54:13] Task 4 Epoch 1/1: running validation (end of epoch)
---- Eval at Epoch 0: cls [0.32546254144513953, 0.2705491575695757, 0.3934262728375822, 0.5603769828605693, 0.42041378804636903] | det_recall [0.6886674997945732, 0.7440051799239549, 0.780822968953227, 0.9855483436962743, 1.0] | det_fa [0.5475778008375277, 0.3140227208446683, 0.3735245109338723, 0.02865430862338773, 0.0] ----
T4 Ep 1/1 | L 1.0667 | Train Acc 0.40 | Prec 0.40 | F1 0.45 | Det Rec 1.00 | Det FA 0.00 | Epoch Time 121.80s (Eval 69.29s, Train 52.51s)
[STATE 2026-04-12 05:55:22] T4 Ep 1/1 complete: Prec 0.3994 F1 0.4483 DetRec 0.9999 DetFA 0.0000 | 121.80s total (69.29s eval/52.51s train)
[STATE 2026-04-12 05:55:22] Task 4: running final validation.
[STATE 2026-04-12 05:56:32] Completed task 4 (5/10)
Task 5: 201410 training samples, 100705 test samples.
[STATE 2026-04-12 05:56:32] Task 5: zero-shot validation (pre-train)
---- Zero-shot (pre-train) task 5: rec_cls 0.1891 | prec_cls 0.0853 | f1_cls 0.0703 | det 0.4992 | pfa 0.9930 | total_f1 0.3575 ----
[STATE 2026-04-12 05:58:12] Starting task 5 (6/10)
[STATE 2026-04-12 05:58:12] Task 5 Epoch 1/1: entering train loop
[STATE 2026-04-12 06:05:30] Task 5 Epoch 1/1: running validation (end of epoch)
---- Eval at Epoch 0: cls [0.19527527319975843, 0.15093555612098652, 0.31653169354255123, 0.3441571366565235, 0.21502519272272066, 0.8229686432741006] | det_recall [0.5800372368396065, 0.641495286573602, 0.791966123786364, 0.9683438106183028, 0.98258751107599, 0.8858342759488187] | det_fa [0.5765952667702696, 0.2854836757070165, 0.3512844369691425, 0.06281827674011513, 0.0, 0.1973324179263751] ----
T5 Ep 1/1 | L 0.6382 | Train Acc 0.79 | Prec 0.79 | F1 0.77 | Det Rec 0.88 | Det FA 0.20 | Epoch Time 537.46s (Eval 100.05s, Train 437.41s)
[STATE 2026-04-12 06:07:10] T5 Ep 1/1 complete: Prec 0.7926 F1 0.7650 DetRec 0.8781 DetFA 0.1988 | 537.46s total (100.05s eval/437.41s train)
[STATE 2026-04-12 06:07:10] Task 5: running final validation.
[STATE 2026-04-12 06:08:50] Completed task 5 (6/10)
Task 6: 17340 training samples, 6800 test samples.
[STATE 2026-04-12 06:08:50] Task 6: zero-shot validation (pre-train)
---- Zero-shot (pre-train) task 6: rec_cls 0.1171 | prec_cls 0.0932 | f1_cls 0.0383 | det 0.4561 | pfa 0.9986 | total_f1 0.3158 ----
[STATE 2026-04-12 06:10:32] Starting task 6 (7/10)
[STATE 2026-04-12 06:10:32] Task 6 Epoch 1/1: entering train loop
[STATE 2026-04-12 06:11:09] Task 6 Epoch 1/1: running validation (end of epoch)
---- Eval at Epoch 0: cls [0.17517594369117742, 0.13003952169866723, 0.2657750831466915, 0.3056957904112203, 0.17772655371107857, 0.5343206398846146, 0.5493176158007109] | det_recall [0.5423591736892677, 0.6552516346349609, 0.580781775624189, 0.5112280536987129, 1.0, 0.5653094654446945, 1.0] | det_fa [0.6736666296552822, 0.29823753681112863, 0.7399222689013326, 0.9772997519775741, 0.0, 0.8561242048671976, 0.0] ----
T6 Ep 1/1 | L 0.9029 | Train Acc 0.54 | Prec 0.54 | F1 0.60 | Det Rec 1.00 | Det FA 0.00 | Epoch Time 139.52s (Eval 102.14s, Train 37.38s)
[STATE 2026-04-12 06:12:51] T6 Ep 1/1 complete: Prec 0.5446 F1 0.6046 DetRec 0.9996 DetFA 0.0003 | 139.52s total (102.14s eval/37.38s train)
[STATE 2026-04-12 06:12:51] Task 6: running final validation.
[STATE 2026-04-12 06:14:34] Completed task 6 (7/10)
Task 7: 188050 training samples, 94025 test samples.
[STATE 2026-04-12 06:14:34] Task 7: zero-shot validation (pre-train)
---- Zero-shot (pre-train) task 7: rec_cls 0.2145 | prec_cls 0.2025 | f1_cls 0.1297 | det 0.4990 | pfa 0.9409 | total_f1 0.2698 ----
[STATE 2026-04-12 06:16:45] Starting task 7 (8/10)
[STATE 2026-04-12 06:16:45] Task 7 Epoch 1/1: entering train loop
[STATE 2026-04-12 06:23:35] Task 7 Epoch 1/1: running validation (end of epoch)
---- Eval at Epoch 0: cls [0.20632461717797448, 0.11071789337490363, 0.2807842408240471, 0.3360971156539673, 0.20619031794540832, 0.617319510371319, 0.45197118372622436, 0.827777302624856] | det_recall [0.5804291709429863, 0.6325202766363802, 0.722178713738592, 0.5749139482414294, 0.939908298184115, 0.7934941127916334, 0.9981157021111073, 0.8603208643228714] | det_fa [0.5487133054411371, 0.25566476498820445, 0.49296584738175736, 0.8494189080691784, 0.0, 0.31374579011452824, 0.0037685957777854498, 0.24286967167554627] ----
T7 Ep 1/1 | L 0.5632 | Train Acc 0.81 | Prec 0.82 | F1 0.79 | Det Rec 0.87 | Det FA 0.20 | Epoch Time 540.33s (Eval 130.90s, Train 409.43s)
[STATE 2026-04-12 06:25:45] T7 Ep 1/1 complete: Prec 0.8214 F1 0.7859 DetRec 0.8687 DetFA 0.2006 | 540.33s total (130.90s eval/409.43s train)
[STATE 2026-04-12 06:25:45] Task 7: running final validation.
[STATE 2026-04-12 06:27:56] Completed task 7 (8/10)
Task 8: 36658 training samples, 12220 test samples.
[STATE 2026-04-12 06:27:56] Task 8: zero-shot validation (pre-train)
---- Zero-shot (pre-train) task 8: rec_cls 0.1796 | prec_cls 0.0452 | f1_cls 0.0360 | det 0.5000 | pfa 0.9990 | total_f1 0.3425 ----
[STATE 2026-04-12 06:30:11] Starting task 8 (9/10)
[STATE 2026-04-12 06:30:11] Task 8 Epoch 1/1: entering train loop
[STATE 2026-04-12 06:31:30] Task 8 Epoch 1/1: running validation (end of epoch)
---- Eval at Epoch 0: cls [0.2653701107100746, 0.2782184703402464, 0.19491493027369658, 0.2645801432244017, 0.2015068629158954, 0.252194664497118, 0.4295465670548896, 0.32371362300781614, 0.8376630894505679] | det_recall [0.7326574823992716, 0.7431241134215703, 0.4535655951415904, 0.9816395192784179, 0.8968529268941448, 0.5119902350440028, 0.9998548199767712, 0.4513738512355952, 0.7876066466710997] | det_fa [0.3549295099316105, 0.19298344114748267, 0.8983629338385642, 0.0020138744649476972, 0.0, 0.9463139119249975, 0.0, 0.912669536232389, 0.40408584832528244] ----
T8 Ep 1/1 | L 0.7510 | Train Acc 0.78 | Prec 0.78 | F1 0.63 | Det Rec 0.78 | Det FA 0.41 | Epoch Time 213.58s (Eval 134.69s, Train 78.88s)
[STATE 2026-04-12 06:33:44] T8 Ep 1/1 complete: Prec 0.7824 F1 0.6327 DetRec 0.7776 DetFA 0.4076 | 213.58s total (134.69s eval/78.88s train)
[STATE 2026-04-12 06:33:44] Task 8: running final validation.
[STATE 2026-04-12 06:35:59] Completed task 8 (9/10)
Task 9: 17340 training samples, 6800 test samples.
[STATE 2026-04-12 06:35:59] Task 9: zero-shot validation (pre-train)
---- Zero-shot (pre-train) task 9: rec_cls 0.2516 | prec_cls 0.2106 | f1_cls 0.1355 | det 0.4995 | pfa 1.0000 | total_f1 0.3129 ----
[STATE 2026-04-12 06:38:16] Starting task 9 (10/10)
[STATE 2026-04-12 06:38:16] Task 9 Epoch 1/1: entering train loop
[STATE 2026-04-12 06:38:53] Task 9 Epoch 1/1: running validation (end of epoch)
---- Eval at Epoch 0: cls [0.213756305025078, 0.13937424056535727, 0.16012342886401526, 0.34087651623668236, 0.22528820366619, 0.232107636525149, 0.44484331376875896, 0.30849816988739986, 0.5176779289580293, 0.45888976892097066] | det_recall [0.5706816576252084, 0.6801374120629368, 0.4157881912019078, 0.494889056342628, 0.9935057822842241, 0.5058718277747468, 1.0, 0.4847522150079381, 0.7912797804932815, 1.0] | det_fa [0.6019232698577289, 0.0756419344323789, 0.8373929535029848, 1.0, 0.0, 0.9387578042351515, 0.0, 0.9226193259205783, 0.27494291084604977, 0.0] ----
T9 Ep 1/1 | L 0.8894 | Train Acc 0.46 | Prec 0.47 | F1 0.52 | Det Rec 1.00 | Det FA 0.00 | Epoch Time 173.88s (Eval 136.80s, Train 37.08s)
[STATE 2026-04-12 06:41:10] T9 Ep 1/1 complete: Prec 0.4696 F1 0.5206 DetRec 0.9999 DetFA 0.0000 | 173.88s total (136.80s eval/37.08s train)
[STATE 2026-04-12 06:41:10] Task 9: running final validation.
[STATE 2026-04-12 06:43:27] Completed task 9 (10/10)
####Final Validation Accuracy####
Final Results:- 
 Total Recall: 0.30360282339398265 
 Individual Recall: [0.2155612189310014, 0.13926510062655023, 0.15979990779832043, 0.34439652691882106, 0.21969886668839414, 0.23067898876381357, 0.4377842908860418, 0.30810968474179634, 0.519182611836285, 0.46155103674880277]
Final Detection Results:- 
 Total Detection: 0.6932216066119318 
 Individual Detection: [0.5675400917027429, 0.6812324804357371, 0.41517646070726427, 0.49409242754347793, 0.9930358857975303, 0.5058210039422137, 1.0, 0.48463991707833304, 0.7906777989120184, 1.0]
Final Detection False Alarm:- 
 Total False Alarm: 0.46579349947802823 
 Individual False Alarm: [0.6062181665470587, 0.07699029373362203, 0.838960608088805, 1.0, 0.0, 0.937781636990254, 0.0, 0.9225260038577778, 0.275458285562765, 0.0]
SUMMARY_TR cls_rec=0.4630 cls_prec=0.4696 cls_f1=0.5206 det=0.6937 fa=0.4651
SUMMARY_TE cls_rec=0.3036 cls_prec=0.3222 cls_f1=0.2873 det=0.6932 fa=0.4658
[STATE 2026-04-12 06:43:27] Saving results to logs//rwalk/full-tasks-2_all-10epochs_weighted-loss-2026-04-12_05-26-40-1035/0/results
Model size: 0.0289 GB
Memory buffer size: 0.0000 GB
logs//rwalk/full-tasks-2_all-10epochs_weighted-loss-2026-04-12_05-26-40-1035/0/results: {'expt_name': 'full-tasks-2_all-10epochs_weighted-loss', 'model': 'rwalk', 'arch': 'resnet1d', 'n_hiddens': 100, 'n_layers': 2, 'xav_init': False, 'debug': False, 'use_detector_arch': False, 'inner_steps': 2, 'n_epochs': 1, 'batch_size': 256, 'replay_batch_size': 128, 'memories': 5120, 'lr': 0.01, 'optimizer': 'sgd', 'class_weighted_ce': True, 'cuda': True, 'seed': 0, 'log_every': 10, 'log_dir': 'logs//rwalk/full-tasks-2_all-10epochs_weighted-loss-2026-04-12_05-26-40-1035/0', 'tf_dir': 'logs//rwalk/full-tasks-2_all-10epochs_weighted-loss-2026-04-12_05-26-40-1035/0/tfdir', 'calc_test_accuracy': False, 'state_logging': True, 'data_path': 'data/rff/radar/full', 'task_order_files': 't2-rcn,t0-rcn,t2-uclresm-25noise,t0-deeprad,t1-deeprad,t1-uclresm-25noise,t3-deeprad,t0-uclresm-25noise,t1-rcn,t2-deeprad', 'loader': 'task_incremental_loader', 'samples_per_task': -1, 'shuffle_tasks': False, 'classes_per_it': 6, 'iterations': 5000, 'dataset': 'iq', 'workers': 0, 'validation': 0.5, 'data_scaling': 'normalize', 'use_iq_aug_features': False, 'iq_aug_feature_type': 'power', 'class_order': 'random', 'increment': 5, 'test_batch_size': 512, 'nc_per_task': None, 'nc_per_task_list': '', 'val_rate': 1000, 'opt_lr': 0.1, 'opt_wt': 0.1, 'alpha_init': 0.001, 'learn_lr': False, 'sync_update': False, 'grad_clip_norm': 5.0, 'meta_batches': 3, 'use_old_task_memory': False, 'second_order': False, 'n_memories': 5120, 'memory_strength': 0, 'steps_per_sample': 1, 'bgd_optimizer': 'sgd', 'optimizer_params': '{}', 'train_mc_iters': 5, 'std_init': 0.05, 'mean_eta': 1, 'fisher_gamma': 0.95, 'rln': 7, 'meta_lr': 0.001, 'update_lr': 0.1, 'ctx_lr': 0.05, 'n_meta': 1, 'temperature': 5.0, 'task_emb': 64, 'classes_per_task': [6, 7, 6, 7, 7, 6, 6, 6, 7, 6], 'get_samples_per_task': <bound method IncrementalLoader.get_samples_per_task of <dataloaders.task_incremental_loader.IncrementalLoader object at 0x77ed9c950d10>>} # val: 0.694 0.304 -0.391 0.000 # sizes: model_gb=0.0289 mem_gb=0.0000 # 4545.452303647995
[STATE 2026-04-12 06:43:27] results.pt components (approx): state_dict 29.6 MB, result_val_t 0.1 KB, result_val_a 0.8 KB
[STATE 2026-04-12 06:43:27] Results saved; total runtime 1.26h
Total runtime: 1.26 hours
