[STATE 2026-04-12 06:43:30] Enabling terminal logging to logs//ewc/full-tasks-2_all-10epochs_weighted-loss-2026-04-12_06-43-30-5887/0/terminal.log
New Experiment Starting...
Running model:  ewc
[STATE 2026-04-12 06:43:30] Experiment 'full-tasks-2_all-10epochs_weighted-loss' starting with model 'ewc' (seed 0)
Set seed 0
t2-rcn.npz train: x=(50362, 1024), y=(50362, 2)
t2-rcn.npz test: x=(16787, 1024), y=(16787, 2)
t2-rcn.npz: applied data scaling mode 'normalize'.
Loaded t2-rcn.npz: Unique train labels: UniqueCountsResult(values=array([-1,  3,  5, 10, 12, 15]), counts=array([24209,  5770,  3030,  2320,  7509,  7524]))
Noise labels ratio in t2-rcn.npz train: 0.24, test: 0.24
Loaded t2-rcn.npz: Remapped labels: [0 1 2 3 4 5]. Size: 50362)
t0-rcn.npz train: x=(51916, 1024), y=(51916, 2)
t0-rcn.npz test: x=(17305, 1024), y=(17305, 2)
t0-rcn.npz: applied data scaling mode 'normalize'.
Loaded t0-rcn.npz: Unique train labels: UniqueCountsResult(values=array([-1,  1,  8,  9, 11, 13, 14]), counts=array([24225,  4268,  2495,  2943,  3015,  7464,  7506]))
Noise labels ratio in t0-rcn.npz train: 0.23, test: 0.23
Loaded t0-rcn.npz: Remapped labels: [ 6  7  8  9 10 11 12]. Size: 51916)
t2-uclresm-25noise.npz train: moved sample axis (3, 350028, 1024) -> (350028, 3, 1024)
t2-uclresm-25noise.npz test: moved sample axis (3, 233351, 1024) -> (233351, 3, 1024)
t2-uclresm-25noise.npz train: x=(350028, 3, 1024), y=(350028,)
t2-uclresm-25noise.npz test: x=(233351, 3, 1024), y=(233351,)
t2-uclresm-25noise.npz: applied data scaling mode 'normalize'.
Loaded t2-uclresm-25noise.npz: Unique train labels: UniqueCountsResult(values=array([-1,  0,  1,  2,  3,  4]), counts=array([87441, 27347, 71754, 64298, 36005, 63183]))
Noise labels ratio in t2-uclresm-25noise.npz train: 0.25, test: 0.25
Loaded t2-uclresm-25noise.npz: Remapped labels: [13 14 15 16 17 18]. Size: 350028)
t0-deeprad.npz train: x=(24480, 1024), y=(24480, 2)
t0-deeprad.npz test: x=(8160, 1024), y=(8160, 2)
t0-deeprad.npz: applied data scaling mode 'normalize'.
Loaded t0-deeprad.npz: Unique train labels: UniqueCountsResult(values=array([-1,  0,  1,  2,  3,  4,  5]), counts=array([12240,  2029,  1983,  2043,  2154,  2015,  2016]))
Noise labels ratio in t0-deeprad.npz train: 0.25, test: 0.25
Loaded t0-deeprad.npz: Remapped labels: [19 20 21 22 23 24 25]. Size: 24480)
t1-deeprad.npz train: x=(24480, 1024), y=(24480, 2)
t1-deeprad.npz test: x=(8160, 1024), y=(8160, 2)
t1-deeprad.npz: applied data scaling mode 'normalize'.
Loaded t1-deeprad.npz: Unique train labels: UniqueCountsResult(values=array([-1,  0,  1,  2,  3,  4,  5]), counts=array([12240,  1988,  2029,  2054,  1988,  2053,  2128]))
Noise labels ratio in t1-deeprad.npz train: 0.25, test: 0.25
Loaded t1-deeprad.npz: Remapped labels: [26 27 28 29 30 31 32]. Size: 24480)
t1-uclresm-25noise.npz train: moved sample axis (3, 201410, 1024) -> (201410, 3, 1024)
t1-uclresm-25noise.npz test: moved sample axis (3, 116291, 1024) -> (116291, 3, 1024)
t1-uclresm-25noise.npz train: x=(201410, 3, 1024), y=(201410,)
t1-uclresm-25noise.npz test: x=(116291, 3, 1024), y=(116291,)
t1-uclresm-25noise.npz: applied data scaling mode 'normalize'.
Loaded t1-uclresm-25noise.npz: Unique train labels: UniqueCountsResult(values=array([-1,  0,  1,  2,  3,  4]), counts=array([43668, 18021, 17838, 18087, 31870, 71926]))
Noise labels ratio in t1-uclresm-25noise.npz train: 0.22, test: 0.25
Loaded t1-uclresm-25noise.npz: Remapped labels: [33 34 35 36 37 38]. Size: 201410)
t3-deeprad.npz train: x=(17340, 1024), y=(17340, 2)
t3-deeprad.npz test: x=(6800, 1024), y=(6800, 2)
t3-deeprad.npz: applied data scaling mode 'normalize'.
Loaded t3-deeprad.npz: Unique train labels: UniqueCountsResult(values=array([-1,  0,  1,  2,  3,  4]), counts=array([8670, 1693, 1677, 1794, 1716, 1790]))
Noise labels ratio in t3-deeprad.npz train: 0.25, test: 0.25
Loaded t3-deeprad.npz: Remapped labels: [39 40 41 42 43 44]. Size: 17340)
t0-uclresm-25noise.npz train: moved sample axis (3, 188050, 1024) -> (188050, 3, 1024)
t0-uclresm-25noise.npz test: moved sample axis (3, 107348, 1024) -> (107348, 3, 1024)
t0-uclresm-25noise.npz train: x=(188050, 3, 1024), y=(188050,)
t0-uclresm-25noise.npz test: x=(107348, 3, 1024), y=(107348,)
t0-uclresm-25noise.npz: applied data scaling mode 'normalize'.
Loaded t0-uclresm-25noise.npz: Unique train labels: UniqueCountsResult(values=array([-1,  0,  1,  2,  3,  4]), counts=array([40144, 32109, 17978, 17979, 18098, 61742]))
Noise labels ratio in t0-uclresm-25noise.npz train: 0.21, test: 0.25
Loaded t0-uclresm-25noise.npz: Remapped labels: [45 46 47 48 49 50]. Size: 188050)
t1-rcn.npz train: x=(36658, 1024), y=(36658, 2)
t1-rcn.npz test: x=(12220, 1024), y=(12220, 2)
t1-rcn.npz: applied data scaling mode 'normalize'.
Loaded t1-rcn.npz: Unique train labels: UniqueCountsResult(values=array([-1,  0,  2,  4,  6,  7, 16]), counts=array([20595,   824,  2087,  2606,  2396,  1716,  6434]))
Noise labels ratio in t1-rcn.npz train: 0.28, test: 0.28
Loaded t1-rcn.npz: Remapped labels: [51 52 53 54 55 56 57]. Size: 36658)
t2-deeprad.npz train: x=(17340, 1024), y=(17340, 2)
t2-deeprad.npz test: x=(6800, 1024), y=(6800, 2)
t2-deeprad.npz: applied data scaling mode 'normalize'.
Loaded t2-deeprad.npz: Unique train labels: UniqueCountsResult(values=array([-1,  0,  1,  2,  3,  4]), counts=array([8670, 1774, 1675, 1777, 1694, 1750]))
Noise labels ratio in t2-deeprad.npz train: 0.25, test: 0.25
Loaded t2-deeprad.npz: Remapped labels: [58 59 60 61 62 63]. Size: 17340)
Built classes_per_task: [6, 7, 6, 7, 7, 6, 6, 6, 7, 6]
Classes per task: [6, 7, 6, 7, 7, 6, 6, 6, 7, 6]
[STATE 2026-04-12 06:44:32] Loader 'task_incremental_loader' ready: 1024 inputs, 64 outputs, 10 tasks
n_outputs: 64 	n_tasks: 10
[STATE 2026-04-12 06:44:32] Logging to logs//ewc/full-tasks-2_all-10epochs_weighted-loss-2026-04-12_06-43-30-5887/0
True
Model device: cuda:0
[STATE 2026-04-12 06:44:32] Model initialized on device cuda:0
[STATE 2026-04-12 06:44:32] Invoking continual life experience flow
[STATE 2026-04-12 06:44:32] Life experience start: 10 tasks queued
Task 0: 50362 training samples, 16787 test samples.
[STATE 2026-04-12 06:44:32] Task 0: zero-shot validation (pre-train)
---- Zero-shot (pre-train) task 0: rec_cls 0.1175 | prec_cls 0.1336 | f1_cls 0.0961 | det 0.4550 | pfa 0.7831 | total_f1 0.0961 ----
[STATE 2026-04-12 06:44:37] Starting task 0 (1/10)
[STATE 2026-04-12 06:44:37] Task 0 Epoch 1/1: entering train loop
[STATE 2026-04-12 06:47:53] Task 0 Epoch 1/1: running validation (end of epoch)
---- Eval at Epoch 0: cls [0.8844791166032713] | det_recall [0.8791864864705781] | det_fa [0.2241133685648847] ----
T0 Ep 1/1 | L 0.6095 | Train Acc 0.79 | Prec 0.80 | F1 0.73 | Det Rec 0.85 | Det FA 0.26 | Epoch Time 200.76s (Eval 5.48s, Train 195.28s)
[STATE 2026-04-12 06:47:58] T0 Ep 1/1 complete: Prec 0.8035 F1 0.7325 DetRec 0.8527 DetFA 0.2578 | 200.76s total (5.48s eval/195.28s train)
[STATE 2026-04-12 06:47:58] Task 0: running final validation.
[STATE 2026-04-12 06:48:03] Completed task 0 (1/10)
Task 1: 51916 training samples, 17305 test samples.
[STATE 2026-04-12 06:48:03] Task 1: zero-shot validation (pre-train)
---- Zero-shot (pre-train) task 1: rec_cls 0.2454 | prec_cls 0.2528 | f1_cls 0.1252 | det 0.5000 | pfa 1.0000 | total_f1 0.4694 ----
[STATE 2026-04-12 06:48:15] Starting task 1 (2/10)
[STATE 2026-04-12 06:48:15] Task 1 Epoch 1/1: entering train loop
[STATE 2026-04-12 06:52:17] Task 1 Epoch 1/1: running validation (end of epoch)
---- Eval at Epoch 0: cls [0.623270526110321, 0.8549000443988635] | det_recall [0.8141192656202969, 0.8686174029718579] | det_fa [0.3339927337457772, 0.22795395745163025] ----
T1 Ep 1/1 | L 0.6053 | Train Acc 0.79 | Prec 0.83 | F1 0.71 | Det Rec 0.79 | Det FA 0.38 | Epoch Time 253.80s (Eval 11.04s, Train 242.76s)
[STATE 2026-04-12 06:52:28] T1 Ep 1/1 complete: Prec 0.8304 F1 0.7068 DetRec 0.7892 DetFA 0.3759 | 253.80s total (11.04s eval/242.76s train)
[STATE 2026-04-12 06:52:28] Task 1: running final validation.
[STATE 2026-04-12 06:52:39] Completed task 1 (2/10)
Task 2: 350028 training samples, 175014 test samples.
[STATE 2026-04-12 06:52:40] Task 2: zero-shot validation (pre-train)
---- Zero-shot (pre-train) task 2: rec_cls 0.0381 | prec_cls 0.1671 | f1_cls 0.1101 | det 0.5253 | pfa 0.1490 | total_f1 0.4960 ----
[STATE 2026-04-12 06:53:48] Starting task 2 (3/10)
[STATE 2026-04-12 06:53:48] Task 2 Epoch 1/1: entering train loop
[STATE 2026-04-12 07:21:39] Task 2 Epoch 1/1: running validation (end of epoch)
---- Eval at Epoch 0: cls [0.24172510922356732, 0.26929803019149545, 0.7105489068885623] | det_recall [0.4543680368731858, 0.7372603983150341, 0.8554054513908544] | det_fa [0.8601664711441, 0.15551232406445212, 0.2023340492811073] ----
T2 Ep 1/1 | L 0.8622 | Train Acc 0.64 | Prec 0.66 | F1 0.63 | Det Rec 0.83 | Det FA 0.29 | Epoch Time 1738.93s (Eval 67.66s, Train 1671.26s)
[STATE 2026-04-12 07:22:47] T2 Ep 1/1 complete: Prec 0.6628 F1 0.6311 DetRec 0.8280 DetFA 0.2938 | 1738.93s total (67.66s eval/1671.26s train)
[STATE 2026-04-12 07:22:47] Task 2: running final validation.
[STATE 2026-04-12 07:23:55] Completed task 2 (3/10)
Task 3: 24480 training samples, 8160 test samples.
[STATE 2026-04-12 07:23:55] Task 3: zero-shot validation (pre-train)
---- Zero-shot (pre-train) task 3: rec_cls 0.1629 | prec_cls 0.2197 | f1_cls 0.2671 | det 0.7775 | pfa 0.0000 | total_f1 0.3503 ----
[STATE 2026-04-12 07:25:05] Starting task 3 (4/10)
[STATE 2026-04-12 07:25:05] Task 3 Epoch 1/1: entering train loop
[STATE 2026-04-12 07:27:00] Task 3 Epoch 1/1: running validation (end of epoch)
---- Eval at Epoch 0: cls [0.1931598824832624, 0.11906276499348296, 0.43158683441502155, 0.6029610467146128] | det_recall [0.4385927912821961, 0.6885653649443779, 0.7918211236046078, 0.9940921792351655] | det_fa [0.9688389753003096, 0.20722966965042322, 0.32650321012386585, 0.011566637545605255] ----
T3 Ep 1/1 | L 0.8162 | Train Acc 0.60 | Prec 0.61 | F1 0.64 | Det Rec 1.00 | Det FA 0.00 | Epoch Time 185.26s (Eval 70.41s, Train 114.85s)
[STATE 2026-04-12 07:28:10] T3 Ep 1/1 complete: Prec 0.6055 F1 0.6436 DetRec 0.9965 DetFA 0.0036 | 185.26s total (70.41s eval/114.85s train)
[STATE 2026-04-12 07:28:10] Task 3: running final validation.
[STATE 2026-04-12 07:29:21] Completed task 3 (4/10)
Task 4: 24480 training samples, 8160 test samples.
[STATE 2026-04-12 07:29:21] Task 4: zero-shot validation (pre-train)
---- Zero-shot (pre-train) task 4: rec_cls 0.1733 | prec_cls 0.1270 | f1_cls 0.0860 | det 0.4998 | pfa 1.0000 | total_f1 0.2932 ----
[STATE 2026-04-12 07:30:34] Starting task 4 (5/10)
[STATE 2026-04-12 07:30:34] Task 4 Epoch 1/1: entering train loop
[STATE 2026-04-12 07:32:28] Task 4 Epoch 1/1: running validation (end of epoch)
---- Eval at Epoch 0: cls [0.18564929597838256, 0.09005275403570462, 0.3420997261112538, 0.4677700659756517, 0.41493111472154426] | det_recall [0.4298807919853425, 0.6986114721703657, 0.7520492953414752, 0.9971903773789713, 1.0] | det_fa [0.9749734620324401, 0.2153200426012423, 0.3552074966620529, 0.005370241257993619, 0.0] ----
T4 Ep 1/1 | L 1.0102 | Train Acc 0.40 | Prec 0.39 | F1 0.45 | Det Rec 1.00 | Det FA 0.00 | Epoch Time 187.09s (Eval 73.01s, Train 114.08s)
[STATE 2026-04-12 07:33:41] T4 Ep 1/1 complete: Prec 0.3929 F1 0.4454 DetRec 0.9999 DetFA 0.0003 | 187.09s total (73.01s eval/114.08s train)
[STATE 2026-04-12 07:33:41] Task 4: running final validation.
[STATE 2026-04-12 07:34:54] Completed task 4 (5/10)
Task 5: 201410 training samples, 100705 test samples.
[STATE 2026-04-12 07:34:54] Task 5: zero-shot validation (pre-train)
---- Zero-shot (pre-train) task 5: rec_cls 0.1774 | prec_cls 0.1882 | f1_cls 0.0956 | det 0.4973 | pfa 0.9160 | total_f1 0.2796 ----
[STATE 2026-04-12 07:36:40] Starting task 5 (6/10)
[STATE 2026-04-12 07:36:40] Task 5 Epoch 1/1: entering train loop
[STATE 2026-04-12 07:53:28] Task 5 Epoch 1/1: running validation (end of epoch)
---- Eval at Epoch 0: cls [0.1904090489587822, 0.08620475448364362, 0.2785816026182465, 0.40101506904864476, 0.24066081990612376, 0.8210759464708411] | det_recall [0.4223812228401838, 0.5890312827056722, 0.7361277215976716, 0.9843933064868371, 0.9991761575782404, 0.8855720218098648] | det_fa [0.9351776234507516, 0.13497276779274986, 0.4174887376735129, 0.018287282731099697, 0.0, 0.20410989575935445] ----
T5 Ep 1/1 | L 0.5810 | Train Acc 0.77 | Prec 0.77 | F1 0.75 | Det Rec 0.87 | Det FA 0.21 | Epoch Time 1113.28s (Eval 104.82s, Train 1008.46s)
[STATE 2026-04-12 07:55:13] T5 Ep 1/1 complete: Prec 0.7713 F1 0.7460 DetRec 0.8732 DetFA 0.2087 | 1113.28s total (104.82s eval/1008.46s train)
[STATE 2026-04-12 07:55:13] Task 5: running final validation.
[STATE 2026-04-12 07:56:58] Completed task 5 (6/10)
Task 6: 17340 training samples, 6800 test samples.
[STATE 2026-04-12 07:56:58] Task 6: zero-shot validation (pre-train)
---- Zero-shot (pre-train) task 6: rec_cls 0.1704 | prec_cls 0.1223 | f1_cls 0.0709 | det 0.5310 | pfa 0.9231 | total_f1 0.2972 ----
[STATE 2026-04-12 07:58:45] Starting task 6 (7/10)
[STATE 2026-04-12 07:58:45] Task 6 Epoch 1/1: entering train loop
[STATE 2026-04-12 08:00:04] Task 6 Epoch 1/1: running validation (end of epoch)
---- Eval at Epoch 0: cls [0.21973439486657903, 0.05228915623651791, 0.21418182988577286, 0.4108914640853145, 0.36088894444782493, 0.6403026578940082, 0.5593592021534582] | det_recall [0.4497477799911696, 0.5844231902355785, 0.5546766048928758, 0.9934103030042117, 1.0, 0.6097836435908934, 1.0] | det_fa [0.9698456074794937, 0.143069132414268, 0.6828988974741478, 0.0004600625143769536, 0.0, 0.7724778629118166, 0.0] ----
T6 Ep 1/1 | L 0.8582 | Train Acc 0.55 | Prec 0.55 | F1 0.61 | Det Rec 1.00 | Det FA 0.00 | Epoch Time 186.76s (Eval 107.36s, Train 79.39s)
[STATE 2026-04-12 08:01:52] T6 Ep 1/1 complete: Prec 0.5505 F1 0.6106 DetRec 0.9994 DetFA 0.0003 | 186.76s total (107.36s eval/79.39s train)
[STATE 2026-04-12 08:01:52] Task 6: running final validation.
[STATE 2026-04-12 08:03:56] Completed task 6 (7/10)
Task 7: 188050 training samples, 94025 test samples.
[STATE 2026-04-12 08:03:56] Task 7: zero-shot validation (pre-train)
---- Zero-shot (pre-train) task 7: rec_cls 0.2111 | prec_cls 0.1999 | f1_cls 0.1229 | det 0.4970 | pfa 0.8437 | total_f1 0.3009 ----
[STATE 2026-04-12 08:06:32] Starting task 7 (8/10)
[STATE 2026-04-12 08:06:32] Task 7 Epoch 1/1: entering train loop
[STATE 2026-04-12 08:21:05] Task 7 Epoch 1/1: running validation (end of epoch)
---- Eval at Epoch 0: cls [0.1878027973569465, 0.08310658530201857, 0.2691623601899948, 0.4218220754186646, 0.2314706100656378, 0.636901054324519, 0.45042231706761815, 0.8189489085428506] | det_recall [0.4821932065506938, 0.5742028061744381, 0.7219590960770926, 0.9390765749157255, 0.999284666363032, 0.8298104694079994, 0.9927473642090058, 0.8711705852129047] | det_fa [0.9578673890287994, 0.1362090264828326, 0.47191082724470146, 0.1194065829430676, 0.0, 0.32445135862666385, 0.01450527158198846, 0.2252744529167005] ----
T7 Ep 1/1 | L 0.5272 | Train Acc 0.79 | Prec 0.80 | F1 0.77 | Det Rec 0.87 | Det FA 0.20 | Epoch Time 1033.74s (Eval 160.07s, Train 873.67s)
[STATE 2026-04-12 08:23:45] T7 Ep 1/1 complete: Prec 0.8033 F1 0.7721 DetRec 0.8723 DetFA 0.1951 | 1033.74s total (160.07s eval/873.67s train)
[STATE 2026-04-12 08:23:45] Task 7: running final validation.
[STATE 2026-04-12 08:26:22] Completed task 7 (8/10)
Task 8: 36658 training samples, 12220 test samples.
[STATE 2026-04-12 08:26:22] Task 8: zero-shot validation (pre-train)
---- Zero-shot (pre-train) task 8: rec_cls 0.1891 | prec_cls 0.0632 | f1_cls 0.0326 | det 0.4999 | pfa 1.0000 | total_f1 0.3527 ----
[STATE 2026-04-12 08:28:44] Starting task 8 (9/10)
[STATE 2026-04-12 08:28:44] Task 8 Epoch 1/1: entering train loop
[STATE 2026-04-12 08:31:35] Task 8 Epoch 1/1: running validation (end of epoch)
---- Eval at Epoch 0: cls [0.26770045776057183, 0.22657954808294453, 0.21210634907067535, 0.39438279353318934, 0.20648683578392193, 0.3381791306390054, 0.39637140269511867, 0.38535194265619704, 0.8356924902869926] | det_recall [0.5468232648566935, 0.7067118171116522, 0.49281686639364364, 0.830560298852238, 0.9483758067446486, 0.5002390645292776, 1.0, 0.5026595821552872, 0.7998816332199813] | det_fa [0.8618232957546722, 0.17539369007353886, 0.9112322712529787, 0.3225991204221845, 0.0, 0.9976858027844078, 0.0, 0.9886658901810224, 0.366491747106271] ----
T8 Ep 1/1 | L 0.7685 | Train Acc 0.74 | Prec 0.75 | F1 0.60 | Det Rec 0.77 | Det FA 0.42 | Epoch Time 313.30s (Eval 141.88s, Train 171.43s)
[STATE 2026-04-12 08:33:57] T8 Ep 1/1 complete: Prec 0.7464 F1 0.6019 DetRec 0.7718 DetFA 0.4228 | 313.30s total (141.88s eval/171.43s train)
[STATE 2026-04-12 08:33:57] Task 8: running final validation.
[STATE 2026-04-12 08:36:20] Completed task 8 (9/10)
Task 9: 17340 training samples, 6800 test samples.
[STATE 2026-04-12 08:36:20] Task 9: zero-shot validation (pre-train)
---- Zero-shot (pre-train) task 9: rec_cls 0.0941 | prec_cls 0.0923 | f1_cls 0.0387 | det 0.4997 | pfa 1.0000 | total_f1 0.2839 ----
[STATE 2026-04-12 08:38:44] Starting task 9 (10/10)
[STATE 2026-04-12 08:38:44] Task 9 Epoch 1/1: entering train loop
[STATE 2026-04-12 08:40:04] Task 9 Epoch 1/1: running validation (end of epoch)
---- Eval at Epoch 0: cls [0.2776261968091135, 0.16150648842011722, 0.1938355217820699, 0.3669691015977388, 0.28203048785281776, 0.28131508132623784, 0.40731434067668054, 0.2838922489201307, 0.588367664713607, 0.44146186130334303] | det_recall [0.5376855657741718, 0.6629920665123661, 0.4929413979382265, 0.5275933460326061, 0.9653470505921654, 0.5004706622288901, 1.0, 0.50030251409516, 0.8011082120000634, 1.0] | det_fa [0.8933531864824807, 0.08632073580891951, 0.866652645705, 0.9128569895261417, 0.0, 0.9954895922470753, 0.0, 0.9984344473073136, 0.2809080086808233, 0.0] ----
T9 Ep 1/1 | L 0.8920 | Train Acc 0.44 | Prec 0.45 | F1 0.51 | Det Rec 1.00 | Det FA 0.00 | Epoch Time 224.94s (Eval 144.52s, Train 80.43s)
[STATE 2026-04-12 08:42:29] T9 Ep 1/1 complete: Prec 0.4508 F1 0.5107 DetRec 0.9984 DetFA 0.0033 | 224.94s total (144.52s eval/80.43s train)
[STATE 2026-04-12 08:42:29] Task 9: running final validation.
[STATE 2026-04-12 08:44:53] Completed task 9 (10/10)
####Final Validation Accuracy####
Final Results:- 
 Total Recall: 0.32904928460536026 
 Individual Recall: [0.2732219002002746, 0.1667273877507155, 0.19531832534142635, 0.3684203815373331, 0.28160740163104575, 0.27911875199283237, 0.4040311392958342, 0.2859931451712472, 0.5882977664875688, 0.4477566466453249]
Final Detection Results:- 
 Total Detection: 0.6989234896151394 
 Individual Detection: [0.53579973127108, 0.662586298991972, 0.4930855190835117, 0.5288002461487071, 0.9672690107945274, 0.5003678164496274, 1.0, 0.5001392805133807, 0.801186992898587, 1.0]
Final Detection False Alarm:- 
 Total False Alarm: 0.5041853600475401 
 Individual False Alarm: [0.8956643532933547, 0.09018105668181461, 0.8677079344453024, 0.9121796756493855, 0.0, 0.9958349045942312, 0.0, 0.9988165512462994, 0.28146912456501355, 0.0]
SUMMARY_TR cls_rec=0.6510 cls_prec=0.6610 cls_f1=0.6400 det=0.6988 fa=0.5034
SUMMARY_TE cls_rec=0.3290 cls_prec=0.3354 cls_f1=0.2887 det=0.6989 fa=0.5042
[STATE 2026-04-12 08:44:53] Saving results to logs//ewc/full-tasks-2_all-10epochs_weighted-loss-2026-04-12_06-43-30-5887/0/results
Model size: 0.0289 GB
Memory buffer size: 0.0000 GB
logs//ewc/full-tasks-2_all-10epochs_weighted-loss-2026-04-12_06-43-30-5887/0/results: {'expt_name': 'full-tasks-2_all-10epochs_weighted-loss', 'model': 'ewc', 'arch': 'resnet1d', 'n_hiddens': 100, 'n_layers': 2, 'xav_init': False, 'debug': False, 'use_detector_arch': False, 'inner_steps': 2, 'n_epochs': 1, 'batch_size': 256, 'replay_batch_size': 128, 'memories': 5120, 'lr': 0.003, 'optimizer': 'sgd', 'class_weighted_ce': True, 'cuda': True, 'seed': 0, 'log_every': 10, 'log_dir': 'logs//ewc/full-tasks-2_all-10epochs_weighted-loss-2026-04-12_06-43-30-5887/0', 'tf_dir': 'logs//ewc/full-tasks-2_all-10epochs_weighted-loss-2026-04-12_06-43-30-5887/0/tfdir', 'calc_test_accuracy': False, 'state_logging': True, 'data_path': 'data/rff/radar/full', 'task_order_files': 't2-rcn,t0-rcn,t2-uclresm-25noise,t0-deeprad,t1-deeprad,t1-uclresm-25noise,t3-deeprad,t0-uclresm-25noise,t1-rcn,t2-deeprad', 'loader': 'task_incremental_loader', 'samples_per_task': -1, 'shuffle_tasks': False, 'classes_per_it': 6, 'iterations': 5000, 'dataset': 'iq', 'workers': 0, 'validation': 0.5, 'data_scaling': 'normalize', 'use_iq_aug_features': False, 'iq_aug_feature_type': 'power', 'class_order': 'random', 'increment': 5, 'test_batch_size': 512, 'nc_per_task': None, 'nc_per_task_list': '', 'val_rate': 1000, 'opt_lr': 0.1, 'opt_wt': 0.1, 'alpha_init': 0.001, 'learn_lr': False, 'sync_update': False, 'grad_clip_norm': 5.0, 'meta_batches': 3, 'use_old_task_memory': False, 'second_order': False, 'n_memories': 5120, 'memory_strength': 0, 'steps_per_sample': 1, 'bgd_optimizer': 'sgd', 'optimizer_params': '{}', 'train_mc_iters': 5, 'std_init': 0.05, 'mean_eta': 1, 'fisher_gamma': 0.95, 'rln': 7, 'meta_lr': 0.001, 'update_lr': 0.1, 'ctx_lr': 0.05, 'n_meta': 1, 'temperature': 5.0, 'task_emb': 64, 'classes_per_task': [6, 7, 6, 7, 7, 6, 6, 6, 7, 6], 'get_samples_per_task': <bound method IncrementalLoader.get_samples_per_task of <dataloaders.task_incremental_loader.IncrementalLoader object at 0x78708c502240>>} # val: 0.696 0.329 -0.367 0.000 # sizes: model_gb=0.0289 mem_gb=0.0000 # 7221.342303991318
[STATE 2026-04-12 08:44:54] results.pt components (approx): state_dict 29.6 MB, result_val_t 0.1 KB, result_val_a 0.8 KB
[STATE 2026-04-12 08:44:54] Results saved; total runtime 2.01h
Total runtime: 2.01 hours
