[STATE 2026-04-12 20:32:53] Enabling terminal logging to logs//ucl/full-tasks-2_all-10epochs_weighted-loss-2026-04-12_20-32-53-2011/0/terminal.log
New Experiment Starting...
Running model:  ucl_bresnet
[STATE 2026-04-12 20:32:53] Experiment 'full-tasks-2_all-10epochs_weighted-loss' starting with model 'ucl_bresnet' (seed 0)
Set seed 0
t2-rcn.npz train: x=(50362, 1024), y=(50362, 2)
t2-rcn.npz test: x=(16787, 1024), y=(16787, 2)
t2-rcn.npz: applied data scaling mode 'normalize'.
Loaded t2-rcn.npz: Unique train labels: UniqueCountsResult(values=array([-1,  3,  5, 10, 12, 15]), counts=array([24209,  5770,  3030,  2320,  7509,  7524]))
Noise labels ratio in t2-rcn.npz train: 0.24, test: 0.24
Loaded t2-rcn.npz: Remapped labels: [0 1 2 3 4 5]. Size: 50362)
t0-rcn.npz train: x=(51916, 1024), y=(51916, 2)
t0-rcn.npz test: x=(17305, 1024), y=(17305, 2)
t0-rcn.npz: applied data scaling mode 'normalize'.
Loaded t0-rcn.npz: Unique train labels: UniqueCountsResult(values=array([-1,  1,  8,  9, 11, 13, 14]), counts=array([24225,  4268,  2495,  2943,  3015,  7464,  7506]))
Noise labels ratio in t0-rcn.npz train: 0.23, test: 0.23
Loaded t0-rcn.npz: Remapped labels: [ 6  7  8  9 10 11 12]. Size: 51916)
t2-uclresm-25noise.npz train: moved sample axis (3, 350028, 1024) -> (350028, 3, 1024)
t2-uclresm-25noise.npz test: moved sample axis (3, 233351, 1024) -> (233351, 3, 1024)
t2-uclresm-25noise.npz train: x=(350028, 3, 1024), y=(350028,)
t2-uclresm-25noise.npz test: x=(233351, 3, 1024), y=(233351,)
t2-uclresm-25noise.npz: applied data scaling mode 'normalize'.
Loaded t2-uclresm-25noise.npz: Unique train labels: UniqueCountsResult(values=array([-1,  0,  1,  2,  3,  4]), counts=array([87441, 27347, 71754, 64298, 36005, 63183]))
Noise labels ratio in t2-uclresm-25noise.npz train: 0.25, test: 0.25
Loaded t2-uclresm-25noise.npz: Remapped labels: [13 14 15 16 17 18]. Size: 350028)
t0-deeprad.npz train: x=(24480, 1024), y=(24480, 2)
t0-deeprad.npz test: x=(8160, 1024), y=(8160, 2)
t0-deeprad.npz: applied data scaling mode 'normalize'.
Loaded t0-deeprad.npz: Unique train labels: UniqueCountsResult(values=array([-1,  0,  1,  2,  3,  4,  5]), counts=array([12240,  2029,  1983,  2043,  2154,  2015,  2016]))
Noise labels ratio in t0-deeprad.npz train: 0.25, test: 0.25
Loaded t0-deeprad.npz: Remapped labels: [19 20 21 22 23 24 25]. Size: 24480)
t1-deeprad.npz train: x=(24480, 1024), y=(24480, 2)
t1-deeprad.npz test: x=(8160, 1024), y=(8160, 2)
t1-deeprad.npz: applied data scaling mode 'normalize'.
Loaded t1-deeprad.npz: Unique train labels: UniqueCountsResult(values=array([-1,  0,  1,  2,  3,  4,  5]), counts=array([12240,  1988,  2029,  2054,  1988,  2053,  2128]))
Noise labels ratio in t1-deeprad.npz train: 0.25, test: 0.25
Loaded t1-deeprad.npz: Remapped labels: [26 27 28 29 30 31 32]. Size: 24480)
t1-uclresm-25noise.npz train: moved sample axis (3, 201410, 1024) -> (201410, 3, 1024)
t1-uclresm-25noise.npz test: moved sample axis (3, 116291, 1024) -> (116291, 3, 1024)
t1-uclresm-25noise.npz train: x=(201410, 3, 1024), y=(201410,)
t1-uclresm-25noise.npz test: x=(116291, 3, 1024), y=(116291,)
t1-uclresm-25noise.npz: applied data scaling mode 'normalize'.
Loaded t1-uclresm-25noise.npz: Unique train labels: UniqueCountsResult(values=array([-1,  0,  1,  2,  3,  4]), counts=array([43668, 18021, 17838, 18087, 31870, 71926]))
Noise labels ratio in t1-uclresm-25noise.npz train: 0.22, test: 0.25
Loaded t1-uclresm-25noise.npz: Remapped labels: [33 34 35 36 37 38]. Size: 201410)
t3-deeprad.npz train: x=(17340, 1024), y=(17340, 2)
t3-deeprad.npz test: x=(6800, 1024), y=(6800, 2)
t3-deeprad.npz: applied data scaling mode 'normalize'.
Loaded t3-deeprad.npz: Unique train labels: UniqueCountsResult(values=array([-1,  0,  1,  2,  3,  4]), counts=array([8670, 1693, 1677, 1794, 1716, 1790]))
Noise labels ratio in t3-deeprad.npz train: 0.25, test: 0.25
Loaded t3-deeprad.npz: Remapped labels: [39 40 41 42 43 44]. Size: 17340)
t0-uclresm-25noise.npz train: moved sample axis (3, 188050, 1024) -> (188050, 3, 1024)
t0-uclresm-25noise.npz test: moved sample axis (3, 107348, 1024) -> (107348, 3, 1024)
t0-uclresm-25noise.npz train: x=(188050, 3, 1024), y=(188050,)
t0-uclresm-25noise.npz test: x=(107348, 3, 1024), y=(107348,)
t0-uclresm-25noise.npz: applied data scaling mode 'normalize'.
Loaded t0-uclresm-25noise.npz: Unique train labels: UniqueCountsResult(values=array([-1,  0,  1,  2,  3,  4]), counts=array([40144, 32109, 17978, 17979, 18098, 61742]))
Noise labels ratio in t0-uclresm-25noise.npz train: 0.21, test: 0.25
Loaded t0-uclresm-25noise.npz: Remapped labels: [45 46 47 48 49 50]. Size: 188050)
t1-rcn.npz train: x=(36658, 1024), y=(36658, 2)
t1-rcn.npz test: x=(12220, 1024), y=(12220, 2)
t1-rcn.npz: applied data scaling mode 'normalize'.
Loaded t1-rcn.npz: Unique train labels: UniqueCountsResult(values=array([-1,  0,  2,  4,  6,  7, 16]), counts=array([20595,   824,  2087,  2606,  2396,  1716,  6434]))
Noise labels ratio in t1-rcn.npz train: 0.28, test: 0.28
Loaded t1-rcn.npz: Remapped labels: [51 52 53 54 55 56 57]. Size: 36658)
t2-deeprad.npz train: x=(17340, 1024), y=(17340, 2)
t2-deeprad.npz test: x=(6800, 1024), y=(6800, 2)
t2-deeprad.npz: applied data scaling mode 'normalize'.
Loaded t2-deeprad.npz: Unique train labels: UniqueCountsResult(values=array([-1,  0,  1,  2,  3,  4]), counts=array([8670, 1774, 1675, 1777, 1694, 1750]))
Noise labels ratio in t2-deeprad.npz train: 0.25, test: 0.25
Loaded t2-deeprad.npz: Remapped labels: [58 59 60 61 62 63]. Size: 17340)
Built classes_per_task: [6, 7, 6, 7, 7, 6, 6, 6, 7, 6]
Classes per task: [6, 7, 6, 7, 7, 6, 6, 6, 7, 6]
[STATE 2026-04-12 20:33:56] Loader 'task_incremental_loader' ready: 1024 inputs, 64 outputs, 10 tasks
n_outputs: 64 	n_tasks: 10
[STATE 2026-04-12 20:33:56] Logging to logs//ucl/full-tasks-2_all-10epochs_weighted-loss-2026-04-12_20-32-53-2011/0
True
Model device: cuda:0
[STATE 2026-04-12 20:33:57] Model initialized on device cuda:0
[STATE 2026-04-12 20:33:57] Invoking continual life experience flow
[STATE 2026-04-12 20:33:57] Life experience start: 10 tasks queued
Task 0: 50362 training samples, 16787 test samples.
[STATE 2026-04-12 20:33:57] Task 0: zero-shot validation (pre-train)
---- Zero-shot (pre-train) task 0: rec_cls 0.2000 | prec_cls 0.0229 | f1_cls 0.0186 | det 0.5000 | pfa 1.0000 | total_f1 0.0186 ----
[STATE 2026-04-12 20:34:02] Starting task 0 (1/10)
[STATE 2026-04-12 20:34:02] Task 0 Epoch 1/1: entering train loop
[STATE 2026-04-12 20:35:31] Task 0 Epoch 1/1: running validation (end of epoch)
---- Eval at Epoch 0: cls [0.6773722608273365] | det_recall [0.500812765710963] | det_fa [0.9980397537124664] ----
T0 Ep 1/1 | L 0.7092 | Train Acc 0.74 | Prec 0.76 | F1 0.69 | Det Rec 0.85 | Det FA 0.26 | Epoch Time 94.55s (Eval 4.73s, Train 89.82s)
[STATE 2026-04-12 20:35:36] T0 Ep 1/1 complete: Prec 0.7649 F1 0.6904 DetRec 0.8454 DetFA 0.2606 | 94.55s total (4.73s eval/89.82s train)
[STATE 2026-04-12 20:35:36] Task 0: running final validation.
[STATE 2026-04-12 20:35:41] Completed task 0 (1/10)
Task 1: 51916 training samples, 17305 test samples.
[STATE 2026-04-12 20:35:41] Task 1: zero-shot validation (pre-train)
---- Zero-shot (pre-train) task 1: rec_cls 0.2477 | prec_cls 0.1338 | f1_cls 0.0764 | det 0.5000 | pfa 1.0000 | total_f1 0.2579 ----
[STATE 2026-04-12 20:35:50] Starting task 1 (2/10)
[STATE 2026-04-12 20:35:50] Task 1 Epoch 1/1: entering train loop
[STATE 2026-04-12 20:37:30] Task 1 Epoch 1/1: running validation (end of epoch)
---- Eval at Epoch 0: cls [0.2675015992998153, 0.26252550357504534] | det_recall [0.4951609195088858, 0.4999601478132765] | det_fa [0.9834678721704825, 0.9997503847353919] ----
T1 Ep 1/1 | L 0.6818 | Train Acc 0.76 | Prec 0.81 | F1 0.67 | Det Rec 0.76 | Det FA 0.43 | Epoch Time 108.73s (Eval 9.37s, Train 99.36s)
[STATE 2026-04-12 20:37:39] T1 Ep 1/1 complete: Prec 0.8078 F1 0.6651 DetRec 0.7551 DetFA 0.4301 | 108.73s total (9.37s eval/99.36s train)
[STATE 2026-04-12 20:37:39] Task 1: running final validation.
[STATE 2026-04-12 20:37:48] Completed task 1 (2/10)
Task 2: 350028 training samples, 175014 test samples.
[STATE 2026-04-12 20:37:49] Task 2: zero-shot validation (pre-train)
---- Zero-shot (pre-train) task 2: rec_cls 0.0010 | prec_cls 0.0344 | f1_cls 0.0683 | det 0.5008 | pfa 0.0048 | total_f1 0.0765 ----
[STATE 2026-04-12 20:38:46] Starting task 2 (3/10)
[STATE 2026-04-12 20:38:46] Task 2 Epoch 1/1: entering train loop
[STATE 2026-04-12 20:50:07] Task 2 Epoch 1/1: running validation (end of epoch)
---- Eval at Epoch 0: cls [0.4350328407664854, 0.21680222030000312, 0.4140531368506718] | det_recall [0.45612381462592066, 0.6587606137490735, 0.5015971219639637] | det_fa [0.9963660344287498, 0.005777035648582922, 0.9944518077296065] ----
T2 Ep 1/1 | L 0.9323 | Train Acc 0.60 | Prec 0.64 | F1 0.59 | Det Rec 0.81 | Det FA 0.32 | Epoch Time 738.07s (Eval 56.49s, Train 681.59s)
[STATE 2026-04-12 20:51:04] T2 Ep 1/1 complete: Prec 0.6390 F1 0.5929 DetRec 0.8135 DetFA 0.3247 | 738.07s total (56.49s eval/681.59s train)
[STATE 2026-04-12 20:51:04] Task 2: running final validation.
[STATE 2026-04-12 20:52:01] Completed task 2 (3/10)
Task 3: 24480 training samples, 8160 test samples.
[STATE 2026-04-12 20:52:01] Task 3: zero-shot validation (pre-train)
---- Zero-shot (pre-train) task 3: rec_cls 0.0433 | prec_cls 0.0621 | f1_cls 0.1373 | det 0.6113 | pfa 0.0000 | total_f1 0.2579 ----
[STATE 2026-04-12 20:53:00] Starting task 3 (4/10)
[STATE 2026-04-12 20:53:00] Task 3 Epoch 1/1: entering train loop
[STATE 2026-04-12 20:53:47] Task 3 Epoch 1/1: running validation (end of epoch)
---- Eval at Epoch 0: cls [0.19487424576323517, 0.14027401634094327, 0.14278561310463975, 0.5818977904165951] | det_recall [0.4998851102941177, 0.5, 0.38068187885355825, 0.9980311963137876] | det_fa [1.0, 1.0, 0.8324595057754959, 0.0034463553263455165] ----
T3 Ep 1/1 | L 0.9063 | Train Acc 0.55 | Prec 0.56 | F1 0.59 | Det Rec 1.00 | Det FA 0.00 | Epoch Time 106.60s (Eval 59.33s, Train 47.27s)
[STATE 2026-04-12 20:54:46] T3 Ep 1/1 complete: Prec 0.5590 F1 0.5886 DetRec 0.9958 DetFA 0.0037 | 106.60s total (59.33s eval/47.27s train)
[STATE 2026-04-12 20:54:46] Task 3: running final validation.
[STATE 2026-04-12 20:55:47] Completed task 3 (4/10)
Task 4: 24480 training samples, 8160 test samples.
[STATE 2026-04-12 20:55:47] Task 4: zero-shot validation (pre-train)
---- Zero-shot (pre-train) task 4: rec_cls 0.1937 | prec_cls 0.0936 | f1_cls 0.0528 | det 0.5000 | pfa 1.0000 | total_f1 0.1836 ----
[STATE 2026-04-12 20:56:49] Starting task 4 (5/10)
[STATE 2026-04-12 20:56:49] Task 4 Epoch 1/1: entering train loop
[STATE 2026-04-12 20:57:38] Task 4 Epoch 1/1: running validation (end of epoch)
---- Eval at Epoch 0: cls [0.16576386183833666, 0.13151623044088523, 0.046843379111750134, 0.46889049763666046, 0.4328625226517127] | det_recall [0.49978271536254193, 0.5009343076218286, 0.509863543274832, 0.9955517358337359, 1.0] | det_fa [0.9032431507414632, 0.9979088551712657, 0.1978726449189857, 0.008896528332528174, 0.0] ----
T4 Ep 1/1 | L 1.1236 | Train Acc 0.35 | Prec 0.34 | F1 0.39 | Det Rec 0.99 | Det FA 0.02 | Epoch Time 110.13s (Eval 61.64s, Train 48.48s)
[STATE 2026-04-12 20:58:39] T4 Ep 1/1 complete: Prec 0.3422 F1 0.3867 DetRec 0.9896 DetFA 0.0208 | 110.13s total (61.64s eval/48.48s train)
[STATE 2026-04-12 20:58:39] Task 4: running final validation.
[STATE 2026-04-12 20:59:41] Completed task 4 (5/10)
Task 5: 201410 training samples, 100705 test samples.
[STATE 2026-04-12 20:59:41] Task 5: zero-shot validation (pre-train)
---- Zero-shot (pre-train) task 5: rec_cls 0.2005 | prec_cls 0.0863 | f1_cls 0.0695 | det 0.5000 | pfa 1.0000 | total_f1 0.2127 ----
[STATE 2026-04-12 21:01:11] Starting task 5 (6/10)
[STATE 2026-04-12 21:01:11] Task 5 Epoch 1/1: entering train loop
[STATE 2026-04-12 21:07:50] Task 5 Epoch 1/1: running validation (end of epoch)
---- Eval at Epoch 0: cls [0.04017504179081466, 0.14119803017680796, 0.22565117560343198, 0.19396171827736697, 0.19450199687807973, 0.5144183576056616] | det_recall [0.5480907230490827, 0.4443024958314834, 0.4962392845810593, 0.9888312318905321, 1.0, 0.5046397940990289] | det_fa [0.07136996080394685, 0.9424668060544401, 0.970853491209819, 0.0, 0.0, 0.9840339012781721] ----
T5 Ep 1/1 | L 0.5813 | Train Acc 0.77 | Prec 0.78 | F1 0.74 | Det Rec 0.86 | Det FA 0.23 | Epoch Time 487.97s (Eval 88.77s, Train 399.20s)
[STATE 2026-04-12 21:09:19] T5 Ep 1/1 complete: Prec 0.7764 F1 0.7396 DetRec 0.8617 DetFA 0.2299 | 487.97s total (88.77s eval/399.20s train)
[STATE 2026-04-12 21:09:19] Task 5: running final validation.
[STATE 2026-04-12 21:10:48] Completed task 5 (6/10)
Task 6: 17340 training samples, 6800 test samples.
[STATE 2026-04-12 21:10:48] Task 6: zero-shot validation (pre-train)
---- Zero-shot (pre-train) task 6: rec_cls 0.0825 | prec_cls 0.1009 | f1_cls 0.0323 | det 0.4252 | pfa 0.9975 | total_f1 0.1850 ----
[STATE 2026-04-12 21:12:19] Starting task 6 (7/10)
[STATE 2026-04-12 21:12:19] Task 6 Epoch 1/1: entering train loop
[STATE 2026-04-12 21:12:53] Task 6 Epoch 1/1: running validation (end of epoch)
---- Eval at Epoch 0: cls [0.0009383956414703183, 0.12351190469854653, 0.17604273098973913, 0.17513670333381878, 0.313310399328229, 0.19907800967576372, 0.5356172442164714] | det_recall [0.5019009252890432, 0.5, 0.49760328690251404, 0.5, 0.9998734817813765, 0.4992386514357444, 1.0] | det_fa [0.0014903677775402317, 1.0, 0.8657015981035228, 1.0, 0.0, 0.9065716593566064, 0.0] ----
T6 Ep 1/1 | L 0.9282 | Train Acc 0.51 | Prec 0.50 | F1 0.56 | Det Rec 0.99 | Det FA 0.01 | Epoch Time 124.44s (Eval 90.93s, Train 33.51s)
[STATE 2026-04-12 21:14:24] T6 Ep 1/1 complete: Prec 0.5013 F1 0.5567 DetRec 0.9916 DetFA 0.0149 | 124.44s total (90.93s eval/33.51s train)
[STATE 2026-04-12 21:14:24] Task 6: running final validation.
[STATE 2026-04-12 21:15:55] Completed task 6 (7/10)
Task 7: 188050 training samples, 94025 test samples.
[STATE 2026-04-12 21:15:55] Task 7: zero-shot validation (pre-train)
---- Zero-shot (pre-train) task 7: rec_cls 0.1996 | prec_cls 0.0750 | f1_cls 0.0653 | det 0.5001 | pfa 0.9977 | total_f1 0.1846 ----
[STATE 2026-04-12 21:17:51] Starting task 7 (8/10)
[STATE 2026-04-12 21:17:51] Task 7 Epoch 1/1: entering train loop
[STATE 2026-04-12 21:24:07] Task 7 Epoch 1/1: running validation (end of epoch)
---- Eval at Epoch 0: cls [0.03558920858920241, 0.16352175404276117, 0.15123283340657812, 0.20204735209857083, 0.16410289265058428, 0.35228439974362313, 0.3056957134174162, 0.8026318722829818] | det_recall [0.547003645375289, 0.5002094207105456, 0.6035263843476639, 0.9848348207595322, 0.9173083683408372, 0.5390829178007871, 0.5114938577175853, 0.8538810108961407] | det_fa [0.11217637277929371, 0.9993719028602437, 0.3362955444427069, 0.0, 0.0, 0.8752503328623774, 0.9770122845648295, 0.24090773082275302] ----
T7 Ep 1/1 | L 0.5240 | Train Acc 0.79 | Prec 0.81 | F1 0.77 | Det Rec 0.85 | Det FA 0.23 | Epoch Time 492.68s (Eval 116.54s, Train 376.14s)
[STATE 2026-04-12 21:26:04] T7 Ep 1/1 complete: Prec 0.8133 F1 0.7679 DetRec 0.8530 DetFA 0.2313 | 492.68s total (116.54s eval/376.14s train)
[STATE 2026-04-12 21:26:04] Task 7: running final validation.
[STATE 2026-04-12 21:28:00] Completed task 7 (8/10)
Task 8: 36658 training samples, 12220 test samples.
[STATE 2026-04-12 21:28:00] Task 8: zero-shot validation (pre-train)
---- Zero-shot (pre-train) task 8: rec_cls 0.1568 | prec_cls 0.0460 | f1_cls 0.0224 | det 0.5001 | pfa 0.9999 | total_f1 0.2368 ----
[STATE 2026-04-12 21:29:58] Starting task 8 (9/10)
[STATE 2026-04-12 21:29:58] Task 8 Epoch 1/1: entering train loop
[STATE 2026-04-12 21:31:12] Task 8 Epoch 1/1: running validation (end of epoch)
---- Eval at Epoch 0: cls [0.004343064985377181, 0.11646843760867293, 0.1756973186294392, 0.18918353491122394, 0.2714351408658011, 0.19086130990087272, 0.30805213945703774, 0.20723188658320915, 0.703342138030635] | det_recall [0.4756085294014655, 0.4993439596604222, 0.4945182769816657, 0.5, 0.999625878386121, 0.49619580739142555, 0.5, 0.5, 0.8172198560651509] | det_fa [0.09514332593432738, 1.0, 0.8088500197068065, 1.0, 0.0, 0.9447747250623201, 1.0, 1.0, 0.3033444903509604] ----
T8 Ep 1/1 | L 0.7086 | Train Acc 0.76 | Prec 0.77 | F1 0.62 | Det Rec 0.77 | Det FA 0.43 | Epoch Time 193.50s (Eval 120.37s, Train 73.12s)
[STATE 2026-04-12 21:33:12] T8 Ep 1/1 complete: Prec 0.7733 F1 0.6178 DetRec 0.7655 DetFA 0.4317 | 193.50s total (120.37s eval/73.12s train)
[STATE 2026-04-12 21:33:12] Task 8: running final validation.
[STATE 2026-04-12 21:35:11] Completed task 8 (9/10)
Task 9: 17340 training samples, 6800 test samples.
[STATE 2026-04-12 21:35:11] Task 9: zero-shot validation (pre-train)
---- Zero-shot (pre-train) task 9: rec_cls 0.2367 | prec_cls 0.0968 | f1_cls 0.0818 | det 0.5000 | pfa 1.0000 | total_f1 0.1569 ----
[STATE 2026-04-12 21:37:14] Starting task 9 (10/10)
[STATE 2026-04-12 21:37:14] Task 9 Epoch 1/1: entering train loop
[STATE 2026-04-12 21:37:48] Task 9 Epoch 1/1: running validation (end of epoch)
---- Eval at Epoch 0: cls [0.2, 0.1628364090655468, 0.1288592926716444, 0.27045193289758723, 0.25825296091278255, 0.20477748677371577, 0.22258415879632867, 0.2, 0.20427996573198795, 0.43667279777359597] | det_recall [0.5001627073012828, 0.7179033180167961, 0.44073470263957554, 0.9970599855820244, 0.9247991793591009, 0.49997973047060307, 0.9030785115290636, 0.5, 0.5, 1.0] | det_fa [0.9259111939044592, 0.24703656365064094, 0.7495416189593791, 0.0007174268158779643, 0.0, 1.0, 0.0, 1.0, 1.0, 0.0] ----
T9 Ep 1/1 | L 0.9700 | Train Acc 0.41 | Prec 0.41 | F1 0.45 | Det Rec 0.99 | Det FA 0.01 | Epoch Time 155.37s (Eval 120.78s, Train 34.59s)
[STATE 2026-04-12 21:39:49] T9 Ep 1/1 complete: Prec 0.4093 F1 0.4531 DetRec 0.9926 DetFA 0.0147 | 155.37s total (120.78s eval/34.59s train)
[STATE 2026-04-12 21:39:49] Task 9: running final validation.
[STATE 2026-04-12 21:41:50] Completed task 9 (10/10)
####Final Validation Accuracy####
Final Results:- 
 Total Recall: 0.2288715004623189 
 Individual Recall: [0.2, 0.1628364090655468, 0.1288592926716444, 0.27045193289758723, 0.25825296091278255, 0.20477748677371577, 0.22258415879632867, 0.2, 0.20427996573198795, 0.43667279777359597]
Final Detection Results:- 
 Total Detection: 0.6983718134898447 
 Individual Detection: [0.5001627073012828, 0.7179033180167961, 0.44073470263957554, 0.9970599855820244, 0.9247991793591009, 0.49997973047060307, 0.9030785115290636, 0.5, 0.5, 1.0]
Final Detection False Alarm:- 
 Total False Alarm: 0.4923206803330357 
 Individual False Alarm: [0.9259111939044592, 0.24703656365064094, 0.7495416189593791, 0.0007174268158779643, 0.0, 1.0, 0.0, 1.0, 1.0, 0.0]
SUMMARY_TR cls_rec=0.4132 cls_prec=0.4093 cls_f1=0.4531 det=0.6984 fa=0.4923
SUMMARY_TE cls_rec=0.2289 cls_prec=0.1647 cls_f1=0.1908 det=0.6984 fa=0.4923
[STATE 2026-04-12 21:41:50] Saving results to logs//ucl/full-tasks-2_all-10epochs_weighted-loss-2026-04-12_20-32-53-2011/0/results
Model size: 0.0864 GB
Memory buffer size: 0.0000 GB
logs//ucl/full-tasks-2_all-10epochs_weighted-loss-2026-04-12_20-32-53-2011/0/results: {'expt_name': 'full-tasks-2_all-10epochs_weighted-loss', 'model': 'ucl_bresnet', 'arch': 'resnet1d', 'n_hiddens': 100, 'n_layers': 2, 'xav_init': False, 'debug': False, 'use_detector_arch': False, 'inner_steps': 2, 'n_epochs': 1, 'batch_size': 256, 'replay_batch_size': 128, 'memories': 5120, 'lr': 0.0003, 'optimizer': 'sgd', 'class_weighted_ce': True, 'cuda': True, 'seed': 0, 'log_every': 10, 'log_dir': 'logs//ucl/full-tasks-2_all-10epochs_weighted-loss-2026-04-12_20-32-53-2011/0', 'tf_dir': 'logs//ucl/full-tasks-2_all-10epochs_weighted-loss-2026-04-12_20-32-53-2011/0/tfdir', 'calc_test_accuracy': False, 'state_logging': True, 'data_path': 'data/rff/radar/full', 'task_order_files': 't2-rcn,t0-rcn,t2-uclresm-25noise,t0-deeprad,t1-deeprad,t1-uclresm-25noise,t3-deeprad,t0-uclresm-25noise,t1-rcn,t2-deeprad', 'loader': 'task_incremental_loader', 'samples_per_task': -1, 'shuffle_tasks': False, 'classes_per_it': 6, 'iterations': 5000, 'dataset': 'iq', 'workers': 0, 'validation': 0.5, 'data_scaling': 'normalize', 'use_iq_aug_features': False, 'iq_aug_feature_type': 'power', 'class_order': 'random', 'increment': 5, 'test_batch_size': 512, 'nc_per_task': None, 'nc_per_task_list': '', 'val_rate': 1000, 'opt_lr': 0.1, 'opt_wt': 0.1, 'alpha_init': 0.001, 'learn_lr': False, 'sync_update': False, 'grad_clip_norm': 5.0, 'meta_batches': 3, 'use_old_task_memory': False, 'second_order': False, 'n_memories': 5120, 'memory_strength': 0, 'steps_per_sample': 1, 'bgd_optimizer': 'sgd', 'optimizer_params': '{}', 'train_mc_iters': 5, 'std_init': 0.05, 'mean_eta': 1, 'fisher_gamma': 0.95, 'rln': 7, 'meta_lr': 0.001, 'update_lr': 0.1, 'ctx_lr': 0.05, 'n_meta': 1, 'temperature': 5.0, 'task_emb': 64, 'classes_per_task': [6, 7, 6, 7, 7, 6, 6, 6, 7, 6], 'get_samples_per_task': <bound method IncrementalLoader.get_samples_per_task of <dataloaders.task_incremental_loader.IncrementalLoader object at 0x7f20430c4ef0>>} # val: 0.536 0.229 -0.307 0.000 # sizes: model_gb=0.0864 mem_gb=0.0000 # 4073.7350659370422
[STATE 2026-04-12 21:41:51] results.pt components (approx): state_dict 88.5 MB, result_val_t 0.1 KB, result_val_a 0.8 KB
[STATE 2026-04-12 21:41:51] Results saved; total runtime 1.13h
Total runtime: 1.13 hours
