[STATE 2026-06-01 14:26:21] Enabling terminal logging to logs//icarl/seed-sweep_one-shot_cil-2026-06-01_14-26-21-0849/55/terminal.log
New Experiment Starting...
Running model:  icarl
[STATE 2026-06-01 14:26:21] Experiment 'seed-sweep_one-shot_cil' starting with model 'icarl' (seed 55)
Set seed 55
[STATE 2026-06-01 14:26:21] Runtime accel: cudnn.benchmark=False amp=True amp_dtype=bfloat16
t2-rcn.npz train: x=(50362, 1024), y=(50362, 2)
t2-rcn.npz test: x=(16787, 1024), y=(16787, 2)
t2-rcn.npz: applied data scaling mode 'normalize'.
Loaded t2-rcn.npz: Unique train labels: UniqueCountsResult(values=array([-1,  3,  5, 10, 12, 15]), counts=array([24209,  5770,  3030,  2320,  7509,  7524]))
Noise labels ratio in t2-rcn.npz train: 0.24, test: 0.24
Loaded t2-rcn.npz: Remapped labels: [-1  0  1  2  3  4]. Size: 50362)
t0-rcn.npz train: x=(51916, 1024), y=(51916, 2)
t0-rcn.npz test: x=(17305, 1024), y=(17305, 2)
t0-rcn.npz: applied data scaling mode 'normalize'.
Loaded t0-rcn.npz: Unique train labels: UniqueCountsResult(values=array([-1,  1,  8,  9, 11, 13, 14]), counts=array([24225,  4268,  2495,  2943,  3015,  7464,  7506]))
Noise labels ratio in t0-rcn.npz train: 0.23, test: 0.23
Loaded t0-rcn.npz: Remapped labels: [-1  5  6  7  8  9 10]. Size: 51916)
t2-uclresm-25noise.npz train: moved sample axis (3, 350028, 1024) -> (350028, 3, 1024)
t2-uclresm-25noise.npz test: moved sample axis (3, 233351, 1024) -> (233351, 3, 1024)
t2-uclresm-25noise.npz train: x=(350028, 3, 1024), y=(350028,)
t2-uclresm-25noise.npz test: x=(233351, 3, 1024), y=(233351,)
t2-uclresm-25noise.npz: applied data scaling mode 'normalize'.
Loaded t2-uclresm-25noise.npz: Unique train labels: UniqueCountsResult(values=array([-1,  0,  1,  2,  3,  4]), counts=array([87441, 27347, 71754, 64298, 36005, 63183]))
Noise labels ratio in t2-uclresm-25noise.npz train: 0.25, test: 0.25
Loaded t2-uclresm-25noise.npz: Remapped labels: [-1 11 12 13 14 15]. Size: 350028)
t0-deeprad.npz train: x=(24480, 1024), y=(24480, 2)
t0-deeprad.npz test: x=(8160, 1024), y=(8160, 2)
t0-deeprad.npz: applied data scaling mode 'normalize'.
Loaded t0-deeprad.npz: Unique train labels: UniqueCountsResult(values=array([-1,  0,  1,  2,  3,  4,  5]), counts=array([12240,  2029,  1983,  2043,  2154,  2015,  2016]))
Noise labels ratio in t0-deeprad.npz train: 0.25, test: 0.25
Loaded t0-deeprad.npz: Remapped labels: [-1 16 17 18 19 20 21]. Size: 24480)
t1-deeprad.npz train: x=(24480, 1024), y=(24480, 2)
t1-deeprad.npz test: x=(8160, 1024), y=(8160, 2)
t1-deeprad.npz: applied data scaling mode 'normalize'.
Loaded t1-deeprad.npz: Unique train labels: UniqueCountsResult(values=array([-1,  0,  1,  2,  3,  4,  5]), counts=array([12240,  1988,  2029,  2054,  1988,  2053,  2128]))
Noise labels ratio in t1-deeprad.npz train: 0.25, test: 0.25
Loaded t1-deeprad.npz: Remapped labels: [-1 22 23 24 25 26 27]. Size: 24480)
t1-uclresm-25noise.npz train: moved sample axis (3, 201410, 1024) -> (201410, 3, 1024)
t1-uclresm-25noise.npz test: moved sample axis (3, 116291, 1024) -> (116291, 3, 1024)
t1-uclresm-25noise.npz train: x=(201410, 3, 1024), y=(201410,)
t1-uclresm-25noise.npz test: x=(116291, 3, 1024), y=(116291,)
t1-uclresm-25noise.npz: applied data scaling mode 'normalize'.
Loaded t1-uclresm-25noise.npz: Unique train labels: UniqueCountsResult(values=array([-1,  0,  1,  2,  3,  4]), counts=array([43668, 18021, 17838, 18087, 31870, 71926]))
Noise labels ratio in t1-uclresm-25noise.npz train: 0.22, test: 0.25
Loaded t1-uclresm-25noise.npz: Remapped labels: [-1 28 29 30 31 32]. Size: 201410)
t3-deeprad.npz train: x=(17340, 1024), y=(17340, 2)
t3-deeprad.npz test: x=(6800, 1024), y=(6800, 2)
t3-deeprad.npz: applied data scaling mode 'normalize'.
Loaded t3-deeprad.npz: Unique train labels: UniqueCountsResult(values=array([-1,  0,  1,  2,  3,  4]), counts=array([8670, 1693, 1677, 1794, 1716, 1790]))
Noise labels ratio in t3-deeprad.npz train: 0.25, test: 0.25
Loaded t3-deeprad.npz: Remapped labels: [-1 33 34 35 36 37]. Size: 17340)
t0-uclresm-25noise.npz train: moved sample axis (3, 188050, 1024) -> (188050, 3, 1024)
t0-uclresm-25noise.npz test: moved sample axis (3, 107348, 1024) -> (107348, 3, 1024)
t0-uclresm-25noise.npz train: x=(188050, 3, 1024), y=(188050,)
t0-uclresm-25noise.npz test: x=(107348, 3, 1024), y=(107348,)
t0-uclresm-25noise.npz: applied data scaling mode 'normalize'.
Loaded t0-uclresm-25noise.npz: Unique train labels: UniqueCountsResult(values=array([-1,  0,  1,  2,  3,  4]), counts=array([40144, 32109, 17978, 17979, 18098, 61742]))
Noise labels ratio in t0-uclresm-25noise.npz train: 0.21, test: 0.25
Loaded t0-uclresm-25noise.npz: Remapped labels: [-1 38 39 40 41 42]. Size: 188050)
t1-rcn.npz train: x=(36658, 1024), y=(36658, 2)
t1-rcn.npz test: x=(12220, 1024), y=(12220, 2)
t1-rcn.npz: applied data scaling mode 'normalize'.
Loaded t1-rcn.npz: Unique train labels: UniqueCountsResult(values=array([-1,  0,  2,  4,  6,  7, 16]), counts=array([20595,   824,  2087,  2606,  2396,  1716,  6434]))
Noise labels ratio in t1-rcn.npz train: 0.28, test: 0.28
Loaded t1-rcn.npz: Remapped labels: [-1 43 44 45 46 47 48]. Size: 36658)
t2-deeprad.npz train: x=(17340, 1024), y=(17340, 2)
t2-deeprad.npz test: x=(6800, 1024), y=(6800, 2)
t2-deeprad.npz: applied data scaling mode 'normalize'.
Loaded t2-deeprad.npz: Unique train labels: UniqueCountsResult(values=array([-1,  0,  1,  2,  3,  4]), counts=array([8670, 1774, 1675, 1777, 1694, 1750]))
Noise labels ratio in t2-deeprad.npz train: 0.25, test: 0.25
Loaded t2-deeprad.npz: Remapped labels: [-1 49 50 51 52 53]. Size: 17340)
Built IQ classes_per_task (increments): [5, 6, 5, 6, 6, 5, 5, 5, 6, 5]
Classes per task: [5, 6, 5, 6, 6, 5, 5, 5, 6, 5]
[STATE 2026-06-01 14:27:33] Loader 'class_incremental_loader' ready: 1024 inputs, 55 outputs, 10 tasks
n_outputs: 55 	n_tasks: 10
[STATE 2026-06-01 14:27:33] Logging to logs//icarl/seed-sweep_one-shot_cil-2026-06-01_14-26-21-0849/55
5120 0.1 1.0 -1
True
Model device: cuda:0
[STATE 2026-06-01 14:27:33] Model initialized on device cuda:0
[STATE 2026-06-01 14:27:33] Invoking continual life experience flow
[STATE 2026-06-01 14:27:33] Life experience start: 10 tasks queued
[STATE 2026-06-01 14:27:33] Legacy epoch behavior enabled: using n_epochs=1 for all tasks
[STATE 2026-06-01 14:27:33] Task 0: zero-shot validation (pre-train)
---- Zero-shot (pre-train) task 0: rec_cls 0.1934 | prec_cls 0.1227 | f1_cls 0.0571 | det 0.5001 | pfa 0.9994 | total_f1 0.0571 ----
[STATE 2026-06-01 14:27:40] Starting task 0 (1/10)
[STATE 2026-06-01 14:27:40] Task 0 Epoch 1/1: entering train loop
[STATE 2026-06-01 14:28:52] Task 0 Epoch 1/1: running validation (end of epoch)
---- Eval at Epoch 0: cls [0.6041896303053707] | det_recall [0.8632655042441326] | det_fa [0.17467304299867026] ----
T0 Ep 1/1 | L 2.0253 | Train Acc 0.45 | Prec 0.47 | F1 0.38 | Det Rec 0.70 | Det FA 0.52 | Epoch Time 78.65s (Eval 7.24s, Train 71.41s)
[STATE 2026-06-01 14:28:59] T0 Ep 1/1 complete: Prec 0.4682 F1 0.3788 DetRec 0.6979 DetFA 0.5221 | 78.65s total (7.24s eval/71.41s train)
[STATE 2026-06-01 14:28:59] Task 0: running final validation.
Saved task checkpoint: logs//icarl/seed-sweep_one-shot_cil-2026-06-01_14-26-21-0849/55/checkpoints/task_0.pt
[STATE 2026-06-01 14:29:07] Saved task checkpoint to logs//icarl/seed-sweep_one-shot_cil-2026-06-01_14-26-21-0849/55/checkpoints/task_0.pt
[STATE 2026-06-01 14:29:07] Completed task 0 (1/10)
[STATE 2026-06-01 14:29:07] Task 1: zero-shot validation (pre-train)
---- Zero-shot (pre-train) task 1: rec_cls 0.2649 | prec_cls 0.2030 | f1_cls 0.2079 | det 0.6556 | pfa 0.5973 | total_f1 0.4123 ----
[STATE 2026-06-01 14:29:29] Starting task 1 (2/10)
[STATE 2026-06-01 14:29:29] Task 1 Epoch 1/1: entering train loop
[STATE 2026-06-01 14:30:32] Task 1 Epoch 1/1: running validation (end of epoch)
---- Eval at Epoch 0: cls [0.0010741340077986474, 0.18193978060416735] | det_recall [0.5733625051634509, 0.6380297410849881] | det_fa [0.0, 0.6166927306284496] ----
T1 Ep 1/1 | L 1.7695 | Train Acc 0.38 | Prec 0.38 | F1 0.26 | Det Rec 0.57 | Det FA 0.73 | Epoch Time 86.00s (Eval 23.01s, Train 62.99s)
[STATE 2026-06-01 14:30:55] T1 Ep 1/1 complete: Prec 0.3778 F1 0.2613 DetRec 0.5730 DetFA 0.7265 | 86.00s total (23.01s eval/62.99s train)
[STATE 2026-06-01 14:30:55] Task 1: running final validation.
Saved task checkpoint: logs//icarl/seed-sweep_one-shot_cil-2026-06-01_14-26-21-0849/55/checkpoints/task_1.pt
[STATE 2026-06-01 14:31:17] Saved task checkpoint to logs//icarl/seed-sweep_one-shot_cil-2026-06-01_14-26-21-0849/55/checkpoints/task_1.pt
[STATE 2026-06-01 14:31:17] Completed task 1 (2/10)
Note: Unified mixed IQ test tensors to (N, 3, L) via ADC0 I/Q + zero-padded ADC1/2 (IID2-style) for cumulative CIL.
[STATE 2026-06-01 14:31:21] Task 2: zero-shot validation (pre-train)
---- Zero-shot (pre-train) task 2: rec_cls 0.0668 | prec_cls 0.0064 | f1_cls 0.0151 | det 0.4031 | pfa 0.8653 | total_f1 0.0886 ----
[STATE 2026-06-01 14:33:16] Starting task 2 (3/10)
[STATE 2026-06-01 14:33:16] Task 2 Epoch 1/1: entering train loop
[STATE 2026-06-01 14:40:29] Task 2 Epoch 1/1: running validation (end of epoch)
---- Eval at Epoch 0: cls [0.0, 0.0, 0.07474354045847115] | det_recall [0.5, 0.500027742329246, 0.6736694009680582] | det_fa [0.0, 0.0, 0.6353203304449172] ----
T2 Ep 1/1 | L 1.8477 | Train Acc 0.23 | Prec 0.25 | F1 0.27 | Det Rec 0.74 | Det FA 0.45 | Epoch Time 549.31s (Eval 116.81s, Train 432.49s)
[STATE 2026-06-01 14:42:25] T2 Ep 1/1 complete: Prec 0.2451 F1 0.2658 DetRec 0.7350 DetFA 0.4465 | 549.31s total (116.81s eval/432.49s train)
[STATE 2026-06-01 14:42:25] Task 2: running final validation.
Saved task checkpoint: logs//icarl/seed-sweep_one-shot_cil-2026-06-01_14-26-21-0849/55/checkpoints/task_2.pt
[STATE 2026-06-01 14:44:21] Saved task checkpoint to logs//icarl/seed-sweep_one-shot_cil-2026-06-01_14-26-21-0849/55/checkpoints/task_2.pt
[STATE 2026-06-01 14:44:21] Completed task 2 (3/10)
Note: Unified mixed IQ test tensors to (N, 3, L) via ADC0 I/Q + zero-padded ADC1/2 (IID2-style) for cumulative CIL.
[STATE 2026-06-01 14:44:23] Task 3: zero-shot validation (pre-train)
---- Zero-shot (pre-train) task 3: rec_cls 0.0554 | prec_cls 0.0509 | f1_cls 0.0620 | det 0.6639 | pfa 0.6497 | total_f1 0.0769 ----
[STATE 2026-06-01 14:47:55] Starting task 3 (4/10)
[STATE 2026-06-01 14:47:55] Task 3 Epoch 1/1: entering train loop
[STATE 2026-06-01 14:48:27] Task 3 Epoch 1/1: running validation (end of epoch)
---- Eval at Epoch 0: cls [0.011085821682535465, 0.01114868723287828, 0.009149954723868857, 0.05011619553847745] | det_recall [0.4975600941576109, 0.5007347220991666, 0.5018852788922885, 0.5024856040897417] | det_fa [0.06227699914876585, 0.06495060475719751, 0.10253496806542453, 0.6295221152643303] ----
T3 Ep 1/1 | L 1.6086 | Train Acc 0.41 | Prec 0.36 | F1 0.44 | Det Rec 0.96 | Det FA 0.05 | Epoch Time 243.25s (Eval 211.51s, Train 31.74s)
[STATE 2026-06-01 14:51:58] T3 Ep 1/1 complete: Prec 0.3631 F1 0.4375 DetRec 0.9630 DetFA 0.0463 | 243.25s total (211.51s eval/31.74s train)
[STATE 2026-06-01 14:51:58] Task 3: running final validation.
Saved task checkpoint: logs//icarl/seed-sweep_one-shot_cil-2026-06-01_14-26-21-0849/55/checkpoints/task_3.pt
[STATE 2026-06-01 14:55:36] Saved task checkpoint to logs//icarl/seed-sweep_one-shot_cil-2026-06-01_14-26-21-0849/55/checkpoints/task_3.pt
[STATE 2026-06-01 14:55:36] Completed task 3 (4/10)
Note: Unified mixed IQ test tensors to (N, 3, L) via ADC0 I/Q + zero-padded ADC1/2 (IID2-style) for cumulative CIL.
[STATE 2026-06-01 14:55:38] Task 4: zero-shot validation (pre-train)
---- Zero-shot (pre-train) task 4: rec_cls 0.0455 | prec_cls 0.0028 | f1_cls 0.0169 | det 0.5050 | pfa 0.6309 | total_f1 0.0522 ----
[STATE 2026-06-01 15:00:50] Starting task 4 (5/10)
[STATE 2026-06-01 15:00:50] Task 4 Epoch 1/1: entering train loop
[STATE 2026-06-01 15:01:22] Task 4 Epoch 1/1: running validation (end of epoch)
---- Eval at Epoch 0: cls [0.00017825311942959, 0.000291461444862151, 0.010617496410597317, 0.02079335990175359, 0.034803934443176615] | det_recall [0.5002351747776446, 0.5025177565583648, 0.5173701957786935, 0.5082834400980556, 0.45753031811117634] | det_fa [0.0005002398959060862, 0.0017126178664405656, 0.10697310826707408, 0.2716386177198889, 0.5481829467047865] ----
T4 Ep 1/1 | L 1.8795 | Train Acc 0.28 | Prec 0.17 | F1 0.30 | Det Rec 0.99 | Det FA 0.00 | Epoch Time 346.54s (Eval 314.26s, Train 32.28s)
[STATE 2026-06-01 15:06:37] T4 Ep 1/1 complete: Prec 0.1688 F1 0.2992 DetRec 0.9921 DetFA 0.0015 | 346.54s total (314.26s eval/32.28s train)
[STATE 2026-06-01 15:06:37] Task 4: running final validation.
Saved task checkpoint: logs//icarl/seed-sweep_one-shot_cil-2026-06-01_14-26-21-0849/55/checkpoints/task_4.pt
[STATE 2026-06-01 15:11:45] Saved task checkpoint to logs//icarl/seed-sweep_one-shot_cil-2026-06-01_14-26-21-0849/55/checkpoints/task_4.pt
[STATE 2026-06-01 15:11:45] Completed task 4 (5/10)
Note: Unified mixed IQ test tensors to (N, 3, L) via ADC0 I/Q + zero-padded ADC1/2 (IID2-style) for cumulative CIL.
[STATE 2026-06-01 15:11:56] Task 5: zero-shot validation (pre-train)
---- Zero-shot (pre-train) task 5: rec_cls 0.0239 | prec_cls 0.0008 | f1_cls 0.0137 | det 0.4887 | pfa 0.4939 | total_f1 0.0418 ----
[STATE 2026-06-01 15:19:33] Starting task 5 (6/10)
[STATE 2026-06-01 15:19:33] Task 5 Epoch 1/1: entering train loop
[STATE 2026-06-01 15:23:54] Task 5 Epoch 1/1: running validation (end of epoch)
---- Eval at Epoch 0: cls [9.045680687471733e-05, 0.0004760115876967367, 0.0006403012147449725, 6.553668782770949e-05, 0.00014676933044279985, 0.06105734258862634] | det_recall [0.5004614593954388, 0.5018672940562551, 0.5039545199152738, 0.5122298629314246, 0.5137209026453914, 0.5559317906636563] | det_fa [0.00011883541295306001, 0.0007786063367485743, 0.0038912206247684595, 0.006943086915418876, 0.006687150584324921, 0.6880942331572065] ----
T5 Ep 1/1 | L 1.6798 | Train Acc 0.31 | Prec 0.32 | F1 0.31 | Det Rec 0.75 | Det FA 0.46 | Epoch Time 721.73s (Eval 460.39s, Train 261.34s)
[STATE 2026-06-01 15:31:34] T5 Ep 1/1 complete: Prec 0.3184 F1 0.3116 DetRec 0.7508 DetFA 0.4551 | 721.73s total (460.39s eval/261.34s train)
[STATE 2026-06-01 15:31:34] Task 5: running final validation.
Saved task checkpoint: logs//icarl/seed-sweep_one-shot_cil-2026-06-01_14-26-21-0849/55/checkpoints/task_5.pt
[STATE 2026-06-01 15:39:12] Saved task checkpoint to logs//icarl/seed-sweep_one-shot_cil-2026-06-01_14-26-21-0849/55/checkpoints/task_5.pt
[STATE 2026-06-01 15:39:12] Completed task 5 (6/10)
Note: Unified mixed IQ test tensors to (N, 3, L) via ADC0 I/Q + zero-padded ADC1/2 (IID2-style) for cumulative CIL.
[STATE 2026-06-01 15:39:16] Task 6: zero-shot validation (pre-train)
---- Zero-shot (pre-train) task 6: rec_cls 0.0540 | prec_cls 0.0209 | f1_cls 0.0332 | det 0.5656 | pfa 0.6607 | total_f1 0.0431 ----
[STATE 2026-06-01 15:49:19] Starting task 6 (7/10)
[STATE 2026-06-01 15:49:19] Task 6 Epoch 1/1: entering train loop
[STATE 2026-06-01 15:49:44] Task 6 Epoch 1/1: running validation (end of epoch)
---- Eval at Epoch 0: cls [0.001020225565680111, 0.0008697172986022855, 0.00019939455994868056, 0.005827504715336427, 0.003015369535276532, 0.0010119010367782271, 0.040873004310292047] | det_recall [0.5020092682704076, 0.5026658879526201, 0.5011679554847096, 0.4882329043143909, 0.4764022923642826, 0.5026728858498625, 0.5013457791865101] | det_fa [0.0, 0.0, 0.0001940140920320794, 0.02867786880819883, 0.051449278629951, 0.0005678590781096033, 0.5707001462236329] ----
T6 Ep 1/1 | L 2.4654 | Train Acc 0.30 | Prec 0.24 | F1 0.34 | Det Rec 0.93 | Det FA 0.04 | Epoch Time 632.54s (Eval 607.53s, Train 25.01s)
[STATE 2026-06-01 15:59:51] T6 Ep 1/1 complete: Prec 0.2380 F1 0.3422 DetRec 0.9343 DetFA 0.0376 | 632.54s total (607.53s eval/25.01s train)
[STATE 2026-06-01 15:59:51] Task 6: running final validation.
Saved task checkpoint: logs//icarl/seed-sweep_one-shot_cil-2026-06-01_14-26-21-0849/55/checkpoints/task_6.pt
[STATE 2026-06-01 16:09:59] Saved task checkpoint to logs//icarl/seed-sweep_one-shot_cil-2026-06-01_14-26-21-0849/55/checkpoints/task_6.pt
[STATE 2026-06-01 16:09:59] Completed task 6 (7/10)
Note: Unified mixed IQ test tensors to (N, 3, L) via ADC0 I/Q + zero-padded ADC1/2 (IID2-style) for cumulative CIL.
[STATE 2026-06-01 16:10:29] Task 7: zero-shot validation (pre-train)
---- Zero-shot (pre-train) task 7: rec_cls 0.0235 | prec_cls 0.0010 | f1_cls 0.0122 | det 0.5262 | pfa 0.5525 | total_f1 0.0349 ----
[STATE 2026-06-01 16:23:46] Starting task 7 (8/10)
[STATE 2026-06-01 16:23:46] Task 7 Epoch 1/1: entering train loop
[STATE 2026-06-01 16:28:05] Task 7 Epoch 1/1: running validation (end of epoch)
---- Eval at Epoch 0: cls [0.0, 0.0, 0.00015447825898250953, 5.911337324686017e-06, 4.8348200341555825e-06, 0.0006841312464874034, 0.001014314206060659, 0.04004845880176322] | det_recall [0.5, 0.5, 0.5017509143931784, 0.5043136151746517, 0.507574279597935, 0.48344179858222747, 0.48155231124223075, 0.49737253073832344] | det_fa [0.0, 0.0, 0.0019789240403284437, 0.01795978051201672, 0.021560849997010086, 0.05195977144099208, 0.06287306003619633, 0.8627087811307684] ----
T7 Ep 1/1 | L 1.4046 | Train Acc 0.40 | Prec 0.47 | F1 0.40 | Det Rec 0.76 | Det FA 0.39 | Epoch Time 1062.06s (Eval 803.62s, Train 258.44s)
[STATE 2026-06-01 16:41:28] T7 Ep 1/1 complete: Prec 0.4675 F1 0.4047 DetRec 0.7641 DetFA 0.3945 | 1062.06s total (803.62s eval/258.44s train)
[STATE 2026-06-01 16:41:28] Task 7: running final validation.
Saved task checkpoint: logs//icarl/seed-sweep_one-shot_cil-2026-06-01_14-26-21-0849/55/checkpoints/task_7.pt
[STATE 2026-06-01 16:54:54] Saved task checkpoint to logs//icarl/seed-sweep_one-shot_cil-2026-06-01_14-26-21-0849/55/checkpoints/task_7.pt
[STATE 2026-06-01 16:54:54] Completed task 7 (8/10)
Note: Unified mixed IQ test tensors to (N, 3, L) via ADC0 I/Q + zero-padded ADC1/2 (IID2-style) for cumulative CIL.
[STATE 2026-06-01 16:55:53] Task 8: zero-shot validation (pre-train)
---- Zero-shot (pre-train) task 8: rec_cls 0.0360 | prec_cls 0.0105 | f1_cls 0.0171 | det 0.5069 | pfa 0.8443 | total_f1 0.0331 ----
[STATE 2026-06-01 17:12:38] Starting task 8 (9/10)
[STATE 2026-06-01 17:12:38] Task 8 Epoch 1/1: entering train loop
[STATE 2026-06-01 17:13:29] Task 8 Epoch 1/1: running validation (end of epoch)
---- Eval at Epoch 0: cls [0.0, 0.0001995950014678376, 0.00040657114862557804, 0.0, 2.249577079509052e-06, 0.00037420384554446597, 0.00020119864024117256, 0.000471683361936685, 0.012369156330359428] | det_recall [0.5039648831779575, 0.5141885532672826, 0.5034268340258816, 0.5069779432090487, 0.5069674246335162, 0.5087068948581486, 0.5085742789158018, 0.5103876388800171, 0.6065097897988742] | det_fa [0.0, 0.0, 0.0005123542397483813, 0.0029360646946202055, 0.003741224838729684, 0.001803435116404128, 0.0022362972536509344, 0.0025833591011268993, 0.69347989453835] ----
T8 Ep 1/1 | L 2.1026 | Train Acc 0.42 | Prec 0.40 | F1 0.31 | Det Rec 0.69 | Det FA 0.53 | Epoch Time 1060.87s (Eval 1009.67s, Train 51.20s)
[STATE 2026-06-01 17:30:19] T8 Ep 1/1 complete: Prec 0.3993 F1 0.3058 DetRec 0.6853 DetFA 0.5302 | 1060.87s total (1009.67s eval/51.20s train)
[STATE 2026-06-01 17:30:19] Task 8: running final validation.
Saved task checkpoint: logs//icarl/seed-sweep_one-shot_cil-2026-06-01_14-26-21-0849/55/checkpoints/task_8.pt
[STATE 2026-06-01 17:47:03] Saved task checkpoint to logs//icarl/seed-sweep_one-shot_cil-2026-06-01_14-26-21-0849/55/checkpoints/task_8.pt
[STATE 2026-06-01 17:47:03] Completed task 8 (9/10)
Note: Unified mixed IQ test tensors to (N, 3, L) via ADC0 I/Q + zero-padded ADC1/2 (IID2-style) for cumulative CIL.
[STATE 2026-06-01 17:47:34] Task 9: zero-shot validation (pre-train)
---- Zero-shot (pre-train) task 9: rec_cls 0.0118 | prec_cls 0.0003 | f1_cls 0.0102 | det 0.6020 | pfa 0.6973 | total_f1 0.0298 ----
[STATE 2026-06-01 18:07:42] Starting task 9 (10/10)
[STATE 2026-06-01 18:07:42] Task 9 Epoch 1/1: entering train loop
[STATE 2026-06-01 18:08:08] Task 9 Epoch 1/1: running validation (end of epoch)
---- Eval at Epoch 0: cls [0.0, 0.0, 0.0005594598482925585, 0.0, 0.0, 0.0006221929597411076, 0.0005201404352008497, 0.000749611558462366, 0.023959880975731006, 0.0143524947755844] | det_recall [0.5009371190270091, 0.5083948549869391, 0.5014754145429964, 0.5102437127305526, 0.5111171657936211, 0.5100711164849258, 0.5102668770924591, 0.5147465265344843, 0.4761476397378721, 0.5627046211534813] | det_fa [0.0, 0.0, 1.734033883022074e-05, 0.0018522304389051159, 0.0013789807310839622, 0.0009414624606469472, 0.0008783336853261416, 0.02598448608211113, 0.3081523280319558, 0.6855136097054616] ----
T9 Ep 1/1 | L 2.3077 | Train Acc 0.28 | Prec 0.19 | F1 0.31 | Det Rec 0.96 | Det FA 0.03 | Epoch Time 1222.83s (Eval 1196.84s, Train 25.98s)
[STATE 2026-06-01 18:28:05] T9 Ep 1/1 complete: Prec 0.1948 F1 0.3124 DetRec 0.9557 DetFA 0.0272 | 1222.83s total (1196.84s eval/25.98s train)
[STATE 2026-06-01 18:28:05] Task 9: running final validation.
Saved task checkpoint: logs//icarl/seed-sweep_one-shot_cil-2026-06-01_14-26-21-0849/55/checkpoints/task_9.pt
[STATE 2026-06-01 18:48:06] Saved task checkpoint to logs//icarl/seed-sweep_one-shot_cil-2026-06-01_14-26-21-0849/55/checkpoints/task_9.pt
[STATE 2026-06-01 18:48:06] Completed task 9 (10/10)
####Final Validation Accuracy####
Final Results:- 
 Total Recall: 0.004097148917353417 
 Individual Recall: [0.00015151515151515152, 0.0, 0.0005567468966238909, 0.0, 0.0, 0.0006291719043981987, 0.0005209956503226577, 0.0007333552531313063, 0.024055593892232063, 0.014324110425310906]
Final Detection Results:- 
 Total Detection: 0.510589265608912 
 Individual Detection: [0.5013422011755841, 0.5083796522276307, 0.5014110440809771, 0.5101337224693824, 0.51081473089169, 0.5099818167546445, 0.5102590346699247, 0.5147972573813744, 0.4772076539373015, 0.5615655425006114]
Final Detection False Alarm:- 
 Total False Alarm: 0.10253240436821658 
 Individual False Alarm: [0.0, 0.0, 1.547460617127294e-05, 0.0018439669040036482, 0.0013018656483678426, 0.0009561503778533166, 0.0010288665407789637, 0.026615001603642, 0.30598659420632796, 0.6875761237950208]
SUMMARY_TR cls_rec=0.2813 cls_prec=0.1948 cls_f1=0.3124 det=0.5106 fa=0.1025
SUMMARY_TE cls_rec=0.0041 cls_prec=0.0046 cls_f1=0.0298 det=0.5106 fa=0.1025
[STATE 2026-06-01 18:48:08] Saving results to logs//icarl/seed-sweep_one-shot_cil-2026-06-01_14-26-21-0849/55/results
Model size: 0.0289 GB
Memory buffer size: 0.0000 GB
logs//icarl/seed-sweep_one-shot_cil-2026-06-01_14-26-21-0849/55/results: {'expt_name': 'seed-sweep_one-shot_cil', 'model': 'icarl', 'arch': 'resnet1d', 'n_hiddens': 100, 'n_layers': 2, 'xav_init': False, 'debug': False, 'use_detector_arch': False, 'use_groupnorm': False, 'inner_steps': 2, 'n_epochs': 1, 'batch_size': 256, 'replay_batch_size': 128, 'memories': 5120, 'lr': 0.3, 'optimizer': 'sgd', 'prune_perc': 0.75, 'post_prune_epochs': 0, 'class_weighted_ce': True, 'cuda': True, 'amp': True, 'amp_dtype': 'bfloat16', 'cudnn_benchmark': True, 'seed': 55, 'log_every': 10, 'log_dir': 'logs//icarl/seed-sweep_one-shot_cil-2026-06-01_14-26-21-0849/55', 'tf_dir': 'logs//icarl/seed-sweep_one-shot_cil-2026-06-01_14-26-21-0849/55/tfdir', 'calc_test_accuracy': False, 'state_logging': True, 'data_path': 'data/rff/radar/full', 'task_order_files': 't2-rcn,t0-rcn,t2-uclresm-25noise,t0-deeprad,t1-deeprad,t1-uclresm-25noise,t3-deeprad,t0-uclresm-25noise,t1-rcn,t2-deeprad', 'loader': 'class_incremental_loader', 'samples_per_task': -1, 'task_order_seed': None, 'classes_per_it': 6, 'iterations': 5000, 'dataset': 'iq', 'workers': 0, 'validation': 0.5, 'data_scaling': 'normalize', 'use_iq_aug_features': False, 'iq_aug_feature_type': 'power', 'class_order': 'random', 'increment': 5, 'test_batch_size': 512, 'nc_per_task': None, 'nc_per_task_list': '', 'val_rate': 1000, 'opt_lr': 0.1, 'opt_wt': 0.1, 'alpha_init': 0.001, 'momentum': 0.0, 'learn_lr': False, 'sync_update': False, 'grad_clip_norm': 5.0, 'meta_batches': 3, 'use_old_task_memory': False, 'second_order': False, 'n_memories': 5120, 'memory_strength': 0.1, 'memory_loss_lambda': 1.0, 'steps_per_sample': 1, 'bgd_optimizer': 'sgd', 'optimizer_params': '{}', 'train_mc_iters': 5, 'std_init': 0.05, 'mean_eta': 1, 'fisher_gamma': 0.95, 'rln': 7, 'meta_lr': 0.001, 'update_lr': 0.1, 'ctx_lr': 0.05, 'n_meta': 1, 'temperature': 5.0, 'task_emb': 64, 'noise_label': 54, 'classes_per_task': [5, 6, 5, 6, 6, 5, 5, 5, 6, 5], 'get_samples_per_task': <bound method IncrementalLoader.get_samples_per_task of <dataloaders.class_incremental_loader.IncrementalLoader object at 0x78f9f710ef30>>, 'task_epoch_schedule': {}} # val: 0.110 0.004 -0.106 0.000 # sizes: model_gb=0.0289 mem_gb=0.0000 # 15632.905110359192
[STATE 2026-06-01 18:48:09] results.pt components (approx): state_dict 29.6 MB, result_val_t 0.1 KB, result_val_a 0.8 KB
[STATE 2026-06-01 18:48:09] Results saved; total runtime 4.34h
Total runtime: 4.34 hours
