[STATE 2026-03-25 12:44:50] Enabling terminal logging to logs//packnet/full-tasks_all-5epochs_weighted-loss-2026-03-25_12-44-50-3971/0/terminal.log
New Experiment Starting...
Running model:  packnet
[STATE 2026-03-25 12:44:50] Experiment 'full-tasks_all-5epochs_weighted-loss' starting with model 'packnet' (seed 0)
Set seed 0
t2-rcn.npz train: x=(50362, 1024), y=(50362, 2)
t2-rcn.npz test: x=(16787, 1024), y=(16787, 2)
t2-rcn.npz: applied data scaling mode 'normalize'.
Loaded t2-rcn.npz: Unique train labels: UniqueCountsResult(values=array([-1,  3,  5, 10, 12, 15]), counts=array([24209,  5770,  3030,  2320,  7509,  7524]))
Noise labels ratio in t2-rcn.npz train: 0.24, test: 0.24
Loaded t2-rcn.npz: Remapped labels: [0 1 2 3 4 5]. Size: 50362)
t0-rcn.npz train: x=(51916, 1024), y=(51916, 2)
t0-rcn.npz test: x=(17305, 1024), y=(17305, 2)
t0-rcn.npz: applied data scaling mode 'normalize'.
Loaded t0-rcn.npz: Unique train labels: UniqueCountsResult(values=array([-1,  1,  8,  9, 11, 13, 14]), counts=array([24225,  4268,  2495,  2943,  3015,  7464,  7506]))
Noise labels ratio in t0-rcn.npz train: 0.23, test: 0.23
Loaded t0-rcn.npz: Remapped labels: [ 6  7  8  9 10 11 12]. Size: 51916)
Traceback (most recent call last):
  File "/home/lunet/wsmr11/repos/La-MAML/main.py", line 1669, in <module>
    main()
  File "/home/lunet/wsmr11/repos/La-MAML/main.py", line 1567, in main
    loader = Loader.IncrementalLoader(args, seed=args.seed)
  File "/home/lunet/wsmr11/repos/La-MAML/dataloaders/task_incremental_loader.py", line 254, in __init__
    self._setup_data(
  File "/home/lunet/wsmr11/repos/La-MAML/dataloaders/task_incremental_loader.py", line 493, in _setup_data
    x_train = _get(
  File "/home/lunet/wsmr11/repos/La-MAML/dataloaders/task_incremental_loader.py", line 490, in _get
    return data[k]
  File "/home/lunet/wsmr11/repos/La-MAML/la-maml_env/lib/python3.10/site-packages/numpy/lib/_npyio_impl.py", line 254, in __getitem__
    return format.read_array(bytes,
  File "/home/lunet/wsmr11/repos/La-MAML/la-maml_env/lib/python3.10/site-packages/numpy/lib/format.py", line 851, in read_array
    data = _read_bytes(fp, read_size, "array data")
  File "/home/lunet/wsmr11/repos/La-MAML/la-maml_env/lib/python3.10/site-packages/numpy/lib/format.py", line 986, in _read_bytes
    r = fp.read(size - len(data))
  File "/home/lunet/wsmr11/.asdf/installs/python/3.10.0/lib/python3.10/zipfile.py", line 923, in read
    data = self._read1(n)
  File "/home/lunet/wsmr11/.asdf/installs/python/3.10.0/lib/python3.10/zipfile.py", line 999, in _read1
    data = self._decompressor.decompress(data, n)
KeyboardInterrupt
