[STATE 2026-04-08 17:09:39] Enabling terminal logging to logs//agem/full-tasks-2_all-10epochs_weighted-loss-2026-04-08_17-09-39-1418/0/terminal.log
New Experiment Starting...
Running model:  agem
[STATE 2026-04-08 17:09:39] Experiment 'full-tasks-2_all-10epochs_weighted-loss' starting with model 'agem' (seed 0)
Set seed 0
t2-rcn.npz train: x=(50362, 1024), y=(50362, 2)
t2-rcn.npz test: x=(16787, 1024), y=(16787, 2)
t2-rcn.npz: applied data scaling mode 'normalize'.
Loaded t2-rcn.npz: Unique train labels: UniqueCountsResult(values=array([-1,  3,  5, 10, 12, 15]), counts=array([24209,  5770,  3030,  2320,  7509,  7524]))
Noise labels ratio in t2-rcn.npz train: 0.24, test: 0.24
Loaded t2-rcn.npz: Remapped labels: [0 1 2 3 4 5]. Size: 50362)
t0-rcn.npz train: x=(51916, 1024), y=(51916, 2)
t0-rcn.npz test: x=(17305, 1024), y=(17305, 2)
t0-rcn.npz: applied data scaling mode 'normalize'.
Loaded t0-rcn.npz: Unique train labels: UniqueCountsResult(values=array([-1,  1,  8,  9, 11, 13, 14]), counts=array([24225,  4268,  2495,  2943,  3015,  7464,  7506]))
Noise labels ratio in t0-rcn.npz train: 0.23, test: 0.23
Loaded t0-rcn.npz: Remapped labels: [ 6  7  8  9 10 11 12]. Size: 51916)
t2-uclresm-25noise.npz train: moved sample axis (3, 350028, 1024) -> (350028, 3, 1024)
t2-uclresm-25noise.npz test: moved sample axis (3, 233351, 1024) -> (233351, 3, 1024)
t2-uclresm-25noise.npz train: x=(350028, 3, 1024), y=(350028,)
t2-uclresm-25noise.npz test: x=(233351, 3, 1024), y=(233351,)
t2-uclresm-25noise.npz: applied data scaling mode 'normalize'.
Loaded t2-uclresm-25noise.npz: Unique train labels: UniqueCountsResult(values=array([-1,  0,  1,  2,  3,  4]), counts=array([87441, 27347, 71754, 64298, 36005, 63183]))
Noise labels ratio in t2-uclresm-25noise.npz train: 0.25, test: 0.25
Loaded t2-uclresm-25noise.npz: Remapped labels: [13 14 15 16 17 18]. Size: 350028)
t0-deeprad.npz train: x=(24480, 1024), y=(24480, 2)
t0-deeprad.npz test: x=(8160, 1024), y=(8160, 2)
t0-deeprad.npz: applied data scaling mode 'normalize'.
Loaded t0-deeprad.npz: Unique train labels: UniqueCountsResult(values=array([-1,  0,  1,  2,  3,  4,  5]), counts=array([12240,  2029,  1983,  2043,  2154,  2015,  2016]))
Noise labels ratio in t0-deeprad.npz train: 0.25, test: 0.25
Loaded t0-deeprad.npz: Remapped labels: [19 20 21 22 23 24 25]. Size: 24480)
t1-deeprad.npz train: x=(24480, 1024), y=(24480, 2)
t1-deeprad.npz test: x=(8160, 1024), y=(8160, 2)
t1-deeprad.npz: applied data scaling mode 'normalize'.
Loaded t1-deeprad.npz: Unique train labels: UniqueCountsResult(values=array([-1,  0,  1,  2,  3,  4,  5]), counts=array([12240,  1988,  2029,  2054,  1988,  2053,  2128]))
Noise labels ratio in t1-deeprad.npz train: 0.25, test: 0.25
Loaded t1-deeprad.npz: Remapped labels: [26 27 28 29 30 31 32]. Size: 24480)
t1-uclresm-25noise.npz train: moved sample axis (3, 201410, 1024) -> (201410, 3, 1024)
t1-uclresm-25noise.npz test: moved sample axis (3, 116291, 1024) -> (116291, 3, 1024)
t1-uclresm-25noise.npz train: x=(201410, 3, 1024), y=(201410,)
t1-uclresm-25noise.npz test: x=(116291, 3, 1024), y=(116291,)
t1-uclresm-25noise.npz: applied data scaling mode 'normalize'.
Loaded t1-uclresm-25noise.npz: Unique train labels: UniqueCountsResult(values=array([-1,  0,  1,  2,  3,  4]), counts=array([43668, 18021, 17838, 18087, 31870, 71926]))
Noise labels ratio in t1-uclresm-25noise.npz train: 0.22, test: 0.25
Loaded t1-uclresm-25noise.npz: Remapped labels: [33 34 35 36 37 38]. Size: 201410)
t3-deeprad.npz train: x=(17340, 1024), y=(17340, 2)
t3-deeprad.npz test: x=(6800, 1024), y=(6800, 2)
t3-deeprad.npz: applied data scaling mode 'normalize'.
Loaded t3-deeprad.npz: Unique train labels: UniqueCountsResult(values=array([-1,  0,  1,  2,  3,  4]), counts=array([8670, 1693, 1677, 1794, 1716, 1790]))
Noise labels ratio in t3-deeprad.npz train: 0.25, test: 0.25
Loaded t3-deeprad.npz: Remapped labels: [39 40 41 42 43 44]. Size: 17340)
t0-uclresm-25noise.npz train: moved sample axis (3, 188050, 1024) -> (188050, 3, 1024)
t0-uclresm-25noise.npz test: moved sample axis (3, 107348, 1024) -> (107348, 3, 1024)
t0-uclresm-25noise.npz train: x=(188050, 3, 1024), y=(188050,)
t0-uclresm-25noise.npz test: x=(107348, 3, 1024), y=(107348,)
t0-uclresm-25noise.npz: applied data scaling mode 'normalize'.
Loaded t0-uclresm-25noise.npz: Unique train labels: UniqueCountsResult(values=array([-1,  0,  1,  2,  3,  4]), counts=array([40144, 32109, 17978, 17979, 18098, 61742]))
Noise labels ratio in t0-uclresm-25noise.npz train: 0.21, test: 0.25
Loaded t0-uclresm-25noise.npz: Remapped labels: [45 46 47 48 49 50]. Size: 188050)
t1-rcn.npz train: x=(36658, 1024), y=(36658, 2)
t1-rcn.npz test: x=(12220, 1024), y=(12220, 2)
t1-rcn.npz: applied data scaling mode 'normalize'.
Loaded t1-rcn.npz: Unique train labels: UniqueCountsResult(values=array([-1,  0,  2,  4,  6,  7, 16]), counts=array([20595,   824,  2087,  2606,  2396,  1716,  6434]))
Noise labels ratio in t1-rcn.npz train: 0.28, test: 0.28
Loaded t1-rcn.npz: Remapped labels: [51 52 53 54 55 56 57]. Size: 36658)
t2-deeprad.npz train: x=(17340, 1024), y=(17340, 2)
t2-deeprad.npz test: x=(6800, 1024), y=(6800, 2)
t2-deeprad.npz: applied data scaling mode 'normalize'.
Loaded t2-deeprad.npz: Unique train labels: UniqueCountsResult(values=array([-1,  0,  1,  2,  3,  4]), counts=array([8670, 1774, 1675, 1777, 1694, 1750]))
Noise labels ratio in t2-deeprad.npz train: 0.25, test: 0.25
Loaded t2-deeprad.npz: Remapped labels: [58 59 60 61 62 63]. Size: 17340)
Built classes_per_task: [6, 7, 6, 7, 7, 6, 6, 6, 7, 6]
Classes per task: [6, 7, 6, 7, 7, 6, 6, 6, 7, 6]
[STATE 2026-04-08 17:10:42] Loader 'task_incremental_loader' ready: 1024 inputs, 64 outputs, 10 tasks
n_outputs: 64 	n_tasks: 10
[STATE 2026-04-08 17:10:42] Logging to logs//agem/full-tasks-2_all-10epochs_weighted-loss-2026-04-08_17-09-39-1418/0
True
Model device: cuda:0
[STATE 2026-04-08 17:10:42] Model initialized on device cuda:0
[STATE 2026-04-08 17:10:42] Invoking continual life experience flow
[STATE 2026-04-08 17:10:42] Life experience start: 10 tasks queued
Task 0: 50362 training samples, 16787 test samples.
[STATE 2026-04-08 17:10:42] Task 0: zero-shot validation (pre-train)
---- Zero-shot (pre-train) task 0: rec_cls 0.1175 | prec_cls 0.1336 | f1_cls 0.0961 | det 0.4550 | pfa 0.7831 | total_f1 0.0961 ----
[STATE 2026-04-08 17:10:48] Starting task 0 (1/10)
[STATE 2026-04-08 17:10:48] Task 0 Epoch 1/10: entering train loop
[STATE 2026-04-08 17:11:56] Task 0 Epoch 1/10: running validation (end of epoch)
---- Eval at Epoch 0: cls [0.8836346877534662] | det_recall [0.8769371437116861] | det_fa [0.23114049057797445] ----
T0 Ep 1/10 | L 0.6749 | Train Acc 0.75 | Prec 0.77 | F1 0.70 | Det Rec 0.84 | Det FA 0.27 | Epoch Time 73.76s (Eval 5.60s, Train 68.15s)
[STATE 2026-04-08 17:12:02] T0 Ep 1/10 complete: Prec 0.7697 F1 0.7019 DetRec 0.8434 DetFA 0.2691 | 73.76s total (5.60s eval/68.15s train)
[STATE 2026-04-08 17:12:02] Task 0 Epoch 2/10: entering train loop
T0 Ep 2/10 | L 0.3438 | Train Acc 0.90 | Prec 0.91 | F1 0.84 | Det Rec 0.88 | Det FA 0.22 | Epoch Time 66.83s (Eval 0.00s, Train 66.83s)
[STATE 2026-04-08 17:13:09] T0 Ep 2/10 complete: Prec 0.9113 F1 0.8394 DetRec 0.8826 DetFA 0.2165 | 66.83s total (0.00s eval/66.83s train)
[STATE 2026-04-08 17:13:09] Task 0 Epoch 3/10: entering train loop
T0 Ep 3/10 | L 0.2991 | Train Acc 0.91 | Prec 0.92 | F1 0.85 | Det Rec 0.89 | Det FA 0.21 | Epoch Time 66.71s (Eval 0.00s, Train 66.71s)
[STATE 2026-04-08 17:14:16] T0 Ep 3/10 complete: Prec 0.9212 F1 0.8505 DetRec 0.8853 DetFA 0.2128 | 66.71s total (0.00s eval/66.71s train)
[STATE 2026-04-08 17:14:16] Task 0 Epoch 4/10: entering train loop
T0 Ep 4/10 | L 0.2787 | Train Acc 0.92 | Prec 0.93 | F1 0.86 | Det Rec 0.89 | Det FA 0.21 | Epoch Time 66.88s (Eval 0.00s, Train 66.88s)
[STATE 2026-04-08 17:15:22] T0 Ep 4/10 complete: Prec 0.9321 F1 0.8604 DetRec 0.8871 DetFA 0.2095 | 66.88s total (0.00s eval/66.88s train)
[STATE 2026-04-08 17:15:22] Task 0 Epoch 5/10: entering train loop
T0 Ep 5/10 | L 0.2602 | Train Acc 0.93 | Prec 0.94 | F1 0.87 | Det Rec 0.89 | Det FA 0.21 | Epoch Time 66.92s (Eval 0.00s, Train 66.92s)
[STATE 2026-04-08 17:16:29] T0 Ep 5/10 complete: Prec 0.9401 F1 0.8688 DetRec 0.8883 DetFA 0.2075 | 66.92s total (0.00s eval/66.92s train)
[STATE 2026-04-08 17:16:29] Task 0 Epoch 6/10: entering train loop
T0 Ep 6/10 | L 0.2536 | Train Acc 0.93 | Prec 0.94 | F1 0.87 | Det Rec 0.89 | Det FA 0.21 | Epoch Time 66.93s (Eval 0.00s, Train 66.93s)
[STATE 2026-04-08 17:17:36] T0 Ep 6/10 complete: Prec 0.9401 F1 0.8682 DetRec 0.8889 DetFA 0.2066 | 66.93s total (0.00s eval/66.93s train)
[STATE 2026-04-08 17:17:36] Task 0 Epoch 7/10: entering train loop
T0 Ep 7/10 | L 0.2432 | Train Acc 0.93 | Prec 0.94 | F1 0.87 | Det Rec 0.89 | Det FA 0.20 | Epoch Time 66.96s (Eval 0.00s, Train 66.96s)
[STATE 2026-04-08 17:18:43] T0 Ep 7/10 complete: Prec 0.9439 F1 0.8733 DetRec 0.8910 DetFA 0.2025 | 66.96s total (0.00s eval/66.96s train)
[STATE 2026-04-08 17:18:43] Task 0 Epoch 8/10: entering train loop
T0 Ep 8/10 | L 0.2306 | Train Acc 0.94 | Prec 0.95 | F1 0.88 | Det Rec 0.89 | Det FA 0.21 | Epoch Time 66.77s (Eval 0.00s, Train 66.77s)
[STATE 2026-04-08 17:19:50] T0 Ep 8/10 complete: Prec 0.9509 F1 0.8782 DetRec 0.8901 DetFA 0.2050 | 66.77s total (0.00s eval/66.77s train)
[STATE 2026-04-08 17:19:50] Task 0 Epoch 9/10: entering train loop
T0 Ep 9/10 | L 0.2221 | Train Acc 0.94 | Prec 0.95 | F1 0.88 | Det Rec 0.89 | Det FA 0.20 | Epoch Time 66.81s (Eval 0.00s, Train 66.81s)
[STATE 2026-04-08 17:20:57] T0 Ep 9/10 complete: Prec 0.9530 F1 0.8803 DetRec 0.8913 DetFA 0.2021 | 66.81s total (0.00s eval/66.81s train)
[STATE 2026-04-08 17:20:57] Task 0 Epoch 10/10: entering train loop
T0 Ep 10/10 | L 0.2121 | Train Acc 0.95 | Prec 0.96 | F1 0.88 | Det Rec 0.89 | Det FA 0.20 | Epoch Time 66.88s (Eval 0.00s, Train 66.88s)
[STATE 2026-04-08 17:22:04] T0 Ep 10/10 complete: Prec 0.9558 F1 0.8829 DetRec 0.8917 DetFA 0.2012 | 66.88s total (0.00s eval/66.88s train)
[STATE 2026-04-08 17:22:04] Task 0: running final validation.
[STATE 2026-04-08 17:22:09] Completed task 0 (1/10)
Task 1: 51916 training samples, 17305 test samples.
[STATE 2026-04-08 17:22:09] Task 1: zero-shot validation (pre-train)
---- Zero-shot (pre-train) task 1: rec_cls 0.1854 | prec_cls 0.1731 | f1_cls 0.0654 | det 0.5004 | pfa 0.9973 | total_f1 0.4533 ----
[STATE 2026-04-08 17:22:21] Starting task 1 (2/10)
[STATE 2026-04-08 17:22:21] Task 1 Epoch 1/10: entering train loop
[STATE 2026-04-08 17:24:24] Task 1 Epoch 1/10: running validation (end of epoch)
---- Eval at Epoch 0: cls [0.7352837693903832, 0.8454614770418395] | det_recall [0.8559978310695842, 0.84109777252733] | det_fa [0.27844421629365207, 0.29596464409883333] ----
T1 Ep 1/10 | L 0.8330 | Train Acc 0.73 | Prec 0.77 | F1 0.64 | Det Rec 0.75 | Det FA 0.46 | Epoch Time 134.17s (Eval 11.46s, Train 122.71s)
[STATE 2026-04-08 17:24:35] T1 Ep 1/10 complete: Prec 0.7735 F1 0.6354 DetRec 0.7466 DetFA 0.4566 | 134.17s total (11.46s eval/122.71s train)
[STATE 2026-04-08 17:24:35] Task 1 Epoch 2/10: entering train loop
T1 Ep 2/10 | L 0.3732 | Train Acc 0.87 | Prec 0.90 | F1 0.82 | Det Rec 0.88 | Det FA 0.21 | Epoch Time 122.92s (Eval 0.00s, Train 122.92s)
[STATE 2026-04-08 17:26:38] T1 Ep 2/10 complete: Prec 0.9016 F1 0.8187 DetRec 0.8765 DetFA 0.2103 | 122.92s total (0.00s eval/122.92s train)
[STATE 2026-04-08 17:26:38] Task 1 Epoch 3/10: entering train loop
T1 Ep 3/10 | L 0.3162 | Train Acc 0.89 | Prec 0.91 | F1 0.84 | Det Rec 0.90 | Det FA 0.18 | Epoch Time 123.28s (Eval 0.00s, Train 123.28s)
[STATE 2026-04-08 17:28:41] T1 Ep 3/10 complete: Prec 0.9128 F1 0.8441 DetRec 0.8967 DetFA 0.1777 | 123.28s total (0.00s eval/123.28s train)
[STATE 2026-04-08 17:28:41] Task 1 Epoch 4/10: entering train loop
T1 Ep 4/10 | L 0.2748 | Train Acc 0.90 | Prec 0.92 | F1 0.86 | Det Rec 0.91 | Det FA 0.16 | Epoch Time 123.24s (Eval 0.00s, Train 123.24s)
[STATE 2026-04-08 17:30:44] T1 Ep 4/10 complete: Prec 0.9230 F1 0.8611 DetRec 0.9055 DetFA 0.1633 | 123.24s total (0.00s eval/123.24s train)
[STATE 2026-04-08 17:30:44] Task 1 Epoch 5/10: entering train loop
T1 Ep 5/10 | L 0.2566 | Train Acc 0.91 | Prec 0.93 | F1 0.87 | Det Rec 0.91 | Det FA 0.16 | Epoch Time 119.59s (Eval 0.00s, Train 119.59s)
[STATE 2026-04-08 17:32:44] T1 Ep 5/10 complete: Prec 0.9294 F1 0.8693 DetRec 0.9096 DetFA 0.1572 | 119.59s total (0.00s eval/119.59s train)
[STATE 2026-04-08 17:32:44] Task 1 Epoch 6/10: entering train loop
T1 Ep 6/10 | L 0.2389 | Train Acc 0.92 | Prec 0.94 | F1 0.88 | Det Rec 0.91 | Det FA 0.15 | Epoch Time 110.30s (Eval 0.00s, Train 110.30s)
[STATE 2026-04-08 17:34:34] T1 Ep 6/10 complete: Prec 0.9359 F1 0.8781 DetRec 0.9134 DetFA 0.1514 | 110.30s total (0.00s eval/110.30s train)
[STATE 2026-04-08 17:34:34] Task 1 Epoch 7/10: entering train loop
T1 Ep 7/10 | L 0.2297 | Train Acc 0.92 | Prec 0.94 | F1 0.88 | Det Rec 0.91 | Det FA 0.15 | Epoch Time 112.22s (Eval 0.00s, Train 112.22s)
[STATE 2026-04-08 17:36:27] T1 Ep 7/10 complete: Prec 0.9356 F1 0.8788 DetRec 0.9142 DetFA 0.1493 | 112.22s total (0.00s eval/112.22s train)
[STATE 2026-04-08 17:36:27] Task 1 Epoch 8/10: entering train loop
T1 Ep 8/10 | L 0.2171 | Train Acc 0.93 | Prec 0.94 | F1 0.89 | Det Rec 0.92 | Det FA 0.15 | Epoch Time 110.42s (Eval 0.00s, Train 110.42s)
[STATE 2026-04-08 17:38:17] T1 Ep 8/10 complete: Prec 0.9422 F1 0.8870 DetRec 0.9176 DetFA 0.1455 | 110.42s total (0.00s eval/110.42s train)
[STATE 2026-04-08 17:38:17] Task 1 Epoch 9/10: entering train loop
T1 Ep 9/10 | L 0.2053 | Train Acc 0.93 | Prec 0.94 | F1 0.89 | Det Rec 0.92 | Det FA 0.14 | Epoch Time 110.49s (Eval 0.00s, Train 110.49s)
[STATE 2026-04-08 17:40:07] T1 Ep 9/10 complete: Prec 0.9444 F1 0.8896 DetRec 0.9184 DetFA 0.1418 | 110.49s total (0.00s eval/110.49s train)
[STATE 2026-04-08 17:40:07] Task 1 Epoch 10/10: entering train loop
T1 Ep 10/10 | L 0.2001 | Train Acc 0.93 | Prec 0.95 | F1 0.89 | Det Rec 0.92 | Det FA 0.14 | Epoch Time 110.62s (Eval 0.00s, Train 110.62s)
[STATE 2026-04-08 17:41:58] T1 Ep 10/10 complete: Prec 0.9474 F1 0.8938 DetRec 0.9202 DetFA 0.1402 | 110.62s total (0.00s eval/110.62s train)
[STATE 2026-04-08 17:41:58] Task 1: running final validation.
[STATE 2026-04-08 17:42:09] Completed task 1 (2/10)
Task 2: 350028 training samples, 175014 test samples.
[STATE 2026-04-08 17:42:10] Task 2: zero-shot validation (pre-train)
---- Zero-shot (pre-train) task 2: rec_cls 0.0241 | prec_cls 0.1728 | f1_cls 0.0982 | det 0.5134 | pfa 0.0938 | total_f1 0.5652 ----
[STATE 2026-04-08 17:43:17] Starting task 2 (3/10)
[STATE 2026-04-08 17:43:17] Task 2 Epoch 1/10: entering train loop
[STATE 2026-04-08 18:01:34] Task 2 Epoch 1/10: running validation (end of epoch)
---- Eval at Epoch 0: cls [0.6240270660996162, 0.4842118728266043, 0.697368328513906] | det_recall [0.822957853819282, 0.6730463729527786, 0.8459211631283177] | det_fa [0.31297671383964726, 0.596445145856289, 0.20610231310528726] ----
T2 Ep 1/10 | L 1.0121 | Train Acc 0.59 | Prec 0.61 | F1 0.58 | Det Rec 0.81 | Det FA 0.34 | Epoch Time 1163.75s (Eval 67.29s, Train 1096.46s)
[STATE 2026-04-08 18:02:41] T2 Ep 1/10 complete: Prec 0.6146 F1 0.5846 DetRec 0.8069 DetFA 0.3358 | 1163.75s total (67.29s eval/1096.46s train)
[STATE 2026-04-08 18:02:41] Task 2 Epoch 2/10: entering train loop
T2 Ep 2/10 | L 0.6347 | Train Acc 0.74 | Prec 0.77 | F1 0.73 | Det Rec 0.85 | Det FA 0.24 | Epoch Time 1088.89s (Eval 0.00s, Train 1088.89s)
[STATE 2026-04-08 18:20:50] T2 Ep 2/10 complete: Prec 0.7652 F1 0.7252 DetRec 0.8545 DetFA 0.2402 | 1088.89s total (0.00s eval/1088.89s train)
[STATE 2026-04-08 18:20:50] Task 2 Epoch 3/10: entering train loop
T2 Ep 3/10 | L 0.5678 | Train Acc 0.77 | Prec 0.79 | F1 0.75 | Det Rec 0.87 | Det FA 0.22 | Epoch Time 1077.04s (Eval 0.00s, Train 1077.04s)
[STATE 2026-04-08 18:38:47] T2 Ep 3/10 complete: Prec 0.7909 F1 0.7536 DetRec 0.8679 DetFA 0.2157 | 1077.04s total (0.00s eval/1077.04s train)
[STATE 2026-04-08 18:38:47] Task 2 Epoch 4/10: entering train loop
T2 Ep 4/10 | L 0.5296 | Train Acc 0.78 | Prec 0.80 | F1 0.77 | Det Rec 0.87 | Det FA 0.20 | Epoch Time 1070.29s (Eval 0.00s, Train 1070.29s)
[STATE 2026-04-08 18:56:37] T2 Ep 4/10 complete: Prec 0.8038 F1 0.7688 DetRec 0.8749 DetFA 0.2046 | 1070.29s total (0.00s eval/1070.29s train)
[STATE 2026-04-08 18:56:37] Task 2 Epoch 5/10: entering train loop
T2 Ep 5/10 | L 0.5027 | Train Acc 0.80 | Prec 0.81 | F1 0.78 | Det Rec 0.88 | Det FA 0.20 | Epoch Time 1069.06s (Eval 0.00s, Train 1069.06s)
[STATE 2026-04-08 19:14:26] T2 Ep 5/10 complete: Prec 0.8130 F1 0.7793 DetRec 0.8784 DetFA 0.2000 | 1069.06s total (0.00s eval/1069.06s train)
[STATE 2026-04-08 19:14:26] Task 2 Epoch 6/10: entering train loop
T2 Ep 6/10 | L 0.4808 | Train Acc 0.81 | Prec 0.82 | F1 0.79 | Det Rec 0.88 | Det FA 0.19 | Epoch Time 1066.58s (Eval 0.00s, Train 1066.58s)
[STATE 2026-04-08 19:32:13] T2 Ep 6/10 complete: Prec 0.8216 F1 0.7892 DetRec 0.8827 DetFA 0.1927 | 1066.58s total (0.00s eval/1066.58s train)
[STATE 2026-04-08 19:32:13] Task 2 Epoch 7/10: entering train loop
T2 Ep 7/10 | L 0.4626 | Train Acc 0.82 | Prec 0.83 | F1 0.80 | Det Rec 0.89 | Det FA 0.19 | Epoch Time 1069.54s (Eval 0.00s, Train 1069.54s)
[STATE 2026-04-08 19:50:03] T2 Ep 7/10 complete: Prec 0.8280 F1 0.7969 DetRec 0.8858 DetFA 0.1885 | 1069.54s total (0.00s eval/1069.54s train)
[STATE 2026-04-08 19:50:03] Task 2 Epoch 8/10: entering train loop
T2 Ep 8/10 | L 0.4488 | Train Acc 0.82 | Prec 0.83 | F1 0.80 | Det Rec 0.89 | Det FA 0.18 | Epoch Time 1070.42s (Eval 0.00s, Train 1070.42s)
[STATE 2026-04-08 20:07:53] T2 Ep 8/10 complete: Prec 0.8347 F1 0.8039 DetRec 0.8884 DetFA 0.1847 | 1070.42s total (0.00s eval/1070.42s train)
[STATE 2026-04-08 20:07:53] Task 2 Epoch 9/10: entering train loop
T2 Ep 9/10 | L 0.4349 | Train Acc 0.83 | Prec 0.84 | F1 0.81 | Det Rec 0.89 | Det FA 0.18 | Epoch Time 1053.74s (Eval 0.00s, Train 1053.74s)
[STATE 2026-04-08 20:25:27] T2 Ep 9/10 complete: Prec 0.8399 F1 0.8095 DetRec 0.8898 DetFA 0.1831 | 1053.74s total (0.00s eval/1053.74s train)
[STATE 2026-04-08 20:25:27] Task 2 Epoch 10/10: entering train loop
T2 Ep 10/10 | L 0.4233 | Train Acc 0.83 | Prec 0.84 | F1 0.81 | Det Rec 0.89 | Det FA 0.18 | Epoch Time 1016.17s (Eval 0.00s, Train 1016.17s)
[STATE 2026-04-08 20:42:23] T2 Ep 10/10 complete: Prec 0.8448 F1 0.8145 DetRec 0.8913 DetFA 0.1802 | 1016.17s total (0.00s eval/1016.17s train)
[STATE 2026-04-08 20:42:23] Task 2: running final validation.
[STATE 2026-04-08 20:43:30] Completed task 2 (3/10)
Task 3: 24480 training samples, 8160 test samples.
[STATE 2026-04-08 20:43:31] Task 3: zero-shot validation (pre-train)
---- Zero-shot (pre-train) task 3: rec_cls 0.0079 | prec_cls 0.0498 | f1_cls 0.1094 | det 0.5443 | pfa 0.0036 | total_f1 0.4986 ----
[STATE 2026-04-08 20:44:41] Starting task 3 (4/10)
[STATE 2026-04-08 20:44:41] Task 3 Epoch 1/10: entering train loop
[STATE 2026-04-08 20:46:04] Task 3 Epoch 1/10: running validation (end of epoch)
---- Eval at Epoch 0: cls [0.41810811020869654, 0.31496673402075887, 0.36449023369453126, 0.5998658710444276] | det_recall [0.8032945780919076, 0.5961082728246619, 0.750967653500206, 0.991430195608421] | det_fa [0.2988376680214315, 0.6406688268255385, 0.2498192967695258, 0.016909829371393306] ----
T3 Ep 1/10 | L 2.5490 | Train Acc 0.42 | Prec 0.43 | F1 0.47 | Det Rec 0.88 | Det FA 0.01 | Epoch Time 153.89s (Eval 70.66s, Train 83.23s)
[STATE 2026-04-08 20:47:15] T3 Ep 1/10 complete: Prec 0.4286 F1 0.4722 DetRec 0.8836 DetFA 0.0101 | 153.89s total (70.66s eval/83.23s train)
[STATE 2026-04-08 20:47:15] Task 3 Epoch 2/10: entering train loop
T3 Ep 2/10 | L 0.7458 | Train Acc 0.62 | Prec 0.62 | F1 0.66 | Det Rec 0.99 | Det FA 0.01 | Epoch Time 84.06s (Eval 0.00s, Train 84.06s)
[STATE 2026-04-08 20:48:39] T3 Ep 2/10 complete: Prec 0.6210 F1 0.6564 DetRec 0.9931 DetFA 0.0131 | 84.06s total (0.00s eval/84.06s train)
[STATE 2026-04-08 20:48:39] Task 3 Epoch 3/10: entering train loop
T3 Ep 3/10 | L 0.7106 | Train Acc 0.63 | Prec 0.64 | F1 0.67 | Det Rec 1.00 | Det FA 0.01 | Epoch Time 84.08s (Eval 0.00s, Train 84.08s)
[STATE 2026-04-08 20:50:03] T3 Ep 3/10 complete: Prec 0.6363 F1 0.6708 DetRec 0.9952 DetFA 0.0090 | 84.08s total (0.00s eval/84.08s train)
[STATE 2026-04-08 20:50:03] Task 3 Epoch 4/10: entering train loop
T3 Ep 4/10 | L 0.6911 | Train Acc 0.64 | Prec 0.65 | F1 0.68 | Det Rec 1.00 | Det FA 0.01 | Epoch Time 83.79s (Eval 0.00s, Train 83.79s)
[STATE 2026-04-08 20:51:27] T3 Ep 4/10 complete: Prec 0.6472 F1 0.6794 DetRec 0.9958 DetFA 0.0079 | 83.79s total (0.00s eval/83.79s train)
[STATE 2026-04-08 20:51:27] Task 3 Epoch 5/10: entering train loop
T3 Ep 5/10 | L 0.6694 | Train Acc 0.65 | Prec 0.66 | F1 0.69 | Det Rec 1.00 | Det FA 0.00 | Epoch Time 83.34s (Eval 0.00s, Train 83.34s)
[STATE 2026-04-08 20:52:50] T3 Ep 5/10 complete: Prec 0.6562 F1 0.6899 DetRec 0.9992 DetFA 0.0013 | 83.34s total (0.00s eval/83.34s train)
[STATE 2026-04-08 20:52:50] Task 3 Epoch 6/10: entering train loop
T3 Ep 6/10 | L 0.6603 | Train Acc 0.65 | Prec 0.66 | F1 0.70 | Det Rec 1.00 | Det FA 0.00 | Epoch Time 83.43s (Eval 0.00s, Train 83.43s)
[STATE 2026-04-08 20:54:13] T3 Ep 6/10 complete: Prec 0.6629 F1 0.6952 DetRec 0.9986 DetFA 0.0023 | 83.43s total (0.00s eval/83.43s train)
[STATE 2026-04-08 20:54:13] Task 3 Epoch 7/10: entering train loop
T3 Ep 7/10 | L 0.6474 | Train Acc 0.66 | Prec 0.67 | F1 0.70 | Det Rec 1.00 | Det FA 0.00 | Epoch Time 83.80s (Eval 0.00s, Train 83.80s)
[STATE 2026-04-08 20:55:37] T3 Ep 7/10 complete: Prec 0.6743 F1 0.7041 DetRec 0.9995 DetFA 0.0008 | 83.80s total (0.00s eval/83.80s train)
[STATE 2026-04-08 20:55:37] Task 3 Epoch 8/10: entering train loop
T3 Ep 8/10 | L 0.6323 | Train Acc 0.67 | Prec 0.68 | F1 0.71 | Det Rec 1.00 | Det FA 0.00 | Epoch Time 83.63s (Eval 0.00s, Train 83.63s)
[STATE 2026-04-08 20:57:01] T3 Ep 8/10 complete: Prec 0.6830 F1 0.7128 DetRec 0.9985 DetFA 0.0030 | 83.63s total (0.00s eval/83.63s train)
[STATE 2026-04-08 20:57:01] Task 3 Epoch 9/10: entering train loop
T3 Ep 9/10 | L 0.6179 | Train Acc 0.68 | Prec 0.69 | F1 0.72 | Det Rec 1.00 | Det FA 0.00 | Epoch Time 83.15s (Eval 0.00s, Train 83.15s)
[STATE 2026-04-08 20:58:24] T3 Ep 9/10 complete: Prec 0.6913 F1 0.7212 DetRec 0.9996 DetFA 0.0009 | 83.15s total (0.00s eval/83.15s train)
[STATE 2026-04-08 20:58:24] Task 3 Epoch 10/10: entering train loop
T3 Ep 10/10 | L 0.5992 | Train Acc 0.69 | Prec 0.70 | F1 0.73 | Det Rec 1.00 | Det FA 0.00 | Epoch Time 83.61s (Eval 0.00s, Train 83.61s)
[STATE 2026-04-08 20:59:48] T3 Ep 10/10 complete: Prec 0.7046 F1 0.7321 DetRec 0.9998 DetFA 0.0004 | 83.61s total (0.00s eval/83.61s train)
[STATE 2026-04-08 20:59:48] Task 3: running final validation.
[STATE 2026-04-08 21:00:58] Completed task 3 (4/10)
Task 4: 24480 training samples, 8160 test samples.
[STATE 2026-04-08 21:00:58] Task 4: zero-shot validation (pre-train)
---- Zero-shot (pre-train) task 4: rec_cls 0.2739 | prec_cls 0.2083 | f1_cls 0.1186 | det 0.4957 | pfa 1.0000 | total_f1 0.4595 ----
[STATE 2026-04-08 21:02:11] Starting task 4 (5/10)
[STATE 2026-04-08 21:02:11] Task 4 Epoch 1/10: entering train loop
[STATE 2026-04-08 21:03:53] Task 4 Epoch 1/10: running validation (end of epoch)
---- Eval at Epoch 0: cls [0.18193696746360966, 0.3589823280411037, 0.26588582331782723, 0.33056066685493823, 0.4626553339761899] | det_recall [0.41134936726568305, 0.5609961648100225, 0.7109488817866739, 0.5, 1.0] | det_fa [0.6409274850211149, 0.7510055699613841, 0.38262205082002004, 1.0, 0.0] ----
T4 Ep 1/10 | L 3.3301 | Train Acc 0.38 | Prec 0.36 | F1 0.41 | Det Rec 0.96 | Det FA 0.02 | Epoch Time 175.33s (Eval 73.09s, Train 102.23s)
[STATE 2026-04-08 21:05:06] T4 Ep 1/10 complete: Prec 0.3598 F1 0.4147 DetRec 0.9623 DetFA 0.0212 | 175.33s total (73.09s eval/102.23s train)
[STATE 2026-04-08 21:05:06] Task 4 Epoch 2/10: entering train loop
T4 Ep 2/10 | L 0.8393 | Train Acc 0.49 | Prec 0.49 | F1 0.54 | Det Rec 1.00 | Det FA 0.00 | Epoch Time 102.38s (Eval 0.00s, Train 102.38s)
[STATE 2026-04-08 21:06:49] T4 Ep 2/10 complete: Prec 0.4872 F1 0.5400 DetRec 0.9999 DetFA 0.0000 | 102.38s total (0.00s eval/102.38s train)
[STATE 2026-04-08 21:06:49] Task 4 Epoch 3/10: entering train loop
T4 Ep 3/10 | L 0.7819 | Train Acc 0.53 | Prec 0.54 | F1 0.58 | Det Rec 1.00 | Det FA 0.00 | Epoch Time 102.90s (Eval 0.00s, Train 102.90s)
[STATE 2026-04-08 21:08:32] T4 Ep 3/10 complete: Prec 0.5369 F1 0.5819 DetRec 1.0000 DetFA 0.0000 | 102.90s total (0.00s eval/102.90s train)
[STATE 2026-04-08 21:08:32] Task 4 Epoch 4/10: entering train loop
T4 Ep 4/10 | L 0.7327 | Train Acc 0.56 | Prec 0.58 | F1 0.61 | Det Rec 1.00 | Det FA 0.00 | Epoch Time 102.41s (Eval 0.00s, Train 102.41s)
[STATE 2026-04-08 21:10:14] T4 Ep 4/10 complete: Prec 0.5784 F1 0.6131 DetRec 1.0000 DetFA 0.0000 | 102.41s total (0.00s eval/102.41s train)
[STATE 2026-04-08 21:10:14] Task 4 Epoch 5/10: entering train loop
T4 Ep 5/10 | L 0.6981 | Train Acc 0.60 | Prec 0.61 | F1 0.64 | Det Rec 1.00 | Det FA 0.00 | Epoch Time 101.78s (Eval 0.00s, Train 101.78s)
[STATE 2026-04-08 21:11:56] T4 Ep 5/10 complete: Prec 0.6114 F1 0.6403 DetRec 1.0000 DetFA 0.0000 | 101.78s total (0.00s eval/101.78s train)
[STATE 2026-04-08 21:11:56] Task 4 Epoch 6/10: entering train loop
T4 Ep 6/10 | L 0.6377 | Train Acc 0.63 | Prec 0.64 | F1 0.67 | Det Rec 1.00 | Det FA 0.00 | Epoch Time 102.38s (Eval 0.00s, Train 102.38s)
[STATE 2026-04-08 21:13:38] T4 Ep 6/10 complete: Prec 0.6364 F1 0.6676 DetRec 1.0000 DetFA 0.0000 | 102.38s total (0.00s eval/102.38s train)
[STATE 2026-04-08 21:13:38] Task 4 Epoch 7/10: entering train loop
T4 Ep 7/10 | L 0.5953 | Train Acc 0.65 | Prec 0.66 | F1 0.69 | Det Rec 1.00 | Det FA 0.00 | Epoch Time 102.51s (Eval 0.00s, Train 102.51s)
[STATE 2026-04-08 21:15:21] T4 Ep 7/10 complete: Prec 0.6560 F1 0.6877 DetRec 1.0000 DetFA 0.0000 | 102.51s total (0.00s eval/102.51s train)
[STATE 2026-04-08 21:15:21] Task 4 Epoch 8/10: entering train loop
T4 Ep 8/10 | L 0.5639 | Train Acc 0.67 | Prec 0.68 | F1 0.71 | Det Rec 1.00 | Det FA 0.00 | Epoch Time 102.01s (Eval 0.00s, Train 102.01s)
[STATE 2026-04-08 21:17:03] T4 Ep 8/10 complete: Prec 0.6763 F1 0.7070 DetRec 1.0000 DetFA 0.0000 | 102.01s total (0.00s eval/102.01s train)
[STATE 2026-04-08 21:17:03] Task 4 Epoch 9/10: entering train loop
T4 Ep 9/10 | L 0.5416 | Train Acc 0.69 | Prec 0.70 | F1 0.72 | Det Rec 1.00 | Det FA 0.00 | Epoch Time 102.06s (Eval 0.00s, Train 102.06s)
[STATE 2026-04-08 21:18:45] T4 Ep 9/10 complete: Prec 0.7005 F1 0.7239 DetRec 1.0000 DetFA 0.0000 | 102.06s total (0.00s eval/102.06s train)
[STATE 2026-04-08 21:18:45] Task 4 Epoch 10/10: entering train loop
T4 Ep 10/10 | L 0.5200 | Train Acc 0.71 | Prec 0.73 | F1 0.75 | Det Rec 1.00 | Det FA 0.00 | Epoch Time 102.24s (Eval 0.00s, Train 102.24s)
[STATE 2026-04-08 21:20:27] T4 Ep 10/10 complete: Prec 0.7282 F1 0.7455 DetRec 1.0000 DetFA 0.0000 | 102.24s total (0.00s eval/102.24s train)
[STATE 2026-04-08 21:20:27] Task 4: running final validation.
[STATE 2026-04-08 21:21:40] Completed task 4 (5/10)
Task 5: 201410 training samples, 100705 test samples.
[STATE 2026-04-08 21:21:41] Task 5: zero-shot validation (pre-train)
---- Zero-shot (pre-train) task 5: rec_cls 0.2047 | prec_cls 0.0808 | f1_cls 0.0726 | det 0.5000 | pfa 1.0000 | total_f1 0.4103 ----
[STATE 2026-04-08 21:23:26] Starting task 5 (6/10)
[STATE 2026-04-08 21:23:26] Task 5 Epoch 1/10: entering train loop
[STATE 2026-04-08 21:39:19] Task 5 Epoch 1/10: running validation (end of epoch)
---- Eval at Epoch 0: cls [0.47667979431981156, 0.35747536136964764, 0.3370290665785979, 0.37513326611194503, 0.2620119764499786, 0.8234620730545108] | det_recall [0.79766754912531, 0.6032205678693421, 0.8086657667687753, 0.7002142186172815, 0.5, 0.890050818063301] | det_fa [0.3512249732718405, 0.6648397109283978, 0.25371052723824655, 0.599571562765437, 1.0, 0.19691915522534922] ----
T5 Ep 1/10 | L 1.0549 | Train Acc 0.71 | Prec 0.71 | F1 0.69 | Det Rec 0.86 | Det FA 0.22 | Epoch Time 1058.57s (Eval 105.50s, Train 953.07s)
[STATE 2026-04-08 21:41:05] T5 Ep 1/10 complete: Prec 0.7095 F1 0.6942 DetRec 0.8635 DetFA 0.2163 | 1058.57s total (105.50s eval/953.07s train)
[STATE 2026-04-08 21:41:05] Task 5 Epoch 2/10: entering train loop
T5 Ep 2/10 | L 0.4069 | Train Acc 0.84 | Prec 0.84 | F1 0.82 | Det Rec 0.90 | Det FA 0.16 | Epoch Time 953.14s (Eval 0.00s, Train 953.14s)
[STATE 2026-04-08 21:56:58] T5 Ep 2/10 complete: Prec 0.8414 F1 0.8199 DetRec 0.9037 DetFA 0.1562 | 953.14s total (0.00s eval/953.14s train)
[STATE 2026-04-08 21:56:58] Task 5 Epoch 3/10: entering train loop
T5 Ep 3/10 | L 0.3502 | Train Acc 0.87 | Prec 0.87 | F1 0.84 | Det Rec 0.91 | Det FA 0.14 | Epoch Time 953.48s (Eval 0.00s, Train 953.48s)
[STATE 2026-04-08 22:12:51] T5 Ep 3/10 complete: Prec 0.8661 F1 0.8444 DetRec 0.9117 DetFA 0.1435 | 953.48s total (0.00s eval/953.48s train)
[STATE 2026-04-08 22:12:51] Task 5 Epoch 4/10: entering train loop
T5 Ep 4/10 | L 0.3149 | Train Acc 0.88 | Prec 0.88 | F1 0.86 | Det Rec 0.92 | Det FA 0.13 | Epoch Time 954.20s (Eval 0.00s, Train 954.20s)
[STATE 2026-04-08 22:28:46] T5 Ep 4/10 complete: Prec 0.8814 F1 0.8607 DetRec 0.9191 DetFA 0.1316 | 954.20s total (0.00s eval/954.20s train)
[STATE 2026-04-08 22:28:46] Task 5 Epoch 5/10: entering train loop
T5 Ep 5/10 | L 0.2905 | Train Acc 0.90 | Prec 0.89 | F1 0.87 | Det Rec 0.92 | Det FA 0.13 | Epoch Time 953.28s (Eval 0.00s, Train 953.28s)
[STATE 2026-04-08 22:44:39] T5 Ep 5/10 complete: Prec 0.8916 F1 0.8714 DetRec 0.9227 DetFA 0.1268 | 953.28s total (0.00s eval/953.28s train)
[STATE 2026-04-08 22:44:39] Task 5 Epoch 6/10: entering train loop
T5 Ep 6/10 | L 0.2697 | Train Acc 0.90 | Prec 0.90 | F1 0.88 | Det Rec 0.93 | Det FA 0.12 | Epoch Time 975.96s (Eval 0.00s, Train 975.96s)
[STATE 2026-04-08 23:00:55] T5 Ep 6/10 complete: Prec 0.9014 F1 0.8808 DetRec 0.9256 DetFA 0.1220 | 975.96s total (0.00s eval/975.96s train)
[STATE 2026-04-08 23:00:55] Task 5 Epoch 7/10: entering train loop
T5 Ep 7/10 | L 0.2518 | Train Acc 0.91 | Prec 0.91 | F1 0.89 | Det Rec 0.93 | Det FA 0.12 | Epoch Time 966.16s (Eval 0.00s, Train 966.16s)
[STATE 2026-04-08 23:17:01] T5 Ep 7/10 complete: Prec 0.9087 F1 0.8885 DetRec 0.9292 DetFA 0.1158 | 966.16s total (0.00s eval/966.16s train)
[STATE 2026-04-08 23:17:01] Task 5 Epoch 8/10: entering train loop
T5 Ep 8/10 | L 0.2350 | Train Acc 0.92 | Prec 0.91 | F1 0.90 | Det Rec 0.93 | Det FA 0.11 | Epoch Time 918.17s (Eval 0.00s, Train 918.17s)
[STATE 2026-04-08 23:32:19] T5 Ep 8/10 complete: Prec 0.9140 F1 0.8955 DetRec 0.9322 DetFA 0.1118 | 918.17s total (0.00s eval/918.17s train)
[STATE 2026-04-08 23:32:19] Task 5 Epoch 9/10: entering train loop
T5 Ep 9/10 | L 0.2217 | Train Acc 0.93 | Prec 0.92 | F1 0.90 | Det Rec 0.93 | Det FA 0.11 | Epoch Time 931.63s (Eval 0.00s, Train 931.63s)
[STATE 2026-04-08 23:47:51] T5 Ep 9/10 complete: Prec 0.9210 F1 0.9026 DetRec 0.9350 DetFA 0.1067 | 931.63s total (0.00s eval/931.63s train)
[STATE 2026-04-08 23:47:51] Task 5 Epoch 10/10: entering train loop
T5 Ep 10/10 | L 0.2083 | Train Acc 0.93 | Prec 0.93 | F1 0.91 | Det Rec 0.94 | Det FA 0.10 | Epoch Time 896.18s (Eval 0.00s, Train 896.18s)
[STATE 2026-04-09 00:02:47] T5 Ep 10/10 complete: Prec 0.9255 F1 0.9079 DetRec 0.9385 DetFA 0.1005 | 896.18s total (0.00s eval/896.18s train)
[STATE 2026-04-09 00:02:47] Task 5: running final validation.
[STATE 2026-04-09 00:04:40] Completed task 5 (6/10)
Task 6: 17340 training samples, 6800 test samples.
[STATE 2026-04-09 00:04:41] Task 6: zero-shot validation (pre-train)
---- Zero-shot (pre-train) task 6: rec_cls 0.1181 | prec_cls 0.0530 | f1_cls 0.0333 | det 0.4366 | pfa 1.0000 | total_f1 0.4070 ----
[STATE 2026-04-09 00:06:25] Starting task 6 (7/10)
[STATE 2026-04-09 00:06:25] Task 6 Epoch 1/10: entering train loop
[STATE 2026-04-09 00:07:58] Task 6 Epoch 1/10: running validation (end of epoch)
---- Eval at Epoch 0: cls [0.12032949876938995, 0.21171493211013037, 0.12898018561470267, 0.2658406249443297, 0.34268415765961385, 0.34726603282687085, 0.5460407738849821] | det_recall [0.4123589551944167, 0.4754889998861489, 0.42260272345428995, 0.9815001231824845, 0.5, 0.5064271915974864, 1.0] | det_fa [0.6385341185648037, 0.9721280292018749, 0.7546514865182531, 0.0, 1.0, 0.9688888937054426, 0.0] ----
T6 Ep 1/10 | L 4.4288 | Train Acc 0.37 | Prec 0.37 | F1 0.42 | Det Rec 0.86 | Det FA 0.07 | Epoch Time 197.10s (Eval 104.81s, Train 92.29s)
[STATE 2026-04-09 00:09:42] T6 Ep 1/10 complete: Prec 0.3700 F1 0.4250 DetRec 0.8581 DetFA 0.0728 | 197.10s total (104.81s eval/92.29s train)
[STATE 2026-04-09 00:09:42] Task 6 Epoch 2/10: entering train loop
T6 Ep 2/10 | L 0.7794 | Train Acc 0.57 | Prec 0.57 | F1 0.64 | Det Rec 1.00 | Det FA 0.00 | Epoch Time 92.27s (Eval 0.00s, Train 92.27s)
[STATE 2026-04-09 00:11:15] T6 Ep 2/10 complete: Prec 0.5680 F1 0.6354 DetRec 1.0000 DetFA 0.0000 | 92.27s total (0.00s eval/92.27s train)
[STATE 2026-04-09 00:11:15] Task 6 Epoch 3/10: entering train loop
T6 Ep 3/10 | L 0.7420 | Train Acc 0.59 | Prec 0.60 | F1 0.65 | Det Rec 1.00 | Det FA 0.00 | Epoch Time 91.67s (Eval 0.00s, Train 91.67s)
[STATE 2026-04-09 00:12:46] T6 Ep 3/10 complete: Prec 0.5959 F1 0.6538 DetRec 1.0000 DetFA 0.0000 | 91.67s total (0.00s eval/91.67s train)
[STATE 2026-04-09 00:12:46] Task 6 Epoch 4/10: entering train loop
T6 Ep 4/10 | L 0.7270 | Train Acc 0.60 | Prec 0.61 | F1 0.66 | Det Rec 1.00 | Det FA 0.00 | Epoch Time 91.87s (Eval 0.00s, Train 91.87s)
[STATE 2026-04-09 00:14:18] T6 Ep 4/10 complete: Prec 0.6082 F1 0.6627 DetRec 1.0000 DetFA 0.0000 | 91.87s total (0.00s eval/91.87s train)
[STATE 2026-04-09 00:14:18] Task 6 Epoch 5/10: entering train loop
T6 Ep 5/10 | L 0.7197 | Train Acc 0.60 | Prec 0.61 | F1 0.67 | Det Rec 1.00 | Det FA 0.00 | Epoch Time 92.01s (Eval 0.00s, Train 92.01s)
[STATE 2026-04-09 00:15:50] T6 Ep 5/10 complete: Prec 0.6118 F1 0.6653 DetRec 1.0000 DetFA 0.0000 | 92.01s total (0.00s eval/92.01s train)
[STATE 2026-04-09 00:15:50] Task 6 Epoch 6/10: entering train loop
T6 Ep 6/10 | L 0.7075 | Train Acc 0.61 | Prec 0.62 | F1 0.67 | Det Rec 1.00 | Det FA 0.00 | Epoch Time 93.31s (Eval 0.00s, Train 93.31s)
[STATE 2026-04-09 00:17:23] T6 Ep 6/10 complete: Prec 0.6243 F1 0.6747 DetRec 1.0000 DetFA 0.0000 | 93.31s total (0.00s eval/93.31s train)
[STATE 2026-04-09 00:17:23] Task 6 Epoch 7/10: entering train loop
T6 Ep 7/10 | L 0.6947 | Train Acc 0.62 | Prec 0.64 | F1 0.68 | Det Rec 1.00 | Det FA 0.00 | Epoch Time 91.76s (Eval 0.00s, Train 91.76s)
[STATE 2026-04-09 00:18:55] T6 Ep 7/10 complete: Prec 0.6361 F1 0.6847 DetRec 1.0000 DetFA 0.0000 | 91.76s total (0.00s eval/91.76s train)
[STATE 2026-04-09 00:18:55] Task 6 Epoch 8/10: entering train loop
T6 Ep 8/10 | L 0.6781 | Train Acc 0.64 | Prec 0.65 | F1 0.70 | Det Rec 1.00 | Det FA 0.00 | Epoch Time 91.40s (Eval 0.00s, Train 91.40s)
[STATE 2026-04-09 00:20:27] T6 Ep 8/10 complete: Prec 0.6531 F1 0.6973 DetRec 1.0000 DetFA 0.0000 | 91.40s total (0.00s eval/91.40s train)
[STATE 2026-04-09 00:20:27] Task 6 Epoch 9/10: entering train loop
T6 Ep 9/10 | L 0.6617 | Train Acc 0.66 | Prec 0.67 | F1 0.71 | Det Rec 1.00 | Det FA 0.00 | Epoch Time 91.65s (Eval 0.00s, Train 91.65s)
[STATE 2026-04-09 00:21:58] T6 Ep 9/10 complete: Prec 0.6712 F1 0.7116 DetRec 1.0000 DetFA 0.0000 | 91.65s total (0.00s eval/91.65s train)
[STATE 2026-04-09 00:21:58] Task 6 Epoch 10/10: entering train loop
T6 Ep 10/10 | L 0.6257 | Train Acc 0.67 | Prec 0.68 | F1 0.72 | Det Rec 1.00 | Det FA 0.00 | Epoch Time 91.82s (Eval 0.00s, Train 91.82s)
[STATE 2026-04-09 00:23:30] T6 Ep 10/10 complete: Prec 0.6849 F1 0.7230 DetRec 1.0000 DetFA 0.0000 | 91.82s total (0.00s eval/91.82s train)
[STATE 2026-04-09 00:23:30] Task 6: running final validation.
[STATE 2026-04-09 00:25:15] Completed task 6 (7/10)
Task 7: 188050 training samples, 94025 test samples.
[STATE 2026-04-09 00:25:15] Task 7: zero-shot validation (pre-train)
---- Zero-shot (pre-train) task 7: rec_cls 0.2166 | prec_cls 0.2390 | f1_cls 0.1189 | det 0.5000 | pfa 1.0000 | total_f1 0.3787 ----
[STATE 2026-04-09 00:27:30] Starting task 7 (8/10)
[STATE 2026-04-09 00:27:30] Task 7 Epoch 1/10: entering train loop
[STATE 2026-04-09 00:46:46] Task 7 Epoch 1/10: running validation (end of epoch)
---- Eval at Epoch 0: cls [0.3911559539153347, 0.3139301511359145, 0.23511427415136446, 0.5019951257496641, 0.3364977647176804, 0.5770322027037611, 0.309574387566137, 0.8337684762535171] | det_recall [0.7620581673574361, 0.5763978766510901, 0.8029296408354234, 0.9935727551756338, 0.9998829588014981, 0.8981770802100647, 0.5, 0.8743205944797152] | det_fa [0.41004709620914415, 0.7542232453058662, 0.20112126084938453, 0.008068548360448872, 0.0, 0.0854989353924904, 1.0, 0.19407531573508222] ----
T7 Ep 1/10 | L 1.1175 | Train Acc 0.73 | Prec 0.75 | F1 0.71 | Det Rec 0.84 | Det FA 0.23 | Epoch Time 1291.12s (Eval 134.55s, Train 1156.57s)
[STATE 2026-04-09 00:49:01] T7 Ep 1/10 complete: Prec 0.7463 F1 0.7123 DetRec 0.8447 DetFA 0.2348 | 1291.12s total (134.55s eval/1156.57s train)
[STATE 2026-04-09 00:49:01] Task 7 Epoch 2/10: entering train loop
T7 Ep 2/10 | L 0.3590 | Train Acc 0.86 | Prec 0.87 | F1 0.84 | Det Rec 0.89 | Det FA 0.17 | Epoch Time 1155.75s (Eval 0.00s, Train 1155.75s)
[STATE 2026-04-09 01:08:16] T7 Ep 2/10 complete: Prec 0.8738 F1 0.8407 DetRec 0.8896 DetFA 0.1656 | 1155.75s total (0.00s eval/1155.75s train)
[STATE 2026-04-09 01:08:16] Task 7 Epoch 3/10: entering train loop
T7 Ep 3/10 | L 0.3166 | Train Acc 0.88 | Prec 0.89 | F1 0.86 | Det Rec 0.90 | Det FA 0.15 | Epoch Time 1157.18s (Eval 0.00s, Train 1157.18s)
[STATE 2026-04-09 01:27:34] T7 Ep 3/10 complete: Prec 0.8890 F1 0.8583 DetRec 0.8978 DetFA 0.1527 | 1157.18s total (0.00s eval/1157.18s train)
[STATE 2026-04-09 01:27:34] Task 7 Epoch 4/10: entering train loop
T7 Ep 4/10 | L 0.2906 | Train Acc 0.89 | Prec 0.90 | F1 0.87 | Det Rec 0.90 | Det FA 0.15 | Epoch Time 1157.02s (Eval 0.00s, Train 1157.02s)
[STATE 2026-04-09 01:46:51] T7 Ep 4/10 complete: Prec 0.9001 F1 0.8696 DetRec 0.9009 DetFA 0.1494 | 1157.02s total (0.00s eval/1157.02s train)
[STATE 2026-04-09 01:46:51] Task 7 Epoch 5/10: entering train loop
T7 Ep 5/10 | L 0.2717 | Train Acc 0.90 | Prec 0.91 | F1 0.88 | Det Rec 0.90 | Det FA 0.14 | Epoch Time 1156.73s (Eval 0.00s, Train 1156.73s)
[STATE 2026-04-09 02:06:07] T7 Ep 5/10 complete: Prec 0.9066 F1 0.8773 DetRec 0.9042 DetFA 0.1445 | 1156.73s total (0.00s eval/1156.73s train)
[STATE 2026-04-09 02:06:07] Task 7 Epoch 6/10: entering train loop
T7 Ep 6/10 | L 0.2554 | Train Acc 0.91 | Prec 0.91 | F1 0.89 | Det Rec 0.91 | Det FA 0.14 | Epoch Time 1158.76s (Eval 0.00s, Train 1158.76s)
[STATE 2026-04-09 02:25:26] T7 Ep 6/10 complete: Prec 0.9140 F1 0.8851 DetRec 0.9087 DetFA 0.1368 | 1158.76s total (0.00s eval/1158.76s train)
[STATE 2026-04-09 02:25:26] Task 7 Epoch 7/10: entering train loop
T7 Ep 7/10 | L 0.2393 | Train Acc 0.91 | Prec 0.92 | F1 0.89 | Det Rec 0.91 | Det FA 0.14 | Epoch Time 1156.52s (Eval 0.00s, Train 1156.52s)
[STATE 2026-04-09 02:44:43] T7 Ep 7/10 complete: Prec 0.9199 F1 0.8912 DetRec 0.9103 DetFA 0.1354 | 1156.52s total (0.00s eval/1156.52s train)
[STATE 2026-04-09 02:44:43] Task 7 Epoch 8/10: entering train loop
T7 Ep 8/10 | L 0.2294 | Train Acc 0.92 | Prec 0.92 | F1 0.90 | Det Rec 0.91 | Det FA 0.13 | Epoch Time 1156.15s (Eval 0.00s, Train 1156.15s)
[STATE 2026-04-09 03:03:59] T7 Ep 8/10 complete: Prec 0.9249 F1 0.8972 DetRec 0.9141 DetFA 0.1288 | 1156.15s total (0.00s eval/1156.15s train)
[STATE 2026-04-09 03:03:59] Task 7 Epoch 9/10: entering train loop
T7 Ep 9/10 | L 0.2178 | Train Acc 0.92 | Prec 0.93 | F1 0.90 | Det Rec 0.92 | Det FA 0.13 | Epoch Time 1193.84s (Eval 0.00s, Train 1193.84s)
[STATE 2026-04-09 03:23:53] T7 Ep 9/10 complete: Prec 0.9288 F1 0.9018 DetRec 0.9159 DetFA 0.1267 | 1193.84s total (0.00s eval/1193.84s train)
[STATE 2026-04-09 03:23:53] Task 7 Epoch 10/10: entering train loop
T7 Ep 10/10 | L 0.2066 | Train Acc 0.93 | Prec 0.93 | F1 0.91 | Det Rec 0.92 | Det FA 0.12 | Epoch Time 1165.35s (Eval 0.00s, Train 1165.35s)
[STATE 2026-04-09 03:43:18] T7 Ep 10/10 complete: Prec 0.9335 F1 0.9066 DetRec 0.9183 DetFA 0.1228 | 1165.35s total (0.00s eval/1165.35s train)
[STATE 2026-04-09 03:43:18] Task 7: running final validation.
[STATE 2026-04-09 03:45:31] Completed task 7 (8/10)
Task 8: 36658 training samples, 12220 test samples.
[STATE 2026-04-09 03:45:31] Task 8: zero-shot validation (pre-train)
---- Zero-shot (pre-train) task 8: rec_cls 0.1585 | prec_cls 0.0373 | f1_cls 0.0268 | det 0.5000 | pfa 1.0000 | total_f1 0.4235 ----
[STATE 2026-04-09 03:47:48] Starting task 8 (9/10)
[STATE 2026-04-09 03:47:48] Task 8 Epoch 1/10: entering train loop
[STATE 2026-04-09 03:51:52] Task 8 Epoch 1/10: running validation (end of epoch)
---- Eval at Epoch 0: cls [0.36562334476973046, 0.31790184590560455, 0.20678128732004297, 0.19011726955981978, 0.22316858661616729, 0.3024491204491394, 0.28199863917446477, 0.4843818715939126, 0.7582183145906974] | det_recall [0.8087246693850251, 0.5270208953911398, 0.7375617949760439, 0.9828520803912746, 0.999761984767025, 0.502827895308293, 0.5, 0.7150602783602433, 0.7893251296148617] | det_fa [0.35300798310938447, 0.8666979966299418, 0.4500318888705876, 0.000459162353068047, 0.0, 0.9883463994654275, 1.0, 0.5259644429622357, 0.3795196114646931] ----
T8 Ep 1/10 | L 2.9381 | Train Acc 0.50 | Prec 0.47 | F1 0.39 | Det Rec 0.72 | Det FA 0.47 | Epoch Time 381.02s (Eval 136.70s, Train 244.33s)
[STATE 2026-04-09 03:54:09] T8 Ep 1/10 complete: Prec 0.4746 F1 0.3910 DetRec 0.7238 DetFA 0.4675 | 381.02s total (136.70s eval/244.33s train)
[STATE 2026-04-09 03:54:09] Task 8 Epoch 2/10: entering train loop
T8 Ep 2/10 | L 0.6323 | Train Acc 0.81 | Prec 0.80 | F1 0.65 | Det Rec 0.79 | Det FA 0.39 | Epoch Time 244.05s (Eval 0.00s, Train 244.05s)
[STATE 2026-04-09 03:58:13] T8 Ep 2/10 complete: Prec 0.7984 F1 0.6502 DetRec 0.7902 DetFA 0.3934 | 244.05s total (0.00s eval/244.05s train)
[STATE 2026-04-09 03:58:13] Task 8 Epoch 3/10: entering train loop
T8 Ep 3/10 | L 0.5122 | Train Acc 0.85 | Prec 0.84 | F1 0.69 | Det Rec 0.80 | Det FA 0.38 | Epoch Time 244.95s (Eval 0.00s, Train 244.95s)
[STATE 2026-04-09 04:02:18] T8 Ep 3/10 complete: Prec 0.8435 F1 0.6880 DetRec 0.7971 DetFA 0.3819 | 244.95s total (0.00s eval/244.95s train)
[STATE 2026-04-09 04:02:18] Task 8 Epoch 4/10: entering train loop
T8 Ep 4/10 | L 0.4539 | Train Acc 0.88 | Prec 0.87 | F1 0.71 | Det Rec 0.80 | Det FA 0.37 | Epoch Time 261.38s (Eval 0.00s, Train 261.38s)
[STATE 2026-04-09 04:06:39] T8 Ep 4/10 complete: Prec 0.8686 F1 0.7069 DetRec 0.8006 DetFA 0.3726 | 261.38s total (0.00s eval/261.38s train)
[STATE 2026-04-09 04:06:39] Task 8 Epoch 5/10: entering train loop
T8 Ep 5/10 | L 0.4120 | Train Acc 0.89 | Prec 0.88 | F1 0.72 | Det Rec 0.81 | Det FA 0.37 | Epoch Time 244.84s (Eval 0.00s, Train 244.84s)
[STATE 2026-04-09 04:10:44] T8 Ep 5/10 complete: Prec 0.8802 F1 0.7184 DetRec 0.8054 DetFA 0.3656 | 244.84s total (0.00s eval/244.84s train)
[STATE 2026-04-09 04:10:44] Task 8 Epoch 6/10: entering train loop
T8 Ep 6/10 | L 0.3785 | Train Acc 0.90 | Prec 0.90 | F1 0.73 | Det Rec 0.81 | Det FA 0.36 | Epoch Time 244.99s (Eval 0.00s, Train 244.99s)
[STATE 2026-04-09 04:14:49] T8 Ep 6/10 complete: Prec 0.8974 F1 0.7291 DetRec 0.8093 DetFA 0.3572 | 244.99s total (0.00s eval/244.99s train)
[STATE 2026-04-09 04:14:49] Task 8 Epoch 7/10: entering train loop
T8 Ep 7/10 | L 0.3567 | Train Acc 0.91 | Prec 0.90 | F1 0.74 | Det Rec 0.81 | Det FA 0.35 | Epoch Time 244.88s (Eval 0.00s, Train 244.88s)
[STATE 2026-04-09 04:18:54] T8 Ep 7/10 complete: Prec 0.9036 F1 0.7377 DetRec 0.8121 DetFA 0.3527 | 244.88s total (0.00s eval/244.88s train)
[STATE 2026-04-09 04:18:54] Task 8 Epoch 8/10: entering train loop
T8 Ep 8/10 | L 0.3354 | Train Acc 0.92 | Prec 0.92 | F1 0.74 | Det Rec 0.81 | Det FA 0.35 | Epoch Time 243.52s (Eval 0.00s, Train 243.52s)
[STATE 2026-04-09 04:22:58] T8 Ep 8/10 complete: Prec 0.9155 F1 0.7432 DetRec 0.8133 DetFA 0.3500 | 243.52s total (0.00s eval/243.52s train)
[STATE 2026-04-09 04:22:58] Task 8 Epoch 9/10: entering train loop
T8 Ep 9/10 | L 0.3176 | Train Acc 0.93 | Prec 0.93 | F1 0.75 | Det Rec 0.82 | Det FA 0.34 | Epoch Time 243.81s (Eval 0.00s, Train 243.81s)
[STATE 2026-04-09 04:27:01] T8 Ep 9/10 complete: Prec 0.9252 F1 0.7498 DetRec 0.8174 DetFA 0.3428 | 243.81s total (0.00s eval/243.81s train)
[STATE 2026-04-09 04:27:01] Task 8 Epoch 10/10: entering train loop
T8 Ep 10/10 | L 0.2937 | Train Acc 0.94 | Prec 0.93 | F1 0.76 | Det Rec 0.82 | Det FA 0.33 | Epoch Time 245.46s (Eval 0.00s, Train 245.46s)
[STATE 2026-04-09 04:31:07] T8 Ep 10/10 complete: Prec 0.9322 F1 0.7578 DetRec 0.8215 DetFA 0.3342 | 245.46s total (0.00s eval/245.46s train)
[STATE 2026-04-09 04:31:07] Task 8: running final validation.
[STATE 2026-04-09 04:33:24] Completed task 8 (9/10)
Task 9: 17340 training samples, 6800 test samples.
[STATE 2026-04-09 04:33:24] Task 9: zero-shot validation (pre-train)
---- Zero-shot (pre-train) task 9: rec_cls 0.1127 | prec_cls 0.1244 | f1_cls 0.0549 | det 0.3341 | pfa 1.0000 | total_f1 0.4479 ----
[STATE 2026-04-09 04:35:42] Starting task 9 (10/10)
[STATE 2026-04-09 04:35:42] Task 9 Epoch 1/10: entering train loop
[STATE 2026-04-09 04:37:44] Task 9 Epoch 1/10: running validation (end of epoch)
---- Eval at Epoch 0: cls [0.2824374674187164, 0.3847613850384856, 0.21146761914418816, 0.3616259838280056, 0.32388517333008326, 0.3168470610580203, 0.40107398848534287, 0.3502855019711565, 0.19121615852950768, 0.4257734366275237] | det_recall [0.7070259996195042, 0.531879939685286, 0.6921418792075408, 0.9909159750062608, 1.0, 0.5293526082232328, 0.5103882404026064, 0.6759666197653089, 0.5, 1.0] | det_fa [0.308987434326062, 0.9058280830828348, 0.5059012903739496, 0.00292985985050845, 0.0, 0.90705907301089, 0.9792235191947871, 0.579118363509523, 1.0, 0.0] ----
T9 Ep 1/10 | L 3.3818 | Train Acc 0.35 | Prec 0.34 | F1 0.39 | Det Rec 0.90 | Det FA 0.10 | Epoch Time 260.75s (Eval 138.89s, Train 121.86s)
[STATE 2026-04-09 04:40:03] T9 Ep 1/10 complete: Prec 0.3376 F1 0.3915 DetRec 0.9049 DetFA 0.0979 | 260.75s total (138.89s eval/121.86s train)
[STATE 2026-04-09 04:40:03] Task 9 Epoch 2/10: entering train loop
T9 Ep 2/10 | L 0.8093 | Train Acc 0.45 | Prec 0.45 | F1 0.51 | Det Rec 1.00 | Det FA 0.00 | Epoch Time 121.96s (Eval 0.00s, Train 121.96s)
[STATE 2026-04-09 04:42:05] T9 Ep 2/10 complete: Prec 0.4525 F1 0.5100 DetRec 1.0000 DetFA 0.0000 | 121.96s total (0.00s eval/121.96s train)
[STATE 2026-04-09 04:42:05] Task 9 Epoch 3/10: entering train loop
T9 Ep 3/10 | L 0.7638 | Train Acc 0.48 | Prec 0.48 | F1 0.54 | Det Rec 1.00 | Det FA 0.00 | Epoch Time 122.14s (Eval 0.00s, Train 122.14s)
[STATE 2026-04-09 04:44:07] T9 Ep 3/10 complete: Prec 0.4791 F1 0.5379 DetRec 1.0000 DetFA 0.0000 | 122.14s total (0.00s eval/122.14s train)
[STATE 2026-04-09 04:44:07] Task 9 Epoch 4/10: entering train loop
T9 Ep 4/10 | L 0.7306 | Train Acc 0.51 | Prec 0.51 | F1 0.57 | Det Rec 1.00 | Det FA 0.00 | Epoch Time 122.25s (Eval 0.00s, Train 122.25s)
[STATE 2026-04-09 04:46:09] T9 Ep 4/10 complete: Prec 0.5078 F1 0.5666 DetRec 1.0000 DetFA 0.0000 | 122.25s total (0.00s eval/122.25s train)
[STATE 2026-04-09 04:46:09] Task 9 Epoch 5/10: entering train loop
T9 Ep 5/10 | L 0.7030 | Train Acc 0.54 | Prec 0.54 | F1 0.61 | Det Rec 1.00 | Det FA 0.00 | Epoch Time 122.17s (Eval 0.00s, Train 122.17s)
[STATE 2026-04-09 04:48:12] T9 Ep 5/10 complete: Prec 0.5431 F1 0.6055 DetRec 1.0000 DetFA 0.0000 | 122.17s total (0.00s eval/122.17s train)
[STATE 2026-04-09 04:48:12] Task 9 Epoch 6/10: entering train loop
T9 Ep 6/10 | L 0.6689 | Train Acc 0.57 | Prec 0.57 | F1 0.63 | Det Rec 1.00 | Det FA 0.00 | Epoch Time 121.99s (Eval 0.00s, Train 121.99s)
[STATE 2026-04-09 04:50:14] T9 Ep 6/10 complete: Prec 0.5699 F1 0.6341 DetRec 1.0000 DetFA 0.0000 | 121.99s total (0.00s eval/121.99s train)
[STATE 2026-04-09 04:50:14] Task 9 Epoch 7/10: entering train loop
T9 Ep 7/10 | L 0.6300 | Train Acc 0.60 | Prec 0.60 | F1 0.66 | Det Rec 1.00 | Det FA 0.00 | Epoch Time 121.74s (Eval 0.00s, Train 121.74s)
[STATE 2026-04-09 04:52:15] T9 Ep 7/10 complete: Prec 0.5998 F1 0.6570 DetRec 1.0000 DetFA 0.0000 | 121.74s total (0.00s eval/121.74s train)
[STATE 2026-04-09 04:52:15] Task 9 Epoch 8/10: entering train loop
T9 Ep 8/10 | L 0.6101 | Train Acc 0.61 | Prec 0.62 | F1 0.67 | Det Rec 1.00 | Det FA 0.00 | Epoch Time 121.52s (Eval 0.00s, Train 121.52s)
[STATE 2026-04-09 04:54:17] T9 Ep 8/10 complete: Prec 0.6161 F1 0.6686 DetRec 1.0000 DetFA 0.0000 | 121.52s total (0.00s eval/121.52s train)
[STATE 2026-04-09 04:54:17] Task 9 Epoch 9/10: entering train loop
T9 Ep 9/10 | L 0.5822 | Train Acc 0.63 | Prec 0.63 | F1 0.69 | Det Rec 1.00 | Det FA 0.00 | Epoch Time 121.98s (Eval 0.00s, Train 121.98s)
[STATE 2026-04-09 04:56:19] T9 Ep 9/10 complete: Prec 0.6319 F1 0.6861 DetRec 1.0000 DetFA 0.0000 | 121.98s total (0.00s eval/121.98s train)
[STATE 2026-04-09 04:56:19] Task 9 Epoch 10/10: entering train loop
T9 Ep 10/10 | L 0.5596 | Train Acc 0.64 | Prec 0.64 | F1 0.70 | Det Rec 1.00 | Det FA 0.00 | Epoch Time 121.90s (Eval 0.00s, Train 121.90s)
[STATE 2026-04-09 04:58:21] T9 Ep 10/10 complete: Prec 0.6426 F1 0.6961 DetRec 1.0000 DetFA 0.0000 | 121.90s total (0.00s eval/121.90s train)
[STATE 2026-04-09 04:58:21] Task 9: running final validation.
[STATE 2026-04-09 05:00:40] Completed task 9 (10/10)
####Final Validation Accuracy####
Final Results:- 
 Total Recall: 0.4093393257001316 
 Individual Recall: [0.4074885514036542, 0.46169682171413184, 0.23049078311690283, 0.44482726022517954, 0.3070137737417659, 0.39262878403228313, 0.46743297101586007, 0.4664184716920007, 0.32781943683923853, 0.5875764032202995]
Final Detection Results:- 
 Total Detection: 0.8112736629364674 
 Individual Detection: [0.8395206192522595, 0.5870941704893198, 0.7332355684081536, 0.9923174485911735, 1.0, 0.7345283136252982, 0.9991768698284459, 0.726863639170023, 0.5, 1.0]
Final Detection False Alarm:- 
 Total False Alarm: 0.33082776967648164 
 Individual False Alarm: [0.21629631664689805, 0.7364035275760373, 0.4389118098722466, 0.0016841242674523285, 0.0, 0.4411391294170017, 0.0016462603431082173, 0.4721965286420723, 1.0, 0.0]
SUMMARY_TR cls_rec=0.6449 cls_prec=0.6426 cls_f1=0.6961 det=0.7138 fa=0.5189
SUMMARY_TE cls_rec=0.4093 cls_prec=0.4243 cls_f1=0.4019 det=0.8113 fa=0.3308
[STATE 2026-04-09 05:00:40] Saving results to logs//agem/full-tasks-2_all-10epochs_weighted-loss-2026-04-08_17-09-39-1418/0/results
Model size: 0.0289 GB
Memory buffer size: 0.0196 GB
logs//agem/full-tasks-2_all-10epochs_weighted-loss-2026-04-08_17-09-39-1418/0/results: {'expt_name': 'full-tasks-2_all-10epochs_weighted-loss', 'model': 'agem', 'arch': 'resnet1d', 'n_hiddens': 100, 'n_layers': 2, 'xav_init': False, 'debug': False, 'use_detector_arch': False, 'glances': 1, 'n_epochs': 10, 'batch_size': 256, 'replay_batch_size': 128, 'memories': 5120, 'lr': 0.01, 'optimizer': 'sgd', 'class_weighted_ce': True, 'cuda': True, 'seed': 0, 'log_every': 10, 'log_dir': 'logs//agem/full-tasks-2_all-10epochs_weighted-loss-2026-04-08_17-09-39-1418/0', 'tf_dir': 'logs//agem/full-tasks-2_all-10epochs_weighted-loss-2026-04-08_17-09-39-1418/0/tfdir', 'calc_test_accuracy': False, 'state_logging': True, 'data_path': 'data/rff/radar/full', 'task_order_files': 't2-rcn,t0-rcn,t2-uclresm-25noise,t0-deeprad,t1-deeprad,t1-uclresm-25noise,t3-deeprad,t0-uclresm-25noise,t1-rcn,t2-deeprad', 'loader': 'task_incremental_loader', 'samples_per_task': -1, 'shuffle_tasks': False, 'classes_per_it': 6, 'iterations': 5000, 'dataset': 'iq', 'workers': 0, 'validation': 0.5, 'data_scaling': 'normalize', 'use_iq_aug_features': False, 'iq_aug_feature_type': 'power', 'class_order': 'random', 'increment': 5, 'test_batch_size': 512, 'nc_per_task': None, 'nc_per_task_list': '', 'val_rate': 1000, 'opt_lr': 0.1, 'opt_wt': 0.1, 'alpha_init': 0.001, 'learn_lr': False, 'sync_update': False, 'grad_clip_norm': 5.0, 'meta_batches': 3, 'use_old_task_memory': False, 'second_order': False, 'n_memories': 5120, 'memory_strength': 0, 'steps_per_sample': 1, 'bgd_optimizer': 'sgd', 'optimizer_params': '{}', 'train_mc_iters': 5, 'std_init': 0.05, 'mean_eta': 1, 'fisher_gamma': 0.95, 'rln': 7, 'update_steps': 10, 'meta_lr': 0.001, 'update_lr': 0.1, 'ctx_lr': 0.05, 'n_meta': 1, 'inner_steps': 1, 'temperature': 5.0, 'task_emb': 64, 'classes_per_task': [6, 7, 6, 7, 7, 6, 6, 6, 7, 6], 'get_samples_per_task': <bound method IncrementalLoader.get_samples_per_task of <dataloaders.task_incremental_loader.IncrementalLoader object at 0x7bcb9e6464e0>>} # val: 0.786 0.409 -0.376 0.000 # sizes: model_gb=0.0289 mem_gb=0.0196 # 42597.640726327896
[STATE 2026-04-09 05:00:40] results.pt components (approx): state_dict 29.6 MB, result_val_t 0.1 KB, result_val_a 0.8 KB
[STATE 2026-04-09 05:00:40] Results saved; total runtime 11.83h
Total runtime: 11.83 hours
