[STATE 2026-04-24 19:00:03] Enabling terminal logging to logs//ucl/full-tasks_CIL_all-2026-04-24_19-00-03-8731/0/terminal.log
New Experiment Starting...
Running model:  ucl_bresnet
[STATE 2026-04-24 19:00:03] Experiment 'full-tasks_CIL_all' starting with model 'ucl_bresnet' (seed 0)
Set seed 0
t2-rcn.npz train: x=(50362, 1024), y=(50362, 2)
t2-rcn.npz test: x=(16787, 1024), y=(16787, 2)
t2-rcn.npz: applied data scaling mode 'normalize'.
Loaded t2-rcn.npz: Unique train labels: UniqueCountsResult(values=array([-1,  3,  5, 10, 12, 15]), counts=array([24209,  5770,  3030,  2320,  7509,  7524]))
Noise labels ratio in t2-rcn.npz train: 0.24, test: 0.24
Loaded t2-rcn.npz: Remapped labels: [0 1 2 3 4 5]. Size: 50362)
t0-rcn.npz train: x=(51916, 1024), y=(51916, 2)
t0-rcn.npz test: x=(17305, 1024), y=(17305, 2)
t0-rcn.npz: applied data scaling mode 'normalize'.
Loaded t0-rcn.npz: Unique train labels: UniqueCountsResult(values=array([-1,  1,  8,  9, 11, 13, 14]), counts=array([24225,  4268,  2495,  2943,  3015,  7464,  7506]))
Noise labels ratio in t0-rcn.npz train: 0.23, test: 0.23
Loaded t0-rcn.npz: Remapped labels: [ 6  7  8  9 10 11 12]. Size: 51916)
t2-uclresm-25noise.npz train: moved sample axis (3, 350028, 1024) -> (350028, 3, 1024)
t2-uclresm-25noise.npz test: moved sample axis (3, 233351, 1024) -> (233351, 3, 1024)
t2-uclresm-25noise.npz train: x=(350028, 3, 1024), y=(350028,)
t2-uclresm-25noise.npz test: x=(233351, 3, 1024), y=(233351,)
t2-uclresm-25noise.npz: applied data scaling mode 'normalize'.
Loaded t2-uclresm-25noise.npz: Unique train labels: UniqueCountsResult(values=array([-1,  0,  1,  2,  3,  4]), counts=array([87441, 27347, 71754, 64298, 36005, 63183]))
Noise labels ratio in t2-uclresm-25noise.npz train: 0.25, test: 0.25
Loaded t2-uclresm-25noise.npz: Remapped labels: [13 14 15 16 17 18]. Size: 350028)
t0-deeprad.npz train: x=(24480, 1024), y=(24480, 2)
t0-deeprad.npz test: x=(8160, 1024), y=(8160, 2)
t0-deeprad.npz: applied data scaling mode 'normalize'.
Loaded t0-deeprad.npz: Unique train labels: UniqueCountsResult(values=array([-1,  0,  1,  2,  3,  4,  5]), counts=array([12240,  2029,  1983,  2043,  2154,  2015,  2016]))
Noise labels ratio in t0-deeprad.npz train: 0.25, test: 0.25
Loaded t0-deeprad.npz: Remapped labels: [19 20 21 22 23 24 25]. Size: 24480)
t1-deeprad.npz train: x=(24480, 1024), y=(24480, 2)
t1-deeprad.npz test: x=(8160, 1024), y=(8160, 2)
t1-deeprad.npz: applied data scaling mode 'normalize'.
Loaded t1-deeprad.npz: Unique train labels: UniqueCountsResult(values=array([-1,  0,  1,  2,  3,  4,  5]), counts=array([12240,  1988,  2029,  2054,  1988,  2053,  2128]))
Noise labels ratio in t1-deeprad.npz train: 0.25, test: 0.25
Loaded t1-deeprad.npz: Remapped labels: [26 27 28 29 30 31 32]. Size: 24480)
t1-uclresm-25noise.npz train: moved sample axis (3, 201410, 1024) -> (201410, 3, 1024)
t1-uclresm-25noise.npz test: moved sample axis (3, 116291, 1024) -> (116291, 3, 1024)
t1-uclresm-25noise.npz train: x=(201410, 3, 1024), y=(201410,)
t1-uclresm-25noise.npz test: x=(116291, 3, 1024), y=(116291,)
t1-uclresm-25noise.npz: applied data scaling mode 'normalize'.
Loaded t1-uclresm-25noise.npz: Unique train labels: UniqueCountsResult(values=array([-1,  0,  1,  2,  3,  4]), counts=array([43668, 18021, 17838, 18087, 31870, 71926]))
Noise labels ratio in t1-uclresm-25noise.npz train: 0.22, test: 0.25
Loaded t1-uclresm-25noise.npz: Remapped labels: [33 34 35 36 37 38]. Size: 201410)
t3-deeprad.npz train: x=(17340, 1024), y=(17340, 2)
t3-deeprad.npz test: x=(6800, 1024), y=(6800, 2)
t3-deeprad.npz: applied data scaling mode 'normalize'.
Loaded t3-deeprad.npz: Unique train labels: UniqueCountsResult(values=array([-1,  0,  1,  2,  3,  4]), counts=array([8670, 1693, 1677, 1794, 1716, 1790]))
Noise labels ratio in t3-deeprad.npz train: 0.25, test: 0.25
Loaded t3-deeprad.npz: Remapped labels: [39 40 41 42 43 44]. Size: 17340)
t0-uclresm-25noise.npz train: moved sample axis (3, 188050, 1024) -> (188050, 3, 1024)
t0-uclresm-25noise.npz test: moved sample axis (3, 107348, 1024) -> (107348, 3, 1024)
t0-uclresm-25noise.npz train: x=(188050, 3, 1024), y=(188050,)
t0-uclresm-25noise.npz test: x=(107348, 3, 1024), y=(107348,)
t0-uclresm-25noise.npz: applied data scaling mode 'normalize'.
Loaded t0-uclresm-25noise.npz: Unique train labels: UniqueCountsResult(values=array([-1,  0,  1,  2,  3,  4]), counts=array([40144, 32109, 17978, 17979, 18098, 61742]))
Noise labels ratio in t0-uclresm-25noise.npz train: 0.21, test: 0.25
Loaded t0-uclresm-25noise.npz: Remapped labels: [45 46 47 48 49 50]. Size: 188050)
t1-rcn.npz train: x=(36658, 1024), y=(36658, 2)
t1-rcn.npz test: x=(12220, 1024), y=(12220, 2)
t1-rcn.npz: applied data scaling mode 'normalize'.
Loaded t1-rcn.npz: Unique train labels: UniqueCountsResult(values=array([-1,  0,  2,  4,  6,  7, 16]), counts=array([20595,   824,  2087,  2606,  2396,  1716,  6434]))
Noise labels ratio in t1-rcn.npz train: 0.28, test: 0.28
Loaded t1-rcn.npz: Remapped labels: [51 52 53 54 55 56 57]. Size: 36658)
t2-deeprad.npz train: x=(17340, 1024), y=(17340, 2)
t2-deeprad.npz test: x=(6800, 1024), y=(6800, 2)
t2-deeprad.npz: applied data scaling mode 'normalize'.
Loaded t2-deeprad.npz: Unique train labels: UniqueCountsResult(values=array([-1,  0,  1,  2,  3,  4]), counts=array([8670, 1774, 1675, 1777, 1694, 1750]))
Noise labels ratio in t2-deeprad.npz train: 0.25, test: 0.25
Loaded t2-deeprad.npz: Remapped labels: [58 59 60 61 62 63]. Size: 17340)
Built classes_per_task: [6, 7, 6, 7, 7, 6, 6, 6, 7, 6]
Classes per task: [6, 7, 6, 7, 7, 6, 6, 6, 7, 6]
[STATE 2026-04-24 19:01:09] Loader 'task_incremental_loader' ready: 1024 inputs, 64 outputs, 10 tasks
n_outputs: 64 	n_tasks: 10
[STATE 2026-04-24 19:01:09] Logging to logs//ucl/full-tasks_CIL_all-2026-04-24_19-00-03-8731/0
True
Model device: cuda:0
[STATE 2026-04-24 19:01:11] Model initialized on device cuda:0
[STATE 2026-04-24 19:01:11] Invoking continual life experience flow
[STATE 2026-04-24 19:01:11] Life experience start: 10 tasks queued
Task 0: 50362 training samples, 16787 test samples.
[STATE 2026-04-24 19:01:11] Task 0: zero-shot validation (pre-train)
---- Zero-shot (pre-train) task 0: rec_cls 0.2000 | prec_cls 0.0229 | f1_cls 0.0186 | det 0.5000 | pfa 1.0000 | total_f1 0.0186 ----
[STATE 2026-04-24 19:01:29] Starting task 0 (1/10)
[STATE 2026-04-24 19:01:29] Task 0 Epoch 1/1: entering train loop
[STATE 2026-04-24 19:07:48] Task 0 Epoch 1/1: running validation (end of epoch)
---- Eval at Epoch 0: cls [0.661753763092693] | det_recall [0.5107484875930789] | det_fa [0.9604975106761393] ----
T0 Ep 1/1 | L 0.8016 | Train Acc 0.70 | Prec 0.73 | F1 0.66 | Det Rec 0.83 | Det FA 0.28 | Epoch Time 396.15s (Eval 17.07s, Train 379.08s)
[STATE 2026-04-24 19:08:05] T0 Ep 1/1 complete: Prec 0.7349 F1 0.6601 DetRec 0.8300 DetFA 0.2753 | 396.15s total (17.07s eval/379.08s train)
[STATE 2026-04-24 19:08:05] Task 0: running final validation.
[STATE 2026-04-24 19:08:22] Completed task 0 (1/10)
Task 1: 51916 training samples, 17305 test samples.
[STATE 2026-04-24 19:08:22] Task 1: zero-shot validation (pre-train)
---- Zero-shot (pre-train) task 1: rec_cls 0.2429 | prec_cls 0.2467 | f1_cls 0.0826 | det 0.5000 | pfa 1.0000 | total_f1 0.2545 ----
[STATE 2026-04-24 19:08:57] Starting task 1 (2/10)
[STATE 2026-04-24 19:08:57] Task 1 Epoch 1/1: entering train loop
[STATE 2026-04-24 19:15:51] Task 1 Epoch 1/1: running validation (end of epoch)
---- Eval at Epoch 0: cls [0.20520933390482135, 0.25098657833534577] | det_recall [0.5075847558013128, 0.49936800805422715] | det_fa [0.9117521077688737, 0.9891503432499347] ----
T1 Ep 1/1 | L 0.8178 | Train Acc 0.71 | Prec 0.77 | F1 0.60 | Det Rec 0.71 | Det FA 0.51 | Epoch Time 449.43s (Eval 34.82s, Train 414.61s)
[STATE 2026-04-24 19:16:26] T1 Ep 1/1 complete: Prec 0.7736 F1 0.6017 DetRec 0.7093 DetFA 0.5087 | 449.43s total (34.82s eval/414.61s train)
[STATE 2026-04-24 19:16:26] Task 1: running final validation.
[STATE 2026-04-24 19:17:01] Completed task 1 (2/10)
Task 2: 350028 training samples, 175014 test samples.
[STATE 2026-04-24 19:17:02] Task 2: zero-shot validation (pre-train)
---- Zero-shot (pre-train) task 2: rec_cls 0.1934 | prec_cls 0.0513 | f1_cls 0.0613 | det 0.4991 | pfa 0.9640 | total_f1 0.0872 ----
[STATE 2026-04-24 19:20:42] Starting task 2 (3/10)
[STATE 2026-04-24 19:20:42] Task 2 Epoch 1/1: entering train loop
[STATE 2026-04-24 20:08:03] Task 2 Epoch 1/1: running validation (end of epoch)
---- Eval at Epoch 0: cls [0.23263821177894078, 0.26229552450329535, 0.203616056045568] | det_recall [0.49553894990898406, 0.48712715439165044, 0.5] | det_fa [0.9602744406338013, 0.8641326089899484, 1.0] ----
T2 Ep 1/1 | L 1.2007 | Train Acc 0.46 | Prec 0.51 | F1 0.47 | Det Rec 0.80 | Det FA 0.35 | Epoch Time 3071.68s (Eval 230.61s, Train 2841.07s)
[STATE 2026-04-24 20:11:54] T2 Ep 1/1 complete: Prec 0.5131 F1 0.4702 DetRec 0.7986 DetFA 0.3497 | 3071.68s total (230.61s eval/2841.07s train)
[STATE 2026-04-24 20:11:54] Task 2: running final validation.
[STATE 2026-04-24 20:15:56] Completed task 2 (3/10)
Task 3: 24480 training samples, 8160 test samples.
[STATE 2026-04-24 20:15:56] Task 3: zero-shot validation (pre-train)
---- Zero-shot (pre-train) task 3: rec_cls 0.1664 | prec_cls 0.0359 | f1_cls 0.1794 | det 0.8934 | pfa 0.0008 | total_f1 0.1038 ----
[STATE 2026-04-24 20:19:55] Starting task 3 (4/10)
[STATE 2026-04-24 20:19:55] Task 3 Epoch 1/1: entering train loop
[STATE 2026-04-24 20:23:14] Task 3 Epoch 1/1: running validation (end of epoch)
---- Eval at Epoch 0: cls [0.1868275298162618, 0.15440921249279316, 0.20000000000000126, 0.5216183694090015] | det_recall [0.4997408389128526, 0.5, 0.5, 0.5] | det_fa [0.9744597505688714, 1.0, 1.0, 1.0] ----
T3 Ep 1/1 | L 0.9883 | Train Acc 0.52 | Prec 0.50 | F1 0.55 | Det Rec 0.99 | Det FA 0.01 | Epoch Time 437.33s (Eval 238.14s, Train 199.18s)
[STATE 2026-04-24 20:27:12] T3 Ep 1/1 complete: Prec 0.5012 F1 0.5517 DetRec 0.9944 DetFA 0.0051 | 437.33s total (238.14s eval/199.18s train)
[STATE 2026-04-24 20:27:12] Task 3: running final validation.
[STATE 2026-04-24 20:31:04] Completed task 3 (4/10)
Task 4: 24480 training samples, 8160 test samples.
[STATE 2026-04-24 20:31:04] Task 4: zero-shot validation (pre-train)
---- Zero-shot (pre-train) task 4: rec_cls 0.1334 | prec_cls 0.1894 | f1_cls 0.0660 | det 0.5000 | pfa 1.0000 | total_f1 0.1148 ----
[STATE 2026-04-24 20:35:12] Starting task 4 (5/10)
[STATE 2026-04-24 20:35:12] Task 4 Epoch 1/1: entering train loop
[STATE 2026-04-24 20:38:31] Task 4 Epoch 1/1: running validation (end of epoch)
---- Eval at Epoch 0: cls [0.1845011913811994, 0.14980089186214954, 0.21947064062015573, 0.5256263207214474, 0.37226751066156766] | det_recall [0.5009092410098213, 0.5, 0.49775024396702566, 0.5, 1.0] | det_fa [0.9611879379967945, 1.0, 0.9730457489069027, 1.0, 0.0] ----
T4 Ep 1/1 | L 1.1600 | Train Acc 0.33 | Prec 0.31 | F1 0.37 | Det Rec 0.99 | Det FA 0.01 | Epoch Time 449.02s (Eval 249.86s, Train 199.16s)
[STATE 2026-04-24 20:42:41] T4 Ep 1/1 complete: Prec 0.3114 F1 0.3666 DetRec 0.9947 DetFA 0.0104 | 449.02s total (249.86s eval/199.16s train)
[STATE 2026-04-24 20:42:41] Task 4: running final validation.
[STATE 2026-04-24 20:46:58] Completed task 4 (5/10)
Task 5: 201410 training samples, 100705 test samples.
[STATE 2026-04-24 20:46:59] Task 5: zero-shot validation (pre-train)
---- Zero-shot (pre-train) task 5: rec_cls 0.2001 | prec_cls 0.1421 | f1_cls 0.1039 | det 0.5000 | pfa 1.0000 | total_f1 0.1774 ----
[STATE 2026-04-24 20:52:56] Starting task 5 (6/10)
[STATE 2026-04-24 20:52:56] Task 5 Epoch 1/1: entering train loop
[STATE 2026-04-24 21:20:12] Task 5 Epoch 1/1: running validation (end of epoch)
---- Eval at Epoch 0: cls [0.1862687549318917, 0.012763536592490616, 0.23057089180241522, 0.2754837937561916, 0.17281615336045278, 0.2000000000000001] | det_recall [0.5013471381385728, 0.4990474925482058, 0.5, 0.991295359452189, 1.0, 0.5] | det_fa [0.9660649043063654, 0.038667813789360676, 1.0, 0.0, 0.0, 1.0] ----
T5 Ep 1/1 | L 0.7753 | Train Acc 0.68 | Prec 0.69 | F1 0.65 | Det Rec 0.83 | Det FA 0.29 | Epoch Time 1974.04s (Eval 337.81s, Train 1636.24s)
[STATE 2026-04-24 21:25:50] T5 Ep 1/1 complete: Prec 0.6907 F1 0.6525 DetRec 0.8309 DetFA 0.2892 | 1974.04s total (337.81s eval/1636.24s train)
[STATE 2026-04-24 21:25:50] Task 5: running final validation.
[STATE 2026-04-24 21:31:46] Completed task 5 (6/10)
Task 6: 17340 training samples, 6800 test samples.
[STATE 2026-04-24 21:31:46] Task 6: zero-shot validation (pre-train)
---- Zero-shot (pre-train) task 6: rec_cls 0.1571 | prec_cls 0.1691 | f1_cls 0.0800 | det 0.4866 | pfa 1.0000 | total_f1 0.1362 ----
[STATE 2026-04-24 21:37:51] Starting task 6 (7/10)
[STATE 2026-04-24 21:37:51] Task 6 Epoch 1/1: entering train loop
[STATE 2026-04-24 21:40:12] Task 6 Epoch 1/1: running validation (end of epoch)
---- Eval at Epoch 0: cls [0.17673107942424496, 0.17798030089903968, 0.0562106577412843, 0.5012472308661773, 0.30565432203149745, 0.2362985011346964, 0.5069315411911374] | det_recall [0.4456716408480287, 0.4976740936626298, 0.5186277319083645, 0.5, 1.0, 0.5047258789453881, 0.9994386179217495] | det_fa [0.9466774756668717, 0.9781873026935105, 0.20691452570299282, 1.0, 0.0, 0.959847592393519, 0.0011227641565011934] ----
T6 Ep 1/1 | L 0.9750 | Train Acc 0.49 | Prec 0.48 | F1 0.54 | Det Rec 0.99 | Det FA 0.02 | Epoch Time 506.09s (Eval 364.62s, Train 141.47s)
[STATE 2026-04-24 21:46:17] T6 Ep 1/1 complete: Prec 0.4799 F1 0.5436 DetRec 0.9887 DetFA 0.0169 | 506.09s total (364.62s eval/141.47s train)
[STATE 2026-04-24 21:46:17] Task 6: running final validation.
[STATE 2026-04-24 21:52:29] Completed task 6 (7/10)
Task 7: 188050 training samples, 94025 test samples.
[STATE 2026-04-24 21:52:30] Task 7: zero-shot validation (pre-train)
---- Zero-shot (pre-train) task 7: rec_cls 0.2227 | prec_cls 0.2011 | f1_cls 0.0923 | det 0.5000 | pfa 1.0000 | total_f1 0.2089 ----
[STATE 2026-04-24 22:00:42] Starting task 7 (8/10)
[STATE 2026-04-24 22:00:42] Task 7 Epoch 1/1: entering train loop
[STATE 2026-04-24 22:27:37] Task 7 Epoch 1/1: running validation (end of epoch)
---- Eval at Epoch 0: cls [0.23393850625801363, 0.15947586508957176, 0.19955806247950106, 0.23042721303677077, 0.1898949575669538, 0.2254320511574281, 0.24170751189710002, 0.20728172552540305] | det_recall [0.4992238276561401, 0.47684958162630897, 0.5, 0.49914993953490727, 0.985053097438753, 0.4999106575179182, 0.5, 0.49999271476862106] | det_fa [0.9634614580087569, 0.8764582731367385, 1.0, 1.0, 0.0, 0.9999258799390268, 1.0, 1.0] ----
T7 Ep 1/1 | L 0.6752 | Train Acc 0.72 | Prec 0.75 | F1 0.70 | Det Rec 0.83 | Det FA 0.27 | Epoch Time 2105.51s (Eval 490.19s, Train 1615.32s)
[STATE 2026-04-24 22:35:48] T7 Ep 1/1 complete: Prec 0.7480 F1 0.6985 DetRec 0.8301 DetFA 0.2689 | 2105.51s total (490.19s eval/1615.32s train)
[STATE 2026-04-24 22:35:48] Task 7: running final validation.
[STATE 2026-04-24 22:44:00] Completed task 7 (8/10)
Task 8: 36658 training samples, 12220 test samples.
[STATE 2026-04-24 22:44:01] Task 8: zero-shot validation (pre-train)
---- Zero-shot (pre-train) task 8: rec_cls 0.0398 | prec_cls 0.0607 | f1_cls 0.1284 | det 0.5322 | pfa 0.1450 | total_f1 0.0976 ----
[STATE 2026-04-24 22:52:27] Starting task 8 (9/10)
[STATE 2026-04-24 22:52:27] Task 8 Epoch 1/1: entering train loop
[STATE 2026-04-24 22:57:41] Task 8 Epoch 1/1: running validation (end of epoch)
---- Eval at Epoch 0: cls [0.3259924560244176, 0.18754711922921638, 0.1984481644221952, 0.19769841984471795, 0.0015717767844823998, 0.14066362088651543, 0.2528072739440715, 0.08373677959504432, 0.5402209614931096] | det_recall [0.5064139392910243, 0.4862134251383852, 0.5001313415860625, 0.3856811784699363, 0.5008594999809924, 0.6294864846037002, 1.0, 0.5326390345795654, 0.8111474976630286] | det_fa [0.8901707090139991, 0.8779733413740234, 0.9873711279220305, 1.0, 0.0, 0.3307015445112834, 0.0, 0.29513196404721237, 0.29700421220342643] ----
T8 Ep 1/1 | L 0.8665 | Train Acc 0.70 | Prec 0.72 | F1 0.56 | Det Rec 0.75 | Det FA 0.46 | Epoch Time 796.06s (Eval 481.27s, Train 314.79s)
[STATE 2026-04-24 23:05:43] T8 Ep 1/1 complete: Prec 0.7227 F1 0.5630 DetRec 0.7481 DetFA 0.4627 | 796.06s total (481.27s eval/314.79s train)
[STATE 2026-04-24 23:05:43] Task 8: running final validation.
[STATE 2026-04-24 23:14:11] Completed task 8 (9/10)
Task 9: 17340 training samples, 6800 test samples.
[STATE 2026-04-24 23:14:11] Task 9: zero-shot validation (pre-train)
---- Zero-shot (pre-train) task 9: rec_cls 0.2700 | prec_cls 0.1990 | f1_cls 0.1273 | det 0.5000 | pfa 1.0000 | total_f1 0.1731 ----
[STATE 2026-04-24 23:22:33] Starting task 9 (10/10)
[STATE 2026-04-24 23:22:33] Task 9 Epoch 1/1: entering train loop
[STATE 2026-04-24 23:25:03] Task 9 Epoch 1/1: running validation (end of epoch)
---- Eval at Epoch 0: cls [0.1662842829676298, 0.14976503771231792, 0.017827870468694326, 0.2768942961252904, 0.21642631531055365, 0.21244364839448618, 0.2827916598417573, 0.20318090882948098, 0.1666666666666666, 0.3524120407980848] | det_recall [0.4728569942940872, 0.49511303782210675, 0.5273136657062663, 0.4997578209317664, 0.9832562363925573, 0.5, 0.9995718801818773, 0.5, 0.5010624162603824, 1.0] | det_fa [0.8539568358624832, 0.9661317784589073, 0.024984426150408176, 1.0, 0.0, 1.0, 0.0008562396362453297, 1.0, 0.9733264610645013, 0.0] ----
T9 Ep 1/1 | L 0.9979 | Train Acc 0.40 | Prec 0.38 | F1 0.44 | Det Rec 0.99 | Det FA 0.01 | Epoch Time 665.93s (Eval 516.31s, Train 149.62s)
[STATE 2026-04-24 23:33:39] T9 Ep 1/1 complete: Prec 0.3752 F1 0.4366 DetRec 0.9924 DetFA 0.0147 | 665.93s total (516.31s eval/149.62s train)
[STATE 2026-04-24 23:33:39] Task 9: running final validation.
[STATE 2026-04-24 23:42:07] Completed task 9 (10/10)
####Final Validation Accuracy####
Final Results:- 
 Total Recall: 0.2044692727114962 
 Individual Recall: [0.1662842829676298, 0.14976503771231792, 0.017827870468694326, 0.2768942961252904, 0.21642631531055365, 0.21244364839448618, 0.2827916598417573, 0.20318090882948098, 0.1666666666666666, 0.3524120407980848]
Final Detection Results:- 
 Total Detection: 0.6478932051589044 
 Individual Detection: [0.4728569942940872, 0.49511303782210675, 0.5273136657062663, 0.4997578209317664, 0.9832562363925573, 0.5, 0.9995718801818773, 0.5, 0.5010624162603824, 1.0]
Final Detection False Alarm:- 
 Total False Alarm: 0.5819255741172544 
 Individual False Alarm: [0.8539568358624832, 0.9661317784589073, 0.024984426150408176, 1.0, 0.0, 1.0, 0.0008562396362453297, 1.0, 0.9733264610645013, 0.0]
SUMMARY_TR cls_rec=0.3967 cls_prec=0.3752 cls_f1=0.4366 det=0.6479 fa=0.5819
SUMMARY_TE cls_rec=0.2045 cls_prec=0.1279 cls_f1=0.1463 det=0.6479 fa=0.5819
[STATE 2026-04-24 23:42:07] Saving results to logs//ucl/full-tasks_CIL_all-2026-04-24_19-00-03-8731/0/results
Model size: 0.0864 GB
Memory buffer size: 0.0000 GB
logs//ucl/full-tasks_CIL_all-2026-04-24_19-00-03-8731/0/results: {'expt_name': 'full-tasks_CIL_all', 'model': 'ucl_bresnet', 'arch': 'resnet1d', 'n_hiddens': 100, 'n_layers': 2, 'xav_init': False, 'debug': False, 'use_detector_arch': False, 'inner_steps': 2, 'n_epochs': 1, 'batch_size': 256, 'replay_batch_size': 128, 'memories': 5120, 'lr': 0.01, 'optimizer': 'sgd', 'prune_perc': 0.75, 'post_prune_epochs': 0, 'class_weighted_ce': True, 'cuda': True, 'seed': 0, 'log_every': 10, 'log_dir': 'logs//ucl/full-tasks_CIL_all-2026-04-24_19-00-03-8731/0', 'tf_dir': 'logs//ucl/full-tasks_CIL_all-2026-04-24_19-00-03-8731/0/tfdir', 'calc_test_accuracy': False, 'state_logging': True, 'data_path': 'data/rff/radar/full', 'task_order_files': 't2-rcn,t0-rcn,t2-uclresm-25noise,t0-deeprad,t1-deeprad,t1-uclresm-25noise,t3-deeprad,t0-uclresm-25noise,t1-rcn,t2-deeprad', 'loader': 'task_incremental_loader', 'samples_per_task': -1, 'shuffle_tasks': False, 'classes_per_it': 6, 'iterations': 5000, 'dataset': 'iq', 'workers': 0, 'validation': 0.5, 'data_scaling': 'normalize', 'use_iq_aug_features': False, 'iq_aug_feature_type': 'power', 'class_order': 'random', 'increment': 5, 'test_batch_size': 512, 'nc_per_task': None, 'nc_per_task_list': '', 'val_rate': 1000, 'opt_lr': 0.1, 'opt_wt': 0.1, 'alpha_init': 0.001, 'momentum': 0.0, 'learn_lr': False, 'sync_update': False, 'grad_clip_norm': 5.0, 'meta_batches': 3, 'use_old_task_memory': False, 'second_order': False, 'n_memories': 5120, 'memory_strength': 0, 'steps_per_sample': 1, 'bgd_optimizer': 'sgd', 'optimizer_params': '{}', 'train_mc_iters': 5, 'std_init': 0.05, 'mean_eta': 1, 'fisher_gamma': 0.95, 'rln': 7, 'meta_lr': 0.001, 'update_lr': 0.1, 'ctx_lr': 0.05, 'n_meta': 1, 'temperature': 5.0, 'task_emb': 64, 'classes_per_task': [6, 7, 6, 7, 7, 6, 6, 6, 7, 6], 'get_samples_per_task': <bound method IncrementalLoader.get_samples_per_task of <dataloaders.task_incremental_loader.IncrementalLoader object at 0x71cd295f0dc0>>} # val: 0.382 0.204 -0.177 0.000 # sizes: model_gb=0.0864 mem_gb=0.0000 # 16855.186356782913
[STATE 2026-04-24 23:42:07] results.pt components (approx): state_dict 88.5 MB, result_val_t 0.1 KB, result_val_a 0.8 KB
[STATE 2026-04-24 23:42:07] Results saved; total runtime 4.68h
Total runtime: 4.68 hours
