[STATE 2026-05-28 18:55:58] Enabling terminal logging to logs//lamaml/seed-sweep_one-shot_til-2026-05-28_18-55-58-8893/55/terminal.log
New Experiment Starting...
Running model:  lamaml_cifar
[STATE 2026-05-28 18:55:58] Experiment 'seed-sweep_one-shot_til' starting with model 'lamaml_cifar' (seed 55)
Set seed 55
[STATE 2026-05-28 18:55:58] Runtime accel: cudnn.benchmark=False amp=True amp_dtype=bfloat16
t2-rcn.npz train: x=(50362, 1024), y=(50362, 2)
t2-rcn.npz test: x=(16787, 1024), y=(16787, 2)
t2-rcn.npz: applied data scaling mode 'normalize'.
Loaded t2-rcn.npz: Unique train labels: UniqueCountsResult(values=array([-1,  3,  5, 10, 12, 15]), counts=array([24209,  5770,  3030,  2320,  7509,  7524]))
Noise labels ratio in t2-rcn.npz train: 0.24, test: 0.24
Loaded t2-rcn.npz: Remapped labels: [0 1 2 3 4 5]. Size: 50362)
t0-rcn.npz train: x=(51916, 1024), y=(51916, 2)
t0-rcn.npz test: x=(17305, 1024), y=(17305, 2)
t0-rcn.npz: applied data scaling mode 'normalize'.
Loaded t0-rcn.npz: Unique train labels: UniqueCountsResult(values=array([-1,  1,  8,  9, 11, 13, 14]), counts=array([24225,  4268,  2495,  2943,  3015,  7464,  7506]))
Noise labels ratio in t0-rcn.npz train: 0.23, test: 0.23
Loaded t0-rcn.npz: Remapped labels: [ 6  7  8  9 10 11 12]. Size: 51916)
t2-uclresm-25noise.npz train: moved sample axis (3, 350028, 1024) -> (350028, 3, 1024)
t2-uclresm-25noise.npz test: moved sample axis (3, 233351, 1024) -> (233351, 3, 1024)
t2-uclresm-25noise.npz train: x=(350028, 3, 1024), y=(350028,)
t2-uclresm-25noise.npz test: x=(233351, 3, 1024), y=(233351,)
t2-uclresm-25noise.npz: applied data scaling mode 'normalize'.
Loaded t2-uclresm-25noise.npz: Unique train labels: UniqueCountsResult(values=array([-1,  0,  1,  2,  3,  4]), counts=array([87441, 27347, 71754, 64298, 36005, 63183]))
Noise labels ratio in t2-uclresm-25noise.npz train: 0.25, test: 0.25
Loaded t2-uclresm-25noise.npz: Remapped labels: [13 14 15 16 17 18]. Size: 350028)
t0-deeprad.npz train: x=(24480, 1024), y=(24480, 2)
t0-deeprad.npz test: x=(8160, 1024), y=(8160, 2)
t0-deeprad.npz: applied data scaling mode 'normalize'.
Loaded t0-deeprad.npz: Unique train labels: UniqueCountsResult(values=array([-1,  0,  1,  2,  3,  4,  5]), counts=array([12240,  2029,  1983,  2043,  2154,  2015,  2016]))
Noise labels ratio in t0-deeprad.npz train: 0.25, test: 0.25
Loaded t0-deeprad.npz: Remapped labels: [19 20 21 22 23 24 25]. Size: 24480)
t1-deeprad.npz train: x=(24480, 1024), y=(24480, 2)
t1-deeprad.npz test: x=(8160, 1024), y=(8160, 2)
t1-deeprad.npz: applied data scaling mode 'normalize'.
Loaded t1-deeprad.npz: Unique train labels: UniqueCountsResult(values=array([-1,  0,  1,  2,  3,  4,  5]), counts=array([12240,  1988,  2029,  2054,  1988,  2053,  2128]))
Noise labels ratio in t1-deeprad.npz train: 0.25, test: 0.25
Loaded t1-deeprad.npz: Remapped labels: [26 27 28 29 30 31 32]. Size: 24480)
t1-uclresm-25noise.npz train: moved sample axis (3, 201410, 1024) -> (201410, 3, 1024)
t1-uclresm-25noise.npz test: moved sample axis (3, 116291, 1024) -> (116291, 3, 1024)
t1-uclresm-25noise.npz train: x=(201410, 3, 1024), y=(201410,)
t1-uclresm-25noise.npz test: x=(116291, 3, 1024), y=(116291,)
t1-uclresm-25noise.npz: applied data scaling mode 'normalize'.
Loaded t1-uclresm-25noise.npz: Unique train labels: UniqueCountsResult(values=array([-1,  0,  1,  2,  3,  4]), counts=array([43668, 18021, 17838, 18087, 31870, 71926]))
Noise labels ratio in t1-uclresm-25noise.npz train: 0.22, test: 0.25
Loaded t1-uclresm-25noise.npz: Remapped labels: [33 34 35 36 37 38]. Size: 201410)
t3-deeprad.npz train: x=(17340, 1024), y=(17340, 2)
t3-deeprad.npz test: x=(6800, 1024), y=(6800, 2)
t3-deeprad.npz: applied data scaling mode 'normalize'.
Loaded t3-deeprad.npz: Unique train labels: UniqueCountsResult(values=array([-1,  0,  1,  2,  3,  4]), counts=array([8670, 1693, 1677, 1794, 1716, 1790]))
Noise labels ratio in t3-deeprad.npz train: 0.25, test: 0.25
Loaded t3-deeprad.npz: Remapped labels: [39 40 41 42 43 44]. Size: 17340)
t0-uclresm-25noise.npz train: moved sample axis (3, 188050, 1024) -> (188050, 3, 1024)
t0-uclresm-25noise.npz test: moved sample axis (3, 107348, 1024) -> (107348, 3, 1024)
t0-uclresm-25noise.npz train: x=(188050, 3, 1024), y=(188050,)
t0-uclresm-25noise.npz test: x=(107348, 3, 1024), y=(107348,)
t0-uclresm-25noise.npz: applied data scaling mode 'normalize'.
Loaded t0-uclresm-25noise.npz: Unique train labels: UniqueCountsResult(values=array([-1,  0,  1,  2,  3,  4]), counts=array([40144, 32109, 17978, 17979, 18098, 61742]))
Noise labels ratio in t0-uclresm-25noise.npz train: 0.21, test: 0.25
Loaded t0-uclresm-25noise.npz: Remapped labels: [45 46 47 48 49 50]. Size: 188050)
t1-rcn.npz train: x=(36658, 1024), y=(36658, 2)
t1-rcn.npz test: x=(12220, 1024), y=(12220, 2)
t1-rcn.npz: applied data scaling mode 'normalize'.
Loaded t1-rcn.npz: Unique train labels: UniqueCountsResult(values=array([-1,  0,  2,  4,  6,  7, 16]), counts=array([20595,   824,  2087,  2606,  2396,  1716,  6434]))
Noise labels ratio in t1-rcn.npz train: 0.28, test: 0.28
Loaded t1-rcn.npz: Remapped labels: [51 52 53 54 55 56 57]. Size: 36658)
t2-deeprad.npz train: x=(17340, 1024), y=(17340, 2)
t2-deeprad.npz test: x=(6800, 1024), y=(6800, 2)
t2-deeprad.npz: applied data scaling mode 'normalize'.
Loaded t2-deeprad.npz: Unique train labels: UniqueCountsResult(values=array([-1,  0,  1,  2,  3,  4]), counts=array([8670, 1774, 1675, 1777, 1694, 1750]))
Noise labels ratio in t2-deeprad.npz train: 0.25, test: 0.25
Loaded t2-deeprad.npz: Remapped labels: [58 59 60 61 62 63]. Size: 17340)
Built classes_per_task: [6, 7, 6, 7, 7, 6, 6, 6, 7, 6]
Classes per task: [6, 7, 6, 7, 7, 6, 6, 6, 7, 6]
[STATE 2026-05-28 18:57:04] Loader 'task_incremental_loader' ready: 1024 inputs, 64 outputs, 10 tasks
n_outputs: 64 	n_tasks: 10
[STATE 2026-05-28 18:57:04] Logging to logs//lamaml/seed-sweep_one-shot_til-2026-05-28_18-55-58-8893/55
True
Model device: cuda:0
[STATE 2026-05-28 18:57:04] Model initialized on device cuda:0
[STATE 2026-05-28 18:57:04] Invoking continual life experience flow
[STATE 2026-05-28 18:57:04] Life experience start: 10 tasks queued
[STATE 2026-05-28 18:57:04] Legacy epoch behavior enabled: using n_epochs=1 for all tasks
Task 0: 50362 training samples, 16787 test samples.
[STATE 2026-05-28 18:57:04] Task 0: zero-shot validation (pre-train)
---- Zero-shot (pre-train) task 0: rec_cls 0.1900 | prec_cls 0.1127 | f1_cls 0.0558 | det 0.5000 | pfa 1.0000 | total_f1 0.0558 ----
[STATE 2026-05-28 18:57:12] Starting task 0 (1/10)
[STATE 2026-05-28 18:57:12] Task 0 Epoch 1/1: entering train loop
[STATE 2026-05-28 19:45:04] Task 0 Epoch 1/1: running validation (end of epoch)
---- Eval at Epoch 0: cls [0.7492617148544233] | det_recall [0.8808188536538216] | det_fa [0.10677414592934498] ----
T0 Ep 1/1 | L 0.6387 | Train Acc 0.47 | Prec 0.61 | F1 0.54 | Det Rec 0.80 | Det FA 0.08 | Epoch Time 2880.01s (Eval 8.26s, Train 2871.76s)
[STATE 2026-05-28 19:45:12] T0 Ep 1/1 complete: Prec 0.6087 F1 0.5393 DetRec 0.8024 DetFA 0.0803 | 2880.01s total (8.26s eval/2871.76s train)
[STATE 2026-05-28 19:45:12] Task 0: running final validation.
Saved task checkpoint: logs//lamaml/seed-sweep_one-shot_til-2026-05-28_18-55-58-8893/55/checkpoints/task_0.pt
[STATE 2026-05-28 19:45:21] Saved task checkpoint to logs//lamaml/seed-sweep_one-shot_til-2026-05-28_18-55-58-8893/55/checkpoints/task_0.pt
[STATE 2026-05-28 19:45:21] Completed task 0 (1/10)
Task 1: 51916 training samples, 17305 test samples.
[STATE 2026-05-28 19:45:21] Task 1: zero-shot validation (pre-train)
---- Zero-shot (pre-train) task 1: rec_cls 0.1961 | prec_cls 0.1551 | f1_cls 0.0570 | det 0.5001 | pfa 0.9999 | total_f1 0.4202 ----
[STATE 2026-05-28 19:45:38] Starting task 1 (2/10)
[STATE 2026-05-28 19:45:38] Task 1 Epoch 1/1: entering train loop
[STATE 2026-05-28 20:37:46] Task 1 Epoch 1/1: running validation (end of epoch)
---- Eval at Epoch 0: cls [0.6245055909512611, 0.7135306576599243] | det_recall [0.8517743123485161, 0.8881160750296075] | det_fa [0.08612781257500499, 0.11781111954635506] ----
T1 Ep 1/1 | L 0.5756 | Train Acc 0.54 | Prec 0.68 | F1 0.59 | Det Rec 0.85 | Det FA 0.08 | Epoch Time 3142.15s (Eval 13.63s, Train 3128.52s)
[STATE 2026-05-28 20:38:00] T1 Ep 1/1 complete: Prec 0.6768 F1 0.5929 DetRec 0.8461 DetFA 0.0838 | 3142.15s total (13.63s eval/3128.52s train)
[STATE 2026-05-28 20:38:00] Task 1: running final validation.
Saved task checkpoint: logs//lamaml/seed-sweep_one-shot_til-2026-05-28_18-55-58-8893/55/checkpoints/task_1.pt
[STATE 2026-05-28 20:38:14] Saved task checkpoint to logs//lamaml/seed-sweep_one-shot_til-2026-05-28_18-55-58-8893/55/checkpoints/task_1.pt
[STATE 2026-05-28 20:38:14] Completed task 1 (2/10)
Task 2: 350028 training samples, 175014 test samples.
[STATE 2026-05-28 20:38:15] Task 2: zero-shot validation (pre-train)
---- Zero-shot (pre-train) task 2: rec_cls 0.0596 | prec_cls 0.1755 | f1_cls 0.1301 | det 0.5444 | pfa 0.2138 | total_f1 0.5150 ----
[STATE 2026-05-28 20:39:38] Starting task 2 (3/10)
[STATE 2026-05-28 20:39:38] Task 2 Epoch 1/1: entering train loop
[STATE 2026-05-29 00:52:17] Task 2 Epoch 1/1: running validation (end of epoch)
---- Eval at Epoch 0: cls [0.42798922637216513, 0.5320411801892707, 0.6444397588265838] | det_recall [0.6868884906402504, 0.5608908790035817, 0.5589757171765561] | det_fa [0.4784798384013209, 0.7736757309856902, 0.8240857831300326] ----
T2 Ep 1/1 | L 0.7928 | Train Acc 0.51 | Prec 0.64 | F1 0.53 | Det Rec 0.78 | Det FA 0.30 | Epoch Time 15214.20s (Eval 54.82s, Train 15159.38s)
[STATE 2026-05-29 00:53:12] T2 Ep 1/1 complete: Prec 0.6350 F1 0.5332 DetRec 0.7762 DetFA 0.3044 | 15214.20s total (54.82s eval/15159.38s train)
[STATE 2026-05-29 00:53:12] Task 2: running final validation.
Saved task checkpoint: logs//lamaml/seed-sweep_one-shot_til-2026-05-28_18-55-58-8893/55/checkpoints/task_2.pt
[STATE 2026-05-29 00:54:07] Saved task checkpoint to logs//lamaml/seed-sweep_one-shot_til-2026-05-28_18-55-58-8893/55/checkpoints/task_2.pt
[STATE 2026-05-29 00:54:07] Completed task 2 (3/10)
Task 3: 24480 training samples, 8160 test samples.
[STATE 2026-05-29 00:54:07] Task 3: zero-shot validation (pre-train)
---- Zero-shot (pre-train) task 3: rec_cls 0.1161 | prec_cls 0.1102 | f1_cls 0.0642 | det 0.4916 | pfa 1.0000 | total_f1 0.3464 ----
[STATE 2026-05-29 00:55:04] Starting task 3 (4/10)
[STATE 2026-05-29 00:55:04] Task 3 Epoch 1/1: entering train loop
[STATE 2026-05-29 01:01:58] Task 3 Epoch 1/1: running validation (end of epoch)
---- Eval at Epoch 0: cls [0.3252880977870932, 0.38681775050620026, 0.3837559971504496, 0.5956236340608546] | det_recall [0.528728480707457, 0.5040727234802446, 0.7410358746996012, 0.9964454113770805] | det_fa [0.925332202738529, 0.9400390736185669, 0.35806315899272373, 0.00487150140041167] ----
T3 Ep 1/1 | L 0.8478 | Train Acc 0.52 | Prec 0.54 | F1 0.51 | Det Rec 0.86 | Det FA 0.22 | Epoch Time 470.39s (Eval 57.06s, Train 413.33s)
[STATE 2026-05-29 01:02:55] T3 Ep 1/1 complete: Prec 0.5350 F1 0.5111 DetRec 0.8560 DetFA 0.2179 | 470.39s total (57.06s eval/413.33s train)
[STATE 2026-05-29 01:02:55] Task 3: running final validation.
Saved task checkpoint: logs//lamaml/seed-sweep_one-shot_til-2026-05-28_18-55-58-8893/55/checkpoints/task_3.pt
[STATE 2026-05-29 01:03:52] Saved task checkpoint to logs//lamaml/seed-sweep_one-shot_til-2026-05-28_18-55-58-8893/55/checkpoints/task_3.pt
[STATE 2026-05-29 01:03:52] Completed task 3 (4/10)
Task 4: 24480 training samples, 8160 test samples.
[STATE 2026-05-29 01:03:52] Task 4: zero-shot validation (pre-train)
---- Zero-shot (pre-train) task 4: rec_cls 0.0189 | prec_cls 0.0369 | f1_cls 0.0244 | det 0.2431 | pfa 0.9050 | total_f1 0.2958 ----
[STATE 2026-05-29 01:04:51] Starting task 4 (5/10)
[STATE 2026-05-29 01:04:51] Task 4 Epoch 1/1: entering train loop
[STATE 2026-05-29 01:11:46] Task 4 Epoch 1/1: running validation (end of epoch)
---- Eval at Epoch 0: cls [0.46068670546582274, 0.41807425320902153, 0.42839999578292837, 0.563420149824939, 0.44303262439210844] | det_recall [0.6105022224739126, 0.5014540977550291, 0.7679923742397253, 0.9948880848663223, 1.0] | det_fa [0.7230402682558801, 0.9378383791095191, 0.2966557434726707, 0.004632185947855747, 0.0] ----
T4 Ep 1/1 | L 0.7232 | Train Acc 0.41 | Prec 0.44 | F1 0.46 | Det Rec 0.99 | Det FA 0.00 | Epoch Time 474.42s (Eval 59.19s, Train 415.23s)
[STATE 2026-05-29 01:12:45] T4 Ep 1/1 complete: Prec 0.4437 F1 0.4553 DetRec 0.9945 DetFA 0.0000 | 474.42s total (59.19s eval/415.23s train)
[STATE 2026-05-29 01:12:45] Task 4: running final validation.
Saved task checkpoint: logs//lamaml/seed-sweep_one-shot_til-2026-05-28_18-55-58-8893/55/checkpoints/task_4.pt
[STATE 2026-05-29 01:13:45] Saved task checkpoint to logs//lamaml/seed-sweep_one-shot_til-2026-05-28_18-55-58-8893/55/checkpoints/task_4.pt
[STATE 2026-05-29 01:13:45] Completed task 4 (5/10)
Task 5: 201410 training samples, 100705 test samples.
[STATE 2026-05-29 01:13:45] Task 5: zero-shot validation (pre-train)
---- Zero-shot (pre-train) task 5: rec_cls 0.0081 | prec_cls 0.1311 | f1_cls 0.0779 | det 0.5047 | pfa 0.0409 | total_f1 0.3776 ----
[STATE 2026-05-29 01:15:11] Starting task 5 (6/10)
[STATE 2026-05-29 01:15:11] Task 5 Epoch 1/1: entering train loop
[STATE 2026-05-29 02:15:53] Task 5 Epoch 1/1: running validation (end of epoch)
---- Eval at Epoch 0: cls [0.45631683465610307, 0.3724517478916206, 0.5205153562659757, 0.36494384233567023, 0.2726480685830233, 0.7265326940954235] | det_recall [0.6852192298370795, 0.7802011671838751, 0.8109301222663214, 0.9836844903043025, 0.9812853863032615, 0.8783287481828306] | det_fa [0.5931981446742915, 0.26281749082474154, 0.2865269624294224, 0.004885222385102711, 0.0, 0.1829952628162631] ----
T5 Ep 1/1 | L 0.5005 | Train Acc 0.69 | Prec 0.82 | F1 0.73 | Det Rec 0.87 | Det FA 0.18 | Epoch Time 3727.47s (Eval 85.63s, Train 3641.84s)
[STATE 2026-05-29 02:17:18] T5 Ep 1/1 complete: Prec 0.8194 F1 0.7295 DetRec 0.8695 DetFA 0.1821 | 3727.47s total (85.63s eval/3641.84s train)
[STATE 2026-05-29 02:17:18] Task 5: running final validation.
Saved task checkpoint: logs//lamaml/seed-sweep_one-shot_til-2026-05-28_18-55-58-8893/55/checkpoints/task_5.pt
[STATE 2026-05-29 02:18:44] Saved task checkpoint to logs//lamaml/seed-sweep_one-shot_til-2026-05-28_18-55-58-8893/55/checkpoints/task_5.pt
[STATE 2026-05-29 02:18:44] Completed task 5 (6/10)
Task 6: 17340 training samples, 6800 test samples.
[STATE 2026-05-29 02:18:44] Task 6: zero-shot validation (pre-train)
---- Zero-shot (pre-train) task 6: rec_cls 0.2728 | prec_cls 0.2123 | f1_cls 0.2102 | det 0.6180 | pfa 0.6673 | total_f1 0.4225 ----
[STATE 2026-05-29 02:20:11] Starting task 6 (7/10)
[STATE 2026-05-29 02:20:11] Task 6 Epoch 1/1: entering train loop
[STATE 2026-05-29 02:25:06] Task 6 Epoch 1/1: running validation (end of epoch)
---- Eval at Epoch 0: cls [0.5857911711172781, 0.41429784331024644, 0.4858613122788967, 0.5634940099818591, 0.2943836691211104, 0.6771794541037343, 0.5351159542258185] | det_recall [0.5310592167285605, 0.5977487364192181, 0.7676268881898418, 0.9959975796412589, 0.9996380272906435, 0.8299563751665305, 0.9994423474090056] | det_fa [0.9091555089728208, 0.7149042188721081, 0.32560253686392027, 0.006296722067758321, 0.0, 0.27024952561622334, 0.0011153051819888149] ----
T6 Ep 1/1 | L 0.6375 | Train Acc 0.49 | Prec 0.53 | F1 0.53 | Det Rec 0.91 | Det FA 0.14 | Epoch Time 382.09s (Eval 87.51s, Train 294.58s)
[STATE 2026-05-29 02:26:33] T6 Ep 1/1 complete: Prec 0.5346 F1 0.5328 DetRec 0.9099 DetFA 0.1438 | 382.09s total (87.51s eval/294.58s train)
[STATE 2026-05-29 02:26:33] Task 6: running final validation.
Saved task checkpoint: logs//lamaml/seed-sweep_one-shot_til-2026-05-28_18-55-58-8893/55/checkpoints/task_6.pt
[STATE 2026-05-29 02:28:01] Saved task checkpoint to logs//lamaml/seed-sweep_one-shot_til-2026-05-28_18-55-58-8893/55/checkpoints/task_6.pt
[STATE 2026-05-29 02:28:01] Completed task 6 (7/10)
Task 7: 188050 training samples, 94025 test samples.
[STATE 2026-05-29 02:28:01] Task 7: zero-shot validation (pre-train)
---- Zero-shot (pre-train) task 7: rec_cls 0.2191 | prec_cls 0.2121 | f1_cls 0.0727 | det 0.4955 | pfa 0.9885 | total_f1 0.4449 ----
[STATE 2026-05-29 02:29:54] Starting task 7 (8/10)
[STATE 2026-05-29 02:29:54] Task 7 Epoch 1/1: entering train loop
[STATE 2026-05-29 03:26:22] Task 7 Epoch 1/1: running validation (end of epoch)
---- Eval at Epoch 0: cls [0.5134543466349147, 0.3738410926931016, 0.5151052553548922, 0.46932188579101725, 0.2848861882181125, 0.6307191639299793, 0.42242200005442426, 0.7519745503347832] | det_recall [0.5456889954195767, 0.78264955578703, 0.8244098327715813, 0.9907750395875153, 0.9955668424638109, 0.8649124327589272, 0.993402316192973, 0.8394518304820577] | det_fa [0.8598572650879107, 0.2678936115677794, 0.22865749825759657, 0.0038625596861035015, 0.0, 0.1680833744695821, 0.01143171408365301, 0.2956037725586623] ----
T7 Ep 1/1 | L 0.4406 | Train Acc 0.71 | Prec 0.80 | F1 0.74 | Det Rec 0.84 | Det FA 0.25 | Epoch Time 3500.29s (Eval 112.19s, Train 3388.10s)
[STATE 2026-05-29 03:28:14] T7 Ep 1/1 complete: Prec 0.8009 F1 0.7362 DetRec 0.8448 DetFA 0.2547 | 3500.29s total (112.19s eval/3388.10s train)
[STATE 2026-05-29 03:28:14] Task 7: running final validation.
Saved task checkpoint: logs//lamaml/seed-sweep_one-shot_til-2026-05-28_18-55-58-8893/55/checkpoints/task_7.pt
[STATE 2026-05-29 03:30:06] Saved task checkpoint to logs//lamaml/seed-sweep_one-shot_til-2026-05-28_18-55-58-8893/55/checkpoints/task_7.pt
[STATE 2026-05-29 03:30:06] Completed task 7 (8/10)
Task 8: 36658 training samples, 12220 test samples.
[STATE 2026-05-29 03:30:06] Task 8: zero-shot validation (pre-train)
---- Zero-shot (pre-train) task 8: rec_cls 0.1353 | prec_cls 0.1279 | f1_cls 0.0380 | det 0.5053 | pfa 0.9514 | total_f1 0.4483 ----
[STATE 2026-05-29 03:32:02] Starting task 8 (9/10)
[STATE 2026-05-29 03:32:02] Task 8 Epoch 1/1: entering train loop
[STATE 2026-05-29 03:42:25] Task 8 Epoch 1/1: running validation (end of epoch)
---- Eval at Epoch 0: cls [0.6303595554675272, 0.4990600134361139, 0.49224678461423055, 0.39805459859441983, 0.27948607420132815, 0.6337824736464063, 0.44612827257378207, 0.6796954885479439, 0.4541886871934318] | det_recall [0.7825460594917347, 0.814074183219512, 0.7964662036720377, 0.9743508224172143, 0.9879825729307303, 0.8420828730035892, 0.995842216947169, 0.8082035345637999, 0.8257440884061583] | det_fa [0.3877066193649455, 0.164270853045787, 0.2933221146712979, 0.0, 0.0, 0.26361166422048804, 0.0005494505494505495, 0.3520867532887835, 0.02472878183131506] ----
T8 Ep 1/1 | L 0.4964 | Train Acc 0.41 | Prec 0.59 | F1 0.50 | Det Rec 0.80 | Det FA 0.06 | Epoch Time 738.86s (Eval 115.29s, Train 623.57s)
[STATE 2026-05-29 03:44:20] T8 Ep 1/1 complete: Prec 0.5904 F1 0.5043 DetRec 0.7954 DetFA 0.0618 | 738.86s total (115.29s eval/623.57s train)
[STATE 2026-05-29 03:44:20] Task 8: running final validation.
Saved task checkpoint: logs//lamaml/seed-sweep_one-shot_til-2026-05-28_18-55-58-8893/55/checkpoints/task_8.pt
[STATE 2026-05-29 03:46:16] Saved task checkpoint to logs//lamaml/seed-sweep_one-shot_til-2026-05-28_18-55-58-8893/55/checkpoints/task_8.pt
[STATE 2026-05-29 03:46:16] Completed task 8 (9/10)
Task 9: 17340 training samples, 6800 test samples.
[STATE 2026-05-29 03:46:16] Task 9: zero-shot validation (pre-train)
---- Zero-shot (pre-train) task 9: rec_cls 0.0743 | prec_cls 0.1642 | f1_cls 0.1036 | det 0.2713 | pfa 0.7395 | total_f1 0.4697 ----
[STATE 2026-05-29 03:48:13] Starting task 9 (10/10)
[STATE 2026-05-29 03:48:13] Task 9 Epoch 1/1: entering train loop
[STATE 2026-05-29 03:53:09] Task 9 Epoch 1/1: running validation (end of epoch)
---- Eval at Epoch 0: cls [0.6493563557203921, 0.47791476224451124, 0.46927698595702283, 0.48449956807277594, 0.3639968639883567, 0.5930646055695763, 0.4416467870508333, 0.6438833460214554, 0.4829616376213884, 0.49767069783367324] | det_recall [0.5560812927185509, 0.7097622420405658, 0.7893087016401965, 0.9915521473247039, 1.0, 0.8586137450939159, 0.9954066366001723, 0.8205569450022966, 0.8010457690831941, 1.0] | det_fa [0.8606379999775661, 0.4704497933097832, 0.2497357803846265, 0.0021607174266195348, 0.0, 0.19796094315955226, 0.0036662525940510397, 0.27915570214732166, 0.22826190878749156, 0.0] ----
T9 Ep 1/1 | L 0.4915 | Train Acc 0.45 | Prec 0.45 | F1 0.50 | Det Rec 0.99 | Det FA 0.00 | Epoch Time 413.48s (Eval 117.14s, Train 296.34s)
[STATE 2026-05-29 03:55:07] T9 Ep 1/1 complete: Prec 0.4533 F1 0.4965 DetRec 0.9925 DetFA 0.0000 | 413.48s total (117.14s eval/296.34s train)
[STATE 2026-05-29 03:55:07] Task 9: running final validation.
Saved task checkpoint: logs//lamaml/seed-sweep_one-shot_til-2026-05-28_18-55-58-8893/55/checkpoints/task_9.pt
[STATE 2026-05-29 03:57:04] Saved task checkpoint to logs//lamaml/seed-sweep_one-shot_til-2026-05-28_18-55-58-8893/55/checkpoints/task_9.pt
[STATE 2026-05-29 03:57:04] Completed task 9 (10/10)
####Final Validation Accuracy####
Final Results:- 
 Total Recall: 0.5094879488259215 
 Individual Recall: [0.6541600348387062, 0.4747369673176941, 0.4668299163548452, 0.4825574548327844, 0.36167164545410746, 0.5927548444603059, 0.4410397605293889, 0.6451842155730543, 0.47508952661963993, 0.5008551222786893]
Final Detection Results:- 
 Total Detection: 0.8522267944669728 
 Individual Detection: [0.5574607918473755, 0.7096703510909881, 0.788113906297726, 0.9921106210025806, 1.0, 0.8594721790715587, 0.9957172600961348, 0.8202967831049474, 0.7994260521584166, 1.0]
Final Detection False Alarm:- 
 Total False Alarm: 0.23008158495578696 
 Individual False Alarm: [0.8587689873915068, 0.47598174165994456, 0.25146733423144235, 0.002165934945725943, 0.0, 0.19721992382349907, 0.004188160608247144, 0.2790448822089375, 0.23197888468856634, 0.0]
SUMMARY_TR cls_rec=0.4472 cls_prec=0.4533 cls_f1=0.4965 det=0.8522 fa=0.2292
SUMMARY_TE cls_rec=0.5095 cls_prec=0.5511 cls_f1=0.5138 det=0.8522 fa=0.2301
[STATE 2026-05-29 03:57:04] Saving results to logs//lamaml/seed-sweep_one-shot_til-2026-05-28_18-55-58-8893/55/results
Model size: 0.0289 GB
Memory buffer size: 0.0000 GB
logs//lamaml/seed-sweep_one-shot_til-2026-05-28_18-55-58-8893/55/results: {'expt_name': 'seed-sweep_one-shot_til', 'model': 'lamaml_cifar', 'arch': 'resnet1d', 'n_hiddens': 100, 'n_layers': 2, 'xav_init': False, 'debug': False, 'use_detector_arch': False, 'use_groupnorm': False, 'inner_steps': 2, 'n_epochs': 1, 'batch_size': 256, 'replay_batch_size': 128, 'memories': 5120, 'lr': 0.001, 'optimizer': 'sgd', 'prune_perc': 0.75, 'post_prune_epochs': 0, 'class_weighted_ce': True, 'cuda': True, 'amp': True, 'amp_dtype': 'bfloat16', 'cudnn_benchmark': True, 'seed': 55, 'log_every': 10, 'log_dir': 'logs//lamaml/seed-sweep_one-shot_til-2026-05-28_18-55-58-8893/55', 'tf_dir': 'logs//lamaml/seed-sweep_one-shot_til-2026-05-28_18-55-58-8893/55/tfdir', 'calc_test_accuracy': False, 'state_logging': True, 'data_path': 'data/rff/radar/full', 'task_order_files': 't2-rcn,t0-rcn,t2-uclresm-25noise,t0-deeprad,t1-deeprad,t1-uclresm-25noise,t3-deeprad,t0-uclresm-25noise,t1-rcn,t2-deeprad', 'loader': 'task_incremental_loader', 'samples_per_task': -1, 'task_order_seed': None, 'classes_per_it': 6, 'iterations': 5000, 'dataset': 'iq', 'workers': 0, 'validation': 0.5, 'data_scaling': 'normalize', 'use_iq_aug_features': False, 'iq_aug_feature_type': 'power', 'class_order': 'random', 'increment': 5, 'test_batch_size': 512, 'nc_per_task': None, 'nc_per_task_list': '', 'val_rate': 1000, 'opt_lr': 0.1, 'opt_wt': 0.1, 'alpha_init': 0.001, 'momentum': 0.9, 'learn_lr': True, 'sync_update': False, 'grad_clip_norm': 5.0, 'meta_batches': 3, 'use_old_task_memory': False, 'second_order': True, 'n_memories': 5120, 'memory_strength': 0, 'memory_loss_lambda': 1.0, 'steps_per_sample': 1, 'bgd_optimizer': 'sgd', 'optimizer_params': '{}', 'train_mc_iters': 5, 'std_init': 0.05, 'mean_eta': 1, 'fisher_gamma': 0.95, 'rln': 7, 'meta_lr': 0.001, 'update_lr': 0.1, 'ctx_lr': 0.05, 'n_meta': 1, 'temperature': 5.0, 'task_emb': 64, 'classes_per_task': [6, 7, 6, 7, 7, 6, 6, 6, 7, 6], 'get_samples_per_task': <bound method IncrementalLoader.get_samples_per_task of <dataloaders.task_incremental_loader.IncrementalLoader object at 0x7fe1b8562260>>, 'task_epoch_schedule': {}} # val: 0.614 0.509 -0.105 0.000 # sizes: model_gb=0.0289 mem_gb=0.0000 # 32399.705002307892
[STATE 2026-05-29 03:57:04] results.pt components (approx): state_dict 29.6 MB, result_val_t 0.1 KB, result_val_a 0.8 KB
[STATE 2026-05-29 03:57:04] Results saved; total runtime 9.00h
Total runtime: 9.00 hours
