[STATE 2026-05-28 18:55:58] Enabling terminal logging to logs//icarl/seed-sweep_one-shot_til-2026-05-28_18-55-58-8900/55/terminal.log
New Experiment Starting...
Running model:  icarl
[STATE 2026-05-28 18:55:58] Experiment 'seed-sweep_one-shot_til' starting with model 'icarl' (seed 55)
Set seed 55
[STATE 2026-05-28 18:55:58] Runtime accel: cudnn.benchmark=False amp=True amp_dtype=bfloat16
t2-rcn.npz train: x=(50362, 1024), y=(50362, 2)
t2-rcn.npz test: x=(16787, 1024), y=(16787, 2)
t2-rcn.npz: applied data scaling mode 'normalize'.
Loaded t2-rcn.npz: Unique train labels: UniqueCountsResult(values=array([-1,  3,  5, 10, 12, 15]), counts=array([24209,  5770,  3030,  2320,  7509,  7524]))
Noise labels ratio in t2-rcn.npz train: 0.24, test: 0.24
Loaded t2-rcn.npz: Remapped labels: [0 1 2 3 4 5]. Size: 50362)
t0-rcn.npz train: x=(51916, 1024), y=(51916, 2)
t0-rcn.npz test: x=(17305, 1024), y=(17305, 2)
t0-rcn.npz: applied data scaling mode 'normalize'.
Loaded t0-rcn.npz: Unique train labels: UniqueCountsResult(values=array([-1,  1,  8,  9, 11, 13, 14]), counts=array([24225,  4268,  2495,  2943,  3015,  7464,  7506]))
Noise labels ratio in t0-rcn.npz train: 0.23, test: 0.23
Loaded t0-rcn.npz: Remapped labels: [ 6  7  8  9 10 11 12]. Size: 51916)
t2-uclresm-25noise.npz train: moved sample axis (3, 350028, 1024) -> (350028, 3, 1024)
t2-uclresm-25noise.npz test: moved sample axis (3, 233351, 1024) -> (233351, 3, 1024)
t2-uclresm-25noise.npz train: x=(350028, 3, 1024), y=(350028,)
t2-uclresm-25noise.npz test: x=(233351, 3, 1024), y=(233351,)
t2-uclresm-25noise.npz: applied data scaling mode 'normalize'.
Loaded t2-uclresm-25noise.npz: Unique train labels: UniqueCountsResult(values=array([-1,  0,  1,  2,  3,  4]), counts=array([87441, 27347, 71754, 64298, 36005, 63183]))
Noise labels ratio in t2-uclresm-25noise.npz train: 0.25, test: 0.25
Loaded t2-uclresm-25noise.npz: Remapped labels: [13 14 15 16 17 18]. Size: 350028)
t0-deeprad.npz train: x=(24480, 1024), y=(24480, 2)
t0-deeprad.npz test: x=(8160, 1024), y=(8160, 2)
t0-deeprad.npz: applied data scaling mode 'normalize'.
Loaded t0-deeprad.npz: Unique train labels: UniqueCountsResult(values=array([-1,  0,  1,  2,  3,  4,  5]), counts=array([12240,  2029,  1983,  2043,  2154,  2015,  2016]))
Noise labels ratio in t0-deeprad.npz train: 0.25, test: 0.25
Loaded t0-deeprad.npz: Remapped labels: [19 20 21 22 23 24 25]. Size: 24480)
t1-deeprad.npz train: x=(24480, 1024), y=(24480, 2)
t1-deeprad.npz test: x=(8160, 1024), y=(8160, 2)
t1-deeprad.npz: applied data scaling mode 'normalize'.
Loaded t1-deeprad.npz: Unique train labels: UniqueCountsResult(values=array([-1,  0,  1,  2,  3,  4,  5]), counts=array([12240,  1988,  2029,  2054,  1988,  2053,  2128]))
Noise labels ratio in t1-deeprad.npz train: 0.25, test: 0.25
Loaded t1-deeprad.npz: Remapped labels: [26 27 28 29 30 31 32]. Size: 24480)
t1-uclresm-25noise.npz train: moved sample axis (3, 201410, 1024) -> (201410, 3, 1024)
t1-uclresm-25noise.npz test: moved sample axis (3, 116291, 1024) -> (116291, 3, 1024)
t1-uclresm-25noise.npz train: x=(201410, 3, 1024), y=(201410,)
t1-uclresm-25noise.npz test: x=(116291, 3, 1024), y=(116291,)
t1-uclresm-25noise.npz: applied data scaling mode 'normalize'.
Loaded t1-uclresm-25noise.npz: Unique train labels: UniqueCountsResult(values=array([-1,  0,  1,  2,  3,  4]), counts=array([43668, 18021, 17838, 18087, 31870, 71926]))
Noise labels ratio in t1-uclresm-25noise.npz train: 0.22, test: 0.25
Loaded t1-uclresm-25noise.npz: Remapped labels: [33 34 35 36 37 38]. Size: 201410)
t3-deeprad.npz train: x=(17340, 1024), y=(17340, 2)
t3-deeprad.npz test: x=(6800, 1024), y=(6800, 2)
t3-deeprad.npz: applied data scaling mode 'normalize'.
Loaded t3-deeprad.npz: Unique train labels: UniqueCountsResult(values=array([-1,  0,  1,  2,  3,  4]), counts=array([8670, 1693, 1677, 1794, 1716, 1790]))
Noise labels ratio in t3-deeprad.npz train: 0.25, test: 0.25
Loaded t3-deeprad.npz: Remapped labels: [39 40 41 42 43 44]. Size: 17340)
t0-uclresm-25noise.npz train: moved sample axis (3, 188050, 1024) -> (188050, 3, 1024)
t0-uclresm-25noise.npz test: moved sample axis (3, 107348, 1024) -> (107348, 3, 1024)
t0-uclresm-25noise.npz train: x=(188050, 3, 1024), y=(188050,)
t0-uclresm-25noise.npz test: x=(107348, 3, 1024), y=(107348,)
t0-uclresm-25noise.npz: applied data scaling mode 'normalize'.
Loaded t0-uclresm-25noise.npz: Unique train labels: UniqueCountsResult(values=array([-1,  0,  1,  2,  3,  4]), counts=array([40144, 32109, 17978, 17979, 18098, 61742]))
Noise labels ratio in t0-uclresm-25noise.npz train: 0.21, test: 0.25
Loaded t0-uclresm-25noise.npz: Remapped labels: [45 46 47 48 49 50]. Size: 188050)
t1-rcn.npz train: x=(36658, 1024), y=(36658, 2)
t1-rcn.npz test: x=(12220, 1024), y=(12220, 2)
t1-rcn.npz: applied data scaling mode 'normalize'.
Loaded t1-rcn.npz: Unique train labels: UniqueCountsResult(values=array([-1,  0,  2,  4,  6,  7, 16]), counts=array([20595,   824,  2087,  2606,  2396,  1716,  6434]))
Noise labels ratio in t1-rcn.npz train: 0.28, test: 0.28
Loaded t1-rcn.npz: Remapped labels: [51 52 53 54 55 56 57]. Size: 36658)
t2-deeprad.npz train: x=(17340, 1024), y=(17340, 2)
t2-deeprad.npz test: x=(6800, 1024), y=(6800, 2)
t2-deeprad.npz: applied data scaling mode 'normalize'.
Loaded t2-deeprad.npz: Unique train labels: UniqueCountsResult(values=array([-1,  0,  1,  2,  3,  4]), counts=array([8670, 1774, 1675, 1777, 1694, 1750]))
Noise labels ratio in t2-deeprad.npz train: 0.25, test: 0.25
Loaded t2-deeprad.npz: Remapped labels: [58 59 60 61 62 63]. Size: 17340)
Built classes_per_task: [6, 7, 6, 7, 7, 6, 6, 6, 7, 6]
Classes per task: [6, 7, 6, 7, 7, 6, 6, 6, 7, 6]
[STATE 2026-05-28 18:57:04] Loader 'task_incremental_loader' ready: 1024 inputs, 64 outputs, 10 tasks
n_outputs: 64 	n_tasks: 10
[STATE 2026-05-28 18:57:04] Logging to logs//icarl/seed-sweep_one-shot_til-2026-05-28_18-55-58-8900/55
5120 0.1 1.0 -1
True
Model device: cuda:0
[STATE 2026-05-28 18:57:04] Model initialized on device cuda:0
[STATE 2026-05-28 18:57:04] Invoking continual life experience flow
[STATE 2026-05-28 18:57:04] Life experience start: 10 tasks queued
[STATE 2026-05-28 18:57:04] Legacy epoch behavior enabled: using n_epochs=1 for all tasks
Task 0: 50362 training samples, 16787 test samples.
[STATE 2026-05-28 18:57:04] Task 0: zero-shot validation (pre-train)
---- Zero-shot (pre-train) task 0: rec_cls 0.1900 | prec_cls 0.1127 | f1_cls 0.0558 | det 0.5000 | pfa 1.0000 | total_f1 0.0558 ----
[STATE 2026-05-28 18:57:12] Starting task 0 (1/10)
[STATE 2026-05-28 18:57:12] Task 0 Epoch 1/1: entering train loop
[STATE 2026-05-28 18:59:13] Task 0 Epoch 1/1: running validation (end of epoch)
---- Eval at Epoch 0: cls [0.8202151382055715] | det_recall [0.8728628500845216] | det_fa [0.23686573356255075] ----
T0 Ep 1/1 | L 1.0435 | Train Acc 0.57 | Prec 0.60 | F1 0.54 | Det Rec 0.79 | Det FA 0.32 | Epoch Time 125.35s (Eval 4.97s, Train 120.38s)
[STATE 2026-05-28 18:59:18] T0 Ep 1/1 complete: Prec 0.5960 F1 0.5355 DetRec 0.7936 DetFA 0.3159 | 125.35s total (4.97s eval/120.38s train)
[STATE 2026-05-28 18:59:18] Task 0: running final validation.
Saved task checkpoint: logs//icarl/seed-sweep_one-shot_til-2026-05-28_18-55-58-8900/55/checkpoints/task_0.pt
[STATE 2026-05-28 18:59:24] Saved task checkpoint to logs//icarl/seed-sweep_one-shot_til-2026-05-28_18-55-58-8900/55/checkpoints/task_0.pt
[STATE 2026-05-28 18:59:24] Completed task 0 (1/10)
Task 1: 51916 training samples, 17305 test samples.
[STATE 2026-05-28 18:59:24] Task 1: zero-shot validation (pre-train)
---- Zero-shot (pre-train) task 1: rec_cls 0.2105 | prec_cls 0.1339 | f1_cls 0.0666 | det 0.5000 | pfa 1.0000 | total_f1 0.4114 ----
[STATE 2026-05-28 18:59:34] Starting task 1 (2/10)
[STATE 2026-05-28 18:59:34] Task 1 Epoch 1/1: entering train loop
[STATE 2026-05-28 19:01:12] Task 1 Epoch 1/1: running validation (end of epoch)
---- Eval at Epoch 0: cls [0.4082076488723336, 0.6829688030923303] | det_recall [0.8187788660033014, 0.7757899815174167] | det_fa [0.21505696131149526, 0.39802084584013186] ----
T1 Ep 1/1 | L 1.6240 | Train Acc 0.58 | Prec 0.61 | F1 0.46 | Det Rec 0.63 | Det FA 0.68 | Epoch Time 109.38s (Eval 11.71s, Train 97.66s)
[STATE 2026-05-28 19:01:24] T1 Ep 1/1 complete: Prec 0.6104 F1 0.4598 DetRec 0.6323 DetFA 0.6799 | 109.38s total (11.71s eval/97.66s train)
[STATE 2026-05-28 19:01:24] Task 1: running final validation.
Saved task checkpoint: logs//icarl/seed-sweep_one-shot_til-2026-05-28_18-55-58-8900/55/checkpoints/task_1.pt
[STATE 2026-05-28 19:01:35] Saved task checkpoint to logs//icarl/seed-sweep_one-shot_til-2026-05-28_18-55-58-8900/55/checkpoints/task_1.pt
[STATE 2026-05-28 19:01:35] Completed task 1 (2/10)
Task 2: 350028 training samples, 175014 test samples.
[STATE 2026-05-28 19:01:36] Task 2: zero-shot validation (pre-train)
---- Zero-shot (pre-train) task 2: rec_cls 0.0411 | prec_cls 0.1559 | f1_cls 0.1131 | det 0.5347 | pfa 0.1338 | total_f1 0.3950 ----
[STATE 2026-05-28 19:02:41] Starting task 2 (3/10)
[STATE 2026-05-28 19:02:41] Task 2 Epoch 1/1: entering train loop
[STATE 2026-05-28 19:15:53] Task 2 Epoch 1/1: running validation (end of epoch)
---- Eval at Epoch 0: cls [0.11929707418533493, 0.243267657603537, 0.592040458524922] | det_recall [0.6599892982778416, 0.5375364930784688, 0.7888509071910805] | det_fa [0.2824707486179852, 0.860510508553247, 0.4042498003082127] ----
T2 Ep 1/1 | L 1.6658 | Train Acc 0.40 | Prec 0.41 | F1 0.42 | Det Rec 0.77 | Det FA 0.41 | Epoch Time 858.04s (Eval 65.94s, Train 792.09s)
[STATE 2026-05-28 19:16:59] T2 Ep 1/1 complete: Prec 0.4100 F1 0.4179 DetRec 0.7673 DetFA 0.4083 | 858.04s total (65.94s eval/792.09s train)
[STATE 2026-05-28 19:16:59] Task 2: running final validation.
Saved task checkpoint: logs//icarl/seed-sweep_one-shot_til-2026-05-28_18-55-58-8900/55/checkpoints/task_2.pt
[STATE 2026-05-28 19:18:05] Saved task checkpoint to logs//icarl/seed-sweep_one-shot_til-2026-05-28_18-55-58-8900/55/checkpoints/task_2.pt
[STATE 2026-05-28 19:18:05] Completed task 2 (3/10)
Task 3: 24480 training samples, 8160 test samples.
[STATE 2026-05-28 19:18:05] Task 3: zero-shot validation (pre-train)
---- Zero-shot (pre-train) task 3: rec_cls 0.1399 | prec_cls 0.0841 | f1_cls 0.0586 | det 0.4776 | pfa 1.0000 | total_f1 0.2545 ----
[STATE 2026-05-28 19:19:14] Starting task 3 (4/10)
[STATE 2026-05-28 19:19:14] Task 3 Epoch 1/1: entering train loop
[STATE 2026-05-28 19:20:03] Task 3 Epoch 1/1: running validation (end of epoch)
---- Eval at Epoch 0: cls [0.07423342099582952, 0.18170093450544855, 0.3182910942634071, 0.5833612089524036] | det_recall [0.6265804140951042, 0.5131921234293513, 0.6683452159500649, 0.9941817981244061] | det_fa [0.15750279908845224, 0.9282594270919238, 0.5363228306639096, 0.010434335579831373] ----
T3 Ep 1/1 | L 1.6558 | Train Acc 0.49 | Prec 0.49 | F1 0.53 | Det Rec 0.95 | Det FA 0.08 | Epoch Time 117.87s (Eval 68.42s, Train 49.45s)
[STATE 2026-05-28 19:21:12] T3 Ep 1/1 complete: Prec 0.4868 F1 0.5311 DetRec 0.9534 DetFA 0.0824 | 117.87s total (68.42s eval/49.45s train)
[STATE 2026-05-28 19:21:12] Task 3: running final validation.
Saved task checkpoint: logs//icarl/seed-sweep_one-shot_til-2026-05-28_18-55-58-8900/55/checkpoints/task_3.pt
[STATE 2026-05-28 19:22:20] Saved task checkpoint to logs//icarl/seed-sweep_one-shot_til-2026-05-28_18-55-58-8900/55/checkpoints/task_3.pt
[STATE 2026-05-28 19:22:20] Completed task 3 (4/10)
Task 4: 24480 training samples, 8160 test samples.
[STATE 2026-05-28 19:22:20] Task 4: zero-shot validation (pre-train)
---- Zero-shot (pre-train) task 4: rec_cls 0.0260 | prec_cls 0.0119 | f1_cls 0.0143 | det 0.1752 | pfa 0.9981 | total_f1 0.2550 ----
[STATE 2026-05-28 19:23:32] Starting task 4 (5/10)
[STATE 2026-05-28 19:23:32] Task 4 Epoch 1/1: entering train loop
[STATE 2026-05-28 19:24:23] Task 4 Epoch 1/1: running validation (end of epoch)
---- Eval at Epoch 0: cls [0.06303704096950684, 0.18993339625327077, 0.2558709551361381, 0.30552096453743893, 0.3812266006287473] | det_recall [0.5319905824190394, 0.5056950396793813, 0.5868344943831102, 0.9636424735322442, 1.0] | det_fa [0.27735753106832867, 0.9553968988505152, 0.7105520358622661, 0.0, 0.0] ----
T4 Ep 1/1 | L 1.7320 | Train Acc 0.32 | Prec 0.32 | F1 0.39 | Det Rec 0.97 | Det FA 0.03 | Epoch Time 121.59s (Eval 70.91s, Train 50.68s)
[STATE 2026-05-28 19:25:34] T4 Ep 1/1 complete: Prec 0.3176 F1 0.3926 DetRec 0.9734 DetFA 0.0338 | 121.59s total (70.91s eval/50.68s train)
[STATE 2026-05-28 19:25:34] Task 4: running final validation.
Saved task checkpoint: logs//icarl/seed-sweep_one-shot_til-2026-05-28_18-55-58-8900/55/checkpoints/task_4.pt
[STATE 2026-05-28 19:26:45] Saved task checkpoint to logs//icarl/seed-sweep_one-shot_til-2026-05-28_18-55-58-8900/55/checkpoints/task_4.pt
[STATE 2026-05-28 19:26:45] Completed task 4 (5/10)
Task 5: 201410 training samples, 100705 test samples.
[STATE 2026-05-28 19:26:46] Task 5: zero-shot validation (pre-train)
---- Zero-shot (pre-train) task 5: rec_cls 0.0236 | prec_cls 0.0503 | f1_cls 0.0846 | det 0.5045 | pfa 0.1064 | total_f1 0.2409 ----
[STATE 2026-05-28 19:28:29] Starting task 5 (6/10)
[STATE 2026-05-28 19:28:29] Task 5 Epoch 1/1: entering train loop
[STATE 2026-05-28 19:36:23] Task 5 Epoch 1/1: running validation (end of epoch)
---- Eval at Epoch 0: cls [0.04041865077274029, 0.18877770629526225, 0.22572667885986777, 0.18216265014005684, 0.21169476739415632, 0.7429247389066157] | det_recall [0.518571527366785, 0.5008525661431452, 0.5163404595678398, 0.8324146611828753, 0.9983070606155561, 0.8345693293186786] | det_fa [0.18362815427235527, 0.9920651480270538, 0.9499753426290697, 0.0, 0.0, 0.303199031169714] ----
T5 Ep 1/1 | L 1.2296 | Train Acc 0.64 | Prec 0.64 | F1 0.61 | Det Rec 0.80 | Det FA 0.34 | Epoch Time 576.24s (Eval 102.43s, Train 473.82s)
[STATE 2026-05-28 19:38:05] T5 Ep 1/1 complete: Prec 0.6369 F1 0.6112 DetRec 0.8047 DetFA 0.3377 | 576.24s total (102.43s eval/473.82s train)
[STATE 2026-05-28 19:38:05] Task 5: running final validation.
Saved task checkpoint: logs//icarl/seed-sweep_one-shot_til-2026-05-28_18-55-58-8900/55/checkpoints/task_5.pt
[STATE 2026-05-28 19:39:48] Saved task checkpoint to logs//icarl/seed-sweep_one-shot_til-2026-05-28_18-55-58-8900/55/checkpoints/task_5.pt
[STATE 2026-05-28 19:39:48] Completed task 5 (6/10)
Task 6: 17340 training samples, 6800 test samples.
[STATE 2026-05-28 19:39:48] Task 6: zero-shot validation (pre-train)
---- Zero-shot (pre-train) task 6: rec_cls 0.2487 | prec_cls 0.1742 | f1_cls 0.2133 | det 0.6472 | pfa 0.5684 | total_f1 0.2529 ----
[STATE 2026-05-28 19:41:33] Starting task 6 (7/10)
[STATE 2026-05-28 19:41:33] Task 6 Epoch 1/1: entering train loop
[STATE 2026-05-28 19:42:12] Task 6 Epoch 1/1: running validation (end of epoch)
---- Eval at Epoch 0: cls [0.03294452572242261, 0.18853218500862634, 0.21232633627180783, 0.15617492551967344, 0.24966943000246095, 0.38732992875257444, 0.53166017798282] | det_recall [0.5219517716299941, 0.5014561793533536, 0.5081986281653371, 0.7417448046989907, 0.9895819812443944, 0.5379265836935767, 1.0] | det_fa [0.1343473669080196, 0.9906713611539019, 0.9747511195724331, 0.0, 0.0, 0.9116520593875308, 0.0] ----
T6 Ep 1/1 | L 1.7437 | Train Acc 0.47 | Prec 0.46 | F1 0.54 | Det Rec 0.99 | Det FA 0.02 | Epoch Time 143.16s (Eval 104.31s, Train 38.85s)
[STATE 2026-05-28 19:43:56] T6 Ep 1/1 complete: Prec 0.4562 F1 0.5380 DetRec 0.9895 DetFA 0.0153 | 143.16s total (104.31s eval/38.85s train)
[STATE 2026-05-28 19:43:56] Task 6: running final validation.
Saved task checkpoint: logs//icarl/seed-sweep_one-shot_til-2026-05-28_18-55-58-8900/55/checkpoints/task_6.pt
[STATE 2026-05-28 19:45:54] Saved task checkpoint to logs//icarl/seed-sweep_one-shot_til-2026-05-28_18-55-58-8900/55/checkpoints/task_6.pt
[STATE 2026-05-28 19:45:54] Completed task 6 (7/10)
Task 7: 188050 training samples, 94025 test samples.
[STATE 2026-05-28 19:45:55] Task 7: zero-shot validation (pre-train)
---- Zero-shot (pre-train) task 7: rec_cls 0.1966 | prec_cls 0.1267 | f1_cls 0.0589 | det 0.4999 | pfa 0.9895 | total_f1 0.2317 ----
[STATE 2026-05-28 19:48:08] Starting task 7 (8/10)
[STATE 2026-05-28 19:48:08] Task 7 Epoch 1/1: entering train loop
[STATE 2026-05-28 19:55:56] Task 7 Epoch 1/1: running validation (end of epoch)
---- Eval at Epoch 0: cls [0.028903880249949002, 0.16924903491940504, 0.202674773867752, 0.09046773441339541, 0.20943719868720487, 0.22261915299450646, 0.39181695157389135, 0.7414706325807415] | det_recall [0.520311560163068, 0.5013606875974342, 0.4999274749453656, 0.6728246906209875, 0.9904159529196952, 0.49989464108933057, 0.9982908552746496, 0.8135301114548816] | det_fa [0.1323629766426005, 0.9945996689805116, 0.9941491806597916, 0.0, 0.0, 1.0, 0.0, 0.3446974459438426] ----
T7 Ep 1/1 | L 1.1476 | Train Acc 0.65 | Prec 0.66 | F1 0.63 | Det Rec 0.80 | Det FA 0.33 | Epoch Time 601.94s (Eval 133.90s, Train 468.04s)
[STATE 2026-05-28 19:58:10] T7 Ep 1/1 complete: Prec 0.6631 F1 0.6287 DetRec 0.7996 DetFA 0.3299 | 601.94s total (133.90s eval/468.04s train)
[STATE 2026-05-28 19:58:10] Task 7: running final validation.
Saved task checkpoint: logs//icarl/seed-sweep_one-shot_til-2026-05-28_18-55-58-8900/55/checkpoints/task_7.pt
[STATE 2026-05-28 20:00:24] Saved task checkpoint to logs//icarl/seed-sweep_one-shot_til-2026-05-28_18-55-58-8900/55/checkpoints/task_7.pt
[STATE 2026-05-28 20:00:24] Completed task 7 (8/10)
Task 8: 36658 training samples, 12220 test samples.
[STATE 2026-05-28 20:00:24] Task 8: zero-shot validation (pre-train)
---- Zero-shot (pre-train) task 8: rec_cls 0.1467 | prec_cls 0.0673 | f1_cls 0.0256 | det 0.4984 | pfa 0.9958 | total_f1 0.2318 ----
[STATE 2026-05-28 20:02:42] Starting task 8 (9/10)
[STATE 2026-05-28 20:02:42] Task 8 Epoch 1/1: entering train loop
[STATE 2026-05-28 20:04:09] Task 8 Epoch 1/1: running validation (end of epoch)
---- Eval at Epoch 0: cls [0.011467046376058934, 0.16577467266352205, 0.20554303518339345, 0.06106780604368038, 0.2269205332745168, 0.22543610769793415, 0.28263829547133484, 0.3810993216016726, 0.7482862374626813] | det_recall [0.4997230726227904, 0.5017465640007837, 0.500056611411701, 0.6556277222573165, 0.9960017811313466, 0.5, 0.9939516368066791, 0.6125048675105893, 0.7807350437505162] | det_fa [0.08281775760348925, 0.9895476108928456, 0.999002183268045, 0.0, 0.0, 1.0, 0.0, 0.7365603929911607, 0.41431427034086377] ----
T8 Ep 1/1 | L 1.8461 | Train Acc 0.57 | Prec 0.57 | F1 0.45 | Det Rec 0.71 | Det FA 0.53 | Epoch Time 224.87s (Eval 138.33s, Train 86.54s)
[STATE 2026-05-28 20:06:27] T8 Ep 1/1 complete: Prec 0.5745 F1 0.4523 DetRec 0.7097 DetFA 0.5311 | 224.87s total (138.33s eval/86.54s train)
[STATE 2026-05-28 20:06:27] Task 8: running final validation.
Saved task checkpoint: logs//icarl/seed-sweep_one-shot_til-2026-05-28_18-55-58-8900/55/checkpoints/task_8.pt
[STATE 2026-05-28 20:08:45] Saved task checkpoint to logs//icarl/seed-sweep_one-shot_til-2026-05-28_18-55-58-8900/55/checkpoints/task_8.pt
[STATE 2026-05-28 20:08:45] Completed task 8 (9/10)
Task 9: 17340 training samples, 6800 test samples.
[STATE 2026-05-28 20:08:45] Task 9: zero-shot validation (pre-train)
---- Zero-shot (pre-train) task 9: rec_cls 0.0361 | prec_cls 0.1470 | f1_cls 0.1596 | det 0.5837 | pfa 0.0166 | total_f1 0.2409 ----
[STATE 2026-05-28 20:11:05] Starting task 9 (10/10)
[STATE 2026-05-28 20:11:05] Task 9 Epoch 1/1: entering train loop
[STATE 2026-05-28 20:11:47] Task 9 Epoch 1/1: running validation (end of epoch)
---- Eval at Epoch 0: cls [0.008955770678593359, 0.16276879663290436, 0.20261565764217673, 0.06562021540698353, 0.26605848955622086, 0.2059420183033631, 0.3695362904455593, 0.2463179394147396, 0.20766669813756986, 0.4273948663418098] | det_recall [0.49720717983738494, 0.5001115170400867, 0.5000027718621426, 0.724491696404174, 0.9997553057002758, 0.5, 0.9986120852079035, 0.500826016042346, 0.6142752410611304, 1.0] | det_fa [0.04406189097295528, 0.9975390482566544, 0.9999786571050499, 0.0, 0.0, 1.0, 0.0, 0.8967100984827149, 0.2210532615416265, 0.0] ----
T9 Ep 1/1 | L 1.6451 | Train Acc 0.35 | Prec 0.36 | F1 0.43 | Det Rec 0.99 | Det FA 0.00 | Epoch Time 181.90s (Eval 139.75s, Train 42.15s)
[STATE 2026-05-28 20:14:07] T9 Ep 1/1 complete: Prec 0.3599 F1 0.4345 DetRec 0.9851 DetFA 0.0002 | 181.90s total (139.75s eval/42.15s train)
[STATE 2026-05-28 20:14:07] Task 9: running final validation.
Saved task checkpoint: logs//icarl/seed-sweep_one-shot_til-2026-05-28_18-55-58-8900/55/checkpoints/task_9.pt
[STATE 2026-05-28 20:16:28] Saved task checkpoint to logs//icarl/seed-sweep_one-shot_til-2026-05-28_18-55-58-8900/55/checkpoints/task_9.pt
[STATE 2026-05-28 20:16:28] Completed task 9 (10/10)
####Final Validation Accuracy####
Final Results:- 
 Total Recall: 0.21809838129798326 
 Individual Recall: [0.010445693411426739, 0.16398454811553687, 0.2023239804528843, 0.06507235075612215, 0.27686970444645714, 0.20541544277178167, 0.3786736653972782, 0.2460150312098489, 0.2087804377839375, 0.4234029586345592]
Final Detection Results:- 
 Total Detection: 0.6838484366369617 
 Individual Detection: [0.49681615571398435, 0.5002951631079471, 0.49999234477160726, 0.7245934844559426, 0.9998784046692607, 0.5, 0.9992078551850848, 0.5018382166791635, 0.615862741786627, 1.0]
Final Detection False Alarm:- 
 Total False Alarm: 0.4163064559973044 
 Individual False Alarm: [0.047810351388549444, 0.9968358208224226, 1.0, 0.0, 0.0, 1.0, 0.0, 0.8958034341131894, 0.22261495364888348, 0.0]
SUMMARY_TR cls_rec=0.3547 cls_prec=0.3599 cls_f1=0.4345 det=0.6835 fa=0.4159
SUMMARY_TE cls_rec=0.2181 cls_prec=0.2724 cls_f1=0.2303 det=0.6838 fa=0.4163
[STATE 2026-05-28 20:16:28] Saving results to logs//icarl/seed-sweep_one-shot_til-2026-05-28_18-55-58-8900/55/results
Model size: 0.0289 GB
Memory buffer size: 0.0000 GB
logs//icarl/seed-sweep_one-shot_til-2026-05-28_18-55-58-8900/55/results: {'expt_name': 'seed-sweep_one-shot_til', 'model': 'icarl', 'arch': 'resnet1d', 'n_hiddens': 100, 'n_layers': 2, 'xav_init': False, 'debug': False, 'use_detector_arch': False, 'use_groupnorm': False, 'inner_steps': 2, 'n_epochs': 1, 'batch_size': 256, 'replay_batch_size': 128, 'memories': 5120, 'lr': 0.001, 'optimizer': 'sgd', 'prune_perc': 0.75, 'post_prune_epochs': 0, 'class_weighted_ce': True, 'cuda': True, 'amp': True, 'amp_dtype': 'bfloat16', 'cudnn_benchmark': True, 'seed': 55, 'log_every': 10, 'log_dir': 'logs//icarl/seed-sweep_one-shot_til-2026-05-28_18-55-58-8900/55', 'tf_dir': 'logs//icarl/seed-sweep_one-shot_til-2026-05-28_18-55-58-8900/55/tfdir', 'calc_test_accuracy': False, 'state_logging': True, 'data_path': 'data/rff/radar/full', 'task_order_files': 't2-rcn,t0-rcn,t2-uclresm-25noise,t0-deeprad,t1-deeprad,t1-uclresm-25noise,t3-deeprad,t0-uclresm-25noise,t1-rcn,t2-deeprad', 'loader': 'task_incremental_loader', 'samples_per_task': -1, 'task_order_seed': None, 'classes_per_it': 6, 'iterations': 5000, 'dataset': 'iq', 'workers': 0, 'validation': 0.5, 'data_scaling': 'normalize', 'use_iq_aug_features': False, 'iq_aug_feature_type': 'power', 'class_order': 'random', 'increment': 5, 'test_batch_size': 512, 'nc_per_task': None, 'nc_per_task_list': '', 'val_rate': 1000, 'opt_lr': 0.1, 'opt_wt': 0.1, 'alpha_init': 0.001, 'momentum': 0.0, 'learn_lr': False, 'sync_update': False, 'grad_clip_norm': 5.0, 'meta_batches': 3, 'use_old_task_memory': False, 'second_order': False, 'n_memories': 5120, 'memory_strength': 0.1, 'memory_loss_lambda': 1.0, 'steps_per_sample': 1, 'bgd_optimizer': 'sgd', 'optimizer_params': '{}', 'train_mc_iters': 5, 'std_init': 0.05, 'mean_eta': 1, 'fisher_gamma': 0.95, 'rln': 7, 'meta_lr': 0.001, 'update_lr': 0.1, 'ctx_lr': 0.05, 'n_meta': 1, 'temperature': 5.0, 'task_emb': 64, 'classes_per_task': [6, 7, 6, 7, 7, 6, 6, 6, 7, 6], 'get_samples_per_task': <bound method IncrementalLoader.get_samples_per_task of <dataloaders.task_incremental_loader.IncrementalLoader object at 0x72c408192260>>, 'task_epoch_schedule': {}} # val: 0.627 0.218 -0.409 0.000 # sizes: model_gb=0.0289 mem_gb=0.0000 # 4763.623417139053
[STATE 2026-05-28 20:16:28] results.pt components (approx): state_dict 29.6 MB, result_val_t 0.1 KB, result_val_a 0.8 KB
[STATE 2026-05-28 20:16:28] Results saved; total runtime 1.32h
Total runtime: 1.32 hours
