[2026-04-03T11:14:37+01:00] === full_experiments.sh started ===
[2026-04-03T11:14:37+01:00] REPO_ROOT=/home/lunet/wsmr11/repos/La-MAML
[2026-04-03T11:14:37+01:00] LOG_FILE=/home/lunet/wsmr11/repos/La-MAML/logs/full_experiments/full-til_10epochs_w-zs/full-til_B_run_20260403_111437_lnx-elkk-1/full_experiments_20260403_111437.log
[2026-04-03T11:14:37+01:00] INCLUDED_ALL=ewc er_ring eralg4 gem cmaml ctn hat bcl_dual agem lwf packnet rwalk si ucl la-er lamaml smaml iid2
[2026-04-03T11:14:37+01:00] Activated la-maml_env
[2026-04-03T11:14:37+01:00] Using SERIAL_PROBE_JSON_PATH=logs/eta_probe/eta_probe_elkk-1-algos_10-iter_avg-util-2.json
[2026-04-03T11:14:37+01:00] Using SCHEDULE_JSON_PATH=logs/eta_probe/full_experiments_host_schedule.json
[2026-04-03T11:14:37+01:00] HOST_KEY=lnx-elkk-1
[2026-04-03T11:14:37+01:00] Reusing existing schedule JSON.
[2026-04-03T11:14:37+01:00] Estimated time saved (parallel vs serial): 60.01690617075233%
[2026-04-03T11:14:37+01:00] QUEUE_HIGH count=4: lwf hat ctn ewc
[2026-04-03T11:14:37+01:00] QUEUE_LOW  count=3: cmaml lamaml eralg4
[2026-04-03T11:14:37+01:00] === Queue phase on lnx-elkk-1 (util high/low) ===
[2026-04-03T11:14:37+01:00] --- Dispatching: base + lwf (job log: /home/lunet/wsmr11/repos/La-MAML/logs/full_experiments/full-til_10epochs_w-zs/full-til_B_run_20260403_111437_lnx-elkk-1/job_logs/job_lwf_20260403_111437_204128676.log) ---
[2026-04-03T11:14:37+01:00] START lwf
[2026-04-03T11:14:37+01:00] --- Dispatching: base + cmaml (job log: /home/lunet/wsmr11/repos/La-MAML/logs/full_experiments/full-til_10epochs_w-zs/full-til_B_run_20260403_111437_lnx-elkk-1/job_logs/job_cmaml_20260403_111437_218408297.log) ---
[2026-04-03T11:14:37+01:00] START cmaml
[2026-04-03T15:55:02+01:00] Completed: lwf (exit 0)
[2026-04-03T15:55:02+01:00] --- Dispatching: base + hat (job log: /home/lunet/wsmr11/repos/La-MAML/logs/full_experiments/full-til_10epochs_w-zs/full-til_B_run_20260403_111437_lnx-elkk-1/job_logs/job_hat_20260403_155502_563986659.log) ---
[2026-04-03T15:55:02+01:00] START hat
[2026-04-03T19:53:35+01:00] Completed: hat (exit 0)
[2026-04-03T21:22:46+01:00] --- Dispatching: base + ewc (job log: /home/lunet/wsmr11/repos/La-MAML/logs/full_experiments/full-til_10epochs_w-zs/full-til_B_run_20260403_111437_lnx-elkk-1/job_logs/job_ewc_20260403_212246_472268163.log) ---
[2026-04-03T21:22:46+01:00] START ewc
[2026-04-04T05:32:02+01:00] Completed: ewc (exit 0)
[2026-04-05T02:50:42+01:00] Completed: cmaml (exit 0)
[2026-04-05T02:50:42+01:00] --- Dispatching: base + lamaml (job log: /home/lunet/wsmr11/repos/La-MAML/logs/full_experiments/full-til_10epochs_w-zs/full-til_B_run_20260403_111437_lnx-elkk-1/job_logs/job_lamaml_20260405_025042_948358972.log) ---
[2026-04-05T02:50:42+01:00] START lamaml
[2026-04-06T05:52:42+01:00] Completed: lamaml (exit 0)
[2026-04-06T05:52:42+01:00] --- Dispatching: base + eralg4 (job log: /home/lunet/wsmr11/repos/La-MAML/logs/full_experiments/full-til_10epochs_w-zs/full-til_B_run_20260403_111437_lnx-elkk-1/job_logs/job_eralg4_20260406_055242_916836589.log) ---
[2026-04-06T05:52:42+01:00] START eralg4
[2026-04-06T15:23:58+01:00] Completed: eralg4 (exit 0)
[2026-04-05T02:50:42+01:00] --- Dispatching: base + iid2 (job log: /home/lunet/wsmr11/repos/La-MAML/logs/full_experiments/full-til_10epochs_w-zs/full-til_B_run_20260403_111437_lnx-elkk-1/job_logs/job_iid2_20260408_175659_865738064.log) ---
[2026-04-05T02:50:42+01:00] --- Dispatching: base + bcl_dual (job log: /home/lunet/wsmr11/repos/La-MAML/logs/full_experiments/full-til_10epochs_w-zs/full-til_B_run_20260403_111437_lnx-elkk-1/job_logs/job_bcl_dual_20260408_171038_452407768.log) ---
[2026-04-06T15:23:58+01:00] Completed: iid2 (exit 0)
[2026-04-06T15:23:58+01:00] Completed: bcl_dual (exit 0)
[2026-04-09T14:04:32+01:00] START la-er
[2026-04-10T17:44:33+01:00] Completed: la-er (exit 0)
[2026-04-10T14:09:54+01:00] --- Dispatching: base + icarl (job log: /home/lunet/wsmr11/repos/La-MAML/logs/full_experiments/full-til_10epochs_w-zs/full-til_B_run_20260403_111257_lnx-elkk-2/job_logs/job_icarl_20260410_140954_178725820.log) ---
