[STATE 2026-04-21 20:28:26] Enabling terminal logging to logs//smaml/full-tasks_CIL_all-2026-04-21_20-28-26-4721/0/terminal.log
New Experiment Starting...
Running model:  lamaml_cifar
[STATE 2026-04-21 20:28:26] Experiment 'full-tasks_CIL_all' starting with model 'lamaml_cifar' (seed 0)
Set seed 0
t2-rcn.npz train: x=(50362, 1024), y=(50362, 2)
t2-rcn.npz test: x=(16787, 1024), y=(16787, 2)
t2-rcn.npz: applied data scaling mode 'normalize'.
Loaded t2-rcn.npz: Unique train labels: UniqueCountsResult(values=array([-1,  3,  5, 10, 12, 15]), counts=array([24209,  5770,  3030,  2320,  7509,  7524]))
Noise labels ratio in t2-rcn.npz train: 0.24, test: 0.24
Loaded t2-rcn.npz: Remapped labels: [-1  0  1  2  3  4]. Size: 50362)
t0-rcn.npz train: x=(51916, 1024), y=(51916, 2)
t0-rcn.npz test: x=(17305, 1024), y=(17305, 2)
t0-rcn.npz: applied data scaling mode 'normalize'.
Loaded t0-rcn.npz: Unique train labels: UniqueCountsResult(values=array([-1,  1,  8,  9, 11, 13, 14]), counts=array([24225,  4268,  2495,  2943,  3015,  7464,  7506]))
Noise labels ratio in t0-rcn.npz train: 0.23, test: 0.23
Loaded t0-rcn.npz: Remapped labels: [-1  5  6  7  8  9 10]. Size: 51916)
t2-uclresm-25noise.npz train: moved sample axis (3, 350028, 1024) -> (350028, 3, 1024)
t2-uclresm-25noise.npz test: moved sample axis (3, 233351, 1024) -> (233351, 3, 1024)
t2-uclresm-25noise.npz train: x=(350028, 3, 1024), y=(350028,)
t2-uclresm-25noise.npz test: x=(233351, 3, 1024), y=(233351,)
t2-uclresm-25noise.npz: applied data scaling mode 'normalize'.
Loaded t2-uclresm-25noise.npz: Unique train labels: UniqueCountsResult(values=array([-1,  0,  1,  2,  3,  4]), counts=array([87441, 27347, 71754, 64298, 36005, 63183]))
Noise labels ratio in t2-uclresm-25noise.npz train: 0.25, test: 0.25
Loaded t2-uclresm-25noise.npz: Remapped labels: [-1 11 12 13 14 15]. Size: 350028)
t0-deeprad.npz train: x=(24480, 1024), y=(24480, 2)
t0-deeprad.npz test: x=(8160, 1024), y=(8160, 2)
t0-deeprad.npz: applied data scaling mode 'normalize'.
Loaded t0-deeprad.npz: Unique train labels: UniqueCountsResult(values=array([-1,  0,  1,  2,  3,  4,  5]), counts=array([12240,  2029,  1983,  2043,  2154,  2015,  2016]))
Noise labels ratio in t0-deeprad.npz train: 0.25, test: 0.25
Loaded t0-deeprad.npz: Remapped labels: [-1 16 17 18 19 20 21]. Size: 24480)
t1-deeprad.npz train: x=(24480, 1024), y=(24480, 2)
t1-deeprad.npz test: x=(8160, 1024), y=(8160, 2)
t1-deeprad.npz: applied data scaling mode 'normalize'.
Loaded t1-deeprad.npz: Unique train labels: UniqueCountsResult(values=array([-1,  0,  1,  2,  3,  4,  5]), counts=array([12240,  1988,  2029,  2054,  1988,  2053,  2128]))
Noise labels ratio in t1-deeprad.npz train: 0.25, test: 0.25
Loaded t1-deeprad.npz: Remapped labels: [-1 22 23 24 25 26 27]. Size: 24480)
t1-uclresm-25noise.npz train: moved sample axis (3, 201410, 1024) -> (201410, 3, 1024)
t1-uclresm-25noise.npz test: moved sample axis (3, 116291, 1024) -> (116291, 3, 1024)
t1-uclresm-25noise.npz train: x=(201410, 3, 1024), y=(201410,)
t1-uclresm-25noise.npz test: x=(116291, 3, 1024), y=(116291,)
t1-uclresm-25noise.npz: applied data scaling mode 'normalize'.
Loaded t1-uclresm-25noise.npz: Unique train labels: UniqueCountsResult(values=array([-1,  0,  1,  2,  3,  4]), counts=array([43668, 18021, 17838, 18087, 31870, 71926]))
Noise labels ratio in t1-uclresm-25noise.npz train: 0.22, test: 0.25
Loaded t1-uclresm-25noise.npz: Remapped labels: [-1 28 29 30 31 32]. Size: 201410)
t3-deeprad.npz train: x=(17340, 1024), y=(17340, 2)
t3-deeprad.npz test: x=(6800, 1024), y=(6800, 2)
t3-deeprad.npz: applied data scaling mode 'normalize'.
Loaded t3-deeprad.npz: Unique train labels: UniqueCountsResult(values=array([-1,  0,  1,  2,  3,  4]), counts=array([8670, 1693, 1677, 1794, 1716, 1790]))
Noise labels ratio in t3-deeprad.npz train: 0.25, test: 0.25
Loaded t3-deeprad.npz: Remapped labels: [-1 33 34 35 36 37]. Size: 17340)
t0-uclresm-25noise.npz train: moved sample axis (3, 188050, 1024) -> (188050, 3, 1024)
t0-uclresm-25noise.npz test: moved sample axis (3, 107348, 1024) -> (107348, 3, 1024)
t0-uclresm-25noise.npz train: x=(188050, 3, 1024), y=(188050,)
t0-uclresm-25noise.npz test: x=(107348, 3, 1024), y=(107348,)
t0-uclresm-25noise.npz: applied data scaling mode 'normalize'.
Loaded t0-uclresm-25noise.npz: Unique train labels: UniqueCountsResult(values=array([-1,  0,  1,  2,  3,  4]), counts=array([40144, 32109, 17978, 17979, 18098, 61742]))
Noise labels ratio in t0-uclresm-25noise.npz train: 0.21, test: 0.25
Loaded t0-uclresm-25noise.npz: Remapped labels: [-1 38 39 40 41 42]. Size: 188050)
t1-rcn.npz train: x=(36658, 1024), y=(36658, 2)
t1-rcn.npz test: x=(12220, 1024), y=(12220, 2)
t1-rcn.npz: applied data scaling mode 'normalize'.
Loaded t1-rcn.npz: Unique train labels: UniqueCountsResult(values=array([-1,  0,  2,  4,  6,  7, 16]), counts=array([20595,   824,  2087,  2606,  2396,  1716,  6434]))
Noise labels ratio in t1-rcn.npz train: 0.28, test: 0.28
Loaded t1-rcn.npz: Remapped labels: [-1 43 44 45 46 47 48]. Size: 36658)
t2-deeprad.npz train: x=(17340, 1024), y=(17340, 2)
t2-deeprad.npz test: x=(6800, 1024), y=(6800, 2)
t2-deeprad.npz: applied data scaling mode 'normalize'.
Loaded t2-deeprad.npz: Unique train labels: UniqueCountsResult(values=array([-1,  0,  1,  2,  3,  4]), counts=array([8670, 1774, 1675, 1777, 1694, 1750]))
Noise labels ratio in t2-deeprad.npz train: 0.25, test: 0.25
Loaded t2-deeprad.npz: Remapped labels: [-1 49 50 51 52 53]. Size: 17340)
Built IQ classes_per_task (increments): [5, 6, 5, 6, 6, 5, 5, 5, 6, 5]
Classes per task: [5, 6, 5, 6, 6, 5, 5, 5, 6, 5]
[STATE 2026-04-21 20:29:36] Loader 'class_incremental_loader' ready: 1024 inputs, 55 outputs, 10 tasks
n_outputs: 55 	n_tasks: 10
[STATE 2026-04-21 20:29:36] Logging to logs//smaml/full-tasks_CIL_all-2026-04-21_20-28-26-4721/0
True
Model device: cuda:0
[STATE 2026-04-21 20:29:37] Model initialized on device cuda:0
[STATE 2026-04-21 20:29:37] Invoking continual life experience flow
[STATE 2026-04-21 20:29:37] Life experience start: 10 tasks queued
[STATE 2026-04-21 20:29:37] Task 0: zero-shot validation (pre-train)
---- Zero-shot (pre-train) task 0: rec_cls 0.0002 | prec_cls 0.0064 | f1_cls 0.1065 | det 0.5023 | pfa 0.0626 | total_f1 0.1065 ----
[STATE 2026-04-21 20:29:44] Starting task 0 (1/10)
[STATE 2026-04-21 20:29:44] Task 0 Epoch 1/1: entering train loop
[STATE 2026-04-21 20:51:44] Task 0 Epoch 1/1: running validation (end of epoch)
---- Eval at Epoch 0: cls [0.7291481507180652] | det_recall [0.871019952647775] | det_fa [0.08050936802110101] ----
T0 Ep 1/1 | L 0.5608 | Train Acc 0.56 | Prec 0.66 | F1 0.59 | Det Rec 0.85 | Det FA 0.12 | Epoch Time 1324.11s (Eval 4.54s, Train 1319.57s)
[STATE 2026-04-21 20:51:49] T0 Ep 1/1 complete: Prec 0.6578 F1 0.5929 DetRec 0.8459 DetFA 0.1215 | 1324.11s total (4.54s eval/1319.57s train)
[STATE 2026-04-21 20:51:49] Task 0: running final validation.
[STATE 2026-04-21 20:51:53] Completed task 0 (1/10)
[STATE 2026-04-21 20:51:53] Task 1: zero-shot validation (pre-train)
---- Zero-shot (pre-train) task 1: rec_cls 0.3016 | prec_cls 0.2292 | f1_cls 0.2559 | det 0.7872 | pfa 0.1275 | total_f1 0.5136 ----
[STATE 2026-04-21 20:52:07] Starting task 1 (2/10)
[STATE 2026-04-21 20:52:07] Task 1 Epoch 1/1: entering train loop
[STATE 2026-04-21 21:00:44] Task 1 Epoch 1/1: running validation (end of epoch)
---- Eval at Epoch 0: cls [0.4268418548018289, 0.3565151016315399] | det_recall [0.7656305885731256, 0.7736627815220165] | det_fa [0.0017207952894576657, 0.2707669109599627] ----
T1 Ep 1/1 | L 0.5483 | Train Acc 0.58 | Prec 0.71 | F1 0.62 | Det Rec 0.85 | Det FA 0.13 | Epoch Time 531.23s (Eval 13.80s, Train 517.43s)
[STATE 2026-04-21 21:00:58] T1 Ep 1/1 complete: Prec 0.7118 F1 0.6192 DetRec 0.8521 DetFA 0.1265 | 531.23s total (13.80s eval/517.43s train)
[STATE 2026-04-21 21:00:58] Task 1: running final validation.
[STATE 2026-04-21 21:01:12] Completed task 1 (2/10)
Note: Unified mixed IQ test tensors to (N, 3, L) via ADC0 I/Q + zero-padded ADC1/2 (IID2-style) for cumulative CIL.
[STATE 2026-04-21 21:01:13] Task 2: zero-shot validation (pre-train)
---- Zero-shot (pre-train) task 2: rec_cls 0.0637 | prec_cls 0.0092 | f1_cls 0.0164 | det 0.4181 | pfa 0.8776 | total_f1 0.2866 ----
[STATE 2026-04-21 21:02:22] Starting task 2 (3/10)
[STATE 2026-04-21 21:02:22] Task 2 Epoch 1/1: entering train loop
[STATE 2026-04-21 22:00:58] Task 2 Epoch 1/1: running validation (end of epoch)
---- Eval at Epoch 0: cls [0.13811126626489476, 0.11815187469052263, 0.0966172991957284] | det_recall [0.6007393872988509, 0.679266890642112, 0.6900849787205459] | det_fa [0.0005081881041220979, 0.007902075823665011, 0.5553802441057993] ----
T2 Ep 1/1 | L 0.7487 | Train Acc 0.55 | Prec 0.61 | F1 0.57 | Det Rec 0.82 | Det FA 0.27 | Epoch Time 3585.44s (Eval 68.79s, Train 3516.65s)
[STATE 2026-04-21 22:02:07] T2 Ep 1/1 complete: Prec 0.6141 F1 0.5717 DetRec 0.8175 DetFA 0.2674 | 3585.44s total (68.79s eval/3516.65s train)
[STATE 2026-04-21 22:02:07] Task 2: running final validation.
[STATE 2026-04-21 22:03:16] Completed task 2 (3/10)
Note: Unified mixed IQ test tensors to (N, 3, L) via ADC0 I/Q + zero-padded ADC1/2 (IID2-style) for cumulative CIL.
[STATE 2026-04-21 22:03:16] Task 3: zero-shot validation (pre-train)
---- Zero-shot (pre-train) task 3: rec_cls 0.0698 | prec_cls 0.0671 | f1_cls 0.0835 | det 0.6671 | pfa 0.5914 | total_f1 0.1700 ----
[STATE 2026-04-21 22:05:22] Starting task 3 (4/10)
[STATE 2026-04-21 22:05:22] Task 3 Epoch 1/1: entering train loop
[STATE 2026-04-21 22:09:27] Task 3 Epoch 1/1: running validation (end of epoch)
---- Eval at Epoch 0: cls [0.16434699904287817, 0.1306938209303663, 0.07088649275823884, 0.045840466881999394] | det_recall [0.605603203279146, 0.6582587298282567, 0.604436728267311, 0.5762172375969827] | det_fa [0.0, 0.0009344635052126539, 0.45837002460652654, 0.5137529984627447] ----
T3 Ep 1/1 | L 0.8835 | Train Acc 0.18 | Prec 0.38 | F1 0.30 | Det Rec 0.86 | Det FA 0.21 | Epoch Time 370.30s (Eval 125.96s, Train 244.35s)
[STATE 2026-04-21 22:11:33] T3 Ep 1/1 complete: Prec 0.3821 F1 0.2979 DetRec 0.8624 DetFA 0.2087 | 370.30s total (125.96s eval/244.35s train)
[STATE 2026-04-21 22:11:33] Task 3: running final validation.
[STATE 2026-04-21 22:13:39] Completed task 3 (4/10)
Note: Unified mixed IQ test tensors to (N, 3, L) via ADC0 I/Q + zero-padded ADC1/2 (IID2-style) for cumulative CIL.
[STATE 2026-04-21 22:13:39] Task 4: zero-shot validation (pre-train)
---- Zero-shot (pre-train) task 4: rec_cls 0.0329 | prec_cls 0.0629 | f1_cls 0.0426 | det 0.5545 | pfa 0.5497 | total_f1 0.1439 ----
[STATE 2026-04-21 22:16:45] Starting task 4 (5/10)
[STATE 2026-04-21 22:16:45] Task 4 Epoch 1/1: entering train loop
[STATE 2026-04-21 22:20:49] Task 4 Epoch 1/1: running validation (end of epoch)
---- Eval at Epoch 0: cls [0.16988724091974775, 0.15486394491580496, 0.089988218637023, 0.0853024328059916, 0.09065010582044267] | det_recall [0.6108102138449266, 0.6706377862643079, 0.6745117899332693, 0.6075706115139261, 0.5901736500751176] | det_fa [0.0, 0.005795734364542117, 0.33700324555826694, 0.5001166892256962, 0.5425046482336606] ----
T4 Ep 1/1 | L 0.7348 | Train Acc 0.21 | Prec 0.26 | F1 0.31 | Det Rec 0.98 | Det FA 0.00 | Epoch Time 429.62s (Eval 185.37s, Train 244.25s)
[STATE 2026-04-21 22:23:54] T4 Ep 1/1 complete: Prec 0.2650 F1 0.3085 DetRec 0.9795 DetFA 0.0015 | 429.62s total (185.37s eval/244.25s train)
[STATE 2026-04-21 22:23:54] Task 4: running final validation.
[STATE 2026-04-21 22:27:00] Completed task 4 (5/10)
Note: Unified mixed IQ test tensors to (N, 3, L) via ADC0 I/Q + zero-padded ADC1/2 (IID2-style) for cumulative CIL.
[STATE 2026-04-21 22:27:01] Task 5: zero-shot validation (pre-train)
---- Zero-shot (pre-train) task 5: rec_cls 0.0842 | prec_cls 0.0521 | f1_cls 0.0585 | det 0.6137 | pfa 0.5117 | total_f1 0.1499 ----
[STATE 2026-04-21 22:31:32] Starting task 5 (6/10)
[STATE 2026-04-21 22:31:32] Task 5 Epoch 1/1: entering train loop
[STATE 2026-04-21 23:05:16] Task 5 Epoch 1/1: running validation (end of epoch)
---- Eval at Epoch 0: cls [0.21416079709208843, 0.13295524933214345, 0.08370742599596517, 0.05739739087725925, 0.04394246629026518, 0.07949374469663029] | det_recall [0.6624251363515024, 0.7146912802901481, 0.6530901451134524, 0.6277653655540167, 0.6002976482165309, 0.6077391696272726] | det_fa [0.0016948537282615382, 0.017320277747732853, 0.4218256984024573, 0.48851593661763043, 0.540178535298696, 0.7705057588348887] ----
T5 Ep 1/1 | L 0.5600 | Train Acc 0.65 | Prec 0.71 | F1 0.66 | Det Rec 0.86 | Det FA 0.21 | Epoch Time 2295.16s (Eval 271.23s, Train 2023.94s)
[STATE 2026-04-21 23:09:47] T5 Ep 1/1 complete: Prec 0.7065 F1 0.6565 DetRec 0.8621 DetFA 0.2130 | 2295.16s total (271.23s eval/2023.94s train)
[STATE 2026-04-21 23:09:47] Task 5: running final validation.
[STATE 2026-04-21 23:14:19] Completed task 5 (6/10)
Note: Unified mixed IQ test tensors to (N, 3, L) via ADC0 I/Q + zero-padded ADC1/2 (IID2-style) for cumulative CIL.
[STATE 2026-04-21 23:14:20] Task 6: zero-shot validation (pre-train)
---- Zero-shot (pre-train) task 6: rec_cls 0.0693 | prec_cls 0.0282 | f1_cls 0.0377 | det 0.5923 | pfa 0.8001 | total_f1 0.1232 ----
[STATE 2026-04-21 23:20:19] Starting task 6 (7/10)
[STATE 2026-04-21 23:20:19] Task 6 Epoch 1/1: entering train loop
[STATE 2026-04-21 23:23:13] Task 6 Epoch 1/1: running validation (end of epoch)
---- Eval at Epoch 0: cls [0.155078939677277, 0.10375455639840145, 0.04661277420239998, 0.05728425378573951, 0.03352821838655309, 0.05310192769130267, 0.05097112058721797] | det_recall [0.615686464600077, 0.6434267288004308, 0.5318208098060123, 0.5069834574252488, 0.47962032547220684, 0.6472708411098275, 0.631210315618394] | det_fa [0.00413314959311996, 0.00876929748887102, 0.3092753806368916, 0.4005481704371969, 0.4568532128709027, 0.48108121956636357, 0.49885319481198953] ----
T6 Ep 1/1 | L 0.8083 | Train Acc 0.02 | Prec 0.09 | F1 0.18 | Det Rec 0.95 | Det FA 0.10 | Epoch Time 532.78s (Eval 359.08s, Train 173.70s)
[STATE 2026-04-21 23:29:12] T6 Ep 1/1 complete: Prec 0.0928 F1 0.1778 DetRec 0.9517 DetFA 0.0956 | 532.78s total (359.08s eval/173.70s train)
[STATE 2026-04-21 23:29:12] Task 6: running final validation.
[STATE 2026-04-21 23:35:10] Completed task 6 (7/10)
Note: Unified mixed IQ test tensors to (N, 3, L) via ADC0 I/Q + zero-padded ADC1/2 (IID2-style) for cumulative CIL.
[STATE 2026-04-21 23:35:12] Task 7: zero-shot validation (pre-train)
---- Zero-shot (pre-train) task 7: rec_cls 0.0501 | prec_cls 0.0295 | f1_cls 0.0365 | det 0.6485 | pfa 0.4796 | total_f1 0.0993 ----
[STATE 2026-04-21 23:43:03] Starting task 7 (8/10)
[STATE 2026-04-21 23:43:03] Task 7 Epoch 1/1: entering train loop
[STATE 2026-04-22 00:14:41] Task 7 Epoch 1/1: running validation (end of epoch)
---- Eval at Epoch 0: cls [0.1704392892779542, 0.10657768418034831, 0.06991870436353079, 0.06365520197793419, 0.04645510248928747, 0.06360127447507646, 0.05832103057431818, 0.07250980246071395] | det_recall [0.6351233578650255, 0.6770017633900783, 0.6169329543993675, 0.5944336263232882, 0.5728453681831202, 0.7063728784816875, 0.6915346872237279, 0.6798975911646654] | det_fa [0.012292197525160673, 0.039997742464357444, 0.42179007437751775, 0.4704063702693829, 0.512632584762334, 0.5323002981598347, 0.5591376463548575, 0.6132143576024671] ----
T7 Ep 1/1 | L 0.4856 | Train Acc 0.56 | Prec 0.78 | F1 0.65 | Det Rec 0.85 | Det FA 0.27 | Epoch Time 2369.94s (Eval 471.70s, Train 1898.24s)
[STATE 2026-04-22 00:22:33] T7 Ep 1/1 complete: Prec 0.7790 F1 0.6474 DetRec 0.8468 DetFA 0.2664 | 2369.94s total (471.70s eval/1898.24s train)
[STATE 2026-04-22 00:22:33] Task 7: running final validation.
[STATE 2026-04-22 00:30:24] Completed task 7 (8/10)
Note: Unified mixed IQ test tensors to (N, 3, L) via ADC0 I/Q + zero-padded ADC1/2 (IID2-style) for cumulative CIL.
[STATE 2026-04-22 00:30:26] Task 8: zero-shot validation (pre-train)
---- Zero-shot (pre-train) task 8: rec_cls 0.0624 | prec_cls 0.0237 | f1_cls 0.0321 | det 0.6397 | pfa 0.6932 | total_f1 0.0979 ----
[STATE 2026-04-22 00:40:13] Starting task 8 (9/10)
[STATE 2026-04-22 00:40:13] Task 8 Epoch 1/1: entering train loop
[STATE 2026-04-22 00:46:20] Task 8 Epoch 1/1: running validation (end of epoch)
---- Eval at Epoch 0: cls [0.14100564157917464, 0.11482206522861955, 0.030746763991206058, 0.02731038687926767, 0.019788390476408485, 0.04754950980693107, 0.0414981952932704, 0.05258776150751669, 0.051215629659066036] | det_recall [0.604992028148752, 0.6409992641745281, 0.49522108053301367, 0.4705969152434729, 0.4446640492679827, 0.6454445306182119, 0.6300044796008231, 0.6353924279601165, 0.6287657625049794] | det_fa [0.0, 0.00024260798829017953, 0.25918944797659677, 0.312968296117547, 0.3613092068254933, 0.4790586220204602, 0.5038686461036589, 0.5283807826260016, 0.5642155960919497] ----
T8 Ep 1/1 | L 0.7667 | Train Acc 0.07 | Prec 0.31 | F1 0.17 | Det Rec 0.73 | Det FA 0.41 | Epoch Time 955.93s (Eval 588.41s, Train 367.52s)
[STATE 2026-04-22 00:56:09] T8 Ep 1/1 complete: Prec 0.3116 F1 0.1728 DetRec 0.7349 DetFA 0.4051 | 955.93s total (588.41s eval/367.52s train)
[STATE 2026-04-22 00:56:09] Task 8: running final validation.
[STATE 2026-04-22 01:05:58] Completed task 8 (9/10)
Note: Unified mixed IQ test tensors to (N, 3, L) via ADC0 I/Q + zero-padded ADC1/2 (IID2-style) for cumulative CIL.
[STATE 2026-04-22 01:05:59] Task 9: zero-shot validation (pre-train)
---- Zero-shot (pre-train) task 9: rec_cls 0.0462 | prec_cls 0.0214 | f1_cls 0.0269 | det 0.6204 | pfa 0.5792 | total_f1 0.0781 ----
[STATE 2026-04-22 01:17:44] Starting task 9 (10/10)
[STATE 2026-04-22 01:17:44] Task 9 Epoch 1/1: entering train loop
[STATE 2026-04-22 01:20:38] Task 9 Epoch 1/1: running validation (end of epoch)
---- Eval at Epoch 0: cls [0.17885530067039654, 0.135689475062678, 0.029491125316246845, 0.07650743755279041, 0.04969429193410399, 0.038994178063425644, 0.034561819484965124, 0.05835890007583031, 0.05138539932863195, 0.0673313206811768] | det_recall [0.6170376807640053, 0.6369215007111196, 0.4919588327952682, 0.47241131893707106, 0.4580157917518321, 0.6088702627059942, 0.5955238867697084, 0.6377975686065624, 0.6188053843877347, 0.6108711831903475] | det_fa [0.004035065330007689, 0.008957681429105952, 0.28309244324416727, 0.3485796073938044, 0.39510793844820813, 0.466465722542759, 0.48470379850774675, 0.4823585165390356, 0.5100464302831058, 0.5211076523962307] ----
T9 Ep 1/1 | L 0.6864 | Train Acc 0.13 | Prec 0.20 | F1 0.26 | Det Rec 0.98 | Det FA 0.01 | Epoch Time 879.07s (Eval 704.87s, Train 174.20s)
[STATE 2026-04-22 01:32:23] T9 Ep 1/1 complete: Prec 0.2018 F1 0.2644 DetRec 0.9839 DetFA 0.0112 | 879.07s total (704.87s eval/174.20s train)
[STATE 2026-04-22 01:32:23] Task 9: running final validation.
[STATE 2026-04-22 01:44:08] Completed task 9 (10/10)
####Final Validation Accuracy####
Final Results:- 
 Total Recall: 0.07203858329301717 
 Individual Recall: [0.17955753375548408, 0.13605575074801268, 0.02946018560144455, 0.0747700073289859, 0.050476097423475086, 0.03891198544013433, 0.03411560842695682, 0.058216148072203606, 0.05162046800349777, 0.06720204812997678]
Final Detection Results:- 
 Total Detection: 0.5750196839650756 
 Individual Detection: [0.6168304310139365, 0.637364062977108, 0.49265956068755196, 0.47134697644138474, 0.4582881283072992, 0.6095863818581069, 0.5952954938388112, 0.6381959893563046, 0.619560813547076, 0.6110690016231773]
Final Detection False Alarm:- 
 Total False Alarm: 0.35046223906796276 
 Individual False Alarm: [0.0036143832226172476, 0.009262532666032922, 0.2834372612057275, 0.3507976338777983, 0.3955346047969931, 0.46662973863753615, 0.4847180489243998, 0.4814527344737969, 0.5089694147651425, 0.5202060381095832]
SUMMARY_TR cls_rec=0.1301 cls_prec=0.2018 cls_f1=0.2644 det=0.5748 fa=0.3504
SUMMARY_TE cls_rec=0.0720 cls_prec=0.1563 cls_f1=0.0888 det=0.5750 fa=0.3505
[STATE 2026-04-22 01:44:08] Saving results to logs//smaml/full-tasks_CIL_all-2026-04-21_20-28-26-4721/0/results
Model size: 0.0289 GB
Memory buffer size: 0.0000 GB
logs//smaml/full-tasks_CIL_all-2026-04-21_20-28-26-4721/0/results: {'expt_name': 'full-tasks_CIL_all', 'model': 'lamaml_cifar', 'arch': 'resnet1d', 'n_hiddens': 100, 'n_layers': 2, 'xav_init': False, 'debug': False, 'use_detector_arch': False, 'inner_steps': 2, 'n_epochs': 1, 'batch_size': 256, 'replay_batch_size': 128, 'memories': 5120, 'lr': 0.001, 'optimizer': 'sgd', 'prune_perc': 0.75, 'post_prune_epochs': 0, 'class_weighted_ce': True, 'cuda': True, 'seed': 0, 'log_every': 10, 'log_dir': 'logs//smaml/full-tasks_CIL_all-2026-04-21_20-28-26-4721/0', 'tf_dir': 'logs//smaml/full-tasks_CIL_all-2026-04-21_20-28-26-4721/0/tfdir', 'calc_test_accuracy': False, 'state_logging': True, 'data_path': 'data/rff/radar/full', 'task_order_files': 't2-rcn,t0-rcn,t2-uclresm-25noise,t0-deeprad,t1-deeprad,t1-uclresm-25noise,t3-deeprad,t0-uclresm-25noise,t1-rcn,t2-deeprad', 'loader': 'class_incremental_loader', 'samples_per_task': -1, 'shuffle_tasks': False, 'classes_per_it': 6, 'iterations': 5000, 'dataset': 'iq', 'workers': 0, 'validation': 0.5, 'data_scaling': 'normalize', 'use_iq_aug_features': False, 'iq_aug_feature_type': 'power', 'class_order': 'random', 'increment': 5, 'test_batch_size': 512, 'nc_per_task': None, 'nc_per_task_list': '', 'val_rate': 1000, 'opt_lr': 0.3, 'opt_wt': 0.01, 'alpha_init': 0.01, 'momentum': 0.0, 'learn_lr': True, 'sync_update': True, 'grad_clip_norm': 5.0, 'meta_batches': 3, 'use_old_task_memory': False, 'second_order': True, 'n_memories': 5120, 'memory_strength': 0, 'steps_per_sample': 1, 'bgd_optimizer': 'sgd', 'optimizer_params': '{}', 'train_mc_iters': 5, 'std_init': 0.05, 'mean_eta': 1, 'fisher_gamma': 0.95, 'rln': 7, 'meta_lr': 0.001, 'update_lr': 0.1, 'ctx_lr': 0.05, 'n_meta': 1, 'temperature': 5.0, 'task_emb': 64, 'noise_label': 54, 'classes_per_task': [5, 6, 5, 6, 6, 5, 5, 5, 6, 5], 'get_samples_per_task': <bound method IncrementalLoader.get_samples_per_task of <dataloaders.class_incremental_loader.IncrementalLoader object at 0x718a09e84dc0>>} # val: 0.164 0.072 -0.091 0.000 # sizes: model_gb=0.0289 mem_gb=0.0000 # 18871.37411904335
[STATE 2026-04-22 01:44:09] results.pt components (approx): state_dict 29.6 MB, result_val_t 0.1 KB, result_val_a 0.8 KB
[STATE 2026-04-22 01:44:09] Results saved; total runtime 5.24h
Total runtime: 5.24 hours
