[STATE 2026-05-29 18:46:54] Enabling terminal logging to logs//rwalk/seed-sweep_one-shot_til-2026-05-29_18-46-54-6237/39/terminal.log
New Experiment Starting...
Running model:  rwalk
[STATE 2026-05-29 18:46:54] Experiment 'seed-sweep_one-shot_til' starting with model 'rwalk' (seed 39)
Set seed 39
[STATE 2026-05-29 18:46:54] Runtime accel: cudnn.benchmark=False amp=True amp_dtype=bfloat16
t2-rcn.npz train: x=(50362, 1024), y=(50362, 2)
t2-rcn.npz test: x=(16787, 1024), y=(16787, 2)
t2-rcn.npz: applied data scaling mode 'normalize'.
Loaded t2-rcn.npz: Unique train labels: UniqueCountsResult(values=array([-1,  3,  5, 10, 12, 15]), counts=array([24209,  5770,  3030,  2320,  7509,  7524]))
Noise labels ratio in t2-rcn.npz train: 0.24, test: 0.24
Loaded t2-rcn.npz: Remapped labels: [0 1 2 3 4 5]. Size: 50362)
t0-rcn.npz train: x=(51916, 1024), y=(51916, 2)
t0-rcn.npz test: x=(17305, 1024), y=(17305, 2)
t0-rcn.npz: applied data scaling mode 'normalize'.
Loaded t0-rcn.npz: Unique train labels: UniqueCountsResult(values=array([-1,  1,  8,  9, 11, 13, 14]), counts=array([24225,  4268,  2495,  2943,  3015,  7464,  7506]))
Noise labels ratio in t0-rcn.npz train: 0.23, test: 0.23
Loaded t0-rcn.npz: Remapped labels: [ 6  7  8  9 10 11 12]. Size: 51916)
t2-uclresm-25noise.npz train: moved sample axis (3, 350028, 1024) -> (350028, 3, 1024)
t2-uclresm-25noise.npz test: moved sample axis (3, 233351, 1024) -> (233351, 3, 1024)
t2-uclresm-25noise.npz train: x=(350028, 3, 1024), y=(350028,)
t2-uclresm-25noise.npz test: x=(233351, 3, 1024), y=(233351,)
t2-uclresm-25noise.npz: applied data scaling mode 'normalize'.
Loaded t2-uclresm-25noise.npz: Unique train labels: UniqueCountsResult(values=array([-1,  0,  1,  2,  3,  4]), counts=array([87441, 27347, 71754, 64298, 36005, 63183]))
Noise labels ratio in t2-uclresm-25noise.npz train: 0.25, test: 0.25
Loaded t2-uclresm-25noise.npz: Remapped labels: [13 14 15 16 17 18]. Size: 350028)
t0-deeprad.npz train: x=(24480, 1024), y=(24480, 2)
t0-deeprad.npz test: x=(8160, 1024), y=(8160, 2)
t0-deeprad.npz: applied data scaling mode 'normalize'.
Loaded t0-deeprad.npz: Unique train labels: UniqueCountsResult(values=array([-1,  0,  1,  2,  3,  4,  5]), counts=array([12240,  2029,  1983,  2043,  2154,  2015,  2016]))
Noise labels ratio in t0-deeprad.npz train: 0.25, test: 0.25
Loaded t0-deeprad.npz: Remapped labels: [19 20 21 22 23 24 25]. Size: 24480)
t1-deeprad.npz train: x=(24480, 1024), y=(24480, 2)
t1-deeprad.npz test: x=(8160, 1024), y=(8160, 2)
t1-deeprad.npz: applied data scaling mode 'normalize'.
Loaded t1-deeprad.npz: Unique train labels: UniqueCountsResult(values=array([-1,  0,  1,  2,  3,  4,  5]), counts=array([12240,  1988,  2029,  2054,  1988,  2053,  2128]))
Noise labels ratio in t1-deeprad.npz train: 0.25, test: 0.25
Loaded t1-deeprad.npz: Remapped labels: [26 27 28 29 30 31 32]. Size: 24480)
t1-uclresm-25noise.npz train: moved sample axis (3, 201410, 1024) -> (201410, 3, 1024)
t1-uclresm-25noise.npz test: moved sample axis (3, 116291, 1024) -> (116291, 3, 1024)
t1-uclresm-25noise.npz train: x=(201410, 3, 1024), y=(201410,)
t1-uclresm-25noise.npz test: x=(116291, 3, 1024), y=(116291,)
t1-uclresm-25noise.npz: applied data scaling mode 'normalize'.
Loaded t1-uclresm-25noise.npz: Unique train labels: UniqueCountsResult(values=array([-1,  0,  1,  2,  3,  4]), counts=array([43668, 18021, 17838, 18087, 31870, 71926]))
Noise labels ratio in t1-uclresm-25noise.npz train: 0.22, test: 0.25
Loaded t1-uclresm-25noise.npz: Remapped labels: [33 34 35 36 37 38]. Size: 201410)
t3-deeprad.npz train: x=(17340, 1024), y=(17340, 2)
t3-deeprad.npz test: x=(6800, 1024), y=(6800, 2)
t3-deeprad.npz: applied data scaling mode 'normalize'.
Loaded t3-deeprad.npz: Unique train labels: UniqueCountsResult(values=array([-1,  0,  1,  2,  3,  4]), counts=array([8670, 1693, 1677, 1794, 1716, 1790]))
Noise labels ratio in t3-deeprad.npz train: 0.25, test: 0.25
Loaded t3-deeprad.npz: Remapped labels: [39 40 41 42 43 44]. Size: 17340)
t0-uclresm-25noise.npz train: moved sample axis (3, 188050, 1024) -> (188050, 3, 1024)
t0-uclresm-25noise.npz test: moved sample axis (3, 107348, 1024) -> (107348, 3, 1024)
t0-uclresm-25noise.npz train: x=(188050, 3, 1024), y=(188050,)
t0-uclresm-25noise.npz test: x=(107348, 3, 1024), y=(107348,)
t0-uclresm-25noise.npz: applied data scaling mode 'normalize'.
Loaded t0-uclresm-25noise.npz: Unique train labels: UniqueCountsResult(values=array([-1,  0,  1,  2,  3,  4]), counts=array([40144, 32109, 17978, 17979, 18098, 61742]))
Noise labels ratio in t0-uclresm-25noise.npz train: 0.21, test: 0.25
Loaded t0-uclresm-25noise.npz: Remapped labels: [45 46 47 48 49 50]. Size: 188050)
t1-rcn.npz train: x=(36658, 1024), y=(36658, 2)
t1-rcn.npz test: x=(12220, 1024), y=(12220, 2)
t1-rcn.npz: applied data scaling mode 'normalize'.
Loaded t1-rcn.npz: Unique train labels: UniqueCountsResult(values=array([-1,  0,  2,  4,  6,  7, 16]), counts=array([20595,   824,  2087,  2606,  2396,  1716,  6434]))
Noise labels ratio in t1-rcn.npz train: 0.28, test: 0.28
Loaded t1-rcn.npz: Remapped labels: [51 52 53 54 55 56 57]. Size: 36658)
t2-deeprad.npz train: x=(17340, 1024), y=(17340, 2)
t2-deeprad.npz test: x=(6800, 1024), y=(6800, 2)
t2-deeprad.npz: applied data scaling mode 'normalize'.
Loaded t2-deeprad.npz: Unique train labels: UniqueCountsResult(values=array([-1,  0,  1,  2,  3,  4]), counts=array([8670, 1774, 1675, 1777, 1694, 1750]))
Noise labels ratio in t2-deeprad.npz train: 0.25, test: 0.25
Loaded t2-deeprad.npz: Remapped labels: [58 59 60 61 62 63]. Size: 17340)
Built classes_per_task: [6, 7, 6, 7, 7, 6, 6, 6, 7, 6]
Classes per task: [6, 7, 6, 7, 7, 6, 6, 6, 7, 6]
[STATE 2026-05-29 18:47:59] Loader 'task_incremental_loader' ready: 1024 inputs, 64 outputs, 10 tasks
n_outputs: 64 	n_tasks: 10
[STATE 2026-05-29 18:47:59] Logging to logs//rwalk/seed-sweep_one-shot_til-2026-05-29_18-46-54-6237/39
True
Model device: cuda:0
[STATE 2026-05-29 18:47:59] Model initialized on device cuda:0
[STATE 2026-05-29 18:47:59] Invoking continual life experience flow
[STATE 2026-05-29 18:47:59] Life experience start: 10 tasks queued
[STATE 2026-05-29 18:47:59] Legacy epoch behavior enabled: using n_epochs=1 for all tasks
Task 0: 50362 training samples, 16787 test samples.
[STATE 2026-05-29 18:47:59] Task 0: zero-shot validation (pre-train)
---- Zero-shot (pre-train) task 0: rec_cls 0.1721 | prec_cls 0.1042 | f1_cls 0.0676 | det 0.4977 | pfa 0.9813 | total_f1 0.0676 ----
[STATE 2026-05-29 18:48:07] Starting task 0 (1/10)
[STATE 2026-05-29 18:48:07] Task 0 Epoch 1/1: entering train loop
[STATE 2026-05-29 18:49:46] Task 0 Epoch 1/1: running validation (end of epoch)
---- Eval at Epoch 0: cls [0.8823607838031868] | det_recall [0.8747298040991848] | det_fa [0.23135095426757196] ----
T0 Ep 1/1 | L 0.6625 | Train Acc 0.77 | Prec 0.79 | F1 0.71 | Det Rec 0.84 | Det FA 0.29 | Epoch Time 105.96s (Eval 7.43s, Train 98.53s)
[STATE 2026-05-29 18:49:53] T0 Ep 1/1 complete: Prec 0.7857 F1 0.7085 DetRec 0.8372 DetFA 0.2894 | 105.96s total (7.43s eval/98.53s train)
[STATE 2026-05-29 18:49:53] Task 0: running final validation.
Saved task checkpoint: logs//rwalk/seed-sweep_one-shot_til-2026-05-29_18-46-54-6237/39/checkpoints/task_0.pt
[STATE 2026-05-29 18:50:00] Saved task checkpoint to logs//rwalk/seed-sweep_one-shot_til-2026-05-29_18-46-54-6237/39/checkpoints/task_0.pt
[STATE 2026-05-29 18:50:00] Completed task 0 (1/10)
Task 1: 51916 training samples, 17305 test samples.
[STATE 2026-05-29 18:50:01] Task 1: zero-shot validation (pre-train)
---- Zero-shot (pre-train) task 1: rec_cls 0.0021 | prec_cls 0.0495 | f1_cls 0.0924 | det 0.5203 | pfa 0.0983 | total_f1 0.4629 ----
[STATE 2026-05-29 18:50:16] Starting task 1 (2/10)
[STATE 2026-05-29 18:50:16] Task 1 Epoch 1/1: entering train loop
[STATE 2026-05-29 18:52:01] Task 1 Epoch 1/1: running validation (end of epoch)
---- Eval at Epoch 0: cls [0.7250093784055043, 0.8398972636401778] | det_recall [0.8022154439470949, 0.8347194824015188] | det_fa [0.31815520209465475, 0.2738619841497056] ----
T1 Ep 1/1 | L 0.7677 | Train Acc 0.72 | Prec 0.78 | F1 0.63 | Det Rec 0.74 | Det FA 0.44 | Epoch Time 120.05s (Eval 14.74s, Train 105.31s)
[STATE 2026-05-29 18:52:16] T1 Ep 1/1 complete: Prec 0.7770 F1 0.6261 DetRec 0.7435 DetFA 0.4405 | 120.05s total (14.74s eval/105.31s train)
[STATE 2026-05-29 18:52:16] Task 1: running final validation.
Saved task checkpoint: logs//rwalk/seed-sweep_one-shot_til-2026-05-29_18-46-54-6237/39/checkpoints/task_1.pt
[STATE 2026-05-29 18:52:31] Saved task checkpoint to logs//rwalk/seed-sweep_one-shot_til-2026-05-29_18-46-54-6237/39/checkpoints/task_1.pt
[STATE 2026-05-29 18:52:31] Completed task 1 (2/10)
Task 2: 350028 training samples, 175014 test samples.
[STATE 2026-05-29 18:52:34] Task 2: zero-shot validation (pre-train)
---- Zero-shot (pre-train) task 2: rec_cls 0.1999 | prec_cls 0.1787 | f1_cls 0.1231 | det 0.4915 | pfa 0.9923 | total_f1 0.5187 ----
[STATE 2026-05-29 18:54:09] Starting task 2 (3/10)
[STATE 2026-05-29 18:54:09] Task 2 Epoch 1/1: entering train loop
[STATE 2026-05-29 19:06:06] Task 2 Epoch 1/1: running validation (end of epoch)
---- Eval at Epoch 0: cls [0.36141727284146935, 0.3844777611811207, 0.7012315027995712] | det_recall [0.6951077929050998, 0.6917498624681939, 0.832441960009462] | det_fa [0.40141439417372804, 0.3941858992666112, 0.2751160831613318] ----
T2 Ep 1/1 | L 1.0731 | Train Acc 0.57 | Prec 0.60 | F1 0.57 | Det Rec 0.81 | Det FA 0.32 | Epoch Time 809.42s (Eval 92.71s, Train 716.71s)
[STATE 2026-05-29 19:07:39] T2 Ep 1/1 complete: Prec 0.5995 F1 0.5663 DetRec 0.8123 DetFA 0.3183 | 809.42s total (92.71s eval/716.71s train)
[STATE 2026-05-29 19:07:39] Task 2: running final validation.
Saved task checkpoint: logs//rwalk/seed-sweep_one-shot_til-2026-05-29_18-46-54-6237/39/checkpoints/task_2.pt
[STATE 2026-05-29 19:09:13] Saved task checkpoint to logs//rwalk/seed-sweep_one-shot_til-2026-05-29_18-46-54-6237/39/checkpoints/task_2.pt
[STATE 2026-05-29 19:09:13] Completed task 2 (3/10)
Task 3: 24480 training samples, 8160 test samples.
[STATE 2026-05-29 19:09:13] Task 3: zero-shot validation (pre-train)
---- Zero-shot (pre-train) task 3: rec_cls 0.1883 | prec_cls 0.1569 | f1_cls 0.1041 | det 0.4762 | pfa 1.0000 | total_f1 0.4003 ----
[STATE 2026-05-29 19:10:51] Starting task 3 (4/10)
[STATE 2026-05-29 19:10:51] Task 3 Epoch 1/1: entering train loop
[STATE 2026-05-29 19:11:41] Task 3 Epoch 1/1: running validation (end of epoch)
---- Eval at Epoch 0: cls [0.2504889516376752, 0.2490388611777062, 0.45787012690953904, 0.5933101443166792] | det_recall [0.7719118731648258, 0.6783158120969572, 0.6374946006967384, 0.9958709982164702] | det_fa [0.3217664275889804, 0.4144689493820489, 0.7207105970984747, 0.007767324544261397] ----
T3 Ep 1/1 | L 0.9703 | Train Acc 0.55 | Prec 0.56 | F1 0.59 | Det Rec 0.99 | Det FA 0.02 | Epoch Time 146.12s (Eval 96.92s, Train 49.20s)
[STATE 2026-05-29 19:13:17] T3 Ep 1/1 complete: Prec 0.5569 F1 0.5905 DetRec 0.9894 DetFA 0.0163 | 146.12s total (96.92s eval/49.20s train)
[STATE 2026-05-29 19:13:17] Task 3: running final validation.
Saved task checkpoint: logs//rwalk/seed-sweep_one-shot_til-2026-05-29_18-46-54-6237/39/checkpoints/task_3.pt
[STATE 2026-05-29 19:14:55] Saved task checkpoint to logs//rwalk/seed-sweep_one-shot_til-2026-05-29_18-46-54-6237/39/checkpoints/task_3.pt
[STATE 2026-05-29 19:14:55] Completed task 3 (4/10)
Task 4: 24480 training samples, 8160 test samples.
[STATE 2026-05-29 19:14:55] Task 4: zero-shot validation (pre-train)
---- Zero-shot (pre-train) task 4: rec_cls 0.1357 | prec_cls 0.1076 | f1_cls 0.0546 | det 0.4251 | pfa 1.0000 | total_f1 0.3247 ----
[STATE 2026-05-29 19:16:37] Starting task 4 (5/10)
[STATE 2026-05-29 19:16:37] Task 4 Epoch 1/1: entering train loop
[STATE 2026-05-29 19:17:27] Task 4 Epoch 1/1: running validation (end of epoch)
---- Eval at Epoch 0: cls [0.2641861688291248, 0.23121896985749424, 0.3774082756711371, 0.5820518049020629, 0.405666338907104] | det_recall [0.7269324487403113, 0.7062347631322561, 0.5208067616703034, 0.9961379655264208, 1.0] | det_fa [0.4158601743733096, 0.39490987700367275, 0.9567605910887694, 0.006037692962742841, 0.0] ----
T4 Ep 1/1 | L 1.1138 | Train Acc 0.37 | Prec 0.35 | F1 0.41 | Det Rec 0.99 | Det FA 0.01 | Epoch Time 148.80s (Eval 98.78s, Train 50.01s)
[STATE 2026-05-29 19:19:06] T4 Ep 1/1 complete: Prec 0.3510 F1 0.4111 DetRec 0.9935 DetFA 0.0104 | 148.80s total (98.78s eval/50.01s train)
[STATE 2026-05-29 19:19:06] Task 4: running final validation.
Saved task checkpoint: logs//rwalk/seed-sweep_one-shot_til-2026-05-29_18-46-54-6237/39/checkpoints/task_4.pt
[STATE 2026-05-29 19:20:45] Saved task checkpoint to logs//rwalk/seed-sweep_one-shot_til-2026-05-29_18-46-54-6237/39/checkpoints/task_4.pt
[STATE 2026-05-29 19:20:45] Completed task 4 (5/10)
Task 5: 201410 training samples, 100705 test samples.
[STATE 2026-05-29 19:20:47] Task 5: zero-shot validation (pre-train)
---- Zero-shot (pre-train) task 5: rec_cls 0.1196 | prec_cls 0.2514 | f1_cls 0.1380 | det 0.5424 | pfa 0.4226 | total_f1 0.3280 ----
[STATE 2026-05-29 19:23:13] Starting task 5 (6/10)
[STATE 2026-05-29 19:23:13] Task 5 Epoch 1/1: entering train loop
[STATE 2026-05-29 19:30:07] Task 5 Epoch 1/1: running validation (end of epoch)
---- Eval at Epoch 0: cls [0.25147016720232807, 0.15972007303984923, 0.2911975194413692, 0.4201356610122475, 0.29434448135734276, 0.8102510790049693] | det_recall [0.5530658408482247, 0.5391809906516289, 0.7495724378617109, 0.9921657678831903, 0.9989012975914319, 0.8711995747825445] | det_fa [0.5713874170331378, 0.592224663337677, 0.42408369905753096, 0.008594770568971533, 0.0, 0.23071932586628469] ----
T5 Ep 1/1 | L 0.7300 | Train Acc 0.74 | Prec 0.75 | F1 0.71 | Det Rec 0.86 | Det FA 0.23 | Epoch Time 558.82s (Eval 145.37s, Train 413.45s)
[STATE 2026-05-29 19:32:32] T5 Ep 1/1 complete: Prec 0.7453 F1 0.7140 DetRec 0.8583 DetFA 0.2311 | 558.82s total (145.37s eval/413.45s train)
[STATE 2026-05-29 19:32:32] Task 5: running final validation.
Saved task checkpoint: logs//rwalk/seed-sweep_one-shot_til-2026-05-29_18-46-54-6237/39/checkpoints/task_5.pt
[STATE 2026-05-29 19:34:56] Saved task checkpoint to logs//rwalk/seed-sweep_one-shot_til-2026-05-29_18-46-54-6237/39/checkpoints/task_5.pt
[STATE 2026-05-29 19:34:56] Completed task 5 (6/10)
Task 6: 17340 training samples, 6800 test samples.
[STATE 2026-05-29 19:34:56] Task 6: zero-shot validation (pre-train)
---- Zero-shot (pre-train) task 6: rec_cls 0.1281 | prec_cls 0.1359 | f1_cls 0.2264 | det 0.8174 | pfa 0.0030 | total_f1 0.3677 ----
[STATE 2026-05-29 19:37:24] Starting task 6 (7/10)
[STATE 2026-05-29 19:37:24] Task 6 Epoch 1/1: entering train loop
[STATE 2026-05-29 19:38:00] Task 6 Epoch 1/1: running validation (end of epoch)
---- Eval at Epoch 0: cls [0.23827145786409362, 0.19295857754721335, 0.2480059536045277, 0.2901391110721737, 0.2776841998560173, 0.571488714960817, 0.5604470275737465] | det_recall [0.5877370094408348, 0.6022944664202947, 0.7414427677641082, 0.974285362431961, 1.0, 0.811957937343707, 1.0] | det_fa [0.659801989076852, 0.622336819806962, 0.4401046126035149, 0.0, 0.0, 0.3728825947607407, 0.0] ----
T6 Ep 1/1 | L 0.9562 | Train Acc 0.50 | Prec 0.48 | F1 0.55 | Det Rec 1.00 | Det FA 0.00 | Epoch Time 185.53s (Eval 148.94s, Train 36.60s)
[STATE 2026-05-29 19:40:29] T6 Ep 1/1 complete: Prec 0.4832 F1 0.5511 DetRec 0.9962 DetFA 0.0001 | 185.53s total (148.94s eval/36.60s train)
[STATE 2026-05-29 19:40:29] Task 6: running final validation.
Saved task checkpoint: logs//rwalk/seed-sweep_one-shot_til-2026-05-29_18-46-54-6237/39/checkpoints/task_6.pt
[STATE 2026-05-29 19:42:58] Saved task checkpoint to logs//rwalk/seed-sweep_one-shot_til-2026-05-29_18-46-54-6237/39/checkpoints/task_6.pt
[STATE 2026-05-29 19:42:58] Completed task 6 (7/10)
Task 7: 188050 training samples, 94025 test samples.
[STATE 2026-05-29 19:43:00] Task 7: zero-shot validation (pre-train)
---- Zero-shot (pre-train) task 7: rec_cls 0.1305 | prec_cls 0.0862 | f1_cls 0.1103 | det 0.4707 | pfa 0.5756 | total_f1 0.3165 ----
[STATE 2026-05-29 19:46:11] Starting task 7 (8/10)
[STATE 2026-05-29 19:46:11] Task 7 Epoch 1/1: entering train loop
[STATE 2026-05-29 19:52:37] Task 7 Epoch 1/1: running validation (end of epoch)
---- Eval at Epoch 0: cls [0.27506120622009433, 0.18359910773261387, 0.26938191754256774, 0.3509047335119437, 0.16280686965390684, 0.6383246200778053, 0.4121313160933403, 0.799273144790718] | det_recall [0.48158600857897144, 0.5034633945701216, 0.6124406122495781, 0.9789280274406559, 0.8708753340540102, 0.8794836072331634, 0.9963898211414213, 0.8569509001768989] | det_fa [0.6746321440589192, 0.6613267881886188, 0.6818610914734499, 0.018596209816103656, 0.0, 0.16813056606724583, 0.0072203577171575245, 0.21555162726764276] ----
T7 Ep 1/1 | L 0.6579 | Train Acc 0.76 | Prec 0.78 | F1 0.74 | Det Rec 0.85 | Det FA 0.23 | Epoch Time 574.69s (Eval 189.02s, Train 385.67s)
[STATE 2026-05-29 19:55:46] T7 Ep 1/1 complete: Prec 0.7767 F1 0.7374 DetRec 0.8504 DetFA 0.2310 | 574.69s total (189.02s eval/385.67s train)
[STATE 2026-05-29 19:55:46] Task 7: running final validation.
Saved task checkpoint: logs//rwalk/seed-sweep_one-shot_til-2026-05-29_18-46-54-6237/39/checkpoints/task_7.pt
[STATE 2026-05-29 19:58:56] Saved task checkpoint to logs//rwalk/seed-sweep_one-shot_til-2026-05-29_18-46-54-6237/39/checkpoints/task_7.pt
[STATE 2026-05-29 19:58:56] Completed task 7 (8/10)
Task 8: 36658 training samples, 12220 test samples.
[STATE 2026-05-29 19:58:56] Task 8: zero-shot validation (pre-train)
---- Zero-shot (pre-train) task 8: rec_cls 0.1523 | prec_cls 0.1246 | f1_cls 0.0471 | det 0.5039 | pfa 0.9903 | total_f1 0.3699 ----
[STATE 2026-05-29 20:02:13] Starting task 8 (9/10)
[STATE 2026-05-29 20:02:13] Task 8 Epoch 1/1: entering train loop
[STATE 2026-05-29 20:03:27] Task 8 Epoch 1/1: running validation (end of epoch)
---- Eval at Epoch 0: cls [0.3184733664388448, 0.3292398719493925, 0.2276474748667008, 0.2828082721221216, 0.20325792586479496, 0.3237963063558503, 0.39623499514249927, 0.3534646319476392, 0.8378314309523103] | det_recall [0.7977048745644555, 0.6949779836663131, 0.5355812338267336, 0.9780072960088226, 0.9336402212188563, 0.5974775081526159, 1.0, 0.7128199763037089, 0.7820349585533138] | det_fa [0.11146273525266194, 0.3510230984607161, 0.9168532209698433, 0.0, 0.0, 0.8019912168838312, 0.0, 0.5427061406971384, 0.4204204028006615] ----
T8 Ep 1/1 | L 0.8389 | Train Acc 0.73 | Prec 0.74 | F1 0.59 | Det Rec 0.75 | Det FA 0.45 | Epoch Time 272.78s (Eval 199.20s, Train 73.58s)
[STATE 2026-05-29 20:06:46] T8 Ep 1/1 complete: Prec 0.7440 F1 0.5875 DetRec 0.7536 DetFA 0.4492 | 272.78s total (199.20s eval/73.58s train)
[STATE 2026-05-29 20:06:46] Task 8: running final validation.
Saved task checkpoint: logs//rwalk/seed-sweep_one-shot_til-2026-05-29_18-46-54-6237/39/checkpoints/task_8.pt
[STATE 2026-05-29 20:10:06] Saved task checkpoint to logs//rwalk/seed-sweep_one-shot_til-2026-05-29_18-46-54-6237/39/checkpoints/task_8.pt
[STATE 2026-05-29 20:10:06] Completed task 8 (9/10)
Task 9: 17340 training samples, 6800 test samples.
[STATE 2026-05-29 20:10:06] Task 9: zero-shot validation (pre-train)
---- Zero-shot (pre-train) task 9: rec_cls 0.2146 | prec_cls 0.1985 | f1_cls 0.0601 | det 0.5012 | pfa 0.9976 | total_f1 0.3400 ----
[STATE 2026-05-29 20:13:25] Starting task 9 (10/10)
[STATE 2026-05-29 20:13:25] Task 9 Epoch 1/1: entering train loop
[STATE 2026-05-29 20:14:00] Task 9 Epoch 1/1: running validation (end of epoch)
---- Eval at Epoch 0: cls [0.25916641799760637, 0.21138305310564579, 0.22003505029046333, 0.2611007796449639, 0.25452803233433907, 0.29244250635141983, 0.39485111040672793, 0.27880263812409417, 0.46893060480513826, 0.45126727454743903] | det_recall [0.7266787559765283, 0.6877786953929546, 0.6826864363320814, 0.9694223759856501, 0.9980297625976153, 0.5079094873948791, 1.0, 0.6338015158501544, 0.7878981521161396, 1.0] | det_fa [0.2567533187528943, 0.35768631555622177, 0.5992587358589673, 0.0, 0.0, 0.9836973141413009, 0.0, 0.7147642167455209, 0.2517175554327254, 0.0] ----
T9 Ep 1/1 | L 0.9756 | Train Acc 0.40 | Prec 0.34 | F1 0.42 | Det Rec 0.99 | Det FA 0.01 | Epoch Time 235.28s (Eval 199.79s, Train 35.49s)
[STATE 2026-05-29 20:17:20] T9 Ep 1/1 complete: Prec 0.3419 F1 0.4216 DetRec 0.9925 DetFA 0.0146 | 235.28s total (199.79s eval/35.49s train)
[STATE 2026-05-29 20:17:20] Task 9: running final validation.
Saved task checkpoint: logs//rwalk/seed-sweep_one-shot_til-2026-05-29_18-46-54-6237/39/checkpoints/task_9.pt
[STATE 2026-05-29 20:20:42] Saved task checkpoint to logs//rwalk/seed-sweep_one-shot_til-2026-05-29_18-46-54-6237/39/checkpoints/task_9.pt
[STATE 2026-05-29 20:20:42] Completed task 9 (10/10)
####Final Validation Accuracy####
Final Results:- 
 Total Recall: 0.30796887743426915 
 Individual Recall: [0.2563563471718507, 0.2043801797496881, 0.22042913390078325, 0.261529874626493, 0.2545618999730244, 0.2915510174779797, 0.39190755308347075, 0.2765277631018884, 0.47179719288858385, 0.45064781236892953]
Final Detection Results:- 
 Total Detection: 0.799915377388751 
 Individual Detection: [0.7289078033892357, 0.690669299687164, 0.6823548879867992, 0.9695592275317141, 0.9970473439220043, 0.5080413085770815, 1.0, 0.6347433228014866, 0.7878305799920239, 1.0]
Final Detection False Alarm:- 
 Total False Alarm: 0.31582233540830573 
 Individual False Alarm: [0.25346121900453045, 0.3545428998588026, 0.6006556229305441, 0.0, 0.0, 0.9834554767484457, 0.0, 0.7126969994419737, 0.25341113609876104, 0.0]
SUMMARY_TR cls_rec=0.3993 cls_prec=0.3419 cls_f1=0.4216 det=0.7994 fa=0.3164
SUMMARY_TE cls_rec=0.3080 cls_prec=0.3548 cls_f1=0.3337 det=0.7999 fa=0.3158
[STATE 2026-05-29 20:20:42] Saving results to logs//rwalk/seed-sweep_one-shot_til-2026-05-29_18-46-54-6237/39/results
Model size: 0.0289 GB
Memory buffer size: 0.0000 GB
logs//rwalk/seed-sweep_one-shot_til-2026-05-29_18-46-54-6237/39/results: {'expt_name': 'seed-sweep_one-shot_til', 'model': 'rwalk', 'arch': 'resnet1d', 'n_hiddens': 100, 'n_layers': 2, 'xav_init': False, 'debug': False, 'use_detector_arch': False, 'use_groupnorm': False, 'inner_steps': 2, 'n_epochs': 1, 'batch_size': 256, 'replay_batch_size': 128, 'memories': 5120, 'lr': 0.01, 'optimizer': 'sgd', 'prune_perc': 0.75, 'post_prune_epochs': 0, 'class_weighted_ce': True, 'cuda': True, 'amp': True, 'amp_dtype': 'bfloat16', 'cudnn_benchmark': True, 'seed': 39, 'log_every': 10, 'log_dir': 'logs//rwalk/seed-sweep_one-shot_til-2026-05-29_18-46-54-6237/39', 'tf_dir': 'logs//rwalk/seed-sweep_one-shot_til-2026-05-29_18-46-54-6237/39/tfdir', 'calc_test_accuracy': False, 'state_logging': True, 'data_path': 'data/rff/radar/full', 'task_order_files': 't2-rcn,t0-rcn,t2-uclresm-25noise,t0-deeprad,t1-deeprad,t1-uclresm-25noise,t3-deeprad,t0-uclresm-25noise,t1-rcn,t2-deeprad', 'loader': 'task_incremental_loader', 'samples_per_task': -1, 'task_order_seed': None, 'classes_per_it': 6, 'iterations': 5000, 'dataset': 'iq', 'workers': 0, 'validation': 0.5, 'data_scaling': 'normalize', 'use_iq_aug_features': False, 'iq_aug_feature_type': 'power', 'class_order': 'random', 'increment': 5, 'test_batch_size': 512, 'nc_per_task': None, 'nc_per_task_list': '', 'val_rate': 1000, 'opt_lr': 0.1, 'opt_wt': 0.1, 'alpha_init': 0.001, 'momentum': 0.0, 'learn_lr': False, 'sync_update': False, 'grad_clip_norm': 5.0, 'meta_batches': 3, 'use_old_task_memory': False, 'second_order': False, 'n_memories': 5120, 'memory_strength': 0, 'memory_loss_lambda': 1.0, 'steps_per_sample': 1, 'bgd_optimizer': 'sgd', 'optimizer_params': '{}', 'train_mc_iters': 5, 'std_init': 0.05, 'mean_eta': 1, 'fisher_gamma': 0.95, 'rln': 7, 'meta_lr': 0.001, 'update_lr': 0.1, 'ctx_lr': 0.05, 'n_meta': 1, 'temperature': 5.0, 'task_emb': 64, 'classes_per_task': [6, 7, 6, 7, 7, 6, 6, 6, 7, 6], 'get_samples_per_task': <bound method IncrementalLoader.get_samples_per_task of <dataloaders.task_incremental_loader.IncrementalLoader object at 0x79b3c2c9aed0>>, 'task_epoch_schedule': {}} # val: 0.687 0.308 -0.379 0.000 # sizes: model_gb=0.0289 mem_gb=0.0000 # 5562.484189748764
[STATE 2026-05-29 20:20:42] results.pt components (approx): state_dict 29.6 MB, result_val_t 0.1 KB, result_val_a 0.8 KB
[STATE 2026-05-29 20:20:42] Results saved; total runtime 1.55h
Total runtime: 1.55 hours
