[STATE 2026-05-30 03:56:45] Enabling terminal logging to logs//bcl_dual/seed-sweep_one-shot_til-2026-05-30_03-56-45-7966/39/terminal.log
New Experiment Starting...
Running model:  bcl_dual
[STATE 2026-05-30 03:56:45] Experiment 'seed-sweep_one-shot_til' starting with model 'bcl_dual' (seed 39)
Set seed 39
[STATE 2026-05-30 03:56:45] Runtime accel: cudnn.benchmark=False amp=True amp_dtype=bfloat16
t2-rcn.npz train: x=(50362, 1024), y=(50362, 2)
t2-rcn.npz test: x=(16787, 1024), y=(16787, 2)
t2-rcn.npz: applied data scaling mode 'normalize'.
Loaded t2-rcn.npz: Unique train labels: UniqueCountsResult(values=array([-1,  3,  5, 10, 12, 15]), counts=array([24209,  5770,  3030,  2320,  7509,  7524]))
Noise labels ratio in t2-rcn.npz train: 0.24, test: 0.24
Loaded t2-rcn.npz: Remapped labels: [0 1 2 3 4 5]. Size: 50362)
t0-rcn.npz train: x=(51916, 1024), y=(51916, 2)
t0-rcn.npz test: x=(17305, 1024), y=(17305, 2)
t0-rcn.npz: applied data scaling mode 'normalize'.
Loaded t0-rcn.npz: Unique train labels: UniqueCountsResult(values=array([-1,  1,  8,  9, 11, 13, 14]), counts=array([24225,  4268,  2495,  2943,  3015,  7464,  7506]))
Noise labels ratio in t0-rcn.npz train: 0.23, test: 0.23
Loaded t0-rcn.npz: Remapped labels: [ 6  7  8  9 10 11 12]. Size: 51916)
t2-uclresm-25noise.npz train: moved sample axis (3, 350028, 1024) -> (350028, 3, 1024)
t2-uclresm-25noise.npz test: moved sample axis (3, 233351, 1024) -> (233351, 3, 1024)
t2-uclresm-25noise.npz train: x=(350028, 3, 1024), y=(350028,)
t2-uclresm-25noise.npz test: x=(233351, 3, 1024), y=(233351,)
t2-uclresm-25noise.npz: applied data scaling mode 'normalize'.
Loaded t2-uclresm-25noise.npz: Unique train labels: UniqueCountsResult(values=array([-1,  0,  1,  2,  3,  4]), counts=array([87441, 27347, 71754, 64298, 36005, 63183]))
Noise labels ratio in t2-uclresm-25noise.npz train: 0.25, test: 0.25
Loaded t2-uclresm-25noise.npz: Remapped labels: [13 14 15 16 17 18]. Size: 350028)
t0-deeprad.npz train: x=(24480, 1024), y=(24480, 2)
t0-deeprad.npz test: x=(8160, 1024), y=(8160, 2)
t0-deeprad.npz: applied data scaling mode 'normalize'.
Loaded t0-deeprad.npz: Unique train labels: UniqueCountsResult(values=array([-1,  0,  1,  2,  3,  4,  5]), counts=array([12240,  2029,  1983,  2043,  2154,  2015,  2016]))
Noise labels ratio in t0-deeprad.npz train: 0.25, test: 0.25
Loaded t0-deeprad.npz: Remapped labels: [19 20 21 22 23 24 25]. Size: 24480)
t1-deeprad.npz train: x=(24480, 1024), y=(24480, 2)
t1-deeprad.npz test: x=(8160, 1024), y=(8160, 2)
t1-deeprad.npz: applied data scaling mode 'normalize'.
Loaded t1-deeprad.npz: Unique train labels: UniqueCountsResult(values=array([-1,  0,  1,  2,  3,  4,  5]), counts=array([12240,  1988,  2029,  2054,  1988,  2053,  2128]))
Noise labels ratio in t1-deeprad.npz train: 0.25, test: 0.25
Loaded t1-deeprad.npz: Remapped labels: [26 27 28 29 30 31 32]. Size: 24480)
t1-uclresm-25noise.npz train: moved sample axis (3, 201410, 1024) -> (201410, 3, 1024)
t1-uclresm-25noise.npz test: moved sample axis (3, 116291, 1024) -> (116291, 3, 1024)
t1-uclresm-25noise.npz train: x=(201410, 3, 1024), y=(201410,)
t1-uclresm-25noise.npz test: x=(116291, 3, 1024), y=(116291,)
t1-uclresm-25noise.npz: applied data scaling mode 'normalize'.
Loaded t1-uclresm-25noise.npz: Unique train labels: UniqueCountsResult(values=array([-1,  0,  1,  2,  3,  4]), counts=array([43668, 18021, 17838, 18087, 31870, 71926]))
Noise labels ratio in t1-uclresm-25noise.npz train: 0.22, test: 0.25
Loaded t1-uclresm-25noise.npz: Remapped labels: [33 34 35 36 37 38]. Size: 201410)
t3-deeprad.npz train: x=(17340, 1024), y=(17340, 2)
t3-deeprad.npz test: x=(6800, 1024), y=(6800, 2)
t3-deeprad.npz: applied data scaling mode 'normalize'.
Loaded t3-deeprad.npz: Unique train labels: UniqueCountsResult(values=array([-1,  0,  1,  2,  3,  4]), counts=array([8670, 1693, 1677, 1794, 1716, 1790]))
Noise labels ratio in t3-deeprad.npz train: 0.25, test: 0.25
Loaded t3-deeprad.npz: Remapped labels: [39 40 41 42 43 44]. Size: 17340)
t0-uclresm-25noise.npz train: moved sample axis (3, 188050, 1024) -> (188050, 3, 1024)
t0-uclresm-25noise.npz test: moved sample axis (3, 107348, 1024) -> (107348, 3, 1024)
t0-uclresm-25noise.npz train: x=(188050, 3, 1024), y=(188050,)
t0-uclresm-25noise.npz test: x=(107348, 3, 1024), y=(107348,)
t0-uclresm-25noise.npz: applied data scaling mode 'normalize'.
Loaded t0-uclresm-25noise.npz: Unique train labels: UniqueCountsResult(values=array([-1,  0,  1,  2,  3,  4]), counts=array([40144, 32109, 17978, 17979, 18098, 61742]))
Noise labels ratio in t0-uclresm-25noise.npz train: 0.21, test: 0.25
Loaded t0-uclresm-25noise.npz: Remapped labels: [45 46 47 48 49 50]. Size: 188050)
t1-rcn.npz train: x=(36658, 1024), y=(36658, 2)
t1-rcn.npz test: x=(12220, 1024), y=(12220, 2)
t1-rcn.npz: applied data scaling mode 'normalize'.
Loaded t1-rcn.npz: Unique train labels: UniqueCountsResult(values=array([-1,  0,  2,  4,  6,  7, 16]), counts=array([20595,   824,  2087,  2606,  2396,  1716,  6434]))
Noise labels ratio in t1-rcn.npz train: 0.28, test: 0.28
Loaded t1-rcn.npz: Remapped labels: [51 52 53 54 55 56 57]. Size: 36658)
t2-deeprad.npz train: x=(17340, 1024), y=(17340, 2)
t2-deeprad.npz test: x=(6800, 1024), y=(6800, 2)
t2-deeprad.npz: applied data scaling mode 'normalize'.
Loaded t2-deeprad.npz: Unique train labels: UniqueCountsResult(values=array([-1,  0,  1,  2,  3,  4]), counts=array([8670, 1774, 1675, 1777, 1694, 1750]))
Noise labels ratio in t2-deeprad.npz train: 0.25, test: 0.25
Loaded t2-deeprad.npz: Remapped labels: [58 59 60 61 62 63]. Size: 17340)
Built classes_per_task: [6, 7, 6, 7, 7, 6, 6, 6, 7, 6]
Classes per task: [6, 7, 6, 7, 7, 6, 6, 6, 7, 6]
[STATE 2026-05-30 03:57:39] Loader 'task_incremental_loader' ready: 1024 inputs, 64 outputs, 10 tasks
n_outputs: 64 	n_tasks: 10
[STATE 2026-05-30 03:57:39] Logging to logs//bcl_dual/seed-sweep_one-shot_til-2026-05-30_03-56-45-7966/39
True
Model device: cuda:0
[STATE 2026-05-30 03:57:40] Model initialized on device cuda:0
[STATE 2026-05-30 03:57:40] Invoking continual life experience flow
[STATE 2026-05-30 03:57:40] Life experience start: 10 tasks queued
[STATE 2026-05-30 03:57:40] Legacy epoch behavior enabled: using n_epochs=1 for all tasks
Task 0: 50362 training samples, 16787 test samples.
[STATE 2026-05-30 03:57:40] Task 0: zero-shot validation (pre-train)
---- Zero-shot (pre-train) task 0: rec_cls 0.1721 | prec_cls 0.1042 | f1_cls 0.0676 | det 0.4977 | pfa 0.9813 | total_f1 0.0676 ----
[STATE 2026-05-30 03:57:49] Starting task 0 (1/10)
[STATE 2026-05-30 03:57:49] Task 0 Epoch 1/1: entering train loop
[STATE 2026-05-30 04:00:33] Task 0 Epoch 1/1: running validation (end of epoch)
---- Eval at Epoch 0: cls [0.8630056160944019] | det_recall [0.8829307282296953] | det_fa [0.2035208019177068] ----
T0 Ep 1/1 | L 0.4172 | Train Acc 0.71 | Prec 0.72 | F1 0.66 | Det Rec 0.83 | Det FA 0.28 | Epoch Time 171.83s (Eval 7.51s, Train 164.32s)
[STATE 2026-05-30 04:00:41] T0 Ep 1/1 complete: Prec 0.7246 F1 0.6615 DetRec 0.8299 DetFA 0.2775 | 171.83s total (7.51s eval/164.32s train)
[STATE 2026-05-30 04:00:41] Task 0: running final validation.
Saved task checkpoint: logs//bcl_dual/seed-sweep_one-shot_til-2026-05-30_03-56-45-7966/39/checkpoints/task_0.pt
[STATE 2026-05-30 04:00:48] Saved task checkpoint to logs//bcl_dual/seed-sweep_one-shot_til-2026-05-30_03-56-45-7966/39/checkpoints/task_0.pt
[STATE 2026-05-30 04:00:48] Completed task 0 (1/10)
Task 1: 51916 training samples, 17305 test samples.
[STATE 2026-05-30 04:00:48] Task 1: zero-shot validation (pre-train)
---- Zero-shot (pre-train) task 1: rec_cls 0.0059 | prec_cls 0.0595 | f1_cls 0.0980 | det 0.5203 | pfa 0.0723 | total_f1 0.4601 ----
[STATE 2026-05-30 04:01:03] Starting task 1 (2/10)
[STATE 2026-05-30 04:01:03] Task 1 Epoch 1/1: entering train loop
[STATE 2026-05-30 04:05:27] Task 1 Epoch 1/1: running validation (end of epoch)
---- Eval at Epoch 0: cls [0.8212724416271299, 0.7779302353321823] | det_recall [0.8712586001738825, 0.854636520252618] | det_fa [0.18715428548126564, 0.21127974728531318] ----
T1 Ep 1/1 | L 0.2515 | Train Acc 0.68 | Prec 0.75 | F1 0.59 | Det Rec 0.72 | Det FA 0.48 | Epoch Time 278.75s (Eval 14.83s, Train 263.92s)
[STATE 2026-05-30 04:05:42] T1 Ep 1/1 complete: Prec 0.7493 F1 0.5874 DetRec 0.7174 DetFA 0.4781 | 278.75s total (14.83s eval/263.92s train)
[STATE 2026-05-30 04:05:42] Task 1: running final validation.
Saved task checkpoint: logs//bcl_dual/seed-sweep_one-shot_til-2026-05-30_03-56-45-7966/39/checkpoints/task_1.pt
[STATE 2026-05-30 04:05:57] Saved task checkpoint to logs//bcl_dual/seed-sweep_one-shot_til-2026-05-30_03-56-45-7966/39/checkpoints/task_1.pt
[STATE 2026-05-30 04:05:57] Completed task 1 (2/10)
Task 2: 350028 training samples, 175014 test samples.
[STATE 2026-05-30 04:06:00] Task 2: zero-shot validation (pre-train)
---- Zero-shot (pre-train) task 2: rec_cls 0.1967 | prec_cls 0.1607 | f1_cls 0.1109 | det 0.4992 | pfa 0.9929 | total_f1 0.5531 ----
[STATE 2026-05-30 04:07:35] Starting task 2 (3/10)
[STATE 2026-05-30 04:07:35] Task 2 Epoch 1/1: entering train loop
[STATE 2026-05-30 04:37:57] Task 2 Epoch 1/1: running validation (end of epoch)
---- Eval at Epoch 0: cls [0.7770675207130681, 0.6912778107950276, 0.6822316499635809] | det_recall [0.8705976966721501, 0.8568657101878174, 0.8246551147056737] | det_fa [0.1564171298910481, 0.14045572779764418, 0.2684761128442569] ----
T2 Ep 1/1 | L 0.1934 | Train Acc 0.58 | Prec 0.61 | F1 0.57 | Det Rec 0.81 | Det FA 0.34 | Epoch Time 1915.10s (Eval 92.96s, Train 1822.14s)
[STATE 2026-05-30 04:39:30] T2 Ep 1/1 complete: Prec 0.6064 F1 0.5736 DetRec 0.8050 DetFA 0.3389 | 1915.10s total (92.96s eval/1822.14s train)
[STATE 2026-05-30 04:39:30] Task 2: running final validation.
Saved task checkpoint: logs//bcl_dual/seed-sweep_one-shot_til-2026-05-30_03-56-45-7966/39/checkpoints/task_2.pt
[STATE 2026-05-30 04:41:01] Saved task checkpoint to logs//bcl_dual/seed-sweep_one-shot_til-2026-05-30_03-56-45-7966/39/checkpoints/task_2.pt
[STATE 2026-05-30 04:41:01] Completed task 2 (3/10)
Task 3: 24480 training samples, 8160 test samples.
[STATE 2026-05-30 04:41:01] Task 3: zero-shot validation (pre-train)
---- Zero-shot (pre-train) task 3: rec_cls 0.2166 | prec_cls 0.1029 | f1_cls 0.0961 | det 0.5001 | pfa 0.9997 | total_f1 0.5651 ----
[STATE 2026-05-30 04:42:38] Starting task 3 (4/10)
[STATE 2026-05-30 04:42:38] Task 3 Epoch 1/1: entering train loop
[STATE 2026-05-30 04:44:49] Task 3 Epoch 1/1: running validation (end of epoch)
---- Eval at Epoch 0: cls [0.7896242535640162, 0.6968550115487708, 0.6165397307294312, 0.5910121558470125] | det_recall [0.872713787067592, 0.8428157615813351, 0.8090686338373434, 0.9974686699136224] | det_fa [0.1876458337629159, 0.21032788874358466, 0.29895428714940564, 0.004077631971397315] ----
T3 Ep 1/1 | L 0.2340 | Train Acc 0.55 | Prec 0.57 | F1 0.60 | Det Rec 0.99 | Det FA 0.01 | Epoch Time 226.01s (Eval 95.22s, Train 130.79s)
[STATE 2026-05-30 04:46:24] T3 Ep 1/1 complete: Prec 0.5736 F1 0.5957 DetRec 0.9919 DetFA 0.0122 | 226.01s total (95.22s eval/130.79s train)
[STATE 2026-05-30 04:46:24] Task 3: running final validation.
Saved task checkpoint: logs//bcl_dual/seed-sweep_one-shot_til-2026-05-30_03-56-45-7966/39/checkpoints/task_3.pt
[STATE 2026-05-30 04:48:00] Saved task checkpoint to logs//bcl_dual/seed-sweep_one-shot_til-2026-05-30_03-56-45-7966/39/checkpoints/task_3.pt
[STATE 2026-05-30 04:48:00] Completed task 3 (4/10)
Task 4: 24480 training samples, 8160 test samples.
[STATE 2026-05-30 04:48:00] Task 4: zero-shot validation (pre-train)
---- Zero-shot (pre-train) task 4: rec_cls 0.1474 | prec_cls 0.1059 | f1_cls 0.0412 | det 0.5000 | pfa 1.0000 | total_f1 0.5567 ----
[STATE 2026-05-30 04:49:41] Starting task 4 (5/10)
[STATE 2026-05-30 04:49:41] Task 4 Epoch 1/1: entering train loop
[STATE 2026-05-30 04:51:55] Task 4 Epoch 1/1: running validation (end of epoch)
---- Eval at Epoch 0: cls [0.7862822995763036, 0.6968058743240986, 0.570684268336897, 0.5327788973450484, 0.42339470475008495] | det_recall [0.8636063900405301, 0.8326499025170356, 0.7880709545358586, 0.9968939448683911, 1.0] | det_fa [0.21555208414652272, 0.22980986514836568, 0.2962760576328204, 0.004276429876239571, 0.0] ----
T4 Ep 1/1 | L 0.2054 | Train Acc 0.39 | Prec 0.39 | F1 0.43 | Det Rec 1.00 | Det FA 0.01 | Epoch Time 234.80s (Eval 101.09s, Train 133.71s)
[STATE 2026-05-30 04:53:36] T4 Ep 1/1 complete: Prec 0.3920 F1 0.4258 DetRec 0.9969 DetFA 0.0062 | 234.80s total (101.09s eval/133.71s train)
[STATE 2026-05-30 04:53:36] Task 4: running final validation.
Saved task checkpoint: logs//bcl_dual/seed-sweep_one-shot_til-2026-05-30_03-56-45-7966/39/checkpoints/task_4.pt
[STATE 2026-05-30 04:55:15] Saved task checkpoint to logs//bcl_dual/seed-sweep_one-shot_til-2026-05-30_03-56-45-7966/39/checkpoints/task_4.pt
[STATE 2026-05-30 04:55:15] Completed task 4 (5/10)
Task 5: 201410 training samples, 100705 test samples.
[STATE 2026-05-30 04:55:17] Task 5: zero-shot validation (pre-train)
---- Zero-shot (pre-train) task 5: rec_cls 0.1026 | prec_cls 0.1674 | f1_cls 0.1166 | det 0.4916 | pfa 0.5413 | total_f1 0.5201 ----
[STATE 2026-05-30 04:57:41] Starting task 5 (6/10)
[STATE 2026-05-30 04:57:41] Task 5 Epoch 1/1: entering train loop
[STATE 2026-05-30 05:16:27] Task 5 Epoch 1/1: running validation (end of epoch)
---- Eval at Epoch 0: cls [0.6949280544109974, 0.6217573912859761, 0.46174953679271835, 0.534773339866412, 0.39951059314435317, 0.7682917463393514] | det_recall [0.8535744889372847, 0.8325270754014981, 0.7724286057503194, 0.9974687165549727, 1.0, 0.8559003619863477] | det_fa [0.18432335869070043, 0.2272493302232068, 0.31456670928290087, 0.003823566930746909, 0.0, 0.2634028265091921] ----
T5 Ep 1/1 | L 0.1364 | Train Acc 0.70 | Prec 0.70 | F1 0.68 | Det Rec 0.84 | Det FA 0.26 | Epoch Time 1271.03s (Eval 144.77s, Train 1126.26s)
[STATE 2026-05-30 05:18:52] T5 Ep 1/1 complete: Prec 0.7039 F1 0.6763 DetRec 0.8424 DetFA 0.2604 | 1271.03s total (144.77s eval/1126.26s train)
[STATE 2026-05-30 05:18:52] Task 5: running final validation.
Saved task checkpoint: logs//bcl_dual/seed-sweep_one-shot_til-2026-05-30_03-56-45-7966/39/checkpoints/task_5.pt
[STATE 2026-05-30 05:21:19] Saved task checkpoint to logs//bcl_dual/seed-sweep_one-shot_til-2026-05-30_03-56-45-7966/39/checkpoints/task_5.pt
[STATE 2026-05-30 05:21:19] Completed task 5 (6/10)
Task 6: 17340 training samples, 6800 test samples.
[STATE 2026-05-30 05:21:19] Task 6: zero-shot validation (pre-train)
---- Zero-shot (pre-train) task 6: rec_cls 0.1146 | prec_cls 0.1459 | f1_cls 0.0828 | det 0.3583 | pfa 0.9765 | total_f1 0.5230 ----
[STATE 2026-05-30 05:23:51] Starting task 6 (7/10)
[STATE 2026-05-30 05:23:51] Task 6 Epoch 1/1: entering train loop
[STATE 2026-05-30 05:25:29] Task 6 Epoch 1/1: running validation (end of epoch)
---- Eval at Epoch 0: cls [0.709577183342107, 0.6333534044081913, 0.4665092344055784, 0.5367491016122792, 0.38817078807921396, 0.7520206908928894, 0.5555865751134149] | det_recall [0.862149722757227, 0.8327316079444111, 0.7773365008503212, 0.9967263752915108, 1.0, 0.841573686435658, 1.0] | det_fa [0.1847271451828385, 0.22351005249435735, 0.3070362629564412, 0.0018903924956866014, 0.0, 0.30515827337194645, 0.0] ----
T6 Ep 1/1 | L 0.1040 | Train Acc 0.54 | Prec 0.54 | F1 0.59 | Det Rec 1.00 | Det FA 0.00 | Epoch Time 248.33s (Eval 149.47s, Train 98.86s)
[STATE 2026-05-30 05:27:59] T6 Ep 1/1 complete: Prec 0.5435 F1 0.5889 DetRec 0.9992 DetFA 0.0013 | 248.33s total (149.47s eval/98.86s train)
[STATE 2026-05-30 05:27:59] Task 6: running final validation.
Saved task checkpoint: logs//bcl_dual/seed-sweep_one-shot_til-2026-05-30_03-56-45-7966/39/checkpoints/task_6.pt
[STATE 2026-05-30 05:30:27] Saved task checkpoint to logs//bcl_dual/seed-sweep_one-shot_til-2026-05-30_03-56-45-7966/39/checkpoints/task_6.pt
[STATE 2026-05-30 05:30:27] Completed task 6 (7/10)
Task 7: 188050 training samples, 94025 test samples.
[STATE 2026-05-30 05:30:28] Task 7: zero-shot validation (pre-train)
---- Zero-shot (pre-train) task 7: rec_cls 0.1060 | prec_cls 0.1427 | f1_cls 0.1377 | det 0.5197 | pfa 0.3350 | total_f1 0.5404 ----
[STATE 2026-05-30 05:33:39] Starting task 7 (8/10)
[STATE 2026-05-30 05:33:39] Task 7 Epoch 1/1: entering train loop
[STATE 2026-05-30 05:51:57] Task 7 Epoch 1/1: running validation (end of epoch)
---- Eval at Epoch 0: cls [0.6848339634358854, 0.5829918021950398, 0.4215124229916739, 0.5535928074852693, 0.3931916065971295, 0.7036493379744244, 0.5120441129386557, 0.7709197987970439] | det_recall [0.8478015957248956, 0.8260568652918001, 0.7962609162349491, 0.996748176944199, 1.0, 0.8506902286443933, 0.9981935546984547, 0.8481217941629988] | det_fa [0.18505117016426412, 0.202223419474297, 0.25673948888116366, 0.004060957529426992, 0.0, 0.2687931429967538, 0.003612890603090596, 0.25401865141331864] ----
T7 Ep 1/1 | L 0.0994 | Train Acc 0.72 | Prec 0.74 | F1 0.70 | Det Rec 0.84 | Det FA 0.25 | Epoch Time 1289.57s (Eval 191.28s, Train 1098.29s)
[STATE 2026-05-30 05:55:09] T7 Ep 1/1 complete: Prec 0.7402 F1 0.7047 DetRec 0.8437 DetFA 0.2483 | 1289.57s total (191.28s eval/1098.29s train)
[STATE 2026-05-30 05:55:09] Task 7: running final validation.
Saved task checkpoint: logs//bcl_dual/seed-sweep_one-shot_til-2026-05-30_03-56-45-7966/39/checkpoints/task_7.pt
[STATE 2026-05-30 05:58:19] Saved task checkpoint to logs//bcl_dual/seed-sweep_one-shot_til-2026-05-30_03-56-45-7966/39/checkpoints/task_7.pt
[STATE 2026-05-30 05:58:19] Completed task 7 (8/10)
Task 8: 36658 training samples, 12220 test samples.
[STATE 2026-05-30 05:58:19] Task 8: zero-shot validation (pre-train)
---- Zero-shot (pre-train) task 8: rec_cls 0.1852 | prec_cls 0.1600 | f1_cls 0.0751 | det 0.4682 | pfa 0.9606 | total_f1 0.5466 ----
[STATE 2026-05-30 06:01:37] Starting task 8 (9/10)
[STATE 2026-05-30 06:01:37] Task 8 Epoch 1/1: entering train loop
[STATE 2026-05-30 06:05:15] Task 8 Epoch 1/1: running validation (end of epoch)
---- Eval at Epoch 0: cls [0.7334362976205456, 0.6761161497799321, 0.42442206329913873, 0.5290170751374548, 0.38509501054602563, 0.6740333975749925, 0.49007350730565985, 0.7286563461252805, 0.818928197961875] | det_recall [0.8575740657379365, 0.8455534394218516, 0.776962190630842, 0.9965196604358219, 1.0, 0.8435206605225893, 1.0, 0.8097117020616098, 0.7726441462301459] | det_fa [0.17131124301519426, 0.17705387052192637, 0.3242715842431645, 0.003313354349112896, 0.0, 0.26608439590431676, 0.0, 0.36371646357239856, 0.4332815560847418] ----
T8 Ep 1/1 | L 0.1055 | Train Acc 0.77 | Prec 0.78 | F1 0.62 | Det Rec 0.76 | Det FA 0.44 | Epoch Time 414.28s (Eval 195.85s, Train 218.43s)
[STATE 2026-05-30 06:08:31] T8 Ep 1/1 complete: Prec 0.7837 F1 0.6153 DetRec 0.7632 DetFA 0.4369 | 414.28s total (195.85s eval/218.43s train)
[STATE 2026-05-30 06:08:31] Task 8: running final validation.
Saved task checkpoint: logs//bcl_dual/seed-sweep_one-shot_til-2026-05-30_03-56-45-7966/39/checkpoints/task_8.pt
[STATE 2026-05-30 06:11:46] Saved task checkpoint to logs//bcl_dual/seed-sweep_one-shot_til-2026-05-30_03-56-45-7966/39/checkpoints/task_8.pt
[STATE 2026-05-30 06:11:46] Completed task 8 (9/10)
Task 9: 17340 training samples, 6800 test samples.
[STATE 2026-05-30 06:11:47] Task 9: zero-shot validation (pre-train)
---- Zero-shot (pre-train) task 9: rec_cls 0.0794 | prec_cls 0.1145 | f1_cls 0.0184 | det 0.2939 | pfa 1.0000 | total_f1 0.5522 ----
[STATE 2026-05-30 06:15:07] Starting task 9 (10/10)
[STATE 2026-05-30 06:15:07] Task 9 Epoch 1/1: entering train loop
[STATE 2026-05-30 06:16:52] Task 9 Epoch 1/1: running validation (end of epoch)
---- Eval at Epoch 0: cls [0.7560771515129384, 0.6798546654857984, 0.42979639173855444, 0.5463019320369527, 0.4150519923370177, 0.6859114457116118, 0.5183269444528031, 0.7367775231932099, 0.7692039185774138, 0.5011024663820478] | det_recall [0.8577255770406349, 0.8375574528993852, 0.7807273127685957, 0.9958648469433073, 1.0, 0.8530913991659685, 0.9997280152559656, 0.82553176283315, 0.7808318128495886, 1.0] | det_fa [0.20683530013554513, 0.22753439095769065, 0.34188574985331716, 0.005283636546893091, 0.0, 0.2319401738141422, 0.000543969488068867, 0.3068973504912301, 0.40412363542782986, 0.0] ----
T9 Ep 1/1 | L 0.1362 | Train Acc 0.45 | Prec 0.44 | F1 0.47 | Det Rec 0.99 | Det FA 0.01 | Epoch Time 304.43s (Eval 199.10s, Train 105.33s)
[STATE 2026-05-30 06:20:12] T9 Ep 1/1 complete: Prec 0.4445 F1 0.4736 DetRec 0.9931 DetFA 0.0138 | 304.43s total (199.10s eval/105.33s train)
[STATE 2026-05-30 06:20:12] Task 9: running final validation.
Saved task checkpoint: logs//bcl_dual/seed-sweep_one-shot_til-2026-05-30_03-56-45-7966/39/checkpoints/task_9.pt
[STATE 2026-05-30 06:23:29] Saved task checkpoint to logs//bcl_dual/seed-sweep_one-shot_til-2026-05-30_03-56-45-7966/39/checkpoints/task_9.pt
[STATE 2026-05-30 06:23:29] Completed task 9 (10/10)
####Final Validation Accuracy####
Final Results:- 
 Total Recall: 0.6016811915471422 
 Individual Recall: [0.7445739925521119, 0.6684814059398225, 0.43154824871719505, 0.5526963688219321, 0.41608044725683785, 0.6871537665806436, 0.5160043437050789, 0.7375172203131798, 0.7621140760456403, 0.5006420455389803]
Final Detection Results:- 
 Total Detection: 0.893487030553653 
 Individual Detection: [0.8603487915578203, 0.8394932944810474, 0.7809874278942223, 0.9967271240993425, 1.0, 0.8541011749199243, 0.9994415475155235, 0.8258045040875924, 0.7779664409810575, 1.0]
Final Detection False Alarm:- 
 Total False Alarm: 0.17175258110709352 
 Individual False Alarm: [0.2026189061385103, 0.22030227609737985, 0.3410483875382427, 0.004812557617353795, 0.0, 0.23057459916441445, 0.001116904968952933, 0.30728116738824407, 0.409771012157837, 0.0]
SUMMARY_TR cls_rec=0.4451 cls_prec=0.4445 cls_f1=0.4736 det=0.8931 fa=0.1725
SUMMARY_TE cls_rec=0.6017 cls_prec=0.6255 cls_f1=0.6097 det=0.8935 fa=0.1718
[STATE 2026-05-30 06:23:29] Saving results to logs//bcl_dual/seed-sweep_one-shot_til-2026-05-30_03-56-45-7966/39/results
Model size: 0.0289 GB
Memory buffer size: 0.0158 GB
logs//bcl_dual/seed-sweep_one-shot_til-2026-05-30_03-56-45-7966/39/results: {'expt_name': 'seed-sweep_one-shot_til', 'model': 'bcl_dual', 'arch': 'resnet1d', 'n_hiddens': 100, 'n_layers': 2, 'xav_init': False, 'debug': False, 'use_detector_arch': False, 'use_groupnorm': False, 'inner_steps': 2, 'n_epochs': 1, 'batch_size': 256, 'replay_batch_size': 128, 'memories': 5120, 'lr': 0.001, 'optimizer': 'sgd', 'prune_perc': 0.75, 'post_prune_epochs': 0, 'class_weighted_ce': True, 'cuda': True, 'amp': True, 'amp_dtype': 'bfloat16', 'cudnn_benchmark': True, 'seed': 39, 'log_every': 10, 'log_dir': 'logs//bcl_dual/seed-sweep_one-shot_til-2026-05-30_03-56-45-7966/39', 'tf_dir': 'logs//bcl_dual/seed-sweep_one-shot_til-2026-05-30_03-56-45-7966/39/tfdir', 'calc_test_accuracy': False, 'state_logging': True, 'data_path': 'data/rff/radar/full', 'task_order_files': 't2-rcn,t0-rcn,t2-uclresm-25noise,t0-deeprad,t1-deeprad,t1-uclresm-25noise,t3-deeprad,t0-uclresm-25noise,t1-rcn,t2-deeprad', 'loader': 'task_incremental_loader', 'samples_per_task': -1, 'task_order_seed': None, 'classes_per_it': 6, 'iterations': 5000, 'dataset': 'iq', 'workers': 0, 'validation': 0.5, 'data_scaling': 'normalize', 'use_iq_aug_features': False, 'iq_aug_feature_type': 'power', 'class_order': 'random', 'increment': 5, 'test_batch_size': 512, 'nc_per_task': None, 'nc_per_task_list': '', 'val_rate': 1000, 'opt_lr': 0.1, 'opt_wt': 0.1, 'alpha_init': 0.001, 'momentum': 0.0, 'learn_lr': False, 'sync_update': False, 'grad_clip_norm': 5.0, 'meta_batches': 3, 'use_old_task_memory': False, 'second_order': False, 'n_memories': 5120, 'memory_strength': 1, 'memory_loss_lambda': 1.0, 'steps_per_sample': 1, 'bgd_optimizer': 'sgd', 'optimizer_params': '{}', 'train_mc_iters': 5, 'std_init': 0.05, 'mean_eta': 1, 'fisher_gamma': 0.95, 'rln': 7, 'meta_lr': 0.001, 'update_lr': 0.1, 'ctx_lr': 0.05, 'n_meta': 1, 'temperature': 5.0, 'task_emb': 64, 'classes_per_task': [6, 7, 6, 7, 7, 6, 6, 6, 7, 6], 'get_samples_per_task': <bound method IncrementalLoader.get_samples_per_task of <dataloaders.task_incremental_loader.IncrementalLoader object at 0x7032d2d53380>>, 'task_epoch_schedule': {}} # val: 0.675 0.602 -0.073 0.000 # sizes: model_gb=0.0289 mem_gb=0.0158 # 8748.905106544495
[STATE 2026-05-30 06:23:29] results.pt components (approx): state_dict 29.6 MB, result_val_t 0.1 KB, result_val_a 0.8 KB
[STATE 2026-05-30 06:23:29] Results saved; total runtime 2.43h
Total runtime: 2.43 hours
