[STATE 2026-05-30 11:59:16] Enabling terminal logging to logs//ewc/full-tasks_CIL_all-2026-05-30_11-59-16-8314/55/terminal.log
New Experiment Starting...
Running model:  ewc
[STATE 2026-05-30 11:59:16] Experiment 'full-tasks_CIL_all' starting with model 'ewc' (seed 55)
Set seed 55
[STATE 2026-05-30 11:59:16] Runtime accel: cudnn.benchmark=False amp=True amp_dtype=bfloat16
t2-rcn.npz train: x=(50362, 1024), y=(50362, 2)
t2-rcn.npz test: x=(16787, 1024), y=(16787, 2)
t2-rcn.npz: applied data scaling mode 'normalize'.
Loaded t2-rcn.npz: Unique train labels: UniqueCountsResult(values=array([-1,  3,  5, 10, 12, 15]), counts=array([24209,  5770,  3030,  2320,  7509,  7524]))
Noise labels ratio in t2-rcn.npz train: 0.24, test: 0.24
Loaded t2-rcn.npz: Remapped labels: [-1  0  1  2  3  4]. Size: 50362)
t0-rcn.npz train: x=(51916, 1024), y=(51916, 2)
t0-rcn.npz test: x=(17305, 1024), y=(17305, 2)
t0-rcn.npz: applied data scaling mode 'normalize'.
Loaded t0-rcn.npz: Unique train labels: UniqueCountsResult(values=array([-1,  1,  8,  9, 11, 13, 14]), counts=array([24225,  4268,  2495,  2943,  3015,  7464,  7506]))
Noise labels ratio in t0-rcn.npz train: 0.23, test: 0.23
Loaded t0-rcn.npz: Remapped labels: [-1  5  6  7  8  9 10]. Size: 51916)
t2-uclresm-25noise.npz train: moved sample axis (3, 350028, 1024) -> (350028, 3, 1024)
t2-uclresm-25noise.npz test: moved sample axis (3, 233351, 1024) -> (233351, 3, 1024)
t2-uclresm-25noise.npz train: x=(350028, 3, 1024), y=(350028,)
t2-uclresm-25noise.npz test: x=(233351, 3, 1024), y=(233351,)
t2-uclresm-25noise.npz: applied data scaling mode 'normalize'.
Loaded t2-uclresm-25noise.npz: Unique train labels: UniqueCountsResult(values=array([-1,  0,  1,  2,  3,  4]), counts=array([87441, 27347, 71754, 64298, 36005, 63183]))
Noise labels ratio in t2-uclresm-25noise.npz train: 0.25, test: 0.25
Loaded t2-uclresm-25noise.npz: Remapped labels: [-1 11 12 13 14 15]. Size: 350028)
t0-deeprad.npz train: x=(24480, 1024), y=(24480, 2)
t0-deeprad.npz test: x=(8160, 1024), y=(8160, 2)
t0-deeprad.npz: applied data scaling mode 'normalize'.
Loaded t0-deeprad.npz: Unique train labels: UniqueCountsResult(values=array([-1,  0,  1,  2,  3,  4,  5]), counts=array([12240,  2029,  1983,  2043,  2154,  2015,  2016]))
Noise labels ratio in t0-deeprad.npz train: 0.25, test: 0.25
Loaded t0-deeprad.npz: Remapped labels: [-1 16 17 18 19 20 21]. Size: 24480)
t1-deeprad.npz train: x=(24480, 1024), y=(24480, 2)
t1-deeprad.npz test: x=(8160, 1024), y=(8160, 2)
t1-deeprad.npz: applied data scaling mode 'normalize'.
Loaded t1-deeprad.npz: Unique train labels: UniqueCountsResult(values=array([-1,  0,  1,  2,  3,  4,  5]), counts=array([12240,  1988,  2029,  2054,  1988,  2053,  2128]))
Noise labels ratio in t1-deeprad.npz train: 0.25, test: 0.25
Loaded t1-deeprad.npz: Remapped labels: [-1 22 23 24 25 26 27]. Size: 24480)
t1-uclresm-25noise.npz train: moved sample axis (3, 201410, 1024) -> (201410, 3, 1024)
t1-uclresm-25noise.npz test: moved sample axis (3, 116291, 1024) -> (116291, 3, 1024)
t1-uclresm-25noise.npz train: x=(201410, 3, 1024), y=(201410,)
t1-uclresm-25noise.npz test: x=(116291, 3, 1024), y=(116291,)
t1-uclresm-25noise.npz: applied data scaling mode 'normalize'.
Loaded t1-uclresm-25noise.npz: Unique train labels: UniqueCountsResult(values=array([-1,  0,  1,  2,  3,  4]), counts=array([43668, 18021, 17838, 18087, 31870, 71926]))
Noise labels ratio in t1-uclresm-25noise.npz train: 0.22, test: 0.25
Loaded t1-uclresm-25noise.npz: Remapped labels: [-1 28 29 30 31 32]. Size: 201410)
t3-deeprad.npz train: x=(17340, 1024), y=(17340, 2)
t3-deeprad.npz test: x=(6800, 1024), y=(6800, 2)
t3-deeprad.npz: applied data scaling mode 'normalize'.
Loaded t3-deeprad.npz: Unique train labels: UniqueCountsResult(values=array([-1,  0,  1,  2,  3,  4]), counts=array([8670, 1693, 1677, 1794, 1716, 1790]))
Noise labels ratio in t3-deeprad.npz train: 0.25, test: 0.25
Loaded t3-deeprad.npz: Remapped labels: [-1 33 34 35 36 37]. Size: 17340)
t0-uclresm-25noise.npz train: moved sample axis (3, 188050, 1024) -> (188050, 3, 1024)
t0-uclresm-25noise.npz test: moved sample axis (3, 107348, 1024) -> (107348, 3, 1024)
t0-uclresm-25noise.npz train: x=(188050, 3, 1024), y=(188050,)
t0-uclresm-25noise.npz test: x=(107348, 3, 1024), y=(107348,)
t0-uclresm-25noise.npz: applied data scaling mode 'normalize'.
Loaded t0-uclresm-25noise.npz: Unique train labels: UniqueCountsResult(values=array([-1,  0,  1,  2,  3,  4]), counts=array([40144, 32109, 17978, 17979, 18098, 61742]))
Noise labels ratio in t0-uclresm-25noise.npz train: 0.21, test: 0.25
Loaded t0-uclresm-25noise.npz: Remapped labels: [-1 38 39 40 41 42]. Size: 188050)
t1-rcn.npz train: x=(36658, 1024), y=(36658, 2)
t1-rcn.npz test: x=(12220, 1024), y=(12220, 2)
t1-rcn.npz: applied data scaling mode 'normalize'.
Loaded t1-rcn.npz: Unique train labels: UniqueCountsResult(values=array([-1,  0,  2,  4,  6,  7, 16]), counts=array([20595,   824,  2087,  2606,  2396,  1716,  6434]))
Noise labels ratio in t1-rcn.npz train: 0.28, test: 0.28
Loaded t1-rcn.npz: Remapped labels: [-1 43 44 45 46 47 48]. Size: 36658)
t2-deeprad.npz train: x=(17340, 1024), y=(17340, 2)
t2-deeprad.npz test: x=(6800, 1024), y=(6800, 2)
t2-deeprad.npz: applied data scaling mode 'normalize'.
Loaded t2-deeprad.npz: Unique train labels: UniqueCountsResult(values=array([-1,  0,  1,  2,  3,  4]), counts=array([8670, 1774, 1675, 1777, 1694, 1750]))
Noise labels ratio in t2-deeprad.npz train: 0.25, test: 0.25
Loaded t2-deeprad.npz: Remapped labels: [-1 49 50 51 52 53]. Size: 17340)
Built IQ classes_per_task (increments): [5, 6, 5, 6, 6, 5, 5, 5, 6, 5]
Classes per task: [5, 6, 5, 6, 6, 5, 5, 5, 6, 5]
[STATE 2026-05-30 12:00:36] Loader 'class_incremental_loader' ready: 1024 inputs, 55 outputs, 10 tasks
n_outputs: 55 	n_tasks: 10
[STATE 2026-05-30 12:00:36] Logging to logs//ewc/full-tasks_CIL_all-2026-05-30_11-59-16-8314/55
True
Model device: cuda:0
[STATE 2026-05-30 12:00:36] Model initialized on device cuda:0
[STATE 2026-05-30 12:00:36] Invoking continual life experience flow
[STATE 2026-05-30 12:00:36] Life experience start: 10 tasks queued
[STATE 2026-05-30 12:00:36] Legacy epoch behavior enabled: using n_epochs=1 for all tasks
[STATE 2026-05-30 12:00:36] Task 0: zero-shot validation (pre-train)
---- Zero-shot (pre-train) task 0: rec_cls 0.1911 | prec_cls 0.1203 | f1_cls 0.0558 | det 0.5001 | pfa 0.9997 | total_f1 0.0558 ----
[STATE 2026-05-30 12:00:44] Starting task 0 (1/10)
[STATE 2026-05-30 12:00:44] Task 0 Epoch 1/1: entering train loop
[STATE 2026-05-30 12:02:03] Task 0 Epoch 1/1: running validation (end of epoch)
---- Eval at Epoch 0: cls [0.75244517348085] | det_recall [0.8718476181389343] | det_fa [0.22430466340481434] ----
T0 Ep 1/1 | L 1.1787 | Train Acc 0.50 | Prec 0.52 | F1 0.47 | Det Rec 0.78 | Det FA 0.35 | Epoch Time 84.54s (Eval 5.94s, Train 78.60s)
[STATE 2026-05-30 12:02:09] T0 Ep 1/1 complete: Prec 0.5190 F1 0.4681 DetRec 0.7787 DetFA 0.3489 | 84.54s total (5.94s eval/78.60s train)
[STATE 2026-05-30 12:02:09] Task 0: running final validation.
Saved task checkpoint: logs//ewc/full-tasks_CIL_all-2026-05-30_11-59-16-8314/55/checkpoints/task_0.pt
[STATE 2026-05-30 12:02:15] Saved task checkpoint to logs//ewc/full-tasks_CIL_all-2026-05-30_11-59-16-8314/55/checkpoints/task_0.pt
[STATE 2026-05-30 12:02:15] Completed task 0 (1/10)
[STATE 2026-05-30 12:02:15] Task 1: zero-shot validation (pre-train)
---- Zero-shot (pre-train) task 1: rec_cls 0.3301 | prec_cls 0.2058 | f1_cls 0.2473 | det 0.7922 | pfa 0.3045 | total_f1 0.4683 ----
[STATE 2026-05-30 12:02:32] Starting task 1 (2/10)
[STATE 2026-05-30 12:02:32] Task 1 Epoch 1/1: entering train loop
[STATE 2026-05-30 12:04:19] Task 1 Epoch 1/1: running validation (end of epoch)
---- Eval at Epoch 0: cls [0.12045867793174661, 0.2142585014589773] | det_recall [0.5809189491116749, 0.6462704605225346] | det_fa [0.0, 0.5070962891001316] ----
T1 Ep 1/1 | L 1.2094 | Train Acc 0.51 | Prec 0.55 | F1 0.42 | Det Rec 0.68 | Det FA 0.56 | Epoch Time 124.83s (Eval 17.95s, Train 106.88s)
[STATE 2026-05-30 12:04:37] T1 Ep 1/1 complete: Prec 0.5479 F1 0.4196 DetRec 0.6794 DetFA 0.5625 | 124.83s total (17.95s eval/106.88s train)
[STATE 2026-05-30 12:04:37] Task 1: running final validation.
Saved task checkpoint: logs//ewc/full-tasks_CIL_all-2026-05-30_11-59-16-8314/55/checkpoints/task_1.pt
[STATE 2026-05-30 12:04:54] Saved task checkpoint to logs//ewc/full-tasks_CIL_all-2026-05-30_11-59-16-8314/55/checkpoints/task_1.pt
[STATE 2026-05-30 12:04:54] Completed task 1 (2/10)
Note: Unified mixed IQ test tensors to (N, 3, L) via ADC0 I/Q + zero-padded ADC1/2 (IID2-style) for cumulative CIL.
[STATE 2026-05-30 12:04:55] Task 2: zero-shot validation (pre-train)
---- Zero-shot (pre-train) task 2: rec_cls 0.0653 | prec_cls 0.0093 | f1_cls 0.0297 | det 0.5685 | pfa 0.7093 | total_f1 0.1573 ----
[STATE 2026-05-30 12:06:21] Starting task 2 (3/10)
[STATE 2026-05-30 12:06:21] Task 2 Epoch 1/1: entering train loop
[STATE 2026-05-30 12:18:43] Task 2 Epoch 1/1: running validation (end of epoch)
---- Eval at Epoch 0: cls [0.0, 0.0, 0.08876524377587272] | det_recall [0.5, 0.5, 0.6286726937851499] | det_fa [0.0, 0.0, 0.6110243721728191] ----
T2 Ep 1/1 | L 1.3649 | Train Acc 0.40 | Prec 0.40 | F1 0.41 | Det Rec 0.77 | Det FA 0.41 | Epoch Time 831.83s (Eval 89.87s, Train 741.96s)
[STATE 2026-05-30 12:20:13] T2 Ep 1/1 complete: Prec 0.4039 F1 0.4123 DetRec 0.7678 DetFA 0.4116 | 831.83s total (89.87s eval/741.96s train)
[STATE 2026-05-30 12:20:13] Task 2: running final validation.
Saved task checkpoint: logs//ewc/full-tasks_CIL_all-2026-05-30_11-59-16-8314/55/checkpoints/task_2.pt
[STATE 2026-05-30 12:21:47] Saved task checkpoint to logs//ewc/full-tasks_CIL_all-2026-05-30_11-59-16-8314/55/checkpoints/task_2.pt
[STATE 2026-05-30 12:21:47] Completed task 2 (3/10)
Note: Unified mixed IQ test tensors to (N, 3, L) via ADC0 I/Q + zero-padded ADC1/2 (IID2-style) for cumulative CIL.
[STATE 2026-05-30 12:21:48] Task 3: zero-shot validation (pre-train)
---- Zero-shot (pre-train) task 3: rec_cls 0.0632 | prec_cls 0.0639 | f1_cls 0.0721 | det 0.6057 | pfa 0.6341 | total_f1 0.0839 ----
[STATE 2026-05-30 12:24:25] Starting task 3 (4/10)
[STATE 2026-05-30 12:24:25] Task 3 Epoch 1/1: entering train loop
[STATE 2026-05-30 12:25:15] Task 3 Epoch 1/1: running validation (end of epoch)
---- Eval at Epoch 0: cls [0.0, 0.001641218843524708, 0.02153237024455054, 0.07781037904607395] | det_recall [0.5, 0.5072966654637603, 0.47070184031786266, 0.5335817255447606] | det_fa [0.0, 0.0012176462840293204, 0.3894286609664495, 0.6832898624528106] ----
T3 Ep 1/1 | L 1.9124 | Train Acc 0.40 | Prec 0.38 | F1 0.45 | Det Rec 0.97 | Det FA 0.04 | Epoch Time 207.00s (Eval 156.48s, Train 50.52s)
[STATE 2026-05-30 12:27:52] T3 Ep 1/1 complete: Prec 0.3826 F1 0.4527 DetRec 0.9746 DetFA 0.0378 | 207.00s total (156.48s eval/50.52s train)
[STATE 2026-05-30 12:27:52] Task 3: running final validation.
Saved task checkpoint: logs//ewc/full-tasks_CIL_all-2026-05-30_11-59-16-8314/55/checkpoints/task_3.pt
[STATE 2026-05-30 12:30:27] Saved task checkpoint to logs//ewc/full-tasks_CIL_all-2026-05-30_11-59-16-8314/55/checkpoints/task_3.pt
[STATE 2026-05-30 12:30:27] Completed task 3 (4/10)
Note: Unified mixed IQ test tensors to (N, 3, L) via ADC0 I/Q + zero-padded ADC1/2 (IID2-style) for cumulative CIL.
[STATE 2026-05-30 12:30:28] Task 4: zero-shot validation (pre-train)
---- Zero-shot (pre-train) task 4: rec_cls 0.0656 | prec_cls 0.0067 | f1_cls 0.0198 | det 0.5300 | pfa 0.6903 | total_f1 0.0523 ----
[STATE 2026-05-30 12:34:17] Starting task 4 (5/10)
[STATE 2026-05-30 12:34:17] Task 4 Epoch 1/1: entering train loop
[STATE 2026-05-30 12:35:07] Task 4 Epoch 1/1: running validation (end of epoch)
---- Eval at Epoch 0: cls [0.0, 0.007318064988146303, 0.01544370114195378, 0.06764457100287873, 0.05167620864863871] | det_recall [0.5, 0.5409744509739495, 0.46969704842136417, 0.48316163287350256, 0.4988884367843281] | det_fa [0.0, 0.018972225753587604, 0.47838783367395155, 0.5336585753356061, 0.5573503657895716] ----
T4 Ep 1/1 | L 1.9619 | Train Acc 0.25 | Prec 0.23 | F1 0.32 | Det Rec 1.00 | Det FA 0.01 | Epoch Time 279.47s (Eval 229.35s, Train 50.12s)
[STATE 2026-05-30 12:38:57] T4 Ep 1/1 complete: Prec 0.2339 F1 0.3216 DetRec 0.9965 DetFA 0.0069 | 279.47s total (229.35s eval/50.12s train)
[STATE 2026-05-30 12:38:57] Task 4: running final validation.
Saved task checkpoint: logs//ewc/full-tasks_CIL_all-2026-05-30_11-59-16-8314/55/checkpoints/task_4.pt
[STATE 2026-05-30 12:42:46] Saved task checkpoint to logs//ewc/full-tasks_CIL_all-2026-05-30_11-59-16-8314/55/checkpoints/task_4.pt
[STATE 2026-05-30 12:42:46] Completed task 4 (5/10)
Note: Unified mixed IQ test tensors to (N, 3, L) via ADC0 I/Q + zero-padded ADC1/2 (IID2-style) for cumulative CIL.
[STATE 2026-05-30 12:42:47] Task 5: zero-shot validation (pre-train)
---- Zero-shot (pre-train) task 5: rec_cls 0.0340 | prec_cls 0.0107 | f1_cls 0.0154 | det 0.5049 | pfa 0.5195 | total_f1 0.0448 ----
[STATE 2026-05-30 12:48:22] Starting task 5 (6/10)
[STATE 2026-05-30 12:48:22] Task 5 Epoch 1/1: entering train loop
[STATE 2026-05-30 12:56:29] Task 5 Epoch 1/1: running validation (end of epoch)
---- Eval at Epoch 0: cls [0.0, 0.0, 0.005151374835918372, 0.0037098702547511877, 0.0034888267402063172, 0.06819122363916914] | det_recall [0.5, 0.5, 0.5060661857534872, 0.507334969537336, 0.5077990896960045, 0.5114892769860732] | det_fa [0.0, 0.0, 0.021498865720262002, 0.018894103816137937, 0.018615408623559204, 0.845177658489363] ----
T5 Ep 1/1 | L 1.0484 | Train Acc 0.61 | Prec 0.61 | F1 0.59 | Det Rec 0.81 | Det FA 0.31 | Epoch Time 821.85s (Eval 334.42s, Train 487.42s)
[STATE 2026-05-30 13:02:04] T5 Ep 1/1 complete: Prec 0.6055 F1 0.5888 DetRec 0.8141 DetFA 0.3141 | 821.85s total (334.42s eval/487.42s train)
[STATE 2026-05-30 13:02:04] Task 5: running final validation.
Saved task checkpoint: logs//ewc/full-tasks_CIL_all-2026-05-30_11-59-16-8314/55/checkpoints/task_5.pt
[STATE 2026-05-30 13:07:39] Saved task checkpoint to logs//ewc/full-tasks_CIL_all-2026-05-30_11-59-16-8314/55/checkpoints/task_5.pt
[STATE 2026-05-30 13:07:39] Completed task 5 (6/10)
Note: Unified mixed IQ test tensors to (N, 3, L) via ADC0 I/Q + zero-padded ADC1/2 (IID2-style) for cumulative CIL.
[STATE 2026-05-30 13:07:40] Task 6: zero-shot validation (pre-train)
---- Zero-shot (pre-train) task 6: rec_cls 0.0594 | prec_cls 0.0214 | f1_cls 0.0279 | det 0.5002 | pfa 0.8799 | total_f1 0.0441 ----
[STATE 2026-05-30 13:15:02] Starting task 6 (7/10)
[STATE 2026-05-30 13:15:02] Task 6 Epoch 1/1: entering train loop
[STATE 2026-05-30 13:15:38] Task 6 Epoch 1/1: running validation (end of epoch)
---- Eval at Epoch 0: cls [0.0, 0.0, 1.1190758440147193e-05, 0.023474362153612895, 0.017913059620715144, 0.02707901075060082, 0.04623724672542194] | det_recall [0.5, 0.5, 0.5002132750988643, 0.49984413598554017, 0.47394123309138986, 0.5312015040316286, 0.5039386109289159] | det_fa [0.0, 0.0, 1.7589840108353415e-05, 0.006203607273230789, 0.07562095342451082, 0.20571739138915776, 0.5144760073722836] ----
T6 Ep 1/1 | L 3.0198 | Train Acc 0.27 | Prec 0.24 | F1 0.33 | Det Rec 0.90 | Det FA 0.18 | Epoch Time 477.64s (Eval 441.42s, Train 36.22s)
[STATE 2026-05-30 13:23:00] T6 Ep 1/1 complete: Prec 0.2355 F1 0.3336 DetRec 0.9030 DetFA 0.1797 | 477.64s total (441.42s eval/36.22s train)
[STATE 2026-05-30 13:23:00] Task 6: running final validation.
Saved task checkpoint: logs//ewc/full-tasks_CIL_all-2026-05-30_11-59-16-8314/55/checkpoints/task_6.pt
[STATE 2026-05-30 13:30:22] Saved task checkpoint to logs//ewc/full-tasks_CIL_all-2026-05-30_11-59-16-8314/55/checkpoints/task_6.pt
[STATE 2026-05-30 13:30:22] Completed task 6 (7/10)
Note: Unified mixed IQ test tensors to (N, 3, L) via ADC0 I/Q + zero-padded ADC1/2 (IID2-style) for cumulative CIL.
[STATE 2026-05-30 13:30:23] Task 7: zero-shot validation (pre-train)
---- Zero-shot (pre-train) task 7: rec_cls 0.0344 | prec_cls 0.0270 | f1_cls 0.0235 | det 0.5124 | pfa 0.4836 | total_f1 0.0426 ----
[STATE 2026-05-30 13:40:04] Starting task 7 (8/10)
[STATE 2026-05-30 13:40:04] Task 7 Epoch 1/1: entering train loop
[STATE 2026-05-30 13:46:43] Task 7 Epoch 1/1: running validation (end of epoch)
---- Eval at Epoch 0: cls [0.0, 0.0, 0.00458902522216812, 0.003375437365181666, 0.0024726190738588558, 0.024870540840620813, 0.023938992581142897, 0.06870839286934219] | det_recall [0.5, 0.5, 0.5109716562457842, 0.4795938987514481, 0.45455835854461374, 0.4991563812835592, 0.49376839077467366, 0.5803910210491801] | det_fa [0.0, 0.0, 0.0007577716245322943, 0.06342734472893287, 0.11293339884318557, 0.13973968092306985, 0.1501169880722307, 0.6845166998191407] ----
T7 Ep 1/1 | L 1.0645 | Train Acc 0.61 | Prec 0.63 | F1 0.60 | Det Rec 0.82 | Det FA 0.28 | Epoch Time 980.21s (Eval 580.87s, Train 399.34s)
[STATE 2026-05-30 13:56:24] T7 Ep 1/1 complete: Prec 0.6262 F1 0.6022 DetRec 0.8174 DetFA 0.2846 | 980.21s total (580.87s eval/399.34s train)
[STATE 2026-05-30 13:56:24] Task 7: running final validation.
Saved task checkpoint: logs//ewc/full-tasks_CIL_all-2026-05-30_11-59-16-8314/55/checkpoints/task_7.pt
[STATE 2026-05-30 14:06:04] Saved task checkpoint to logs//ewc/full-tasks_CIL_all-2026-05-30_11-59-16-8314/55/checkpoints/task_7.pt
[STATE 2026-05-30 14:06:04] Completed task 7 (8/10)
Note: Unified mixed IQ test tensors to (N, 3, L) via ADC0 I/Q + zero-padded ADC1/2 (IID2-style) for cumulative CIL.
[STATE 2026-05-30 14:06:05] Task 8: zero-shot validation (pre-train)
---- Zero-shot (pre-train) task 8: rec_cls 0.0588 | prec_cls 0.0136 | f1_cls 0.0250 | det 0.5637 | pfa 0.7175 | total_f1 0.0420 ----
[STATE 2026-05-30 14:18:07] Starting task 8 (9/10)
[STATE 2026-05-30 14:18:07] Task 8 Epoch 1/1: entering train loop
[STATE 2026-05-30 14:19:22] Task 8 Epoch 1/1: running validation (end of epoch)
---- Eval at Epoch 0: cls [0.0, 0.0, 5.4604404588736555e-06, 0.00011330848128725174, 0.0, 0.0019797920972364903, 0.00225782999454837, 0.008037170071499015, 0.012813405293656419] | det_recall [0.5, 0.5, 0.5000134150997584, 0.5000064305292009, 0.5000006007418398, 0.48405972004925013, 0.4719896575453786, 0.4389830351245737, 0.5877768005202235] | det_fa [0.0, 0.0, 0.0, 0.0, 3.028276837800647e-05, 0.03789411726441726, 0.06426437378721156, 0.20700607074530433, 0.5308918917374343] ----
T8 Ep 1/1 | L 2.6768 | Train Acc 0.39 | Prec 0.38 | F1 0.34 | Det Rec 0.74 | Det FA 0.44 | Epoch Time 798.17s (Eval 723.16s, Train 75.01s)
[STATE 2026-05-30 14:31:25] T8 Ep 1/1 complete: Prec 0.3828 F1 0.3400 DetRec 0.7385 DetFA 0.4373 | 798.17s total (723.16s eval/75.01s train)
[STATE 2026-05-30 14:31:25] Task 8: running final validation.
Saved task checkpoint: logs//ewc/full-tasks_CIL_all-2026-05-30_11-59-16-8314/55/checkpoints/task_8.pt
[STATE 2026-05-30 14:43:28] Saved task checkpoint to logs//ewc/full-tasks_CIL_all-2026-05-30_11-59-16-8314/55/checkpoints/task_8.pt
[STATE 2026-05-30 14:43:28] Completed task 8 (9/10)
Note: Unified mixed IQ test tensors to (N, 3, L) via ADC0 I/Q + zero-padded ADC1/2 (IID2-style) for cumulative CIL.
[STATE 2026-05-30 14:43:29] Task 9: zero-shot validation (pre-train)
/home/lunet/wsmr11/repos/La-MAML/la-maml_env/lib/python3.10/site-packages/sklearn/metrics/_classification.py:98: UserWarning: The number of unique classes is greater than 50% of the number of samples. `y` could represent a regression problem, not a classification problem.
  type_true = type_of_target(y_true, input_name="y_true")
/home/lunet/wsmr11/repos/La-MAML/la-maml_env/lib/python3.10/site-packages/sklearn/utils/multiclass.py:79: UserWarning: The number of unique classes is greater than 50% of the number of samples. `y` could represent a regression problem, not a classification problem.
  ys_types = set(type_of_target(x) for x in ys)
/home/lunet/wsmr11/repos/La-MAML/la-maml_env/lib/python3.10/site-packages/sklearn/metrics/_classification.py:98: UserWarning: The number of unique classes is greater than 50% of the number of samples. `y` could represent a regression problem, not a classification problem.
  type_true = type_of_target(y_true, input_name="y_true")
/home/lunet/wsmr11/repos/La-MAML/la-maml_env/lib/python3.10/site-packages/sklearn/utils/multiclass.py:79: UserWarning: The number of unique classes is greater than 50% of the number of samples. `y` could represent a regression problem, not a classification problem.
  ys_types = set(type_of_target(x) for x in ys)
---- Zero-shot (pre-train) task 9: rec_cls 0.0121 | prec_cls 0.0006 | f1_cls 0.0110 | det 0.5787 | pfa 0.5406 | total_f1 0.0303 ----
[STATE 2026-05-30 14:57:56] Starting task 9 (10/10)
[STATE 2026-05-30 14:57:56] Task 9 Epoch 1/1: entering train loop
[STATE 2026-05-30 14:58:31] Task 9 Epoch 1/1: running validation (end of epoch)
---- Eval at Epoch 0: cls [0.0, 0.0, 5.175235052664358e-06, 4.982855057106357e-06, 1.106133510314695e-06, 0.002765232834717585, 0.001141067786356936, 0.005489950958871449, 0.014427694727716427, 0.01908978303045058] | det_recall [0.5, 0.5, 0.5001967216623793, 0.5006045208731582, 0.5031423203548707, 0.4666740289142724, 0.45147263148240885, 0.4470015795016282, 0.49962709343817735, 0.5273825559346914] | det_fa [0.0, 0.0, 0.0, 0.0, 0.0005545953776377281, 0.09164507631485255, 0.13336981251870744, 0.22340978854491317, 0.4113792754840969, 0.5507379877916928] ----
T9 Ep 1/1 | L 2.8610 | Train Acc 0.24 | Prec 0.23 | F1 0.34 | Det Rec 0.97 | Det FA 0.01 | Epoch Time 901.95s (Eval 866.74s, Train 35.21s)
[STATE 2026-05-30 15:12:58] T9 Ep 1/1 complete: Prec 0.2293 F1 0.3351 DetRec 0.9745 DetFA 0.0071 | 901.95s total (866.74s eval/35.21s train)
[STATE 2026-05-30 15:12:58] Task 9: running final validation.
/home/lunet/wsmr11/repos/La-MAML/la-maml_env/lib/python3.10/site-packages/sklearn/metrics/_classification.py:98: UserWarning: The number of unique classes is greater than 50% of the number of samples. `y` could represent a regression problem, not a classification problem.
  type_true = type_of_target(y_true, input_name="y_true")
/home/lunet/wsmr11/repos/La-MAML/la-maml_env/lib/python3.10/site-packages/sklearn/utils/multiclass.py:79: UserWarning: The number of unique classes is greater than 50% of the number of samples. `y` could represent a regression problem, not a classification problem.
  ys_types = set(type_of_target(x) for x in ys)
/home/lunet/wsmr11/repos/La-MAML/la-maml_env/lib/python3.10/site-packages/sklearn/metrics/_classification.py:98: UserWarning: The number of unique classes is greater than 50% of the number of samples. `y` could represent a regression problem, not a classification problem.
  type_true = type_of_target(y_true, input_name="y_true")
/home/lunet/wsmr11/repos/La-MAML/la-maml_env/lib/python3.10/site-packages/sklearn/utils/multiclass.py:79: UserWarning: The number of unique classes is greater than 50% of the number of samples. `y` could represent a regression problem, not a classification problem.
  ys_types = set(type_of_target(x) for x in ys)
/home/lunet/wsmr11/repos/La-MAML/la-maml_env/lib/python3.10/site-packages/sklearn/metrics/_classification.py:98: UserWarning: The number of unique classes is greater than 50% of the number of samples. `y` could represent a regression problem, not a classification problem.
  type_true = type_of_target(y_true, input_name="y_true")
/home/lunet/wsmr11/repos/La-MAML/la-maml_env/lib/python3.10/site-packages/sklearn/utils/multiclass.py:79: UserWarning: The number of unique classes is greater than 50% of the number of samples. `y` could represent a regression problem, not a classification problem.
  ys_types = set(type_of_target(x) for x in ys)
/home/lunet/wsmr11/repos/La-MAML/la-maml_env/lib/python3.10/site-packages/sklearn/metrics/_classification.py:98: UserWarning: The number of unique classes is greater than 50% of the number of samples. `y` could represent a regression problem, not a classification problem.
  type_true = type_of_target(y_true, input_name="y_true")
/home/lunet/wsmr11/repos/La-MAML/la-maml_env/lib/python3.10/site-packages/sklearn/utils/multiclass.py:79: UserWarning: The number of unique classes is greater than 50% of the number of samples. `y` could represent a regression problem, not a classification problem.
  ys_types = set(type_of_target(x) for x in ys)
/home/lunet/wsmr11/repos/La-MAML/la-maml_env/lib/python3.10/site-packages/sklearn/metrics/_classification.py:98: UserWarning: The number of unique classes is greater than 50% of the number of samples. `y` could represent a regression problem, not a classification problem.
  type_true = type_of_target(y_true, input_name="y_true")
/home/lunet/wsmr11/repos/La-MAML/la-maml_env/lib/python3.10/site-packages/sklearn/utils/multiclass.py:79: UserWarning: The number of unique classes is greater than 50% of the number of samples. `y` could represent a regression problem, not a classification problem.
  ys_types = set(type_of_target(x) for x in ys)
/home/lunet/wsmr11/repos/La-MAML/la-maml_env/lib/python3.10/site-packages/sklearn/metrics/_classification.py:98: UserWarning: The number of unique classes is greater than 50% of the number of samples. `y` could represent a regression problem, not a classification problem.
  type_true = type_of_target(y_true, input_name="y_true")
/home/lunet/wsmr11/repos/La-MAML/la-maml_env/lib/python3.10/site-packages/sklearn/utils/multiclass.py:79: UserWarning: The number of unique classes is greater than 50% of the number of samples. `y` could represent a regression problem, not a classification problem.
  ys_types = set(type_of_target(x) for x in ys)
Saved task checkpoint: logs//ewc/full-tasks_CIL_all-2026-05-30_11-59-16-8314/55/checkpoints/task_9.pt
[STATE 2026-05-30 15:27:25] Saved task checkpoint to logs//ewc/full-tasks_CIL_all-2026-05-30_11-59-16-8314/55/checkpoints/task_9.pt
[STATE 2026-05-30 15:27:25] Completed task 9 (10/10)
####Final Validation Accuracy####
Final Results:- 
 Total Recall: 0.004192308428607957 
 Individual Recall: [0.0, 0.0, 6.673383088707901e-06, 6.3608837420273855e-06, 0.0, 0.002779234929695427, 0.0009780092292937046, 0.005470572013527728, 0.013915191203651676, 0.0187670426430803]
Final Detection Results:- 
 Total Detection: 0.4896893213943815 
 Individual Detection: [0.5, 0.5, 0.5002317607938936, 0.5005638737815149, 0.5032365311363628, 0.46651550189492114, 0.4512491889148715, 0.44798236019432275, 0.5002326930755412, 0.5268813041523874]
Final Detection False Alarm:- 
 Total False Alarm: 0.14096312560968532 
 Individual False Alarm: [0.0, 0.0, 0.0, 0.0, 0.0004186654251222716, 0.09192214164132921, 0.1329238404690554, 0.22230642494475378, 0.4105455810042371, 0.5515146026123556]
SUMMARY_TR cls_rec=0.2404 cls_prec=0.2293 cls_f1=0.3351 det=0.4896 fa=0.1411
SUMMARY_TE cls_rec=0.0042 cls_prec=0.0023 cls_f1=0.0301 det=0.4897 fa=0.1410
[STATE 2026-05-30 15:27:25] Saving results to logs//ewc/full-tasks_CIL_all-2026-05-30_11-59-16-8314/55/results
Model size: 0.0289 GB
Memory buffer size: 0.0000 GB
logs//ewc/full-tasks_CIL_all-2026-05-30_11-59-16-8314/55/results: {'expt_name': 'full-tasks_CIL_all', 'model': 'ewc', 'arch': 'resnet1d', 'n_hiddens': 100, 'n_layers': 2, 'xav_init': False, 'debug': False, 'use_detector_arch': False, 'use_groupnorm': False, 'inner_steps': 2, 'n_epochs': 1, 'batch_size': 256, 'replay_batch_size': 128, 'memories': 5120, 'lr': 0.001, 'optimizer': 'sgd', 'prune_perc': 0.75, 'post_prune_epochs': 0, 'class_weighted_ce': True, 'cuda': True, 'amp': True, 'amp_dtype': 'bfloat16', 'cudnn_benchmark': True, 'seed': 55, 'log_every': 10, 'log_dir': 'logs//ewc/full-tasks_CIL_all-2026-05-30_11-59-16-8314/55', 'tf_dir': 'logs//ewc/full-tasks_CIL_all-2026-05-30_11-59-16-8314/55/tfdir', 'calc_test_accuracy': False, 'state_logging': True, 'data_path': 'data/rff/radar/full', 'task_order_files': 't2-rcn,t0-rcn,t2-uclresm-25noise,t0-deeprad,t1-deeprad,t1-uclresm-25noise,t3-deeprad,t0-uclresm-25noise,t1-rcn,t2-deeprad', 'loader': 'class_incremental_loader', 'samples_per_task': -1, 'task_order_seed': None, 'classes_per_it': 6, 'iterations': 5000, 'dataset': 'iq', 'workers': 0, 'validation': 0.5, 'data_scaling': 'normalize', 'use_iq_aug_features': False, 'iq_aug_feature_type': 'power', 'class_order': 'random', 'increment': 5, 'test_batch_size': 512, 'nc_per_task': None, 'nc_per_task_list': '', 'val_rate': 1000, 'opt_lr': 0.1, 'opt_wt': 0.1, 'alpha_init': 0.001, 'momentum': 0.0, 'learn_lr': False, 'sync_update': False, 'grad_clip_norm': 5.0, 'meta_batches': 3, 'use_old_task_memory': False, 'second_order': False, 'n_memories': 5120, 'memory_strength': 0, 'memory_loss_lambda': 1.0, 'steps_per_sample': 1, 'bgd_optimizer': 'sgd', 'optimizer_params': '{}', 'train_mc_iters': 5, 'std_init': 0.05, 'mean_eta': 1, 'fisher_gamma': 0.95, 'rln': 7, 'meta_lr': 0.001, 'update_lr': 0.1, 'ctx_lr': 0.05, 'n_meta': 1, 'temperature': 5.0, 'task_emb': 64, 'noise_label': 54, 'classes_per_task': [5, 6, 5, 6, 6, 5, 5, 5, 6, 5], 'get_samples_per_task': <bound method IncrementalLoader.get_samples_per_task of <dataloaders.class_incremental_loader.IncrementalLoader object at 0x7d3dd7e4df90>>, 'task_epoch_schedule': {}} # val: 0.140 0.004 -0.136 0.000 # sizes: model_gb=0.0289 mem_gb=0.0000 # 12408.633033275604
[STATE 2026-05-30 15:27:25] results.pt components (approx): state_dict 29.6 MB, result_val_t 0.1 KB, result_val_a 0.8 KB
[STATE 2026-05-30 15:27:25] Results saved; total runtime 3.45h
Total runtime: 3.45 hours
