[STATE 2026-05-31 00:51:41] Enabling terminal logging to logs//cmaml/full-tasks_CIL_all-2026-05-31_00-51-41-8891/55/terminal.log
New Experiment Starting...
Running model:  lamaml_cifar
[STATE 2026-05-31 00:51:41] Experiment 'full-tasks_CIL_all' starting with model 'lamaml_cifar' (seed 55)
Set seed 55
[STATE 2026-05-31 00:51:41] Runtime accel: cudnn.benchmark=False amp=True amp_dtype=bfloat16
t2-rcn.npz train: x=(50362, 1024), y=(50362, 2)
t2-rcn.npz test: x=(16787, 1024), y=(16787, 2)
t2-rcn.npz: applied data scaling mode 'normalize'.
Loaded t2-rcn.npz: Unique train labels: UniqueCountsResult(values=array([-1,  3,  5, 10, 12, 15]), counts=array([24209,  5770,  3030,  2320,  7509,  7524]))
Noise labels ratio in t2-rcn.npz train: 0.24, test: 0.24
Loaded t2-rcn.npz: Remapped labels: [-1  0  1  2  3  4]. Size: 50362)
t0-rcn.npz train: x=(51916, 1024), y=(51916, 2)
t0-rcn.npz test: x=(17305, 1024), y=(17305, 2)
t0-rcn.npz: applied data scaling mode 'normalize'.
Loaded t0-rcn.npz: Unique train labels: UniqueCountsResult(values=array([-1,  1,  8,  9, 11, 13, 14]), counts=array([24225,  4268,  2495,  2943,  3015,  7464,  7506]))
Noise labels ratio in t0-rcn.npz train: 0.23, test: 0.23
Loaded t0-rcn.npz: Remapped labels: [-1  5  6  7  8  9 10]. Size: 51916)
t2-uclresm-25noise.npz train: moved sample axis (3, 350028, 1024) -> (350028, 3, 1024)
t2-uclresm-25noise.npz test: moved sample axis (3, 233351, 1024) -> (233351, 3, 1024)
t2-uclresm-25noise.npz train: x=(350028, 3, 1024), y=(350028,)
t2-uclresm-25noise.npz test: x=(233351, 3, 1024), y=(233351,)
t2-uclresm-25noise.npz: applied data scaling mode 'normalize'.
Loaded t2-uclresm-25noise.npz: Unique train labels: UniqueCountsResult(values=array([-1,  0,  1,  2,  3,  4]), counts=array([87441, 27347, 71754, 64298, 36005, 63183]))
Noise labels ratio in t2-uclresm-25noise.npz train: 0.25, test: 0.25
Loaded t2-uclresm-25noise.npz: Remapped labels: [-1 11 12 13 14 15]. Size: 350028)
t0-deeprad.npz train: x=(24480, 1024), y=(24480, 2)
t0-deeprad.npz test: x=(8160, 1024), y=(8160, 2)
t0-deeprad.npz: applied data scaling mode 'normalize'.
Loaded t0-deeprad.npz: Unique train labels: UniqueCountsResult(values=array([-1,  0,  1,  2,  3,  4,  5]), counts=array([12240,  2029,  1983,  2043,  2154,  2015,  2016]))
Noise labels ratio in t0-deeprad.npz train: 0.25, test: 0.25
Loaded t0-deeprad.npz: Remapped labels: [-1 16 17 18 19 20 21]. Size: 24480)
t1-deeprad.npz train: x=(24480, 1024), y=(24480, 2)
t1-deeprad.npz test: x=(8160, 1024), y=(8160, 2)
t1-deeprad.npz: applied data scaling mode 'normalize'.
Loaded t1-deeprad.npz: Unique train labels: UniqueCountsResult(values=array([-1,  0,  1,  2,  3,  4,  5]), counts=array([12240,  1988,  2029,  2054,  1988,  2053,  2128]))
Noise labels ratio in t1-deeprad.npz train: 0.25, test: 0.25
Loaded t1-deeprad.npz: Remapped labels: [-1 22 23 24 25 26 27]. Size: 24480)
t1-uclresm-25noise.npz train: moved sample axis (3, 201410, 1024) -> (201410, 3, 1024)
t1-uclresm-25noise.npz test: moved sample axis (3, 116291, 1024) -> (116291, 3, 1024)
t1-uclresm-25noise.npz train: x=(201410, 3, 1024), y=(201410,)
t1-uclresm-25noise.npz test: x=(116291, 3, 1024), y=(116291,)
t1-uclresm-25noise.npz: applied data scaling mode 'normalize'.
Loaded t1-uclresm-25noise.npz: Unique train labels: UniqueCountsResult(values=array([-1,  0,  1,  2,  3,  4]), counts=array([43668, 18021, 17838, 18087, 31870, 71926]))
Noise labels ratio in t1-uclresm-25noise.npz train: 0.22, test: 0.25
Loaded t1-uclresm-25noise.npz: Remapped labels: [-1 28 29 30 31 32]. Size: 201410)
t3-deeprad.npz train: x=(17340, 1024), y=(17340, 2)
t3-deeprad.npz test: x=(6800, 1024), y=(6800, 2)
t3-deeprad.npz: applied data scaling mode 'normalize'.
Loaded t3-deeprad.npz: Unique train labels: UniqueCountsResult(values=array([-1,  0,  1,  2,  3,  4]), counts=array([8670, 1693, 1677, 1794, 1716, 1790]))
Noise labels ratio in t3-deeprad.npz train: 0.25, test: 0.25
Loaded t3-deeprad.npz: Remapped labels: [-1 33 34 35 36 37]. Size: 17340)
t0-uclresm-25noise.npz train: moved sample axis (3, 188050, 1024) -> (188050, 3, 1024)
t0-uclresm-25noise.npz test: moved sample axis (3, 107348, 1024) -> (107348, 3, 1024)
t0-uclresm-25noise.npz train: x=(188050, 3, 1024), y=(188050,)
t0-uclresm-25noise.npz test: x=(107348, 3, 1024), y=(107348,)
t0-uclresm-25noise.npz: applied data scaling mode 'normalize'.
Loaded t0-uclresm-25noise.npz: Unique train labels: UniqueCountsResult(values=array([-1,  0,  1,  2,  3,  4]), counts=array([40144, 32109, 17978, 17979, 18098, 61742]))
Noise labels ratio in t0-uclresm-25noise.npz train: 0.21, test: 0.25
Loaded t0-uclresm-25noise.npz: Remapped labels: [-1 38 39 40 41 42]. Size: 188050)
t1-rcn.npz train: x=(36658, 1024), y=(36658, 2)
t1-rcn.npz test: x=(12220, 1024), y=(12220, 2)
t1-rcn.npz: applied data scaling mode 'normalize'.
Loaded t1-rcn.npz: Unique train labels: UniqueCountsResult(values=array([-1,  0,  2,  4,  6,  7, 16]), counts=array([20595,   824,  2087,  2606,  2396,  1716,  6434]))
Noise labels ratio in t1-rcn.npz train: 0.28, test: 0.28
Loaded t1-rcn.npz: Remapped labels: [-1 43 44 45 46 47 48]. Size: 36658)
t2-deeprad.npz train: x=(17340, 1024), y=(17340, 2)
t2-deeprad.npz test: x=(6800, 1024), y=(6800, 2)
t2-deeprad.npz: applied data scaling mode 'normalize'.
Loaded t2-deeprad.npz: Unique train labels: UniqueCountsResult(values=array([-1,  0,  1,  2,  3,  4]), counts=array([8670, 1774, 1675, 1777, 1694, 1750]))
Noise labels ratio in t2-deeprad.npz train: 0.25, test: 0.25
Loaded t2-deeprad.npz: Remapped labels: [-1 49 50 51 52 53]. Size: 17340)
Built IQ classes_per_task (increments): [5, 6, 5, 6, 6, 5, 5, 5, 6, 5]
Classes per task: [5, 6, 5, 6, 6, 5, 5, 5, 6, 5]
[STATE 2026-05-31 00:52:49] Loader 'class_incremental_loader' ready: 1024 inputs, 55 outputs, 10 tasks
n_outputs: 55 	n_tasks: 10
[STATE 2026-05-31 00:52:49] Logging to logs//cmaml/full-tasks_CIL_all-2026-05-31_00-51-41-8891/55
True
Model device: cuda:0
[STATE 2026-05-31 00:52:50] Model initialized on device cuda:0
[STATE 2026-05-31 00:52:50] Invoking continual life experience flow
[STATE 2026-05-31 00:52:50] Life experience start: 10 tasks queued
[STATE 2026-05-31 00:52:50] Legacy epoch behavior enabled: using n_epochs=1 for all tasks
[STATE 2026-05-31 00:52:50] Task 0: zero-shot validation (pre-train)
---- Zero-shot (pre-train) task 0: rec_cls 0.1911 | prec_cls 0.1203 | f1_cls 0.0558 | det 0.5001 | pfa 0.9997 | total_f1 0.0558 ----
[STATE 2026-05-31 00:52:54] Starting task 0 (1/10)
[STATE 2026-05-31 00:52:54] Task 0 Epoch 1/1: entering train loop
[STATE 2026-05-31 01:00:16] Task 0 Epoch 1/1: running validation (end of epoch)
---- Eval at Epoch 0: cls [0.7650307972868884] | det_recall [0.8836496615091987] | det_fa [0.1060784042508083] ----
T0 Ep 1/1 | L 0.5357 | Train Acc 0.59 | Prec 0.73 | F1 0.65 | Det Rec 0.84 | Det FA 0.08 | Epoch Time 446.37s (Eval 4.49s, Train 441.88s)
[STATE 2026-05-31 01:00:21] T0 Ep 1/1 complete: Prec 0.7259 F1 0.6466 DetRec 0.8426 DetFA 0.0837 | 446.37s total (4.49s eval/441.88s train)
[STATE 2026-05-31 01:00:21] Task 0: running final validation.
Saved task checkpoint: logs//cmaml/full-tasks_CIL_all-2026-05-31_00-51-41-8891/55/checkpoints/task_0.pt
[STATE 2026-05-31 01:00:25] Saved task checkpoint to logs//cmaml/full-tasks_CIL_all-2026-05-31_00-51-41-8891/55/checkpoints/task_0.pt
[STATE 2026-05-31 01:00:25] Completed task 0 (1/10)
[STATE 2026-05-31 01:00:25] Task 1: zero-shot validation (pre-train)
---- Zero-shot (pre-train) task 1: rec_cls 0.3303 | prec_cls 0.2633 | f1_cls 0.2969 | det 0.7973 | pfa 0.1343 | total_f1 0.5503 ----
[STATE 2026-05-31 01:00:39] Starting task 1 (2/10)
[STATE 2026-05-31 01:00:39] Task 1 Epoch 1/1: entering train loop
[STATE 2026-05-31 01:08:20] Task 1 Epoch 1/1: running validation (end of epoch)
---- Eval at Epoch 0: cls [0.4703162743918152, 0.3548599923429689] | det_recall [0.789562583028785, 0.7636839343172852] | det_fa [0.003084775001684043, 0.3562680187868243] ----
T1 Ep 1/1 | L 0.5864 | Train Acc 0.55 | Prec 0.67 | F1 0.59 | Det Rec 0.86 | Det FA 0.12 | Epoch Time 474.83s (Eval 13.63s, Train 461.20s)
[STATE 2026-05-31 01:08:34] T1 Ep 1/1 complete: Prec 0.6706 F1 0.5889 DetRec 0.8641 DetFA 0.1241 | 474.83s total (13.63s eval/461.20s train)
[STATE 2026-05-31 01:08:34] Task 1: running final validation.
Saved task checkpoint: logs//cmaml/full-tasks_CIL_all-2026-05-31_00-51-41-8891/55/checkpoints/task_1.pt
[STATE 2026-05-31 01:08:47] Saved task checkpoint to logs//cmaml/full-tasks_CIL_all-2026-05-31_00-51-41-8891/55/checkpoints/task_1.pt
[STATE 2026-05-31 01:08:47] Completed task 1 (2/10)
Note: Unified mixed IQ test tensors to (N, 3, L) via ADC0 I/Q + zero-padded ADC1/2 (IID2-style) for cumulative CIL.
[STATE 2026-05-31 01:08:48] Task 2: zero-shot validation (pre-train)
---- Zero-shot (pre-train) task 2: rec_cls 0.0636 | prec_cls 0.0093 | f1_cls 0.0180 | det 0.4323 | pfa 0.8540 | total_f1 0.2920 ----
[STATE 2026-05-31 01:09:56] Starting task 2 (3/10)
[STATE 2026-05-31 01:09:56] Task 2 Epoch 1/1: entering train loop
[STATE 2026-05-31 02:02:16] Task 2 Epoch 1/1: running validation (end of epoch)
---- Eval at Epoch 0: cls [0.1483959443322887, 0.13112448550908787, 0.11395510944001062] | det_recall [0.5906688542756926, 0.6692099518633967, 0.6329455536043459] | det_fa [0.002565066587466636, 0.012499177929342402, 0.6366548386094644] ----
T2 Ep 1/1 | L 0.8144 | Train Acc 0.54 | Prec 0.66 | F1 0.58 | Det Rec 0.81 | Det FA 0.27 | Epoch Time 3207.91s (Eval 67.98s, Train 3139.93s)
[STATE 2026-05-31 02:03:24] T2 Ep 1/1 complete: Prec 0.6595 F1 0.5798 DetRec 0.8109 DetFA 0.2744 | 3207.91s total (67.98s eval/3139.93s train)
[STATE 2026-05-31 02:03:24] Task 2: running final validation.
Saved task checkpoint: logs//cmaml/full-tasks_CIL_all-2026-05-31_00-51-41-8891/55/checkpoints/task_2.pt
[STATE 2026-05-31 02:04:32] Saved task checkpoint to logs//cmaml/full-tasks_CIL_all-2026-05-31_00-51-41-8891/55/checkpoints/task_2.pt
[STATE 2026-05-31 02:04:32] Completed task 2 (3/10)
Note: Unified mixed IQ test tensors to (N, 3, L) via ADC0 I/Q + zero-padded ADC1/2 (IID2-style) for cumulative CIL.
[STATE 2026-05-31 02:04:33] Task 3: zero-shot validation (pre-train)
---- Zero-shot (pre-train) task 3: rec_cls 0.0805 | prec_cls 0.0814 | f1_cls 0.0844 | det 0.5986 | pfa 0.7158 | total_f1 0.1802 ----
[STATE 2026-05-31 02:06:38] Starting task 3 (4/10)
[STATE 2026-05-31 02:06:38] Task 3 Epoch 1/1: entering train loop
[STATE 2026-05-31 02:10:17] Task 3 Epoch 1/1: running validation (end of epoch)
---- Eval at Epoch 0: cls [0.2777081575643679, 0.17908050124516953, 0.09856804107931316, 0.123902764925732] | det_recall [0.6569209118563136, 0.6997901707479847, 0.5922637422354354, 0.584689541463624] | det_fa [0.03877484120642927, 0.08631953331684956, 0.48271234657871737, 0.619357758575851] ----
T3 Ep 1/1 | L 0.9457 | Train Acc 0.42 | Prec 0.43 | F1 0.46 | Det Rec 0.94 | Det FA 0.10 | Epoch Time 343.70s (Eval 124.29s, Train 219.41s)
[STATE 2026-05-31 02:12:21] T3 Ep 1/1 complete: Prec 0.4267 F1 0.4588 DetRec 0.9409 DetFA 0.0974 | 343.70s total (124.29s eval/219.41s train)
[STATE 2026-05-31 02:12:21] Task 3: running final validation.
Saved task checkpoint: logs//cmaml/full-tasks_CIL_all-2026-05-31_00-51-41-8891/55/checkpoints/task_3.pt
[STATE 2026-05-31 02:14:26] Saved task checkpoint to logs//cmaml/full-tasks_CIL_all-2026-05-31_00-51-41-8891/55/checkpoints/task_3.pt
[STATE 2026-05-31 02:14:26] Completed task 3 (4/10)
Note: Unified mixed IQ test tensors to (N, 3, L) via ADC0 I/Q + zero-padded ADC1/2 (IID2-style) for cumulative CIL.
[STATE 2026-05-31 02:14:27] Task 4: zero-shot validation (pre-train)
---- Zero-shot (pre-train) task 4: rec_cls 0.0968 | prec_cls 0.0803 | f1_cls 0.0422 | det 0.5657 | pfa 0.6431 | total_f1 0.1709 ----
[STATE 2026-05-31 02:17:30] Starting task 4 (5/10)
[STATE 2026-05-31 02:17:30] Task 4 Epoch 1/1: entering train loop
[STATE 2026-05-31 02:21:10] Task 4 Epoch 1/1: running validation (end of epoch)
---- Eval at Epoch 0: cls [0.10580540749821411, 0.06810950901780588, 0.06613817945443913, 0.07461015542563537, 0.06159076258147239] | det_recall [0.5549376012700485, 0.6106345564652108, 0.5222752139556187, 0.5028757194882, 0.5055492427194417] | det_fa [0.016328202481998157, 0.04576493476898961, 0.39320317495922924, 0.4289630389661283, 0.4978827523166562] ----
T4 Ep 1/1 | L 0.8653 | Train Acc 0.29 | Prec 0.24 | F1 0.32 | Det Rec 1.00 | Det FA 0.00 | Epoch Time 403.27s (Eval 183.13s, Train 220.14s)
[STATE 2026-05-31 02:24:13] T4 Ep 1/1 complete: Prec 0.2423 F1 0.3219 DetRec 0.9997 DetFA 0.0007 | 403.27s total (183.13s eval/220.14s train)
[STATE 2026-05-31 02:24:13] Task 4: running final validation.
Saved task checkpoint: logs//cmaml/full-tasks_CIL_all-2026-05-31_00-51-41-8891/55/checkpoints/task_4.pt
[STATE 2026-05-31 02:27:17] Saved task checkpoint to logs//cmaml/full-tasks_CIL_all-2026-05-31_00-51-41-8891/55/checkpoints/task_4.pt
[STATE 2026-05-31 02:27:17] Completed task 4 (5/10)
Note: Unified mixed IQ test tensors to (N, 3, L) via ADC0 I/Q + zero-padded ADC1/2 (IID2-style) for cumulative CIL.
[STATE 2026-05-31 02:27:18] Task 5: zero-shot validation (pre-train)
---- Zero-shot (pre-train) task 5: rec_cls 0.0488 | prec_cls 0.0523 | f1_cls 0.0280 | det 0.5348 | pfa 0.4744 | total_f1 0.0991 ----
[STATE 2026-05-31 02:31:47] Starting task 5 (6/10)
[STATE 2026-05-31 02:31:47] Task 5 Epoch 1/1: entering train loop
[STATE 2026-05-31 03:02:01] Task 5 Epoch 1/1: running validation (end of epoch)
---- Eval at Epoch 0: cls [0.07755247182810114, 0.07221848195970425, 0.08045088172071832, 0.0707944476710576, 0.05832132584685267, 0.09830979441584875] | det_recall [0.5513990203270522, 0.6173893165002945, 0.6101032455737315, 0.5764279765503406, 0.5552323029104511, 0.5799233486912065] | det_fa [0.008807199741933572, 0.026097476841628248, 0.45554477971504265, 0.5186023639544795, 0.5645283126051278, 0.8173703168974562] ----
T5 Ep 1/1 | L 0.5853 | Train Acc 0.69 | Prec 0.78 | F1 0.71 | Det Rec 0.85 | Det FA 0.27 | Epoch Time 2082.01s (Eval 268.08s, Train 1813.93s)
[STATE 2026-05-31 03:06:29] T5 Ep 1/1 complete: Prec 0.7790 F1 0.7114 DetRec 0.8504 DetFA 0.2680 | 2082.01s total (268.08s eval/1813.93s train)
[STATE 2026-05-31 03:06:29] Task 5: running final validation.
Saved task checkpoint: logs//cmaml/full-tasks_CIL_all-2026-05-31_00-51-41-8891/55/checkpoints/task_5.pt
[STATE 2026-05-31 03:10:57] Saved task checkpoint to logs//cmaml/full-tasks_CIL_all-2026-05-31_00-51-41-8891/55/checkpoints/task_5.pt
[STATE 2026-05-31 03:10:57] Completed task 5 (6/10)
Note: Unified mixed IQ test tensors to (N, 3, L) via ADC0 I/Q + zero-padded ADC1/2 (IID2-style) for cumulative CIL.
[STATE 2026-05-31 03:10:58] Task 6: zero-shot validation (pre-train)
---- Zero-shot (pre-train) task 6: rec_cls 0.0861 | prec_cls 0.0274 | f1_cls 0.0376 | det 0.5721 | pfa 0.8320 | total_f1 0.1009 ----
[STATE 2026-05-31 03:16:53] Starting task 6 (7/10)
[STATE 2026-05-31 03:16:53] Task 6 Epoch 1/1: entering train loop
[STATE 2026-05-31 03:19:28] Task 6 Epoch 1/1: running validation (end of epoch)
---- Eval at Epoch 0: cls [0.07616777754924958, 0.05353568376403147, 0.05986851340439035, 0.1179245250068263, 0.08694003089089507, 0.09115420647115613, 0.08527265820790209] | det_recall [0.5371946489745606, 0.593851202733865, 0.46489208849614094, 0.4501830370009542, 0.4361807729247144, 0.5778393066523415, 0.563027532395946] | det_fa [0.021656563744046946, 0.04375711596831653, 0.33189119932086664, 0.39005976552063115, 0.42735142541997573, 0.3904562497634344, 0.4223948245175615] ----
T6 Ep 1/1 | L 0.9383 | Train Acc 0.40 | Prec 0.40 | F1 0.46 | Det Rec 0.95 | Det FA 0.10 | Epoch Time 509.53s (Eval 354.44s, Train 155.09s)
[STATE 2026-05-31 03:25:23] T6 Ep 1/1 complete: Prec 0.4049 F1 0.4650 DetRec 0.9501 DetFA 0.0974 | 509.53s total (354.44s eval/155.09s train)
[STATE 2026-05-31 03:25:23] Task 6: running final validation.
Saved task checkpoint: logs//cmaml/full-tasks_CIL_all-2026-05-31_00-51-41-8891/55/checkpoints/task_6.pt
[STATE 2026-05-31 03:31:18] Saved task checkpoint to logs//cmaml/full-tasks_CIL_all-2026-05-31_00-51-41-8891/55/checkpoints/task_6.pt
[STATE 2026-05-31 03:31:18] Completed task 6 (7/10)
Note: Unified mixed IQ test tensors to (N, 3, L) via ADC0 I/Q + zero-padded ADC1/2 (IID2-style) for cumulative CIL.
[STATE 2026-05-31 03:31:19] Task 7: zero-shot validation (pre-train)
---- Zero-shot (pre-train) task 7: rec_cls 0.0785 | prec_cls 0.0419 | f1_cls 0.0497 | det 0.5902 | pfa 0.3794 | total_f1 0.0872 ----
[STATE 2026-05-31 03:39:05] Starting task 7 (8/10)
[STATE 2026-05-31 03:39:05] Task 7 Epoch 1/1: entering train loop
[STATE 2026-05-31 04:07:25] Task 7 Epoch 1/1: running validation (end of epoch)
---- Eval at Epoch 0: cls [0.10088976137427874, 0.07071586002971932, 0.06937282075207825, 0.07265987942873359, 0.055421432939064576, 0.09734754552931735, 0.09067027091373334, 0.08913666525152748] | det_recall [0.5674931795531096, 0.6188769368296615, 0.6010036461468738, 0.5713504513111305, 0.544098528609933, 0.6786385178810618, 0.6616021323586688, 0.592626053553678] | det_fa [0.0019966903137608903, 0.006984074022630946, 0.3611244872715657, 0.40324865347911515, 0.43483682285877123, 0.40113736971481817, 0.42562351732597753, 0.8022207491365508] ----
T7 Ep 1/1 | L 0.5553 | Train Acc 0.72 | Prec 0.76 | F1 0.72 | Det Rec 0.82 | Det FA 0.34 | Epoch Time 2165.72s (Eval 466.18s, Train 1699.54s)
[STATE 2026-05-31 04:15:11] T7 Ep 1/1 complete: Prec 0.7628 F1 0.7156 DetRec 0.8231 DetFA 0.3398 | 2165.72s total (466.18s eval/1699.54s train)
[STATE 2026-05-31 04:15:11] Task 7: running final validation.
Saved task checkpoint: logs//cmaml/full-tasks_CIL_all-2026-05-31_00-51-41-8891/55/checkpoints/task_7.pt
[STATE 2026-05-31 04:22:57] Saved task checkpoint to logs//cmaml/full-tasks_CIL_all-2026-05-31_00-51-41-8891/55/checkpoints/task_7.pt
[STATE 2026-05-31 04:22:57] Completed task 7 (8/10)
Note: Unified mixed IQ test tensors to (N, 3, L) via ADC0 I/Q + zero-padded ADC1/2 (IID2-style) for cumulative CIL.
[STATE 2026-05-31 04:22:58] Task 8: zero-shot validation (pre-train)
---- Zero-shot (pre-train) task 8: rec_cls 0.0779 | prec_cls 0.0202 | f1_cls 0.0287 | det 0.5771 | pfa 0.8338 | total_f1 0.0955 ----
[STATE 2026-05-31 04:32:39] Starting task 8 (9/10)
[STATE 2026-05-31 04:32:39] Task 8 Epoch 1/1: entering train loop
[STATE 2026-05-31 04:38:07] Task 8 Epoch 1/1: running validation (end of epoch)
---- Eval at Epoch 0: cls [0.10752469715172351, 0.11034451958948024, 0.07851251149127887, 0.05781607946468592, 0.04129648925255263, 0.0664776781985955, 0.05544931945067588, 0.05373903384561121, 0.0378716487235949] | det_recall [0.553071308482264, 0.6239153747665318, 0.4881979432806307, 0.46540120727051326, 0.4457251382742089, 0.5699574993839039, 0.5530542779731829, 0.6686627616330486, 0.6784279132466742] | det_fa [0.0, 0.0, 0.26040223988074723, 0.3027435268200676, 0.3353991481574898, 0.26943663992932926, 0.2969466262113946, 0.27648514154833914, 0.46661795575189186] ----
T8 Ep 1/1 | L 0.8333 | Train Acc 0.43 | Prec 0.49 | F1 0.41 | Det Rec 0.74 | Det FA 0.39 | Epoch Time 908.51s (Eval 580.28s, Train 328.24s)
[STATE 2026-05-31 04:47:47] T8 Ep 1/1 complete: Prec 0.4850 F1 0.4116 DetRec 0.7435 DetFA 0.3858 | 908.51s total (580.28s eval/328.24s train)
[STATE 2026-05-31 04:47:47] Task 8: running final validation.
Saved task checkpoint: logs//cmaml/full-tasks_CIL_all-2026-05-31_00-51-41-8891/55/checkpoints/task_8.pt
[STATE 2026-05-31 04:57:28] Saved task checkpoint to logs//cmaml/full-tasks_CIL_all-2026-05-31_00-51-41-8891/55/checkpoints/task_8.pt
[STATE 2026-05-31 04:57:28] Completed task 8 (9/10)
Note: Unified mixed IQ test tensors to (N, 3, L) via ADC0 I/Q + zero-padded ADC1/2 (IID2-style) for cumulative CIL.
[STATE 2026-05-31 04:57:29] Task 9: zero-shot validation (pre-train)
/home/lunet/wsmr11/repos/La-MAML/la-maml_env/lib/python3.10/site-packages/sklearn/metrics/_classification.py:98: UserWarning: The number of unique classes is greater than 50% of the number of samples. `y` could represent a regression problem, not a classification problem.
  type_true = type_of_target(y_true, input_name="y_true")
/home/lunet/wsmr11/repos/La-MAML/la-maml_env/lib/python3.10/site-packages/sklearn/utils/multiclass.py:79: UserWarning: The number of unique classes is greater than 50% of the number of samples. `y` could represent a regression problem, not a classification problem.
  ys_types = set(type_of_target(x) for x in ys)
/home/lunet/wsmr11/repos/La-MAML/la-maml_env/lib/python3.10/site-packages/sklearn/metrics/_classification.py:98: UserWarning: The number of unique classes is greater than 50% of the number of samples. `y` could represent a regression problem, not a classification problem.
  type_true = type_of_target(y_true, input_name="y_true")
/home/lunet/wsmr11/repos/La-MAML/la-maml_env/lib/python3.10/site-packages/sklearn/utils/multiclass.py:79: UserWarning: The number of unique classes is greater than 50% of the number of samples. `y` could represent a regression problem, not a classification problem.
  ys_types = set(type_of_target(x) for x in ys)
---- Zero-shot (pre-train) task 9: rec_cls 0.0335 | prec_cls 0.0405 | f1_cls 0.0334 | det 0.6648 | pfa 0.4929 | total_f1 0.0852 ----
[STATE 2026-05-31 05:09:06] Starting task 9 (10/10)
[STATE 2026-05-31 05:09:06] Task 9 Epoch 1/1: entering train loop
[STATE 2026-05-31 05:11:41] Task 9 Epoch 1/1: running validation (end of epoch)
/home/lunet/wsmr11/repos/La-MAML/la-maml_env/lib/python3.10/site-packages/sklearn/metrics/_classification.py:98: UserWarning: The number of unique classes is greater than 50% of the number of samples. `y` could represent a regression problem, not a classification problem.
  type_true = type_of_target(y_true, input_name="y_true")
/home/lunet/wsmr11/repos/La-MAML/la-maml_env/lib/python3.10/site-packages/sklearn/utils/multiclass.py:79: UserWarning: The number of unique classes is greater than 50% of the number of samples. `y` could represent a regression problem, not a classification problem.
  ys_types = set(type_of_target(x) for x in ys)
/home/lunet/wsmr11/repos/La-MAML/la-maml_env/lib/python3.10/site-packages/sklearn/metrics/_classification.py:98: UserWarning: The number of unique classes is greater than 50% of the number of samples. `y` could represent a regression problem, not a classification problem.
  type_true = type_of_target(y_true, input_name="y_true")
/home/lunet/wsmr11/repos/La-MAML/la-maml_env/lib/python3.10/site-packages/sklearn/utils/multiclass.py:79: UserWarning: The number of unique classes is greater than 50% of the number of samples. `y` could represent a regression problem, not a classification problem.
  ys_types = set(type_of_target(x) for x in ys)
---- Eval at Epoch 0: cls [0.10387796028138112, 0.08756164341057353, 0.07684972441410493, 0.10427670824648691, 0.06979459439421348, 0.08256969421990425, 0.07619508536870609, 0.06221248052919736, 0.050930490911235055, 0.05680847411381314] | det_recall [0.5463728875761896, 0.5980171693684266, 0.4803404447909767, 0.4636384466075237, 0.44768762651989336, 0.5642124126007523, 0.5495936031223971, 0.6610580156906031, 0.6381166664476804, 0.6283339851322236] | det_fa [0.0053114695448994486, 0.02868625490058478, 0.2720218758979341, 0.3644458141359539, 0.4129608164619359, 0.32906583838337594, 0.3577595953957748, 0.36087717809225517, 0.40439354474198796, 0.43540980446286814] ----
T9 Ep 1/1 | L 0.8578 | Train Acc 0.33 | Prec 0.29 | F1 0.39 | Det Rec 1.00 | Det FA 0.00 | Epoch Time 851.79s (Eval 696.20s, Train 155.60s)
[STATE 2026-05-31 05:23:18] T9 Ep 1/1 complete: Prec 0.2941 F1 0.3896 DetRec 0.9972 DetFA 0.0004 | 851.79s total (696.20s eval/155.60s train)
[STATE 2026-05-31 05:23:18] Task 9: running final validation.
Saved task checkpoint: logs//cmaml/full-tasks_CIL_all-2026-05-31_00-51-41-8891/55/checkpoints/task_9.pt
[STATE 2026-05-31 05:34:54] Saved task checkpoint to logs//cmaml/full-tasks_CIL_all-2026-05-31_00-51-41-8891/55/checkpoints/task_9.pt
[STATE 2026-05-31 05:34:54] Completed task 9 (10/10)
####Final Validation Accuracy####
Final Results:- 
 Total Recall: 0.07677599078463908 
 Individual Recall: [0.10566256447271002, 0.08534217594359893, 0.07588138788066123, 0.1041791042145651, 0.0696086679405143, 0.0845369540436632, 0.07433533485907415, 0.06192976595790702, 0.050615432513882924, 0.05566852001981391]
Final Detection Results:- 
 Total Detection: 0.5575490164229941 
 Individual Detection: [0.5456441230651896, 0.5993945779774837, 0.48093417181257925, 0.46264426361819105, 0.44728099952083733, 0.5645897315929056, 0.5489954916989542, 0.6609493300723477, 0.6380141051492971, 0.6270433697221569]
Final Detection False Alarm:- 
 Total False Alarm: 0.29697636480535505 
 Individual False Alarm: [0.004844251882955552, 0.026518585115349817, 0.2707217228878857, 0.3656707596253194, 0.41313842831421227, 0.3289520551298294, 0.35819456657688553, 0.3607735600482535, 0.40459380700539027, 0.43635591146746916]
SUMMARY_TR cls_rec=0.3312 cls_prec=0.2941 cls_f1=0.3896 det=0.5577 fa=0.2971
SUMMARY_TE cls_rec=0.0768 cls_prec=0.1622 cls_f1=0.0833 det=0.5575 fa=0.2970
[STATE 2026-05-31 05:34:54] Saving results to logs//cmaml/full-tasks_CIL_all-2026-05-31_00-51-41-8891/55/results
Model size: 0.0289 GB
Memory buffer size: 0.0000 GB
logs//cmaml/full-tasks_CIL_all-2026-05-31_00-51-41-8891/55/results: {'expt_name': 'full-tasks_CIL_all', 'model': 'lamaml_cifar', 'arch': 'resnet1d', 'n_hiddens': 100, 'n_layers': 2, 'xav_init': False, 'debug': False, 'use_detector_arch': False, 'use_groupnorm': False, 'inner_steps': 2, 'n_epochs': 1, 'batch_size': 256, 'replay_batch_size': 128, 'memories': 5120, 'lr': 0.001, 'optimizer': 'sgd', 'prune_perc': 0.75, 'post_prune_epochs': 0, 'class_weighted_ce': True, 'cuda': True, 'amp': True, 'amp_dtype': 'bfloat16', 'cudnn_benchmark': True, 'seed': 55, 'log_every': 10, 'log_dir': 'logs//cmaml/full-tasks_CIL_all-2026-05-31_00-51-41-8891/55', 'tf_dir': 'logs//cmaml/full-tasks_CIL_all-2026-05-31_00-51-41-8891/55/tfdir', 'calc_test_accuracy': False, 'state_logging': True, 'data_path': 'data/rff/radar/full', 'task_order_files': 't2-rcn,t0-rcn,t2-uclresm-25noise,t0-deeprad,t1-deeprad,t1-uclresm-25noise,t3-deeprad,t0-uclresm-25noise,t1-rcn,t2-deeprad', 'loader': 'class_incremental_loader', 'samples_per_task': -1, 'task_order_seed': None, 'classes_per_it': 6, 'iterations': 5000, 'dataset': 'iq', 'workers': 0, 'validation': 0.5, 'data_scaling': 'normalize', 'use_iq_aug_features': False, 'iq_aug_feature_type': 'power', 'class_order': 'random', 'increment': 5, 'test_batch_size': 512, 'nc_per_task': None, 'nc_per_task_list': '', 'val_rate': 1000, 'opt_lr': 0.1, 'opt_wt': 0.01, 'alpha_init': 0.003, 'momentum': 0.0, 'learn_lr': False, 'sync_update': True, 'grad_clip_norm': 5.0, 'meta_batches': 3, 'use_old_task_memory': False, 'second_order': True, 'n_memories': 5120, 'memory_strength': 0, 'memory_loss_lambda': 1.0, 'steps_per_sample': 1, 'bgd_optimizer': 'sgd', 'optimizer_params': '{}', 'train_mc_iters': 5, 'std_init': 0.05, 'mean_eta': 1, 'fisher_gamma': 0.95, 'rln': 7, 'meta_lr': 0.001, 'update_lr': 0.1, 'ctx_lr': 0.05, 'n_meta': 1, 'temperature': 5.0, 'task_emb': 64, 'noise_label': 54, 'classes_per_task': [5, 6, 5, 6, 6, 5, 5, 5, 6, 5], 'get_samples_per_task': <bound method IncrementalLoader.get_samples_per_task of <dataloaders.class_incremental_loader.IncrementalLoader object at 0x70e25c93e140>>, 'task_epoch_schedule': {}} # val: 0.179 0.077 -0.102 0.000 # sizes: model_gb=0.0289 mem_gb=0.0000 # 16924.745668172836
[STATE 2026-05-31 05:34:55] results.pt components (approx): state_dict 29.6 MB, result_val_t 0.1 KB, result_val_a 0.8 KB
[STATE 2026-05-31 05:34:55] Results saved; total runtime 4.70h
Total runtime: 4.70 hours
