[STATE 2026-05-30 11:59:16] Enabling terminal logging to logs//lamaml/full-tasks_CIL_all-2026-05-30_11-59-16-8319/55/terminal.log
New Experiment Starting...
Running model:  lamaml_cifar
[STATE 2026-05-30 11:59:16] Experiment 'full-tasks_CIL_all' starting with model 'lamaml_cifar' (seed 55)
Set seed 55
[STATE 2026-05-30 11:59:16] Runtime accel: cudnn.benchmark=False amp=True amp_dtype=bfloat16
t2-rcn.npz train: x=(50362, 1024), y=(50362, 2)
t2-rcn.npz test: x=(16787, 1024), y=(16787, 2)
t2-rcn.npz: applied data scaling mode 'normalize'.
Loaded t2-rcn.npz: Unique train labels: UniqueCountsResult(values=array([-1,  3,  5, 10, 12, 15]), counts=array([24209,  5770,  3030,  2320,  7509,  7524]))
Noise labels ratio in t2-rcn.npz train: 0.24, test: 0.24
Loaded t2-rcn.npz: Remapped labels: [-1  0  1  2  3  4]. Size: 50362)
t0-rcn.npz train: x=(51916, 1024), y=(51916, 2)
t0-rcn.npz test: x=(17305, 1024), y=(17305, 2)
t0-rcn.npz: applied data scaling mode 'normalize'.
Loaded t0-rcn.npz: Unique train labels: UniqueCountsResult(values=array([-1,  1,  8,  9, 11, 13, 14]), counts=array([24225,  4268,  2495,  2943,  3015,  7464,  7506]))
Noise labels ratio in t0-rcn.npz train: 0.23, test: 0.23
Loaded t0-rcn.npz: Remapped labels: [-1  5  6  7  8  9 10]. Size: 51916)
t2-uclresm-25noise.npz train: moved sample axis (3, 350028, 1024) -> (350028, 3, 1024)
t2-uclresm-25noise.npz test: moved sample axis (3, 233351, 1024) -> (233351, 3, 1024)
t2-uclresm-25noise.npz train: x=(350028, 3, 1024), y=(350028,)
t2-uclresm-25noise.npz test: x=(233351, 3, 1024), y=(233351,)
t2-uclresm-25noise.npz: applied data scaling mode 'normalize'.
Loaded t2-uclresm-25noise.npz: Unique train labels: UniqueCountsResult(values=array([-1,  0,  1,  2,  3,  4]), counts=array([87441, 27347, 71754, 64298, 36005, 63183]))
Noise labels ratio in t2-uclresm-25noise.npz train: 0.25, test: 0.25
Loaded t2-uclresm-25noise.npz: Remapped labels: [-1 11 12 13 14 15]. Size: 350028)
t0-deeprad.npz train: x=(24480, 1024), y=(24480, 2)
t0-deeprad.npz test: x=(8160, 1024), y=(8160, 2)
t0-deeprad.npz: applied data scaling mode 'normalize'.
Loaded t0-deeprad.npz: Unique train labels: UniqueCountsResult(values=array([-1,  0,  1,  2,  3,  4,  5]), counts=array([12240,  2029,  1983,  2043,  2154,  2015,  2016]))
Noise labels ratio in t0-deeprad.npz train: 0.25, test: 0.25
Loaded t0-deeprad.npz: Remapped labels: [-1 16 17 18 19 20 21]. Size: 24480)
t1-deeprad.npz train: x=(24480, 1024), y=(24480, 2)
t1-deeprad.npz test: x=(8160, 1024), y=(8160, 2)
t1-deeprad.npz: applied data scaling mode 'normalize'.
Loaded t1-deeprad.npz: Unique train labels: UniqueCountsResult(values=array([-1,  0,  1,  2,  3,  4,  5]), counts=array([12240,  1988,  2029,  2054,  1988,  2053,  2128]))
Noise labels ratio in t1-deeprad.npz train: 0.25, test: 0.25
Loaded t1-deeprad.npz: Remapped labels: [-1 22 23 24 25 26 27]. Size: 24480)
t1-uclresm-25noise.npz train: moved sample axis (3, 201410, 1024) -> (201410, 3, 1024)
t1-uclresm-25noise.npz test: moved sample axis (3, 116291, 1024) -> (116291, 3, 1024)
t1-uclresm-25noise.npz train: x=(201410, 3, 1024), y=(201410,)
t1-uclresm-25noise.npz test: x=(116291, 3, 1024), y=(116291,)
t1-uclresm-25noise.npz: applied data scaling mode 'normalize'.
Loaded t1-uclresm-25noise.npz: Unique train labels: UniqueCountsResult(values=array([-1,  0,  1,  2,  3,  4]), counts=array([43668, 18021, 17838, 18087, 31870, 71926]))
Noise labels ratio in t1-uclresm-25noise.npz train: 0.22, test: 0.25
Loaded t1-uclresm-25noise.npz: Remapped labels: [-1 28 29 30 31 32]. Size: 201410)
t3-deeprad.npz train: x=(17340, 1024), y=(17340, 2)
t3-deeprad.npz test: x=(6800, 1024), y=(6800, 2)
t3-deeprad.npz: applied data scaling mode 'normalize'.
Loaded t3-deeprad.npz: Unique train labels: UniqueCountsResult(values=array([-1,  0,  1,  2,  3,  4]), counts=array([8670, 1693, 1677, 1794, 1716, 1790]))
Noise labels ratio in t3-deeprad.npz train: 0.25, test: 0.25
Loaded t3-deeprad.npz: Remapped labels: [-1 33 34 35 36 37]. Size: 17340)
t0-uclresm-25noise.npz train: moved sample axis (3, 188050, 1024) -> (188050, 3, 1024)
t0-uclresm-25noise.npz test: moved sample axis (3, 107348, 1024) -> (107348, 3, 1024)
t0-uclresm-25noise.npz train: x=(188050, 3, 1024), y=(188050,)
t0-uclresm-25noise.npz test: x=(107348, 3, 1024), y=(107348,)
t0-uclresm-25noise.npz: applied data scaling mode 'normalize'.
Loaded t0-uclresm-25noise.npz: Unique train labels: UniqueCountsResult(values=array([-1,  0,  1,  2,  3,  4]), counts=array([40144, 32109, 17978, 17979, 18098, 61742]))
Noise labels ratio in t0-uclresm-25noise.npz train: 0.21, test: 0.25
Loaded t0-uclresm-25noise.npz: Remapped labels: [-1 38 39 40 41 42]. Size: 188050)
t1-rcn.npz train: x=(36658, 1024), y=(36658, 2)
t1-rcn.npz test: x=(12220, 1024), y=(12220, 2)
t1-rcn.npz: applied data scaling mode 'normalize'.
Loaded t1-rcn.npz: Unique train labels: UniqueCountsResult(values=array([-1,  0,  2,  4,  6,  7, 16]), counts=array([20595,   824,  2087,  2606,  2396,  1716,  6434]))
Noise labels ratio in t1-rcn.npz train: 0.28, test: 0.28
Loaded t1-rcn.npz: Remapped labels: [-1 43 44 45 46 47 48]. Size: 36658)
t2-deeprad.npz train: x=(17340, 1024), y=(17340, 2)
t2-deeprad.npz test: x=(6800, 1024), y=(6800, 2)
t2-deeprad.npz: applied data scaling mode 'normalize'.
Loaded t2-deeprad.npz: Unique train labels: UniqueCountsResult(values=array([-1,  0,  1,  2,  3,  4]), counts=array([8670, 1774, 1675, 1777, 1694, 1750]))
Noise labels ratio in t2-deeprad.npz train: 0.25, test: 0.25
Loaded t2-deeprad.npz: Remapped labels: [-1 49 50 51 52 53]. Size: 17340)
Built IQ classes_per_task (increments): [5, 6, 5, 6, 6, 5, 5, 5, 6, 5]
Classes per task: [5, 6, 5, 6, 6, 5, 5, 5, 6, 5]
[STATE 2026-05-30 12:00:36] Loader 'class_incremental_loader' ready: 1024 inputs, 55 outputs, 10 tasks
n_outputs: 55 	n_tasks: 10
[STATE 2026-05-30 12:00:36] Logging to logs//lamaml/full-tasks_CIL_all-2026-05-30_11-59-16-8319/55
True
Model device: cuda:0
[STATE 2026-05-30 12:00:36] Model initialized on device cuda:0
[STATE 2026-05-30 12:00:36] Invoking continual life experience flow
[STATE 2026-05-30 12:00:36] Life experience start: 10 tasks queued
[STATE 2026-05-30 12:00:36] Legacy epoch behavior enabled: using n_epochs=1 for all tasks
[STATE 2026-05-30 12:00:36] Task 0: zero-shot validation (pre-train)
---- Zero-shot (pre-train) task 0: rec_cls 0.1911 | prec_cls 0.1203 | f1_cls 0.0558 | det 0.5001 | pfa 0.9997 | total_f1 0.0558 ----
[STATE 2026-05-30 12:00:44] Starting task 0 (1/10)
[STATE 2026-05-30 12:00:44] Task 0 Epoch 1/1: entering train loop
[STATE 2026-05-30 12:20:01] Task 0 Epoch 1/1: running validation (end of epoch)
---- Eval at Epoch 0: cls [0.8020400719460811] | det_recall [0.8832475937148663] | det_fa [0.14355171244744439] ----
T0 Ep 1/1 | L 0.5160 | Train Acc 0.59 | Prec 0.72 | F1 0.64 | Det Rec 0.84 | Det FA 0.09 | Epoch Time 1164.88s (Eval 8.32s, Train 1156.56s)
[STATE 2026-05-30 12:20:09] T0 Ep 1/1 complete: Prec 0.7152 F1 0.6433 DetRec 0.8440 DetFA 0.0895 | 1164.88s total (8.32s eval/1156.56s train)
[STATE 2026-05-30 12:20:09] Task 0: running final validation.
Saved task checkpoint: logs//lamaml/full-tasks_CIL_all-2026-05-30_11-59-16-8319/55/checkpoints/task_0.pt
[STATE 2026-05-30 12:20:18] Saved task checkpoint to logs//lamaml/full-tasks_CIL_all-2026-05-30_11-59-16-8319/55/checkpoints/task_0.pt
[STATE 2026-05-30 12:20:18] Completed task 0 (1/10)
[STATE 2026-05-30 12:20:18] Task 1: zero-shot validation (pre-train)
---- Zero-shot (pre-train) task 1: rec_cls 0.3497 | prec_cls 0.2703 | f1_cls 0.3011 | det 0.7982 | pfa 0.1952 | total_f1 0.5571 ----
[STATE 2026-05-30 12:20:43] Starting task 1 (2/10)
[STATE 2026-05-30 12:20:43] Task 1 Epoch 1/1: entering train loop
[STATE 2026-05-30 12:49:19] Task 1 Epoch 1/1: running validation (end of epoch)
---- Eval at Epoch 0: cls [0.4254787674583264, 0.3450606172846849] | det_recall [0.7611537467418622, 0.6975957887626446] | det_fa [0.0003656422065551029, 0.37311711965003397] ----
T1 Ep 1/1 | L 0.5630 | Train Acc 0.55 | Prec 0.67 | F1 0.57 | Det Rec 0.85 | Det FA 0.16 | Epoch Time 1733.10s (Eval 16.90s, Train 1716.21s)
[STATE 2026-05-30 12:49:36] T1 Ep 1/1 complete: Prec 0.6691 F1 0.5728 DetRec 0.8491 DetFA 0.1614 | 1733.10s total (16.90s eval/1716.21s train)
[STATE 2026-05-30 12:49:36] Task 1: running final validation.
Saved task checkpoint: logs//lamaml/full-tasks_CIL_all-2026-05-30_11-59-16-8319/55/checkpoints/task_1.pt
[STATE 2026-05-30 12:49:53] Saved task checkpoint to logs//lamaml/full-tasks_CIL_all-2026-05-30_11-59-16-8319/55/checkpoints/task_1.pt
[STATE 2026-05-30 12:49:53] Completed task 1 (2/10)
Note: Unified mixed IQ test tensors to (N, 3, L) via ADC0 I/Q + zero-padded ADC1/2 (IID2-style) for cumulative CIL.
[STATE 2026-05-30 12:49:54] Task 2: zero-shot validation (pre-train)
---- Zero-shot (pre-train) task 2: rec_cls 0.0560 | prec_cls 0.0088 | f1_cls 0.0213 | det 0.4414 | pfa 0.7688 | total_f1 0.2844 ----
[STATE 2026-05-30 12:51:17] Starting task 2 (3/10)
[STATE 2026-05-30 12:51:17] Task 2 Epoch 1/1: entering train loop
[STATE 2026-05-30 16:09:01] Task 2 Epoch 1/1: running validation (end of epoch)
---- Eval at Epoch 0: cls [0.18227021157564888, 0.11991171213272418, 0.10783956623733153] | det_recall [0.6089700092955792, 0.6672235573746831, 0.6739951921011161] | det_fa [0.013389829692063914, 0.05533666061904081, 0.5805321856172717] ----
T2 Ep 1/1 | L 0.7598 | Train Acc 0.56 | Prec 0.62 | F1 0.57 | Det Rec 0.80 | Det FA 0.31 | Epoch Time 11992.95s (Eval 128.85s, Train 11864.11s)
[STATE 2026-05-30 16:11:10] T2 Ep 1/1 complete: Prec 0.6237 F1 0.5695 DetRec 0.7967 DetFA 0.3110 | 11992.95s total (128.85s eval/11864.11s train)
[STATE 2026-05-30 16:11:10] Task 2: running final validation.
Saved task checkpoint: logs//lamaml/full-tasks_CIL_all-2026-05-30_11-59-16-8319/55/checkpoints/task_2.pt
[STATE 2026-05-30 16:13:18] Saved task checkpoint to logs//lamaml/full-tasks_CIL_all-2026-05-30_11-59-16-8319/55/checkpoints/task_2.pt
[STATE 2026-05-30 16:13:18] Completed task 2 (3/10)
Note: Unified mixed IQ test tensors to (N, 3, L) via ADC0 I/Q + zero-padded ADC1/2 (IID2-style) for cumulative CIL.
[STATE 2026-05-30 16:13:19] Task 3: zero-shot validation (pre-train)
---- Zero-shot (pre-train) task 3: rec_cls 0.0746 | prec_cls 0.0740 | f1_cls 0.0845 | det 0.6574 | pfa 0.6082 | total_f1 0.1848 ----
[STATE 2026-05-30 16:17:14] Starting task 3 (4/10)
[STATE 2026-05-30 16:17:14] Task 3 Epoch 1/1: entering train loop
[STATE 2026-05-30 16:36:08] Task 3 Epoch 1/1: running validation (end of epoch)
---- Eval at Epoch 0: cls [0.10051318040929906, 0.09847280338029572, 0.05444480555554666, 0.08799487313470541] | det_recall [0.5668524462746253, 0.6398112912475342, 0.5181505325570314, 0.6090875910511515] | det_fa [0.035418534727738656, 0.07383318741575805, 0.47854606264250843, 0.6133921077551984] ----
T3 Ep 1/1 | L 0.9980 | Train Acc 0.42 | Prec 0.38 | F1 0.43 | Det Rec 0.96 | Det FA 0.07 | Epoch Time 1370.69s (Eval 236.79s, Train 1133.90s)
[STATE 2026-05-30 16:40:05] T3 Ep 1/1 complete: Prec 0.3767 F1 0.4340 DetRec 0.9621 DetFA 0.0729 | 1370.69s total (236.79s eval/1133.90s train)
[STATE 2026-05-30 16:40:05] Task 3: running final validation.
Saved task checkpoint: logs//lamaml/full-tasks_CIL_all-2026-05-30_11-59-16-8319/55/checkpoints/task_3.pt
[STATE 2026-05-30 16:44:02] Saved task checkpoint to logs//lamaml/full-tasks_CIL_all-2026-05-30_11-59-16-8319/55/checkpoints/task_3.pt
[STATE 2026-05-30 16:44:02] Completed task 3 (4/10)
Note: Unified mixed IQ test tensors to (N, 3, L) via ADC0 I/Q + zero-padded ADC1/2 (IID2-style) for cumulative CIL.
[STATE 2026-05-30 16:44:03] Task 4: zero-shot validation (pre-train)
---- Zero-shot (pre-train) task 4: rec_cls 0.0740 | prec_cls 0.0192 | f1_cls 0.0255 | det 0.5809 | pfa 0.6477 | total_f1 0.0983 ----
[STATE 2026-05-30 16:49:50] Starting task 4 (5/10)
[STATE 2026-05-30 16:49:50] Task 4 Epoch 1/1: entering train loop
[STATE 2026-05-30 17:05:33] Task 4 Epoch 1/1: running validation (end of epoch)
---- Eval at Epoch 0: cls [0.03822384685319766, 0.059526953201718864, 0.05299860024450484, 0.07778694750842712, 0.05998836229765332] | det_recall [0.5240957111886662, 0.5986494773319974, 0.5500752871463056, 0.5335845441805199, 0.5217764163047229] | det_fa [0.0, 0.0009515879255918844, 0.361691579902905, 0.4769389379307041, 0.5400223668271781] ----
T4 Ep 1/1 | L 0.8537 | Train Acc 0.32 | Prec 0.26 | F1 0.34 | Det Rec 1.00 | Det FA 0.00 | Epoch Time 1289.69s (Eval 347.26s, Train 942.43s)
[STATE 2026-05-30 17:11:20] T4 Ep 1/1 complete: Prec 0.2565 F1 0.3443 DetRec 0.9993 DetFA 0.0014 | 1289.69s total (347.26s eval/942.43s train)
[STATE 2026-05-30 17:11:20] Task 4: running final validation.
Saved task checkpoint: logs//lamaml/full-tasks_CIL_all-2026-05-30_11-59-16-8319/55/checkpoints/task_4.pt
[STATE 2026-05-30 17:17:07] Saved task checkpoint to logs//lamaml/full-tasks_CIL_all-2026-05-30_11-59-16-8319/55/checkpoints/task_4.pt
[STATE 2026-05-30 17:17:07] Completed task 4 (5/10)
Note: Unified mixed IQ test tensors to (N, 3, L) via ADC0 I/Q + zero-padded ADC1/2 (IID2-style) for cumulative CIL.
[STATE 2026-05-30 17:17:08] Task 5: zero-shot validation (pre-train)
---- Zero-shot (pre-train) task 5: rec_cls 0.0533 | prec_cls 0.0651 | f1_cls 0.0360 | det 0.5211 | pfa 0.5852 | total_f1 0.0848 ----
[STATE 2026-05-30 17:25:35] Starting task 5 (6/10)
[STATE 2026-05-30 17:25:35] Task 5 Epoch 1/1: entering train loop
[STATE 2026-05-30 19:36:12] Task 5 Epoch 1/1: running validation (end of epoch)
---- Eval at Epoch 0: cls [0.11006267105235135, 0.08013196504967823, 0.08962912967017007, 0.06492484475258903, 0.05437651075708968, 0.09223908976829766] | det_recall [0.5867359968351776, 0.6329684895134627, 0.6563692725688733, 0.6342804206873338, 0.6172100869751803, 0.5794270349594401] | det_fa [0.0004910593675251364, 0.0050805831046643055, 0.47193243780334415, 0.5193232813684105, 0.5580180976572466, 0.8329359827124688] ----
T5 Ep 1/1 | L 0.5816 | Train Acc 0.68 | Prec 0.71 | F1 0.66 | Det Rec 0.80 | Det FA 0.36 | Epoch Time 8311.60s (Eval 474.59s, Train 7837.01s)
[STATE 2026-05-30 19:44:06] T5 Ep 1/1 complete: Prec 0.7142 F1 0.6552 DetRec 0.8011 DetFA 0.3641 | 8311.60s total (474.59s eval/7837.01s train)
[STATE 2026-05-30 19:44:06] Task 5: running final validation.
Saved task checkpoint: logs//lamaml/full-tasks_CIL_all-2026-05-30_11-59-16-8319/55/checkpoints/task_5.pt
[STATE 2026-05-30 19:52:04] Saved task checkpoint to logs//lamaml/full-tasks_CIL_all-2026-05-30_11-59-16-8319/55/checkpoints/task_5.pt
[STATE 2026-05-30 19:52:04] Completed task 5 (6/10)
Note: Unified mixed IQ test tensors to (N, 3, L) via ADC0 I/Q + zero-padded ADC1/2 (IID2-style) for cumulative CIL.
[STATE 2026-05-30 19:52:05] Task 6: zero-shot validation (pre-train)
---- Zero-shot (pre-train) task 6: rec_cls 0.0817 | prec_cls 0.0288 | f1_cls 0.0407 | det 0.5745 | pfa 0.8422 | total_f1 0.1060 ----
[STATE 2026-05-30 20:03:01] Starting task 6 (7/10)
[STATE 2026-05-30 20:03:01] Task 6 Epoch 1/1: entering train loop
[STATE 2026-05-30 20:14:15] Task 6 Epoch 1/1: running validation (end of epoch)
---- Eval at Epoch 0: cls [0.1405692550701079, 0.06091185116820028, 0.06348298492462989, 0.05861572311900583, 0.04579526443021654, 0.07484959362835272, 0.090200107676511] | det_recall [0.5941471311760432, 0.6173990111988952, 0.5916748000395163, 0.5810710262246518, 0.5805782129702138, 0.6780772932845982, 0.6601764658749287] | det_fa [0.013807541937097953, 0.025938276402948893, 0.30512848571511925, 0.3557869845962919, 0.3704677458114781, 0.4848267537444466, 0.5624659497772173] ----
T6 Ep 1/1 | L 0.8300 | Train Acc 0.34 | Prec 0.36 | F1 0.39 | Det Rec 0.93 | Det FA 0.13 | Epoch Time 1345.37s (Eval 671.52s, Train 673.84s)
[STATE 2026-05-30 20:25:27] T6 Ep 1/1 complete: Prec 0.3609 F1 0.3853 DetRec 0.9330 DetFA 0.1291 | 1345.37s total (671.52s eval/673.84s train)
[STATE 2026-05-30 20:25:27] Task 6: running final validation.
Saved task checkpoint: logs//lamaml/full-tasks_CIL_all-2026-05-30_11-59-16-8319/55/checkpoints/task_6.pt
[STATE 2026-05-30 20:36:37] Saved task checkpoint to logs//lamaml/full-tasks_CIL_all-2026-05-30_11-59-16-8319/55/checkpoints/task_6.pt
[STATE 2026-05-30 20:36:37] Completed task 6 (7/10)
Note: Unified mixed IQ test tensors to (N, 3, L) via ADC0 I/Q + zero-padded ADC1/2 (IID2-style) for cumulative CIL.
[STATE 2026-05-30 20:36:38] Task 7: zero-shot validation (pre-train)
---- Zero-shot (pre-train) task 7: rec_cls 0.0828 | prec_cls 0.0589 | f1_cls 0.0486 | det 0.6483 | pfa 0.5841 | total_f1 0.1012 ----
[STATE 2026-05-30 20:51:04] Starting task 7 (8/10)
[STATE 2026-05-30 20:51:04] Task 7 Epoch 1/1: entering train loop
[STATE 2026-05-30 23:00:59] Task 7 Epoch 1/1: running validation (end of epoch)
---- Eval at Epoch 0: cls [0.08620673679300947, 0.05738034227199001, 0.06797676178734485, 0.07260801477012162, 0.061137433990649595, 0.07890833852303583, 0.07653443496800005, 0.07727010818121713] | det_recall [0.5495763718348571, 0.610029110715752, 0.6097102290239125, 0.5916316287993483, 0.5912870512248312, 0.6404597984441995, 0.6180310724553728, 0.579774663265234] | det_fa [0.0033087881964649, 0.009963076204653715, 0.313276301667331, 0.3688911116392702, 0.3900177199539441, 0.4211073537043549, 0.4756074378735152, 0.8211527756046519] ----
T7 Ep 1/1 | L 0.5209 | Train Acc 0.68 | Prec 0.77 | F1 0.63 | Det Rec 0.69 | Det FA 0.60 | Epoch Time 8674.42s (Eval 879.41s, Train 7795.02s)
[STATE 2026-05-30 23:15:39] T7 Ep 1/1 complete: Prec 0.7705 F1 0.6336 DetRec 0.6943 DetFA 0.5995 | 8674.42s total (879.41s eval/7795.02s train)
[STATE 2026-05-30 23:15:39] Task 7: running final validation.
Saved task checkpoint: logs//lamaml/full-tasks_CIL_all-2026-05-30_11-59-16-8319/55/checkpoints/task_7.pt
[STATE 2026-05-30 23:30:23] Saved task checkpoint to logs//lamaml/full-tasks_CIL_all-2026-05-30_11-59-16-8319/55/checkpoints/task_7.pt
[STATE 2026-05-30 23:30:23] Completed task 7 (8/10)
Note: Unified mixed IQ test tensors to (N, 3, L) via ADC0 I/Q + zero-padded ADC1/2 (IID2-style) for cumulative CIL.
[STATE 2026-05-30 23:30:24] Task 8: zero-shot validation (pre-train)
---- Zero-shot (pre-train) task 8: rec_cls 0.0666 | prec_cls 0.0170 | f1_cls 0.0242 | det 0.5658 | pfa 0.8510 | total_f1 0.0936 ----
[STATE 2026-05-30 23:48:44] Starting task 8 (9/10)
[STATE 2026-05-30 23:48:44] Task 8 Epoch 1/1: entering train loop
[STATE 2026-05-30 23:54:52] Task 8 Epoch 1/1: running validation (end of epoch)
---- Eval at Epoch 0: cls [0.13339624179749549, 0.116923352855742, 0.03013913718625221, 0.02839189982852299, 0.026515254968620738, 0.053233240495957686, 0.054566433332282005, 0.05740648795443967, 0.019556542647528187] | det_recall [0.5789705925644963, 0.6564724807860799, 0.5029947029479686, 0.47742613400996087, 0.4532329318817834, 0.5711096678588515, 0.5539348411466255, 0.6762304387985304, 0.5106808547758133] | det_fa [0.0, 6.04266118798719e-05, 0.2710394704131078, 0.3145994517737383, 0.35427792480385395, 0.31015719351469656, 0.3404305838231831, 0.34307853569148444, 0.9665136292211558] ----
T8 Ep 1/1 | L 0.7960 | Train Acc 0.34 | Prec 0.43 | F1 0.25 | Det Rec 0.52 | Det FA 0.94 | Epoch Time 949.35s (Eval 581.19s, Train 368.16s)
[STATE 2026-05-31 00:04:34] T8 Ep 1/1 complete: Prec 0.4271 F1 0.2462 DetRec 0.5217 DetFA 0.9429 | 949.35s total (581.19s eval/368.16s train)
[STATE 2026-05-31 00:04:34] Task 8: running final validation.
Saved task checkpoint: logs//lamaml/full-tasks_CIL_all-2026-05-30_11-59-16-8319/55/checkpoints/task_8.pt
[STATE 2026-05-31 00:14:15] Saved task checkpoint to logs//lamaml/full-tasks_CIL_all-2026-05-30_11-59-16-8319/55/checkpoints/task_8.pt
[STATE 2026-05-31 00:14:15] Completed task 8 (9/10)
Note: Unified mixed IQ test tensors to (N, 3, L) via ADC0 I/Q + zero-padded ADC1/2 (IID2-style) for cumulative CIL.
[STATE 2026-05-31 00:14:16] Task 9: zero-shot validation (pre-train)
/home/lunet/wsmr11/repos/La-MAML/la-maml_env/lib/python3.10/site-packages/sklearn/metrics/_classification.py:98: UserWarning: The number of unique classes is greater than 50% of the number of samples. `y` could represent a regression problem, not a classification problem.
  type_true = type_of_target(y_true, input_name="y_true")
/home/lunet/wsmr11/repos/La-MAML/la-maml_env/lib/python3.10/site-packages/sklearn/utils/multiclass.py:79: UserWarning: The number of unique classes is greater than 50% of the number of samples. `y` could represent a regression problem, not a classification problem.
  ys_types = set(type_of_target(x) for x in ys)
/home/lunet/wsmr11/repos/La-MAML/la-maml_env/lib/python3.10/site-packages/sklearn/metrics/_classification.py:98: UserWarning: The number of unique classes is greater than 50% of the number of samples. `y` could represent a regression problem, not a classification problem.
  type_true = type_of_target(y_true, input_name="y_true")
/home/lunet/wsmr11/repos/La-MAML/la-maml_env/lib/python3.10/site-packages/sklearn/utils/multiclass.py:79: UserWarning: The number of unique classes is greater than 50% of the number of samples. `y` could represent a regression problem, not a classification problem.
  ys_types = set(type_of_target(x) for x in ys)
---- Zero-shot (pre-train) task 9: rec_cls 0.0182 | prec_cls 0.0166 | f1_cls 0.0076 | det 0.5058 | pfa 0.9737 | total_f1 0.0822 ----
[STATE 2026-05-31 00:25:52] Starting task 9 (10/10)
[STATE 2026-05-31 00:25:52] Task 9 Epoch 1/1: entering train loop
[STATE 2026-05-31 00:28:28] Task 9 Epoch 1/1: running validation (end of epoch)
/home/lunet/wsmr11/repos/La-MAML/la-maml_env/lib/python3.10/site-packages/sklearn/metrics/_classification.py:98: UserWarning: The number of unique classes is greater than 50% of the number of samples. `y` could represent a regression problem, not a classification problem.
  type_true = type_of_target(y_true, input_name="y_true")
/home/lunet/wsmr11/repos/La-MAML/la-maml_env/lib/python3.10/site-packages/sklearn/utils/multiclass.py:79: UserWarning: The number of unique classes is greater than 50% of the number of samples. `y` could represent a regression problem, not a classification problem.
  ys_types = set(type_of_target(x) for x in ys)
/home/lunet/wsmr11/repos/La-MAML/la-maml_env/lib/python3.10/site-packages/sklearn/metrics/_classification.py:98: UserWarning: The number of unique classes is greater than 50% of the number of samples. `y` could represent a regression problem, not a classification problem.
  type_true = type_of_target(y_true, input_name="y_true")
/home/lunet/wsmr11/repos/La-MAML/la-maml_env/lib/python3.10/site-packages/sklearn/utils/multiclass.py:79: UserWarning: The number of unique classes is greater than 50% of the number of samples. `y` could represent a regression problem, not a classification problem.
  ys_types = set(type_of_target(x) for x in ys)
---- Eval at Epoch 0: cls [0.07938676337481403, 0.06991333543860268, 0.058404006501946756, 0.059631900509214686, 0.050362561110203735, 0.08648786643452146, 0.07875845958410822, 0.07070551096759496, 0.020070290548427537, 0.03266231259805088] | det_recall [0.5444692287817023, 0.5954044923439363, 0.5706147360506868, 0.5508704932471289, 0.542249563579424, 0.6468989024210176, 0.6326935093544053, 0.6763226000543472, 0.5025343784351551, 0.5014583262496669] | det_fa [0.00342178044434324, 0.028119829710024725, 0.2732040319506206, 0.32173243030134513, 0.3542670049541877, 0.29694183691359954, 0.32923958487466515, 0.4322385014602045, 0.9906258763576575, 0.9967882702353368] ----
T9 Ep 1/1 | L 0.7192 | Train Acc 0.33 | Prec 0.24 | F1 0.19 | Det Rec 0.50 | Det FA 1.00 | Epoch Time 851.37s (Eval 694.66s, Train 156.71s)
[STATE 2026-05-31 00:40:03] T9 Ep 1/1 complete: Prec 0.2429 F1 0.1913 DetRec 0.4964 DetFA 1.0000 | 851.37s total (694.66s eval/156.71s train)
[STATE 2026-05-31 00:40:03] Task 9: running final validation.
Saved task checkpoint: logs//lamaml/full-tasks_CIL_all-2026-05-30_11-59-16-8319/55/checkpoints/task_9.pt
[STATE 2026-05-31 00:51:38] Saved task checkpoint to logs//lamaml/full-tasks_CIL_all-2026-05-30_11-59-16-8319/55/checkpoints/task_9.pt
[STATE 2026-05-31 00:51:38] Completed task 9 (10/10)
####Final Validation Accuracy####
Final Results:- 
 Total Recall: 0.06052666585427775 
 Individual Recall: [0.08074659448138916, 0.06806183254368535, 0.05803984327517826, 0.0596018207925388, 0.049289564155798424, 0.08746446823650646, 0.07817650587443609, 0.0711198345421645, 0.020510840016845847, 0.032255354624234595]
Final Detection Results:- 
 Total Detection: 0.576368761988728 
 Individual Detection: [0.5444110645540359, 0.5956524763663099, 0.5694361458602273, 0.5510888181813842, 0.5430434396421262, 0.6469152003316301, 0.6332939117733574, 0.6759710142483971, 0.5025026790715618, 0.5013728698582507]
Final Detection False Alarm:- 
 Total False Alarm: 0.4026300849305319 
 Individual False Alarm: [0.003230132980777756, 0.028225244531613566, 0.27391898859740066, 0.32168221516264384, 0.3523528180461701, 0.2974112132315064, 0.3290528747940202, 0.43292214239073457, 0.9905970699141414, 0.9969081496563102]
SUMMARY_TR cls_rec=0.3301 cls_prec=0.2429 cls_f1=0.1913 det=0.5764 fa=0.4027
SUMMARY_TE cls_rec=0.0605 cls_prec=0.1547 cls_f1=0.0850 det=0.5764 fa=0.4026
[STATE 2026-05-31 00:51:38] Saving results to logs//lamaml/full-tasks_CIL_all-2026-05-30_11-59-16-8319/55/results
Model size: 0.0289 GB
Memory buffer size: 0.0000 GB
logs//lamaml/full-tasks_CIL_all-2026-05-30_11-59-16-8319/55/results: {'expt_name': 'full-tasks_CIL_all', 'model': 'lamaml_cifar', 'arch': 'resnet1d', 'n_hiddens': 100, 'n_layers': 2, 'xav_init': False, 'debug': False, 'use_detector_arch': False, 'use_groupnorm': False, 'inner_steps': 2, 'n_epochs': 1, 'batch_size': 256, 'replay_batch_size': 128, 'memories': 5120, 'lr': 0.001, 'optimizer': 'sgd', 'prune_perc': 0.75, 'post_prune_epochs': 0, 'class_weighted_ce': True, 'cuda': True, 'amp': True, 'amp_dtype': 'bfloat16', 'cudnn_benchmark': True, 'seed': 55, 'log_every': 10, 'log_dir': 'logs//lamaml/full-tasks_CIL_all-2026-05-30_11-59-16-8319/55', 'tf_dir': 'logs//lamaml/full-tasks_CIL_all-2026-05-30_11-59-16-8319/55/tfdir', 'calc_test_accuracy': False, 'state_logging': True, 'data_path': 'data/rff/radar/full', 'task_order_files': 't2-rcn,t0-rcn,t2-uclresm-25noise,t0-deeprad,t1-deeprad,t1-uclresm-25noise,t3-deeprad,t0-uclresm-25noise,t1-rcn,t2-deeprad', 'loader': 'class_incremental_loader', 'samples_per_task': -1, 'task_order_seed': None, 'classes_per_it': 6, 'iterations': 5000, 'dataset': 'iq', 'workers': 0, 'validation': 0.5, 'data_scaling': 'normalize', 'use_iq_aug_features': False, 'iq_aug_feature_type': 'power', 'class_order': 'random', 'increment': 5, 'test_batch_size': 512, 'nc_per_task': None, 'nc_per_task_list': '', 'val_rate': 1000, 'opt_lr': 0.03, 'opt_wt': 0.1, 'alpha_init': 0.01, 'momentum': 0.9, 'learn_lr': True, 'sync_update': False, 'grad_clip_norm': 5.0, 'meta_batches': 3, 'use_old_task_memory': False, 'second_order': True, 'n_memories': 5120, 'memory_strength': 0, 'memory_loss_lambda': 1.0, 'steps_per_sample': 1, 'bgd_optimizer': 'sgd', 'optimizer_params': '{}', 'train_mc_iters': 5, 'std_init': 0.05, 'mean_eta': 1, 'fisher_gamma': 0.95, 'rln': 7, 'meta_lr': 0.001, 'update_lr': 0.1, 'ctx_lr': 0.05, 'n_meta': 1, 'temperature': 5.0, 'task_emb': 64, 'noise_label': 54, 'classes_per_task': [5, 6, 5, 6, 6, 5, 5, 5, 6, 5], 'get_samples_per_task': <bound method IncrementalLoader.get_samples_per_task of <dataloaders.class_incremental_loader.IncrementalLoader object at 0x7139b3e85f60>>, 'task_epoch_schedule': {}} # val: 0.171 0.061 -0.111 0.000 # sizes: model_gb=0.0289 mem_gb=0.0000 # 46261.84106349945
[STATE 2026-05-31 00:51:38] results.pt components (approx): state_dict 29.6 MB, result_val_t 0.1 KB, result_val_a 0.8 KB
[STATE 2026-05-31 00:51:38] Results saved; total runtime 12.85h
Total runtime: 12.85 hours
