[STATE 2026-06-01 14:34:24] Enabling terminal logging to logs//er_ring/seed-sweep_one-shot_cil-2026-06-01_14-34-24-6157/55/terminal.log
New Experiment Starting...
Running model:  er_ring
[STATE 2026-06-01 14:34:24] Experiment 'seed-sweep_one-shot_cil' starting with model 'er_ring' (seed 55)
Set seed 55
[STATE 2026-06-01 14:34:24] Runtime accel: cudnn.benchmark=False amp=True amp_dtype=bfloat16
t2-rcn.npz train: x=(50362, 1024), y=(50362, 2)
t2-rcn.npz test: x=(16787, 1024), y=(16787, 2)
t2-rcn.npz: applied data scaling mode 'normalize'.
Loaded t2-rcn.npz: Unique train labels: UniqueCountsResult(values=array([-1,  3,  5, 10, 12, 15]), counts=array([24209,  5770,  3030,  2320,  7509,  7524]))
Noise labels ratio in t2-rcn.npz train: 0.24, test: 0.24
Loaded t2-rcn.npz: Remapped labels: [-1  0  1  2  3  4]. Size: 50362)
t0-rcn.npz train: x=(51916, 1024), y=(51916, 2)
t0-rcn.npz test: x=(17305, 1024), y=(17305, 2)
t0-rcn.npz: applied data scaling mode 'normalize'.
Loaded t0-rcn.npz: Unique train labels: UniqueCountsResult(values=array([-1,  1,  8,  9, 11, 13, 14]), counts=array([24225,  4268,  2495,  2943,  3015,  7464,  7506]))
Noise labels ratio in t0-rcn.npz train: 0.23, test: 0.23
Loaded t0-rcn.npz: Remapped labels: [-1  5  6  7  8  9 10]. Size: 51916)
t2-uclresm-25noise.npz train: moved sample axis (3, 350028, 1024) -> (350028, 3, 1024)
t2-uclresm-25noise.npz test: moved sample axis (3, 233351, 1024) -> (233351, 3, 1024)
t2-uclresm-25noise.npz train: x=(350028, 3, 1024), y=(350028,)
t2-uclresm-25noise.npz test: x=(233351, 3, 1024), y=(233351,)
t2-uclresm-25noise.npz: applied data scaling mode 'normalize'.
Loaded t2-uclresm-25noise.npz: Unique train labels: UniqueCountsResult(values=array([-1,  0,  1,  2,  3,  4]), counts=array([87441, 27347, 71754, 64298, 36005, 63183]))
Noise labels ratio in t2-uclresm-25noise.npz train: 0.25, test: 0.25
Loaded t2-uclresm-25noise.npz: Remapped labels: [-1 11 12 13 14 15]. Size: 350028)
t0-deeprad.npz train: x=(24480, 1024), y=(24480, 2)
t0-deeprad.npz test: x=(8160, 1024), y=(8160, 2)
t0-deeprad.npz: applied data scaling mode 'normalize'.
Loaded t0-deeprad.npz: Unique train labels: UniqueCountsResult(values=array([-1,  0,  1,  2,  3,  4,  5]), counts=array([12240,  2029,  1983,  2043,  2154,  2015,  2016]))
Noise labels ratio in t0-deeprad.npz train: 0.25, test: 0.25
Loaded t0-deeprad.npz: Remapped labels: [-1 16 17 18 19 20 21]. Size: 24480)
t1-deeprad.npz train: x=(24480, 1024), y=(24480, 2)
t1-deeprad.npz test: x=(8160, 1024), y=(8160, 2)
t1-deeprad.npz: applied data scaling mode 'normalize'.
Loaded t1-deeprad.npz: Unique train labels: UniqueCountsResult(values=array([-1,  0,  1,  2,  3,  4,  5]), counts=array([12240,  1988,  2029,  2054,  1988,  2053,  2128]))
Noise labels ratio in t1-deeprad.npz train: 0.25, test: 0.25
Loaded t1-deeprad.npz: Remapped labels: [-1 22 23 24 25 26 27]. Size: 24480)
t1-uclresm-25noise.npz train: moved sample axis (3, 201410, 1024) -> (201410, 3, 1024)
t1-uclresm-25noise.npz test: moved sample axis (3, 116291, 1024) -> (116291, 3, 1024)
t1-uclresm-25noise.npz train: x=(201410, 3, 1024), y=(201410,)
t1-uclresm-25noise.npz test: x=(116291, 3, 1024), y=(116291,)
t1-uclresm-25noise.npz: applied data scaling mode 'normalize'.
Loaded t1-uclresm-25noise.npz: Unique train labels: UniqueCountsResult(values=array([-1,  0,  1,  2,  3,  4]), counts=array([43668, 18021, 17838, 18087, 31870, 71926]))
Noise labels ratio in t1-uclresm-25noise.npz train: 0.22, test: 0.25
Loaded t1-uclresm-25noise.npz: Remapped labels: [-1 28 29 30 31 32]. Size: 201410)
t3-deeprad.npz train: x=(17340, 1024), y=(17340, 2)
t3-deeprad.npz test: x=(6800, 1024), y=(6800, 2)
t3-deeprad.npz: applied data scaling mode 'normalize'.
Loaded t3-deeprad.npz: Unique train labels: UniqueCountsResult(values=array([-1,  0,  1,  2,  3,  4]), counts=array([8670, 1693, 1677, 1794, 1716, 1790]))
Noise labels ratio in t3-deeprad.npz train: 0.25, test: 0.25
Loaded t3-deeprad.npz: Remapped labels: [-1 33 34 35 36 37]. Size: 17340)
t0-uclresm-25noise.npz train: moved sample axis (3, 188050, 1024) -> (188050, 3, 1024)
t0-uclresm-25noise.npz test: moved sample axis (3, 107348, 1024) -> (107348, 3, 1024)
t0-uclresm-25noise.npz train: x=(188050, 3, 1024), y=(188050,)
t0-uclresm-25noise.npz test: x=(107348, 3, 1024), y=(107348,)
t0-uclresm-25noise.npz: applied data scaling mode 'normalize'.
Loaded t0-uclresm-25noise.npz: Unique train labels: UniqueCountsResult(values=array([-1,  0,  1,  2,  3,  4]), counts=array([40144, 32109, 17978, 17979, 18098, 61742]))
Noise labels ratio in t0-uclresm-25noise.npz train: 0.21, test: 0.25
Loaded t0-uclresm-25noise.npz: Remapped labels: [-1 38 39 40 41 42]. Size: 188050)
t1-rcn.npz train: x=(36658, 1024), y=(36658, 2)
t1-rcn.npz test: x=(12220, 1024), y=(12220, 2)
t1-rcn.npz: applied data scaling mode 'normalize'.
Loaded t1-rcn.npz: Unique train labels: UniqueCountsResult(values=array([-1,  0,  2,  4,  6,  7, 16]), counts=array([20595,   824,  2087,  2606,  2396,  1716,  6434]))
Noise labels ratio in t1-rcn.npz train: 0.28, test: 0.28
Loaded t1-rcn.npz: Remapped labels: [-1 43 44 45 46 47 48]. Size: 36658)
t2-deeprad.npz train: x=(17340, 1024), y=(17340, 2)
t2-deeprad.npz test: x=(6800, 1024), y=(6800, 2)
t2-deeprad.npz: applied data scaling mode 'normalize'.
Loaded t2-deeprad.npz: Unique train labels: UniqueCountsResult(values=array([-1,  0,  1,  2,  3,  4]), counts=array([8670, 1774, 1675, 1777, 1694, 1750]))
Noise labels ratio in t2-deeprad.npz train: 0.25, test: 0.25
Loaded t2-deeprad.npz: Remapped labels: [-1 49 50 51 52 53]. Size: 17340)
Built IQ classes_per_task (increments): [5, 6, 5, 6, 6, 5, 5, 5, 6, 5]
Classes per task: [5, 6, 5, 6, 6, 5, 5, 5, 6, 5]
[STATE 2026-06-01 14:36:09] Loader 'class_incremental_loader' ready: 1024 inputs, 55 outputs, 10 tasks
n_outputs: 55 	n_tasks: 10
[STATE 2026-06-01 14:36:09] Logging to logs//er_ring/seed-sweep_one-shot_cil-2026-06-01_14-34-24-6157/55
True
Model device: cuda:0
[STATE 2026-06-01 14:36:10] Model initialized on device cuda:0
[STATE 2026-06-01 14:36:10] Invoking continual life experience flow
[STATE 2026-06-01 14:36:10] Life experience start: 10 tasks queued
[STATE 2026-06-01 14:36:10] Legacy epoch behavior enabled: using n_epochs=1 for all tasks
[STATE 2026-06-01 14:36:10] Task 0: zero-shot validation (pre-train)
---- Zero-shot (pre-train) task 0: rec_cls 0.1911 | prec_cls 0.1203 | f1_cls 0.0558 | det 0.5001 | pfa 0.9997 | total_f1 0.0558 ----
[STATE 2026-06-01 14:36:14] Starting task 0 (1/10)
[STATE 2026-06-01 14:36:14] Task 0 Epoch 1/1: entering train loop
[STATE 2026-06-01 14:36:44] Task 0 Epoch 1/1: running validation (end of epoch)
---- Eval at Epoch 0: cls [0.842365825540833] | det_recall [0.865645896775158] | det_fa [0.2609638313265508] ----
T0 Ep 1/1 | L 0.9585 | Train Acc 0.62 | Prec 0.65 | F1 0.57 | Det Rec 0.82 | Det FA 0.32 | Epoch Time 33.57s (Eval 4.48s, Train 29.09s)
[STATE 2026-06-01 14:36:48] T0 Ep 1/1 complete: Prec 0.6496 F1 0.5720 DetRec 0.8213 DetFA 0.3150 | 33.57s total (4.48s eval/29.09s train)
[STATE 2026-06-01 14:36:48] Task 0: running final validation.
Saved task checkpoint: logs//er_ring/seed-sweep_one-shot_cil-2026-06-01_14-34-24-6157/55/checkpoints/task_0.pt
[STATE 2026-06-01 14:36:53] Saved task checkpoint to logs//er_ring/seed-sweep_one-shot_cil-2026-06-01_14-34-24-6157/55/checkpoints/task_0.pt
[STATE 2026-06-01 14:36:53] Completed task 0 (1/10)
[STATE 2026-06-01 14:36:53] Task 1: zero-shot validation (pre-train)
---- Zero-shot (pre-train) task 1: rec_cls 0.3681 | prec_cls 0.1980 | f1_cls 0.2397 | det 0.7657 | pfa 0.4207 | total_f1 0.5034 ----
[STATE 2026-06-01 14:37:06] Starting task 1 (2/10)
[STATE 2026-06-01 14:37:06] Task 1 Epoch 1/1: entering train loop
[STATE 2026-06-01 14:37:55] Task 1 Epoch 1/1: running validation (end of epoch)
---- Eval at Epoch 0: cls [0.02549391509663168, 0.3685880931839322] | det_recall [0.5180106578575572, 0.6856975654499671] | det_fa [0.0, 0.5065163406084999] ----
T1 Ep 1/1 | L 1.1385 | Train Acc 0.59 | Prec 0.64 | F1 0.48 | Det Rec 0.67 | Det FA 0.58 | Epoch Time 62.17s (Eval 13.53s, Train 48.64s)
[STATE 2026-06-01 14:38:08] T1 Ep 1/1 complete: Prec 0.6447 F1 0.4774 DetRec 0.6682 DetFA 0.5779 | 62.17s total (13.53s eval/48.64s train)
[STATE 2026-06-01 14:38:08] Task 1: running final validation.
Saved task checkpoint: logs//er_ring/seed-sweep_one-shot_cil-2026-06-01_14-34-24-6157/55/checkpoints/task_1.pt
[STATE 2026-06-01 14:38:22] Saved task checkpoint to logs//er_ring/seed-sweep_one-shot_cil-2026-06-01_14-34-24-6157/55/checkpoints/task_1.pt
[STATE 2026-06-01 14:38:22] Completed task 1 (2/10)
Note: Unified mixed IQ test tensors to (N, 3, L) via ADC0 I/Q + zero-padded ADC1/2 (IID2-style) for cumulative CIL.
[STATE 2026-06-01 14:38:24] Task 2: zero-shot validation (pre-train)
---- Zero-shot (pre-train) task 2: rec_cls 0.0653 | prec_cls 0.0094 | f1_cls 0.0100 | det 0.4645 | pfa 0.9863 | total_f1 0.1365 ----
[STATE 2026-06-01 14:39:32] Starting task 2 (3/10)
[STATE 2026-06-01 14:39:32] Task 2 Epoch 1/1: entering train loop
[STATE 2026-06-01 14:45:02] Task 2 Epoch 1/1: running validation (end of epoch)
---- Eval at Epoch 0: cls [0.0, 0.0063619346469134955, 0.0892923411897607] | det_recall [0.5, 0.5027223998141943, 0.6163415987976532] | det_fa [0.0, 6.489292667099286e-05, 0.6280522880306171] ----
T2 Ep 1/1 | L 1.3570 | Train Acc 0.41 | Prec 0.43 | F1 0.42 | Det Rec 0.78 | Det FA 0.38 | Epoch Time 398.01s (Eval 67.80s, Train 330.21s)
[STATE 2026-06-01 14:46:10] T2 Ep 1/1 complete: Prec 0.4300 F1 0.4208 DetRec 0.7808 DetFA 0.3824 | 398.01s total (67.80s eval/330.21s train)
[STATE 2026-06-01 14:46:10] Task 2: running final validation.
Saved task checkpoint: logs//er_ring/seed-sweep_one-shot_cil-2026-06-01_14-34-24-6157/55/checkpoints/task_2.pt
[STATE 2026-06-01 14:47:18] Saved task checkpoint to logs//er_ring/seed-sweep_one-shot_cil-2026-06-01_14-34-24-6157/55/checkpoints/task_2.pt
[STATE 2026-06-01 14:47:18] Completed task 2 (3/10)
Note: Unified mixed IQ test tensors to (N, 3, L) via ADC0 I/Q + zero-padded ADC1/2 (IID2-style) for cumulative CIL.
[STATE 2026-06-01 14:47:26] Task 3: zero-shot validation (pre-train)
---- Zero-shot (pre-train) task 3: rec_cls 0.0608 | prec_cls 0.0636 | f1_cls 0.0648 | det 0.5760 | pfa 0.6865 | total_f1 0.0831 ----
[STATE 2026-06-01 14:49:30] Starting task 3 (4/10)
[STATE 2026-06-01 14:49:30] Task 3 Epoch 1/1: entering train loop
[STATE 2026-06-01 14:49:54] Task 3 Epoch 1/1: running validation (end of epoch)
---- Eval at Epoch 0: cls [0.14550689357539304, 0.033677015958971525, 0.06399102860328064, 0.0949089741585099] | det_recall [0.6320737901976696, 0.6270943658896987, 0.45118877534443763, 0.40253924633739596] | det_fa [0.13577649617954826, 0.1698216174663901, 0.44630076960948695, 0.7263837017047037] ----
T3 Ep 1/1 | L 1.8116 | Train Acc 0.37 | Prec 0.36 | F1 0.41 | Det Rec 0.95 | Det FA 0.08 | Epoch Time 148.07s (Eval 124.32s, Train 23.75s)
[STATE 2026-06-01 14:51:59] T3 Ep 1/1 complete: Prec 0.3577 F1 0.4134 DetRec 0.9483 DetFA 0.0751 | 148.07s total (124.32s eval/23.75s train)
[STATE 2026-06-01 14:51:59] Task 3: running final validation.
Saved task checkpoint: logs//er_ring/seed-sweep_one-shot_cil-2026-06-01_14-34-24-6157/55/checkpoints/task_3.pt
[STATE 2026-06-01 14:54:02] Saved task checkpoint to logs//er_ring/seed-sweep_one-shot_cil-2026-06-01_14-34-24-6157/55/checkpoints/task_3.pt
[STATE 2026-06-01 14:54:02] Completed task 3 (4/10)
Note: Unified mixed IQ test tensors to (N, 3, L) via ADC0 I/Q + zero-padded ADC1/2 (IID2-style) for cumulative CIL.
[STATE 2026-06-01 14:54:18] Task 4: zero-shot validation (pre-train)
---- Zero-shot (pre-train) task 4: rec_cls 0.0791 | prec_cls 0.0115 | f1_cls 0.0194 | det 0.4377 | pfa 0.6144 | total_f1 0.0748 ----
[STATE 2026-06-01 14:57:21] Starting task 4 (5/10)
[STATE 2026-06-01 14:57:21] Task 4 Epoch 1/1: entering train loop
[STATE 2026-06-01 14:57:45] Task 4 Epoch 1/1: running validation (end of epoch)
---- Eval at Epoch 0: cls [0.12550165851391168, 0.04565877831342513, 0.05950085932932707, 0.043128224860961885, 0.05021218881692441] | det_recall [0.5998201902097341, 0.6294061228063503, 0.4673182435075106, 0.4628788449017874, 0.4492791612804217] | det_fa [0.08060251559500636, 0.22814251420533585, 0.4950155253348613, 0.535295767638765, 0.5528382631873792] ----
T4 Ep 1/1 | L 1.6925 | Train Acc 0.28 | Prec 0.25 | F1 0.34 | Det Rec 1.00 | Det FA 0.00 | Epoch Time 206.92s (Eval 182.73s, Train 24.20s)
[STATE 2026-06-01 15:00:47] T4 Ep 1/1 complete: Prec 0.2509 F1 0.3393 DetRec 0.9998 DetFA 0.0004 | 206.92s total (182.73s eval/24.20s train)
[STATE 2026-06-01 15:00:47] Task 4: running final validation.
Saved task checkpoint: logs//er_ring/seed-sweep_one-shot_cil-2026-06-01_14-34-24-6157/55/checkpoints/task_4.pt
[STATE 2026-06-01 15:03:50] Saved task checkpoint to logs//er_ring/seed-sweep_one-shot_cil-2026-06-01_14-34-24-6157/55/checkpoints/task_4.pt
[STATE 2026-06-01 15:03:50] Completed task 4 (5/10)
Note: Unified mixed IQ test tensors to (N, 3, L) via ADC0 I/Q + zero-padded ADC1/2 (IID2-style) for cumulative CIL.
[STATE 2026-06-01 15:04:02] Task 5: zero-shot validation (pre-train)
---- Zero-shot (pre-train) task 5: rec_cls 0.0371 | prec_cls 0.0057 | f1_cls 0.0153 | det 0.4851 | pfa 0.5096 | total_f1 0.0631 ----
[STATE 2026-06-01 15:08:30] Starting task 5 (6/10)
[STATE 2026-06-01 15:08:30] Task 5 Epoch 1/1: entering train loop
[STATE 2026-06-01 15:11:54] Task 5 Epoch 1/1: running validation (end of epoch)
---- Eval at Epoch 0: cls [0.0, 0.0, 0.0, 0.0, 0.0, 0.07426671640313853] | det_recall [0.5, 0.5, 0.5, 0.5, 0.5, 0.6246925092278685] | det_fa [0.0, 0.0, 0.0, 0.0, 0.0, 0.610722332774417] ----
T5 Ep 1/1 | L 1.5156 | Train Acc 0.43 | Prec 0.46 | F1 0.43 | Det Rec 0.77 | Det FA 0.37 | Epoch Time 471.81s (Eval 267.34s, Train 204.47s)
[STATE 2026-06-01 15:16:22] T5 Ep 1/1 complete: Prec 0.4570 F1 0.4286 DetRec 0.7746 DetFA 0.3746 | 471.81s total (267.34s eval/204.47s train)
[STATE 2026-06-01 15:16:22] Task 5: running final validation.
Saved task checkpoint: logs//er_ring/seed-sweep_one-shot_cil-2026-06-01_14-34-24-6157/55/checkpoints/task_5.pt
[STATE 2026-06-01 15:20:49] Saved task checkpoint to logs//er_ring/seed-sweep_one-shot_cil-2026-06-01_14-34-24-6157/55/checkpoints/task_5.pt
[STATE 2026-06-01 15:20:49] Completed task 5 (6/10)
Note: Unified mixed IQ test tensors to (N, 3, L) via ADC0 I/Q + zero-padded ADC1/2 (IID2-style) for cumulative CIL.
[STATE 2026-06-01 15:21:00] Task 6: zero-shot validation (pre-train)
---- Zero-shot (pre-train) task 6: rec_cls 0.0624 | prec_cls 0.0230 | f1_cls 0.0400 | det 0.6090 | pfa 0.6213 | total_f1 0.0452 ----
[STATE 2026-06-01 15:26:54] Starting task 6 (7/10)
[STATE 2026-06-01 15:26:54] Task 6 Epoch 1/1: entering train loop
[STATE 2026-06-01 15:27:12] Task 6 Epoch 1/1: running validation (end of epoch)
---- Eval at Epoch 0: cls [0.0, 0.0, 0.0, 0.0, 0.020075756123309436, 0.004550030428620013, 0.03183091936382983] | det_recall [0.5, 0.5, 0.5, 0.5002113717572908, 0.5103951447011298, 0.5277913107003074, 0.48111175745375157] | det_fa [0.0, 0.0, 0.0, 0.0007518592028009105, 0.0012700937342808478, 0.04940350138749328, 0.530919676146743] ----
T6 Ep 1/1 | L 2.3273 | Train Acc 0.23 | Prec 0.17 | F1 0.30 | Det Rec 0.96 | Det FA 0.06 | Epoch Time 371.51s (Eval 353.82s, Train 17.69s)
[STATE 2026-06-01 15:33:06] T6 Ep 1/1 complete: Prec 0.1722 F1 0.2959 DetRec 0.9623 DetFA 0.0601 | 371.51s total (353.82s eval/17.69s train)
[STATE 2026-06-01 15:33:06] Task 6: running final validation.
Saved task checkpoint: logs//er_ring/seed-sweep_one-shot_cil-2026-06-01_14-34-24-6157/55/checkpoints/task_6.pt
[STATE 2026-06-01 15:38:59] Saved task checkpoint to logs//er_ring/seed-sweep_one-shot_cil-2026-06-01_14-34-24-6157/55/checkpoints/task_6.pt
[STATE 2026-06-01 15:38:59] Completed task 6 (7/10)
Note: Unified mixed IQ test tensors to (N, 3, L) via ADC0 I/Q + zero-padded ADC1/2 (IID2-style) for cumulative CIL.
[STATE 2026-06-01 15:39:20] Task 7: zero-shot validation (pre-train)
---- Zero-shot (pre-train) task 7: rec_cls 0.0255 | prec_cls 0.0031 | f1_cls 0.0150 | det 0.4994 | pfa 0.5004 | total_f1 0.0361 ----
[STATE 2026-06-01 15:47:05] Starting task 7 (8/10)
[STATE 2026-06-01 15:47:05] Task 7 Epoch 1/1: entering train loop
[STATE 2026-06-01 15:50:23] Task 7 Epoch 1/1: running validation (end of epoch)
---- Eval at Epoch 0: cls [0.0, 0.0, 0.0, 0.0, 0.0, 5.090184336320896e-05, 0.00015142972134239778, 0.042630015855929466] | det_recall [0.5, 0.5, 0.5, 0.5000250806537065, 0.49913521478076545, 0.5001277434334176, 0.5004160838923071, 0.5079143395545783] | det_fa [0.0, 0.0, 0.0, 1.4089468122578373e-05, 0.001748576324821964, 5.443913993249221e-05, 9.53736720625679e-05, 0.6788865339261758] ----
T7 Ep 1/1 | L 1.6173 | Train Acc 0.33 | Prec 0.35 | F1 0.34 | Det Rec 0.75 | Det FA 0.39 | Epoch Time 663.16s (Eval 464.68s, Train 198.48s)
[STATE 2026-06-01 15:58:08] T7 Ep 1/1 complete: Prec 0.3488 F1 0.3402 DetRec 0.7476 DetFA 0.3942 | 663.16s total (464.68s eval/198.48s train)
[STATE 2026-06-01 15:58:08] Task 7: running final validation.
Saved task checkpoint: logs//er_ring/seed-sweep_one-shot_cil-2026-06-01_14-34-24-6157/55/checkpoints/task_7.pt
[STATE 2026-06-01 16:05:53] Saved task checkpoint to logs//er_ring/seed-sweep_one-shot_cil-2026-06-01_14-34-24-6157/55/checkpoints/task_7.pt
[STATE 2026-06-01 16:05:53] Completed task 7 (8/10)
Note: Unified mixed IQ test tensors to (N, 3, L) via ADC0 I/Q + zero-padded ADC1/2 (IID2-style) for cumulative CIL.
[STATE 2026-06-01 16:06:10] Task 8: zero-shot validation (pre-train)
---- Zero-shot (pre-train) task 8: rec_cls 0.0378 | prec_cls 0.0113 | f1_cls 0.0212 | det 0.5101 | pfa 0.6718 | total_f1 0.0338 ----
[STATE 2026-06-01 16:15:49] Starting task 8 (9/10)
[STATE 2026-06-01 16:15:49] Task 8 Epoch 1/1: entering train loop
[STATE 2026-06-01 16:16:28] Task 8 Epoch 1/1: running validation (end of epoch)
---- Eval at Epoch 0: cls [0.0, 0.0, 0.0, 0.0, 0.0, 0.0, 0.0, 0.0, 0.016328157536875595] | det_recall [0.5, 0.5, 0.5, 0.5, 0.5, 0.5, 0.5, 0.5, 0.6379824035386259] | det_fa [0.0, 0.0, 0.0, 0.0, 0.0, 0.0, 0.0, 0.0, 0.6052422771465663] ----
T8 Ep 1/1 | L 2.2311 | Train Acc 0.33 | Prec 0.33 | F1 0.26 | Det Rec 0.67 | Det FA 0.52 | Epoch Time 617.34s (Eval 578.34s, Train 39.00s)
[STATE 2026-06-01 16:26:06] T8 Ep 1/1 complete: Prec 0.3296 F1 0.2604 DetRec 0.6668 DetFA 0.5215 | 617.34s total (578.34s eval/39.00s train)
[STATE 2026-06-01 16:26:06] Task 8: running final validation.
Saved task checkpoint: logs//er_ring/seed-sweep_one-shot_cil-2026-06-01_14-34-24-6157/55/checkpoints/task_8.pt
[STATE 2026-06-01 16:35:44] Saved task checkpoint to logs//er_ring/seed-sweep_one-shot_cil-2026-06-01_14-34-24-6157/55/checkpoints/task_8.pt
[STATE 2026-06-01 16:35:44] Completed task 8 (9/10)
Note: Unified mixed IQ test tensors to (N, 3, L) via ADC0 I/Q + zero-padded ADC1/2 (IID2-style) for cumulative CIL.
[STATE 2026-06-01 16:36:11] Task 9: zero-shot validation (pre-train)
/home/lunet/wsmr11/repos/La-MAML/la-maml_env/lib/python3.10/site-packages/sklearn/metrics/_classification.py:98: UserWarning: The number of unique classes is greater than 50% of the number of samples. `y` could represent a regression problem, not a classification problem.
  type_true = type_of_target(y_true, input_name="y_true")
/home/lunet/wsmr11/repos/La-MAML/la-maml_env/lib/python3.10/site-packages/sklearn/utils/multiclass.py:79: UserWarning: The number of unique classes is greater than 50% of the number of samples. `y` could represent a regression problem, not a classification problem.
  ys_types = set(type_of_target(x) for x in ys)
/home/lunet/wsmr11/repos/La-MAML/la-maml_env/lib/python3.10/site-packages/sklearn/metrics/_classification.py:98: UserWarning: The number of unique classes is greater than 50% of the number of samples. `y` could represent a regression problem, not a classification problem.
  type_true = type_of_target(y_true, input_name="y_true")
/home/lunet/wsmr11/repos/La-MAML/la-maml_env/lib/python3.10/site-packages/sklearn/utils/multiclass.py:79: UserWarning: The number of unique classes is greater than 50% of the number of samples. `y` could represent a regression problem, not a classification problem.
  ys_types = set(type_of_target(x) for x in ys)
---- Zero-shot (pre-train) task 9: rec_cls 0.0156 | prec_cls 0.0006 | f1_cls 0.0121 | det 0.6323 | pfa 0.6280 | total_f1 0.0298 ----
[STATE 2026-06-01 16:47:45] Starting task 9 (10/10)
[STATE 2026-06-01 16:47:45] Task 9 Epoch 1/1: entering train loop
[STATE 2026-06-01 16:48:03] Task 9 Epoch 1/1: running validation (end of epoch)
---- Eval at Epoch 0: cls [0.0, 0.0012352211016312961, 0.03275493901061486, 0.007054317557872722, 0.013046827426300955, 0.009478149251673292, 0.01134135570041117, 0.011301843445050109, 0.008989884556124973, 0.02313185482025797] | det_recall [0.5, 0.5024675519127092, 0.43763916518471224, 0.45051724339535754, 0.39332552288421313, 0.42051608639022386, 0.408983112648495, 0.4280738047192066, 0.479841566724648, 0.5040434233329322] | det_fa [0.0, 0.00851807971811224, 0.1891992379707154, 0.12258989470191431, 0.28949027601725363, 0.24137076366622076, 0.26624617049791016, 0.22071349127465256, 0.4925037093563532, 0.5472459242570912] ----
T9 Ep 1/1 | L 2.2144 | Train Acc 0.24 | Prec 0.20 | F1 0.31 | Det Rec 0.98 | Det FA 0.02 | Epoch Time 713.24s (Eval 694.54s, Train 18.70s)
[STATE 2026-06-01 16:59:38] T9 Ep 1/1 complete: Prec 0.2047 F1 0.3115 DetRec 0.9828 DetFA 0.0188 | 713.24s total (694.54s eval/18.70s train)
[STATE 2026-06-01 16:59:38] Task 9: running final validation.
/home/lunet/wsmr11/repos/La-MAML/la-maml_env/lib/python3.10/site-packages/sklearn/metrics/_classification.py:98: UserWarning: The number of unique classes is greater than 50% of the number of samples. `y` could represent a regression problem, not a classification problem.
  type_true = type_of_target(y_true, input_name="y_true")
/home/lunet/wsmr11/repos/La-MAML/la-maml_env/lib/python3.10/site-packages/sklearn/utils/multiclass.py:79: UserWarning: The number of unique classes is greater than 50% of the number of samples. `y` could represent a regression problem, not a classification problem.
  ys_types = set(type_of_target(x) for x in ys)
/home/lunet/wsmr11/repos/La-MAML/la-maml_env/lib/python3.10/site-packages/sklearn/metrics/_classification.py:98: UserWarning: The number of unique classes is greater than 50% of the number of samples. `y` could represent a regression problem, not a classification problem.
  type_true = type_of_target(y_true, input_name="y_true")
/home/lunet/wsmr11/repos/La-MAML/la-maml_env/lib/python3.10/site-packages/sklearn/utils/multiclass.py:79: UserWarning: The number of unique classes is greater than 50% of the number of samples. `y` could represent a regression problem, not a classification problem.
  ys_types = set(type_of_target(x) for x in ys)
/home/lunet/wsmr11/repos/La-MAML/la-maml_env/lib/python3.10/site-packages/sklearn/metrics/_classification.py:98: UserWarning: The number of unique classes is greater than 50% of the number of samples. `y` could represent a regression problem, not a classification problem.
  type_true = type_of_target(y_true, input_name="y_true")
/home/lunet/wsmr11/repos/La-MAML/la-maml_env/lib/python3.10/site-packages/sklearn/utils/multiclass.py:79: UserWarning: The number of unique classes is greater than 50% of the number of samples. `y` could represent a regression problem, not a classification problem.
  ys_types = set(type_of_target(x) for x in ys)
/home/lunet/wsmr11/repos/La-MAML/la-maml_env/lib/python3.10/site-packages/sklearn/metrics/_classification.py:98: UserWarning: The number of unique classes is greater than 50% of the number of samples. `y` could represent a regression problem, not a classification problem.
  type_true = type_of_target(y_true, input_name="y_true")
/home/lunet/wsmr11/repos/La-MAML/la-maml_env/lib/python3.10/site-packages/sklearn/utils/multiclass.py:79: UserWarning: The number of unique classes is greater than 50% of the number of samples. `y` could represent a regression problem, not a classification problem.
  ys_types = set(type_of_target(x) for x in ys)
/home/lunet/wsmr11/repos/La-MAML/la-maml_env/lib/python3.10/site-packages/sklearn/metrics/_classification.py:98: UserWarning: The number of unique classes is greater than 50% of the number of samples. `y` could represent a regression problem, not a classification problem.
  type_true = type_of_target(y_true, input_name="y_true")
/home/lunet/wsmr11/repos/La-MAML/la-maml_env/lib/python3.10/site-packages/sklearn/utils/multiclass.py:79: UserWarning: The number of unique classes is greater than 50% of the number of samples. `y` could represent a regression problem, not a classification problem.
  ys_types = set(type_of_target(x) for x in ys)
/home/lunet/wsmr11/repos/La-MAML/la-maml_env/lib/python3.10/site-packages/sklearn/metrics/_classification.py:98: UserWarning: The number of unique classes is greater than 50% of the number of samples. `y` could represent a regression problem, not a classification problem.
  type_true = type_of_target(y_true, input_name="y_true")
/home/lunet/wsmr11/repos/La-MAML/la-maml_env/lib/python3.10/site-packages/sklearn/utils/multiclass.py:79: UserWarning: The number of unique classes is greater than 50% of the number of samples. `y` could represent a regression problem, not a classification problem.
  ys_types = set(type_of_target(x) for x in ys)
Saved task checkpoint: logs//er_ring/seed-sweep_one-shot_cil-2026-06-01_14-34-24-6157/55/checkpoints/task_9.pt
[STATE 2026-06-01 17:11:13] Saved task checkpoint to logs//er_ring/seed-sweep_one-shot_cil-2026-06-01_14-34-24-6157/55/checkpoints/task_9.pt
[STATE 2026-06-01 17:11:13] Completed task 9 (10/10)
####Final Validation Accuracy####
Final Results:- 
 Total Recall: 0.01168476895219499 
 Individual Recall: [0.0, 0.001388342433631972, 0.032977689216774055, 0.006379976140835248, 0.012150212457552302, 0.009618089323886634, 0.011110747233795014, 0.011992543504072735, 0.008684485021855105, 0.02254560418954682]
Final Detection Results:- 
 Total Detection: 0.45266351742265504 
 Individual Detection: [0.5, 0.5024910038982378, 0.43835642772325856, 0.4505824456239437, 0.39335886151320704, 0.42045741277172466, 0.4091360867059543, 0.42806279537146347, 0.48010052928226493, 0.5040896113364961]
Final Detection False Alarm:- 
 Total False Alarm: 0.23781630804524978 
 Individual False Alarm: [0.0, 0.009686905187172983, 0.18823006685903795, 0.12206478810296889, 0.28975019914826494, 0.2416583864025744, 0.26578260984130797, 0.22077098961579827, 0.4924469907197215, 0.5477721445756506]
SUMMARY_TR cls_rec=0.2356 cls_prec=0.2047 cls_f1=0.3115 det=0.4525 fa=0.2378
SUMMARY_TE cls_rec=0.0117 cls_prec=0.0049 cls_f1=0.0303 det=0.4527 fa=0.2378
[STATE 2026-06-01 17:11:14] Saving results to logs//er_ring/seed-sweep_one-shot_cil-2026-06-01_14-34-24-6157/55/results
Model size: 0.0289 GB
Memory buffer size: 0.0197 GB
logs//er_ring/seed-sweep_one-shot_cil-2026-06-01_14-34-24-6157/55/results: {'expt_name': 'seed-sweep_one-shot_cil', 'model': 'er_ring', 'arch': 'resnet1d', 'n_hiddens': 100, 'n_layers': 2, 'xav_init': False, 'debug': False, 'use_detector_arch': False, 'use_groupnorm': False, 'inner_steps': 2, 'n_epochs': 1, 'batch_size': 256, 'replay_batch_size': 128, 'memories': 5120, 'lr': 0.01, 'optimizer': 'sgd', 'prune_perc': 0.75, 'post_prune_epochs': 0, 'class_weighted_ce': True, 'cuda': True, 'amp': True, 'amp_dtype': 'bfloat16', 'cudnn_benchmark': True, 'seed': 55, 'log_every': 10, 'log_dir': 'logs//er_ring/seed-sweep_one-shot_cil-2026-06-01_14-34-24-6157/55', 'tf_dir': 'logs//er_ring/seed-sweep_one-shot_cil-2026-06-01_14-34-24-6157/55/tfdir', 'calc_test_accuracy': False, 'state_logging': True, 'data_path': 'data/rff/radar/full', 'task_order_files': 't2-rcn,t0-rcn,t2-uclresm-25noise,t0-deeprad,t1-deeprad,t1-uclresm-25noise,t3-deeprad,t0-uclresm-25noise,t1-rcn,t2-deeprad', 'loader': 'class_incremental_loader', 'samples_per_task': -1, 'task_order_seed': None, 'classes_per_it': 6, 'iterations': 5000, 'dataset': 'iq', 'workers': 0, 'validation': 0.5, 'data_scaling': 'normalize', 'use_iq_aug_features': False, 'iq_aug_feature_type': 'power', 'class_order': 'random', 'increment': 5, 'test_batch_size': 512, 'nc_per_task': None, 'nc_per_task_list': '', 'val_rate': 1000, 'opt_lr': 0.1, 'opt_wt': 0.1, 'alpha_init': 0.001, 'momentum': 0.0, 'learn_lr': False, 'sync_update': False, 'grad_clip_norm': 5.0, 'meta_batches': 3, 'use_old_task_memory': False, 'second_order': False, 'n_memories': 5120, 'memory_strength': 0, 'memory_loss_lambda': 0.1, 'steps_per_sample': 1, 'bgd_optimizer': 'sgd', 'optimizer_params': '{}', 'train_mc_iters': 5, 'std_init': 0.05, 'mean_eta': 1, 'fisher_gamma': 0.95, 'rln': 7, 'meta_lr': 0.001, 'update_lr': 0.1, 'ctx_lr': 0.05, 'n_meta': 1, 'temperature': 5.0, 'task_emb': 64, 'noise_label': 54, 'classes_per_task': [5, 6, 5, 6, 6, 5, 5, 5, 6, 5], 'get_samples_per_task': <bound method IncrementalLoader.get_samples_per_task of <dataloaders.class_incremental_loader.IncrementalLoader object at 0x72430b8aa260>>, 'task_epoch_schedule': {}} # val: 0.164 0.012 -0.152 0.000 # sizes: model_gb=0.0289 mem_gb=0.0197 # 9302.932110786438
[STATE 2026-06-01 17:11:14] results.pt components (approx): state_dict 29.6 MB, result_val_t 0.1 KB, result_val_a 0.8 KB
[STATE 2026-06-01 17:11:14] Results saved; total runtime 2.58h
Total runtime: 2.58 hours
