[STATE 2026-05-30 19:35:22] Enabling terminal logging to logs//agem/full-tasks_CIL_all-2026-05-30_19-35-22-4138/55/terminal.log
New Experiment Starting...
Running model:  agem
[STATE 2026-05-30 19:35:22] Experiment 'full-tasks_CIL_all' starting with model 'agem' (seed 55)
Set seed 55
[STATE 2026-05-30 19:35:22] Runtime accel: cudnn.benchmark=False amp=True amp_dtype=bfloat16
t2-rcn.npz train: x=(50362, 1024), y=(50362, 2)
t2-rcn.npz test: x=(16787, 1024), y=(16787, 2)
t2-rcn.npz: applied data scaling mode 'normalize'.
Loaded t2-rcn.npz: Unique train labels: UniqueCountsResult(values=array([-1,  3,  5, 10, 12, 15]), counts=array([24209,  5770,  3030,  2320,  7509,  7524]))
Noise labels ratio in t2-rcn.npz train: 0.24, test: 0.24
Loaded t2-rcn.npz: Remapped labels: [-1  0  1  2  3  4]. Size: 50362)
t0-rcn.npz train: x=(51916, 1024), y=(51916, 2)
t0-rcn.npz test: x=(17305, 1024), y=(17305, 2)
t0-rcn.npz: applied data scaling mode 'normalize'.
Loaded t0-rcn.npz: Unique train labels: UniqueCountsResult(values=array([-1,  1,  8,  9, 11, 13, 14]), counts=array([24225,  4268,  2495,  2943,  3015,  7464,  7506]))
Noise labels ratio in t0-rcn.npz train: 0.23, test: 0.23
Loaded t0-rcn.npz: Remapped labels: [-1  5  6  7  8  9 10]. Size: 51916)
t2-uclresm-25noise.npz train: moved sample axis (3, 350028, 1024) -> (350028, 3, 1024)
t2-uclresm-25noise.npz test: moved sample axis (3, 233351, 1024) -> (233351, 3, 1024)
t2-uclresm-25noise.npz train: x=(350028, 3, 1024), y=(350028,)
t2-uclresm-25noise.npz test: x=(233351, 3, 1024), y=(233351,)
t2-uclresm-25noise.npz: applied data scaling mode 'normalize'.
Loaded t2-uclresm-25noise.npz: Unique train labels: UniqueCountsResult(values=array([-1,  0,  1,  2,  3,  4]), counts=array([87441, 27347, 71754, 64298, 36005, 63183]))
Noise labels ratio in t2-uclresm-25noise.npz train: 0.25, test: 0.25
Loaded t2-uclresm-25noise.npz: Remapped labels: [-1 11 12 13 14 15]. Size: 350028)
t0-deeprad.npz train: x=(24480, 1024), y=(24480, 2)
t0-deeprad.npz test: x=(8160, 1024), y=(8160, 2)
t0-deeprad.npz: applied data scaling mode 'normalize'.
Loaded t0-deeprad.npz: Unique train labels: UniqueCountsResult(values=array([-1,  0,  1,  2,  3,  4,  5]), counts=array([12240,  2029,  1983,  2043,  2154,  2015,  2016]))
Noise labels ratio in t0-deeprad.npz train: 0.25, test: 0.25
Loaded t0-deeprad.npz: Remapped labels: [-1 16 17 18 19 20 21]. Size: 24480)
t1-deeprad.npz train: x=(24480, 1024), y=(24480, 2)
t1-deeprad.npz test: x=(8160, 1024), y=(8160, 2)
t1-deeprad.npz: applied data scaling mode 'normalize'.
Loaded t1-deeprad.npz: Unique train labels: UniqueCountsResult(values=array([-1,  0,  1,  2,  3,  4,  5]), counts=array([12240,  1988,  2029,  2054,  1988,  2053,  2128]))
Noise labels ratio in t1-deeprad.npz train: 0.25, test: 0.25
Loaded t1-deeprad.npz: Remapped labels: [-1 22 23 24 25 26 27]. Size: 24480)
t1-uclresm-25noise.npz train: moved sample axis (3, 201410, 1024) -> (201410, 3, 1024)
t1-uclresm-25noise.npz test: moved sample axis (3, 116291, 1024) -> (116291, 3, 1024)
t1-uclresm-25noise.npz train: x=(201410, 3, 1024), y=(201410,)
t1-uclresm-25noise.npz test: x=(116291, 3, 1024), y=(116291,)
t1-uclresm-25noise.npz: applied data scaling mode 'normalize'.
Loaded t1-uclresm-25noise.npz: Unique train labels: UniqueCountsResult(values=array([-1,  0,  1,  2,  3,  4]), counts=array([43668, 18021, 17838, 18087, 31870, 71926]))
Noise labels ratio in t1-uclresm-25noise.npz train: 0.22, test: 0.25
Loaded t1-uclresm-25noise.npz: Remapped labels: [-1 28 29 30 31 32]. Size: 201410)
t3-deeprad.npz train: x=(17340, 1024), y=(17340, 2)
t3-deeprad.npz test: x=(6800, 1024), y=(6800, 2)
t3-deeprad.npz: applied data scaling mode 'normalize'.
Loaded t3-deeprad.npz: Unique train labels: UniqueCountsResult(values=array([-1,  0,  1,  2,  3,  4]), counts=array([8670, 1693, 1677, 1794, 1716, 1790]))
Noise labels ratio in t3-deeprad.npz train: 0.25, test: 0.25
Loaded t3-deeprad.npz: Remapped labels: [-1 33 34 35 36 37]. Size: 17340)
t0-uclresm-25noise.npz train: moved sample axis (3, 188050, 1024) -> (188050, 3, 1024)
t0-uclresm-25noise.npz test: moved sample axis (3, 107348, 1024) -> (107348, 3, 1024)
t0-uclresm-25noise.npz train: x=(188050, 3, 1024), y=(188050,)
t0-uclresm-25noise.npz test: x=(107348, 3, 1024), y=(107348,)
t0-uclresm-25noise.npz: applied data scaling mode 'normalize'.
Loaded t0-uclresm-25noise.npz: Unique train labels: UniqueCountsResult(values=array([-1,  0,  1,  2,  3,  4]), counts=array([40144, 32109, 17978, 17979, 18098, 61742]))
Noise labels ratio in t0-uclresm-25noise.npz train: 0.21, test: 0.25
Loaded t0-uclresm-25noise.npz: Remapped labels: [-1 38 39 40 41 42]. Size: 188050)
t1-rcn.npz train: x=(36658, 1024), y=(36658, 2)
t1-rcn.npz test: x=(12220, 1024), y=(12220, 2)
t1-rcn.npz: applied data scaling mode 'normalize'.
Loaded t1-rcn.npz: Unique train labels: UniqueCountsResult(values=array([-1,  0,  2,  4,  6,  7, 16]), counts=array([20595,   824,  2087,  2606,  2396,  1716,  6434]))
Noise labels ratio in t1-rcn.npz train: 0.28, test: 0.28
Loaded t1-rcn.npz: Remapped labels: [-1 43 44 45 46 47 48]. Size: 36658)
t2-deeprad.npz train: x=(17340, 1024), y=(17340, 2)
t2-deeprad.npz test: x=(6800, 1024), y=(6800, 2)
t2-deeprad.npz: applied data scaling mode 'normalize'.
Loaded t2-deeprad.npz: Unique train labels: UniqueCountsResult(values=array([-1,  0,  1,  2,  3,  4]), counts=array([8670, 1774, 1675, 1777, 1694, 1750]))
Noise labels ratio in t2-deeprad.npz train: 0.25, test: 0.25
Loaded t2-deeprad.npz: Remapped labels: [-1 49 50 51 52 53]. Size: 17340)
Built IQ classes_per_task (increments): [5, 6, 5, 6, 6, 5, 5, 5, 6, 5]
Classes per task: [5, 6, 5, 6, 6, 5, 5, 5, 6, 5]
[STATE 2026-05-30 19:36:30] Loader 'class_incremental_loader' ready: 1024 inputs, 55 outputs, 10 tasks
n_outputs: 55 	n_tasks: 10
[STATE 2026-05-30 19:36:30] Logging to logs//agem/full-tasks_CIL_all-2026-05-30_19-35-22-4138/55
True
Model device: cuda:0
[STATE 2026-05-30 19:36:31] Model initialized on device cuda:0
[STATE 2026-05-30 19:36:31] Invoking continual life experience flow
[STATE 2026-05-30 19:36:31] Life experience start: 10 tasks queued
[STATE 2026-05-30 19:36:31] Legacy epoch behavior enabled: using n_epochs=1 for all tasks
[STATE 2026-05-30 19:36:31] Task 0: zero-shot validation (pre-train)
---- Zero-shot (pre-train) task 0: rec_cls 0.1911 | prec_cls 0.1203 | f1_cls 0.0558 | det 0.5001 | pfa 0.9997 | total_f1 0.0558 ----
[STATE 2026-05-30 19:36:39] Starting task 0 (1/10)
[STATE 2026-05-30 19:36:39] Task 0 Epoch 1/1: entering train loop
[STATE 2026-05-30 19:37:38] Task 0 Epoch 1/1: running validation (end of epoch)
---- Eval at Epoch 0: cls [0.8245077115143825] | det_recall [0.8831660567851115] | det_fa [0.1990034039463193] ----
T0 Ep 1/1 | L 0.9267 | Train Acc 0.64 | Prec 0.67 | F1 0.59 | Det Rec 0.82 | Det FA 0.32 | Epoch Time 67.15s (Eval 8.49s, Train 58.66s)
[STATE 2026-05-30 19:37:46] T0 Ep 1/1 complete: Prec 0.6670 F1 0.5867 DetRec 0.8178 DetFA 0.3238 | 67.15s total (8.49s eval/58.66s train)
[STATE 2026-05-30 19:37:46] Task 0: running final validation.
Saved task checkpoint: logs//agem/full-tasks_CIL_all-2026-05-30_19-35-22-4138/55/checkpoints/task_0.pt
[STATE 2026-05-30 19:37:55] Saved task checkpoint to logs//agem/full-tasks_CIL_all-2026-05-30_19-35-22-4138/55/checkpoints/task_0.pt
[STATE 2026-05-30 19:37:55] Completed task 0 (1/10)
[STATE 2026-05-30 19:37:55] Task 1: zero-shot validation (pre-train)
---- Zero-shot (pre-train) task 1: rec_cls 0.3557 | prec_cls 0.1909 | f1_cls 0.2387 | det 0.7624 | pfa 0.3886 | total_f1 0.5089 ----
[STATE 2026-05-30 19:38:20] Starting task 1 (2/10)
[STATE 2026-05-30 19:38:20] Task 1 Epoch 1/1: entering train loop
[STATE 2026-05-30 19:39:34] Task 1 Epoch 1/1: running validation (end of epoch)
---- Eval at Epoch 0: cls [0.0, 0.277523038215939] | det_recall [0.5, 0.7052969208968733] | det_fa [0.0, 0.3670429708566156] ----
T1 Ep 1/1 | L 1.0757 | Train Acc 0.59 | Prec 0.63 | F1 0.47 | Det Rec 0.67 | Det FA 0.58 | Epoch Time 99.35s (Eval 25.42s, Train 73.93s)
[STATE 2026-05-30 19:40:00] T1 Ep 1/1 complete: Prec 0.6328 F1 0.4723 DetRec 0.6659 DetFA 0.5805 | 99.35s total (25.42s eval/73.93s train)
[STATE 2026-05-30 19:40:00] Task 1: running final validation.
Saved task checkpoint: logs//agem/full-tasks_CIL_all-2026-05-30_19-35-22-4138/55/checkpoints/task_1.pt
[STATE 2026-05-30 19:40:25] Saved task checkpoint to logs//agem/full-tasks_CIL_all-2026-05-30_19-35-22-4138/55/checkpoints/task_1.pt
[STATE 2026-05-30 19:40:25] Completed task 1 (2/10)
Note: Unified mixed IQ test tensors to (N, 3, L) via ADC0 I/Q + zero-padded ADC1/2 (IID2-style) for cumulative CIL.
[STATE 2026-05-30 19:40:26] Task 2: zero-shot validation (pre-train)
---- Zero-shot (pre-train) task 2: rec_cls 0.0619 | prec_cls 0.0091 | f1_cls 0.0139 | det 0.4625 | pfa 0.9336 | total_f1 0.1156 ----
[STATE 2026-05-30 19:42:35] Starting task 2 (3/10)
[STATE 2026-05-30 19:42:35] Task 2 Epoch 1/1: entering train loop
[STATE 2026-05-30 19:56:05] Task 2 Epoch 1/1: running validation (end of epoch)
---- Eval at Epoch 0: cls [0.0, 0.0, 0.10034817575926472] | det_recall [0.5, 0.5, 0.635662016921475] | det_fa [0.0, 0.0, 0.5811064467165477] ----
T2 Ep 1/1 | L 1.2839 | Train Acc 0.42 | Prec 0.44 | F1 0.43 | Det Rec 0.79 | Det FA 0.38 | Epoch Time 939.12s (Eval 128.85s, Train 810.27s)
[STATE 2026-05-30 19:58:14] T2 Ep 1/1 complete: Prec 0.4434 F1 0.4320 DetRec 0.7854 DetFA 0.3774 | 939.12s total (128.85s eval/810.27s train)
[STATE 2026-05-30 19:58:14] Task 2: running final validation.
Saved task checkpoint: logs//agem/full-tasks_CIL_all-2026-05-30_19-35-22-4138/55/checkpoints/task_2.pt
[STATE 2026-05-30 20:00:22] Saved task checkpoint to logs//agem/full-tasks_CIL_all-2026-05-30_19-35-22-4138/55/checkpoints/task_2.pt
[STATE 2026-05-30 20:00:22] Completed task 2 (3/10)
Note: Unified mixed IQ test tensors to (N, 3, L) via ADC0 I/Q + zero-padded ADC1/2 (IID2-style) for cumulative CIL.
[STATE 2026-05-30 20:00:23] Task 3: zero-shot validation (pre-train)
---- Zero-shot (pre-train) task 3: rec_cls 0.0689 | prec_cls 0.0756 | f1_cls 0.0749 | det 0.6066 | pfa 0.6105 | total_f1 0.0856 ----
[STATE 2026-05-30 20:03:51] Starting task 3 (4/10)
[STATE 2026-05-30 20:03:51] Task 3 Epoch 1/1: entering train loop
[STATE 2026-05-30 20:04:45] Task 3 Epoch 1/1: running validation (end of epoch)
---- Eval at Epoch 0: cls [0.0, 0.0, 0.01738072400802935, 0.08940842772234157] | det_recall [0.5, 0.5, 0.5238856213434268, 0.5276011317497005] | det_fa [0.0, 0.0, 0.24587248237743847, 0.5676799044567942] ----
T3 Ep 1/1 | L 1.6581 | Train Acc 0.38 | Prec 0.35 | F1 0.42 | Det Rec 0.98 | Det FA 0.03 | Epoch Time 206.12s (Eval 152.86s, Train 53.26s)
[STATE 2026-05-30 20:07:17] T3 Ep 1/1 complete: Prec 0.3537 F1 0.4240 DetRec 0.9791 DetFA 0.0308 | 206.12s total (152.86s eval/53.26s train)
[STATE 2026-05-30 20:07:17] Task 3: running final validation.
Saved task checkpoint: logs//agem/full-tasks_CIL_all-2026-05-30_19-35-22-4138/55/checkpoints/task_3.pt
[STATE 2026-05-30 20:09:50] Saved task checkpoint to logs//agem/full-tasks_CIL_all-2026-05-30_19-35-22-4138/55/checkpoints/task_3.pt
[STATE 2026-05-30 20:09:50] Completed task 3 (4/10)
Note: Unified mixed IQ test tensors to (N, 3, L) via ADC0 I/Q + zero-padded ADC1/2 (IID2-style) for cumulative CIL.
[STATE 2026-05-30 20:09:51] Task 4: zero-shot validation (pre-train)
---- Zero-shot (pre-train) task 4: rec_cls 0.0692 | prec_cls 0.0105 | f1_cls 0.0207 | det 0.5191 | pfa 0.5836 | total_f1 0.0512 ----
[STATE 2026-05-30 20:13:35] Starting task 4 (5/10)
[STATE 2026-05-30 20:13:35] Task 4 Epoch 1/1: entering train loop
[STATE 2026-05-30 20:15:05] Task 4 Epoch 1/1: running validation (end of epoch)
---- Eval at Epoch 0: cls [0.0, 0.0, 0.009202562536459492, 0.007295586590500751, 0.04422145214291684] | det_recall [0.5, 0.5, 0.43801927284021325, 0.47438665969534655, 0.462736034055595] | det_fa [0.0, 0.0, 0.3717776599522166, 0.3864492267535987, 0.5679395635547818] ----
T4 Ep 1/1 | L 1.5075 | Train Acc 0.29 | Prec 0.25 | F1 0.34 | Det Rec 1.00 | Det FA 0.00 | Epoch Time 436.19s (Eval 346.80s, Train 89.39s)
[STATE 2026-05-30 20:20:52] T4 Ep 1/1 complete: Prec 0.2548 F1 0.3387 DetRec 0.9979 DetFA 0.0040 | 436.19s total (346.80s eval/89.39s train)
[STATE 2026-05-30 20:20:52] Task 4: running final validation.
Saved task checkpoint: logs//agem/full-tasks_CIL_all-2026-05-30_19-35-22-4138/55/checkpoints/task_4.pt
[STATE 2026-05-30 20:26:38] Saved task checkpoint to logs//agem/full-tasks_CIL_all-2026-05-30_19-35-22-4138/55/checkpoints/task_4.pt
[STATE 2026-05-30 20:26:38] Completed task 4 (5/10)
Note: Unified mixed IQ test tensors to (N, 3, L) via ADC0 I/Q + zero-padded ADC1/2 (IID2-style) for cumulative CIL.
[STATE 2026-05-30 20:26:40] Task 5: zero-shot validation (pre-train)
---- Zero-shot (pre-train) task 5: rec_cls 0.0326 | prec_cls 0.0026 | f1_cls 0.0151 | det 0.4874 | pfa 0.5135 | total_f1 0.0426 ----
[STATE 2026-05-30 20:35:07] Starting task 5 (6/10)
[STATE 2026-05-30 20:35:07] Task 5 Epoch 1/1: entering train loop
[STATE 2026-05-30 20:53:10] Task 5 Epoch 1/1: running validation (end of epoch)
---- Eval at Epoch 0: cls [0.0, 0.0, 0.00497500493840163, 0.0034382642867453557, 0.0025403902423658756, 0.09781414855686689] | det_recall [0.5, 0.5, 0.5124763503582687, 0.5122974933098284, 0.5114871597761714, 0.6354203774113185] | det_fa [0.0, 0.0, 0.0003956312538855222, 0.0004687944769717346, 0.000712836279219515, 0.5864956339627412] ----
T5 Ep 1/1 | L 0.9746 | Train Acc 0.62 | Prec 0.62 | F1 0.59 | Det Rec 0.83 | Det FA 0.29 | Epoch Time 1409.89s (Eval 326.62s, Train 1083.28s)
[STATE 2026-05-30 20:58:37] T5 Ep 1/1 complete: Prec 0.6200 F1 0.5935 DetRec 0.8257 DetFA 0.2879 | 1409.89s total (326.62s eval/1083.28s train)
[STATE 2026-05-30 20:58:37] Task 5: running final validation.
Saved task checkpoint: logs//agem/full-tasks_CIL_all-2026-05-30_19-35-22-4138/55/checkpoints/task_5.pt
[STATE 2026-05-30 21:04:04] Saved task checkpoint to logs//agem/full-tasks_CIL_all-2026-05-30_19-35-22-4138/55/checkpoints/task_5.pt
[STATE 2026-05-30 21:04:04] Completed task 5 (6/10)
Note: Unified mixed IQ test tensors to (N, 3, L) via ADC0 I/Q + zero-padded ADC1/2 (IID2-style) for cumulative CIL.
[STATE 2026-05-30 21:04:05] Task 6: zero-shot validation (pre-train)
---- Zero-shot (pre-train) task 6: rec_cls 0.0851 | prec_cls 0.0289 | f1_cls 0.0480 | det 0.6126 | pfa 0.6255 | total_f1 0.0504 ----
[STATE 2026-05-30 21:11:17] Starting task 6 (7/10)
[STATE 2026-05-30 21:11:17] Task 6 Epoch 1/1: entering train loop
[STATE 2026-05-30 21:12:26] Task 6 Epoch 1/1: running validation (end of epoch)
---- Eval at Epoch 0: cls [0.0, 0.0, 0.0, 0.0, 0.0, 0.006382992145125005, 0.02106755999060081] | det_recall [0.5, 0.5, 0.5, 0.5, 0.5, 0.45038658888755567, 0.45380855876300913] | det_fa [0.0, 0.0, 0.0, 0.0, 0.0, 0.3208714935565698, 0.4348797275130243] ----
T6 Ep 1/1 | L 2.5838 | Train Acc 0.27 | Prec 0.23 | F1 0.33 | Det Rec 0.94 | Det FA 0.10 | Epoch Time 501.40s (Eval 432.84s, Train 68.56s)
[STATE 2026-05-30 21:19:39] T6 Ep 1/1 complete: Prec 0.2335 F1 0.3266 DetRec 0.9434 DetFA 0.1025 | 501.40s total (432.84s eval/68.56s train)
[STATE 2026-05-30 21:19:39] Task 6: running final validation.
Saved task checkpoint: logs//agem/full-tasks_CIL_all-2026-05-30_19-35-22-4138/55/checkpoints/task_6.pt
[STATE 2026-05-30 21:26:51] Saved task checkpoint to logs//agem/full-tasks_CIL_all-2026-05-30_19-35-22-4138/55/checkpoints/task_6.pt
[STATE 2026-05-30 21:26:51] Completed task 6 (7/10)
Note: Unified mixed IQ test tensors to (N, 3, L) via ADC0 I/Q + zero-padded ADC1/2 (IID2-style) for cumulative CIL.
[STATE 2026-05-30 21:26:52] Task 7: zero-shot validation (pre-train)
---- Zero-shot (pre-train) task 7: rec_cls 0.0168 | prec_cls 0.0003 | f1_cls 0.0110 | det 0.4689 | pfa 0.4017 | total_f1 0.0337 ----
[STATE 2026-05-30 21:36:20] Starting task 7 (8/10)
[STATE 2026-05-30 21:36:20] Task 7 Epoch 1/1: entering train loop
[STATE 2026-05-30 21:50:42] Task 7 Epoch 1/1: running validation (end of epoch)
---- Eval at Epoch 0: cls [0.0, 0.0, 0.0022137864301657907, 0.0013812415089340644, 0.0009158837024933436, 0.014771744774979322, 0.012954269975760357, 0.07659752370778226] | det_recall [0.5, 0.5, 0.504386054395234, 0.4853558404771037, 0.4677886180806931, 0.5484103091771761, 0.5431999161498241, 0.5537507924404077] | det_fa [0.0, 0.0, 0.00019899365133891405, 0.03768572050479161, 0.07131007014927525, 0.0014051381133249783, 0.007756538128488236, 0.8271898931923932] ----
T7 Ep 1/1 | L 1.1786 | Train Acc 0.51 | Prec 0.55 | F1 0.51 | Det Rec 0.81 | Det FA 0.31 | Epoch Time 1430.92s (Eval 568.50s, Train 862.42s)
[STATE 2026-05-30 22:00:11] T7 Ep 1/1 complete: Prec 0.5530 F1 0.5127 DetRec 0.8056 DetFA 0.3054 | 1430.92s total (568.50s eval/862.42s train)
[STATE 2026-05-30 22:00:11] Task 7: running final validation.
Saved task checkpoint: logs//agem/full-tasks_CIL_all-2026-05-30_19-35-22-4138/55/checkpoints/task_7.pt
[STATE 2026-05-30 22:09:40] Saved task checkpoint to logs//agem/full-tasks_CIL_all-2026-05-30_19-35-22-4138/55/checkpoints/task_7.pt
[STATE 2026-05-30 22:09:40] Completed task 7 (8/10)
Note: Unified mixed IQ test tensors to (N, 3, L) via ADC0 I/Q + zero-padded ADC1/2 (IID2-style) for cumulative CIL.
[STATE 2026-05-30 22:09:41] Task 8: zero-shot validation (pre-train)
---- Zero-shot (pre-train) task 8: rec_cls 0.0666 | prec_cls 0.0155 | f1_cls 0.0250 | det 0.5506 | pfa 0.8320 | total_f1 0.0387 ----
[STATE 2026-05-30 22:21:29] Starting task 8 (9/10)
[STATE 2026-05-30 22:21:29] Task 8 Epoch 1/1: entering train loop
[STATE 2026-05-30 22:24:41] Task 8 Epoch 1/1: running validation (end of epoch)
---- Eval at Epoch 0: cls [0.0, 0.0, 1.0555012037799686e-05, 2.9155570951236583e-06, 0.0, 0.0, 0.0, 3.290215679128079e-05, 0.011503833157202171] | det_recall [0.5, 0.5, 0.5000170971049044, 0.5000521451488221, 0.502948120687184, 0.5026066501455595, 0.5051507507177403, 0.5036090646654413, 0.5280758601378437] | det_fa [0.0, 0.0, 0.0, 0.0, 0.0, 8.440604060322622e-05, 0.0012768588575748892, 0.0058295279648553815, 0.7103487222180705] ----
T8 Ep 1/1 | L 2.2948 | Train Acc 0.34 | Prec 0.36 | F1 0.30 | Det Rec 0.73 | Det FA 0.47 | Epoch Time 898.87s (Eval 707.26s, Train 191.61s)
[STATE 2026-05-30 22:36:28] T8 Ep 1/1 complete: Prec 0.3558 F1 0.2989 DetRec 0.7289 DetFA 0.4670 | 898.87s total (707.26s eval/191.61s train)
[STATE 2026-05-30 22:36:28] Task 8: running final validation.
Saved task checkpoint: logs//agem/full-tasks_CIL_all-2026-05-30_19-35-22-4138/55/checkpoints/task_8.pt
[STATE 2026-05-30 22:48:14] Saved task checkpoint to logs//agem/full-tasks_CIL_all-2026-05-30_19-35-22-4138/55/checkpoints/task_8.pt
[STATE 2026-05-30 22:48:14] Completed task 8 (9/10)
Note: Unified mixed IQ test tensors to (N, 3, L) via ADC0 I/Q + zero-padded ADC1/2 (IID2-style) for cumulative CIL.
[STATE 2026-05-30 22:48:15] Task 9: zero-shot validation (pre-train)
/home/lunet/wsmr11/repos/La-MAML/la-maml_env/lib/python3.10/site-packages/sklearn/metrics/_classification.py:98: UserWarning: The number of unique classes is greater than 50% of the number of samples. `y` could represent a regression problem, not a classification problem.
  type_true = type_of_target(y_true, input_name="y_true")
/home/lunet/wsmr11/repos/La-MAML/la-maml_env/lib/python3.10/site-packages/sklearn/utils/multiclass.py:79: UserWarning: The number of unique classes is greater than 50% of the number of samples. `y` could represent a regression problem, not a classification problem.
  ys_types = set(type_of_target(x) for x in ys)
/home/lunet/wsmr11/repos/La-MAML/la-maml_env/lib/python3.10/site-packages/sklearn/metrics/_classification.py:98: UserWarning: The number of unique classes is greater than 50% of the number of samples. `y` could represent a regression problem, not a classification problem.
  type_true = type_of_target(y_true, input_name="y_true")
/home/lunet/wsmr11/repos/La-MAML/la-maml_env/lib/python3.10/site-packages/sklearn/utils/multiclass.py:79: UserWarning: The number of unique classes is greater than 50% of the number of samples. `y` could represent a regression problem, not a classification problem.
  ys_types = set(type_of_target(x) for x in ys)
---- Zero-shot (pre-train) task 9: rec_cls 0.0114 | prec_cls 0.0003 | f1_cls 0.0080 | det 0.5231 | pfa 0.7138 | total_f1 0.0289 ----
[STATE 2026-05-30 23:03:11] Starting task 9 (10/10)
[STATE 2026-05-30 23:03:11] Task 9 Epoch 1/1: entering train loop
[STATE 2026-05-30 23:06:07] Task 9 Epoch 1/1: running validation (end of epoch)
---- Eval at Epoch 0: cls [0.0, 0.0, 1.9638456024587346e-06, 0.0, 0.0, 0.0005254896227648906, 0.0, 2.962454974038058e-05, 0.006500895614015762, 0.01350298417888288] | det_recall [0.5, 0.5, 0.5014418738866419, 0.5018990212572355, 0.5037516778217316, 0.5062870824776817, 0.5108792450705261, 0.5103354699316904, 0.45426331637238343, 0.5350829926832267] | det_fa [0.0, 0.0, 0.0, 9.712977668457734e-05, 0.0004758440663542277, 0.0019357690779039983, 0.006095653644919936, 0.009048667049346986, 0.30528011669156296, 0.5657433595032144] ----
T9 Ep 1/1 | L 2.2837 | Train Acc 0.23 | Prec 0.17 | F1 0.29 | Det Rec 0.97 | Det FA 0.05 | Epoch Time 1495.90s (Eval 1319.51s, Train 176.39s)
[STATE 2026-05-30 23:28:07] T9 Ep 1/1 complete: Prec 0.1706 F1 0.2868 DetRec 0.9731 DetFA 0.0507 | 1495.90s total (1319.51s eval/176.39s train)
[STATE 2026-05-30 23:28:07] Task 9: running final validation.
/home/lunet/wsmr11/repos/La-MAML/la-maml_env/lib/python3.10/site-packages/sklearn/metrics/_classification.py:98: UserWarning: The number of unique classes is greater than 50% of the number of samples. `y` could represent a regression problem, not a classification problem.
  type_true = type_of_target(y_true, input_name="y_true")
/home/lunet/wsmr11/repos/La-MAML/la-maml_env/lib/python3.10/site-packages/sklearn/utils/multiclass.py:79: UserWarning: The number of unique classes is greater than 50% of the number of samples. `y` could represent a regression problem, not a classification problem.
  ys_types = set(type_of_target(x) for x in ys)
/home/lunet/wsmr11/repos/La-MAML/la-maml_env/lib/python3.10/site-packages/sklearn/metrics/_classification.py:98: UserWarning: The number of unique classes is greater than 50% of the number of samples. `y` could represent a regression problem, not a classification problem.
  type_true = type_of_target(y_true, input_name="y_true")
/home/lunet/wsmr11/repos/La-MAML/la-maml_env/lib/python3.10/site-packages/sklearn/utils/multiclass.py:79: UserWarning: The number of unique classes is greater than 50% of the number of samples. `y` could represent a regression problem, not a classification problem.
  ys_types = set(type_of_target(x) for x in ys)
/home/lunet/wsmr11/repos/La-MAML/la-maml_env/lib/python3.10/site-packages/sklearn/metrics/_classification.py:98: UserWarning: The number of unique classes is greater than 50% of the number of samples. `y` could represent a regression problem, not a classification problem.
  type_true = type_of_target(y_true, input_name="y_true")
/home/lunet/wsmr11/repos/La-MAML/la-maml_env/lib/python3.10/site-packages/sklearn/utils/multiclass.py:79: UserWarning: The number of unique classes is greater than 50% of the number of samples. `y` could represent a regression problem, not a classification problem.
  ys_types = set(type_of_target(x) for x in ys)
/home/lunet/wsmr11/repos/La-MAML/la-maml_env/lib/python3.10/site-packages/sklearn/metrics/_classification.py:98: UserWarning: The number of unique classes is greater than 50% of the number of samples. `y` could represent a regression problem, not a classification problem.
  type_true = type_of_target(y_true, input_name="y_true")
/home/lunet/wsmr11/repos/La-MAML/la-maml_env/lib/python3.10/site-packages/sklearn/utils/multiclass.py:79: UserWarning: The number of unique classes is greater than 50% of the number of samples. `y` could represent a regression problem, not a classification problem.
  ys_types = set(type_of_target(x) for x in ys)
/home/lunet/wsmr11/repos/La-MAML/la-maml_env/lib/python3.10/site-packages/sklearn/metrics/_classification.py:98: UserWarning: The number of unique classes is greater than 50% of the number of samples. `y` could represent a regression problem, not a classification problem.
  type_true = type_of_target(y_true, input_name="y_true")
/home/lunet/wsmr11/repos/La-MAML/la-maml_env/lib/python3.10/site-packages/sklearn/utils/multiclass.py:79: UserWarning: The number of unique classes is greater than 50% of the number of samples. `y` could represent a regression problem, not a classification problem.
  ys_types = set(type_of_target(x) for x in ys)
/home/lunet/wsmr11/repos/La-MAML/la-maml_env/lib/python3.10/site-packages/sklearn/metrics/_classification.py:98: UserWarning: The number of unique classes is greater than 50% of the number of samples. `y` could represent a regression problem, not a classification problem.
  type_true = type_of_target(y_true, input_name="y_true")
/home/lunet/wsmr11/repos/La-MAML/la-maml_env/lib/python3.10/site-packages/sklearn/utils/multiclass.py:79: UserWarning: The number of unique classes is greater than 50% of the number of samples. `y` could represent a regression problem, not a classification problem.
  ys_types = set(type_of_target(x) for x in ys)
Saved task checkpoint: logs//agem/full-tasks_CIL_all-2026-05-30_19-35-22-4138/55/checkpoints/task_9.pt
[STATE 2026-05-30 23:49:36] Saved task checkpoint to logs//agem/full-tasks_CIL_all-2026-05-30_19-35-22-4138/55/checkpoints/task_9.pt
[STATE 2026-05-30 23:49:36] Completed task 9 (10/10)
####Final Validation Accuracy####
Final Results:- 
 Total Recall: 0.002089728116592791 
 Individual Recall: [0.0, 0.0, 2.5682644696020217e-06, 0.0, 0.0, 0.0004659323373565238, 0.0, 6.069863342659336e-05, 0.00655995534748632, 0.013808126583188866]
Final Detection Results:- 
 Total Detection: 0.5023842687865157 
 Individual Detection: [0.5, 0.5, 0.5014362692951814, 0.5019072261059649, 0.5037769363586152, 0.5065401437668287, 0.5109883832503331, 0.5103415618720297, 0.454290536099268, 0.5345616311169358]
Final Detection False Alarm:- 
 Total False Alarm: 0.08887839845916216 
 Individual False Alarm: [0.0, 0.0, 0.0, 1.622718052738337e-05, 0.00047715041602781086, 0.0016114255443548085, 0.006171944354798748, 0.008995824313561218, 0.3049370396534168, 0.5665743731289349]
SUMMARY_TR cls_rec=0.2304 cls_prec=0.1706 cls_f1=0.2868 det=0.5024 fa=0.0889
SUMMARY_TE cls_rec=0.0021 cls_prec=0.0004 cls_f1=0.0293 det=0.5024 fa=0.0889
[STATE 2026-05-30 23:49:37] Saving results to logs//agem/full-tasks_CIL_all-2026-05-30_19-35-22-4138/55/results
Model size: 0.0289 GB
Memory buffer size: 0.0196 GB
logs//agem/full-tasks_CIL_all-2026-05-30_19-35-22-4138/55/results: {'expt_name': 'full-tasks_CIL_all', 'model': 'agem', 'arch': 'resnet1d', 'n_hiddens': 100, 'n_layers': 2, 'xav_init': False, 'debug': False, 'use_detector_arch': False, 'use_groupnorm': False, 'inner_steps': 2, 'n_epochs': 1, 'batch_size': 256, 'replay_batch_size': 128, 'memories': 5120, 'lr': 0.01, 'optimizer': 'sgd', 'prune_perc': 0.75, 'post_prune_epochs': 0, 'class_weighted_ce': True, 'cuda': True, 'amp': True, 'amp_dtype': 'bfloat16', 'cudnn_benchmark': True, 'seed': 55, 'log_every': 10, 'log_dir': 'logs//agem/full-tasks_CIL_all-2026-05-30_19-35-22-4138/55', 'tf_dir': 'logs//agem/full-tasks_CIL_all-2026-05-30_19-35-22-4138/55/tfdir', 'calc_test_accuracy': False, 'state_logging': True, 'data_path': 'data/rff/radar/full', 'task_order_files': 't2-rcn,t0-rcn,t2-uclresm-25noise,t0-deeprad,t1-deeprad,t1-uclresm-25noise,t3-deeprad,t0-uclresm-25noise,t1-rcn,t2-deeprad', 'loader': 'class_incremental_loader', 'samples_per_task': -1, 'task_order_seed': None, 'classes_per_it': 6, 'iterations': 5000, 'dataset': 'iq', 'workers': 0, 'validation': 0.5, 'data_scaling': 'normalize', 'use_iq_aug_features': False, 'iq_aug_feature_type': 'power', 'class_order': 'random', 'increment': 5, 'test_batch_size': 512, 'nc_per_task': None, 'nc_per_task_list': '', 'val_rate': 1000, 'opt_lr': 0.1, 'opt_wt': 0.1, 'alpha_init': 0.001, 'momentum': 0.0, 'learn_lr': False, 'sync_update': False, 'grad_clip_norm': 5.0, 'meta_batches': 3, 'use_old_task_memory': False, 'second_order': False, 'n_memories': 5120, 'memory_strength': 0, 'memory_loss_lambda': 5, 'steps_per_sample': 1, 'bgd_optimizer': 'sgd', 'optimizer_params': '{}', 'train_mc_iters': 5, 'std_init': 0.05, 'mean_eta': 1, 'fisher_gamma': 0.95, 'rln': 7, 'meta_lr': 0.001, 'update_lr': 0.1, 'ctx_lr': 0.05, 'n_meta': 1, 'temperature': 5.0, 'task_emb': 64, 'noise_label': 54, 'classes_per_task': [5, 6, 5, 6, 6, 5, 5, 5, 6, 5], 'get_samples_per_task': <bound method IncrementalLoader.get_samples_per_task of <dataloaders.class_incremental_loader.IncrementalLoader object at 0x7049bfdbdf90>>, 'task_epoch_schedule': {}} # val: 0.155 0.002 -0.153 0.000 # sizes: model_gb=0.0289 mem_gb=0.0196 # 15185.913896799088
[STATE 2026-05-30 23:49:37] results.pt components (approx): state_dict 29.6 MB, result_val_t 0.1 KB, result_val_a 0.8 KB
[STATE 2026-05-30 23:49:37] Results saved; total runtime 4.22h
Total runtime: 4.22 hours
