[STATE 2026-04-18 19:00:27] Enabling terminal logging to logs//packnet/full-tasks_CIL_all-2026-04-18_19-00-27-6819/0/terminal.log
New Experiment Starting...
Running model:  packnet
[STATE 2026-04-18 19:00:27] Experiment 'full-tasks_CIL_all' starting with model 'packnet' (seed 0)
Set seed 0
t2-rcn.npz train: x=(50362, 1024), y=(50362, 2)
t2-rcn.npz test: x=(16787, 1024), y=(16787, 2)
t2-rcn.npz: applied data scaling mode 'normalize'.
Loaded t2-rcn.npz: Unique train labels: UniqueCountsResult(values=array([-1,  3,  5, 10, 12, 15]), counts=array([24209,  5770,  3030,  2320,  7509,  7524]))
Noise labels ratio in t2-rcn.npz train: 0.24, test: 0.24
Loaded t2-rcn.npz: Remapped labels: [0 1 2 3 4 5]. Size: 50362)
t0-rcn.npz train: x=(51916, 1024), y=(51916, 2)
t0-rcn.npz test: x=(17305, 1024), y=(17305, 2)
t0-rcn.npz: applied data scaling mode 'normalize'.
Loaded t0-rcn.npz: Unique train labels: UniqueCountsResult(values=array([-1,  1,  8,  9, 11, 13, 14]), counts=array([24225,  4268,  2495,  2943,  3015,  7464,  7506]))
Noise labels ratio in t0-rcn.npz train: 0.23, test: 0.23
Loaded t0-rcn.npz: Remapped labels: [ 6  7  8  9 10 11 12]. Size: 51916)
t2-uclresm-25noise.npz train: moved sample axis (3, 350028, 1024) -> (350028, 3, 1024)
t2-uclresm-25noise.npz test: moved sample axis (3, 233351, 1024) -> (233351, 3, 1024)
t2-uclresm-25noise.npz train: x=(350028, 3, 1024), y=(350028,)
t2-uclresm-25noise.npz test: x=(233351, 3, 1024), y=(233351,)
t2-uclresm-25noise.npz: applied data scaling mode 'normalize'.
Loaded t2-uclresm-25noise.npz: Unique train labels: UniqueCountsResult(values=array([-1,  0,  1,  2,  3,  4]), counts=array([87441, 27347, 71754, 64298, 36005, 63183]))
Noise labels ratio in t2-uclresm-25noise.npz train: 0.25, test: 0.25
Loaded t2-uclresm-25noise.npz: Remapped labels: [13 14 15 16 17 18]. Size: 350028)
t0-deeprad.npz train: x=(24480, 1024), y=(24480, 2)
t0-deeprad.npz test: x=(8160, 1024), y=(8160, 2)
t0-deeprad.npz: applied data scaling mode 'normalize'.
Loaded t0-deeprad.npz: Unique train labels: UniqueCountsResult(values=array([-1,  0,  1,  2,  3,  4,  5]), counts=array([12240,  2029,  1983,  2043,  2154,  2015,  2016]))
Noise labels ratio in t0-deeprad.npz train: 0.25, test: 0.25
Loaded t0-deeprad.npz: Remapped labels: [19 20 21 22 23 24 25]. Size: 24480)
t1-deeprad.npz train: x=(24480, 1024), y=(24480, 2)
t1-deeprad.npz test: x=(8160, 1024), y=(8160, 2)
t1-deeprad.npz: applied data scaling mode 'normalize'.
Loaded t1-deeprad.npz: Unique train labels: UniqueCountsResult(values=array([-1,  0,  1,  2,  3,  4,  5]), counts=array([12240,  1988,  2029,  2054,  1988,  2053,  2128]))
Noise labels ratio in t1-deeprad.npz train: 0.25, test: 0.25
Loaded t1-deeprad.npz: Remapped labels: [26 27 28 29 30 31 32]. Size: 24480)
t1-uclresm-25noise.npz train: moved sample axis (3, 201410, 1024) -> (201410, 3, 1024)
t1-uclresm-25noise.npz test: moved sample axis (3, 116291, 1024) -> (116291, 3, 1024)
t1-uclresm-25noise.npz train: x=(201410, 3, 1024), y=(201410,)
t1-uclresm-25noise.npz test: x=(116291, 3, 1024), y=(116291,)
t1-uclresm-25noise.npz: applied data scaling mode 'normalize'.
Loaded t1-uclresm-25noise.npz: Unique train labels: UniqueCountsResult(values=array([-1,  0,  1,  2,  3,  4]), counts=array([43668, 18021, 17838, 18087, 31870, 71926]))
Noise labels ratio in t1-uclresm-25noise.npz train: 0.22, test: 0.25
Loaded t1-uclresm-25noise.npz: Remapped labels: [33 34 35 36 37 38]. Size: 201410)
t3-deeprad.npz train: x=(17340, 1024), y=(17340, 2)
t3-deeprad.npz test: x=(6800, 1024), y=(6800, 2)
t3-deeprad.npz: applied data scaling mode 'normalize'.
Loaded t3-deeprad.npz: Unique train labels: UniqueCountsResult(values=array([-1,  0,  1,  2,  3,  4]), counts=array([8670, 1693, 1677, 1794, 1716, 1790]))
Noise labels ratio in t3-deeprad.npz train: 0.25, test: 0.25
Loaded t3-deeprad.npz: Remapped labels: [39 40 41 42 43 44]. Size: 17340)
t0-uclresm-25noise.npz train: moved sample axis (3, 188050, 1024) -> (188050, 3, 1024)
t0-uclresm-25noise.npz test: moved sample axis (3, 107348, 1024) -> (107348, 3, 1024)
t0-uclresm-25noise.npz train: x=(188050, 3, 1024), y=(188050,)
t0-uclresm-25noise.npz test: x=(107348, 3, 1024), y=(107348,)
t0-uclresm-25noise.npz: applied data scaling mode 'normalize'.
Loaded t0-uclresm-25noise.npz: Unique train labels: UniqueCountsResult(values=array([-1,  0,  1,  2,  3,  4]), counts=array([40144, 32109, 17978, 17979, 18098, 61742]))
Noise labels ratio in t0-uclresm-25noise.npz train: 0.21, test: 0.25
Loaded t0-uclresm-25noise.npz: Remapped labels: [45 46 47 48 49 50]. Size: 188050)
t1-rcn.npz train: x=(36658, 1024), y=(36658, 2)
t1-rcn.npz test: x=(12220, 1024), y=(12220, 2)
t1-rcn.npz: applied data scaling mode 'normalize'.
Loaded t1-rcn.npz: Unique train labels: UniqueCountsResult(values=array([-1,  0,  2,  4,  6,  7, 16]), counts=array([20595,   824,  2087,  2606,  2396,  1716,  6434]))
Noise labels ratio in t1-rcn.npz train: 0.28, test: 0.28
Loaded t1-rcn.npz: Remapped labels: [51 52 53 54 55 56 57]. Size: 36658)
t2-deeprad.npz train: x=(17340, 1024), y=(17340, 2)
t2-deeprad.npz test: x=(6800, 1024), y=(6800, 2)
t2-deeprad.npz: applied data scaling mode 'normalize'.
Loaded t2-deeprad.npz: Unique train labels: UniqueCountsResult(values=array([-1,  0,  1,  2,  3,  4]), counts=array([8670, 1774, 1675, 1777, 1694, 1750]))
Noise labels ratio in t2-deeprad.npz train: 0.25, test: 0.25
Loaded t2-deeprad.npz: Remapped labels: [58 59 60 61 62 63]. Size: 17340)
Built classes_per_task: [6, 7, 6, 7, 7, 6, 6, 6, 7, 6]
Classes per task: [6, 7, 6, 7, 7, 6, 6, 6, 7, 6]
[STATE 2026-04-18 19:01:30] Loader 'task_incremental_loader' ready: 1024 inputs, 64 outputs, 10 tasks
n_outputs: 64 	n_tasks: 10
[STATE 2026-04-18 19:01:30] Logging to logs//packnet/full-tasks_CIL_all-2026-04-18_19-00-27-6819/0
PackNet will prune 75.0% of currently used weights after each task.
True
Model device: cuda:0
[STATE 2026-04-18 19:01:30] Model initialized on device cuda:0
[STATE 2026-04-18 19:01:30] Invoking continual life experience flow
[STATE 2026-04-18 19:01:30] Life experience start: 10 tasks queued
Task 0: 50362 training samples, 16787 test samples.
[STATE 2026-04-18 19:01:30] Task 0: zero-shot validation (pre-train)
---- Zero-shot (pre-train) task 0: rec_cls 0.1175 | prec_cls 0.1336 | f1_cls 0.0961 | det 0.4550 | pfa 0.7831 | total_f1 0.0961 ----
[STATE 2026-04-18 19:01:36] Starting task 0 (1/10)
[STATE 2026-04-18 19:01:36] Task 0 Epoch 1/10: entering train loop
[STATE 2026-04-18 19:02:45] Task 0 Epoch 1/10: running validation (end of epoch)
---- Eval at Epoch 0: cls [0.8525839219756636] | det_recall [0.8641838174442893] | det_fa [0.26191450230797775] ----
T0 Ep 1/10 | L 0.9618 | Train Acc 0.61 | Prec 0.63 | F1 0.57 | Det Rec 0.81 | Det FA 0.32 | Epoch Time 74.48s (Eval 5.71s, Train 68.77s)
[STATE 2026-04-18 19:02:51] T0 Ep 1/10 complete: Prec 0.6287 F1 0.5692 DetRec 0.8053 DetFA 0.3171 | 74.48s total (5.71s eval/68.77s train)
[STATE 2026-04-18 19:02:51] Task 0 Epoch 2/10: entering train loop
T0 Ep 2/10 | L 0.4112 | Train Acc 0.87 | Prec 0.88 | F1 0.81 | Det Rec 0.88 | Det FA 0.22 | Epoch Time 76.03s (Eval 0.00s, Train 76.03s)
[STATE 2026-04-18 19:04:07] T0 Ep 2/10 complete: Prec 0.8826 F1 0.8134 DetRec 0.8788 DetFA 0.2223 | 76.03s total (0.00s eval/76.03s train)
[STATE 2026-04-18 19:04:07] Task 0 Epoch 3/10: entering train loop
T0 Ep 3/10 | L 0.3477 | Train Acc 0.89 | Prec 0.91 | F1 0.84 | Det Rec 0.88 | Det FA 0.22 | Epoch Time 91.54s (Eval 0.00s, Train 91.54s)
[STATE 2026-04-18 19:05:38] T0 Ep 3/10 complete: Prec 0.9062 F1 0.8351 DetRec 0.8823 DetFA 0.2167 | 91.54s total (0.00s eval/91.54s train)
[STATE 2026-04-18 19:05:38] Task 0 Epoch 4/10: entering train loop
T0 Ep 4/10 | L 0.3209 | Train Acc 0.90 | Prec 0.91 | F1 0.84 | Det Rec 0.89 | Det FA 0.21 | Epoch Time 91.63s (Eval 0.00s, Train 91.63s)
[STATE 2026-04-18 19:07:10] T0 Ep 4/10 complete: Prec 0.9146 F1 0.8447 DetRec 0.8851 DetFA 0.2124 | 91.63s total (0.00s eval/91.63s train)
[STATE 2026-04-18 19:07:10] Task 0 Epoch 5/10: entering train loop
T0 Ep 5/10 | L 0.2984 | Train Acc 0.91 | Prec 0.92 | F1 0.85 | Det Rec 0.89 | Det FA 0.21 | Epoch Time 87.61s (Eval 0.00s, Train 87.61s)
[STATE 2026-04-18 19:08:38] T0 Ep 5/10 complete: Prec 0.9234 F1 0.8523 DetRec 0.8851 DetFA 0.2136 | 87.61s total (0.00s eval/87.61s train)
[STATE 2026-04-18 19:08:38] Task 0 Epoch 6/10: entering train loop
T0 Ep 6/10 | L 0.2834 | Train Acc 0.92 | Prec 0.93 | F1 0.86 | Det Rec 0.89 | Det FA 0.21 | Epoch Time 87.77s (Eval 0.00s, Train 87.77s)
[STATE 2026-04-18 19:10:05] T0 Ep 6/10 complete: Prec 0.9279 F1 0.8567 DetRec 0.8864 DetFA 0.2105 | 87.77s total (0.00s eval/87.77s train)
[STATE 2026-04-18 19:10:05] Task 0 Epoch 7/10: entering train loop
T0 Ep 7/10 | L 0.2704 | Train Acc 0.92 | Prec 0.93 | F1 0.86 | Det Rec 0.89 | Det FA 0.21 | Epoch Time 91.32s (Eval 0.00s, Train 91.32s)
[STATE 2026-04-18 19:11:37] T0 Ep 7/10 complete: Prec 0.9306 F1 0.8596 DetRec 0.8869 DetFA 0.2101 | 91.32s total (0.00s eval/91.32s train)
[STATE 2026-04-18 19:11:37] Task 0 Epoch 8/10: entering train loop
T0 Ep 8/10 | L 0.2622 | Train Acc 0.93 | Prec 0.94 | F1 0.86 | Det Rec 0.89 | Det FA 0.21 | Epoch Time 89.31s (Eval 0.00s, Train 89.31s)
[STATE 2026-04-18 19:13:06] T0 Ep 8/10 complete: Prec 0.9365 F1 0.8642 DetRec 0.8869 DetFA 0.2103 | 89.31s total (0.00s eval/89.31s train)
[STATE 2026-04-18 19:13:06] Task 0 Epoch 9/10: entering train loop
T0 Ep 9/10 | L 0.2540 | Train Acc 0.93 | Prec 0.94 | F1 0.87 | Det Rec 0.89 | Det FA 0.21 | Epoch Time 87.19s (Eval 0.00s, Train 87.19s)
[STATE 2026-04-18 19:14:33] T0 Ep 9/10 complete: Prec 0.9386 F1 0.8680 DetRec 0.8898 DetFA 0.2060 | 87.19s total (0.00s eval/87.19s train)
[STATE 2026-04-18 19:14:33] Task 0 Epoch 10/10: entering train loop
T0 Ep 10/10 | L 0.2454 | Train Acc 0.93 | Prec 0.94 | F1 0.87 | Det Rec 0.89 | Det FA 0.21 | Epoch Time 87.98s (Eval 0.00s, Train 87.98s)
[STATE 2026-04-18 19:16:01] T0 Ep 10/10 complete: Prec 0.9424 F1 0.8702 DetRec 0.8887 DetFA 0.2061 | 87.98s total (0.00s eval/87.98s train)
