[2026-04-13T11:56:20+01:00] === full_experiments.sh started ===
[2026-04-13T11:56:20+01:00] REPO_ROOT=/home/lunet/wsmr11/repos/La-MAML
[2026-04-13T11:56:20+01:00] LOG_FILE=/home/lunet/wsmr11/repos/La-MAML/logs/full_experiments/run_20260413_115620_lnx-elkk-2/full_experiments_20260413_115620.log
[2026-04-13T11:56:20+01:00] INCLUDED_ALL=ewc er_ring eralg4 gem cmaml bcl_dual agem icarl lwf rwalk si ucl la-er lamaml smaml iid2 hat packnet ctn
[2026-04-13T11:56:20+01:00] Activated la-maml_env
[2026-04-13T11:56:20+01:00] Using SERIAL_PROBE_JSON_PATH=logs/eta_probe/eta_probe_elkk-1-algos_10-iter_avg-util-2.json
[2026-04-13T11:56:20+01:00] Using SCHEDULE_JSON_PATH=logs/eta_probe/full_experiments_host_schedule_cil.json
[2026-04-13T11:56:20+01:00] HOST_KEY=lnx-elkk-2
[2026-04-13T11:56:20+01:00] MODEL_MODE=cil
[2026-04-13T11:56:20+01:00] Reusing existing schedule JSON.
[2026-04-13T11:56:20+01:00] Estimated time saved (parallel vs serial): 56.43979057591623%
[2026-04-13T11:56:20+01:00] QUEUE_HIGH count=3: er_ring gem ctn
[2026-04-13T11:56:20+01:00] QUEUE_LOW  count=1: cmaml
[2026-04-13T11:56:20+01:00] === Queue phase on lnx-elkk-2 (util high/low) ===
[2026-04-13T11:56:20+01:00] --- Dispatching: base + er_ring + er_ring.yaml (job log: /home/lunet/wsmr11/repos/La-MAML/logs/full_experiments/run_20260413_115620_lnx-elkk-2/job_logs/job_er_ring_20260413_115620_201982319.log) ---
[2026-04-13T11:56:20+01:00] START er_ring
[2026-04-13T11:56:20+01:00] --- Dispatching: base + cmaml + cmaml.yaml (job log: /home/lunet/wsmr11/repos/La-MAML/logs/full_experiments/run_20260413_115620_lnx-elkk-2/job_logs/job_cmaml_20260413_115620_208186672.log) ---
[2026-04-13T11:56:20+01:00] START cmaml
[2026-04-13T15:13:37+01:00] Completed: er_ring (exit 0)
[2026-04-13T15:13:38+01:00] --- Dispatching: base + gem + gem.yaml (job log: /home/lunet/wsmr11/repos/La-MAML/logs/full_experiments/run_20260413_115620_lnx-elkk-2/job_logs/job_gem_20260413_151338_730735336.log) ---
[2026-04-13T15:13:38+01:00] START gem
[2026-04-13T19:36:28+01:00] Completed: gem (exit 0)
[2026-04-13T20:46:26+01:00] Completed: cmaml (exit 0)
[2026-04-13T20:46:27+01:00] === full_experiments.sh finished: successful_runs=3 unsuccessful_runs=1 total_runtime=08:50:07 (31807s) ===
[2026-04-14T11:54:55+01:00] --- Dispatching: base + icarl + icarl.yaml (job log: /home/lunet/wsmr11/repos/La-MAML/logs/full_experiments/one-shot_cil/one-shot-cil_A_run_20260413_115620_lnx-elkk-2/job_logs/job_icarl_20260414_115455_165171400.log) ---
[2026-04-14T11:54:55+01:00] START icarl
[2026-04-14T11:54:55+01:00] --- Dispatching: base + lamaml + lamaml.yaml (job log: /home/lunet/wsmr11/repos/La-MAML/logs/full_experiments/one-shot_cil/one-shot-cil_A_run_20260413_115620_lnx-elkk-2/job_logs/job_lamaml_20260414_115455_171037567.log) ---
[2026-04-14T11:54:55+01:00] START lamaml
[2026-04-14T15:16:35+01:00] Completed: icarl (exit 0)
[2026-04-14T15:16:35+01:00] --- Dispatching: base + lwf + lwf.yaml (job log: /home/lunet/wsmr11/repos/La-MAML/logs/full_experiments/one-shot_cil/one-shot-cil_A_run_20260413_115620_lnx-elkk-2/job_logs/job_lwf_20260414_151635_946268874.log) ---
[2026-04-14T15:16:35+01:00] START lwf
[2026-04-14T18:57:52+01:00] Completed: lwf (exit 0)
[2026-04-14T18:57:52+01:00] --- Dispatching: base + rwalk + rwalk.yaml (job log: /home/lunet/wsmr11/repos/La-MAML/logs/full_experiments/one-shot_cil/one-shot-cil_A_run_20260413_115620_lnx-elkk-2/job_logs/job_rwalk_20260414_185752_373380463.log) ---
[2026-04-14T18:57:52+01:00] START rwalk
[2026-04-14T22:30:40+01:00] Completed: rwalk (exit 0)
[2026-04-14T22:58:46+01:00] Completed: lamaml (exit 0)
[2026-04-14T22:58:46+01:00] --- Dispatching: base + smaml + smaml.yaml (job log: /home/lunet/wsmr11/repos/La-MAML/logs/full_experiments/one-shot_cil/one-shot-cil_A_run_20260413_115620_lnx-elkk-2/job_logs/job_smaml_20260414_225846_598746222.log) ---
[2026-04-14T22:58:46+01:00] START smaml
[2026-04-15T04:10:53+01:00] Completed: smaml (exit 0)
