python3 -u main.py $IQ --model meralg1 --expt_name all_meralg1 --batch_size 128 --memories 5192 --replay_batch_size 64 --n_epochs $N_EPOCHS 
                    --lr 0.1 --beta 0.1 --gamma 1.0 --batches_per_example 10 --increment 5 
                    --log_every 3125 --grad_clip_norm 10.0 --class_order random 
                    --seed $SEED --calc_test_accuracy --validation 0.3 --samples_per_task 256

Logging quick IQ experiment suite to logs/iq_experiments/fast_run_20251223_121519.log
New Experiment Starting...
Running model:  meralg1
[STATE 2025-12-23 12:15:21] Experiment 'all_meralg1' starting with model 'meralg1' (seed 0)
Set seed 0
Loaded task0.npz: Unique train labels: [0 1 2 3 4 5]
Loaded task0.npz: Remapped labels: [0 1 2 3 4 5]. Size: 17294)
Loaded task1.npz: Unique train labels: [ 0  6  7  8  9 10]
Loaded task1.npz: Remapped labels: [ 6  7  8  9 10 11]. Size: 32208)
Built classes_per_task: [6, 6]
Classes per task: [6, 6]
[STATE 2025-12-23 12:15:24] Loader 'task_incremental_loader' ready: 1024 inputs, 12 outputs, 2 tasks
n_outputs: 12 	n_tasks: 2
[STATE 2025-12-23 12:15:24] Logging to logs//meralg1/all_meralg1-2025-12-23_12-15-24-0749/0
True
Model device: cuda:0
[STATE 2025-12-23 12:15:24] Model initialized on device cuda:0
[STATE 2025-12-23 12:15:24] Invoking continual life experience flow
[STATE 2025-12-23 12:15:24] Life experience start: 2 tasks queued
[STATE 2025-12-23 12:15:24] Starting task 0 (1/2)
[STATE 2025-12-23 12:15:24] Task 0 Epoch 1/1: entering train loop
[STATE 2025-12-23 12:15:24] Task 0 Epoch 1/1 Iter 0: running validation
---- Eval at Epoch 0: [0.002781343602909713, 0.17995428361819601] ----
Traceback (most recent call last):
  File "/home/lunet/wsmr11/repos/La-MAML/main.py", line 395, in <module>
    main()
  File "/home/lunet/wsmr11/repos/La-MAML/main.py", line 385, in main
    result_val_t, result_val_a, result_test_t, result_test_a, spent_time = life_experience(
  File "/home/lunet/wsmr11/repos/La-MAML/main.py", line 221, in life_experience
    loss, tr_acc = model.observe(Variable(v_x), Variable(v_y), task_info["task"])
  File "/home/lunet/wsmr11/repos/La-MAML/model/meralg1.py", line 214, in observe
    self._apply_meta_update(weights_before, weights_after, self.beta)
  File "/home/lunet/wsmr11/repos/La-MAML/model/meralg1.py", line 128, in _apply_meta_update
    tensor.copy_(base_state[name] + (target_state[name] - base_state[name]) * mix)
KeyError: 'conv1.weight'
