python3 -u main.py $IQ --model gem --expt_name all_gem --n_memories 512 --batch_size 128 --n_epochs $N_EPOCHS 
                    --lr 0.03 --glances 1 --memory_strength 0.5 --increment 5 
                    --log_every 3125 --class_order random 
                    --seed $SEED --grad_clip_norm 5.0 --calc_test_accuracy --validation 0.3 --samples_per_task 256

python3 -u main.py $IQ --model er_ring --expt_name all_erring --batch_size 128 --replay_batch_size 64 --n_epochs $N_EPOCHS 
                    --lr 0.03 --increment 5 
                    --bcl_n_memories 5192 --bcl_temperature 2.0 --bcl_memory_strength 1.0 --bcl_inner_steps 5 
                    --log_every 3125 --class_order random 
                    --seed $SEED --calc_test_accuracy --validation 0.3 --samples_per_task 256

python3 -u main.py $IQ --model bcl_dual --expt_name bcl_basic_test --data_path data/rff/rfmls 
                    --n_layers 2 --n_hiddens 100 --xav_init --glances 1 --n_epochs 1 
                    --batch_size 64 --replay_batch_size 10 --memories 400 --lr 0.03 
                    --increment 5 --log_every 3125 --class_order random 
                    --seed $SEED --validation 0.2 --samples_per_task 256 --classes_per_it 6 
                    --iterations 5000 --test_batch_size 100000 --n_memories 5192 --memory_strength 1.0 
                    --steps_per_sample 1 --gamma 1.0 --beta 0.1 --batches_per_example 1 
                    --opt_lr 0.1 --opt_wt 0.1 --alpha_init 0.1 --cifar_batches 3 --grad_clip_norm 5.0 
                    --second_order --bcl_n_memories 2000 --bcl_memory_strength 1.0 --bcl_temperature 2.0 
                    --bcl_inner_steps 5 --bcl_n_meta 5 --bcl_adapt_lr 0.1 --train_mc_iters 2 
                    --std_init 0.02 --mean_eta 50.0 --fisher_gamma 0.95 --rln 7 --update_steps 10 
                    --meta_lr 0.001 --update_lr 0.1

Logging quick IQ experiment suite to logs/iq_experiments/fast_run_20251223_115508.log
New Experiment Starting...
Running model:  gem
[STATE 2025-12-23 11:55:10] Experiment 'all_gem' starting with model 'gem' (seed 0)
Set seed 0
