python3 -u main.py $IQ --model agem --expt_name all_agem --n_memories 5192 --batch_size 128 --n_epochs $N_EPOCHS 
                    --lr 0.03 --glances 1 --memory_strength 0.5 --increment 5 
                    --log_every 3125 --class_order random 
                    --seed $SEED --calc_test_accuracy --validation 0.3 --samples_per_task 256

python3 -u main.py $IQ --model eralg4 --expt_name all_eralg4 --memories 5192 --batch_size 128 --n_epochs $N_EPOCHS --replay_batch_size 64 
                    --lr 0.03 --glances 1 --increment 5 
                    --log_every 3125 --class_order random 
                    --seed $SEED --calc_test_accuracy --validation 0.3 --samples_per_task 256

python3 -u main.py $IQ --model icarl --expt_name all_icarl --n_memories 5192 --batch_size 128 --n_epochs $N_EPOCHS 
                    --lr 0.03 --glances 1 --memory_strength 1.0 --increment 5 
                    --log_every 3125 --class_order random 
                    --seed $SEED --grad_clip_norm 5.0 --calc_test_accuracy --validation 0.3 --samples_per_task 256

python3 -u main.py $IQ --model gem --expt_name all_gem --n_memories 512 --batch_size 128 --n_epochs $N_EPOCHS 
                    --lr 0.03 --glances 1 --memory_strength 0.5 --increment 5 
                    --log_every 3125 --class_order random 
                    --seed $SEED --grad_clip_norm 5.0 --calc_test_accuracy --validation 0.3 --samples_per_task 256

python3 -u main.py $IQ --model ewc --expt_name all_ewc --batch_size 128 --n_epochs $N_EPOCHS 
                    --lr 0.03 --increment 5 
                    --log_every 3125 --class_order random 
                    --seed $SEED --calc_test_accuracy --validation 0.3 --samples_per_task 256

python3 -u main.py $IQ --model lwf --expt_name all_lwf --batch_size 128 --n_epochs $N_EPOCHS 
                    --lr 0.001 --increment 5 
                    --log_every 3125 --class_order random 
                    --seed $SEED --calc_test_accuracy --validation 0.3 --samples_per_task 256

python3 -u main.py $IQ --model packnet --expt_name all_packnet --batch_size 128 --n_epochs $N_EPOCHS 
                    --lr 0.01 --increment 5 
                    --log_every 3125 --class_order random 
                    --seed $SEED --calc_test_accuracy --validation 0.3 --samples_per_task 256

python3 -u main.py $IQ --model rwalk --expt_name all_rwalk --batch_size 128 --n_epochs $N_EPOCHS 
                    --lr 0.001 --increment 5 
                    --log_every 3125 --class_order random 
                    --seed $SEED --calc_test_accuracy --validation 0.3 --samples_per_task 256

python3 -u main.py $IQ --model si --expt_name all_si --batch_size 128 --n_epochs $N_EPOCHS 
                    --lr 0.001 --increment 5 
                    --log_every 3125 --class_order random 
                    --seed $SEED --calc_test_accuracy --validation 0.3 --samples_per_task 256

python3 -u main.py $IQ --model hat --expt_name all_hat --batch_size 128 --n_epochs $N_EPOCHS 
                    --lr 0.0005 --gamma 0.75 --increment 5 
                    --log_every 3125 --class_order random 
                    --seed $SEED --grad_clip_norm 10.0 --calc_test_accuracy --validation 0.3 --samples_per_task 256

python3 -u main.py $IQ --model ctn --expt_name all_ctn --batch_size 128 --replay_batch_size 64 --n_epochs $N_EPOCHS 
                    --increment 5 
                    --ctn_n_memories 5192 --ctn_lr 0.01 --ctn_beta 0.05 --ctn_inner_steps 2 --ctn_n_meta 2 
                    --log_every 3125 --class_order random 
                    --seed $SEED --calc_test_accuracy --validation 0.3 --samples_per_task 256

python3 -u main.py $IQ --model er_ring --expt_name all_erring --batch_size 128 --replay_batch_size 64 --n_epochs $N_EPOCHS 
                    --lr 0.03 --increment 5 
                    --bcl_n_memories 5192 --bcl_temperature 2.0 --bcl_memory_strength 1.0 --bcl_inner_steps 5 
                    --log_every 3125 --class_order random 
                    --seed $SEED --calc_test_accuracy --validation 0.3 --samples_per_task 256

python3 -u main.py $IQ --model ucl_bresnet --expt_name all_ucl_bresnet --batch_size 64 --n_epochs $N_EPOCHS 
                    --lr 0.001 --increment 5 
                    --log_every 3125 --class_order random 
                    --seed $SEED --calc_test_accuracy --validation 0.3 --samples_per_task 256

python3 -u main.py $IQ --model lamaml_cifar --expt_name all_lamaml --memories 5192 --batch_size 128 --replay_batch_size 64 --n_epochs $N_EPOCHS 
                    --opt_lr 0.25 --alpha_init 0.1 --opt_wt 0.1 --glances 1 --increment 5 
                    --cifar_batches 5 --learn_lr --log_every 3125 --second_order --class_order random 
                    --seed $SEED --grad_clip_norm 1.0 --calc_test_accuracy --validation 0.3 --samples_per_task 256

python3 -u main.py $IQ --model lamaml_cifar --expt_name all_lamaml_sync --memories 1024 --batch_size 128 --replay_batch_size 64 --n_epochs $N_EPOCHS 
                    --opt_lr 0.35 --alpha_init 0.1 --opt_wt 0.1 --glances 1 --increment 5 
                    --cifar_batches 5 --learn_lr --sync_update --log_every 3125 --second_order --class_order random 
                    --seed $SEED --calc_test_accuracy --validation 0.3 --samples_per_task 256

python3 -u main.py $IQ --model lamaml_cifar --expt_name all_cmaml --memories 1024 --batch_size 128 --replay_batch_size 64 --n_epochs $N_EPOCHS 
                    --opt_lr 0.35 --alpha_init 0.075 --opt_wt 0.075 --glances 1 --increment 5 
                    --cifar_batches 5 --sync_update --log_every 3125 --second_order --class_order random 
                    --seed $SEED --calc_test_accuracy --validation 0.3 --samples_per_task 256

python3 -u main.py $IQ --model meralg1 --expt_name all_meralg1 --batch_size 128 --memories 5192 --replay_batch_size 64 --n_epochs $N_EPOCHS 
                    --lr 0.1 --beta 0.1 --gamma 1.0 --batches_per_example 10 --increment 5 
                    --log_every 3125 --grad_clip_norm 10.0 --class_order random 
                    --seed $SEED --calc_test_accuracy --validation 0.3 --samples_per_task 256

python3 -u main.py $IQ --model meta-bgd --expt_name all_meta-bgd --memories 5192 --batch_size 128 --replay_batch_size 64 --n_epochs $N_EPOCHS 
                    --alpha_init 0.1 --glances 1 --increment 5 
                    --cifar_batches 3 --log_every 3125 --second_order --class_order random 
                    --seed $SEED --calc_test_accuracy --validation 0.3 --samples_per_task 256 --xav_init --std_init 0.02 --mean_eta 50. --train_mc_iters 2

Logging quick IQ experiment suite to logs/iq_experiments/fast_run_20251222_135740.log
New Experiment Starting...
Running model:  gem
Set seed 0
Loaded task0.npz: Unique train labels: [0 1 2 3 4 5]
Loaded task0.npz: Remapped labels: [0 1 2 3 4 5]. Size: 17294)
Loaded task1.npz: Unique train labels: [ 0  6  7  8  9 10]
Loaded task1.npz: Remapped labels: [ 6  7  8  9 10 11]. Size: 32208)
Built classes_per_task: [6, 6]
Classes per task: [6, 6]
n_outputs: 12 	n_tasks: 2
True
Model device: cuda:0
---- Eval at Epoch 0: [0.0027831917780493107, 0.138699987695224] ----
Task 0 Epoch 1/1 | Loss 1.6557 | Train Acc 0.2191 | Val Acc 0.0028 | Epoch Time 6.61s (Eval 6.35s, Train 0.26s)
---- Eval at Epoch 0: [0.30211834733893556, 0.005162013243798587] ----
Task 1 Epoch 1/1 | Loss 1.8715 | Train Acc 0.2445 | Val Acc 0.0052 | Epoch Time 6.68s (Eval 6.12s, Train 0.57s)
####Final Validation Accuracy####
Final Results:- 
 Total Accuracy: 0.14002699782988873 
 Individual Accuracy: [0.277780695611578, 0.0022733000481994815]
logs//gem/gem_test_ncpt-2025-12-22_13-57-46-9901/0/results: {'expt_name': 'gem_test_ncpt', 'model': 'gem', 'arch': 'resnet1d', 'n_hiddens': 100, 'n_layers': 2, 'xav_init': True, 'glances': 1, 'n_epochs': 1, 'batch_size': 128, 'replay_batch_size': 10, 'memories': 400, 'lr': 0.03, 'cuda': True, 'seed': 0, 'log_every': 10, 'log_dir': 'logs//gem/gem_test_ncpt-2025-12-22_13-57-46-9901/0', 'tf_dir': 'logs//gem/gem_test_ncpt-2025-12-22_13-57-46-9901/0/tfdir', 'calc_test_accuracy': False, 'state_logging': False, 'data_path': 'data/rff/radar', 'loader': 'task_incremental_loader', 'samples_per_task': 256, 'shuffle_tasks': False, 'classes_per_it': 6, 'iterations': 5000, 'dataset': 'iq', 'workers': 0, 'validation': 0.5, 'class_order': 'random', 'increment': 5, 'test_batch_size': 100000, 'nc_per_task': None, 'nc_per_task_list': '', 'val_rate': 10, 'opt_lr': 0.1, 'opt_wt': 0.1, 'alpha_init': 0.1, 'learn_lr': False, 'sync_update': False, 'grad_clip_norm': 5.0, 'cifar_batches': 3, 'use_old_task_memory': False, 'second_order': True, 'n_memories': 200, 'memory_strength': 1.0, 'steps_per_sample': 1, 'gamma': 1.0, 'beta': 0.1, 's': 1.0, 'batches_per_example': 1.0, 'bgd_optimizer': 'bgd', 'optimizer_params': '{}', 'train_mc_iters': 2, 'std_init': 0.02, 'mean_eta': 50.0, 'fisher_gamma': 0.95, 'rln': 7, 'update_steps': 10, 'meta_lr': 0.001, 'update_lr': 0.1, 'ctn_lr': 0.01, 'ctn_beta': 0.05, 'ctn_n_meta': 2, 'ctn_inner_steps': 2, 'ctn_temperature': 5, 'ctn_n_memories': 50, 'ctn_alpha_init': 0.1, 'ctn_memory_strength': 100, 'ctn_task_emb': 64, 'bcl_n_memories': 400, 'bcl_memory_strength': 100, 'bcl_temperature': 5, 'bcl_inner_steps': 2, 'bcl_n_meta': 2, 'bcl_adapt_lr': 0.01, 'classes_per_task': [6, 6]} # val: 0.152 0.140 -0.012 -0.067 # 37.782867193222046
New Experiment Starting...
Running model:  gem
Set seed 0
Loaded task0.npz: Unique train labels: [0 1 2 3 4 5]
Loaded task0.npz: Remapped labels: [0 1 2 3 4 5]. Size: 17294)
Loaded task1.npz: Unique train labels: [ 0  6  7  8  9 10]
Loaded task1.npz: Remapped labels: [ 6  7  8  9 10 11]. Size: 32208)
Built classes_per_task: [6, 6]
Classes per task: [6, 6]
n_outputs: 12 	n_tasks: 2
True
Model device: cuda:0
---- Eval at Epoch 0: [0.0027831917780493107, 0.138699987695224] ----
Task 0 Epoch 1/1 | Loss 1.6557 | Train Acc 0.2191 | Val Acc 0.0028 | Epoch Time 6.56s (Eval 6.29s, Train 0.27s)
---- Eval at Epoch 0: [0.30211834733893556, 0.005162013243798587] ----
Task 1 Epoch 1/1 | Loss 1.8715 | Train Acc 0.2445 | Val Acc 0.0052 | Epoch Time 6.66s (Eval 6.08s, Train 0.58s)
####Final Validation Accuracy####
Final Results:- 
 Total Accuracy: 0.14002699782988873 
 Individual Accuracy: [0.277780695611578, 0.0022733000481994815]
logs//gem/gem_test_ncpt-2025-12-22_13-58-30-8103/0/results: {'expt_name': 'gem_test_ncpt', 'model': 'gem', 'arch': 'resnet1d', 'n_hiddens': 100, 'n_layers': 2, 'xav_init': True, 'glances': 1, 'n_epochs': 1, 'batch_size': 128, 'replay_batch_size': 10, 'memories': 400, 'lr': 0.03, 'cuda': True, 'seed': 0, 'log_every': 10, 'log_dir': 'logs//gem/gem_test_ncpt-2025-12-22_13-58-30-8103/0', 'tf_dir': 'logs//gem/gem_test_ncpt-2025-12-22_13-58-30-8103/0/tfdir', 'calc_test_accuracy': False, 'state_logging': False, 'data_path': 'data/rff/radar', 'loader': 'task_incremental_loader', 'samples_per_task': 256, 'shuffle_tasks': False, 'classes_per_it': 6, 'iterations': 5000, 'dataset': 'iq', 'workers': 0, 'validation': 0.5, 'class_order': 'random', 'increment': 5, 'test_batch_size': 100000, 'nc_per_task': None, 'nc_per_task_list': '', 'val_rate': 10, 'opt_lr': 0.1, 'opt_wt': 0.1, 'alpha_init': 0.1, 'learn_lr': False, 'sync_update': False, 'grad_clip_norm': 5.0, 'cifar_batches': 3, 'use_old_task_memory': False, 'second_order': True, 'n_memories': 200, 'memory_strength': 1.0, 'steps_per_sample': 1, 'gamma': 1.0, 'beta': 0.1, 's': 1.0, 'batches_per_example': 1.0, 'bgd_optimizer': 'bgd', 'optimizer_params': '{}', 'train_mc_iters': 2, 'std_init': 0.02, 'mean_eta': 50.0, 'fisher_gamma': 0.95, 'rln': 7, 'update_steps': 10, 'meta_lr': 0.001, 'update_lr': 0.1, 'ctn_lr': 0.01, 'ctn_beta': 0.05, 'ctn_n_meta': 2, 'ctn_inner_steps': 2, 'ctn_temperature': 5, 'ctn_n_memories': 50, 'ctn_alpha_init': 0.1, 'ctn_memory_strength': 100, 'ctn_task_emb': 64, 'bcl_n_memories': 400, 'bcl_memory_strength': 100, 'bcl_temperature': 5, 'bcl_inner_steps': 2, 'bcl_n_meta': 2, 'bcl_adapt_lr': 0.01, 'classes_per_task': [6, 6]} # val: 0.152 0.140 -0.012 -0.067 # 37.62920069694519
New Experiment Starting...
Running model:  gem
Set seed 0
Loaded task0.npz: Unique train labels: [0 1 2 3 4 5]
Loaded task0.npz: Remapped labels: [0 1 2 3 4 5]. Size: 17294)
Loaded task1.npz: Unique train labels: [ 0  6  7  8  9 10]
Loaded task1.npz: Remapped labels: [ 6  7  8  9 10 11]. Size: 32208)
Built classes_per_task: [6, 6]
Classes per task: [6, 6]
n_outputs: 12 	n_tasks: 2
True
Model device: cuda:0
---- Eval at Epoch 0: [0.0027831917780493107, 0.138699987695224] ----
Task 0 Epoch 1/1 | Loss 1.6557 | Train Acc 0.2191 | Val Acc 0.0028 | Epoch Time 6.65s (Eval 6.38s, Train 0.27s)
---- Eval at Epoch 0: [0.30211834733893556, 0.005162013243798587] ----
Task 1 Epoch 1/1 | Loss 1.8715 | Train Acc 0.2445 | Val Acc 0.0052 | Epoch Time 6.78s (Eval 6.21s, Train 0.57s)
####Final Validation Accuracy####
Final Results:- 
 Total Accuracy: 0.14002699782988873 
 Individual Accuracy: [0.277780695611578, 0.0022733000481994815]
logs//gem/gem_test_ncpt-2025-12-22_13-59-14-2605/0/results: {'expt_name': 'gem_test_ncpt', 'model': 'gem', 'arch': 'resnet1d', 'n_hiddens': 100, 'n_layers': 2, 'xav_init': True, 'glances': 1, 'n_epochs': 1, 'batch_size': 128, 'replay_batch_size': 10, 'memories': 400, 'lr': 0.03, 'cuda': True, 'seed': 0, 'log_every': 10, 'log_dir': 'logs//gem/gem_test_ncpt-2025-12-22_13-59-14-2605/0', 'tf_dir': 'logs//gem/gem_test_ncpt-2025-12-22_13-59-14-2605/0/tfdir', 'calc_test_accuracy': False, 'state_logging': False, 'data_path': 'data/rff/radar', 'loader': 'task_incremental_loader', 'samples_per_task': 256, 'shuffle_tasks': False, 'classes_per_it': 6, 'iterations': 5000, 'dataset': 'iq', 'workers': 0, 'validation': 0.5, 'class_order': 'random', 'increment': 5, 'test_batch_size': 100000, 'nc_per_task': None, 'nc_per_task_list': '', 'val_rate': 10, 'opt_lr': 0.1, 'opt_wt': 0.1, 'alpha_init': 0.1, 'learn_lr': False, 'sync_update': False, 'grad_clip_norm': 5.0, 'cifar_batches': 3, 'use_old_task_memory': False, 'second_order': True, 'n_memories': 200, 'memory_strength': 1.0, 'steps_per_sample': 1, 'gamma': 1.0, 'beta': 0.1, 's': 1.0, 'batches_per_example': 1.0, 'bgd_optimizer': 'bgd', 'optimizer_params': '{}', 'train_mc_iters': 2, 'std_init': 0.02, 'mean_eta': 50.0, 'fisher_gamma': 0.95, 'rln': 7, 'update_steps': 10, 'meta_lr': 0.001, 'update_lr': 0.1, 'ctn_lr': 0.01, 'ctn_beta': 0.05, 'ctn_n_meta': 2, 'ctn_inner_steps': 2, 'ctn_temperature': 5, 'ctn_n_memories': 50, 'ctn_alpha_init': 0.1, 'ctn_memory_strength': 100, 'ctn_task_emb': 64, 'bcl_n_memories': 400, 'bcl_memory_strength': 100, 'bcl_temperature': 5, 'bcl_inner_steps': 2, 'bcl_n_meta': 2, 'bcl_adapt_lr': 0.01, 'classes_per_task': [6, 6]} # val: 0.152 0.140 -0.012 -0.067 # 38.42322826385498
New Experiment Starting...
Running model:  gem
Set seed 0
Loaded task0.npz: Unique train labels: [0 1 2 3 4 5]
Loaded task0.npz: Remapped labels: [0 1 2 3 4 5]. Size: 17294)
Loaded task1.npz: Unique train labels: [ 0  6  7  8  9 10]
Loaded task1.npz: Remapped labels: [ 6  7  8  9 10 11]. Size: 32208)
Built classes_per_task: [6, 6]
Classes per task: [6, 6]
n_outputs: 12 	n_tasks: 2
True
Model device: cuda:0
---- Eval at Epoch 0: [0.0027831917780493107, 0.138699987695224] ----
Task 0 Epoch 1/1 | Loss 1.6557 | Train Acc 0.2191 | Val Acc 0.0028 | Epoch Time 6.51s (Eval 6.24s, Train 0.26s)
---- Eval at Epoch 0: [0.30211834733893556, 0.005162013243798587] ----
Task 1 Epoch 1/1 | Loss 1.8715 | Train Acc 0.2445 | Val Acc 0.0052 | Epoch Time 6.73s (Eval 6.12s, Train 0.61s)
####Final Validation Accuracy####
Final Results:- 
 Total Accuracy: 0.14002699782988873 
 Individual Accuracy: [0.277780695611578, 0.0022733000481994815]
logs//gem/gem_test_ncpt-2025-12-22_13-59-58-4511/0/results: {'expt_name': 'gem_test_ncpt', 'model': 'gem', 'arch': 'resnet1d', 'n_hiddens': 100, 'n_layers': 2, 'xav_init': True, 'glances': 1, 'n_epochs': 1, 'batch_size': 128, 'replay_batch_size': 10, 'memories': 400, 'lr': 0.03, 'cuda': True, 'seed': 0, 'log_every': 10, 'log_dir': 'logs//gem/gem_test_ncpt-2025-12-22_13-59-58-4511/0', 'tf_dir': 'logs//gem/gem_test_ncpt-2025-12-22_13-59-58-4511/0/tfdir', 'calc_test_accuracy': False, 'state_logging': False, 'data_path': 'data/rff/radar', 'loader': 'task_incremental_loader', 'samples_per_task': 256, 'shuffle_tasks': False, 'classes_per_it': 6, 'iterations': 5000, 'dataset': 'iq', 'workers': 0, 'validation': 0.5, 'class_order': 'random', 'increment': 5, 'test_batch_size': 100000, 'nc_per_task': None, 'nc_per_task_list': '', 'val_rate': 10, 'opt_lr': 0.1, 'opt_wt': 0.1, 'alpha_init': 0.1, 'learn_lr': False, 'sync_update': False, 'grad_clip_norm': 5.0, 'cifar_batches': 3, 'use_old_task_memory': False, 'second_order': True, 'n_memories': 200, 'memory_strength': 1.0, 'steps_per_sample': 1, 'gamma': 1.0, 'beta': 0.1, 's': 1.0, 'batches_per_example': 1.0, 'bgd_optimizer': 'bgd', 'optimizer_params': '{}', 'train_mc_iters': 2, 'std_init': 0.02, 'mean_eta': 50.0, 'fisher_gamma': 0.95, 'rln': 7, 'update_steps': 10, 'meta_lr': 0.001, 'update_lr': 0.1, 'ctn_lr': 0.01, 'ctn_beta': 0.05, 'ctn_n_meta': 2, 'ctn_inner_steps': 2, 'ctn_temperature': 5, 'ctn_n_memories': 50, 'ctn_alpha_init': 0.1, 'ctn_memory_strength': 100, 'ctn_task_emb': 64, 'bcl_n_memories': 400, 'bcl_memory_strength': 100, 'bcl_temperature': 5, 'bcl_inner_steps': 2, 'bcl_n_meta': 2, 'bcl_adapt_lr': 0.01, 'classes_per_task': [6, 6]} # val: 0.152 0.140 -0.012 -0.067 # 37.808839559555054
New Experiment Starting...
Running model:  gem
Set seed 0
Loaded task0.npz: Unique train labels: [0 1 2 3 4 5]
Loaded task0.npz: Remapped labels: [0 1 2 3 4 5]. Size: 17294)
Loaded task1.npz: Unique train labels: [ 0  6  7  8  9 10]
Loaded task1.npz: Remapped labels: [ 6  7  8  9 10 11]. Size: 32208)
Built classes_per_task: [6, 6]
Classes per task: [6, 6]
n_outputs: 12 	n_tasks: 2
True
Model device: cuda:0
---- Eval at Epoch 0: [0.0027831917780493107, 0.138699987695224] ----
Task 0 Epoch 1/1 | Loss 1.6557 | Train Acc 0.2191 | Val Acc 0.0028 | Epoch Time 6.61s (Eval 6.35s, Train 0.27s)
---- Eval at Epoch 0: [0.30211834733893556, 0.005162013243798587] ----
Task 1 Epoch 1/1 | Loss 1.8715 | Train Acc 0.2445 | Val Acc 0.0052 | Epoch Time 6.81s (Eval 6.20s, Train 0.61s)
####Final Validation Accuracy####
Final Results:- 
 Total Accuracy: 0.14002699782988873 
 Individual Accuracy: [0.277780695611578, 0.0022733000481994815]
logs//gem/gem_test_ncpt-2025-12-22_14-00-42-0740/0/results: {'expt_name': 'gem_test_ncpt', 'model': 'gem', 'arch': 'resnet1d', 'n_hiddens': 100, 'n_layers': 2, 'xav_init': True, 'glances': 1, 'n_epochs': 1, 'batch_size': 128, 'replay_batch_size': 10, 'memories': 400, 'lr': 0.03, 'cuda': True, 'seed': 0, 'log_every': 10, 'log_dir': 'logs//gem/gem_test_ncpt-2025-12-22_14-00-42-0740/0', 'tf_dir': 'logs//gem/gem_test_ncpt-2025-12-22_14-00-42-0740/0/tfdir', 'calc_test_accuracy': False, 'state_logging': False, 'data_path': 'data/rff/radar', 'loader': 'task_incremental_loader', 'samples_per_task': 256, 'shuffle_tasks': False, 'classes_per_it': 6, 'iterations': 5000, 'dataset': 'iq', 'workers': 0, 'validation': 0.5, 'class_order': 'random', 'increment': 5, 'test_batch_size': 100000, 'nc_per_task': None, 'nc_per_task_list': '', 'val_rate': 10, 'opt_lr': 0.1, 'opt_wt': 0.1, 'alpha_init': 0.1, 'learn_lr': False, 'sync_update': False, 'grad_clip_norm': 5.0, 'cifar_batches': 3, 'use_old_task_memory': False, 'second_order': True, 'n_memories': 200, 'memory_strength': 1.0, 'steps_per_sample': 1, 'gamma': 1.0, 'beta': 0.1, 's': 1.0, 'batches_per_example': 1.0, 'bgd_optimizer': 'bgd', 'optimizer_params': '{}', 'train_mc_iters': 2, 'std_init': 0.02, 'mean_eta': 50.0, 'fisher_gamma': 0.95, 'rln': 7, 'update_steps': 10, 'meta_lr': 0.001, 'update_lr': 0.1, 'ctn_lr': 0.01, 'ctn_beta': 0.05, 'ctn_n_meta': 2, 'ctn_inner_steps': 2, 'ctn_temperature': 5, 'ctn_n_memories': 50, 'ctn_alpha_init': 0.1, 'ctn_memory_strength': 100, 'ctn_task_emb': 64, 'bcl_n_memories': 400, 'bcl_memory_strength': 100, 'bcl_temperature': 5, 'bcl_inner_steps': 2, 'bcl_n_meta': 2, 'bcl_adapt_lr': 0.01, 'classes_per_task': [6, 6]} # val: 0.152 0.140 -0.012 -0.067 # 38.15978288650513
New Experiment Starting...
Running model:  gem
Set seed 0
Loaded task0.npz: Unique train labels: [0 1 2 3 4 5]
Loaded task0.npz: Remapped labels: [0 1 2 3 4 5]. Size: 17294)
Loaded task1.npz: Unique train labels: [ 0  6  7  8  9 10]
Loaded task1.npz: Remapped labels: [ 6  7  8  9 10 11]. Size: 32208)
Built classes_per_task: [6, 6]
Classes per task: [6, 6]
n_outputs: 12 	n_tasks: 2
True
Model device: cuda:0
---- Eval at Epoch 0: [0.0027831917780493107, 0.138699987695224] ----
Task 0 Epoch 1/1 | Loss 1.6557 | Train Acc 0.2191 | Val Acc 0.0028 | Epoch Time 6.51s (Eval 6.25s, Train 0.26s)
---- Eval at Epoch 0: [0.30211834733893556, 0.005162013243798587] ----
Task 1 Epoch 1/1 | Loss 1.8715 | Train Acc 0.2445 | Val Acc 0.0052 | Epoch Time 6.88s (Eval 6.19s, Train 0.69s)
####Final Validation Accuracy####
Final Results:- 
 Total Accuracy: 0.14002699782988873 
 Individual Accuracy: [0.277780695611578, 0.0022733000481994815]
logs//gem/gem_test_ncpt-2025-12-22_14-01-26-0313/0/results: {'expt_name': 'gem_test_ncpt', 'model': 'gem', 'arch': 'resnet1d', 'n_hiddens': 100, 'n_layers': 2, 'xav_init': True, 'glances': 1, 'n_epochs': 1, 'batch_size': 128, 'replay_batch_size': 10, 'memories': 400, 'lr': 0.03, 'cuda': True, 'seed': 0, 'log_every': 10, 'log_dir': 'logs//gem/gem_test_ncpt-2025-12-22_14-01-26-0313/0', 'tf_dir': 'logs//gem/gem_test_ncpt-2025-12-22_14-01-26-0313/0/tfdir', 'calc_test_accuracy': False, 'state_logging': False, 'data_path': 'data/rff/radar', 'loader': 'task_incremental_loader', 'samples_per_task': 256, 'shuffle_tasks': False, 'classes_per_it': 6, 'iterations': 5000, 'dataset': 'iq', 'workers': 0, 'validation': 0.5, 'class_order': 'random', 'increment': 5, 'test_batch_size': 100000, 'nc_per_task': None, 'nc_per_task_list': '', 'val_rate': 10, 'opt_lr': 0.1, 'opt_wt': 0.1, 'alpha_init': 0.1, 'learn_lr': False, 'sync_update': False, 'grad_clip_norm': 5.0, 'cifar_batches': 3, 'use_old_task_memory': False, 'second_order': True, 'n_memories': 200, 'memory_strength': 1.0, 'steps_per_sample': 1, 'gamma': 1.0, 'beta': 0.1, 's': 1.0, 'batches_per_example': 1.0, 'bgd_optimizer': 'bgd', 'optimizer_params': '{}', 'train_mc_iters': 2, 'std_init': 0.02, 'mean_eta': 50.0, 'fisher_gamma': 0.95, 'rln': 7, 'update_steps': 10, 'meta_lr': 0.001, 'update_lr': 0.1, 'ctn_lr': 0.01, 'ctn_beta': 0.05, 'ctn_n_meta': 2, 'ctn_inner_steps': 2, 'ctn_temperature': 5, 'ctn_n_memories': 50, 'ctn_alpha_init': 0.1, 'ctn_memory_strength': 100, 'ctn_task_emb': 64, 'bcl_n_memories': 400, 'bcl_memory_strength': 100, 'bcl_temperature': 5, 'bcl_inner_steps': 2, 'bcl_n_meta': 2, 'bcl_adapt_lr': 0.01, 'classes_per_task': [6, 6]} # val: 0.152 0.140 -0.012 -0.067 # 38.03941512107849
New Experiment Starting...
Running model:  gem
Set seed 0
Loaded task0.npz: Unique train labels: [0 1 2 3 4 5]
Loaded task0.npz: Remapped labels: [0 1 2 3 4 5]. Size: 17294)
Loaded task1.npz: Unique train labels: [ 0  6  7  8  9 10]
Loaded task1.npz: Remapped labels: [ 6  7  8  9 10 11]. Size: 32208)
Built classes_per_task: [6, 6]
Classes per task: [6, 6]
n_outputs: 12 	n_tasks: 2
True
Model device: cuda:0
---- Eval at Epoch 0: [0.0027831917780493107, 0.138699987695224] ----
Task 0 Epoch 1/1 | Loss 1.6557 | Train Acc 0.2191 | Val Acc 0.0028 | Epoch Time 6.54s (Eval 6.27s, Train 0.27s)
---- Eval at Epoch 0: [0.30211834733893556, 0.005162013243798587] ----
Task 1 Epoch 1/1 | Loss 1.8715 | Train Acc 0.2445 | Val Acc 0.0052 | Epoch Time 6.84s (Eval 6.18s, Train 0.66s)
####Final Validation Accuracy####
Final Results:- 
 Total Accuracy: 0.14002699782988873 
 Individual Accuracy: [0.277780695611578, 0.0022733000481994815]
logs//gem/gem_test_ncpt-2025-12-22_14-02-09-8934/0/results: {'expt_name': 'gem_test_ncpt', 'model': 'gem', 'arch': 'resnet1d', 'n_hiddens': 100, 'n_layers': 2, 'xav_init': True, 'glances': 1, 'n_epochs': 1, 'batch_size': 128, 'replay_batch_size': 10, 'memories': 400, 'lr': 0.03, 'cuda': True, 'seed': 0, 'log_every': 10, 'log_dir': 'logs//gem/gem_test_ncpt-2025-12-22_14-02-09-8934/0', 'tf_dir': 'logs//gem/gem_test_ncpt-2025-12-22_14-02-09-8934/0/tfdir', 'calc_test_accuracy': False, 'state_logging': False, 'data_path': 'data/rff/radar', 'loader': 'task_incremental_loader', 'samples_per_task': 256, 'shuffle_tasks': False, 'classes_per_it': 6, 'iterations': 5000, 'dataset': 'iq', 'workers': 0, 'validation': 0.5, 'class_order': 'random', 'increment': 5, 'test_batch_size': 100000, 'nc_per_task': None, 'nc_per_task_list': '', 'val_rate': 10, 'opt_lr': 0.1, 'opt_wt': 0.1, 'alpha_init': 0.1, 'learn_lr': False, 'sync_update': False, 'grad_clip_norm': 5.0, 'cifar_batches': 3, 'use_old_task_memory': False, 'second_order': True, 'n_memories': 200, 'memory_strength': 1.0, 'steps_per_sample': 1, 'gamma': 1.0, 'beta': 0.1, 's': 1.0, 'batches_per_example': 1.0, 'bgd_optimizer': 'bgd', 'optimizer_params': '{}', 'train_mc_iters': 2, 'std_init': 0.02, 'mean_eta': 50.0, 'fisher_gamma': 0.95, 'rln': 7, 'update_steps': 10, 'meta_lr': 0.001, 'update_lr': 0.1, 'ctn_lr': 0.01, 'ctn_beta': 0.05, 'ctn_n_meta': 2, 'ctn_inner_steps': 2, 'ctn_temperature': 5, 'ctn_n_memories': 50, 'ctn_alpha_init': 0.1, 'ctn_memory_strength': 100, 'ctn_task_emb': 64, 'bcl_n_memories': 400, 'bcl_memory_strength': 100, 'bcl_temperature': 5, 'bcl_inner_steps': 2, 'bcl_n_meta': 2, 'bcl_adapt_lr': 0.01, 'classes_per_task': [6, 6]} # val: 0.152 0.140 -0.012 -0.067 # 38.22160983085632
New Experiment Starting...
Running model:  gem
Set seed 0
Loaded task0.npz: Unique train labels: [0 1 2 3 4 5]
Loaded task0.npz: Remapped labels: [0 1 2 3 4 5]. Size: 17294)
Loaded task1.npz: Unique train labels: [ 0  6  7  8  9 10]
Loaded task1.npz: Remapped labels: [ 6  7  8  9 10 11]. Size: 32208)
Built classes_per_task: [6, 6]
Classes per task: [6, 6]
n_outputs: 12 	n_tasks: 2
True
Model device: cuda:0
---- Eval at Epoch 0: [0.0027831917780493107, 0.138699987695224] ----
Task 0 Epoch 1/1 | Loss 1.6557 | Train Acc 0.2191 | Val Acc 0.0028 | Epoch Time 6.55s (Eval 6.29s, Train 0.26s)
---- Eval at Epoch 0: [0.30211834733893556, 0.005162013243798587] ----
Task 1 Epoch 1/1 | Loss 1.8715 | Train Acc 0.2445 | Val Acc 0.0052 | Epoch Time 6.74s (Eval 6.16s, Train 0.58s)
####Final Validation Accuracy####
Final Results:- 
 Total Accuracy: 0.14002699782988873 
 Individual Accuracy: [0.277780695611578, 0.0022733000481994815]
logs//gem/gem_test_ncpt-2025-12-22_14-02-54-0002/0/results: {'expt_name': 'gem_test_ncpt', 'model': 'gem', 'arch': 'resnet1d', 'n_hiddens': 100, 'n_layers': 2, 'xav_init': True, 'glances': 1, 'n_epochs': 1, 'batch_size': 128, 'replay_batch_size': 10, 'memories': 400, 'lr': 0.03, 'cuda': True, 'seed': 0, 'log_every': 10, 'log_dir': 'logs//gem/gem_test_ncpt-2025-12-22_14-02-54-0002/0', 'tf_dir': 'logs//gem/gem_test_ncpt-2025-12-22_14-02-54-0002/0/tfdir', 'calc_test_accuracy': False, 'state_logging': False, 'data_path': 'data/rff/radar', 'loader': 'task_incremental_loader', 'samples_per_task': 256, 'shuffle_tasks': False, 'classes_per_it': 6, 'iterations': 5000, 'dataset': 'iq', 'workers': 0, 'validation': 0.5, 'class_order': 'random', 'increment': 5, 'test_batch_size': 100000, 'nc_per_task': None, 'nc_per_task_list': '', 'val_rate': 10, 'opt_lr': 0.1, 'opt_wt': 0.1, 'alpha_init': 0.1, 'learn_lr': False, 'sync_update': False, 'grad_clip_norm': 5.0, 'cifar_batches': 3, 'use_old_task_memory': False, 'second_order': True, 'n_memories': 200, 'memory_strength': 1.0, 'steps_per_sample': 1, 'gamma': 1.0, 'beta': 0.1, 's': 1.0, 'batches_per_example': 1.0, 'bgd_optimizer': 'bgd', 'optimizer_params': '{}', 'train_mc_iters': 2, 'std_init': 0.02, 'mean_eta': 50.0, 'fisher_gamma': 0.95, 'rln': 7, 'update_steps': 10, 'meta_lr': 0.001, 'update_lr': 0.1, 'ctn_lr': 0.01, 'ctn_beta': 0.05, 'ctn_n_meta': 2, 'ctn_inner_steps': 2, 'ctn_temperature': 5, 'ctn_n_memories': 50, 'ctn_alpha_init': 0.1, 'ctn_memory_strength': 100, 'ctn_task_emb': 64, 'bcl_n_memories': 400, 'bcl_memory_strength': 100, 'bcl_temperature': 5, 'bcl_inner_steps': 2, 'bcl_n_meta': 2, 'bcl_adapt_lr': 0.01, 'classes_per_task': [6, 6]} # val: 0.152 0.140 -0.012 -0.067 # 37.968894481658936
New Experiment Starting...
Running model:  gem
Set seed 0
Loaded task0.npz: Unique train labels: [0 1 2 3 4 5]
Loaded task0.npz: Remapped labels: [0 1 2 3 4 5]. Size: 17294)
Loaded task1.npz: Unique train labels: [ 0  6  7  8  9 10]
Loaded task1.npz: Remapped labels: [ 6  7  8  9 10 11]. Size: 32208)
Built classes_per_task: [6, 6]
Classes per task: [6, 6]
n_outputs: 12 	n_tasks: 2
True
Model device: cuda:0
---- Eval at Epoch 0: [0.0027831917780493107, 0.138699987695224] ----
Task 0 Epoch 1/1 | Loss 1.6557 | Train Acc 0.2191 | Val Acc 0.0028 | Epoch Time 6.56s (Eval 6.29s, Train 0.27s)
---- Eval at Epoch 0: [0.30211834733893556, 0.005162013243798587] ----
Task 1 Epoch 1/1 | Loss 1.8715 | Train Acc 0.2445 | Val Acc 0.0052 | Epoch Time 6.75s (Eval 6.17s, Train 0.57s)
####Final Validation Accuracy####
Final Results:- 
 Total Accuracy: 0.14002699782988873 
 Individual Accuracy: [0.277780695611578, 0.0022733000481994815]
logs//gem/gem_test_ncpt-2025-12-22_14-03-37-9753/0/results: {'expt_name': 'gem_test_ncpt', 'model': 'gem', 'arch': 'resnet1d', 'n_hiddens': 100, 'n_layers': 2, 'xav_init': True, 'glances': 1, 'n_epochs': 1, 'batch_size': 128, 'replay_batch_size': 10, 'memories': 400, 'lr': 0.03, 'cuda': True, 'seed': 0, 'log_every': 10, 'log_dir': 'logs//gem/gem_test_ncpt-2025-12-22_14-03-37-9753/0', 'tf_dir': 'logs//gem/gem_test_ncpt-2025-12-22_14-03-37-9753/0/tfdir', 'calc_test_accuracy': False, 'state_logging': False, 'data_path': 'data/rff/radar', 'loader': 'task_incremental_loader', 'samples_per_task': 256, 'shuffle_tasks': False, 'classes_per_it': 6, 'iterations': 5000, 'dataset': 'iq', 'workers': 0, 'validation': 0.5, 'class_order': 'random', 'increment': 5, 'test_batch_size': 100000, 'nc_per_task': None, 'nc_per_task_list': '', 'val_rate': 10, 'opt_lr': 0.1, 'opt_wt': 0.1, 'alpha_init': 0.1, 'learn_lr': False, 'sync_update': False, 'grad_clip_norm': 5.0, 'cifar_batches': 3, 'use_old_task_memory': False, 'second_order': True, 'n_memories': 200, 'memory_strength': 1.0, 'steps_per_sample': 1, 'gamma': 1.0, 'beta': 0.1, 's': 1.0, 'batches_per_example': 1.0, 'bgd_optimizer': 'bgd', 'optimizer_params': '{}', 'train_mc_iters': 2, 'std_init': 0.02, 'mean_eta': 50.0, 'fisher_gamma': 0.95, 'rln': 7, 'update_steps': 10, 'meta_lr': 0.001, 'update_lr': 0.1, 'ctn_lr': 0.01, 'ctn_beta': 0.05, 'ctn_n_meta': 2, 'ctn_inner_steps': 2, 'ctn_temperature': 5, 'ctn_n_memories': 50, 'ctn_alpha_init': 0.1, 'ctn_memory_strength': 100, 'ctn_task_emb': 64, 'bcl_n_memories': 400, 'bcl_memory_strength': 100, 'bcl_temperature': 5, 'bcl_inner_steps': 2, 'bcl_n_meta': 2, 'bcl_adapt_lr': 0.01, 'classes_per_task': [6, 6]} # val: 0.152 0.140 -0.012 -0.067 # 38.0148389339447
New Experiment Starting...
Running model:  gem
Set seed 0
Loaded task0.npz: Unique train labels: [0 1 2 3 4 5]
Loaded task0.npz: Remapped labels: [0 1 2 3 4 5]. Size: 17294)
Loaded task1.npz: Unique train labels: [ 0  6  7  8  9 10]
Loaded task1.npz: Remapped labels: [ 6  7  8  9 10 11]. Size: 32208)
Built classes_per_task: [6, 6]
Classes per task: [6, 6]
n_outputs: 12 	n_tasks: 2
True
Model device: cuda:0
---- Eval at Epoch 0: [0.0027831917780493107, 0.138699987695224] ----
Task 0 Epoch 1/1 | Loss 1.6557 | Train Acc 0.2191 | Val Acc 0.0028 | Epoch Time 6.54s (Eval 6.28s, Train 0.26s)
---- Eval at Epoch 0: [0.30211834733893556, 0.005162013243798587] ----
Task 1 Epoch 1/1 | Loss 1.8715 | Train Acc 0.2445 | Val Acc 0.0052 | Epoch Time 6.72s (Eval 6.15s, Train 0.57s)
####Final Validation Accuracy####
Final Results:- 
 Total Accuracy: 0.14002699782988873 
 Individual Accuracy: [0.277780695611578, 0.0022733000481994815]
logs//gem/gem_test_ncpt-2025-12-22_14-04-21-7806/0/results: {'expt_name': 'gem_test_ncpt', 'model': 'gem', 'arch': 'resnet1d', 'n_hiddens': 100, 'n_layers': 2, 'xav_init': True, 'glances': 1, 'n_epochs': 1, 'batch_size': 128, 'replay_batch_size': 10, 'memories': 400, 'lr': 0.03, 'cuda': True, 'seed': 0, 'log_every': 10, 'log_dir': 'logs//gem/gem_test_ncpt-2025-12-22_14-04-21-7806/0', 'tf_dir': 'logs//gem/gem_test_ncpt-2025-12-22_14-04-21-7806/0/tfdir', 'calc_test_accuracy': False, 'state_logging': False, 'data_path': 'data/rff/radar', 'loader': 'task_incremental_loader', 'samples_per_task': 256, 'shuffle_tasks': False, 'classes_per_it': 6, 'iterations': 5000, 'dataset': 'iq', 'workers': 0, 'validation': 0.5, 'class_order': 'random', 'increment': 5, 'test_batch_size': 100000, 'nc_per_task': None, 'nc_per_task_list': '', 'val_rate': 10, 'opt_lr': 0.1, 'opt_wt': 0.1, 'alpha_init': 0.1, 'learn_lr': False, 'sync_update': False, 'grad_clip_norm': 5.0, 'cifar_batches': 3, 'use_old_task_memory': False, 'second_order': True, 'n_memories': 200, 'memory_strength': 1.0, 'steps_per_sample': 1, 'gamma': 1.0, 'beta': 0.1, 's': 1.0, 'batches_per_example': 1.0, 'bgd_optimizer': 'bgd', 'optimizer_params': '{}', 'train_mc_iters': 2, 'std_init': 0.02, 'mean_eta': 50.0, 'fisher_gamma': 0.95, 'rln': 7, 'update_steps': 10, 'meta_lr': 0.001, 'update_lr': 0.1, 'ctn_lr': 0.01, 'ctn_beta': 0.05, 'ctn_n_meta': 2, 'ctn_inner_steps': 2, 'ctn_temperature': 5, 'ctn_n_memories': 50, 'ctn_alpha_init': 0.1, 'ctn_memory_strength': 100, 'ctn_task_emb': 64, 'bcl_n_memories': 400, 'bcl_memory_strength': 100, 'bcl_temperature': 5, 'bcl_inner_steps': 2, 'bcl_n_meta': 2, 'bcl_adapt_lr': 0.01, 'classes_per_task': [6, 6]} # val: 0.152 0.140 -0.012 -0.067 # 37.87666392326355
New Experiment Starting...
Running model:  gem
Set seed 0
Loaded task0.npz: Unique train labels: [0 1 2 3 4 5]
Loaded task0.npz: Remapped labels: [0 1 2 3 4 5]. Size: 17294)
Loaded task1.npz: Unique train labels: [ 0  6  7  8  9 10]
Loaded task1.npz: Remapped labels: [ 6  7  8  9 10 11]. Size: 32208)
Built classes_per_task: [6, 6]
Classes per task: [6, 6]
n_outputs: 12 	n_tasks: 2
True
Model device: cuda:0
---- Eval at Epoch 0: [0.0027831917780493107, 0.138699987695224] ----
Task 0 Epoch 1/1 | Loss 1.6557 | Train Acc 0.2191 | Val Acc 0.0028 | Epoch Time 6.54s (Eval 6.28s, Train 0.27s)
---- Eval at Epoch 0: [0.30211834733893556, 0.005162013243798587] ----
Task 1 Epoch 1/1 | Loss 1.8715 | Train Acc 0.2445 | Val Acc 0.0052 | Epoch Time 6.77s (Eval 6.16s, Train 0.61s)
####Final Validation Accuracy####
Final Results:- 
 Total Accuracy: 0.14002699782988873 
 Individual Accuracy: [0.277780695611578, 0.0022733000481994815]
logs//gem/gem_test_ncpt-2025-12-22_14-05-05-3995/0/results: {'expt_name': 'gem_test_ncpt', 'model': 'gem', 'arch': 'resnet1d', 'n_hiddens': 100, 'n_layers': 2, 'xav_init': True, 'glances': 1, 'n_epochs': 1, 'batch_size': 128, 'replay_batch_size': 10, 'memories': 400, 'lr': 0.03, 'cuda': True, 'seed': 0, 'log_every': 10, 'log_dir': 'logs//gem/gem_test_ncpt-2025-12-22_14-05-05-3995/0', 'tf_dir': 'logs//gem/gem_test_ncpt-2025-12-22_14-05-05-3995/0/tfdir', 'calc_test_accuracy': False, 'state_logging': False, 'data_path': 'data/rff/radar', 'loader': 'task_incremental_loader', 'samples_per_task': 256, 'shuffle_tasks': False, 'classes_per_it': 6, 'iterations': 5000, 'dataset': 'iq', 'workers': 0, 'validation': 0.5, 'class_order': 'random', 'increment': 5, 'test_batch_size': 100000, 'nc_per_task': None, 'nc_per_task_list': '', 'val_rate': 10, 'opt_lr': 0.1, 'opt_wt': 0.1, 'alpha_init': 0.1, 'learn_lr': False, 'sync_update': False, 'grad_clip_norm': 5.0, 'cifar_batches': 3, 'use_old_task_memory': False, 'second_order': True, 'n_memories': 200, 'memory_strength': 1.0, 'steps_per_sample': 1, 'gamma': 1.0, 'beta': 0.1, 's': 1.0, 'batches_per_example': 1.0, 'bgd_optimizer': 'bgd', 'optimizer_params': '{}', 'train_mc_iters': 2, 'std_init': 0.02, 'mean_eta': 50.0, 'fisher_gamma': 0.95, 'rln': 7, 'update_steps': 10, 'meta_lr': 0.001, 'update_lr': 0.1, 'ctn_lr': 0.01, 'ctn_beta': 0.05, 'ctn_n_meta': 2, 'ctn_inner_steps': 2, 'ctn_temperature': 5, 'ctn_n_memories': 50, 'ctn_alpha_init': 0.1, 'ctn_memory_strength': 100, 'ctn_task_emb': 64, 'bcl_n_memories': 400, 'bcl_memory_strength': 100, 'bcl_temperature': 5, 'bcl_inner_steps': 2, 'bcl_n_meta': 2, 'bcl_adapt_lr': 0.01, 'classes_per_task': [6, 6]} # val: 0.152 0.140 -0.012 -0.067 # 37.97221064567566
New Experiment Starting...
Running model:  gem
Set seed 0
Loaded task0.npz: Unique train labels: [0 1 2 3 4 5]
Loaded task0.npz: Remapped labels: [0 1 2 3 4 5]. Size: 17294)
Loaded task1.npz: Unique train labels: [ 0  6  7  8  9 10]
Loaded task1.npz: Remapped labels: [ 6  7  8  9 10 11]. Size: 32208)
Built classes_per_task: [6, 6]
Classes per task: [6, 6]
n_outputs: 12 	n_tasks: 2
True
Model device: cuda:0
---- Eval at Epoch 0: [0.0027831917780493107, 0.138699987695224] ----
Task 0 Epoch 1/1 | Loss 1.6557 | Train Acc 0.2191 | Val Acc 0.0028 | Epoch Time 6.58s (Eval 6.31s, Train 0.27s)
---- Eval at Epoch 0: [0.30211834733893556, 0.005162013243798587] ----
Task 1 Epoch 1/1 | Loss 1.8715 | Train Acc 0.2445 | Val Acc 0.0052 | Epoch Time 6.73s (Eval 6.16s, Train 0.57s)
####Final Validation Accuracy####
Final Results:- 
 Total Accuracy: 0.14002699782988873 
 Individual Accuracy: [0.277780695611578, 0.0022733000481994815]
logs//gem/gem_test_ncpt-2025-12-22_14-05-49-1627/0/results: {'expt_name': 'gem_test_ncpt', 'model': 'gem', 'arch': 'resnet1d', 'n_hiddens': 100, 'n_layers': 2, 'xav_init': True, 'glances': 1, 'n_epochs': 1, 'batch_size': 128, 'replay_batch_size': 10, 'memories': 400, 'lr': 0.03, 'cuda': True, 'seed': 0, 'log_every': 10, 'log_dir': 'logs//gem/gem_test_ncpt-2025-12-22_14-05-49-1627/0', 'tf_dir': 'logs//gem/gem_test_ncpt-2025-12-22_14-05-49-1627/0/tfdir', 'calc_test_accuracy': False, 'state_logging': False, 'data_path': 'data/rff/radar', 'loader': 'task_incremental_loader', 'samples_per_task': 256, 'shuffle_tasks': False, 'classes_per_it': 6, 'iterations': 5000, 'dataset': 'iq', 'workers': 0, 'validation': 0.5, 'class_order': 'random', 'increment': 5, 'test_batch_size': 100000, 'nc_per_task': None, 'nc_per_task_list': '', 'val_rate': 10, 'opt_lr': 0.1, 'opt_wt': 0.1, 'alpha_init': 0.1, 'learn_lr': False, 'sync_update': False, 'grad_clip_norm': 5.0, 'cifar_batches': 3, 'use_old_task_memory': False, 'second_order': True, 'n_memories': 200, 'memory_strength': 1.0, 'steps_per_sample': 1, 'gamma': 1.0, 'beta': 0.1, 's': 1.0, 'batches_per_example': 1.0, 'bgd_optimizer': 'bgd', 'optimizer_params': '{}', 'train_mc_iters': 2, 'std_init': 0.02, 'mean_eta': 50.0, 'fisher_gamma': 0.95, 'rln': 7, 'update_steps': 10, 'meta_lr': 0.001, 'update_lr': 0.1, 'ctn_lr': 0.01, 'ctn_beta': 0.05, 'ctn_n_meta': 2, 'ctn_inner_steps': 2, 'ctn_temperature': 5, 'ctn_n_memories': 50, 'ctn_alpha_init': 0.1, 'ctn_memory_strength': 100, 'ctn_task_emb': 64, 'bcl_n_memories': 400, 'bcl_memory_strength': 100, 'bcl_temperature': 5, 'bcl_inner_steps': 2, 'bcl_n_meta': 2, 'bcl_adapt_lr': 0.01, 'classes_per_task': [6, 6]} # val: 0.152 0.140 -0.012 -0.067 # 37.94776463508606
New Experiment Starting...
Running model:  gem
Set seed 0
Loaded task0.npz: Unique train labels: [0 1 2 3 4 5]
Loaded task0.npz: Remapped labels: [0 1 2 3 4 5]. Size: 17294)
Loaded task1.npz: Unique train labels: [ 0  6  7  8  9 10]
Loaded task1.npz: Remapped labels: [ 6  7  8  9 10 11]. Size: 32208)
Built classes_per_task: [6, 6]
Classes per task: [6, 6]
n_outputs: 12 	n_tasks: 2
True
Model device: cuda:0
---- Eval at Epoch 0: [0.0027831917780493107, 0.138699987695224] ----
Task 0 Epoch 1/1 | Loss 1.6557 | Train Acc 0.2191 | Val Acc 0.0028 | Epoch Time 6.55s (Eval 6.28s, Train 0.26s)
---- Eval at Epoch 0: [0.30211834733893556, 0.005162013243798587] ----
Task 1 Epoch 1/1 | Loss 1.8715 | Train Acc 0.2445 | Val Acc 0.0052 | Epoch Time 6.76s (Eval 6.17s, Train 0.59s)
####Final Validation Accuracy####
Final Results:- 
 Total Accuracy: 0.14002699782988873 
 Individual Accuracy: [0.277780695611578, 0.0022733000481994815]
logs//gem/gem_test_ncpt-2025-12-22_14-06-32-9312/0/results: {'expt_name': 'gem_test_ncpt', 'model': 'gem', 'arch': 'resnet1d', 'n_hiddens': 100, 'n_layers': 2, 'xav_init': True, 'glances': 1, 'n_epochs': 1, 'batch_size': 128, 'replay_batch_size': 10, 'memories': 400, 'lr': 0.03, 'cuda': True, 'seed': 0, 'log_every': 10, 'log_dir': 'logs//gem/gem_test_ncpt-2025-12-22_14-06-32-9312/0', 'tf_dir': 'logs//gem/gem_test_ncpt-2025-12-22_14-06-32-9312/0/tfdir', 'calc_test_accuracy': False, 'state_logging': False, 'data_path': 'data/rff/radar', 'loader': 'task_incremental_loader', 'samples_per_task': 256, 'shuffle_tasks': False, 'classes_per_it': 6, 'iterations': 5000, 'dataset': 'iq', 'workers': 0, 'validation': 0.5, 'class_order': 'random', 'increment': 5, 'test_batch_size': 100000, 'nc_per_task': None, 'nc_per_task_list': '', 'val_rate': 10, 'opt_lr': 0.1, 'opt_wt': 0.1, 'alpha_init': 0.1, 'learn_lr': False, 'sync_update': False, 'grad_clip_norm': 5.0, 'cifar_batches': 3, 'use_old_task_memory': False, 'second_order': True, 'n_memories': 200, 'memory_strength': 1.0, 'steps_per_sample': 1, 'gamma': 1.0, 'beta': 0.1, 's': 1.0, 'batches_per_example': 1.0, 'bgd_optimizer': 'bgd', 'optimizer_params': '{}', 'train_mc_iters': 2, 'std_init': 0.02, 'mean_eta': 50.0, 'fisher_gamma': 0.95, 'rln': 7, 'update_steps': 10, 'meta_lr': 0.001, 'update_lr': 0.1, 'ctn_lr': 0.01, 'ctn_beta': 0.05, 'ctn_n_meta': 2, 'ctn_inner_steps': 2, 'ctn_temperature': 5, 'ctn_n_memories': 50, 'ctn_alpha_init': 0.1, 'ctn_memory_strength': 100, 'ctn_task_emb': 64, 'bcl_n_memories': 400, 'bcl_memory_strength': 100, 'bcl_temperature': 5, 'bcl_inner_steps': 2, 'bcl_n_meta': 2, 'bcl_adapt_lr': 0.01, 'classes_per_task': [6, 6]} # val: 0.152 0.140 -0.012 -0.067 # 38.05332374572754
New Experiment Starting...
Running model:  gem
Set seed 0
Loaded task0.npz: Unique train labels: [0 1 2 3 4 5]
Loaded task0.npz: Remapped labels: [0 1 2 3 4 5]. Size: 17294)
Loaded task1.npz: Unique train labels: [ 0  6  7  8  9 10]
Loaded task1.npz: Remapped labels: [ 6  7  8  9 10 11]. Size: 32208)
Built classes_per_task: [6, 6]
Classes per task: [6, 6]
n_outputs: 12 	n_tasks: 2
True
Model device: cuda:0
---- Eval at Epoch 0: [0.0027831917780493107, 0.138699987695224] ----
Task 0 Epoch 1/1 | Loss 1.6557 | Train Acc 0.2191 | Val Acc 0.0028 | Epoch Time 6.55s (Eval 6.28s, Train 0.27s)
---- Eval at Epoch 0: [0.30211834733893556, 0.005162013243798587] ----
Task 1 Epoch 1/1 | Loss 1.8715 | Train Acc 0.2445 | Val Acc 0.0052 | Epoch Time 6.84s (Eval 6.21s, Train 0.63s)
####Final Validation Accuracy####
Final Results:- 
 Total Accuracy: 0.14002699782988873 
 Individual Accuracy: [0.277780695611578, 0.0022733000481994815]
logs//gem/gem_test_ncpt-2025-12-22_14-07-16-7271/0/results: {'expt_name': 'gem_test_ncpt', 'model': 'gem', 'arch': 'resnet1d', 'n_hiddens': 100, 'n_layers': 2, 'xav_init': True, 'glances': 1, 'n_epochs': 1, 'batch_size': 128, 'replay_batch_size': 10, 'memories': 400, 'lr': 0.03, 'cuda': True, 'seed': 0, 'log_every': 10, 'log_dir': 'logs//gem/gem_test_ncpt-2025-12-22_14-07-16-7271/0', 'tf_dir': 'logs//gem/gem_test_ncpt-2025-12-22_14-07-16-7271/0/tfdir', 'calc_test_accuracy': False, 'state_logging': False, 'data_path': 'data/rff/radar', 'loader': 'task_incremental_loader', 'samples_per_task': 256, 'shuffle_tasks': False, 'classes_per_it': 6, 'iterations': 5000, 'dataset': 'iq', 'workers': 0, 'validation': 0.5, 'class_order': 'random', 'increment': 5, 'test_batch_size': 100000, 'nc_per_task': None, 'nc_per_task_list': '', 'val_rate': 10, 'opt_lr': 0.1, 'opt_wt': 0.1, 'alpha_init': 0.1, 'learn_lr': False, 'sync_update': False, 'grad_clip_norm': 5.0, 'cifar_batches': 3, 'use_old_task_memory': False, 'second_order': True, 'n_memories': 200, 'memory_strength': 1.0, 'steps_per_sample': 1, 'gamma': 1.0, 'beta': 0.1, 's': 1.0, 'batches_per_example': 1.0, 'bgd_optimizer': 'bgd', 'optimizer_params': '{}', 'train_mc_iters': 2, 'std_init': 0.02, 'mean_eta': 50.0, 'fisher_gamma': 0.95, 'rln': 7, 'update_steps': 10, 'meta_lr': 0.001, 'update_lr': 0.1, 'ctn_lr': 0.01, 'ctn_beta': 0.05, 'ctn_n_meta': 2, 'ctn_inner_steps': 2, 'ctn_temperature': 5, 'ctn_n_memories': 50, 'ctn_alpha_init': 0.1, 'ctn_memory_strength': 100, 'ctn_task_emb': 64, 'bcl_n_memories': 400, 'bcl_memory_strength': 100, 'bcl_temperature': 5, 'bcl_inner_steps': 2, 'bcl_n_meta': 2, 'bcl_adapt_lr': 0.01, 'classes_per_task': [6, 6]} # val: 0.152 0.140 -0.012 -0.067 # 38.19012951850891
New Experiment Starting...
Running model:  gem
Set seed 0
Loaded task0.npz: Unique train labels: [0 1 2 3 4 5]
Loaded task0.npz: Remapped labels: [0 1 2 3 4 5]. Size: 17294)
Loaded task1.npz: Unique train labels: [ 0  6  7  8  9 10]
Loaded task1.npz: Remapped labels: [ 6  7  8  9 10 11]. Size: 32208)
Built classes_per_task: [6, 6]
Classes per task: [6, 6]
n_outputs: 12 	n_tasks: 2
True
Model device: cuda:0
---- Eval at Epoch 0: [0.0027831917780493107, 0.138699987695224] ----
Task 0 Epoch 1/1 | Loss 1.6557 | Train Acc 0.2191 | Val Acc 0.0028 | Epoch Time 6.56s (Eval 6.29s, Train 0.26s)
---- Eval at Epoch 0: [0.30211834733893556, 0.005162013243798587] ----
Task 1 Epoch 1/1 | Loss 1.8715 | Train Acc 0.2445 | Val Acc 0.0052 | Epoch Time 6.74s (Eval 6.17s, Train 0.58s)
####Final Validation Accuracy####
Final Results:- 
 Total Accuracy: 0.14002699782988873 
 Individual Accuracy: [0.277780695611578, 0.0022733000481994815]
logs//gem/gem_test_ncpt-2025-12-22_14-08-00-7445/0/results: {'expt_name': 'gem_test_ncpt', 'model': 'gem', 'arch': 'resnet1d', 'n_hiddens': 100, 'n_layers': 2, 'xav_init': True, 'glances': 1, 'n_epochs': 1, 'batch_size': 128, 'replay_batch_size': 10, 'memories': 400, 'lr': 0.03, 'cuda': True, 'seed': 0, 'log_every': 10, 'log_dir': 'logs//gem/gem_test_ncpt-2025-12-22_14-08-00-7445/0', 'tf_dir': 'logs//gem/gem_test_ncpt-2025-12-22_14-08-00-7445/0/tfdir', 'calc_test_accuracy': False, 'state_logging': False, 'data_path': 'data/rff/radar', 'loader': 'task_incremental_loader', 'samples_per_task': 256, 'shuffle_tasks': False, 'classes_per_it': 6, 'iterations': 5000, 'dataset': 'iq', 'workers': 0, 'validation': 0.5, 'class_order': 'random', 'increment': 5, 'test_batch_size': 100000, 'nc_per_task': None, 'nc_per_task_list': '', 'val_rate': 10, 'opt_lr': 0.1, 'opt_wt': 0.1, 'alpha_init': 0.1, 'learn_lr': False, 'sync_update': False, 'grad_clip_norm': 5.0, 'cifar_batches': 3, 'use_old_task_memory': False, 'second_order': True, 'n_memories': 200, 'memory_strength': 1.0, 'steps_per_sample': 1, 'gamma': 1.0, 'beta': 0.1, 's': 1.0, 'batches_per_example': 1.0, 'bgd_optimizer': 'bgd', 'optimizer_params': '{}', 'train_mc_iters': 2, 'std_init': 0.02, 'mean_eta': 50.0, 'fisher_gamma': 0.95, 'rln': 7, 'update_steps': 10, 'meta_lr': 0.001, 'update_lr': 0.1, 'ctn_lr': 0.01, 'ctn_beta': 0.05, 'ctn_n_meta': 2, 'ctn_inner_steps': 2, 'ctn_temperature': 5, 'ctn_n_memories': 50, 'ctn_alpha_init': 0.1, 'ctn_memory_strength': 100, 'ctn_task_emb': 64, 'bcl_n_memories': 400, 'bcl_memory_strength': 100, 'bcl_temperature': 5, 'bcl_inner_steps': 2, 'bcl_n_meta': 2, 'bcl_adapt_lr': 0.01, 'classes_per_task': [6, 6]} # val: 0.152 0.140 -0.012 -0.067 # 38.06359124183655
New Experiment Starting...
Running model:  gem
Set seed 0
Loaded task0.npz: Unique train labels: [0 1 2 3 4 5]
Loaded task0.npz: Remapped labels: [0 1 2 3 4 5]. Size: 17294)
Loaded task1.npz: Unique train labels: [ 0  6  7  8  9 10]
Loaded task1.npz: Remapped labels: [ 6  7  8  9 10 11]. Size: 32208)
Built classes_per_task: [6, 6]
Classes per task: [6, 6]
n_outputs: 12 	n_tasks: 2
True
Model device: cuda:0
---- Eval at Epoch 0: [0.0027831917780493107, 0.138699987695224] ----
Task 0 Epoch 1/1 | Loss 1.6557 | Train Acc 0.2191 | Val Acc 0.0028 | Epoch Time 6.51s (Eval 6.25s, Train 0.26s)
---- Eval at Epoch 0: [0.30211834733893556, 0.005162013243798587] ----
Task 1 Epoch 1/1 | Loss 1.8715 | Train Acc 0.2445 | Val Acc 0.0052 | Epoch Time 6.77s (Eval 6.16s, Train 0.60s)
####Final Validation Accuracy####
Final Results:- 
 Total Accuracy: 0.14002699782988873 
 Individual Accuracy: [0.277780695611578, 0.0022733000481994815]
logs//gem/gem_test_ncpt-2025-12-22_14-08-44-7512/0/results: {'expt_name': 'gem_test_ncpt', 'model': 'gem', 'arch': 'resnet1d', 'n_hiddens': 100, 'n_layers': 2, 'xav_init': True, 'glances': 1, 'n_epochs': 1, 'batch_size': 128, 'replay_batch_size': 10, 'memories': 400, 'lr': 0.03, 'cuda': True, 'seed': 0, 'log_every': 10, 'log_dir': 'logs//gem/gem_test_ncpt-2025-12-22_14-08-44-7512/0', 'tf_dir': 'logs//gem/gem_test_ncpt-2025-12-22_14-08-44-7512/0/tfdir', 'calc_test_accuracy': False, 'state_logging': False, 'data_path': 'data/rff/radar', 'loader': 'task_incremental_loader', 'samples_per_task': 256, 'shuffle_tasks': False, 'classes_per_it': 6, 'iterations': 5000, 'dataset': 'iq', 'workers': 0, 'validation': 0.5, 'class_order': 'random', 'increment': 5, 'test_batch_size': 100000, 'nc_per_task': None, 'nc_per_task_list': '', 'val_rate': 10, 'opt_lr': 0.1, 'opt_wt': 0.1, 'alpha_init': 0.1, 'learn_lr': False, 'sync_update': False, 'grad_clip_norm': 5.0, 'cifar_batches': 3, 'use_old_task_memory': False, 'second_order': True, 'n_memories': 200, 'memory_strength': 1.0, 'steps_per_sample': 1, 'gamma': 1.0, 'beta': 0.1, 's': 1.0, 'batches_per_example': 1.0, 'bgd_optimizer': 'bgd', 'optimizer_params': '{}', 'train_mc_iters': 2, 'std_init': 0.02, 'mean_eta': 50.0, 'fisher_gamma': 0.95, 'rln': 7, 'update_steps': 10, 'meta_lr': 0.001, 'update_lr': 0.1, 'ctn_lr': 0.01, 'ctn_beta': 0.05, 'ctn_n_meta': 2, 'ctn_inner_steps': 2, 'ctn_temperature': 5, 'ctn_n_memories': 50, 'ctn_alpha_init': 0.1, 'ctn_memory_strength': 100, 'ctn_task_emb': 64, 'bcl_n_memories': 400, 'bcl_memory_strength': 100, 'bcl_temperature': 5, 'bcl_inner_steps': 2, 'bcl_n_meta': 2, 'bcl_adapt_lr': 0.01, 'classes_per_task': [6, 6]} # val: 0.152 0.140 -0.012 -0.067 # 37.99921011924744
New Experiment Starting...
Running model:  gem
Set seed 0
Loaded task0.npz: Unique train labels: [0 1 2 3 4 5]
Loaded task0.npz: Remapped labels: [0 1 2 3 4 5]. Size: 17294)
Loaded task1.npz: Unique train labels: [ 0  6  7  8  9 10]
Loaded task1.npz: Remapped labels: [ 6  7  8  9 10 11]. Size: 32208)
Built classes_per_task: [6, 6]
Classes per task: [6, 6]
n_outputs: 12 	n_tasks: 2
True
Model device: cuda:0
---- Eval at Epoch 0: [0.0027831917780493107, 0.138699987695224] ----
Task 0 Epoch 1/1 | Loss 1.6557 | Train Acc 0.2191 | Val Acc 0.0028 | Epoch Time 6.53s (Eval 6.27s, Train 0.26s)
---- Eval at Epoch 0: [0.30211834733893556, 0.005162013243798587] ----
Task 1 Epoch 1/1 | Loss 1.8715 | Train Acc 0.2445 | Val Acc 0.0052 | Epoch Time 6.81s (Eval 6.20s, Train 0.61s)
####Final Validation Accuracy####
Final Results:- 
 Total Accuracy: 0.14002699782988873 
 Individual Accuracy: [0.277780695611578, 0.0022733000481994815]
logs//gem/gem_test_ncpt-2025-12-22_14-09-28-5144/0/results: {'expt_name': 'gem_test_ncpt', 'model': 'gem', 'arch': 'resnet1d', 'n_hiddens': 100, 'n_layers': 2, 'xav_init': True, 'glances': 1, 'n_epochs': 1, 'batch_size': 128, 'replay_batch_size': 10, 'memories': 400, 'lr': 0.03, 'cuda': True, 'seed': 0, 'log_every': 10, 'log_dir': 'logs//gem/gem_test_ncpt-2025-12-22_14-09-28-5144/0', 'tf_dir': 'logs//gem/gem_test_ncpt-2025-12-22_14-09-28-5144/0/tfdir', 'calc_test_accuracy': False, 'state_logging': False, 'data_path': 'data/rff/radar', 'loader': 'task_incremental_loader', 'samples_per_task': 256, 'shuffle_tasks': False, 'classes_per_it': 6, 'iterations': 5000, 'dataset': 'iq', 'workers': 0, 'validation': 0.5, 'class_order': 'random', 'increment': 5, 'test_batch_size': 100000, 'nc_per_task': None, 'nc_per_task_list': '', 'val_rate': 10, 'opt_lr': 0.1, 'opt_wt': 0.1, 'alpha_init': 0.1, 'learn_lr': False, 'sync_update': False, 'grad_clip_norm': 5.0, 'cifar_batches': 3, 'use_old_task_memory': False, 'second_order': True, 'n_memories': 200, 'memory_strength': 1.0, 'steps_per_sample': 1, 'gamma': 1.0, 'beta': 0.1, 's': 1.0, 'batches_per_example': 1.0, 'bgd_optimizer': 'bgd', 'optimizer_params': '{}', 'train_mc_iters': 2, 'std_init': 0.02, 'mean_eta': 50.0, 'fisher_gamma': 0.95, 'rln': 7, 'update_steps': 10, 'meta_lr': 0.001, 'update_lr': 0.1, 'ctn_lr': 0.01, 'ctn_beta': 0.05, 'ctn_n_meta': 2, 'ctn_inner_steps': 2, 'ctn_temperature': 5, 'ctn_n_memories': 50, 'ctn_alpha_init': 0.1, 'ctn_memory_strength': 100, 'ctn_task_emb': 64, 'bcl_n_memories': 400, 'bcl_memory_strength': 100, 'bcl_temperature': 5, 'bcl_inner_steps': 2, 'bcl_n_meta': 2, 'bcl_adapt_lr': 0.01, 'classes_per_task': [6, 6]} # val: 0.152 0.140 -0.012 -0.067 # 38.179938077926636
New Experiment Starting...
Running model:  gem
Set seed 0
Loaded task0.npz: Unique train labels: [0 1 2 3 4 5]
Loaded task0.npz: Remapped labels: [0 1 2 3 4 5]. Size: 17294)
Loaded task1.npz: Unique train labels: [ 0  6  7  8  9 10]
Loaded task1.npz: Remapped labels: [ 6  7  8  9 10 11]. Size: 32208)
Built classes_per_task: [6, 6]
Classes per task: [6, 6]
n_outputs: 12 	n_tasks: 2
True
Model device: cuda:0
---- Eval at Epoch 0: [0.0027831917780493107, 0.138699987695224] ----
Task 0 Epoch 1/1 | Loss 1.6557 | Train Acc 0.2191 | Val Acc 0.0028 | Epoch Time 6.56s (Eval 6.29s, Train 0.27s)
---- Eval at Epoch 0: [0.30211834733893556, 0.005162013243798587] ----
Task 1 Epoch 1/1 | Loss 1.8715 | Train Acc 0.2445 | Val Acc 0.0052 | Epoch Time 6.89s (Eval 6.29s, Train 0.60s)
####Final Validation Accuracy####
Final Results:- 
 Total Accuracy: 0.14002699782988873 
 Individual Accuracy: [0.277780695611578, 0.0022733000481994815]
logs//gem/gem_test_ncpt-2025-12-22_14-10-12-4764/0/results: {'expt_name': 'gem_test_ncpt', 'model': 'gem', 'arch': 'resnet1d', 'n_hiddens': 100, 'n_layers': 2, 'xav_init': True, 'glances': 1, 'n_epochs': 1, 'batch_size': 128, 'replay_batch_size': 10, 'memories': 400, 'lr': 0.03, 'cuda': True, 'seed': 0, 'log_every': 10, 'log_dir': 'logs//gem/gem_test_ncpt-2025-12-22_14-10-12-4764/0', 'tf_dir': 'logs//gem/gem_test_ncpt-2025-12-22_14-10-12-4764/0/tfdir', 'calc_test_accuracy': False, 'state_logging': False, 'data_path': 'data/rff/radar', 'loader': 'task_incremental_loader', 'samples_per_task': 256, 'shuffle_tasks': False, 'classes_per_it': 6, 'iterations': 5000, 'dataset': 'iq', 'workers': 0, 'validation': 0.5, 'class_order': 'random', 'increment': 5, 'test_batch_size': 100000, 'nc_per_task': None, 'nc_per_task_list': '', 'val_rate': 10, 'opt_lr': 0.1, 'opt_wt': 0.1, 'alpha_init': 0.1, 'learn_lr': False, 'sync_update': False, 'grad_clip_norm': 5.0, 'cifar_batches': 3, 'use_old_task_memory': False, 'second_order': True, 'n_memories': 200, 'memory_strength': 1.0, 'steps_per_sample': 1, 'gamma': 1.0, 'beta': 0.1, 's': 1.0, 'batches_per_example': 1.0, 'bgd_optimizer': 'bgd', 'optimizer_params': '{}', 'train_mc_iters': 2, 'std_init': 0.02, 'mean_eta': 50.0, 'fisher_gamma': 0.95, 'rln': 7, 'update_steps': 10, 'meta_lr': 0.001, 'update_lr': 0.1, 'ctn_lr': 0.01, 'ctn_beta': 0.05, 'ctn_n_meta': 2, 'ctn_inner_steps': 2, 'ctn_temperature': 5, 'ctn_n_memories': 50, 'ctn_alpha_init': 0.1, 'ctn_memory_strength': 100, 'ctn_task_emb': 64, 'bcl_n_memories': 400, 'bcl_memory_strength': 100, 'bcl_temperature': 5, 'bcl_inner_steps': 2, 'bcl_n_meta': 2, 'bcl_adapt_lr': 0.01, 'classes_per_task': [6, 6]} # val: 0.152 0.140 -0.012 -0.067 # 38.227641105651855
