python3 -u main.py $IQ --model anml --expt_name all_anml --batch_size 128 --n_epochs 50 
                    --lr 0.001 --glances 1 --increment 5 
                    --log_every 3125 --class_order random 
                    --seed $SEED --calc_test_accuracy --validation 0.3 --samples_per_task -1 
                    --rln 7 --update_steps 10 --meta_lr 0.001 --update_lr 0.1 

python3 -u main.py $IQ --model lwf --expt_name all_lwf --batch_size 128 --n_epochs 50 
                    --lr 0.001 --increment 5 
                    --log_every 3125 --class_order random 
                    --seed $SEED --calc_test_accuracy --validation 0.3 --samples_per_task -1

python3 -u main.py $IQ --model meralg1 --expt_name all_meralg1 --batch_size 128 --memories 5192 --replay_batch_size 64 
                    --lr 0.1 --beta 0.1 --gamma 1.0 --batches_per_example 10  --increment 5 
                    --log_every 3125 --grad_clip_norm 10.0 --class_order random 
                    --seed $SEED --calc_test_accuracy --validation 0.3 --samples_per_task -1

python3 -u main.py $IQ --model meta-bgd --expt_name all_meta-bgd --memories 5192 --batch_size 128 --replay_batch_size 64 --n_epochs 50 
                    --alpha_init 0.1 --glances 1  --increment 5 
                    --cifar_batches 3 --log_every 3125 --second_order --class_order random 
                    --seed $SEED --calc_test_accuracy --validation 0.3 --samples_per_task -1 --xav_init  --std_init 0.02 --mean_eta 50. --train_mc_iters 2

python3 -u main.py $IQ --model lamaml_cifar --expt_name all_lamaml --memories 5192 --batch_size 128 --replay_batch_size 64 --n_epochs 50 
                    --opt_lr 0.25 --alpha_init 0.1 --opt_wt 0.1 --glances 1  --increment 5 
                    --cifar_batches 5 --learn_lr --log_every 3125 --second_order --class_order random 
                    --seed $SEED --grad_clip_norm 1.0 --calc_test_accuracy --validation 0.3 --samples_per_task -1

python3 -u main.py $IQ --model lamaml_cifar --expt_name all_lamaml_sync --memories 5192 --batch_size 128 --replay_batch_size 64 --n_epochs 50 
                    --opt_lr 0.35 --alpha_init 0.1 --opt_wt 0.1 --glances 1  --increment 5 
                    --cifar_batches 5 --learn_lr --sync_update --log_every 3125 --second_order --class_order random 
                    --seed $SEED --calc_test_accuracy --validation 0.3 --samples_per_task -1

python3 -u main.py $IQ --model lamaml_cifar --expt_name all_cmaml --memories 5192 --batch_size 128 --replay_batch_size 64 --n_epochs 50 
                    --opt_lr 0.35 --alpha_init 0.075 --opt_wt 0.075 --glances 1  --increment 5 
                    --cifar_batches 5 --sync_update --log_every 3125 --second_order --class_order random 
                    --seed $SEED --calc_test_accuracy --validation 0.3 --samples_per_task -1

Logging IQ experiment suite to logs/iq_experiments/run_20251211_093017.log
New Experiment Starting...
Running model:  anml
[STATE 2025-12-11 09:30:19] Experiment 'all_anml' starting with model 'anml' (seed 0)
Set seed 0
Traceback (most recent call last):
  File "/home/lunet/wsmr11/repos/La-MAML/main.py", line 381, in <module>
    main()
  File "/home/lunet/wsmr11/repos/La-MAML/main.py", line 336, in main
    loader = Loader.IncrementalLoader(args, seed=args.seed)
             ^^^^^^^^^^^^^^^^^^^^^^^^^^^^^^^^^^^^^^^^^^^^^^
  File "/home/lunet/wsmr11/repos/La-MAML/dataloaders/task_incremental_loader.py", line 24, in __init__
    self._setup_data(
  File "/home/lunet/wsmr11/repos/La-MAML/dataloaders/task_incremental_loader.py", line 126, in _setup_data
    data_files = [f for f in os.listdir(self._args.data_path) if f.endswith('.npz')]
                             ^^^^^^^^^^^^^^^^^^^^^^^^^^^^^^^^
FileNotFoundError: [Errno 2] No such file or directory: 'data/rff/radar/'
