python3 -u main.py $IQ --model eralg4 --expt_name all_la-eralg4 --memories 5192 --batch_size 256 --replay_batch_size 64 --n_epochs 15 
                    --opt_lr 0.1 --alpha_init 0.1 --glances 1  --increment 5 
                     --cifar_batches 5 --learn_lr --log_every 3125 --class_order random 
                    --seed $SEED --calc_test_accuracy --validation 0.3 --samples_per_task -1

python3 -u main.py $IQ --model gem --expt_name all_gem --n_memories 5192 --batch_size 128 --n_epochs 50 
                    --lr 0.03 --glances 1 --memory_strength 0.5   --increment 5 
                    --log_every 3125 --class_order random --samples_per_task 2500 
                    --seed $SEED --grad_clip_norm 5.0 --calc_test_accuracy --validation 0.3 --samples_per_task -1

python3 -u main.py $IQ --model ewc --expt_name all_ewc --batch_size 128 --n_epochs 50 
                    --lr 0.03 --increment 5 
                    --log_every 3125 --class_order random 
                    --seed $SEED --calc_test_accuracy --validation 0.3 --samples_per_task -1

python3 -u main.py $IQ --model lwf --expt_name all_lwf --batch_size 128 --n_epochs 50 
                    --lr 0.001 --increment 5 
                    --log_every 3125 --class_order random 
                    --seed $SEED --calc_test_accuracy --validation 0.3 --samples_per_task -1

python3 -u main.py $IQ --model packnet --expt_name all_packnet --batch_size 128 --n_epochs 50 
                    --lr 0.01 --increment 5 
                    --log_every 3125 --class_order random 
                    --seed $SEED --calc_test_accuracy --validation 0.3 --samples_per_task -1

python3 -u main.py $IQ --model rwalk --expt_name all_rwalk --batch_size 128 --n_epochs 50 
                    --lr 0.001 --increment 5 
                    --log_every 3125 --class_order random 
                    --seed $SEED --calc_test_accuracy --validation 0.3 --samples_per_task -1

python3 -u main.py $IQ --model si --expt_name all_si --batch_size 128 --n_epochs 50 
                    --lr 0.001 --increment 5 
                    --log_every 3125 --class_order random 
                    --seed $SEED --calc_test_accuracy --validation 0.3 --samples_per_task -1

python3 -u main.py $IQ --model hat --expt_name all_hat --batch_size 128 --n_epochs 50 
                    --lr 0.0005 --gamma 0.75 --increment 5 
                    --log_every 3125 --class_order random 
                    --seed $SEED --grad_clip_norm 10.0 --calc_test_accuracy --validation 0.3 --samples_per_task -1

python3 -u main.py $IQ --model ctn --expt_name all_ctn --batch_size 128 --replay_batch_size 64 --n_epochs 50 
                    --increment 5 
                    --ctn_n_memories 5192 --ctn_lr 0.01 --ctn_beta 0.05 --ctn_inner_steps 2 --ctn_n_meta 2 
                    --log_every 3125 --class_order random 
                    --seed $SEED --calc_test_accuracy --validation 0.3 --samples_per_task -1

python3 -u main.py $IQ --model er_ring --expt_name all_erring --batch_size 128 --replay_batch_size 64 --n_epochs 50 
                    --lr 0.03 --increment 5 
                    --bcl_n_memories 5192 --bcl_temperature 2.0 --bcl_memory_strength 1.0 --bcl_inner_steps 5 
                    --log_every 3125 --class_order random 
                    --seed $SEED --calc_test_accuracy --validation 0.3 --samples_per_task -1

python3 -u main.py $IQ --model ucl_bresnet --expt_name all_ucl_bresnet --batch_size 64 --n_epochs 50 
                    --lr 0.001 --increment 5 
                    --log_every 3125 --class_order random 
                    --seed $SEED --calc_test_accuracy --validation 0.3 --samples_per_task -1

python3 -u main.py $IQ --model anml --expt_name all_anml --batch_size 128 --n_epochs 50 
                    --lr 0.001 --glances 1 --increment 5 
                    --log_every 3125 --class_order random 
                    --seed $SEED --calc_test_accuracy --validation 0.3 --samples_per_task -1 
                    --rln 7 --update_steps 10 --meta_lr 0.001 --update_lr 0.1 

python3 -u main.py $IQ --model meralg1 --expt_name all_meralg1 --batch_size 128 --memories 5192 --replay_batch_size 64 
                    --lr 0.1 --beta 0.1 --gamma 1.0 --batches_per_example 10  --increment 5 
                    --log_every 3125 --grad_clip_norm 10.0 --class_order random 
                    --seed $SEED --calc_test_accuracy --validation 0.3 --samples_per_task -1

python3 -u main.py $IQ --model meta-bgd --expt_name all_meta-bgd --memories 5192 --batch_size 128 --replay_batch_size 64 --n_epochs 50 
                    --alpha_init 0.1 --glances 1  --increment 5 
                    --cifar_batches 3 --log_every 3125 --second_order --class_order random 
                    --seed $SEED --calc_test_accuracy --validation 0.3 --samples_per_task -1 --xav_init  --std_init 0.02 --mean_eta 50. --train_mc_iters 2

python3 -u main.py $IQ --model lamaml_cifar --expt_name all_lamaml --memories 5192 --batch_size 128 --replay_batch_size 64 --n_epochs 50 
                    --opt_lr 0.25 --alpha_init 0.1 --opt_wt 0.1 --glances 1  --increment 5 
                    --cifar_batches 5 --learn_lr --log_every 3125 --second_order --class_order random 
                    --seed $SEED --grad_clip_norm 1.0 --calc_test_accuracy --validation 0.3 --samples_per_task -1

python3 -u main.py $IQ --model lamaml_cifar --expt_name all_lamaml_sync --memories 5192 --batch_size 128 --replay_batch_size 64 --n_epochs 50 
                    --opt_lr 0.35 --alpha_init 0.1 --opt_wt 0.1 --glances 1  --increment 5 
                    --cifar_batches 5 --learn_lr --sync_update --log_every 3125 --second_order --class_order random 
                    --seed $SEED --calc_test_accuracy --validation 0.3 --samples_per_task -1

python3 -u main.py $IQ --model lamaml_cifar --expt_name all_cmaml --memories 5192 --batch_size 128 --replay_batch_size 64 --n_epochs 50 
                    --opt_lr 0.35 --alpha_init 0.075 --opt_wt 0.075 --glances 1  --increment 5 
                    --cifar_batches 5 --sync_update --log_every 3125 --second_order --class_order random 
                    --seed $SEED --calc_test_accuracy --validation 0.3 --samples_per_task -1

Logging IQ experiment suite to logs/iq_experiments/run_20251208_154444.log
New Experiment Starting...
Running model:  eralg4
[STATE 2025-12-08 15:44:46] Experiment 'all_la-eralg4' starting with model 'eralg4' (seed 0)
Set seed 0
Loaded task0.npz: Unique train labels: [0 1 2 3 4 5]
Loaded task0.npz: Remapped labels: [0 1 2 3 4 5]
Loaded task1.npz: Unique train labels: [ 0  6  7  8  9 10]
Loaded task1.npz: Remapped labels: [ 6  7  8  9 10 11]
[STATE 2025-12-08 15:44:50] Loader 'task_incremental_loader' ready: 1024 inputs, 12 outputs, 2 tasks
n_outputs: 12 	n_tasks: 2
[STATE 2025-12-08 15:44:50] Logging to logs//eralg4/all_la-eralg4-2025-12-08_15-44-50-3684/0
True
Model device: cuda:0
[STATE 2025-12-08 15:44:50] Model initialized on device cuda:0
[STATE 2025-12-08 15:44:50] Invoking continual life experience flow
[STATE 2025-12-08 15:44:50] Life experience start: 2 tasks queued
[STATE 2025-12-08 15:44:50] Starting task 0 (1/2)
[STATE 2025-12-08 15:44:50] Task 0 Epoch 1/15: entering train loop
[STATE 2025-12-08 15:44:50] Task 0 Epoch 1/15 Iter 0: running validation
---- Eval at Epoch 0: [0.1729599952005104, 0.02205733843349419] ----
Task 0 Epoch 1/15 | Loss 0.0769 | Train Acc 0.8063 | Val Acc 0.1730 | Epoch Time 1007.31s (Eval 42.78s, Train 964.53s)
[STATE 2025-12-08 16:01:37] Task 0 Epoch 1/15 complete: 1007.31s total (42.78s eval/964.53s train)
[STATE 2025-12-08 16:01:37] Task 0 Epoch 2/15: entering train loop
Task 0 Epoch 2/15 | Loss 0.0289 | Train Acc 0.9125 | Val Acc 0.1730 | Epoch Time 963.21s (Eval 0.00s, Train 963.21s)
[STATE 2025-12-08 16:17:41] Task 0 Epoch 2/15 complete: 963.21s total (0.00s eval/963.21s train)
[STATE 2025-12-08 16:17:41] Task 0 Epoch 3/15: entering train loop
Task 0 Epoch 3/15 | Loss 0.0236 | Train Acc 0.9285 | Val Acc 0.1730 | Epoch Time 967.23s (Eval 0.00s, Train 967.23s)
[STATE 2025-12-08 16:33:48] Task 0 Epoch 3/15 complete: 967.23s total (0.00s eval/967.23s train)
[STATE 2025-12-08 16:33:48] Task 0 Epoch 4/15: entering train loop
Task 0 Epoch 4/15 | Loss 0.0205 | Train Acc 0.9367 | Val Acc 0.1730 | Epoch Time 966.76s (Eval 0.00s, Train 966.76s)
[STATE 2025-12-08 16:49:55] Task 0 Epoch 4/15 complete: 966.76s total (0.00s eval/966.76s train)
[STATE 2025-12-08 16:49:55] Task 0 Epoch 5/15: entering train loop
Task 0 Epoch 5/15 | Loss 0.0178 | Train Acc 0.9485 | Val Acc 0.1730 | Epoch Time 964.36s (Eval 0.00s, Train 964.36s)
[STATE 2025-12-08 17:05:59] Task 0 Epoch 5/15 complete: 964.36s total (0.00s eval/964.36s train)
[STATE 2025-12-08 17:05:59] Task 0 Epoch 6/15: entering train loop
Task 0 Epoch 6/15 | Loss 0.0151 | Train Acc 0.9540 | Val Acc 0.1730 | Epoch Time 965.75s (Eval 0.00s, Train 965.75s)
[STATE 2025-12-08 17:22:05] Task 0 Epoch 6/15 complete: 965.75s total (0.00s eval/965.75s train)
[STATE 2025-12-08 17:22:05] Task 0 Epoch 7/15: entering train loop
Task 0 Epoch 7/15 | Loss 0.0131 | Train Acc 0.9614 | Val Acc 0.1730 | Epoch Time 1040.15s (Eval 0.00s, Train 1040.15s)
[STATE 2025-12-08 17:39:25] Task 0 Epoch 7/15 complete: 1040.15s total (0.00s eval/1040.15s train)
[STATE 2025-12-08 17:39:25] Task 0 Epoch 8/15: entering train loop
Task 0 Epoch 8/15 | Loss 0.0112 | Train Acc 0.9645 | Val Acc 0.1730 | Epoch Time 981.56s (Eval 0.00s, Train 981.56s)
[STATE 2025-12-08 17:55:46] Task 0 Epoch 8/15 complete: 981.56s total (0.00s eval/981.56s train)
[STATE 2025-12-08 17:55:46] Task 0 Epoch 9/15: entering train loop
Task 0 Epoch 9/15 | Loss 0.0100 | Train Acc 0.9675 | Val Acc 0.1730 | Epoch Time 980.28s (Eval 0.00s, Train 980.28s)
[STATE 2025-12-08 18:12:07] Task 0 Epoch 9/15 complete: 980.28s total (0.00s eval/980.28s train)
[STATE 2025-12-08 18:12:07] Task 0 Epoch 10/15: entering train loop
Task 0 Epoch 10/15 | Loss 0.0091 | Train Acc 0.9695 | Val Acc 0.1730 | Epoch Time 979.87s (Eval 0.00s, Train 979.87s)
[STATE 2025-12-08 18:28:27] Task 0 Epoch 10/15 complete: 979.87s total (0.00s eval/979.87s train)
[STATE 2025-12-08 18:28:27] Task 0 Epoch 11/15: entering train loop
[STATE 2025-12-08 18:28:27] Task 0 Epoch 11/15 Iter 0: running validation
---- Eval at Epoch 10: [0.912381232239936, 0.028209084276272278] ----
Task 0 Epoch 11/15 | Loss 0.0077 | Train Acc 0.9775 | Val Acc 0.9124 | Epoch Time 1022.27s (Eval 42.80s, Train 979.47s)
[STATE 2025-12-08 18:45:29] Task 0 Epoch 11/15 complete: 1022.27s total (42.80s eval/979.47s train)
[STATE 2025-12-08 18:45:29] Task 0 Epoch 12/15: entering train loop
Task 0 Epoch 12/15 | Loss 0.0065 | Train Acc 0.9803 | Val Acc 0.9124 | Epoch Time 981.08s (Eval 0.00s, Train 981.08s)
[STATE 2025-12-08 19:01:50] Task 0 Epoch 12/15 complete: 981.08s total (0.00s eval/981.08s train)
[STATE 2025-12-08 19:01:50] Task 0 Epoch 13/15: entering train loop
Task 0 Epoch 13/15 | Loss 0.0065 | Train Acc 0.9780 | Val Acc 0.9124 | Epoch Time 980.75s (Eval 0.00s, Train 980.75s)
[STATE 2025-12-08 19:18:11] Task 0 Epoch 13/15 complete: 980.75s total (0.00s eval/980.75s train)
[STATE 2025-12-08 19:18:11] Task 0 Epoch 14/15: entering train loop
Task 0 Epoch 14/15 | Loss 0.0053 | Train Acc 0.9827 | Val Acc 0.9124 | Epoch Time 980.46s (Eval 0.00s, Train 980.46s)
[STATE 2025-12-08 19:34:31] Task 0 Epoch 14/15 complete: 980.46s total (0.00s eval/980.46s train)
[STATE 2025-12-08 19:34:31] Task 0 Epoch 15/15: entering train loop
Task 0 Epoch 15/15 | Loss 0.0045 | Train Acc 0.9839 | Val Acc 0.9124 | Epoch Time 984.73s (Eval 0.00s, Train 984.73s)
[STATE 2025-12-08 19:50:56] Task 0 Epoch 15/15 complete: 984.73s total (0.00s eval/984.73s train)
[STATE 2025-12-08 19:50:56] Task 0: running final validation.
[STATE 2025-12-08 19:53:04] Completed task 0 (1/2)
[STATE 2025-12-08 19:53:05] Starting task 1 (2/2)
[STATE 2025-12-08 19:53:05] Task 1 Epoch 1/15: entering train loop
[STATE 2025-12-08 19:53:05] Task 1 Epoch 1/15 Iter 0: running validation
---- Eval at Epoch 0: [0.9142029523248967, 0.02568866831339481] ----
Task 1 Epoch 1/15 | Loss 0.0356 | Train Acc 0.8636 | Val Acc 0.0257 | Epoch Time 1995.50s (Eval 42.83s, Train 1952.67s)
[STATE 2025-12-08 20:26:20] Task 1 Epoch 1/15 complete: 1995.50s total (42.83s eval/1952.67s train)
[STATE 2025-12-08 20:26:20] Task 1 Epoch 2/15: entering train loop
Task 1 Epoch 2/15 | Loss 0.0243 | Train Acc 0.9019 | Val Acc 0.0257 | Epoch Time 1950.64s (Eval 0.00s, Train 1950.64s)
[STATE 2025-12-08 20:58:51] Task 1 Epoch 2/15 complete: 1950.64s total (0.00s eval/1950.64s train)
[STATE 2025-12-08 20:58:51] Task 1 Epoch 3/15: entering train loop
Task 1 Epoch 3/15 | Loss 0.0210 | Train Acc 0.9103 | Val Acc 0.0257 | Epoch Time 1951.64s (Eval 0.00s, Train 1951.64s)
[STATE 2025-12-08 21:31:23] Task 1 Epoch 3/15 complete: 1951.64s total (0.00s eval/1951.64s train)
[STATE 2025-12-08 21:31:23] Task 1 Epoch 4/15: entering train loop
Task 1 Epoch 4/15 | Loss 0.0188 | Train Acc 0.9195 | Val Acc 0.0257 | Epoch Time 1952.39s (Eval 0.00s, Train 1952.39s)
[STATE 2025-12-08 22:03:55] Task 1 Epoch 4/15 complete: 1952.39s total (0.00s eval/1952.39s train)
[STATE 2025-12-08 22:03:55] Task 1 Epoch 5/15: entering train loop
Task 1 Epoch 5/15 | Loss 0.0174 | Train Acc 0.9248 | Val Acc 0.0257 | Epoch Time 1948.15s (Eval 0.00s, Train 1948.15s)
[STATE 2025-12-08 22:36:23] Task 1 Epoch 5/15 complete: 1948.15s total (0.00s eval/1948.15s train)
[STATE 2025-12-08 22:36:23] Task 1 Epoch 6/15: entering train loop
Task 1 Epoch 6/15 | Loss 0.0158 | Train Acc 0.9290 | Val Acc 0.0257 | Epoch Time 1947.67s (Eval 0.00s, Train 1947.67s)
[STATE 2025-12-08 23:08:51] Task 1 Epoch 6/15 complete: 1947.67s total (0.00s eval/1947.67s train)
[STATE 2025-12-08 23:08:51] Task 1 Epoch 7/15: entering train loop
Task 1 Epoch 7/15 | Loss 0.0145 | Train Acc 0.9373 | Val Acc 0.0257 | Epoch Time 1951.32s (Eval 0.00s, Train 1951.32s)
[STATE 2025-12-08 23:41:22] Task 1 Epoch 7/15 complete: 1951.32s total (0.00s eval/1951.32s train)
[STATE 2025-12-08 23:41:22] Task 1 Epoch 8/15: entering train loop
Task 1 Epoch 8/15 | Loss 0.0132 | Train Acc 0.9443 | Val Acc 0.0257 | Epoch Time 1947.48s (Eval 0.00s, Train 1947.48s)
[STATE 2025-12-09 00:13:50] Task 1 Epoch 8/15 complete: 1947.48s total (0.00s eval/1947.48s train)
[STATE 2025-12-09 00:13:50] Task 1 Epoch 9/15: entering train loop
Task 1 Epoch 9/15 | Loss 0.0124 | Train Acc 0.9457 | Val Acc 0.0257 | Epoch Time 1951.82s (Eval 0.00s, Train 1951.82s)
[STATE 2025-12-09 00:46:21] Task 1 Epoch 9/15 complete: 1951.82s total (0.00s eval/1951.82s train)
[STATE 2025-12-09 00:46:21] Task 1 Epoch 10/15: entering train loop
Task 1 Epoch 10/15 | Loss 0.0112 | Train Acc 0.9504 | Val Acc 0.0257 | Epoch Time 1945.28s (Eval 0.00s, Train 1945.28s)
[STATE 2025-12-09 01:18:47] Task 1 Epoch 10/15 complete: 1945.28s total (0.00s eval/1945.28s train)
[STATE 2025-12-09 01:18:47] Task 1 Epoch 11/15: entering train loop
[STATE 2025-12-09 01:18:47] Task 1 Epoch 11/15 Iter 0: running validation
---- Eval at Epoch 10: [0.7822526303499505, 0.33067945825399614] ----
Task 1 Epoch 11/15 | Loss 0.0104 | Train Acc 0.9551 | Val Acc 0.3307 | Epoch Time 1991.07s (Eval 42.87s, Train 1948.20s)
[STATE 2025-12-09 01:51:58] Task 1 Epoch 11/15 complete: 1991.07s total (42.87s eval/1948.20s train)
[STATE 2025-12-09 01:51:58] Task 1 Epoch 12/15: entering train loop
Task 1 Epoch 12/15 | Loss 0.0095 | Train Acc 0.9598 | Val Acc 0.3307 | Epoch Time 1953.83s (Eval 0.00s, Train 1953.83s)
[STATE 2025-12-09 02:24:32] Task 1 Epoch 12/15 complete: 1953.83s total (0.00s eval/1953.83s train)
[STATE 2025-12-09 02:24:32] Task 1 Epoch 13/15: entering train loop
Task 1 Epoch 13/15 | Loss 0.0089 | Train Acc 0.9617 | Val Acc 0.3307 | Epoch Time 1954.67s (Eval 0.00s, Train 1954.67s)
[STATE 2025-12-09 02:57:06] Task 1 Epoch 13/15 complete: 1954.67s total (0.00s eval/1954.67s train)
[STATE 2025-12-09 02:57:06] Task 1 Epoch 14/15: entering train loop
Task 1 Epoch 14/15 | Loss 0.0082 | Train Acc 0.9654 | Val Acc 0.3307 | Epoch Time 1945.78s (Eval 0.00s, Train 1945.78s)
[STATE 2025-12-09 03:29:32] Task 1 Epoch 14/15 complete: 1945.78s total (0.00s eval/1945.78s train)
[STATE 2025-12-09 03:29:32] Task 1 Epoch 15/15: entering train loop
Task 1 Epoch 15/15 | Loss 0.0078 | Train Acc 0.9667 | Val Acc 0.3307 | Epoch Time 1953.30s (Eval 0.00s, Train 1953.30s)
[STATE 2025-12-09 04:02:05] Task 1 Epoch 15/15 complete: 1953.30s total (0.00s eval/1953.30s train)
[STATE 2025-12-09 04:02:05] Task 1: running final validation.
[STATE 2025-12-09 04:04:14] Completed task 1 (2/2)
####Final Validation Accuracy####
Final Results:- 
 Total Accuracy: 0.5696332341851194 
 Individual Accuracy: [0.7725284386040553, 0.3667380297661833]
####Final Test Accuracy####
Final Results:- 
 Total Accuracy: 0.5696332341851194 
 Individual Accuracy: [0.7725284386040553, 0.3667380297661833]
[STATE 2025-12-09 04:04:14] Saving results to logs//eralg4/all_la-eralg4-2025-12-08_15-44-50-3684/0/results
logs//eralg4/all_la-eralg4-2025-12-08_15-44-50-3684/0/results: {'expt_name': 'all_la-eralg4', 'model': 'eralg4', 'arch': 'resnet1d', 'n_hiddens': 100, 'n_layers': 2, 'xav_init': False, 'glances': 1, 'n_epochs': 15, 'batch_size': 256, 'replay_batch_size': 64.0, 'memories': 5192, 'lr': 0.001, 'cuda': True, 'seed': 0, 'log_every': 3125, 'log_dir': 'logs//eralg4/all_la-eralg4-2025-12-08_15-44-50-3684/0', 'tf_dir': 'logs//eralg4/all_la-eralg4-2025-12-08_15-44-50-3684/0/tfdir', 'calc_test_accuracy': True, 'state_logging': True, 'data_path': 'data/rff/radar/', 'loader': 'task_incremental_loader', 'samples_per_task': -1, 'shuffle_tasks': False, 'classes_per_it': 4, 'iterations': 5000, 'dataset': 'iq', 'workers': 3, 'validation': 0.3, 'class_order': 'random', 'increment': 5, 'test_batch_size': 100000, 'nc_per_task': 5, 'val_rate': 10, 'opt_lr': 0.1, 'opt_wt': 0.1, 'alpha_init': 0.1, 'learn_lr': True, 'sync_update': False, 'grad_clip_norm': 2.0, 'cifar_batches': 5, 'use_old_task_memory': False, 'second_order': False, 'n_memories': 0, 'memory_strength': 0, 'steps_per_sample': 1, 'gamma': 1.0, 'beta': 1.0, 's': 1, 'batches_per_example': 1, 'bgd_optimizer': 'bgd', 'optimizer_params': '{}', 'train_mc_iters': 5, 'std_init': 0.05, 'mean_eta': 1, 'fisher_gamma': 0.95, 'rln': 7, 'update_steps': 10, 'meta_lr': 0.001, 'update_lr': 0.1, 'ctn_lr': 0.01, 'ctn_beta': 0.05, 'ctn_n_meta': 2, 'ctn_inner_steps': 2, 'ctn_temperature': 5, 'ctn_n_memories': 50, 'ctn_alpha_init': 0.1, 'ctn_memory_strength': 0.5, 'ctn_task_emb': 64, 'bcl_n_memories': 2000, 'bcl_memory_strength': 1.0, 'bcl_temperature': 2.0, 'bcl_inner_steps': 5, 'bcl_n_meta': 5, 'bcl_adapt_lr': 0.1} # val: 0.640 0.570 -0.071 0.002 # test: 0.640 0.570 -0.071 0.000 # 44363.97611737251
[STATE 2025-12-09 04:04:14] Results saved; total runtime 44363.98s
./run_iq_experiments.sh: line 57: 0: command not found
New Experiment Starting...
Running model:  gem
[STATE 2025-12-09 04:04:18] Experiment 'all_gem' starting with model 'gem' (seed 0)
Set seed 0
Loaded task0.npz: Unique train labels: [0 1 2 3 4 5]
Loaded task0.npz: Remapped labels: [0 1 2 3 4 5]
Loaded task1.npz: Unique train labels: [ 0  6  7  8  9 10]
Loaded task1.npz: Remapped labels: [ 6  7  8  9 10 11]
[STATE 2025-12-09 04:04:22] Loader 'task_incremental_loader' ready: 1024 inputs, 12 outputs, 2 tasks
n_outputs: 12 	n_tasks: 2
[STATE 2025-12-09 04:04:22] Logging to logs//gem/all_gem-2025-12-09_04-04-22-5946/0
True
Model device: cuda:0
[STATE 2025-12-09 04:04:22] Model initialized on device cuda:0
[STATE 2025-12-09 04:04:22] Invoking continual life experience flow
[STATE 2025-12-09 04:04:22] Life experience start: 2 tasks queued
[STATE 2025-12-09 04:04:22] Starting task 0 (1/2)
[STATE 2025-12-09 04:04:22] Task 0 Epoch 1/50: entering train loop
[STATE 2025-12-09 04:04:22] Task 0 Epoch 1/50 Iter 0: running validation
---- Eval at Epoch 0: [0.001181744285715008, 0.01964721579493898] ----
Task 0 Epoch 1/50 | Loss 0.0821 | Train Acc 0.7975 | Val Acc 0.0012 | Epoch Time 184.59s (Eval 42.90s, Train 141.69s)
[STATE 2025-12-09 04:07:27] Task 0 Epoch 1/50 complete: 184.59s total (42.90s eval/141.69s train)
[STATE 2025-12-09 04:07:27] Task 0 Epoch 2/50: entering train loop
Task 0 Epoch 2/50 | Loss 0.0373 | Train Acc 0.8943 | Val Acc 0.0012 | Epoch Time 141.82s (Eval 0.00s, Train 141.82s)
[STATE 2025-12-09 04:09:49] Task 0 Epoch 2/50 complete: 141.82s total (0.00s eval/141.82s train)
[STATE 2025-12-09 04:09:49] Task 0 Epoch 3/50: entering train loop
Task 0 Epoch 3/50 | Loss 0.0302 | Train Acc 0.9139 | Val Acc 0.0012 | Epoch Time 142.10s (Eval 0.00s, Train 142.10s)
[STATE 2025-12-09 04:12:11] Task 0 Epoch 3/50 complete: 142.10s total (0.00s eval/142.10s train)
[STATE 2025-12-09 04:12:11] Task 0 Epoch 4/50: entering train loop
Task 0 Epoch 4/50 | Loss 0.0263 | Train Acc 0.9215 | Val Acc 0.0012 | Epoch Time 141.90s (Eval 0.00s, Train 141.90s)
[STATE 2025-12-09 04:14:33] Task 0 Epoch 4/50 complete: 141.90s total (0.00s eval/141.90s train)
[STATE 2025-12-09 04:14:33] Task 0 Epoch 5/50: entering train loop
Task 0 Epoch 5/50 | Loss 0.0238 | Train Acc 0.9249 | Val Acc 0.0012 | Epoch Time 142.29s (Eval 0.00s, Train 142.29s)
[STATE 2025-12-09 04:16:55] Task 0 Epoch 5/50 complete: 142.29s total (0.00s eval/142.29s train)
[STATE 2025-12-09 04:16:55] Task 0 Epoch 6/50: entering train loop
Task 0 Epoch 6/50 | Loss 0.0212 | Train Acc 0.9334 | Val Acc 0.0012 | Epoch Time 142.07s (Eval 0.00s, Train 142.07s)
[STATE 2025-12-09 04:19:17] Task 0 Epoch 6/50 complete: 142.07s total (0.00s eval/142.07s train)
[STATE 2025-12-09 04:19:17] Task 0 Epoch 7/50: entering train loop
Task 0 Epoch 7/50 | Loss 0.0187 | Train Acc 0.9382 | Val Acc 0.0012 | Epoch Time 141.81s (Eval 0.00s, Train 141.81s)
[STATE 2025-12-09 04:21:39] Task 0 Epoch 7/50 complete: 141.81s total (0.00s eval/141.81s train)
[STATE 2025-12-09 04:21:39] Task 0 Epoch 8/50: entering train loop
Task 0 Epoch 8/50 | Loss 0.0166 | Train Acc 0.9479 | Val Acc 0.0012 | Epoch Time 141.86s (Eval 0.00s, Train 141.86s)
[STATE 2025-12-09 04:24:01] Task 0 Epoch 8/50 complete: 141.86s total (0.00s eval/141.86s train)
[STATE 2025-12-09 04:24:01] Task 0 Epoch 9/50: entering train loop
Task 0 Epoch 9/50 | Loss 0.0148 | Train Acc 0.9524 | Val Acc 0.0012 | Epoch Time 141.64s (Eval 0.00s, Train 141.64s)
[STATE 2025-12-09 04:26:22] Task 0 Epoch 9/50 complete: 141.64s total (0.00s eval/141.64s train)
[STATE 2025-12-09 04:26:22] Task 0 Epoch 10/50: entering train loop
Task 0 Epoch 10/50 | Loss 0.0137 | Train Acc 0.9565 | Val Acc 0.0012 | Epoch Time 141.31s (Eval 0.00s, Train 141.31s)
[STATE 2025-12-09 04:28:44] Task 0 Epoch 10/50 complete: 141.31s total (0.00s eval/141.31s train)
[STATE 2025-12-09 04:28:44] Task 0 Epoch 11/50: entering train loop
[STATE 2025-12-09 04:28:44] Task 0 Epoch 11/50 Iter 0: running validation
---- Eval at Epoch 10: [0.9246485795557631, 0.0] ----
Task 0 Epoch 11/50 | Loss 0.0120 | Train Acc 0.9628 | Val Acc 0.9246 | Epoch Time 183.68s (Eval 42.89s, Train 140.78s)
[STATE 2025-12-09 04:31:47] Task 0 Epoch 11/50 complete: 183.68s total (42.89s eval/140.78s train)
[STATE 2025-12-09 04:31:47] Task 0 Epoch 12/50: entering train loop
Task 0 Epoch 12/50 | Loss 0.0113 | Train Acc 0.9629 | Val Acc 0.9246 | Epoch Time 141.80s (Eval 0.00s, Train 141.80s)
[STATE 2025-12-09 04:34:09] Task 0 Epoch 12/50 complete: 141.80s total (0.00s eval/141.80s train)
[STATE 2025-12-09 04:34:09] Task 0 Epoch 13/50: entering train loop
Task 0 Epoch 13/50 | Loss 0.0094 | Train Acc 0.9674 | Val Acc 0.9246 | Epoch Time 141.82s (Eval 0.00s, Train 141.82s)
[STATE 2025-12-09 04:36:31] Task 0 Epoch 13/50 complete: 141.82s total (0.00s eval/141.82s train)
[STATE 2025-12-09 04:36:31] Task 0 Epoch 14/50: entering train loop
Task 0 Epoch 14/50 | Loss 0.0082 | Train Acc 0.9711 | Val Acc 0.9246 | Epoch Time 141.51s (Eval 0.00s, Train 141.51s)
[STATE 2025-12-09 04:38:53] Task 0 Epoch 14/50 complete: 141.51s total (0.00s eval/141.51s train)
[STATE 2025-12-09 04:38:53] Task 0 Epoch 15/50: entering train loop
Task 0 Epoch 15/50 | Loss 0.0077 | Train Acc 0.9716 | Val Acc 0.9246 | Epoch Time 142.14s (Eval 0.00s, Train 142.14s)
[STATE 2025-12-09 04:41:15] Task 0 Epoch 15/50 complete: 142.14s total (0.00s eval/142.14s train)
[STATE 2025-12-09 04:41:15] Task 0 Epoch 16/50: entering train loop
Task 0 Epoch 16/50 | Loss 0.0068 | Train Acc 0.9743 | Val Acc 0.9246 | Epoch Time 141.37s (Eval 0.00s, Train 141.37s)
[STATE 2025-12-09 04:43:36] Task 0 Epoch 16/50 complete: 141.37s total (0.00s eval/141.37s train)
[STATE 2025-12-09 04:43:36] Task 0 Epoch 17/50: entering train loop
Task 0 Epoch 17/50 | Loss 0.0065 | Train Acc 0.9779 | Val Acc 0.9246 | Epoch Time 141.57s (Eval 0.00s, Train 141.57s)
[STATE 2025-12-09 04:45:58] Task 0 Epoch 17/50 complete: 141.57s total (0.00s eval/141.57s train)
[STATE 2025-12-09 04:45:58] Task 0 Epoch 18/50: entering train loop
Task 0 Epoch 18/50 | Loss 0.0051 | Train Acc 0.9812 | Val Acc 0.9246 | Epoch Time 144.38s (Eval 0.00s, Train 144.38s)
[STATE 2025-12-09 04:48:22] Task 0 Epoch 18/50 complete: 144.38s total (0.00s eval/144.38s train)
[STATE 2025-12-09 04:48:22] Task 0 Epoch 19/50: entering train loop
Task 0 Epoch 19/50 | Loss 0.0050 | Train Acc 0.9812 | Val Acc 0.9246 | Epoch Time 149.22s (Eval 0.00s, Train 149.22s)
[STATE 2025-12-09 04:50:51] Task 0 Epoch 19/50 complete: 149.22s total (0.00s eval/149.22s train)
[STATE 2025-12-09 04:50:51] Task 0 Epoch 20/50: entering train loop
Task 0 Epoch 20/50 | Loss 0.0050 | Train Acc 0.9817 | Val Acc 0.9246 | Epoch Time 141.59s (Eval 0.00s, Train 141.59s)
[STATE 2025-12-09 04:53:13] Task 0 Epoch 20/50 complete: 141.59s total (0.00s eval/141.59s train)
[STATE 2025-12-09 04:53:13] Task 0 Epoch 21/50: entering train loop
[STATE 2025-12-09 04:53:13] Task 0 Epoch 21/50 Iter 0: running validation
---- Eval at Epoch 20: [0.9271939771706986, 0.0] ----
Task 0 Epoch 21/50 | Loss 0.0044 | Train Acc 0.9833 | Val Acc 0.9272 | Epoch Time 184.05s (Eval 42.88s, Train 141.18s)
[STATE 2025-12-09 04:56:17] Task 0 Epoch 21/50 complete: 184.05s total (42.88s eval/141.18s train)
[STATE 2025-12-09 04:56:17] Task 0 Epoch 22/50: entering train loop
Task 0 Epoch 22/50 | Loss 0.0041 | Train Acc 0.9830 | Val Acc 0.9272 | Epoch Time 141.63s (Eval 0.00s, Train 141.63s)
[STATE 2025-12-09 04:58:39] Task 0 Epoch 22/50 complete: 141.63s total (0.00s eval/141.63s train)
[STATE 2025-12-09 04:58:39] Task 0 Epoch 23/50: entering train loop
Task 0 Epoch 23/50 | Loss 0.0038 | Train Acc 0.9864 | Val Acc 0.9272 | Epoch Time 141.42s (Eval 0.00s, Train 141.42s)
[STATE 2025-12-09 05:01:00] Task 0 Epoch 23/50 complete: 141.42s total (0.00s eval/141.42s train)
[STATE 2025-12-09 05:01:00] Task 0 Epoch 24/50: entering train loop
Task 0 Epoch 24/50 | Loss 0.0033 | Train Acc 0.9871 | Val Acc 0.9272 | Epoch Time 141.32s (Eval 0.00s, Train 141.32s)
[STATE 2025-12-09 05:03:21] Task 0 Epoch 24/50 complete: 141.32s total (0.00s eval/141.32s train)
[STATE 2025-12-09 05:03:21] Task 0 Epoch 25/50: entering train loop
Task 0 Epoch 25/50 | Loss 0.0031 | Train Acc 0.9896 | Val Acc 0.9272 | Epoch Time 141.67s (Eval 0.00s, Train 141.67s)
[STATE 2025-12-09 05:05:43] Task 0 Epoch 25/50 complete: 141.67s total (0.00s eval/141.67s train)
[STATE 2025-12-09 05:05:43] Task 0 Epoch 26/50: entering train loop
Task 0 Epoch 26/50 | Loss 0.0029 | Train Acc 0.9898 | Val Acc 0.9272 | Epoch Time 139.80s (Eval 0.00s, Train 139.80s)
[STATE 2025-12-09 05:08:03] Task 0 Epoch 26/50 complete: 139.80s total (0.00s eval/139.80s train)
[STATE 2025-12-09 05:08:03] Task 0 Epoch 27/50: entering train loop
Task 0 Epoch 27/50 | Loss 0.0023 | Train Acc 0.9905 | Val Acc 0.9272 | Epoch Time 141.25s (Eval 0.00s, Train 141.25s)
[STATE 2025-12-09 05:10:24] Task 0 Epoch 27/50 complete: 141.25s total (0.00s eval/141.25s train)
[STATE 2025-12-09 05:10:24] Task 0 Epoch 28/50: entering train loop
Task 0 Epoch 28/50 | Loss 0.0022 | Train Acc 0.9919 | Val Acc 0.9272 | Epoch Time 141.74s (Eval 0.00s, Train 141.74s)
[STATE 2025-12-09 05:12:46] Task 0 Epoch 28/50 complete: 141.74s total (0.00s eval/141.74s train)
[STATE 2025-12-09 05:12:46] Task 0 Epoch 29/50: entering train loop
Task 0 Epoch 29/50 | Loss 0.0025 | Train Acc 0.9899 | Val Acc 0.9272 | Epoch Time 141.42s (Eval 0.00s, Train 141.42s)
[STATE 2025-12-09 05:15:07] Task 0 Epoch 29/50 complete: 141.42s total (0.00s eval/141.42s train)
[STATE 2025-12-09 05:15:07] Task 0 Epoch 30/50: entering train loop
Task 0 Epoch 30/50 | Loss 0.0025 | Train Acc 0.9899 | Val Acc 0.9272 | Epoch Time 141.68s (Eval 0.00s, Train 141.68s)
[STATE 2025-12-09 05:17:29] Task 0 Epoch 30/50 complete: 141.68s total (0.00s eval/141.68s train)
[STATE 2025-12-09 05:17:29] Task 0 Epoch 31/50: entering train loop
[STATE 2025-12-09 05:17:29] Task 0 Epoch 31/50 Iter 0: running validation
---- Eval at Epoch 30: [0.8480062356285414, 0.0] ----
Task 0 Epoch 31/50 | Loss 0.0022 | Train Acc 0.9907 | Val Acc 0.8480 | Epoch Time 184.21s (Eval 42.87s, Train 141.34s)
[STATE 2025-12-09 05:20:33] Task 0 Epoch 31/50 complete: 184.21s total (42.87s eval/141.34s train)
[STATE 2025-12-09 05:20:33] Task 0 Epoch 32/50: entering train loop
Task 0 Epoch 32/50 | Loss 0.0024 | Train Acc 0.9897 | Val Acc 0.8480 | Epoch Time 141.85s (Eval 0.00s, Train 141.85s)
[STATE 2025-12-09 05:22:55] Task 0 Epoch 32/50 complete: 141.85s total (0.00s eval/141.85s train)
[STATE 2025-12-09 05:22:55] Task 0 Epoch 33/50: entering train loop
Task 0 Epoch 33/50 | Loss 0.0025 | Train Acc 0.9920 | Val Acc 0.8480 | Epoch Time 142.15s (Eval 0.00s, Train 142.15s)
[STATE 2025-12-09 05:25:17] Task 0 Epoch 33/50 complete: 142.15s total (0.00s eval/142.15s train)
[STATE 2025-12-09 05:25:17] Task 0 Epoch 34/50: entering train loop
Task 0 Epoch 34/50 | Loss 0.0022 | Train Acc 0.9916 | Val Acc 0.8480 | Epoch Time 141.97s (Eval 0.00s, Train 141.97s)
[STATE 2025-12-09 05:27:39] Task 0 Epoch 34/50 complete: 141.97s total (0.00s eval/141.97s train)
[STATE 2025-12-09 05:27:39] Task 0 Epoch 35/50: entering train loop
Task 0 Epoch 35/50 | Loss 0.0017 | Train Acc 0.9946 | Val Acc 0.8480 | Epoch Time 141.21s (Eval 0.00s, Train 141.21s)
[STATE 2025-12-09 05:30:00] Task 0 Epoch 35/50 complete: 141.21s total (0.00s eval/141.21s train)
[STATE 2025-12-09 05:30:00] Task 0 Epoch 36/50: entering train loop
Task 0 Epoch 36/50 | Loss 0.0014 | Train Acc 0.9939 | Val Acc 0.8480 | Epoch Time 141.46s (Eval 0.00s, Train 141.46s)
[STATE 2025-12-09 05:32:22] Task 0 Epoch 36/50 complete: 141.46s total (0.00s eval/141.46s train)
[STATE 2025-12-09 05:32:22] Task 0 Epoch 37/50: entering train loop
Task 0 Epoch 37/50 | Loss 0.0013 | Train Acc 0.9954 | Val Acc 0.8480 | Epoch Time 141.67s (Eval 0.00s, Train 141.67s)
[STATE 2025-12-09 05:34:43] Task 0 Epoch 37/50 complete: 141.67s total (0.00s eval/141.67s train)
[STATE 2025-12-09 05:34:43] Task 0 Epoch 38/50: entering train loop
Task 0 Epoch 38/50 | Loss 0.0010 | Train Acc 0.9960 | Val Acc 0.8480 | Epoch Time 141.77s (Eval 0.00s, Train 141.77s)
[STATE 2025-12-09 05:37:05] Task 0 Epoch 38/50 complete: 141.77s total (0.00s eval/141.77s train)
[STATE 2025-12-09 05:37:05] Task 0 Epoch 39/50: entering train loop
Task 0 Epoch 39/50 | Loss 0.0013 | Train Acc 0.9942 | Val Acc 0.8480 | Epoch Time 140.71s (Eval 0.00s, Train 140.71s)
[STATE 2025-12-09 05:39:26] Task 0 Epoch 39/50 complete: 140.71s total (0.00s eval/140.71s train)
[STATE 2025-12-09 05:39:26] Task 0 Epoch 40/50: entering train loop
Task 0 Epoch 40/50 | Loss 0.0012 | Train Acc 0.9956 | Val Acc 0.8480 | Epoch Time 142.24s (Eval 0.00s, Train 142.24s)
[STATE 2025-12-09 05:41:48] Task 0 Epoch 40/50 complete: 142.24s total (0.00s eval/142.24s train)
[STATE 2025-12-09 05:41:48] Task 0 Epoch 41/50: entering train loop
[STATE 2025-12-09 05:41:48] Task 0 Epoch 41/50 Iter 0: running validation
---- Eval at Epoch 40: [0.9259083753297136, 0.0] ----
Task 0 Epoch 41/50 | Loss 0.0013 | Train Acc 0.9952 | Val Acc 0.9259 | Epoch Time 188.23s (Eval 42.88s, Train 145.35s)
[STATE 2025-12-09 05:44:56] Task 0 Epoch 41/50 complete: 188.23s total (42.88s eval/145.35s train)
[STATE 2025-12-09 05:44:56] Task 0 Epoch 42/50: entering train loop
Task 0 Epoch 42/50 | Loss 0.0010 | Train Acc 0.9961 | Val Acc 0.9259 | Epoch Time 141.96s (Eval 0.00s, Train 141.96s)
[STATE 2025-12-09 05:47:18] Task 0 Epoch 42/50 complete: 141.96s total (0.00s eval/141.96s train)
[STATE 2025-12-09 05:47:18] Task 0 Epoch 43/50: entering train loop
Task 0 Epoch 43/50 | Loss 0.0013 | Train Acc 0.9943 | Val Acc 0.9259 | Epoch Time 141.58s (Eval 0.00s, Train 141.58s)
[STATE 2025-12-09 05:49:40] Task 0 Epoch 43/50 complete: 141.58s total (0.00s eval/141.58s train)
[STATE 2025-12-09 05:49:40] Task 0 Epoch 44/50: entering train loop
Task 0 Epoch 44/50 | Loss 0.0015 | Train Acc 0.9939 | Val Acc 0.9259 | Epoch Time 140.09s (Eval 0.00s, Train 140.09s)
[STATE 2025-12-09 05:52:00] Task 0 Epoch 44/50 complete: 140.09s total (0.00s eval/140.09s train)
[STATE 2025-12-09 05:52:00] Task 0 Epoch 45/50: entering train loop
Task 0 Epoch 45/50 | Loss 0.0012 | Train Acc 0.9942 | Val Acc 0.9259 | Epoch Time 141.76s (Eval 0.00s, Train 141.76s)
[STATE 2025-12-09 05:54:22] Task 0 Epoch 45/50 complete: 141.76s total (0.00s eval/141.76s train)
[STATE 2025-12-09 05:54:22] Task 0 Epoch 46/50: entering train loop
Task 0 Epoch 46/50 | Loss 0.0010 | Train Acc 0.9966 | Val Acc 0.9259 | Epoch Time 142.03s (Eval 0.00s, Train 142.03s)
[STATE 2025-12-09 05:56:44] Task 0 Epoch 46/50 complete: 142.03s total (0.00s eval/142.03s train)
[STATE 2025-12-09 05:56:44] Task 0 Epoch 47/50: entering train loop
Task 0 Epoch 47/50 | Loss 0.0015 | Train Acc 0.9940 | Val Acc 0.9259 | Epoch Time 141.81s (Eval 0.00s, Train 141.81s)
[STATE 2025-12-09 05:59:06] Task 0 Epoch 47/50 complete: 141.81s total (0.00s eval/141.81s train)
[STATE 2025-12-09 05:59:06] Task 0 Epoch 48/50: entering train loop
Task 0 Epoch 48/50 | Loss 0.0012 | Train Acc 0.9954 | Val Acc 0.9259 | Epoch Time 141.57s (Eval 0.00s, Train 141.57s)
[STATE 2025-12-09 06:01:27] Task 0 Epoch 48/50 complete: 141.57s total (0.00s eval/141.57s train)
[STATE 2025-12-09 06:01:27] Task 0 Epoch 49/50: entering train loop
Task 0 Epoch 49/50 | Loss 0.0015 | Train Acc 0.9941 | Val Acc 0.9259 | Epoch Time 141.44s (Eval 0.00s, Train 141.44s)
[STATE 2025-12-09 06:03:49] Task 0 Epoch 49/50 complete: 141.44s total (0.00s eval/141.44s train)
[STATE 2025-12-09 06:03:49] Task 0 Epoch 50/50: entering train loop
Task 0 Epoch 50/50 | Loss 0.0011 | Train Acc 0.9959 | Val Acc 0.9259 | Epoch Time 141.90s (Eval 0.00s, Train 141.90s)
[STATE 2025-12-09 06:06:10] Task 0 Epoch 50/50 complete: 141.90s total (0.00s eval/141.90s train)
[STATE 2025-12-09 06:06:10] Task 0: running final validation.
[STATE 2025-12-09 06:08:19] Completed task 0 (1/2)
[STATE 2025-12-09 06:08:19] Starting task 1 (2/2)
[STATE 2025-12-09 06:08:19] Task 1 Epoch 1/50: entering train loop
[STATE 2025-12-09 06:08:19] Task 1 Epoch 1/50 Iter 0: running validation
---- Eval at Epoch 0: [0.9290994911809127, 0.0] ----
Task 1 Epoch 1/50 | Loss 0.0441 | Train Acc 0.7987 | Val Acc 0.0000 | Epoch Time 10374.97s (Eval 42.90s, Train 10332.08s)
[STATE 2025-12-09 09:01:14] Task 1 Epoch 1/50 complete: 10374.97s total (42.90s eval/10332.08s train)
[STATE 2025-12-09 09:01:14] Task 1 Epoch 2/50: entering train loop
Task 1 Epoch 2/50 | Loss 0.0305 | Train Acc 0.8486 | Val Acc 0.0000 | Epoch Time 10325.74s (Eval 0.00s, Train 10325.74s)
[STATE 2025-12-09 11:53:20] Task 1 Epoch 2/50 complete: 10325.74s total (0.00s eval/10325.74s train)
[STATE 2025-12-09 11:53:20] Task 1 Epoch 3/50: entering train loop
