python3 -u main.py $IQ --model lwf --expt_name all_lwf --batch_size 128 --n_epochs 50 
                    --lr 0.001 --increment 5 
                    --log_every 3125 --class_order random 
                    --seed $SEED --calc_test_accuracy --validation 0.3 --samples_per_task -1

python3 -u main.py $IQ --model meralg1 --expt_name all_meralg1 --batch_size 128 --memories 5192 --replay_batch_size 64 
                    --lr 0.1 --beta 0.1 --gamma 1.0 --batches_per_example 10  --increment 5 
                    --log_every 3125 --grad_clip_norm 10.0 --class_order random 
                    --seed $SEED --calc_test_accuracy --validation 0.3 --samples_per_task -1

python3 -u main.py $IQ --model meta-bgd --expt_name all_meta-bgd --memories 5192 --batch_size 128 --replay_batch_size 64 --n_epochs 50 
                    --alpha_init 0.1 --glances 1  --increment 5 
                    --cifar_batches 3 --log_every 3125 --second_order --class_order random 
                    --seed $SEED --calc_test_accuracy --validation 0.3 --samples_per_task -1 --xav_init  --std_init 0.02 --mean_eta 50. --train_mc_iters 2

python3 -u main.py $IQ --model lamaml_cifar --expt_name all_lamaml --memories 5192 --batch_size 128 --replay_batch_size 64 --n_epochs 50 
                    --opt_lr 0.25 --alpha_init 0.1 --opt_wt 0.1 --glances 1  --increment 5 
                    --cifar_batches 5 --learn_lr --log_every 3125 --second_order --class_order random 
                    --seed $SEED --grad_clip_norm 1.0 --calc_test_accuracy --validation 0.3 --samples_per_task -1

python3 -u main.py $IQ --model lamaml_cifar --expt_name all_lamaml_sync --memories 5192 --batch_size 128 --replay_batch_size 64 --n_epochs 50 
                    --opt_lr 0.35 --alpha_init 0.1 --opt_wt 0.1 --glances 1  --increment 5 
                    --cifar_batches 5 --learn_lr --sync_update --log_every 3125 --second_order --class_order random 
                    --seed $SEED --calc_test_accuracy --validation 0.3 --samples_per_task -1

python3 -u main.py $IQ --model lamaml_cifar --expt_name all_cmaml --memories 5192 --batch_size 128 --replay_batch_size 64 --n_epochs 50 
                    --opt_lr 0.35 --alpha_init 0.075 --opt_wt 0.075 --glances 1  --increment 5 
                    --cifar_batches 5 --sync_update --log_every 3125 --second_order --class_order random 
                    --seed $SEED --calc_test_accuracy --validation 0.3 --samples_per_task -1

Logging IQ experiment suite to logs/iq_experiments/run_20251214_160922.log
New Experiment Starting...
Running model:  lwf
Set seed 0
Loaded task0.npz: Unique train labels: [0 1 2 3 4 5]
Loaded task0.npz: Remapped labels: [0 1 2 3 4 5]. Size: 190940)
Loaded task1.npz: Unique train labels: [ 0  6  7  8  9 10]
Loaded task1.npz: Remapped labels: [ 6  7  8  9 10 11]. Size: 379500)
n_outputs: 12 	n_tasks: 2
True
Model device: cuda:0
---- Eval at Epoch 0: [0.1753949511514874, 0.01543666603980574] ----
Task 0 Epoch 1/1 | Loss 1.6027 | Train Acc 0.4148 | Val Acc 0.1754 | Epoch Time 81.56s (Eval 81.20s, Train 0.36s)
---- Eval at Epoch 0: [0.23457527618028917, 0.015751355566343033] ----
Task 1 Epoch 1/1 | Loss 1.7389 | Train Acc 0.2000 | Val Acc 0.0158 | Epoch Time 81.54s (Eval 81.21s, Train 0.33s)
####Final Validation Accuracy####
Final Results:- 
 Total Accuracy: 0.30730358964861904 
 Individual Accuracy: [0.26375111706881144, 0.3508560622284266]
logs//lwf/lwf_test_radar-2025-12-14_16-09-26-8250/0/results: {'expt_name': 'lwf_test_radar', 'model': 'lwf', 'arch': 'resnet1d', 'n_hiddens': 100, 'n_layers': 2, 'xav_init': True, 'glances': 1, 'n_epochs': 1, 'batch_size': 128, 'replay_batch_size': 10, 'memories': 400, 'lr': 0.03, 'cuda': True, 'seed': 0, 'log_every': 10, 'log_dir': 'logs//lwf/lwf_test_radar-2025-12-14_16-09-26-8250/0', 'tf_dir': 'logs//lwf/lwf_test_radar-2025-12-14_16-09-26-8250/0/tfdir', 'calc_test_accuracy': False, 'state_logging': False, 'data_path': 'data/rff/radar', 'loader': 'task_incremental_loader', 'samples_per_task': 256, 'shuffle_tasks': False, 'classes_per_it': 6, 'iterations': 5000, 'dataset': 'iq', 'workers': 0, 'validation': 0.5, 'class_order': 'random', 'increment': 5, 'test_batch_size': 100000, 'nc_per_task': 6, 'val_rate': 10, 'opt_lr': 0.1, 'opt_wt': 0.1, 'alpha_init': 0.1, 'learn_lr': False, 'sync_update': False, 'grad_clip_norm': 5.0, 'cifar_batches': 3, 'use_old_task_memory': False, 'second_order': True, 'n_memories': 200, 'memory_strength': 1.0, 'steps_per_sample': 1, 'gamma': 1.0, 'beta': 0.1, 's': 1.0, 'batches_per_example': 1.0, 'bgd_optimizer': 'bgd', 'optimizer_params': '{}', 'train_mc_iters': 2, 'std_init': 0.02, 'mean_eta': 50.0, 'fisher_gamma': 0.95, 'rln': 7, 'update_steps': 10, 'meta_lr': 0.001, 'update_lr': 0.1, 'ctn_lr': 0.01, 'ctn_beta': 0.05, 'ctn_n_meta': 2, 'ctn_inner_steps': 2, 'ctn_temperature': 5, 'ctn_n_memories': 50, 'ctn_alpha_init': 0.1, 'ctn_memory_strength': 100, 'ctn_task_emb': 64, 'bcl_n_memories': 400, 'bcl_memory_strength': 100, 'bcl_temperature': 5, 'bcl_inner_steps': 2, 'bcl_n_meta': 2, 'bcl_adapt_lr': 0.01} # val: 0.293 0.307 0.015 0.000 # 486.73629093170166
New Experiment Starting...
Running model:  lwf
Set seed 0
Loaded task0.npz: Unique train labels: [0 1 2 3 4 5]
Loaded task0.npz: Remapped labels: [0 1 2 3 4 5]. Size: 190940)
Loaded task1.npz: Unique train labels: [ 0  6  7  8  9 10]
Loaded task1.npz: Remapped labels: [ 6  7  8  9 10 11]. Size: 379500)
n_outputs: 12 	n_tasks: 2
True
Model device: cuda:0
---- Eval at Epoch 0: [0.1753949511514874, 0.01543666603980574] ----
Task 0 Epoch 1/1 | Loss 1.6027 | Train Acc 0.4148 | Val Acc 0.1754 | Epoch Time 81.94s (Eval 81.59s, Train 0.35s)
---- Eval at Epoch 0: [0.23457527618028917, 0.015751355566343033] ----
Task 1 Epoch 1/1 | Loss 1.7389 | Train Acc 0.2000 | Val Acc 0.0158 | Epoch Time 80.68s (Eval 80.38s, Train 0.30s)
####Final Validation Accuracy####
Final Results:- 
 Total Accuracy: 0.30730358964861904 
 Individual Accuracy: [0.26375111706881144, 0.3508560622284266]
logs//lwf/lwf_test_radar-2025-12-14_16-17-39-1842/0/results: {'expt_name': 'lwf_test_radar', 'model': 'lwf', 'arch': 'resnet1d', 'n_hiddens': 100, 'n_layers': 2, 'xav_init': True, 'glances': 1, 'n_epochs': 1, 'batch_size': 128, 'replay_batch_size': 10, 'memories': 400, 'lr': 0.03, 'cuda': True, 'seed': 0, 'log_every': 10, 'log_dir': 'logs//lwf/lwf_test_radar-2025-12-14_16-17-39-1842/0', 'tf_dir': 'logs//lwf/lwf_test_radar-2025-12-14_16-17-39-1842/0/tfdir', 'calc_test_accuracy': False, 'state_logging': False, 'data_path': 'data/rff/radar', 'loader': 'task_incremental_loader', 'samples_per_task': 256, 'shuffle_tasks': False, 'classes_per_it': 6, 'iterations': 5000, 'dataset': 'iq', 'workers': 0, 'validation': 0.5, 'class_order': 'random', 'increment': 5, 'test_batch_size': 100000, 'nc_per_task': 6, 'val_rate': 10, 'opt_lr': 0.1, 'opt_wt': 0.1, 'alpha_init': 0.1, 'learn_lr': False, 'sync_update': False, 'grad_clip_norm': 5.0, 'cifar_batches': 3, 'use_old_task_memory': False, 'second_order': True, 'n_memories': 200, 'memory_strength': 1.0, 'steps_per_sample': 1, 'gamma': 1.0, 'beta': 0.1, 's': 1.0, 'batches_per_example': 1.0, 'bgd_optimizer': 'bgd', 'optimizer_params': '{}', 'train_mc_iters': 2, 'std_init': 0.02, 'mean_eta': 50.0, 'fisher_gamma': 0.95, 'rln': 7, 'update_steps': 10, 'meta_lr': 0.001, 'update_lr': 0.1, 'ctn_lr': 0.01, 'ctn_beta': 0.05, 'ctn_n_meta': 2, 'ctn_inner_steps': 2, 'ctn_temperature': 5, 'ctn_n_memories': 50, 'ctn_alpha_init': 0.1, 'ctn_memory_strength': 100, 'ctn_task_emb': 64, 'bcl_n_memories': 400, 'bcl_memory_strength': 100, 'bcl_temperature': 5, 'bcl_inner_steps': 2, 'bcl_n_meta': 2, 'bcl_adapt_lr': 0.01} # val: 0.293 0.307 0.015 0.000 # 483.5776810646057
New Experiment Starting...
Running model:  lwf
Set seed 0
Loaded task0.npz: Unique train labels: [0 1 2 3 4 5]
Loaded task0.npz: Remapped labels: [0 1 2 3 4 5]. Size: 190940)
Loaded task1.npz: Unique train labels: [ 0  6  7  8  9 10]
Loaded task1.npz: Remapped labels: [ 6  7  8  9 10 11]. Size: 379500)
n_outputs: 12 	n_tasks: 2
True
Model device: cuda:0
---- Eval at Epoch 0: [0.1753949511514874, 0.01543666603980574] ----
Task 0 Epoch 1/1 | Loss 1.6027 | Train Acc 0.4148 | Val Acc 0.1754 | Epoch Time 82.23s (Eval 81.90s, Train 0.33s)
---- Eval at Epoch 0: [0.23457527618028917, 0.015751355566343033] ----
Task 1 Epoch 1/1 | Loss 1.7389 | Train Acc 0.2000 | Val Acc 0.0158 | Epoch Time 81.99s (Eval 81.67s, Train 0.33s)
####Final Validation Accuracy####
Final Results:- 
 Total Accuracy: 0.30730358964861904 
 Individual Accuracy: [0.26375111706881144, 0.3508560622284266]
logs//lwf/lwf_test_radar-2025-12-14_16-25-48-4294/0/results: {'expt_name': 'lwf_test_radar', 'model': 'lwf', 'arch': 'resnet1d', 'n_hiddens': 100, 'n_layers': 2, 'xav_init': True, 'glances': 1, 'n_epochs': 1, 'batch_size': 128, 'replay_batch_size': 10, 'memories': 400, 'lr': 0.03, 'cuda': True, 'seed': 0, 'log_every': 10, 'log_dir': 'logs//lwf/lwf_test_radar-2025-12-14_16-25-48-4294/0', 'tf_dir': 'logs//lwf/lwf_test_radar-2025-12-14_16-25-48-4294/0/tfdir', 'calc_test_accuracy': False, 'state_logging': False, 'data_path': 'data/rff/radar', 'loader': 'task_incremental_loader', 'samples_per_task': 256, 'shuffle_tasks': False, 'classes_per_it': 6, 'iterations': 5000, 'dataset': 'iq', 'workers': 0, 'validation': 0.5, 'class_order': 'random', 'increment': 5, 'test_batch_size': 100000, 'nc_per_task': 6, 'val_rate': 10, 'opt_lr': 0.1, 'opt_wt': 0.1, 'alpha_init': 0.1, 'learn_lr': False, 'sync_update': False, 'grad_clip_norm': 5.0, 'cifar_batches': 3, 'use_old_task_memory': False, 'second_order': True, 'n_memories': 200, 'memory_strength': 1.0, 'steps_per_sample': 1, 'gamma': 1.0, 'beta': 0.1, 's': 1.0, 'batches_per_example': 1.0, 'bgd_optimizer': 'bgd', 'optimizer_params': '{}', 'train_mc_iters': 2, 'std_init': 0.02, 'mean_eta': 50.0, 'fisher_gamma': 0.95, 'rln': 7, 'update_steps': 10, 'meta_lr': 0.001, 'update_lr': 0.1, 'ctn_lr': 0.01, 'ctn_beta': 0.05, 'ctn_n_meta': 2, 'ctn_inner_steps': 2, 'ctn_temperature': 5, 'ctn_n_memories': 50, 'ctn_alpha_init': 0.1, 'ctn_memory_strength': 100, 'ctn_task_emb': 64, 'bcl_n_memories': 400, 'bcl_memory_strength': 100, 'bcl_temperature': 5, 'bcl_inner_steps': 2, 'bcl_n_meta': 2, 'bcl_adapt_lr': 0.01} # val: 0.293 0.307 0.015 0.000 # 490.925763130188
New Experiment Starting...
Running model:  lwf
Set seed 0
Loaded task0.npz: Unique train labels: [0 1 2 3 4 5]
Loaded task0.npz: Remapped labels: [0 1 2 3 4 5]. Size: 190940)
Loaded task1.npz: Unique train labels: [ 0  6  7  8  9 10]
Loaded task1.npz: Remapped labels: [ 6  7  8  9 10 11]. Size: 379500)
n_outputs: 12 	n_tasks: 2
True
Model device: cuda:0
---- Eval at Epoch 0: [0.1753949511514874, 0.01543666603980574] ----
Task 0 Epoch 1/1 | Loss 1.6027 | Train Acc 0.4148 | Val Acc 0.1754 | Epoch Time 81.98s (Eval 81.65s, Train 0.33s)
---- Eval at Epoch 0: [0.23457527618028917, 0.015751355566343033] ----
Task 1 Epoch 1/1 | Loss 1.7389 | Train Acc 0.2000 | Val Acc 0.0158 | Epoch Time 80.74s (Eval 80.42s, Train 0.32s)
####Final Validation Accuracy####
Final Results:- 
 Total Accuracy: 0.30730358964861904 
 Individual Accuracy: [0.26375111706881144, 0.3508560622284266]
logs//lwf/lwf_test_radar-2025-12-14_16-34-04-7579/0/results: {'expt_name': 'lwf_test_radar', 'model': 'lwf', 'arch': 'resnet1d', 'n_hiddens': 100, 'n_layers': 2, 'xav_init': True, 'glances': 1, 'n_epochs': 1, 'batch_size': 128, 'replay_batch_size': 10, 'memories': 400, 'lr': 0.03, 'cuda': True, 'seed': 0, 'log_every': 10, 'log_dir': 'logs//lwf/lwf_test_radar-2025-12-14_16-34-04-7579/0', 'tf_dir': 'logs//lwf/lwf_test_radar-2025-12-14_16-34-04-7579/0/tfdir', 'calc_test_accuracy': False, 'state_logging': False, 'data_path': 'data/rff/radar', 'loader': 'task_incremental_loader', 'samples_per_task': 256, 'shuffle_tasks': False, 'classes_per_it': 6, 'iterations': 5000, 'dataset': 'iq', 'workers': 0, 'validation': 0.5, 'class_order': 'random', 'increment': 5, 'test_batch_size': 100000, 'nc_per_task': 6, 'val_rate': 10, 'opt_lr': 0.1, 'opt_wt': 0.1, 'alpha_init': 0.1, 'learn_lr': False, 'sync_update': False, 'grad_clip_norm': 5.0, 'cifar_batches': 3, 'use_old_task_memory': False, 'second_order': True, 'n_memories': 200, 'memory_strength': 1.0, 'steps_per_sample': 1, 'gamma': 1.0, 'beta': 0.1, 's': 1.0, 'batches_per_example': 1.0, 'bgd_optimizer': 'bgd', 'optimizer_params': '{}', 'train_mc_iters': 2, 'std_init': 0.02, 'mean_eta': 50.0, 'fisher_gamma': 0.95, 'rln': 7, 'update_steps': 10, 'meta_lr': 0.001, 'update_lr': 0.1, 'ctn_lr': 0.01, 'ctn_beta': 0.05, 'ctn_n_meta': 2, 'ctn_inner_steps': 2, 'ctn_temperature': 5, 'ctn_n_memories': 50, 'ctn_alpha_init': 0.1, 'ctn_memory_strength': 100, 'ctn_task_emb': 64, 'bcl_n_memories': 400, 'bcl_memory_strength': 100, 'bcl_temperature': 5, 'bcl_inner_steps': 2, 'bcl_n_meta': 2, 'bcl_adapt_lr': 0.01} # val: 0.293 0.307 0.015 0.000 # 485.8225853443146
New Experiment Starting...
Running model:  lwf
Set seed 0
Loaded task0.npz: Unique train labels: [0 1 2 3 4 5]
Loaded task0.npz: Remapped labels: [0 1 2 3 4 5]. Size: 190940)
Loaded task1.npz: Unique train labels: [ 0  6  7  8  9 10]
Loaded task1.npz: Remapped labels: [ 6  7  8  9 10 11]. Size: 379500)
n_outputs: 12 	n_tasks: 2
True
Model device: cuda:0
---- Eval at Epoch 0: [0.1753949511514874, 0.01543666603980574] ----
Task 0 Epoch 1/1 | Loss 1.6027 | Train Acc 0.4148 | Val Acc 0.1754 | Epoch Time 81.29s (Eval 80.96s, Train 0.34s)
---- Eval at Epoch 0: [0.23457527618028917, 0.015751355566343033] ----
Task 1 Epoch 1/1 | Loss 1.7389 | Train Acc 0.2000 | Val Acc 0.0158 | Epoch Time 80.17s (Eval 79.84s, Train 0.33s)
####Final Validation Accuracy####
Final Results:- 
 Total Accuracy: 0.30730358964861904 
 Individual Accuracy: [0.26375111706881144, 0.3508560622284266]
logs//lwf/lwf_test_radar-2025-12-14_16-42-16-1338/0/results: {'expt_name': 'lwf_test_radar', 'model': 'lwf', 'arch': 'resnet1d', 'n_hiddens': 100, 'n_layers': 2, 'xav_init': True, 'glances': 1, 'n_epochs': 1, 'batch_size': 128, 'replay_batch_size': 10, 'memories': 400, 'lr': 0.03, 'cuda': True, 'seed': 0, 'log_every': 10, 'log_dir': 'logs//lwf/lwf_test_radar-2025-12-14_16-42-16-1338/0', 'tf_dir': 'logs//lwf/lwf_test_radar-2025-12-14_16-42-16-1338/0/tfdir', 'calc_test_accuracy': False, 'state_logging': False, 'data_path': 'data/rff/radar', 'loader': 'task_incremental_loader', 'samples_per_task': 256, 'shuffle_tasks': False, 'classes_per_it': 6, 'iterations': 5000, 'dataset': 'iq', 'workers': 0, 'validation': 0.5, 'class_order': 'random', 'increment': 5, 'test_batch_size': 100000, 'nc_per_task': 6, 'val_rate': 10, 'opt_lr': 0.1, 'opt_wt': 0.1, 'alpha_init': 0.1, 'learn_lr': False, 'sync_update': False, 'grad_clip_norm': 5.0, 'cifar_batches': 3, 'use_old_task_memory': False, 'second_order': True, 'n_memories': 200, 'memory_strength': 1.0, 'steps_per_sample': 1, 'gamma': 1.0, 'beta': 0.1, 's': 1.0, 'batches_per_example': 1.0, 'bgd_optimizer': 'bgd', 'optimizer_params': '{}', 'train_mc_iters': 2, 'std_init': 0.02, 'mean_eta': 50.0, 'fisher_gamma': 0.95, 'rln': 7, 'update_steps': 10, 'meta_lr': 0.001, 'update_lr': 0.1, 'ctn_lr': 0.01, 'ctn_beta': 0.05, 'ctn_n_meta': 2, 'ctn_inner_steps': 2, 'ctn_temperature': 5, 'ctn_n_memories': 50, 'ctn_alpha_init': 0.1, 'ctn_memory_strength': 100, 'ctn_task_emb': 64, 'bcl_n_memories': 400, 'bcl_memory_strength': 100, 'bcl_temperature': 5, 'bcl_inner_steps': 2, 'bcl_n_meta': 2, 'bcl_adapt_lr': 0.01} # val: 0.293 0.307 0.015 0.000 # 483.4096882343292
New Experiment Starting...
Running model:  lwf
Set seed 0
Loaded task0.npz: Unique train labels: [0 1 2 3 4 5]
Loaded task0.npz: Remapped labels: [0 1 2 3 4 5]. Size: 190940)
Loaded task1.npz: Unique train labels: [ 0  6  7  8  9 10]
Loaded task1.npz: Remapped labels: [ 6  7  8  9 10 11]. Size: 379500)
n_outputs: 12 	n_tasks: 2
True
Model device: cuda:0
---- Eval at Epoch 0: [0.1753949511514874, 0.01543666603980574] ----
Task 0 Epoch 1/1 | Loss 1.6027 | Train Acc 0.4148 | Val Acc 0.1754 | Epoch Time 81.13s (Eval 80.78s, Train 0.35s)
---- Eval at Epoch 0: [0.23457527618028917, 0.015751355566343033] ----
Task 1 Epoch 1/1 | Loss 1.7389 | Train Acc 0.2000 | Val Acc 0.0158 | Epoch Time 82.08s (Eval 81.78s, Train 0.30s)
####Final Validation Accuracy####
Final Results:- 
 Total Accuracy: 0.30730358964861904 
 Individual Accuracy: [0.26375111706881144, 0.3508560622284266]
logs//lwf/lwf_test_radar-2025-12-14_16-50-25-1259/0/results: {'expt_name': 'lwf_test_radar', 'model': 'lwf', 'arch': 'resnet1d', 'n_hiddens': 100, 'n_layers': 2, 'xav_init': True, 'glances': 1, 'n_epochs': 1, 'batch_size': 128, 'replay_batch_size': 10, 'memories': 400, 'lr': 0.03, 'cuda': True, 'seed': 0, 'log_every': 10, 'log_dir': 'logs//lwf/lwf_test_radar-2025-12-14_16-50-25-1259/0', 'tf_dir': 'logs//lwf/lwf_test_radar-2025-12-14_16-50-25-1259/0/tfdir', 'calc_test_accuracy': False, 'state_logging': False, 'data_path': 'data/rff/radar', 'loader': 'task_incremental_loader', 'samples_per_task': 256, 'shuffle_tasks': False, 'classes_per_it': 6, 'iterations': 5000, 'dataset': 'iq', 'workers': 0, 'validation': 0.5, 'class_order': 'random', 'increment': 5, 'test_batch_size': 100000, 'nc_per_task': 6, 'val_rate': 10, 'opt_lr': 0.1, 'opt_wt': 0.1, 'alpha_init': 0.1, 'learn_lr': False, 'sync_update': False, 'grad_clip_norm': 5.0, 'cifar_batches': 3, 'use_old_task_memory': False, 'second_order': True, 'n_memories': 200, 'memory_strength': 1.0, 'steps_per_sample': 1, 'gamma': 1.0, 'beta': 0.1, 's': 1.0, 'batches_per_example': 1.0, 'bgd_optimizer': 'bgd', 'optimizer_params': '{}', 'train_mc_iters': 2, 'std_init': 0.02, 'mean_eta': 50.0, 'fisher_gamma': 0.95, 'rln': 7, 'update_steps': 10, 'meta_lr': 0.001, 'update_lr': 0.1, 'ctn_lr': 0.01, 'ctn_beta': 0.05, 'ctn_n_meta': 2, 'ctn_inner_steps': 2, 'ctn_temperature': 5, 'ctn_n_memories': 50, 'ctn_alpha_init': 0.1, 'ctn_memory_strength': 100, 'ctn_task_emb': 64, 'bcl_n_memories': 400, 'bcl_memory_strength': 100, 'bcl_temperature': 5, 'bcl_inner_steps': 2, 'bcl_n_meta': 2, 'bcl_adapt_lr': 0.01} # val: 0.293 0.307 0.015 0.000 # 486.721684217453
