python3 -u main.py $IQ --model agem --expt_name all_agem --n_memories 5196 --batch_size 128 --n_epochs 50 
                    --lr 0.03 --glances 1 --memory_strength 0.5   --increment 5 
                    --log_every 3125 --class_order random 
                    --seed $SEED --calc_test_accuracy --validation 0.3 --samples_per_task -1

python3 -u main.py $IQ --model eralg4 --expt_name all_eralg4 --memories 200 --batch_size 128 --n_epochs 50 --replay_batch_size 64 
                     --lr 0.03 --glances 1   --increment 5 
                    --log_every 3125 --class_order random 
                    --seed $SEED --calc_test_accuracy --validation 0.3 --samples_per_task -1

python3 -u main.py $IQ --model eralg4 --expt_name all_la-eralg4 --memories 200 --batch_size 128 --replay_batch_size 64 --n_epochs 50 
                    --opt_lr 0.1 --alpha_init 0.1 --glances 1  --increment 5 
                     --cifar_batches 5 --learn_lr --log_every 3125 --class_order random 
                    --seed $SEED --calc_test_accuracy --validation 0.3 --samples_per_task -1

python3 -u main.py $IQ --model gem --expt_name all_gem --n_memories 5196 --batch_size 128 --n_epochs 50 
                    --lr 0.03 --glances 1 --memory_strength 0.5   --increment 5 
                    --log_every 3125 --class_order random --samples_per_task 2500 
                    --seed $SEED --grad_clip_norm 5.0 --calc_test_accuracy --validation 0.3 --samples_per_task -1

python3 -u main.py $IQ --model ewc --expt_name all_ewc --batch_size 128 --n_epochs 50 
                    --lr 0.03 --increment 5 
                    --log_every 3125 --class_order random 
                    --seed $SEED --calc_test_accuracy --validation 0.3 --samples_per_task -1

python3 -u main.py $IQ --model lwf --expt_name all_lwf --batch_size 128 --n_epochs 50 
                    --lr 0.001 --increment 5 
                    --log_every 3125 --class_order random 
                    --seed $SEED --calc_test_accuracy --validation 0.3 --samples_per_task -1

python3 -u main.py $IQ --model packnet --expt_name all_packnet --batch_size 128 --n_epochs 50 
                    --lr 0.01 --increment 5 
                    --log_every 3125 --class_order random 
                    --seed $SEED --calc_test_accuracy --validation 0.3 --samples_per_task -1

python3 -u main.py $IQ --model rwalk --expt_name all_rwalk --batch_size 128 --n_epochs 50 
                    --lr 0.001 --increment 5 
                    --log_every 3125 --class_order random 
                    --seed $SEED --calc_test_accuracy --validation 0.3 --samples_per_task -1

python3 -u main.py $IQ --model si --expt_name all_si --batch_size 128 --n_epochs 50 
                    --lr 0.001 --increment 5 
                    --log_every 3125 --class_order random 
                    --seed $SEED --calc_test_accuracy --validation 0.3 --samples_per_task -1

python3 -u main.py $IQ --model hat --expt_name all_hat --batch_size 128 --n_epochs 50 
                    --lr 0.0005 --gamma 0.75 --increment 5 
                    --log_every 3125 --class_order random 
                    --seed $SEED --grad_clip_norm 10.0 --calc_test_accuracy --validation 0.3 --samples_per_task -1

python3 -u main.py $IQ --model ctn --expt_name all_ctn --batch_size 128 --replay_batch_size 64 --n_epochs 50 
                    --increment 5 
                    --ctn_n_memories 200 --ctn_lr 0.01 --ctn_beta 0.05 --ctn_inner_steps 2 --ctn_n_meta 2 
                    --log_every 3125 --class_order random 
                    --seed $SEED --calc_test_accuracy --validation 0.3 --samples_per_task -1

python3 -u main.py $IQ --model er_ring --expt_name all_erring --batch_size 128 --replay_batch_size 64 --n_epochs 50 
                    --lr 0.03 --increment 5 
                    --bcl_n_memories 200 --bcl_temperature 2.0 --bcl_memory_strength 1.0 --bcl_inner_steps 5 
                    --log_every 3125 --class_order random 
                    --seed $SEED --calc_test_accuracy --validation 0.3 --samples_per_task -1

python3 -u main.py $IQ --model ucl_bresnet --expt_name all_ucl_bresnet --batch_size 64 --n_epochs 50 
                    --lr 0.001 --increment 5 
                    --log_every 3125 --class_order random 
                    --seed $SEED --calc_test_accuracy --validation 0.3 --samples_per_task -1

python3 -u main.py $IQ --model anml --expt_name all_anml --batch_size 128 --n_epochs 50 
                    --lr 0.001 --glances 1 --increment 5 
                    --log_every 3125 --class_order random 
                    --seed $SEED --calc_test_accuracy --validation 0.3 --samples_per_task -1 
                    --rln 7 --update_steps 10 --meta_lr 0.001 --update_lr 0.1 

python3 -u main.py $IQ --model meralg1 --expt_name all_meralg1 --batch_size 128 --memories 200 --replay_batch_size 64 
                    --lr 0.1 --beta 0.1 --gamma 1.0 --batches_per_example 10  --increment 5 
                    --log_every 3125 --grad_clip_norm 10.0 --class_order random 
                    --seed $SEED --calc_test_accuracy --validation 0.3 --samples_per_task -1

python3 -u main.py $IQ --model meta-bgd --expt_name all_meta-bgd --memories 200 --batch_size 128 --replay_batch_size 64 --n_epochs 50 
                    --alpha_init 0.1 --glances 1  --increment 5 
                    --cifar_batches 3 --log_every 3125 --second_order --class_order random 
                    --seed $SEED --calc_test_accuracy --validation 0.3 --samples_per_task -1 --xav_init  --std_init 0.02 --mean_eta 50. --train_mc_iters 2

python3 -u main.py $IQ --model lamaml_cifar --expt_name all_lamaml --memories 200 --batch_size 128 --replay_batch_size 64 --n_epochs 50 
                    --opt_lr 0.25 --alpha_init 0.1 --opt_wt 0.1 --glances 1  --increment 5 
                    --cifar_batches 5 --learn_lr --log_every 3125 --second_order --class_order random 
                    --seed $SEED --grad_clip_norm 1.0 --calc_test_accuracy --validation 0.3 --samples_per_task -1

python3 -u main.py $IQ --model lamaml_cifar --expt_name all_lamaml_sync --memories 200 --batch_size 128 --replay_batch_size 64 --n_epochs 50 
                    --opt_lr 0.35 --alpha_init 0.1 --opt_wt 0.1 --glances 1  --increment 5 
                    --cifar_batches 5 --learn_lr --sync_update --log_every 3125 --second_order --class_order random 
                    --seed $SEED --calc_test_accuracy --validation 0.3 --samples_per_task -1

python3 -u main.py $IQ --model lamaml_cifar --expt_name all_cmaml --memories 200 --batch_size 128 --replay_batch_size 64 --n_epochs 50 
                    --opt_lr 0.35 --alpha_init 0.075 --opt_wt 0.075 --glances 1  --increment 5 
                    --cifar_batches 5 --sync_update --log_every 3125 --second_order --class_order random 
                    --seed $SEED --calc_test_accuracy --validation 0.3 --samples_per_task -1

Logging IQ experiment suite to logs/iq_experiments/run_20251204_175223.log
New Experiment Starting...
Running model:  agem
[STATE 2025-12-04 17:52:25] Experiment 'all_agem' starting with model 'agem' (seed 0)
Set seed 0
Loaded task0.npz: Unique train labels: [0 1 2 3 4 5]
Loaded task0.npz: Remapped labels: [0 1 2 3 4 5]
Loaded task1.npz: Unique train labels: [ 0  6  7  8  9 10]
Loaded task1.npz: Remapped labels: [ 6  7  8  9 10 11]
[STATE 2025-12-04 17:52:33] Loader 'task_incremental_loader' ready: 1024 inputs, 12 outputs, 2 tasks
n_outputs: 12 	n_tasks: 2
[STATE 2025-12-04 17:52:33] Logging to logs//agem/all_agem-2025-12-04_17-52-33-9253/0
True
Model device: cuda:0
[STATE 2025-12-04 17:52:34] Model initialized on device cuda:0
[STATE 2025-12-04 17:52:34] Invoking continual life experience flow
[STATE 2025-12-04 17:52:34] Life experience start: 2 tasks queued
[STATE 2025-12-04 17:52:35] Starting task 0 (1/2)
[STATE 2025-12-04 17:52:35] Task 0 Epoch 1/50: entering train loop
[STATE 2025-12-04 17:52:35] Task 0 Epoch 1/50 Iter 0: running validation
---- Eval at Epoch 0: [0.001181744285715008, 0.01964721579493898] ----
Task 0 Epoch 1/50 | Loss 0.0885 | Train Acc 0.7908 | Val Acc 0.0012 | Epoch Time 188.80s (Eval 43.88s, Train 144.92s)
[STATE 2025-12-04 17:55:44] Task 0 Epoch 1/50 complete: 188.80s total (43.88s eval/144.92s train)
[STATE 2025-12-04 17:55:44] Task 0 Epoch 2/50: entering train loop
Task 0 Epoch 2/50 | Loss 0.0378 | Train Acc 0.8908 | Val Acc 0.0012 | Epoch Time 143.50s (Eval 0.00s, Train 143.50s)
[STATE 2025-12-04 17:58:07] Task 0 Epoch 2/50 complete: 143.50s total (0.00s eval/143.50s train)
[STATE 2025-12-04 17:58:07] Task 0 Epoch 3/50: entering train loop
Task 0 Epoch 3/50 | Loss 0.0309 | Train Acc 0.9100 | Val Acc 0.0012 | Epoch Time 143.56s (Eval 0.00s, Train 143.56s)
[STATE 2025-12-04 18:00:31] Task 0 Epoch 3/50 complete: 143.56s total (0.00s eval/143.56s train)
[STATE 2025-12-04 18:00:31] Task 0 Epoch 4/50: entering train loop
Task 0 Epoch 4/50 | Loss 0.0267 | Train Acc 0.9213 | Val Acc 0.0012 | Epoch Time 143.31s (Eval 0.00s, Train 143.31s)
[STATE 2025-12-04 18:02:54] Task 0 Epoch 4/50 complete: 143.31s total (0.00s eval/143.31s train)
[STATE 2025-12-04 18:02:54] Task 0 Epoch 5/50: entering train loop
Task 0 Epoch 5/50 | Loss 0.0240 | Train Acc 0.9260 | Val Acc 0.0012 | Epoch Time 144.71s (Eval 0.00s, Train 144.71s)
[STATE 2025-12-04 18:05:19] Task 0 Epoch 5/50 complete: 144.71s total (0.00s eval/144.71s train)
[STATE 2025-12-04 18:05:19] Task 0 Epoch 6/50: entering train loop
Task 0 Epoch 6/50 | Loss 0.0214 | Train Acc 0.9325 | Val Acc 0.0012 | Epoch Time 143.12s (Eval 0.00s, Train 143.12s)
[STATE 2025-12-04 18:07:42] Task 0 Epoch 6/50 complete: 143.12s total (0.00s eval/143.12s train)
[STATE 2025-12-04 18:07:42] Task 0 Epoch 7/50: entering train loop
Task 0 Epoch 7/50 | Loss 0.0187 | Train Acc 0.9423 | Val Acc 0.0012 | Epoch Time 143.51s (Eval 0.00s, Train 143.51s)
[STATE 2025-12-04 18:10:05] Task 0 Epoch 7/50 complete: 143.51s total (0.00s eval/143.51s train)
[STATE 2025-12-04 18:10:05] Task 0 Epoch 8/50: entering train loop
Task 0 Epoch 8/50 | Loss 0.0164 | Train Acc 0.9467 | Val Acc 0.0012 | Epoch Time 143.48s (Eval 0.00s, Train 143.48s)
[STATE 2025-12-04 18:12:29] Task 0 Epoch 8/50 complete: 143.48s total (0.00s eval/143.48s train)
[STATE 2025-12-04 18:12:29] Task 0 Epoch 9/50: entering train loop
Task 0 Epoch 9/50 | Loss 0.0147 | Train Acc 0.9520 | Val Acc 0.0012 | Epoch Time 143.29s (Eval 0.00s, Train 143.29s)
[STATE 2025-12-04 18:14:52] Task 0 Epoch 9/50 complete: 143.29s total (0.00s eval/143.29s train)
[STATE 2025-12-04 18:14:52] Task 0 Epoch 10/50: entering train loop
Task 0 Epoch 10/50 | Loss 0.0126 | Train Acc 0.9622 | Val Acc 0.0012 | Epoch Time 143.34s (Eval 0.00s, Train 143.34s)
[STATE 2025-12-04 18:17:15] Task 0 Epoch 10/50 complete: 143.34s total (0.00s eval/143.34s train)
[STATE 2025-12-04 18:17:15] Task 0 Epoch 11/50: entering train loop
[STATE 2025-12-04 18:17:15] Task 0 Epoch 11/50 Iter 0: running validation
---- Eval at Epoch 10: [0.9256939077222819, 0.0] ----
Task 0 Epoch 11/50 | Loss 0.0111 | Train Acc 0.9660 | Val Acc 0.9257 | Epoch Time 187.95s (Eval 45.55s, Train 142.40s)
[STATE 2025-12-04 18:20:23] Task 0 Epoch 11/50 complete: 187.95s total (45.55s eval/142.40s train)
[STATE 2025-12-04 18:20:23] Task 0 Epoch 12/50: entering train loop
Task 0 Epoch 12/50 | Loss 0.0097 | Train Acc 0.9684 | Val Acc 0.9257 | Epoch Time 143.96s (Eval 0.00s, Train 143.96s)
[STATE 2025-12-04 18:22:47] Task 0 Epoch 12/50 complete: 143.96s total (0.00s eval/143.96s train)
[STATE 2025-12-04 18:22:47] Task 0 Epoch 13/50: entering train loop
Task 0 Epoch 13/50 | Loss 0.0079 | Train Acc 0.9717 | Val Acc 0.9257 | Epoch Time 143.41s (Eval 0.00s, Train 143.41s)
[STATE 2025-12-04 18:25:11] Task 0 Epoch 13/50 complete: 143.41s total (0.00s eval/143.41s train)
[STATE 2025-12-04 18:25:11] Task 0 Epoch 14/50: entering train loop
Task 0 Epoch 14/50 | Loss 0.0060 | Train Acc 0.9773 | Val Acc 0.9257 | Epoch Time 143.69s (Eval 0.00s, Train 143.69s)
[STATE 2025-12-04 18:27:34] Task 0 Epoch 14/50 complete: 143.69s total (0.00s eval/143.69s train)
[STATE 2025-12-04 18:27:34] Task 0 Epoch 15/50: entering train loop
Task 0 Epoch 15/50 | Loss 0.0054 | Train Acc 0.9791 | Val Acc 0.9257 | Epoch Time 143.19s (Eval 0.00s, Train 143.19s)
[STATE 2025-12-04 18:29:58] Task 0 Epoch 15/50 complete: 143.19s total (0.00s eval/143.19s train)
[STATE 2025-12-04 18:29:58] Task 0 Epoch 16/50: entering train loop
Task 0 Epoch 16/50 | Loss 0.0047 | Train Acc 0.9817 | Val Acc 0.9257 | Epoch Time 143.55s (Eval 0.00s, Train 143.55s)
[STATE 2025-12-04 18:32:21] Task 0 Epoch 16/50 complete: 143.55s total (0.00s eval/143.55s train)
[STATE 2025-12-04 18:32:21] Task 0 Epoch 17/50: entering train loop
Task 0 Epoch 17/50 | Loss 0.0039 | Train Acc 0.9846 | Val Acc 0.9257 | Epoch Time 143.61s (Eval 0.00s, Train 143.61s)
[STATE 2025-12-04 18:34:45] Task 0 Epoch 17/50 complete: 143.61s total (0.00s eval/143.61s train)
[STATE 2025-12-04 18:34:45] Task 0 Epoch 18/50: entering train loop
Task 0 Epoch 18/50 | Loss 0.0034 | Train Acc 0.9875 | Val Acc 0.9257 | Epoch Time 143.75s (Eval 0.00s, Train 143.75s)
[STATE 2025-12-04 18:37:08] Task 0 Epoch 18/50 complete: 143.75s total (0.00s eval/143.75s train)
[STATE 2025-12-04 18:37:08] Task 0 Epoch 19/50: entering train loop
Task 0 Epoch 19/50 | Loss 0.0033 | Train Acc 0.9872 | Val Acc 0.9257 | Epoch Time 143.92s (Eval 0.00s, Train 143.92s)
[STATE 2025-12-04 18:39:32] Task 0 Epoch 19/50 complete: 143.92s total (0.00s eval/143.92s train)
[STATE 2025-12-04 18:39:32] Task 0 Epoch 20/50: entering train loop
Task 0 Epoch 20/50 | Loss 0.0028 | Train Acc 0.9885 | Val Acc 0.9257 | Epoch Time 143.18s (Eval 0.00s, Train 143.18s)
[STATE 2025-12-04 18:41:56] Task 0 Epoch 20/50 complete: 143.18s total (0.00s eval/143.18s train)
[STATE 2025-12-04 18:41:56] Task 0 Epoch 21/50: entering train loop
[STATE 2025-12-04 18:41:56] Task 0 Epoch 21/50 Iter 0: running validation
---- Eval at Epoch 20: [0.9294129492352515, 0.0] ----
Task 0 Epoch 21/50 | Loss 0.0027 | Train Acc 0.9891 | Val Acc 0.9294 | Epoch Time 188.29s (Eval 44.21s, Train 144.08s)
[STATE 2025-12-04 18:45:04] Task 0 Epoch 21/50 complete: 188.29s total (44.21s eval/144.08s train)
[STATE 2025-12-04 18:45:04] Task 0 Epoch 22/50: entering train loop
Task 0 Epoch 22/50 | Loss 0.0022 | Train Acc 0.9904 | Val Acc 0.9294 | Epoch Time 143.89s (Eval 0.00s, Train 143.89s)
[STATE 2025-12-04 18:47:28] Task 0 Epoch 22/50 complete: 143.89s total (0.00s eval/143.89s train)
[STATE 2025-12-04 18:47:28] Task 0 Epoch 23/50: entering train loop
Task 0 Epoch 23/50 | Loss 0.0020 | Train Acc 0.9920 | Val Acc 0.9294 | Epoch Time 142.46s (Eval 0.00s, Train 142.46s)
[STATE 2025-12-04 18:49:50] Task 0 Epoch 23/50 complete: 142.46s total (0.00s eval/142.46s train)
[STATE 2025-12-04 18:49:50] Task 0 Epoch 24/50: entering train loop
Task 0 Epoch 24/50 | Loss 0.0017 | Train Acc 0.9917 | Val Acc 0.9294 | Epoch Time 144.35s (Eval 0.00s, Train 144.35s)
[STATE 2025-12-04 18:52:15] Task 0 Epoch 24/50 complete: 144.35s total (0.00s eval/144.35s train)
[STATE 2025-12-04 18:52:15] Task 0 Epoch 25/50: entering train loop
Task 0 Epoch 25/50 | Loss 0.0016 | Train Acc 0.9933 | Val Acc 0.9294 | Epoch Time 144.36s (Eval 0.00s, Train 144.36s)
[STATE 2025-12-04 18:54:39] Task 0 Epoch 25/50 complete: 144.36s total (0.00s eval/144.36s train)
[STATE 2025-12-04 18:54:39] Task 0 Epoch 26/50: entering train loop
Task 0 Epoch 26/50 | Loss 0.0016 | Train Acc 0.9929 | Val Acc 0.9294 | Epoch Time 144.12s (Eval 0.00s, Train 144.12s)
[STATE 2025-12-04 18:57:03] Task 0 Epoch 26/50 complete: 144.12s total (0.00s eval/144.12s train)
[STATE 2025-12-04 18:57:03] Task 0 Epoch 27/50: entering train loop
Task 0 Epoch 27/50 | Loss 0.0014 | Train Acc 0.9932 | Val Acc 0.9294 | Epoch Time 146.91s (Eval 0.00s, Train 146.91s)
[STATE 2025-12-04 18:59:30] Task 0 Epoch 27/50 complete: 146.91s total (0.00s eval/146.91s train)
[STATE 2025-12-04 18:59:30] Task 0 Epoch 28/50: entering train loop
Task 0 Epoch 28/50 | Loss 0.0016 | Train Acc 0.9938 | Val Acc 0.9294 | Epoch Time 144.03s (Eval 0.00s, Train 144.03s)
[STATE 2025-12-04 19:01:54] Task 0 Epoch 28/50 complete: 144.03s total (0.00s eval/144.03s train)
[STATE 2025-12-04 19:01:54] Task 0 Epoch 29/50: entering train loop
Task 0 Epoch 29/50 | Loss 0.0013 | Train Acc 0.9937 | Val Acc 0.9294 | Epoch Time 144.13s (Eval 0.00s, Train 144.13s)
[STATE 2025-12-04 19:04:18] Task 0 Epoch 29/50 complete: 144.13s total (0.00s eval/144.13s train)
[STATE 2025-12-04 19:04:18] Task 0 Epoch 30/50: entering train loop
Task 0 Epoch 30/50 | Loss 0.0013 | Train Acc 0.9945 | Val Acc 0.9294 | Epoch Time 144.15s (Eval 0.00s, Train 144.15s)
[STATE 2025-12-04 19:06:42] Task 0 Epoch 30/50 complete: 144.15s total (0.00s eval/144.15s train)
[STATE 2025-12-04 19:06:42] Task 0 Epoch 31/50: entering train loop
[STATE 2025-12-04 19:06:42] Task 0 Epoch 31/50 Iter 0: running validation
---- Eval at Epoch 30: [0.9295310496118464, 0.0] ----
Task 0 Epoch 31/50 | Loss 0.0010 | Train Acc 0.9961 | Val Acc 0.9295 | Epoch Time 188.18s (Eval 43.93s, Train 144.25s)
[STATE 2025-12-04 19:09:50] Task 0 Epoch 31/50 complete: 188.18s total (43.93s eval/144.25s train)
[STATE 2025-12-04 19:09:50] Task 0 Epoch 32/50: entering train loop
Task 0 Epoch 32/50 | Loss 0.0010 | Train Acc 0.9950 | Val Acc 0.9295 | Epoch Time 144.29s (Eval 0.00s, Train 144.29s)
[STATE 2025-12-04 19:12:15] Task 0 Epoch 32/50 complete: 144.29s total (0.00s eval/144.29s train)
[STATE 2025-12-04 19:12:15] Task 0 Epoch 33/50: entering train loop
Task 0 Epoch 33/50 | Loss 0.0009 | Train Acc 0.9955 | Val Acc 0.9295 | Epoch Time 144.11s (Eval 0.00s, Train 144.11s)
[STATE 2025-12-04 19:14:39] Task 0 Epoch 33/50 complete: 144.11s total (0.00s eval/144.11s train)
[STATE 2025-12-04 19:14:39] Task 0 Epoch 34/50: entering train loop
Task 0 Epoch 34/50 | Loss 0.0009 | Train Acc 0.9960 | Val Acc 0.9295 | Epoch Time 147.33s (Eval 0.00s, Train 147.33s)
[STATE 2025-12-04 19:17:06] Task 0 Epoch 34/50 complete: 147.33s total (0.00s eval/147.33s train)
[STATE 2025-12-04 19:17:06] Task 0 Epoch 35/50: entering train loop
Task 0 Epoch 35/50 | Loss 0.0009 | Train Acc 0.9959 | Val Acc 0.9295 | Epoch Time 139.98s (Eval 0.00s, Train 139.98s)
[STATE 2025-12-04 19:19:26] Task 0 Epoch 35/50 complete: 139.98s total (0.00s eval/139.98s train)
[STATE 2025-12-04 19:19:26] Task 0 Epoch 36/50: entering train loop
Task 0 Epoch 36/50 | Loss 0.0008 | Train Acc 0.9971 | Val Acc 0.9295 | Epoch Time 144.55s (Eval 0.00s, Train 144.55s)
[STATE 2025-12-04 19:21:51] Task 0 Epoch 36/50 complete: 144.55s total (0.00s eval/144.55s train)
[STATE 2025-12-04 19:21:51] Task 0 Epoch 37/50: entering train loop
Task 0 Epoch 37/50 | Loss 0.0006 | Train Acc 0.9977 | Val Acc 0.9295 | Epoch Time 144.34s (Eval 0.00s, Train 144.34s)
[STATE 2025-12-04 19:24:15] Task 0 Epoch 37/50 complete: 144.34s total (0.00s eval/144.34s train)
[STATE 2025-12-04 19:24:15] Task 0 Epoch 38/50: entering train loop
Task 0 Epoch 38/50 | Loss 0.0006 | Train Acc 0.9972 | Val Acc 0.9295 | Epoch Time 140.90s (Eval 0.00s, Train 140.90s)
[STATE 2025-12-04 19:26:36] Task 0 Epoch 38/50 complete: 140.90s total (0.00s eval/140.90s train)
[STATE 2025-12-04 19:26:36] Task 0 Epoch 39/50: entering train loop
Task 0 Epoch 39/50 | Loss 0.0007 | Train Acc 0.9970 | Val Acc 0.9295 | Epoch Time 143.48s (Eval 0.00s, Train 143.48s)
[STATE 2025-12-04 19:28:59] Task 0 Epoch 39/50 complete: 143.48s total (0.00s eval/143.48s train)
[STATE 2025-12-04 19:28:59] Task 0 Epoch 40/50: entering train loop
Task 0 Epoch 40/50 | Loss 0.0006 | Train Acc 0.9977 | Val Acc 0.9295 | Epoch Time 144.68s (Eval 0.00s, Train 144.68s)
[STATE 2025-12-04 19:31:24] Task 0 Epoch 40/50 complete: 144.68s total (0.00s eval/144.68s train)
[STATE 2025-12-04 19:31:24] Task 0 Epoch 41/50: entering train loop
[STATE 2025-12-04 19:31:24] Task 0 Epoch 41/50 Iter 0: running validation
---- Eval at Epoch 40: [0.928665632816008, 0.0] ----
Task 0 Epoch 41/50 | Loss 0.0005 | Train Acc 0.9978 | Val Acc 0.9287 | Epoch Time 188.37s (Eval 43.96s, Train 144.41s)
[STATE 2025-12-04 19:34:32] Task 0 Epoch 41/50 complete: 188.37s total (43.96s eval/144.41s train)
[STATE 2025-12-04 19:34:32] Task 0 Epoch 42/50: entering train loop
Task 0 Epoch 42/50 | Loss 0.0005 | Train Acc 0.9983 | Val Acc 0.9287 | Epoch Time 144.86s (Eval 0.00s, Train 144.86s)
[STATE 2025-12-04 19:36:57] Task 0 Epoch 42/50 complete: 144.86s total (0.00s eval/144.86s train)
[STATE 2025-12-04 19:36:57] Task 0 Epoch 43/50: entering train loop
Task 0 Epoch 43/50 | Loss 0.0006 | Train Acc 0.9979 | Val Acc 0.9287 | Epoch Time 149.77s (Eval 0.00s, Train 149.77s)
[STATE 2025-12-04 19:39:27] Task 0 Epoch 43/50 complete: 149.77s total (0.00s eval/149.77s train)
[STATE 2025-12-04 19:39:27] Task 0 Epoch 44/50: entering train loop
Task 0 Epoch 44/50 | Loss 0.0006 | Train Acc 0.9966 | Val Acc 0.9287 | Epoch Time 144.54s (Eval 0.00s, Train 144.54s)
[STATE 2025-12-04 19:41:52] Task 0 Epoch 44/50 complete: 144.54s total (0.00s eval/144.54s train)
[STATE 2025-12-04 19:41:52] Task 0 Epoch 45/50: entering train loop
Task 0 Epoch 45/50 | Loss 0.0004 | Train Acc 0.9976 | Val Acc 0.9287 | Epoch Time 144.57s (Eval 0.00s, Train 144.57s)
[STATE 2025-12-04 19:44:16] Task 0 Epoch 45/50 complete: 144.57s total (0.00s eval/144.57s train)
[STATE 2025-12-04 19:44:16] Task 0 Epoch 46/50: entering train loop
Task 0 Epoch 46/50 | Loss 0.0004 | Train Acc 0.9983 | Val Acc 0.9287 | Epoch Time 143.78s (Eval 0.00s, Train 143.78s)
[STATE 2025-12-04 19:46:40] Task 0 Epoch 46/50 complete: 143.78s total (0.00s eval/143.78s train)
[STATE 2025-12-04 19:46:40] Task 0 Epoch 47/50: entering train loop
Task 0 Epoch 47/50 | Loss 0.0005 | Train Acc 0.9981 | Val Acc 0.9287 | Epoch Time 143.57s (Eval 0.00s, Train 143.57s)
[STATE 2025-12-04 19:49:04] Task 0 Epoch 47/50 complete: 143.57s total (0.00s eval/143.57s train)
[STATE 2025-12-04 19:49:04] Task 0 Epoch 48/50: entering train loop
Task 0 Epoch 48/50 | Loss 0.0005 | Train Acc 0.9982 | Val Acc 0.9287 | Epoch Time 146.59s (Eval 0.00s, Train 146.59s)
[STATE 2025-12-04 19:51:30] Task 0 Epoch 48/50 complete: 146.59s total (0.00s eval/146.59s train)
[STATE 2025-12-04 19:51:30] Task 0 Epoch 49/50: entering train loop
Task 0 Epoch 49/50 | Loss 0.0005 | Train Acc 0.9982 | Val Acc 0.9287 | Epoch Time 144.78s (Eval 0.00s, Train 144.78s)
[STATE 2025-12-04 19:53:55] Task 0 Epoch 49/50 complete: 144.78s total (0.00s eval/144.78s train)
[STATE 2025-12-04 19:53:55] Task 0 Epoch 50/50: entering train loop
Task 0 Epoch 50/50 | Loss 0.0006 | Train Acc 0.9976 | Val Acc 0.9287 | Epoch Time 142.69s (Eval 0.00s, Train 142.69s)
[STATE 2025-12-04 19:56:18] Task 0 Epoch 50/50 complete: 142.69s total (0.00s eval/142.69s train)
[STATE 2025-12-04 19:56:18] Task 0: running final validation.
[STATE 2025-12-04 19:58:30] Completed task 0 (1/2)
[STATE 2025-12-04 19:58:32] Starting task 1 (2/2)
[STATE 2025-12-04 19:58:32] Task 1 Epoch 1/50: entering train loop
[STATE 2025-12-04 19:58:32] Task 1 Epoch 1/50 Iter 0: running validation
---- Eval at Epoch 0: [0.9274154479934847, 0.0] ----
Task 1 Epoch 1/50 | Loss 0.0443 | Train Acc 0.8042 | Val Acc 0.0000 | Epoch Time 330.74s (Eval 43.17s, Train 287.57s)
[STATE 2025-12-04 20:04:02] Task 1 Epoch 1/50 complete: 330.74s total (43.17s eval/287.57s train)
[STATE 2025-12-04 20:04:02] Task 1 Epoch 2/50: entering train loop
Task 1 Epoch 2/50 | Loss 0.0306 | Train Acc 0.8507 | Val Acc 0.0000 | Epoch Time 287.21s (Eval 0.00s, Train 287.21s)
[STATE 2025-12-04 20:08:50] Task 1 Epoch 2/50 complete: 287.21s total (0.00s eval/287.21s train)
[STATE 2025-12-04 20:08:50] Task 1 Epoch 3/50: entering train loop
Task 1 Epoch 3/50 | Loss 0.0271 | Train Acc 0.8640 | Val Acc 0.0000 | Epoch Time 287.08s (Eval 0.00s, Train 287.08s)
[STATE 2025-12-04 20:13:37] Task 1 Epoch 3/50 complete: 287.08s total (0.00s eval/287.08s train)
[STATE 2025-12-04 20:13:37] Task 1 Epoch 4/50: entering train loop
Task 1 Epoch 4/50 | Loss 0.0246 | Train Acc 0.8725 | Val Acc 0.0000 | Epoch Time 288.42s (Eval 0.00s, Train 288.42s)
[STATE 2025-12-04 20:18:25] Task 1 Epoch 4/50 complete: 288.42s total (0.00s eval/288.42s train)
[STATE 2025-12-04 20:18:25] Task 1 Epoch 5/50: entering train loop
Task 1 Epoch 5/50 | Loss 0.0226 | Train Acc 0.8839 | Val Acc 0.0000 | Epoch Time 286.91s (Eval 0.00s, Train 286.91s)
[STATE 2025-12-04 20:23:12] Task 1 Epoch 5/50 complete: 286.91s total (0.00s eval/286.91s train)
[STATE 2025-12-04 20:23:12] Task 1 Epoch 6/50: entering train loop
Task 1 Epoch 6/50 | Loss 0.0210 | Train Acc 0.8919 | Val Acc 0.0000 | Epoch Time 289.47s (Eval 0.00s, Train 289.47s)
[STATE 2025-12-04 20:28:02] Task 1 Epoch 6/50 complete: 289.47s total (0.00s eval/289.47s train)
[STATE 2025-12-04 20:28:02] Task 1 Epoch 7/50: entering train loop
Task 1 Epoch 7/50 | Loss 0.0192 | Train Acc 0.9010 | Val Acc 0.0000 | Epoch Time 286.90s (Eval 0.00s, Train 286.90s)
[STATE 2025-12-04 20:32:48] Task 1 Epoch 7/50 complete: 286.90s total (0.00s eval/286.90s train)
[STATE 2025-12-04 20:32:48] Task 1 Epoch 8/50: entering train loop
Task 1 Epoch 8/50 | Loss 0.0179 | Train Acc 0.9038 | Val Acc 0.0000 | Epoch Time 287.52s (Eval 0.00s, Train 287.52s)
[STATE 2025-12-04 20:37:36] Task 1 Epoch 8/50 complete: 287.52s total (0.00s eval/287.52s train)
[STATE 2025-12-04 20:37:36] Task 1 Epoch 9/50: entering train loop
Task 1 Epoch 9/50 | Loss 0.0163 | Train Acc 0.9137 | Val Acc 0.0000 | Epoch Time 286.93s (Eval 0.00s, Train 286.93s)
[STATE 2025-12-04 20:42:23] Task 1 Epoch 9/50 complete: 286.93s total (0.00s eval/286.93s train)
[STATE 2025-12-04 20:42:23] Task 1 Epoch 10/50: entering train loop
Task 1 Epoch 10/50 | Loss 0.0153 | Train Acc 0.9178 | Val Acc 0.0000 | Epoch Time 288.18s (Eval 0.00s, Train 288.18s)
[STATE 2025-12-04 20:47:11] Task 1 Epoch 10/50 complete: 288.18s total (0.00s eval/288.18s train)
[STATE 2025-12-04 20:47:11] Task 1 Epoch 11/50: entering train loop
[STATE 2025-12-04 20:47:11] Task 1 Epoch 11/50 Iter 0: running validation
---- Eval at Epoch 10: [0.18846846592047065, 0.011288030233060591] ----
Task 1 Epoch 11/50 | Loss 0.0138 | Train Acc 0.9245 | Val Acc 0.0113 | Epoch Time 332.43s (Eval 43.68s, Train 288.75s)
[STATE 2025-12-04 20:52:43] Task 1 Epoch 11/50 complete: 332.43s total (43.68s eval/288.75s train)
[STATE 2025-12-04 20:52:43] Task 1 Epoch 12/50: entering train loop
Task 1 Epoch 12/50 | Loss 0.0127 | Train Acc 0.9315 | Val Acc 0.0113 | Epoch Time 283.35s (Eval 0.00s, Train 283.35s)
[STATE 2025-12-04 20:57:27] Task 1 Epoch 12/50 complete: 283.35s total (0.00s eval/283.35s train)
[STATE 2025-12-04 20:57:27] Task 1 Epoch 13/50: entering train loop
Task 1 Epoch 13/50 | Loss 0.0119 | Train Acc 0.9359 | Val Acc 0.0113 | Epoch Time 282.59s (Eval 0.00s, Train 282.59s)
[STATE 2025-12-04 21:02:09] Task 1 Epoch 13/50 complete: 282.59s total (0.00s eval/282.59s train)
[STATE 2025-12-04 21:02:09] Task 1 Epoch 14/50: entering train loop
Task 1 Epoch 14/50 | Loss 0.0109 | Train Acc 0.9398 | Val Acc 0.0113 | Epoch Time 287.07s (Eval 0.00s, Train 287.07s)
[STATE 2025-12-04 21:06:56] Task 1 Epoch 14/50 complete: 287.07s total (0.00s eval/287.07s train)
[STATE 2025-12-04 21:06:56] Task 1 Epoch 15/50: entering train loop
Task 1 Epoch 15/50 | Loss 0.0100 | Train Acc 0.9465 | Val Acc 0.0113 | Epoch Time 286.79s (Eval 0.00s, Train 286.79s)
[STATE 2025-12-04 21:11:43] Task 1 Epoch 15/50 complete: 286.79s total (0.00s eval/286.79s train)
[STATE 2025-12-04 21:11:43] Task 1 Epoch 16/50: entering train loop
Task 1 Epoch 16/50 | Loss 0.0096 | Train Acc 0.9464 | Val Acc 0.0113 | Epoch Time 286.44s (Eval 0.00s, Train 286.44s)
[STATE 2025-12-04 21:16:30] Task 1 Epoch 16/50 complete: 286.44s total (0.00s eval/286.44s train)
[STATE 2025-12-04 21:16:30] Task 1 Epoch 17/50: entering train loop
Task 1 Epoch 17/50 | Loss 0.0088 | Train Acc 0.9529 | Val Acc 0.0113 | Epoch Time 284.57s (Eval 0.00s, Train 284.57s)
[STATE 2025-12-04 21:21:14] Task 1 Epoch 17/50 complete: 284.57s total (0.00s eval/284.57s train)
[STATE 2025-12-04 21:21:14] Task 1 Epoch 18/50: entering train loop
Task 1 Epoch 18/50 | Loss 0.0083 | Train Acc 0.9569 | Val Acc 0.0113 | Epoch Time 288.79s (Eval 0.00s, Train 288.79s)
[STATE 2025-12-04 21:26:03] Task 1 Epoch 18/50 complete: 288.79s total (0.00s eval/288.79s train)
[STATE 2025-12-04 21:26:03] Task 1 Epoch 19/50: entering train loop
Task 1 Epoch 19/50 | Loss 0.0074 | Train Acc 0.9590 | Val Acc 0.0113 | Epoch Time 284.72s (Eval 0.00s, Train 284.72s)
[STATE 2025-12-04 21:30:48] Task 1 Epoch 19/50 complete: 284.72s total (0.00s eval/284.72s train)
[STATE 2025-12-04 21:30:48] Task 1 Epoch 20/50: entering train loop
Task 1 Epoch 20/50 | Loss 0.0070 | Train Acc 0.9614 | Val Acc 0.0113 | Epoch Time 283.62s (Eval 0.00s, Train 283.62s)
[STATE 2025-12-04 21:35:31] Task 1 Epoch 20/50 complete: 283.62s total (0.00s eval/283.62s train)
[STATE 2025-12-04 21:35:31] Task 1 Epoch 21/50: entering train loop
[STATE 2025-12-04 21:35:31] Task 1 Epoch 21/50 Iter 0: running validation
---- Eval at Epoch 20: [0.1161109232391795, 0.1097679201242961] ----
Task 1 Epoch 21/50 | Loss 0.0064 | Train Acc 0.9665 | Val Acc 0.1098 | Epoch Time 330.34s (Eval 43.42s, Train 286.92s)
[STATE 2025-12-04 21:41:02] Task 1 Epoch 21/50 complete: 330.34s total (43.42s eval/286.92s train)
[STATE 2025-12-04 21:41:02] Task 1 Epoch 22/50: entering train loop
Task 1 Epoch 22/50 | Loss 0.0060 | Train Acc 0.9673 | Val Acc 0.1098 | Epoch Time 285.56s (Eval 0.00s, Train 285.56s)
[STATE 2025-12-04 21:45:47] Task 1 Epoch 22/50 complete: 285.56s total (0.00s eval/285.56s train)
[STATE 2025-12-04 21:45:47] Task 1 Epoch 23/50: entering train loop
Task 1 Epoch 23/50 | Loss 0.0061 | Train Acc 0.9679 | Val Acc 0.1098 | Epoch Time 286.19s (Eval 0.00s, Train 286.19s)
[STATE 2025-12-04 21:50:34] Task 1 Epoch 23/50 complete: 286.19s total (0.00s eval/286.19s train)
[STATE 2025-12-04 21:50:34] Task 1 Epoch 24/50: entering train loop
Task 1 Epoch 24/50 | Loss 0.0053 | Train Acc 0.9730 | Val Acc 0.1098 | Epoch Time 288.14s (Eval 0.00s, Train 288.14s)
[STATE 2025-12-04 21:55:22] Task 1 Epoch 24/50 complete: 288.14s total (0.00s eval/288.14s train)
[STATE 2025-12-04 21:55:22] Task 1 Epoch 25/50: entering train loop
Task 1 Epoch 25/50 | Loss 0.0047 | Train Acc 0.9736 | Val Acc 0.1098 | Epoch Time 284.86s (Eval 0.00s, Train 284.86s)
[STATE 2025-12-04 22:00:07] Task 1 Epoch 25/50 complete: 284.86s total (0.00s eval/284.86s train)
[STATE 2025-12-04 22:00:07] Task 1 Epoch 26/50: entering train loop
Task 1 Epoch 26/50 | Loss 0.0047 | Train Acc 0.9744 | Val Acc 0.1098 | Epoch Time 285.88s (Eval 0.00s, Train 285.88s)
[STATE 2025-12-04 22:04:52] Task 1 Epoch 26/50 complete: 285.88s total (0.00s eval/285.88s train)
[STATE 2025-12-04 22:04:52] Task 1 Epoch 27/50: entering train loop
Task 1 Epoch 27/50 | Loss 0.0044 | Train Acc 0.9754 | Val Acc 0.1098 | Epoch Time 285.92s (Eval 0.00s, Train 285.92s)
[STATE 2025-12-04 22:09:38] Task 1 Epoch 27/50 complete: 285.92s total (0.00s eval/285.92s train)
[STATE 2025-12-04 22:09:38] Task 1 Epoch 28/50: entering train loop
Task 1 Epoch 28/50 | Loss 0.0040 | Train Acc 0.9793 | Val Acc 0.1098 | Epoch Time 297.40s (Eval 0.00s, Train 297.40s)
[STATE 2025-12-04 22:14:36] Task 1 Epoch 28/50 complete: 297.40s total (0.00s eval/297.40s train)
[STATE 2025-12-04 22:14:36] Task 1 Epoch 29/50: entering train loop
Task 1 Epoch 29/50 | Loss 0.0038 | Train Acc 0.9795 | Val Acc 0.1098 | Epoch Time 287.97s (Eval 0.00s, Train 287.97s)
[STATE 2025-12-04 22:19:24] Task 1 Epoch 29/50 complete: 287.97s total (0.00s eval/287.97s train)
[STATE 2025-12-04 22:19:24] Task 1 Epoch 30/50: entering train loop
Task 1 Epoch 30/50 | Loss 0.0034 | Train Acc 0.9833 | Val Acc 0.1098 | Epoch Time 287.05s (Eval 0.00s, Train 287.05s)
[STATE 2025-12-04 22:24:11] Task 1 Epoch 30/50 complete: 287.05s total (0.00s eval/287.05s train)
[STATE 2025-12-04 22:24:11] Task 1 Epoch 31/50: entering train loop
[STATE 2025-12-04 22:24:11] Task 1 Epoch 31/50 Iter 0: running validation
---- Eval at Epoch 30: [0.0639926741259571, 0.17597816230574395] ----
Task 1 Epoch 31/50 | Loss 0.0031 | Train Acc 0.9835 | Val Acc 0.1760 | Epoch Time 329.90s (Eval 43.17s, Train 286.73s)
[STATE 2025-12-04 22:29:41] Task 1 Epoch 31/50 complete: 329.90s total (43.17s eval/286.73s train)
[STATE 2025-12-04 22:29:41] Task 1 Epoch 32/50: entering train loop
Task 1 Epoch 32/50 | Loss 0.0029 | Train Acc 0.9850 | Val Acc 0.1760 | Epoch Time 286.53s (Eval 0.00s, Train 286.53s)
[STATE 2025-12-04 22:34:27] Task 1 Epoch 32/50 complete: 286.53s total (0.00s eval/286.53s train)
[STATE 2025-12-04 22:34:27] Task 1 Epoch 33/50: entering train loop
Task 1 Epoch 33/50 | Loss 0.0029 | Train Acc 0.9856 | Val Acc 0.1760 | Epoch Time 291.32s (Eval 0.00s, Train 291.32s)
[STATE 2025-12-04 22:39:18] Task 1 Epoch 33/50 complete: 291.32s total (0.00s eval/291.32s train)
[STATE 2025-12-04 22:39:18] Task 1 Epoch 34/50: entering train loop
Task 1 Epoch 34/50 | Loss 0.0025 | Train Acc 0.9875 | Val Acc 0.1760 | Epoch Time 284.61s (Eval 0.00s, Train 284.61s)
[STATE 2025-12-04 22:44:03] Task 1 Epoch 34/50 complete: 284.61s total (0.00s eval/284.61s train)
[STATE 2025-12-04 22:44:03] Task 1 Epoch 35/50: entering train loop
Task 1 Epoch 35/50 | Loss 0.0025 | Train Acc 0.9878 | Val Acc 0.1760 | Epoch Time 285.90s (Eval 0.00s, Train 285.90s)
[STATE 2025-12-04 22:48:49] Task 1 Epoch 35/50 complete: 285.90s total (0.00s eval/285.90s train)
[STATE 2025-12-04 22:48:49] Task 1 Epoch 36/50: entering train loop
Task 1 Epoch 36/50 | Loss 0.0024 | Train Acc 0.9880 | Val Acc 0.1760 | Epoch Time 287.16s (Eval 0.00s, Train 287.16s)
[STATE 2025-12-04 22:53:36] Task 1 Epoch 36/50 complete: 287.16s total (0.00s eval/287.16s train)
[STATE 2025-12-04 22:53:36] Task 1 Epoch 37/50: entering train loop
Task 1 Epoch 37/50 | Loss 0.0021 | Train Acc 0.9884 | Val Acc 0.1760 | Epoch Time 285.11s (Eval 0.00s, Train 285.11s)
[STATE 2025-12-04 22:58:21] Task 1 Epoch 37/50 complete: 285.11s total (0.00s eval/285.11s train)
[STATE 2025-12-04 22:58:21] Task 1 Epoch 38/50: entering train loop
Task 1 Epoch 38/50 | Loss 0.0021 | Train Acc 0.9891 | Val Acc 0.1760 | Epoch Time 285.64s (Eval 0.00s, Train 285.64s)
[STATE 2025-12-04 23:03:07] Task 1 Epoch 38/50 complete: 285.64s total (0.00s eval/285.64s train)
[STATE 2025-12-04 23:03:07] Task 1 Epoch 39/50: entering train loop
Task 1 Epoch 39/50 | Loss 0.0021 | Train Acc 0.9898 | Val Acc 0.1760 | Epoch Time 285.58s (Eval 0.00s, Train 285.58s)
[STATE 2025-12-04 23:07:52] Task 1 Epoch 39/50 complete: 285.58s total (0.00s eval/285.58s train)
[STATE 2025-12-04 23:07:52] Task 1 Epoch 40/50: entering train loop
Task 1 Epoch 40/50 | Loss 0.0017 | Train Acc 0.9919 | Val Acc 0.1760 | Epoch Time 285.94s (Eval 0.00s, Train 285.94s)
[STATE 2025-12-04 23:12:38] Task 1 Epoch 40/50 complete: 285.94s total (0.00s eval/285.94s train)
[STATE 2025-12-04 23:12:38] Task 1 Epoch 41/50: entering train loop
[STATE 2025-12-04 23:12:38] Task 1 Epoch 41/50 Iter 0: running validation
---- Eval at Epoch 40: [0.06013235491179666, 0.21496609426332305] ----
Task 1 Epoch 41/50 | Loss 0.0016 | Train Acc 0.9923 | Val Acc 0.2150 | Epoch Time 329.22s (Eval 43.14s, Train 286.08s)
[STATE 2025-12-04 23:18:08] Task 1 Epoch 41/50 complete: 329.22s total (43.14s eval/286.08s train)
[STATE 2025-12-04 23:18:08] Task 1 Epoch 42/50: entering train loop
Task 1 Epoch 42/50 | Loss 0.0015 | Train Acc 0.9934 | Val Acc 0.2150 | Epoch Time 286.41s (Eval 0.00s, Train 286.41s)
[STATE 2025-12-04 23:22:54] Task 1 Epoch 42/50 complete: 286.41s total (0.00s eval/286.41s train)
[STATE 2025-12-04 23:22:54] Task 1 Epoch 43/50: entering train loop
Task 1 Epoch 43/50 | Loss 0.0012 | Train Acc 0.9946 | Val Acc 0.2150 | Epoch Time 288.25s (Eval 0.00s, Train 288.25s)
[STATE 2025-12-04 23:27:42] Task 1 Epoch 43/50 complete: 288.25s total (0.00s eval/288.25s train)
[STATE 2025-12-04 23:27:42] Task 1 Epoch 44/50: entering train loop
Task 1 Epoch 44/50 | Loss 0.0012 | Train Acc 0.9948 | Val Acc 0.2150 | Epoch Time 286.55s (Eval 0.00s, Train 286.55s)
[STATE 2025-12-04 23:32:29] Task 1 Epoch 44/50 complete: 286.55s total (0.00s eval/286.55s train)
[STATE 2025-12-04 23:32:29] Task 1 Epoch 45/50: entering train loop
Task 1 Epoch 45/50 | Loss 0.0011 | Train Acc 0.9951 | Val Acc 0.2150 | Epoch Time 285.97s (Eval 0.00s, Train 285.97s)
[STATE 2025-12-04 23:37:15] Task 1 Epoch 45/50 complete: 285.97s total (0.00s eval/285.97s train)
[STATE 2025-12-04 23:37:15] Task 1 Epoch 46/50: entering train loop
Task 1 Epoch 46/50 | Loss 0.0010 | Train Acc 0.9962 | Val Acc 0.2150 | Epoch Time 286.24s (Eval 0.00s, Train 286.24s)
[STATE 2025-12-04 23:42:01] Task 1 Epoch 46/50 complete: 286.24s total (0.00s eval/286.24s train)
[STATE 2025-12-04 23:42:01] Task 1 Epoch 47/50: entering train loop
Task 1 Epoch 47/50 | Loss 0.0009 | Train Acc 0.9959 | Val Acc 0.2150 | Epoch Time 290.91s (Eval 0.00s, Train 290.91s)
[STATE 2025-12-04 23:46:52] Task 1 Epoch 47/50 complete: 290.91s total (0.00s eval/290.91s train)
[STATE 2025-12-04 23:46:52] Task 1 Epoch 48/50: entering train loop
Task 1 Epoch 48/50 | Loss 0.0009 | Train Acc 0.9964 | Val Acc 0.2150 | Epoch Time 285.92s (Eval 0.00s, Train 285.92s)
[STATE 2025-12-04 23:51:38] Task 1 Epoch 48/50 complete: 285.92s total (0.00s eval/285.92s train)
[STATE 2025-12-04 23:51:38] Task 1 Epoch 49/50: entering train loop
Task 1 Epoch 49/50 | Loss 0.0007 | Train Acc 0.9970 | Val Acc 0.2150 | Epoch Time 288.47s (Eval 0.00s, Train 288.47s)
[STATE 2025-12-04 23:56:26] Task 1 Epoch 49/50 complete: 288.47s total (0.00s eval/288.47s train)
[STATE 2025-12-04 23:56:26] Task 1 Epoch 50/50: entering train loop
Task 1 Epoch 50/50 | Loss 0.0007 | Train Acc 0.9969 | Val Acc 0.2150 | Epoch Time 285.83s (Eval 0.00s, Train 285.83s)
[STATE 2025-12-05 00:01:12] Task 1 Epoch 50/50 complete: 285.83s total (0.00s eval/285.83s train)
[STATE 2025-12-05 00:01:12] Task 1: running final validation.
[STATE 2025-12-05 00:03:21] Completed task 1 (2/2)
####Final Validation Accuracy####
Final Results:- 
 Total Accuracy: 0.14368110797637915 
 Individual Accuracy: [0.031537056258955136, 0.25582515969380315]
####Final Test Accuracy####
Final Results:- 
 Total Accuracy: 0.14368110797637915 
 Individual Accuracy: [0.031537056258955136, 0.25582515969380315]
[STATE 2025-12-05 00:03:21] Saving results to logs//agem/all_agem-2025-12-04_17-52-33-9253/0/results
logs//agem/all_agem-2025-12-04_17-52-33-9253/0/results: {'expt_name': 'all_agem', 'model': 'agem', 'arch': 'resnet1d', 'n_hiddens': 100, 'n_layers': 2, 'xav_init': False, 'glances': 1, 'n_epochs': 50, 'batch_size': 128, 'replay_batch_size': 20, 'memories': 5120, 'lr': 0.03, 'cuda': True, 'seed': 0, 'log_every': 3125, 'log_dir': 'logs//agem/all_agem-2025-12-04_17-52-33-9253/0', 'tf_dir': 'logs//agem/all_agem-2025-12-04_17-52-33-9253/0/tfdir', 'calc_test_accuracy': True, 'state_logging': True, 'data_path': 'data/rff/radar/', 'loader': 'task_incremental_loader', 'samples_per_task': -1, 'shuffle_tasks': False, 'classes_per_it': 4, 'iterations': 5000, 'dataset': 'iq', 'workers': 3, 'validation': 0.3, 'class_order': 'random', 'increment': 5, 'test_batch_size': 100000, 'nc_per_task': 5, 'val_rate': 10, 'opt_lr': 0.1, 'opt_wt': 0.1, 'alpha_init': 0.001, 'learn_lr': False, 'sync_update': False, 'grad_clip_norm': 2.0, 'cifar_batches': 3, 'use_old_task_memory': False, 'second_order': False, 'n_memories': 5196, 'memory_strength': 0.5, 'steps_per_sample': 1, 'gamma': 1.0, 'beta': 1.0, 's': 1, 'batches_per_example': 1, 'bgd_optimizer': 'bgd', 'optimizer_params': '{}', 'train_mc_iters': 5, 'std_init': 0.05, 'mean_eta': 1, 'fisher_gamma': 0.95, 'rln': 7, 'update_steps': 10, 'meta_lr': 0.001, 'update_lr': 0.1, 'ctn_lr': 0.01, 'ctn_beta': 0.05, 'ctn_n_meta': 2, 'ctn_inner_steps': 2, 'ctn_temperature': 5, 'ctn_n_memories': 50, 'ctn_alpha_init': 0.1, 'ctn_memory_strength': 0.5, 'ctn_task_emb': 64, 'bcl_n_memories': 2000, 'bcl_memory_strength': 1.0, 'bcl_temperature': 2.0, 'bcl_inner_steps': 5, 'bcl_n_meta': 5, 'bcl_adapt_lr': 0.1} # val: 0.592 0.144 -0.448 -0.010 # test: 0.592 0.144 -0.448 0.000 # 22247.47603082657
[STATE 2025-12-05 00:03:22] Results saved; total runtime 22247.48s
New Experiment Starting...
Running model:  eralg4
[STATE 2025-12-05 00:03:24] Experiment 'all_eralg4' starting with model 'eralg4' (seed 0)
Set seed 0
Loaded task0.npz: Unique train labels: [0 1 2 3 4 5]
Loaded task0.npz: Remapped labels: [0 1 2 3 4 5]
Loaded task1.npz: Unique train labels: [ 0  6  7  8  9 10]
Loaded task1.npz: Remapped labels: [ 6  7  8  9 10 11]
[STATE 2025-12-05 00:03:29] Loader 'task_incremental_loader' ready: 1024 inputs, 12 outputs, 2 tasks
n_outputs: 12 	n_tasks: 2
[STATE 2025-12-05 00:03:29] Logging to logs//eralg4/all_eralg4-2025-12-05_00-03-29-4476/0
True
Model device: cuda:0
[STATE 2025-12-05 00:03:29] Model initialized on device cuda:0
[STATE 2025-12-05 00:03:29] Invoking continual life experience flow
[STATE 2025-12-05 00:03:29] Life experience start: 2 tasks queued
[STATE 2025-12-05 00:03:29] Starting task 0 (1/2)
[STATE 2025-12-05 00:03:29] Task 0 Epoch 1/50: entering train loop
[STATE 2025-12-05 00:03:29] Task 0 Epoch 1/50 Iter 0: running validation
---- Eval at Epoch 0: [0.1729599952005104, 0.02205733843349419] ----
Task 0 Epoch 1/50 | Loss 0.0653 | Train Acc 0.8395 | Val Acc 0.1730 | Epoch Time 309.20s (Eval 42.61s, Train 266.59s)
[STATE 2025-12-05 00:08:38] Task 0 Epoch 1/50 complete: 309.20s total (42.61s eval/266.59s train)
[STATE 2025-12-05 00:08:38] Task 0 Epoch 2/50: entering train loop
Task 0 Epoch 2/50 | Loss 0.0270 | Train Acc 0.9127 | Val Acc 0.1730 | Epoch Time 265.55s (Eval 0.00s, Train 265.55s)
[STATE 2025-12-05 00:13:04] Task 0 Epoch 2/50 complete: 265.55s total (0.00s eval/265.55s train)
[STATE 2025-12-05 00:13:04] Task 0 Epoch 3/50: entering train loop
Task 0 Epoch 3/50 | Loss 0.0212 | Train Acc 0.9264 | Val Acc 0.1730 | Epoch Time 266.15s (Eval 0.00s, Train 266.15s)
[STATE 2025-12-05 00:17:30] Task 0 Epoch 3/50 complete: 266.15s total (0.00s eval/266.15s train)
[STATE 2025-12-05 00:17:30] Task 0 Epoch 4/50: entering train loop
Task 0 Epoch 4/50 | Loss 0.0181 | Train Acc 0.9383 | Val Acc 0.1730 | Epoch Time 266.53s (Eval 0.00s, Train 266.53s)
[STATE 2025-12-05 00:21:57] Task 0 Epoch 4/50 complete: 266.53s total (0.00s eval/266.53s train)
[STATE 2025-12-05 00:21:57] Task 0 Epoch 5/50: entering train loop
Task 0 Epoch 5/50 | Loss 0.0156 | Train Acc 0.9429 | Val Acc 0.1730 | Epoch Time 266.15s (Eval 0.00s, Train 266.15s)
[STATE 2025-12-05 00:26:23] Task 0 Epoch 5/50 complete: 266.15s total (0.00s eval/266.15s train)
[STATE 2025-12-05 00:26:23] Task 0 Epoch 6/50: entering train loop
Task 0 Epoch 6/50 | Loss 0.0135 | Train Acc 0.9541 | Val Acc 0.1730 | Epoch Time 266.11s (Eval 0.00s, Train 266.11s)
[STATE 2025-12-05 00:30:49] Task 0 Epoch 6/50 complete: 266.11s total (0.00s eval/266.11s train)
[STATE 2025-12-05 00:30:49] Task 0 Epoch 7/50: entering train loop
Task 0 Epoch 7/50 | Loss 0.0115 | Train Acc 0.9564 | Val Acc 0.1730 | Epoch Time 265.97s (Eval 0.00s, Train 265.97s)
[STATE 2025-12-05 00:35:15] Task 0 Epoch 7/50 complete: 265.97s total (0.00s eval/265.97s train)
[STATE 2025-12-05 00:35:15] Task 0 Epoch 8/50: entering train loop
Task 0 Epoch 8/50 | Loss 0.0095 | Train Acc 0.9690 | Val Acc 0.1730 | Epoch Time 264.95s (Eval 0.00s, Train 264.95s)
[STATE 2025-12-05 00:39:40] Task 0 Epoch 8/50 complete: 264.95s total (0.00s eval/264.95s train)
[STATE 2025-12-05 00:39:40] Task 0 Epoch 9/50: entering train loop
Task 0 Epoch 9/50 | Loss 0.0082 | Train Acc 0.9701 | Val Acc 0.1730 | Epoch Time 266.62s (Eval 0.00s, Train 266.62s)
[STATE 2025-12-05 00:44:06] Task 0 Epoch 9/50 complete: 266.62s total (0.00s eval/266.62s train)
[STATE 2025-12-05 00:44:06] Task 0 Epoch 10/50: entering train loop
Task 0 Epoch 10/50 | Loss 0.0069 | Train Acc 0.9763 | Val Acc 0.1730 | Epoch Time 264.92s (Eval 0.00s, Train 264.92s)
[STATE 2025-12-05 00:48:31] Task 0 Epoch 10/50 complete: 264.92s total (0.00s eval/264.92s train)
[STATE 2025-12-05 00:48:31] Task 0 Epoch 11/50: entering train loop
[STATE 2025-12-05 00:48:31] Task 0 Epoch 11/50 Iter 0: running validation
---- Eval at Epoch 10: [0.918528040367006, 0.015183017781378953] ----
Task 0 Epoch 11/50 | Loss 0.0056 | Train Acc 0.9796 | Val Acc 0.9185 | Epoch Time 308.67s (Eval 42.40s, Train 266.28s)
[STATE 2025-12-05 00:53:40] Task 0 Epoch 11/50 complete: 308.67s total (42.40s eval/266.28s train)
[STATE 2025-12-05 00:53:40] Task 0 Epoch 12/50: entering train loop
Task 0 Epoch 12/50 | Loss 0.0051 | Train Acc 0.9772 | Val Acc 0.9185 | Epoch Time 266.10s (Eval 0.00s, Train 266.10s)
[STATE 2025-12-05 00:58:06] Task 0 Epoch 12/50 complete: 266.10s total (0.00s eval/266.10s train)
[STATE 2025-12-05 00:58:06] Task 0 Epoch 13/50: entering train loop
Task 0 Epoch 13/50 | Loss 0.0041 | Train Acc 0.9838 | Val Acc 0.9185 | Epoch Time 265.82s (Eval 0.00s, Train 265.82s)
[STATE 2025-12-05 01:02:32] Task 0 Epoch 13/50 complete: 265.82s total (0.00s eval/265.82s train)
[STATE 2025-12-05 01:02:32] Task 0 Epoch 14/50: entering train loop
Task 0 Epoch 14/50 | Loss 0.0031 | Train Acc 0.9859 | Val Acc 0.9185 | Epoch Time 266.10s (Eval 0.00s, Train 266.10s)
[STATE 2025-12-05 01:06:58] Task 0 Epoch 14/50 complete: 266.10s total (0.00s eval/266.10s train)
[STATE 2025-12-05 01:06:58] Task 0 Epoch 15/50: entering train loop
Task 0 Epoch 15/50 | Loss 0.0029 | Train Acc 0.9863 | Val Acc 0.9185 | Epoch Time 264.00s (Eval 0.00s, Train 264.00s)
[STATE 2025-12-05 01:11:22] Task 0 Epoch 15/50 complete: 264.00s total (0.00s eval/264.00s train)
[STATE 2025-12-05 01:11:22] Task 0 Epoch 16/50: entering train loop
Task 0 Epoch 16/50 | Loss 0.0025 | Train Acc 0.9886 | Val Acc 0.9185 | Epoch Time 265.50s (Eval 0.00s, Train 265.50s)
[STATE 2025-12-05 01:15:48] Task 0 Epoch 16/50 complete: 265.50s total (0.00s eval/265.50s train)
[STATE 2025-12-05 01:15:48] Task 0 Epoch 17/50: entering train loop
Task 0 Epoch 17/50 | Loss 0.0022 | Train Acc 0.9903 | Val Acc 0.9185 | Epoch Time 267.30s (Eval 0.00s, Train 267.30s)
[STATE 2025-12-05 01:20:15] Task 0 Epoch 17/50 complete: 267.30s total (0.00s eval/267.30s train)
[STATE 2025-12-05 01:20:15] Task 0 Epoch 18/50: entering train loop
Task 0 Epoch 18/50 | Loss 0.0018 | Train Acc 0.9923 | Val Acc 0.9185 | Epoch Time 266.54s (Eval 0.00s, Train 266.54s)
[STATE 2025-12-05 01:24:41] Task 0 Epoch 18/50 complete: 266.54s total (0.00s eval/266.54s train)
[STATE 2025-12-05 01:24:41] Task 0 Epoch 19/50: entering train loop
Task 0 Epoch 19/50 | Loss 0.0016 | Train Acc 0.9914 | Val Acc 0.9185 | Epoch Time 266.38s (Eval 0.00s, Train 266.38s)
[STATE 2025-12-05 01:29:08] Task 0 Epoch 19/50 complete: 266.38s total (0.00s eval/266.38s train)
[STATE 2025-12-05 01:29:08] Task 0 Epoch 20/50: entering train loop
Task 0 Epoch 20/50 | Loss 0.0014 | Train Acc 0.9930 | Val Acc 0.9185 | Epoch Time 265.09s (Eval 0.00s, Train 265.09s)
[STATE 2025-12-05 01:33:33] Task 0 Epoch 20/50 complete: 265.09s total (0.00s eval/265.09s train)
[STATE 2025-12-05 01:33:33] Task 0 Epoch 21/50: entering train loop
[STATE 2025-12-05 01:33:33] Task 0 Epoch 21/50 Iter 0: running validation
---- Eval at Epoch 20: [0.9192923449547387, 0.016340783560422893] ----
Task 0 Epoch 21/50 | Loss 0.0013 | Train Acc 0.9938 | Val Acc 0.9193 | Epoch Time 309.85s (Eval 42.63s, Train 267.22s)
[STATE 2025-12-05 01:38:43] Task 0 Epoch 21/50 complete: 309.85s total (42.63s eval/267.22s train)
[STATE 2025-12-05 01:38:43] Task 0 Epoch 22/50: entering train loop
Task 0 Epoch 22/50 | Loss 0.0012 | Train Acc 0.9937 | Val Acc 0.9193 | Epoch Time 265.95s (Eval 0.00s, Train 265.95s)
[STATE 2025-12-05 01:43:09] Task 0 Epoch 22/50 complete: 265.95s total (0.00s eval/265.95s train)
[STATE 2025-12-05 01:43:09] Task 0 Epoch 23/50: entering train loop
Task 0 Epoch 23/50 | Loss 0.0010 | Train Acc 0.9958 | Val Acc 0.9193 | Epoch Time 266.20s (Eval 0.00s, Train 266.20s)
[STATE 2025-12-05 01:47:35] Task 0 Epoch 23/50 complete: 266.20s total (0.00s eval/266.20s train)
[STATE 2025-12-05 01:47:35] Task 0 Epoch 24/50: entering train loop
Task 0 Epoch 24/50 | Loss 0.0010 | Train Acc 0.9949 | Val Acc 0.9193 | Epoch Time 266.80s (Eval 0.00s, Train 266.80s)
[STATE 2025-12-05 01:52:02] Task 0 Epoch 24/50 complete: 266.80s total (0.00s eval/266.80s train)
[STATE 2025-12-05 01:52:02] Task 0 Epoch 25/50: entering train loop
Task 0 Epoch 25/50 | Loss 0.0010 | Train Acc 0.9950 | Val Acc 0.9193 | Epoch Time 265.65s (Eval 0.00s, Train 265.65s)
[STATE 2025-12-05 01:56:27] Task 0 Epoch 25/50 complete: 265.65s total (0.00s eval/265.65s train)
[STATE 2025-12-05 01:56:27] Task 0 Epoch 26/50: entering train loop
Task 0 Epoch 26/50 | Loss 0.0011 | Train Acc 0.9951 | Val Acc 0.9193 | Epoch Time 266.25s (Eval 0.00s, Train 266.25s)
[STATE 2025-12-05 02:00:54] Task 0 Epoch 26/50 complete: 266.25s total (0.00s eval/266.25s train)
[STATE 2025-12-05 02:00:54] Task 0 Epoch 27/50: entering train loop
Task 0 Epoch 27/50 | Loss 0.0011 | Train Acc 0.9945 | Val Acc 0.9193 | Epoch Time 266.16s (Eval 0.00s, Train 266.16s)
[STATE 2025-12-05 02:05:20] Task 0 Epoch 27/50 complete: 266.16s total (0.00s eval/266.16s train)
[STATE 2025-12-05 02:05:20] Task 0 Epoch 28/50: entering train loop
Task 0 Epoch 28/50 | Loss 0.0009 | Train Acc 0.9956 | Val Acc 0.9193 | Epoch Time 264.47s (Eval 0.00s, Train 264.47s)
[STATE 2025-12-05 02:09:44] Task 0 Epoch 28/50 complete: 264.47s total (0.00s eval/264.47s train)
[STATE 2025-12-05 02:09:44] Task 0 Epoch 29/50: entering train loop
Task 0 Epoch 29/50 | Loss 0.0011 | Train Acc 0.9946 | Val Acc 0.9193 | Epoch Time 266.35s (Eval 0.00s, Train 266.35s)
[STATE 2025-12-05 02:14:11] Task 0 Epoch 29/50 complete: 266.35s total (0.00s eval/266.35s train)
[STATE 2025-12-05 02:14:11] Task 0 Epoch 30/50: entering train loop
Task 0 Epoch 30/50 | Loss 0.0009 | Train Acc 0.9965 | Val Acc 0.9193 | Epoch Time 264.88s (Eval 0.00s, Train 264.88s)
[STATE 2025-12-05 02:18:35] Task 0 Epoch 30/50 complete: 264.88s total (0.00s eval/264.88s train)
[STATE 2025-12-05 02:18:35] Task 0 Epoch 31/50: entering train loop
[STATE 2025-12-05 02:18:35] Task 0 Epoch 31/50 Iter 0: running validation
---- Eval at Epoch 30: [0.9237176277759712, 0.01890979366502844] ----
Task 0 Epoch 31/50 | Loss 0.0008 | Train Acc 0.9966 | Val Acc 0.9237 | Epoch Time 309.20s (Eval 42.59s, Train 266.61s)
[STATE 2025-12-05 02:23:45] Task 0 Epoch 31/50 complete: 309.20s total (42.59s eval/266.61s train)
[STATE 2025-12-05 02:23:45] Task 0 Epoch 32/50: entering train loop
Task 0 Epoch 32/50 | Loss 0.0008 | Train Acc 0.9968 | Val Acc 0.9237 | Epoch Time 265.34s (Eval 0.00s, Train 265.34s)
[STATE 2025-12-05 02:28:10] Task 0 Epoch 32/50 complete: 265.34s total (0.00s eval/265.34s train)
[STATE 2025-12-05 02:28:10] Task 0 Epoch 33/50: entering train loop
Task 0 Epoch 33/50 | Loss 0.0007 | Train Acc 0.9965 | Val Acc 0.9237 | Epoch Time 265.68s (Eval 0.00s, Train 265.68s)
[STATE 2025-12-05 02:32:36] Task 0 Epoch 33/50 complete: 265.68s total (0.00s eval/265.68s train)
[STATE 2025-12-05 02:32:36] Task 0 Epoch 34/50: entering train loop
Task 0 Epoch 34/50 | Loss 0.0006 | Train Acc 0.9968 | Val Acc 0.9237 | Epoch Time 267.36s (Eval 0.00s, Train 267.36s)
[STATE 2025-12-05 02:37:03] Task 0 Epoch 34/50 complete: 267.36s total (0.00s eval/267.36s train)
[STATE 2025-12-05 02:37:03] Task 0 Epoch 35/50: entering train loop
Task 0 Epoch 35/50 | Loss 0.0007 | Train Acc 0.9970 | Val Acc 0.9237 | Epoch Time 264.74s (Eval 0.00s, Train 264.74s)
[STATE 2025-12-05 02:41:28] Task 0 Epoch 35/50 complete: 264.74s total (0.00s eval/264.74s train)
[STATE 2025-12-05 02:41:28] Task 0 Epoch 36/50: entering train loop
Task 0 Epoch 36/50 | Loss 0.0005 | Train Acc 0.9984 | Val Acc 0.9237 | Epoch Time 266.17s (Eval 0.00s, Train 266.17s)
[STATE 2025-12-05 02:45:54] Task 0 Epoch 36/50 complete: 266.17s total (0.00s eval/266.17s train)
[STATE 2025-12-05 02:45:54] Task 0 Epoch 37/50: entering train loop
Task 0 Epoch 37/50 | Loss 0.0006 | Train Acc 0.9980 | Val Acc 0.9237 | Epoch Time 266.15s (Eval 0.00s, Train 266.15s)
[STATE 2025-12-05 02:50:20] Task 0 Epoch 37/50 complete: 266.15s total (0.00s eval/266.15s train)
[STATE 2025-12-05 02:50:20] Task 0 Epoch 38/50: entering train loop
Task 0 Epoch 38/50 | Loss 0.0007 | Train Acc 0.9974 | Val Acc 0.9237 | Epoch Time 266.51s (Eval 0.00s, Train 266.51s)
[STATE 2025-12-05 02:54:47] Task 0 Epoch 38/50 complete: 266.51s total (0.00s eval/266.51s train)
[STATE 2025-12-05 02:54:47] Task 0 Epoch 39/50: entering train loop
Task 0 Epoch 39/50 | Loss 0.0006 | Train Acc 0.9978 | Val Acc 0.9237 | Epoch Time 266.20s (Eval 0.00s, Train 266.20s)
[STATE 2025-12-05 02:59:13] Task 0 Epoch 39/50 complete: 266.20s total (0.00s eval/266.20s train)
[STATE 2025-12-05 02:59:13] Task 0 Epoch 40/50: entering train loop
Task 0 Epoch 40/50 | Loss 0.0006 | Train Acc 0.9980 | Val Acc 0.9237 | Epoch Time 266.81s (Eval 0.00s, Train 266.81s)
[STATE 2025-12-05 03:03:40] Task 0 Epoch 40/50 complete: 266.81s total (0.00s eval/266.81s train)
[STATE 2025-12-05 03:03:40] Task 0 Epoch 41/50: entering train loop
[STATE 2025-12-05 03:03:40] Task 0 Epoch 41/50 Iter 0: running validation
---- Eval at Epoch 40: [0.9238207712519385, 0.019087051441766905] ----
Task 0 Epoch 41/50 | Loss 0.0005 | Train Acc 0.9979 | Val Acc 0.9238 | Epoch Time 309.49s (Eval 42.61s, Train 266.88s)
[STATE 2025-12-05 03:08:49] Task 0 Epoch 41/50 complete: 309.49s total (42.61s eval/266.88s train)
[STATE 2025-12-05 03:08:49] Task 0 Epoch 42/50: entering train loop
Task 0 Epoch 42/50 | Loss 0.0005 | Train Acc 0.9985 | Val Acc 0.9238 | Epoch Time 265.90s (Eval 0.00s, Train 265.90s)
[STATE 2025-12-05 03:13:15] Task 0 Epoch 42/50 complete: 265.90s total (0.00s eval/265.90s train)
[STATE 2025-12-05 03:13:15] Task 0 Epoch 43/50: entering train loop
Task 0 Epoch 43/50 | Loss 0.0004 | Train Acc 0.9985 | Val Acc 0.9238 | Epoch Time 267.60s (Eval 0.00s, Train 267.60s)
[STATE 2025-12-05 03:17:43] Task 0 Epoch 43/50 complete: 267.60s total (0.00s eval/267.60s train)
[STATE 2025-12-05 03:17:43] Task 0 Epoch 44/50: entering train loop
Task 0 Epoch 44/50 | Loss 0.0004 | Train Acc 0.9986 | Val Acc 0.9238 | Epoch Time 266.74s (Eval 0.00s, Train 266.74s)
[STATE 2025-12-05 03:22:09] Task 0 Epoch 44/50 complete: 266.74s total (0.00s eval/266.74s train)
[STATE 2025-12-05 03:22:09] Task 0 Epoch 45/50: entering train loop
Task 0 Epoch 45/50 | Loss 0.0003 | Train Acc 0.9988 | Val Acc 0.9238 | Epoch Time 266.88s (Eval 0.00s, Train 266.88s)
[STATE 2025-12-05 03:26:36] Task 0 Epoch 45/50 complete: 266.88s total (0.00s eval/266.88s train)
[STATE 2025-12-05 03:26:36] Task 0 Epoch 46/50: entering train loop
Task 0 Epoch 46/50 | Loss 0.0004 | Train Acc 0.9988 | Val Acc 0.9238 | Epoch Time 265.75s (Eval 0.00s, Train 265.75s)
[STATE 2025-12-05 03:31:02] Task 0 Epoch 46/50 complete: 265.75s total (0.00s eval/265.75s train)
[STATE 2025-12-05 03:31:02] Task 0 Epoch 47/50: entering train loop
Task 0 Epoch 47/50 | Loss 0.0003 | Train Acc 0.9987 | Val Acc 0.9238 | Epoch Time 266.69s (Eval 0.00s, Train 266.69s)
[STATE 2025-12-05 03:35:29] Task 0 Epoch 47/50 complete: 266.69s total (0.00s eval/266.69s train)
[STATE 2025-12-05 03:35:29] Task 0 Epoch 48/50: entering train loop
Task 0 Epoch 48/50 | Loss 0.0004 | Train Acc 0.9988 | Val Acc 0.9238 | Epoch Time 266.34s (Eval 0.00s, Train 266.34s)
[STATE 2025-12-05 03:39:55] Task 0 Epoch 48/50 complete: 266.34s total (0.00s eval/266.34s train)
[STATE 2025-12-05 03:39:55] Task 0 Epoch 49/50: entering train loop
Task 0 Epoch 49/50 | Loss 0.0003 | Train Acc 0.9986 | Val Acc 0.9238 | Epoch Time 266.40s (Eval 0.00s, Train 266.40s)
[STATE 2025-12-05 03:44:21] Task 0 Epoch 49/50 complete: 266.40s total (0.00s eval/266.40s train)
[STATE 2025-12-05 03:44:21] Task 0 Epoch 50/50: entering train loop
Task 0 Epoch 50/50 | Loss 0.0003 | Train Acc 0.9992 | Val Acc 0.9238 | Epoch Time 266.57s (Eval 0.00s, Train 266.57s)
[STATE 2025-12-05 03:48:48] Task 0 Epoch 50/50 complete: 266.57s total (0.00s eval/266.57s train)
[STATE 2025-12-05 03:48:48] Task 0: running final validation.
[STATE 2025-12-05 03:50:56] Completed task 0 (1/2)
[STATE 2025-12-05 03:50:56] Starting task 1 (2/2)
[STATE 2025-12-05 03:50:56] Task 1 Epoch 1/50: entering train loop
[STATE 2025-12-05 03:50:56] Task 1 Epoch 1/50 Iter 0: running validation
---- Eval at Epoch 0: [0.9231911850664744, 0.01886654174228767] ----
Task 1 Epoch 1/50 | Loss 0.0306 | Train Acc 0.8678 | Val Acc 0.0189 | Epoch Time 570.78s (Eval 42.61s, Train 528.17s)
[STATE 2025-12-05 04:00:27] Task 1 Epoch 1/50 complete: 570.78s total (42.61s eval/528.17s train)
[STATE 2025-12-05 04:00:27] Task 1 Epoch 2/50: entering train loop
Task 1 Epoch 2/50 | Loss 0.0210 | Train Acc 0.8979 | Val Acc 0.0189 | Epoch Time 527.67s (Eval 0.00s, Train 527.67s)
[STATE 2025-12-05 04:09:15] Task 1 Epoch 2/50 complete: 527.67s total (0.00s eval/527.67s train)
[STATE 2025-12-05 04:09:15] Task 1 Epoch 3/50: entering train loop
Task 1 Epoch 3/50 | Loss 0.0184 | Train Acc 0.9087 | Val Acc 0.0189 | Epoch Time 529.44s (Eval 0.00s, Train 529.44s)
[STATE 2025-12-05 04:18:04] Task 1 Epoch 3/50 complete: 529.44s total (0.00s eval/529.44s train)
[STATE 2025-12-05 04:18:04] Task 1 Epoch 4/50: entering train loop
Task 1 Epoch 4/50 | Loss 0.0166 | Train Acc 0.9168 | Val Acc 0.0189 | Epoch Time 531.36s (Eval 0.00s, Train 531.36s)
[STATE 2025-12-05 04:26:55] Task 1 Epoch 4/50 complete: 531.36s total (0.00s eval/531.36s train)
[STATE 2025-12-05 04:26:55] Task 1 Epoch 5/50: entering train loop
Task 1 Epoch 5/50 | Loss 0.0151 | Train Acc 0.9209 | Val Acc 0.0189 | Epoch Time 530.08s (Eval 0.00s, Train 530.08s)
[STATE 2025-12-05 04:35:45] Task 1 Epoch 5/50 complete: 530.08s total (0.00s eval/530.08s train)
[STATE 2025-12-05 04:35:45] Task 1 Epoch 6/50: entering train loop
Task 1 Epoch 6/50 | Loss 0.0138 | Train Acc 0.9290 | Val Acc 0.0189 | Epoch Time 528.64s (Eval 0.00s, Train 528.64s)
[STATE 2025-12-05 04:44:34] Task 1 Epoch 6/50 complete: 528.64s total (0.00s eval/528.64s train)
[STATE 2025-12-05 04:44:34] Task 1 Epoch 7/50: entering train loop
Task 1 Epoch 7/50 | Loss 0.0128 | Train Acc 0.9330 | Val Acc 0.0189 | Epoch Time 526.87s (Eval 0.00s, Train 526.87s)
[STATE 2025-12-05 04:53:21] Task 1 Epoch 7/50 complete: 526.87s total (0.00s eval/526.87s train)
[STATE 2025-12-05 04:53:21] Task 1 Epoch 8/50: entering train loop
Task 1 Epoch 8/50 | Loss 0.0118 | Train Acc 0.9370 | Val Acc 0.0189 | Epoch Time 530.92s (Eval 0.00s, Train 530.92s)
[STATE 2025-12-05 05:02:12] Task 1 Epoch 8/50 complete: 530.92s total (0.00s eval/530.92s train)
[STATE 2025-12-05 05:02:12] Task 1 Epoch 9/50: entering train loop
Task 1 Epoch 9/50 | Loss 0.0107 | Train Acc 0.9410 | Val Acc 0.0189 | Epoch Time 529.32s (Eval 0.00s, Train 529.32s)
[STATE 2025-12-05 05:11:01] Task 1 Epoch 9/50 complete: 529.32s total (0.00s eval/529.32s train)
[STATE 2025-12-05 05:11:01] Task 1 Epoch 10/50: entering train loop
Task 1 Epoch 10/50 | Loss 0.0098 | Train Acc 0.9477 | Val Acc 0.0189 | Epoch Time 530.10s (Eval 0.00s, Train 530.10s)
[STATE 2025-12-05 05:19:51] Task 1 Epoch 10/50 complete: 530.10s total (0.00s eval/530.10s train)
[STATE 2025-12-05 05:19:51] Task 1 Epoch 11/50: entering train loop
[STATE 2025-12-05 05:19:51] Task 1 Epoch 11/50 Iter 0: running validation
---- Eval at Epoch 10: [0.7336244624538348, 0.3731316779596182] ----
Task 1 Epoch 11/50 | Loss 0.0090 | Train Acc 0.9500 | Val Acc 0.3731 | Epoch Time 572.46s (Eval 42.61s, Train 529.85s)
[STATE 2025-12-05 05:29:24] Task 1 Epoch 11/50 complete: 572.46s total (42.61s eval/529.85s train)
[STATE 2025-12-05 05:29:24] Task 1 Epoch 12/50: entering train loop
Task 1 Epoch 12/50 | Loss 0.0085 | Train Acc 0.9543 | Val Acc 0.3731 | Epoch Time 529.55s (Eval 0.00s, Train 529.55s)
[STATE 2025-12-05 05:38:13] Task 1 Epoch 12/50 complete: 529.55s total (0.00s eval/529.55s train)
[STATE 2025-12-05 05:38:13] Task 1 Epoch 13/50: entering train loop
Task 1 Epoch 13/50 | Loss 0.0076 | Train Acc 0.9624 | Val Acc 0.3731 | Epoch Time 530.83s (Eval 0.00s, Train 530.83s)
[STATE 2025-12-05 05:47:04] Task 1 Epoch 13/50 complete: 530.83s total (0.00s eval/530.83s train)
[STATE 2025-12-05 05:47:04] Task 1 Epoch 14/50: entering train loop
Task 1 Epoch 14/50 | Loss 0.0069 | Train Acc 0.9655 | Val Acc 0.3731 | Epoch Time 528.56s (Eval 0.00s, Train 528.56s)
[STATE 2025-12-05 05:55:53] Task 1 Epoch 14/50 complete: 528.56s total (0.00s eval/528.56s train)
[STATE 2025-12-05 05:55:53] Task 1 Epoch 15/50: entering train loop
Task 1 Epoch 15/50 | Loss 0.0064 | Train Acc 0.9703 | Val Acc 0.3731 | Epoch Time 530.15s (Eval 0.00s, Train 530.15s)
[STATE 2025-12-05 06:04:43] Task 1 Epoch 15/50 complete: 530.15s total (0.00s eval/530.15s train)
[STATE 2025-12-05 06:04:43] Task 1 Epoch 16/50: entering train loop
Task 1 Epoch 16/50 | Loss 0.0062 | Train Acc 0.9699 | Val Acc 0.3731 | Epoch Time 531.03s (Eval 0.00s, Train 531.03s)
[STATE 2025-12-05 06:13:34] Task 1 Epoch 16/50 complete: 531.03s total (0.00s eval/531.03s train)
[STATE 2025-12-05 06:13:34] Task 1 Epoch 17/50: entering train loop
Task 1 Epoch 17/50 | Loss 0.0055 | Train Acc 0.9721 | Val Acc 0.3731 | Epoch Time 531.34s (Eval 0.00s, Train 531.34s)
[STATE 2025-12-05 06:22:25] Task 1 Epoch 17/50 complete: 531.34s total (0.00s eval/531.34s train)
[STATE 2025-12-05 06:22:25] Task 1 Epoch 18/50: entering train loop
Task 1 Epoch 18/50 | Loss 0.0052 | Train Acc 0.9738 | Val Acc 0.3731 | Epoch Time 530.60s (Eval 0.00s, Train 530.60s)
[STATE 2025-12-05 06:31:16] Task 1 Epoch 18/50 complete: 530.60s total (0.00s eval/530.60s train)
[STATE 2025-12-05 06:31:16] Task 1 Epoch 19/50: entering train loop
Task 1 Epoch 19/50 | Loss 0.0049 | Train Acc 0.9747 | Val Acc 0.3731 | Epoch Time 530.16s (Eval 0.00s, Train 530.16s)
[STATE 2025-12-05 06:40:06] Task 1 Epoch 19/50 complete: 530.16s total (0.00s eval/530.16s train)
[STATE 2025-12-05 06:40:06] Task 1 Epoch 20/50: entering train loop
Task 1 Epoch 20/50 | Loss 0.0045 | Train Acc 0.9770 | Val Acc 0.3731 | Epoch Time 530.95s (Eval 0.00s, Train 530.95s)
[STATE 2025-12-05 06:48:57] Task 1 Epoch 20/50 complete: 530.95s total (0.00s eval/530.95s train)
[STATE 2025-12-05 06:48:57] Task 1 Epoch 21/50: entering train loop
[STATE 2025-12-05 06:48:57] Task 1 Epoch 21/50 Iter 0: running validation
---- Eval at Epoch 20: [0.6912946798178786, 0.3831925450119606] ----
Task 1 Epoch 21/50 | Loss 0.0039 | Train Acc 0.9806 | Val Acc 0.3832 | Epoch Time 573.06s (Eval 42.62s, Train 530.44s)
[STATE 2025-12-05 06:58:30] Task 1 Epoch 21/50 complete: 573.06s total (42.62s eval/530.44s train)
[STATE 2025-12-05 06:58:30] Task 1 Epoch 22/50: entering train loop
Task 1 Epoch 22/50 | Loss 0.0039 | Train Acc 0.9799 | Val Acc 0.3832 | Epoch Time 530.53s (Eval 0.00s, Train 530.53s)
[STATE 2025-12-05 07:07:20] Task 1 Epoch 22/50 complete: 530.53s total (0.00s eval/530.53s train)
[STATE 2025-12-05 07:07:20] Task 1 Epoch 23/50: entering train loop
Task 1 Epoch 23/50 | Loss 0.0037 | Train Acc 0.9823 | Val Acc 0.3832 | Epoch Time 529.88s (Eval 0.00s, Train 529.88s)
[STATE 2025-12-05 07:16:10] Task 1 Epoch 23/50 complete: 529.88s total (0.00s eval/529.88s train)
[STATE 2025-12-05 07:16:10] Task 1 Epoch 24/50: entering train loop
Task 1 Epoch 24/50 | Loss 0.0033 | Train Acc 0.9836 | Val Acc 0.3832 | Epoch Time 530.39s (Eval 0.00s, Train 530.39s)
[STATE 2025-12-05 07:25:01] Task 1 Epoch 24/50 complete: 530.39s total (0.00s eval/530.39s train)
[STATE 2025-12-05 07:25:01] Task 1 Epoch 25/50: entering train loop
Task 1 Epoch 25/50 | Loss 0.0031 | Train Acc 0.9844 | Val Acc 0.3832 | Epoch Time 532.03s (Eval 0.00s, Train 532.03s)
[STATE 2025-12-05 07:33:53] Task 1 Epoch 25/50 complete: 532.03s total (0.00s eval/532.03s train)
[STATE 2025-12-05 07:33:53] Task 1 Epoch 26/50: entering train loop
Task 1 Epoch 26/50 | Loss 0.0029 | Train Acc 0.9851 | Val Acc 0.3832 | Epoch Time 528.81s (Eval 0.00s, Train 528.81s)
[STATE 2025-12-05 07:42:42] Task 1 Epoch 26/50 complete: 528.81s total (0.00s eval/528.81s train)
[STATE 2025-12-05 07:42:42] Task 1 Epoch 27/50: entering train loop
Task 1 Epoch 27/50 | Loss 0.0028 | Train Acc 0.9869 | Val Acc 0.3832 | Epoch Time 530.59s (Eval 0.00s, Train 530.59s)
[STATE 2025-12-05 07:51:32] Task 1 Epoch 27/50 complete: 530.59s total (0.00s eval/530.59s train)
[STATE 2025-12-05 07:51:32] Task 1 Epoch 28/50: entering train loop
Task 1 Epoch 28/50 | Loss 0.0026 | Train Acc 0.9879 | Val Acc 0.3832 | Epoch Time 529.53s (Eval 0.00s, Train 529.53s)
[STATE 2025-12-05 08:00:22] Task 1 Epoch 28/50 complete: 529.53s total (0.00s eval/529.53s train)
[STATE 2025-12-05 08:00:22] Task 1 Epoch 29/50: entering train loop
Task 1 Epoch 29/50 | Loss 0.0022 | Train Acc 0.9885 | Val Acc 0.3832 | Epoch Time 530.18s (Eval 0.00s, Train 530.18s)
[STATE 2025-12-05 08:09:12] Task 1 Epoch 29/50 complete: 530.18s total (0.00s eval/530.18s train)
[STATE 2025-12-05 08:09:12] Task 1 Epoch 30/50: entering train loop
Task 1 Epoch 30/50 | Loss 0.0023 | Train Acc 0.9888 | Val Acc 0.3832 | Epoch Time 528.48s (Eval 0.00s, Train 528.48s)
[STATE 2025-12-05 08:18:00] Task 1 Epoch 30/50 complete: 528.48s total (0.00s eval/528.48s train)
[STATE 2025-12-05 08:18:00] Task 1 Epoch 31/50: entering train loop
[STATE 2025-12-05 08:18:00] Task 1 Epoch 31/50 Iter 0: running validation
---- Eval at Epoch 30: [0.6450508195100253, 0.42255397741194883] ----
Task 1 Epoch 31/50 | Loss 0.0021 | Train Acc 0.9886 | Val Acc 0.4226 | Epoch Time 569.87s (Eval 42.69s, Train 527.17s)
[STATE 2025-12-05 08:27:30] Task 1 Epoch 31/50 complete: 569.87s total (42.69s eval/527.17s train)
[STATE 2025-12-05 08:27:30] Task 1 Epoch 32/50: entering train loop
Task 1 Epoch 32/50 | Loss 0.0019 | Train Acc 0.9895 | Val Acc 0.4226 | Epoch Time 531.82s (Eval 0.00s, Train 531.82s)
[STATE 2025-12-05 08:36:22] Task 1 Epoch 32/50 complete: 531.82s total (0.00s eval/531.82s train)
[STATE 2025-12-05 08:36:22] Task 1 Epoch 33/50: entering train loop
Task 1 Epoch 33/50 | Loss 0.0019 | Train Acc 0.9901 | Val Acc 0.4226 | Epoch Time 531.28s (Eval 0.00s, Train 531.28s)
[STATE 2025-12-05 08:45:13] Task 1 Epoch 33/50 complete: 531.28s total (0.00s eval/531.28s train)
[STATE 2025-12-05 08:45:13] Task 1 Epoch 34/50: entering train loop
Task 1 Epoch 34/50 | Loss 0.0017 | Train Acc 0.9906 | Val Acc 0.4226 | Epoch Time 530.88s (Eval 0.00s, Train 530.88s)
[STATE 2025-12-05 08:54:04] Task 1 Epoch 34/50 complete: 530.88s total (0.00s eval/530.88s train)
[STATE 2025-12-05 08:54:04] Task 1 Epoch 35/50: entering train loop
Task 1 Epoch 35/50 | Loss 0.0016 | Train Acc 0.9917 | Val Acc 0.4226 | Epoch Time 529.38s (Eval 0.00s, Train 529.38s)
[STATE 2025-12-05 09:02:54] Task 1 Epoch 35/50 complete: 529.38s total (0.00s eval/529.38s train)
[STATE 2025-12-05 09:02:54] Task 1 Epoch 36/50: entering train loop
Task 1 Epoch 36/50 | Loss 0.0014 | Train Acc 0.9931 | Val Acc 0.4226 | Epoch Time 528.85s (Eval 0.00s, Train 528.85s)
[STATE 2025-12-05 09:11:42] Task 1 Epoch 36/50 complete: 528.85s total (0.00s eval/528.85s train)
[STATE 2025-12-05 09:11:42] Task 1 Epoch 37/50: entering train loop
Task 1 Epoch 37/50 | Loss 0.0014 | Train Acc 0.9933 | Val Acc 0.4226 | Epoch Time 531.00s (Eval 0.00s, Train 531.00s)
[STATE 2025-12-05 09:20:33] Task 1 Epoch 37/50 complete: 531.00s total (0.00s eval/531.00s train)
[STATE 2025-12-05 09:20:33] Task 1 Epoch 38/50: entering train loop
Task 1 Epoch 38/50 | Loss 0.0015 | Train Acc 0.9930 | Val Acc 0.4226 | Epoch Time 530.50s (Eval 0.00s, Train 530.50s)
[STATE 2025-12-05 09:29:24] Task 1 Epoch 38/50 complete: 530.50s total (0.00s eval/530.50s train)
[STATE 2025-12-05 09:29:24] Task 1 Epoch 39/50: entering train loop
Task 1 Epoch 39/50 | Loss 0.0013 | Train Acc 0.9933 | Val Acc 0.4226 | Epoch Time 531.22s (Eval 0.00s, Train 531.22s)
[STATE 2025-12-05 09:38:15] Task 1 Epoch 39/50 complete: 531.22s total (0.00s eval/531.22s train)
[STATE 2025-12-05 09:38:15] Task 1 Epoch 40/50: entering train loop
Task 1 Epoch 40/50 | Loss 0.0010 | Train Acc 0.9950 | Val Acc 0.4226 | Epoch Time 531.47s (Eval 0.00s, Train 531.47s)
[STATE 2025-12-05 09:47:07] Task 1 Epoch 40/50 complete: 531.47s total (0.00s eval/531.47s train)
[STATE 2025-12-05 09:47:07] Task 1 Epoch 41/50: entering train loop
[STATE 2025-12-05 09:47:07] Task 1 Epoch 41/50 Iter 0: running validation
---- Eval at Epoch 40: [0.6409436292414948, 0.47793698531245216] ----
Task 1 Epoch 41/50 | Loss 0.0012 | Train Acc 0.9946 | Val Acc 0.4779 | Epoch Time 573.13s (Eval 42.68s, Train 530.45s)
[STATE 2025-12-05 09:56:40] Task 1 Epoch 41/50 complete: 573.13s total (42.68s eval/530.45s train)
[STATE 2025-12-05 09:56:40] Task 1 Epoch 42/50: entering train loop
Task 1 Epoch 42/50 | Loss 0.0011 | Train Acc 0.9949 | Val Acc 0.4779 | Epoch Time 531.00s (Eval 0.00s, Train 531.00s)
[STATE 2025-12-05 10:05:31] Task 1 Epoch 42/50 complete: 531.00s total (0.00s eval/531.00s train)
[STATE 2025-12-05 10:05:31] Task 1 Epoch 43/50: entering train loop
Task 1 Epoch 43/50 | Loss 0.0008 | Train Acc 0.9965 | Val Acc 0.4779 | Epoch Time 530.05s (Eval 0.00s, Train 530.05s)
[STATE 2025-12-05 10:14:21] Task 1 Epoch 43/50 complete: 530.05s total (0.00s eval/530.05s train)
[STATE 2025-12-05 10:14:21] Task 1 Epoch 44/50: entering train loop
Task 1 Epoch 44/50 | Loss 0.0010 | Train Acc 0.9956 | Val Acc 0.4779 | Epoch Time 530.95s (Eval 0.00s, Train 530.95s)
[STATE 2025-12-05 10:23:12] Task 1 Epoch 44/50 complete: 530.95s total (0.00s eval/530.95s train)
[STATE 2025-12-05 10:23:12] Task 1 Epoch 45/50: entering train loop
Task 1 Epoch 45/50 | Loss 0.0009 | Train Acc 0.9956 | Val Acc 0.4779 | Epoch Time 530.27s (Eval 0.00s, Train 530.27s)
[STATE 2025-12-05 10:32:02] Task 1 Epoch 45/50 complete: 530.27s total (0.00s eval/530.27s train)
[STATE 2025-12-05 10:32:02] Task 1 Epoch 46/50: entering train loop
Task 1 Epoch 46/50 | Loss 0.0008 | Train Acc 0.9971 | Val Acc 0.4779 | Epoch Time 530.33s (Eval 0.00s, Train 530.33s)
[STATE 2025-12-05 10:40:52] Task 1 Epoch 46/50 complete: 530.33s total (0.00s eval/530.33s train)
[STATE 2025-12-05 10:40:52] Task 1 Epoch 47/50: entering train loop
Task 1 Epoch 47/50 | Loss 0.0007 | Train Acc 0.9969 | Val Acc 0.4779 | Epoch Time 529.14s (Eval 0.00s, Train 529.14s)
[STATE 2025-12-05 10:49:42] Task 1 Epoch 47/50 complete: 529.14s total (0.00s eval/529.14s train)
[STATE 2025-12-05 10:49:42] Task 1 Epoch 48/50: entering train loop
Task 1 Epoch 48/50 | Loss 0.0007 | Train Acc 0.9971 | Val Acc 0.4779 | Epoch Time 529.55s (Eval 0.00s, Train 529.55s)
[STATE 2025-12-05 10:58:31] Task 1 Epoch 48/50 complete: 529.55s total (0.00s eval/529.55s train)
[STATE 2025-12-05 10:58:31] Task 1 Epoch 49/50: entering train loop
Task 1 Epoch 49/50 | Loss 0.0008 | Train Acc 0.9957 | Val Acc 0.4779 | Epoch Time 530.67s (Eval 0.00s, Train 530.67s)
[STATE 2025-12-05 11:07:22] Task 1 Epoch 49/50 complete: 530.67s total (0.00s eval/530.67s train)
[STATE 2025-12-05 11:07:22] Task 1 Epoch 50/50: entering train loop
Task 1 Epoch 50/50 | Loss 0.0008 | Train Acc 0.9963 | Val Acc 0.4779 | Epoch Time 530.07s (Eval 0.00s, Train 530.07s)
[STATE 2025-12-05 11:16:12] Task 1 Epoch 50/50 complete: 530.07s total (0.00s eval/530.07s train)
[STATE 2025-12-05 11:16:12] Task 1: running final validation.
[STATE 2025-12-05 11:18:20] Completed task 1 (2/2)
####Final Validation Accuracy####
Final Results:- 
 Total Accuracy: 0.5489309218879661 
 Individual Accuracy: [0.6444035121520535, 0.45345833162387883]
####Final Test Accuracy####
Final Results:- 
 Total Accuracy: 0.5489309218879661 
 Individual Accuracy: [0.6444035121520535, 0.45345833162387883]
[STATE 2025-12-05 11:18:20] Saving results to logs//eralg4/all_eralg4-2025-12-05_00-03-29-4476/0/results
logs//eralg4/all_eralg4-2025-12-05_00-03-29-4476/0/results: {'expt_name': 'all_eralg4', 'model': 'eralg4', 'arch': 'resnet1d', 'n_hiddens': 100, 'n_layers': 2, 'xav_init': False, 'glances': 1, 'n_epochs': 50, 'batch_size': 128, 'replay_batch_size': 64.0, 'memories': 200, 'lr': 0.03, 'cuda': True, 'seed': 0, 'log_every': 3125, 'log_dir': 'logs//eralg4/all_eralg4-2025-12-05_00-03-29-4476/0', 'tf_dir': 'logs//eralg4/all_eralg4-2025-12-05_00-03-29-4476/0/tfdir', 'calc_test_accuracy': True, 'state_logging': True, 'data_path': 'data/rff/radar/', 'loader': 'task_incremental_loader', 'samples_per_task': -1, 'shuffle_tasks': False, 'classes_per_it': 4, 'iterations': 5000, 'dataset': 'iq', 'workers': 3, 'validation': 0.3, 'class_order': 'random', 'increment': 5, 'test_batch_size': 100000, 'nc_per_task': 5, 'val_rate': 10, 'opt_lr': 0.1, 'opt_wt': 0.1, 'alpha_init': 0.001, 'learn_lr': False, 'sync_update': False, 'grad_clip_norm': 2.0, 'cifar_batches': 3, 'use_old_task_memory': False, 'second_order': False, 'n_memories': 0, 'memory_strength': 0, 'steps_per_sample': 1, 'gamma': 1.0, 'beta': 1.0, 's': 1, 'batches_per_example': 1, 'bgd_optimizer': 'bgd', 'optimizer_params': '{}', 'train_mc_iters': 5, 'std_init': 0.05, 'mean_eta': 1, 'fisher_gamma': 0.95, 'rln': 7, 'update_steps': 10, 'meta_lr': 0.001, 'update_lr': 0.1, 'ctn_lr': 0.01, 'ctn_beta': 0.05, 'ctn_n_meta': 2, 'ctn_inner_steps': 2, 'ctn_temperature': 5, 'ctn_n_memories': 50, 'ctn_alpha_init': 0.1, 'ctn_memory_strength': 0.5, 'ctn_task_emb': 64, 'bcl_n_memories': 2000, 'bcl_memory_strength': 1.0, 'bcl_temperature': 2.0, 'bcl_inner_steps': 5, 'bcl_n_meta': 5, 'bcl_adapt_lr': 0.1} # val: 0.688 0.549 -0.139 -0.002 # test: 0.688 0.549 -0.139 0.000 # 40490.79062581062
[STATE 2025-12-05 11:18:20] Results saved; total runtime 40490.79s
New Experiment Starting...
Running model:  eralg4
[STATE 2025-12-05 11:18:23] Experiment 'all_la-eralg4' starting with model 'eralg4' (seed 0)
Set seed 0
Loaded task0.npz: Unique train labels: [0 1 2 3 4 5]
Loaded task0.npz: Remapped labels: [0 1 2 3 4 5]
Loaded task1.npz: Unique train labels: [ 0  6  7  8  9 10]
Loaded task1.npz: Remapped labels: [ 6  7  8  9 10 11]
[STATE 2025-12-05 11:18:27] Loader 'task_incremental_loader' ready: 1024 inputs, 12 outputs, 2 tasks
n_outputs: 12 	n_tasks: 2
[STATE 2025-12-05 11:18:27] Logging to logs//eralg4/all_la-eralg4-2025-12-05_11-18-27-9395/0
True
Model device: cuda:0
[STATE 2025-12-05 11:18:28] Model initialized on device cuda:0
[STATE 2025-12-05 11:18:28] Invoking continual life experience flow
[STATE 2025-12-05 11:18:28] Life experience start: 2 tasks queued
[STATE 2025-12-05 11:18:28] Starting task 0 (1/2)
[STATE 2025-12-05 11:18:28] Task 0 Epoch 1/50: entering train loop
[STATE 2025-12-05 11:18:28] Task 0 Epoch 1/50 Iter 0: running validation
---- Eval at Epoch 0: [0.1729599952005104, 0.02205733843349419] ----
Task 0 Epoch 1/50 | Loss 0.0488 | Train Acc 0.8753 | Val Acc 0.1730 | Epoch Time 1180.60s (Eval 42.83s, Train 1137.77s)
[STATE 2025-12-05 11:38:08] Task 0 Epoch 1/50 complete: 1180.60s total (42.83s eval/1137.77s train)
[STATE 2025-12-05 11:38:08] Task 0 Epoch 2/50: entering train loop
Task 0 Epoch 2/50 | Loss 0.0228 | Train Acc 0.9262 | Val Acc 0.1730 | Epoch Time 1136.18s (Eval 0.00s, Train 1136.18s)
[STATE 2025-12-05 11:57:04] Task 0 Epoch 2/50 complete: 1136.18s total (0.00s eval/1136.18s train)
[STATE 2025-12-05 11:57:04] Task 0 Epoch 3/50: entering train loop
Task 0 Epoch 3/50 | Loss 0.0191 | Train Acc 0.9324 | Val Acc 0.1730 | Epoch Time 1140.02s (Eval 0.00s, Train 1140.02s)
[STATE 2025-12-05 12:16:04] Task 0 Epoch 3/50 complete: 1140.02s total (0.00s eval/1140.02s train)
[STATE 2025-12-05 12:16:04] Task 0 Epoch 4/50: entering train loop
Task 0 Epoch 4/50 | Loss 0.0174 | Train Acc 0.9503 | Val Acc 0.1730 | Epoch Time 1134.24s (Eval 0.00s, Train 1134.24s)
[STATE 2025-12-05 12:34:59] Task 0 Epoch 4/50 complete: 1134.24s total (0.00s eval/1134.24s train)
[STATE 2025-12-05 12:34:59] Task 0 Epoch 5/50: entering train loop
Task 0 Epoch 5/50 | Loss 0.0146 | Train Acc 0.9582 | Val Acc 0.1730 | Epoch Time 1137.48s (Eval 0.00s, Train 1137.48s)
[STATE 2025-12-05 12:53:56] Task 0 Epoch 5/50 complete: 1137.48s total (0.00s eval/1137.48s train)
[STATE 2025-12-05 12:53:56] Task 0 Epoch 6/50: entering train loop
Task 0 Epoch 6/50 | Loss 0.0130 | Train Acc 0.9648 | Val Acc 0.1730 | Epoch Time 1126.35s (Eval 0.00s, Train 1126.35s)
[STATE 2025-12-05 13:12:43] Task 0 Epoch 6/50 complete: 1126.35s total (0.00s eval/1126.35s train)
[STATE 2025-12-05 13:12:43] Task 0 Epoch 7/50: entering train loop
Task 0 Epoch 7/50 | Loss 0.0120 | Train Acc 0.9706 | Val Acc 0.1730 | Epoch Time 1171.40s (Eval 0.00s, Train 1171.40s)
[STATE 2025-12-05 13:32:14] Task 0 Epoch 7/50 complete: 1171.40s total (0.00s eval/1171.40s train)
[STATE 2025-12-05 13:32:14] Task 0 Epoch 8/50: entering train loop
Task 0 Epoch 8/50 | Loss 0.0102 | Train Acc 0.9733 | Val Acc 0.1730 | Epoch Time 1180.70s (Eval 0.00s, Train 1180.70s)
[STATE 2025-12-05 13:51:55] Task 0 Epoch 8/50 complete: 1180.70s total (0.00s eval/1180.70s train)
[STATE 2025-12-05 13:51:55] Task 0 Epoch 9/50: entering train loop
Task 0 Epoch 9/50 | Loss 0.0088 | Train Acc 0.9771 | Val Acc 0.1730 | Epoch Time 1059.36s (Eval 0.00s, Train 1059.36s)
[STATE 2025-12-05 14:09:34] Task 0 Epoch 9/50 complete: 1059.36s total (0.00s eval/1059.36s train)
[STATE 2025-12-05 14:09:34] Task 0 Epoch 10/50: entering train loop
Task 0 Epoch 10/50 | Loss 0.0076 | Train Acc 0.9818 | Val Acc 0.1730 | Epoch Time 1059.23s (Eval 0.00s, Train 1059.23s)
[STATE 2025-12-05 14:27:13] Task 0 Epoch 10/50 complete: 1059.23s total (0.00s eval/1059.23s train)
[STATE 2025-12-05 14:27:13] Task 0 Epoch 11/50: entering train loop
[STATE 2025-12-05 14:27:13] Task 0 Epoch 11/50 Iter 0: running validation
---- Eval at Epoch 10: [0.922171081340584, 0.024909014593073722] ----
Task 0 Epoch 11/50 | Loss 0.0064 | Train Acc 0.9831 | Val Acc 0.9222 | Epoch Time 1102.20s (Eval 42.74s, Train 1059.46s)
[STATE 2025-12-05 14:45:35] Task 0 Epoch 11/50 complete: 1102.20s total (42.74s eval/1059.46s train)
[STATE 2025-12-05 14:45:35] Task 0 Epoch 12/50: entering train loop
Task 0 Epoch 12/50 | Loss 0.0056 | Train Acc 0.9823 | Val Acc 0.9222 | Epoch Time 1060.73s (Eval 0.00s, Train 1060.73s)
[STATE 2025-12-05 15:03:16] Task 0 Epoch 12/50 complete: 1060.73s total (0.00s eval/1060.73s train)
[STATE 2025-12-05 15:03:16] Task 0 Epoch 13/50: entering train loop
Task 0 Epoch 13/50 | Loss 0.0056 | Train Acc 0.9823 | Val Acc 0.9222 | Epoch Time 1062.28s (Eval 0.00s, Train 1062.28s)
[STATE 2025-12-05 15:20:58] Task 0 Epoch 13/50 complete: 1062.28s total (0.00s eval/1062.28s train)
[STATE 2025-12-05 15:20:58] Task 0 Epoch 14/50: entering train loop
Task 0 Epoch 14/50 | Loss 0.0042 | Train Acc 0.9886 | Val Acc 0.9222 | Epoch Time 1075.74s (Eval 0.00s, Train 1075.74s)
[STATE 2025-12-05 15:38:54] Task 0 Epoch 14/50 complete: 1075.74s total (0.00s eval/1075.74s train)
[STATE 2025-12-05 15:38:54] Task 0 Epoch 15/50: entering train loop
Task 0 Epoch 15/50 | Loss 0.0038 | Train Acc 0.9875 | Val Acc 0.9222 | Epoch Time 1060.55s (Eval 0.00s, Train 1060.55s)
[STATE 2025-12-05 15:56:35] Task 0 Epoch 15/50 complete: 1060.55s total (0.00s eval/1060.55s train)
[STATE 2025-12-05 15:56:35] Task 0 Epoch 16/50: entering train loop
Task 0 Epoch 16/50 | Loss 0.0028 | Train Acc 0.9915 | Val Acc 0.9222 | Epoch Time 1059.58s (Eval 0.00s, Train 1059.58s)
[STATE 2025-12-05 16:14:14] Task 0 Epoch 16/50 complete: 1059.58s total (0.00s eval/1059.58s train)
[STATE 2025-12-05 16:14:14] Task 0 Epoch 17/50: entering train loop
Task 0 Epoch 17/50 | Loss 0.0031 | Train Acc 0.9889 | Val Acc 0.9222 | Epoch Time 1064.41s (Eval 0.00s, Train 1064.41s)
[STATE 2025-12-05 16:31:59] Task 0 Epoch 17/50 complete: 1064.41s total (0.00s eval/1064.41s train)
[STATE 2025-12-05 16:31:59] Task 0 Epoch 18/50: entering train loop
Task 0 Epoch 18/50 | Loss 0.0025 | Train Acc 0.9894 | Val Acc 0.9222 | Epoch Time 1064.93s (Eval 0.00s, Train 1064.93s)
[STATE 2025-12-05 16:49:44] Task 0 Epoch 18/50 complete: 1064.93s total (0.00s eval/1064.93s train)
[STATE 2025-12-05 16:49:44] Task 0 Epoch 19/50: entering train loop
Task 0 Epoch 19/50 | Loss 0.0022 | Train Acc 0.9922 | Val Acc 0.9222 | Epoch Time 1067.91s (Eval 0.00s, Train 1067.91s)
[STATE 2025-12-05 17:07:32] Task 0 Epoch 19/50 complete: 1067.91s total (0.00s eval/1067.91s train)
[STATE 2025-12-05 17:07:32] Task 0 Epoch 20/50: entering train loop
Task 0 Epoch 20/50 | Loss 0.0026 | Train Acc 0.9913 | Val Acc 0.9222 | Epoch Time 1074.23s (Eval 0.00s, Train 1074.23s)
[STATE 2025-12-05 17:25:26] Task 0 Epoch 20/50 complete: 1074.23s total (0.00s eval/1074.23s train)
[STATE 2025-12-05 17:25:26] Task 0 Epoch 21/50: entering train loop
[STATE 2025-12-05 17:25:26] Task 0 Epoch 21/50 Iter 0: running validation
---- Eval at Epoch 20: [0.926274282980381, 0.026828038553261616] ----
Task 0 Epoch 21/50 | Loss 0.0017 | Train Acc 0.9933 | Val Acc 0.9263 | Epoch Time 1106.71s (Eval 42.87s, Train 1063.84s)
[STATE 2025-12-05 17:43:53] Task 0 Epoch 21/50 complete: 1106.71s total (42.87s eval/1063.84s train)
[STATE 2025-12-05 17:43:53] Task 0 Epoch 22/50: entering train loop
Task 0 Epoch 22/50 | Loss 0.0016 | Train Acc 0.9943 | Val Acc 0.9263 | Epoch Time 1058.94s (Eval 0.00s, Train 1058.94s)
[STATE 2025-12-05 18:01:31] Task 0 Epoch 22/50 complete: 1058.94s total (0.00s eval/1058.94s train)
[STATE 2025-12-05 18:01:31] Task 0 Epoch 23/50: entering train loop
Task 0 Epoch 23/50 | Loss 0.0014 | Train Acc 0.9944 | Val Acc 0.9263 | Epoch Time 1060.57s (Eval 0.00s, Train 1060.57s)
[STATE 2025-12-05 18:19:12] Task 0 Epoch 23/50 complete: 1060.57s total (0.00s eval/1060.57s train)
[STATE 2025-12-05 18:19:12] Task 0 Epoch 24/50: entering train loop
Task 0 Epoch 24/50 | Loss 0.0014 | Train Acc 0.9948 | Val Acc 0.9263 | Epoch Time 1058.83s (Eval 0.00s, Train 1058.83s)
[STATE 2025-12-05 18:36:51] Task 0 Epoch 24/50 complete: 1058.83s total (0.00s eval/1058.83s train)
[STATE 2025-12-05 18:36:51] Task 0 Epoch 25/50: entering train loop
Task 0 Epoch 25/50 | Loss 0.0013 | Train Acc 0.9955 | Val Acc 0.9263 | Epoch Time 1059.44s (Eval 0.00s, Train 1059.44s)
[STATE 2025-12-05 18:54:30] Task 0 Epoch 25/50 complete: 1059.44s total (0.00s eval/1059.44s train)
[STATE 2025-12-05 18:54:30] Task 0 Epoch 26/50: entering train loop
Task 0 Epoch 26/50 | Loss 0.0014 | Train Acc 0.9957 | Val Acc 0.9263 | Epoch Time 1079.62s (Eval 0.00s, Train 1079.62s)
[STATE 2025-12-05 19:12:30] Task 0 Epoch 26/50 complete: 1079.62s total (0.00s eval/1079.62s train)
[STATE 2025-12-05 19:12:30] Task 0 Epoch 27/50: entering train loop
Task 0 Epoch 27/50 | Loss 0.0010 | Train Acc 0.9950 | Val Acc 0.9263 | Epoch Time 1692.81s (Eval 0.00s, Train 1692.81s)
[STATE 2025-12-05 19:40:43] Task 0 Epoch 27/50 complete: 1692.81s total (0.00s eval/1692.81s train)
[STATE 2025-12-05 19:40:43] Task 0 Epoch 28/50: entering train loop
Task 0 Epoch 28/50 | Loss 0.0010 | Train Acc 0.9960 | Val Acc 0.9263 | Epoch Time 1139.65s (Eval 0.00s, Train 1139.65s)
[STATE 2025-12-05 19:59:42] Task 0 Epoch 28/50 complete: 1139.65s total (0.00s eval/1139.65s train)
[STATE 2025-12-05 19:59:42] Task 0 Epoch 29/50: entering train loop
Task 0 Epoch 29/50 | Loss 0.0008 | Train Acc 0.9960 | Val Acc 0.9263 | Epoch Time 1140.37s (Eval 0.00s, Train 1140.37s)
[STATE 2025-12-05 20:18:43] Task 0 Epoch 29/50 complete: 1140.37s total (0.00s eval/1140.37s train)
[STATE 2025-12-05 20:18:43] Task 0 Epoch 30/50: entering train loop
Task 0 Epoch 30/50 | Loss 0.0007 | Train Acc 0.9981 | Val Acc 0.9263 | Epoch Time 1142.33s (Eval 0.00s, Train 1142.33s)
[STATE 2025-12-05 20:37:45] Task 0 Epoch 30/50 complete: 1142.33s total (0.00s eval/1142.33s train)
[STATE 2025-12-05 20:37:45] Task 0 Epoch 31/50: entering train loop
[STATE 2025-12-05 20:37:45] Task 0 Epoch 31/50 Iter 0: running validation
---- Eval at Epoch 30: [0.9235667369634645, 0.02339743645618689] ----
Task 0 Epoch 31/50 | Loss 0.0009 | Train Acc 0.9973 | Val Acc 0.9236 | Epoch Time 1180.97s (Eval 42.77s, Train 1138.19s)
[STATE 2025-12-05 20:57:26] Task 0 Epoch 31/50 complete: 1180.97s total (42.77s eval/1138.19s train)
[STATE 2025-12-05 20:57:26] Task 0 Epoch 32/50: entering train loop
Task 0 Epoch 32/50 | Loss 0.0006 | Train Acc 0.9979 | Val Acc 0.9236 | Epoch Time 1135.22s (Eval 0.00s, Train 1135.22s)
[STATE 2025-12-05 21:16:21] Task 0 Epoch 32/50 complete: 1135.22s total (0.00s eval/1135.22s train)
[STATE 2025-12-05 21:16:21] Task 0 Epoch 33/50: entering train loop
Task 0 Epoch 33/50 | Loss 0.0006 | Train Acc 0.9975 | Val Acc 0.9236 | Epoch Time 1136.57s (Eval 0.00s, Train 1136.57s)
[STATE 2025-12-05 21:35:18] Task 0 Epoch 33/50 complete: 1136.57s total (0.00s eval/1136.57s train)
[STATE 2025-12-05 21:35:18] Task 0 Epoch 34/50: entering train loop
Task 0 Epoch 34/50 | Loss 0.0006 | Train Acc 0.9978 | Val Acc 0.9236 | Epoch Time 1140.80s (Eval 0.00s, Train 1140.80s)
[STATE 2025-12-05 21:54:19] Task 0 Epoch 34/50 complete: 1140.80s total (0.00s eval/1140.80s train)
[STATE 2025-12-05 21:54:19] Task 0 Epoch 35/50: entering train loop
Task 0 Epoch 35/50 | Loss 0.0005 | Train Acc 0.9979 | Val Acc 0.9236 | Epoch Time 1137.34s (Eval 0.00s, Train 1137.34s)
[STATE 2025-12-05 22:13:16] Task 0 Epoch 35/50 complete: 1137.34s total (0.00s eval/1137.34s train)
[STATE 2025-12-05 22:13:16] Task 0 Epoch 36/50: entering train loop
Task 0 Epoch 36/50 | Loss 0.0005 | Train Acc 0.9982 | Val Acc 0.9236 | Epoch Time 1133.23s (Eval 0.00s, Train 1133.23s)
[STATE 2025-12-05 22:32:09] Task 0 Epoch 36/50 complete: 1133.23s total (0.00s eval/1133.23s train)
[STATE 2025-12-05 22:32:09] Task 0 Epoch 37/50: entering train loop
Task 0 Epoch 37/50 | Loss 0.0005 | Train Acc 0.9981 | Val Acc 0.9236 | Epoch Time 1137.39s (Eval 0.00s, Train 1137.39s)
[STATE 2025-12-05 22:51:07] Task 0 Epoch 37/50 complete: 1137.39s total (0.00s eval/1137.39s train)
[STATE 2025-12-05 22:51:07] Task 0 Epoch 38/50: entering train loop
Task 0 Epoch 38/50 | Loss 0.0003 | Train Acc 0.9987 | Val Acc 0.9236 | Epoch Time 1133.38s (Eval 0.00s, Train 1133.38s)
[STATE 2025-12-05 23:10:00] Task 0 Epoch 38/50 complete: 1133.38s total (0.00s eval/1133.38s train)
[STATE 2025-12-05 23:10:00] Task 0 Epoch 39/50: entering train loop
Task 0 Epoch 39/50 | Loss 0.0003 | Train Acc 0.9988 | Val Acc 0.9236 | Epoch Time 1142.58s (Eval 0.00s, Train 1142.58s)
[STATE 2025-12-05 23:29:03] Task 0 Epoch 39/50 complete: 1142.58s total (0.00s eval/1142.58s train)
[STATE 2025-12-05 23:29:03] Task 0 Epoch 40/50: entering train loop
Task 0 Epoch 40/50 | Loss 0.0003 | Train Acc 0.9988 | Val Acc 0.9236 | Epoch Time 1141.24s (Eval 0.00s, Train 1141.24s)
[STATE 2025-12-05 23:48:04] Task 0 Epoch 40/50 complete: 1141.24s total (0.00s eval/1141.24s train)
[STATE 2025-12-05 23:48:04] Task 0 Epoch 41/50: entering train loop
[STATE 2025-12-05 23:48:04] Task 0 Epoch 41/50 Iter 0: running validation
---- Eval at Epoch 40: [0.9298881991410995, 0.023253788524973507] ----
Task 0 Epoch 41/50 | Loss 0.0003 | Train Acc 0.9984 | Val Acc 0.9299 | Epoch Time 1176.54s (Eval 42.75s, Train 1133.79s)
[STATE 2025-12-06 00:07:40] Task 0 Epoch 41/50 complete: 1176.54s total (42.75s eval/1133.79s train)
[STATE 2025-12-06 00:07:40] Task 0 Epoch 42/50: entering train loop
Task 0 Epoch 42/50 | Loss 0.0004 | Train Acc 0.9988 | Val Acc 0.9299 | Epoch Time 1135.93s (Eval 0.00s, Train 1135.93s)
[STATE 2025-12-06 00:26:36] Task 0 Epoch 42/50 complete: 1135.93s total (0.00s eval/1135.93s train)
[STATE 2025-12-06 00:26:36] Task 0 Epoch 43/50: entering train loop
Task 0 Epoch 43/50 | Loss 0.0002 | Train Acc 0.9993 | Val Acc 0.9299 | Epoch Time 1140.74s (Eval 0.00s, Train 1140.74s)
[STATE 2025-12-06 00:45:37] Task 0 Epoch 43/50 complete: 1140.74s total (0.00s eval/1140.74s train)
[STATE 2025-12-06 00:45:37] Task 0 Epoch 44/50: entering train loop
Task 0 Epoch 44/50 | Loss 0.0002 | Train Acc 0.9992 | Val Acc 0.9299 | Epoch Time 1137.06s (Eval 0.00s, Train 1137.06s)
[STATE 2025-12-06 01:04:34] Task 0 Epoch 44/50 complete: 1137.06s total (0.00s eval/1137.06s train)
[STATE 2025-12-06 01:04:34] Task 0 Epoch 45/50: entering train loop
Task 0 Epoch 45/50 | Loss 0.0003 | Train Acc 0.9992 | Val Acc 0.9299 | Epoch Time 1134.54s (Eval 0.00s, Train 1134.54s)
[STATE 2025-12-06 01:23:29] Task 0 Epoch 45/50 complete: 1134.54s total (0.00s eval/1134.54s train)
[STATE 2025-12-06 01:23:29] Task 0 Epoch 46/50: entering train loop
Task 0 Epoch 46/50 | Loss 0.0002 | Train Acc 0.9997 | Val Acc 0.9299 | Epoch Time 1138.85s (Eval 0.00s, Train 1138.85s)
[STATE 2025-12-06 01:42:27] Task 0 Epoch 46/50 complete: 1138.85s total (0.00s eval/1138.85s train)
[STATE 2025-12-06 01:42:27] Task 0 Epoch 47/50: entering train loop
Task 0 Epoch 47/50 | Loss 0.0001 | Train Acc 0.9997 | Val Acc 0.9299 | Epoch Time 1132.87s (Eval 0.00s, Train 1132.87s)
[STATE 2025-12-06 02:01:20] Task 0 Epoch 47/50 complete: 1132.87s total (0.00s eval/1132.87s train)
[STATE 2025-12-06 02:01:20] Task 0 Epoch 48/50: entering train loop
Task 0 Epoch 48/50 | Loss 0.0002 | Train Acc 0.9993 | Val Acc 0.9299 | Epoch Time 1138.35s (Eval 0.00s, Train 1138.35s)
[STATE 2025-12-06 02:20:19] Task 0 Epoch 48/50 complete: 1138.35s total (0.00s eval/1138.35s train)
[STATE 2025-12-06 02:20:19] Task 0 Epoch 49/50: entering train loop
Task 0 Epoch 49/50 | Loss 0.0001 | Train Acc 0.9999 | Val Acc 0.9299 | Epoch Time 1133.93s (Eval 0.00s, Train 1133.93s)
[STATE 2025-12-06 02:39:13] Task 0 Epoch 49/50 complete: 1133.93s total (0.00s eval/1133.93s train)
[STATE 2025-12-06 02:39:13] Task 0 Epoch 50/50: entering train loop
Task 0 Epoch 50/50 | Loss 0.0001 | Train Acc 0.9999 | Val Acc 0.9299 | Epoch Time 1138.11s (Eval 0.00s, Train 1138.11s)
[STATE 2025-12-06 02:58:11] Task 0 Epoch 50/50 complete: 1138.11s total (0.00s eval/1138.11s train)
[STATE 2025-12-06 02:58:11] Task 0: running final validation.
[STATE 2025-12-06 03:00:19] Completed task 0 (1/2)
[STATE 2025-12-06 03:00:19] Starting task 1 (2/2)
[STATE 2025-12-06 03:00:19] Task 1 Epoch 1/50: entering train loop
[STATE 2025-12-06 03:00:19] Task 1 Epoch 1/50 Iter 0: running validation
---- Eval at Epoch 0: [0.9312530646008295, 0.024039690334283072] ----
Task 1 Epoch 1/50 | Loss 0.0281 | Train Acc 0.8813 | Val Acc 0.0240 | Epoch Time 2310.23s (Eval 42.78s, Train 2267.45s)
[STATE 2025-12-06 03:38:50] Task 1 Epoch 1/50 complete: 2310.23s total (42.78s eval/2267.45s train)
[STATE 2025-12-06 03:38:50] Task 1 Epoch 2/50: entering train loop
Task 1 Epoch 2/50 | Loss 0.0195 | Train Acc 0.9147 | Val Acc 0.0240 | Epoch Time 2260.88s (Eval 0.00s, Train 2260.88s)
[STATE 2025-12-06 04:16:31] Task 1 Epoch 2/50 complete: 2260.88s total (0.00s eval/2260.88s train)
[STATE 2025-12-06 04:16:31] Task 1 Epoch 3/50: entering train loop
Task 1 Epoch 3/50 | Loss 0.0169 | Train Acc 0.9267 | Val Acc 0.0240 | Epoch Time 2261.10s (Eval 0.00s, Train 2261.10s)
[STATE 2025-12-06 04:54:12] Task 1 Epoch 3/50 complete: 2261.10s total (0.00s eval/2261.10s train)
[STATE 2025-12-06 04:54:12] Task 1 Epoch 4/50: entering train loop
Task 1 Epoch 4/50 | Loss 0.0150 | Train Acc 0.9327 | Val Acc 0.0240 | Epoch Time 2261.01s (Eval 0.00s, Train 2261.01s)
[STATE 2025-12-06 05:31:53] Task 1 Epoch 4/50 complete: 2261.01s total (0.00s eval/2261.01s train)
[STATE 2025-12-06 05:31:53] Task 1 Epoch 5/50: entering train loop
Task 1 Epoch 5/50 | Loss 0.0134 | Train Acc 0.9418 | Val Acc 0.0240 | Epoch Time 2257.50s (Eval 0.00s, Train 2257.50s)
[STATE 2025-12-06 06:09:30] Task 1 Epoch 5/50 complete: 2257.50s total (0.00s eval/2257.50s train)
[STATE 2025-12-06 06:09:30] Task 1 Epoch 6/50: entering train loop
Task 1 Epoch 6/50 | Loss 0.0118 | Train Acc 0.9505 | Val Acc 0.0240 | Epoch Time 2258.10s (Eval 0.00s, Train 2258.10s)
[STATE 2025-12-06 06:47:08] Task 1 Epoch 6/50 complete: 2258.10s total (0.00s eval/2258.10s train)
[STATE 2025-12-06 06:47:08] Task 1 Epoch 7/50: entering train loop
Task 1 Epoch 7/50 | Loss 0.0107 | Train Acc 0.9571 | Val Acc 0.0240 | Epoch Time 2264.28s (Eval 0.00s, Train 2264.28s)
[STATE 2025-12-06 07:24:53] Task 1 Epoch 7/50 complete: 2264.28s total (0.00s eval/2264.28s train)
[STATE 2025-12-06 07:24:53] Task 1 Epoch 8/50: entering train loop
                                                                                                                                                                                                                                                                                             