[2026-03-25T15:48:31+00:00] === full_experiments.sh started ===
[2026-03-25T15:48:31+00:00] REPO_ROOT=/home/lunet/wsmr11/repos/La-MAML
[2026-03-25T15:48:31+00:00] LOG_FILE=/home/lunet/wsmr11/repos/La-MAML/logs/full_experiments/run_20260325_154831_lnx-elkk-2/full_experiments_20260325_154831.log
[2026-03-25T15:48:31+00:00] INCLUDED_ALL=ewc er_ring eralg4 gem cmaml ctn hat bcl_dual agem lwf packnet rwalk si ucl la-er lamaml smaml iid2
[2026-03-25T15:48:31+00:00] Activated la-maml_env
[2026-03-25T15:48:31+00:00] Using SERIAL_PROBE_JSON_PATH=logs/eta_probe/eta_probe_elkk-1-algos_10-iter_avg-util-2.json
[2026-03-25T15:48:31+00:00] Using SCHEDULE_JSON_PATH=logs/eta_probe/full_experiments_host_schedule.json
[2026-03-25T15:48:31+00:00] HOST_KEY=lnx-elkk-2
[2026-03-25T15:48:31+00:00] Reusing existing schedule JSON.
[2026-03-25T15:48:31+00:00] Estimated time saved (parallel vs serial): 60.01690617075233%
[2026-03-25T15:48:31+00:00] QUEUE_HIGH count=5: agem gem er_ring rwalk si
[2026-03-25T15:48:31+00:00] QUEUE_LOW  count=6: packnet iid2 ucl bcl_dual smaml la-er
[2026-03-25T15:48:31+00:00] === Queue phase on lnx-elkk-2 (util high/low) ===
[2026-03-25T15:48:31+00:00] --- Dispatching: base + agem (job log: /home/lunet/wsmr11/repos/La-MAML/logs/full_experiments/run_20260325_154831_lnx-elkk-2/job_logs/job_agem_20260325_154831_851406269.log) ---
[2026-03-25T15:48:31+00:00] START agem
[2026-03-25T15:48:31+00:00] --- Dispatching: base + packnet (job log: /home/lunet/wsmr11/repos/La-MAML/logs/full_experiments/run_20260325_154831_lnx-elkk-2/job_logs/job_packnet_20260325_154831_858452152.log) ---
[2026-03-25T15:48:31+00:00] START packnet
[2026-03-25T21:08:29+00:00] Completed: packnet (exit 0)
[2026-03-25T21:08:29+00:00] --- Dispatching: base + iid2 (job log: /home/lunet/wsmr11/repos/La-MAML/logs/full_experiments/run_20260325_154831_lnx-elkk-2/job_logs/job_iid2_20260325_210829_548261826.log) ---
[2026-03-25T21:08:29+00:00] START iid2
[2026-03-26T00:42:22+00:00] Completed: iid2 (exit 0)
[2026-03-26T00:42:23+00:00] --- Dispatching: base + ucl (job log: /home/lunet/wsmr11/repos/La-MAML/logs/full_experiments/run_20260325_154831_lnx-elkk-2/job_logs/job_ucl_20260326_004223_508201172.log) ---
[2026-03-26T00:42:23+00:00] START ucl
[2026-03-26T04:19:11+00:00] Completed: agem (exit 0)
[2026-03-26T04:19:12+00:00] --- Dispatching: base + gem (job log: /home/lunet/wsmr11/repos/La-MAML/logs/full_experiments/run_20260325_154831_lnx-elkk-2/job_logs/job_gem_20260326_041912_437689417.log) ---
[2026-03-26T04:19:12+00:00] START gem
[2026-03-26T04:50:49+00:00] Completed: ucl (exit 0)
[2026-03-26T04:50:50+00:00] --- Dispatching: base + bcl_dual (job log: /home/lunet/wsmr11/repos/La-MAML/logs/full_experiments/run_20260325_154831_lnx-elkk-2/job_logs/job_bcl_dual_20260326_045050_366893799.log) ---
[2026-03-26T04:50:50+00:00] START bcl_dual
[2026-03-27T01:05:39+00:00] Completed: bcl_dual (exit 0)
[2026-03-27T01:05:40+00:00] --- Dispatching: base + smaml (job log: /home/lunet/wsmr11/repos/La-MAML/logs/full_experiments/run_20260325_154831_lnx-elkk-2/job_logs/job_smaml_20260327_010540_062249957.log) ---
[2026-03-27T01:05:40+00:00] START smaml
[2026-03-27T03:46:00+00:00] Completed: gem (exit 0)
[2026-03-27T03:46:00+00:00] --- Dispatching: base + er_ring (job log: /home/lunet/wsmr11/repos/La-MAML/logs/full_experiments/run_20260325_154831_lnx-elkk-2/job_logs/job_er_ring_20260327_034600_533431681.log) ---
[2026-03-27T03:46:00+00:00] START er_ring
[2026-03-27T09:25:39+00:00] Completed: er_ring (exit 0)
[2026-03-27T09:25:40+00:00] --- Dispatching: base + rwalk (job log: /home/lunet/wsmr11/repos/La-MAML/logs/full_experiments/run_20260325_154831_lnx-elkk-2/job_logs/job_rwalk_20260327_092540_211793057.log) ---
[2026-03-27T09:25:40+00:00] START rwalk
[2026-03-27T13:13:28+00:00] Completed: rwalk (exit 0)
[2026-03-27T13:13:29+00:00] --- Dispatching: base + si (job log: /home/lunet/wsmr11/repos/La-MAML/logs/full_experiments/run_20260325_154831_lnx-elkk-2/job_logs/job_si_20260327_131329_210010752.log) ---
[2026-03-27T13:13:29+00:00] START si
[2026-03-27T17:00:08+00:00] Completed: si (exit 0)
[2026-03-28T12:09:46+00:00] Completed: smaml (exit 0)
[2026-03-28T12:09:47+00:00] --- Dispatching: base + la-er (job log: /home/lunet/wsmr11/repos/La-MAML/logs/full_experiments/run_20260325_154831_lnx-elkk-2/job_logs/job_la-er_20260328_120947_475211499.log) ---
[2026-03-28T12:09:47+00:00] START la-er
[2026-03-29T09:45:15+01:00] Completed: la-er (exit 0)
