[STATE 2026-04-17 11:04:10] Enabling terminal logging to logs//smaml/full-tasks_CIL_all-2026-04-17_11-04-10-7961/0/terminal.log
New Experiment Starting...
Running model:  lamaml_cifar
[STATE 2026-04-17 11:04:10] Experiment 'full-tasks_CIL_all' starting with model 'lamaml_cifar' (seed 0)
Set seed 0
t2-rcn.npz train: x=(50362, 1024), y=(50362, 2)
t2-rcn.npz test: x=(16787, 1024), y=(16787, 2)
t2-rcn.npz: applied data scaling mode 'normalize'.
Loaded t2-rcn.npz: Unique train labels: UniqueCountsResult(values=array([-1,  3,  5, 10, 12, 15]), counts=array([24209,  5770,  3030,  2320,  7509,  7524]))
Noise labels ratio in t2-rcn.npz train: 0.24, test: 0.24
Loaded t2-rcn.npz: Remapped labels: [-1  0  1  2  3  4]. Size: 50362)
t0-rcn.npz train: x=(51916, 1024), y=(51916, 2)
t0-rcn.npz test: x=(17305, 1024), y=(17305, 2)
t0-rcn.npz: applied data scaling mode 'normalize'.
Loaded t0-rcn.npz: Unique train labels: UniqueCountsResult(values=array([-1,  1,  8,  9, 11, 13, 14]), counts=array([24225,  4268,  2495,  2943,  3015,  7464,  7506]))
Noise labels ratio in t0-rcn.npz train: 0.23, test: 0.23
Loaded t0-rcn.npz: Remapped labels: [-1  5  6  7  8  9 10]. Size: 51916)
t2-uclresm-25noise.npz train: moved sample axis (3, 350028, 1024) -> (350028, 3, 1024)
t2-uclresm-25noise.npz test: moved sample axis (3, 233351, 1024) -> (233351, 3, 1024)
t2-uclresm-25noise.npz train: x=(350028, 3, 1024), y=(350028,)
t2-uclresm-25noise.npz test: x=(233351, 3, 1024), y=(233351,)
t2-uclresm-25noise.npz: applied data scaling mode 'normalize'.
Loaded t2-uclresm-25noise.npz: Unique train labels: UniqueCountsResult(values=array([-1,  0,  1,  2,  3,  4]), counts=array([87441, 27347, 71754, 64298, 36005, 63183]))
Noise labels ratio in t2-uclresm-25noise.npz train: 0.25, test: 0.25
Loaded t2-uclresm-25noise.npz: Remapped labels: [-1 11 12 13 14 15]. Size: 350028)
t0-deeprad.npz train: x=(24480, 1024), y=(24480, 2)
t0-deeprad.npz test: x=(8160, 1024), y=(8160, 2)
t0-deeprad.npz: applied data scaling mode 'normalize'.
Loaded t0-deeprad.npz: Unique train labels: UniqueCountsResult(values=array([-1,  0,  1,  2,  3,  4,  5]), counts=array([12240,  2029,  1983,  2043,  2154,  2015,  2016]))
Noise labels ratio in t0-deeprad.npz train: 0.25, test: 0.25
Loaded t0-deeprad.npz: Remapped labels: [-1 16 17 18 19 20 21]. Size: 24480)
t1-deeprad.npz train: x=(24480, 1024), y=(24480, 2)
t1-deeprad.npz test: x=(8160, 1024), y=(8160, 2)
t1-deeprad.npz: applied data scaling mode 'normalize'.
Loaded t1-deeprad.npz: Unique train labels: UniqueCountsResult(values=array([-1,  0,  1,  2,  3,  4,  5]), counts=array([12240,  1988,  2029,  2054,  1988,  2053,  2128]))
Noise labels ratio in t1-deeprad.npz train: 0.25, test: 0.25
Loaded t1-deeprad.npz: Remapped labels: [-1 22 23 24 25 26 27]. Size: 24480)
t1-uclresm-25noise.npz train: moved sample axis (3, 201410, 1024) -> (201410, 3, 1024)
t1-uclresm-25noise.npz test: moved sample axis (3, 116291, 1024) -> (116291, 3, 1024)
t1-uclresm-25noise.npz train: x=(201410, 3, 1024), y=(201410,)
t1-uclresm-25noise.npz test: x=(116291, 3, 1024), y=(116291,)
t1-uclresm-25noise.npz: applied data scaling mode 'normalize'.
Loaded t1-uclresm-25noise.npz: Unique train labels: UniqueCountsResult(values=array([-1,  0,  1,  2,  3,  4]), counts=array([43668, 18021, 17838, 18087, 31870, 71926]))
Noise labels ratio in t1-uclresm-25noise.npz train: 0.22, test: 0.25
Loaded t1-uclresm-25noise.npz: Remapped labels: [-1 28 29 30 31 32]. Size: 201410)
t3-deeprad.npz train: x=(17340, 1024), y=(17340, 2)
t3-deeprad.npz test: x=(6800, 1024), y=(6800, 2)
t3-deeprad.npz: applied data scaling mode 'normalize'.
Loaded t3-deeprad.npz: Unique train labels: UniqueCountsResult(values=array([-1,  0,  1,  2,  3,  4]), counts=array([8670, 1693, 1677, 1794, 1716, 1790]))
Noise labels ratio in t3-deeprad.npz train: 0.25, test: 0.25
Loaded t3-deeprad.npz: Remapped labels: [-1 33 34 35 36 37]. Size: 17340)
t0-uclresm-25noise.npz train: moved sample axis (3, 188050, 1024) -> (188050, 3, 1024)
t0-uclresm-25noise.npz test: moved sample axis (3, 107348, 1024) -> (107348, 3, 1024)
t0-uclresm-25noise.npz train: x=(188050, 3, 1024), y=(188050,)
t0-uclresm-25noise.npz test: x=(107348, 3, 1024), y=(107348,)
t0-uclresm-25noise.npz: applied data scaling mode 'normalize'.
Loaded t0-uclresm-25noise.npz: Unique train labels: UniqueCountsResult(values=array([-1,  0,  1,  2,  3,  4]), counts=array([40144, 32109, 17978, 17979, 18098, 61742]))
Noise labels ratio in t0-uclresm-25noise.npz train: 0.21, test: 0.25
Loaded t0-uclresm-25noise.npz: Remapped labels: [-1 38 39 40 41 42]. Size: 188050)
t1-rcn.npz train: x=(36658, 1024), y=(36658, 2)
t1-rcn.npz test: x=(12220, 1024), y=(12220, 2)
t1-rcn.npz: applied data scaling mode 'normalize'.
Loaded t1-rcn.npz: Unique train labels: UniqueCountsResult(values=array([-1,  0,  2,  4,  6,  7, 16]), counts=array([20595,   824,  2087,  2606,  2396,  1716,  6434]))
Noise labels ratio in t1-rcn.npz train: 0.28, test: 0.28
Loaded t1-rcn.npz: Remapped labels: [-1 43 44 45 46 47 48]. Size: 36658)
t2-deeprad.npz train: x=(17340, 1024), y=(17340, 2)
t2-deeprad.npz test: x=(6800, 1024), y=(6800, 2)
t2-deeprad.npz: applied data scaling mode 'normalize'.
Loaded t2-deeprad.npz: Unique train labels: UniqueCountsResult(values=array([-1,  0,  1,  2,  3,  4]), counts=array([8670, 1774, 1675, 1777, 1694, 1750]))
Noise labels ratio in t2-deeprad.npz train: 0.25, test: 0.25
Loaded t2-deeprad.npz: Remapped labels: [-1 49 50 51 52 53]. Size: 17340)
Built IQ classes_per_task (increments): [5, 6, 5, 6, 6, 5, 5, 5, 6, 5]
Classes per task: [5, 6, 5, 6, 6, 5, 5, 5, 6, 5]
[STATE 2026-04-17 11:05:18] Loader 'class_incremental_loader' ready: 1024 inputs, 55 outputs, 10 tasks
n_outputs: 55 	n_tasks: 10
[STATE 2026-04-17 11:05:18] Logging to logs//smaml/full-tasks_CIL_all-2026-04-17_11-04-10-7961/0
True
Model device: cuda:0
[STATE 2026-04-17 11:05:19] Model initialized on device cuda:0
[STATE 2026-04-17 11:05:19] Invoking continual life experience flow
[STATE 2026-04-17 11:05:19] Life experience start: 10 tasks queued
[STATE 2026-04-17 11:05:19] Task 0: zero-shot validation (pre-train)
---- Zero-shot (pre-train) task 0: rec_cls 0.0002 | prec_cls 0.0064 | f1_cls 0.1065 | det 0.5023 | pfa 0.0626 | total_f1 0.1065 ----
[STATE 2026-04-17 11:05:25] Starting task 0 (1/10)
[STATE 2026-04-17 11:05:25] Task 0 Epoch 1/10: entering train loop
[STATE 2026-04-17 11:18:57] Task 0 Epoch 1/10: running validation (end of epoch)
---- Eval at Epoch 0: cls [0.33827389475394526] | det_recall [0.8073046063040858] | det_fa [0.05168555905832214] ----
T0 Ep 1/10 | L 1.0710 | Train Acc 0.28 | Prec 0.26 | F1 0.29 | Det Rec 0.75 | Det FA 0.20 | Epoch Time 819.31s (Eval 8.25s, Train 811.06s)
[STATE 2026-04-17 11:19:05] T0 Ep 1/10 complete: Prec 0.2582 F1 0.2944 DetRec 0.7481 DetFA 0.1965 | 819.31s total (8.25s eval/811.06s train)
[STATE 2026-04-17 11:19:05] Task 0 Epoch 2/10: entering train loop
T0 Ep 2/10 | L 0.4320 | Train Acc 0.52 | Prec 0.71 | F1 0.55 | Det Rec 0.87 | Det FA 0.10 | Epoch Time 632.19s (Eval 0.00s, Train 632.19s)
[STATE 2026-04-17 11:29:37] T0 Ep 2/10 complete: Prec 0.7113 F1 0.5536 DetRec 0.8657 DetFA 0.0955 | 632.19s total (0.00s eval/632.19s train)
[STATE 2026-04-17 11:29:37] Task 0 Epoch 3/10: entering train loop
T0 Ep 3/10 | L 0.3437 | Train Acc 0.62 | Prec 0.75 | F1 0.63 | Det Rec 0.88 | Det FA 0.10 | Epoch Time 560.16s (Eval 0.00s, Train 560.16s)
[STATE 2026-04-17 11:38:57] T0 Ep 3/10 complete: Prec 0.7517 F1 0.6281 DetRec 0.8823 DetFA 0.0954 | 560.16s total (0.00s eval/560.16s train)
[STATE 2026-04-17 11:38:57] Task 0 Epoch 4/10: entering train loop
T0 Ep 4/10 | L 0.3006 | Train Acc 0.64 | Prec 0.74 | F1 0.64 | Det Rec 0.89 | Det FA 0.09 | Epoch Time 552.12s (Eval 0.00s, Train 552.12s)
[STATE 2026-04-17 11:48:09] T0 Ep 4/10 complete: Prec 0.7374 F1 0.6410 DetRec 0.8890 DetFA 0.0939 | 552.12s total (0.00s eval/552.12s train)
[STATE 2026-04-17 11:48:09] Task 0 Epoch 5/10: entering train loop
T0 Ep 5/10 | L 0.2764 | Train Acc 0.65 | Prec 0.74 | F1 0.65 | Det Rec 0.89 | Det FA 0.08 | Epoch Time 558.78s (Eval 0.00s, Train 558.78s)
[STATE 2026-04-17 11:57:28] T0 Ep 5/10 complete: Prec 0.7440 F1 0.6473 DetRec 0.8885 DetFA 0.0838 | 558.78s total (0.00s eval/558.78s train)
[STATE 2026-04-17 11:57:28] Task 0 Epoch 6/10: entering train loop
T0 Ep 6/10 | L 0.2576 | Train Acc 0.65 | Prec 0.77 | F1 0.65 | Det Rec 0.88 | Det FA 0.07 | Epoch Time 559.18s (Eval 0.00s, Train 559.18s)
[STATE 2026-04-17 12:06:47] T0 Ep 6/10 complete: Prec 0.7703 F1 0.6533 DetRec 0.8844 DetFA 0.0722 | 559.18s total (0.00s eval/559.18s train)
[STATE 2026-04-17 12:06:47] Task 0 Epoch 7/10: entering train loop
T0 Ep 7/10 | L 0.2469 | Train Acc 0.66 | Prec 0.84 | F1 0.67 | Det Rec 0.89 | Det FA 0.08 | Epoch Time 558.99s (Eval 0.00s, Train 558.99s)
[STATE 2026-04-17 12:16:06] T0 Ep 7/10 complete: Prec 0.8366 F1 0.6696 DetRec 0.8854 DetFA 0.0778 | 558.99s total (0.00s eval/558.99s train)
[STATE 2026-04-17 12:16:06] Task 0 Epoch 8/10: entering train loop
T0 Ep 8/10 | L 0.2203 | Train Acc 0.66 | Prec 0.81 | F1 0.66 | Det Rec 0.89 | Det FA 0.06 | Epoch Time 558.73s (Eval 0.00s, Train 558.73s)
[STATE 2026-04-17 12:25:25] T0 Ep 8/10 complete: Prec 0.8112 F1 0.6636 DetRec 0.8886 DetFA 0.0602 | 558.73s total (0.00s eval/558.73s train)
[STATE 2026-04-17 12:25:25] Task 0 Epoch 9/10: entering train loop
T0 Ep 9/10 | L 0.2075 | Train Acc 0.66 | Prec 0.85 | F1 0.68 | Det Rec 0.89 | Det FA 0.05 | Epoch Time 730.83s (Eval 0.00s, Train 730.83s)
[STATE 2026-04-17 12:37:36] T0 Ep 9/10 complete: Prec 0.8483 F1 0.6805 DetRec 0.8888 DetFA 0.0532 | 730.83s total (0.00s eval/730.83s train)
[STATE 2026-04-17 12:37:36] Task 0 Epoch 10/10: entering train loop
T0 Ep 10/10 | L 0.1893 | Train Acc 0.66 | Prec 0.84 | F1 0.67 | Det Rec 0.89 | Det FA 0.05 | Epoch Time 826.01s (Eval 0.00s, Train 826.01s)
[STATE 2026-04-17 12:51:22] T0 Ep 10/10 complete: Prec 0.8368 F1 0.6741 DetRec 0.8943 DetFA 0.0500 | 826.01s total (0.00s eval/826.01s train)
[STATE 2026-04-17 12:51:22] Task 0: running final validation.
[STATE 2026-04-17 12:51:29] Completed task 0 (1/10)
[STATE 2026-04-17 12:51:29] Task 1: zero-shot validation (pre-train)
---- Zero-shot (pre-train) task 1: rec_cls 0.2531 | prec_cls 0.1846 | f1_cls 0.1793 | det 0.7128 | pfa 0.3199 | total_f1 0.4178 ----
[STATE 2026-04-17 12:51:52] Starting task 1 (2/10)
[STATE 2026-04-17 12:51:52] Task 1 Epoch 1/10: entering train loop
[STATE 2026-04-17 13:05:33] Task 1 Epoch 1/10: running validation (end of epoch)
---- Eval at Epoch 0: cls [0.5858873961168329, 0.48906959541322564] | det_recall [0.8172526279245934, 0.8236436335070854] | det_fa [0.009073237032233781, 0.027280293230822414] ----
T1 Ep 1/10 | L 0.7230 | Train Acc 0.28 | Prec 0.52 | F1 0.38 | Det Rec 0.82 | Det FA 0.09 | Epoch Time 846.91s (Eval 25.73s, Train 821.19s)
[STATE 2026-04-17 13:05:59] T1 Ep 1/10 complete: Prec 0.5205 F1 0.3799 DetRec 0.8157 DetFA 0.0883 | 846.91s total (25.73s eval/821.19s train)
[STATE 2026-04-17 13:05:59] Task 1 Epoch 2/10: entering train loop
T1 Ep 2/10 | L 0.4332 | Train Acc 0.54 | Prec 0.84 | F1 0.65 | Det Rec 0.87 | Det FA 0.05 | Epoch Time 659.15s (Eval 0.00s, Train 659.15s)
[STATE 2026-04-17 13:16:58] T1 Ep 2/10 complete: Prec 0.8376 F1 0.6474 DetRec 0.8653 DetFA 0.0537 | 659.15s total (0.00s eval/659.15s train)
[STATE 2026-04-17 13:16:58] Task 1 Epoch 3/10: entering train loop
T1 Ep 3/10 | L 0.3441 | Train Acc 0.64 | Prec 0.88 | F1 0.72 | Det Rec 0.88 | Det FA 0.07 | Epoch Time 608.05s (Eval 0.00s, Train 608.05s)
[STATE 2026-04-17 13:27:06] T1 Ep 3/10 complete: Prec 0.8786 F1 0.7220 DetRec 0.8813 DetFA 0.0681 | 608.05s total (0.00s eval/608.05s train)
[STATE 2026-04-17 13:27:06] Task 1 Epoch 4/10: entering train loop
T1 Ep 4/10 | L 0.3001 | Train Acc 0.69 | Prec 0.88 | F1 0.75 | Det Rec 0.87 | Det FA 0.09 | Epoch Time 541.83s (Eval 0.00s, Train 541.83s)
[STATE 2026-04-17 13:36:08] T1 Ep 4/10 complete: Prec 0.8850 F1 0.7463 DetRec 0.8724 DetFA 0.0878 | 541.83s total (0.00s eval/541.83s train)
[STATE 2026-04-17 13:36:08] Task 1 Epoch 5/10: entering train loop
T1 Ep 5/10 | L 0.2640 | Train Acc 0.68 | Prec 0.89 | F1 0.74 | Det Rec 0.88 | Det FA 0.08 | Epoch Time 538.67s (Eval 0.00s, Train 538.67s)
[STATE 2026-04-17 13:45:07] T1 Ep 5/10 complete: Prec 0.8884 F1 0.7376 DetRec 0.8817 DetFA 0.0846 | 538.67s total (0.00s eval/538.67s train)
[STATE 2026-04-17 13:45:07] Task 1 Epoch 6/10: entering train loop
T1 Ep 6/10 | L 0.2382 | Train Acc 0.71 | Prec 0.90 | F1 0.75 | Det Rec 0.87 | Det FA 0.12 | Epoch Time 540.33s (Eval 0.00s, Train 540.33s)
[STATE 2026-04-17 13:54:07] T1 Ep 6/10 complete: Prec 0.8981 F1 0.7489 DetRec 0.8709 DetFA 0.1192 | 540.33s total (0.00s eval/540.33s train)
[STATE 2026-04-17 13:54:07] Task 1 Epoch 7/10: entering train loop
T1 Ep 7/10 | L 0.2329 | Train Acc 0.72 | Prec 0.90 | F1 0.77 | Det Rec 0.89 | Det FA 0.09 | Epoch Time 537.35s (Eval 0.00s, Train 537.35s)
[STATE 2026-04-17 14:03:04] T1 Ep 7/10 complete: Prec 0.9040 F1 0.7741 DetRec 0.8946 DetFA 0.0860 | 537.35s total (0.00s eval/537.35s train)
[STATE 2026-04-17 14:03:04] Task 1 Epoch 8/10: entering train loop
T1 Ep 8/10 | L 0.1950 | Train Acc 0.73 | Prec 0.91 | F1 0.79 | Det Rec 0.92 | Det FA 0.04 | Epoch Time 540.21s (Eval 0.00s, Train 540.21s)
[STATE 2026-04-17 14:12:05] T1 Ep 8/10 complete: Prec 0.9106 F1 0.7897 DetRec 0.9198 DetFA 0.0359 | 540.21s total (0.00s eval/540.21s train)
[STATE 2026-04-17 14:12:05] Task 1 Epoch 9/10: entering train loop
T1 Ep 9/10 | L 0.1921 | Train Acc 0.73 | Prec 0.91 | F1 0.76 | Det Rec 0.86 | Det FA 0.15 | Epoch Time 627.03s (Eval 0.00s, Train 627.03s)
[STATE 2026-04-17 14:22:32] T1 Ep 9/10 complete: Prec 0.9140 F1 0.7633 DetRec 0.8619 DetFA 0.1516 | 627.03s total (0.00s eval/627.03s train)
[STATE 2026-04-17 14:22:32] Task 1 Epoch 10/10: entering train loop
T1 Ep 10/10 | L 0.1680 | Train Acc 0.77 | Prec 0.92 | F1 0.83 | Det Rec 0.94 | Det FA 0.03 | Epoch Time 970.17s (Eval 0.00s, Train 970.17s)
[STATE 2026-04-17 14:38:42] T1 Ep 10/10 complete: Prec 0.9193 F1 0.8285 DetRec 0.9350 DetFA 0.0279 | 970.17s total (0.00s eval/970.17s train)
[STATE 2026-04-17 14:38:42] Task 1: running final validation.
[STATE 2026-04-17 14:39:08] Completed task 1 (2/10)
Note: Unified mixed IQ test tensors to (N, 3, L) via ADC0 I/Q + zero-padded ADC1/2 (IID2-style) for cumulative CIL.
[STATE 2026-04-17 14:39:08] Task 2: zero-shot validation (pre-train)
---- Zero-shot (pre-train) task 2: rec_cls 0.0648 | prec_cls 0.0092 | f1_cls 0.0200 | det 0.3991 | pfa 0.7855 | total_f1 0.4116 ----
[STATE 2026-04-17 14:41:18] Starting task 2 (3/10)
[STATE 2026-04-17 14:41:18] Task 2 Epoch 1/10: entering train loop
[STATE 2026-04-17 15:58:56] Task 2 Epoch 1/10: running validation (end of epoch)
---- Eval at Epoch 0: cls [0.17399089118768876, 0.1476042970639369, 0.04170903566744198] | det_recall [0.4449376943310416, 0.5158716607886686, 0.5500162648459682] | det_fa [0.7663831326243743, 0.618597505260425, 0.762088542063598] ----
T2 Ep 1/10 | L 0.8735 | Train Acc 0.36 | Prec 0.57 | F1 0.45 | Det Rec 0.80 | Det FA 0.24 | Epoch Time 4769.99s (Eval 112.25s, Train 4657.74s)
[STATE 2026-04-17 16:00:48] T2 Ep 1/10 complete: Prec 0.5678 F1 0.4502 DetRec 0.8018 DetFA 0.2425 | 4769.99s total (112.25s eval/4657.74s train)
[STATE 2026-04-17 16:00:48] Task 2 Epoch 2/10: entering train loop
T2 Ep 2/10 | L 0.4946 | Train Acc 0.57 | Prec 0.84 | F1 0.67 | Det Rec 0.84 | Det FA 0.20 | Epoch Time 6436.47s (Eval 0.00s, Train 6436.47s)
[STATE 2026-04-17 17:48:05] T2 Ep 2/10 complete: Prec 0.8355 F1 0.6718 DetRec 0.8423 DetFA 0.1953 | 6436.47s total (0.00s eval/6436.47s train)
[STATE 2026-04-17 17:48:05] Task 2 Epoch 3/10: entering train loop
T2 Ep 3/10 | L 0.3814 | Train Acc 0.59 | Prec 0.87 | F1 0.70 | Det Rec 0.85 | Det FA 0.23 | Epoch Time 6613.68s (Eval 0.00s, Train 6613.68s)
[STATE 2026-04-17 19:38:18] T2 Ep 3/10 complete: Prec 0.8699 F1 0.6984 DetRec 0.8483 DetFA 0.2263 | 6613.68s total (0.00s eval/6613.68s train)
[STATE 2026-04-17 19:38:18] Task 2 Epoch 4/10: entering train loop
T2 Ep 4/10 | L 0.3161 | Train Acc 0.60 | Prec 0.92 | F1 0.72 | Det Rec 0.85 | Det FA 0.26 | Epoch Time 7250.65s (Eval 0.00s, Train 7250.65s)
[STATE 2026-04-17 21:39:09] T2 Ep 4/10 complete: Prec 0.9157 F1 0.7232 DetRec 0.8484 DetFA 0.2627 | 7250.65s total (0.00s eval/7250.65s train)
[STATE 2026-04-17 21:39:09] Task 2 Epoch 5/10: entering train loop
T2 Ep 5/10 | L 0.2763 | Train Acc 0.60 | Prec 0.94 | F1 0.74 | Det Rec 0.85 | Det FA 0.27 | Epoch Time 5855.30s (Eval 0.00s, Train 5855.30s)
[STATE 2026-04-17 23:16:44] T2 Ep 5/10 complete: Prec 0.9359 F1 0.7379 DetRec 0.8512 DetFA 0.2692 | 5855.30s total (0.00s eval/5855.30s train)
[STATE 2026-04-17 23:16:44] Task 2 Epoch 6/10: entering train loop
T2 Ep 6/10 | L 0.2527 | Train Acc 0.61 | Prec 0.95 | F1 0.75 | Det Rec 0.85 | Det FA 0.27 | Epoch Time 1768.83s (Eval 0.00s, Train 1768.83s)
[STATE 2026-04-17 23:46:13] T2 Ep 6/10 complete: Prec 0.9456 F1 0.7453 DetRec 0.8515 DetFA 0.2746 | 1768.83s total (0.00s eval/1768.83s train)
[STATE 2026-04-17 23:46:13] Task 2 Epoch 7/10: entering train loop
T2 Ep 7/10 | L 0.2335 | Train Acc 0.62 | Prec 0.96 | F1 0.75 | Det Rec 0.85 | Det FA 0.28 | Epoch Time 1766.43s (Eval 0.00s, Train 1766.43s)
[STATE 2026-04-18 00:15:40] T2 Ep 7/10 complete: Prec 0.9574 F1 0.7550 DetRec 0.8503 DetFA 0.2841 | 1766.43s total (0.00s eval/1766.43s train)
[STATE 2026-04-18 00:15:40] Task 2 Epoch 8/10: entering train loop
T2 Ep 8/10 | L 0.2191 | Train Acc 0.62 | Prec 0.96 | F1 0.76 | Det Rec 0.85 | Det FA 0.28 | Epoch Time 1769.97s (Eval 0.00s, Train 1769.97s)
[STATE 2026-04-18 00:45:10] T2 Ep 8/10 complete: Prec 0.9596 F1 0.7594 DetRec 0.8520 DetFA 0.2826 | 1769.97s total (0.00s eval/1769.97s train)
[STATE 2026-04-18 00:45:10] Task 2 Epoch 9/10: entering train loop
T2 Ep 9/10 | L 0.2065 | Train Acc 0.62 | Prec 0.96 | F1 0.76 | Det Rec 0.85 | Det FA 0.29 | Epoch Time 1767.97s (Eval 0.00s, Train 1767.97s)
[STATE 2026-04-18 01:14:38] T2 Ep 9/10 complete: Prec 0.9638 F1 0.7618 DetRec 0.8512 DetFA 0.2879 | 1767.97s total (0.00s eval/1767.97s train)
[STATE 2026-04-18 01:14:38] Task 2 Epoch 10/10: entering train loop
T2 Ep 10/10 | L 0.1964 | Train Acc 0.64 | Prec 0.96 | F1 0.77 | Det Rec 0.85 | Det FA 0.29 | Epoch Time 1767.90s (Eval 0.00s, Train 1767.90s)
[STATE 2026-04-18 01:44:06] T2 Ep 10/10 complete: Prec 0.9640 F1 0.7703 DetRec 0.8522 DetFA 0.2867 | 1767.90s total (0.00s eval/1767.90s train)
[STATE 2026-04-18 01:44:06] Task 2: running final validation.
[STATE 2026-04-18 01:45:14] Completed task 2 (3/10)
Note: Unified mixed IQ test tensors to (N, 3, L) via ADC0 I/Q + zero-padded ADC1/2 (IID2-style) for cumulative CIL.
[STATE 2026-04-18 01:45:15] Task 3: zero-shot validation (pre-train)
---- Zero-shot (pre-train) task 3: rec_cls 0.0217 | prec_cls 0.0849 | f1_cls 0.0393 | det 0.5722 | pfa 0.8235 | total_f1 0.0501 ----
[STATE 2026-04-18 01:47:20] Starting task 3 (4/10)
[STATE 2026-04-18 01:47:20] Task 3 Epoch 1/10: entering train loop
[STATE 2026-04-18 01:49:24] Task 3 Epoch 1/10: running validation (end of epoch)
---- Eval at Epoch 0: cls [0.19937857862045003, 0.10577083330857294, 0.016735823840877788, 0.010900498448591239] | det_recall [0.49770791009302706, 0.5464921656788307, 0.4907349817087646, 0.4893039014313486] | det_fa [0.9841166632431472, 0.8710160838906893, 0.9586338128195283, 0.9520339235967722] ----
T3 Ep 1/10 | L 1.3449 | Train Acc 0.02 | Prec 0.11 | F1 0.03 | Det Rec 0.50 | Det FA 0.99 | Epoch Time 249.19s (Eval 125.67s, Train 123.52s)
[STATE 2026-04-18 01:51:30] T3 Ep 1/10 complete: Prec 0.1054 F1 0.0310 DetRec 0.4981 DetFA 0.9874 | 249.19s total (125.67s eval/123.52s train)
[STATE 2026-04-18 01:51:30] Task 3 Epoch 2/10: entering train loop
T3 Ep 2/10 | L 0.7330 | Train Acc 0.13 | Prec 0.32 | F1 0.14 | Det Rec 0.50 | Det FA 0.98 | Epoch Time 123.62s (Eval 0.00s, Train 123.62s)
[STATE 2026-04-18 01:53:33] T3 Ep 2/10 complete: Prec 0.3206 F1 0.1384 DetRec 0.5049 DetFA 0.9844 | 123.62s total (0.00s eval/123.62s train)
[STATE 2026-04-18 01:53:33] Task 3 Epoch 3/10: entering train loop
T3 Ep 3/10 | L 0.4949 | Train Acc 0.19 | Prec 0.46 | F1 0.32 | Det Rec 0.88 | Det FA 0.23 | Epoch Time 122.96s (Eval 0.00s, Train 122.96s)
[STATE 2026-04-18 01:55:36] T3 Ep 3/10 complete: Prec 0.4597 F1 0.3225 DetRec 0.8813 DetFA 0.2327 | 122.96s total (0.00s eval/122.96s train)
[STATE 2026-04-18 01:55:36] Task 3 Epoch 4/10: entering train loop
T3 Ep 4/10 | L 0.3819 | Train Acc 0.24 | Prec 0.58 | F1 0.40 | Det Rec 0.99 | Det FA 0.01 | Epoch Time 123.41s (Eval 0.00s, Train 123.41s)
[STATE 2026-04-18 01:57:40] T3 Ep 4/10 complete: Prec 0.5837 F1 0.4046 DetRec 0.9944 DetFA 0.0052 | 123.41s total (0.00s eval/123.41s train)
[STATE 2026-04-18 01:57:40] Task 3 Epoch 5/10: entering train loop
T3 Ep 5/10 | L 0.3119 | Train Acc 0.36 | Prec 0.66 | F1 0.51 | Det Rec 1.00 | Det FA 0.00 | Epoch Time 123.40s (Eval 0.00s, Train 123.40s)
[STATE 2026-04-18 01:59:43] T3 Ep 5/10 complete: Prec 0.6609 F1 0.5122 DetRec 0.9960 DetFA 0.0044 | 123.40s total (0.00s eval/123.40s train)
[STATE 2026-04-18 01:59:43] Task 3 Epoch 6/10: entering train loop
T3 Ep 6/10 | L 0.2866 | Train Acc 0.43 | Prec 0.66 | F1 0.57 | Det Rec 1.00 | Det FA 0.01 | Epoch Time 123.46s (Eval 0.00s, Train 123.46s)
[STATE 2026-04-18 02:01:46] T3 Ep 6/10 complete: Prec 0.6646 F1 0.5691 DetRec 0.9955 DetFA 0.0050 | 123.46s total (0.00s eval/123.46s train)
[STATE 2026-04-18 02:01:46] Task 3 Epoch 7/10: entering train loop
T3 Ep 7/10 | L 0.2480 | Train Acc 0.48 | Prec 0.67 | F1 0.61 | Det Rec 1.00 | Det FA 0.00 | Epoch Time 123.30s (Eval 0.00s, Train 123.30s)
[STATE 2026-04-18 02:03:50] T3 Ep 7/10 complete: Prec 0.6748 F1 0.6106 DetRec 0.9961 DetFA 0.0040 | 123.30s total (0.00s eval/123.30s train)
[STATE 2026-04-18 02:03:50] Task 3 Epoch 8/10: entering train loop
T3 Ep 8/10 | L 0.2277 | Train Acc 0.47 | Prec 0.73 | F1 0.61 | Det Rec 1.00 | Det FA 0.00 | Epoch Time 123.18s (Eval 0.00s, Train 123.18s)
[STATE 2026-04-18 02:05:53] T3 Ep 8/10 complete: Prec 0.7256 F1 0.6105 DetRec 0.9969 DetFA 0.0036 | 123.18s total (0.00s eval/123.18s train)
[STATE 2026-04-18 02:05:53] Task 3 Epoch 9/10: entering train loop
T3 Ep 9/10 | L 0.1997 | Train Acc 0.54 | Prec 0.71 | F1 0.66 | Det Rec 1.00 | Det FA 0.00 | Epoch Time 123.35s (Eval 0.00s, Train 123.35s)
[STATE 2026-04-18 02:07:56] T3 Ep 9/10 complete: Prec 0.7110 F1 0.6564 DetRec 0.9966 DetFA 0.0042 | 123.35s total (0.00s eval/123.35s train)
[STATE 2026-04-18 02:07:56] Task 3 Epoch 10/10: entering train loop
T3 Ep 10/10 | L 0.1766 | Train Acc 0.57 | Prec 0.74 | F1 0.68 | Det Rec 1.00 | Det FA 0.00 | Epoch Time 123.69s (Eval 0.00s, Train 123.69s)
[STATE 2026-04-18 02:10:00] T3 Ep 10/10 complete: Prec 0.7426 F1 0.6797 DetRec 0.9970 DetFA 0.0050 | 123.69s total (0.00s eval/123.69s train)
[STATE 2026-04-18 02:10:00] Task 3: running final validation.
[STATE 2026-04-18 02:12:06] Completed task 3 (4/10)
Note: Unified mixed IQ test tensors to (N, 3, L) via ADC0 I/Q + zero-padded ADC1/2 (IID2-style) for cumulative CIL.
[STATE 2026-04-18 02:12:06] Task 4: zero-shot validation (pre-train)
---- Zero-shot (pre-train) task 4: rec_cls 0.0801 | prec_cls 0.1001 | f1_cls 0.0638 | det 0.5737 | pfa 0.5365 | total_f1 0.1368 ----
[STATE 2026-04-18 02:15:11] Starting task 4 (5/10)
[STATE 2026-04-18 02:15:11] Task 4 Epoch 1/10: entering train loop
[STATE 2026-04-18 02:17:15] Task 4 Epoch 1/10: running validation (end of epoch)
---- Eval at Epoch 0: cls [0.20665058938284406, 0.2152760111086073, 0.07100914782702956, 0.04997676700367312, 0.053563718199502286] | det_recall [0.8154994463030465, 0.7295515291424611, 0.6318294967275577, 0.6098730862470628, 0.5876047652386014] | det_fa [0.27982528147773506, 0.4081882535532338, 0.5531653533286791, 0.5860196706697086, 0.6279416360244027] ----
T4 Ep 1/10 | L 0.6819 | Train Acc 0.10 | Prec 0.13 | F1 0.21 | Det Rec 0.98 | Det FA 0.00 | Epoch Time 308.12s (Eval 184.71s, Train 123.40s)
[STATE 2026-04-18 02:20:19] T4 Ep 1/10 complete: Prec 0.1276 F1 0.2096 DetRec 0.9794 DetFA 0.0003 | 308.12s total (184.71s eval/123.40s train)
[STATE 2026-04-18 02:20:19] Task 4 Epoch 2/10: entering train loop
T4 Ep 2/10 | L 0.4349 | Train Acc 0.15 | Prec 0.28 | F1 0.29 | Det Rec 1.00 | Det FA 0.00 | Epoch Time 123.22s (Eval 0.00s, Train 123.22s)
[STATE 2026-04-18 02:22:22] T4 Ep 2/10 complete: Prec 0.2768 F1 0.2860 DetRec 0.9951 DetFA 0.0005 | 123.22s total (0.00s eval/123.22s train)
[STATE 2026-04-18 02:22:22] Task 4 Epoch 3/10: entering train loop
T4 Ep 3/10 | L 0.3624 | Train Acc 0.25 | Prec 0.43 | F1 0.39 | Det Rec 1.00 | Det FA 0.00 | Epoch Time 123.36s (Eval 0.00s, Train 123.36s)
[STATE 2026-04-18 02:24:26] T4 Ep 3/10 complete: Prec 0.4280 F1 0.3915 DetRec 0.9987 DetFA 0.0000 | 123.36s total (0.00s eval/123.36s train)
[STATE 2026-04-18 02:24:26] Task 4 Epoch 4/10: entering train loop
T4 Ep 4/10 | L 0.3270 | Train Acc 0.34 | Prec 0.50 | F1 0.47 | Det Rec 1.00 | Det FA 0.00 | Epoch Time 123.21s (Eval 0.00s, Train 123.21s)
[STATE 2026-04-18 02:26:29] T4 Ep 4/10 complete: Prec 0.4958 F1 0.4693 DetRec 0.9971 DetFA 0.0028 | 123.21s total (0.00s eval/123.21s train)
[STATE 2026-04-18 02:26:29] Task 4 Epoch 5/10: entering train loop
T4 Ep 5/10 | L 0.2975 | Train Acc 0.38 | Prec 0.56 | F1 0.51 | Det Rec 1.00 | Det FA 0.00 | Epoch Time 123.16s (Eval 0.00s, Train 123.16s)
[STATE 2026-04-18 02:28:32] T4 Ep 5/10 complete: Prec 0.5590 F1 0.5074 DetRec 0.9994 DetFA 0.0000 | 123.16s total (0.00s eval/123.16s train)
[STATE 2026-04-18 02:28:32] Task 4 Epoch 6/10: entering train loop
T4 Ep 6/10 | L 0.2746 | Train Acc 0.44 | Prec 0.58 | F1 0.55 | Det Rec 1.00 | Det FA 0.00 | Epoch Time 123.38s (Eval 0.00s, Train 123.38s)
[STATE 2026-04-18 02:30:36] T4 Ep 6/10 complete: Prec 0.5837 F1 0.5497 DetRec 0.9989 DetFA 0.0005 | 123.38s total (0.00s eval/123.38s train)
[STATE 2026-04-18 02:30:36] Task 4 Epoch 7/10: entering train loop
T4 Ep 7/10 | L 0.2434 | Train Acc 0.48 | Prec 0.63 | F1 0.60 | Det Rec 1.00 | Det FA 0.00 | Epoch Time 123.12s (Eval 0.00s, Train 123.12s)
[STATE 2026-04-18 02:32:39] T4 Ep 7/10 complete: Prec 0.6280 F1 0.5981 DetRec 0.9981 DetFA 0.0022 | 123.12s total (0.00s eval/123.12s train)
[STATE 2026-04-18 02:32:39] Task 4 Epoch 8/10: entering train loop
T4 Ep 8/10 | L 0.2276 | Train Acc 0.51 | Prec 0.67 | F1 0.62 | Det Rec 1.00 | Det FA 0.00 | Epoch Time 123.21s (Eval 0.00s, Train 123.21s)
[STATE 2026-04-18 02:34:42] T4 Ep 8/10 complete: Prec 0.6668 F1 0.6212 DetRec 0.9991 DetFA 0.0010 | 123.21s total (0.00s eval/123.21s train)
[STATE 2026-04-18 02:34:42] Task 4 Epoch 9/10: entering train loop
T4 Ep 9/10 | L 0.2027 | Train Acc 0.48 | Prec 0.71 | F1 0.62 | Det Rec 1.00 | Det FA 0.00 | Epoch Time 122.92s (Eval 0.00s, Train 122.92s)
[STATE 2026-04-18 02:36:45] T4 Ep 9/10 complete: Prec 0.7094 F1 0.6194 DetRec 0.9997 DetFA 0.0000 | 122.92s total (0.00s eval/122.92s train)
[STATE 2026-04-18 02:36:45] Task 4 Epoch 10/10: entering train loop
T4 Ep 10/10 | L 0.1982 | Train Acc 0.57 | Prec 0.72 | F1 0.67 | Det Rec 1.00 | Det FA 0.00 | Epoch Time 122.90s (Eval 0.00s, Train 122.90s)
[STATE 2026-04-18 02:38:48] T4 Ep 10/10 complete: Prec 0.7185 F1 0.6744 DetRec 0.9996 DetFA 0.0000 | 122.90s total (0.00s eval/122.90s train)
[STATE 2026-04-18 02:38:48] Task 4: running final validation.
[STATE 2026-04-18 02:41:53] Completed task 4 (5/10)
Note: Unified mixed IQ test tensors to (N, 3, L) via ADC0 I/Q + zero-padded ADC1/2 (IID2-style) for cumulative CIL.
[STATE 2026-04-18 02:41:54] Task 5: zero-shot validation (pre-train)
---- Zero-shot (pre-train) task 5: rec_cls 0.0659 | prec_cls 0.0714 | f1_cls 0.0523 | det 0.5922 | pfa 0.5765 | total_f1 0.1140 ----
[STATE 2026-04-18 02:46:24] Starting task 5 (6/10)
[STATE 2026-04-18 02:46:24] Task 5 Epoch 1/10: entering train loop
[STATE 2026-04-18 03:03:25] Task 5 Epoch 1/10: running validation (end of epoch)
---- Eval at Epoch 0: cls [0.2047816267308006, 0.1705116227485361, 0.014772638698260213, 0.018429458796867866, 0.018685639502678986, 0.05621956104481326] | det_recall [0.4957764332901634, 0.5040724951833208, 0.5880529870055895, 0.5282733242715074, 0.5018640859397744, 0.6514111236415968] | det_fa [0.9877077080299893, 0.9698047335748277, 0.7873902259956163, 0.9065611071049547, 0.9611385828117114, 0.6550999847548059] ----
T5 Ep 1/10 | L 0.5417 | Train Acc 0.44 | Prec 0.78 | F1 0.58 | Det Rec 0.84 | Det FA 0.27 | Epoch Time 1291.71s (Eval 270.47s, Train 1021.24s)
[STATE 2026-04-18 03:07:56] T5 Ep 1/10 complete: Prec 0.7759 F1 0.5773 DetRec 0.8402 DetFA 0.2694 | 1291.71s total (270.47s eval/1021.24s train)
[STATE 2026-04-18 03:07:56] Task 5 Epoch 2/10: entering train loop
T5 Ep 2/10 | L 0.2817 | Train Acc 0.61 | Prec 0.91 | F1 0.73 | Det Rec 0.85 | Det FA 0.27 | Epoch Time 1017.89s (Eval 0.00s, Train 1017.89s)
[STATE 2026-04-18 03:24:54] T5 Ep 2/10 complete: Prec 0.9095 F1 0.7300 DetRec 0.8537 DetFA 0.2660 | 1017.89s total (0.00s eval/1017.89s train)
[STATE 2026-04-18 03:24:54] Task 5 Epoch 3/10: entering train loop
T5 Ep 3/10 | L 0.2287 | Train Acc 0.64 | Prec 0.91 | F1 0.75 | Det Rec 0.86 | Det FA 0.26 | Epoch Time 1018.92s (Eval 0.00s, Train 1018.92s)
[STATE 2026-04-18 03:41:53] T5 Ep 3/10 complete: Prec 0.9089 F1 0.7531 DetRec 0.8581 DetFA 0.2613 | 1018.92s total (0.00s eval/1018.92s train)
[STATE 2026-04-18 03:41:53] Task 5 Epoch 4/10: entering train loop
T5 Ep 4/10 | L 0.2012 | Train Acc 0.65 | Prec 0.93 | F1 0.77 | Det Rec 0.85 | Det FA 0.28 | Epoch Time 1017.38s (Eval 0.00s, Train 1017.38s)
[STATE 2026-04-18 03:58:50] T5 Ep 4/10 complete: Prec 0.9305 F1 0.7679 DetRec 0.8545 DetFA 0.2784 | 1017.38s total (0.00s eval/1017.38s train)
[STATE 2026-04-18 03:58:50] Task 5 Epoch 5/10: entering train loop
T5 Ep 5/10 | L 0.1798 | Train Acc 0.67 | Prec 0.93 | F1 0.78 | Det Rec 0.86 | Det FA 0.26 | Epoch Time 1018.39s (Eval 0.00s, Train 1018.39s)
[STATE 2026-04-18 04:15:48] T5 Ep 5/10 complete: Prec 0.9324 F1 0.7774 DetRec 0.8625 DetFA 0.2627 | 1018.39s total (0.00s eval/1018.39s train)
[STATE 2026-04-18 04:15:48] Task 5 Epoch 6/10: entering train loop
T5 Ep 6/10 | L 0.1646 | Train Acc 0.68 | Prec 0.94 | F1 0.79 | Det Rec 0.86 | Det FA 0.26 | Epoch Time 1018.42s (Eval 0.00s, Train 1018.42s)
[STATE 2026-04-18 04:32:47] T5 Ep 6/10 complete: Prec 0.9408 F1 0.7888 DetRec 0.8626 DetFA 0.2649 | 1018.42s total (0.00s eval/1018.42s train)
[STATE 2026-04-18 04:32:47] Task 5 Epoch 7/10: entering train loop
T5 Ep 7/10 | L 0.1569 | Train Acc 0.69 | Prec 0.95 | F1 0.80 | Det Rec 0.87 | Det FA 0.26 | Epoch Time 1018.25s (Eval 0.00s, Train 1018.25s)
[STATE 2026-04-18 04:49:45] T5 Ep 7/10 complete: Prec 0.9465 F1 0.7980 DetRec 0.8657 DetFA 0.2603 | 1018.25s total (0.00s eval/1018.25s train)
[STATE 2026-04-18 04:49:45] Task 5 Epoch 8/10: entering train loop
T5 Ep 8/10 | L 0.1466 | Train Acc 0.70 | Prec 0.94 | F1 0.80 | Det Rec 0.87 | Det FA 0.26 | Epoch Time 1019.27s (Eval 0.00s, Train 1019.27s)
[STATE 2026-04-18 05:06:44] T5 Ep 8/10 complete: Prec 0.9447 F1 0.7994 DetRec 0.8657 DetFA 0.2606 | 1019.27s total (0.00s eval/1019.27s train)
[STATE 2026-04-18 05:06:44] Task 5 Epoch 9/10: entering train loop
T5 Ep 9/10 | L 0.1357 | Train Acc 0.70 | Prec 0.94 | F1 0.80 | Det Rec 0.87 | Det FA 0.26 | Epoch Time 1018.96s (Eval 0.00s, Train 1018.96s)
[STATE 2026-04-18 05:23:43] T5 Ep 9/10 complete: Prec 0.9439 F1 0.8027 DetRec 0.8672 DetFA 0.2591 | 1018.96s total (0.00s eval/1018.96s train)
[STATE 2026-04-18 05:23:43] Task 5 Epoch 10/10: entering train loop
T5 Ep 10/10 | L 0.1276 | Train Acc 0.71 | Prec 0.95 | F1 0.81 | Det Rec 0.87 | Det FA 0.26 | Epoch Time 1019.12s (Eval 0.00s, Train 1019.12s)
[STATE 2026-04-18 05:40:42] T5 Ep 10/10 complete: Prec 0.9512 F1 0.8110 DetRec 0.8663 DetFA 0.2614 | 1019.12s total (0.00s eval/1019.12s train)
[STATE 2026-04-18 05:40:42] Task 5: running final validation.
[STATE 2026-04-18 05:45:13] Completed task 5 (6/10)
Note: Unified mixed IQ test tensors to (N, 3, L) via ADC0 I/Q + zero-padded ADC1/2 (IID2-style) for cumulative CIL.
[STATE 2026-04-18 05:45:14] Task 6: zero-shot validation (pre-train)
---- Zero-shot (pre-train) task 6: rec_cls 0.0627 | prec_cls 0.1041 | f1_cls 0.0614 | det 0.5951 | pfa 0.7749 | total_f1 0.0480 ----
[STATE 2026-04-18 05:51:11] Starting task 6 (7/10)
[STATE 2026-04-18 05:51:11] Task 6 Epoch 1/10: entering train loop
[STATE 2026-04-18 05:52:39] Task 6 Epoch 1/10: running validation (end of epoch)
---- Eval at Epoch 0: cls [0.19993250434769383, 0.14198214393205055, 0.04401312405877854, 0.07145002678625248, 0.050159311618068594, 0.07789242781106002, 0.06303308134863252] | det_recall [0.8225295206796279, 0.7792747794647229, 0.5561299832477126, 0.5287763787727876, 0.5232988487254638, 0.5401597492602215, 0.5227133378815723] | det_fa [0.218172675958195, 0.2485745484253007, 0.4540363344909237, 0.5134211407994201, 0.5294815305997971, 0.5142972080324338, 0.5502078727890264] ----
T6 Ep 1/10 | L 1.0144 | Train Acc 0.00 | Prec 0.00 | F1 0.14 | Det Rec 0.90 | Det FA 0.20 | Epoch Time 446.42s (Eval 358.83s, Train 87.59s)
[STATE 2026-04-18 05:58:38] T6 Ep 1/10 complete: Prec 0.0000 F1 0.1403 DetRec 0.8963 DetFA 0.2041 | 446.42s total (358.83s eval/87.59s train)
[STATE 2026-04-18 05:58:38] Task 6 Epoch 2/10: entering train loop
T6 Ep 2/10 | L 0.5141 | Train Acc 0.00 | Prec 0.00 | F1 0.17 | Det Rec 1.00 | Det FA 0.00 | Epoch Time 87.34s (Eval 0.00s, Train 87.34s)
[STATE 2026-04-18 06:00:05] T6 Ep 2/10 complete: Prec 0.0000 F1 0.1663 DetRec 0.9978 DetFA 0.0026 | 87.34s total (0.00s eval/87.34s train)
[STATE 2026-04-18 06:00:05] Task 6 Epoch 3/10: entering train loop
T6 Ep 3/10 | L 0.4077 | Train Acc 0.00 | Prec 0.02 | F1 0.17 | Det Rec 1.00 | Det FA 0.00 | Epoch Time 87.41s (Eval 0.00s, Train 87.41s)
[STATE 2026-04-18 06:01:32] T6 Ep 3/10 complete: Prec 0.0176 F1 0.1675 DetRec 0.9977 DetFA 0.0034 | 87.41s total (0.00s eval/87.41s train)
[STATE 2026-04-18 06:01:32] Task 6 Epoch 4/10: entering train loop
T6 Ep 4/10 | L 0.3409 | Train Acc 0.00 | Prec 0.02 | F1 0.17 | Det Rec 1.00 | Det FA 0.01 | Epoch Time 87.25s (Eval 0.00s, Train 87.25s)
[STATE 2026-04-18 06:03:00] T6 Ep 4/10 complete: Prec 0.0235 F1 0.1680 DetRec 0.9969 DetFA 0.0051 | 87.25s total (0.00s eval/87.25s train)
[STATE 2026-04-18 06:03:00] Task 6 Epoch 5/10: entering train loop
T6 Ep 5/10 | L 0.3007 | Train Acc 0.02 | Prec 0.20 | F1 0.19 | Det Rec 1.00 | Det FA 0.01 | Epoch Time 87.38s (Eval 0.00s, Train 87.38s)
[STATE 2026-04-18 06:04:27] T6 Ep 5/10 complete: Prec 0.2013 F1 0.1915 DetRec 0.9962 DetFA 0.0071 | 87.38s total (0.00s eval/87.38s train)
[STATE 2026-04-18 06:04:27] Task 6 Epoch 6/10: entering train loop
T6 Ep 6/10 | L 0.2687 | Train Acc 0.03 | Prec 0.30 | F1 0.21 | Det Rec 1.00 | Det FA 0.01 | Epoch Time 87.49s (Eval 0.00s, Train 87.49s)
[STATE 2026-04-18 06:05:54] T6 Ep 6/10 complete: Prec 0.2984 F1 0.2111 DetRec 0.9970 DetFA 0.0057 | 87.49s total (0.00s eval/87.49s train)
[STATE 2026-04-18 06:05:54] Task 6 Epoch 7/10: entering train loop
T6 Ep 7/10 | L 0.2381 | Train Acc 0.09 | Prec 0.57 | F1 0.29 | Det Rec 1.00 | Det FA 0.00 | Epoch Time 87.71s (Eval 0.00s, Train 87.71s)
[STATE 2026-04-18 06:07:22] T6 Ep 7/10 complete: Prec 0.5651 F1 0.2852 DetRec 0.9973 DetFA 0.0044 | 87.71s total (0.00s eval/87.71s train)
[STATE 2026-04-18 06:07:22] Task 6 Epoch 8/10: entering train loop
T6 Ep 8/10 | L 0.2119 | Train Acc 0.20 | Prec 0.64 | F1 0.41 | Det Rec 1.00 | Det FA 0.01 | Epoch Time 87.04s (Eval 0.00s, Train 87.04s)
[STATE 2026-04-18 06:08:49] T6 Ep 8/10 complete: Prec 0.6406 F1 0.4051 DetRec 0.9972 DetFA 0.0051 | 87.04s total (0.00s eval/87.04s train)
[STATE 2026-04-18 06:08:49] Task 6 Epoch 9/10: entering train loop
T6 Ep 9/10 | L 0.1903 | Train Acc 0.31 | Prec 0.67 | F1 0.51 | Det Rec 1.00 | Det FA 0.00 | Epoch Time 87.32s (Eval 0.00s, Train 87.32s)
[STATE 2026-04-18 06:10:17] T6 Ep 9/10 complete: Prec 0.6663 F1 0.5069 DetRec 0.9974 DetFA 0.0048 | 87.32s total (0.00s eval/87.32s train)
[STATE 2026-04-18 06:10:17] Task 6 Epoch 10/10: entering train loop
T6 Ep 10/10 | L 0.1697 | Train Acc 0.43 | Prec 0.74 | F1 0.59 | Det Rec 1.00 | Det FA 0.00 | Epoch Time 87.39s (Eval 0.00s, Train 87.39s)
[STATE 2026-04-18 06:11:44] T6 Ep 10/10 complete: Prec 0.7403 F1 0.5913 DetRec 0.9979 DetFA 0.0037 | 87.39s total (0.00s eval/87.39s train)
[STATE 2026-04-18 06:11:44] Task 6: running final validation.
[STATE 2026-04-18 06:17:43] Completed task 6 (7/10)
Note: Unified mixed IQ test tensors to (N, 3, L) via ADC0 I/Q + zero-padded ADC1/2 (IID2-style) for cumulative CIL.
[STATE 2026-04-18 06:17:44] Task 7: zero-shot validation (pre-train)
---- Zero-shot (pre-train) task 7: rec_cls 0.0922 | prec_cls 0.1293 | f1_cls 0.0855 | det 0.6039 | pfa 0.4203 | total_f1 0.1087 ----
[STATE 2026-04-18 06:25:34] Starting task 7 (8/10)
[STATE 2026-04-18 06:25:34] Task 7 Epoch 1/10: entering train loop
[STATE 2026-04-18 06:41:26] Task 7 Epoch 1/10: running validation (end of epoch)
---- Eval at Epoch 0: cls [0.19969200507003385, 0.11859144119046333, 0.05560776379995141, 0.05163052197282263, 0.041395594797659904, 0.06699081638217007, 0.05508887308915222, 0.09682571835573316] | det_recall [0.5000575428330016, 0.5052939953441512, 0.5759553279997152, 0.5261062605339083, 0.5037756825654387, 0.6402490671293846, 0.6095023615517128, 0.6464508318013803] | det_fa [0.9783486669884827, 0.9611269092171549, 0.7961784127688556, 0.8865347317214203, 0.9221539976413555, 0.6469145806608915, 0.7036970378968429, 0.643852380881087] ----
T7 Ep 1/10 | L 0.5045 | Train Acc 0.39 | Prec 0.76 | F1 0.53 | Det Rec 0.84 | Det FA 0.28 | Epoch Time 1422.38s (Eval 469.60s, Train 952.79s)
[STATE 2026-04-18 06:49:16] T7 Ep 1/10 complete: Prec 0.7609 F1 0.5305 DetRec 0.8359 DetFA 0.2838 | 1422.38s total (469.60s eval/952.79s train)
[STATE 2026-04-18 06:49:16] Task 7 Epoch 2/10: entering train loop
T7 Ep 2/10 | L 0.2554 | Train Acc 0.63 | Prec 0.91 | F1 0.74 | Det Rec 0.86 | Det FA 0.26 | Epoch Time 951.22s (Eval 0.00s, Train 951.22s)
[STATE 2026-04-18 07:05:07] T7 Ep 2/10 complete: Prec 0.9134 F1 0.7441 DetRec 0.8557 DetFA 0.2597 | 951.22s total (0.00s eval/951.22s train)
[STATE 2026-04-18 07:05:07] Task 7 Epoch 3/10: entering train loop
T7 Ep 3/10 | L 0.2103 | Train Acc 0.66 | Prec 0.93 | F1 0.77 | Det Rec 0.86 | Det FA 0.26 | Epoch Time 952.80s (Eval 0.00s, Train 952.80s)
[STATE 2026-04-18 07:21:00] T7 Ep 3/10 complete: Prec 0.9324 F1 0.7684 DetRec 0.8592 DetFA 0.2603 | 952.80s total (0.00s eval/952.80s train)
[STATE 2026-04-18 07:21:00] Task 7 Epoch 4/10: entering train loop
T7 Ep 4/10 | L 0.1889 | Train Acc 0.67 | Prec 0.93 | F1 0.78 | Det Rec 0.86 | Det FA 0.26 | Epoch Time 953.18s (Eval 0.00s, Train 953.18s)
[STATE 2026-04-18 07:36:53] T7 Ep 4/10 complete: Prec 0.9294 F1 0.7760 DetRec 0.8623 DetFA 0.2560 | 953.18s total (0.00s eval/953.18s train)
[STATE 2026-04-18 07:36:53] Task 7 Epoch 5/10: entering train loop
T7 Ep 5/10 | L 0.1751 | Train Acc 0.69 | Prec 0.93 | F1 0.79 | Det Rec 0.86 | Det FA 0.27 | Epoch Time 951.49s (Eval 0.00s, Train 951.49s)
[STATE 2026-04-18 07:52:45] T7 Ep 5/10 complete: Prec 0.9331 F1 0.7877 DetRec 0.8584 DetFA 0.2696 | 951.49s total (0.00s eval/951.49s train)
[STATE 2026-04-18 07:52:45] Task 7 Epoch 6/10: entering train loop
T7 Ep 6/10 | L 0.1600 | Train Acc 0.70 | Prec 0.94 | F1 0.80 | Det Rec 0.86 | Det FA 0.27 | Epoch Time 951.73s (Eval 0.00s, Train 951.73s)
[STATE 2026-04-18 08:08:36] T7 Ep 6/10 complete: Prec 0.9367 F1 0.7955 DetRec 0.8599 DetFA 0.2690 | 951.73s total (0.00s eval/951.73s train)
[STATE 2026-04-18 08:08:36] Task 7 Epoch 7/10: entering train loop
T7 Ep 7/10 | L 0.1482 | Train Acc 0.70 | Prec 0.94 | F1 0.80 | Det Rec 0.86 | Det FA 0.27 | Epoch Time 951.84s (Eval 0.00s, Train 951.84s)
[STATE 2026-04-18 08:24:28] T7 Ep 7/10 complete: Prec 0.9410 F1 0.8007 DetRec 0.8613 DetFA 0.2679 | 951.84s total (0.00s eval/951.84s train)
[STATE 2026-04-18 08:24:28] Task 7 Epoch 8/10: entering train loop
T7 Ep 8/10 | L 0.1437 | Train Acc 0.71 | Prec 0.94 | F1 0.81 | Det Rec 0.86 | Det FA 0.27 | Epoch Time 951.78s (Eval 0.00s, Train 951.78s)
[STATE 2026-04-18 08:40:20] T7 Ep 8/10 complete: Prec 0.9434 F1 0.8085 DetRec 0.8632 DetFA 0.2655 | 951.78s total (0.00s eval/951.78s train)
[STATE 2026-04-18 08:40:20] Task 7 Epoch 9/10: entering train loop
T7 Ep 9/10 | L 0.1369 | Train Acc 0.72 | Prec 0.94 | F1 0.81 | Det Rec 0.87 | Det FA 0.26 | Epoch Time 952.06s (Eval 0.00s, Train 952.06s)
[STATE 2026-04-18 08:56:12] T7 Ep 9/10 complete: Prec 0.9371 F1 0.8105 DetRec 0.8654 DetFA 0.2610 | 952.06s total (0.00s eval/952.06s train)
[STATE 2026-04-18 08:56:12] Task 7 Epoch 10/10: entering train loop
T7 Ep 10/10 | L 0.1296 | Train Acc 0.73 | Prec 0.94 | F1 0.81 | Det Rec 0.86 | Det FA 0.26 | Epoch Time 951.91s (Eval 0.00s, Train 951.91s)
[STATE 2026-04-18 09:12:04] T7 Ep 10/10 complete: Prec 0.9412 F1 0.8129 DetRec 0.8642 DetFA 0.2648 | 951.91s total (0.00s eval/951.91s train)
[STATE 2026-04-18 09:12:04] Task 7: running final validation.
[STATE 2026-04-18 09:19:54] Completed task 7 (8/10)
Note: Unified mixed IQ test tensors to (N, 3, L) via ADC0 I/Q + zero-padded ADC1/2 (IID2-style) for cumulative CIL.
[STATE 2026-04-18 09:19:55] Task 8: zero-shot validation (pre-train)
---- Zero-shot (pre-train) task 8: rec_cls 0.0821 | prec_cls 0.1709 | f1_cls 0.0815 | det 0.6078 | pfa 0.7369 | total_f1 0.0516 ----
[STATE 2026-04-18 09:29:40] Starting task 8 (9/10)
[STATE 2026-04-18 09:29:40] Task 8 Epoch 1/10: entering train loop
[STATE 2026-04-18 09:32:45] Task 8 Epoch 1/10: running validation (end of epoch)
---- Eval at Epoch 0: cls [0.19206923318904312, 0.2217115632642205, 0.06641314045228564, 0.056546470839900026, 0.04151705702219099, 0.09381350394874274, 0.0750422828138498, 0.126914897918447, 0.10046936016338032] | det_recall [0.7737746697759289, 0.751973266218315, 0.6781458558469032, 0.6435671601202129, 0.6069223830396666, 0.6886462016792346, 0.6702874920700846, 0.6615435657323802, 0.6372493560749803] | det_fa [0.2734788346850451, 0.3102486764723406, 0.4163749719164969, 0.4526976367773279, 0.5086461970307927, 0.3668368778786172, 0.38951120386183313, 0.4213868467050493, 0.4645466422545601] ----
T8 Ep 1/10 | L 0.8943 | Train Acc 0.00 | Prec 0.00 | F1 0.08 | Det Rec 0.68 | Det FA 0.56 | Epoch Time 769.71s (Eval 585.34s, Train 184.38s)
[STATE 2026-04-18 09:42:30] T8 Ep 1/10 complete: Prec 0.0000 F1 0.0770 DetRec 0.6840 DetFA 0.5553 | 769.71s total (585.34s eval/184.38s train)
[STATE 2026-04-18 09:42:30] Task 8 Epoch 2/10: entering train loop
T8 Ep 2/10 | L 0.3754 | Train Acc 0.02 | Prec 0.21 | F1 0.12 | Det Rec 0.75 | Det FA 0.43 | Epoch Time 184.01s (Eval 0.00s, Train 184.01s)
[STATE 2026-04-18 09:45:34] T8 Ep 2/10 complete: Prec 0.2083 F1 0.1244 DetRec 0.7510 DetFA 0.4296 | 184.01s total (0.00s eval/184.01s train)
[STATE 2026-04-18 09:45:34] Task 8 Epoch 3/10: entering train loop
T8 Ep 3/10 | L 0.2894 | Train Acc 0.08 | Prec 0.51 | F1 0.21 | Det Rec 0.77 | Det FA 0.40 | Epoch Time 184.83s (Eval 0.00s, Train 184.83s)
[STATE 2026-04-18 09:48:39] T8 Ep 3/10 complete: Prec 0.5071 F1 0.2129 DetRec 0.7677 DetFA 0.4014 | 184.83s total (0.00s eval/184.83s train)
[STATE 2026-04-18 09:48:39] Task 8 Epoch 4/10: entering train loop
T8 Ep 4/10 | L 0.2569 | Train Acc 0.14 | Prec 0.61 | F1 0.28 | Det Rec 0.77 | Det FA 0.40 | Epoch Time 184.01s (Eval 0.00s, Train 184.01s)
[STATE 2026-04-18 09:51:43] T8 Ep 4/10 complete: Prec 0.6097 F1 0.2843 DetRec 0.7719 DetFA 0.4031 | 184.01s total (0.00s eval/184.01s train)
[STATE 2026-04-18 09:51:43] Task 8 Epoch 5/10: entering train loop
T8 Ep 5/10 | L 0.2138 | Train Acc 0.29 | Prec 0.79 | F1 0.45 | Det Rec 0.81 | Det FA 0.34 | Epoch Time 183.72s (Eval 0.00s, Train 183.72s)
[STATE 2026-04-18 09:54:47] T8 Ep 5/10 complete: Prec 0.7861 F1 0.4475 DetRec 0.8052 DetFA 0.3361 | 183.72s total (0.00s eval/183.72s train)
[STATE 2026-04-18 09:54:47] Task 8 Epoch 6/10: entering train loop
T8 Ep 6/10 | L 0.1964 | Train Acc 0.46 | Prec 0.83 | F1 0.55 | Det Rec 0.81 | Det FA 0.33 | Epoch Time 184.52s (Eval 0.00s, Train 184.52s)
[STATE 2026-04-18 09:57:51] T8 Ep 6/10 complete: Prec 0.8295 F1 0.5521 DetRec 0.8117 DetFA 0.3334 | 184.52s total (0.00s eval/184.52s train)
[STATE 2026-04-18 09:57:51] Task 8 Epoch 7/10: entering train loop
T8 Ep 7/10 | L 0.1777 | Train Acc 0.48 | Prec 0.86 | F1 0.57 | Det Rec 0.81 | Det FA 0.34 | Epoch Time 183.99s (Eval 0.00s, Train 183.99s)
[STATE 2026-04-18 10:00:55] T8 Ep 7/10 complete: Prec 0.8604 F1 0.5651 DetRec 0.8113 DetFA 0.3423 | 183.99s total (0.00s eval/183.99s train)
[STATE 2026-04-18 10:00:55] Task 8 Epoch 8/10: entering train loop
T8 Ep 8/10 | L 0.1573 | Train Acc 0.52 | Prec 0.87 | F1 0.59 | Det Rec 0.82 | Det FA 0.33 | Epoch Time 184.34s (Eval 0.00s, Train 184.34s)
[STATE 2026-04-18 10:04:00] T8 Ep 8/10 complete: Prec 0.8687 F1 0.5876 DetRec 0.8175 DetFA 0.3336 | 184.34s total (0.00s eval/184.34s train)
[STATE 2026-04-18 10:04:00] Task 8 Epoch 9/10: entering train loop
T8 Ep 9/10 | L 0.1495 | Train Acc 0.54 | Prec 0.87 | F1 0.60 | Det Rec 0.81 | Det FA 0.36 | Epoch Time 184.20s (Eval 0.00s, Train 184.20s)
[STATE 2026-04-18 10:07:04] T8 Ep 9/10 complete: Prec 0.8655 F1 0.6036 DetRec 0.8073 DetFA 0.3590 | 184.20s total (0.00s eval/184.20s train)
[STATE 2026-04-18 10:07:04] Task 8 Epoch 10/10: entering train loop
T8 Ep 10/10 | L 0.1403 | Train Acc 0.60 | Prec 0.87 | F1 0.61 | Det Rec 0.80 | Det FA 0.38 | Epoch Time 184.32s (Eval 0.00s, Train 184.32s)
[STATE 2026-04-18 10:10:08] T8 Ep 10/10 complete: Prec 0.8673 F1 0.6114 DetRec 0.8013 DetFA 0.3808 | 184.32s total (0.00s eval/184.32s train)
[STATE 2026-04-18 10:10:08] Task 8: running final validation.
[STATE 2026-04-18 10:19:54] Completed task 8 (9/10)
Note: Unified mixed IQ test tensors to (N, 3, L) via ADC0 I/Q + zero-padded ADC1/2 (IID2-style) for cumulative CIL.
[STATE 2026-04-18 10:19:55] Task 9: zero-shot validation (pre-train)
---- Zero-shot (pre-train) task 9: rec_cls 0.0898 | prec_cls 0.1885 | f1_cls 0.1027 | det 0.6464 | pfa 0.5291 | total_f1 0.1164 ----
[STATE 2026-04-18 10:31:37] Starting task 9 (10/10)
[STATE 2026-04-18 10:31:37] Task 9 Epoch 1/10: entering train loop
[STATE 2026-04-18 10:33:04] Task 9 Epoch 1/10: running validation (end of epoch)
---- Eval at Epoch 0: cls [0.2013019769016538, 0.1456770831350504, 0.06899895726670763, 0.05127113193140943, 0.033407599318814256, 0.06552202512040743, 0.05606889202277725, 0.08497829730154054, 0.06035292650946937, 0.05287156109743088] | det_recall [0.8279331196853713, 0.8046000481347109, 0.6528974694184693, 0.6766100609832613, 0.6759818512651048, 0.6501762273003597, 0.6537023198221723, 0.6507964525600499, 0.6289991925723445, 0.6171232850377352] | det_fa [0.20148313774729817, 0.20807102381896514, 0.45317405703809843, 0.38321750612847166, 0.3751052116596842, 0.43371142407603774, 0.4274875810330889, 0.430592504116223, 0.4925775465504911, 0.5218443523538493] ----
T9 Ep 1/10 | L 1.0648 | Train Acc 0.00 | Prec 0.00 | F1 0.16 | Det Rec 0.98 | Det FA 0.02 | Epoch Time 788.89s (Eval 701.70s, Train 87.20s)
[STATE 2026-04-18 10:44:46] T9 Ep 1/10 complete: Prec 0.0000 F1 0.1627 DetRec 0.9770 DetFA 0.0248 | 788.89s total (701.70s eval/87.20s train)
[STATE 2026-04-18 10:44:46] Task 9 Epoch 2/10: entering train loop
T9 Ep 2/10 | L 0.5107 | Train Acc 0.00 | Prec 0.03 | F1 0.17 | Det Rec 1.00 | Det FA 0.00 | Epoch Time 87.23s (Eval 0.00s, Train 87.23s)
[STATE 2026-04-18 10:46:13] T9 Ep 2/10 complete: Prec 0.0265 F1 0.1686 DetRec 0.9980 DetFA 0.0000 | 87.23s total (0.00s eval/87.23s train)
[STATE 2026-04-18 10:46:13] Task 9 Epoch 3/10: entering train loop
T9 Ep 3/10 | L 0.3902 | Train Acc 0.00 | Prec 0.07 | F1 0.17 | Det Rec 1.00 | Det FA 0.00 | Epoch Time 87.28s (Eval 0.00s, Train 87.28s)
[STATE 2026-04-18 10:47:40] T9 Ep 3/10 complete: Prec 0.0667 F1 0.1735 DetRec 0.9984 DetFA 0.0000 | 87.28s total (0.00s eval/87.28s train)
[STATE 2026-04-18 10:47:40] Task 9 Epoch 4/10: entering train loop
T9 Ep 4/10 | L 0.3314 | Train Acc 0.04 | Prec 0.21 | F1 0.22 | Det Rec 1.00 | Det FA 0.00 | Epoch Time 87.32s (Eval 0.00s, Train 87.32s)
[STATE 2026-04-18 10:49:07] T9 Ep 4/10 complete: Prec 0.2077 F1 0.2184 DetRec 0.9981 DetFA 0.0000 | 87.32s total (0.00s eval/87.32s train)
[STATE 2026-04-18 10:49:07] Task 9 Epoch 5/10: entering train loop
T9 Ep 5/10 | L 0.2770 | Train Acc 0.08 | Prec 0.35 | F1 0.26 | Det Rec 1.00 | Det FA 0.00 | Epoch Time 87.10s (Eval 0.00s, Train 87.10s)
[STATE 2026-04-18 10:50:34] T9 Ep 5/10 complete: Prec 0.3499 F1 0.2592 DetRec 0.9996 DetFA 0.0000 | 87.10s total (0.00s eval/87.10s train)
[STATE 2026-04-18 10:50:34] Task 9 Epoch 6/10: entering train loop
T9 Ep 6/10 | L 0.2467 | Train Acc 0.19 | Prec 0.60 | F1 0.37 | Det Rec 1.00 | Det FA 0.00 | Epoch Time 87.08s (Eval 0.00s, Train 87.08s)
[STATE 2026-04-18 10:52:02] T9 Ep 6/10 complete: Prec 0.5984 F1 0.3691 DetRec 0.9994 DetFA 0.0000 | 87.08s total (0.00s eval/87.08s train)
[STATE 2026-04-18 10:52:02] Task 9 Epoch 7/10: entering train loop
T9 Ep 7/10 | L 0.2230 | Train Acc 0.25 | Prec 0.69 | F1 0.43 | Det Rec 1.00 | Det FA 0.00 | Epoch Time 87.15s (Eval 0.00s, Train 87.15s)
[STATE 2026-04-18 10:53:29] T9 Ep 7/10 complete: Prec 0.6880 F1 0.4290 DetRec 0.9998 DetFA 0.0000 | 87.15s total (0.00s eval/87.15s train)
[STATE 2026-04-18 10:53:29] Task 9 Epoch 8/10: entering train loop
T9 Ep 8/10 | L 0.1964 | Train Acc 0.33 | Prec 0.74 | F1 0.51 | Det Rec 1.00 | Det FA 0.00 | Epoch Time 87.46s (Eval 0.00s, Train 87.46s)
[STATE 2026-04-18 10:54:56] T9 Ep 8/10 complete: Prec 0.7414 F1 0.5079 DetRec 0.9995 DetFA 0.0000 | 87.46s total (0.00s eval/87.46s train)
[STATE 2026-04-18 10:54:56] Task 9 Epoch 9/10: entering train loop
T9 Ep 9/10 | L 0.1893 | Train Acc 0.40 | Prec 0.75 | F1 0.56 | Det Rec 1.00 | Det FA 0.00 | Epoch Time 87.41s (Eval 0.00s, Train 87.41s)
[STATE 2026-04-18 10:56:24] T9 Ep 9/10 complete: Prec 0.7529 F1 0.5650 DetRec 1.0000 DetFA 0.0000 | 87.41s total (0.00s eval/87.41s train)
[STATE 2026-04-18 10:56:24] Task 9 Epoch 10/10: entering train loop
T9 Ep 10/10 | L 0.1650 | Train Acc 0.48 | Prec 0.78 | F1 0.63 | Det Rec 1.00 | Det FA 0.00 | Epoch Time 87.54s (Eval 0.00s, Train 87.54s)
[STATE 2026-04-18 10:57:51] T9 Ep 10/10 complete: Prec 0.7781 F1 0.6335 DetRec 0.9998 DetFA 0.0000 | 87.54s total (0.00s eval/87.54s train)
[STATE 2026-04-18 10:57:51] Task 9: running final validation.
[STATE 2026-04-18 11:09:33] Completed task 9 (10/10)
####Final Validation Accuracy####
Final Results:- 
 Total Recall: 0.1284324383999396 
 Individual Recall: [0.2111003238264051, 0.2100260483365754, 0.074370224677173, 0.07723249544203722, 0.0709676437795047, 0.12587283216943915, 0.1067503772027707, 0.1611161026298674, 0.1282991014817156, 0.11858923445390761]
Final Detection Results:- 
 Total Detection: 0.6802117769644698 
 Individual Detection: [0.8403827326040686, 0.8145360872202082, 0.6361870075186201, 0.6354340939969545, 0.6371977577976855, 0.649304187647561, 0.6356491461479161, 0.6728925645669181, 0.6469353356114556, 0.6335988565333103]
Final Detection False Alarm:- 
 Total False Alarm: 0.430919406034432 
 Individual False Alarm: [0.232537023559912, 0.23247938179514377, 0.48516710978604866, 0.47875540070361394, 0.4728527070975296, 0.4684310663528148, 0.4901115278591352, 0.4456657936090055, 0.49128363459700575, 0.511910414984111]
SUMMARY_TR cls_rec=0.4833 cls_prec=0.7781 cls_f1=0.6335 det=0.6839 fa=0.3927
SUMMARY_TE cls_rec=0.1284 cls_prec=0.2535 cls_f1=0.1278 det=0.6802 fa=0.4309
[STATE 2026-04-18 11:09:33] Saving results to logs//smaml/full-tasks_CIL_all-2026-04-17_11-04-10-7961/0/results
Model size: 0.0289 GB
Memory buffer size: 0.0000 GB
logs//smaml/full-tasks_CIL_all-2026-04-17_11-04-10-7961/0/results: {'expt_name': 'full-tasks_CIL_all', 'model': 'lamaml_cifar', 'arch': 'resnet1d', 'n_hiddens': 100, 'n_layers': 2, 'xav_init': False, 'debug': False, 'use_detector_arch': False, 'inner_steps': 1, 'n_epochs': 10, 'batch_size': 256, 'replay_batch_size': 128, 'memories': 5120, 'lr': 0.001, 'optimizer': 'sgd', 'class_weighted_ce': True, 'cuda': True, 'seed': 0, 'log_every': 10, 'log_dir': 'logs//smaml/full-tasks_CIL_all-2026-04-17_11-04-10-7961/0', 'tf_dir': 'logs//smaml/full-tasks_CIL_all-2026-04-17_11-04-10-7961/0/tfdir', 'calc_test_accuracy': False, 'state_logging': True, 'data_path': 'data/rff/radar/full', 'task_order_files': 't2-rcn,t0-rcn,t2-uclresm-25noise,t0-deeprad,t1-deeprad,t1-uclresm-25noise,t3-deeprad,t0-uclresm-25noise,t1-rcn,t2-deeprad', 'loader': 'class_incremental_loader', 'samples_per_task': -1, 'shuffle_tasks': False, 'classes_per_it': 6, 'iterations': 5000, 'dataset': 'iq', 'workers': 0, 'validation': 0.5, 'data_scaling': 'normalize', 'use_iq_aug_features': False, 'iq_aug_feature_type': 'power', 'class_order': 'random', 'increment': 5, 'test_batch_size': 512, 'nc_per_task': None, 'nc_per_task_list': '', 'val_rate': 1000, 'opt_lr': 0.3, 'opt_wt': 0.01, 'alpha_init': 0.01, 'learn_lr': True, 'sync_update': True, 'grad_clip_norm': 5.0, 'meta_batches': 3, 'use_old_task_memory': False, 'second_order': True, 'n_memories': 5120, 'memory_strength': 0, 'steps_per_sample': 1, 'bgd_optimizer': 'sgd', 'optimizer_params': '{}', 'train_mc_iters': 5, 'std_init': 0.05, 'mean_eta': 1, 'fisher_gamma': 0.95, 'rln': 7, 'meta_lr': 0.001, 'update_lr': 0.1, 'ctx_lr': 0.05, 'n_meta': 1, 'temperature': 5.0, 'task_emb': 64, 'noise_label': 54, 'classes_per_task': [5, 6, 5, 6, 6, 5, 5, 5, 6, 5], 'get_samples_per_task': <bound method IncrementalLoader.get_samples_per_task of <dataloaders.class_incremental_loader.IncrementalLoader object at 0x796efccac940>>} # val: 0.206 0.128 -0.077 0.000 # sizes: model_gb=0.0289 mem_gb=0.0000 # 86654.19110274315
[STATE 2026-04-18 11:09:33] results.pt components (approx): state_dict 29.6 MB, result_val_t 0.1 KB, result_val_a 0.8 KB
[STATE 2026-04-18 11:09:33] Results saved; total runtime 24.07h
Total runtime: 24.07 hours
