[STATE 2026-04-17 18:33:04] Enabling terminal logging to logs//si/full-tasks_CIL_all-2026-04-17_18-33-04-0892/0/terminal.log
New Experiment Starting...
Running model:  si
[STATE 2026-04-17 18:33:04] Experiment 'full-tasks_CIL_all' starting with model 'si' (seed 0)
Set seed 0
t2-rcn.npz train: x=(50362, 1024), y=(50362, 2)
t2-rcn.npz test: x=(16787, 1024), y=(16787, 2)
t2-rcn.npz: applied data scaling mode 'normalize'.
Loaded t2-rcn.npz: Unique train labels: UniqueCountsResult(values=array([-1,  3,  5, 10, 12, 15]), counts=array([24209,  5770,  3030,  2320,  7509,  7524]))
Noise labels ratio in t2-rcn.npz train: 0.24, test: 0.24
Loaded t2-rcn.npz: Remapped labels: [-1  0  1  2  3  4]. Size: 50362)
t0-rcn.npz train: x=(51916, 1024), y=(51916, 2)
t0-rcn.npz test: x=(17305, 1024), y=(17305, 2)
t0-rcn.npz: applied data scaling mode 'normalize'.
Loaded t0-rcn.npz: Unique train labels: UniqueCountsResult(values=array([-1,  1,  8,  9, 11, 13, 14]), counts=array([24225,  4268,  2495,  2943,  3015,  7464,  7506]))
Noise labels ratio in t0-rcn.npz train: 0.23, test: 0.23
Loaded t0-rcn.npz: Remapped labels: [-1  5  6  7  8  9 10]. Size: 51916)
t2-uclresm-25noise.npz train: moved sample axis (3, 350028, 1024) -> (350028, 3, 1024)
t2-uclresm-25noise.npz test: moved sample axis (3, 233351, 1024) -> (233351, 3, 1024)
t2-uclresm-25noise.npz train: x=(350028, 3, 1024), y=(350028,)
t2-uclresm-25noise.npz test: x=(233351, 3, 1024), y=(233351,)
t2-uclresm-25noise.npz: applied data scaling mode 'normalize'.
Loaded t2-uclresm-25noise.npz: Unique train labels: UniqueCountsResult(values=array([-1,  0,  1,  2,  3,  4]), counts=array([87441, 27347, 71754, 64298, 36005, 63183]))
Noise labels ratio in t2-uclresm-25noise.npz train: 0.25, test: 0.25
Loaded t2-uclresm-25noise.npz: Remapped labels: [-1 11 12 13 14 15]. Size: 350028)
t0-deeprad.npz train: x=(24480, 1024), y=(24480, 2)
t0-deeprad.npz test: x=(8160, 1024), y=(8160, 2)
t0-deeprad.npz: applied data scaling mode 'normalize'.
Loaded t0-deeprad.npz: Unique train labels: UniqueCountsResult(values=array([-1,  0,  1,  2,  3,  4,  5]), counts=array([12240,  2029,  1983,  2043,  2154,  2015,  2016]))
Noise labels ratio in t0-deeprad.npz train: 0.25, test: 0.25
Loaded t0-deeprad.npz: Remapped labels: [-1 16 17 18 19 20 21]. Size: 24480)
t1-deeprad.npz train: x=(24480, 1024), y=(24480, 2)
t1-deeprad.npz test: x=(8160, 1024), y=(8160, 2)
t1-deeprad.npz: applied data scaling mode 'normalize'.
Loaded t1-deeprad.npz: Unique train labels: UniqueCountsResult(values=array([-1,  0,  1,  2,  3,  4,  5]), counts=array([12240,  1988,  2029,  2054,  1988,  2053,  2128]))
Noise labels ratio in t1-deeprad.npz train: 0.25, test: 0.25
Loaded t1-deeprad.npz: Remapped labels: [-1 22 23 24 25 26 27]. Size: 24480)
t1-uclresm-25noise.npz train: moved sample axis (3, 201410, 1024) -> (201410, 3, 1024)
t1-uclresm-25noise.npz test: moved sample axis (3, 116291, 1024) -> (116291, 3, 1024)
t1-uclresm-25noise.npz train: x=(201410, 3, 1024), y=(201410,)
t1-uclresm-25noise.npz test: x=(116291, 3, 1024), y=(116291,)
t1-uclresm-25noise.npz: applied data scaling mode 'normalize'.
Loaded t1-uclresm-25noise.npz: Unique train labels: UniqueCountsResult(values=array([-1,  0,  1,  2,  3,  4]), counts=array([43668, 18021, 17838, 18087, 31870, 71926]))
Noise labels ratio in t1-uclresm-25noise.npz train: 0.22, test: 0.25
Loaded t1-uclresm-25noise.npz: Remapped labels: [-1 28 29 30 31 32]. Size: 201410)
t3-deeprad.npz train: x=(17340, 1024), y=(17340, 2)
t3-deeprad.npz test: x=(6800, 1024), y=(6800, 2)
t3-deeprad.npz: applied data scaling mode 'normalize'.
Loaded t3-deeprad.npz: Unique train labels: UniqueCountsResult(values=array([-1,  0,  1,  2,  3,  4]), counts=array([8670, 1693, 1677, 1794, 1716, 1790]))
Noise labels ratio in t3-deeprad.npz train: 0.25, test: 0.25
Loaded t3-deeprad.npz: Remapped labels: [-1 33 34 35 36 37]. Size: 17340)
t0-uclresm-25noise.npz train: moved sample axis (3, 188050, 1024) -> (188050, 3, 1024)
t0-uclresm-25noise.npz test: moved sample axis (3, 107348, 1024) -> (107348, 3, 1024)
t0-uclresm-25noise.npz train: x=(188050, 3, 1024), y=(188050,)
t0-uclresm-25noise.npz test: x=(107348, 3, 1024), y=(107348,)
t0-uclresm-25noise.npz: applied data scaling mode 'normalize'.
Loaded t0-uclresm-25noise.npz: Unique train labels: UniqueCountsResult(values=array([-1,  0,  1,  2,  3,  4]), counts=array([40144, 32109, 17978, 17979, 18098, 61742]))
Noise labels ratio in t0-uclresm-25noise.npz train: 0.21, test: 0.25
Loaded t0-uclresm-25noise.npz: Remapped labels: [-1 38 39 40 41 42]. Size: 188050)
t1-rcn.npz train: x=(36658, 1024), y=(36658, 2)
t1-rcn.npz test: x=(12220, 1024), y=(12220, 2)
t1-rcn.npz: applied data scaling mode 'normalize'.
Loaded t1-rcn.npz: Unique train labels: UniqueCountsResult(values=array([-1,  0,  2,  4,  6,  7, 16]), counts=array([20595,   824,  2087,  2606,  2396,  1716,  6434]))
Noise labels ratio in t1-rcn.npz train: 0.28, test: 0.28
Loaded t1-rcn.npz: Remapped labels: [-1 43 44 45 46 47 48]. Size: 36658)
t2-deeprad.npz train: x=(17340, 1024), y=(17340, 2)
t2-deeprad.npz test: x=(6800, 1024), y=(6800, 2)
t2-deeprad.npz: applied data scaling mode 'normalize'.
Loaded t2-deeprad.npz: Unique train labels: UniqueCountsResult(values=array([-1,  0,  1,  2,  3,  4]), counts=array([8670, 1774, 1675, 1777, 1694, 1750]))
Noise labels ratio in t2-deeprad.npz train: 0.25, test: 0.25
Loaded t2-deeprad.npz: Remapped labels: [-1 49 50 51 52 53]. Size: 17340)
Built IQ classes_per_task (increments): [5, 6, 5, 6, 6, 5, 5, 5, 6, 5]
Classes per task: [5, 6, 5, 6, 6, 5, 5, 5, 6, 5]
[STATE 2026-04-17 18:34:13] Loader 'class_incremental_loader' ready: 1024 inputs, 55 outputs, 10 tasks
n_outputs: 55 	n_tasks: 10
[STATE 2026-04-17 18:34:13] Logging to logs//si/full-tasks_CIL_all-2026-04-17_18-33-04-0892/0
True
Model device: cuda:0
[STATE 2026-04-17 18:34:13] Model initialized on device cuda:0
[STATE 2026-04-17 18:34:13] Invoking continual life experience flow
[STATE 2026-04-17 18:34:13] Life experience start: 10 tasks queued
[STATE 2026-04-17 18:34:13] Task 0: zero-shot validation (pre-train)
---- Zero-shot (pre-train) task 0: rec_cls 0.0002 | prec_cls 0.0064 | f1_cls 0.1065 | det 0.5023 | pfa 0.0626 | total_f1 0.1065 ----
[STATE 2026-04-17 18:34:19] Starting task 0 (1/10)
[STATE 2026-04-17 18:34:19] Task 0 Epoch 1/10: entering train loop
[STATE 2026-04-17 18:34:51] Task 0 Epoch 1/10: running validation (end of epoch)
---- Eval at Epoch 0: cls [0.4493552681500795] | det_recall [0.8112432256440975] | det_fa [0.27162685500260675] ----
T0 Ep 1/10 | L 1.5992 | Train Acc 0.30 | Prec 0.37 | F1 0.29 | Det Rec 0.68 | Det FA 0.43 | Epoch Time 37.58s (Eval 6.31s, Train 31.28s)
[STATE 2026-04-17 18:34:57] T0 Ep 1/10 complete: Prec 0.3701 F1 0.2941 DetRec 0.6805 DetFA 0.4303 | 37.58s total (6.31s eval/31.28s train)
[STATE 2026-04-17 18:34:57] Task 0 Epoch 2/10: entering train loop
T0 Ep 2/10 | L 0.9795 | Train Acc 0.59 | Prec 0.61 | F1 0.57 | Det Rec 0.84 | Det FA 0.27 | Epoch Time 31.44s (Eval 0.00s, Train 31.44s)
[STATE 2026-04-17 18:35:28] T0 Ep 2/10 complete: Prec 0.6056 F1 0.5706 DetRec 0.8448 DetFA 0.2709 | 31.44s total (0.00s eval/31.44s train)
[STATE 2026-04-17 18:35:28] Task 0 Epoch 3/10: entering train loop
T0 Ep 3/10 | L 0.7241 | Train Acc 0.72 | Prec 0.71 | F1 0.67 | Det Rec 0.86 | Det FA 0.25 | Epoch Time 31.52s (Eval 0.00s, Train 31.52s)
[STATE 2026-04-17 18:36:00] T0 Ep 3/10 complete: Prec 0.7110 F1 0.6656 DetRec 0.8642 DetFA 0.2541 | 31.52s total (0.00s eval/31.52s train)
[STATE 2026-04-17 18:36:00] Task 0 Epoch 4/10: entering train loop
T0 Ep 4/10 | L 0.5681 | Train Acc 0.80 | Prec 0.80 | F1 0.73 | Det Rec 0.87 | Det FA 0.24 | Epoch Time 31.65s (Eval 0.00s, Train 31.65s)
[STATE 2026-04-17 18:36:31] T0 Ep 4/10 complete: Prec 0.7961 F1 0.7333 DetRec 0.8707 DetFA 0.2409 | 31.65s total (0.00s eval/31.65s train)
[STATE 2026-04-17 18:36:31] Task 0 Epoch 5/10: entering train loop
T0 Ep 5/10 | L 0.4960 | Train Acc 0.83 | Prec 0.83 | F1 0.77 | Det Rec 0.88 | Det FA 0.23 | Epoch Time 31.73s (Eval 0.00s, Train 31.73s)
[STATE 2026-04-17 18:37:03] T0 Ep 5/10 complete: Prec 0.8318 F1 0.7680 DetRec 0.8758 DetFA 0.2324 | 31.73s total (0.00s eval/31.73s train)
[STATE 2026-04-17 18:37:03] Task 0 Epoch 6/10: entering train loop
T0 Ep 6/10 | L 0.4517 | Train Acc 0.84 | Prec 0.85 | F1 0.78 | Det Rec 0.88 | Det FA 0.23 | Epoch Time 31.65s (Eval 0.00s, Train 31.65s)
[STATE 2026-04-17 18:37:35] T0 Ep 6/10 complete: Prec 0.8456 F1 0.7812 DetRec 0.8775 DetFA 0.2293 | 31.65s total (0.00s eval/31.65s train)
[STATE 2026-04-17 18:37:35] Task 0 Epoch 7/10: entering train loop
T0 Ep 7/10 | L 0.4341 | Train Acc 0.86 | Prec 0.86 | F1 0.79 | Det Rec 0.88 | Det FA 0.23 | Epoch Time 31.24s (Eval 0.00s, Train 31.24s)
[STATE 2026-04-17 18:38:06] T0 Ep 7/10 complete: Prec 0.8604 F1 0.7934 DetRec 0.8798 DetFA 0.2253 | 31.24s total (0.00s eval/31.24s train)
[STATE 2026-04-17 18:38:06] Task 0 Epoch 8/10: entering train loop
T0 Ep 8/10 | L 0.4067 | Train Acc 0.86 | Prec 0.87 | F1 0.80 | Det Rec 0.88 | Det FA 0.22 | Epoch Time 31.50s (Eval 0.00s, Train 31.50s)
[STATE 2026-04-17 18:38:38] T0 Ep 8/10 complete: Prec 0.8685 F1 0.8018 DetRec 0.8790 DetFA 0.2250 | 31.50s total (0.00s eval/31.50s train)
[STATE 2026-04-17 18:38:38] Task 0 Epoch 9/10: entering train loop
T0 Ep 9/10 | L 0.3922 | Train Acc 0.87 | Prec 0.88 | F1 0.81 | Det Rec 0.88 | Det FA 0.22 | Epoch Time 31.50s (Eval 0.00s, Train 31.50s)
[STATE 2026-04-17 18:39:09] T0 Ep 9/10 complete: Prec 0.8781 F1 0.8091 DetRec 0.8820 DetFA 0.2199 | 31.50s total (0.00s eval/31.50s train)
[STATE 2026-04-17 18:39:09] Task 0 Epoch 10/10: entering train loop
T0 Ep 10/10 | L 0.3737 | Train Acc 0.88 | Prec 0.89 | F1 0.82 | Det Rec 0.88 | Det FA 0.22 | Epoch Time 31.43s (Eval 0.00s, Train 31.43s)
[STATE 2026-04-17 18:39:41] T0 Ep 10/10 complete: Prec 0.8870 F1 0.8172 DetRec 0.8822 DetFA 0.2180 | 31.43s total (0.00s eval/31.43s train)
[STATE 2026-04-17 18:39:41] Task 0: running final validation.
[STATE 2026-04-17 18:39:47] Completed task 0 (1/10)
[STATE 2026-04-17 18:39:47] Task 1: zero-shot validation (pre-train)
---- Zero-shot (pre-train) task 1: rec_cls 0.3773 | prec_cls 0.2196 | f1_cls 0.2673 | det 0.7835 | pfa 0.3254 | total_f1 0.5354 ----
[STATE 2026-04-17 18:40:05] Starting task 1 (2/10)
[STATE 2026-04-17 18:40:05] Task 1 Epoch 1/10: entering train loop
[STATE 2026-04-17 18:40:38] Task 1 Epoch 1/10: running validation (end of epoch)
---- Eval at Epoch 0: cls [0.2577149069832878, 0.3053273205554235] | det_recall [0.6479411459892253, 0.7046933467868994] | det_fa [0.0003541804504886367, 0.5284487257404027] ----
T1 Ep 1/10 | L 1.5069 | Train Acc 0.45 | Prec 0.49 | F1 0.36 | Det Rec 0.63 | Det FA 0.63 | Epoch Time 50.57s (Eval 17.97s, Train 32.60s)
[STATE 2026-04-17 18:40:55] T1 Ep 1/10 complete: Prec 0.4869 F1 0.3645 DetRec 0.6349 DetFA 0.6255 | 50.57s total (17.97s eval/32.60s train)
[STATE 2026-04-17 18:40:55] Task 1 Epoch 2/10: entering train loop
T1 Ep 2/10 | L 0.9328 | Train Acc 0.67 | Prec 0.71 | F1 0.55 | Det Rec 0.68 | Det FA 0.59 | Epoch Time 32.60s (Eval 0.00s, Train 32.60s)
[STATE 2026-04-17 18:41:28] T1 Ep 2/10 complete: Prec 0.7054 F1 0.5452 DetRec 0.6807 DetFA 0.5893 | 32.60s total (0.00s eval/32.60s train)
[STATE 2026-04-17 18:41:28] Task 1 Epoch 3/10: entering train loop
T1 Ep 3/10 | L 0.7480 | Train Acc 0.73 | Prec 0.77 | F1 0.63 | Det Rec 0.76 | Det FA 0.44 | Epoch Time 32.65s (Eval 0.00s, Train 32.65s)
[STATE 2026-04-17 18:42:01] T1 Ep 3/10 complete: Prec 0.7721 F1 0.6311 DetRec 0.7559 DetFA 0.4373 | 32.65s total (0.00s eval/32.65s train)
[STATE 2026-04-17 18:42:01] Task 1 Epoch 4/10: entering train loop
T1 Ep 4/10 | L 0.6496 | Train Acc 0.77 | Prec 0.80 | F1 0.67 | Det Rec 0.79 | Det FA 0.37 | Epoch Time 32.70s (Eval 0.00s, Train 32.70s)
[STATE 2026-04-17 18:42:33] T1 Ep 4/10 complete: Prec 0.8027 F1 0.6743 DetRec 0.7887 DetFA 0.3707 | 32.70s total (0.00s eval/32.70s train)
[STATE 2026-04-17 18:42:33] Task 1 Epoch 5/10: entering train loop
T1 Ep 5/10 | L 0.5900 | Train Acc 0.79 | Prec 0.82 | F1 0.70 | Det Rec 0.81 | Det FA 0.33 | Epoch Time 32.88s (Eval 0.00s, Train 32.88s)
[STATE 2026-04-17 18:43:06] T1 Ep 5/10 complete: Prec 0.8226 F1 0.7033 DetRec 0.8110 DetFA 0.3301 | 32.88s total (0.00s eval/32.88s train)
[STATE 2026-04-17 18:43:06] Task 1 Epoch 6/10: entering train loop
T1 Ep 6/10 | L 0.5519 | Train Acc 0.81 | Prec 0.84 | F1 0.73 | Det Rec 0.83 | Det FA 0.31 | Epoch Time 33.08s (Eval 0.00s, Train 33.08s)
[STATE 2026-04-17 18:43:39] T1 Ep 6/10 complete: Prec 0.8377 F1 0.7251 DetRec 0.8250 DetFA 0.3052 | 33.08s total (0.00s eval/33.08s train)
[STATE 2026-04-17 18:43:39] Task 1 Epoch 7/10: entering train loop
T1 Ep 7/10 | L 0.5123 | Train Acc 0.82 | Prec 0.85 | F1 0.74 | Det Rec 0.84 | Det FA 0.28 | Epoch Time 32.76s (Eval 0.00s, Train 32.76s)
[STATE 2026-04-17 18:44:12] T1 Ep 7/10 complete: Prec 0.8477 F1 0.7449 DetRec 0.8411 DetFA 0.2762 | 32.76s total (0.00s eval/32.76s train)
[STATE 2026-04-17 18:44:12] Task 1 Epoch 8/10: entering train loop
T1 Ep 8/10 | L 0.4825 | Train Acc 0.83 | Prec 0.86 | F1 0.76 | Det Rec 0.85 | Det FA 0.26 | Epoch Time 32.44s (Eval 0.00s, Train 32.44s)
[STATE 2026-04-17 18:44:45] T1 Ep 8/10 complete: Prec 0.8558 F1 0.7570 DetRec 0.8502 DetFA 0.2604 | 32.44s total (0.00s eval/32.44s train)
[STATE 2026-04-17 18:44:45] Task 1 Epoch 9/10: entering train loop
T1 Ep 9/10 | L 0.4577 | Train Acc 0.83 | Prec 0.86 | F1 0.77 | Det Rec 0.86 | Det FA 0.24 | Epoch Time 32.50s (Eval 0.00s, Train 32.50s)
[STATE 2026-04-17 18:45:17] T1 Ep 9/10 complete: Prec 0.8626 F1 0.7687 DetRec 0.8575 DetFA 0.2445 | 32.50s total (0.00s eval/32.50s train)
[STATE 2026-04-17 18:45:17] Task 1 Epoch 10/10: entering train loop
T1 Ep 10/10 | L 0.4356 | Train Acc 0.84 | Prec 0.87 | F1 0.78 | Det Rec 0.86 | Det FA 0.23 | Epoch Time 32.48s (Eval 0.00s, Train 32.48s)
[STATE 2026-04-17 18:45:50] T1 Ep 10/10 complete: Prec 0.8691 F1 0.7792 DetRec 0.8650 DetFA 0.2330 | 32.48s total (0.00s eval/32.48s train)
[STATE 2026-04-17 18:45:50] Task 1: running final validation.
[STATE 2026-04-17 18:46:08] Completed task 1 (2/10)
Note: Unified mixed IQ test tensors to (N, 3, L) via ADC0 I/Q + zero-padded ADC1/2 (IID2-style) for cumulative CIL.
[STATE 2026-04-17 18:46:09] Task 2: zero-shot validation (pre-train)
---- Zero-shot (pre-train) task 2: rec_cls 0.0651 | prec_cls 0.0093 | f1_cls 0.0170 | det 0.4220 | pfa 0.8714 | total_f1 0.2024 ----
[STATE 2026-04-17 18:47:36] Starting task 2 (3/10)
[STATE 2026-04-17 18:47:36] Task 2 Epoch 1/10: entering train loop
[STATE 2026-04-17 18:51:14] Task 2 Epoch 1/10: running validation (end of epoch)
---- Eval at Epoch 0: cls [0.004853844918494413, 0.00231105311541811, 0.0719715896971058] | det_recall [0.5010307929015592, 0.5150496129501525, 0.6307896536577301] | det_fa [0.0, 0.00030432949494268806, 0.5894840928786743] ----
T2 Ep 1/10 | L 1.5617 | Train Acc 0.29 | Prec 0.30 | F1 0.33 | Det Rec 0.76 | Det FA 0.40 | Epoch Time 305.49s (Eval 87.70s, Train 217.80s)
[STATE 2026-04-17 18:52:42] T2 Ep 1/10 complete: Prec 0.3015 F1 0.3317 DetRec 0.7630 DetFA 0.3956 | 305.49s total (87.70s eval/217.80s train)
[STATE 2026-04-17 18:52:42] Task 2 Epoch 2/10: entering train loop
T2 Ep 2/10 | L 1.2356 | Train Acc 0.46 | Prec 0.46 | F1 0.46 | Det Rec 0.79 | Det FA 0.37 | Epoch Time 216.74s (Eval 0.00s, Train 216.74s)
[STATE 2026-04-17 18:56:18] T2 Ep 2/10 complete: Prec 0.4555 F1 0.4646 DetRec 0.7899 DetFA 0.3667 | 216.74s total (0.00s eval/216.74s train)
[STATE 2026-04-17 18:56:18] Task 2 Epoch 3/10: entering train loop
T2 Ep 3/10 | L 1.0092 | Train Acc 0.59 | Prec 0.59 | F1 0.57 | Det Rec 0.80 | Det FA 0.36 | Epoch Time 218.06s (Eval 0.00s, Train 218.06s)
[STATE 2026-04-17 18:59:56] T2 Ep 3/10 complete: Prec 0.5894 F1 0.5728 DetRec 0.7985 DetFA 0.3620 | 218.06s total (0.00s eval/218.06s train)
[STATE 2026-04-17 18:59:56] Task 2 Epoch 4/10: entering train loop
T2 Ep 4/10 | L 0.8784 | Train Acc 0.65 | Prec 0.65 | F1 0.63 | Det Rec 0.81 | Det FA 0.35 | Epoch Time 218.09s (Eval 0.00s, Train 218.09s)
[STATE 2026-04-17 19:03:35] T2 Ep 4/10 complete: Prec 0.6537 F1 0.6268 DetRec 0.8087 DetFA 0.3452 | 218.09s total (0.00s eval/218.09s train)
[STATE 2026-04-17 19:03:35] Task 2 Epoch 5/10: entering train loop
T2 Ep 5/10 | L 0.8109 | Train Acc 0.68 | Prec 0.69 | F1 0.65 | Det Rec 0.82 | Det FA 0.33 | Epoch Time 217.29s (Eval 0.00s, Train 217.29s)
[STATE 2026-04-17 19:07:12] T2 Ep 5/10 complete: Prec 0.6855 F1 0.6547 DetRec 0.8180 DetFA 0.3250 | 217.29s total (0.00s eval/217.29s train)
[STATE 2026-04-17 19:07:12] Task 2 Epoch 6/10: entering train loop
T2 Ep 6/10 | L 0.7714 | Train Acc 0.69 | Prec 0.70 | F1 0.67 | Det Rec 0.83 | Det FA 0.31 | Epoch Time 217.80s (Eval 0.00s, Train 217.80s)
[STATE 2026-04-17 19:10:50] T2 Ep 6/10 complete: Prec 0.7014 F1 0.6692 DetRec 0.8253 DetFA 0.3076 | 217.80s total (0.00s eval/217.80s train)
[STATE 2026-04-17 19:10:50] Task 2 Epoch 7/10: entering train loop
T2 Ep 7/10 | L 0.7399 | Train Acc 0.70 | Prec 0.72 | F1 0.68 | Det Rec 0.83 | Det FA 0.30 | Epoch Time 217.63s (Eval 0.00s, Train 217.63s)
[STATE 2026-04-17 19:14:27] T2 Ep 7/10 complete: Prec 0.7159 F1 0.6815 DetRec 0.8297 DetFA 0.2971 | 217.63s total (0.00s eval/217.63s train)
[STATE 2026-04-17 19:14:27] Task 2 Epoch 8/10: entering train loop
T2 Ep 8/10 | L 0.7195 | Train Acc 0.71 | Prec 0.73 | F1 0.69 | Det Rec 0.84 | Det FA 0.28 | Epoch Time 216.46s (Eval 0.00s, Train 216.46s)
[STATE 2026-04-17 19:18:04] T2 Ep 8/10 complete: Prec 0.7255 F1 0.6908 DetRec 0.8355 DetFA 0.2831 | 216.46s total (0.00s eval/216.46s train)
[STATE 2026-04-17 19:18:04] Task 2 Epoch 9/10: entering train loop
T2 Ep 9/10 | L 0.7036 | Train Acc 0.72 | Prec 0.73 | F1 0.70 | Det Rec 0.84 | Det FA 0.28 | Epoch Time 218.28s (Eval 0.00s, Train 218.28s)
[STATE 2026-04-17 19:21:42] T2 Ep 9/10 complete: Prec 0.7320 F1 0.6970 DetRec 0.8388 DetFA 0.2767 | 218.28s total (0.00s eval/218.28s train)
[STATE 2026-04-17 19:21:42] Task 2 Epoch 10/10: entering train loop
T2 Ep 10/10 | L 0.6887 | Train Acc 0.72 | Prec 0.74 | F1 0.70 | Det Rec 0.84 | Det FA 0.27 | Epoch Time 218.37s (Eval 0.00s, Train 218.37s)
[STATE 2026-04-17 19:25:20] T2 Ep 10/10 complete: Prec 0.7386 F1 0.7049 DetRec 0.8438 DetFA 0.2664 | 218.37s total (0.00s eval/218.37s train)
[STATE 2026-04-17 19:25:20] Task 2: running final validation.
[STATE 2026-04-17 19:26:48] Completed task 2 (3/10)
Note: Unified mixed IQ test tensors to (N, 3, L) via ADC0 I/Q + zero-padded ADC1/2 (IID2-style) for cumulative CIL.
[STATE 2026-04-17 19:26:49] Task 3: zero-shot validation (pre-train)
---- Zero-shot (pre-train) task 3: rec_cls 0.0670 | prec_cls 0.0661 | f1_cls 0.0659 | det 0.5455 | pfa 0.7995 | total_f1 0.0818 ----
[STATE 2026-04-17 19:29:28] Starting task 3 (4/10)
[STATE 2026-04-17 19:29:28] Task 3 Epoch 1/10: entering train loop
[STATE 2026-04-17 19:29:44] Task 3 Epoch 1/10: running validation (end of epoch)
---- Eval at Epoch 0: cls [0.0, 0.001775032032663583, 0.047203664796048025, 0.08336818242665045] | det_recall [0.5001719101349181, 0.5109536212947164, 0.4941274150160544, 0.5553014153448186] | det_fa [0.0, 0.000922397207509105, 0.2606982910348582, 0.5703986710288372] ----
T3 Ep 1/10 | L 2.4368 | Train Acc 0.39 | Prec 0.39 | F1 0.44 | Det Rec 0.94 | Det FA 0.08 | Epoch Time 175.79s (Eval 159.72s, Train 16.06s)
[STATE 2026-04-17 19:32:24] T3 Ep 1/10 complete: Prec 0.3878 F1 0.4413 DetRec 0.9419 DetFA 0.0763 | 175.79s total (159.72s eval/16.06s train)
[STATE 2026-04-17 19:32:24] Task 3 Epoch 2/10: entering train loop
T3 Ep 2/10 | L 0.8669 | Train Acc 0.58 | Prec 0.57 | F1 0.62 | Det Rec 0.99 | Det FA 0.01 | Epoch Time 14.98s (Eval 0.00s, Train 14.98s)
[STATE 2026-04-17 19:32:39] T3 Ep 2/10 complete: Prec 0.5718 F1 0.6241 DetRec 0.9920 DetFA 0.0138 | 14.98s total (0.00s eval/14.98s train)
[STATE 2026-04-17 19:32:39] Task 3 Epoch 3/10: entering train loop
T3 Ep 3/10 | L 0.8064 | Train Acc 0.60 | Prec 0.60 | F1 0.65 | Det Rec 0.99 | Det FA 0.01 | Epoch Time 16.08s (Eval 0.00s, Train 16.08s)
[STATE 2026-04-17 19:32:55] T3 Ep 3/10 complete: Prec 0.6020 F1 0.6480 DetRec 0.9934 DetFA 0.0117 | 16.08s total (0.00s eval/16.08s train)
[STATE 2026-04-17 19:32:55] Task 3 Epoch 4/10: entering train loop
T3 Ep 4/10 | L 0.7836 | Train Acc 0.61 | Prec 0.61 | F1 0.65 | Det Rec 0.99 | Det FA 0.01 | Epoch Time 14.78s (Eval 0.00s, Train 14.78s)
[STATE 2026-04-17 19:33:10] T3 Ep 4/10 complete: Prec 0.6077 F1 0.6515 DetRec 0.9945 DetFA 0.0093 | 14.78s total (0.00s eval/14.78s train)
[STATE 2026-04-17 19:33:10] Task 3 Epoch 5/10: entering train loop
T3 Ep 5/10 | L 0.7749 | Train Acc 0.62 | Prec 0.62 | F1 0.67 | Det Rec 1.00 | Det FA 0.00 | Epoch Time 15.64s (Eval 0.00s, Train 15.64s)
[STATE 2026-04-17 19:33:26] T3 Ep 5/10 complete: Prec 0.6237 F1 0.6665 DetRec 0.9973 DetFA 0.0044 | 15.64s total (0.00s eval/15.64s train)
[STATE 2026-04-17 19:33:26] Task 3 Epoch 6/10: entering train loop
T3 Ep 6/10 | L 0.7576 | Train Acc 0.62 | Prec 0.62 | F1 0.67 | Det Rec 1.00 | Det FA 0.00 | Epoch Time 15.31s (Eval 0.00s, Train 15.31s)
[STATE 2026-04-17 19:33:41] T3 Ep 6/10 complete: Prec 0.6250 F1 0.6679 DetRec 0.9985 DetFA 0.0018 | 15.31s total (0.00s eval/15.31s train)
[STATE 2026-04-17 19:33:41] Task 3 Epoch 7/10: entering train loop
T3 Ep 7/10 | L 0.7361 | Train Acc 0.63 | Prec 0.63 | F1 0.68 | Det Rec 1.00 | Det FA 0.00 | Epoch Time 14.76s (Eval 0.00s, Train 14.76s)
[STATE 2026-04-17 19:33:56] T3 Ep 7/10 complete: Prec 0.6335 F1 0.6762 DetRec 0.9990 DetFA 0.0016 | 14.76s total (0.00s eval/14.76s train)
[STATE 2026-04-17 19:33:56] Task 3 Epoch 8/10: entering train loop
T3 Ep 8/10 | L 0.7246 | Train Acc 0.63 | Prec 0.64 | F1 0.68 | Det Rec 1.00 | Det FA 0.00 | Epoch Time 16.05s (Eval 0.00s, Train 16.05s)
[STATE 2026-04-17 19:34:12] T3 Ep 8/10 complete: Prec 0.6389 F1 0.6810 DetRec 0.9991 DetFA 0.0014 | 16.05s total (0.00s eval/16.05s train)
[STATE 2026-04-17 19:34:12] Task 3 Epoch 9/10: entering train loop
T3 Ep 9/10 | L 0.7232 | Train Acc 0.64 | Prec 0.64 | F1 0.68 | Det Rec 1.00 | Det FA 0.00 | Epoch Time 14.85s (Eval 0.00s, Train 14.85s)
[STATE 2026-04-17 19:34:27] T3 Ep 9/10 complete: Prec 0.6444 F1 0.6833 DetRec 0.9985 DetFA 0.0022 | 14.85s total (0.00s eval/14.85s train)
[STATE 2026-04-17 19:34:27] Task 3 Epoch 10/10: entering train loop
T3 Ep 10/10 | L 0.7063 | Train Acc 0.65 | Prec 0.65 | F1 0.69 | Det Rec 1.00 | Det FA 0.00 | Epoch Time 15.78s (Eval 0.00s, Train 15.78s)
[STATE 2026-04-17 19:34:42] T3 Ep 10/10 complete: Prec 0.6524 F1 0.6913 DetRec 0.9994 DetFA 0.0009 | 15.78s total (0.00s eval/15.78s train)
[STATE 2026-04-17 19:34:42] Task 3: running final validation.
[STATE 2026-04-17 19:37:22] Completed task 3 (4/10)
Note: Unified mixed IQ test tensors to (N, 3, L) via ADC0 I/Q + zero-padded ADC1/2 (IID2-style) for cumulative CIL.
[STATE 2026-04-17 19:37:22] Task 4: zero-shot validation (pre-train)
---- Zero-shot (pre-train) task 4: rec_cls 0.0745 | prec_cls 0.0176 | f1_cls 0.0279 | det 0.5684 | pfa 0.5833 | total_f1 0.0562 ----
[STATE 2026-04-17 19:41:16] Starting task 4 (5/10)
[STATE 2026-04-17 19:41:16] Task 4 Epoch 1/10: entering train loop
[STATE 2026-04-17 19:41:32] Task 4 Epoch 1/10: running validation (end of epoch)
---- Eval at Epoch 0: cls [0.02122719466306291, 0.018326353941381116, 0.01433529227894017, 0.043939613381827725, 0.0481607617202225] | det_recall [0.575864084976506, 0.5857738819381546, 0.4557767903233144, 0.45825187509394777, 0.4676204418954554] | det_fa [0.05112329013163812, 0.14963408682100382, 0.4479059459321243, 0.5048679620084323, 0.5087762895506648] ----
T4 Ep 1/10 | L 2.4858 | Train Acc 0.22 | Prec 0.19 | F1 0.29 | Det Rec 0.99 | Det FA 0.03 | Epoch Time 250.16s (Eval 234.45s, Train 15.72s)
[STATE 2026-04-17 19:45:27] T4 Ep 1/10 complete: Prec 0.1908 F1 0.2929 DetRec 0.9862 DetFA 0.0267 | 250.16s total (234.45s eval/15.72s train)
[STATE 2026-04-17 19:45:27] Task 4 Epoch 2/10: entering train loop
T4 Ep 2/10 | L 1.0867 | Train Acc 0.34 | Prec 0.34 | F1 0.42 | Det Rec 1.00 | Det FA 0.00 | Epoch Time 14.92s (Eval 0.00s, Train 14.92s)
[STATE 2026-04-17 19:45:41] T4 Ep 2/10 complete: Prec 0.3354 F1 0.4246 DetRec 1.0000 DetFA 0.0000 | 14.92s total (0.00s eval/14.92s train)
[STATE 2026-04-17 19:45:41] Task 4 Epoch 3/10: entering train loop
T4 Ep 3/10 | L 1.0344 | Train Acc 0.37 | Prec 0.36 | F1 0.45 | Det Rec 1.00 | Det FA 0.00 | Epoch Time 16.04s (Eval 0.00s, Train 16.04s)
[STATE 2026-04-17 19:45:57] T4 Ep 3/10 complete: Prec 0.3639 F1 0.4475 DetRec 1.0000 DetFA 0.0000 | 16.04s total (0.00s eval/16.04s train)
[STATE 2026-04-17 19:45:57] Task 4 Epoch 4/10: entering train loop
T4 Ep 4/10 | L 1.0051 | Train Acc 0.38 | Prec 0.38 | F1 0.46 | Det Rec 1.00 | Det FA 0.00 | Epoch Time 14.75s (Eval 0.00s, Train 14.75s)
[STATE 2026-04-17 19:46:12] T4 Ep 4/10 complete: Prec 0.3762 F1 0.4561 DetRec 1.0000 DetFA 0.0000 | 14.75s total (0.00s eval/14.75s train)
[STATE 2026-04-17 19:46:12] Task 4 Epoch 5/10: entering train loop
T4 Ep 5/10 | L 0.9875 | Train Acc 0.40 | Prec 0.40 | F1 0.48 | Det Rec 1.00 | Det FA 0.00 | Epoch Time 15.37s (Eval 0.00s, Train 15.37s)
[STATE 2026-04-17 19:46:28] T4 Ep 5/10 complete: Prec 0.3956 F1 0.4757 DetRec 1.0000 DetFA 0.0000 | 15.37s total (0.00s eval/15.37s train)
[STATE 2026-04-17 19:46:28] Task 4 Epoch 6/10: entering train loop
T4 Ep 6/10 | L 0.9716 | Train Acc 0.41 | Prec 0.41 | F1 0.48 | Det Rec 1.00 | Det FA 0.00 | Epoch Time 15.56s (Eval 0.00s, Train 15.56s)
[STATE 2026-04-17 19:46:43] T4 Ep 6/10 complete: Prec 0.4091 F1 0.4828 DetRec 1.0000 DetFA 0.0000 | 15.56s total (0.00s eval/15.56s train)
[STATE 2026-04-17 19:46:43] Task 4 Epoch 7/10: entering train loop
T4 Ep 7/10 | L 0.9680 | Train Acc 0.42 | Prec 0.42 | F1 0.49 | Det Rec 1.00 | Det FA 0.00 | Epoch Time 14.75s (Eval 0.00s, Train 14.75s)
[STATE 2026-04-17 19:46:58] T4 Ep 7/10 complete: Prec 0.4177 F1 0.4908 DetRec 1.0000 DetFA 0.0000 | 14.75s total (0.00s eval/14.75s train)
[STATE 2026-04-17 19:46:58] Task 4 Epoch 8/10: entering train loop
T4 Ep 8/10 | L 0.9513 | Train Acc 0.43 | Prec 0.43 | F1 0.50 | Det Rec 1.00 | Det FA 0.00 | Epoch Time 16.02s (Eval 0.00s, Train 16.02s)
[STATE 2026-04-17 19:47:14] T4 Ep 8/10 complete: Prec 0.4260 F1 0.4953 DetRec 1.0000 DetFA 0.0000 | 16.02s total (0.00s eval/16.02s train)
[STATE 2026-04-17 19:47:14] Task 4 Epoch 9/10: entering train loop
T4 Ep 9/10 | L 0.9189 | Train Acc 0.46 | Prec 0.46 | F1 0.52 | Det Rec 1.00 | Det FA 0.00 | Epoch Time 14.76s (Eval 0.00s, Train 14.76s)
[STATE 2026-04-17 19:47:29] T4 Ep 9/10 complete: Prec 0.4576 F1 0.5217 DetRec 1.0000 DetFA 0.0000 | 14.76s total (0.00s eval/14.76s train)
[STATE 2026-04-17 19:47:29] Task 4 Epoch 10/10: entering train loop
T4 Ep 10/10 | L 0.9041 | Train Acc 0.48 | Prec 0.48 | F1 0.54 | Det Rec 1.00 | Det FA 0.00 | Epoch Time 15.87s (Eval 0.00s, Train 15.87s)
[STATE 2026-04-17 19:47:45] T4 Ep 10/10 complete: Prec 0.4807 F1 0.5397 DetRec 1.0000 DetFA 0.0000 | 15.87s total (0.00s eval/15.87s train)
[STATE 2026-04-17 19:47:45] Task 4: running final validation.
[STATE 2026-04-17 19:51:39] Completed task 4 (5/10)
Note: Unified mixed IQ test tensors to (N, 3, L) via ADC0 I/Q + zero-padded ADC1/2 (IID2-style) for cumulative CIL.
[STATE 2026-04-17 19:51:40] Task 5: zero-shot validation (pre-train)
---- Zero-shot (pre-train) task 5: rec_cls 0.0427 | prec_cls 0.0044 | f1_cls 0.0162 | det 0.4740 | pfa 0.4844 | total_f1 0.0502 ----
[STATE 2026-04-17 19:57:23] Starting task 5 (6/10)
[STATE 2026-04-17 19:57:23] Task 5 Epoch 1/10: entering train loop
[STATE 2026-04-17 19:59:28] Task 5 Epoch 1/10: running validation (end of epoch)
---- Eval at Epoch 0: cls [6.966213862765586e-05, 0.0009005067936584965, 0.013155537158470624, 0.012188897201485758, 0.009827246648678196, 0.059186434079375266] | det_recall [0.5000573921028466, 0.49941455218226793, 0.40316462027392774, 0.41123490524869255, 0.42586193560040153, 0.5308643790249389] | det_fa [0.0, 0.009344997948294355, 0.3014354438948153, 0.33143781544541895, 0.3301647196292399, 0.8534179163882125] ----
T5 Ep 1/10 | L 1.3883 | Train Acc 0.47 | Prec 0.47 | F1 0.48 | Det Rec 0.81 | Det FA 0.29 | Epoch Time 468.47s (Eval 342.62s, Train 125.85s)
[STATE 2026-04-17 20:05:11] T5 Ep 1/10 complete: Prec 0.4734 F1 0.4791 DetRec 0.8138 DetFA 0.2913 | 468.47s total (342.62s eval/125.85s train)
[STATE 2026-04-17 20:05:11] Task 5 Epoch 2/10: entering train loop
T5 Ep 2/10 | L 0.7644 | Train Acc 0.71 | Prec 0.70 | F1 0.68 | Det Rec 0.85 | Det FA 0.24 | Epoch Time 125.26s (Eval 0.00s, Train 125.26s)
[STATE 2026-04-17 20:07:16] T5 Ep 2/10 complete: Prec 0.7023 F1 0.6831 DetRec 0.8489 DetFA 0.2444 | 125.26s total (0.00s eval/125.26s train)
[STATE 2026-04-17 20:07:16] Task 5 Epoch 3/10: entering train loop
T5 Ep 3/10 | L 0.6771 | Train Acc 0.75 | Prec 0.75 | F1 0.72 | Det Rec 0.86 | Det FA 0.23 | Epoch Time 124.16s (Eval 0.00s, Train 124.16s)
[STATE 2026-04-17 20:09:21] T5 Ep 3/10 complete: Prec 0.7455 F1 0.7212 DetRec 0.8594 DetFA 0.2268 | 124.16s total (0.00s eval/124.16s train)
[STATE 2026-04-17 20:09:21] Task 5 Epoch 4/10: entering train loop
T5 Ep 4/10 | L 0.6381 | Train Acc 0.76 | Prec 0.76 | F1 0.73 | Det Rec 0.87 | Det FA 0.22 | Epoch Time 125.42s (Eval 0.00s, Train 125.42s)
[STATE 2026-04-17 20:11:26] T5 Ep 4/10 complete: Prec 0.7573 F1 0.7346 DetRec 0.8662 DetFA 0.2168 | 125.42s total (0.00s eval/125.42s train)
[STATE 2026-04-17 20:11:26] Task 5 Epoch 5/10: entering train loop
T5 Ep 5/10 | L 0.6132 | Train Acc 0.77 | Prec 0.77 | F1 0.75 | Det Rec 0.87 | Det FA 0.21 | Epoch Time 125.40s (Eval 0.00s, Train 125.40s)
[STATE 2026-04-17 20:13:31] T5 Ep 5/10 complete: Prec 0.7682 F1 0.7453 DetRec 0.8700 DetFA 0.2105 | 125.40s total (0.00s eval/125.40s train)
[STATE 2026-04-17 20:13:31] Task 5 Epoch 6/10: entering train loop
T5 Ep 6/10 | L 0.5920 | Train Acc 0.78 | Prec 0.78 | F1 0.75 | Det Rec 0.87 | Det FA 0.21 | Epoch Time 125.77s (Eval 0.00s, Train 125.77s)
[STATE 2026-04-17 20:15:37] T5 Ep 6/10 complete: Prec 0.7788 F1 0.7544 DetRec 0.8720 DetFA 0.2071 | 125.77s total (0.00s eval/125.77s train)
[STATE 2026-04-17 20:15:37] Task 5 Epoch 7/10: entering train loop
T5 Ep 7/10 | L 0.5775 | Train Acc 0.79 | Prec 0.78 | F1 0.76 | Det Rec 0.88 | Det FA 0.20 | Epoch Time 124.43s (Eval 0.00s, Train 124.43s)
[STATE 2026-04-17 20:17:42] T5 Ep 7/10 complete: Prec 0.7826 F1 0.7608 DetRec 0.8763 DetFA 0.2027 | 124.43s total (0.00s eval/124.43s train)
[STATE 2026-04-17 20:17:42] Task 5 Epoch 8/10: entering train loop
T5 Ep 8/10 | L 0.5640 | Train Acc 0.79 | Prec 0.79 | F1 0.77 | Det Rec 0.88 | Det FA 0.20 | Epoch Time 125.74s (Eval 0.00s, Train 125.74s)
[STATE 2026-04-17 20:19:47] T5 Ep 8/10 complete: Prec 0.7914 F1 0.7681 DetRec 0.8786 DetFA 0.1960 | 125.74s total (0.00s eval/125.74s train)
[STATE 2026-04-17 20:19:47] Task 5 Epoch 9/10: entering train loop
T5 Ep 9/10 | L 0.5537 | Train Acc 0.80 | Prec 0.79 | F1 0.77 | Det Rec 0.88 | Det FA 0.20 | Epoch Time 125.53s (Eval 0.00s, Train 125.53s)
[STATE 2026-04-17 20:21:53] T5 Ep 9/10 complete: Prec 0.7923 F1 0.7713 DetRec 0.8793 DetFA 0.1981 | 125.53s total (0.00s eval/125.53s train)
[STATE 2026-04-17 20:21:53] Task 5 Epoch 10/10: entering train loop
T5 Ep 10/10 | L 0.5412 | Train Acc 0.80 | Prec 0.80 | F1 0.78 | Det Rec 0.88 | Det FA 0.19 | Epoch Time 125.33s (Eval 0.00s, Train 125.33s)
[STATE 2026-04-17 20:23:58] T5 Ep 10/10 complete: Prec 0.7982 F1 0.7773 DetRec 0.8825 DetFA 0.1922 | 125.33s total (0.00s eval/125.33s train)
[STATE 2026-04-17 20:23:58] Task 5: running final validation.
[STATE 2026-04-17 20:29:41] Completed task 5 (6/10)
Note: Unified mixed IQ test tensors to (N, 3, L) via ADC0 I/Q + zero-padded ADC1/2 (IID2-style) for cumulative CIL.
[STATE 2026-04-17 20:29:42] Task 6: zero-shot validation (pre-train)
---- Zero-shot (pre-train) task 6: rec_cls 0.0714 | prec_cls 0.0233 | f1_cls 0.0299 | det 0.4941 | pfa 0.9045 | total_f1 0.0508 ----
[STATE 2026-04-17 20:37:15] Starting task 6 (7/10)
[STATE 2026-04-17 20:37:15] Task 6 Epoch 1/10: entering train loop
[STATE 2026-04-17 20:37:26] Task 6 Epoch 1/10: running validation (end of epoch)
---- Eval at Epoch 0: cls [0.0, 0.0, 9.750844102922343e-06, 3.112356053532524e-06, 0.01127452811477097, 0.011027257881965928, 0.03866000195339055] | det_recall [0.5, 0.5, 0.49979576564807077, 0.4939335000467057, 0.4364170435585153, 0.440642279465084, 0.4701005816303036] | det_fa [0.0, 0.0, 0.0006955818833497289, 0.012542994584949256, 0.20487246275705703, 0.2748646689877331, 0.48647977967380185] ----
T6 Ep 1/10 | L 3.4765 | Train Acc 0.24 | Prec 0.24 | F1 0.31 | Det Rec 0.92 | Det FA 0.16 | Epoch Time 463.69s (Eval 452.80s, Train 10.89s)
[STATE 2026-04-17 20:44:59] T6 Ep 1/10 complete: Prec 0.2371 F1 0.3110 DetRec 0.9173 DetFA 0.1584 | 463.69s total (452.80s eval/10.89s train)
[STATE 2026-04-17 20:44:59] Task 6 Epoch 2/10: entering train loop
T6 Ep 2/10 | L 0.9505 | Train Acc 0.53 | Prec 0.51 | F1 0.58 | Det Rec 1.00 | Det FA 0.00 | Epoch Time 10.88s (Eval 0.00s, Train 10.88s)
[STATE 2026-04-17 20:45:09] T6 Ep 2/10 complete: Prec 0.5057 F1 0.5777 DetRec 1.0000 DetFA 0.0000 | 10.88s total (0.00s eval/10.88s train)
[STATE 2026-04-17 20:45:09] Task 6 Epoch 3/10: entering train loop
T6 Ep 3/10 | L 0.8148 | Train Acc 0.56 | Prec 0.54 | F1 0.62 | Det Rec 1.00 | Det FA 0.00 | Epoch Time 10.86s (Eval 0.00s, Train 10.86s)
[STATE 2026-04-17 20:45:20] T6 Ep 3/10 complete: Prec 0.5444 F1 0.6240 DetRec 1.0000 DetFA 0.0000 | 10.86s total (0.00s eval/10.86s train)
[STATE 2026-04-17 20:45:20] Task 6 Epoch 4/10: entering train loop
T6 Ep 4/10 | L 0.7831 | Train Acc 0.57 | Prec 0.56 | F1 0.63 | Det Rec 1.00 | Det FA 0.00 | Epoch Time 10.83s (Eval 0.00s, Train 10.83s)
[STATE 2026-04-17 20:45:31] T6 Ep 4/10 complete: Prec 0.5616 F1 0.6345 DetRec 1.0000 DetFA 0.0000 | 10.83s total (0.00s eval/10.83s train)
[STATE 2026-04-17 20:45:31] Task 6 Epoch 5/10: entering train loop
T6 Ep 5/10 | L 0.7653 | Train Acc 0.58 | Prec 0.57 | F1 0.64 | Det Rec 1.00 | Det FA 0.00 | Epoch Time 10.84s (Eval 0.00s, Train 10.84s)
[STATE 2026-04-17 20:45:42] T6 Ep 5/10 complete: Prec 0.5707 F1 0.6403 DetRec 0.9999 DetFA 0.0002 | 10.84s total (0.00s eval/10.84s train)
[STATE 2026-04-17 20:45:42] Task 6 Epoch 6/10: entering train loop
T6 Ep 6/10 | L 0.7495 | Train Acc 0.58 | Prec 0.58 | F1 0.64 | Det Rec 1.00 | Det FA 0.00 | Epoch Time 10.85s (Eval 0.00s, Train 10.85s)
[STATE 2026-04-17 20:45:53] T6 Ep 6/10 complete: Prec 0.5754 F1 0.6437 DetRec 1.0000 DetFA 0.0000 | 10.85s total (0.00s eval/10.85s train)
[STATE 2026-04-17 20:45:53] Task 6 Epoch 7/10: entering train loop
T6 Ep 7/10 | L 0.7432 | Train Acc 0.59 | Prec 0.59 | F1 0.65 | Det Rec 1.00 | Det FA 0.00 | Epoch Time 10.84s (Eval 0.00s, Train 10.84s)
[STATE 2026-04-17 20:46:04] T6 Ep 7/10 complete: Prec 0.5861 F1 0.6509 DetRec 1.0000 DetFA 0.0000 | 10.84s total (0.00s eval/10.84s train)
[STATE 2026-04-17 20:46:04] Task 6 Epoch 8/10: entering train loop
T6 Ep 8/10 | L 0.7414 | Train Acc 0.60 | Prec 0.60 | F1 0.66 | Det Rec 1.00 | Det FA 0.00 | Epoch Time 10.84s (Eval 0.00s, Train 10.84s)
[STATE 2026-04-17 20:46:14] T6 Ep 8/10 complete: Prec 0.6018 F1 0.6602 DetRec 1.0000 DetFA 0.0000 | 10.84s total (0.00s eval/10.84s train)
[STATE 2026-04-17 20:46:14] Task 6 Epoch 9/10: entering train loop
T6 Ep 9/10 | L 0.7343 | Train Acc 0.59 | Prec 0.59 | F1 0.66 | Det Rec 1.00 | Det FA 0.00 | Epoch Time 10.84s (Eval 0.00s, Train 10.84s)
[STATE 2026-04-17 20:46:25] T6 Ep 9/10 complete: Prec 0.5932 F1 0.6558 DetRec 1.0000 DetFA 0.0000 | 10.84s total (0.00s eval/10.84s train)
[STATE 2026-04-17 20:46:25] Task 6 Epoch 10/10: entering train loop
T6 Ep 10/10 | L 0.7174 | Train Acc 0.61 | Prec 0.61 | F1 0.67 | Det Rec 1.00 | Det FA 0.00 | Epoch Time 10.84s (Eval 0.00s, Train 10.84s)
[STATE 2026-04-17 20:46:36] T6 Ep 10/10 complete: Prec 0.6075 F1 0.6668 DetRec 1.0000 DetFA 0.0000 | 10.84s total (0.00s eval/10.84s train)
[STATE 2026-04-17 20:46:36] Task 6: running final validation.
[STATE 2026-04-17 20:54:08] Completed task 6 (7/10)
Note: Unified mixed IQ test tensors to (N, 3, L) via ADC0 I/Q + zero-padded ADC1/2 (IID2-style) for cumulative CIL.
[STATE 2026-04-17 20:54:09] Task 7: zero-shot validation (pre-train)
---- Zero-shot (pre-train) task 7: rec_cls 0.0407 | prec_cls 0.0134 | f1_cls 0.0157 | det 0.4751 | pfa 0.4674 | total_f1 0.0381 ----
[STATE 2026-04-17 21:04:03] Starting task 7 (8/10)
[STATE 2026-04-17 21:04:03] Task 7 Epoch 1/10: entering train loop
[STATE 2026-04-17 21:06:00] Task 7 Epoch 1/10: running validation (end of epoch)
---- Eval at Epoch 0: cls [0.0, 0.0, 0.005712491895862665, 0.004999777350481867, 0.004756345716589917, 0.015433879169154474, 0.01386068816336496, 0.055682629209128955] | det_recall [0.5, 0.5000285926688397, 0.4967206035826721, 0.4659237497030928, 0.43622997354636783, 0.5317055917340251, 0.515366478812174, 0.5401824568414256] | det_fa [0.0, 0.0, 0.03715697081403515, 0.1066611159506091, 0.1834398323055217, 0.06301282072863577, 0.10507280732278448, 0.8007550724149125] ----
T7 Ep 1/10 | L 1.3936 | Train Acc 0.50 | Prec 0.51 | F1 0.51 | Det Rec 0.81 | Det FA 0.29 | Epoch Time 711.35s (Eval 594.34s, Train 117.00s)
[STATE 2026-04-17 21:15:55] T7 Ep 1/10 complete: Prec 0.5135 F1 0.5135 DetRec 0.8106 DetFA 0.2890 | 711.35s total (594.34s eval/117.00s train)
[STATE 2026-04-17 21:15:55] Task 7 Epoch 2/10: entering train loop
T7 Ep 2/10 | L 0.7342 | Train Acc 0.71 | Prec 0.72 | F1 0.69 | Det Rec 0.85 | Det FA 0.23 | Epoch Time 117.17s (Eval 0.00s, Train 117.17s)
[STATE 2026-04-17 21:17:52] T7 Ep 2/10 complete: Prec 0.7190 F1 0.6946 DetRec 0.8485 DetFA 0.2302 | 117.17s total (0.00s eval/117.17s train)
[STATE 2026-04-17 21:17:52] Task 7 Epoch 3/10: entering train loop
T7 Ep 3/10 | L 0.6489 | Train Acc 0.75 | Prec 0.76 | F1 0.73 | Det Rec 0.86 | Det FA 0.22 | Epoch Time 116.83s (Eval 0.00s, Train 116.83s)
[STATE 2026-04-17 21:19:49] T7 Ep 3/10 complete: Prec 0.7602 F1 0.7324 DetRec 0.8569 DetFA 0.2196 | 116.83s total (0.00s eval/116.83s train)
[STATE 2026-04-17 21:19:49] Task 7 Epoch 4/10: entering train loop
T7 Ep 4/10 | L 0.6099 | Train Acc 0.77 | Prec 0.78 | F1 0.75 | Det Rec 0.86 | Det FA 0.21 | Epoch Time 116.66s (Eval 0.00s, Train 116.66s)
[STATE 2026-04-17 21:21:45] T7 Ep 4/10 complete: Prec 0.7782 F1 0.7486 DetRec 0.8626 DetFA 0.2085 | 116.66s total (0.00s eval/116.66s train)
[STATE 2026-04-17 21:21:45] Task 7 Epoch 5/10: entering train loop
T7 Ep 5/10 | L 0.5853 | Train Acc 0.78 | Prec 0.79 | F1 0.76 | Det Rec 0.86 | Det FA 0.21 | Epoch Time 116.66s (Eval 0.00s, Train 116.66s)
[STATE 2026-04-17 21:23:42] T7 Ep 5/10 complete: Prec 0.7908 F1 0.7597 DetRec 0.8643 DetFA 0.2064 | 116.66s total (0.00s eval/116.66s train)
[STATE 2026-04-17 21:23:42] Task 7 Epoch 6/10: entering train loop
T7 Ep 6/10 | L 0.5674 | Train Acc 0.79 | Prec 0.80 | F1 0.77 | Det Rec 0.87 | Det FA 0.21 | Epoch Time 116.73s (Eval 0.00s, Train 116.73s)
[STATE 2026-04-17 21:25:39] T7 Ep 6/10 complete: Prec 0.7987 F1 0.7667 DetRec 0.8655 DetFA 0.2056 | 116.73s total (0.00s eval/116.73s train)
[STATE 2026-04-17 21:25:39] Task 7 Epoch 7/10: entering train loop
T7 Ep 7/10 | L 0.5534 | Train Acc 0.79 | Prec 0.80 | F1 0.77 | Det Rec 0.87 | Det FA 0.20 | Epoch Time 116.60s (Eval 0.00s, Train 116.60s)
[STATE 2026-04-17 21:27:35] T7 Ep 7/10 complete: Prec 0.8033 F1 0.7722 DetRec 0.8681 DetFA 0.2031 | 116.60s total (0.00s eval/116.60s train)
[STATE 2026-04-17 21:27:35] Task 7 Epoch 8/10: entering train loop
T7 Ep 8/10 | L 0.5436 | Train Acc 0.80 | Prec 0.81 | F1 0.78 | Det Rec 0.87 | Det FA 0.20 | Epoch Time 117.02s (Eval 0.00s, Train 117.02s)
[STATE 2026-04-17 21:29:32] T7 Ep 8/10 complete: Prec 0.8058 F1 0.7762 DetRec 0.8713 DetFA 0.1952 | 117.02s total (0.00s eval/117.02s train)
[STATE 2026-04-17 21:29:32] Task 7 Epoch 9/10: entering train loop
T7 Ep 9/10 | L 0.5319 | Train Acc 0.80 | Prec 0.81 | F1 0.78 | Det Rec 0.87 | Det FA 0.20 | Epoch Time 116.81s (Eval 0.00s, Train 116.81s)
[STATE 2026-04-17 21:31:29] T7 Ep 9/10 complete: Prec 0.8101 F1 0.7803 DetRec 0.8698 DetFA 0.2023 | 116.81s total (0.00s eval/116.81s train)
[STATE 2026-04-17 21:31:29] Task 7 Epoch 10/10: entering train loop
T7 Ep 10/10 | L 0.5249 | Train Acc 0.81 | Prec 0.81 | F1 0.78 | Det Rec 0.87 | Det FA 0.20 | Epoch Time 116.51s (Eval 0.00s, Train 116.51s)
[STATE 2026-04-17 21:33:26] T7 Ep 10/10 complete: Prec 0.8148 F1 0.7845 DetRec 0.8728 DetFA 0.1952 | 116.51s total (0.00s eval/116.51s train)
[STATE 2026-04-17 21:33:26] Task 7: running final validation.
[STATE 2026-04-17 21:43:19] Completed task 7 (8/10)
Note: Unified mixed IQ test tensors to (N, 3, L) via ADC0 I/Q + zero-padded ADC1/2 (IID2-style) for cumulative CIL.
[STATE 2026-04-17 21:43:21] Task 8: zero-shot validation (pre-train)
---- Zero-shot (pre-train) task 8: rec_cls 0.0654 | prec_cls 0.0137 | f1_cls 0.0239 | det 0.5625 | pfa 0.8293 | total_f1 0.0430 ----
[STATE 2026-04-17 21:55:41] Starting task 8 (9/10)
[STATE 2026-04-17 21:55:41] Task 8 Epoch 1/10: entering train loop
[STATE 2026-04-17 21:56:04] Task 8 Epoch 1/10: running validation (end of epoch)
---- Eval at Epoch 0: cls [0.0, 0.0, 3.3584996910180286e-06, 1.993227923699193e-05, 1.9524432698509853e-05, 0.0030466779677063905, 0.0021963654522860563, 0.005030361412506532, 0.023340333919174165] | det_recall [0.5, 0.5, 0.5000198964703164, 0.5001862924387698, 0.5003366783447813, 0.5119679681182241, 0.5151163037853156, 0.5407987661125631, 0.6384621312855522] | det_fa [0.0, 0.0, 0.0, 0.0, 0.0, 0.0014040492712526214, 0.0016782546114811048, 0.009807461522130172, 0.6018104796652208] ----
T8 Ep 1/10 | L 3.4725 | Train Acc 0.22 | Prec 0.21 | F1 0.22 | Det Rec 0.70 | Det FA 0.41 | Epoch Time 761.94s (Eval 738.46s, Train 23.48s)
[STATE 2026-04-17 22:08:23] T8 Ep 1/10 complete: Prec 0.2094 F1 0.2164 DetRec 0.6999 DetFA 0.4089 | 761.94s total (738.46s eval/23.48s train)
[STATE 2026-04-17 22:08:23] Task 8 Epoch 2/10: entering train loop
T8 Ep 2/10 | L 1.3939 | Train Acc 0.49 | Prec 0.49 | F1 0.39 | Det Rec 0.77 | Det FA 0.43 | Epoch Time 22.75s (Eval 0.00s, Train 22.75s)
[STATE 2026-04-17 22:08:45] T8 Ep 2/10 complete: Prec 0.4880 F1 0.3873 DetRec 0.7721 DetFA 0.4341 | 22.75s total (0.00s eval/22.75s train)
[STATE 2026-04-17 22:08:45] Task 8 Epoch 3/10: entering train loop
T8 Ep 3/10 | L 1.0897 | Train Acc 0.62 | Prec 0.62 | F1 0.50 | Det Rec 0.78 | Det FA 0.41 | Epoch Time 22.72s (Eval 0.00s, Train 22.72s)
[STATE 2026-04-17 22:09:08] T8 Ep 3/10 complete: Prec 0.6177 F1 0.4990 DetRec 0.7813 DetFA 0.4097 | 22.72s total (0.00s eval/22.72s train)
[STATE 2026-04-17 22:09:08] Task 8 Epoch 4/10: entering train loop
T8 Ep 4/10 | L 0.9007 | Train Acc 0.71 | Prec 0.70 | F1 0.57 | Det Rec 0.79 | Det FA 0.40 | Epoch Time 23.51s (Eval 0.00s, Train 23.51s)
[STATE 2026-04-17 22:09:32] T8 Ep 4/10 complete: Prec 0.7040 F1 0.5706 DetRec 0.7870 DetFA 0.3986 | 23.51s total (0.00s eval/23.51s train)
[STATE 2026-04-17 22:09:32] Task 8 Epoch 5/10: entering train loop
T8 Ep 5/10 | L 0.7864 | Train Acc 0.77 | Prec 0.76 | F1 0.61 | Det Rec 0.79 | Det FA 0.39 | Epoch Time 23.38s (Eval 0.00s, Train 23.38s)
[STATE 2026-04-17 22:09:55] T8 Ep 5/10 complete: Prec 0.7612 F1 0.6127 DetRec 0.7895 DetFA 0.3912 | 23.38s total (0.00s eval/23.38s train)
[STATE 2026-04-17 22:09:55] Task 8 Epoch 6/10: entering train loop
T8 Ep 6/10 | L 0.7078 | Train Acc 0.80 | Prec 0.78 | F1 0.64 | Det Rec 0.79 | Det FA 0.39 | Epoch Time 22.80s (Eval 0.00s, Train 22.80s)
[STATE 2026-04-17 22:10:18] T8 Ep 6/10 complete: Prec 0.7847 F1 0.6367 DetRec 0.7925 DetFA 0.3901 | 22.80s total (0.00s eval/22.80s train)
[STATE 2026-04-17 22:10:18] Task 8 Epoch 7/10: entering train loop
T8 Ep 7/10 | L 0.6620 | Train Acc 0.81 | Prec 0.79 | F1 0.64 | Det Rec 0.80 | Det FA 0.38 | Epoch Time 22.93s (Eval 0.00s, Train 22.93s)
[STATE 2026-04-17 22:10:41] T8 Ep 7/10 complete: Prec 0.7926 F1 0.6429 DetRec 0.7964 DetFA 0.3799 | 22.93s total (0.00s eval/22.93s train)
[STATE 2026-04-17 22:10:41] Task 8 Epoch 8/10: entering train loop
T8 Ep 8/10 | L 0.6482 | Train Acc 0.81 | Prec 0.80 | F1 0.66 | Det Rec 0.80 | Det FA 0.37 | Epoch Time 22.77s (Eval 0.00s, Train 22.77s)
[STATE 2026-04-17 22:11:04] T8 Ep 8/10 complete: Prec 0.8046 F1 0.6561 DetRec 0.7998 DetFA 0.3705 | 22.77s total (0.00s eval/22.77s train)
[STATE 2026-04-17 22:11:04] Task 8 Epoch 9/10: entering train loop
T8 Ep 9/10 | L 0.6291 | Train Acc 0.82 | Prec 0.81 | F1 0.65 | Det Rec 0.79 | Det FA 0.39 | Epoch Time 22.93s (Eval 0.00s, Train 22.93s)
[STATE 2026-04-17 22:11:26] T8 Ep 9/10 complete: Prec 0.8069 F1 0.6539 DetRec 0.7940 DetFA 0.3853 | 22.93s total (0.00s eval/22.93s train)
[STATE 2026-04-17 22:11:26] Task 8 Epoch 10/10: entering train loop
T8 Ep 10/10 | L 0.5882 | Train Acc 0.84 | Prec 0.82 | F1 0.67 | Det Rec 0.80 | Det FA 0.38 | Epoch Time 22.80s (Eval 0.00s, Train 22.80s)
[STATE 2026-04-17 22:11:49] T8 Ep 10/10 complete: Prec 0.8240 F1 0.6660 DetRec 0.7962 DetFA 0.3811 | 22.80s total (0.00s eval/22.80s train)
[STATE 2026-04-17 22:11:49] Task 8: running final validation.
[STATE 2026-04-17 22:24:10] Completed task 8 (9/10)
Note: Unified mixed IQ test tensors to (N, 3, L) via ADC0 I/Q + zero-padded ADC1/2 (IID2-style) for cumulative CIL.
[STATE 2026-04-17 22:24:11] Task 9: zero-shot validation (pre-train)
---- Zero-shot (pre-train) task 9: rec_cls 0.0071 | prec_cls 0.0005 | f1_cls 0.0092 | det 0.5460 | pfa 0.6602 | total_f1 0.0316 ----
[STATE 2026-04-17 22:38:59] Starting task 9 (10/10)
[STATE 2026-04-17 22:38:59] Task 9 Epoch 1/10: entering train loop
[STATE 2026-04-17 22:39:10] Task 9 Epoch 1/10: running validation (end of epoch)
---- Eval at Epoch 0: cls [0.0019656049500637266, 0.00026603868131191456, 0.0002986141256889945, 0.00013648146739612485, 0.00012144877703208785, 0.005754241495554703, 0.0033737099216213044, 0.009957094279215645, 0.015053172848811176, 0.013804402106107578] | det_recall [0.5028658209650262, 0.5143642734884952, 0.5041959277968752, 0.505119691333796, 0.507104326275837, 0.5249231188508714, 0.5340409283521546, 0.5490104800213792, 0.5099588249064, 0.523398884151816] | det_fa [0.0, 0.0, 0.004962804552743135, 0.006112060649058061, 0.006769432466734525, 0.017960999209709855, 0.05627396726691063, 0.1055424470147928, 0.4272124810639029, 0.5541496327138972] ----
T9 Ep 1/10 | L 3.8235 | Train Acc 0.19 | Prec 0.09 | F1 0.25 | Det Rec 0.93 | Det FA 0.01 | Epoch Time 898.87s (Eval 887.98s, Train 10.88s)
[STATE 2026-04-17 22:53:58] T9 Ep 1/10 complete: Prec 0.0926 F1 0.2542 DetRec 0.9320 DetFA 0.0116 | 898.87s total (887.98s eval/10.88s train)
[STATE 2026-04-17 22:53:58] Task 9 Epoch 2/10: entering train loop
T9 Ep 2/10 | L 0.9453 | Train Acc 0.38 | Prec 0.37 | F1 0.45 | Det Rec 1.00 | Det FA 0.00 | Epoch Time 10.87s (Eval 0.00s, Train 10.87s)
[STATE 2026-04-17 22:54:09] T9 Ep 2/10 complete: Prec 0.3684 F1 0.4452 DetRec 1.0000 DetFA 0.0000 | 10.87s total (0.00s eval/10.87s train)
[STATE 2026-04-17 22:54:09] Task 9 Epoch 3/10: entering train loop
T9 Ep 3/10 | L 0.8687 | Train Acc 0.40 | Prec 0.40 | F1 0.49 | Det Rec 1.00 | Det FA 0.00 | Epoch Time 11.07s (Eval 0.00s, Train 11.07s)
[STATE 2026-04-17 22:54:20] T9 Ep 3/10 complete: Prec 0.4037 F1 0.4923 DetRec 1.0000 DetFA 0.0000 | 11.07s total (0.00s eval/11.07s train)
[STATE 2026-04-17 22:54:20] Task 9 Epoch 4/10: entering train loop
T9 Ep 4/10 | L 0.8502 | Train Acc 0.41 | Prec 0.42 | F1 0.50 | Det Rec 1.00 | Det FA 0.00 | Epoch Time 11.05s (Eval 0.00s, Train 11.05s)
[STATE 2026-04-17 22:54:31] T9 Ep 4/10 complete: Prec 0.4165 F1 0.5040 DetRec 1.0000 DetFA 0.0000 | 11.05s total (0.00s eval/11.05s train)
[STATE 2026-04-17 22:54:31] Task 9 Epoch 5/10: entering train loop
T9 Ep 5/10 | L 0.8370 | Train Acc 0.42 | Prec 0.42 | F1 0.51 | Det Rec 1.00 | Det FA 0.00 | Epoch Time 10.95s (Eval 0.00s, Train 10.95s)
[STATE 2026-04-17 22:54:42] T9 Ep 5/10 complete: Prec 0.4247 F1 0.5113 DetRec 1.0000 DetFA 0.0000 | 10.95s total (0.00s eval/10.95s train)
[STATE 2026-04-17 22:54:42] Task 9 Epoch 6/10: entering train loop
T9 Ep 6/10 | L 0.8262 | Train Acc 0.44 | Prec 0.45 | F1 0.52 | Det Rec 1.00 | Det FA 0.00 | Epoch Time 11.12s (Eval 0.00s, Train 11.12s)
[STATE 2026-04-17 22:54:53] T9 Ep 6/10 complete: Prec 0.4454 F1 0.5230 DetRec 1.0000 DetFA 0.0000 | 11.12s total (0.00s eval/11.12s train)
[STATE 2026-04-17 22:54:53] Task 9 Epoch 7/10: entering train loop
T9 Ep 7/10 | L 0.8229 | Train Acc 0.43 | Prec 0.44 | F1 0.52 | Det Rec 1.00 | Det FA 0.00 | Epoch Time 11.13s (Eval 0.00s, Train 11.13s)
[STATE 2026-04-17 22:55:04] T9 Ep 7/10 complete: Prec 0.4385 F1 0.5197 DetRec 1.0000 DetFA 0.0000 | 11.13s total (0.00s eval/11.13s train)
[STATE 2026-04-17 22:55:04] Task 9 Epoch 8/10: entering train loop
T9 Ep 8/10 | L 0.8106 | Train Acc 0.45 | Prec 0.46 | F1 0.54 | Det Rec 1.00 | Det FA 0.00 | Epoch Time 10.77s (Eval 0.00s, Train 10.77s)
[STATE 2026-04-17 22:55:15] T9 Ep 8/10 complete: Prec 0.4560 F1 0.5370 DetRec 1.0000 DetFA 0.0000 | 10.77s total (0.00s eval/10.77s train)
[STATE 2026-04-17 22:55:15] Task 9 Epoch 9/10: entering train loop
T9 Ep 9/10 | L 0.8088 | Train Acc 0.46 | Prec 0.46 | F1 0.54 | Det Rec 1.00 | Det FA 0.00 | Epoch Time 10.85s (Eval 0.00s, Train 10.85s)
[STATE 2026-04-17 22:55:26] T9 Ep 9/10 complete: Prec 0.4635 F1 0.5405 DetRec 1.0000 DetFA 0.0000 | 10.85s total (0.00s eval/10.85s train)
[STATE 2026-04-17 22:55:26] Task 9 Epoch 10/10: entering train loop
T9 Ep 10/10 | L 0.8023 | Train Acc 0.45 | Prec 0.46 | F1 0.54 | Det Rec 1.00 | Det FA 0.00 | Epoch Time 10.95s (Eval 0.00s, Train 10.95s)
[STATE 2026-04-17 22:55:37] T9 Ep 10/10 complete: Prec 0.4577 F1 0.5380 DetRec 1.0000 DetFA 0.0000 | 10.95s total (0.00s eval/10.95s train)
[STATE 2026-04-17 22:55:37] Task 9: running final validation.
[STATE 2026-04-17 23:10:25] Completed task 9 (10/10)
####Final Validation Accuracy####
Final Results:- 
 Total Recall: 0.007024884508685875 
 Individual Recall: [0.0006023975125790494, 0.0002704941825130356, 0.001999728910225647, 0.009000764332829701, 0.012753357952089045, 0.009528814395410276, 0.007005363841227603, 0.005970967884415782, 0.001022004068131939, 0.02209495200743667]
Final Detection Results:- 
 Total Detection: 0.4987894639547285 
 Individual Detection: [0.5005745622400821, 0.5106431347480265, 0.511672046884383, 0.4872289882130954, 0.4651375917447522, 0.4960751580032155, 0.48125886700790443, 0.5016731327453964, 0.5232133798476387, 0.5104177781127901]
Final Detection False Alarm:- 
 Total False Alarm: 0.14718670800127057 
 Individual False Alarm: [0.0, 0.0, 0.027239773311034755, 0.08274133905368801, 0.12653845807586067, 0.12361031503455437, 0.1760956621815973, 0.16081582008443812, 0.23314824126871797, 0.5416774710028143]
SUMMARY_TR cls_rec=0.7080 cls_prec=0.7130 cls_f1=0.6970 det=0.5175 fa=0.1179
SUMMARY_TE cls_rec=0.0070 cls_prec=0.0168 cls_f1=0.0325 det=0.4988 fa=0.1472
[STATE 2026-04-17 23:10:25] Saving results to logs//si/full-tasks_CIL_all-2026-04-17_18-33-04-0892/0/results
Model size: 0.0289 GB
Memory buffer size: 0.0000 GB
logs//si/full-tasks_CIL_all-2026-04-17_18-33-04-0892/0/results: {'expt_name': 'full-tasks_CIL_all', 'model': 'si', 'arch': 'resnet1d', 'n_hiddens': 100, 'n_layers': 2, 'xav_init': False, 'debug': False, 'use_detector_arch': False, 'inner_steps': 1, 'n_epochs': 10, 'batch_size': 256, 'replay_batch_size': 128, 'memories': 5120, 'lr': 0.001, 'optimizer': 'sgd', 'class_weighted_ce': True, 'cuda': True, 'seed': 0, 'log_every': 10, 'log_dir': 'logs//si/full-tasks_CIL_all-2026-04-17_18-33-04-0892/0', 'tf_dir': 'logs//si/full-tasks_CIL_all-2026-04-17_18-33-04-0892/0/tfdir', 'calc_test_accuracy': False, 'state_logging': True, 'data_path': 'data/rff/radar/full', 'task_order_files': 't2-rcn,t0-rcn,t2-uclresm-25noise,t0-deeprad,t1-deeprad,t1-uclresm-25noise,t3-deeprad,t0-uclresm-25noise,t1-rcn,t2-deeprad', 'loader': 'class_incremental_loader', 'samples_per_task': -1, 'shuffle_tasks': False, 'classes_per_it': 6, 'iterations': 5000, 'dataset': 'iq', 'workers': 0, 'validation': 0.5, 'data_scaling': 'normalize', 'use_iq_aug_features': False, 'iq_aug_feature_type': 'power', 'class_order': 'random', 'increment': 5, 'test_batch_size': 512, 'nc_per_task': None, 'nc_per_task_list': '', 'val_rate': 1000, 'opt_lr': 0.1, 'opt_wt': 0.1, 'alpha_init': 0.001, 'learn_lr': False, 'sync_update': False, 'grad_clip_norm': 5.0, 'meta_batches': 3, 'use_old_task_memory': False, 'second_order': False, 'n_memories': 5120, 'memory_strength': 0, 'steps_per_sample': 1, 'bgd_optimizer': 'sgd', 'optimizer_params': '{}', 'train_mc_iters': 5, 'std_init': 0.05, 'mean_eta': 1, 'fisher_gamma': 0.95, 'rln': 7, 'meta_lr': 0.001, 'update_lr': 0.1, 'ctx_lr': 0.05, 'n_meta': 1, 'temperature': 5.0, 'task_emb': 64, 'noise_label': 54, 'classes_per_task': [5, 6, 5, 6, 6, 5, 5, 5, 6, 5], 'get_samples_per_task': <bound method IncrementalLoader.get_samples_per_task of <dataloaders.class_incremental_loader.IncrementalLoader object at 0x7f4c0453c910>>} # val: 0.169 0.007 -0.162 0.000 # sizes: model_gb=0.0289 mem_gb=0.0000 # 16571.443202257156
[STATE 2026-04-17 23:10:25] results.pt components (approx): state_dict 88.7 MB, result_val_t 0.1 KB, result_val_a 0.8 KB
[STATE 2026-04-17 23:10:25] Results saved; total runtime 4.60h
Total runtime: 4.60 hours
