[STATE 2026-04-18 11:09:36] Enabling terminal logging to logs//gem/full-tasks_CIL_all-2026-04-18_11-09-36-8029/0/terminal.log
New Experiment Starting...
Running model:  gem
[STATE 2026-04-18 11:09:36] Experiment 'full-tasks_CIL_all' starting with model 'gem' (seed 0)
Set seed 0
t2-rcn.npz train: x=(50362, 1024), y=(50362, 2)
t2-rcn.npz test: x=(16787, 1024), y=(16787, 2)
t2-rcn.npz: applied data scaling mode 'normalize'.
Loaded t2-rcn.npz: Unique train labels: UniqueCountsResult(values=array([-1,  3,  5, 10, 12, 15]), counts=array([24209,  5770,  3030,  2320,  7509,  7524]))
Noise labels ratio in t2-rcn.npz train: 0.24, test: 0.24
Loaded t2-rcn.npz: Remapped labels: [-1  0  1  2  3  4]. Size: 50362)
t0-rcn.npz train: x=(51916, 1024), y=(51916, 2)
t0-rcn.npz test: x=(17305, 1024), y=(17305, 2)
t0-rcn.npz: applied data scaling mode 'normalize'.
Loaded t0-rcn.npz: Unique train labels: UniqueCountsResult(values=array([-1,  1,  8,  9, 11, 13, 14]), counts=array([24225,  4268,  2495,  2943,  3015,  7464,  7506]))
Noise labels ratio in t0-rcn.npz train: 0.23, test: 0.23
Loaded t0-rcn.npz: Remapped labels: [-1  5  6  7  8  9 10]. Size: 51916)
t2-uclresm-25noise.npz train: moved sample axis (3, 350028, 1024) -> (350028, 3, 1024)
t2-uclresm-25noise.npz test: moved sample axis (3, 233351, 1024) -> (233351, 3, 1024)
t2-uclresm-25noise.npz train: x=(350028, 3, 1024), y=(350028,)
t2-uclresm-25noise.npz test: x=(233351, 3, 1024), y=(233351,)
t2-uclresm-25noise.npz: applied data scaling mode 'normalize'.
Loaded t2-uclresm-25noise.npz: Unique train labels: UniqueCountsResult(values=array([-1,  0,  1,  2,  3,  4]), counts=array([87441, 27347, 71754, 64298, 36005, 63183]))
Noise labels ratio in t2-uclresm-25noise.npz train: 0.25, test: 0.25
Loaded t2-uclresm-25noise.npz: Remapped labels: [-1 11 12 13 14 15]. Size: 350028)
t0-deeprad.npz train: x=(24480, 1024), y=(24480, 2)
t0-deeprad.npz test: x=(8160, 1024), y=(8160, 2)
t0-deeprad.npz: applied data scaling mode 'normalize'.
Loaded t0-deeprad.npz: Unique train labels: UniqueCountsResult(values=array([-1,  0,  1,  2,  3,  4,  5]), counts=array([12240,  2029,  1983,  2043,  2154,  2015,  2016]))
Noise labels ratio in t0-deeprad.npz train: 0.25, test: 0.25
Loaded t0-deeprad.npz: Remapped labels: [-1 16 17 18 19 20 21]. Size: 24480)
t1-deeprad.npz train: x=(24480, 1024), y=(24480, 2)
t1-deeprad.npz test: x=(8160, 1024), y=(8160, 2)
t1-deeprad.npz: applied data scaling mode 'normalize'.
Loaded t1-deeprad.npz: Unique train labels: UniqueCountsResult(values=array([-1,  0,  1,  2,  3,  4,  5]), counts=array([12240,  1988,  2029,  2054,  1988,  2053,  2128]))
Noise labels ratio in t1-deeprad.npz train: 0.25, test: 0.25
Loaded t1-deeprad.npz: Remapped labels: [-1 22 23 24 25 26 27]. Size: 24480)
t1-uclresm-25noise.npz train: moved sample axis (3, 201410, 1024) -> (201410, 3, 1024)
t1-uclresm-25noise.npz test: moved sample axis (3, 116291, 1024) -> (116291, 3, 1024)
t1-uclresm-25noise.npz train: x=(201410, 3, 1024), y=(201410,)
t1-uclresm-25noise.npz test: x=(116291, 3, 1024), y=(116291,)
t1-uclresm-25noise.npz: applied data scaling mode 'normalize'.
Loaded t1-uclresm-25noise.npz: Unique train labels: UniqueCountsResult(values=array([-1,  0,  1,  2,  3,  4]), counts=array([43668, 18021, 17838, 18087, 31870, 71926]))
Noise labels ratio in t1-uclresm-25noise.npz train: 0.22, test: 0.25
Loaded t1-uclresm-25noise.npz: Remapped labels: [-1 28 29 30 31 32]. Size: 201410)
t3-deeprad.npz train: x=(17340, 1024), y=(17340, 2)
t3-deeprad.npz test: x=(6800, 1024), y=(6800, 2)
t3-deeprad.npz: applied data scaling mode 'normalize'.
Loaded t3-deeprad.npz: Unique train labels: UniqueCountsResult(values=array([-1,  0,  1,  2,  3,  4]), counts=array([8670, 1693, 1677, 1794, 1716, 1790]))
Noise labels ratio in t3-deeprad.npz train: 0.25, test: 0.25
Loaded t3-deeprad.npz: Remapped labels: [-1 33 34 35 36 37]. Size: 17340)
t0-uclresm-25noise.npz train: moved sample axis (3, 188050, 1024) -> (188050, 3, 1024)
t0-uclresm-25noise.npz test: moved sample axis (3, 107348, 1024) -> (107348, 3, 1024)
t0-uclresm-25noise.npz train: x=(188050, 3, 1024), y=(188050,)
t0-uclresm-25noise.npz test: x=(107348, 3, 1024), y=(107348,)
t0-uclresm-25noise.npz: applied data scaling mode 'normalize'.
Loaded t0-uclresm-25noise.npz: Unique train labels: UniqueCountsResult(values=array([-1,  0,  1,  2,  3,  4]), counts=array([40144, 32109, 17978, 17979, 18098, 61742]))
Noise labels ratio in t0-uclresm-25noise.npz train: 0.21, test: 0.25
Loaded t0-uclresm-25noise.npz: Remapped labels: [-1 38 39 40 41 42]. Size: 188050)
t1-rcn.npz train: x=(36658, 1024), y=(36658, 2)
t1-rcn.npz test: x=(12220, 1024), y=(12220, 2)
t1-rcn.npz: applied data scaling mode 'normalize'.
Loaded t1-rcn.npz: Unique train labels: UniqueCountsResult(values=array([-1,  0,  2,  4,  6,  7, 16]), counts=array([20595,   824,  2087,  2606,  2396,  1716,  6434]))
Noise labels ratio in t1-rcn.npz train: 0.28, test: 0.28
Loaded t1-rcn.npz: Remapped labels: [-1 43 44 45 46 47 48]. Size: 36658)
t2-deeprad.npz train: x=(17340, 1024), y=(17340, 2)
t2-deeprad.npz test: x=(6800, 1024), y=(6800, 2)
t2-deeprad.npz: applied data scaling mode 'normalize'.
Loaded t2-deeprad.npz: Unique train labels: UniqueCountsResult(values=array([-1,  0,  1,  2,  3,  4]), counts=array([8670, 1774, 1675, 1777, 1694, 1750]))
Noise labels ratio in t2-deeprad.npz train: 0.25, test: 0.25
Loaded t2-deeprad.npz: Remapped labels: [-1 49 50 51 52 53]. Size: 17340)
Built IQ classes_per_task (increments): [5, 6, 5, 6, 6, 5, 5, 5, 6, 5]
Classes per task: [5, 6, 5, 6, 6, 5, 5, 5, 6, 5]
[STATE 2026-04-18 11:10:46] Loader 'class_incremental_loader' ready: 1024 inputs, 55 outputs, 10 tasks
n_outputs: 55 	n_tasks: 10
[STATE 2026-04-18 11:10:46] Logging to logs//gem/full-tasks_CIL_all-2026-04-18_11-09-36-8029/0
True
Model device: cuda:0
[STATE 2026-04-18 11:10:46] Model initialized on device cuda:0
[STATE 2026-04-18 11:10:46] Invoking continual life experience flow
[STATE 2026-04-18 11:10:46] Life experience start: 10 tasks queued
[STATE 2026-04-18 11:10:46] Task 0: zero-shot validation (pre-train)
---- Zero-shot (pre-train) task 0: rec_cls 0.0002 | prec_cls 0.0064 | f1_cls 0.1065 | det 0.5023 | pfa 0.0626 | total_f1 0.1065 ----
[STATE 2026-04-18 11:10:51] Starting task 0 (1/10)
[STATE 2026-04-18 11:10:51] Task 0 Epoch 1/10: entering train loop
[STATE 2026-04-18 11:11:15] Task 0 Epoch 1/10: running validation (end of epoch)
---- Eval at Epoch 0: cls [0.297860733217617] | det_recall [0.7283144750678049] | det_fa [0.36064117330186507] ----
T0 Ep 1/10 | L 1.7316 | Train Acc 0.25 | Prec 0.30 | F1 0.21 | Det Rec 0.59 | Det FA 0.62 | Epoch Time 29.04s (Eval 4.60s, Train 24.44s)
[STATE 2026-04-18 11:11:20] T0 Ep 1/10 complete: Prec 0.2973 F1 0.2076 DetRec 0.5854 DetFA 0.6238 | 29.04s total (4.60s eval/24.44s train)
[STATE 2026-04-18 11:11:20] Task 0 Epoch 2/10: entering train loop
T0 Ep 2/10 | L 1.5836 | Train Acc 0.30 | Prec 0.41 | F1 0.33 | Det Rec 0.73 | Det FA 0.28 | Epoch Time 24.12s (Eval 0.00s, Train 24.12s)
[STATE 2026-04-18 11:11:44] T0 Ep 2/10 complete: Prec 0.4120 F1 0.3263 DetRec 0.7294 DetFA 0.2794 | 24.12s total (0.00s eval/24.12s train)
[STATE 2026-04-18 11:11:44] Task 0 Epoch 3/10: entering train loop
T0 Ep 3/10 | L 1.3763 | Train Acc 0.42 | Prec 0.48 | F1 0.43 | Det Rec 0.79 | Det FA 0.27 | Epoch Time 24.22s (Eval 0.00s, Train 24.22s)
[STATE 2026-04-18 11:12:08] T0 Ep 3/10 complete: Prec 0.4840 F1 0.4348 DetRec 0.7927 DetFA 0.2687 | 24.22s total (0.00s eval/24.22s train)
[STATE 2026-04-18 11:12:08] Task 0 Epoch 4/10: entering train loop
T0 Ep 4/10 | L 1.0742 | Train Acc 0.55 | Prec 0.58 | F1 0.53 | Det Rec 0.83 | Det FA 0.28 | Epoch Time 24.25s (Eval 0.00s, Train 24.25s)
[STATE 2026-04-18 11:12:32] T0 Ep 4/10 complete: Prec 0.5751 F1 0.5334 DetRec 0.8333 DetFA 0.2759 | 24.25s total (0.00s eval/24.25s train)
[STATE 2026-04-18 11:12:32] Task 0 Epoch 5/10: entering train loop
T0 Ep 5/10 | L 0.9278 | Train Acc 0.61 | Prec 0.62 | F1 0.59 | Det Rec 0.86 | Det FA 0.26 | Epoch Time 24.01s (Eval 0.00s, Train 24.01s)
[STATE 2026-04-18 11:12:56] T0 Ep 5/10 complete: Prec 0.6246 F1 0.5933 DetRec 0.8557 DetFA 0.2621 | 24.01s total (0.00s eval/24.01s train)
[STATE 2026-04-18 11:12:56] Task 0 Epoch 6/10: entering train loop
T0 Ep 6/10 | L 0.8401 | Train Acc 0.66 | Prec 0.66 | F1 0.62 | Det Rec 0.86 | Det FA 0.26 | Epoch Time 24.09s (Eval 0.00s, Train 24.09s)
[STATE 2026-04-18 11:13:21] T0 Ep 6/10 complete: Prec 0.6603 F1 0.6245 DetRec 0.8595 DetFA 0.2611 | 24.09s total (0.00s eval/24.09s train)
[STATE 2026-04-18 11:13:21] Task 0 Epoch 7/10: entering train loop
T0 Ep 7/10 | L 0.7800 | Train Acc 0.69 | Prec 0.68 | F1 0.64 | Det Rec 0.86 | Det FA 0.26 | Epoch Time 24.24s (Eval 0.00s, Train 24.24s)
[STATE 2026-04-18 11:13:45] T0 Ep 7/10 complete: Prec 0.6807 F1 0.6417 DetRec 0.8615 DetFA 0.2591 | 24.24s total (0.00s eval/24.24s train)
[STATE 2026-04-18 11:13:45] Task 0 Epoch 8/10: entering train loop
T0 Ep 8/10 | L 0.7157 | Train Acc 0.73 | Prec 0.71 | F1 0.67 | Det Rec 0.86 | Det FA 0.26 | Epoch Time 24.23s (Eval 0.00s, Train 24.23s)
[STATE 2026-04-18 11:14:09] T0 Ep 8/10 complete: Prec 0.7127 F1 0.6661 DetRec 0.8633 DetFA 0.2556 | 24.23s total (0.00s eval/24.23s train)
[STATE 2026-04-18 11:14:09] Task 0 Epoch 9/10: entering train loop
T0 Ep 9/10 | L 0.6597 | Train Acc 0.76 | Prec 0.74 | F1 0.69 | Det Rec 0.87 | Det FA 0.25 | Epoch Time 24.25s (Eval 0.00s, Train 24.25s)
[STATE 2026-04-18 11:14:33] T0 Ep 9/10 complete: Prec 0.7437 F1 0.6906 DetRec 0.8675 DetFA 0.2477 | 24.25s total (0.00s eval/24.25s train)
[STATE 2026-04-18 11:14:33] Task 0 Epoch 10/10: entering train loop
T0 Ep 10/10 | L 0.6101 | Train Acc 0.78 | Prec 0.78 | F1 0.72 | Det Rec 0.87 | Det FA 0.25 | Epoch Time 24.21s (Eval 0.00s, Train 24.21s)
[STATE 2026-04-18 11:14:58] T0 Ep 10/10 complete: Prec 0.7752 F1 0.7161 DetRec 0.8690 DetFA 0.2459 | 24.21s total (0.00s eval/24.21s train)
[STATE 2026-04-18 11:14:58] Task 0: running final validation.
[STATE 2026-04-18 11:15:02] Completed task 0 (1/10)
[STATE 2026-04-18 11:15:02] Task 1: zero-shot validation (pre-train)
---- Zero-shot (pre-train) task 1: rec_cls 0.3458 | prec_cls 0.1980 | f1_cls 0.2463 | det 0.7860 | pfa 0.3308 | total_f1 0.4883 ----
[STATE 2026-04-18 11:15:16] Starting task 1 (2/10)
[STATE 2026-04-18 11:15:16] Task 1 Epoch 1/10: entering train loop
[STATE 2026-04-18 11:16:04] Task 1 Epoch 1/10: running validation (end of epoch)
---- Eval at Epoch 0: cls [0.4226348154028885, 0.28732794810228396] | det_recall [0.7582393069517206, 0.7301667065676802] | det_fa [0.018868701713079916, 0.4955718452901252] ----
T1 Ep 1/10 | L 1.9717 | Train Acc 0.21 | Prec 0.28 | F1 0.25 | Det Rec 0.70 | Det FA 0.37 | Epoch Time 61.81s (Eval 13.71s, Train 48.10s)
[STATE 2026-04-18 11:16:18] T1 Ep 1/10 complete: Prec 0.2795 F1 0.2484 DetRec 0.6982 DetFA 0.3738 | 61.81s total (13.71s eval/48.10s train)
[STATE 2026-04-18 11:16:18] Task 1 Epoch 2/10: entering train loop
T1 Ep 2/10 | L 1.3622 | Train Acc 0.45 | Prec 0.48 | F1 0.38 | Det Rec 0.65 | Det FA 0.60 | Epoch Time 47.45s (Eval 0.00s, Train 47.45s)
[STATE 2026-04-18 11:17:05] T1 Ep 2/10 complete: Prec 0.4819 F1 0.3815 DetRec 0.6512 DetFA 0.6017 | 47.45s total (0.00s eval/47.45s train)
[STATE 2026-04-18 11:17:05] Task 1 Epoch 3/10: entering train loop
T1 Ep 3/10 | L 1.2118 | Train Acc 0.55 | Prec 0.57 | F1 0.41 | Det Rec 0.60 | Det FA 0.75 | Epoch Time 47.20s (Eval 0.00s, Train 47.20s)
[STATE 2026-04-18 11:17:52] T1 Ep 3/10 complete: Prec 0.5657 F1 0.4103 DetRec 0.5973 DetFA 0.7533 | 47.20s total (0.00s eval/47.20s train)
[STATE 2026-04-18 11:17:52] Task 1 Epoch 4/10: entering train loop
T1 Ep 4/10 | L 1.1082 | Train Acc 0.59 | Prec 0.61 | F1 0.44 | Det Rec 0.61 | Det FA 0.74 | Epoch Time 46.77s (Eval 0.00s, Train 46.77s)
[STATE 2026-04-18 11:18:39] T1 Ep 4/10 complete: Prec 0.6115 F1 0.4431 DetRec 0.6089 DetFA 0.7405 | 46.77s total (0.00s eval/46.77s train)
[STATE 2026-04-18 11:18:39] Task 1 Epoch 5/10: entering train loop
T1 Ep 5/10 | L 1.0265 | Train Acc 0.64 | Prec 0.66 | F1 0.49 | Det Rec 0.64 | Det FA 0.68 | Epoch Time 46.83s (Eval 0.00s, Train 46.83s)
[STATE 2026-04-18 11:19:26] T1 Ep 5/10 complete: Prec 0.6576 F1 0.4928 DetRec 0.6427 DetFA 0.6803 | 46.83s total (0.00s eval/46.83s train)
[STATE 2026-04-18 11:19:26] Task 1 Epoch 6/10: entering train loop
T1 Ep 6/10 | L 0.9521 | Train Acc 0.66 | Prec 0.69 | F1 0.54 | Det Rec 0.69 | Det FA 0.59 | Epoch Time 46.92s (Eval 0.00s, Train 46.92s)
[STATE 2026-04-18 11:20:13] T1 Ep 6/10 complete: Prec 0.6884 F1 0.5372 DetRec 0.6885 DetFA 0.5881 | 46.92s total (0.00s eval/46.92s train)
[STATE 2026-04-18 11:20:13] Task 1 Epoch 7/10: entering train loop
T1 Ep 7/10 | L 0.8830 | Train Acc 0.69 | Prec 0.72 | F1 0.58 | Det Rec 0.72 | Det FA 0.52 | Epoch Time 46.48s (Eval 0.00s, Train 46.48s)
[STATE 2026-04-18 11:20:59] T1 Ep 7/10 complete: Prec 0.7177 F1 0.5767 DetRec 0.7223 DetFA 0.5169 | 46.48s total (0.00s eval/46.48s train)
[STATE 2026-04-18 11:20:59] Task 1 Epoch 8/10: entering train loop
T1 Ep 8/10 | L 0.8244 | Train Acc 0.71 | Prec 0.74 | F1 0.60 | Det Rec 0.73 | Det FA 0.49 | Epoch Time 46.48s (Eval 0.00s, Train 46.48s)
[STATE 2026-04-18 11:21:46] T1 Ep 8/10 complete: Prec 0.7422 F1 0.6008 DetRec 0.7349 DetFA 0.4912 | 46.48s total (0.00s eval/46.48s train)
[STATE 2026-04-18 11:21:46] Task 1 Epoch 9/10: entering train loop
T1 Ep 9/10 | L 0.7828 | Train Acc 0.73 | Prec 0.76 | F1 0.62 | Det Rec 0.75 | Det FA 0.45 | Epoch Time 45.64s (Eval 0.00s, Train 45.64s)
[STATE 2026-04-18 11:22:31] T1 Ep 9/10 complete: Prec 0.7556 F1 0.6203 DetRec 0.7538 DetFA 0.4513 | 45.64s total (0.00s eval/45.64s train)
[STATE 2026-04-18 11:22:31] Task 1 Epoch 10/10: entering train loop
T1 Ep 10/10 | L 0.7389 | Train Acc 0.74 | Prec 0.77 | F1 0.64 | Det Rec 0.76 | Det FA 0.43 | Epoch Time 46.18s (Eval 0.00s, Train 46.18s)
[STATE 2026-04-18 11:23:18] T1 Ep 10/10 complete: Prec 0.7694 F1 0.6364 DetRec 0.7650 DetFA 0.4272 | 46.18s total (0.00s eval/46.18s train)
[STATE 2026-04-18 11:23:18] Task 1: running final validation.
[STATE 2026-04-18 11:23:31] Completed task 1 (2/10)
Note: Unified mixed IQ test tensors to (N, 3, L) via ADC0 I/Q + zero-padded ADC1/2 (IID2-style) for cumulative CIL.
[STATE 2026-04-18 11:23:32] Task 2: zero-shot validation (pre-train)
---- Zero-shot (pre-train) task 2: rec_cls 0.0651 | prec_cls 0.0093 | f1_cls 0.0233 | det 0.5430 | pfa 0.8331 | total_f1 0.2223 ----
[STATE 2026-04-18 11:24:40] Starting task 2 (3/10)
[STATE 2026-04-18 11:24:40] Task 2 Epoch 1/10: entering train loop
[STATE 2026-04-18 11:32:07] Task 2 Epoch 1/10: running validation (end of epoch)
---- Eval at Epoch 0: cls [0.099890190771509, 0.15125006048729156, 0.1008679028709027] | det_recall [0.568280004494044, 0.6325387369316159, 0.6110425726142026] | det_fa [0.0009848963412149453, 0.00749888192071357, 0.5748985102764497] ----
T2 Ep 1/10 | L 1.7554 | Train Acc 0.23 | Prec 0.24 | F1 0.28 | Det Rec 0.74 | Det FA 0.41 | Epoch Time 515.34s (Eval 68.40s, Train 446.94s)
[STATE 2026-04-18 11:33:16] T2 Ep 1/10 complete: Prec 0.2441 F1 0.2795 DetRec 0.7372 DetFA 0.4073 | 515.34s total (68.40s eval/446.94s train)
[STATE 2026-04-18 11:33:16] Task 2 Epoch 2/10: entering train loop
T2 Ep 2/10 | L 1.4855 | Train Acc 0.31 | Prec 0.32 | F1 0.35 | Det Rec 0.77 | Det FA 0.40 | Epoch Time 438.02s (Eval 0.00s, Train 438.02s)
[STATE 2026-04-18 11:40:34] T2 Ep 2/10 complete: Prec 0.3202 F1 0.3509 DetRec 0.7674 DetFA 0.3961 | 438.02s total (0.00s eval/438.02s train)
[STATE 2026-04-18 11:40:34] Task 2 Epoch 3/10: entering train loop
T2 Ep 3/10 | L 1.3755 | Train Acc 0.38 | Prec 0.38 | F1 0.40 | Det Rec 0.77 | Det FA 0.39 | Epoch Time 435.11s (Eval 0.00s, Train 435.11s)
[STATE 2026-04-18 11:47:49] T2 Ep 3/10 complete: Prec 0.3839 F1 0.4038 DetRec 0.7734 DetFA 0.3905 | 435.11s total (0.00s eval/435.11s train)
[STATE 2026-04-18 11:47:49] Task 2 Epoch 4/10: entering train loop
T2 Ep 4/10 | L 1.2679 | Train Acc 0.44 | Prec 0.45 | F1 0.46 | Det Rec 0.78 | Det FA 0.39 | Epoch Time 432.53s (Eval 0.00s, Train 432.53s)
[STATE 2026-04-18 11:55:01] T2 Ep 4/10 complete: Prec 0.4473 F1 0.4552 DetRec 0.7779 DetFA 0.3863 | 432.53s total (0.00s eval/432.53s train)
[STATE 2026-04-18 11:55:01] Task 2 Epoch 5/10: entering train loop
T2 Ep 5/10 | L 1.1732 | Train Acc 0.50 | Prec 0.51 | F1 0.50 | Det Rec 0.78 | Det FA 0.38 | Epoch Time 428.32s (Eval 0.00s, Train 428.32s)
[STATE 2026-04-18 12:02:10] T2 Ep 5/10 complete: Prec 0.5086 F1 0.5044 DetRec 0.7827 DetFA 0.3803 | 428.32s total (0.00s eval/428.32s train)
[STATE 2026-04-18 12:02:10] Task 2 Epoch 6/10: entering train loop
T2 Ep 6/10 | L 1.0901 | Train Acc 0.54 | Prec 0.55 | F1 0.54 | Det Rec 0.79 | Det FA 0.38 | Epoch Time 428.31s (Eval 0.00s, Train 428.31s)
[STATE 2026-04-18 12:09:18] T2 Ep 6/10 complete: Prec 0.5525 F1 0.5395 DetRec 0.7863 DetFA 0.3752 | 428.31s total (0.00s eval/428.31s train)
[STATE 2026-04-18 12:09:18] Task 2 Epoch 7/10: entering train loop
T2 Ep 7/10 | L 1.0232 | Train Acc 0.58 | Prec 0.59 | F1 0.57 | Det Rec 0.79 | Det FA 0.37 | Epoch Time 429.75s (Eval 0.00s, Train 429.75s)
[STATE 2026-04-18 12:16:28] T2 Ep 7/10 complete: Prec 0.5898 F1 0.5713 DetRec 0.7917 DetFA 0.3703 | 429.75s total (0.00s eval/429.75s train)
[STATE 2026-04-18 12:16:28] Task 2 Epoch 8/10: entering train loop
T2 Ep 8/10 | L 0.9704 | Train Acc 0.61 | Prec 0.61 | F1 0.59 | Det Rec 0.80 | Det FA 0.36 | Epoch Time 428.78s (Eval 0.00s, Train 428.78s)
[STATE 2026-04-18 12:23:37] T2 Ep 8/10 complete: Prec 0.6120 F1 0.5901 DetRec 0.7957 DetFA 0.3635 | 428.78s total (0.00s eval/428.78s train)
[STATE 2026-04-18 12:23:37] Task 2 Epoch 9/10: entering train loop
T2 Ep 9/10 | L 0.9282 | Train Acc 0.62 | Prec 0.63 | F1 0.61 | Det Rec 0.80 | Det FA 0.36 | Epoch Time 430.37s (Eval 0.00s, Train 430.37s)
[STATE 2026-04-18 12:30:47] T2 Ep 9/10 complete: Prec 0.6322 F1 0.6062 DetRec 0.7990 DetFA 0.3568 | 430.37s total (0.00s eval/430.37s train)
[STATE 2026-04-18 12:30:47] Task 2 Epoch 10/10: entering train loop
T2 Ep 10/10 | L 0.8945 | Train Acc 0.64 | Prec 0.65 | F1 0.62 | Det Rec 0.80 | Det FA 0.35 | Epoch Time 428.69s (Eval 0.00s, Train 428.69s)
[STATE 2026-04-18 12:37:56] T2 Ep 10/10 complete: Prec 0.6473 F1 0.6196 DetRec 0.8030 DetFA 0.3502 | 428.69s total (0.00s eval/428.69s train)
[STATE 2026-04-18 12:37:56] Task 2: running final validation.
[STATE 2026-04-18 12:39:04] Completed task 2 (3/10)
Note: Unified mixed IQ test tensors to (N, 3, L) via ADC0 I/Q + zero-padded ADC1/2 (IID2-style) for cumulative CIL.
[STATE 2026-04-18 12:39:05] Task 3: zero-shot validation (pre-train)
---- Zero-shot (pre-train) task 3: rec_cls 0.0491 | prec_cls 0.0513 | f1_cls 0.0609 | det 0.6207 | pfa 0.6282 | total_f1 0.1157 ----
[STATE 2026-04-18 12:41:10] Starting task 3 (4/10)
[STATE 2026-04-18 12:41:10] Task 3 Epoch 1/10: entering train loop
[STATE 2026-04-18 12:41:54] Task 3 Epoch 1/10: running validation (end of epoch)
---- Eval at Epoch 0: cls [0.02476284109549149, 0.08123349871680165, 0.10170366701929968, 0.08255926386341178] | det_recall [0.5166447875695138, 0.5623169397618484, 0.4978143398751387, 0.5010457419251063] | det_fa [0.0002335182168908217, 0.006703617715032579, 0.6392988425193694, 0.6560544576082361] ----
T3 Ep 1/10 | L 8.4518 | Train Acc 0.00 | Prec 0.00 | F1 0.12 | Det Rec 0.88 | Det FA 0.18 | Epoch Time 169.58s (Eval 125.37s, Train 44.21s)
[STATE 2026-04-18 12:44:00] T3 Ep 1/10 complete: Prec 0.0000 F1 0.1228 DetRec 0.8783 DetFA 0.1801 | 169.58s total (125.37s eval/44.21s train)
[STATE 2026-04-18 12:44:00] Task 3 Epoch 2/10: entering train loop
T3 Ep 2/10 | L 3.2224 | Train Acc 0.10 | Prec 0.13 | F1 0.22 | Det Rec 0.93 | Det FA 0.02 | Epoch Time 42.55s (Eval 0.00s, Train 42.55s)
[STATE 2026-04-18 12:44:42] T3 Ep 2/10 complete: Prec 0.1294 F1 0.2164 DetRec 0.9301 DetFA 0.0177 | 42.55s total (0.00s eval/42.55s train)
[STATE 2026-04-18 12:44:42] Task 3 Epoch 3/10: entering train loop
T3 Ep 3/10 | L 1.2760 | Train Acc 0.48 | Prec 0.50 | F1 0.55 | Det Rec 0.99 | Det FA 0.02 | Epoch Time 43.51s (Eval 0.00s, Train 43.51s)
[STATE 2026-04-18 12:45:26] T3 Ep 3/10 complete: Prec 0.5031 F1 0.5475 DetRec 0.9897 DetFA 0.0167 | 43.51s total (0.00s eval/43.51s train)
[STATE 2026-04-18 12:45:26] Task 3 Epoch 4/10: entering train loop
T3 Ep 4/10 | L 0.9588 | Train Acc 0.56 | Prec 0.55 | F1 0.61 | Det Rec 0.99 | Det FA 0.01 | Epoch Time 43.42s (Eval 0.00s, Train 43.42s)
[STATE 2026-04-18 12:46:09] T3 Ep 4/10 complete: Prec 0.5545 F1 0.6073 DetRec 0.9915 DetFA 0.0146 | 43.42s total (0.00s eval/43.42s train)
[STATE 2026-04-18 12:46:09] Task 3 Epoch 5/10: entering train loop
T3 Ep 5/10 | L 0.8762 | Train Acc 0.58 | Prec 0.57 | F1 0.62 | Det Rec 0.99 | Det FA 0.01 | Epoch Time 43.85s (Eval 0.00s, Train 43.85s)
[STATE 2026-04-18 12:46:53] T3 Ep 5/10 complete: Prec 0.5739 F1 0.6221 DetRec 0.9919 DetFA 0.0148 | 43.85s total (0.00s eval/43.85s train)
[STATE 2026-04-18 12:46:53] Task 3 Epoch 6/10: entering train loop
T3 Ep 6/10 | L 0.8368 | Train Acc 0.58 | Prec 0.58 | F1 0.63 | Det Rec 0.99 | Det FA 0.01 | Epoch Time 42.53s (Eval 0.00s, Train 42.53s)
[STATE 2026-04-18 12:47:36] T3 Ep 6/10 complete: Prec 0.5825 F1 0.6303 DetRec 0.9929 DetFA 0.0130 | 42.53s total (0.00s eval/42.53s train)
[STATE 2026-04-18 12:47:36] Task 3 Epoch 7/10: entering train loop
T3 Ep 7/10 | L 0.7975 | Train Acc 0.60 | Prec 0.59 | F1 0.64 | Det Rec 0.99 | Det FA 0.01 | Epoch Time 42.89s (Eval 0.00s, Train 42.89s)
[STATE 2026-04-18 12:48:19] T3 Ep 7/10 complete: Prec 0.5949 F1 0.6437 DetRec 0.9941 DetFA 0.0110 | 42.89s total (0.00s eval/42.89s train)
[STATE 2026-04-18 12:48:19] Task 3 Epoch 8/10: entering train loop
T3 Ep 8/10 | L 0.7816 | Train Acc 0.60 | Prec 0.61 | F1 0.65 | Det Rec 0.99 | Det FA 0.01 | Epoch Time 42.56s (Eval 0.00s, Train 42.56s)
[STATE 2026-04-18 12:49:01] T3 Ep 8/10 complete: Prec 0.6053 F1 0.6510 DetRec 0.9941 DetFA 0.0103 | 42.56s total (0.00s eval/42.56s train)
[STATE 2026-04-18 12:49:01] Task 3 Epoch 9/10: entering train loop
T3 Ep 9/10 | L 0.7753 | Train Acc 0.61 | Prec 0.61 | F1 0.65 | Det Rec 0.99 | Det FA 0.01 | Epoch Time 43.15s (Eval 0.00s, Train 43.15s)
[STATE 2026-04-18 12:49:44] T3 Ep 9/10 complete: Prec 0.6091 F1 0.6534 DetRec 0.9942 DetFA 0.0102 | 43.15s total (0.00s eval/43.15s train)
[STATE 2026-04-18 12:49:44] Task 3 Epoch 10/10: entering train loop
T3 Ep 10/10 | L 0.7541 | Train Acc 0.60 | Prec 0.60 | F1 0.65 | Det Rec 1.00 | Det FA 0.01 | Epoch Time 42.66s (Eval 0.00s, Train 42.66s)
[STATE 2026-04-18 12:50:27] T3 Ep 10/10 complete: Prec 0.6034 F1 0.6517 DetRec 0.9957 DetFA 0.0068 | 42.66s total (0.00s eval/42.66s train)
[STATE 2026-04-18 12:50:27] Task 3: running final validation.
[STATE 2026-04-18 12:52:32] Completed task 3 (4/10)
Note: Unified mixed IQ test tensors to (N, 3, L) via ADC0 I/Q + zero-padded ADC1/2 (IID2-style) for cumulative CIL.
[STATE 2026-04-18 12:52:33] Task 4: zero-shot validation (pre-train)
---- Zero-shot (pre-train) task 4: rec_cls 0.0567 | prec_cls 0.0518 | f1_cls 0.0196 | det 0.3829 | pfa 0.7311 | total_f1 0.0777 ----
[STATE 2026-04-18 12:55:37] Starting task 4 (5/10)
[STATE 2026-04-18 12:55:37] Task 4 Epoch 1/10: entering train loop
[STATE 2026-04-18 12:56:29] Task 4 Epoch 1/10: running validation (end of epoch)
---- Eval at Epoch 0: cls [0.03842317893007342, 0.06640356959268147, 0.02820463773910575, 0.06826750800210137, 0.06172710073028655] | det_recall [0.5145907828876485, 0.5657214856501555, 0.3539114922587518, 0.37201450467560065, 0.40126529941298245] | det_fa [0.006080579976939004, 0.031858601171922844, 0.6427543106403586, 0.6377772261255712, 0.5831356299713003] ----
T4 Ep 1/10 | L 6.0525 | Train Acc 0.00 | Prec 0.00 | F1 0.14 | Det Rec 0.98 | Det FA 0.01 | Epoch Time 236.48s (Eval 184.21s, Train 52.28s)
[STATE 2026-04-18 12:59:34] T4 Ep 1/10 complete: Prec 0.0006 F1 0.1405 DetRec 0.9818 DetFA 0.0126 | 236.48s total (184.21s eval/52.28s train)
[STATE 2026-04-18 12:59:34] Task 4 Epoch 2/10: entering train loop
T4 Ep 2/10 | L 1.6673 | Train Acc 0.24 | Prec 0.26 | F1 0.34 | Det Rec 1.00 | Det FA 0.00 | Epoch Time 53.36s (Eval 0.00s, Train 53.36s)
[STATE 2026-04-18 13:00:27] T4 Ep 2/10 complete: Prec 0.2607 F1 0.3405 DetRec 0.9957 DetFA 0.0002 | 53.36s total (0.00s eval/53.36s train)
[STATE 2026-04-18 13:00:27] Task 4 Epoch 3/10: entering train loop
T4 Ep 3/10 | L 1.1113 | Train Acc 0.35 | Prec 0.35 | F1 0.43 | Det Rec 1.00 | Det FA 0.00 | Epoch Time 53.13s (Eval 0.00s, Train 53.13s)
[STATE 2026-04-18 13:01:20] T4 Ep 3/10 complete: Prec 0.3457 F1 0.4334 DetRec 1.0000 DetFA 0.0000 | 53.13s total (0.00s eval/53.13s train)
[STATE 2026-04-18 13:01:20] Task 4 Epoch 4/10: entering train loop
T4 Ep 4/10 | L 1.0630 | Train Acc 0.37 | Prec 0.36 | F1 0.45 | Det Rec 1.00 | Det FA 0.00 | Epoch Time 53.10s (Eval 0.00s, Train 53.10s)
[STATE 2026-04-18 13:02:13] T4 Ep 4/10 complete: Prec 0.3627 F1 0.4473 DetRec 1.0000 DetFA 0.0000 | 53.10s total (0.00s eval/53.10s train)
[STATE 2026-04-18 13:02:13] Task 4 Epoch 5/10: entering train loop
T4 Ep 5/10 | L 1.0380 | Train Acc 0.38 | Prec 0.38 | F1 0.46 | Det Rec 1.00 | Det FA 0.00 | Epoch Time 52.08s (Eval 0.00s, Train 52.08s)
[STATE 2026-04-18 13:03:05] T4 Ep 5/10 complete: Prec 0.3768 F1 0.4582 DetRec 1.0000 DetFA 0.0000 | 52.08s total (0.00s eval/52.08s train)
[STATE 2026-04-18 13:03:05] Task 4 Epoch 6/10: entering train loop
T4 Ep 6/10 | L 1.0769 | Train Acc 0.38 | Prec 0.37 | F1 0.45 | Det Rec 1.00 | Det FA 0.00 | Epoch Time 50.82s (Eval 0.00s, Train 50.82s)
[STATE 2026-04-18 13:03:56] T4 Ep 6/10 complete: Prec 0.3733 F1 0.4533 DetRec 1.0000 DetFA 0.0000 | 50.82s total (0.00s eval/50.82s train)
[STATE 2026-04-18 13:03:56] Task 4 Epoch 7/10: entering train loop
T4 Ep 7/10 | L 1.4327 | Train Acc 0.35 | Prec 0.37 | F1 0.43 | Det Rec 1.00 | Det FA 0.00 | Epoch Time 49.62s (Eval 0.00s, Train 49.62s)
[STATE 2026-04-18 13:04:46] T4 Ep 7/10 complete: Prec 0.3666 F1 0.4280 DetRec 0.9995 DetFA 0.0000 | 49.62s total (0.00s eval/49.62s train)
[STATE 2026-04-18 13:04:46] Task 4 Epoch 8/10: entering train loop
T4 Ep 8/10 | L 1.0415 | Train Acc 0.38 | Prec 0.37 | F1 0.45 | Det Rec 1.00 | Det FA 0.00 | Epoch Time 49.79s (Eval 0.00s, Train 49.79s)
[STATE 2026-04-18 13:05:36] T4 Ep 8/10 complete: Prec 0.3739 F1 0.4512 DetRec 0.9999 DetFA 0.0000 | 49.79s total (0.00s eval/49.79s train)
[STATE 2026-04-18 13:05:36] Task 4 Epoch 9/10: entering train loop
T4 Ep 9/10 | L 1.0465 | Train Acc 0.38 | Prec 0.38 | F1 0.46 | Det Rec 1.00 | Det FA 0.00 | Epoch Time 50.16s (Eval 0.00s, Train 50.16s)
[STATE 2026-04-18 13:06:26] T4 Ep 9/10 complete: Prec 0.3802 F1 0.4555 DetRec 0.9999 DetFA 0.0000 | 50.16s total (0.00s eval/50.16s train)
[STATE 2026-04-18 13:06:26] Task 4 Epoch 10/10: entering train loop
T4 Ep 10/10 | L 1.1159 | Train Acc 0.36 | Prec 0.37 | F1 0.44 | Det Rec 1.00 | Det FA 0.00 | Epoch Time 50.05s (Eval 0.00s, Train 50.05s)
[STATE 2026-04-18 13:07:16] T4 Ep 10/10 complete: Prec 0.3727 F1 0.4435 DetRec 1.0000 DetFA 0.0000 | 50.05s total (0.00s eval/50.05s train)
[STATE 2026-04-18 13:07:16] Task 4: running final validation.
[STATE 2026-04-18 13:10:20] Completed task 4 (5/10)
Note: Unified mixed IQ test tensors to (N, 3, L) via ADC0 I/Q + zero-padded ADC1/2 (IID2-style) for cumulative CIL.
[STATE 2026-04-18 13:10:21] Task 5: zero-shot validation (pre-train)
---- Zero-shot (pre-train) task 5: rec_cls 0.0431 | prec_cls 0.0214 | f1_cls 0.0217 | det 0.4783 | pfa 0.4501 | total_f1 0.0687 ----
[STATE 2026-04-18 13:14:51] Starting task 5 (6/10)
[STATE 2026-04-18 13:14:51] Task 5 Epoch 1/10: entering train loop
[STATE 2026-04-18 13:23:05] Task 5 Epoch 1/10: running validation (end of epoch)
---- Eval at Epoch 0: cls [0.02090159020572046, 0.049905024836080614, 0.008484091941035934, 0.029994680006338353, 0.018999575921831862, 0.040304911818721006] | det_recall [0.5147161753993502, 0.5430337299308495, 0.516098539367045, 0.5020307691599003, 0.4135231751454012, 0.47037533450989755] | det_fa [0.00034460460945254435, 0.007161734299799448, 0.07325729023731745, 0.1360898060430997, 0.41076563551027984, 0.9059353795250368] ----
T5 Ep 1/10 | L 2.0999 | Train Acc 0.30 | Prec 0.31 | F1 0.33 | Det Rec 0.77 | Det FA 0.34 | Epoch Time 763.43s (Eval 269.51s, Train 493.92s)
[STATE 2026-04-18 13:27:34] T5 Ep 1/10 complete: Prec 0.3120 F1 0.3316 DetRec 0.7728 DetFA 0.3390 | 763.43s total (269.51s eval/493.92s train)
[STATE 2026-04-18 13:27:34] Task 5 Epoch 2/10: entering train loop
T5 Ep 2/10 | L 1.1251 | Train Acc 0.54 | Prec 0.54 | F1 0.53 | Det Rec 0.82 | Det FA 0.30 | Epoch Time 484.04s (Eval 0.00s, Train 484.04s)
[STATE 2026-04-18 13:35:38] T5 Ep 2/10 complete: Prec 0.5371 F1 0.5341 DetRec 0.8157 DetFA 0.3044 | 484.04s total (0.00s eval/484.04s train)
[STATE 2026-04-18 13:35:38] Task 5 Epoch 3/10: entering train loop
T5 Ep 3/10 | L 0.9488 | Train Acc 0.63 | Prec 0.62 | F1 0.60 | Det Rec 0.82 | Det FA 0.30 | Epoch Time 484.86s (Eval 0.00s, Train 484.86s)
[STATE 2026-04-18 13:43:43] T5 Ep 3/10 complete: Prec 0.6180 F1 0.6042 DetRec 0.8229 DetFA 0.2951 | 484.86s total (0.00s eval/484.86s train)
[STATE 2026-04-18 13:43:43] Task 5 Epoch 4/10: entering train loop
T5 Ep 4/10 | L 0.8550 | Train Acc 0.66 | Prec 0.66 | F1 0.64 | Det Rec 0.83 | Det FA 0.28 | Epoch Time 494.22s (Eval 0.00s, Train 494.22s)
[STATE 2026-04-18 13:51:57] T5 Ep 4/10 complete: Prec 0.6555 F1 0.6371 DetRec 0.8289 DetFA 0.2836 | 494.22s total (0.00s eval/494.22s train)
[STATE 2026-04-18 13:51:57] Task 5 Epoch 5/10: entering train loop
T5 Ep 5/10 | L 0.7956 | Train Acc 0.68 | Prec 0.68 | F1 0.66 | Det Rec 0.83 | Det FA 0.27 | Epoch Time 492.45s (Eval 0.00s, Train 492.45s)
[STATE 2026-04-18 14:00:10] T5 Ep 5/10 complete: Prec 0.6776 F1 0.6569 DetRec 0.8343 DetFA 0.2749 | 492.45s total (0.00s eval/492.45s train)
[STATE 2026-04-18 14:00:10] Task 5 Epoch 6/10: entering train loop
T5 Ep 6/10 | L 0.7531 | Train Acc 0.69 | Prec 0.69 | F1 0.67 | Det Rec 0.84 | Det FA 0.27 | Epoch Time 492.76s (Eval 0.00s, Train 492.76s)
[STATE 2026-04-18 14:08:22] T5 Ep 6/10 complete: Prec 0.6923 F1 0.6694 DetRec 0.8381 DetFA 0.2673 | 492.76s total (0.00s eval/492.76s train)
[STATE 2026-04-18 14:08:22] Task 5 Epoch 7/10: entering train loop
T5 Ep 7/10 | L 0.7224 | Train Acc 0.71 | Prec 0.70 | F1 0.68 | Det Rec 0.84 | Det FA 0.26 | Epoch Time 491.78s (Eval 0.00s, Train 491.78s)
[STATE 2026-04-18 14:16:34] T5 Ep 7/10 complete: Prec 0.7045 F1 0.6823 DetRec 0.8434 DetFA 0.2580 | 491.78s total (0.00s eval/491.78s train)
[STATE 2026-04-18 14:16:34] Task 5 Epoch 8/10: entering train loop
T5 Ep 8/10 | L 0.6959 | Train Acc 0.72 | Prec 0.72 | F1 0.69 | Det Rec 0.85 | Det FA 0.24 | Epoch Time 494.52s (Eval 0.00s, Train 494.52s)
[STATE 2026-04-18 14:24:49] T5 Ep 8/10 complete: Prec 0.7183 F1 0.6933 DetRec 0.8495 DetFA 0.2419 | 494.52s total (0.00s eval/494.52s train)
[STATE 2026-04-18 14:24:49] Task 5 Epoch 9/10: entering train loop
T5 Ep 9/10 | L 0.6745 | Train Acc 0.72 | Prec 0.72 | F1 0.70 | Det Rec 0.85 | Det FA 0.24 | Epoch Time 490.95s (Eval 0.00s, Train 490.95s)
[STATE 2026-04-18 14:33:00] T5 Ep 9/10 complete: Prec 0.7212 F1 0.6988 DetRec 0.8516 DetFA 0.2436 | 490.95s total (0.00s eval/490.95s train)
[STATE 2026-04-18 14:33:00] Task 5 Epoch 10/10: entering train loop
T5 Ep 10/10 | L 0.6598 | Train Acc 0.73 | Prec 0.73 | F1 0.70 | Det Rec 0.85 | Det FA 0.24 | Epoch Time 496.05s (Eval 0.00s, Train 496.05s)
[STATE 2026-04-18 14:41:16] T5 Ep 10/10 complete: Prec 0.7276 F1 0.7045 DetRec 0.8533 DetFA 0.2389 | 496.05s total (0.00s eval/496.05s train)
[STATE 2026-04-18 14:41:16] Task 5: running final validation.
[STATE 2026-04-18 14:45:45] Completed task 5 (6/10)
Note: Unified mixed IQ test tensors to (N, 3, L) via ADC0 I/Q + zero-padded ADC1/2 (IID2-style) for cumulative CIL.
[STATE 2026-04-18 14:45:46] Task 6: zero-shot validation (pre-train)
---- Zero-shot (pre-train) task 6: rec_cls 0.0430 | prec_cls 0.0185 | f1_cls 0.0187 | det 0.4830 | pfa 0.9411 | total_f1 0.0534 ----
[STATE 2026-04-18 14:51:43] Starting task 6 (7/10)
[STATE 2026-04-18 14:51:43] Task 6 Epoch 1/10: entering train loop
[STATE 2026-04-18 14:52:36] Task 6 Epoch 1/10: running validation (end of epoch)
---- Eval at Epoch 0: cls [0.004207632425054867, 0.030966434011922905, 0.005843822686703144, 0.022137402674983122, 0.007930045416082032, 0.04951320837293517, 0.04175650188919224] | det_recall [0.5026383048356949, 0.5270828539541177, 0.5176794339812417, 0.5043373811581865, 0.4440399475483985, 0.5025358710490121, 0.4847931947316395] | det_fa [0.0009975152205163437, 0.005555589339394332, 0.030043795905538156, 0.10197495268230368, 0.2850328642976714, 0.7276479279869561, 0.7824792987720226] ----
T6 Ep 1/10 | L 10.6466 | Train Acc 0.00 | Prec 0.00 | F1 0.10 | Det Rec 0.72 | Det FA 0.55 | Epoch Time 410.02s (Eval 356.66s, Train 53.36s)
[STATE 2026-04-18 14:58:33] T6 Ep 1/10 complete: Prec 0.0000 F1 0.0961 DetRec 0.7212 DetFA 0.5517 | 410.02s total (356.66s eval/53.36s train)
[STATE 2026-04-18 14:58:33] Task 6 Epoch 2/10: entering train loop
T6 Ep 2/10 | L 5.5793 | Train Acc 0.00 | Prec 0.00 | F1 0.16 | Det Rec 0.94 | Det FA 0.08 | Epoch Time 53.40s (Eval 0.00s, Train 53.40s)
[STATE 2026-04-18 14:59:26] T6 Ep 2/10 complete: Prec 0.0000 F1 0.1555 DetRec 0.9358 DetFA 0.0812 | 53.40s total (0.00s eval/53.40s train)
[STATE 2026-04-18 14:59:26] Task 6 Epoch 3/10: entering train loop
T6 Ep 3/10 | L 1.9894 | Train Acc 0.29 | Prec 0.36 | F1 0.40 | Det Rec 0.98 | Det FA 0.01 | Epoch Time 53.40s (Eval 0.00s, Train 53.40s)
[STATE 2026-04-18 15:00:19] T6 Ep 3/10 complete: Prec 0.3557 F1 0.4034 DetRec 0.9848 DetFA 0.0067 | 53.40s total (0.00s eval/53.40s train)
[STATE 2026-04-18 15:00:19] Task 6 Epoch 4/10: entering train loop
T6 Ep 4/10 | L 0.9740 | Train Acc 0.52 | Prec 0.50 | F1 0.58 | Det Rec 1.00 | Det FA 0.00 | Epoch Time 52.78s (Eval 0.00s, Train 52.78s)
[STATE 2026-04-18 15:01:12] T6 Ep 4/10 complete: Prec 0.5039 F1 0.5837 DetRec 0.9991 DetFA 0.0016 | 52.78s total (0.00s eval/52.78s train)
[STATE 2026-04-18 15:01:12] Task 6 Epoch 5/10: entering train loop
T6 Ep 5/10 | L 0.8844 | Train Acc 0.54 | Prec 0.53 | F1 0.60 | Det Rec 1.00 | Det FA 0.00 | Epoch Time 49.84s (Eval 0.00s, Train 49.84s)
[STATE 2026-04-18 15:02:02] T6 Ep 5/10 complete: Prec 0.5286 F1 0.6043 DetRec 0.9995 DetFA 0.0004 | 49.84s total (0.00s eval/49.84s train)
[STATE 2026-04-18 15:02:02] Task 6 Epoch 6/10: entering train loop
T6 Ep 6/10 | L 0.8221 | Train Acc 0.56 | Prec 0.55 | F1 0.62 | Det Rec 1.00 | Det FA 0.00 | Epoch Time 49.74s (Eval 0.00s, Train 49.74s)
[STATE 2026-04-18 15:02:52] T6 Ep 6/10 complete: Prec 0.5453 F1 0.6212 DetRec 0.9998 DetFA 0.0004 | 49.74s total (0.00s eval/49.74s train)
[STATE 2026-04-18 15:02:52] Task 6 Epoch 7/10: entering train loop
T6 Ep 7/10 | L 0.8267 | Train Acc 0.55 | Prec 0.54 | F1 0.62 | Det Rec 1.00 | Det FA 0.00 | Epoch Time 49.73s (Eval 0.00s, Train 49.73s)
[STATE 2026-04-18 15:03:41] T6 Ep 7/10 complete: Prec 0.5433 F1 0.6153 DetRec 1.0000 DetFA 0.0000 | 49.73s total (0.00s eval/49.73s train)
[STATE 2026-04-18 15:03:41] Task 6 Epoch 8/10: entering train loop
T6 Ep 8/10 | L 0.8486 | Train Acc 0.56 | Prec 0.55 | F1 0.62 | Det Rec 1.00 | Det FA 0.00 | Epoch Time 50.66s (Eval 0.00s, Train 50.66s)
[STATE 2026-04-18 15:04:32] T6 Ep 8/10 complete: Prec 0.5499 F1 0.6190 DetRec 0.9998 DetFA 0.0004 | 50.66s total (0.00s eval/50.66s train)
[STATE 2026-04-18 15:04:32] Task 6 Epoch 9/10: entering train loop
T6 Ep 9/10 | L 0.7841 | Train Acc 0.56 | Prec 0.55 | F1 0.62 | Det Rec 1.00 | Det FA 0.00 | Epoch Time 52.08s (Eval 0.00s, Train 52.08s)
[STATE 2026-04-18 15:05:24] T6 Ep 9/10 complete: Prec 0.5501 F1 0.6239 DetRec 0.9995 DetFA 0.0011 | 52.08s total (0.00s eval/52.08s train)
[STATE 2026-04-18 15:05:24] Task 6 Epoch 10/10: entering train loop
T6 Ep 10/10 | L 0.7615 | Train Acc 0.57 | Prec 0.56 | F1 0.63 | Det Rec 1.00 | Det FA 0.00 | Epoch Time 53.25s (Eval 0.00s, Train 53.25s)
[STATE 2026-04-18 15:06:17] T6 Ep 10/10 complete: Prec 0.5630 F1 0.6338 DetRec 0.9997 DetFA 0.0007 | 53.25s total (0.00s eval/53.25s train)
[STATE 2026-04-18 15:06:17] Task 6: running final validation.
[STATE 2026-04-18 15:12:14] Completed task 6 (7/10)
Note: Unified mixed IQ test tensors to (N, 3, L) via ADC0 I/Q + zero-padded ADC1/2 (IID2-style) for cumulative CIL.
[STATE 2026-04-18 15:12:15] Task 7: zero-shot validation (pre-train)
---- Zero-shot (pre-train) task 7: rec_cls 0.0516 | prec_cls 0.0266 | f1_cls 0.0292 | det 0.5572 | pfa 0.4507 | total_f1 0.0557 ----
[STATE 2026-04-18 15:20:03] Starting task 7 (8/10)
[STATE 2026-04-18 15:20:03] Task 7 Epoch 1/10: entering train loop
[STATE 2026-04-18 15:30:44] Task 7 Epoch 1/10: running validation (end of epoch)
---- Eval at Epoch 0: cls [0.011390207721451995, 0.023373609385528685, 0.0028354059584772984, 0.03560421770466997, 0.028098756730846112, 0.03769698360751362, 0.03296924028447781, 0.049804208467385196] | det_recall [0.5025006936327582, 0.5226669765341448, 0.5133234591201732, 0.5278820074602628, 0.4690733871991544, 0.535895524143988, 0.5256812340139568, 0.4823079778768857] | det_fa [0.0011051691583126425, 0.006468810583414497, 0.09044992999312208, 0.13452541130693454, 0.3028445742481672, 0.21030062135367952, 0.273438180119942, 0.8431968085232112] ----
T7 Ep 1/10 | L 2.4453 | Train Acc 0.31 | Prec 0.32 | F1 0.34 | Det Rec 0.77 | Det FA 0.31 | Epoch Time 1109.04s (Eval 468.11s, Train 640.92s)
[STATE 2026-04-18 15:38:32] T7 Ep 1/10 complete: Prec 0.3217 F1 0.3440 DetRec 0.7690 DetFA 0.3062 | 1109.04s total (468.11s eval/640.92s train)
[STATE 2026-04-18 15:38:32] Task 7 Epoch 2/10: entering train loop
T7 Ep 2/10 | L 1.0331 | Train Acc 0.55 | Prec 0.55 | F1 0.55 | Det Rec 0.81 | Det FA 0.31 | Epoch Time 638.73s (Eval 0.00s, Train 638.73s)
[STATE 2026-04-18 15:49:11] T7 Ep 2/10 complete: Prec 0.5547 F1 0.5488 DetRec 0.8072 DetFA 0.3057 | 638.73s total (0.00s eval/638.73s train)
[STATE 2026-04-18 15:49:11] Task 7 Epoch 3/10: entering train loop
T7 Ep 3/10 | L 0.9126 | Train Acc 0.61 | Prec 0.62 | F1 0.60 | Det Rec 0.82 | Det FA 0.29 | Epoch Time 622.48s (Eval 0.00s, Train 622.48s)
[STATE 2026-04-18 15:59:33] T7 Ep 3/10 complete: Prec 0.6180 F1 0.6035 DetRec 0.8160 DetFA 0.2932 | 622.48s total (0.00s eval/622.48s train)
[STATE 2026-04-18 15:59:33] Task 7 Epoch 4/10: entering train loop
T7 Ep 4/10 | L 0.8199 | Train Acc 0.66 | Prec 0.66 | F1 0.64 | Det Rec 0.82 | Det FA 0.28 | Epoch Time 638.96s (Eval 0.00s, Train 638.96s)
[STATE 2026-04-18 16:10:12] T7 Ep 4/10 complete: Prec 0.6618 F1 0.6421 DetRec 0.8227 DetFA 0.2826 | 638.96s total (0.00s eval/638.96s train)
[STATE 2026-04-18 16:10:12] Task 7 Epoch 5/10: entering train loop
T7 Ep 5/10 | L 0.7657 | Train Acc 0.69 | Prec 0.70 | F1 0.67 | Det Rec 0.82 | Det FA 0.28 | Epoch Time 638.26s (Eval 0.00s, Train 638.26s)
[STATE 2026-04-18 16:20:51] T7 Ep 5/10 complete: Prec 0.6954 F1 0.6695 DetRec 0.8245 DetFA 0.2808 | 638.26s total (0.00s eval/638.26s train)
[STATE 2026-04-18 16:20:51] Task 7 Epoch 6/10: entering train loop
T7 Ep 6/10 | L 0.7323 | Train Acc 0.70 | Prec 0.71 | F1 0.68 | Det Rec 0.83 | Det FA 0.28 | Epoch Time 623.20s (Eval 0.00s, Train 623.20s)
[STATE 2026-04-18 16:31:14] T7 Ep 6/10 complete: Prec 0.7107 F1 0.6808 DetRec 0.8269 DetFA 0.2772 | 623.20s total (0.00s eval/623.20s train)
[STATE 2026-04-18 16:31:14] Task 7 Epoch 7/10: entering train loop
T7 Ep 7/10 | L 0.7009 | Train Acc 0.71 | Prec 0.72 | F1 0.69 | Det Rec 0.83 | Det FA 0.27 | Epoch Time 635.45s (Eval 0.00s, Train 635.45s)
[STATE 2026-04-18 16:41:49] T7 Ep 7/10 complete: Prec 0.7218 F1 0.6928 DetRec 0.8317 DetFA 0.2692 | 635.45s total (0.00s eval/635.45s train)
[STATE 2026-04-18 16:41:49] Task 7 Epoch 8/10: entering train loop
T7 Ep 8/10 | L 0.6777 | Train Acc 0.72 | Prec 0.73 | F1 0.70 | Det Rec 0.84 | Det FA 0.26 | Epoch Time 637.84s (Eval 0.00s, Train 637.84s)
[STATE 2026-04-18 16:52:27] T7 Ep 8/10 complete: Prec 0.7305 F1 0.7015 DetRec 0.8361 DetFA 0.2605 | 637.84s total (0.00s eval/637.84s train)
[STATE 2026-04-18 16:52:27] Task 7 Epoch 9/10: entering train loop
T7 Ep 9/10 | L 0.6561 | Train Acc 0.73 | Prec 0.74 | F1 0.71 | Det Rec 0.84 | Det FA 0.26 | Epoch Time 634.69s (Eval 0.00s, Train 634.69s)
[STATE 2026-04-18 17:03:02] T7 Ep 9/10 complete: Prec 0.7407 F1 0.7095 DetRec 0.8372 DetFA 0.2579 | 634.69s total (0.00s eval/634.69s train)
[STATE 2026-04-18 17:03:02] Task 7 Epoch 10/10: entering train loop
T7 Ep 10/10 | L 0.6406 | Train Acc 0.73 | Prec 0.74 | F1 0.71 | Det Rec 0.84 | Det FA 0.25 | Epoch Time 639.95s (Eval 0.00s, Train 639.95s)
[STATE 2026-04-18 17:13:42] T7 Ep 10/10 complete: Prec 0.7448 F1 0.7142 DetRec 0.8406 DetFA 0.2520 | 639.95s total (0.00s eval/639.95s train)
[STATE 2026-04-18 17:13:42] Task 7: running final validation.
[STATE 2026-04-18 17:21:30] Completed task 7 (8/10)
Note: Unified mixed IQ test tensors to (N, 3, L) via ADC0 I/Q + zero-padded ADC1/2 (IID2-style) for cumulative CIL.
[STATE 2026-04-18 17:21:31] Task 8: zero-shot validation (pre-train)
---- Zero-shot (pre-train) task 8: rec_cls 0.0392 | prec_cls 0.0097 | f1_cls 0.0149 | det 0.4956 | pfa 0.8984 | total_f1 0.0433 ----
[STATE 2026-04-18 17:31:14] Starting task 8 (9/10)
[STATE 2026-04-18 17:31:14] Task 8 Epoch 1/10: entering train loop
[STATE 2026-04-18 17:33:40] Task 8 Epoch 1/10: running validation (end of epoch)
---- Eval at Epoch 0: cls [0.006765568888323471, 0.017465898018066476, 0.0020060152805807655, 0.02577497015016437, 0.018483873052348433, 0.033204553653648265, 0.027588127109024453, 0.04319177419158259, 0.03736436437203276] | det_recall [0.5027753217020191, 0.5175678599422866, 0.5079520533268628, 0.5284941719710363, 0.5482186736269696, 0.5589516346610821, 0.5680287364722333, 0.506452917081043, 0.5352884620429252] | det_fa [0.00152274337382119, 0.005177888390060617, 0.022939698929248523, 0.04973396976528514, 0.07440549374000366, 0.09729739959153877, 0.15110546296823185, 0.6158746597094978, 0.5742514783244883] ----
T8 Ep 1/10 | L 9.6736 | Train Acc 0.00 | Prec 0.00 | F1 0.07 | Det Rec 0.60 | Det FA 0.61 | Epoch Time 729.89s (Eval 583.90s, Train 145.99s)
[STATE 2026-04-18 17:43:24] T8 Ep 1/10 complete: Prec 0.0000 F1 0.0655 DetRec 0.5959 DetFA 0.6097 | 729.89s total (583.90s eval/145.99s train)
[STATE 2026-04-18 17:43:24] Task 8 Epoch 2/10: entering train loop
T8 Ep 2/10 | L 3.3493 | Train Acc 0.11 | Prec 0.18 | F1 0.19 | Det Rec 0.75 | Det FA 0.32 | Epoch Time 146.08s (Eval 0.00s, Train 146.08s)
[STATE 2026-04-18 17:45:50] T8 Ep 2/10 complete: Prec 0.1838 F1 0.1901 DetRec 0.7472 DetFA 0.3186 | 146.08s total (0.00s eval/146.08s train)
[STATE 2026-04-18 17:45:50] Task 8 Epoch 3/10: entering train loop
T8 Ep 3/10 | L 1.3535 | Train Acc 0.53 | Prec 0.52 | F1 0.43 | Det Rec 0.77 | Det FA 0.43 | Epoch Time 145.94s (Eval 0.00s, Train 145.94s)
[STATE 2026-04-18 17:48:16] T8 Ep 3/10 complete: Prec 0.5232 F1 0.4302 DetRec 0.7707 DetFA 0.4255 | 145.94s total (0.00s eval/145.94s train)
[STATE 2026-04-18 17:48:16] Task 8 Epoch 4/10: entering train loop
T8 Ep 4/10 | L 1.1511 | Train Acc 0.59 | Prec 0.58 | F1 0.48 | Det Rec 0.78 | Det FA 0.41 | Epoch Time 145.81s (Eval 0.00s, Train 145.81s)
[STATE 2026-04-18 17:50:42] T8 Ep 4/10 complete: Prec 0.5826 F1 0.4765 DetRec 0.7759 DetFA 0.4112 | 145.81s total (0.00s eval/145.81s train)
[STATE 2026-04-18 17:50:42] Task 8 Epoch 5/10: entering train loop
T8 Ep 5/10 | L 1.0676 | Train Acc 0.62 | Prec 0.61 | F1 0.50 | Det Rec 0.78 | Det FA 0.40 | Epoch Time 146.06s (Eval 0.00s, Train 146.06s)
[STATE 2026-04-18 17:53:08] T8 Ep 5/10 complete: Prec 0.6105 F1 0.5011 DetRec 0.7814 DetFA 0.4040 | 146.06s total (0.00s eval/146.06s train)
[STATE 2026-04-18 17:53:08] Task 8 Epoch 6/10: entering train loop
T8 Ep 6/10 | L 0.9925 | Train Acc 0.66 | Prec 0.64 | F1 0.52 | Det Rec 0.78 | Det FA 0.40 | Epoch Time 145.90s (Eval 0.00s, Train 145.90s)
[STATE 2026-04-18 17:55:34] T8 Ep 6/10 complete: Prec 0.6424 F1 0.5235 DetRec 0.7816 DetFA 0.4039 | 145.90s total (0.00s eval/145.90s train)
[STATE 2026-04-18 17:55:34] Task 8 Epoch 7/10: entering train loop
T8 Ep 7/10 | L 0.9208 | Train Acc 0.68 | Prec 0.66 | F1 0.54 | Det Rec 0.78 | Det FA 0.40 | Epoch Time 145.84s (Eval 0.00s, Train 145.84s)
[STATE 2026-04-18 17:58:00] T8 Ep 7/10 complete: Prec 0.6643 F1 0.5376 DetRec 0.7818 DetFA 0.4027 | 145.84s total (0.00s eval/145.84s train)
[STATE 2026-04-18 17:58:00] Task 8 Epoch 8/10: entering train loop
T8 Ep 8/10 | L 0.8825 | Train Acc 0.70 | Prec 0.68 | F1 0.55 | Det Rec 0.78 | Det FA 0.40 | Epoch Time 145.73s (Eval 0.00s, Train 145.73s)
[STATE 2026-04-18 18:00:26] T8 Ep 8/10 complete: Prec 0.6813 F1 0.5508 DetRec 0.7837 DetFA 0.3981 | 145.73s total (0.00s eval/145.73s train)
[STATE 2026-04-18 18:00:26] Task 8 Epoch 9/10: entering train loop
T8 Ep 9/10 | L 0.8485 | Train Acc 0.72 | Prec 0.70 | F1 0.56 | Det Rec 0.79 | Det FA 0.40 | Epoch Time 146.02s (Eval 0.00s, Train 146.02s)
[STATE 2026-04-18 18:02:52] T8 Ep 9/10 complete: Prec 0.7028 F1 0.5646 DetRec 0.7853 DetFA 0.3988 | 146.02s total (0.00s eval/146.02s train)
[STATE 2026-04-18 18:02:52] Task 8 Epoch 10/10: entering train loop
T8 Ep 10/10 | L 0.8080 | Train Acc 0.73 | Prec 0.71 | F1 0.57 | Det Rec 0.79 | Det FA 0.39 | Epoch Time 145.17s (Eval 0.00s, Train 145.17s)
[STATE 2026-04-18 18:05:17] T8 Ep 10/10 complete: Prec 0.7116 F1 0.5728 DetRec 0.7878 DetFA 0.3937 | 145.17s total (0.00s eval/145.17s train)
[STATE 2026-04-18 18:05:17] Task 8: running final validation.
[STATE 2026-04-18 18:15:01] Completed task 8 (9/10)
Note: Unified mixed IQ test tensors to (N, 3, L) via ADC0 I/Q + zero-padded ADC1/2 (IID2-style) for cumulative CIL.
[STATE 2026-04-18 18:15:03] Task 9: zero-shot validation (pre-train)
---- Zero-shot (pre-train) task 9: rec_cls 0.0065 | prec_cls 0.0224 | f1_cls 0.0206 | det 0.6551 | pfa 0.3585 | total_f1 0.0503 ----
[STATE 2026-04-18 18:26:44] Starting task 9 (10/10)
[STATE 2026-04-18 18:26:44] Task 9 Epoch 1/10: entering train loop
[STATE 2026-04-18 18:28:00] Task 9 Epoch 1/10: running validation (end of epoch)
---- Eval at Epoch 0: cls [0.015025694162023729, 0.034029729545775295, 0.002950156288195718, 0.022342050015817617, 0.02036052323083811, 0.026521678929418244, 0.023261522687847647, 0.024443396324331172, 0.010337157012148601, 0.009532781006566397] | det_recall [0.510214618968979, 0.5345465274943645, 0.5091539965266598, 0.5139917063921424, 0.524007124990648, 0.5339331458453893, 0.5497495028811981, 0.5654234318505194, 0.6189915685777956, 0.6178629193800065] | det_fa [0.0, 0.0012276764726028148, 0.005164576786426816, 0.01736856387495642, 0.017244161346092753, 0.06088807036553826, 0.048373989029287405, 0.06738595767507358, 0.3251730563193093, 0.3391516499396193] ----
T9 Ep 1/10 | L 9.4522 | Train Acc 0.00 | Prec 0.00 | F1 0.16 | Det Rec 0.94 | Det FA 0.00 | Epoch Time 775.50s (Eval 699.90s, Train 75.59s)
[STATE 2026-04-18 18:39:40] T9 Ep 1/10 complete: Prec 0.0000 F1 0.1578 DetRec 0.9428 DetFA 0.0020 | 775.50s total (699.90s eval/75.59s train)
[STATE 2026-04-18 18:39:40] Task 9 Epoch 2/10: entering train loop
T9 Ep 2/10 | L 5.1200 | Train Acc 0.00 | Prec 0.02 | F1 0.17 | Det Rec 0.98 | Det FA 0.00 | Epoch Time 73.32s (Eval 0.00s, Train 73.32s)
[STATE 2026-04-18 18:40:53] T9 Ep 2/10 complete: Prec 0.0178 F1 0.1673 DetRec 0.9763 DetFA 0.0000 | 73.32s total (0.00s eval/73.32s train)
[STATE 2026-04-18 18:40:53] Task 9 Epoch 3/10: entering train loop
T9 Ep 3/10 | L 2.0012 | Train Acc 0.24 | Prec 0.27 | F1 0.36 | Det Rec 0.99 | Det FA 0.00 | Epoch Time 75.19s (Eval 0.00s, Train 75.19s)
[STATE 2026-04-18 18:42:08] T9 Ep 3/10 complete: Prec 0.2698 F1 0.3602 DetRec 0.9946 DetFA 0.0000 | 75.19s total (0.00s eval/75.19s train)
[STATE 2026-04-18 18:42:08] Task 9 Epoch 4/10: entering train loop
T9 Ep 4/10 | L 0.9528 | Train Acc 0.42 | Prec 0.41 | F1 0.50 | Det Rec 1.00 | Det FA 0.00 | Epoch Time 75.51s (Eval 0.00s, Train 75.51s)
[STATE 2026-04-18 18:43:24] T9 Ep 4/10 complete: Prec 0.4145 F1 0.5040 DetRec 1.0000 DetFA 0.0000 | 75.51s total (0.00s eval/75.51s train)
[STATE 2026-04-18 18:43:24] Task 9 Epoch 5/10: entering train loop
T9 Ep 5/10 | L 0.8495 | Train Acc 0.45 | Prec 0.45 | F1 0.53 | Det Rec 1.00 | Det FA 0.00 | Epoch Time 75.30s (Eval 0.00s, Train 75.30s)
[STATE 2026-04-18 18:44:39] T9 Ep 5/10 complete: Prec 0.4484 F1 0.5324 DetRec 1.0000 DetFA 0.0000 | 75.30s total (0.00s eval/75.30s train)
[STATE 2026-04-18 18:44:39] Task 9 Epoch 6/10: entering train loop
T9 Ep 6/10 | L 0.8276 | Train Acc 0.46 | Prec 0.46 | F1 0.54 | Det Rec 1.00 | Det FA 0.00 | Epoch Time 74.96s (Eval 0.00s, Train 74.96s)
[STATE 2026-04-18 18:45:54] T9 Ep 6/10 complete: Prec 0.4588 F1 0.5435 DetRec 1.0000 DetFA 0.0000 | 74.96s total (0.00s eval/74.96s train)
[STATE 2026-04-18 18:45:54] Task 9 Epoch 7/10: entering train loop
T9 Ep 7/10 | L 0.8146 | Train Acc 0.48 | Prec 0.48 | F1 0.55 | Det Rec 1.00 | Det FA 0.00 | Epoch Time 71.91s (Eval 0.00s, Train 71.91s)
[STATE 2026-04-18 18:47:06] T9 Ep 7/10 complete: Prec 0.4751 F1 0.5546 DetRec 1.0000 DetFA 0.0000 | 71.91s total (0.00s eval/71.91s train)
[STATE 2026-04-18 18:47:06] Task 9 Epoch 8/10: entering train loop
T9 Ep 8/10 | L 0.8658 | Train Acc 0.45 | Prec 0.46 | F1 0.54 | Det Rec 1.00 | Det FA 0.00 | Epoch Time 69.90s (Eval 0.00s, Train 69.90s)
[STATE 2026-04-18 18:48:16] T9 Ep 8/10 complete: Prec 0.4564 F1 0.5384 DetRec 0.9994 DetFA 0.0011 | 69.90s total (0.00s eval/69.90s train)
[STATE 2026-04-18 18:48:16] Task 9 Epoch 9/10: entering train loop
T9 Ep 9/10 | L 2.2155 | Train Acc 0.27 | Prec 0.41 | F1 0.40 | Det Rec 0.97 | Det FA 0.00 | Epoch Time 69.12s (Eval 0.00s, Train 69.12s)
[STATE 2026-04-18 18:49:25] T9 Ep 9/10 complete: Prec 0.4065 F1 0.4006 DetRec 0.9744 DetFA 0.0004 | 69.12s total (0.00s eval/69.12s train)
[STATE 2026-04-18 18:49:25] Task 9 Epoch 10/10: entering train loop
T9 Ep 10/10 | L 0.8040 | Train Acc 0.46 | Prec 0.46 | F1 0.54 | Det Rec 1.00 | Det FA 0.00 | Epoch Time 72.74s (Eval 0.00s, Train 72.74s)
[STATE 2026-04-18 18:50:37] T9 Ep 10/10 complete: Prec 0.4590 F1 0.5413 DetRec 1.0000 DetFA 0.0000 | 72.74s total (0.00s eval/72.74s train)
[STATE 2026-04-18 18:50:37] Task 9: running final validation.
[STATE 2026-04-18 19:02:18] Completed task 9 (10/10)
####Final Validation Accuracy####
Final Results:- 
 Total Recall: 0.025493737815563265 
 Individual Recall: [0.021607878020291273, 0.04055708220979168, 0.002500854212353617, 0.027878280774668845, 0.025408280589864427, 0.030956837625446116, 0.027871832248114913, 0.029186762749603502, 0.018544013426922055, 0.030425556298576295]
Final Detection Results:- 
 Total Detection: 0.523276466106287 
 Individual Detection: [0.5139158179118718, 0.538285224511739, 0.49874108403850065, 0.5002234851529624, 0.4819633672259721, 0.5183697547058371, 0.5008223401203302, 0.5440083042615812, 0.5772905758533762, 0.5591447072806984]
Final Detection False Alarm:- 
 Total False Alarm: 0.19979752435446538 
 Individual False Alarm: [0.00012470382840753212, 0.0027513466065444813, 0.07677667559134158, 0.12535907451266037, 0.20422086286966748, 0.2151608205844605, 0.2825822072409601, 0.2241068780852107, 0.36989529826034095, 0.49699737596506005]
SUMMARY_TR cls_rec=0.4593 cls_prec=0.4590 cls_f1=0.5413 det=0.5478 fa=0.0882
SUMMARY_TE cls_rec=0.0255 cls_prec=0.1042 cls_f1=0.0518 det=0.5233 fa=0.1998
[STATE 2026-04-18 19:02:18] Saving results to logs//gem/full-tasks_CIL_all-2026-04-18_11-09-36-8029/0/results
Model size: 0.0289 GB
Memory buffer size: 0.0196 GB
logs//gem/full-tasks_CIL_all-2026-04-18_11-09-36-8029/0/results: {'expt_name': 'full-tasks_CIL_all', 'model': 'gem', 'arch': 'resnet1d', 'n_hiddens': 100, 'n_layers': 2, 'xav_init': False, 'debug': False, 'use_detector_arch': False, 'inner_steps': 1, 'n_epochs': 10, 'batch_size': 256, 'replay_batch_size': 128, 'memories': 5120, 'lr': 0.0003, 'optimizer': 'sgd', 'class_weighted_ce': True, 'cuda': True, 'seed': 0, 'log_every': 10, 'log_dir': 'logs//gem/full-tasks_CIL_all-2026-04-18_11-09-36-8029/0', 'tf_dir': 'logs//gem/full-tasks_CIL_all-2026-04-18_11-09-36-8029/0/tfdir', 'calc_test_accuracy': False, 'state_logging': True, 'data_path': 'data/rff/radar/full', 'task_order_files': 't2-rcn,t0-rcn,t2-uclresm-25noise,t0-deeprad,t1-deeprad,t1-uclresm-25noise,t3-deeprad,t0-uclresm-25noise,t1-rcn,t2-deeprad', 'loader': 'class_incremental_loader', 'samples_per_task': -1, 'shuffle_tasks': False, 'classes_per_it': 6, 'iterations': 5000, 'dataset': 'iq', 'workers': 0, 'validation': 0.5, 'data_scaling': 'normalize', 'use_iq_aug_features': False, 'iq_aug_feature_type': 'power', 'class_order': 'random', 'increment': 5, 'test_batch_size': 512, 'nc_per_task': None, 'nc_per_task_list': '', 'val_rate': 1000, 'opt_lr': 0.1, 'opt_wt': 0.1, 'alpha_init': 0.001, 'learn_lr': False, 'sync_update': False, 'grad_clip_norm': 5.0, 'meta_batches': 3, 'use_old_task_memory': False, 'second_order': False, 'n_memories': 5120, 'memory_strength': 1.0, 'steps_per_sample': 1, 'bgd_optimizer': 'sgd', 'optimizer_params': '{}', 'train_mc_iters': 5, 'std_init': 0.05, 'mean_eta': 1, 'fisher_gamma': 0.95, 'rln': 7, 'meta_lr': 0.001, 'update_lr': 0.1, 'ctx_lr': 0.05, 'n_meta': 1, 'temperature': 5.0, 'task_emb': 64, 'noise_label': 54, 'classes_per_task': [5, 6, 5, 6, 6, 5, 5, 5, 6, 5], 'get_samples_per_task': <bound method IncrementalLoader.get_samples_per_task of <dataloaders.class_incremental_loader.IncrementalLoader object at 0x762f60ca0910>>} # val: 0.151 0.025 -0.125 0.000 # sizes: model_gb=0.0289 mem_gb=0.0196 # 28291.627586841583
[STATE 2026-04-18 19:02:18] results.pt components (approx): state_dict 29.6 MB, result_val_t 0.1 KB, result_val_a 0.8 KB
[STATE 2026-04-18 19:02:18] Results saved; total runtime 7.86h
Total runtime: 7.86 hours
