[STATE 2026-04-06 05:52:44] Enabling terminal logging to logs//eralg4/full-tasks_all-10epochs_weighted-loss-2026-04-06_05-52-44-6245/0/terminal.log
New Experiment Starting...
Running model:  eralg4
[STATE 2026-04-06 05:52:44] Experiment 'full-tasks_all-10epochs_weighted-loss' starting with model 'eralg4' (seed 0)
Set seed 0
t2-rcn.npz train: x=(50362, 1024), y=(50362, 2)
t2-rcn.npz test: x=(16787, 1024), y=(16787, 2)
t2-rcn.npz: applied data scaling mode 'normalize'.
Loaded t2-rcn.npz: Unique train labels: UniqueCountsResult(values=array([-1,  3,  5, 10, 12, 15]), counts=array([24209,  5770,  3030,  2320,  7509,  7524]))
Noise labels ratio in t2-rcn.npz train: 0.24, test: 0.24
Loaded t2-rcn.npz: Remapped labels: [0 1 2 3 4 5]. Size: 50362)
t0-rcn.npz train: x=(51916, 1024), y=(51916, 2)
t0-rcn.npz test: x=(17305, 1024), y=(17305, 2)
t0-rcn.npz: applied data scaling mode 'normalize'.
Loaded t0-rcn.npz: Unique train labels: UniqueCountsResult(values=array([-1,  1,  8,  9, 11, 13, 14]), counts=array([24225,  4268,  2495,  2943,  3015,  7464,  7506]))
Noise labels ratio in t0-rcn.npz train: 0.23, test: 0.23
Loaded t0-rcn.npz: Remapped labels: [ 6  7  8  9 10 11 12]. Size: 51916)
t2-uclresm-25noise.npz train: moved sample axis (3, 350028, 1024) -> (350028, 3, 1024)
t2-uclresm-25noise.npz test: moved sample axis (3, 233351, 1024) -> (233351, 3, 1024)
t2-uclresm-25noise.npz train: x=(350028, 3, 1024), y=(350028,)
t2-uclresm-25noise.npz test: x=(233351, 3, 1024), y=(233351,)
t2-uclresm-25noise.npz: applied data scaling mode 'normalize'.
Loaded t2-uclresm-25noise.npz: Unique train labels: UniqueCountsResult(values=array([-1,  0,  1,  2,  3,  4]), counts=array([87441, 27347, 71754, 64298, 36005, 63183]))
Noise labels ratio in t2-uclresm-25noise.npz train: 0.25, test: 0.25
Loaded t2-uclresm-25noise.npz: Remapped labels: [13 14 15 16 17 18]. Size: 350028)
t0-deeprad.npz train: x=(24480, 1024), y=(24480, 2)
t0-deeprad.npz test: x=(8160, 1024), y=(8160, 2)
t0-deeprad.npz: applied data scaling mode 'normalize'.
Loaded t0-deeprad.npz: Unique train labels: UniqueCountsResult(values=array([-1,  0,  1,  2,  3,  4,  5]), counts=array([12240,  2029,  1983,  2043,  2154,  2015,  2016]))
Noise labels ratio in t0-deeprad.npz train: 0.25, test: 0.25
Loaded t0-deeprad.npz: Remapped labels: [19 20 21 22 23 24 25]. Size: 24480)
t1-deeprad.npz train: x=(24480, 1024), y=(24480, 2)
t1-deeprad.npz test: x=(8160, 1024), y=(8160, 2)
t1-deeprad.npz: applied data scaling mode 'normalize'.
Loaded t1-deeprad.npz: Unique train labels: UniqueCountsResult(values=array([-1,  0,  1,  2,  3,  4,  5]), counts=array([12240,  1988,  2029,  2054,  1988,  2053,  2128]))
Noise labels ratio in t1-deeprad.npz train: 0.25, test: 0.25
Loaded t1-deeprad.npz: Remapped labels: [26 27 28 29 30 31 32]. Size: 24480)
t1-uclresm-25noise.npz train: moved sample axis (3, 201410, 1024) -> (201410, 3, 1024)
t1-uclresm-25noise.npz test: moved sample axis (3, 116291, 1024) -> (116291, 3, 1024)
t1-uclresm-25noise.npz train: x=(201410, 3, 1024), y=(201410,)
t1-uclresm-25noise.npz test: x=(116291, 3, 1024), y=(116291,)
t1-uclresm-25noise.npz: applied data scaling mode 'normalize'.
Loaded t1-uclresm-25noise.npz: Unique train labels: UniqueCountsResult(values=array([-1,  0,  1,  2,  3,  4]), counts=array([43668, 18021, 17838, 18087, 31870, 71926]))
Noise labels ratio in t1-uclresm-25noise.npz train: 0.22, test: 0.25
Loaded t1-uclresm-25noise.npz: Remapped labels: [33 34 35 36 37 38]. Size: 201410)
t3-deeprad.npz train: x=(17340, 1024), y=(17340, 2)
t3-deeprad.npz test: x=(6800, 1024), y=(6800, 2)
t3-deeprad.npz: applied data scaling mode 'normalize'.
Loaded t3-deeprad.npz: Unique train labels: UniqueCountsResult(values=array([-1,  0,  1,  2,  3,  4]), counts=array([8670, 1693, 1677, 1794, 1716, 1790]))
Noise labels ratio in t3-deeprad.npz train: 0.25, test: 0.25
Loaded t3-deeprad.npz: Remapped labels: [39 40 41 42 43 44]. Size: 17340)
t0-uclresm-25noise.npz train: moved sample axis (3, 188050, 1024) -> (188050, 3, 1024)
t0-uclresm-25noise.npz test: moved sample axis (3, 107348, 1024) -> (107348, 3, 1024)
t0-uclresm-25noise.npz train: x=(188050, 3, 1024), y=(188050,)
t0-uclresm-25noise.npz test: x=(107348, 3, 1024), y=(107348,)
t0-uclresm-25noise.npz: applied data scaling mode 'normalize'.
Loaded t0-uclresm-25noise.npz: Unique train labels: UniqueCountsResult(values=array([-1,  0,  1,  2,  3,  4]), counts=array([40144, 32109, 17978, 17979, 18098, 61742]))
Noise labels ratio in t0-uclresm-25noise.npz train: 0.21, test: 0.25
Loaded t0-uclresm-25noise.npz: Remapped labels: [45 46 47 48 49 50]. Size: 188050)
t1-rcn.npz train: x=(36658, 1024), y=(36658, 2)
t1-rcn.npz test: x=(12220, 1024), y=(12220, 2)
t1-rcn.npz: applied data scaling mode 'normalize'.
Loaded t1-rcn.npz: Unique train labels: UniqueCountsResult(values=array([-1,  0,  2,  4,  6,  7, 16]), counts=array([20595,   824,  2087,  2606,  2396,  1716,  6434]))
Noise labels ratio in t1-rcn.npz train: 0.28, test: 0.28
Loaded t1-rcn.npz: Remapped labels: [51 52 53 54 55 56 57]. Size: 36658)
t2-deeprad.npz train: x=(17340, 1024), y=(17340, 2)
t2-deeprad.npz test: x=(6800, 1024), y=(6800, 2)
t2-deeprad.npz: applied data scaling mode 'normalize'.
Loaded t2-deeprad.npz: Unique train labels: UniqueCountsResult(values=array([-1,  0,  1,  2,  3,  4]), counts=array([8670, 1774, 1675, 1777, 1694, 1750]))
Noise labels ratio in t2-deeprad.npz train: 0.25, test: 0.25
Loaded t2-deeprad.npz: Remapped labels: [58 59 60 61 62 63]. Size: 17340)
Built classes_per_task: [6, 7, 6, 7, 7, 6, 6, 6, 7, 6]
Classes per task: [6, 7, 6, 7, 7, 6, 6, 6, 7, 6]
[STATE 2026-04-06 05:53:49] Loader 'task_incremental_loader' ready: 1024 inputs, 64 outputs, 10 tasks
n_outputs: 64 	n_tasks: 10
[STATE 2026-04-06 05:53:49] Logging to logs//eralg4/full-tasks_all-10epochs_weighted-loss-2026-04-06_05-52-44-6245/0
True
Model device: cuda:0
[STATE 2026-04-06 05:53:49] Model initialized on device cuda:0
[STATE 2026-04-06 05:53:49] Invoking continual life experience flow
[STATE 2026-04-06 05:53:49] Life experience start: 10 tasks queued
Task 0: 50362 training samples, 16787 test samples.
[STATE 2026-04-06 05:53:49] Task 0: zero-shot validation (pre-train)
---- Zero-shot (pre-train) task 0: rec_cls 0.1216 | prec_cls 0.1235 | f1_cls 0.0945 | det 0.4547 | pfa 0.7882 | total_f1 0.0945 ----
[STATE 2026-04-06 05:53:53] Starting task 0 (1/10)
[STATE 2026-04-06 05:53:53] Task 0 Epoch 1/10: entering train loop
[STATE 2026-04-06 05:56:13] Task 0 Epoch 1/10: running validation (end of epoch)
---- Eval at Epoch 0: cls [0.6407699006464416] | det_recall [0.880556042507371] | det_fa [0.12918808163903797] ----
T0 Ep 1/10 | L 0.7920 | Train Acc 0.44 | Prec 0.52 | F1 0.49 | Det Rec 0.80 | Det FA 0.12 | Epoch Time 143.66s (Eval 4.45s, Train 139.21s)
[STATE 2026-04-06 05:56:17] T0 Ep 1/10 complete: Prec 0.5196 F1 0.4913 DetRec 0.8011 DetFA 0.1210 | 143.66s total (4.45s eval/139.21s train)
[STATE 2026-04-06 05:56:17] Task 0 Epoch 2/10: entering train loop
T0 Ep 2/10 | L 0.4184 | Train Acc 0.72 | Prec 0.82 | F1 0.74 | Det Rec 0.89 | Det FA 0.12 | Epoch Time 141.62s (Eval 0.00s, Train 141.62s)
[STATE 2026-04-06 05:58:39] T0 Ep 2/10 complete: Prec 0.8226 F1 0.7416 DetRec 0.8868 DetFA 0.1245 | 141.62s total (0.00s eval/141.62s train)
[STATE 2026-04-06 05:58:39] Task 0 Epoch 3/10: entering train loop
T0 Ep 3/10 | L 0.3459 | Train Acc 0.80 | Prec 0.89 | F1 0.82 | Det Rec 0.89 | Det FA 0.12 | Epoch Time 141.78s (Eval 0.00s, Train 141.78s)
[STATE 2026-04-06 06:01:01] T0 Ep 3/10 complete: Prec 0.8929 F1 0.8152 DetRec 0.8933 DetFA 0.1215 | 141.78s total (0.00s eval/141.78s train)
[STATE 2026-04-06 06:01:01] Task 0 Epoch 4/10: entering train loop
T0 Ep 4/10 | L 0.3214 | Train Acc 0.83 | Prec 0.91 | F1 0.84 | Det Rec 0.90 | Det FA 0.12 | Epoch Time 142.34s (Eval 0.00s, Train 142.34s)
[STATE 2026-04-06 06:03:23] T0 Ep 4/10 complete: Prec 0.9139 F1 0.8371 DetRec 0.8970 DetFA 0.1195 | 142.34s total (0.00s eval/142.34s train)
[STATE 2026-04-06 06:03:23] Task 0 Epoch 5/10: entering train loop
T0 Ep 5/10 | L 0.2953 | Train Acc 0.84 | Prec 0.92 | F1 0.85 | Det Rec 0.90 | Det FA 0.11 | Epoch Time 142.17s (Eval 0.00s, Train 142.17s)
[STATE 2026-04-06 06:05:45] T0 Ep 5/10 complete: Prec 0.9228 F1 0.8494 DetRec 0.9013 DetFA 0.1150 | 142.17s total (0.00s eval/142.17s train)
[STATE 2026-04-06 06:05:45] Task 0 Epoch 6/10: entering train loop
T0 Ep 6/10 | L 0.2825 | Train Acc 0.85 | Prec 0.93 | F1 0.86 | Det Rec 0.90 | Det FA 0.12 | Epoch Time 144.40s (Eval 0.00s, Train 144.40s)
[STATE 2026-04-06 06:08:09] T0 Ep 6/10 complete: Prec 0.9310 F1 0.8569 DetRec 0.9013 DetFA 0.1161 | 144.40s total (0.00s eval/144.40s train)
[STATE 2026-04-06 06:08:09] Task 0 Epoch 7/10: entering train loop
T0 Ep 7/10 | L 0.2732 | Train Acc 0.86 | Prec 0.93 | F1 0.86 | Det Rec 0.90 | Det FA 0.12 | Epoch Time 145.35s (Eval 0.00s, Train 145.35s)
[STATE 2026-04-06 06:10:35] T0 Ep 7/10 complete: Prec 0.9344 F1 0.8607 DetRec 0.9021 DetFA 0.1150 | 145.35s total (0.00s eval/145.35s train)
[STATE 2026-04-06 06:10:35] Task 0 Epoch 8/10: entering train loop
T0 Ep 8/10 | L 0.2623 | Train Acc 0.87 | Prec 0.94 | F1 0.87 | Det Rec 0.90 | Det FA 0.12 | Epoch Time 142.61s (Eval 0.00s, Train 142.61s)
[STATE 2026-04-06 06:12:57] T0 Ep 8/10 complete: Prec 0.9375 F1 0.8664 DetRec 0.9041 DetFA 0.1164 | 142.61s total (0.00s eval/142.61s train)
[STATE 2026-04-06 06:12:57] Task 0 Epoch 9/10: entering train loop
T0 Ep 9/10 | L 0.2541 | Train Acc 0.87 | Prec 0.94 | F1 0.87 | Det Rec 0.91 | Det FA 0.12 | Epoch Time 141.95s (Eval 0.00s, Train 141.95s)
[STATE 2026-04-06 06:15:19] T0 Ep 9/10 complete: Prec 0.9381 F1 0.8686 DetRec 0.9055 DetFA 0.1172 | 141.95s total (0.00s eval/141.95s train)
[STATE 2026-04-06 06:15:19] Task 0 Epoch 10/10: entering train loop
T0 Ep 10/10 | L 0.2504 | Train Acc 0.88 | Prec 0.94 | F1 0.87 | Det Rec 0.91 | Det FA 0.12 | Epoch Time 142.32s (Eval 0.00s, Train 142.32s)
[STATE 2026-04-06 06:17:42] T0 Ep 10/10 complete: Prec 0.9407 F1 0.8719 DetRec 0.9064 DetFA 0.1151 | 142.32s total (0.00s eval/142.32s train)
[STATE 2026-04-06 06:17:42] Task 0: running final validation.
[STATE 2026-04-06 06:17:46] Completed task 0 (1/10)
Task 1: 51916 training samples, 17305 test samples.
[STATE 2026-04-06 06:17:46] Task 1: zero-shot validation (pre-train)
---- Zero-shot (pre-train) task 1: rec_cls 0.2724 | prec_cls 0.2498 | f1_cls 0.1134 | det 0.5000 | pfa 1.0000 | total_f1 0.4868 ----
[STATE 2026-04-06 06:17:55] Starting task 1 (2/10)
[STATE 2026-04-06 06:17:55] Task 1 Epoch 1/10: entering train loop
[STATE 2026-04-06 06:20:22] Task 1 Epoch 1/10: running validation (end of epoch)
---- Eval at Epoch 0: cls [0.8394600276932614, 0.6550516181461058] | det_recall [0.894658579307684, 0.8682891588304444] | det_fa [0.15245784546163266, 0.09109828463297374] ----
T1 Ep 1/10 | L 0.5943 | Train Acc 0.50 | Prec 0.69 | F1 0.57 | Det Rec 0.80 | Det FA 0.10 | Epoch Time 155.94s (Eval 9.03s, Train 146.91s)
[STATE 2026-04-06 06:20:31] T1 Ep 1/10 complete: Prec 0.6889 F1 0.5699 DetRec 0.8046 DetFA 0.0958 | 155.94s total (9.03s eval/146.91s train)
[STATE 2026-04-06 06:20:31] Task 1 Epoch 2/10: entering train loop
T1 Ep 2/10 | L 0.3981 | Train Acc 0.71 | Prec 0.84 | F1 0.76 | Det Rec 0.88 | Det FA 0.09 | Epoch Time 146.61s (Eval 0.00s, Train 146.61s)
[STATE 2026-04-06 06:22:58] T1 Ep 2/10 complete: Prec 0.8421 F1 0.7563 DetRec 0.8839 DetFA 0.0854 | 146.61s total (0.00s eval/146.61s train)
[STATE 2026-04-06 06:22:58] Task 1 Epoch 3/10: entering train loop
T1 Ep 3/10 | L 0.3300 | Train Acc 0.77 | Prec 0.87 | F1 0.81 | Det Rec 0.91 | Det FA 0.07 | Epoch Time 147.24s (Eval 0.00s, Train 147.24s)
[STATE 2026-04-06 06:25:25] T1 Ep 3/10 complete: Prec 0.8736 F1 0.8057 DetRec 0.9054 DetFA 0.0660 | 147.24s total (0.00s eval/147.24s train)
[STATE 2026-04-06 06:25:25] Task 1 Epoch 4/10: entering train loop
T1 Ep 4/10 | L 0.2906 | Train Acc 0.80 | Prec 0.89 | F1 0.83 | Det Rec 0.92 | Det FA 0.06 | Epoch Time 146.70s (Eval 0.00s, Train 146.70s)
[STATE 2026-04-06 06:27:52] T1 Ep 4/10 complete: Prec 0.8944 F1 0.8337 DetRec 0.9158 DetFA 0.0559 | 146.70s total (0.00s eval/146.70s train)
[STATE 2026-04-06 06:27:52] Task 1 Epoch 5/10: entering train loop
T1 Ep 5/10 | L 0.2676 | Train Acc 0.82 | Prec 0.91 | F1 0.85 | Det Rec 0.92 | Det FA 0.05 | Epoch Time 147.00s (Eval 0.00s, Train 147.00s)
[STATE 2026-04-06 06:30:19] T1 Ep 5/10 complete: Prec 0.9065 F1 0.8494 DetRec 0.9210 DetFA 0.0530 | 147.00s total (0.00s eval/147.00s train)
[STATE 2026-04-06 06:30:19] Task 1 Epoch 6/10: entering train loop
T1 Ep 6/10 | L 0.2506 | Train Acc 0.84 | Prec 0.92 | F1 0.86 | Det Rec 0.92 | Det FA 0.05 | Epoch Time 147.04s (Eval 0.00s, Train 147.04s)
[STATE 2026-04-06 06:32:46] T1 Ep 6/10 complete: Prec 0.9172 F1 0.8626 DetRec 0.9240 DetFA 0.0510 | 147.04s total (0.00s eval/147.04s train)
[STATE 2026-04-06 06:32:46] Task 1 Epoch 7/10: entering train loop
T1 Ep 7/10 | L 0.2376 | Train Acc 0.85 | Prec 0.92 | F1 0.87 | Det Rec 0.93 | Det FA 0.05 | Epoch Time 145.98s (Eval 0.00s, Train 145.98s)
[STATE 2026-04-06 06:35:12] T1 Ep 7/10 complete: Prec 0.9239 F1 0.8722 DetRec 0.9277 DetFA 0.0510 | 145.98s total (0.00s eval/145.98s train)
[STATE 2026-04-06 06:35:12] Task 1 Epoch 8/10: entering train loop
T1 Ep 8/10 | L 0.2231 | Train Acc 0.85 | Prec 0.93 | F1 0.88 | Det Rec 0.93 | Det FA 0.05 | Epoch Time 145.87s (Eval 0.00s, Train 145.87s)
[STATE 2026-04-06 06:37:38] T1 Ep 8/10 complete: Prec 0.9259 F1 0.8768 DetRec 0.9316 DetFA 0.0478 | 145.87s total (0.00s eval/145.87s train)
[STATE 2026-04-06 06:37:38] Task 1 Epoch 9/10: entering train loop
T1 Ep 9/10 | L 0.2135 | Train Acc 0.86 | Prec 0.93 | F1 0.88 | Det Rec 0.93 | Det FA 0.05 | Epoch Time 146.93s (Eval 0.00s, Train 146.93s)
[STATE 2026-04-06 06:40:05] T1 Ep 9/10 complete: Prec 0.9276 F1 0.8812 DetRec 0.9340 DetFA 0.0455 | 146.93s total (0.00s eval/146.93s train)
[STATE 2026-04-06 06:40:05] Task 1 Epoch 10/10: entering train loop
T1 Ep 10/10 | L 0.2026 | Train Acc 0.86 | Prec 0.93 | F1 0.89 | Det Rec 0.94 | Det FA 0.04 | Epoch Time 146.69s (Eval 0.00s, Train 146.69s)
[STATE 2026-04-06 06:42:31] T1 Ep 10/10 complete: Prec 0.9302 F1 0.8855 DetRec 0.9363 DetFA 0.0433 | 146.69s total (0.00s eval/146.69s train)
[STATE 2026-04-06 06:42:31] Task 1: running final validation.
[STATE 2026-04-06 06:42:40] Completed task 1 (2/10)
Task 2: 350028 training samples, 175014 test samples.
[STATE 2026-04-06 06:42:41] Task 2: zero-shot validation (pre-train)
---- Zero-shot (pre-train) task 2: rec_cls 0.0236 | prec_cls 0.1611 | f1_cls 0.1000 | det 0.5381 | pfa 0.0458 | total_f1 0.5881 ----
[STATE 2026-04-06 06:43:36] Starting task 2 (3/10)
[STATE 2026-04-06 06:43:36] Task 2 Epoch 1/10: entering train loop
[STATE 2026-04-06 07:03:58] Task 2 Epoch 1/10: running validation (end of epoch)
---- Eval at Epoch 0: cls [0.7022329206336102, 0.7580436337843252, 0.5531651379070893] | det_recall [0.8586392674029584, 0.7447179798164374, 0.8294266684269707] | det_fa [0.14209650051351583, 0.3830130411543623, 0.1107890231254692] ----
T2 Ep 1/10 | L 0.8376 | Train Acc 0.41 | Prec 0.54 | F1 0.47 | Det Rec 0.81 | Det FA 0.21 | Epoch Time 1277.30s (Eval 54.77s, Train 1222.53s)
[STATE 2026-04-06 07:04:53] T2 Ep 1/10 complete: Prec 0.5432 F1 0.4720 DetRec 0.8135 DetFA 0.2060 | 1277.30s total (54.77s eval/1222.53s train)
[STATE 2026-04-06 07:04:53] Task 2 Epoch 2/10: entering train loop
T2 Ep 2/10 | L 0.5736 | Train Acc 0.63 | Prec 0.78 | F1 0.69 | Det Rec 0.85 | Det FA 0.14 | Epoch Time 1219.47s (Eval 0.00s, Train 1219.47s)
[STATE 2026-04-06 07:25:13] T2 Ep 2/10 complete: Prec 0.7840 F1 0.6857 DetRec 0.8459 DetFA 0.1402 | 1219.47s total (0.00s eval/1219.47s train)
[STATE 2026-04-06 07:25:13] Task 2 Epoch 3/10: entering train loop
T2 Ep 3/10 | L 0.5180 | Train Acc 0.67 | Prec 0.82 | F1 0.72 | Det Rec 0.86 | Det FA 0.12 | Epoch Time 1219.62s (Eval 0.00s, Train 1219.62s)
[STATE 2026-04-06 07:45:32] T2 Ep 3/10 complete: Prec 0.8216 F1 0.7236 DetRec 0.8575 DetFA 0.1238 | 1219.62s total (0.00s eval/1219.62s train)
[STATE 2026-04-06 07:45:32] Task 2 Epoch 4/10: entering train loop
T2 Ep 4/10 | L 0.4903 | Train Acc 0.69 | Prec 0.83 | F1 0.74 | Det Rec 0.86 | Det FA 0.13 | Epoch Time 1220.44s (Eval 0.00s, Train 1220.44s)
[STATE 2026-04-06 08:05:53] T2 Ep 4/10 complete: Prec 0.8321 F1 0.7408 DetRec 0.8642 DetFA 0.1255 | 1220.44s total (0.00s eval/1220.44s train)
[STATE 2026-04-06 08:05:53] Task 2 Epoch 5/10: entering train loop
T2 Ep 5/10 | L 0.4712 | Train Acc 0.71 | Prec 0.84 | F1 0.75 | Det Rec 0.87 | Det FA 0.13 | Epoch Time 1221.46s (Eval 0.00s, Train 1221.46s)
[STATE 2026-04-06 08:26:14] T2 Ep 5/10 complete: Prec 0.8369 F1 0.7516 DetRec 0.8693 DetFA 0.1278 | 1221.46s total (0.00s eval/1221.46s train)
[STATE 2026-04-06 08:26:14] Task 2 Epoch 6/10: entering train loop
T2 Ep 6/10 | L 0.4528 | Train Acc 0.72 | Prec 0.84 | F1 0.76 | Det Rec 0.87 | Det FA 0.13 | Epoch Time 1224.35s (Eval 0.00s, Train 1224.35s)
[STATE 2026-04-06 08:46:38] T2 Ep 6/10 complete: Prec 0.8414 F1 0.7609 DetRec 0.8735 DetFA 0.1292 | 1224.35s total (0.00s eval/1224.35s train)
[STATE 2026-04-06 08:46:38] Task 2 Epoch 7/10: entering train loop
T2 Ep 7/10 | L 0.4348 | Train Acc 0.73 | Prec 0.85 | F1 0.77 | Det Rec 0.88 | Det FA 0.13 | Epoch Time 1223.07s (Eval 0.00s, Train 1223.07s)
[STATE 2026-04-06 09:07:02] T2 Ep 7/10 complete: Prec 0.8470 F1 0.7693 DetRec 0.8772 DetFA 0.1281 | 1223.07s total (0.00s eval/1223.07s train)
[STATE 2026-04-06 09:07:02] Task 2 Epoch 8/10: entering train loop
T2 Ep 8/10 | L 0.4201 | Train Acc 0.74 | Prec 0.85 | F1 0.78 | Det Rec 0.88 | Det FA 0.13 | Epoch Time 1222.00s (Eval 0.00s, Train 1222.00s)
[STATE 2026-04-06 09:27:24] T2 Ep 8/10 complete: Prec 0.8496 F1 0.7760 DetRec 0.8804 DetFA 0.1289 | 1222.00s total (0.00s eval/1222.00s train)
[STATE 2026-04-06 09:27:24] Task 2 Epoch 9/10: entering train loop
T2 Ep 9/10 | L 0.4067 | Train Acc 0.75 | Prec 0.85 | F1 0.78 | Det Rec 0.88 | Det FA 0.13 | Epoch Time 1220.98s (Eval 0.00s, Train 1220.98s)
[STATE 2026-04-06 09:47:44] T2 Ep 9/10 complete: Prec 0.8532 F1 0.7815 DetRec 0.8835 DetFA 0.1254 | 1220.98s total (0.00s eval/1220.98s train)
[STATE 2026-04-06 09:47:44] Task 2 Epoch 10/10: entering train loop
T2 Ep 10/10 | L 0.3941 | Train Acc 0.76 | Prec 0.86 | F1 0.79 | Det Rec 0.89 | Det FA 0.12 | Epoch Time 1220.45s (Eval 0.00s, Train 1220.45s)
[STATE 2026-04-06 10:08:05] T2 Ep 10/10 complete: Prec 0.8577 F1 0.7867 DetRec 0.8856 DetFA 0.1238 | 1220.45s total (0.00s eval/1220.45s train)
[STATE 2026-04-06 10:08:05] Task 2: running final validation.
[STATE 2026-04-06 10:09:00] Completed task 2 (3/10)
Task 3: 24480 training samples, 8160 test samples.
[STATE 2026-04-06 10:09:00] Task 3: zero-shot validation (pre-train)
---- Zero-shot (pre-train) task 3: rec_cls 0.0963 | prec_cls 0.1060 | f1_cls 0.1853 | det 0.6996 | pfa 0.0047 | total_f1 0.5440 ----
[STATE 2026-04-06 10:09:57] Starting task 3 (4/10)
[STATE 2026-04-06 10:09:57] Task 3 Epoch 1/10: entering train loop
[STATE 2026-04-06 10:11:06] Task 3 Epoch 1/10: running validation (end of epoch)
---- Eval at Epoch 0: cls [0.6221610958552622, 0.6693299127615784, 0.7088492442565799, 0.5343675711368117] | det_recall [0.8486074616940704, 0.6434900322740493, 0.8538378179759354, 0.9954606804168469] | det_fa [0.11112284193865528, 0.658916896839906, 0.24252087476134224, 0.0] ----
T3 Ep 1/10 | L 0.7114 | Train Acc 0.49 | Prec 0.47 | F1 0.53 | Det Rec 0.98 | Det FA 0.00 | Epoch Time 125.88s (Eval 56.89s, Train 68.98s)
[STATE 2026-04-06 10:12:03] T3 Ep 1/10 complete: Prec 0.4704 F1 0.5314 DetRec 0.9849 DetFA 0.0011 | 125.88s total (56.89s eval/68.98s train)
[STATE 2026-04-06 10:12:03] Task 3 Epoch 2/10: entering train loop
T3 Ep 2/10 | L 0.4452 | Train Acc 0.56 | Prec 0.55 | F1 0.60 | Det Rec 1.00 | Det FA 0.00 | Epoch Time 68.92s (Eval 0.00s, Train 68.92s)
[STATE 2026-04-06 10:13:12] T3 Ep 2/10 complete: Prec 0.5547 F1 0.6035 DetRec 0.9968 DetFA 0.0007 | 68.92s total (0.00s eval/68.92s train)
[STATE 2026-04-06 10:13:12] Task 3 Epoch 3/10: entering train loop
T3 Ep 3/10 | L 0.3995 | Train Acc 0.58 | Prec 0.57 | F1 0.62 | Det Rec 1.00 | Det FA 0.00 | Epoch Time 68.91s (Eval 0.00s, Train 68.91s)
[STATE 2026-04-06 10:14:21] T3 Ep 3/10 complete: Prec 0.5722 F1 0.6181 DetRec 0.9972 DetFA 0.0006 | 68.91s total (0.00s eval/68.91s train)
[STATE 2026-04-06 10:14:21] Task 3 Epoch 4/10: entering train loop
T3 Ep 4/10 | L 0.3646 | Train Acc 0.59 | Prec 0.59 | F1 0.63 | Det Rec 1.00 | Det FA 0.00 | Epoch Time 69.01s (Eval 0.00s, Train 69.01s)
[STATE 2026-04-06 10:15:30] T3 Ep 4/10 complete: Prec 0.5860 F1 0.6316 DetRec 0.9977 DetFA 0.0005 | 69.01s total (0.00s eval/69.01s train)
[STATE 2026-04-06 10:15:30] Task 3 Epoch 5/10: entering train loop
T3 Ep 5/10 | L 0.3466 | Train Acc 0.60 | Prec 0.60 | F1 0.64 | Det Rec 1.00 | Det FA 0.00 | Epoch Time 69.15s (Eval 0.00s, Train 69.15s)
[STATE 2026-04-06 10:16:39] T3 Ep 5/10 complete: Prec 0.5980 F1 0.6375 DetRec 0.9980 DetFA 0.0004 | 69.15s total (0.00s eval/69.15s train)
[STATE 2026-04-06 10:16:39] Task 3 Epoch 6/10: entering train loop
T3 Ep 6/10 | L 0.3318 | Train Acc 0.61 | Prec 0.61 | F1 0.65 | Det Rec 1.00 | Det FA 0.00 | Epoch Time 68.94s (Eval 0.00s, Train 68.94s)
[STATE 2026-04-06 10:17:48] T3 Ep 6/10 complete: Prec 0.6085 F1 0.6458 DetRec 0.9984 DetFA 0.0004 | 68.94s total (0.00s eval/68.94s train)
[STATE 2026-04-06 10:17:48] Task 3 Epoch 7/10: entering train loop
T3 Ep 7/10 | L 0.3157 | Train Acc 0.61 | Prec 0.61 | F1 0.65 | Det Rec 1.00 | Det FA 0.00 | Epoch Time 69.12s (Eval 0.00s, Train 69.12s)
[STATE 2026-04-06 10:18:57] T3 Ep 7/10 complete: Prec 0.6140 F1 0.6513 DetRec 0.9985 DetFA 0.0002 | 69.12s total (0.00s eval/69.12s train)
[STATE 2026-04-06 10:18:57] Task 3 Epoch 8/10: entering train loop
T3 Ep 8/10 | L 0.3082 | Train Acc 0.62 | Prec 0.62 | F1 0.66 | Det Rec 1.00 | Det FA 0.00 | Epoch Time 69.05s (Eval 0.00s, Train 69.05s)
[STATE 2026-04-06 10:20:06] T3 Ep 8/10 complete: Prec 0.6187 F1 0.6559 DetRec 0.9988 DetFA 0.0002 | 69.05s total (0.00s eval/69.05s train)
[STATE 2026-04-06 10:20:06] Task 3 Epoch 9/10: entering train loop
T3 Ep 9/10 | L 0.2940 | Train Acc 0.63 | Prec 0.63 | F1 0.67 | Det Rec 1.00 | Det FA 0.00 | Epoch Time 68.93s (Eval 0.00s, Train 68.93s)
[STATE 2026-04-06 10:21:15] T3 Ep 9/10 complete: Prec 0.6323 F1 0.6687 DetRec 0.9988 DetFA 0.0000 | 68.93s total (0.00s eval/68.93s train)
[STATE 2026-04-06 10:21:15] Task 3 Epoch 10/10: entering train loop
T3 Ep 10/10 | L 0.2862 | Train Acc 0.64 | Prec 0.64 | F1 0.67 | Det Rec 1.00 | Det FA 0.00 | Epoch Time 69.08s (Eval 0.00s, Train 69.08s)
[STATE 2026-04-06 10:22:24] T3 Ep 10/10 complete: Prec 0.6394 F1 0.6730 DetRec 0.9988 DetFA 0.0001 | 69.08s total (0.00s eval/69.08s train)
[STATE 2026-04-06 10:22:24] Task 3: running final validation.
[STATE 2026-04-06 10:23:21] Completed task 3 (4/10)
Task 4: 24480 training samples, 8160 test samples.
[STATE 2026-04-06 10:23:21] Task 4: zero-shot validation (pre-train)
---- Zero-shot (pre-train) task 4: rec_cls 0.1913 | prec_cls 0.1575 | f1_cls 0.1037 | det 0.4901 | pfa 1.0000 | total_f1 0.5405 ----
[STATE 2026-04-06 10:24:20] Starting task 4 (5/10)
[STATE 2026-04-06 10:24:20] Task 4 Epoch 1/10: entering train loop
[STATE 2026-04-06 10:25:29] Task 4 Epoch 1/10: running validation (end of epoch)
---- Eval at Epoch 0: cls [0.6209148744910222, 0.6342245618669129, 0.6702343092222851, 0.593804157506437, 0.44849223682047845] | det_recall [0.8387964133396376, 0.7001276613029384, 0.847265381140724, 0.9966826437348559, 1.0] | det_fa [0.13139543455421163, 0.5458642583070946, 0.19171609945802776, 0.0, 0.0] ----
T4 Ep 1/10 | L 0.4893 | Train Acc 0.38 | Prec 0.39 | F1 0.44 | Det Rec 0.99 | Det FA 0.02 | Epoch Time 128.21s (Eval 59.12s, Train 69.09s)
[STATE 2026-04-06 10:26:28] T4 Ep 1/10 complete: Prec 0.3900 F1 0.4411 DetRec 0.9886 DetFA 0.0208 | 128.21s total (59.12s eval/69.09s train)
[STATE 2026-04-06 10:26:28] Task 4 Epoch 2/10: entering train loop
T4 Ep 2/10 | L 0.3777 | Train Acc 0.46 | Prec 0.50 | F1 0.52 | Det Rec 1.00 | Det FA 0.00 | Epoch Time 69.21s (Eval 0.00s, Train 69.21s)
[STATE 2026-04-06 10:27:38] T4 Ep 2/10 complete: Prec 0.5006 F1 0.5159 DetRec 1.0000 DetFA 0.0000 | 69.21s total (0.00s eval/69.21s train)
[STATE 2026-04-06 10:27:38] Task 4 Epoch 3/10: entering train loop
T4 Ep 3/10 | L 0.3567 | Train Acc 0.49 | Prec 0.54 | F1 0.54 | Det Rec 1.00 | Det FA 0.00 | Epoch Time 68.86s (Eval 0.00s, Train 68.86s)
[STATE 2026-04-06 10:28:46] T4 Ep 3/10 complete: Prec 0.5363 F1 0.5397 DetRec 1.0000 DetFA 0.0000 | 68.86s total (0.00s eval/68.86s train)
[STATE 2026-04-06 10:28:46] Task 4 Epoch 4/10: entering train loop
T4 Ep 4/10 | L 0.3371 | Train Acc 0.51 | Prec 0.56 | F1 0.56 | Det Rec 1.00 | Det FA 0.00 | Epoch Time 68.86s (Eval 0.00s, Train 68.86s)
[STATE 2026-04-06 10:29:55] T4 Ep 4/10 complete: Prec 0.5595 F1 0.5613 DetRec 1.0000 DetFA 0.0000 | 68.86s total (0.00s eval/68.86s train)
[STATE 2026-04-06 10:29:55] Task 4 Epoch 5/10: entering train loop
T4 Ep 5/10 | L 0.3260 | Train Acc 0.54 | Prec 0.58 | F1 0.59 | Det Rec 1.00 | Det FA 0.00 | Epoch Time 68.86s (Eval 0.00s, Train 68.86s)
[STATE 2026-04-06 10:31:04] T4 Ep 5/10 complete: Prec 0.5837 F1 0.5854 DetRec 1.0000 DetFA 0.0000 | 68.86s total (0.00s eval/68.86s train)
[STATE 2026-04-06 10:31:04] Task 4 Epoch 6/10: entering train loop
T4 Ep 6/10 | L 0.3119 | Train Acc 0.55 | Prec 0.59 | F1 0.60 | Det Rec 1.00 | Det FA 0.00 | Epoch Time 69.02s (Eval 0.00s, Train 69.02s)
[STATE 2026-04-06 10:32:13] T4 Ep 6/10 complete: Prec 0.5853 F1 0.5991 DetRec 1.0000 DetFA 0.0000 | 69.02s total (0.00s eval/69.02s train)
[STATE 2026-04-06 10:32:13] Task 4 Epoch 7/10: entering train loop
T4 Ep 7/10 | L 0.2961 | Train Acc 0.57 | Prec 0.61 | F1 0.61 | Det Rec 1.00 | Det FA 0.00 | Epoch Time 68.78s (Eval 0.00s, Train 68.78s)
[STATE 2026-04-06 10:33:22] T4 Ep 7/10 complete: Prec 0.6074 F1 0.6133 DetRec 1.0000 DetFA 0.0000 | 68.78s total (0.00s eval/68.78s train)
[STATE 2026-04-06 10:33:22] Task 4 Epoch 8/10: entering train loop
T4 Ep 8/10 | L 0.2857 | Train Acc 0.59 | Prec 0.63 | F1 0.64 | Det Rec 1.00 | Det FA 0.00 | Epoch Time 68.82s (Eval 0.00s, Train 68.82s)
[STATE 2026-04-06 10:34:31] T4 Ep 8/10 complete: Prec 0.6270 F1 0.6386 DetRec 1.0000 DetFA 0.0000 | 68.82s total (0.00s eval/68.82s train)
[STATE 2026-04-06 10:34:31] Task 4 Epoch 9/10: entering train loop
T4 Ep 9/10 | L 0.2766 | Train Acc 0.61 | Prec 0.64 | F1 0.66 | Det Rec 1.00 | Det FA 0.00 | Epoch Time 68.79s (Eval 0.00s, Train 68.79s)
[STATE 2026-04-06 10:35:40] T4 Ep 9/10 complete: Prec 0.6437 F1 0.6580 DetRec 1.0000 DetFA 0.0000 | 68.79s total (0.00s eval/68.79s train)
[STATE 2026-04-06 10:35:40] Task 4 Epoch 10/10: entering train loop
T4 Ep 10/10 | L 0.2647 | Train Acc 0.63 | Prec 0.66 | F1 0.67 | Det Rec 1.00 | Det FA 0.00 | Epoch Time 68.89s (Eval 0.00s, Train 68.89s)
[STATE 2026-04-06 10:36:48] T4 Ep 10/10 complete: Prec 0.6586 F1 0.6735 DetRec 1.0000 DetFA 0.0000 | 68.89s total (0.00s eval/68.89s train)
[STATE 2026-04-06 10:36:48] Task 4: running final validation.
[STATE 2026-04-06 10:37:47] Completed task 4 (5/10)
Task 5: 201410 training samples, 100705 test samples.
[STATE 2026-04-06 10:37:54] Task 5: zero-shot validation (pre-train)
---- Zero-shot (pre-train) task 5: rec_cls 0.1767 | prec_cls 0.1169 | f1_cls 0.0644 | det 0.4999 | pfa 1.0000 | total_f1 0.5496 ----
[STATE 2026-04-06 10:39:19] Starting task 5 (6/10)
[STATE 2026-04-06 10:39:19] Task 5 Epoch 1/10: entering train loop
[STATE 2026-04-06 10:51:02] Task 5 Epoch 1/10: running validation (end of epoch)
---- Eval at Epoch 0: cls [0.6040715158229392, 0.5749173540548058, 0.6917783535635621, 0.4906409185555678, 0.31853150931379137, 0.7277579886646957] | det_recall [0.836498563359936, 0.7316375362784022, 0.8524661194240195, 0.989901795090778, 1.0, 0.8946493480439962] | det_fa [0.17251027587205434, 0.4229448925280195, 0.24125170752957695, 0.0, 0.0, 0.1321026481721551] ----
T5 Ep 1/10 | L 0.5135 | Train Acc 0.62 | Prec 0.76 | F1 0.67 | Det Rec 0.87 | Det FA 0.17 | Epoch Time 788.46s (Eval 85.44s, Train 703.02s)
[STATE 2026-04-06 10:52:28] T5 Ep 1/10 complete: Prec 0.7634 F1 0.6741 DetRec 0.8727 DetFA 0.1700 | 788.46s total (85.44s eval/703.02s train)
[STATE 2026-04-06 10:52:28] Task 5 Epoch 2/10: entering train loop
T5 Ep 2/10 | L 0.3495 | Train Acc 0.75 | Prec 0.88 | F1 0.79 | Det Rec 0.90 | Det FA 0.11 | Epoch Time 701.58s (Eval 0.00s, Train 701.58s)
[STATE 2026-04-06 11:04:09] T5 Ep 2/10 complete: Prec 0.8825 F1 0.7936 DetRec 0.8979 DetFA 0.1068 | 701.58s total (0.00s eval/701.58s train)
[STATE 2026-04-06 11:04:09] Task 5 Epoch 3/10: entering train loop
T5 Ep 3/10 | L 0.3128 | Train Acc 0.77 | Prec 0.90 | F1 0.81 | Det Rec 0.91 | Det FA 0.09 | Epoch Time 702.15s (Eval 0.00s, Train 702.15s)
[STATE 2026-04-06 11:15:51] T5 Ep 3/10 complete: Prec 0.8991 F1 0.8127 DetRec 0.9059 DetFA 0.0890 | 702.15s total (0.00s eval/702.15s train)
[STATE 2026-04-06 11:15:51] Task 5 Epoch 4/10: entering train loop
T5 Ep 4/10 | L 0.2898 | Train Acc 0.78 | Prec 0.91 | F1 0.82 | Det Rec 0.91 | Det FA 0.08 | Epoch Time 701.71s (Eval 0.00s, Train 701.71s)
[STATE 2026-04-06 11:27:33] T5 Ep 4/10 complete: Prec 0.9090 F1 0.8236 DetRec 0.9096 DetFA 0.0790 | 701.71s total (0.00s eval/701.71s train)
[STATE 2026-04-06 11:27:33] Task 5 Epoch 5/10: entering train loop
T5 Ep 5/10 | L 0.2727 | Train Acc 0.80 | Prec 0.91 | F1 0.83 | Det Rec 0.92 | Det FA 0.08 | Epoch Time 703.11s (Eval 0.00s, Train 703.11s)
[STATE 2026-04-06 11:39:16] T5 Ep 5/10 complete: Prec 0.9127 F1 0.8344 DetRec 0.9163 DetFA 0.0754 | 703.11s total (0.00s eval/703.11s train)
[STATE 2026-04-06 11:39:16] Task 5 Epoch 6/10: entering train loop
T5 Ep 6/10 | L 0.2583 | Train Acc 0.80 | Prec 0.92 | F1 0.84 | Det Rec 0.92 | Det FA 0.07 | Epoch Time 702.47s (Eval 0.00s, Train 702.47s)
[STATE 2026-04-06 11:50:59] T5 Ep 6/10 complete: Prec 0.9179 F1 0.8422 DetRec 0.9198 DetFA 0.0714 | 702.47s total (0.00s eval/702.47s train)
[STATE 2026-04-06 11:50:59] Task 5 Epoch 7/10: entering train loop
T5 Ep 7/10 | L 0.2456 | Train Acc 0.81 | Prec 0.92 | F1 0.85 | Det Rec 0.92 | Det FA 0.07 | Epoch Time 702.93s (Eval 0.00s, Train 702.93s)
[STATE 2026-04-06 12:02:41] T5 Ep 7/10 complete: Prec 0.9200 F1 0.8486 DetRec 0.9223 DetFA 0.0688 | 702.93s total (0.00s eval/702.93s train)
[STATE 2026-04-06 12:02:41] Task 5 Epoch 8/10: entering train loop
T5 Ep 8/10 | L 0.2353 | Train Acc 0.82 | Prec 0.92 | F1 0.85 | Det Rec 0.93 | Det FA 0.06 | Epoch Time 704.20s (Eval 0.00s, Train 704.20s)
[STATE 2026-04-06 12:14:26] T5 Ep 8/10 complete: Prec 0.9239 F1 0.8539 DetRec 0.9253 DetFA 0.0637 | 704.20s total (0.00s eval/704.20s train)
[STATE 2026-04-06 12:14:26] Task 5 Epoch 9/10: entering train loop
T5 Ep 9/10 | L 0.2267 | Train Acc 0.83 | Prec 0.93 | F1 0.86 | Det Rec 0.93 | Det FA 0.06 | Epoch Time 702.98s (Eval 0.00s, Train 702.98s)
[STATE 2026-04-06 12:26:09] T5 Ep 9/10 complete: Prec 0.9274 F1 0.8606 DetRec 0.9284 DetFA 0.0625 | 702.98s total (0.00s eval/702.98s train)
[STATE 2026-04-06 12:26:09] Task 5 Epoch 10/10: entering train loop
T5 Ep 10/10 | L 0.2176 | Train Acc 0.84 | Prec 0.93 | F1 0.86 | Det Rec 0.93 | Det FA 0.07 | Epoch Time 705.25s (Eval 0.00s, Train 705.25s)
[STATE 2026-04-06 12:37:54] T5 Ep 10/10 complete: Prec 0.9278 F1 0.8649 DetRec 0.9299 DetFA 0.0652 | 705.25s total (0.00s eval/705.25s train)
[STATE 2026-04-06 12:37:54] Task 5: running final validation.
[STATE 2026-04-06 12:39:20] Completed task 5 (6/10)
Task 6: 17340 training samples, 6800 test samples.
[STATE 2026-04-06 12:39:20] Task 6: zero-shot validation (pre-train)
---- Zero-shot (pre-train) task 6: rec_cls 0.1050 | prec_cls 0.0317 | f1_cls 0.1078 | det 0.6650 | pfa 0.6662 | total_f1 0.5053 ----
[STATE 2026-04-06 12:40:47] Starting task 6 (7/10)
[STATE 2026-04-06 12:40:47] Task 6 Epoch 1/10: entering train loop
[STATE 2026-04-06 12:41:36] Task 6 Epoch 1/10: running validation (end of epoch)
---- Eval at Epoch 0: cls [0.6211869592133502, 0.5643323956650024, 0.6274257268149724, 0.5228936359596098, 0.3744402262768704, 0.7938641101684915, 0.5451939850356059] | det_recall [0.8523243377636679, 0.7684944287682373, 0.8278965184568959, 0.9939353019192885, 1.0, 0.9123566958063813, 0.9998604910714286] | det_fa [0.14041887221817761, 0.33333150502344366, 0.3016552744942802, 0.00023674242424242425, 0.0, 0.08660958378983415, 0.00027901785714285713] ----
T6 Ep 1/10 | L 0.5829 | Train Acc 0.47 | Prec 0.47 | F1 0.54 | Det Rec 0.99 | Det FA 0.00 | Epoch Time 136.16s (Eval 87.23s, Train 48.93s)
[STATE 2026-04-06 12:43:03] T6 Ep 1/10 complete: Prec 0.4730 F1 0.5388 DetRec 0.9946 DetFA 0.0048 | 136.16s total (87.23s eval/48.93s train)
[STATE 2026-04-06 12:43:03] Task 6 Epoch 2/10: entering train loop
T6 Ep 2/10 | L 0.3719 | Train Acc 0.57 | Prec 0.59 | F1 0.64 | Det Rec 1.00 | Det FA 0.00 | Epoch Time 48.80s (Eval 0.00s, Train 48.80s)
[STATE 2026-04-06 12:43:52] T6 Ep 2/10 complete: Prec 0.5876 F1 0.6386 DetRec 0.9997 DetFA 0.0005 | 48.80s total (0.00s eval/48.80s train)
[STATE 2026-04-06 12:43:52] Task 6 Epoch 3/10: entering train loop
T6 Ep 3/10 | L 0.3488 | Train Acc 0.59 | Prec 0.61 | F1 0.65 | Det Rec 1.00 | Det FA 0.00 | Epoch Time 48.74s (Eval 0.00s, Train 48.74s)
[STATE 2026-04-06 12:44:41] T6 Ep 3/10 complete: Prec 0.6130 F1 0.6522 DetRec 0.9998 DetFA 0.0004 | 48.74s total (0.00s eval/48.74s train)
[STATE 2026-04-06 12:44:41] Task 6 Epoch 4/10: entering train loop
T6 Ep 4/10 | L 0.3324 | Train Acc 0.60 | Prec 0.63 | F1 0.67 | Det Rec 1.00 | Det FA 0.00 | Epoch Time 48.78s (Eval 0.00s, Train 48.78s)
[STATE 2026-04-06 12:45:29] T6 Ep 4/10 complete: Prec 0.6307 F1 0.6679 DetRec 0.9999 DetFA 0.0003 | 48.78s total (0.00s eval/48.78s train)
[STATE 2026-04-06 12:45:29] Task 6 Epoch 5/10: entering train loop
T6 Ep 5/10 | L 0.3171 | Train Acc 0.61 | Prec 0.64 | F1 0.67 | Det Rec 1.00 | Det FA 0.00 | Epoch Time 48.79s (Eval 0.00s, Train 48.79s)
[STATE 2026-04-06 12:46:18] T6 Ep 5/10 complete: Prec 0.6395 F1 0.6724 DetRec 1.0000 DetFA 0.0000 | 48.79s total (0.00s eval/48.79s train)
[STATE 2026-04-06 12:46:18] Task 6 Epoch 6/10: entering train loop
T6 Ep 6/10 | L 0.3035 | Train Acc 0.62 | Prec 0.66 | F1 0.68 | Det Rec 1.00 | Det FA 0.00 | Epoch Time 48.91s (Eval 0.00s, Train 48.91s)
[STATE 2026-04-06 12:47:07] T6 Ep 6/10 complete: Prec 0.6561 F1 0.6843 DetRec 1.0000 DetFA 0.0000 | 48.91s total (0.00s eval/48.91s train)
[STATE 2026-04-06 12:47:07] Task 6 Epoch 7/10: entering train loop
T6 Ep 7/10 | L 0.2977 | Train Acc 0.64 | Prec 0.67 | F1 0.70 | Det Rec 1.00 | Det FA 0.00 | Epoch Time 48.79s (Eval 0.00s, Train 48.79s)
[STATE 2026-04-06 12:47:56] T6 Ep 7/10 complete: Prec 0.6665 F1 0.6960 DetRec 0.9999 DetFA 0.0001 | 48.79s total (0.00s eval/48.79s train)
[STATE 2026-04-06 12:47:56] Task 6 Epoch 8/10: entering train loop
T6 Ep 8/10 | L 0.2872 | Train Acc 0.64 | Prec 0.67 | F1 0.70 | Det Rec 1.00 | Det FA 0.00 | Epoch Time 48.87s (Eval 0.00s, Train 48.87s)
[STATE 2026-04-06 12:48:45] T6 Ep 8/10 complete: Prec 0.6698 F1 0.7002 DetRec 0.9999 DetFA 0.0000 | 48.87s total (0.00s eval/48.87s train)
[STATE 2026-04-06 12:48:45] Task 6 Epoch 9/10: entering train loop
T6 Ep 9/10 | L 0.2760 | Train Acc 0.66 | Prec 0.68 | F1 0.71 | Det Rec 1.00 | Det FA 0.00 | Epoch Time 48.79s (Eval 0.00s, Train 48.79s)
[STATE 2026-04-06 12:49:33] T6 Ep 9/10 complete: Prec 0.6837 F1 0.7095 DetRec 0.9999 DetFA 0.0000 | 48.79s total (0.00s eval/48.79s train)
[STATE 2026-04-06 12:49:33] Task 6 Epoch 10/10: entering train loop
T6 Ep 10/10 | L 0.2665 | Train Acc 0.67 | Prec 0.69 | F1 0.72 | Det Rec 1.00 | Det FA 0.00 | Epoch Time 48.82s (Eval 0.00s, Train 48.82s)
[STATE 2026-04-06 12:50:22] T6 Ep 10/10 complete: Prec 0.6929 F1 0.7226 DetRec 0.9999 DetFA 0.0000 | 48.82s total (0.00s eval/48.82s train)
[STATE 2026-04-06 12:50:22] Task 6: running final validation.
[STATE 2026-04-06 12:51:49] Completed task 6 (7/10)
Task 7: 188050 training samples, 94025 test samples.
[STATE 2026-04-06 12:51:53] Task 7: zero-shot validation (pre-train)
---- Zero-shot (pre-train) task 7: rec_cls 0.2352 | prec_cls 0.2221 | f1_cls 0.1110 | det 0.4974 | pfa 0.9998 | total_f1 0.5713 ----
[STATE 2026-04-06 12:53:45] Starting task 7 (8/10)
[STATE 2026-04-06 12:53:45] Task 7 Epoch 1/10: entering train loop
[STATE 2026-04-06 13:04:41] Task 7 Epoch 1/10: running validation (end of epoch)
---- Eval at Epoch 0: cls [0.6025841171608579, 0.5294573729790414, 0.6624493324035563, 0.46165602790252364, 0.30761091011193953, 0.7590002120630633, 0.4599950778842347, 0.7887233991996744] | det_recall [0.8365005760406761, 0.7671304719836632, 0.8569312275524574, 0.9890662084177543, 0.9998802681992337, 0.9122657002914003, 0.9998565691336775, 0.8682889443786755] | det_fa [0.16047956309523126, 0.28298903103457174, 0.21401812573525042, 0.00023674242424242425, 0.0, 0.06656486433197104, 0.00028686173264486515, 0.2342223737148356] ----
T7 Ep 1/10 | L 0.4184 | Train Acc 0.72 | Prec 0.80 | F1 0.75 | Det Rec 0.86 | Det FA 0.24 | Epoch Time 768.22s (Eval 111.80s, Train 656.42s)
[STATE 2026-04-06 13:06:33] T7 Ep 1/10 complete: Prec 0.8030 F1 0.7474 DetRec 0.8631 DetFA 0.2357 | 768.22s total (111.80s eval/656.42s train)
[STATE 2026-04-06 13:06:33] Task 7 Epoch 2/10: entering train loop
T7 Ep 2/10 | L 0.3117 | Train Acc 0.81 | Prec 0.88 | F1 0.82 | Det Rec 0.88 | Det FA 0.20 | Epoch Time 654.69s (Eval 0.00s, Train 654.69s)
[STATE 2026-04-06 13:17:27] T7 Ep 2/10 complete: Prec 0.8797 F1 0.8232 DetRec 0.8811 DetFA 0.1995 | 654.69s total (0.00s eval/654.69s train)
[STATE 2026-04-06 13:17:27] Task 7 Epoch 3/10: entering train loop
T7 Ep 3/10 | L 0.2885 | Train Acc 0.82 | Prec 0.89 | F1 0.84 | Det Rec 0.88 | Det FA 0.19 | Epoch Time 655.58s (Eval 0.00s, Train 655.58s)
[STATE 2026-04-06 13:28:23] T7 Ep 3/10 complete: Prec 0.8897 F1 0.8363 DetRec 0.8850 DetFA 0.1923 | 655.58s total (0.00s eval/655.58s train)
[STATE 2026-04-06 13:28:23] Task 7 Epoch 4/10: entering train loop
T7 Ep 4/10 | L 0.2734 | Train Acc 0.83 | Prec 0.90 | F1 0.85 | Det Rec 0.89 | Det FA 0.18 | Epoch Time 658.38s (Eval 0.00s, Train 658.38s)
[STATE 2026-04-06 13:39:21] T7 Ep 4/10 complete: Prec 0.8996 F1 0.8464 DetRec 0.8893 DetFA 0.1828 | 658.38s total (0.00s eval/658.38s train)
[STATE 2026-04-06 13:39:21] Task 7 Epoch 5/10: entering train loop
T7 Ep 5/10 | L 0.2615 | Train Acc 0.84 | Prec 0.91 | F1 0.85 | Det Rec 0.89 | Det FA 0.18 | Epoch Time 657.28s (Eval 0.00s, Train 657.28s)
[STATE 2026-04-06 13:50:19] T7 Ep 5/10 complete: Prec 0.9063 F1 0.8544 DetRec 0.8926 DetFA 0.1772 | 657.28s total (0.00s eval/657.28s train)
[STATE 2026-04-06 13:50:19] Task 7 Epoch 6/10: entering train loop
T7 Ep 6/10 | L 0.2501 | Train Acc 0.85 | Prec 0.91 | F1 0.86 | Det Rec 0.89 | Det FA 0.18 | Epoch Time 657.06s (Eval 0.00s, Train 657.06s)
[STATE 2026-04-06 14:01:16] T7 Ep 6/10 complete: Prec 0.9087 F1 0.8594 DetRec 0.8945 DetFA 0.1758 | 657.06s total (0.00s eval/657.06s train)
[STATE 2026-04-06 14:01:16] Task 7 Epoch 7/10: entering train loop
T7 Ep 7/10 | L 0.2426 | Train Acc 0.86 | Prec 0.91 | F1 0.86 | Det Rec 0.90 | Det FA 0.17 | Epoch Time 657.22s (Eval 0.00s, Train 657.22s)
[STATE 2026-04-06 14:12:13] T7 Ep 7/10 complete: Prec 0.9116 F1 0.8639 DetRec 0.8970 DetFA 0.1693 | 657.22s total (0.00s eval/657.22s train)
[STATE 2026-04-06 14:12:13] Task 7 Epoch 8/10: entering train loop
T7 Ep 8/10 | L 0.2341 | Train Acc 0.86 | Prec 0.91 | F1 0.87 | Det Rec 0.90 | Det FA 0.16 | Epoch Time 656.46s (Eval 0.00s, Train 656.46s)
[STATE 2026-04-06 14:23:09] T7 Ep 8/10 complete: Prec 0.9127 F1 0.8679 DetRec 0.9003 DetFA 0.1641 | 656.46s total (0.00s eval/656.46s train)
[STATE 2026-04-06 14:23:09] Task 7 Epoch 9/10: entering train loop
T7 Ep 9/10 | L 0.2271 | Train Acc 0.87 | Prec 0.92 | F1 0.87 | Det Rec 0.90 | Det FA 0.16 | Epoch Time 656.93s (Eval 0.00s, Train 656.93s)
[STATE 2026-04-06 14:34:06] T7 Ep 9/10 complete: Prec 0.9194 F1 0.8733 DetRec 0.9022 DetFA 0.1609 | 656.93s total (0.00s eval/656.93s train)
[STATE 2026-04-06 14:34:06] Task 7 Epoch 10/10: entering train loop
T7 Ep 10/10 | L 0.2204 | Train Acc 0.87 | Prec 0.92 | F1 0.88 | Det Rec 0.90 | Det FA 0.15 | Epoch Time 658.78s (Eval 0.00s, Train 658.78s)
[STATE 2026-04-06 14:45:05] T7 Ep 10/10 complete: Prec 0.9233 F1 0.8776 DetRec 0.9044 DetFA 0.1544 | 658.78s total (0.00s eval/658.78s train)
[STATE 2026-04-06 14:45:05] Task 7: running final validation.
[STATE 2026-04-06 14:46:57] Completed task 7 (8/10)
Task 8: 36658 training samples, 12220 test samples.
[STATE 2026-04-06 14:46:57] Task 8: zero-shot validation (pre-train)
---- Zero-shot (pre-train) task 8: rec_cls 0.1729 | prec_cls 0.0463 | f1_cls 0.0311 | det 0.4996 | pfa 1.0000 | total_f1 0.5230 ----
[STATE 2026-04-06 14:48:52] Starting task 8 (9/10)
[STATE 2026-04-06 14:48:52] Task 8 Epoch 1/10: entering train loop
[STATE 2026-04-06 14:50:36] Task 8 Epoch 1/10: running validation (end of epoch)
---- Eval at Epoch 0: cls [0.7050801553560243, 0.6340526785000561, 0.6379055808832278, 0.43797133469375404, 0.32888693831441096, 0.7393832510094247, 0.48990418064290636, 0.8181463257325678, 0.518016283674536] | det_recall [0.8571303307228622, 0.8376611561757713, 0.8345780248241752, 0.9764667211011857, 0.9990278056504435, 0.9027511975968047, 1.0, 0.8772254791106137, 0.8382569715781276] | det_fa [0.10879110112379099, 0.12885222653731926, 0.2741811750435115, 0.0, 0.0, 0.09702081793347676, 0.0, 0.19745653478549463, 0.043675934969528006] ----
T8 Ep 1/10 | L 0.5042 | Train Acc 0.42 | Prec 0.51 | F1 0.48 | Det Rec 0.80 | Det FA 0.07 | Epoch Time 218.42s (Eval 115.00s, Train 103.42s)
[STATE 2026-04-06 14:52:31] T8 Ep 1/10 complete: Prec 0.5115 F1 0.4844 DetRec 0.8003 DetFA 0.0720 | 218.42s total (115.00s eval/103.42s train)
[STATE 2026-04-06 14:52:31] Task 8 Epoch 2/10: entering train loop
T8 Ep 2/10 | L 0.3087 | Train Acc 0.55 | Prec 0.70 | F1 0.61 | Det Rec 0.85 | Det FA 0.05 | Epoch Time 103.27s (Eval 0.00s, Train 103.27s)
[STATE 2026-04-06 14:54:14] T8 Ep 2/10 complete: Prec 0.7046 F1 0.6123 DetRec 0.8478 DetFA 0.0541 | 103.27s total (0.00s eval/103.27s train)
[STATE 2026-04-06 14:54:14] Task 8 Epoch 3/10: entering train loop
T8 Ep 3/10 | L 0.2813 | Train Acc 0.59 | Prec 0.76 | F1 0.64 | Det Rec 0.86 | Det FA 0.07 | Epoch Time 103.36s (Eval 0.00s, Train 103.36s)
[STATE 2026-04-06 14:55:57] T8 Ep 3/10 complete: Prec 0.7647 F1 0.6446 DetRec 0.8557 DetFA 0.0682 | 103.36s total (0.00s eval/103.36s train)
[STATE 2026-04-06 14:55:57] Task 8 Epoch 4/10: entering train loop
T8 Ep 4/10 | L 0.2631 | Train Acc 0.61 | Prec 0.78 | F1 0.66 | Det Rec 0.86 | Det FA 0.07 | Epoch Time 103.26s (Eval 0.00s, Train 103.26s)
[STATE 2026-04-06 14:57:41] T8 Ep 4/10 complete: Prec 0.7813 F1 0.6614 DetRec 0.8602 DetFA 0.0676 | 103.26s total (0.00s eval/103.26s train)
[STATE 2026-04-06 14:57:41] Task 8 Epoch 5/10: entering train loop
T8 Ep 5/10 | L 0.2510 | Train Acc 0.62 | Prec 0.79 | F1 0.67 | Det Rec 0.86 | Det FA 0.06 | Epoch Time 103.28s (Eval 0.00s, Train 103.28s)
[STATE 2026-04-06 14:59:24] T8 Ep 5/10 complete: Prec 0.7877 F1 0.6702 DetRec 0.8641 DetFA 0.0646 | 103.28s total (0.00s eval/103.28s train)
[STATE 2026-04-06 14:59:24] Task 8 Epoch 6/10: entering train loop
T8 Ep 6/10 | L 0.2416 | Train Acc 0.64 | Prec 0.80 | F1 0.68 | Det Rec 0.87 | Det FA 0.07 | Epoch Time 103.34s (Eval 0.00s, Train 103.34s)
[STATE 2026-04-06 15:01:07] T8 Ep 6/10 complete: Prec 0.7997 F1 0.6822 DetRec 0.8676 DetFA 0.0706 | 103.34s total (0.00s eval/103.34s train)
[STATE 2026-04-06 15:01:07] Task 8 Epoch 7/10: entering train loop
T8 Ep 7/10 | L 0.2329 | Train Acc 0.65 | Prec 0.83 | F1 0.69 | Det Rec 0.87 | Det FA 0.07 | Epoch Time 103.28s (Eval 0.00s, Train 103.28s)
[STATE 2026-04-06 15:02:51] T8 Ep 7/10 complete: Prec 0.8288 F1 0.6949 DetRec 0.8730 DetFA 0.0670 | 103.28s total (0.00s eval/103.28s train)
[STATE 2026-04-06 15:02:51] Task 8 Epoch 8/10: entering train loop
T8 Ep 8/10 | L 0.2249 | Train Acc 0.66 | Prec 0.84 | F1 0.70 | Det Rec 0.88 | Det FA 0.07 | Epoch Time 103.29s (Eval 0.00s, Train 103.29s)
[STATE 2026-04-06 15:04:34] T8 Ep 8/10 complete: Prec 0.8374 F1 0.7038 DetRec 0.8756 DetFA 0.0656 | 103.29s total (0.00s eval/103.29s train)
[STATE 2026-04-06 15:04:34] Task 8 Epoch 9/10: entering train loop
T8 Ep 9/10 | L 0.2216 | Train Acc 0.66 | Prec 0.84 | F1 0.71 | Det Rec 0.88 | Det FA 0.07 | Epoch Time 103.36s (Eval 0.00s, Train 103.36s)
[STATE 2026-04-06 15:06:17] T8 Ep 9/10 complete: Prec 0.8445 F1 0.7061 DetRec 0.8762 DetFA 0.0701 | 103.36s total (0.00s eval/103.36s train)
[STATE 2026-04-06 15:06:17] Task 8 Epoch 10/10: entering train loop
T8 Ep 10/10 | L 0.2152 | Train Acc 0.68 | Prec 0.86 | F1 0.72 | Det Rec 0.88 | Det FA 0.07 | Epoch Time 103.27s (Eval 0.00s, Train 103.27s)
[STATE 2026-04-06 15:08:01] T8 Ep 10/10 complete: Prec 0.8612 F1 0.7220 DetRec 0.8804 DetFA 0.0703 | 103.27s total (0.00s eval/103.27s train)
[STATE 2026-04-06 15:08:01] Task 8: running final validation.
[STATE 2026-04-06 15:09:56] Completed task 8 (9/10)
Task 9: 17340 training samples, 6800 test samples.
[STATE 2026-04-06 15:09:56] Task 9: zero-shot validation (pre-train)
---- Zero-shot (pre-train) task 9: rec_cls 0.2613 | prec_cls 0.2310 | f1_cls 0.1491 | det 0.5000 | pfa 1.0000 | total_f1 0.5844 ----
[STATE 2026-04-06 15:11:53] Starting task 9 (10/10)
[STATE 2026-04-06 15:11:53] Task 9 Epoch 1/10: entering train loop
[STATE 2026-04-06 15:12:41] Task 9 Epoch 1/10: running validation (end of epoch)
---- Eval at Epoch 0: cls [0.6410220753701178, 0.615449082247014, 0.6210185438250526, 0.5116866209239243, 0.3794463327343932, 0.723420973404697, 0.48855430001178096, 0.8018355524499922, 0.5686169634953685, 0.46199617190140035] | det_recall [0.8516597029323466, 0.8301368832575848, 0.8303073302515296, 0.9865723138186218, 1.0, 0.9005374650204564, 0.9994490270554903, 0.8633889991593925, 0.8425124157196886, 1.0] | det_fa [0.07004106727920545, 0.15897338619270385, 0.30613300364919005, 0.0, 0.0, 0.10007307979649017, 0.0011019458890193271, 0.2396006865580945, 0.06842443965913028, 0.0] ----
T9 Ep 1/10 | L 0.5110 | Train Acc 0.42 | Prec 0.42 | F1 0.48 | Det Rec 0.99 | Det FA 0.03 | Epoch Time 165.63s (Eval 116.68s, Train 48.95s)
[STATE 2026-04-06 15:14:38] T9 Ep 1/10 complete: Prec 0.4211 F1 0.4838 DetRec 0.9871 DetFA 0.0259 | 165.63s total (116.68s eval/48.95s train)
[STATE 2026-04-06 15:14:38] Task 9 Epoch 2/10: entering train loop
T9 Ep 2/10 | L 0.3358 | Train Acc 0.49 | Prec 0.49 | F1 0.55 | Det Rec 1.00 | Det FA 0.00 | Epoch Time 48.78s (Eval 0.00s, Train 48.78s)
[STATE 2026-04-06 15:15:27] T9 Ep 2/10 complete: Prec 0.4882 F1 0.5515 DetRec 1.0000 DetFA 0.0000 | 48.78s total (0.00s eval/48.78s train)
[STATE 2026-04-06 15:15:27] Task 9 Epoch 3/10: entering train loop
T9 Ep 3/10 | L 0.3156 | Train Acc 0.52 | Prec 0.52 | F1 0.58 | Det Rec 1.00 | Det FA 0.00 | Epoch Time 48.83s (Eval 0.00s, Train 48.83s)
[STATE 2026-04-06 15:16:16] T9 Ep 3/10 complete: Prec 0.5246 F1 0.5762 DetRec 1.0000 DetFA 0.0000 | 48.83s total (0.00s eval/48.83s train)
[STATE 2026-04-06 15:16:16] Task 9 Epoch 4/10: entering train loop
T9 Ep 4/10 | L 0.2982 | Train Acc 0.54 | Prec 0.54 | F1 0.59 | Det Rec 1.00 | Det FA 0.00 | Epoch Time 48.82s (Eval 0.00s, Train 48.82s)
[STATE 2026-04-06 15:17:05] T9 Ep 4/10 complete: Prec 0.5449 F1 0.5945 DetRec 1.0000 DetFA 0.0000 | 48.82s total (0.00s eval/48.82s train)
[STATE 2026-04-06 15:17:05] Task 9 Epoch 5/10: entering train loop
T9 Ep 5/10 | L 0.2806 | Train Acc 0.56 | Prec 0.56 | F1 0.60 | Det Rec 1.00 | Det FA 0.00 | Epoch Time 48.88s (Eval 0.00s, Train 48.88s)
[STATE 2026-04-06 15:17:53] T9 Ep 5/10 complete: Prec 0.5595 F1 0.6049 DetRec 1.0000 DetFA 0.0000 | 48.88s total (0.00s eval/48.88s train)
[STATE 2026-04-06 15:17:53] Task 9 Epoch 6/10: entering train loop
T9 Ep 6/10 | L 0.2738 | Train Acc 0.57 | Prec 0.57 | F1 0.62 | Det Rec 1.00 | Det FA 0.00 | Epoch Time 49.04s (Eval 0.00s, Train 49.04s)
[STATE 2026-04-06 15:18:42] T9 Ep 6/10 complete: Prec 0.5700 F1 0.6183 DetRec 1.0000 DetFA 0.0000 | 49.04s total (0.00s eval/49.04s train)
[STATE 2026-04-06 15:18:42] Task 9 Epoch 7/10: entering train loop
T9 Ep 7/10 | L 0.2606 | Train Acc 0.58 | Prec 0.59 | F1 0.63 | Det Rec 1.00 | Det FA 0.00 | Epoch Time 49.12s (Eval 0.00s, Train 49.12s)
[STATE 2026-04-06 15:19:32] T9 Ep 7/10 complete: Prec 0.5875 F1 0.6280 DetRec 1.0000 DetFA 0.0000 | 49.12s total (0.00s eval/49.12s train)
[STATE 2026-04-06 15:19:32] Task 9 Epoch 8/10: entering train loop
T9 Ep 8/10 | L 0.2572 | Train Acc 0.60 | Prec 0.60 | F1 0.64 | Det Rec 1.00 | Det FA 0.00 | Epoch Time 49.08s (Eval 0.00s, Train 49.08s)
[STATE 2026-04-06 15:20:21] T9 Ep 8/10 complete: Prec 0.5978 F1 0.6411 DetRec 1.0000 DetFA 0.0000 | 49.08s total (0.00s eval/49.08s train)
[STATE 2026-04-06 15:20:21] Task 9 Epoch 9/10: entering train loop
T9 Ep 9/10 | L 0.2460 | Train Acc 0.62 | Prec 0.63 | F1 0.66 | Det Rec 1.00 | Det FA 0.00 | Epoch Time 49.35s (Eval 0.00s, Train 49.35s)
[STATE 2026-04-06 15:21:10] T9 Ep 9/10 complete: Prec 0.6283 F1 0.6633 DetRec 1.0000 DetFA 0.0000 | 49.35s total (0.00s eval/49.35s train)
[STATE 2026-04-06 15:21:10] Task 9 Epoch 10/10: entering train loop
T9 Ep 10/10 | L 0.2409 | Train Acc 0.63 | Prec 0.63 | F1 0.67 | Det Rec 1.00 | Det FA 0.00 | Epoch Time 49.39s (Eval 0.00s, Train 49.39s)
[STATE 2026-04-06 15:21:59] T9 Ep 10/10 complete: Prec 0.6252 F1 0.6678 DetRec 1.0000 DetFA 0.0000 | 49.39s total (0.00s eval/49.39s train)
[STATE 2026-04-06 15:21:59] Task 9: running final validation.
[STATE 2026-04-06 15:23:56] Completed task 9 (10/10)
####Final Validation Accuracy####
Final Results:- 
 Total Recall: 0.5994852671193691 
 Individual Recall: [0.6622614199764395, 0.600588624793796, 0.6254849489511022, 0.5097048060507471, 0.46012686214874043, 0.7377333771803374, 0.4993082304850262, 0.7984401346353083, 0.5599280950916837, 0.5412761718805104]
Final Detection Results:- 
 Total Detection: 0.9098572059155738 
 Individual Detection: [0.8564829624822051, 0.8199889628000973, 0.8338338123153819, 0.990220132545806, 0.9996210113643917, 0.8939544614974252, 0.9995783673778672, 0.8655130546206828, 0.8393792941518808, 1.0]
Final Detection False Alarm:- 
 Total False Alarm: 0.11172792789267791 
 Individual False Alarm: [0.10852876597120543, 0.2141840492867211, 0.3024604812154941, 0.0, 0.0, 0.14356705196737965, 0.0008432652442654715, 0.24043190086833632, 0.10726376437337683, 0.0]
SUMMARY_TR cls_rec=0.6291 cls_prec=0.6252 cls_f1=0.6678 det=0.9105 fa=0.0944
SUMMARY_TE cls_rec=0.5995 cls_prec=0.6594 cls_f1=0.6347 det=0.9099 fa=0.1117
[STATE 2026-04-06 15:23:56] Saving results to logs//eralg4/full-tasks_all-10epochs_weighted-loss-2026-04-06_05-52-44-6245/0/results
Model size: 0.0289 GB
Memory buffer size: 0.0000 GB
logs//eralg4/full-tasks_all-10epochs_weighted-loss-2026-04-06_05-52-44-6245/0/results: {'expt_name': 'full-tasks_all-10epochs_weighted-loss', 'model': 'eralg4', 'arch': 'resnet1d', 'n_hiddens': 100, 'n_layers': 2, 'xav_init': False, 'debug': False, 'use_detector_arch': False, 'glances': 1, 'n_epochs': 10, 'batch_size': 256, 'replay_batch_size': 128, 'memories': 5120, 'lr': 0.003, 'optimizer': 'sgd', 'class_weighted_ce': True, 'cuda': True, 'seed': 0, 'log_every': 10, 'log_dir': 'logs//eralg4/full-tasks_all-10epochs_weighted-loss-2026-04-06_05-52-44-6245/0', 'tf_dir': 'logs//eralg4/full-tasks_all-10epochs_weighted-loss-2026-04-06_05-52-44-6245/0/tfdir', 'calc_test_accuracy': False, 'state_logging': True, 'data_path': 'data/rff/radar/full', 'task_order_files': 't2-rcn,t0-rcn,t2-uclresm-25noise,t0-deeprad,t1-deeprad,t1-uclresm-25noise,t3-deeprad,t0-uclresm-25noise,t1-rcn,t2-deeprad', 'loader': 'task_incremental_loader', 'samples_per_task': -1, 'shuffle_tasks': False, 'classes_per_it': 6, 'iterations': 5000, 'dataset': 'iq', 'workers': 0, 'validation': 0.5, 'data_scaling': 'normalize', 'use_iq_aug_features': False, 'iq_aug_feature_type': 'power', 'class_order': 'random', 'increment': 5, 'test_batch_size': 512, 'nc_per_task': None, 'nc_per_task_list': '', 'val_rate': 1000, 'opt_lr': 0.1, 'opt_wt': 0.1, 'alpha_init': 0.001, 'learn_lr': False, 'sync_update': False, 'grad_clip_norm': 5.0, 'meta_batches': 3, 'use_old_task_memory': False, 'second_order': False, 'n_memories': 5120, 'memory_strength': 0, 'steps_per_sample': 1, 'bgd_optimizer': 'sgd', 'optimizer_params': '{}', 'train_mc_iters': 5, 'std_init': 0.05, 'mean_eta': 1, 'fisher_gamma': 0.95, 'rln': 7, 'update_steps': 10, 'meta_lr': 0.001, 'update_lr': 0.1, 'ctx_lr': 0.05, 'n_meta': 2, 'inner_steps': 1, 'temperature': 5.0, 'task_emb': 64, 'classes_per_task': [6, 7, 6, 7, 7, 6, 6, 6, 7, 6], 'get_samples_per_task': <bound method IncrementalLoader.get_samples_per_task of <dataloaders.task_incremental_loader.IncrementalLoader object at 0x719b523fc550>>} # val: 0.712 0.599 -0.113 0.000 # sizes: model_gb=0.0289 mem_gb=0.0000 # 34207.41676068306
[STATE 2026-04-06 15:23:57] results.pt components (approx): state_dict 29.6 MB, result_val_t 0.1 KB, result_val_a 0.8 KB
[STATE 2026-04-06 15:23:57] Results saved; total runtime 9.50h
Total runtime: 9.50 hours
