[STATE 2026-04-03 21:22:48] Enabling terminal logging to logs//ewc/full-tasks_all-10epochs_weighted-loss-2026-04-03_21-22-48-1714/0/terminal.log
New Experiment Starting...
Running model:  ewc
[STATE 2026-04-03 21:22:48] Experiment 'full-tasks_all-10epochs_weighted-loss' starting with model 'ewc' (seed 0)
Set seed 0
t2-rcn.npz train: x=(50362, 1024), y=(50362, 2)
t2-rcn.npz test: x=(16787, 1024), y=(16787, 2)
t2-rcn.npz: applied data scaling mode 'normalize'.
Loaded t2-rcn.npz: Unique train labels: UniqueCountsResult(values=array([-1,  3,  5, 10, 12, 15]), counts=array([24209,  5770,  3030,  2320,  7509,  7524]))
Noise labels ratio in t2-rcn.npz train: 0.24, test: 0.24
Loaded t2-rcn.npz: Remapped labels: [0 1 2 3 4 5]. Size: 50362)
t0-rcn.npz train: x=(51916, 1024), y=(51916, 2)
t0-rcn.npz test: x=(17305, 1024), y=(17305, 2)
t0-rcn.npz: applied data scaling mode 'normalize'.
Loaded t0-rcn.npz: Unique train labels: UniqueCountsResult(values=array([-1,  1,  8,  9, 11, 13, 14]), counts=array([24225,  4268,  2495,  2943,  3015,  7464,  7506]))
Noise labels ratio in t0-rcn.npz train: 0.23, test: 0.23
Loaded t0-rcn.npz: Remapped labels: [ 6  7  8  9 10 11 12]. Size: 51916)
t2-uclresm-25noise.npz train: moved sample axis (3, 350028, 1024) -> (350028, 3, 1024)
t2-uclresm-25noise.npz test: moved sample axis (3, 233351, 1024) -> (233351, 3, 1024)
t2-uclresm-25noise.npz train: x=(350028, 3, 1024), y=(350028,)
t2-uclresm-25noise.npz test: x=(233351, 3, 1024), y=(233351,)
t2-uclresm-25noise.npz: applied data scaling mode 'normalize'.
Loaded t2-uclresm-25noise.npz: Unique train labels: UniqueCountsResult(values=array([-1,  0,  1,  2,  3,  4]), counts=array([87441, 27347, 71754, 64298, 36005, 63183]))
Noise labels ratio in t2-uclresm-25noise.npz train: 0.25, test: 0.25
Loaded t2-uclresm-25noise.npz: Remapped labels: [13 14 15 16 17 18]. Size: 350028)
t0-deeprad.npz train: x=(24480, 1024), y=(24480, 2)
t0-deeprad.npz test: x=(8160, 1024), y=(8160, 2)
t0-deeprad.npz: applied data scaling mode 'normalize'.
Loaded t0-deeprad.npz: Unique train labels: UniqueCountsResult(values=array([-1,  0,  1,  2,  3,  4,  5]), counts=array([12240,  2029,  1983,  2043,  2154,  2015,  2016]))
Noise labels ratio in t0-deeprad.npz train: 0.25, test: 0.25
Loaded t0-deeprad.npz: Remapped labels: [19 20 21 22 23 24 25]. Size: 24480)
t1-deeprad.npz train: x=(24480, 1024), y=(24480, 2)
t1-deeprad.npz test: x=(8160, 1024), y=(8160, 2)
t1-deeprad.npz: applied data scaling mode 'normalize'.
Loaded t1-deeprad.npz: Unique train labels: UniqueCountsResult(values=array([-1,  0,  1,  2,  3,  4,  5]), counts=array([12240,  1988,  2029,  2054,  1988,  2053,  2128]))
Noise labels ratio in t1-deeprad.npz train: 0.25, test: 0.25
Loaded t1-deeprad.npz: Remapped labels: [26 27 28 29 30 31 32]. Size: 24480)
t1-uclresm-25noise.npz train: moved sample axis (3, 201410, 1024) -> (201410, 3, 1024)
t1-uclresm-25noise.npz test: moved sample axis (3, 116291, 1024) -> (116291, 3, 1024)
t1-uclresm-25noise.npz train: x=(201410, 3, 1024), y=(201410,)
t1-uclresm-25noise.npz test: x=(116291, 3, 1024), y=(116291,)
t1-uclresm-25noise.npz: applied data scaling mode 'normalize'.
Loaded t1-uclresm-25noise.npz: Unique train labels: UniqueCountsResult(values=array([-1,  0,  1,  2,  3,  4]), counts=array([43668, 18021, 17838, 18087, 31870, 71926]))
Noise labels ratio in t1-uclresm-25noise.npz train: 0.22, test: 0.25
Loaded t1-uclresm-25noise.npz: Remapped labels: [33 34 35 36 37 38]. Size: 201410)
t3-deeprad.npz train: x=(17340, 1024), y=(17340, 2)
t3-deeprad.npz test: x=(6800, 1024), y=(6800, 2)
t3-deeprad.npz: applied data scaling mode 'normalize'.
Loaded t3-deeprad.npz: Unique train labels: UniqueCountsResult(values=array([-1,  0,  1,  2,  3,  4]), counts=array([8670, 1693, 1677, 1794, 1716, 1790]))
Noise labels ratio in t3-deeprad.npz train: 0.25, test: 0.25
Loaded t3-deeprad.npz: Remapped labels: [39 40 41 42 43 44]. Size: 17340)
t0-uclresm-25noise.npz train: moved sample axis (3, 188050, 1024) -> (188050, 3, 1024)
t0-uclresm-25noise.npz test: moved sample axis (3, 107348, 1024) -> (107348, 3, 1024)
t0-uclresm-25noise.npz train: x=(188050, 3, 1024), y=(188050,)
t0-uclresm-25noise.npz test: x=(107348, 3, 1024), y=(107348,)
t0-uclresm-25noise.npz: applied data scaling mode 'normalize'.
Loaded t0-uclresm-25noise.npz: Unique train labels: UniqueCountsResult(values=array([-1,  0,  1,  2,  3,  4]), counts=array([40144, 32109, 17978, 17979, 18098, 61742]))
Noise labels ratio in t0-uclresm-25noise.npz train: 0.21, test: 0.25
Loaded t0-uclresm-25noise.npz: Remapped labels: [45 46 47 48 49 50]. Size: 188050)
t1-rcn.npz train: x=(36658, 1024), y=(36658, 2)
t1-rcn.npz test: x=(12220, 1024), y=(12220, 2)
t1-rcn.npz: applied data scaling mode 'normalize'.
Loaded t1-rcn.npz: Unique train labels: UniqueCountsResult(values=array([-1,  0,  2,  4,  6,  7, 16]), counts=array([20595,   824,  2087,  2606,  2396,  1716,  6434]))
Noise labels ratio in t1-rcn.npz train: 0.28, test: 0.28
Loaded t1-rcn.npz: Remapped labels: [51 52 53 54 55 56 57]. Size: 36658)
t2-deeprad.npz train: x=(17340, 1024), y=(17340, 2)
t2-deeprad.npz test: x=(6800, 1024), y=(6800, 2)
t2-deeprad.npz: applied data scaling mode 'normalize'.
Loaded t2-deeprad.npz: Unique train labels: UniqueCountsResult(values=array([-1,  0,  1,  2,  3,  4]), counts=array([8670, 1774, 1675, 1777, 1694, 1750]))
Noise labels ratio in t2-deeprad.npz train: 0.25, test: 0.25
Loaded t2-deeprad.npz: Remapped labels: [58 59 60 61 62 63]. Size: 17340)
Built classes_per_task: [6, 7, 6, 7, 7, 6, 6, 6, 7, 6]
Classes per task: [6, 7, 6, 7, 7, 6, 6, 6, 7, 6]
[STATE 2026-04-03 21:23:52] Loader 'task_incremental_loader' ready: 1024 inputs, 64 outputs, 10 tasks
n_outputs: 64 	n_tasks: 10
[STATE 2026-04-03 21:23:52] Logging to logs//ewc/full-tasks_all-10epochs_weighted-loss-2026-04-03_21-22-48-1714/0
True
Model device: cuda:0
[STATE 2026-04-03 21:23:52] Model initialized on device cuda:0
[STATE 2026-04-03 21:23:52] Invoking continual life experience flow
[STATE 2026-04-03 21:23:52] Life experience start: 10 tasks queued
Task 0: 50362 training samples, 16787 test samples.
[STATE 2026-04-03 21:23:52] Task 0: zero-shot validation (pre-train)
---- Zero-shot (pre-train) task 0: rec_cls 0.1216 | prec_cls 0.1235 | f1_cls 0.0945 | det 0.4547 | pfa 0.7882 | total_f1 0.0945 ----
[STATE 2026-04-03 21:23:59] Starting task 0 (1/10)
[STATE 2026-04-03 21:23:59] Task 0 Epoch 1/10: entering train loop
[STATE 2026-04-03 21:25:43] Task 0 Epoch 1/10: running validation (end of epoch)
---- Eval at Epoch 0: cls [0.8686477161939139] | det_recall [0.8830674766373359] | det_fa [0.20886144856611133] ----
T0 Ep 1/10 | L 0.8283 | Train Acc 0.68 | Prec 0.70 | F1 0.63 | Det Rec 0.82 | Det FA 0.29 | Epoch Time 110.48s (Eval 5.63s, Train 104.85s)
[STATE 2026-04-03 21:25:49] T0 Ep 1/10 complete: Prec 0.7025 F1 0.6327 DetRec 0.8229 DetFA 0.2908 | 110.48s total (5.63s eval/104.85s train)
[STATE 2026-04-03 21:25:49] Task 0 Epoch 2/10: entering train loop
T0 Ep 2/10 | L 0.3771 | Train Acc 0.88 | Prec 0.90 | F1 0.83 | Det Rec 0.88 | Det FA 0.22 | Epoch Time 105.03s (Eval 0.00s, Train 105.03s)
[STATE 2026-04-03 21:27:34] T0 Ep 2/10 complete: Prec 0.9005 F1 0.8287 DetRec 0.8810 DetFA 0.2196 | 105.03s total (0.00s eval/105.03s train)
[STATE 2026-04-03 21:27:34] Task 0 Epoch 3/10: entering train loop
T0 Ep 3/10 | L 0.3203 | Train Acc 0.90 | Prec 0.92 | F1 0.84 | Det Rec 0.88 | Det FA 0.22 | Epoch Time 104.41s (Eval 0.00s, Train 104.41s)
[STATE 2026-04-03 21:29:19] T0 Ep 3/10 complete: Prec 0.9154 F1 0.8446 DetRec 0.8834 DetFA 0.2164 | 104.41s total (0.00s eval/104.41s train)
[STATE 2026-04-03 21:29:19] Task 0 Epoch 4/10: entering train loop
T0 Ep 4/10 | L 0.2937 | Train Acc 0.92 | Prec 0.93 | F1 0.86 | Det Rec 0.89 | Det FA 0.21 | Epoch Time 104.60s (Eval 0.00s, Train 104.60s)
[STATE 2026-04-03 21:31:03] T0 Ep 4/10 complete: Prec 0.9264 F1 0.8552 DetRec 0.8862 DetFA 0.2115 | 104.60s total (0.00s eval/104.60s train)
[STATE 2026-04-03 21:31:03] Task 0 Epoch 5/10: entering train loop
T0 Ep 5/10 | L 0.2726 | Train Acc 0.92 | Prec 0.93 | F1 0.86 | Det Rec 0.89 | Det FA 0.21 | Epoch Time 104.53s (Eval 0.00s, Train 104.53s)
[STATE 2026-04-03 21:32:48] T0 Ep 5/10 complete: Prec 0.9335 F1 0.8627 DetRec 0.8878 DetFA 0.2086 | 104.53s total (0.00s eval/104.53s train)
[STATE 2026-04-03 21:32:48] Task 0 Epoch 6/10: entering train loop
T0 Ep 6/10 | L 0.2623 | Train Acc 0.93 | Prec 0.94 | F1 0.87 | Det Rec 0.89 | Det FA 0.21 | Epoch Time 104.56s (Eval 0.00s, Train 104.56s)
[STATE 2026-04-03 21:34:32] T0 Ep 6/10 complete: Prec 0.9361 F1 0.8660 DetRec 0.8895 DetFA 0.2066 | 104.56s total (0.00s eval/104.56s train)
[STATE 2026-04-03 21:34:32] Task 0 Epoch 7/10: entering train loop
T0 Ep 7/10 | L 0.2458 | Train Acc 0.93 | Prec 0.94 | F1 0.87 | Det Rec 0.89 | Det FA 0.21 | Epoch Time 104.49s (Eval 0.00s, Train 104.49s)
[STATE 2026-04-03 21:36:17] T0 Ep 7/10 complete: Prec 0.9431 F1 0.8707 DetRec 0.8887 DetFA 0.2071 | 104.49s total (0.00s eval/104.49s train)
[STATE 2026-04-03 21:36:17] Task 0 Epoch 8/10: entering train loop
T0 Ep 8/10 | L 0.2399 | Train Acc 0.94 | Prec 0.95 | F1 0.87 | Det Rec 0.89 | Det FA 0.20 | Epoch Time 106.67s (Eval 0.00s, Train 106.67s)
[STATE 2026-04-03 21:38:03] T0 Ep 8/10 complete: Prec 0.9464 F1 0.8741 DetRec 0.8899 DetFA 0.2049 | 106.67s total (0.00s eval/106.67s train)
[STATE 2026-04-03 21:38:03] Task 0 Epoch 9/10: entering train loop
T0 Ep 9/10 | L 0.2330 | Train Acc 0.94 | Prec 0.95 | F1 0.88 | Det Rec 0.89 | Det FA 0.20 | Epoch Time 153.44s (Eval 0.00s, Train 153.44s)
[STATE 2026-04-03 21:40:37] T0 Ep 9/10 complete: Prec 0.9498 F1 0.8766 DetRec 0.8902 DetFA 0.2044 | 153.44s total (0.00s eval/153.44s train)
[STATE 2026-04-03 21:40:37] Task 0 Epoch 10/10: entering train loop
T0 Ep 10/10 | L 0.2245 | Train Acc 0.94 | Prec 0.95 | F1 0.88 | Det Rec 0.89 | Det FA 0.20 | Epoch Time 106.93s (Eval 0.00s, Train 106.93s)
[STATE 2026-04-03 21:42:24] T0 Ep 10/10 complete: Prec 0.9507 F1 0.8777 DetRec 0.8910 DetFA 0.2020 | 106.93s total (0.00s eval/106.93s train)
[STATE 2026-04-03 21:42:24] Task 0: running final validation.
[STATE 2026-04-03 21:42:29] Completed task 0 (1/10)
Task 1: 51916 training samples, 17305 test samples.
[STATE 2026-04-03 21:42:29] Task 1: zero-shot validation (pre-train)
---- Zero-shot (pre-train) task 1: rec_cls 0.2338 | prec_cls 0.2345 | f1_cls 0.0998 | det 0.5000 | pfa 1.0000 | total_f1 0.4779 ----
[STATE 2026-04-03 21:42:41] Starting task 1 (2/10)
[STATE 2026-04-03 21:42:41] Task 1 Epoch 1/10: entering train loop
[STATE 2026-04-03 21:45:03] Task 1 Epoch 1/10: running validation (end of epoch)
---- Eval at Epoch 0: cls [0.7546773076500961, 0.8408284969015137] | det_recall [0.8564165944269803, 0.8647178075871291] | det_fa [0.15968449791586364, 0.23552789332256113] ----
T1 Ep 1/10 | L 0.6640 | Train Acc 0.76 | Prec 0.80 | F1 0.68 | Det Rec 0.79 | Det FA 0.37 | Epoch Time 153.50s (Eval 12.11s, Train 141.39s)
[STATE 2026-04-03 21:45:15] T1 Ep 1/10 complete: Prec 0.8004 F1 0.6807 DetRec 0.7913 DetFA 0.3713 | 153.50s total (12.11s eval/141.39s train)
[STATE 2026-04-03 21:45:15] Task 1 Epoch 2/10: entering train loop
T1 Ep 2/10 | L 0.3645 | Train Acc 0.87 | Prec 0.90 | F1 0.82 | Det Rec 0.88 | Det FA 0.20 | Epoch Time 141.54s (Eval 0.00s, Train 141.54s)
[STATE 2026-04-03 21:47:36] T1 Ep 2/10 complete: Prec 0.8977 F1 0.8215 DetRec 0.8838 DetFA 0.1962 | 141.54s total (0.00s eval/141.54s train)
[STATE 2026-04-03 21:47:36] Task 1 Epoch 3/10: entering train loop
T1 Ep 3/10 | L 0.3133 | Train Acc 0.89 | Prec 0.91 | F1 0.84 | Det Rec 0.90 | Det FA 0.17 | Epoch Time 142.46s (Eval 0.00s, Train 142.46s)
[STATE 2026-04-03 21:49:59] T1 Ep 3/10 complete: Prec 0.9122 F1 0.8449 DetRec 0.8975 DetFA 0.1748 | 142.46s total (0.00s eval/142.46s train)
[STATE 2026-04-03 21:49:59] Task 1 Epoch 4/10: entering train loop
T1 Ep 4/10 | L 0.2798 | Train Acc 0.90 | Prec 0.92 | F1 0.86 | Det Rec 0.91 | Det FA 0.16 | Epoch Time 141.29s (Eval 0.00s, Train 141.29s)
[STATE 2026-04-03 21:52:20] T1 Ep 4/10 complete: Prec 0.9210 F1 0.8590 DetRec 0.9057 DetFA 0.1616 | 141.29s total (0.00s eval/141.29s train)
[STATE 2026-04-03 21:52:20] Task 1 Epoch 5/10: entering train loop
T1 Ep 5/10 | L 0.2571 | Train Acc 0.91 | Prec 0.93 | F1 0.87 | Det Rec 0.91 | Det FA 0.16 | Epoch Time 142.53s (Eval 0.00s, Train 142.53s)
[STATE 2026-04-03 21:54:43] T1 Ep 5/10 complete: Prec 0.9307 F1 0.8693 DetRec 0.9087 DetFA 0.1562 | 142.53s total (0.00s eval/142.53s train)
[STATE 2026-04-03 21:54:43] Task 1 Epoch 6/10: entering train loop
T1 Ep 6/10 | L 0.2474 | Train Acc 0.92 | Prec 0.93 | F1 0.88 | Det Rec 0.91 | Det FA 0.15 | Epoch Time 141.75s (Eval 0.00s, Train 141.75s)
[STATE 2026-04-03 21:57:04] T1 Ep 6/10 complete: Prec 0.9345 F1 0.8763 DetRec 0.9124 DetFA 0.1511 | 141.75s total (0.00s eval/141.75s train)
[STATE 2026-04-03 21:57:04] Task 1 Epoch 7/10: entering train loop
T1 Ep 7/10 | L 0.2300 | Train Acc 0.92 | Prec 0.94 | F1 0.88 | Det Rec 0.92 | Det FA 0.15 | Epoch Time 142.28s (Eval 0.00s, Train 142.28s)
[STATE 2026-04-03 21:59:27] T1 Ep 7/10 complete: Prec 0.9361 F1 0.8800 DetRec 0.9158 DetFA 0.1451 | 142.28s total (0.00s eval/142.28s train)
[STATE 2026-04-03 21:59:27] Task 1 Epoch 8/10: entering train loop
T1 Ep 8/10 | L 0.2239 | Train Acc 0.92 | Prec 0.94 | F1 0.88 | Det Rec 0.92 | Det FA 0.15 | Epoch Time 142.46s (Eval 0.00s, Train 142.46s)
[STATE 2026-04-03 22:01:49] T1 Ep 8/10 complete: Prec 0.9402 F1 0.8829 DetRec 0.9153 DetFA 0.1457 | 142.46s total (0.00s eval/142.46s train)
[STATE 2026-04-03 22:01:49] Task 1 Epoch 9/10: entering train loop
T1 Ep 9/10 | L 0.2142 | Train Acc 0.93 | Prec 0.94 | F1 0.89 | Det Rec 0.92 | Det FA 0.14 | Epoch Time 141.35s (Eval 0.00s, Train 141.35s)
[STATE 2026-04-03 22:04:10] T1 Ep 9/10 complete: Prec 0.9434 F1 0.8867 DetRec 0.9166 DetFA 0.1441 | 141.35s total (0.00s eval/141.35s train)
[STATE 2026-04-03 22:04:10] Task 1 Epoch 10/10: entering train loop
T1 Ep 10/10 | L 0.2026 | Train Acc 0.93 | Prec 0.95 | F1 0.89 | Det Rec 0.92 | Det FA 0.14 | Epoch Time 142.57s (Eval 0.00s, Train 142.57s)
[STATE 2026-04-03 22:06:33] T1 Ep 10/10 complete: Prec 0.9459 F1 0.8914 DetRec 0.9189 DetFA 0.1424 | 142.57s total (0.00s eval/142.57s train)
[STATE 2026-04-03 22:06:33] Task 1: running final validation.
[STATE 2026-04-03 22:06:44] Completed task 1 (2/10)
Task 2: 350028 training samples, 175014 test samples.
[STATE 2026-04-03 22:06:45] Task 2: zero-shot validation (pre-train)
---- Zero-shot (pre-train) task 2: rec_cls 0.0503 | prec_cls 0.1722 | f1_cls 0.1110 | det 0.5283 | pfa 0.2043 | total_f1 0.5191 ----
[STATE 2026-04-03 22:07:56] Starting task 2 (3/10)
[STATE 2026-04-03 22:07:56] Task 2 Epoch 1/10: entering train loop
[STATE 2026-04-03 22:24:20] Task 2 Epoch 1/10: running validation (end of epoch)
---- Eval at Epoch 0: cls [0.27052398240847725, 0.42695821196354383, 0.6886514560962886] | det_recall [0.7275347650642096, 0.7964858907604404, 0.8465419718880816] | det_fa [0.043431441773198354, 0.16141492847840674, 0.25410436532882535] ----
T2 Ep 1/10 | L 0.9825 | Train Acc 0.57 | Prec 0.60 | F1 0.58 | Det Rec 0.82 | Det FA 0.29 | Epoch Time 1054.79s (Eval 70.37s, Train 984.42s)
[STATE 2026-04-03 22:25:31] T2 Ep 1/10 complete: Prec 0.5975 F1 0.5772 DetRec 0.8244 DetFA 0.2924 | 1054.79s total (70.37s eval/984.42s train)
[STATE 2026-04-03 22:25:31] Task 2 Epoch 2/10: entering train loop
T2 Ep 2/10 | L 0.6639 | Train Acc 0.72 | Prec 0.75 | F1 0.71 | Det Rec 0.85 | Det FA 0.24 | Epoch Time 974.68s (Eval 0.00s, Train 974.68s)
[STATE 2026-04-03 22:41:45] T2 Ep 2/10 complete: Prec 0.7486 F1 0.7115 DetRec 0.8544 DetFA 0.2362 | 974.68s total (0.00s eval/974.68s train)
[STATE 2026-04-03 22:41:45] Task 2 Epoch 3/10: entering train loop
T2 Ep 3/10 | L 0.5964 | Train Acc 0.75 | Prec 0.77 | F1 0.74 | Det Rec 0.87 | Det FA 0.22 | Epoch Time 977.25s (Eval 0.00s, Train 977.25s)
[STATE 2026-04-03 22:58:03] T2 Ep 3/10 complete: Prec 0.7721 F1 0.7378 DetRec 0.8657 DetFA 0.2173 | 977.25s total (0.00s eval/977.25s train)
[STATE 2026-04-03 22:58:03] Task 2 Epoch 4/10: entering train loop
T2 Ep 4/10 | L 0.5553 | Train Acc 0.77 | Prec 0.79 | F1 0.76 | Det Rec 0.87 | Det FA 0.20 | Epoch Time 974.10s (Eval 0.00s, Train 974.10s)
[STATE 2026-04-03 23:14:17] T2 Ep 4/10 complete: Prec 0.7898 F1 0.7562 DetRec 0.8730 DetFA 0.2045 | 974.10s total (0.00s eval/974.10s train)
[STATE 2026-04-03 23:14:17] Task 2 Epoch 5/10: entering train loop
T2 Ep 5/10 | L 0.5259 | Train Acc 0.78 | Prec 0.80 | F1 0.77 | Det Rec 0.88 | Det FA 0.20 | Epoch Time 979.27s (Eval 0.00s, Train 979.27s)
[STATE 2026-04-03 23:30:36] T2 Ep 5/10 complete: Prec 0.8007 F1 0.7681 DetRec 0.8772 DetFA 0.1977 | 979.27s total (0.00s eval/979.27s train)
[STATE 2026-04-03 23:30:36] Task 2 Epoch 6/10: entering train loop
T2 Ep 6/10 | L 0.5040 | Train Acc 0.79 | Prec 0.81 | F1 0.78 | Det Rec 0.88 | Det FA 0.19 | Epoch Time 973.71s (Eval 0.00s, Train 973.71s)
[STATE 2026-04-03 23:46:50] T2 Ep 6/10 complete: Prec 0.8090 F1 0.7780 DetRec 0.8820 DetFA 0.1912 | 973.71s total (0.00s eval/973.71s train)
[STATE 2026-04-03 23:46:50] Task 2 Epoch 7/10: entering train loop
T2 Ep 7/10 | L 0.4852 | Train Acc 0.80 | Prec 0.82 | F1 0.79 | Det Rec 0.89 | Det FA 0.19 | Epoch Time 981.30s (Eval 0.00s, Train 981.30s)
[STATE 2026-04-04 00:03:11] T2 Ep 7/10 complete: Prec 0.8172 F1 0.7866 DetRec 0.8852 DetFA 0.1858 | 981.30s total (0.00s eval/981.30s train)
[STATE 2026-04-04 00:03:11] Task 2 Epoch 8/10: entering train loop
T2 Ep 8/10 | L 0.4686 | Train Acc 0.81 | Prec 0.82 | F1 0.79 | Det Rec 0.89 | Det FA 0.18 | Epoch Time 1021.92s (Eval 0.00s, Train 1021.92s)
[STATE 2026-04-04 00:20:13] T2 Ep 8/10 complete: Prec 0.8227 F1 0.7929 DetRec 0.8869 DetFA 0.1845 | 1021.92s total (0.00s eval/1021.92s train)
[STATE 2026-04-04 00:20:13] Task 2 Epoch 9/10: entering train loop
T2 Ep 9/10 | L 0.4561 | Train Acc 0.82 | Prec 0.83 | F1 0.80 | Det Rec 0.89 | Det FA 0.18 | Epoch Time 988.99s (Eval 0.00s, Train 988.99s)
[STATE 2026-04-04 00:36:42] T2 Ep 9/10 complete: Prec 0.8277 F1 0.7988 DetRec 0.8897 DetFA 0.1807 | 988.99s total (0.00s eval/988.99s train)
[STATE 2026-04-04 00:36:42] Task 2 Epoch 10/10: entering train loop
T2 Ep 10/10 | L 0.4439 | Train Acc 0.82 | Prec 0.83 | F1 0.80 | Det Rec 0.89 | Det FA 0.18 | Epoch Time 982.94s (Eval 0.00s, Train 982.94s)
[STATE 2026-04-04 00:53:05] T2 Ep 10/10 complete: Prec 0.8326 F1 0.8037 DetRec 0.8906 DetFA 0.1800 | 982.94s total (0.00s eval/982.94s train)
[STATE 2026-04-04 00:53:05] Task 2: running final validation.
[STATE 2026-04-04 00:54:16] Completed task 2 (3/10)
Task 3: 24480 training samples, 8160 test samples.
[STATE 2026-04-04 00:54:16] Task 3: zero-shot validation (pre-train)
---- Zero-shot (pre-train) task 3: rec_cls 0.0874 | prec_cls 0.1659 | f1_cls 0.1975 | det 0.7141 | pfa 0.0000 | total_f1 0.3651 ----
[STATE 2026-04-04 00:55:29] Starting task 3 (4/10)
[STATE 2026-04-04 00:55:29] Task 3 Epoch 1/10: entering train loop
[STATE 2026-04-04 00:56:36] Task 3 Epoch 1/10: running validation (end of epoch)
---- Eval at Epoch 0: cls [0.09105831516425597, 0.12444242059768401, 0.6867769138501719, 0.5912625782854978] | det_recall [0.5763634483954763, 0.6179176826058767, 0.8566265500667237, 0.9997543739769604] | det_fa [0.03897192817104081, 0.37293432368836926, 0.27022245235015263, 0.0] ----
T3 Ep 1/10 | L 0.8892 | Train Acc 0.57 | Prec 0.57 | F1 0.62 | Det Rec 0.99 | Det FA 0.00 | Epoch Time 140.05s (Eval 73.51s, Train 66.54s)
[STATE 2026-04-04 00:57:49] T3 Ep 1/10 complete: Prec 0.5736 F1 0.6162 DetRec 0.9922 DetFA 0.0033 | 140.05s total (73.51s eval/66.54s train)
[STATE 2026-04-04 00:57:49] Task 3 Epoch 2/10: entering train loop
T3 Ep 2/10 | L 0.7216 | Train Acc 0.63 | Prec 0.64 | F1 0.68 | Det Rec 1.00 | Det FA 0.00 | Epoch Time 67.46s (Eval 0.00s, Train 67.46s)
[STATE 2026-04-04 00:58:57] T3 Ep 2/10 complete: Prec 0.6440 F1 0.6797 DetRec 0.9991 DetFA 0.0011 | 67.46s total (0.00s eval/67.46s train)
[STATE 2026-04-04 00:58:57] Task 3 Epoch 3/10: entering train loop
T3 Ep 3/10 | L 0.6882 | Train Acc 0.65 | Prec 0.66 | F1 0.70 | Det Rec 1.00 | Det FA 0.00 | Epoch Time 66.24s (Eval 0.00s, Train 66.24s)
[STATE 2026-04-04 01:00:03] T3 Ep 3/10 complete: Prec 0.6645 F1 0.6976 DetRec 0.9997 DetFA 0.0004 | 66.24s total (0.00s eval/66.24s train)
[STATE 2026-04-04 01:00:03] Task 3 Epoch 4/10: entering train loop
T3 Ep 4/10 | L 0.6634 | Train Acc 0.66 | Prec 0.67 | F1 0.71 | Det Rec 1.00 | Det FA 0.00 | Epoch Time 67.49s (Eval 0.00s, Train 67.49s)
[STATE 2026-04-04 01:01:11] T3 Ep 4/10 complete: Prec 0.6745 F1 0.7072 DetRec 0.9998 DetFA 0.0002 | 67.49s total (0.00s eval/67.49s train)
[STATE 2026-04-04 01:01:11] Task 3 Epoch 5/10: entering train loop
T3 Ep 5/10 | L 0.6394 | Train Acc 0.68 | Prec 0.69 | F1 0.72 | Det Rec 1.00 | Det FA 0.00 | Epoch Time 67.51s (Eval 0.00s, Train 67.51s)
[STATE 2026-04-04 01:02:18] T3 Ep 5/10 complete: Prec 0.6899 F1 0.7203 DetRec 0.9998 DetFA 0.0003 | 67.51s total (0.00s eval/67.51s train)
[STATE 2026-04-04 01:02:18] Task 3 Epoch 6/10: entering train loop
T3 Ep 6/10 | L 0.6152 | Train Acc 0.69 | Prec 0.70 | F1 0.73 | Det Rec 1.00 | Det FA 0.00 | Epoch Time 66.23s (Eval 0.00s, Train 66.23s)
[STATE 2026-04-04 01:03:24] T3 Ep 6/10 complete: Prec 0.7039 F1 0.7343 DetRec 0.9998 DetFA 0.0002 | 66.23s total (0.00s eval/66.23s train)
[STATE 2026-04-04 01:03:24] Task 3 Epoch 7/10: entering train loop
T3 Ep 7/10 | L 0.5853 | Train Acc 0.71 | Prec 0.72 | F1 0.75 | Det Rec 1.00 | Det FA 0.00 | Epoch Time 67.54s (Eval 0.00s, Train 67.54s)
[STATE 2026-04-04 01:04:32] T3 Ep 7/10 complete: Prec 0.7182 F1 0.7465 DetRec 0.9998 DetFA 0.0002 | 67.54s total (0.00s eval/67.54s train)
[STATE 2026-04-04 01:04:32] Task 3 Epoch 8/10: entering train loop
T3 Ep 8/10 | L 0.5543 | Train Acc 0.73 | Prec 0.73 | F1 0.76 | Det Rec 1.00 | Det FA 0.00 | Epoch Time 67.79s (Eval 0.00s, Train 67.79s)
[STATE 2026-04-04 01:05:40] T3 Ep 8/10 complete: Prec 0.7318 F1 0.7601 DetRec 0.9998 DetFA 0.0003 | 67.79s total (0.00s eval/67.79s train)
[STATE 2026-04-04 01:05:40] Task 3 Epoch 9/10: entering train loop
T3 Ep 9/10 | L 0.5266 | Train Acc 0.74 | Prec 0.75 | F1 0.78 | Det Rec 1.00 | Det FA 0.00 | Epoch Time 67.38s (Eval 0.00s, Train 67.38s)
[STATE 2026-04-04 01:06:47] T3 Ep 9/10 complete: Prec 0.7523 F1 0.7758 DetRec 0.9999 DetFA 0.0001 | 67.38s total (0.00s eval/67.38s train)
[STATE 2026-04-04 01:06:47] Task 3 Epoch 10/10: entering train loop
T3 Ep 10/10 | L 0.4961 | Train Acc 0.76 | Prec 0.76 | F1 0.79 | Det Rec 1.00 | Det FA 0.00 | Epoch Time 66.38s (Eval 0.00s, Train 66.38s)
[STATE 2026-04-04 01:07:53] T3 Ep 10/10 complete: Prec 0.7631 F1 0.7882 DetRec 0.9998 DetFA 0.0002 | 66.38s total (0.00s eval/66.38s train)
[STATE 2026-04-04 01:07:53] Task 3: running final validation.
[STATE 2026-04-04 01:09:07] Completed task 3 (4/10)
Task 4: 24480 training samples, 8160 test samples.
[STATE 2026-04-04 01:09:07] Task 4: zero-shot validation (pre-train)
---- Zero-shot (pre-train) task 4: rec_cls 0.2430 | prec_cls 0.1586 | f1_cls 0.1023 | det 0.4983 | pfa 1.0000 | total_f1 0.3592 ----
[STATE 2026-04-04 01:10:24] Starting task 4 (5/10)
[STATE 2026-04-04 01:10:24] Task 4 Epoch 1/10: entering train loop
[STATE 2026-04-04 01:11:30] Task 4 Epoch 1/10: running validation (end of epoch)
---- Eval at Epoch 0: cls [0.0494468979444919, 0.15517580316135196, 0.5178163444024548, 0.5798297666334906, 0.5972960319824757] | det_recall [0.5396661972993123, 0.6722143123693793, 0.8178952584186298, 0.9989892655058861, 1.0] | det_fa [0.060849204868237854, 0.25292742921834993, 0.30356502010963704, 0.0015302169421487603, 0.0] ----
T4 Ep 1/10 | L 0.8780 | Train Acc 0.52 | Prec 0.52 | F1 0.57 | Det Rec 0.99 | Det FA 0.01 | Epoch Time 142.87s (Eval 76.57s, Train 66.30s)
[STATE 2026-04-04 01:12:47] T4 Ep 1/10 complete: Prec 0.5205 F1 0.5670 DetRec 0.9934 DetFA 0.0128 | 142.87s total (76.57s eval/66.30s train)
[STATE 2026-04-04 01:12:47] Task 4 Epoch 2/10: entering train loop
T4 Ep 2/10 | L 0.6898 | Train Acc 0.63 | Prec 0.64 | F1 0.67 | Det Rec 1.00 | Det FA 0.00 | Epoch Time 66.73s (Eval 0.00s, Train 66.73s)
[STATE 2026-04-04 01:13:54] T4 Ep 2/10 complete: Prec 0.6381 F1 0.6707 DetRec 1.0000 DetFA 0.0000 | 66.73s total (0.00s eval/66.73s train)
[STATE 2026-04-04 01:13:54] Task 4 Epoch 3/10: entering train loop
T4 Ep 3/10 | L 0.6256 | Train Acc 0.67 | Prec 0.68 | F1 0.71 | Det Rec 1.00 | Det FA 0.00 | Epoch Time 67.45s (Eval 0.00s, Train 67.45s)
[STATE 2026-04-04 01:15:01] T4 Ep 3/10 complete: Prec 0.6843 F1 0.7092 DetRec 1.0000 DetFA 0.0000 | 67.45s total (0.00s eval/67.45s train)
[STATE 2026-04-04 01:15:01] Task 4 Epoch 4/10: entering train loop
T4 Ep 4/10 | L 0.5693 | Train Acc 0.70 | Prec 0.71 | F1 0.73 | Det Rec 1.00 | Det FA 0.00 | Epoch Time 66.13s (Eval 0.00s, Train 66.13s)
[STATE 2026-04-04 01:16:07] T4 Ep 4/10 complete: Prec 0.7115 F1 0.7327 DetRec 1.0000 DetFA 0.0000 | 66.13s total (0.00s eval/66.13s train)
[STATE 2026-04-04 01:16:07] Task 4 Epoch 5/10: entering train loop
T4 Ep 5/10 | L 0.5246 | Train Acc 0.73 | Prec 0.74 | F1 0.76 | Det Rec 1.00 | Det FA 0.00 | Epoch Time 67.43s (Eval 0.00s, Train 67.43s)
[STATE 2026-04-04 01:17:15] T4 Ep 5/10 complete: Prec 0.7423 F1 0.7631 DetRec 1.0000 DetFA 0.0000 | 67.43s total (0.00s eval/67.43s train)
[STATE 2026-04-04 01:17:15] Task 4 Epoch 6/10: entering train loop
T4 Ep 6/10 | L 0.4906 | Train Acc 0.75 | Prec 0.76 | F1 0.78 | Det Rec 1.00 | Det FA 0.00 | Epoch Time 67.47s (Eval 0.00s, Train 67.47s)
[STATE 2026-04-04 01:18:22] T4 Ep 6/10 complete: Prec 0.7595 F1 0.7776 DetRec 1.0000 DetFA 0.0000 | 67.47s total (0.00s eval/67.47s train)
[STATE 2026-04-04 01:18:22] Task 4 Epoch 7/10: entering train loop
T4 Ep 7/10 | L 0.4570 | Train Acc 0.77 | Prec 0.78 | F1 0.80 | Det Rec 1.00 | Det FA 0.00 | Epoch Time 66.20s (Eval 0.00s, Train 66.20s)
[STATE 2026-04-04 01:19:28] T4 Ep 7/10 complete: Prec 0.7796 F1 0.8002 DetRec 1.0000 DetFA 0.0000 | 66.20s total (0.00s eval/66.20s train)
[STATE 2026-04-04 01:19:28] Task 4 Epoch 8/10: entering train loop
T4 Ep 8/10 | L 0.4228 | Train Acc 0.80 | Prec 0.80 | F1 0.82 | Det Rec 1.00 | Det FA 0.00 | Epoch Time 67.49s (Eval 0.00s, Train 67.49s)
[STATE 2026-04-04 01:20:36] T4 Ep 8/10 complete: Prec 0.8004 F1 0.8199 DetRec 1.0000 DetFA 0.0000 | 67.49s total (0.00s eval/67.49s train)
[STATE 2026-04-04 01:20:36] Task 4 Epoch 9/10: entering train loop
T4 Ep 9/10 | L 0.4010 | Train Acc 0.81 | Prec 0.81 | F1 0.83 | Det Rec 1.00 | Det FA 0.00 | Epoch Time 67.78s (Eval 0.00s, Train 67.78s)
[STATE 2026-04-04 01:21:44] T4 Ep 9/10 complete: Prec 0.8138 F1 0.8317 DetRec 1.0000 DetFA 0.0000 | 67.78s total (0.00s eval/67.78s train)
[STATE 2026-04-04 01:21:44] Task 4 Epoch 10/10: entering train loop
T4 Ep 10/10 | L 0.3751 | Train Acc 0.82 | Prec 0.83 | F1 0.84 | Det Rec 1.00 | Det FA 0.00 | Epoch Time 67.34s (Eval 0.00s, Train 67.34s)
[STATE 2026-04-04 01:22:51] T4 Ep 10/10 complete: Prec 0.8276 F1 0.8423 DetRec 1.0000 DetFA 0.0000 | 67.34s total (0.00s eval/67.34s train)
[STATE 2026-04-04 01:22:51] Task 4: running final validation.
[STATE 2026-04-04 01:24:07] Completed task 4 (5/10)
Task 5: 201410 training samples, 100705 test samples.
[STATE 2026-04-04 01:24:08] Task 5: zero-shot validation (pre-train)
---- Zero-shot (pre-train) task 5: rec_cls 0.1894 | prec_cls 0.2189 | f1_cls 0.0850 | det 0.4995 | pfa 0.9929 | total_f1 0.3885 ----
[STATE 2026-04-04 01:25:58] Starting task 5 (6/10)
[STATE 2026-04-04 01:25:58] Task 5 Epoch 1/10: entering train loop
[STATE 2026-04-04 01:35:23] Task 5 Epoch 1/10: running validation (end of epoch)
---- Eval at Epoch 0: cls [0.05112886017081, 0.10597949343998422, 0.40764533846767914, 0.4968208599095044, 0.4010361278608328, 0.8067315950950397] | det_recall [0.5451205716418984, 0.5367053072987017, 0.7154867423253441, 0.8294743815602356, 1.0, 0.9036873021788182] | det_fa [0.05172069097460264, 0.33223167752823063, 0.5595755985481229, 0.32999725681197417, 0.0, 0.14393052095699477] ----
T5 Ep 1/10 | L 0.6136 | Train Acc 0.74 | Prec 0.75 | F1 0.73 | Det Rec 0.88 | Det FA 0.18 | Epoch Time 674.69s (Eval 109.81s, Train 564.88s)
[STATE 2026-04-04 01:37:13] T5 Ep 1/10 complete: Prec 0.7451 F1 0.7292 DetRec 0.8825 DetFA 0.1839 | 674.69s total (109.81s eval/564.88s train)
[STATE 2026-04-04 01:37:13] Task 5 Epoch 2/10: entering train loop
T5 Ep 2/10 | L 0.4103 | Train Acc 0.84 | Prec 0.84 | F1 0.82 | Det Rec 0.90 | Det FA 0.16 | Epoch Time 561.89s (Eval 0.00s, Train 561.89s)
[STATE 2026-04-04 01:46:35] T5 Ep 2/10 complete: Prec 0.8368 F1 0.8156 DetRec 0.9031 DetFA 0.1555 | 561.89s total (0.00s eval/561.89s train)
[STATE 2026-04-04 01:46:35] Task 5 Epoch 3/10: entering train loop
T5 Ep 3/10 | L 0.3609 | Train Acc 0.86 | Prec 0.86 | F1 0.84 | Det Rec 0.91 | Det FA 0.15 | Epoch Time 565.02s (Eval 0.00s, Train 565.02s)
[STATE 2026-04-04 01:56:00] T5 Ep 3/10 complete: Prec 0.8601 F1 0.8381 DetRec 0.9094 DetFA 0.1461 | 565.02s total (0.00s eval/565.02s train)
[STATE 2026-04-04 01:56:00] Task 5 Epoch 4/10: entering train loop
T5 Ep 4/10 | L 0.3302 | Train Acc 0.88 | Prec 0.87 | F1 0.85 | Det Rec 0.91 | Det FA 0.14 | Epoch Time 568.47s (Eval 0.00s, Train 568.47s)
[STATE 2026-04-04 02:05:28] T5 Ep 4/10 complete: Prec 0.8717 F1 0.8511 DetRec 0.9150 DetFA 0.1382 | 568.47s total (0.00s eval/568.47s train)
[STATE 2026-04-04 02:05:28] Task 5 Epoch 5/10: entering train loop
T5 Ep 5/10 | L 0.3068 | Train Acc 0.89 | Prec 0.88 | F1 0.86 | Det Rec 0.92 | Det FA 0.13 | Epoch Time 561.00s (Eval 0.00s, Train 561.00s)
[STATE 2026-04-04 02:14:49] T5 Ep 5/10 complete: Prec 0.8820 F1 0.8611 DetRec 0.9175 DetFA 0.1348 | 561.00s total (0.00s eval/561.00s train)
[STATE 2026-04-04 02:14:49] Task 5 Epoch 6/10: entering train loop
T5 Ep 6/10 | L 0.2887 | Train Acc 0.90 | Prec 0.89 | F1 0.87 | Det Rec 0.92 | Det FA 0.13 | Epoch Time 561.21s (Eval 0.00s, Train 561.21s)
[STATE 2026-04-04 02:24:10] T5 Ep 6/10 complete: Prec 0.8912 F1 0.8704 DetRec 0.9209 DetFA 0.1295 | 561.21s total (0.00s eval/561.21s train)
[STATE 2026-04-04 02:24:10] Task 5 Epoch 7/10: entering train loop
T5 Ep 7/10 | L 0.2718 | Train Acc 0.90 | Prec 0.90 | F1 0.88 | Det Rec 0.92 | Det FA 0.13 | Epoch Time 567.72s (Eval 0.00s, Train 567.72s)
[STATE 2026-04-04 02:33:38] T5 Ep 7/10 complete: Prec 0.8982 F1 0.8774 DetRec 0.9229 DetFA 0.1265 | 567.72s total (0.00s eval/567.72s train)
[STATE 2026-04-04 02:33:38] Task 5 Epoch 8/10: entering train loop
T5 Ep 8/10 | L 0.2578 | Train Acc 0.91 | Prec 0.90 | F1 0.88 | Det Rec 0.92 | Det FA 0.12 | Epoch Time 569.41s (Eval 0.00s, Train 569.41s)
[STATE 2026-04-04 02:43:07] T5 Ep 8/10 complete: Prec 0.9038 F1 0.8833 DetRec 0.9248 DetFA 0.1238 | 569.41s total (0.00s eval/569.41s train)
[STATE 2026-04-04 02:43:07] Task 5 Epoch 9/10: entering train loop
T5 Ep 9/10 | L 0.2449 | Train Acc 0.91 | Prec 0.91 | F1 0.89 | Det Rec 0.93 | Det FA 0.12 | Epoch Time 566.13s (Eval 0.00s, Train 566.13s)
[STATE 2026-04-04 02:52:34] T5 Ep 9/10 complete: Prec 0.9099 F1 0.8901 DetRec 0.9283 DetFA 0.1184 | 566.13s total (0.00s eval/566.13s train)
[STATE 2026-04-04 02:52:34] Task 5 Epoch 10/10: entering train loop
T5 Ep 10/10 | L 0.2341 | Train Acc 0.92 | Prec 0.91 | F1 0.89 | Det Rec 0.93 | Det FA 0.12 | Epoch Time 566.19s (Eval 0.00s, Train 566.19s)
[STATE 2026-04-04 03:02:00] T5 Ep 10/10 complete: Prec 0.9142 F1 0.8944 DetRec 0.9299 DetFA 0.1155 | 566.19s total (0.00s eval/566.19s train)
[STATE 2026-04-04 03:02:00] Task 5: running final validation.
[STATE 2026-04-04 03:03:50] Completed task 5 (6/10)
Task 6: 17340 training samples, 6800 test samples.
[STATE 2026-04-04 03:03:50] Task 6: zero-shot validation (pre-train)
---- Zero-shot (pre-train) task 6: rec_cls 0.1021 | prec_cls 0.0560 | f1_cls 0.0269 | det 0.4901 | pfa 1.0000 | total_f1 0.3251 ----
[STATE 2026-04-04 03:05:43] Starting task 6 (7/10)
[STATE 2026-04-04 03:05:43] Task 6 Epoch 1/10: entering train loop
[STATE 2026-04-04 03:06:30] Task 6 Epoch 1/10: running validation (end of epoch)
---- Eval at Epoch 0: cls [0.027303448414377384, 0.07661274968115736, 0.2482721392494848, 0.3009104490156277, 0.2757236233787152, 0.826802693915691, 0.5767552808530253] | det_recall [0.5564232216201151, 0.5410260297314037, 0.5255935334377244, 0.7815481484585894, 1.0, 0.8729455094056405, 1.0] | det_fa [0.0598928005565494, 0.3453584402440528, 0.9452062411485547, 0.3974912289487016, 0.0, 0.2436049014676385, 0.0] ----
T6 Ep 1/10 | L 0.9617 | Train Acc 0.52 | Prec 0.52 | F1 0.58 | Det Rec 0.99 | Det FA 0.03 | Epoch Time 159.67s (Eval 112.47s, Train 47.20s)
[STATE 2026-04-04 03:08:23] T6 Ep 1/10 complete: Prec 0.5173 F1 0.5764 DetRec 0.9852 DetFA 0.0254 | 159.67s total (112.47s eval/47.20s train)
[STATE 2026-04-04 03:08:23] Task 6 Epoch 2/10: entering train loop
T6 Ep 2/10 | L 0.7445 | Train Acc 0.60 | Prec 0.61 | F1 0.66 | Det Rec 1.00 | Det FA 0.00 | Epoch Time 47.97s (Eval 0.00s, Train 47.97s)
[STATE 2026-04-04 03:09:11] T6 Ep 2/10 complete: Prec 0.6078 F1 0.6630 DetRec 0.9999 DetFA 0.0001 | 47.97s total (0.00s eval/47.97s train)
[STATE 2026-04-04 03:09:11] Task 6 Epoch 3/10: entering train loop
T6 Ep 3/10 | L 0.7017 | Train Acc 0.63 | Prec 0.64 | F1 0.69 | Det Rec 1.00 | Det FA 0.00 | Epoch Time 46.83s (Eval 0.00s, Train 46.83s)
[STATE 2026-04-04 03:09:58] T6 Ep 3/10 complete: Prec 0.6394 F1 0.6884 DetRec 1.0000 DetFA 0.0000 | 46.83s total (0.00s eval/46.83s train)
[STATE 2026-04-04 03:09:58] Task 6 Epoch 4/10: entering train loop
T6 Ep 4/10 | L 0.6593 | Train Acc 0.66 | Prec 0.67 | F1 0.71 | Det Rec 1.00 | Det FA 0.00 | Epoch Time 47.99s (Eval 0.00s, Train 47.99s)
[STATE 2026-04-04 03:10:46] T6 Ep 4/10 complete: Prec 0.6658 F1 0.7111 DetRec 1.0000 DetFA 0.0000 | 47.99s total (0.00s eval/47.99s train)
[STATE 2026-04-04 03:10:46] Task 6 Epoch 5/10: entering train loop
T6 Ep 5/10 | L 0.6160 | Train Acc 0.69 | Prec 0.70 | F1 0.74 | Det Rec 1.00 | Det FA 0.00 | Epoch Time 46.85s (Eval 0.00s, Train 46.85s)
[STATE 2026-04-04 03:11:33] T6 Ep 5/10 complete: Prec 0.6970 F1 0.7373 DetRec 0.9999 DetFA 0.0001 | 46.85s total (0.00s eval/46.85s train)
[STATE 2026-04-04 03:11:33] Task 6 Epoch 6/10: entering train loop
T6 Ep 6/10 | L 0.5694 | Train Acc 0.72 | Prec 0.73 | F1 0.76 | Det Rec 1.00 | Det FA 0.00 | Epoch Time 48.09s (Eval 0.00s, Train 48.09s)
[STATE 2026-04-04 03:12:21] T6 Ep 6/10 complete: Prec 0.7278 F1 0.7623 DetRec 0.9999 DetFA 0.0001 | 48.09s total (0.00s eval/48.09s train)
[STATE 2026-04-04 03:12:21] Task 6 Epoch 7/10: entering train loop
T6 Ep 7/10 | L 0.5241 | Train Acc 0.74 | Prec 0.75 | F1 0.78 | Det Rec 1.00 | Det FA 0.00 | Epoch Time 47.04s (Eval 0.00s, Train 47.04s)
[STATE 2026-04-04 03:13:08] T6 Ep 7/10 complete: Prec 0.7525 F1 0.7827 DetRec 0.9999 DetFA 0.0001 | 47.04s total (0.00s eval/47.04s train)
[STATE 2026-04-04 03:13:08] Task 6 Epoch 8/10: entering train loop
T6 Ep 8/10 | L 0.4781 | Train Acc 0.76 | Prec 0.77 | F1 0.80 | Det Rec 1.00 | Det FA 0.00 | Epoch Time 47.80s (Eval 0.00s, Train 47.80s)
[STATE 2026-04-04 03:13:56] T6 Ep 8/10 complete: Prec 0.7708 F1 0.8012 DetRec 0.9999 DetFA 0.0001 | 47.80s total (0.00s eval/47.80s train)
[STATE 2026-04-04 03:13:56] Task 6 Epoch 9/10: entering train loop
T6 Ep 9/10 | L 0.4457 | Train Acc 0.78 | Prec 0.79 | F1 0.82 | Det Rec 1.00 | Det FA 0.00 | Epoch Time 47.97s (Eval 0.00s, Train 47.97s)
[STATE 2026-04-04 03:14:43] T6 Ep 9/10 complete: Prec 0.7855 F1 0.8153 DetRec 0.9999 DetFA 0.0001 | 47.97s total (0.00s eval/47.97s train)
[STATE 2026-04-04 03:14:43] Task 6 Epoch 10/10: entering train loop
T6 Ep 10/10 | L 0.4149 | Train Acc 0.81 | Prec 0.81 | F1 0.84 | Det Rec 1.00 | Det FA 0.00 | Epoch Time 46.83s (Eval 0.00s, Train 46.83s)
[STATE 2026-04-04 03:15:30] T6 Ep 10/10 complete: Prec 0.8132 F1 0.8377 DetRec 0.9999 DetFA 0.0001 | 46.83s total (0.00s eval/46.83s train)
[STATE 2026-04-04 03:15:30] Task 6: running final validation.
[STATE 2026-04-04 03:17:23] Completed task 6 (7/10)
Task 7: 188050 training samples, 94025 test samples.
[STATE 2026-04-04 03:17:23] Task 7: zero-shot validation (pre-train)
---- Zero-shot (pre-train) task 7: rec_cls 0.2314 | prec_cls 0.2565 | f1_cls 0.1071 | det 0.5000 | pfa 0.9983 | total_f1 0.3726 ----
[STATE 2026-04-04 03:19:48] Starting task 7 (8/10)
[STATE 2026-04-04 03:19:48] Task 7 Epoch 1/10: entering train loop
[STATE 2026-04-04 03:28:33] Task 7 Epoch 1/10: running validation (end of epoch)
---- Eval at Epoch 0: cls [0.015582397696727306, 0.07744192299393556, 0.27363088411782005, 0.44092576184369303, 0.371080017260746, 0.7472056946147805, 0.5665741884008652, 0.8442791018876258] | det_recall [0.5229807861294047, 0.6034901176128997, 0.5296677364745286, 0.7609595429629186, 0.986522112389852, 0.9284563970700952, 1.0, 0.8822444718096037] | det_fa [0.016226976570436244, 0.18869284338066564, 0.9093238954236621, 0.38485679614197454, 0.0, 0.05158174449407449, 0.0, 0.1889184064762899] ----
T7 Ep 1/10 | L 0.4867 | Train Acc 0.81 | Prec 0.82 | F1 0.79 | Det Rec 0.88 | Det FA 0.18 | Epoch Time 669.82s (Eval 144.35s, Train 525.47s)
[STATE 2026-04-04 03:30:58] T7 Ep 1/10 complete: Prec 0.8232 F1 0.7926 DetRec 0.8808 DetFA 0.1789 | 669.82s total (144.35s eval/525.47s train)
[STATE 2026-04-04 03:30:58] Task 7 Epoch 2/10: entering train loop
T7 Ep 2/10 | L 0.3439 | Train Acc 0.87 | Prec 0.88 | F1 0.85 | Det Rec 0.90 | Det FA 0.16 | Epoch Time 526.23s (Eval 0.00s, Train 526.23s)
[STATE 2026-04-04 03:39:44] T7 Ep 2/10 complete: Prec 0.8778 F1 0.8475 DetRec 0.8964 DetFA 0.1553 | 526.23s total (0.00s eval/526.23s train)
[STATE 2026-04-04 03:39:44] Task 7 Epoch 3/10: entering train loop
T7 Ep 3/10 | L 0.3107 | Train Acc 0.88 | Prec 0.89 | F1 0.86 | Det Rec 0.90 | Det FA 0.15 | Epoch Time 526.42s (Eval 0.00s, Train 526.42s)
[STATE 2026-04-04 03:48:30] T7 Ep 3/10 complete: Prec 0.8911 F1 0.8615 DetRec 0.9017 DetFA 0.1466 | 526.42s total (0.00s eval/526.42s train)
[STATE 2026-04-04 03:48:30] Task 7 Epoch 4/10: entering train loop
T7 Ep 4/10 | L 0.2880 | Train Acc 0.89 | Prec 0.90 | F1 0.87 | Det Rec 0.91 | Det FA 0.14 | Epoch Time 522.83s (Eval 0.00s, Train 522.83s)
[STATE 2026-04-04 03:57:13] T7 Ep 4/10 complete: Prec 0.9000 F1 0.8712 DetRec 0.9050 DetFA 0.1423 | 522.83s total (0.00s eval/522.83s train)
[STATE 2026-04-04 03:57:13] Task 7 Epoch 5/10: entering train loop
T7 Ep 5/10 | L 0.2710 | Train Acc 0.90 | Prec 0.91 | F1 0.88 | Det Rec 0.91 | Det FA 0.14 | Epoch Time 525.18s (Eval 0.00s, Train 525.18s)
[STATE 2026-04-04 04:05:58] T7 Ep 5/10 complete: Prec 0.9066 F1 0.8786 DetRec 0.9075 DetFA 0.1402 | 525.18s total (0.00s eval/525.18s train)
[STATE 2026-04-04 04:05:58] Task 7 Epoch 6/10: entering train loop
T7 Ep 6/10 | L 0.2570 | Train Acc 0.91 | Prec 0.91 | F1 0.89 | Det Rec 0.91 | Det FA 0.13 | Epoch Time 528.68s (Eval 0.00s, Train 528.68s)
[STATE 2026-04-04 04:14:47] T7 Ep 6/10 complete: Prec 0.9127 F1 0.8851 DetRec 0.9110 DetFA 0.1336 | 528.68s total (0.00s eval/528.68s train)
[STATE 2026-04-04 04:14:47] Task 7 Epoch 7/10: entering train loop
T7 Ep 7/10 | L 0.2424 | Train Acc 0.91 | Prec 0.92 | F1 0.89 | Det Rec 0.91 | Det FA 0.13 | Epoch Time 531.28s (Eval 0.00s, Train 531.28s)
[STATE 2026-04-04 04:23:38] T7 Ep 7/10 complete: Prec 0.9187 F1 0.8913 DetRec 0.9131 DetFA 0.1308 | 531.28s total (0.00s eval/531.28s train)
[STATE 2026-04-04 04:23:38] Task 7 Epoch 8/10: entering train loop
T7 Ep 8/10 | L 0.2327 | Train Acc 0.92 | Prec 0.92 | F1 0.90 | Det Rec 0.91 | Det FA 0.13 | Epoch Time 533.63s (Eval 0.00s, Train 533.63s)
[STATE 2026-04-04 04:32:32] T7 Ep 8/10 complete: Prec 0.9226 F1 0.8955 DetRec 0.9144 DetFA 0.1296 | 533.63s total (0.00s eval/533.63s train)
[STATE 2026-04-04 04:32:32] Task 7 Epoch 9/10: entering train loop
T7 Ep 9/10 | L 0.2196 | Train Acc 0.92 | Prec 0.93 | F1 0.90 | Det Rec 0.92 | Det FA 0.12 | Epoch Time 522.94s (Eval 0.00s, Train 522.94s)
[STATE 2026-04-04 04:41:15] T7 Ep 9/10 complete: Prec 0.9267 F1 0.8996 DetRec 0.9168 DetFA 0.1245 | 522.94s total (0.00s eval/522.94s train)
[STATE 2026-04-04 04:41:15] Task 7 Epoch 10/10: entering train loop
T7 Ep 10/10 | L 0.2120 | Train Acc 0.93 | Prec 0.93 | F1 0.90 | Det Rec 0.92 | Det FA 0.12 | Epoch Time 522.69s (Eval 0.00s, Train 522.69s)
[STATE 2026-04-04 04:49:58] T7 Ep 10/10 complete: Prec 0.9302 F1 0.9040 DetRec 0.9188 DetFA 0.1217 | 522.69s total (0.00s eval/522.69s train)
[STATE 2026-04-04 04:49:58] Task 7: running final validation.
[STATE 2026-04-04 04:52:22] Completed task 7 (8/10)
Task 8: 36658 training samples, 12220 test samples.
[STATE 2026-04-04 04:52:22] Task 8: zero-shot validation (pre-train)
---- Zero-shot (pre-train) task 8: rec_cls 0.1987 | prec_cls 0.0603 | f1_cls 0.0388 | det 0.5000 | pfa 1.0000 | total_f1 0.3396 ----
[STATE 2026-04-04 04:54:51] Starting task 8 (9/10)
[STATE 2026-04-04 04:54:51] Task 8 Epoch 1/10: entering train loop
[STATE 2026-04-04 04:56:31] Task 8 Epoch 1/10: running validation (end of epoch)
---- Eval at Epoch 0: cls [0.09884534415835612, 0.1831164742346704, 0.20189757622398669, 0.2984766363690853, 0.28491906325979527, 0.328429700377276, 0.4287726620885274, 0.49697751568716514, 0.8245136586139333] | det_recall [0.5736812962792647, 0.5633103972849991, 0.5031840711006372, 0.5624205178913783, 0.9931570520009282, 0.5119969611523104, 1.0, 0.5220355575623203, 0.785477808128943] | det_fa [0.0987967723662255, 0.3441149139995539, 0.9725953639841524, 0.7792823373404317, 0.0008102398572403295, 0.8697753194574688, 0.0, 0.9099819471494529, 0.4091858586777007] ----
T8 Ep 1/10 | L 0.9398 | Train Acc 0.68 | Prec 0.69 | F1 0.53 | Det Rec 0.73 | Det FA 0.49 | Epoch Time 248.89s (Eval 148.42s, Train 100.47s)
[STATE 2026-04-04 04:59:00] T8 Ep 1/10 complete: Prec 0.6858 F1 0.5335 DetRec 0.7341 DetFA 0.4946 | 248.89s total (148.42s eval/100.47s train)
[STATE 2026-04-04 04:59:00] Task 8 Epoch 2/10: entering train loop
T8 Ep 2/10 | L 0.5296 | Train Acc 0.84 | Prec 0.83 | F1 0.68 | Det Rec 0.80 | Det FA 0.38 | Epoch Time 100.40s (Eval 0.00s, Train 100.40s)
[STATE 2026-04-04 05:00:40] T8 Ep 2/10 complete: Prec 0.8339 F1 0.6827 DetRec 0.7951 DetFA 0.3830 | 100.40s total (0.00s eval/100.40s train)
[STATE 2026-04-04 05:00:40] Task 8 Epoch 3/10: entering train loop
T8 Ep 3/10 | L 0.4596 | Train Acc 0.87 | Prec 0.86 | F1 0.71 | Det Rec 0.80 | Det FA 0.37 | Epoch Time 100.50s (Eval 0.00s, Train 100.50s)
[STATE 2026-04-04 05:02:21] T8 Ep 3/10 complete: Prec 0.8638 F1 0.7054 DetRec 0.8005 DetFA 0.3717 | 100.50s total (0.00s eval/100.50s train)
[STATE 2026-04-04 05:02:21] Task 8 Epoch 4/10: entering train loop
T8 Ep 4/10 | L 0.4107 | Train Acc 0.90 | Prec 0.89 | F1 0.72 | Det Rec 0.81 | Det FA 0.36 | Epoch Time 99.97s (Eval 0.00s, Train 99.97s)
[STATE 2026-04-04 05:04:01] T8 Ep 4/10 complete: Prec 0.8862 F1 0.7239 DetRec 0.8062 DetFA 0.3627 | 99.97s total (0.00s eval/99.97s train)
[STATE 2026-04-04 05:04:01] Task 8 Epoch 5/10: entering train loop
T8 Ep 5/10 | L 0.3758 | Train Acc 0.91 | Prec 0.90 | F1 0.73 | Det Rec 0.81 | Det FA 0.35 | Epoch Time 100.51s (Eval 0.00s, Train 100.51s)
[STATE 2026-04-04 05:05:41] T8 Ep 5/10 complete: Prec 0.8990 F1 0.7321 DetRec 0.8094 DetFA 0.3549 | 100.51s total (0.00s eval/100.51s train)
[STATE 2026-04-04 05:05:41] Task 8 Epoch 6/10: entering train loop
T8 Ep 6/10 | L 0.3529 | Train Acc 0.91 | Prec 0.91 | F1 0.74 | Det Rec 0.81 | Det FA 0.34 | Epoch Time 100.51s (Eval 0.00s, Train 100.51s)
[STATE 2026-04-04 05:07:22] T8 Ep 6/10 complete: Prec 0.9053 F1 0.7396 DetRec 0.8143 DetFA 0.3446 | 100.51s total (0.00s eval/100.51s train)
[STATE 2026-04-04 05:07:22] Task 8 Epoch 7/10: entering train loop
T8 Ep 7/10 | L 0.3373 | Train Acc 0.92 | Prec 0.92 | F1 0.74 | Det Rec 0.82 | Det FA 0.34 | Epoch Time 100.51s (Eval 0.00s, Train 100.51s)
[STATE 2026-04-04 05:09:02] T8 Ep 7/10 complete: Prec 0.9163 F1 0.7436 DetRec 0.8153 DetFA 0.3441 | 100.51s total (0.00s eval/100.51s train)
[STATE 2026-04-04 05:09:02] Task 8 Epoch 8/10: entering train loop
T8 Ep 8/10 | L 0.3078 | Train Acc 0.93 | Prec 0.93 | F1 0.75 | Det Rec 0.82 | Det FA 0.33 | Epoch Time 100.49s (Eval 0.00s, Train 100.49s)
[STATE 2026-04-04 05:10:43] T8 Ep 8/10 complete: Prec 0.9288 F1 0.7546 DetRec 0.8190 DetFA 0.3344 | 100.49s total (0.00s eval/100.49s train)
[STATE 2026-04-04 05:10:43] Task 8 Epoch 9/10: entering train loop
T8 Ep 9/10 | L 0.2894 | Train Acc 0.94 | Prec 0.94 | F1 0.76 | Det Rec 0.82 | Det FA 0.33 | Epoch Time 100.48s (Eval 0.00s, Train 100.48s)
[STATE 2026-04-04 05:12:23] T8 Ep 9/10 complete: Prec 0.9410 F1 0.7633 DetRec 0.8230 DetFA 0.3259 | 100.48s total (0.00s eval/100.48s train)
[STATE 2026-04-04 05:12:23] Task 8 Epoch 10/10: entering train loop
T8 Ep 10/10 | L 0.2745 | Train Acc 0.94 | Prec 0.94 | F1 0.77 | Det Rec 0.83 | Det FA 0.32 | Epoch Time 100.50s (Eval 0.00s, Train 100.50s)
[STATE 2026-04-04 05:14:04] T8 Ep 10/10 complete: Prec 0.9447 F1 0.7672 DetRec 0.8271 DetFA 0.3212 | 100.50s total (0.00s eval/100.50s train)
[STATE 2026-04-04 05:14:04] Task 8: running final validation.
[STATE 2026-04-04 05:16:32] Completed task 8 (9/10)
Task 9: 17340 training samples, 6800 test samples.
[STATE 2026-04-04 05:16:32] Task 9: zero-shot validation (pre-train)
---- Zero-shot (pre-train) task 9: rec_cls 0.1553 | prec_cls 0.1710 | f1_cls 0.0823 | det 0.4999 | pfa 1.0000 | total_f1 0.2821 ----
[STATE 2026-04-04 05:19:04] Starting task 9 (10/10)
[STATE 2026-04-04 05:19:04] Task 9 Epoch 1/10: entering train loop
[STATE 2026-04-04 05:19:51] Task 9 Epoch 1/10: running validation (end of epoch)
---- Eval at Epoch 0: cls [0.09152642204583317, 0.1579797821758629, 0.17292841507530166, 0.35421874246563634, 0.32315775990573065, 0.23193627734113792, 0.28545027496228254, 0.36444208916899634, 0.7331287501953395, 0.44216167468990714] | det_recall [0.5786903605963963, 0.6430304026831842, 0.45799453283744634, 0.6940820894971307, 1.0, 0.48381342916884795, 0.979015275769356, 0.501736620045915, 0.8370406586250648, 1.0] | det_fa [0.009065240617741348, 0.17934857336665852, 0.9446588693104098, 0.5197383882970188, 0.0, 0.8995275004832674, 0.04196944846128796, 0.9725194202693695, 0.22995983156314345, 0.0] ----
T9 Ep 1/10 | L 0.9456 | Train Acc 0.43 | Prec 0.43 | F1 0.50 | Det Rec 0.99 | Det FA 0.02 | Epoch Time 198.44s (Eval 151.51s, Train 46.94s)
[STATE 2026-04-04 05:22:22] T9 Ep 1/10 complete: Prec 0.4321 F1 0.5039 DetRec 0.9919 DetFA 0.0162 | 198.44s total (151.51s eval/46.94s train)
[STATE 2026-04-04 05:22:22] Task 9 Epoch 2/10: entering train loop
T9 Ep 2/10 | L 0.7588 | Train Acc 0.52 | Prec 0.53 | F1 0.59 | Det Rec 1.00 | Det FA 0.00 | Epoch Time 47.17s (Eval 0.00s, Train 47.17s)
[STATE 2026-04-04 05:23:10] T9 Ep 2/10 complete: Prec 0.5269 F1 0.5924 DetRec 1.0000 DetFA 0.0000 | 47.17s total (0.00s eval/47.17s train)
[STATE 2026-04-04 05:23:10] Task 9 Epoch 3/10: entering train loop
T9 Ep 3/10 | L 0.6870 | Train Acc 0.59 | Prec 0.59 | F1 0.65 | Det Rec 1.00 | Det FA 0.00 | Epoch Time 48.13s (Eval 0.00s, Train 48.13s)
[STATE 2026-04-04 05:23:58] T9 Ep 3/10 complete: Prec 0.5926 F1 0.6483 DetRec 1.0000 DetFA 0.0000 | 48.13s total (0.00s eval/48.13s train)
[STATE 2026-04-04 05:23:58] Task 9 Epoch 4/10: entering train loop
T9 Ep 4/10 | L 0.6293 | Train Acc 0.61 | Prec 0.61 | F1 0.66 | Det Rec 1.00 | Det FA 0.00 | Epoch Time 46.86s (Eval 0.00s, Train 46.86s)
[STATE 2026-04-04 05:24:45] T9 Ep 4/10 complete: Prec 0.6145 F1 0.6649 DetRec 1.0000 DetFA 0.0000 | 46.86s total (0.00s eval/46.86s train)
[STATE 2026-04-04 05:24:45] Task 9 Epoch 5/10: entering train loop
T9 Ep 5/10 | L 0.5973 | Train Acc 0.63 | Prec 0.63 | F1 0.68 | Det Rec 1.00 | Det FA 0.00 | Epoch Time 48.00s (Eval 0.00s, Train 48.00s)
[STATE 2026-04-04 05:25:33] T9 Ep 5/10 complete: Prec 0.6345 F1 0.6844 DetRec 1.0000 DetFA 0.0000 | 48.00s total (0.00s eval/48.00s train)
[STATE 2026-04-04 05:25:33] Task 9 Epoch 6/10: entering train loop
T9 Ep 6/10 | L 0.5638 | Train Acc 0.65 | Prec 0.66 | F1 0.70 | Det Rec 1.00 | Det FA 0.00 | Epoch Time 46.85s (Eval 0.00s, Train 46.85s)
[STATE 2026-04-04 05:26:19] T9 Ep 6/10 complete: Prec 0.6577 F1 0.7029 DetRec 1.0000 DetFA 0.0000 | 46.85s total (0.00s eval/46.85s train)
[STATE 2026-04-04 05:26:19] Task 9 Epoch 7/10: entering train loop
T9 Ep 7/10 | L 0.5409 | Train Acc 0.67 | Prec 0.67 | F1 0.72 | Det Rec 1.00 | Det FA 0.00 | Epoch Time 48.11s (Eval 0.00s, Train 48.11s)
[STATE 2026-04-04 05:27:08] T9 Ep 7/10 complete: Prec 0.6717 F1 0.7164 DetRec 1.0000 DetFA 0.0000 | 48.11s total (0.00s eval/48.11s train)
[STATE 2026-04-04 05:27:08] Task 9 Epoch 8/10: entering train loop
T9 Ep 8/10 | L 0.5286 | Train Acc 0.68 | Prec 0.69 | F1 0.73 | Det Rec 1.00 | Det FA 0.00 | Epoch Time 47.08s (Eval 0.00s, Train 47.08s)
[STATE 2026-04-04 05:27:55] T9 Ep 8/10 complete: Prec 0.6864 F1 0.7252 DetRec 1.0000 DetFA 0.0000 | 47.08s total (0.00s eval/47.08s train)
[STATE 2026-04-04 05:27:55] Task 9 Epoch 9/10: entering train loop
T9 Ep 9/10 | L 0.5013 | Train Acc 0.70 | Prec 0.70 | F1 0.74 | Det Rec 1.00 | Det FA 0.00 | Epoch Time 47.77s (Eval 0.00s, Train 47.77s)
[STATE 2026-04-04 05:28:42] T9 Ep 9/10 complete: Prec 0.6987 F1 0.7381 DetRec 1.0000 DetFA 0.0000 | 47.77s total (0.00s eval/47.77s train)
[STATE 2026-04-04 05:28:42] Task 9 Epoch 10/10: entering train loop
T9 Ep 10/10 | L 0.4859 | Train Acc 0.70 | Prec 0.71 | F1 0.75 | Det Rec 1.00 | Det FA 0.00 | Epoch Time 47.97s (Eval 0.00s, Train 47.97s)
[STATE 2026-04-04 05:29:30] T9 Ep 10/10 complete: Prec 0.7059 F1 0.7459 DetRec 1.0000 DetFA 0.0000 | 47.97s total (0.00s eval/47.97s train)
[STATE 2026-04-04 05:29:30] Task 9: running final validation.
[STATE 2026-04-04 05:32:01] Completed task 9 (10/10)
####Final Validation Accuracy####
Final Results:- 
 Total Recall: 0.31879277694816505 
 Individual Recall: [0.08626687279860419, 0.09626002093895338, 0.19158458343631402, 0.30444417810838653, 0.3774917867994342, 0.27226574550682137, 0.31509752186199563, 0.4484505328828148, 0.4796473621997756, 0.6164191649485513]
Final Detection Results:- 
 Total Detection: 0.6921529919976359 
 Individual Detection: [0.6060429087402275, 0.6574093311655224, 0.47649222671683966, 0.5202075796630283, 0.9974237679982141, 0.5322614709022312, 0.8100664553384554, 0.5124040888718929, 0.8092220905799469, 1.0]
Final Detection False Alarm:- 
 Total False Alarm: 0.4252133289764556 
 Individual False Alarm: [0.012445425004297343, 0.1208680422814016, 0.9380406440549754, 0.868224674349538, 0.0017467436025651287, 0.8540769608191549, 0.37931544333072276, 0.9589338817013966, 0.11848147462050412, 0.0]
SUMMARY_TR cls_rec=0.7042 cls_prec=0.7059 cls_f1=0.7459 det=0.7175 fa=0.3797
SUMMARY_TE cls_rec=0.3188 cls_prec=0.3830 cls_f1=0.3260 det=0.6922 fa=0.4252
[STATE 2026-04-04 05:32:01] Saving results to logs//ewc/full-tasks_all-10epochs_weighted-loss-2026-04-03_21-22-48-1714/0/results
Model size: 0.0289 GB
Memory buffer size: 0.0000 GB
logs//ewc/full-tasks_all-10epochs_weighted-loss-2026-04-03_21-22-48-1714/0/results: {'expt_name': 'full-tasks_all-10epochs_weighted-loss', 'model': 'ewc', 'arch': 'resnet1d', 'n_hiddens': 100, 'n_layers': 2, 'xav_init': False, 'debug': False, 'use_detector_arch': False, 'glances': 1, 'n_epochs': 10, 'batch_size': 256, 'replay_batch_size': 128, 'memories': 5120, 'lr': 0.003, 'optimizer': 'sgd', 'class_weighted_ce': True, 'cuda': True, 'seed': 0, 'log_every': 10, 'log_dir': 'logs//ewc/full-tasks_all-10epochs_weighted-loss-2026-04-03_21-22-48-1714/0', 'tf_dir': 'logs//ewc/full-tasks_all-10epochs_weighted-loss-2026-04-03_21-22-48-1714/0/tfdir', 'calc_test_accuracy': False, 'state_logging': True, 'data_path': 'data/rff/radar/full', 'task_order_files': 't2-rcn,t0-rcn,t2-uclresm-25noise,t0-deeprad,t1-deeprad,t1-uclresm-25noise,t3-deeprad,t0-uclresm-25noise,t1-rcn,t2-deeprad', 'loader': 'task_incremental_loader', 'samples_per_task': -1, 'shuffle_tasks': False, 'classes_per_it': 6, 'iterations': 5000, 'dataset': 'iq', 'workers': 0, 'validation': 0.5, 'data_scaling': 'normalize', 'use_iq_aug_features': False, 'iq_aug_feature_type': 'power', 'class_order': 'random', 'increment': 5, 'test_batch_size': 512, 'nc_per_task': None, 'nc_per_task_list': '', 'val_rate': 1000, 'opt_lr': 0.1, 'opt_wt': 0.1, 'alpha_init': 0.001, 'learn_lr': False, 'sync_update': False, 'grad_clip_norm': 5.0, 'meta_batches': 3, 'use_old_task_memory': False, 'second_order': False, 'n_memories': 5120, 'memory_strength': 0, 'steps_per_sample': 1, 'bgd_optimizer': 'sgd', 'optimizer_params': '{}', 'train_mc_iters': 5, 'std_init': 0.05, 'mean_eta': 1, 'fisher_gamma': 0.95, 'rln': 7, 'update_steps': 10, 'meta_lr': 0.001, 'update_lr': 0.1, 'ctx_lr': 0.05, 'n_meta': 2, 'inner_steps': 1, 'temperature': 5.0, 'task_emb': 64, 'classes_per_task': [6, 7, 6, 7, 7, 6, 6, 6, 7, 6], 'get_samples_per_task': <bound method IncrementalLoader.get_samples_per_task of <dataloaders.task_incremental_loader.IncrementalLoader object at 0x737d12c48550>>} # val: 0.802 0.319 -0.483 0.000 # sizes: model_gb=0.0289 mem_gb=0.0000 # 29288.46999192238
[STATE 2026-04-04 05:32:01] results.pt components (approx): state_dict 29.6 MB, result_val_t 0.1 KB, result_val_a 0.8 KB
[STATE 2026-04-04 05:32:01] Results saved; total runtime 8.14h
Total runtime: 8.14 hours
