[STATE 2026-04-09 14:04:34] Enabling terminal logging to logs//la-er/full-tasks-2_all-10epochs_weighted-loss-2026-04-09_14-04-34-5148/0/terminal.log
New Experiment Starting...
Running model:  eralg4
[STATE 2026-04-09 14:04:34] Experiment 'full-tasks-2_all-10epochs_weighted-loss' starting with model 'eralg4' (seed 0)
Set seed 0
t2-rcn.npz train: x=(50362, 1024), y=(50362, 2)
t2-rcn.npz test: x=(16787, 1024), y=(16787, 2)
t2-rcn.npz: applied data scaling mode 'normalize'.
Loaded t2-rcn.npz: Unique train labels: UniqueCountsResult(values=array([-1,  3,  5, 10, 12, 15]), counts=array([24209,  5770,  3030,  2320,  7509,  7524]))
Noise labels ratio in t2-rcn.npz train: 0.24, test: 0.24
Loaded t2-rcn.npz: Remapped labels: [0 1 2 3 4 5]. Size: 50362)
t0-rcn.npz train: x=(51916, 1024), y=(51916, 2)
t0-rcn.npz test: x=(17305, 1024), y=(17305, 2)
t0-rcn.npz: applied data scaling mode 'normalize'.
Loaded t0-rcn.npz: Unique train labels: UniqueCountsResult(values=array([-1,  1,  8,  9, 11, 13, 14]), counts=array([24225,  4268,  2495,  2943,  3015,  7464,  7506]))
Noise labels ratio in t0-rcn.npz train: 0.23, test: 0.23
Loaded t0-rcn.npz: Remapped labels: [ 6  7  8  9 10 11 12]. Size: 51916)
t2-uclresm-25noise.npz train: moved sample axis (3, 350028, 1024) -> (350028, 3, 1024)
t2-uclresm-25noise.npz test: moved sample axis (3, 233351, 1024) -> (233351, 3, 1024)
t2-uclresm-25noise.npz train: x=(350028, 3, 1024), y=(350028,)
t2-uclresm-25noise.npz test: x=(233351, 3, 1024), y=(233351,)
t2-uclresm-25noise.npz: applied data scaling mode 'normalize'.
Loaded t2-uclresm-25noise.npz: Unique train labels: UniqueCountsResult(values=array([-1,  0,  1,  2,  3,  4]), counts=array([87441, 27347, 71754, 64298, 36005, 63183]))
Noise labels ratio in t2-uclresm-25noise.npz train: 0.25, test: 0.25
Loaded t2-uclresm-25noise.npz: Remapped labels: [13 14 15 16 17 18]. Size: 350028)
t0-deeprad.npz train: x=(24480, 1024), y=(24480, 2)
t0-deeprad.npz test: x=(8160, 1024), y=(8160, 2)
t0-deeprad.npz: applied data scaling mode 'normalize'.
Loaded t0-deeprad.npz: Unique train labels: UniqueCountsResult(values=array([-1,  0,  1,  2,  3,  4,  5]), counts=array([12240,  2029,  1983,  2043,  2154,  2015,  2016]))
Noise labels ratio in t0-deeprad.npz train: 0.25, test: 0.25
Loaded t0-deeprad.npz: Remapped labels: [19 20 21 22 23 24 25]. Size: 24480)
t1-deeprad.npz train: x=(24480, 1024), y=(24480, 2)
t1-deeprad.npz test: x=(8160, 1024), y=(8160, 2)
t1-deeprad.npz: applied data scaling mode 'normalize'.
Loaded t1-deeprad.npz: Unique train labels: UniqueCountsResult(values=array([-1,  0,  1,  2,  3,  4,  5]), counts=array([12240,  1988,  2029,  2054,  1988,  2053,  2128]))
Noise labels ratio in t1-deeprad.npz train: 0.25, test: 0.25
Loaded t1-deeprad.npz: Remapped labels: [26 27 28 29 30 31 32]. Size: 24480)
t1-uclresm-25noise.npz train: moved sample axis (3, 201410, 1024) -> (201410, 3, 1024)
t1-uclresm-25noise.npz test: moved sample axis (3, 116291, 1024) -> (116291, 3, 1024)
t1-uclresm-25noise.npz train: x=(201410, 3, 1024), y=(201410,)
t1-uclresm-25noise.npz test: x=(116291, 3, 1024), y=(116291,)
t1-uclresm-25noise.npz: applied data scaling mode 'normalize'.
Loaded t1-uclresm-25noise.npz: Unique train labels: UniqueCountsResult(values=array([-1,  0,  1,  2,  3,  4]), counts=array([43668, 18021, 17838, 18087, 31870, 71926]))
Noise labels ratio in t1-uclresm-25noise.npz train: 0.22, test: 0.25
Loaded t1-uclresm-25noise.npz: Remapped labels: [33 34 35 36 37 38]. Size: 201410)
t3-deeprad.npz train: x=(17340, 1024), y=(17340, 2)
t3-deeprad.npz test: x=(6800, 1024), y=(6800, 2)
t3-deeprad.npz: applied data scaling mode 'normalize'.
Loaded t3-deeprad.npz: Unique train labels: UniqueCountsResult(values=array([-1,  0,  1,  2,  3,  4]), counts=array([8670, 1693, 1677, 1794, 1716, 1790]))
Noise labels ratio in t3-deeprad.npz train: 0.25, test: 0.25
Loaded t3-deeprad.npz: Remapped labels: [39 40 41 42 43 44]. Size: 17340)
t0-uclresm-25noise.npz train: moved sample axis (3, 188050, 1024) -> (188050, 3, 1024)
t0-uclresm-25noise.npz test: moved sample axis (3, 107348, 1024) -> (107348, 3, 1024)
t0-uclresm-25noise.npz train: x=(188050, 3, 1024), y=(188050,)
t0-uclresm-25noise.npz test: x=(107348, 3, 1024), y=(107348,)
t0-uclresm-25noise.npz: applied data scaling mode 'normalize'.
Loaded t0-uclresm-25noise.npz: Unique train labels: UniqueCountsResult(values=array([-1,  0,  1,  2,  3,  4]), counts=array([40144, 32109, 17978, 17979, 18098, 61742]))
Noise labels ratio in t0-uclresm-25noise.npz train: 0.21, test: 0.25
Loaded t0-uclresm-25noise.npz: Remapped labels: [45 46 47 48 49 50]. Size: 188050)
t1-rcn.npz train: x=(36658, 1024), y=(36658, 2)
t1-rcn.npz test: x=(12220, 1024), y=(12220, 2)
t1-rcn.npz: applied data scaling mode 'normalize'.
Loaded t1-rcn.npz: Unique train labels: UniqueCountsResult(values=array([-1,  0,  2,  4,  6,  7, 16]), counts=array([20595,   824,  2087,  2606,  2396,  1716,  6434]))
Noise labels ratio in t1-rcn.npz train: 0.28, test: 0.28
Loaded t1-rcn.npz: Remapped labels: [51 52 53 54 55 56 57]. Size: 36658)
t2-deeprad.npz train: x=(17340, 1024), y=(17340, 2)
t2-deeprad.npz test: x=(6800, 1024), y=(6800, 2)
t2-deeprad.npz: applied data scaling mode 'normalize'.
Loaded t2-deeprad.npz: Unique train labels: UniqueCountsResult(values=array([-1,  0,  1,  2,  3,  4]), counts=array([8670, 1774, 1675, 1777, 1694, 1750]))
Noise labels ratio in t2-deeprad.npz train: 0.25, test: 0.25
Loaded t2-deeprad.npz: Remapped labels: [58 59 60 61 62 63]. Size: 17340)
Built classes_per_task: [6, 7, 6, 7, 7, 6, 6, 6, 7, 6]
Classes per task: [6, 7, 6, 7, 7, 6, 6, 6, 7, 6]
[STATE 2026-04-09 14:05:39] Loader 'task_incremental_loader' ready: 1024 inputs, 64 outputs, 10 tasks
n_outputs: 64 	n_tasks: 10
[STATE 2026-04-09 14:05:39] Logging to logs//la-er/full-tasks-2_all-10epochs_weighted-loss-2026-04-09_14-04-34-5148/0
True
Model device: cuda:0
[STATE 2026-04-09 14:05:39] Model initialized on device cuda:0
[STATE 2026-04-09 14:05:39] Invoking continual life experience flow
[STATE 2026-04-09 14:05:39] Life experience start: 10 tasks queued
Task 0: 50362 training samples, 16787 test samples.
[STATE 2026-04-09 14:05:39] Task 0: zero-shot validation (pre-train)
---- Zero-shot (pre-train) task 0: rec_cls 0.1216 | prec_cls 0.1235 | f1_cls 0.0945 | det 0.4547 | pfa 0.7882 | total_f1 0.0945 ----
[STATE 2026-04-09 14:05:47] Starting task 0 (1/10)
[STATE 2026-04-09 14:05:47] Task 0 Epoch 1/10: entering train loop
[STATE 2026-04-09 14:33:19] Task 0 Epoch 1/10: running validation (end of epoch)
---- Eval at Epoch 0: cls [0.5081890515222474] | det_recall [0.8480531942605485] | det_fa [0.29693085790612395] ----
T0 Ep 1/10 | L 1.7683 | Train Acc 0.23 | Prec 0.25 | F1 0.27 | Det Rec 0.68 | Det FA 0.25 | Epoch Time 1658.94s (Eval 7.27s, Train 1651.68s)
[STATE 2026-04-09 14:33:26] T0 Ep 1/10 complete: Prec 0.2518 F1 0.2667 DetRec 0.6821 DetFA 0.2517 | 1658.94s total (7.27s eval/1651.68s train)
[STATE 2026-04-09 14:33:26] Task 0 Epoch 2/10: entering train loop
T0 Ep 2/10 | L 0.6657 | Train Acc 0.55 | Prec 0.67 | F1 0.59 | Det Rec 0.86 | Det FA 0.14 | Epoch Time 1729.69s (Eval 0.00s, Train 1729.69s)
[STATE 2026-04-09 15:02:16] T0 Ep 2/10 complete: Prec 0.6666 F1 0.5943 DetRec 0.8612 DetFA 0.1358 | 1729.69s total (0.00s eval/1729.69s train)
[STATE 2026-04-09 15:02:16] Task 0 Epoch 3/10: entering train loop
T0 Ep 3/10 | L 0.4941 | Train Acc 0.65 | Prec 0.76 | F1 0.69 | Det Rec 0.88 | Det FA 0.12 | Epoch Time 2177.91s (Eval 0.00s, Train 2177.91s)
[STATE 2026-04-09 15:38:34] T0 Ep 3/10 complete: Prec 0.7590 F1 0.6909 DetRec 0.8809 DetFA 0.1231 | 2177.91s total (0.00s eval/2177.91s train)
[STATE 2026-04-09 15:38:34] Task 0 Epoch 4/10: entering train loop
T0 Ep 4/10 | L 0.4496 | Train Acc 0.69 | Prec 0.80 | F1 0.72 | Det Rec 0.88 | Det FA 0.12 | Epoch Time 1758.95s (Eval 0.00s, Train 1758.95s)
[STATE 2026-04-09 16:07:53] T0 Ep 4/10 complete: Prec 0.7996 F1 0.7246 DetRec 0.8845 DetFA 0.1216 | 1758.95s total (0.00s eval/1758.95s train)
[STATE 2026-04-09 16:07:53] Task 0 Epoch 5/10: entering train loop
T0 Ep 5/10 | L 0.4071 | Train Acc 0.74 | Prec 0.85 | F1 0.77 | Det Rec 0.89 | Det FA 0.12 | Epoch Time 2005.89s (Eval 0.00s, Train 2005.89s)
[STATE 2026-04-09 16:41:19] T0 Ep 5/10 complete: Prec 0.8530 F1 0.7707 DetRec 0.8879 DetFA 0.1171 | 2005.89s total (0.00s eval/2005.89s train)
[STATE 2026-04-09 16:41:19] Task 0 Epoch 6/10: entering train loop
T0 Ep 6/10 | L 0.3725 | Train Acc 0.79 | Prec 0.89 | F1 0.81 | Det Rec 0.89 | Det FA 0.12 | Epoch Time 1732.32s (Eval 0.00s, Train 1732.32s)
[STATE 2026-04-09 17:10:11] T0 Ep 6/10 complete: Prec 0.8890 F1 0.8095 DetRec 0.8922 DetFA 0.1160 | 1732.32s total (0.00s eval/1732.32s train)
[STATE 2026-04-09 17:10:11] Task 0 Epoch 7/10: entering train loop
T0 Ep 7/10 | L 0.3492 | Train Acc 0.81 | Prec 0.90 | F1 0.82 | Det Rec 0.89 | Det FA 0.11 | Epoch Time 1955.68s (Eval 0.00s, Train 1955.68s)
[STATE 2026-04-09 17:42:47] T0 Ep 7/10 complete: Prec 0.9042 F1 0.8243 DetRec 0.8947 DetFA 0.1130 | 1955.68s total (0.00s eval/1955.68s train)
[STATE 2026-04-09 17:42:47] Task 0 Epoch 8/10: entering train loop
T0 Ep 8/10 | L 0.3330 | Train Acc 0.82 | Prec 0.91 | F1 0.83 | Det Rec 0.90 | Det FA 0.11 | Epoch Time 1935.35s (Eval 0.00s, Train 1935.35s)
[STATE 2026-04-09 18:15:02] T0 Ep 8/10 complete: Prec 0.9103 F1 0.8338 DetRec 0.8971 DetFA 0.1139 | 1935.35s total (0.00s eval/1935.35s train)
[STATE 2026-04-09 18:15:02] Task 0 Epoch 9/10: entering train loop
T0 Ep 9/10 | L 0.3237 | Train Acc 0.83 | Prec 0.92 | F1 0.84 | Det Rec 0.90 | Det FA 0.11 | Epoch Time 551.81s (Eval 0.00s, Train 551.81s)
[STATE 2026-04-09 18:24:14] T0 Ep 9/10 complete: Prec 0.9192 F1 0.8425 DetRec 0.8975 DetFA 0.1146 | 551.81s total (0.00s eval/551.81s train)
[STATE 2026-04-09 18:24:14] Task 0 Epoch 10/10: entering train loop
T0 Ep 10/10 | L 0.3155 | Train Acc 0.83 | Prec 0.92 | F1 0.85 | Det Rec 0.90 | Det FA 0.11 | Epoch Time 354.67s (Eval 0.00s, Train 354.67s)
[STATE 2026-04-09 18:30:09] T0 Ep 10/10 complete: Prec 0.9203 F1 0.8456 DetRec 0.8998 DetFA 0.1103 | 354.67s total (0.00s eval/354.67s train)
[STATE 2026-04-09 18:30:09] Task 0: running final validation.
[STATE 2026-04-09 18:30:13] Completed task 0 (1/10)
Task 1: 51916 training samples, 17305 test samples.
[STATE 2026-04-09 18:30:13] Task 1: zero-shot validation (pre-train)
---- Zero-shot (pre-train) task 1: rec_cls 0.2005 | prec_cls 0.2334 | f1_cls 0.0830 | det 0.5000 | pfa 1.0000 | total_f1 0.4535 ----
[STATE 2026-04-09 18:30:22] Starting task 1 (2/10)
[STATE 2026-04-09 18:30:22] Task 1 Epoch 1/10: entering train loop
[STATE 2026-04-09 18:36:27] Task 1 Epoch 1/10: running validation (end of epoch)
---- Eval at Epoch 0: cls [0.7406835784891836, 0.42378199048783527] | det_recall [0.8759244833179278, 0.8151925383053207] | det_fa [0.17295121880773504, 0.06753843547177485] ----
T1 Ep 1/10 | L 1.2612 | Train Acc 0.33 | Prec 0.49 | F1 0.39 | Det Rec 0.72 | Det FA 0.17 | Epoch Time 374.44s (Eval 9.17s, Train 365.27s)
[STATE 2026-04-09 18:36:37] T1 Ep 1/10 complete: Prec 0.4875 F1 0.3882 DetRec 0.7237 DetFA 0.1696 | 374.44s total (9.17s eval/365.27s train)
[STATE 2026-04-09 18:36:37] Task 1 Epoch 2/10: entering train loop
T1 Ep 2/10 | L 0.6503 | Train Acc 0.53 | Prec 0.72 | F1 0.59 | Det Rec 0.85 | Det FA 0.10 | Epoch Time 366.21s (Eval 0.00s, Train 366.21s)
[STATE 2026-04-09 18:42:43] T1 Ep 2/10 complete: Prec 0.7173 F1 0.5893 DetRec 0.8492 DetFA 0.0992 | 366.21s total (0.00s eval/366.21s train)
[STATE 2026-04-09 18:42:43] Task 1 Epoch 3/10: entering train loop
T1 Ep 3/10 | L 0.5559 | Train Acc 0.63 | Prec 0.78 | F1 0.68 | Det Rec 0.87 | Det FA 0.10 | Epoch Time 364.89s (Eval 0.00s, Train 364.89s)
[STATE 2026-04-09 18:48:48] T1 Ep 3/10 complete: Prec 0.7788 F1 0.6781 DetRec 0.8747 DetFA 0.0965 | 364.89s total (0.00s eval/364.89s train)
[STATE 2026-04-09 18:48:48] Task 1 Epoch 4/10: entering train loop
T1 Ep 4/10 | L 0.4702 | Train Acc 0.69 | Prec 0.81 | F1 0.74 | Det Rec 0.89 | Det FA 0.08 | Epoch Time 365.01s (Eval 0.00s, Train 365.01s)
[STATE 2026-04-09 18:54:53] T1 Ep 4/10 complete: Prec 0.8088 F1 0.7355 DetRec 0.8941 DetFA 0.0774 | 365.01s total (0.00s eval/365.01s train)
[STATE 2026-04-09 18:54:53] Task 1 Epoch 5/10: entering train loop
T1 Ep 5/10 | L 0.4219 | Train Acc 0.74 | Prec 0.84 | F1 0.78 | Det Rec 0.91 | Det FA 0.07 | Epoch Time 365.42s (Eval 0.00s, Train 365.42s)
[STATE 2026-04-09 19:00:58] T1 Ep 5/10 complete: Prec 0.8375 F1 0.7778 DetRec 0.9051 DetFA 0.0691 | 365.42s total (0.00s eval/365.42s train)
[STATE 2026-04-09 19:00:58] Task 1 Epoch 6/10: entering train loop
T1 Ep 6/10 | L 0.3887 | Train Acc 0.77 | Prec 0.86 | F1 0.80 | Det Rec 0.91 | Det FA 0.06 | Epoch Time 364.84s (Eval 0.00s, Train 364.84s)
[STATE 2026-04-09 19:07:03] T1 Ep 6/10 complete: Prec 0.8611 F1 0.8046 DetRec 0.9119 DetFA 0.0597 | 364.84s total (0.00s eval/364.84s train)
[STATE 2026-04-09 19:07:03] Task 1 Epoch 7/10: entering train loop
T1 Ep 7/10 | L 0.3596 | Train Acc 0.79 | Prec 0.88 | F1 0.82 | Det Rec 0.92 | Det FA 0.06 | Epoch Time 364.08s (Eval 0.00s, Train 364.08s)
[STATE 2026-04-09 19:13:07] T1 Ep 7/10 complete: Prec 0.8763 F1 0.8228 DetRec 0.9167 DetFA 0.0560 | 364.08s total (0.00s eval/364.08s train)
[STATE 2026-04-09 19:13:07] Task 1 Epoch 8/10: entering train loop
T1 Ep 8/10 | L 0.3344 | Train Acc 0.81 | Prec 0.89 | F1 0.84 | Det Rec 0.92 | Det FA 0.05 | Epoch Time 364.66s (Eval 0.00s, Train 364.66s)
[STATE 2026-04-09 19:19:12] T1 Ep 8/10 complete: Prec 0.8932 F1 0.8420 DetRec 0.9222 DetFA 0.0499 | 364.66s total (0.00s eval/364.66s train)
[STATE 2026-04-09 19:19:12] Task 1 Epoch 9/10: entering train loop
T1 Ep 9/10 | L 0.3294 | Train Acc 0.82 | Prec 0.90 | F1 0.85 | Det Rec 0.92 | Det FA 0.05 | Epoch Time 364.79s (Eval 0.00s, Train 364.79s)
[STATE 2026-04-09 19:25:17] T1 Ep 9/10 complete: Prec 0.8997 F1 0.8476 DetRec 0.9217 DetFA 0.0505 | 364.79s total (0.00s eval/364.79s train)
[STATE 2026-04-09 19:25:17] Task 1 Epoch 10/10: entering train loop
T1 Ep 10/10 | L 0.3011 | Train Acc 0.83 | Prec 0.90 | F1 0.86 | Det Rec 0.93 | Det FA 0.05 | Epoch Time 365.99s (Eval 0.00s, Train 365.99s)
[STATE 2026-04-09 19:31:23] T1 Ep 10/10 complete: Prec 0.9044 F1 0.8569 DetRec 0.9277 DetFA 0.0457 | 365.99s total (0.00s eval/365.99s train)
[STATE 2026-04-09 19:31:23] Task 1: running final validation.
[STATE 2026-04-09 19:31:32] Completed task 1 (2/10)
Task 2: 350028 training samples, 175014 test samples.
[STATE 2026-04-09 19:31:32] Task 2: zero-shot validation (pre-train)
---- Zero-shot (pre-train) task 2: rec_cls 0.0256 | prec_cls 0.1988 | f1_cls 0.1026 | det 0.5372 | pfa 0.0445 | total_f1 0.5414 ----
[STATE 2026-04-09 19:32:27] Starting task 2 (3/10)
[STATE 2026-04-09 19:32:27] Task 2 Epoch 1/10: entering train loop
[STATE 2026-04-09 21:06:26] Task 2 Epoch 1/10: running validation (end of epoch)
---- Eval at Epoch 0: cls [0.6899309632079015, 0.6474368674341955, 0.3309699703435509] | det_recall [0.8684168648071592, 0.7105246503846875, 0.8057704551508867] | det_fa [0.17007947352341876, 0.5027030982730551, 0.2722947335795701] ----
T2 Ep 1/10 | L 1.1232 | Train Acc 0.26 | Prec 0.36 | F1 0.33 | Det Rec 0.79 | Det FA 0.26 | Epoch Time 5743.30s (Eval 104.45s, Train 5638.85s)
[STATE 2026-04-09 21:08:11] T2 Ep 1/10 complete: Prec 0.3647 F1 0.3254 DetRec 0.7861 DetFA 0.2558 | 5743.30s total (104.45s eval/5638.85s train)
[STATE 2026-04-09 21:08:11] Task 2 Epoch 2/10: entering train loop
T2 Ep 2/10 | L 0.8228 | Train Acc 0.52 | Prec 0.63 | F1 0.57 | Det Rec 0.83 | Det FA 0.21 | Epoch Time 12001.95s (Eval 0.00s, Train 12001.95s)
[STATE 2026-04-10 00:28:13] T2 Ep 2/10 complete: Prec 0.6303 F1 0.5723 DetRec 0.8287 DetFA 0.2132 | 12001.95s total (0.00s eval/12001.95s train)
[STATE 2026-04-10 00:28:13] Task 2 Epoch 3/10: entering train loop
T2 Ep 3/10 | L 0.6609 | Train Acc 0.64 | Prec 0.77 | F1 0.69 | Det Rec 0.84 | Det FA 0.18 | Epoch Time 2701.70s (Eval 0.00s, Train 2701.70s)
[STATE 2026-04-10 01:13:14] T2 Ep 3/10 complete: Prec 0.7701 F1 0.6885 DetRec 0.8426 DetFA 0.1760 | 2701.70s total (0.00s eval/2701.70s train)
[STATE 2026-04-10 01:13:14] Task 2 Epoch 4/10: entering train loop
T2 Ep 4/10 | L 0.6046 | Train Acc 0.68 | Prec 0.81 | F1 0.72 | Det Rec 0.85 | Det FA 0.15 | Epoch Time 2706.65s (Eval 0.00s, Train 2706.65s)
[STATE 2026-04-10 01:58:21] T2 Ep 4/10 complete: Prec 0.8129 F1 0.7225 DetRec 0.8513 DetFA 0.1543 | 2706.65s total (0.00s eval/2706.65s train)
[STATE 2026-04-10 01:58:21] Task 2 Epoch 5/10: entering train loop
T2 Ep 5/10 | L 0.5783 | Train Acc 0.70 | Prec 0.83 | F1 0.74 | Det Rec 0.86 | Det FA 0.14 | Epoch Time 2707.35s (Eval 0.00s, Train 2707.35s)
[STATE 2026-04-10 02:43:28] T2 Ep 5/10 complete: Prec 0.8283 F1 0.7394 DetRec 0.8588 DetFA 0.1411 | 2707.35s total (0.00s eval/2707.35s train)
[STATE 2026-04-10 02:43:28] Task 2 Epoch 6/10: entering train loop
T2 Ep 6/10 | L 0.5564 | Train Acc 0.71 | Prec 0.84 | F1 0.75 | Det Rec 0.86 | Det FA 0.13 | Epoch Time 2706.07s (Eval 0.00s, Train 2706.07s)
[STATE 2026-04-10 03:28:34] T2 Ep 6/10 complete: Prec 0.8421 F1 0.7534 DetRec 0.8648 DetFA 0.1329 | 2706.07s total (0.00s eval/2706.07s train)
[STATE 2026-04-10 03:28:34] Task 2 Epoch 7/10: entering train loop
T2 Ep 7/10 | L 0.5374 | Train Acc 0.72 | Prec 0.85 | F1 0.76 | Det Rec 0.87 | Det FA 0.12 | Epoch Time 2705.80s (Eval 0.00s, Train 2705.80s)
[STATE 2026-04-10 04:13:40] T2 Ep 7/10 complete: Prec 0.8490 F1 0.7630 DetRec 0.8706 DetFA 0.1249 | 2705.80s total (0.00s eval/2705.80s train)
[STATE 2026-04-10 04:13:40] Task 2 Epoch 8/10: entering train loop
T2 Ep 8/10 | L 0.5208 | Train Acc 0.73 | Prec 0.85 | F1 0.77 | Det Rec 0.87 | Det FA 0.12 | Epoch Time 2705.77s (Eval 0.00s, Train 2705.77s)
[STATE 2026-04-10 04:58:46] T2 Ep 8/10 complete: Prec 0.8521 F1 0.7708 DetRec 0.8748 DetFA 0.1246 | 2705.77s total (0.00s eval/2705.77s train)
[STATE 2026-04-10 04:58:46] Task 2 Epoch 9/10: entering train loop
T2 Ep 9/10 | L 0.5086 | Train Acc 0.74 | Prec 0.86 | F1 0.78 | Det Rec 0.88 | Det FA 0.12 | Epoch Time 2699.40s (Eval 0.00s, Train 2699.40s)
[STATE 2026-04-10 05:43:45] T2 Ep 9/10 complete: Prec 0.8597 F1 0.7781 DetRec 0.8775 DetFA 0.1215 | 2699.40s total (0.00s eval/2699.40s train)
[STATE 2026-04-10 05:43:45] Task 2 Epoch 10/10: entering train loop
T2 Ep 10/10 | L 0.4945 | Train Acc 0.74 | Prec 0.86 | F1 0.78 | Det Rec 0.88 | Det FA 0.12 | Epoch Time 2710.36s (Eval 0.00s, Train 2710.36s)
[STATE 2026-04-10 06:28:56] T2 Ep 10/10 complete: Prec 0.8620 F1 0.7829 DetRec 0.8799 DetFA 0.1196 | 2710.36s total (0.00s eval/2710.36s train)
[STATE 2026-04-10 06:28:56] Task 2: running final validation.
[STATE 2026-04-10 06:29:51] Completed task 2 (3/10)
Task 3: 24480 training samples, 8160 test samples.
[STATE 2026-04-10 06:29:51] Task 3: zero-shot validation (pre-train)
---- Zero-shot (pre-train) task 3: rec_cls 0.0412 | prec_cls 0.1137 | f1_cls 0.1462 | det 0.5995 | pfa 0.0010 | total_f1 0.4411 ----
[STATE 2026-04-10 06:30:48] Starting task 3 (4/10)
[STATE 2026-04-10 06:30:48] Task 3 Epoch 1/10: entering train loop
[STATE 2026-04-10 06:33:41] Task 3 Epoch 1/10: running validation (end of epoch)
---- Eval at Epoch 0: cls [0.5564924705973987, 0.4796226348706664, 0.6025760849997482, 0.5154291829179923] | det_recall [0.7530536289507855, 0.49995648560112327, 0.8063745893594587, 0.9928813278882345] | det_fa [0.4155904457947987, 0.9991220775671366, 0.23902756806526002, 0.013746092177452018] ----
T3 Ep 1/10 | L 1.9373 | Train Acc 0.44 | Prec 0.43 | F1 0.48 | Det Rec 0.94 | Det FA 0.00 | Epoch Time 229.71s (Eval 57.21s, Train 172.51s)
[STATE 2026-04-10 06:34:38] T3 Ep 1/10 complete: Prec 0.4290 F1 0.4786 DetRec 0.9353 DetFA 0.0050 | 229.71s total (57.21s eval/172.51s train)
[STATE 2026-04-10 06:34:38] Task 3 Epoch 2/10: entering train loop
T3 Ep 2/10 | L 0.6654 | Train Acc 0.57 | Prec 0.56 | F1 0.61 | Det Rec 1.00 | Det FA 0.00 | Epoch Time 172.39s (Eval 0.00s, Train 172.39s)
[STATE 2026-04-10 06:37:30] T3 Ep 2/10 complete: Prec 0.5643 F1 0.6109 DetRec 0.9967 DetFA 0.0017 | 172.39s total (0.00s eval/172.39s train)
[STATE 2026-04-10 06:37:30] Task 3 Epoch 3/10: entering train loop
T3 Ep 3/10 | L 0.5742 | Train Acc 0.58 | Prec 0.57 | F1 0.62 | Det Rec 1.00 | Det FA 0.00 | Epoch Time 172.69s (Eval 0.00s, Train 172.69s)
[STATE 2026-04-10 06:40:23] T3 Ep 3/10 complete: Prec 0.5682 F1 0.6182 DetRec 0.9976 DetFA 0.0001 | 172.69s total (0.00s eval/172.69s train)
[STATE 2026-04-10 06:40:23] Task 3 Epoch 4/10: entering train loop
T3 Ep 4/10 | L 0.5076 | Train Acc 0.59 | Prec 0.58 | F1 0.63 | Det Rec 1.00 | Det FA 0.00 | Epoch Time 171.81s (Eval 0.00s, Train 171.81s)
[STATE 2026-04-10 06:43:15] T3 Ep 4/10 complete: Prec 0.5818 F1 0.6266 DetRec 0.9978 DetFA 0.0001 | 171.81s total (0.00s eval/171.81s train)
[STATE 2026-04-10 06:43:15] Task 3 Epoch 5/10: entering train loop
T3 Ep 5/10 | L 0.4762 | Train Acc 0.60 | Prec 0.60 | F1 0.64 | Det Rec 1.00 | Det FA 0.00 | Epoch Time 171.64s (Eval 0.00s, Train 171.64s)
[STATE 2026-04-10 06:46:07] T3 Ep 5/10 complete: Prec 0.6019 F1 0.6363 DetRec 0.9978 DetFA 0.0001 | 171.64s total (0.00s eval/171.64s train)
[STATE 2026-04-10 06:46:07] Task 3 Epoch 6/10: entering train loop
T3 Ep 6/10 | L 0.4593 | Train Acc 0.61 | Prec 0.60 | F1 0.64 | Det Rec 1.00 | Det FA 0.00 | Epoch Time 172.41s (Eval 0.00s, Train 172.41s)
[STATE 2026-04-10 06:48:59] T3 Ep 6/10 complete: Prec 0.5988 F1 0.6430 DetRec 0.9980 DetFA 0.0000 | 172.41s total (0.00s eval/172.41s train)
[STATE 2026-04-10 06:48:59] Task 3 Epoch 7/10: entering train loop
T3 Ep 7/10 | L 0.4305 | Train Acc 0.61 | Prec 0.62 | F1 0.65 | Det Rec 1.00 | Det FA 0.00 | Epoch Time 171.55s (Eval 0.00s, Train 171.55s)
[STATE 2026-04-10 06:51:51] T3 Ep 7/10 complete: Prec 0.6184 F1 0.6491 DetRec 0.9982 DetFA 0.0000 | 171.55s total (0.00s eval/171.55s train)
[STATE 2026-04-10 06:51:51] Task 3 Epoch 8/10: entering train loop
T3 Ep 8/10 | L 0.4024 | Train Acc 0.61 | Prec 0.60 | F1 0.64 | Det Rec 1.00 | Det FA 0.00 | Epoch Time 172.16s (Eval 0.00s, Train 172.16s)
[STATE 2026-04-10 06:54:43] T3 Ep 8/10 complete: Prec 0.6008 F1 0.6442 DetRec 0.9984 DetFA 0.0000 | 172.16s total (0.00s eval/172.16s train)
[STATE 2026-04-10 06:54:43] Task 3 Epoch 9/10: entering train loop
T3 Ep 9/10 | L 0.3936 | Train Acc 0.62 | Prec 0.62 | F1 0.65 | Det Rec 1.00 | Det FA 0.00 | Epoch Time 172.81s (Eval 0.00s, Train 172.81s)
[STATE 2026-04-10 06:57:36] T3 Ep 9/10 complete: Prec 0.6173 F1 0.6532 DetRec 0.9991 DetFA 0.0000 | 172.81s total (0.00s eval/172.81s train)
[STATE 2026-04-10 06:57:36] Task 3 Epoch 10/10: entering train loop
T3 Ep 10/10 | L 0.3761 | Train Acc 0.62 | Prec 0.62 | F1 0.65 | Det Rec 1.00 | Det FA 0.00 | Epoch Time 172.23s (Eval 0.00s, Train 172.23s)
[STATE 2026-04-10 07:00:28] T3 Ep 10/10 complete: Prec 0.6165 F1 0.6530 DetRec 0.9987 DetFA 0.0000 | 172.23s total (0.00s eval/172.23s train)
[STATE 2026-04-10 07:00:28] Task 3: running final validation.
[STATE 2026-04-10 07:01:25] Completed task 3 (4/10)
Task 4: 24480 training samples, 8160 test samples.
[STATE 2026-04-10 07:01:25] Task 4: zero-shot validation (pre-train)
---- Zero-shot (pre-train) task 4: rec_cls 0.1669 | prec_cls 0.1402 | f1_cls 0.1041 | det 0.3846 | pfa 1.0000 | total_f1 0.4321 ----
[STATE 2026-04-10 07:02:24] Starting task 4 (5/10)
[STATE 2026-04-10 07:02:24] Task 4 Epoch 1/10: entering train loop
[STATE 2026-04-10 07:05:16] Task 4 Epoch 1/10: running validation (end of epoch)
---- Eval at Epoch 0: cls [0.5569890858061668, 0.4947693168553987, 0.5858991923271805, 0.5451192069348966, 0.34688569341322684] | det_recall [0.8396335813812791, 0.5015690955779589, 0.794592893736933, 0.9944038651418401, 0.9997632270007318] | det_fa [0.25782413908152196, 0.995767821354692, 0.2895384349564409, 0.0, 0.0] ----
T4 Ep 1/10 | L 1.2665 | Train Acc 0.32 | Prec 0.32 | F1 0.38 | Det Rec 0.95 | Det FA 0.00 | Epoch Time 231.45s (Eval 59.38s, Train 172.07s)
[STATE 2026-04-10 07:06:16] T4 Ep 1/10 complete: Prec 0.3174 F1 0.3770 DetRec 0.9539 DetFA 0.0004 | 231.45s total (59.38s eval/172.07s train)
[STATE 2026-04-10 07:06:16] Task 4 Epoch 2/10: entering train loop
T4 Ep 2/10 | L 0.5561 | Train Acc 0.43 | Prec 0.48 | F1 0.48 | Det Rec 1.00 | Det FA 0.00 | Epoch Time 173.56s (Eval 0.00s, Train 173.56s)
[STATE 2026-04-10 07:09:09] T4 Ep 2/10 complete: Prec 0.4756 F1 0.4821 DetRec 1.0000 DetFA 0.0000 | 173.56s total (0.00s eval/173.56s train)
[STATE 2026-04-10 07:09:09] Task 4 Epoch 3/10: entering train loop
T4 Ep 3/10 | L 0.5050 | Train Acc 0.46 | Prec 0.51 | F1 0.52 | Det Rec 1.00 | Det FA 0.00 | Epoch Time 172.14s (Eval 0.00s, Train 172.14s)
[STATE 2026-04-10 07:12:02] T4 Ep 3/10 complete: Prec 0.5148 F1 0.5182 DetRec 1.0000 DetFA 0.0000 | 172.14s total (0.00s eval/172.14s train)
[STATE 2026-04-10 07:12:02] Task 4 Epoch 4/10: entering train loop
T4 Ep 4/10 | L 0.4784 | Train Acc 0.49 | Prec 0.53 | F1 0.54 | Det Rec 1.00 | Det FA 0.00 | Epoch Time 172.79s (Eval 0.00s, Train 172.79s)
[STATE 2026-04-10 07:14:54] T4 Ep 4/10 complete: Prec 0.5334 F1 0.5427 DetRec 1.0000 DetFA 0.0000 | 172.79s total (0.00s eval/172.79s train)
[STATE 2026-04-10 07:14:54] Task 4 Epoch 5/10: entering train loop
T4 Ep 5/10 | L 0.4504 | Train Acc 0.51 | Prec 0.54 | F1 0.56 | Det Rec 1.00 | Det FA 0.00 | Epoch Time 172.91s (Eval 0.00s, Train 172.91s)
[STATE 2026-04-10 07:17:47] T4 Ep 5/10 complete: Prec 0.5362 F1 0.5611 DetRec 1.0000 DetFA 0.0000 | 172.91s total (0.00s eval/172.91s train)
[STATE 2026-04-10 07:17:47] Task 4 Epoch 6/10: entering train loop
T4 Ep 6/10 | L 0.4360 | Train Acc 0.52 | Prec 0.55 | F1 0.57 | Det Rec 1.00 | Det FA 0.00 | Epoch Time 172.40s (Eval 0.00s, Train 172.40s)
[STATE 2026-04-10 07:20:40] T4 Ep 6/10 complete: Prec 0.5512 F1 0.5737 DetRec 1.0000 DetFA 0.0000 | 172.40s total (0.00s eval/172.40s train)
[STATE 2026-04-10 07:20:40] Task 4 Epoch 7/10: entering train loop
T4 Ep 7/10 | L 0.4274 | Train Acc 0.53 | Prec 0.56 | F1 0.58 | Det Rec 1.00 | Det FA 0.00 | Epoch Time 173.23s (Eval 0.00s, Train 173.23s)
[STATE 2026-04-10 07:23:33] T4 Ep 7/10 complete: Prec 0.5570 F1 0.5811 DetRec 1.0000 DetFA 0.0000 | 173.23s total (0.00s eval/173.23s train)
[STATE 2026-04-10 07:23:33] Task 4 Epoch 8/10: entering train loop
T4 Ep 8/10 | L 0.4173 | Train Acc 0.54 | Prec 0.57 | F1 0.59 | Det Rec 1.00 | Det FA 0.00 | Epoch Time 173.53s (Eval 0.00s, Train 173.53s)
[STATE 2026-04-10 07:26:26] T4 Ep 8/10 complete: Prec 0.5688 F1 0.5910 DetRec 1.0000 DetFA 0.0000 | 173.53s total (0.00s eval/173.53s train)
[STATE 2026-04-10 07:26:26] Task 4 Epoch 9/10: entering train loop
T4 Ep 9/10 | L 0.4069 | Train Acc 0.55 | Prec 0.58 | F1 0.60 | Det Rec 1.00 | Det FA 0.00 | Epoch Time 172.77s (Eval 0.00s, Train 172.77s)
[STATE 2026-04-10 07:29:19] T4 Ep 9/10 complete: Prec 0.5770 F1 0.6030 DetRec 1.0000 DetFA 0.0000 | 172.77s total (0.00s eval/172.77s train)
[STATE 2026-04-10 07:29:19] Task 4 Epoch 10/10: entering train loop
T4 Ep 10/10 | L 0.4002 | Train Acc 0.56 | Prec 0.59 | F1 0.61 | Det Rec 1.00 | Det FA 0.00 | Epoch Time 172.25s (Eval 0.00s, Train 172.25s)
[STATE 2026-04-10 07:32:11] T4 Ep 10/10 complete: Prec 0.5873 F1 0.6067 DetRec 1.0000 DetFA 0.0000 | 172.25s total (0.00s eval/172.25s train)
[STATE 2026-04-10 07:32:11] Task 4: running final validation.
[STATE 2026-04-10 07:33:11] Completed task 4 (5/10)
Task 5: 201410 training samples, 100705 test samples.
[STATE 2026-04-10 07:33:11] Task 5: zero-shot validation (pre-train)
---- Zero-shot (pre-train) task 5: rec_cls 0.2056 | prec_cls 0.1155 | f1_cls 0.0827 | det 0.4998 | pfa 0.9980 | total_f1 0.4539 ----
[STATE 2026-04-10 07:34:37] Starting task 5 (6/10)
[STATE 2026-04-10 07:34:37] Task 5 Epoch 1/10: entering train loop
[STATE 2026-04-10 08:00:31] Task 5 Epoch 1/10: running validation (end of epoch)
---- Eval at Epoch 0: cls [0.6153956352996025, 0.4902218275002754, 0.5681343006155641, 0.37464737291311273, 0.3078680411334589, 0.6694490237179733] | det_recall [0.8189480039695661, 0.5073048709695849, 0.8108869309747745, 0.9744168966404799, 0.990317555152397, 0.8624132302144161] | det_fa [0.32766387741193864, 0.9761992188390927, 0.2562685597664918, 0.0, 0.0, 0.14186122204505858] ----
T5 Ep 1/10 | L 0.7611 | Train Acc 0.57 | Prec 0.71 | F1 0.62 | Det Rec 0.85 | Det FA 0.20 | Epoch Time 1639.26s (Eval 85.82s, Train 1553.44s)
[STATE 2026-04-10 08:01:56] T5 Ep 1/10 complete: Prec 0.7110 F1 0.6248 DetRec 0.8520 DetFA 0.1986 | 1639.26s total (85.82s eval/1553.44s train)
[STATE 2026-04-10 08:01:56] Task 5 Epoch 2/10: entering train loop
T5 Ep 2/10 | L 0.4841 | Train Acc 0.72 | Prec 0.86 | F1 0.77 | Det Rec 0.88 | Det FA 0.14 | Epoch Time 1556.54s (Eval 0.00s, Train 1556.54s)
[STATE 2026-04-10 08:27:53] T5 Ep 2/10 complete: Prec 0.8604 F1 0.7691 DetRec 0.8845 DetFA 0.1392 | 1556.54s total (0.00s eval/1556.54s train)
[STATE 2026-04-10 08:27:53] Task 5 Epoch 3/10: entering train loop
T5 Ep 3/10 | L 0.4287 | Train Acc 0.74 | Prec 0.88 | F1 0.79 | Det Rec 0.89 | Det FA 0.12 | Epoch Time 1554.11s (Eval 0.00s, Train 1554.11s)
[STATE 2026-04-10 08:53:47] T5 Ep 3/10 complete: Prec 0.8822 F1 0.7892 DetRec 0.8937 DetFA 0.1208 | 1554.11s total (0.00s eval/1554.11s train)
[STATE 2026-04-10 08:53:47] Task 5 Epoch 4/10: entering train loop
T5 Ep 4/10 | L 0.3963 | Train Acc 0.75 | Prec 0.89 | F1 0.80 | Det Rec 0.90 | Det FA 0.11 | Epoch Time 1554.79s (Eval 0.00s, Train 1554.79s)
[STATE 2026-04-10 09:19:42] T5 Ep 4/10 complete: Prec 0.8923 F1 0.8011 DetRec 0.8990 DetFA 0.1130 | 1554.79s total (0.00s eval/1554.79s train)
[STATE 2026-04-10 09:19:42] Task 5 Epoch 5/10: entering train loop
T5 Ep 5/10 | L 0.3764 | Train Acc 0.76 | Prec 0.90 | F1 0.81 | Det Rec 0.90 | Det FA 0.11 | Epoch Time 1556.76s (Eval 0.00s, Train 1556.76s)
[STATE 2026-04-10 09:45:39] T5 Ep 5/10 complete: Prec 0.9014 F1 0.8115 DetRec 0.9035 DetFA 0.1074 | 1556.76s total (0.00s eval/1556.76s train)
[STATE 2026-04-10 09:45:39] Task 5 Epoch 6/10: entering train loop
T5 Ep 6/10 | L 0.3592 | Train Acc 0.77 | Prec 0.90 | F1 0.82 | Det Rec 0.91 | Det FA 0.11 | Epoch Time 1556.54s (Eval 0.00s, Train 1556.54s)
[STATE 2026-04-10 10:11:35] T5 Ep 6/10 complete: Prec 0.9045 F1 0.8187 DetRec 0.9063 DetFA 0.1054 | 1556.54s total (0.00s eval/1556.54s train)
[STATE 2026-04-10 10:11:35] Task 5 Epoch 7/10: entering train loop
T5 Ep 7/10 | L 0.3466 | Train Acc 0.78 | Prec 0.91 | F1 0.83 | Det Rec 0.91 | Det FA 0.09 | Epoch Time 1557.98s (Eval 0.00s, Train 1557.98s)
[STATE 2026-04-10 10:37:33] T5 Ep 7/10 complete: Prec 0.9094 F1 0.8256 DetRec 0.9109 DetFA 0.0946 | 1557.98s total (0.00s eval/1557.98s train)
[STATE 2026-04-10 10:37:33] Task 5 Epoch 8/10: entering train loop
T5 Ep 8/10 | L 0.3371 | Train Acc 0.79 | Prec 0.91 | F1 0.83 | Det Rec 0.91 | Det FA 0.09 | Epoch Time 1559.51s (Eval 0.00s, Train 1559.51s)
[STATE 2026-04-10 11:03:33] T5 Ep 8/10 complete: Prec 0.9121 F1 0.8312 DetRec 0.9135 DetFA 0.0934 | 1559.51s total (0.00s eval/1559.51s train)
[STATE 2026-04-10 11:03:33] Task 5 Epoch 9/10: entering train loop
T5 Ep 9/10 | L 0.3253 | Train Acc 0.79 | Prec 0.92 | F1 0.84 | Det Rec 0.92 | Det FA 0.09 | Epoch Time 1554.13s (Eval 0.00s, Train 1554.13s)
[STATE 2026-04-10 11:29:27] T5 Ep 9/10 complete: Prec 0.9156 F1 0.8362 DetRec 0.9156 DetFA 0.0900 | 1554.13s total (0.00s eval/1554.13s train)
[STATE 2026-04-10 11:29:27] Task 5 Epoch 10/10: entering train loop
T5 Ep 10/10 | L 0.3176 | Train Acc 0.80 | Prec 0.92 | F1 0.84 | Det Rec 0.92 | Det FA 0.09 | Epoch Time 1553.29s (Eval 0.00s, Train 1553.29s)
[STATE 2026-04-10 11:55:20] T5 Ep 10/10 complete: Prec 0.9176 F1 0.8399 DetRec 0.9178 DetFA 0.0861 | 1553.29s total (0.00s eval/1553.29s train)
[STATE 2026-04-10 11:55:20] Task 5: running final validation.
[STATE 2026-04-10 11:56:46] Completed task 5 (6/10)
Task 6: 17340 training samples, 6800 test samples.
[STATE 2026-04-10 11:56:46] Task 6: zero-shot validation (pre-train)
---- Zero-shot (pre-train) task 6: rec_cls 0.1175 | prec_cls 0.1790 | f1_cls 0.0456 | det 0.4257 | pfa 1.0000 | total_f1 0.4134 ----
[STATE 2026-04-10 11:58:14] Starting task 6 (7/10)
[STATE 2026-04-10 11:58:14] Task 6 Epoch 1/10: entering train loop
[STATE 2026-04-10 12:00:15] Task 6 Epoch 1/10: running validation (end of epoch)
---- Eval at Epoch 0: cls [0.5925454036833785, 0.4788427771187622, 0.5353790715453229, 0.46329472859864324, 0.35844107585591134, 0.7348140790754621, 0.5181700266159668] | det_recall [0.7090393184755917, 0.5051626594972219, 0.7086926268705902, 0.9918084000302281, 0.9992943672908684, 0.8594208485049196, 0.9971469066489768] | det_fa [0.5581573547666925, 0.9855244928739111, 0.5466148941773613, 0.00023674242424242425, 0.0, 0.2595650207325969, 0.005706186702046764] ----
T6 Ep 1/10 | L 1.7107 | Train Acc 0.43 | Prec 0.42 | F1 0.50 | Det Rec 0.94 | Det FA 0.01 | Epoch Time 209.57s (Eval 87.68s, Train 121.88s)
[STATE 2026-04-10 12:01:43] T6 Ep 1/10 complete: Prec 0.4180 F1 0.4976 DetRec 0.9424 DetFA 0.0053 | 209.57s total (87.68s eval/121.88s train)
[STATE 2026-04-10 12:01:43] Task 6 Epoch 2/10: entering train loop
T6 Ep 2/10 | L 0.5690 | Train Acc 0.55 | Prec 0.56 | F1 0.61 | Det Rec 1.00 | Det FA 0.00 | Epoch Time 121.69s (Eval 0.00s, Train 121.69s)
[STATE 2026-04-10 12:03:45] T6 Ep 2/10 complete: Prec 0.5595 F1 0.6150 DetRec 0.9999 DetFA 0.0002 | 121.69s total (0.00s eval/121.69s train)
[STATE 2026-04-10 12:03:45] Task 6 Epoch 3/10: entering train loop
T6 Ep 3/10 | L 0.5098 | Train Acc 0.57 | Prec 0.59 | F1 0.64 | Det Rec 1.00 | Det FA 0.00 | Epoch Time 122.17s (Eval 0.00s, Train 122.17s)
[STATE 2026-04-10 12:05:47] T6 Ep 3/10 complete: Prec 0.5935 F1 0.6402 DetRec 1.0000 DetFA 0.0000 | 122.17s total (0.00s eval/122.17s train)
[STATE 2026-04-10 12:05:47] Task 6 Epoch 4/10: entering train loop
T6 Ep 4/10 | L 0.4642 | Train Acc 0.58 | Prec 0.61 | F1 0.65 | Det Rec 1.00 | Det FA 0.00 | Epoch Time 121.73s (Eval 0.00s, Train 121.73s)
[STATE 2026-04-10 12:07:49] T6 Ep 4/10 complete: Prec 0.6086 F1 0.6527 DetRec 1.0000 DetFA 0.0000 | 121.73s total (0.00s eval/121.73s train)
[STATE 2026-04-10 12:07:49] Task 6 Epoch 5/10: entering train loop
T6 Ep 5/10 | L 0.4411 | Train Acc 0.59 | Prec 0.62 | F1 0.66 | Det Rec 1.00 | Det FA 0.00 | Epoch Time 121.78s (Eval 0.00s, Train 121.78s)
[STATE 2026-04-10 12:09:51] T6 Ep 5/10 complete: Prec 0.6213 F1 0.6614 DetRec 1.0000 DetFA 0.0000 | 121.78s total (0.00s eval/121.78s train)
[STATE 2026-04-10 12:09:51] Task 6 Epoch 6/10: entering train loop
T6 Ep 6/10 | L 0.4238 | Train Acc 0.61 | Prec 0.64 | F1 0.67 | Det Rec 1.00 | Det FA 0.00 | Epoch Time 121.84s (Eval 0.00s, Train 121.84s)
[STATE 2026-04-10 12:11:52] T6 Ep 6/10 complete: Prec 0.6362 F1 0.6723 DetRec 1.0000 DetFA 0.0000 | 121.84s total (0.00s eval/121.84s train)
[STATE 2026-04-10 12:11:52] Task 6 Epoch 7/10: entering train loop
T6 Ep 7/10 | L 0.4249 | Train Acc 0.61 | Prec 0.64 | F1 0.68 | Det Rec 1.00 | Det FA 0.00 | Epoch Time 122.68s (Eval 0.00s, Train 122.68s)
[STATE 2026-04-10 12:13:55] T6 Ep 7/10 complete: Prec 0.6415 F1 0.6762 DetRec 1.0000 DetFA 0.0000 | 122.68s total (0.00s eval/122.68s train)
[STATE 2026-04-10 12:13:55] Task 6 Epoch 8/10: entering train loop
T6 Ep 8/10 | L 0.4042 | Train Acc 0.62 | Prec 0.64 | F1 0.68 | Det Rec 1.00 | Det FA 0.00 | Epoch Time 122.27s (Eval 0.00s, Train 122.27s)
[STATE 2026-04-10 12:15:57] T6 Ep 8/10 complete: Prec 0.6425 F1 0.6762 DetRec 1.0000 DetFA 0.0000 | 122.27s total (0.00s eval/122.27s train)
[STATE 2026-04-10 12:15:57] Task 6 Epoch 9/10: entering train loop
T6 Ep 9/10 | L 0.3992 | Train Acc 0.63 | Prec 0.65 | F1 0.69 | Det Rec 1.00 | Det FA 0.00 | Epoch Time 122.29s (Eval 0.00s, Train 122.29s)
[STATE 2026-04-10 12:18:00] T6 Ep 9/10 complete: Prec 0.6512 F1 0.6879 DetRec 1.0000 DetFA 0.0000 | 122.29s total (0.00s eval/122.29s train)
[STATE 2026-04-10 12:18:00] Task 6 Epoch 10/10: entering train loop
T6 Ep 10/10 | L 0.3935 | Train Acc 0.63 | Prec 0.66 | F1 0.69 | Det Rec 1.00 | Det FA 0.00 | Epoch Time 121.89s (Eval 0.00s, Train 121.89s)
[STATE 2026-04-10 12:20:01] T6 Ep 10/10 complete: Prec 0.6606 F1 0.6946 DetRec 1.0000 DetFA 0.0000 | 121.89s total (0.00s eval/121.89s train)
[STATE 2026-04-10 12:20:01] Task 6: running final validation.
[STATE 2026-04-10 12:21:29] Completed task 6 (7/10)
Task 7: 188050 training samples, 94025 test samples.
[STATE 2026-04-10 12:21:30] Task 7: zero-shot validation (pre-train)
---- Zero-shot (pre-train) task 7: rec_cls 0.2229 | prec_cls 0.1334 | f1_cls 0.0683 | det 0.4985 | pfa 0.9980 | total_f1 0.4739 ----
[STATE 2026-04-10 12:23:22] Starting task 7 (8/10)
[STATE 2026-04-10 12:23:22] Task 7 Epoch 1/10: entering train loop
[STATE 2026-04-10 12:47:38] Task 7 Epoch 1/10: running validation (end of epoch)
---- Eval at Epoch 0: cls [0.5577637539651532, 0.45336446259622637, 0.5647965781947182, 0.4000939646233394, 0.31090360425382446, 0.6579513156664863, 0.4296600634792651, 0.735438718977128] | det_recall [0.792482939147399, 0.5433523459046566, 0.7974290905603116, 0.9752541659267557, 0.9998681434599156, 0.8826867342851652, 0.9969979661267198, 0.8410113897396136] | det_fa [0.3577801699271031, 0.8849915697473703, 0.33621737377987987, 0.0012332263771941989, 0.0, 0.1704985892717809, 0.002653709249098731, 0.2958454165376564] ----
T7 Ep 1/10 | L 0.6697 | Train Acc 0.65 | Prec 0.73 | F1 0.68 | Det Rec 0.84 | Det FA 0.26 | Epoch Time 1568.14s (Eval 112.46s, Train 1455.69s)
[STATE 2026-04-10 12:49:30] T7 Ep 1/10 complete: Prec 0.7341 F1 0.6776 DetRec 0.8417 DetFA 0.2585 | 1568.14s total (112.46s eval/1455.69s train)
[STATE 2026-04-10 12:49:30] Task 7 Epoch 2/10: entering train loop
T7 Ep 2/10 | L 0.4308 | Train Acc 0.77 | Prec 0.86 | F1 0.79 | Det Rec 0.87 | Det FA 0.21 | Epoch Time 1452.47s (Eval 0.00s, Train 1452.47s)
[STATE 2026-04-10 13:13:43] T7 Ep 2/10 complete: Prec 0.8551 F1 0.7915 DetRec 0.8686 DetFA 0.2075 | 1452.47s total (0.00s eval/1452.47s train)
[STATE 2026-04-10 13:13:43] Task 7 Epoch 3/10: entering train loop
T7 Ep 3/10 | L 0.3926 | Train Acc 0.78 | Prec 0.87 | F1 0.81 | Det Rec 0.87 | Det FA 0.20 | Epoch Time 1453.79s (Eval 0.00s, Train 1453.79s)
[STATE 2026-04-10 13:37:56] T7 Ep 3/10 complete: Prec 0.8676 F1 0.8071 DetRec 0.8742 DetFA 0.2030 | 1453.79s total (0.00s eval/1453.79s train)
[STATE 2026-04-10 13:37:56] Task 7 Epoch 4/10: entering train loop
T7 Ep 4/10 | L 0.3718 | Train Acc 0.79 | Prec 0.87 | F1 0.82 | Det Rec 0.88 | Det FA 0.20 | Epoch Time 1454.49s (Eval 0.00s, Train 1454.49s)
[STATE 2026-04-10 14:02:11] T7 Ep 4/10 complete: Prec 0.8747 F1 0.8153 DetRec 0.8777 DetFA 0.1963 | 1454.49s total (0.00s eval/1454.49s train)
[STATE 2026-04-10 14:02:11] Task 7 Epoch 5/10: entering train loop
T7 Ep 5/10 | L 0.3560 | Train Acc 0.80 | Prec 0.88 | F1 0.82 | Det Rec 0.88 | Det FA 0.19 | Epoch Time 1454.22s (Eval 0.00s, Train 1454.22s)
[STATE 2026-04-10 14:26:25] T7 Ep 5/10 complete: Prec 0.8820 F1 0.8236 DetRec 0.8799 DetFA 0.1939 | 1454.22s total (0.00s eval/1454.22s train)
[STATE 2026-04-10 14:26:25] Task 7 Epoch 6/10: entering train loop
T7 Ep 6/10 | L 0.3427 | Train Acc 0.81 | Prec 0.89 | F1 0.83 | Det Rec 0.88 | Det FA 0.19 | Epoch Time 1453.82s (Eval 0.00s, Train 1453.82s)
[STATE 2026-04-10 14:50:39] T7 Ep 6/10 complete: Prec 0.8867 F1 0.8302 DetRec 0.8840 DetFA 0.1879 | 1453.82s total (0.00s eval/1453.82s train)
[STATE 2026-04-10 14:50:39] Task 7 Epoch 7/10: entering train loop
T7 Ep 7/10 | L 0.3327 | Train Acc 0.82 | Prec 0.89 | F1 0.84 | Det Rec 0.89 | Det FA 0.18 | Epoch Time 1452.16s (Eval 0.00s, Train 1452.16s)
[STATE 2026-04-10 15:14:51] T7 Ep 7/10 complete: Prec 0.8934 F1 0.8368 DetRec 0.8863 DetFA 0.1823 | 1452.16s total (0.00s eval/1452.16s train)
[STATE 2026-04-10 15:14:51] Task 7 Epoch 8/10: entering train loop
T7 Ep 8/10 | L 0.3255 | Train Acc 0.82 | Prec 0.90 | F1 0.84 | Det Rec 0.89 | Det FA 0.18 | Epoch Time 1452.91s (Eval 0.00s, Train 1452.91s)
[STATE 2026-04-10 15:39:04] T7 Ep 8/10 complete: Prec 0.8951 F1 0.8403 DetRec 0.8882 DetFA 0.1789 | 1452.91s total (0.00s eval/1452.91s train)
[STATE 2026-04-10 15:39:04] Task 7 Epoch 9/10: entering train loop
T7 Ep 9/10 | L 0.3171 | Train Acc 0.83 | Prec 0.90 | F1 0.84 | Det Rec 0.89 | Det FA 0.17 | Epoch Time 1452.61s (Eval 0.00s, Train 1452.61s)
[STATE 2026-04-10 16:03:17] T7 Ep 9/10 complete: Prec 0.8989 F1 0.8449 DetRec 0.8915 DetFA 0.1710 | 1452.61s total (0.00s eval/1452.61s train)
[STATE 2026-04-10 16:03:17] Task 7 Epoch 10/10: entering train loop
T7 Ep 10/10 | L 0.3093 | Train Acc 0.83 | Prec 0.90 | F1 0.85 | Det Rec 0.89 | Det FA 0.17 | Epoch Time 1456.31s (Eval 0.00s, Train 1456.31s)
[STATE 2026-04-10 16:27:33] T7 Ep 10/10 complete: Prec 0.9019 F1 0.8485 DetRec 0.8928 DetFA 0.1697 | 1456.31s total (0.00s eval/1456.31s train)
[STATE 2026-04-10 16:27:33] Task 7: running final validation.
[STATE 2026-04-10 16:29:25] Completed task 7 (8/10)
Task 8: 36658 training samples, 12220 test samples.
[STATE 2026-04-10 16:29:25] Task 8: zero-shot validation (pre-train)
---- Zero-shot (pre-train) task 8: rec_cls 0.1875 | prec_cls 0.0617 | f1_cls 0.0403 | det 0.4998 | pfa 1.0000 | total_f1 0.4344 ----
[STATE 2026-04-10 16:31:21] Starting task 8 (9/10)
[STATE 2026-04-10 16:31:21] Task 8 Epoch 1/10: entering train loop
[STATE 2026-04-10 16:35:39] Task 8 Epoch 1/10: running validation (end of epoch)
---- Eval at Epoch 0: cls [0.5923447289194206, 0.46365791591843397, 0.539630634423509, 0.4042040927133199, 0.32797535377714154, 0.6555265491648881, 0.3960175588494139, 0.7372592525338363, 0.5223168295568047] | det_recall [0.8356762068408321, 0.6387419491403485, 0.7946258484581706, 0.9733594900409189, 0.9877671331286005, 0.866869945396706, 0.9863162008377844, 0.8528624683974423, 0.8240309081328818] | det_fa [0.17961548176989972, 0.6538908921514788, 0.38558111069244205, 0.00023674242424242425, 0.0, 0.21723133286953428, 0.011520464875259848, 0.2579142839834127, 0.1917996212805786] ----
T8 Ep 1/10 | L 1.2024 | Train Acc 0.32 | Prec 0.41 | F1 0.38 | Det Rec 0.77 | Det FA 0.13 | Epoch Time 374.25s (Eval 115.57s, Train 258.68s)
[STATE 2026-04-10 16:37:35] T8 Ep 1/10 complete: Prec 0.4095 F1 0.3766 DetRec 0.7665 DetFA 0.1282 | 374.25s total (115.57s eval/258.68s train)
[STATE 2026-04-10 16:37:35] Task 8 Epoch 2/10: entering train loop
T8 Ep 2/10 | L 0.4410 | Train Acc 0.51 | Prec 0.64 | F1 0.57 | Det Rec 0.84 | Det FA 0.06 | Epoch Time 258.36s (Eval 0.00s, Train 258.36s)
[STATE 2026-04-10 16:41:53] T8 Ep 2/10 complete: Prec 0.6431 F1 0.5660 DetRec 0.8435 DetFA 0.0622 | 258.36s total (0.00s eval/258.36s train)
[STATE 2026-04-10 16:41:53] Task 8 Epoch 3/10: entering train loop
T8 Ep 3/10 | L 0.3798 | Train Acc 0.55 | Prec 0.69 | F1 0.60 | Det Rec 0.86 | Det FA 0.07 | Epoch Time 258.66s (Eval 0.00s, Train 258.66s)
[STATE 2026-04-10 16:46:12] T8 Ep 3/10 complete: Prec 0.6909 F1 0.6037 DetRec 0.8556 DetFA 0.0696 | 258.66s total (0.00s eval/258.66s train)
[STATE 2026-04-10 16:46:12] Task 8 Epoch 4/10: entering train loop
T8 Ep 4/10 | L 0.3462 | Train Acc 0.58 | Prec 0.73 | F1 0.63 | Det Rec 0.86 | Det FA 0.08 | Epoch Time 258.04s (Eval 0.00s, Train 258.04s)
[STATE 2026-04-10 16:50:30] T8 Ep 4/10 complete: Prec 0.7333 F1 0.6262 DetRec 0.8609 DetFA 0.0812 | 258.04s total (0.00s eval/258.04s train)
[STATE 2026-04-10 16:50:30] Task 8 Epoch 5/10: entering train loop
T8 Ep 5/10 | L 0.3239 | Train Acc 0.59 | Prec 0.75 | F1 0.64 | Det Rec 0.87 | Det FA 0.07 | Epoch Time 258.83s (Eval 0.00s, Train 258.83s)
[STATE 2026-04-10 16:54:49] T8 Ep 5/10 complete: Prec 0.7456 F1 0.6401 DetRec 0.8658 DetFA 0.0721 | 258.83s total (0.00s eval/258.83s train)
[STATE 2026-04-10 16:54:49] Task 8 Epoch 6/10: entering train loop
T8 Ep 6/10 | L 0.3140 | Train Acc 0.61 | Prec 0.76 | F1 0.65 | Det Rec 0.87 | Det FA 0.07 | Epoch Time 258.64s (Eval 0.00s, Train 258.64s)
[STATE 2026-04-10 16:59:07] T8 Ep 6/10 complete: Prec 0.7568 F1 0.6501 DetRec 0.8677 DetFA 0.0744 | 258.64s total (0.00s eval/258.64s train)
[STATE 2026-04-10 16:59:07] Task 8 Epoch 7/10: entering train loop
T8 Ep 7/10 | L 0.3057 | Train Acc 0.62 | Prec 0.77 | F1 0.66 | Det Rec 0.87 | Det FA 0.07 | Epoch Time 258.81s (Eval 0.00s, Train 258.81s)
[STATE 2026-04-10 17:03:26] T8 Ep 7/10 complete: Prec 0.7680 F1 0.6627 DetRec 0.8699 DetFA 0.0712 | 258.81s total (0.00s eval/258.81s train)
[STATE 2026-04-10 17:03:26] Task 8 Epoch 8/10: entering train loop
T8 Ep 8/10 | L 0.2880 | Train Acc 0.62 | Prec 0.78 | F1 0.66 | Det Rec 0.87 | Det FA 0.07 | Epoch Time 259.41s (Eval 0.00s, Train 259.41s)
[STATE 2026-04-10 17:07:46] T8 Ep 8/10 complete: Prec 0.7753 F1 0.6642 DetRec 0.8734 DetFA 0.0728 | 259.41s total (0.00s eval/259.41s train)
[STATE 2026-04-10 17:07:46] Task 8 Epoch 9/10: entering train loop
T8 Ep 9/10 | L 0.2756 | Train Acc 0.64 | Prec 0.79 | F1 0.68 | Det Rec 0.88 | Det FA 0.07 | Epoch Time 259.15s (Eval 0.00s, Train 259.15s)
[STATE 2026-04-10 17:12:05] T8 Ep 9/10 complete: Prec 0.7913 F1 0.6807 DetRec 0.8768 DetFA 0.0726 | 259.15s total (0.00s eval/259.15s train)
[STATE 2026-04-10 17:12:05] Task 8 Epoch 10/10: entering train loop
T8 Ep 10/10 | L 0.2706 | Train Acc 0.66 | Prec 0.83 | F1 0.70 | Det Rec 0.88 | Det FA 0.08 | Epoch Time 259.44s (Eval 0.00s, Train 259.44s)
[STATE 2026-04-10 17:16:24] T8 Ep 10/10 complete: Prec 0.8254 F1 0.6994 DetRec 0.8813 DetFA 0.0765 | 259.44s total (0.00s eval/259.44s train)
[STATE 2026-04-10 17:16:24] Task 8: running final validation.
[STATE 2026-04-10 17:18:20] Completed task 8 (9/10)
Task 9: 17340 training samples, 6800 test samples.
[STATE 2026-04-10 17:18:20] Task 9: zero-shot validation (pre-train)
---- Zero-shot (pre-train) task 9: rec_cls 0.1826 | prec_cls 0.1835 | f1_cls 0.1075 | det 0.4826 | pfa 1.0000 | total_f1 0.4790 ----
[STATE 2026-04-10 17:20:17] Starting task 9 (10/10)
[STATE 2026-04-10 17:20:17] Task 9 Epoch 1/10: entering train loop
[STATE 2026-04-10 17:22:19] Task 9 Epoch 1/10: running validation (end of epoch)
---- Eval at Epoch 0: cls [0.6483265016817077, 0.47483105015266486, 0.5082978043094164, 0.43888379399412475, 0.3088606564367206, 0.6770047416665146, 0.427664201031325, 0.662445559650988, 0.6687429592797952, 0.42215786313989334] | det_recall [0.8389749330404636, 0.5075470553455664, 0.7718518918673344, 0.9930592781792124, 1.0, 0.8437497546940806, 0.9908741638433349, 0.8239757833746636, 0.6078185284896298, 1.0] | det_fa [0.2653968909258378, 0.9794301834455326, 0.4196617866250732, 0.0009833942786045835, 0.0, 0.2947904312325337, 0.0172456360960263, 0.3322277236437551, 0.7592989674679037, 0.0] ----
T9 Ep 1/10 | L 1.2124 | Train Acc 0.39 | Prec 0.39 | F1 0.45 | Det Rec 0.98 | Det FA 0.00 | Epoch Time 239.04s (Eval 117.36s, Train 121.68s)
[STATE 2026-04-10 17:24:16] T9 Ep 1/10 complete: Prec 0.3898 F1 0.4454 DetRec 0.9751 DetFA 0.0001 | 239.04s total (117.36s eval/121.68s train)
[STATE 2026-04-10 17:24:16] Task 9 Epoch 2/10: entering train loop
T9 Ep 2/10 | L 0.5057 | Train Acc 0.47 | Prec 0.48 | F1 0.52 | Det Rec 1.00 | Det FA 0.00 | Epoch Time 121.57s (Eval 0.00s, Train 121.57s)
[STATE 2026-04-10 17:26:18] T9 Ep 2/10 complete: Prec 0.4794 F1 0.5217 DetRec 1.0000 DetFA 0.0000 | 121.57s total (0.00s eval/121.57s train)
[STATE 2026-04-10 17:26:18] Task 9 Epoch 3/10: entering train loop
T9 Ep 3/10 | L 0.4337 | Train Acc 0.51 | Prec 0.53 | F1 0.56 | Det Rec 1.00 | Det FA 0.00 | Epoch Time 122.82s (Eval 0.00s, Train 122.82s)
[STATE 2026-04-10 17:28:21] T9 Ep 3/10 complete: Prec 0.5290 F1 0.5635 DetRec 1.0000 DetFA 0.0000 | 122.82s total (0.00s eval/122.82s train)
[STATE 2026-04-10 17:28:21] Task 9 Epoch 4/10: entering train loop
T9 Ep 4/10 | L 0.4661 | Train Acc 0.51 | Prec 0.52 | F1 0.56 | Det Rec 1.00 | Det FA 0.01 | Epoch Time 122.47s (Eval 0.00s, Train 122.47s)
[STATE 2026-04-10 17:30:23] T9 Ep 4/10 complete: Prec 0.5239 F1 0.5568 DetRec 0.9975 DetFA 0.0051 | 122.47s total (0.00s eval/122.47s train)
[STATE 2026-04-10 17:30:23] Task 9 Epoch 5/10: entering train loop
T9 Ep 5/10 | L 0.4027 | Train Acc 0.52 | Prec 0.53 | F1 0.58 | Det Rec 1.00 | Det FA 0.00 | Epoch Time 122.22s (Eval 0.00s, Train 122.22s)
[STATE 2026-04-10 17:32:26] T9 Ep 5/10 complete: Prec 0.5290 F1 0.5768 DetRec 1.0000 DetFA 0.0000 | 122.22s total (0.00s eval/122.22s train)
[STATE 2026-04-10 17:32:26] Task 9 Epoch 6/10: entering train loop
T9 Ep 6/10 | L 0.3762 | Train Acc 0.55 | Prec 0.55 | F1 0.60 | Det Rec 1.00 | Det FA 0.00 | Epoch Time 122.08s (Eval 0.00s, Train 122.08s)
[STATE 2026-04-10 17:34:28] T9 Ep 6/10 complete: Prec 0.5463 F1 0.5973 DetRec 1.0000 DetFA 0.0000 | 122.08s total (0.00s eval/122.08s train)
[STATE 2026-04-10 17:34:28] Task 9 Epoch 7/10: entering train loop
T9 Ep 7/10 | L 0.3691 | Train Acc 0.56 | Prec 0.57 | F1 0.61 | Det Rec 1.00 | Det FA 0.00 | Epoch Time 121.56s (Eval 0.00s, Train 121.56s)
[STATE 2026-04-10 17:36:29] T9 Ep 7/10 complete: Prec 0.5717 F1 0.6137 DetRec 1.0000 DetFA 0.0000 | 121.56s total (0.00s eval/121.56s train)
[STATE 2026-04-10 17:36:29] Task 9 Epoch 8/10: entering train loop
T9 Ep 8/10 | L 0.3551 | Train Acc 0.56 | Prec 0.57 | F1 0.62 | Det Rec 1.00 | Det FA 0.00 | Epoch Time 121.64s (Eval 0.00s, Train 121.64s)
[STATE 2026-04-10 17:38:31] T9 Ep 8/10 complete: Prec 0.5731 F1 0.6151 DetRec 1.0000 DetFA 0.0000 | 121.64s total (0.00s eval/121.64s train)
[STATE 2026-04-10 17:38:31] Task 9 Epoch 9/10: entering train loop
T9 Ep 9/10 | L 0.3401 | Train Acc 0.57 | Prec 0.59 | F1 0.62 | Det Rec 1.00 | Det FA 0.00 | Epoch Time 121.62s (Eval 0.00s, Train 121.62s)
[STATE 2026-04-10 17:40:32] T9 Ep 9/10 complete: Prec 0.5863 F1 0.6212 DetRec 1.0000 DetFA 0.0000 | 121.62s total (0.00s eval/121.62s train)
[STATE 2026-04-10 17:40:32] Task 9 Epoch 10/10: entering train loop
T9 Ep 10/10 | L 0.3380 | Train Acc 0.58 | Prec 0.58 | F1 0.63 | Det Rec 1.00 | Det FA 0.00 | Epoch Time 121.68s (Eval 0.00s, Train 121.68s)
[STATE 2026-04-10 17:42:34] T9 Ep 10/10 complete: Prec 0.5798 F1 0.6269 DetRec 1.0000 DetFA 0.0000 | 121.68s total (0.00s eval/121.68s train)
[STATE 2026-04-10 17:42:34] Task 9: running final validation.
[STATE 2026-04-10 17:44:32] Completed task 9 (10/10)
####Final Validation Accuracy####
Final Results:- 
 Total Recall: 0.5405975943182264 
 Individual Recall: [0.6313497896993325, 0.47271891958582185, 0.4988012288691953, 0.4788829147728298, 0.3982747224025435, 0.6855006195781832, 0.43828768042023486, 0.6587486561975292, 0.6198294877188615, 0.5235819239377323]
Final Detection Results:- 
 Total Detection: 0.859227966015558 
 Individual Detection: [0.8495704991867491, 0.5246468594927487, 0.7508425465095028, 0.9915674103032558, 1.0, 0.8582339487862201, 0.9977806936337109, 0.8181180215303808, 0.8015196807130125, 1.0]
Final Detection False Alarm:- 
 Total False Alarm: 0.24252465716383892 
 Individual False Alarm: [0.24352308934859596, 0.9369971859786266, 0.4219275199244374, 0.0, 0.0, 0.24366268736344512, 0.004167021206233812, 0.27904779492577203, 0.29592127289127784, 0.0]
SUMMARY_TR cls_rec=0.5799 cls_prec=0.5798 cls_f1=0.6269 det=0.8378 fa=0.3069
SUMMARY_TE cls_rec=0.5406 cls_prec=0.5349 cls_f1=0.5233 det=0.8592 fa=0.2425
[STATE 2026-04-10 17:44:32] Saving results to logs//la-er/full-tasks-2_all-10epochs_weighted-loss-2026-04-09_14-04-34-5148/0/results
Model size: 0.0289 GB
Memory buffer size: 0.0000 GB
logs//la-er/full-tasks-2_all-10epochs_weighted-loss-2026-04-09_14-04-34-5148/0/results: {'expt_name': 'full-tasks-2_all-10epochs_weighted-loss', 'model': 'eralg4', 'arch': 'resnet1d', 'n_hiddens': 100, 'n_layers': 2, 'xav_init': False, 'debug': False, 'use_detector_arch': False, 'glances': 1, 'n_epochs': 10, 'batch_size': 256, 'replay_batch_size': 128, 'memories': 5120, 'lr': 0.001, 'optimizer': 'sgd', 'class_weighted_ce': True, 'cuda': True, 'seed': 0, 'log_every': 10, 'log_dir': 'logs//la-er/full-tasks-2_all-10epochs_weighted-loss-2026-04-09_14-04-34-5148/0', 'tf_dir': 'logs//la-er/full-tasks-2_all-10epochs_weighted-loss-2026-04-09_14-04-34-5148/0/tfdir', 'calc_test_accuracy': False, 'state_logging': True, 'data_path': 'data/rff/radar/full', 'task_order_files': 't2-rcn,t0-rcn,t2-uclresm-25noise,t0-deeprad,t1-deeprad,t1-uclresm-25noise,t3-deeprad,t0-uclresm-25noise,t1-rcn,t2-deeprad', 'loader': 'task_incremental_loader', 'samples_per_task': -1, 'shuffle_tasks': False, 'classes_per_it': 6, 'iterations': 5000, 'dataset': 'iq', 'workers': 0, 'validation': 0.5, 'data_scaling': 'normalize', 'use_iq_aug_features': False, 'iq_aug_feature_type': 'power', 'class_order': 'random', 'increment': 5, 'test_batch_size': 512, 'nc_per_task': None, 'nc_per_task_list': '', 'val_rate': 1000, 'opt_lr': 0.3, 'opt_wt': 0.1, 'alpha_init': 0.001, 'learn_lr': True, 'sync_update': False, 'grad_clip_norm': 5.0, 'meta_batches': 3, 'use_old_task_memory': False, 'second_order': False, 'n_memories': 5120, 'memory_strength': 0, 'steps_per_sample': 1, 'bgd_optimizer': 'sgd', 'optimizer_params': '{}', 'train_mc_iters': 5, 'std_init': 0.05, 'mean_eta': 1, 'fisher_gamma': 0.95, 'rln': 7, 'update_steps': 10, 'meta_lr': 0.001, 'update_lr': 0.1, 'ctx_lr': 0.05, 'n_meta': 1, 'inner_steps': 1, 'temperature': 5.0, 'task_emb': 64, 'classes_per_task': [6, 7, 6, 7, 7, 6, 6, 6, 7, 6], 'get_samples_per_task': <bound method IncrementalLoader.get_samples_per_task of <dataloaders.task_incremental_loader.IncrementalLoader object at 0x78691469c940>>} # val: 0.667 0.541 -0.127 0.000 # sizes: model_gb=0.0289 mem_gb=0.0000 # 99532.40022587776
[STATE 2026-04-10 17:44:32] results.pt components (approx): state_dict 29.6 MB, result_val_t 0.1 KB, result_val_a 0.8 KB
[STATE 2026-04-10 17:44:32] Results saved; total runtime 27.65h
Total runtime: 27.65 hours
