[STATE 2026-04-08 17:10:40] Enabling terminal logging to logs//bcl_dual/full-tasks-2_all-10epochs_weighted-loss-2026-04-08_17-10-40-1653/0/terminal.log
New Experiment Starting...
Running model:  bcl_dual
[STATE 2026-04-08 17:10:40] Experiment 'full-tasks-2_all-10epochs_weighted-loss' starting with model 'bcl_dual' (seed 0)
Set seed 0
t2-rcn.npz train: x=(50362, 1024), y=(50362, 2)
t2-rcn.npz test: x=(16787, 1024), y=(16787, 2)
t2-rcn.npz: applied data scaling mode 'normalize'.
Loaded t2-rcn.npz: Unique train labels: UniqueCountsResult(values=array([-1,  3,  5, 10, 12, 15]), counts=array([24209,  5770,  3030,  2320,  7509,  7524]))
Noise labels ratio in t2-rcn.npz train: 0.24, test: 0.24
Loaded t2-rcn.npz: Remapped labels: [0 1 2 3 4 5]. Size: 50362)
t0-rcn.npz train: x=(51916, 1024), y=(51916, 2)
t0-rcn.npz test: x=(17305, 1024), y=(17305, 2)
t0-rcn.npz: applied data scaling mode 'normalize'.
Loaded t0-rcn.npz: Unique train labels: UniqueCountsResult(values=array([-1,  1,  8,  9, 11, 13, 14]), counts=array([24225,  4268,  2495,  2943,  3015,  7464,  7506]))
Noise labels ratio in t0-rcn.npz train: 0.23, test: 0.23
Loaded t0-rcn.npz: Remapped labels: [ 6  7  8  9 10 11 12]. Size: 51916)
t2-uclresm-25noise.npz train: moved sample axis (3, 350028, 1024) -> (350028, 3, 1024)
t2-uclresm-25noise.npz test: moved sample axis (3, 233351, 1024) -> (233351, 3, 1024)
t2-uclresm-25noise.npz train: x=(350028, 3, 1024), y=(350028,)
t2-uclresm-25noise.npz test: x=(233351, 3, 1024), y=(233351,)
t2-uclresm-25noise.npz: applied data scaling mode 'normalize'.
Loaded t2-uclresm-25noise.npz: Unique train labels: UniqueCountsResult(values=array([-1,  0,  1,  2,  3,  4]), counts=array([87441, 27347, 71754, 64298, 36005, 63183]))
Noise labels ratio in t2-uclresm-25noise.npz train: 0.25, test: 0.25
Loaded t2-uclresm-25noise.npz: Remapped labels: [13 14 15 16 17 18]. Size: 350028)
t0-deeprad.npz train: x=(24480, 1024), y=(24480, 2)
t0-deeprad.npz test: x=(8160, 1024), y=(8160, 2)
t0-deeprad.npz: applied data scaling mode 'normalize'.
Loaded t0-deeprad.npz: Unique train labels: UniqueCountsResult(values=array([-1,  0,  1,  2,  3,  4,  5]), counts=array([12240,  2029,  1983,  2043,  2154,  2015,  2016]))
Noise labels ratio in t0-deeprad.npz train: 0.25, test: 0.25
Loaded t0-deeprad.npz: Remapped labels: [19 20 21 22 23 24 25]. Size: 24480)
t1-deeprad.npz train: x=(24480, 1024), y=(24480, 2)
t1-deeprad.npz test: x=(8160, 1024), y=(8160, 2)
t1-deeprad.npz: applied data scaling mode 'normalize'.
Loaded t1-deeprad.npz: Unique train labels: UniqueCountsResult(values=array([-1,  0,  1,  2,  3,  4,  5]), counts=array([12240,  1988,  2029,  2054,  1988,  2053,  2128]))
Noise labels ratio in t1-deeprad.npz train: 0.25, test: 0.25
Loaded t1-deeprad.npz: Remapped labels: [26 27 28 29 30 31 32]. Size: 24480)
t1-uclresm-25noise.npz train: moved sample axis (3, 201410, 1024) -> (201410, 3, 1024)
t1-uclresm-25noise.npz test: moved sample axis (3, 116291, 1024) -> (116291, 3, 1024)
t1-uclresm-25noise.npz train: x=(201410, 3, 1024), y=(201410,)
t1-uclresm-25noise.npz test: x=(116291, 3, 1024), y=(116291,)
t1-uclresm-25noise.npz: applied data scaling mode 'normalize'.
Loaded t1-uclresm-25noise.npz: Unique train labels: UniqueCountsResult(values=array([-1,  0,  1,  2,  3,  4]), counts=array([43668, 18021, 17838, 18087, 31870, 71926]))
Noise labels ratio in t1-uclresm-25noise.npz train: 0.22, test: 0.25
Loaded t1-uclresm-25noise.npz: Remapped labels: [33 34 35 36 37 38]. Size: 201410)
t3-deeprad.npz train: x=(17340, 1024), y=(17340, 2)
t3-deeprad.npz test: x=(6800, 1024), y=(6800, 2)
t3-deeprad.npz: applied data scaling mode 'normalize'.
Loaded t3-deeprad.npz: Unique train labels: UniqueCountsResult(values=array([-1,  0,  1,  2,  3,  4]), counts=array([8670, 1693, 1677, 1794, 1716, 1790]))
Noise labels ratio in t3-deeprad.npz train: 0.25, test: 0.25
Loaded t3-deeprad.npz: Remapped labels: [39 40 41 42 43 44]. Size: 17340)
t0-uclresm-25noise.npz train: moved sample axis (3, 188050, 1024) -> (188050, 3, 1024)
t0-uclresm-25noise.npz test: moved sample axis (3, 107348, 1024) -> (107348, 3, 1024)
t0-uclresm-25noise.npz train: x=(188050, 3, 1024), y=(188050,)
t0-uclresm-25noise.npz test: x=(107348, 3, 1024), y=(107348,)
t0-uclresm-25noise.npz: applied data scaling mode 'normalize'.
Loaded t0-uclresm-25noise.npz: Unique train labels: UniqueCountsResult(values=array([-1,  0,  1,  2,  3,  4]), counts=array([40144, 32109, 17978, 17979, 18098, 61742]))
Noise labels ratio in t0-uclresm-25noise.npz train: 0.21, test: 0.25
Loaded t0-uclresm-25noise.npz: Remapped labels: [45 46 47 48 49 50]. Size: 188050)
t1-rcn.npz train: x=(36658, 1024), y=(36658, 2)
t1-rcn.npz test: x=(12220, 1024), y=(12220, 2)
t1-rcn.npz: applied data scaling mode 'normalize'.
Loaded t1-rcn.npz: Unique train labels: UniqueCountsResult(values=array([-1,  0,  2,  4,  6,  7, 16]), counts=array([20595,   824,  2087,  2606,  2396,  1716,  6434]))
Noise labels ratio in t1-rcn.npz train: 0.28, test: 0.28
Loaded t1-rcn.npz: Remapped labels: [51 52 53 54 55 56 57]. Size: 36658)
t2-deeprad.npz train: x=(17340, 1024), y=(17340, 2)
t2-deeprad.npz test: x=(6800, 1024), y=(6800, 2)
t2-deeprad.npz: applied data scaling mode 'normalize'.
Loaded t2-deeprad.npz: Unique train labels: UniqueCountsResult(values=array([-1,  0,  1,  2,  3,  4]), counts=array([8670, 1774, 1675, 1777, 1694, 1750]))
Noise labels ratio in t2-deeprad.npz train: 0.25, test: 0.25
Loaded t2-deeprad.npz: Remapped labels: [58 59 60 61 62 63]. Size: 17340)
Built classes_per_task: [6, 7, 6, 7, 7, 6, 6, 6, 7, 6]
Classes per task: [6, 7, 6, 7, 7, 6, 6, 6, 7, 6]
[STATE 2026-04-08 17:11:52] Loader 'task_incremental_loader' ready: 1024 inputs, 64 outputs, 10 tasks
n_outputs: 64 	n_tasks: 10
[STATE 2026-04-08 17:11:52] Logging to logs//bcl_dual/full-tasks-2_all-10epochs_weighted-loss-2026-04-08_17-10-40-1653/0
True
Model device: cuda:0
[STATE 2026-04-08 17:11:53] Model initialized on device cuda:0
[STATE 2026-04-08 17:11:53] Invoking continual life experience flow
[STATE 2026-04-08 17:11:53] Life experience start: 10 tasks queued
Task 0: 50362 training samples, 16787 test samples.
[STATE 2026-04-08 17:11:53] Task 0: zero-shot validation (pre-train)
---- Zero-shot (pre-train) task 0: rec_cls 0.1216 | prec_cls 0.1235 | f1_cls 0.0945 | det 0.4547 | pfa 0.7882 | total_f1 0.0945 ----
[STATE 2026-04-08 17:12:01] Starting task 0 (1/10)
[STATE 2026-04-08 17:12:01] Task 0 Epoch 1/10: entering train loop
[STATE 2026-04-08 17:14:42] Task 0 Epoch 1/10: running validation (end of epoch)
---- Eval at Epoch 0: cls [0.8256890663335194] | det_recall [0.8812905505464268] | det_fa [0.2062716459659798] ----
T0 Ep 1/10 | L 0.5674 | Train Acc 0.62 | Prec 0.63 | F1 0.59 | Det Rec 0.82 | Det FA 0.27 | Epoch Time 169.45s (Eval 8.20s, Train 161.25s)
[STATE 2026-04-08 17:14:50] T0 Ep 1/10 complete: Prec 0.6340 F1 0.5867 DetRec 0.8158 DetFA 0.2713 | 169.45s total (8.20s eval/161.25s train)
[STATE 2026-04-08 17:14:50] Task 0 Epoch 2/10: entering train loop
T0 Ep 2/10 | L 0.1061 | Train Acc 0.86 | Prec 0.87 | F1 0.80 | Det Rec 0.88 | Det FA 0.21 | Epoch Time 162.18s (Eval 0.00s, Train 162.18s)
[STATE 2026-04-08 17:17:32] T0 Ep 2/10 complete: Prec 0.8700 F1 0.8043 DetRec 0.8814 DetFA 0.2109 | 162.18s total (0.00s eval/162.18s train)
[STATE 2026-04-08 17:17:32] Task 0 Epoch 3/10: entering train loop
T0 Ep 3/10 | L 0.0634 | Train Acc 0.88 | Prec 0.90 | F1 0.83 | Det Rec 0.89 | Det FA 0.20 | Epoch Time 163.12s (Eval 0.00s, Train 163.12s)
[STATE 2026-04-08 17:20:16] T0 Ep 3/10 complete: Prec 0.8999 F1 0.8314 DetRec 0.8859 DetFA 0.2021 | 163.12s total (0.00s eval/163.12s train)
[STATE 2026-04-08 17:20:16] Task 0 Epoch 4/10: entering train loop
T0 Ep 4/10 | L 0.0393 | Train Acc 0.89 | Prec 0.91 | F1 0.84 | Det Rec 0.89 | Det FA 0.20 | Epoch Time 172.50s (Eval 0.00s, Train 172.50s)
[STATE 2026-04-08 17:23:08] T0 Ep 4/10 complete: Prec 0.9103 F1 0.8416 DetRec 0.8876 DetFA 0.2000 | 172.50s total (0.00s eval/172.50s train)
[STATE 2026-04-08 17:23:08] Task 0 Epoch 5/10: entering train loop
T0 Ep 5/10 | L 0.0297 | Train Acc 0.90 | Prec 0.92 | F1 0.85 | Det Rec 0.89 | Det FA 0.20 | Epoch Time 180.42s (Eval 0.00s, Train 180.42s)
[STATE 2026-04-08 17:26:08] T0 Ep 5/10 complete: Prec 0.9163 F1 0.8470 DetRec 0.8877 DetFA 0.2008 | 180.42s total (0.00s eval/180.42s train)
[STATE 2026-04-08 17:26:08] Task 0 Epoch 6/10: entering train loop
T0 Ep 6/10 | L 0.0229 | Train Acc 0.91 | Prec 0.92 | F1 0.85 | Det Rec 0.89 | Det FA 0.20 | Epoch Time 212.51s (Eval 0.00s, Train 212.51s)
[STATE 2026-04-08 17:29:41] T0 Ep 6/10 complete: Prec 0.9230 F1 0.8546 DetRec 0.8909 DetFA 0.1959 | 212.51s total (0.00s eval/212.51s train)
[STATE 2026-04-08 17:29:41] Task 0 Epoch 7/10: entering train loop
T0 Ep 7/10 | L 0.0190 | Train Acc 0.91 | Prec 0.93 | F1 0.86 | Det Rec 0.89 | Det FA 0.20 | Epoch Time 222.03s (Eval 0.00s, Train 222.03s)
[STATE 2026-04-08 17:33:23] T0 Ep 7/10 complete: Prec 0.9290 F1 0.8598 DetRec 0.8903 DetFA 0.1975 | 222.03s total (0.00s eval/222.03s train)
[STATE 2026-04-08 17:33:23] Task 0 Epoch 8/10: entering train loop
T0 Ep 8/10 | L 0.0170 | Train Acc 0.92 | Prec 0.93 | F1 0.87 | Det Rec 0.89 | Det FA 0.20 | Epoch Time 191.19s (Eval 0.00s, Train 191.19s)
[STATE 2026-04-08 17:36:34] T0 Ep 8/10 complete: Prec 0.9345 F1 0.8651 DetRec 0.8915 DetFA 0.1964 | 191.19s total (0.00s eval/191.19s train)
[STATE 2026-04-08 17:36:34] Task 0 Epoch 9/10: entering train loop
T0 Ep 9/10 | L 0.0141 | Train Acc 0.93 | Prec 0.94 | F1 0.87 | Det Rec 0.89 | Det FA 0.19 | Epoch Time 169.79s (Eval 0.00s, Train 169.79s)
[STATE 2026-04-08 17:39:24] T0 Ep 9/10 complete: Prec 0.9377 F1 0.8677 DetRec 0.8922 DetFA 0.1949 | 169.79s total (0.00s eval/169.79s train)
[STATE 2026-04-08 17:39:24] Task 0 Epoch 10/10: entering train loop
T0 Ep 10/10 | L 0.0128 | Train Acc 0.93 | Prec 0.94 | F1 0.87 | Det Rec 0.89 | Det FA 0.20 | Epoch Time 163.09s (Eval 0.00s, Train 163.09s)
[STATE 2026-04-08 17:42:07] T0 Ep 10/10 complete: Prec 0.9409 F1 0.8706 DetRec 0.8917 DetFA 0.1965 | 163.09s total (0.00s eval/163.09s train)
[STATE 2026-04-08 17:42:07] Task 0: running final validation.
[STATE 2026-04-08 17:42:15] Completed task 0 (1/10)
Task 1: 51916 training samples, 17305 test samples.
[STATE 2026-04-08 17:42:15] Task 1: zero-shot validation (pre-train)
---- Zero-shot (pre-train) task 1: rec_cls 0.2753 | prec_cls 0.2726 | f1_cls 0.1220 | det 0.5000 | pfa 1.0000 | total_f1 0.4815 ----
[STATE 2026-04-08 17:42:32] Starting task 1 (2/10)
[STATE 2026-04-08 17:42:32] Task 1 Epoch 1/10: entering train loop
[STATE 2026-04-08 17:47:24] Task 1 Epoch 1/10: running validation (end of epoch)
---- Eval at Epoch 0: cls [0.8294225382359437, 0.7939294775968275] | det_recall [0.8831118484006801, 0.842888680357159] | det_fa [0.14297056611520956, 0.25738141632268313] ----
T1 Ep 1/10 | L 0.2626 | Train Acc 0.71 | Prec 0.76 | F1 0.62 | Det Rec 0.75 | Det FA 0.44 | Epoch Time 308.79s (Eval 16.71s, Train 292.07s)
[STATE 2026-04-08 17:47:41] T1 Ep 1/10 complete: Prec 0.7620 F1 0.6233 DetRec 0.7474 DetFA 0.4409 | 308.79s total (16.71s eval/292.07s train)
[STATE 2026-04-08 17:47:41] Task 1 Epoch 2/10: entering train loop
T1 Ep 2/10 | L 0.1150 | Train Acc 0.83 | Prec 0.87 | F1 0.77 | Det Rec 0.85 | Det FA 0.25 | Epoch Time 295.87s (Eval 0.00s, Train 295.87s)
[STATE 2026-04-08 17:52:37] T1 Ep 2/10 complete: Prec 0.8691 F1 0.7706 DetRec 0.8496 DetFA 0.2450 | 295.87s total (0.00s eval/295.87s train)
[STATE 2026-04-08 17:52:37] Task 1 Epoch 3/10: entering train loop
T1 Ep 3/10 | L 0.0564 | Train Acc 0.86 | Prec 0.89 | F1 0.81 | Det Rec 0.88 | Det FA 0.19 | Epoch Time 268.36s (Eval 0.00s, Train 268.36s)
[STATE 2026-04-08 17:57:05] T1 Ep 3/10 complete: Prec 0.8934 F1 0.8144 DetRec 0.8804 DetFA 0.1918 | 268.36s total (0.00s eval/268.36s train)
[STATE 2026-04-08 17:57:05] Task 1 Epoch 4/10: entering train loop
T1 Ep 4/10 | L 0.0378 | Train Acc 0.87 | Prec 0.90 | F1 0.83 | Det Rec 0.89 | Det FA 0.17 | Epoch Time 145.91s (Eval 0.00s, Train 145.91s)
[STATE 2026-04-08 17:59:31] T1 Ep 4/10 complete: Prec 0.9036 F1 0.8327 DetRec 0.8925 DetFA 0.1715 | 145.91s total (0.00s eval/145.91s train)
[STATE 2026-04-08 17:59:31] Task 1 Epoch 5/10: entering train loop
T1 Ep 5/10 | L 0.0270 | Train Acc 0.89 | Prec 0.91 | F1 0.85 | Det Rec 0.90 | Det FA 0.16 | Epoch Time 289.20s (Eval 0.00s, Train 289.20s)
[STATE 2026-04-08 18:04:20] T1 Ep 5/10 complete: Prec 0.9142 F1 0.8465 DetRec 0.8982 DetFA 0.1628 | 289.20s total (0.00s eval/289.20s train)
[STATE 2026-04-08 18:04:20] Task 1 Epoch 6/10: entering train loop
T1 Ep 6/10 | L 0.0223 | Train Acc 0.89 | Prec 0.92 | F1 0.85 | Det Rec 0.90 | Det FA 0.16 | Epoch Time 289.51s (Eval 0.00s, Train 289.51s)
[STATE 2026-04-08 18:09:10] T1 Ep 6/10 complete: Prec 0.9191 F1 0.8549 DetRec 0.9034 DetFA 0.1584 | 289.51s total (0.00s eval/289.51s train)
[STATE 2026-04-08 18:09:10] Task 1 Epoch 7/10: entering train loop
T1 Ep 7/10 | L 0.0186 | Train Acc 0.90 | Prec 0.92 | F1 0.86 | Det Rec 0.91 | Det FA 0.15 | Epoch Time 289.48s (Eval 0.00s, Train 289.48s)
[STATE 2026-04-08 18:13:59] T1 Ep 7/10 complete: Prec 0.9240 F1 0.8615 DetRec 0.9064 DetFA 0.1534 | 289.48s total (0.00s eval/289.48s train)
[STATE 2026-04-08 18:13:59] Task 1 Epoch 8/10: entering train loop
T1 Ep 8/10 | L 0.0161 | Train Acc 0.90 | Prec 0.93 | F1 0.87 | Det Rec 0.91 | Det FA 0.15 | Epoch Time 289.46s (Eval 0.00s, Train 289.46s)
[STATE 2026-04-08 18:18:49] T1 Ep 8/10 complete: Prec 0.9263 F1 0.8664 DetRec 0.9099 DetFA 0.1468 | 289.46s total (0.00s eval/289.46s train)
[STATE 2026-04-08 18:18:49] Task 1 Epoch 9/10: entering train loop
T1 Ep 9/10 | L 0.0145 | Train Acc 0.91 | Prec 0.93 | F1 0.87 | Det Rec 0.91 | Det FA 0.15 | Epoch Time 263.54s (Eval 0.00s, Train 263.54s)
[STATE 2026-04-08 18:23:12] T1 Ep 9/10 complete: Prec 0.9307 F1 0.8702 DetRec 0.9103 DetFA 0.1476 | 263.54s total (0.00s eval/263.54s train)
[STATE 2026-04-08 18:23:12] Task 1 Epoch 10/10: entering train loop
T1 Ep 10/10 | L 0.0119 | Train Acc 0.92 | Prec 0.94 | F1 0.88 | Det Rec 0.91 | Det FA 0.14 | Epoch Time 285.82s (Eval 0.00s, Train 285.82s)
[STATE 2026-04-08 18:27:58] T1 Ep 10/10 complete: Prec 0.9363 F1 0.8778 DetRec 0.9135 DetFA 0.1430 | 285.82s total (0.00s eval/285.82s train)
[STATE 2026-04-08 18:27:58] Task 1: running final validation.
[STATE 2026-04-08 18:28:14] Completed task 1 (2/10)
Task 2: 350028 training samples, 175014 test samples.
[STATE 2026-04-08 18:28:22] Task 2: zero-shot validation (pre-train)
---- Zero-shot (pre-train) task 2: rec_cls 0.0214 | prec_cls 0.1266 | f1_cls 0.0963 | det 0.5339 | pfa 0.0372 | total_f1 0.5874 ----
[STATE 2026-04-08 18:30:03] Starting task 2 (3/10)
[STATE 2026-04-08 18:30:03] Task 2 Epoch 1/10: entering train loop
[STATE 2026-04-08 19:02:08] Task 2 Epoch 1/10: running validation (end of epoch)
---- Eval at Epoch 0: cls [0.7976782898640369, 0.7623461436625008, 0.654156877602119] | det_recall [0.876992343185862, 0.8822227148498643, 0.8191433216837559] | det_fa [0.15011149686840966, 0.12029936126765153, 0.3075981595020334] ----
T2 Ep 1/10 | L 0.2391 | Train Acc 0.53 | Prec 0.54 | F1 0.53 | Det Rec 0.80 | Det FA 0.35 | Epoch Time 2026.43s (Eval 101.80s, Train 1924.63s)
[STATE 2026-04-08 19:03:50] T2 Ep 1/10 complete: Prec 0.5397 F1 0.5270 DetRec 0.7968 DetFA 0.3513 | 2026.43s total (101.80s eval/1924.63s train)
[STATE 2026-04-08 19:03:50] Task 2 Epoch 2/10: entering train loop
T2 Ep 2/10 | L 0.0714 | Train Acc 0.69 | Prec 0.71 | F1 0.68 | Det Rec 0.83 | Det FA 0.28 | Epoch Time 1924.36s (Eval 0.00s, Train 1924.36s)
[STATE 2026-04-08 19:35:54] T2 Ep 2/10 complete: Prec 0.7108 F1 0.6756 DetRec 0.8331 DetFA 0.2842 | 1924.36s total (0.00s eval/1924.36s train)
[STATE 2026-04-08 19:35:54] Task 2 Epoch 3/10: entering train loop
T2 Ep 3/10 | L 0.0359 | Train Acc 0.72 | Prec 0.74 | F1 0.70 | Det Rec 0.85 | Det FA 0.26 | Epoch Time 1894.84s (Eval 0.00s, Train 1894.84s)
[STATE 2026-04-08 20:07:29] T2 Ep 3/10 complete: Prec 0.7384 F1 0.7018 DetRec 0.8452 DetFA 0.2583 | 1894.84s total (0.00s eval/1894.84s train)
[STATE 2026-04-08 20:07:29] Task 2 Epoch 4/10: entering train loop
T2 Ep 4/10 | L 0.0230 | Train Acc 0.73 | Prec 0.75 | F1 0.72 | Det Rec 0.85 | Det FA 0.24 | Epoch Time 1924.82s (Eval 0.00s, Train 1924.82s)
[STATE 2026-04-08 20:39:34] T2 Ep 4/10 complete: Prec 0.7519 F1 0.7166 DetRec 0.8532 DetFA 0.2424 | 1924.82s total (0.00s eval/1924.82s train)
[STATE 2026-04-08 20:39:34] Task 2 Epoch 5/10: entering train loop
T2 Ep 5/10 | L 0.0170 | Train Acc 0.74 | Prec 0.76 | F1 0.73 | Det Rec 0.86 | Det FA 0.24 | Epoch Time 1924.15s (Eval 0.00s, Train 1924.15s)
[STATE 2026-04-08 21:11:38] T2 Ep 5/10 complete: Prec 0.7607 F1 0.7266 DetRec 0.8578 DetFA 0.2353 | 1924.15s total (0.00s eval/1924.15s train)
[STATE 2026-04-08 21:11:38] Task 2 Epoch 6/10: entering train loop
T2 Ep 6/10 | L 0.0134 | Train Acc 0.75 | Prec 0.77 | F1 0.74 | Det Rec 0.86 | Det FA 0.23 | Epoch Time 1924.51s (Eval 0.00s, Train 1924.51s)
[STATE 2026-04-08 21:43:42] T2 Ep 6/10 complete: Prec 0.7687 F1 0.7351 DetRec 0.8618 DetFA 0.2286 | 1924.51s total (0.00s eval/1924.51s train)
[STATE 2026-04-08 21:43:42] Task 2 Epoch 7/10: entering train loop
T2 Ep 7/10 | L 0.0117 | Train Acc 0.76 | Prec 0.78 | F1 0.74 | Det Rec 0.87 | Det FA 0.22 | Epoch Time 1784.87s (Eval 0.00s, Train 1784.87s)
[STATE 2026-04-08 22:13:27] T2 Ep 7/10 complete: Prec 0.7758 F1 0.7425 DetRec 0.8651 DetFA 0.2225 | 1784.87s total (0.00s eval/1784.87s train)
[STATE 2026-04-08 22:13:27] Task 2 Epoch 8/10: entering train loop
T2 Ep 8/10 | L 0.0103 | Train Acc 0.76 | Prec 0.78 | F1 0.75 | Det Rec 0.87 | Det FA 0.22 | Epoch Time 646.60s (Eval 0.00s, Train 646.60s)
[STATE 2026-04-08 22:24:14] T2 Ep 8/10 complete: Prec 0.7802 F1 0.7476 DetRec 0.8673 DetFA 0.2188 | 646.60s total (0.00s eval/646.60s train)
[STATE 2026-04-08 22:24:14] Task 2 Epoch 9/10: entering train loop
T2 Ep 9/10 | L 0.0090 | Train Acc 0.77 | Prec 0.79 | F1 0.75 | Det Rec 0.87 | Det FA 0.22 | Epoch Time 646.36s (Eval 0.00s, Train 646.36s)
[STATE 2026-04-08 22:35:00] T2 Ep 9/10 complete: Prec 0.7854 F1 0.7532 DetRec 0.8694 DetFA 0.2157 | 646.36s total (0.00s eval/646.36s train)
[STATE 2026-04-08 22:35:00] Task 2 Epoch 10/10: entering train loop
T2 Ep 10/10 | L 0.0082 | Train Acc 0.78 | Prec 0.79 | F1 0.76 | Det Rec 0.87 | Det FA 0.21 | Epoch Time 646.05s (Eval 0.00s, Train 646.05s)
[STATE 2026-04-08 22:45:46] T2 Ep 10/10 complete: Prec 0.7909 F1 0.7589 DetRec 0.8722 DetFA 0.2106 | 646.05s total (0.00s eval/646.05s train)
[STATE 2026-04-08 22:45:46] Task 2: running final validation.
[STATE 2026-04-08 22:46:41] Completed task 2 (3/10)
Task 3: 24480 training samples, 8160 test samples.
[STATE 2026-04-08 22:46:41] Task 3: zero-shot validation (pre-train)
---- Zero-shot (pre-train) task 3: rec_cls 0.0872 | prec_cls 0.1124 | f1_cls 0.1776 | det 0.6754 | pfa 0.0002 | total_f1 0.6232 ----
[STATE 2026-04-08 22:47:39] Starting task 3 (4/10)
[STATE 2026-04-08 22:47:39] Task 3 Epoch 1/10: entering train loop
[STATE 2026-04-08 22:48:24] Task 3 Epoch 1/10: running validation (end of epoch)
---- Eval at Epoch 0: cls [0.8231235336806423, 0.7590126072804377, 0.7255388874483137, 0.5891248543122883] | det_recall [0.8820286141232184, 0.8591237642709277, 0.8506407852457608, 0.9974192845806007] | det_fa [0.16973613197497256, 0.19747984901868784, 0.2744020928186499, 0.004429794177334924] ----
T3 Ep 1/10 | L 0.1765 | Train Acc 0.56 | Prec 0.57 | F1 0.61 | Det Rec 1.00 | Det FA 0.00 | Epoch Time 102.52s (Eval 57.13s, Train 45.39s)
[STATE 2026-04-08 22:49:21] T3 Ep 1/10 complete: Prec 0.5724 F1 0.6116 DetRec 0.9959 DetFA 0.0031 | 102.52s total (57.13s eval/45.39s train)
[STATE 2026-04-08 22:49:21] Task 3 Epoch 2/10: entering train loop
T3 Ep 2/10 | L 0.1417 | Train Acc 0.61 | Prec 0.62 | F1 0.66 | Det Rec 1.00 | Det FA 0.00 | Epoch Time 45.29s (Eval 0.00s, Train 45.29s)
[STATE 2026-04-08 22:50:06] T3 Ep 2/10 complete: Prec 0.6237 F1 0.6599 DetRec 0.9987 DetFA 0.0019 | 45.29s total (0.00s eval/45.29s train)
[STATE 2026-04-08 22:50:06] Task 3 Epoch 3/10: entering train loop
T3 Ep 3/10 | L 0.0898 | Train Acc 0.63 | Prec 0.64 | F1 0.68 | Det Rec 1.00 | Det FA 0.00 | Epoch Time 45.29s (Eval 0.00s, Train 45.29s)
[STATE 2026-04-08 22:50:52] T3 Ep 3/10 complete: Prec 0.6429 F1 0.6772 DetRec 0.9992 DetFA 0.0010 | 45.29s total (0.00s eval/45.29s train)
[STATE 2026-04-08 22:50:52] Task 3 Epoch 4/10: entering train loop
T3 Ep 4/10 | L 0.0659 | Train Acc 0.65 | Prec 0.66 | F1 0.69 | Det Rec 1.00 | Det FA 0.00 | Epoch Time 45.29s (Eval 0.00s, Train 45.29s)
[STATE 2026-04-08 22:51:37] T3 Ep 4/10 complete: Prec 0.6605 F1 0.6944 DetRec 0.9995 DetFA 0.0008 | 45.29s total (0.00s eval/45.29s train)
[STATE 2026-04-08 22:51:37] Task 3 Epoch 5/10: entering train loop
T3 Ep 5/10 | L 0.0500 | Train Acc 0.66 | Prec 0.67 | F1 0.70 | Det Rec 1.00 | Det FA 0.00 | Epoch Time 45.30s (Eval 0.00s, Train 45.30s)
[STATE 2026-04-08 22:52:22] T3 Ep 5/10 complete: Prec 0.6684 F1 0.7027 DetRec 0.9997 DetFA 0.0003 | 45.30s total (0.00s eval/45.30s train)
[STATE 2026-04-08 22:52:22] Task 3 Epoch 6/10: entering train loop
T3 Ep 6/10 | L 0.0392 | Train Acc 0.67 | Prec 0.68 | F1 0.72 | Det Rec 1.00 | Det FA 0.00 | Epoch Time 45.48s (Eval 0.00s, Train 45.48s)
[STATE 2026-04-08 22:53:08] T3 Ep 6/10 complete: Prec 0.6834 F1 0.7162 DetRec 0.9997 DetFA 0.0005 | 45.48s total (0.00s eval/45.48s train)
[STATE 2026-04-08 22:53:08] Task 3 Epoch 7/10: entering train loop
T3 Ep 7/10 | L 0.0299 | Train Acc 0.68 | Prec 0.69 | F1 0.73 | Det Rec 1.00 | Det FA 0.00 | Epoch Time 45.54s (Eval 0.00s, Train 45.54s)
[STATE 2026-04-08 22:53:53] T3 Ep 7/10 complete: Prec 0.6938 F1 0.7260 DetRec 0.9997 DetFA 0.0005 | 45.54s total (0.00s eval/45.54s train)
[STATE 2026-04-08 22:53:53] Task 3 Epoch 8/10: entering train loop
T3 Ep 8/10 | L 0.0256 | Train Acc 0.70 | Prec 0.71 | F1 0.74 | Det Rec 1.00 | Det FA 0.00 | Epoch Time 45.48s (Eval 0.00s, Train 45.48s)
[STATE 2026-04-08 22:54:39] T3 Ep 8/10 complete: Prec 0.7077 F1 0.7378 DetRec 0.9998 DetFA 0.0003 | 45.48s total (0.00s eval/45.48s train)
[STATE 2026-04-08 22:54:39] Task 3 Epoch 9/10: entering train loop
T3 Ep 9/10 | L 0.0217 | Train Acc 0.71 | Prec 0.72 | F1 0.75 | Det Rec 1.00 | Det FA 0.00 | Epoch Time 45.49s (Eval 0.00s, Train 45.49s)
[STATE 2026-04-08 22:55:24] T3 Ep 9/10 complete: Prec 0.7154 F1 0.7457 DetRec 0.9997 DetFA 0.0006 | 45.49s total (0.00s eval/45.49s train)
[STATE 2026-04-08 22:55:24] Task 3 Epoch 10/10: entering train loop
T3 Ep 10/10 | L 0.0196 | Train Acc 0.72 | Prec 0.73 | F1 0.76 | Det Rec 1.00 | Det FA 0.00 | Epoch Time 45.59s (Eval 0.00s, Train 45.59s)
[STATE 2026-04-08 22:56:10] T3 Ep 10/10 complete: Prec 0.7283 F1 0.7558 DetRec 0.9997 DetFA 0.0003 | 45.59s total (0.00s eval/45.59s train)
[STATE 2026-04-08 22:56:10] Task 3: running final validation.
[STATE 2026-04-08 22:57:07] Completed task 3 (4/10)
Task 4: 24480 training samples, 8160 test samples.
[STATE 2026-04-08 22:57:07] Task 4: zero-shot validation (pre-train)
---- Zero-shot (pre-train) task 4: rec_cls 0.2012 | prec_cls 0.1626 | f1_cls 0.0968 | det 0.4816 | pfa 1.0000 | total_f1 0.6077 ----
[STATE 2026-04-08 22:58:07] Starting task 4 (5/10)
[STATE 2026-04-08 22:58:07] Task 4 Epoch 1/10: entering train loop
[STATE 2026-04-08 22:58:52] Task 4 Epoch 1/10: running validation (end of epoch)
---- Eval at Epoch 0: cls [0.8278756339910246, 0.7504006536236867, 0.6855697073724739, 0.6368168569425494, 0.5194830483345364] | det_recall [0.8781893406695097, 0.8507697684662442, 0.8420592140134414, 0.9981581884012631, 1.0] | det_fa [0.18884675255611785, 0.2287565802274262, 0.25298499805257296, 0.00343461921340996, 0.0] ----
T4 Ep 1/10 | L 0.1270 | Train Acc 0.47 | Prec 0.48 | F1 0.52 | Det Rec 0.99 | Det FA 0.02 | Epoch Time 104.98s (Eval 59.32s, Train 45.65s)
[STATE 2026-04-08 22:59:52] T4 Ep 1/10 complete: Prec 0.4766 F1 0.5182 DetRec 0.9909 DetFA 0.0178 | 104.98s total (59.32s eval/45.65s train)
[STATE 2026-04-08 22:59:52] Task 4 Epoch 2/10: entering train loop
T4 Ep 2/10 | L 0.1299 | Train Acc 0.55 | Prec 0.56 | F1 0.60 | Det Rec 1.00 | Det FA 0.00 | Epoch Time 45.61s (Eval 0.00s, Train 45.61s)
[STATE 2026-04-08 23:00:37] T4 Ep 2/10 complete: Prec 0.5614 F1 0.6011 DetRec 1.0000 DetFA 0.0000 | 45.61s total (0.00s eval/45.61s train)
[STATE 2026-04-08 23:00:37] Task 4 Epoch 3/10: entering train loop
T4 Ep 3/10 | L 0.0819 | Train Acc 0.59 | Prec 0.61 | F1 0.64 | Det Rec 1.00 | Det FA 0.00 | Epoch Time 45.56s (Eval 0.00s, Train 45.56s)
[STATE 2026-04-08 23:01:23] T4 Ep 3/10 complete: Prec 0.6122 F1 0.6382 DetRec 1.0000 DetFA 0.0000 | 45.56s total (0.00s eval/45.56s train)
[STATE 2026-04-08 23:01:23] Task 4 Epoch 4/10: entering train loop
T4 Ep 4/10 | L 0.0607 | Train Acc 0.62 | Prec 0.63 | F1 0.66 | Det Rec 1.00 | Det FA 0.00 | Epoch Time 45.64s (Eval 0.00s, Train 45.64s)
[STATE 2026-04-08 23:02:08] T4 Ep 4/10 complete: Prec 0.6318 F1 0.6646 DetRec 1.0000 DetFA 0.0000 | 45.64s total (0.00s eval/45.64s train)
[STATE 2026-04-08 23:02:08] Task 4 Epoch 5/10: entering train loop
T4 Ep 5/10 | L 0.0433 | Train Acc 0.66 | Prec 0.67 | F1 0.70 | Det Rec 1.00 | Det FA 0.00 | Epoch Time 45.56s (Eval 0.00s, Train 45.56s)
[STATE 2026-04-08 23:02:54] T4 Ep 5/10 complete: Prec 0.6709 F1 0.7019 DetRec 1.0000 DetFA 0.0000 | 45.56s total (0.00s eval/45.56s train)
[STATE 2026-04-08 23:02:54] Task 4 Epoch 6/10: entering train loop
T4 Ep 6/10 | L 0.0339 | Train Acc 0.69 | Prec 0.70 | F1 0.73 | Det Rec 1.00 | Det FA 0.00 | Epoch Time 45.53s (Eval 0.00s, Train 45.53s)
[STATE 2026-04-08 23:03:39] T4 Ep 6/10 complete: Prec 0.7035 F1 0.7271 DetRec 1.0000 DetFA 0.0000 | 45.53s total (0.00s eval/45.53s train)
[STATE 2026-04-08 23:03:39] Task 4 Epoch 7/10: entering train loop
T4 Ep 7/10 | L 0.0292 | Train Acc 0.72 | Prec 0.72 | F1 0.75 | Det Rec 1.00 | Det FA 0.00 | Epoch Time 45.54s (Eval 0.00s, Train 45.54s)
[STATE 2026-04-08 23:04:25] T4 Ep 7/10 complete: Prec 0.7246 F1 0.7495 DetRec 1.0000 DetFA 0.0000 | 45.54s total (0.00s eval/45.54s train)
[STATE 2026-04-08 23:04:25] Task 4 Epoch 8/10: entering train loop
T4 Ep 8/10 | L 0.0238 | Train Acc 0.73 | Prec 0.74 | F1 0.77 | Det Rec 1.00 | Det FA 0.00 | Epoch Time 45.53s (Eval 0.00s, Train 45.53s)
[STATE 2026-04-08 23:05:11] T4 Ep 8/10 complete: Prec 0.7446 F1 0.7657 DetRec 1.0000 DetFA 0.0000 | 45.53s total (0.00s eval/45.53s train)
[STATE 2026-04-08 23:05:11] Task 4 Epoch 9/10: entering train loop
T4 Ep 9/10 | L 0.0195 | Train Acc 0.74 | Prec 0.76 | F1 0.77 | Det Rec 1.00 | Det FA 0.00 | Epoch Time 45.54s (Eval 0.00s, Train 45.54s)
[STATE 2026-04-08 23:05:56] T4 Ep 9/10 complete: Prec 0.7552 F1 0.7735 DetRec 1.0000 DetFA 0.0000 | 45.54s total (0.00s eval/45.54s train)
[STATE 2026-04-08 23:05:56] Task 4 Epoch 10/10: entering train loop
T4 Ep 10/10 | L 0.0177 | Train Acc 0.76 | Prec 0.77 | F1 0.79 | Det Rec 1.00 | Det FA 0.00 | Epoch Time 45.72s (Eval 0.00s, Train 45.72s)
[STATE 2026-04-08 23:06:42] T4 Ep 10/10 complete: Prec 0.7740 F1 0.7916 DetRec 1.0000 DetFA 0.0000 | 45.72s total (0.00s eval/45.72s train)
[STATE 2026-04-08 23:06:42] Task 4: running final validation.
[STATE 2026-04-08 23:07:41] Completed task 4 (5/10)
Task 5: 201410 training samples, 100705 test samples.
[STATE 2026-04-08 23:07:42] Task 5: zero-shot validation (pre-train)
---- Zero-shot (pre-train) task 5: rec_cls 0.1812 | prec_cls 0.0853 | f1_cls 0.0640 | det 0.5000 | pfa 1.0000 | total_f1 0.6077 ----
[STATE 2026-04-08 23:09:07] Starting task 5 (6/10)
[STATE 2026-04-08 23:09:07] Task 5 Epoch 1/10: entering train loop
[STATE 2026-04-08 23:15:28] Task 5 Epoch 1/10: running validation (end of epoch)
---- Eval at Epoch 0: cls [0.7641300162998023, 0.6705159349795479, 0.5715426587157637, 0.625775022507218, 0.6106577012510718, 0.7535926315094491] | det_recall [0.8704581260925526, 0.8280206266517209, 0.8279803967407878, 0.9986713532368816, 1.0, 0.8592978882189611] | det_fa [0.16299567624998643, 0.21070114621250105, 0.2868204346292531, 0.002166041480157479, 0.0, 0.25758094899556827] ----
T5 Ep 1/10 | L 0.0987 | Train Acc 0.68 | Prec 0.68 | F1 0.66 | Det Rec 0.85 | Det FA 0.24 | Epoch Time 465.95s (Eval 85.73s, Train 380.22s)
[STATE 2026-04-08 23:16:53] T5 Ep 1/10 complete: Prec 0.6808 F1 0.6638 DetRec 0.8516 DetFA 0.2385 | 465.95s total (85.73s eval/380.22s train)
[STATE 2026-04-08 23:16:53] Task 5 Epoch 2/10: entering train loop
T5 Ep 2/10 | L 0.0402 | Train Acc 0.78 | Prec 0.78 | F1 0.76 | Det Rec 0.88 | Det FA 0.19 | Epoch Time 380.85s (Eval 0.00s, Train 380.85s)
[STATE 2026-04-08 23:23:14] T5 Ep 2/10 complete: Prec 0.7784 F1 0.7563 DetRec 0.8796 DetFA 0.1942 | 380.85s total (0.00s eval/380.85s train)
[STATE 2026-04-08 23:23:14] Task 5 Epoch 3/10: entering train loop
T5 Ep 3/10 | L 0.0251 | Train Acc 0.80 | Prec 0.80 | F1 0.78 | Det Rec 0.89 | Det FA 0.18 | Epoch Time 380.34s (Eval 0.00s, Train 380.34s)
[STATE 2026-04-08 23:29:34] T5 Ep 3/10 complete: Prec 0.7990 F1 0.7787 DetRec 0.8884 DetFA 0.1807 | 380.34s total (0.00s eval/380.34s train)
[STATE 2026-04-08 23:29:34] Task 5 Epoch 4/10: entering train loop
T5 Ep 4/10 | L 0.0179 | Train Acc 0.82 | Prec 0.81 | F1 0.79 | Det Rec 0.89 | Det FA 0.17 | Epoch Time 380.93s (Eval 0.00s, Train 380.93s)
[STATE 2026-04-08 23:35:55] T5 Ep 4/10 complete: Prec 0.8125 F1 0.7936 DetRec 0.8939 DetFA 0.1730 | 380.93s total (0.00s eval/380.93s train)
[STATE 2026-04-08 23:35:55] Task 5 Epoch 5/10: entering train loop
T5 Ep 5/10 | L 0.0144 | Train Acc 0.83 | Prec 0.82 | F1 0.80 | Det Rec 0.90 | Det FA 0.17 | Epoch Time 381.43s (Eval 0.00s, Train 381.43s)
[STATE 2026-04-08 23:42:17] T5 Ep 5/10 complete: Prec 0.8241 F1 0.8044 DetRec 0.8965 DetFA 0.1692 | 381.43s total (0.00s eval/381.43s train)
[STATE 2026-04-08 23:42:17] Task 5 Epoch 6/10: entering train loop
T5 Ep 6/10 | L 0.0119 | Train Acc 0.84 | Prec 0.83 | F1 0.81 | Det Rec 0.90 | Det FA 0.16 | Epoch Time 380.51s (Eval 0.00s, Train 380.51s)
[STATE 2026-04-08 23:48:37] T5 Ep 6/10 complete: Prec 0.8338 F1 0.8145 DetRec 0.9001 DetFA 0.1636 | 380.51s total (0.00s eval/380.51s train)
[STATE 2026-04-08 23:48:37] Task 5 Epoch 7/10: entering train loop
T5 Ep 7/10 | L 0.0110 | Train Acc 0.85 | Prec 0.84 | F1 0.82 | Det Rec 0.90 | Det FA 0.16 | Epoch Time 380.68s (Eval 0.00s, Train 380.68s)
[STATE 2026-04-08 23:54:58] T5 Ep 7/10 complete: Prec 0.8417 F1 0.8226 DetRec 0.9029 DetFA 0.1594 | 380.68s total (0.00s eval/380.68s train)
[STATE 2026-04-08 23:54:58] Task 5 Epoch 8/10: entering train loop
T5 Ep 8/10 | L 0.0100 | Train Acc 0.86 | Prec 0.85 | F1 0.83 | Det Rec 0.90 | Det FA 0.16 | Epoch Time 381.11s (Eval 0.00s, Train 381.11s)
[STATE 2026-04-09 00:01:19] T5 Ep 8/10 complete: Prec 0.8477 F1 0.8283 DetRec 0.9040 DetFA 0.1584 | 381.11s total (0.00s eval/381.11s train)
[STATE 2026-04-09 00:01:19] Task 5 Epoch 9/10: entering train loop
T5 Ep 9/10 | L 0.0086 | Train Acc 0.86 | Prec 0.85 | F1 0.83 | Det Rec 0.91 | Det FA 0.16 | Epoch Time 381.20s (Eval 0.00s, Train 381.20s)
[STATE 2026-04-09 00:07:40] T5 Ep 9/10 complete: Prec 0.8541 F1 0.8345 DetRec 0.9061 DetFA 0.1551 | 381.20s total (0.00s eval/381.20s train)
[STATE 2026-04-09 00:07:40] Task 5 Epoch 10/10: entering train loop
T5 Ep 10/10 | L 0.0086 | Train Acc 0.87 | Prec 0.86 | F1 0.84 | Det Rec 0.91 | Det FA 0.15 | Epoch Time 380.74s (Eval 0.00s, Train 380.74s)
[STATE 2026-04-09 00:14:01] T5 Ep 10/10 complete: Prec 0.8593 F1 0.8403 DetRec 0.9091 DetFA 0.1503 | 380.74s total (0.00s eval/380.74s train)
[STATE 2026-04-09 00:14:01] Task 5: running final validation.
[STATE 2026-04-09 00:15:27] Completed task 5 (6/10)
Task 6: 17340 training samples, 6800 test samples.
[STATE 2026-04-09 00:15:27] Task 6: zero-shot validation (pre-train)
---- Zero-shot (pre-train) task 6: rec_cls 0.1059 | prec_cls 0.0964 | f1_cls 0.0276 | det 0.4877 | pfa 1.0000 | total_f1 0.5663 ----
[STATE 2026-04-09 00:16:55] Starting task 6 (7/10)
[STATE 2026-04-09 00:16:55] Task 6 Epoch 1/10: entering train loop
[STATE 2026-04-09 00:17:28] Task 6 Epoch 1/10: running validation (end of epoch)
---- Eval at Epoch 0: cls [0.7378747453897909, 0.638549656749456, 0.4871760007782947, 0.6110094408612317, 0.5572134945558398, 0.8317071460962484, 0.604043581659555] | det_recall [0.860820389255489, 0.8337026600512211, 0.8139471525525581, 0.9976837908015426, 1.0, 0.8830883260324901, 1.0] | det_fa [0.15120319481712263, 0.16055958977685372, 0.3462476540935491, 0.003898918288820146, 0.0, 0.21708413132335871, 0.0] ----
T6 Ep 1/10 | L 0.0340 | Train Acc 0.57 | Prec 0.57 | F1 0.63 | Det Rec 0.99 | Det FA 0.02 | Epoch Time 120.64s (Eval 87.58s, Train 33.06s)
[STATE 2026-04-09 00:18:55] T6 Ep 1/10 complete: Prec 0.5738 F1 0.6258 DetRec 0.9918 DetFA 0.0159 | 120.64s total (87.58s eval/33.06s train)
[STATE 2026-04-09 00:18:55] Task 6 Epoch 2/10: entering train loop
T6 Ep 2/10 | L 0.0495 | Train Acc 0.64 | Prec 0.64 | F1 0.69 | Det Rec 1.00 | Det FA 0.00 | Epoch Time 32.97s (Eval 0.00s, Train 32.97s)
[STATE 2026-04-09 00:19:28] T6 Ep 2/10 complete: Prec 0.6389 F1 0.6903 DetRec 0.9998 DetFA 0.0003 | 32.97s total (0.00s eval/32.97s train)
[STATE 2026-04-09 00:19:28] Task 6 Epoch 3/10: entering train loop
T6 Ep 3/10 | L 0.0381 | Train Acc 0.67 | Prec 0.67 | F1 0.72 | Det Rec 1.00 | Det FA 0.00 | Epoch Time 32.99s (Eval 0.00s, Train 32.99s)
[STATE 2026-04-09 00:20:01] T6 Ep 3/10 complete: Prec 0.6744 F1 0.7187 DetRec 0.9999 DetFA 0.0002 | 32.99s total (0.00s eval/32.99s train)
[STATE 2026-04-09 00:20:01] Task 6 Epoch 4/10: entering train loop
T6 Ep 4/10 | L 0.0318 | Train Acc 0.68 | Prec 0.69 | F1 0.73 | Det Rec 1.00 | Det FA 0.00 | Epoch Time 33.05s (Eval 0.00s, Train 33.05s)
[STATE 2026-04-09 00:20:34] T6 Ep 4/10 complete: Prec 0.6885 F1 0.7306 DetRec 0.9998 DetFA 0.0003 | 33.05s total (0.00s eval/33.05s train)
[STATE 2026-04-09 00:20:34] Task 6 Epoch 5/10: entering train loop
T6 Ep 5/10 | L 0.0283 | Train Acc 0.70 | Prec 0.71 | F1 0.75 | Det Rec 1.00 | Det FA 0.00 | Epoch Time 33.09s (Eval 0.00s, Train 33.09s)
[STATE 2026-04-09 00:21:07] T6 Ep 5/10 complete: Prec 0.7099 F1 0.7463 DetRec 0.9999 DetFA 0.0001 | 33.09s total (0.00s eval/33.09s train)
[STATE 2026-04-09 00:21:07] Task 6 Epoch 6/10: entering train loop
T6 Ep 6/10 | L 0.0230 | Train Acc 0.72 | Prec 0.73 | F1 0.77 | Det Rec 1.00 | Det FA 0.00 | Epoch Time 33.17s (Eval 0.00s, Train 33.17s)
[STATE 2026-04-09 00:21:40] T6 Ep 6/10 complete: Prec 0.7312 F1 0.7652 DetRec 0.9999 DetFA 0.0002 | 33.17s total (0.00s eval/33.17s train)
[STATE 2026-04-09 00:21:40] Task 6 Epoch 7/10: entering train loop
T6 Ep 7/10 | L 0.0207 | Train Acc 0.74 | Prec 0.74 | F1 0.78 | Det Rec 1.00 | Det FA 0.00 | Epoch Time 33.03s (Eval 0.00s, Train 33.03s)
[STATE 2026-04-09 00:22:14] T6 Ep 7/10 complete: Prec 0.7448 F1 0.7755 DetRec 0.9999 DetFA 0.0001 | 33.03s total (0.00s eval/33.03s train)
[STATE 2026-04-09 00:22:14] Task 6 Epoch 8/10: entering train loop
T6 Ep 8/10 | L 0.0209 | Train Acc 0.76 | Prec 0.77 | F1 0.80 | Det Rec 1.00 | Det FA 0.00 | Epoch Time 32.95s (Eval 0.00s, Train 32.95s)
[STATE 2026-04-09 00:22:46] T6 Ep 8/10 complete: Prec 0.7695 F1 0.7985 DetRec 0.9999 DetFA 0.0001 | 32.95s total (0.00s eval/32.95s train)
[STATE 2026-04-09 00:22:46] Task 6 Epoch 9/10: entering train loop
T6 Ep 9/10 | L 0.0194 | Train Acc 0.77 | Prec 0.78 | F1 0.81 | Det Rec 1.00 | Det FA 0.00 | Epoch Time 33.09s (Eval 0.00s, Train 33.09s)
[STATE 2026-04-09 00:23:20] T6 Ep 9/10 complete: Prec 0.7785 F1 0.8066 DetRec 0.9999 DetFA 0.0002 | 33.09s total (0.00s eval/33.09s train)
[STATE 2026-04-09 00:23:20] Task 6 Epoch 10/10: entering train loop
T6 Ep 10/10 | L 0.0160 | Train Acc 0.79 | Prec 0.79 | F1 0.82 | Det Rec 1.00 | Det FA 0.00 | Epoch Time 33.00s (Eval 0.00s, Train 33.00s)
[STATE 2026-04-09 00:23:53] T6 Ep 10/10 complete: Prec 0.7927 F1 0.8157 DetRec 0.9998 DetFA 0.0004 | 33.00s total (0.00s eval/33.00s train)
[STATE 2026-04-09 00:23:53] Task 6: running final validation.
[STATE 2026-04-09 00:25:20] Completed task 6 (7/10)
Task 7: 188050 training samples, 94025 test samples.
[STATE 2026-04-09 00:25:21] Task 7: zero-shot validation (pre-train)
---- Zero-shot (pre-train) task 7: rec_cls 0.2004 | prec_cls 0.1587 | f1_cls 0.0941 | det 0.4965 | pfa 0.9998 | total_f1 0.6090 ----
[STATE 2026-04-09 00:27:13] Starting task 7 (8/10)
[STATE 2026-04-09 00:27:13] Task 7 Epoch 1/10: entering train loop
[STATE 2026-04-09 00:33:17] Task 7 Epoch 1/10: running validation (end of epoch)
---- Eval at Epoch 0: cls [0.7176973932867162, 0.6047527539857448, 0.4612860680264597, 0.6255455049997268, 0.6052566972942997, 0.7916959891748061, 0.6581014583578292, 0.7814968671737353] | det_recall [0.8582124467455006, 0.8286274632686832, 0.8217577528716337, 0.9976723378285306, 1.0, 0.9038204413400933, 0.9998657357679913, 0.8626630019393441] | det_fa [0.14417918459507834, 0.164319182993945, 0.3166821895904361, 0.003921824234844135, 0.0, 0.12846878444346982, 0.0002685284640171858, 0.2191639325358722] ----
T7 Ep 1/10 | L 0.0774 | Train Acc 0.74 | Prec 0.75 | F1 0.73 | Det Rec 0.86 | Det FA 0.21 | Epoch Time 476.56s (Eval 112.36s, Train 364.20s)
[STATE 2026-04-09 00:35:09] T7 Ep 1/10 complete: Prec 0.7534 F1 0.7264 DetRec 0.8612 DetFA 0.2110 | 476.56s total (112.36s eval/364.20s train)
[STATE 2026-04-09 00:35:09] Task 7 Epoch 2/10: entering train loop
T7 Ep 2/10 | L 0.0356 | Train Acc 0.81 | Prec 0.82 | F1 0.79 | Det Rec 0.88 | Det FA 0.19 | Epoch Time 363.78s (Eval 0.00s, Train 363.78s)
[STATE 2026-04-09 00:41:13] T7 Ep 2/10 complete: Prec 0.8204 F1 0.7904 DetRec 0.8778 DetFA 0.1860 | 363.78s total (0.00s eval/363.78s train)
[STATE 2026-04-09 00:41:13] Task 7 Epoch 3/10: entering train loop
T7 Ep 3/10 | L 0.0240 | Train Acc 0.83 | Prec 0.84 | F1 0.81 | Det Rec 0.88 | Det FA 0.18 | Epoch Time 363.32s (Eval 0.00s, Train 363.32s)
[STATE 2026-04-09 00:47:17] T7 Ep 3/10 complete: Prec 0.8360 F1 0.8056 DetRec 0.8809 DetFA 0.1823 | 363.32s total (0.00s eval/363.32s train)
[STATE 2026-04-09 00:47:17] Task 7 Epoch 4/10: entering train loop
T7 Ep 4/10 | L 0.0165 | Train Acc 0.84 | Prec 0.85 | F1 0.82 | Det Rec 0.89 | Det FA 0.17 | Epoch Time 364.05s (Eval 0.00s, Train 364.05s)
[STATE 2026-04-09 00:53:21] T7 Ep 4/10 complete: Prec 0.8463 F1 0.8166 DetRec 0.8863 DetFA 0.1727 | 364.05s total (0.00s eval/364.05s train)
[STATE 2026-04-09 00:53:21] Task 7 Epoch 5/10: entering train loop
T7 Ep 5/10 | L 0.0136 | Train Acc 0.84 | Prec 0.85 | F1 0.82 | Det Rec 0.89 | Det FA 0.17 | Epoch Time 364.26s (Eval 0.00s, Train 364.26s)
[STATE 2026-04-09 00:59:25] T7 Ep 5/10 complete: Prec 0.8519 F1 0.8238 DetRec 0.8892 DetFA 0.1684 | 364.26s total (0.00s eval/364.26s train)
[STATE 2026-04-09 00:59:25] Task 7 Epoch 6/10: entering train loop
T7 Ep 6/10 | L 0.0125 | Train Acc 0.85 | Prec 0.86 | F1 0.83 | Det Rec 0.89 | Det FA 0.16 | Epoch Time 364.15s (Eval 0.00s, Train 364.15s)
[STATE 2026-04-09 01:05:29] T7 Ep 6/10 complete: Prec 0.8601 F1 0.8310 DetRec 0.8913 DetFA 0.1642 | 364.15s total (0.00s eval/364.15s train)
[STATE 2026-04-09 01:05:29] Task 7 Epoch 7/10: entering train loop
T7 Ep 7/10 | L 0.0100 | Train Acc 0.86 | Prec 0.87 | F1 0.84 | Det Rec 0.89 | Det FA 0.16 | Epoch Time 363.16s (Eval 0.00s, Train 363.16s)
[STATE 2026-04-09 01:11:32] T7 Ep 7/10 complete: Prec 0.8661 F1 0.8369 DetRec 0.8927 DetFA 0.1624 | 363.16s total (0.00s eval/363.16s train)
[STATE 2026-04-09 01:11:32] Task 7 Epoch 8/10: entering train loop
T7 Ep 8/10 | L 0.0097 | Train Acc 0.86 | Prec 0.87 | F1 0.84 | Det Rec 0.89 | Det FA 0.16 | Epoch Time 362.97s (Eval 0.00s, Train 362.97s)
[STATE 2026-04-09 01:17:35] T7 Ep 8/10 complete: Prec 0.8692 F1 0.8412 DetRec 0.8943 DetFA 0.1615 | 362.97s total (0.00s eval/362.97s train)
[STATE 2026-04-09 01:17:35] Task 7 Epoch 9/10: entering train loop
T7 Ep 9/10 | L 0.0085 | Train Acc 0.87 | Prec 0.87 | F1 0.85 | Det Rec 0.90 | Det FA 0.16 | Epoch Time 363.42s (Eval 0.00s, Train 363.42s)
[STATE 2026-04-09 01:23:39] T7 Ep 9/10 complete: Prec 0.8737 F1 0.8460 DetRec 0.8959 DetFA 0.1593 | 363.42s total (0.00s eval/363.42s train)
[STATE 2026-04-09 01:23:39] Task 7 Epoch 10/10: entering train loop
T7 Ep 10/10 | L 0.0080 | Train Acc 0.87 | Prec 0.88 | F1 0.85 | Det Rec 0.90 | Det FA 0.16 | Epoch Time 363.73s (Eval 0.00s, Train 363.73s)
[STATE 2026-04-09 01:29:42] T7 Ep 10/10 complete: Prec 0.8775 F1 0.8501 DetRec 0.8981 DetFA 0.1552 | 363.73s total (0.00s eval/363.73s train)
[STATE 2026-04-09 01:29:42] Task 7: running final validation.
[STATE 2026-04-09 01:31:35] Completed task 7 (8/10)
Task 8: 36658 training samples, 12220 test samples.
[STATE 2026-04-09 01:31:35] Task 8: zero-shot validation (pre-train)
---- Zero-shot (pre-train) task 8: rec_cls 0.2086 | prec_cls 0.0552 | f1_cls 0.0425 | det 0.5000 | pfa 0.9997 | total_f1 0.5930 ----
[STATE 2026-04-09 01:33:30] Starting task 8 (9/10)
[STATE 2026-04-09 01:33:30] Task 8 Epoch 1/10: entering train loop
[STATE 2026-04-09 01:34:42] Task 8 Epoch 1/10: running validation (end of epoch)
---- Eval at Epoch 0: cls [0.7953201669085191, 0.689279352855007, 0.47657239275480073, 0.6027978440407222, 0.5488166055520706, 0.7655995031806897, 0.6032300760777799, 0.8272065321002017, 0.8227643486627517] | det_recall [0.8740100588438307, 0.8540893274952649, 0.8185931997382627, 0.9985451205340239, 1.0, 0.883665556464677, 1.0, 0.8538591617176222, 0.7989709771832958] | det_fa [0.14207464688321864, 0.15244766358650727, 0.3413708880766696, 0.002176258823857285, 0.0, 0.19238932164005582, 0.0, 0.28051368176937347, 0.37213516858762663] ----
T8 Ep 1/10 | L 0.0720 | Train Acc 0.75 | Prec 0.75 | F1 0.61 | Det Rec 0.77 | Det FA 0.42 | Epoch Time 186.81s (Eval 115.50s, Train 71.31s)
[STATE 2026-04-09 01:36:37] T8 Ep 1/10 complete: Prec 0.7465 F1 0.6069 DetRec 0.7715 DetFA 0.4230 | 186.81s total (115.50s eval/71.31s train)
[STATE 2026-04-09 01:36:37] Task 8 Epoch 2/10: entering train loop
T8 Ep 2/10 | L 0.0572 | Train Acc 0.85 | Prec 0.84 | F1 0.69 | Det Rec 0.80 | Det FA 0.38 | Epoch Time 71.40s (Eval 0.00s, Train 71.40s)
[STATE 2026-04-09 01:37:48] T8 Ep 2/10 complete: Prec 0.8389 F1 0.6893 DetRec 0.7977 DetFA 0.3781 | 71.40s total (0.00s eval/71.40s train)
[STATE 2026-04-09 01:37:48] Task 8 Epoch 3/10: entering train loop
T8 Ep 3/10 | L 0.0392 | Train Acc 0.88 | Prec 0.87 | F1 0.71 | Det Rec 0.80 | Det FA 0.37 | Epoch Time 71.43s (Eval 0.00s, Train 71.43s)
[STATE 2026-04-09 01:39:00] T8 Ep 3/10 complete: Prec 0.8654 F1 0.7082 DetRec 0.8012 DetFA 0.3697 | 71.43s total (0.00s eval/71.43s train)
[STATE 2026-04-09 01:39:00] Task 8 Epoch 4/10: entering train loop
T8 Ep 4/10 | L 0.0297 | Train Acc 0.90 | Prec 0.88 | F1 0.72 | Det Rec 0.80 | Det FA 0.37 | Epoch Time 71.42s (Eval 0.00s, Train 71.42s)
[STATE 2026-04-09 01:40:11] T8 Ep 4/10 complete: Prec 0.8843 F1 0.7208 DetRec 0.8036 DetFA 0.3653 | 71.42s total (0.00s eval/71.42s train)
[STATE 2026-04-09 01:40:11] Task 8 Epoch 5/10: entering train loop
T8 Ep 5/10 | L 0.0242 | Train Acc 0.90 | Prec 0.90 | F1 0.73 | Det Rec 0.81 | Det FA 0.36 | Epoch Time 71.36s (Eval 0.00s, Train 71.36s)
[STATE 2026-04-09 01:41:23] T8 Ep 5/10 complete: Prec 0.8952 F1 0.7295 DetRec 0.8069 DetFA 0.3589 | 71.36s total (0.00s eval/71.36s train)
[STATE 2026-04-09 01:41:23] Task 8 Epoch 6/10: entering train loop
T8 Ep 6/10 | L 0.0207 | Train Acc 0.92 | Prec 0.91 | F1 0.74 | Det Rec 0.81 | Det FA 0.36 | Epoch Time 71.42s (Eval 0.00s, Train 71.42s)
[STATE 2026-04-09 01:42:34] T8 Ep 6/10 complete: Prec 0.9074 F1 0.7386 DetRec 0.8090 DetFA 0.3554 | 71.42s total (0.00s eval/71.42s train)
[STATE 2026-04-09 01:42:34] Task 8 Epoch 7/10: entering train loop
T8 Ep 7/10 | L 0.0181 | Train Acc 0.92 | Prec 0.92 | F1 0.74 | Det Rec 0.81 | Det FA 0.35 | Epoch Time 71.53s (Eval 0.00s, Train 71.53s)
[STATE 2026-04-09 01:43:46] T8 Ep 7/10 complete: Prec 0.9166 F1 0.7429 DetRec 0.8121 DetFA 0.3492 | 71.53s total (0.00s eval/71.53s train)
[STATE 2026-04-09 01:43:46] Task 8 Epoch 8/10: entering train loop
T8 Ep 8/10 | L 0.0158 | Train Acc 0.93 | Prec 0.93 | F1 0.75 | Det Rec 0.81 | Det FA 0.35 | Epoch Time 71.42s (Eval 0.00s, Train 71.42s)
[STATE 2026-04-09 01:44:57] T8 Ep 8/10 complete: Prec 0.9271 F1 0.7491 DetRec 0.8116 DetFA 0.3491 | 71.42s total (0.00s eval/71.42s train)
[STATE 2026-04-09 01:44:57] Task 8 Epoch 9/10: entering train loop
T8 Ep 9/10 | L 0.0165 | Train Acc 0.94 | Prec 0.93 | F1 0.75 | Det Rec 0.81 | Det FA 0.34 | Epoch Time 71.24s (Eval 0.00s, Train 71.24s)
[STATE 2026-04-09 01:46:08] T8 Ep 9/10 complete: Prec 0.9331 F1 0.7538 DetRec 0.8148 DetFA 0.3446 | 71.24s total (0.00s eval/71.24s train)
[STATE 2026-04-09 01:46:08] Task 8 Epoch 10/10: entering train loop
T8 Ep 10/10 | L 0.0149 | Train Acc 0.94 | Prec 0.94 | F1 0.76 | Det Rec 0.82 | Det FA 0.33 | Epoch Time 71.30s (Eval 0.00s, Train 71.30s)
[STATE 2026-04-09 01:47:20] T8 Ep 10/10 complete: Prec 0.9386 F1 0.7603 DetRec 0.8196 DetFA 0.3323 | 71.30s total (0.00s eval/71.30s train)
[STATE 2026-04-09 01:47:20] Task 8: running final validation.
[STATE 2026-04-09 01:49:15] Completed task 8 (9/10)
Task 9: 17340 training samples, 6800 test samples.
[STATE 2026-04-09 01:49:15] Task 9: zero-shot validation (pre-train)
---- Zero-shot (pre-train) task 9: rec_cls 0.1178 | prec_cls 0.1487 | f1_cls 0.0583 | det 0.4971 | pfa 1.0000 | total_f1 0.6237 ----
[STATE 2026-04-09 01:51:13] Starting task 9 (10/10)
[STATE 2026-04-09 01:51:13] Task 9 Epoch 1/10: entering train loop
[STATE 2026-04-09 01:51:47] Task 9 Epoch 1/10: running validation (end of epoch)
---- Eval at Epoch 0: cls [0.8041780146444575, 0.7254641127240467, 0.4706040253140197, 0.6217686261540235, 0.574318364622745, 0.7324767420194908, 0.6142335416133325, 0.7954359375406067, 0.8305816565689487, 0.5363157045139576] | det_recall [0.8711050360625431, 0.8491007227372553, 0.8203321242848436, 0.999031370704713, 1.0, 0.8920833448610082, 1.0, 0.8536533668863204, 0.8120300488859128, 1.0] | det_fa [0.15786646226888434, 0.19002780477346903, 0.31712668964692386, 0.0009400454023104712, 0.0, 0.11470569936263546, 0.0, 0.2282440782864673, 0.3309704353146838, 0.0] ----
T9 Ep 1/10 | L 0.0498 | Train Acc 0.53 | Prec 0.54 | F1 0.58 | Det Rec 0.99 | Det FA 0.03 | Epoch Time 151.27s (Eval 117.34s, Train 33.92s)
[STATE 2026-04-09 01:53:44] T9 Ep 1/10 complete: Prec 0.5353 F1 0.5808 DetRec 0.9869 DetFA 0.0263 | 151.27s total (117.34s eval/33.92s train)
[STATE 2026-04-09 01:53:44] Task 9 Epoch 2/10: entering train loop
T9 Ep 2/10 | L 0.0720 | Train Acc 0.58 | Prec 0.59 | F1 0.64 | Det Rec 1.00 | Det FA 0.00 | Epoch Time 33.89s (Eval 0.00s, Train 33.89s)
[STATE 2026-04-09 01:54:18] T9 Ep 2/10 complete: Prec 0.5949 F1 0.6425 DetRec 1.0000 DetFA 0.0000 | 33.89s total (0.00s eval/33.89s train)
[STATE 2026-04-09 01:54:18] Task 9 Epoch 3/10: entering train loop
T9 Ep 3/10 | L 0.0580 | Train Acc 0.62 | Prec 0.63 | F1 0.68 | Det Rec 1.00 | Det FA 0.00 | Epoch Time 33.92s (Eval 0.00s, Train 33.92s)
[STATE 2026-04-09 01:54:52] T9 Ep 3/10 complete: Prec 0.6284 F1 0.6755 DetRec 1.0000 DetFA 0.0000 | 33.92s total (0.00s eval/33.92s train)
[STATE 2026-04-09 01:54:52] Task 9 Epoch 4/10: entering train loop
T9 Ep 4/10 | L 0.0514 | Train Acc 0.65 | Prec 0.65 | F1 0.70 | Det Rec 1.00 | Det FA 0.00 | Epoch Time 33.91s (Eval 0.00s, Train 33.91s)
[STATE 2026-04-09 01:55:26] T9 Ep 4/10 complete: Prec 0.6531 F1 0.6963 DetRec 1.0000 DetFA 0.0000 | 33.91s total (0.00s eval/33.91s train)
[STATE 2026-04-09 01:55:26] Task 9 Epoch 5/10: entering train loop
T9 Ep 5/10 | L 0.0463 | Train Acc 0.67 | Prec 0.67 | F1 0.71 | Det Rec 1.00 | Det FA 0.00 | Epoch Time 34.02s (Eval 0.00s, Train 34.02s)
[STATE 2026-04-09 01:56:00] T9 Ep 5/10 complete: Prec 0.6661 F1 0.7129 DetRec 1.0000 DetFA 0.0000 | 34.02s total (0.00s eval/34.02s train)
[STATE 2026-04-09 01:56:00] Task 9 Epoch 6/10: entering train loop
T9 Ep 6/10 | L 0.0428 | Train Acc 0.68 | Prec 0.68 | F1 0.72 | Det Rec 1.00 | Det FA 0.00 | Epoch Time 34.11s (Eval 0.00s, Train 34.11s)
[STATE 2026-04-09 01:56:34] T9 Ep 6/10 complete: Prec 0.6784 F1 0.7183 DetRec 1.0000 DetFA 0.0000 | 34.11s total (0.00s eval/34.11s train)
[STATE 2026-04-09 01:56:34] Task 9 Epoch 7/10: entering train loop
T9 Ep 7/10 | L 0.0343 | Train Acc 0.70 | Prec 0.70 | F1 0.74 | Det Rec 1.00 | Det FA 0.00 | Epoch Time 34.06s (Eval 0.00s, Train 34.06s)
[STATE 2026-04-09 01:57:08] T9 Ep 7/10 complete: Prec 0.6985 F1 0.7403 DetRec 1.0000 DetFA 0.0000 | 34.06s total (0.00s eval/34.06s train)
[STATE 2026-04-09 01:57:08] Task 9 Epoch 8/10: entering train loop
T9 Ep 8/10 | L 0.0332 | Train Acc 0.70 | Prec 0.71 | F1 0.75 | Det Rec 1.00 | Det FA 0.00 | Epoch Time 34.07s (Eval 0.00s, Train 34.07s)
[STATE 2026-04-09 01:57:42] T9 Ep 8/10 complete: Prec 0.7065 F1 0.7457 DetRec 1.0000 DetFA 0.0000 | 34.07s total (0.00s eval/34.07s train)
[STATE 2026-04-09 01:57:42] Task 9 Epoch 9/10: entering train loop
T9 Ep 9/10 | L 0.0338 | Train Acc 0.72 | Prec 0.72 | F1 0.76 | Det Rec 1.00 | Det FA 0.00 | Epoch Time 33.91s (Eval 0.00s, Train 33.91s)
[STATE 2026-04-09 01:58:16] T9 Ep 9/10 complete: Prec 0.7231 F1 0.7632 DetRec 1.0000 DetFA 0.0000 | 33.91s total (0.00s eval/33.91s train)
[STATE 2026-04-09 01:58:16] Task 9 Epoch 10/10: entering train loop
T9 Ep 10/10 | L 0.0283 | Train Acc 0.73 | Prec 0.73 | F1 0.77 | Det Rec 1.00 | Det FA 0.00 | Epoch Time 34.00s (Eval 0.00s, Train 34.00s)
[STATE 2026-04-09 01:58:50] T9 Ep 10/10 complete: Prec 0.7330 F1 0.7671 DetRec 1.0000 DetFA 0.0000 | 34.00s total (0.00s eval/34.00s train)
[STATE 2026-04-09 01:58:50] Task 9: running final validation.
[STATE 2026-04-09 02:00:47] Completed task 9 (10/10)
####Final Validation Accuracy####
Final Results:- 
 Total Recall: 0.6675146462492265 
 Individual Recall: [0.763358358275856, 0.7096629991833503, 0.4657570842472321, 0.6218764202859117, 0.6151734503731168, 0.7414243862702502, 0.6010953464143096, 0.7878398143167579, 0.7683483286550468, 0.6006102744704327]
Final Detection Results:- 
 Total Detection: 0.908783333329158 
 Individual Detection: [0.8642837583937121, 0.853344295356758, 0.818618053191203, 0.9994064215883052, 1.0, 0.8880548182739907, 1.0, 0.8518433980031294, 0.8122825884844799, 1.0]
Final Detection False Alarm:- 
 Total False Alarm: 0.12998392247479176 
 Individual False Alarm: [0.1394838397100798, 0.16709001531996695, 0.3190971943672338, 0.0006959047773104712, 0.0, 0.14353355383829614, 0.0, 0.24315427632770217, 0.28678444040732803, 0.0]
SUMMARY_TR cls_rec=0.8310 cls_prec=0.8370 cls_f1=0.8100 det=0.9097 fa=0.1340
SUMMARY_TE cls_rec=0.6675 cls_prec=0.6970 cls_f1=0.6808 det=0.9088 fa=0.1300
[STATE 2026-04-09 02:00:47] Saving results to logs//bcl_dual/full-tasks-2_all-10epochs_weighted-loss-2026-04-08_17-10-40-1653/0/results
Model size: 0.0289 GB
Memory buffer size: 0.0158 GB
logs//bcl_dual/full-tasks-2_all-10epochs_weighted-loss-2026-04-08_17-10-40-1653/0/results: {'expt_name': 'full-tasks-2_all-10epochs_weighted-loss', 'model': 'bcl_dual', 'arch': 'resnet1d', 'n_hiddens': 100, 'n_layers': 2, 'xav_init': False, 'debug': False, 'use_detector_arch': False, 'glances': 1, 'n_epochs': 10, 'batch_size': 256, 'replay_batch_size': 128, 'memories': 5120, 'lr': 0.001, 'optimizer': 'sgd', 'class_weighted_ce': True, 'cuda': True, 'seed': 0, 'log_every': 10, 'log_dir': 'logs//bcl_dual/full-tasks-2_all-10epochs_weighted-loss-2026-04-08_17-10-40-1653/0', 'tf_dir': 'logs//bcl_dual/full-tasks-2_all-10epochs_weighted-loss-2026-04-08_17-10-40-1653/0/tfdir', 'calc_test_accuracy': False, 'state_logging': True, 'data_path': 'data/rff/radar/full', 'task_order_files': 't2-rcn,t0-rcn,t2-uclresm-25noise,t0-deeprad,t1-deeprad,t1-uclresm-25noise,t3-deeprad,t0-uclresm-25noise,t1-rcn,t2-deeprad', 'loader': 'task_incremental_loader', 'samples_per_task': -1, 'shuffle_tasks': False, 'classes_per_it': 6, 'iterations': 5000, 'dataset': 'iq', 'workers': 0, 'validation': 0.5, 'data_scaling': 'normalize', 'use_iq_aug_features': False, 'iq_aug_feature_type': 'power', 'class_order': 'random', 'increment': 5, 'test_batch_size': 512, 'nc_per_task': None, 'nc_per_task_list': '', 'val_rate': 1000, 'opt_lr': 0.1, 'opt_wt': 0.1, 'alpha_init': 0.001, 'learn_lr': False, 'sync_update': False, 'grad_clip_norm': 5.0, 'meta_batches': 3, 'use_old_task_memory': False, 'second_order': False, 'n_memories': 5120, 'memory_strength': 1, 'steps_per_sample': 1, 'bgd_optimizer': 'sgd', 'optimizer_params': '{}', 'train_mc_iters': 5, 'std_init': 0.05, 'mean_eta': 1, 'fisher_gamma': 0.95, 'rln': 7, 'update_steps': 10, 'meta_lr': 0.001, 'update_lr': 0.1, 'ctx_lr': 0.05, 'n_meta': 1, 'inner_steps': 1, 'temperature': 5.0, 'task_emb': 64, 'classes_per_task': [6, 7, 6, 7, 7, 6, 6, 6, 7, 6], 'get_samples_per_task': <bound method IncrementalLoader.get_samples_per_task of <dataloaders.task_incremental_loader.IncrementalLoader object at 0x75cdeb898940>>} # val: 0.769 0.668 -0.102 0.000 # sizes: model_gb=0.0289 mem_gb=0.0158 # 31734.527933120728
[STATE 2026-04-09 02:00:47] results.pt components (approx): state_dict 29.6 MB, result_val_t 0.1 KB, result_val_a 0.8 KB
[STATE 2026-04-09 02:00:47] Results saved; total runtime 8.82h
Total runtime: 8.82 hours
