[STATE 2026-04-03 15:55:04] Enabling terminal logging to logs//hat/full-tasks_all-10epochs_weighted-loss-2026-04-03_15-55-04-2573/0/terminal.log
New Experiment Starting...
Running model:  hat
[STATE 2026-04-03 15:55:04] Experiment 'full-tasks_all-10epochs_weighted-loss' starting with model 'hat' (seed 0)
Set seed 0
t2-rcn.npz train: x=(50362, 1024), y=(50362, 2)
t2-rcn.npz test: x=(16787, 1024), y=(16787, 2)
t2-rcn.npz: applied data scaling mode 'normalize'.
Loaded t2-rcn.npz: Unique train labels: UniqueCountsResult(values=array([-1,  3,  5, 10, 12, 15]), counts=array([24209,  5770,  3030,  2320,  7509,  7524]))
Noise labels ratio in t2-rcn.npz train: 0.24, test: 0.24
Loaded t2-rcn.npz: Remapped labels: [0 1 2 3 4 5]. Size: 50362)
t0-rcn.npz train: x=(51916, 1024), y=(51916, 2)
t0-rcn.npz test: x=(17305, 1024), y=(17305, 2)
t0-rcn.npz: applied data scaling mode 'normalize'.
Loaded t0-rcn.npz: Unique train labels: UniqueCountsResult(values=array([-1,  1,  8,  9, 11, 13, 14]), counts=array([24225,  4268,  2495,  2943,  3015,  7464,  7506]))
Noise labels ratio in t0-rcn.npz train: 0.23, test: 0.23
Loaded t0-rcn.npz: Remapped labels: [ 6  7  8  9 10 11 12]. Size: 51916)
t2-uclresm-25noise.npz train: moved sample axis (3, 350028, 1024) -> (350028, 3, 1024)
t2-uclresm-25noise.npz test: moved sample axis (3, 233351, 1024) -> (233351, 3, 1024)
t2-uclresm-25noise.npz train: x=(350028, 3, 1024), y=(350028,)
t2-uclresm-25noise.npz test: x=(233351, 3, 1024), y=(233351,)
t2-uclresm-25noise.npz: applied data scaling mode 'normalize'.
Loaded t2-uclresm-25noise.npz: Unique train labels: UniqueCountsResult(values=array([-1,  0,  1,  2,  3,  4]), counts=array([87441, 27347, 71754, 64298, 36005, 63183]))
Noise labels ratio in t2-uclresm-25noise.npz train: 0.25, test: 0.25
Loaded t2-uclresm-25noise.npz: Remapped labels: [13 14 15 16 17 18]. Size: 350028)
t0-deeprad.npz train: x=(24480, 1024), y=(24480, 2)
t0-deeprad.npz test: x=(8160, 1024), y=(8160, 2)
t0-deeprad.npz: applied data scaling mode 'normalize'.
Loaded t0-deeprad.npz: Unique train labels: UniqueCountsResult(values=array([-1,  0,  1,  2,  3,  4,  5]), counts=array([12240,  2029,  1983,  2043,  2154,  2015,  2016]))
Noise labels ratio in t0-deeprad.npz train: 0.25, test: 0.25
Loaded t0-deeprad.npz: Remapped labels: [19 20 21 22 23 24 25]. Size: 24480)
t1-deeprad.npz train: x=(24480, 1024), y=(24480, 2)
t1-deeprad.npz test: x=(8160, 1024), y=(8160, 2)
t1-deeprad.npz: applied data scaling mode 'normalize'.
Loaded t1-deeprad.npz: Unique train labels: UniqueCountsResult(values=array([-1,  0,  1,  2,  3,  4,  5]), counts=array([12240,  1988,  2029,  2054,  1988,  2053,  2128]))
Noise labels ratio in t1-deeprad.npz train: 0.25, test: 0.25
Loaded t1-deeprad.npz: Remapped labels: [26 27 28 29 30 31 32]. Size: 24480)
t1-uclresm-25noise.npz train: moved sample axis (3, 201410, 1024) -> (201410, 3, 1024)
t1-uclresm-25noise.npz test: moved sample axis (3, 116291, 1024) -> (116291, 3, 1024)
t1-uclresm-25noise.npz train: x=(201410, 3, 1024), y=(201410,)
t1-uclresm-25noise.npz test: x=(116291, 3, 1024), y=(116291,)
t1-uclresm-25noise.npz: applied data scaling mode 'normalize'.
Loaded t1-uclresm-25noise.npz: Unique train labels: UniqueCountsResult(values=array([-1,  0,  1,  2,  3,  4]), counts=array([43668, 18021, 17838, 18087, 31870, 71926]))
Noise labels ratio in t1-uclresm-25noise.npz train: 0.22, test: 0.25
Loaded t1-uclresm-25noise.npz: Remapped labels: [33 34 35 36 37 38]. Size: 201410)
t3-deeprad.npz train: x=(17340, 1024), y=(17340, 2)
t3-deeprad.npz test: x=(6800, 1024), y=(6800, 2)
t3-deeprad.npz: applied data scaling mode 'normalize'.
Loaded t3-deeprad.npz: Unique train labels: UniqueCountsResult(values=array([-1,  0,  1,  2,  3,  4]), counts=array([8670, 1693, 1677, 1794, 1716, 1790]))
Noise labels ratio in t3-deeprad.npz train: 0.25, test: 0.25
Loaded t3-deeprad.npz: Remapped labels: [39 40 41 42 43 44]. Size: 17340)
t0-uclresm-25noise.npz train: moved sample axis (3, 188050, 1024) -> (188050, 3, 1024)
t0-uclresm-25noise.npz test: moved sample axis (3, 107348, 1024) -> (107348, 3, 1024)
t0-uclresm-25noise.npz train: x=(188050, 3, 1024), y=(188050,)
t0-uclresm-25noise.npz test: x=(107348, 3, 1024), y=(107348,)
t0-uclresm-25noise.npz: applied data scaling mode 'normalize'.
Loaded t0-uclresm-25noise.npz: Unique train labels: UniqueCountsResult(values=array([-1,  0,  1,  2,  3,  4]), counts=array([40144, 32109, 17978, 17979, 18098, 61742]))
Noise labels ratio in t0-uclresm-25noise.npz train: 0.21, test: 0.25
Loaded t0-uclresm-25noise.npz: Remapped labels: [45 46 47 48 49 50]. Size: 188050)
t1-rcn.npz train: x=(36658, 1024), y=(36658, 2)
t1-rcn.npz test: x=(12220, 1024), y=(12220, 2)
t1-rcn.npz: applied data scaling mode 'normalize'.
Loaded t1-rcn.npz: Unique train labels: UniqueCountsResult(values=array([-1,  0,  2,  4,  6,  7, 16]), counts=array([20595,   824,  2087,  2606,  2396,  1716,  6434]))
Noise labels ratio in t1-rcn.npz train: 0.28, test: 0.28
Loaded t1-rcn.npz: Remapped labels: [51 52 53 54 55 56 57]. Size: 36658)
t2-deeprad.npz train: x=(17340, 1024), y=(17340, 2)
t2-deeprad.npz test: x=(6800, 1024), y=(6800, 2)
t2-deeprad.npz: applied data scaling mode 'normalize'.
Loaded t2-deeprad.npz: Unique train labels: UniqueCountsResult(values=array([-1,  0,  1,  2,  3,  4]), counts=array([8670, 1774, 1675, 1777, 1694, 1750]))
Noise labels ratio in t2-deeprad.npz train: 0.25, test: 0.25
Loaded t2-deeprad.npz: Remapped labels: [58 59 60 61 62 63]. Size: 17340)
Built classes_per_task: [6, 7, 6, 7, 7, 6, 6, 6, 7, 6]
Classes per task: [6, 7, 6, 7, 7, 6, 6, 6, 7, 6]
[STATE 2026-04-03 15:56:07] Loader 'task_incremental_loader' ready: 1024 inputs, 64 outputs, 10 tasks
n_outputs: 64 	n_tasks: 10
[STATE 2026-04-03 15:56:07] Logging to logs//hat/full-tasks_all-10epochs_weighted-loss-2026-04-03_15-55-04-2573/0
True
Model device: cuda:0
[STATE 2026-04-03 15:56:08] Model initialized on device cuda:0
[STATE 2026-04-03 15:56:08] Invoking continual life experience flow
[STATE 2026-04-03 15:56:08] Life experience start: 10 tasks queued
Task 0: 50362 training samples, 16787 test samples.
[STATE 2026-04-03 15:56:08] Task 0: zero-shot validation (pre-train)
---- Zero-shot (pre-train) task 0: rec_cls 0.2000 | prec_cls 0.0574 | f1_cls 0.0430 | det 0.5000 | pfa 1.0000 | total_f1 0.0430 ----
[STATE 2026-04-03 15:56:14] Starting task 0 (1/10)
[STATE 2026-04-03 15:56:14] Task 0 Epoch 1/10: entering train loop
[STATE 2026-04-03 15:57:15] Task 0 Epoch 1/10: running validation (end of epoch)
---- Eval at Epoch 0: cls [0.4494976560966122] | det_recall [0.8134782972100123] | det_fa [0.34102038343077207] ----
T0 Ep 1/10 | L 1.9696 | Train Acc 0.24 | Prec 0.17 | F1 0.14 | Det Rec 0.58 | Det FA 0.83 | Epoch Time 67.71s (Eval 5.85s, Train 61.86s)
[STATE 2026-04-03 15:57:21] T0 Ep 1/10 complete: Prec 0.1676 F1 0.1379 DetRec 0.5760 DetFA 0.8256 | 67.71s total (5.85s eval/61.86s train)
[STATE 2026-04-03 15:57:21] Task 0 Epoch 2/10: entering train loop
T0 Ep 2/10 | L 1.4538 | Train Acc 0.29 | Prec 0.25 | F1 0.16 | Det Rec 0.56 | Det FA 0.89 | Epoch Time 61.56s (Eval 0.00s, Train 61.56s)
[STATE 2026-04-03 15:58:23] T0 Ep 2/10 complete: Prec 0.2485 F1 0.1640 DetRec 0.5562 DetFA 0.8872 | 61.56s total (0.00s eval/61.56s train)
[STATE 2026-04-03 15:58:23] Task 0 Epoch 3/10: entering train loop
T0 Ep 3/10 | L 0.9953 | Train Acc 0.43 | Prec 0.40 | F1 0.28 | Det Rec 0.57 | Det FA 0.85 | Epoch Time 62.59s (Eval 0.00s, Train 62.59s)
[STATE 2026-04-03 15:59:25] T0 Ep 3/10 complete: Prec 0.4005 F1 0.2816 DetRec 0.5734 DetFA 0.8518 | 62.59s total (0.00s eval/62.59s train)
[STATE 2026-04-03 15:59:25] Task 0 Epoch 4/10: entering train loop
T0 Ep 4/10 | L 0.7944 | Train Acc 0.50 | Prec 0.50 | F1 0.36 | Det Rec 0.61 | Det FA 0.78 | Epoch Time 61.40s (Eval 0.00s, Train 61.40s)
[STATE 2026-04-03 16:00:27] T0 Ep 4/10 complete: Prec 0.5001 F1 0.3643 DetRec 0.6107 DetFA 0.7764 | 61.40s total (0.00s eval/61.40s train)
[STATE 2026-04-03 16:00:27] Task 0 Epoch 5/10: entering train loop
T0 Ep 5/10 | L 0.7116 | Train Acc 0.53 | Prec 0.56 | F1 0.40 | Det Rec 0.63 | Det FA 0.74 | Epoch Time 61.52s (Eval 0.00s, Train 61.52s)
[STATE 2026-04-03 16:01:28] T0 Ep 5/10 complete: Prec 0.5560 F1 0.4045 DetRec 0.6281 DetFA 0.7411 | 61.52s total (0.00s eval/61.52s train)
[STATE 2026-04-03 16:01:28] Task 0 Epoch 6/10: entering train loop
T0 Ep 6/10 | L 0.6585 | Train Acc 0.55 | Prec 0.57 | F1 0.42 | Det Rec 0.63 | Det FA 0.74 | Epoch Time 61.56s (Eval 0.00s, Train 61.56s)
[STATE 2026-04-03 16:02:30] T0 Ep 6/10 complete: Prec 0.5746 F1 0.4172 DetRec 0.6296 DetFA 0.7378 | 61.56s total (0.00s eval/61.56s train)
[STATE 2026-04-03 16:02:30] Task 0 Epoch 7/10: entering train loop
T0 Ep 7/10 | L 0.6159 | Train Acc 0.57 | Prec 0.60 | F1 0.43 | Det Rec 0.62 | Det FA 0.75 | Epoch Time 61.42s (Eval 0.00s, Train 61.42s)
[STATE 2026-04-03 16:03:31] T0 Ep 7/10 complete: Prec 0.6008 F1 0.4296 DetRec 0.6239 DetFA 0.7502 | 61.42s total (0.00s eval/61.42s train)
[STATE 2026-04-03 16:03:31] Task 0 Epoch 8/10: entering train loop
T0 Ep 8/10 | L 0.5771 | Train Acc 0.59 | Prec 0.58 | F1 0.43 | Det Rec 0.62 | Det FA 0.75 | Epoch Time 62.71s (Eval 0.00s, Train 62.71s)
[STATE 2026-04-03 16:04:34] T0 Ep 8/10 complete: Prec 0.5789 F1 0.4269 DetRec 0.6227 DetFA 0.7524 | 62.71s total (0.00s eval/62.71s train)
[STATE 2026-04-03 16:04:34] Task 0 Epoch 9/10: entering train loop
T0 Ep 9/10 | L 0.5430 | Train Acc 0.58 | Prec 0.56 | F1 0.41 | Det Rec 0.62 | Det FA 0.77 | Epoch Time 61.39s (Eval 0.00s, Train 61.39s)
[STATE 2026-04-03 16:05:35] T0 Ep 9/10 complete: Prec 0.5634 F1 0.4110 DetRec 0.6151 DetFA 0.7667 | 61.39s total (0.00s eval/61.39s train)
[STATE 2026-04-03 16:05:35] Task 0 Epoch 10/10: entering train loop
T0 Ep 10/10 | L 0.5142 | Train Acc 0.55 | Prec 0.54 | F1 0.39 | Det Rec 0.61 | Det FA 0.78 | Epoch Time 61.54s (Eval 0.00s, Train 61.54s)
[STATE 2026-04-03 16:06:37] T0 Ep 10/10 complete: Prec 0.5439 F1 0.3860 DetRec 0.6099 DetFA 0.7767 | 61.54s total (0.00s eval/61.54s train)
[STATE 2026-04-03 16:06:37] Task 0: running final validation.
[STATE 2026-04-03 16:06:43] Completed task 0 (1/10)
Task 1: 51916 training samples, 17305 test samples.
[STATE 2026-04-03 16:06:43] Task 1: zero-shot validation (pre-train)
---- Zero-shot (pre-train) task 1: rec_cls 0.1667 | prec_cls 0.0451 | f1_cls 0.0359 | det 0.5000 | pfa 1.0000 | total_f1 0.4167 ----
[STATE 2026-04-03 16:06:54] Starting task 1 (2/10)
[STATE 2026-04-03 16:06:54] Task 1 Epoch 1/10: entering train loop
[STATE 2026-04-03 16:07:56] Task 1 Epoch 1/10: running validation (end of epoch)
---- Eval at Epoch 0: cls [0.6281027503002099, 0.5732939756409792] | det_recall [0.5325246493695547, 0.48297841997364843] | det_fa [0.9235261624112387, 0.961040084435492] ----
T1 Ep 1/10 | L 1.8023 | Train Acc 0.26 | Prec 0.21 | F1 0.12 | Det Rec 0.51 | Det FA 0.98 | Epoch Time 73.35s (Eval 11.14s, Train 62.21s)
[STATE 2026-04-03 16:08:08] T1 Ep 1/10 complete: Prec 0.2091 F1 0.1175 DetRec 0.5096 DetFA 0.9754 | 73.35s total (11.14s eval/62.21s train)
[STATE 2026-04-03 16:08:08] Task 1 Epoch 2/10: entering train loop
T1 Ep 2/10 | L 1.5743 | Train Acc 0.38 | Prec 0.36 | F1 0.21 | Det Rec 0.52 | Det FA 0.96 | Epoch Time 62.32s (Eval 0.00s, Train 62.32s)
[STATE 2026-04-03 16:09:10] T1 Ep 2/10 complete: Prec 0.3579 F1 0.2100 DetRec 0.5175 DetFA 0.9555 | 62.32s total (0.00s eval/62.32s train)
[STATE 2026-04-03 16:09:10] Task 1 Epoch 3/10: entering train loop
T1 Ep 3/10 | L 1.4446 | Train Acc 0.46 | Prec 0.47 | F1 0.28 | Det Rec 0.53 | Det FA 0.93 | Epoch Time 62.20s (Eval 0.00s, Train 62.20s)
[STATE 2026-04-03 16:10:12] T1 Ep 3/10 complete: Prec 0.4653 F1 0.2791 DetRec 0.5272 DetFA 0.9329 | 62.20s total (0.00s eval/62.20s train)
[STATE 2026-04-03 16:10:12] Task 1 Epoch 4/10: entering train loop
T1 Ep 4/10 | L 1.3038 | Train Acc 0.53 | Prec 0.57 | F1 0.33 | Det Rec 0.54 | Det FA 0.85 | Epoch Time 62.75s (Eval 0.00s, Train 62.75s)
[STATE 2026-04-03 16:11:15] T1 Ep 4/10 complete: Prec 0.5735 F1 0.3347 DetRec 0.5430 DetFA 0.8480 | 62.75s total (0.00s eval/62.75s train)
[STATE 2026-04-03 16:11:15] Task 1 Epoch 5/10: entering train loop
T1 Ep 5/10 | L 1.2645 | Train Acc 0.61 | Prec 0.68 | F1 0.43 | Det Rec 0.56 | Det FA 0.83 | Epoch Time 63.16s (Eval 0.00s, Train 63.16s)
[STATE 2026-04-03 16:12:18] T1 Ep 5/10 complete: Prec 0.6835 F1 0.4280 DetRec 0.5644 DetFA 0.8282 | 63.16s total (0.00s eval/63.16s train)
[STATE 2026-04-03 16:12:18] Task 1 Epoch 6/10: entering train loop
T1 Ep 6/10 | L 1.1374 | Train Acc 0.62 | Prec 0.71 | F1 0.46 | Det Rec 0.59 | Det FA 0.80 | Epoch Time 62.54s (Eval 0.00s, Train 62.54s)
[STATE 2026-04-03 16:13:21] T1 Ep 6/10 complete: Prec 0.7072 F1 0.4632 DetRec 0.5881 DetFA 0.7984 | 62.54s total (0.00s eval/62.54s train)
[STATE 2026-04-03 16:13:21] Task 1 Epoch 7/10: entering train loop
T1 Ep 7/10 | L 1.0940 | Train Acc 0.64 | Prec 0.77 | F1 0.55 | Det Rec 0.68 | Det FA 0.57 | Epoch Time 62.34s (Eval 0.00s, Train 62.34s)
[STATE 2026-04-03 16:14:23] T1 Ep 7/10 complete: Prec 0.7670 F1 0.5525 DetRec 0.6820 DetFA 0.5667 | 62.34s total (0.00s eval/62.34s train)
[STATE 2026-04-03 16:14:23] Task 1 Epoch 8/10: entering train loop
T1 Ep 8/10 | L 1.0383 | Train Acc 0.66 | Prec 0.76 | F1 0.51 | Det Rec 0.60 | Det FA 0.77 | Epoch Time 62.27s (Eval 0.00s, Train 62.27s)
[STATE 2026-04-03 16:15:25] T1 Ep 8/10 complete: Prec 0.7605 F1 0.5058 DetRec 0.6028 DetFA 0.7675 | 62.27s total (0.00s eval/62.27s train)
[STATE 2026-04-03 16:15:25] Task 1 Epoch 9/10: entering train loop
T1 Ep 9/10 | L 1.0502 | Train Acc 0.61 | Prec 0.69 | F1 0.48 | Det Rec 0.65 | Det FA 0.66 | Epoch Time 62.51s (Eval 0.00s, Train 62.51s)
[STATE 2026-04-03 16:16:28] T1 Ep 9/10 complete: Prec 0.6929 F1 0.4814 DetRec 0.6503 DetFA 0.6593 | 62.51s total (0.00s eval/62.51s train)
[STATE 2026-04-03 16:16:28] Task 1 Epoch 10/10: entering train loop
T1 Ep 10/10 | L 0.9997 | Train Acc 0.62 | Prec 0.70 | F1 0.54 | Det Rec 0.74 | Det FA 0.46 | Epoch Time 62.21s (Eval 0.00s, Train 62.21s)
[STATE 2026-04-03 16:17:30] T1 Ep 10/10 complete: Prec 0.6963 F1 0.5425 DetRec 0.7352 DetFA 0.4558 | 62.21s total (0.00s eval/62.21s train)
[STATE 2026-04-03 16:17:30] Task 1: running final validation.
[STATE 2026-04-03 16:17:41] Completed task 1 (2/10)
Task 2: 350028 training samples, 175014 test samples.
[STATE 2026-04-03 16:17:42] Task 2: zero-shot validation (pre-train)
---- Zero-shot (pre-train) task 2: rec_cls 0.2000 | prec_cls 0.0490 | f1_cls 0.0517 | det 0.5000 | pfa 1.0000 | total_f1 0.4559 ----
[STATE 2026-04-03 16:18:51] Starting task 2 (3/10)
[STATE 2026-04-03 16:18:51] Task 2 Epoch 1/10: entering train loop
[STATE 2026-04-03 16:25:53] Task 2 Epoch 1/10: running validation (end of epoch)
---- Eval at Epoch 0: cls [0.5906081256347988, 0.26894908520833133, 0.4668784152795491] | det_recall [0.5031146216708805, 0.5017081596634869, 0.7518329238950908] | det_fa [0.9679970800181759, 0.9944356338608538, 0.31933084315714727] ----
T2 Ep 1/10 | L 1.8832 | Train Acc 0.23 | Prec 0.22 | F1 0.19 | Det Rec 0.59 | Det FA 0.57 | Epoch Time 491.54s (Eval 69.14s, Train 422.40s)
[STATE 2026-04-03 16:27:02] T2 Ep 1/10 complete: Prec 0.2163 F1 0.1927 DetRec 0.5920 DetFA 0.5730 | 491.54s total (69.14s eval/422.40s train)
[STATE 2026-04-03 16:27:02] Task 2 Epoch 2/10: entering train loop
T2 Ep 2/10 | L 1.6233 | Train Acc 0.35 | Prec 0.35 | F1 0.30 | Det Rec 0.69 | Det FA 0.51 | Epoch Time 421.58s (Eval 0.00s, Train 421.58s)
[STATE 2026-04-03 16:34:04] T2 Ep 2/10 complete: Prec 0.3548 F1 0.3009 DetRec 0.6881 DetFA 0.5108 | 421.58s total (0.00s eval/421.58s train)
[STATE 2026-04-03 16:34:04] Task 2 Epoch 3/10: entering train loop
T2 Ep 3/10 | L 1.3990 | Train Acc 0.42 | Prec 0.46 | F1 0.39 | Det Rec 0.72 | Det FA 0.45 | Epoch Time 421.51s (Eval 0.00s, Train 421.51s)
[STATE 2026-04-03 16:41:05] T2 Ep 3/10 complete: Prec 0.4637 F1 0.3923 DetRec 0.7155 DetFA 0.4521 | 421.51s total (0.00s eval/421.51s train)
[STATE 2026-04-03 16:41:05] Task 2 Epoch 4/10: entering train loop
T2 Ep 4/10 | L 1.2705 | Train Acc 0.50 | Prec 0.57 | F1 0.48 | Det Rec 0.73 | Det FA 0.45 | Epoch Time 421.98s (Eval 0.00s, Train 421.98s)
[STATE 2026-04-03 16:48:07] T2 Ep 4/10 complete: Prec 0.5656 F1 0.4796 DetRec 0.7272 DetFA 0.4515 | 421.98s total (0.00s eval/421.98s train)
[STATE 2026-04-03 16:48:07] Task 2 Epoch 5/10: entering train loop
T2 Ep 5/10 | L 1.1870 | Train Acc 0.51 | Prec 0.57 | F1 0.48 | Det Rec 0.73 | Det FA 0.48 | Epoch Time 422.77s (Eval 0.00s, Train 422.77s)
[STATE 2026-04-03 16:55:10] T2 Ep 5/10 complete: Prec 0.5683 F1 0.4775 DetRec 0.7256 DetFA 0.4832 | 422.77s total (0.00s eval/422.77s train)
[STATE 2026-04-03 16:55:10] Task 2 Epoch 6/10: entering train loop
T2 Ep 6/10 | L 1.1193 | Train Acc 0.54 | Prec 0.62 | F1 0.52 | Det Rec 0.74 | Det FA 0.43 | Epoch Time 423.76s (Eval 0.00s, Train 423.76s)
[STATE 2026-04-03 17:02:14] T2 Ep 6/10 complete: Prec 0.6225 F1 0.5182 DetRec 0.7448 DetFA 0.4311 | 423.76s total (0.00s eval/423.76s train)
[STATE 2026-04-03 17:02:14] Task 2 Epoch 7/10: entering train loop
T2 Ep 7/10 | L 1.0631 | Train Acc 0.56 | Prec 0.63 | F1 0.52 | Det Rec 0.74 | Det FA 0.48 | Epoch Time 432.07s (Eval 0.00s, Train 432.07s)
[STATE 2026-04-03 17:09:26] T2 Ep 7/10 complete: Prec 0.6323 F1 0.5221 DetRec 0.7366 DetFA 0.4848 | 432.07s total (0.00s eval/432.07s train)
[STATE 2026-04-03 17:09:26] Task 2 Epoch 8/10: entering train loop
T2 Ep 8/10 | L 1.0172 | Train Acc 0.60 | Prec 0.69 | F1 0.58 | Det Rec 0.76 | Det FA 0.43 | Epoch Time 420.71s (Eval 0.00s, Train 420.71s)
[STATE 2026-04-03 17:16:26] T2 Ep 8/10 complete: Prec 0.6896 F1 0.5815 DetRec 0.7552 DetFA 0.4322 | 420.71s total (0.00s eval/420.71s train)
[STATE 2026-04-03 17:16:26] Task 2 Epoch 9/10: entering train loop
T2 Ep 9/10 | L 0.9768 | Train Acc 0.58 | Prec 0.69 | F1 0.55 | Det Rec 0.74 | Det FA 0.49 | Epoch Time 421.58s (Eval 0.00s, Train 421.58s)
[STATE 2026-04-03 17:23:28] T2 Ep 9/10 complete: Prec 0.6869 F1 0.5496 DetRec 0.7364 DetFA 0.4905 | 421.58s total (0.00s eval/421.58s train)
[STATE 2026-04-03 17:23:28] Task 2 Epoch 10/10: entering train loop
T2 Ep 10/10 | L 0.9447 | Train Acc 0.60 | Prec 0.70 | F1 0.58 | Det Rec 0.75 | Det FA 0.48 | Epoch Time 419.90s (Eval 0.00s, Train 419.90s)
[STATE 2026-04-03 17:30:28] T2 Ep 10/10 complete: Prec 0.6994 F1 0.5773 DetRec 0.7450 DetFA 0.4754 | 419.90s total (0.00s eval/419.90s train)
[STATE 2026-04-03 17:30:28] Task 2: running final validation.
[STATE 2026-04-03 17:31:36] Completed task 2 (3/10)
Task 3: 24480 training samples, 8160 test samples.
[STATE 2026-04-03 17:31:36] Task 3: zero-shot validation (pre-train)
---- Zero-shot (pre-train) task 3: rec_cls 0.1667 | prec_cls 0.0274 | f1_cls 0.0217 | det 0.5000 | pfa 1.0000 | total_f1 0.2785 ----
[STATE 2026-04-03 17:32:48] Starting task 3 (4/10)
[STATE 2026-04-03 17:32:48] Task 3 Epoch 1/10: entering train loop
[STATE 2026-04-03 17:33:18] Task 3 Epoch 1/10: running validation (end of epoch)
---- Eval at Epoch 0: cls [0.3562697797839844, 0.2530234084201313, 0.2924391474965126, 0.5145367443292025] | det_recall [0.5129387259902635, 0.4983673816726205, 0.5, 0.995222130561777] | det_fa [0.9558404490922217, 0.9289336277090514, 1.0, 0.009064486830366597] ----
T3 Ep 1/10 | L 1.5852 | Train Acc 0.26 | Prec 0.18 | F1 0.13 | Det Rec 0.56 | Det FA 0.88 | Epoch Time 100.70s (Eval 71.21s, Train 29.49s)
[STATE 2026-04-03 17:34:29] T3 Ep 1/10 complete: Prec 0.1816 F1 0.1334 DetRec 0.5618 DetFA 0.8762 | 100.70s total (71.21s eval/29.49s train)
[STATE 2026-04-03 17:34:29] Task 3 Epoch 2/10: entering train loop
T3 Ep 2/10 | L 1.3784 | Train Acc 0.32 | Prec 0.30 | F1 0.24 | Det Rec 0.67 | Det FA 0.66 | Epoch Time 29.09s (Eval 0.00s, Train 29.09s)
[STATE 2026-04-03 17:34:58] T3 Ep 2/10 complete: Prec 0.2982 F1 0.2366 DetRec 0.6706 DetFA 0.6586 | 29.09s total (0.00s eval/29.09s train)
[STATE 2026-04-03 17:34:58] Task 3 Epoch 3/10: entering train loop
T3 Ep 3/10 | L 1.2898 | Train Acc 0.43 | Prec 0.44 | F1 0.47 | Det Rec 0.99 | Det FA 0.01 | Epoch Time 29.55s (Eval 0.00s, Train 29.55s)
[STATE 2026-04-03 17:35:27] T3 Ep 3/10 complete: Prec 0.4379 F1 0.4668 DetRec 0.9913 DetFA 0.0147 | 29.55s total (0.00s eval/29.55s train)
[STATE 2026-04-03 17:35:27] Task 3 Epoch 4/10: entering train loop
T3 Ep 4/10 | L 1.2336 | Train Acc 0.49 | Prec 0.45 | F1 0.48 | Det Rec 0.92 | Det FA 0.16 | Epoch Time 29.65s (Eval 0.00s, Train 29.65s)
[STATE 2026-04-03 17:35:57] T3 Ep 4/10 complete: Prec 0.4536 F1 0.4784 DetRec 0.9179 DetFA 0.1633 | 29.65s total (0.00s eval/29.65s train)
[STATE 2026-04-03 17:35:57] Task 3 Epoch 5/10: entering train loop
T3 Ep 5/10 | L 1.1923 | Train Acc 0.46 | Prec 0.45 | F1 0.44 | Det Rec 0.87 | Det FA 0.26 | Epoch Time 29.45s (Eval 0.00s, Train 29.45s)
[STATE 2026-04-03 17:36:26] T3 Ep 5/10 complete: Prec 0.4462 F1 0.4380 DetRec 0.8674 DetFA 0.2648 | 29.45s total (0.00s eval/29.45s train)
[STATE 2026-04-03 17:36:26] Task 3 Epoch 6/10: entering train loop
T3 Ep 6/10 | L 1.1485 | Train Acc 0.53 | Prec 0.50 | F1 0.51 | Det Rec 0.88 | Det FA 0.24 | Epoch Time 28.62s (Eval 0.00s, Train 28.62s)
[STATE 2026-04-03 17:36:55] T3 Ep 6/10 complete: Prec 0.5047 F1 0.5096 DetRec 0.8779 DetFA 0.2433 | 28.62s total (0.00s eval/28.62s train)
[STATE 2026-04-03 17:36:55] Task 3 Epoch 7/10: entering train loop
T3 Ep 7/10 | L 1.1308 | Train Acc 0.52 | Prec 0.50 | F1 0.41 | Det Rec 0.71 | Det FA 0.59 | Epoch Time 29.28s (Eval 0.00s, Train 29.28s)
[STATE 2026-04-03 17:37:24] T3 Ep 7/10 complete: Prec 0.4988 F1 0.4059 DetRec 0.7066 DetFA 0.5864 | 29.28s total (0.00s eval/29.28s train)
[STATE 2026-04-03 17:37:24] Task 3 Epoch 8/10: entering train loop
T3 Ep 8/10 | L 1.1308 | Train Acc 0.56 | Prec 0.53 | F1 0.57 | Det Rec 1.00 | Det FA 0.01 | Epoch Time 29.45s (Eval 0.00s, Train 29.45s)
[STATE 2026-04-03 17:37:54] T3 Ep 8/10 complete: Prec 0.5297 F1 0.5713 DetRec 0.9972 DetFA 0.0051 | 29.45s total (0.00s eval/29.45s train)
[STATE 2026-04-03 17:37:54] Task 3 Epoch 9/10: entering train loop
T3 Ep 9/10 | L 1.0989 | Train Acc 0.56 | Prec 0.52 | F1 0.51 | Det Rec 0.85 | Det FA 0.29 | Epoch Time 29.49s (Eval 0.00s, Train 29.49s)
[STATE 2026-04-03 17:38:23] T3 Ep 9/10 complete: Prec 0.5171 F1 0.5062 DetRec 0.8526 DetFA 0.2939 | 29.49s total (0.00s eval/29.49s train)
[STATE 2026-04-03 17:38:23] Task 3 Epoch 10/10: entering train loop
T3 Ep 10/10 | L 1.0844 | Train Acc 0.57 | Prec 0.55 | F1 0.57 | Det Rec 0.97 | Det FA 0.07 | Epoch Time 28.63s (Eval 0.00s, Train 28.63s)
[STATE 2026-04-03 17:38:52] T3 Ep 10/10 complete: Prec 0.5474 F1 0.5698 DetRec 0.9665 DetFA 0.0664 | 28.63s total (0.00s eval/28.63s train)
[STATE 2026-04-03 17:38:52] Task 3: running final validation.
[STATE 2026-04-03 17:40:04] Completed task 3 (4/10)
Task 4: 24480 training samples, 8160 test samples.
[STATE 2026-04-03 17:40:04] Task 4: zero-shot validation (pre-train)
---- Zero-shot (pre-train) task 4: rec_cls 0.0000 | prec_cls 0.0000 | f1_cls 0.0952 | det 0.5000 | pfa 0.0000 | total_f1 0.2568 ----
[STATE 2026-04-03 17:41:18] Starting task 4 (5/10)
[STATE 2026-04-03 17:41:18] Task 4 Epoch 1/10: entering train loop
[STATE 2026-04-03 17:41:47] Task 4 Epoch 1/10: running validation (end of epoch)
---- Eval at Epoch 0: cls [0.25949537560752634, 0.1458244447173535, 0.2595967871639243, 0.31788328834726487, 0.2979979402537269] | det_recall [0.5069568180476569, 0.6314123574241907, 0.5, 0.5, 1.0] | det_fa [0.9799163274708667, 0.14847038449422742, 1.0, 1.0, 0.0] ----
T4 Ep 1/10 | L 1.7455 | Train Acc 0.11 | Prec 0.11 | F1 0.16 | Det Rec 0.61 | Det FA 0.24 | Epoch Time 103.12s (Eval 73.98s, Train 29.14s)
[STATE 2026-04-03 17:43:01] T4 Ep 1/10 complete: Prec 0.1139 F1 0.1571 DetRec 0.6115 DetFA 0.2396 | 103.12s total (73.98s eval/29.14s train)
[STATE 2026-04-03 17:43:01] Task 4 Epoch 2/10: entering train loop
T4 Ep 2/10 | L 1.5802 | Train Acc 0.29 | Prec 0.23 | F1 0.24 | Det Rec 0.77 | Det FA 0.46 | Epoch Time 29.47s (Eval 0.00s, Train 29.47s)
[STATE 2026-04-03 17:43:31] T4 Ep 2/10 complete: Prec 0.2300 F1 0.2396 DetRec 0.7708 DetFA 0.4583 | 29.47s total (0.00s eval/29.47s train)
[STATE 2026-04-03 17:43:31] Task 4 Epoch 3/10: entering train loop
T4 Ep 3/10 | L 1.4754 | Train Acc 0.31 | Prec 0.21 | F1 0.29 | Det Rec 0.95 | Det FA 0.09 | Epoch Time 29.56s (Eval 0.00s, Train 29.56s)
[STATE 2026-04-03 17:44:00] T4 Ep 3/10 complete: Prec 0.2063 F1 0.2946 DetRec 0.9531 DetFA 0.0938 | 29.56s total (0.00s eval/29.56s train)
[STATE 2026-04-03 17:44:00] Task 4 Epoch 4/10: entering train loop
T4 Ep 4/10 | L 1.4689 | Train Acc 0.31 | Prec 0.25 | F1 0.33 | Det Rec 1.00 | Det FA 0.00 | Epoch Time 35.67s (Eval 0.00s, Train 35.67s)
[STATE 2026-04-03 17:44:36] T4 Ep 4/10 complete: Prec 0.2467 F1 0.3278 DetRec 1.0000 DetFA 0.0000 | 35.67s total (0.00s eval/35.67s train)
[STATE 2026-04-03 17:44:36] Task 4 Epoch 5/10: entering train loop
T4 Ep 5/10 | L 1.4244 | Train Acc 0.33 | Prec 0.27 | F1 0.29 | Det Rec 0.88 | Det FA 0.24 | Epoch Time 29.27s (Eval 0.00s, Train 29.27s)
[STATE 2026-04-03 17:45:05] T4 Ep 5/10 complete: Prec 0.2728 F1 0.2932 DetRec 0.8802 DetFA 0.2395 | 29.27s total (0.00s eval/29.27s train)
[STATE 2026-04-03 17:45:05] Task 4 Epoch 6/10: entering train loop
T4 Ep 6/10 | L 1.3936 | Train Acc 0.33 | Prec 0.26 | F1 0.34 | Det Rec 1.00 | Det FA 0.00 | Epoch Time 28.66s (Eval 0.00s, Train 28.66s)
[STATE 2026-04-03 17:45:34] T4 Ep 6/10 complete: Prec 0.2620 F1 0.3364 DetRec 1.0000 DetFA 0.0000 | 28.66s total (0.00s eval/28.66s train)
[STATE 2026-04-03 17:45:34] Task 4 Epoch 7/10: entering train loop
T4 Ep 7/10 | L 1.3585 | Train Acc 0.33 | Prec 0.24 | F1 0.32 | Det Rec 1.00 | Det FA 0.00 | Epoch Time 29.46s (Eval 0.00s, Train 29.46s)
[STATE 2026-04-03 17:46:03] T4 Ep 7/10 complete: Prec 0.2393 F1 0.3248 DetRec 1.0000 DetFA 0.0000 | 29.46s total (0.00s eval/29.46s train)
[STATE 2026-04-03 17:46:03] Task 4 Epoch 8/10: entering train loop
T4 Ep 8/10 | L 1.3550 | Train Acc 0.35 | Prec 0.28 | F1 0.36 | Det Rec 1.00 | Det FA 0.00 | Epoch Time 29.68s (Eval 0.00s, Train 29.68s)
[STATE 2026-04-03 17:46:33] T4 Ep 8/10 complete: Prec 0.2781 F1 0.3558 DetRec 1.0000 DetFA 0.0000 | 29.68s total (0.00s eval/29.68s train)
[STATE 2026-04-03 17:46:33] Task 4 Epoch 9/10: entering train loop
T4 Ep 9/10 | L 1.3191 | Train Acc 0.38 | Prec 0.38 | F1 0.42 | Det Rec 1.00 | Det FA 0.00 | Epoch Time 29.55s (Eval 0.00s, Train 29.55s)
[STATE 2026-04-03 17:47:03] T4 Ep 9/10 complete: Prec 0.3805 F1 0.4153 DetRec 1.0000 DetFA 0.0000 | 29.55s total (0.00s eval/29.55s train)
[STATE 2026-04-03 17:47:03] Task 4 Epoch 10/10: entering train loop
T4 Ep 10/10 | L 1.2962 | Train Acc 0.38 | Prec 0.36 | F1 0.42 | Det Rec 1.00 | Det FA 0.00 | Epoch Time 29.53s (Eval 0.00s, Train 29.53s)
[STATE 2026-04-03 17:47:32] T4 Ep 10/10 complete: Prec 0.3595 F1 0.4159 DetRec 1.0000 DetFA 0.0000 | 29.53s total (0.00s eval/29.53s train)
[STATE 2026-04-03 17:47:32] Task 4: running final validation.
[STATE 2026-04-03 17:48:47] Completed task 4 (5/10)
Task 5: 201410 training samples, 100705 test samples.
[STATE 2026-04-03 17:48:47] Task 5: zero-shot validation (pre-train)
---- Zero-shot (pre-train) task 5: rec_cls 0.1971 | prec_cls 0.0136 | f1_cls 0.0201 | det 0.4999 | pfa 0.9872 | total_f1 0.1904 ----
[STATE 2026-04-03 17:50:35] Starting task 5 (6/10)
[STATE 2026-04-03 17:50:35] Task 5 Epoch 1/10: entering train loop
[STATE 2026-04-03 17:54:37] Task 5 Epoch 1/10: running validation (end of epoch)
---- Eval at Epoch 0: cls [0.2563104153389706, 0.23175791293229545, 0.27232265620928536, 0.27778275726940577, 0.32560930121882253, 0.582886596394609] | det_recall [0.5040027938337186, 0.7324436094334054, 0.5, 0.5, 1.0, 0.7698180473336083] | det_fa [0.9891081133273618, 0.15424205233836422, 1.0, 1.0, 0.0, 0.4402410089867556] ----
T5 Ep 1/10 | L 1.8177 | Train Acc 0.20 | Prec 0.27 | F1 0.22 | Det Rec 0.62 | Det FA 0.30 | Epoch Time 349.36s (Eval 107.11s, Train 242.25s)
[STATE 2026-04-03 17:56:24] T5 Ep 1/10 complete: Prec 0.2654 F1 0.2219 DetRec 0.6231 DetFA 0.3047 | 349.36s total (107.11s eval/242.25s train)
[STATE 2026-04-03 17:56:24] Task 5 Epoch 2/10: entering train loop
T5 Ep 2/10 | L 1.5572 | Train Acc 0.32 | Prec 0.38 | F1 0.30 | Det Rec 0.68 | Det FA 0.47 | Epoch Time 242.60s (Eval 0.00s, Train 242.60s)
[STATE 2026-04-03 18:00:27] T5 Ep 2/10 complete: Prec 0.3771 F1 0.2951 DetRec 0.6758 DetFA 0.4721 | 242.60s total (0.00s eval/242.60s train)
[STATE 2026-04-03 18:00:27] Task 5 Epoch 3/10: entering train loop
T5 Ep 3/10 | L 1.3599 | Train Acc 0.33 | Prec 0.46 | F1 0.34 | Det Rec 0.66 | Det FA 0.27 | Epoch Time 242.26s (Eval 0.00s, Train 242.26s)
[STATE 2026-04-03 18:04:29] T5 Ep 3/10 complete: Prec 0.4582 F1 0.3436 DetRec 0.6607 DetFA 0.2669 | 242.26s total (0.00s eval/242.26s train)
[STATE 2026-04-03 18:04:29] Task 5 Epoch 4/10: entering train loop
T5 Ep 4/10 | L 1.2456 | Train Acc 0.47 | Prec 0.58 | F1 0.45 | Det Rec 0.74 | Det FA 0.31 | Epoch Time 243.14s (Eval 0.00s, Train 243.14s)
[STATE 2026-04-03 18:08:32] T5 Ep 4/10 complete: Prec 0.5830 F1 0.4521 DetRec 0.7429 DetFA 0.3146 | 243.14s total (0.00s eval/243.14s train)
[STATE 2026-04-03 18:08:32] Task 5 Epoch 5/10: entering train loop
T5 Ep 5/10 | L 1.1622 | Train Acc 0.46 | Prec 0.63 | F1 0.45 | Det Rec 0.74 | Det FA 0.31 | Epoch Time 243.29s (Eval 0.00s, Train 243.29s)
[STATE 2026-04-03 18:12:35] T5 Ep 5/10 complete: Prec 0.6307 F1 0.4535 DetRec 0.7438 DetFA 0.3081 | 243.29s total (0.00s eval/243.29s train)
[STATE 2026-04-03 18:12:35] Task 5 Epoch 6/10: entering train loop
T5 Ep 6/10 | L 1.0949 | Train Acc 0.49 | Prec 0.53 | F1 0.44 | Det Rec 0.75 | Det FA 0.43 | Epoch Time 242.52s (Eval 0.00s, Train 242.52s)
[STATE 2026-04-03 18:16:38] T5 Ep 6/10 complete: Prec 0.5343 F1 0.4369 DetRec 0.7522 DetFA 0.4297 | 242.52s total (0.00s eval/242.52s train)
[STATE 2026-04-03 18:16:38] Task 5 Epoch 7/10: entering train loop
T5 Ep 7/10 | L 1.0355 | Train Acc 0.50 | Prec 0.50 | F1 0.43 | Det Rec 0.75 | Det FA 0.45 | Epoch Time 243.72s (Eval 0.00s, Train 243.72s)
[STATE 2026-04-03 18:20:42] T5 Ep 7/10 complete: Prec 0.4995 F1 0.4264 DetRec 0.7529 DetFA 0.4550 | 243.72s total (0.00s eval/243.72s train)
[STATE 2026-04-03 18:20:42] Task 5 Epoch 8/10: entering train loop
T5 Ep 8/10 | L 0.9884 | Train Acc 0.49 | Prec 0.53 | F1 0.43 | Det Rec 0.73 | Det FA 0.46 | Epoch Time 241.99s (Eval 0.00s, Train 241.99s)
[STATE 2026-04-03 18:24:44] T5 Ep 8/10 complete: Prec 0.5257 F1 0.4311 DetRec 0.7325 DetFA 0.4574 | 241.99s total (0.00s eval/241.99s train)
[STATE 2026-04-03 18:24:44] Task 5 Epoch 9/10: entering train loop
T5 Ep 9/10 | L 0.9418 | Train Acc 0.58 | Prec 0.67 | F1 0.54 | Det Rec 0.78 | Det FA 0.35 | Epoch Time 241.96s (Eval 0.00s, Train 241.96s)
[STATE 2026-04-03 18:28:45] T5 Ep 9/10 complete: Prec 0.6666 F1 0.5406 DetRec 0.7755 DetFA 0.3550 | 241.96s total (0.00s eval/241.96s train)
[STATE 2026-04-03 18:28:45] Task 5 Epoch 10/10: entering train loop
T5 Ep 10/10 | L 0.9104 | Train Acc 0.63 | Prec 0.69 | F1 0.60 | Det Rec 0.80 | Det FA 0.31 | Epoch Time 241.74s (Eval 0.00s, Train 241.74s)
[STATE 2026-04-03 18:32:47] T5 Ep 10/10 complete: Prec 0.6853 F1 0.5962 DetRec 0.7988 DetFA 0.3125 | 241.74s total (0.00s eval/241.74s train)
[STATE 2026-04-03 18:32:47] Task 5: running final validation.
[STATE 2026-04-03 18:34:34] Completed task 5 (6/10)
Task 6: 17340 training samples, 6800 test samples.
[STATE 2026-04-03 18:34:34] Task 6: zero-shot validation (pre-train)
---- Zero-shot (pre-train) task 6: rec_cls 0.1998 | prec_cls 0.0406 | f1_cls 0.0307 | det 0.5000 | pfa 1.0000 | total_f1 0.2578 ----
[STATE 2026-04-03 18:36:23] Starting task 6 (7/10)
[STATE 2026-04-03 18:36:23] Task 6 Epoch 1/10: entering train loop
[STATE 2026-04-03 18:36:44] Task 6 Epoch 1/10: running validation (end of epoch)
---- Eval at Epoch 0: cls [0.2946801581106611, 0.2330801731500289, 0.4218809457682509, 0.30197564508327623, 0.2842464701667733, 0.24920960943038425, 0.43464987590629994] | det_recall [0.5039497492936256, 0.7115830467384986, 0.49998483136881494, 0.5, 1.0, 0.6711257292161357, 1.0] | det_fa [0.9897890294922154, 0.17009872120639913, 1.0, 1.0, 0.0, 0.6071975456136679, 0.0] ----
T6 Ep 1/10 | L 1.6830 | Train Acc 0.25 | Prec 0.15 | F1 0.12 | Det Rec 0.58 | Det FA 0.84 | Epoch Time 130.38s (Eval 109.57s, Train 20.81s)
[STATE 2026-04-03 18:38:34] T6 Ep 1/10 complete: Prec 0.1525 F1 0.1238 DetRec 0.5805 DetFA 0.8391 | 130.38s total (109.57s eval/20.81s train)
[STATE 2026-04-03 18:38:34] Task 6 Epoch 2/10: entering train loop
T6 Ep 2/10 | L 1.3793 | Train Acc 0.40 | Prec 0.32 | F1 0.43 | Det Rec 1.00 | Det FA 0.00 | Epoch Time 20.77s (Eval 0.00s, Train 20.77s)
[STATE 2026-04-03 18:38:54] T6 Ep 2/10 complete: Prec 0.3217 F1 0.4306 DetRec 0.9997 DetFA 0.0006 | 20.77s total (0.00s eval/20.77s train)
[STATE 2026-04-03 18:38:54] Task 6 Epoch 3/10: entering train loop
T6 Ep 3/10 | L 1.3211 | Train Acc 0.41 | Prec 0.32 | F1 0.44 | Det Rec 1.00 | Det FA 0.00 | Epoch Time 20.79s (Eval 0.00s, Train 20.79s)
[STATE 2026-04-03 18:39:15] T6 Ep 3/10 complete: Prec 0.3152 F1 0.4351 DetRec 0.9998 DetFA 0.0003 | 20.79s total (0.00s eval/20.79s train)
[STATE 2026-04-03 18:39:15] Task 6 Epoch 4/10: entering train loop
T6 Ep 4/10 | L 1.2732 | Train Acc 0.36 | Prec 0.39 | F1 0.41 | Det Rec 1.00 | Det FA 0.00 | Epoch Time 20.78s (Eval 0.00s, Train 20.78s)
[STATE 2026-04-03 18:39:36] T6 Ep 4/10 complete: Prec 0.3916 F1 0.4098 DetRec 0.9998 DetFA 0.0003 | 20.78s total (0.00s eval/20.78s train)
[STATE 2026-04-03 18:39:36] Task 6 Epoch 5/10: entering train loop
T6 Ep 5/10 | L 1.2742 | Train Acc 0.34 | Prec 0.33 | F1 0.38 | Det Rec 1.00 | Det FA 0.00 | Epoch Time 20.84s (Eval 0.00s, Train 20.84s)
[STATE 2026-04-03 18:39:57] T6 Ep 5/10 complete: Prec 0.3323 F1 0.3830 DetRec 0.9999 DetFA 0.0001 | 20.84s total (0.00s eval/20.84s train)
[STATE 2026-04-03 18:39:57] Task 6 Epoch 6/10: entering train loop
T6 Ep 6/10 | L 1.2517 | Train Acc 0.37 | Prec 0.41 | F1 0.43 | Det Rec 1.00 | Det FA 0.00 | Epoch Time 20.86s (Eval 0.00s, Train 20.86s)
[STATE 2026-04-03 18:40:18] T6 Ep 6/10 complete: Prec 0.4096 F1 0.4294 DetRec 0.9999 DetFA 0.0001 | 20.86s total (0.00s eval/20.86s train)
[STATE 2026-04-03 18:40:18] Task 6 Epoch 7/10: entering train loop
T6 Ep 7/10 | L 1.1936 | Train Acc 0.36 | Prec 0.37 | F1 0.41 | Det Rec 1.00 | Det FA 0.00 | Epoch Time 20.85s (Eval 0.00s, Train 20.85s)
[STATE 2026-04-03 18:40:39] T6 Ep 7/10 complete: Prec 0.3722 F1 0.4078 DetRec 1.0000 DetFA 0.0000 | 20.85s total (0.00s eval/20.85s train)
[STATE 2026-04-03 18:40:39] Task 6 Epoch 8/10: entering train loop
T6 Ep 8/10 | L 1.1954 | Train Acc 0.41 | Prec 0.45 | F1 0.47 | Det Rec 1.00 | Det FA 0.00 | Epoch Time 20.85s (Eval 0.00s, Train 20.85s)
[STATE 2026-04-03 18:40:59] T6 Ep 8/10 complete: Prec 0.4468 F1 0.4665 DetRec 0.9999 DetFA 0.0001 | 20.85s total (0.00s eval/20.85s train)
[STATE 2026-04-03 18:40:59] Task 6 Epoch 9/10: entering train loop
T6 Ep 9/10 | L 1.1675 | Train Acc 0.45 | Prec 0.48 | F1 0.51 | Det Rec 1.00 | Det FA 0.00 | Epoch Time 20.85s (Eval 0.00s, Train 20.85s)
[STATE 2026-04-03 18:41:20] T6 Ep 9/10 complete: Prec 0.4845 F1 0.5136 DetRec 0.9997 DetFA 0.0007 | 20.85s total (0.00s eval/20.85s train)
[STATE 2026-04-03 18:41:20] Task 6 Epoch 10/10: entering train loop
T6 Ep 10/10 | L 1.1564 | Train Acc 0.45 | Prec 0.48 | F1 0.51 | Det Rec 1.00 | Det FA 0.00 | Epoch Time 20.85s (Eval 0.00s, Train 20.85s)
[STATE 2026-04-03 18:41:41] T6 Ep 10/10 complete: Prec 0.4820 F1 0.5076 DetRec 0.9999 DetFA 0.0002 | 20.85s total (0.00s eval/20.85s train)
[STATE 2026-04-03 18:41:41] Task 6: running final validation.
[STATE 2026-04-03 18:43:31] Completed task 6 (7/10)
Task 7: 188050 training samples, 94025 test samples.
[STATE 2026-04-03 18:43:31] Task 7: zero-shot validation (pre-train)
---- Zero-shot (pre-train) task 7: rec_cls 0.0129 | prec_cls 0.0089 | f1_cls 0.0718 | det 0.4945 | pfa 0.1200 | total_f1 0.2317 ----
[STATE 2026-04-03 18:45:52] Starting task 7 (8/10)
[STATE 2026-04-03 18:45:52] Task 7 Epoch 1/10: entering train loop
[STATE 2026-04-03 18:49:38] Task 7 Epoch 1/10: running validation (end of epoch)
---- Eval at Epoch 0: cls [0.2416690791621575, 0.2044734854241153, 0.38603185686279773, 0.3192903212531915, 0.29603462780193, 0.26914193214726434, 0.42472502937042755, 0.5185558346200607] | det_recall [0.5013265704384394, 0.671857654702395, 0.5000083906583109, 0.5, 1.0, 0.7090260421762137, 0.9954282770567404, 0.7555693750842974] | det_fa [0.9962049340284672, 0.12542102624668056, 0.9999758349040646, 1.0, 0.0, 0.4932010930041961, 0.009143445886519405, 0.29361499204909286] ----
T7 Ep 1/10 | L 1.7774 | Train Acc 0.16 | Prec 0.23 | F1 0.19 | Det Rec 0.57 | Det FA 0.18 | Epoch Time 365.38s (Eval 139.96s, Train 225.42s)
[STATE 2026-04-03 18:51:57] T7 Ep 1/10 complete: Prec 0.2344 F1 0.1936 DetRec 0.5682 DetFA 0.1770 | 365.38s total (139.96s eval/225.42s train)
[STATE 2026-04-03 18:51:57] Task 7 Epoch 2/10: entering train loop
T7 Ep 2/10 | L 1.5191 | Train Acc 0.27 | Prec 0.38 | F1 0.26 | Det Rec 0.57 | Det FA 0.65 | Epoch Time 226.55s (Eval 0.00s, Train 226.55s)
[STATE 2026-04-03 18:55:44] T7 Ep 2/10 complete: Prec 0.3803 F1 0.2603 DetRec 0.5678 DetFA 0.6504 | 226.55s total (0.00s eval/226.55s train)
[STATE 2026-04-03 18:55:44] Task 7 Epoch 3/10: entering train loop
T7 Ep 3/10 | L 1.3787 | Train Acc 0.34 | Prec 0.37 | F1 0.28 | Det Rec 0.58 | Det FA 0.77 | Epoch Time 227.00s (Eval 0.00s, Train 227.00s)
[STATE 2026-04-03 18:59:31] T7 Ep 3/10 complete: Prec 0.3661 F1 0.2774 DetRec 0.5782 DetFA 0.7732 | 227.00s total (0.00s eval/227.00s train)
[STATE 2026-04-03 18:59:31] Task 7 Epoch 4/10: entering train loop
T7 Ep 4/10 | L 1.2905 | Train Acc 0.35 | Prec 0.38 | F1 0.27 | Det Rec 0.58 | Det FA 0.82 | Epoch Time 226.83s (Eval 0.00s, Train 226.83s)
[STATE 2026-04-03 19:03:18] T7 Ep 4/10 complete: Prec 0.3759 F1 0.2697 DetRec 0.5774 DetFA 0.8220 | 226.83s total (0.00s eval/226.83s train)
[STATE 2026-04-03 19:03:18] Task 7 Epoch 5/10: entering train loop
T7 Ep 5/10 | L 1.2204 | Train Acc 0.40 | Prec 0.50 | F1 0.33 | Det Rec 0.59 | Det FA 0.79 | Epoch Time 226.83s (Eval 0.00s, Train 226.83s)
[STATE 2026-04-03 19:07:05] T7 Ep 5/10 complete: Prec 0.4957 F1 0.3269 DetRec 0.5910 DetFA 0.7922 | 226.83s total (0.00s eval/226.83s train)
[STATE 2026-04-03 19:07:05] Task 7 Epoch 6/10: entering train loop
T7 Ep 6/10 | L 1.1685 | Train Acc 0.41 | Prec 0.56 | F1 0.34 | Det Rec 0.59 | Det FA 0.80 | Epoch Time 225.44s (Eval 0.00s, Train 225.44s)
[STATE 2026-04-03 19:10:50] T7 Ep 6/10 complete: Prec 0.5561 F1 0.3429 DetRec 0.5891 DetFA 0.8043 | 225.44s total (0.00s eval/225.44s train)
[STATE 2026-04-03 19:10:50] Task 7 Epoch 7/10: entering train loop
T7 Ep 7/10 | L 1.1143 | Train Acc 0.42 | Prec 0.53 | F1 0.35 | Det Rec 0.60 | Det FA 0.78 | Epoch Time 226.63s (Eval 0.00s, Train 226.63s)
[STATE 2026-04-03 19:14:37] T7 Ep 7/10 complete: Prec 0.5275 F1 0.3469 DetRec 0.6022 DetFA 0.7802 | 226.63s total (0.00s eval/226.63s train)
[STATE 2026-04-03 19:14:37] Task 7 Epoch 8/10: entering train loop
T7 Ep 8/10 | L 1.0847 | Train Acc 0.50 | Prec 0.70 | F1 0.46 | Det Rec 0.62 | Det FA 0.74 | Epoch Time 225.19s (Eval 0.00s, Train 225.19s)
[STATE 2026-04-03 19:18:22] T7 Ep 8/10 complete: Prec 0.6994 F1 0.4569 DetRec 0.6195 DetFA 0.7435 | 225.19s total (0.00s eval/225.19s train)
[STATE 2026-04-03 19:18:22] Task 7 Epoch 9/10: entering train loop
T7 Ep 9/10 | L 1.0441 | Train Acc 0.51 | Prec 0.70 | F1 0.46 | Det Rec 0.63 | Det FA 0.73 | Epoch Time 226.36s (Eval 0.00s, Train 226.36s)
[STATE 2026-04-03 19:22:08] T7 Ep 9/10 complete: Prec 0.6997 F1 0.4595 DetRec 0.6270 DetFA 0.7287 | 226.36s total (0.00s eval/226.36s train)
[STATE 2026-04-03 19:22:08] Task 7 Epoch 10/10: entering train loop
T7 Ep 10/10 | L 1.0029 | Train Acc 0.49 | Prec 0.69 | F1 0.45 | Det Rec 0.64 | Det FA 0.71 | Epoch Time 225.44s (Eval 0.00s, Train 225.44s)
[STATE 2026-04-03 19:25:54] T7 Ep 10/10 complete: Prec 0.6881 F1 0.4516 DetRec 0.6352 DetFA 0.7119 | 225.44s total (0.00s eval/225.44s train)
[STATE 2026-04-03 19:25:54] Task 7: running final validation.
[STATE 2026-04-03 19:28:14] Completed task 7 (8/10)
Task 8: 36658 training samples, 12220 test samples.
[STATE 2026-04-03 19:28:14] Task 8: zero-shot validation (pre-train)
---- Zero-shot (pre-train) task 8: rec_cls 0.1081 | prec_cls 0.0276 | f1_cls 0.0171 | det 0.4999 | pfa 1.0000 | total_f1 0.2503 ----
[STATE 2026-04-03 19:30:38] Starting task 8 (9/10)
[STATE 2026-04-03 19:30:38] Task 8 Epoch 1/10: entering train loop
[STATE 2026-04-03 19:31:22] Task 8 Epoch 1/10: running validation (end of epoch)
---- Eval at Epoch 0: cls [0.31620611365742357, 0.19729681243177136, 0.4260639197805132, 0.32941679082129127, 0.2776164947395474, 0.2065974145002726, 0.4179964981063657, 0.35758168112055133, 0.5464306283082165] | det_recall [0.5028066445835315, 0.6644982786533735, 0.49998687944420933, 0.5, 0.5, 0.6779130815002191, 0.9971383116760079, 0.7544027511416853, 0.5062559809778134] | det_fa [0.9805267156056098, 0.13292014265984728, 0.999980243401296, 1.0, 1.0, 0.5949247493140248, 0.005723376647984354, 0.45290552899269854, 0.9685337750888662] ----
T8 Ep 1/10 | L 1.8605 | Train Acc 0.15 | Prec 0.17 | F1 0.15 | Det Rec 0.57 | Det FA 0.38 | Epoch Time 188.37s (Eval 144.13s, Train 44.24s)
[STATE 2026-04-03 19:33:46] T8 Ep 1/10 complete: Prec 0.1714 F1 0.1541 DetRec 0.5712 DetFA 0.3813 | 188.37s total (144.13s eval/44.24s train)
[STATE 2026-04-03 19:33:46] Task 8 Epoch 2/10: entering train loop
T8 Ep 2/10 | L 1.6665 | Train Acc 0.28 | Prec 0.32 | F1 0.16 | Det Rec 0.56 | Det FA 0.87 | Epoch Time 43.67s (Eval 0.00s, Train 43.67s)
[STATE 2026-04-03 19:34:30] T8 Ep 2/10 complete: Prec 0.3239 F1 0.1575 DetRec 0.5561 DetFA 0.8688 | 43.67s total (0.00s eval/43.67s train)
[STATE 2026-04-03 19:34:30] Task 8 Epoch 3/10: entering train loop
T8 Ep 3/10 | L 1.5586 | Train Acc 0.33 | Prec 0.41 | F1 0.21 | Det Rec 0.57 | Det FA 0.84 | Epoch Time 44.99s (Eval 0.00s, Train 44.99s)
[STATE 2026-04-03 19:35:15] T8 Ep 3/10 complete: Prec 0.4059 F1 0.2059 DetRec 0.5664 DetFA 0.8440 | 44.99s total (0.00s eval/44.99s train)
[STATE 2026-04-03 19:35:15] Task 8 Epoch 4/10: entering train loop
T8 Ep 4/10 | L 1.4738 | Train Acc 0.36 | Prec 0.42 | F1 0.22 | Det Rec 0.56 | Det FA 0.86 | Epoch Time 43.85s (Eval 0.00s, Train 43.85s)
[STATE 2026-04-03 19:35:59] T8 Ep 4/10 complete: Prec 0.4208 F1 0.2158 DetRec 0.5581 DetFA 0.8648 | 43.85s total (0.00s eval/43.85s train)
[STATE 2026-04-03 19:35:59] Task 8 Epoch 5/10: entering train loop
T8 Ep 5/10 | L 1.4239 | Train Acc 0.32 | Prec 0.31 | F1 0.16 | Det Rec 0.54 | Det FA 0.91 | Epoch Time 43.75s (Eval 0.00s, Train 43.75s)
[STATE 2026-04-03 19:36:43] T8 Ep 5/10 complete: Prec 0.3144 F1 0.1647 DetRec 0.5397 DetFA 0.9135 | 43.75s total (0.00s eval/43.75s train)
[STATE 2026-04-03 19:36:43] Task 8 Epoch 6/10: entering train loop
T8 Ep 6/10 | L 1.3751 | Train Acc 0.54 | Prec 0.56 | F1 0.32 | Det Rec 0.53 | Det FA 0.93 | Epoch Time 43.60s (Eval 0.00s, Train 43.60s)
[STATE 2026-04-03 19:37:26] T8 Ep 6/10 complete: Prec 0.5560 F1 0.3187 DetRec 0.5322 DetFA 0.9277 | 43.60s total (0.00s eval/43.60s train)
[STATE 2026-04-03 19:37:26] Task 8 Epoch 7/10: entering train loop
T8 Ep 7/10 | L 1.2997 | Train Acc 0.57 | Prec 0.59 | F1 0.34 | Det Rec 0.54 | Det FA 0.90 | Epoch Time 44.45s (Eval 0.00s, Train 44.45s)
[STATE 2026-04-03 19:38:11] T8 Ep 7/10 complete: Prec 0.5925 F1 0.3376 DetRec 0.5375 DetFA 0.9018 | 44.45s total (0.00s eval/44.45s train)
[STATE 2026-04-03 19:38:11] Task 8 Epoch 8/10: entering train loop
T8 Ep 8/10 | L 1.2456 | Train Acc 0.60 | Prec 0.62 | F1 0.36 | Det Rec 0.54 | Det FA 0.91 | Epoch Time 44.01s (Eval 0.00s, Train 44.01s)
[STATE 2026-04-03 19:38:55] T8 Ep 8/10 complete: Prec 0.6154 F1 0.3598 DetRec 0.5383 DetFA 0.9137 | 44.01s total (0.00s eval/44.01s train)
[STATE 2026-04-03 19:38:55] Task 8 Epoch 9/10: entering train loop
T8 Ep 9/10 | L 1.2209 | Train Acc 0.62 | Prec 0.60 | F1 0.35 | Det Rec 0.54 | Det FA 0.90 | Epoch Time 43.84s (Eval 0.00s, Train 43.84s)
[STATE 2026-04-03 19:39:38] T8 Ep 9/10 complete: Prec 0.6022 F1 0.3517 DetRec 0.5407 DetFA 0.9038 | 43.84s total (0.00s eval/43.84s train)
[STATE 2026-04-03 19:39:38] Task 8 Epoch 10/10: entering train loop
T8 Ep 10/10 | L 1.2042 | Train Acc 0.53 | Prec 0.55 | F1 0.31 | Det Rec 0.54 | Det FA 0.92 | Epoch Time 43.81s (Eval 0.00s, Train 43.81s)
[STATE 2026-04-03 19:40:22] T8 Ep 10/10 complete: Prec 0.5483 F1 0.3129 DetRec 0.5354 DetFA 0.9233 | 43.81s total (0.00s eval/43.81s train)
[STATE 2026-04-03 19:40:22] Task 8: running final validation.
[STATE 2026-04-03 19:42:47] Completed task 8 (9/10)
Task 9: 17340 training samples, 6800 test samples.
[STATE 2026-04-03 19:42:47] Task 9: zero-shot validation (pre-train)
---- Zero-shot (pre-train) task 9: rec_cls 0.1813 | prec_cls 0.0553 | f1_cls 0.0375 | det 0.5000 | pfa 1.0000 | total_f1 0.2270 ----
[STATE 2026-04-03 19:45:14] Starting task 9 (10/10)
[STATE 2026-04-03 19:45:14] Task 9 Epoch 1/10: entering train loop
[STATE 2026-04-03 19:45:35] Task 9 Epoch 1/10: running validation (end of epoch)
---- Eval at Epoch 0: cls [0.37803853275468213, 0.29968334677247555, 0.41003715993969414, 0.33956163292468744, 0.27202686434259066, 0.19140651046925206, 0.42160085802706987, 0.30207392418520845, 0.16790838625941254, 0.3779878469383859] | det_recall [0.49761234196999093, 0.46629375418843033, 0.5000573155694964, 0.5, 0.5, 0.6785904441885761, 0.9985978221030033, 0.739037329705073, 0.5112798817503692, 1.0] | det_fa [0.9851755758596998, 0.8258687722510207, 0.9998473188230822, 1.0, 1.0, 0.40612864388323383, 0.0028043557939934527, 0.49603765513092396, 0.905069205045704, 0.0] ----
T9 Ep 1/10 | L 1.6934 | Train Acc 0.26 | Prec 0.17 | F1 0.15 | Det Rec 0.60 | Det FA 0.81 | Epoch Time 167.23s (Eval 146.45s, Train 20.78s)
[STATE 2026-04-03 19:48:01] T9 Ep 1/10 complete: Prec 0.1662 F1 0.1460 DetRec 0.5950 DetFA 0.8088 | 167.23s total (146.45s eval/20.78s train)
[STATE 2026-04-03 19:48:01] Task 9 Epoch 2/10: entering train loop
T9 Ep 2/10 | L 1.3248 | Train Acc 0.36 | Prec 0.27 | F1 0.34 | Det Rec 0.90 | Det FA 0.21 | Epoch Time 20.79s (Eval 0.00s, Train 20.79s)
[STATE 2026-04-03 19:48:22] T9 Ep 2/10 complete: Prec 0.2723 F1 0.3409 DetRec 0.8971 DetFA 0.2059 | 20.79s total (0.00s eval/20.79s train)
[STATE 2026-04-03 19:48:22] Task 9 Epoch 3/10: entering train loop
T9 Ep 3/10 | L 1.2655 | Train Acc 0.37 | Prec 0.33 | F1 0.41 | Det Rec 1.00 | Det FA 0.00 | Epoch Time 20.77s (Eval 0.00s, Train 20.77s)
[STATE 2026-04-03 19:48:43] T9 Ep 3/10 complete: Prec 0.3282 F1 0.4102 DetRec 1.0000 DetFA 0.0000 | 20.77s total (0.00s eval/20.77s train)
[STATE 2026-04-03 19:48:43] Task 9 Epoch 4/10: entering train loop
T9 Ep 4/10 | L 1.2507 | Train Acc 0.37 | Prec 0.36 | F1 0.42 | Det Rec 1.00 | Det FA 0.00 | Epoch Time 20.76s (Eval 0.00s, Train 20.76s)
[STATE 2026-04-03 19:49:04] T9 Ep 4/10 complete: Prec 0.3601 F1 0.4248 DetRec 1.0000 DetFA 0.0000 | 20.76s total (0.00s eval/20.76s train)
[STATE 2026-04-03 19:49:04] Task 9 Epoch 5/10: entering train loop
T9 Ep 5/10 | L 1.2196 | Train Acc 0.38 | Prec 0.29 | F1 0.40 | Det Rec 1.00 | Det FA 0.00 | Epoch Time 20.76s (Eval 0.00s, Train 20.76s)
[STATE 2026-04-03 19:49:24] T9 Ep 5/10 complete: Prec 0.2944 F1 0.3965 DetRec 0.9999 DetFA 0.0000 | 20.76s total (0.00s eval/20.76s train)
[STATE 2026-04-03 19:49:24] Task 9 Epoch 6/10: entering train loop
T9 Ep 6/10 | L 1.1848 | Train Acc 0.41 | Prec 0.39 | F1 0.44 | Det Rec 1.00 | Det FA 0.00 | Epoch Time 20.70s (Eval 0.00s, Train 20.70s)
[STATE 2026-04-03 19:49:45] T9 Ep 6/10 complete: Prec 0.3882 F1 0.4401 DetRec 0.9999 DetFA 0.0000 | 20.70s total (0.00s eval/20.70s train)
[STATE 2026-04-03 19:49:45] Task 9 Epoch 7/10: entering train loop
T9 Ep 7/10 | L 1.1663 | Train Acc 0.42 | Prec 0.34 | F1 0.42 | Det Rec 1.00 | Det FA 0.00 | Epoch Time 20.70s (Eval 0.00s, Train 20.70s)
[STATE 2026-04-03 19:50:06] T9 Ep 7/10 complete: Prec 0.3414 F1 0.4221 DetRec 1.0000 DetFA 0.0000 | 20.70s total (0.00s eval/20.70s train)
[STATE 2026-04-03 19:50:06] Task 9 Epoch 8/10: entering train loop
T9 Ep 8/10 | L 1.1558 | Train Acc 0.42 | Prec 0.41 | F1 0.46 | Det Rec 1.00 | Det FA 0.00 | Epoch Time 20.44s (Eval 0.00s, Train 20.44s)
[STATE 2026-04-03 19:50:26] T9 Ep 8/10 complete: Prec 0.4107 F1 0.4605 DetRec 1.0000 DetFA 0.0000 | 20.44s total (0.00s eval/20.44s train)
[STATE 2026-04-03 19:50:26] Task 9 Epoch 9/10: entering train loop
T9 Ep 9/10 | L 1.1261 | Train Acc 0.42 | Prec 0.37 | F1 0.43 | Det Rec 1.00 | Det FA 0.00 | Epoch Time 20.34s (Eval 0.00s, Train 20.34s)
[STATE 2026-04-03 19:50:47] T9 Ep 9/10 complete: Prec 0.3705 F1 0.4337 DetRec 0.9999 DetFA 0.0000 | 20.34s total (0.00s eval/20.34s train)
[STATE 2026-04-03 19:50:47] Task 9 Epoch 10/10: entering train loop
T9 Ep 10/10 | L 1.1369 | Train Acc 0.42 | Prec 0.40 | F1 0.44 | Det Rec 1.00 | Det FA 0.00 | Epoch Time 20.44s (Eval 0.00s, Train 20.44s)
[STATE 2026-04-03 19:51:07] T9 Ep 10/10 complete: Prec 0.4045 F1 0.4389 DetRec 1.0000 DetFA 0.0000 | 20.44s total (0.00s eval/20.44s train)
[STATE 2026-04-03 19:51:07] Task 9: running final validation.
[STATE 2026-04-03 19:53:34] Completed task 9 (10/10)
####Final Validation Accuracy####
Final Results:- 
 Total Recall: 0.3238325635115964 
 Individual Recall: [0.3742114845368681, 0.33954238450204244, 0.3980959265340924, 0.33267055442776466, 0.267598737886064, 0.18928162093834316, 0.42472119133428404, 0.30286991187755247, 0.17056646542383627, 0.43876735765511643]
Final Detection Results:- 
 Total Detection: 0.6218189027145629 
 Individual Detection: [0.49431769605342923, 0.48226166681941174, 0.5003283259940164, 0.5, 0.5, 0.5044167787446202, 0.9987406792458603, 0.7261770826703386, 0.5119467976179518, 1.0]
Final Detection False Alarm:- 
 Total False Alarm: 0.6997101904090047 
 Individual False Alarm: [0.9856676117346234, 0.7958031862792159, 0.9992287020190074, 1.0, 1.0, 0.7833270788885598, 0.002518641508279167, 0.5145357869860235, 0.9160208966743392, 0.0]
SUMMARY_TR cls_rec=0.5240 cls_prec=0.5660 cls_f1=0.4810 det=0.6391 fa=0.6621
SUMMARY_TE cls_rec=0.3238 cls_prec=0.3380 cls_f1=0.2276 det=0.6218 fa=0.6997
[STATE 2026-04-03 19:53:34] Saving results to logs//hat/full-tasks_all-10epochs_weighted-loss-2026-04-03_15-55-04-2573/0/results
Model size: 0.0146 GB
Memory buffer size: 0.0000 GB
logs//hat/full-tasks_all-10epochs_weighted-loss-2026-04-03_15-55-04-2573/0/results: {'expt_name': 'full-tasks_all-10epochs_weighted-loss', 'model': 'hat', 'arch': 'resnet1d', 'n_hiddens': 100, 'n_layers': 2, 'xav_init': False, 'debug': False, 'use_detector_arch': False, 'glances': 1, 'n_epochs': 10, 'batch_size': 256, 'replay_batch_size': 128, 'memories': 5120, 'lr': 0.001, 'optimizer': 'sgd', 'class_weighted_ce': True, 'cuda': True, 'seed': 0, 'log_every': 10, 'log_dir': 'logs//hat/full-tasks_all-10epochs_weighted-loss-2026-04-03_15-55-04-2573/0', 'tf_dir': 'logs//hat/full-tasks_all-10epochs_weighted-loss-2026-04-03_15-55-04-2573/0/tfdir', 'calc_test_accuracy': False, 'state_logging': True, 'data_path': 'data/rff/radar/full', 'task_order_files': 't2-rcn,t0-rcn,t2-uclresm-25noise,t0-deeprad,t1-deeprad,t1-uclresm-25noise,t3-deeprad,t0-uclresm-25noise,t1-rcn,t2-deeprad', 'loader': 'task_incremental_loader', 'samples_per_task': -1, 'shuffle_tasks': False, 'classes_per_it': 6, 'iterations': 5000, 'dataset': 'iq', 'workers': 0, 'validation': 0.5, 'data_scaling': 'normalize', 'use_iq_aug_features': False, 'iq_aug_feature_type': 'power', 'class_order': 'random', 'increment': 5, 'test_batch_size': 512, 'nc_per_task': None, 'nc_per_task_list': '', 'val_rate': 1000, 'opt_lr': 0.1, 'opt_wt': 0.1, 'alpha_init': 0.001, 'learn_lr': False, 'sync_update': False, 'grad_clip_norm': 5.0, 'meta_batches': 3, 'use_old_task_memory': False, 'second_order': False, 'n_memories': 5120, 'memory_strength': 0, 'steps_per_sample': 1, 'bgd_optimizer': 'sgd', 'optimizer_params': '{}', 'train_mc_iters': 5, 'std_init': 0.05, 'mean_eta': 1, 'fisher_gamma': 0.95, 'rln': 7, 'update_steps': 10, 'meta_lr': 0.001, 'update_lr': 0.1, 'ctx_lr': 0.05, 'n_meta': 2, 'inner_steps': 1, 'temperature': 5.0, 'task_emb': 64, 'classes_per_task': [6, 7, 6, 7, 7, 6, 6, 6, 7, 6], 'get_samples_per_task': <bound method IncrementalLoader.get_samples_per_task of <dataloaders.task_incremental_loader.IncrementalLoader object at 0x7c3f04800550>>} # val: 0.645 0.324 -0.321 0.000 # sizes: model_gb=0.0146 mem_gb=0.0000 # 14245.859681606293
[STATE 2026-04-03 19:53:34] results.pt components (approx): state_dict 15.0 MB, result_val_t 0.1 KB, result_val_a 0.8 KB
[STATE 2026-04-03 19:53:34] Results saved; total runtime 3.96h
Total runtime: 3.96 hours
