[STATE 2026-03-28 12:09:49] Enabling terminal logging to logs//la-er/full-tasks_all-10epochs_weighted-loss-2026-03-28_12-09-49-3381/0/terminal.log
New Experiment Starting...
Running model:  eralg4
[STATE 2026-03-28 12:09:49] Experiment 'full-tasks_all-10epochs_weighted-loss' starting with model 'eralg4' (seed 0)
Set seed 0
t2-rcn.npz train: x=(50362, 1024), y=(50362, 2)
t2-rcn.npz test: x=(16787, 1024), y=(16787, 2)
t2-rcn.npz: applied data scaling mode 'normalize'.
Loaded t2-rcn.npz: Unique train labels: UniqueCountsResult(values=array([-1,  3,  5, 10, 12, 15]), counts=array([24209,  5770,  3030,  2320,  7509,  7524]))
Noise labels ratio in t2-rcn.npz train: 0.24, test: 0.24
Loaded t2-rcn.npz: Remapped labels: [0 1 2 3 4 5]. Size: 50362)
t0-rcn.npz train: x=(51916, 1024), y=(51916, 2)
t0-rcn.npz test: x=(17305, 1024), y=(17305, 2)
t0-rcn.npz: applied data scaling mode 'normalize'.
Loaded t0-rcn.npz: Unique train labels: UniqueCountsResult(values=array([-1,  1,  8,  9, 11, 13, 14]), counts=array([24225,  4268,  2495,  2943,  3015,  7464,  7506]))
Noise labels ratio in t0-rcn.npz train: 0.23, test: 0.23
Loaded t0-rcn.npz: Remapped labels: [ 6  7  8  9 10 11 12]. Size: 51916)
t2-uclresm-25noise.npz train: moved sample axis (3, 350028, 1024) -> (350028, 3, 1024)
t2-uclresm-25noise.npz test: moved sample axis (3, 233351, 1024) -> (233351, 3, 1024)
t2-uclresm-25noise.npz train: x=(350028, 3, 1024), y=(350028,)
t2-uclresm-25noise.npz test: x=(233351, 3, 1024), y=(233351,)
t2-uclresm-25noise.npz: applied data scaling mode 'normalize'.
Loaded t2-uclresm-25noise.npz: Unique train labels: UniqueCountsResult(values=array([-1,  0,  1,  2,  3,  4]), counts=array([87441, 27347, 71754, 64298, 36005, 63183]))
Noise labels ratio in t2-uclresm-25noise.npz train: 0.25, test: 0.25
Loaded t2-uclresm-25noise.npz: Remapped labels: [13 14 15 16 17 18]. Size: 350028)
t0-deeprad.npz train: x=(24480, 1024), y=(24480, 2)
t0-deeprad.npz test: x=(8160, 1024), y=(8160, 2)
t0-deeprad.npz: applied data scaling mode 'normalize'.
Loaded t0-deeprad.npz: Unique train labels: UniqueCountsResult(values=array([-1,  0,  1,  2,  3,  4,  5]), counts=array([12240,  2029,  1983,  2043,  2154,  2015,  2016]))
Noise labels ratio in t0-deeprad.npz train: 0.25, test: 0.25
Loaded t0-deeprad.npz: Remapped labels: [19 20 21 22 23 24 25]. Size: 24480)
t1-deeprad.npz train: x=(24480, 1024), y=(24480, 2)
t1-deeprad.npz test: x=(8160, 1024), y=(8160, 2)
t1-deeprad.npz: applied data scaling mode 'normalize'.
Loaded t1-deeprad.npz: Unique train labels: UniqueCountsResult(values=array([-1,  0,  1,  2,  3,  4,  5]), counts=array([12240,  1988,  2029,  2054,  1988,  2053,  2128]))
Noise labels ratio in t1-deeprad.npz train: 0.25, test: 0.25
Loaded t1-deeprad.npz: Remapped labels: [26 27 28 29 30 31 32]. Size: 24480)
t1-uclresm-25noise.npz train: moved sample axis (3, 201410, 1024) -> (201410, 3, 1024)
t1-uclresm-25noise.npz test: moved sample axis (3, 116291, 1024) -> (116291, 3, 1024)
t1-uclresm-25noise.npz train: x=(201410, 3, 1024), y=(201410,)
t1-uclresm-25noise.npz test: x=(116291, 3, 1024), y=(116291,)
t1-uclresm-25noise.npz: applied data scaling mode 'normalize'.
Loaded t1-uclresm-25noise.npz: Unique train labels: UniqueCountsResult(values=array([-1,  0,  1,  2,  3,  4]), counts=array([43668, 18021, 17838, 18087, 31870, 71926]))
Noise labels ratio in t1-uclresm-25noise.npz train: 0.22, test: 0.25
Loaded t1-uclresm-25noise.npz: Remapped labels: [33 34 35 36 37 38]. Size: 201410)
t3-deeprad.npz train: x=(17340, 1024), y=(17340, 2)
t3-deeprad.npz test: x=(6800, 1024), y=(6800, 2)
t3-deeprad.npz: applied data scaling mode 'normalize'.
Loaded t3-deeprad.npz: Unique train labels: UniqueCountsResult(values=array([-1,  0,  1,  2,  3,  4]), counts=array([8670, 1693, 1677, 1794, 1716, 1790]))
Noise labels ratio in t3-deeprad.npz train: 0.25, test: 0.25
Loaded t3-deeprad.npz: Remapped labels: [39 40 41 42 43 44]. Size: 17340)
t0-uclresm-25noise.npz train: moved sample axis (3, 188050, 1024) -> (188050, 3, 1024)
t0-uclresm-25noise.npz test: moved sample axis (3, 107348, 1024) -> (107348, 3, 1024)
t0-uclresm-25noise.npz train: x=(188050, 3, 1024), y=(188050,)
t0-uclresm-25noise.npz test: x=(107348, 3, 1024), y=(107348,)
t0-uclresm-25noise.npz: applied data scaling mode 'normalize'.
Loaded t0-uclresm-25noise.npz: Unique train labels: UniqueCountsResult(values=array([-1,  0,  1,  2,  3,  4]), counts=array([40144, 32109, 17978, 17979, 18098, 61742]))
Noise labels ratio in t0-uclresm-25noise.npz train: 0.21, test: 0.25
Loaded t0-uclresm-25noise.npz: Remapped labels: [45 46 47 48 49 50]. Size: 188050)
t1-rcn.npz train: x=(36658, 1024), y=(36658, 2)
t1-rcn.npz test: x=(12220, 1024), y=(12220, 2)
t1-rcn.npz: applied data scaling mode 'normalize'.
Loaded t1-rcn.npz: Unique train labels: UniqueCountsResult(values=array([-1,  0,  2,  4,  6,  7, 16]), counts=array([20595,   824,  2087,  2606,  2396,  1716,  6434]))
Noise labels ratio in t1-rcn.npz train: 0.28, test: 0.28
Loaded t1-rcn.npz: Remapped labels: [51 52 53 54 55 56 57]. Size: 36658)
t2-deeprad.npz train: x=(17340, 1024), y=(17340, 2)
t2-deeprad.npz test: x=(6800, 1024), y=(6800, 2)
t2-deeprad.npz: applied data scaling mode 'normalize'.
Loaded t2-deeprad.npz: Unique train labels: UniqueCountsResult(values=array([-1,  0,  1,  2,  3,  4]), counts=array([8670, 1774, 1675, 1777, 1694, 1750]))
Noise labels ratio in t2-deeprad.npz train: 0.25, test: 0.25
Loaded t2-deeprad.npz: Remapped labels: [58 59 60 61 62 63]. Size: 17340)
Built classes_per_task: [6, 7, 6, 7, 7, 6, 6, 6, 7, 6]
Classes per task: [6, 7, 6, 7, 7, 6, 6, 6, 7, 6]
[STATE 2026-03-28 12:10:53] Loader 'task_incremental_loader' ready: 1024 inputs, 64 outputs, 10 tasks
n_outputs: 64 	n_tasks: 10
[STATE 2026-03-28 12:10:53] Logging to logs//la-er/full-tasks_all-10epochs_weighted-loss-2026-03-28_12-09-49-3381/0
True
Model device: cuda:0
[STATE 2026-03-28 12:10:53] Model initialized on device cuda:0
[STATE 2026-03-28 12:10:53] Invoking continual life experience flow
[STATE 2026-03-28 12:10:53] Life experience start: 10 tasks queued
Task 0: 50362 training samples, 16787 test samples.
[STATE 2026-03-28 12:10:53] Starting task 0 (1/10)
[STATE 2026-03-28 12:10:53] Task 0 Epoch 1/10: entering train loop
[STATE 2026-03-28 12:17:12] Task 0 Epoch 1/10: running validation (end of epoch)
---- Eval at Epoch 0: cls [0.507629433466579] | det_recall [0.8607877076543199] | det_fa [0.24543065135038772] ----
T0 Ep 1/10 | L 1.6565 | Train Acc 0.23 | Prec 0.25 | F1 0.27 | Det Rec 0.69 | Det FA 0.21 | Epoch Time 384.21s (Eval 4.78s, Train 379.42s)
[STATE 2026-03-28 12:17:17] T0 Ep 1/10 complete: Prec 0.2459 F1 0.2728 DetRec 0.6876 DetFA 0.2063 | 384.21s total (4.78s eval/379.42s train)
[STATE 2026-03-28 12:17:17] Task 0 Epoch 2/10: entering train loop
T0 Ep 2/10 | L 0.6595 | Train Acc 0.56 | Prec 0.64 | F1 0.60 | Det Rec 0.87 | Det FA 0.13 | Epoch Time 377.90s (Eval 0.00s, Train 377.90s)
[STATE 2026-03-28 12:23:35] T0 Ep 2/10 complete: Prec 0.6435 F1 0.5964 DetRec 0.8679 DetFA 0.1342 | 377.90s total (0.00s eval/377.90s train)
[STATE 2026-03-28 12:23:35] Task 0 Epoch 3/10: entering train loop
T0 Ep 3/10 | L 0.5072 | Train Acc 0.65 | Prec 0.75 | F1 0.68 | Det Rec 0.88 | Det FA 0.13 | Epoch Time 378.38s (Eval 0.00s, Train 378.38s)
[STATE 2026-03-28 12:29:54] T0 Ep 3/10 complete: Prec 0.7536 F1 0.6799 DetRec 0.8787 DetFA 0.1312 | 378.38s total (0.00s eval/378.38s train)
[STATE 2026-03-28 12:29:54] Task 0 Epoch 4/10: entering train loop
T0 Ep 4/10 | L 0.4613 | Train Acc 0.68 | Prec 0.79 | F1 0.71 | Det Rec 0.89 | Det FA 0.12 | Epoch Time 378.80s (Eval 0.00s, Train 378.80s)
[STATE 2026-03-28 12:36:12] T0 Ep 4/10 complete: Prec 0.7880 F1 0.7115 DetRec 0.8852 DetFA 0.1240 | 378.80s total (0.00s eval/378.80s train)
[STATE 2026-03-28 12:36:12] Task 0 Epoch 5/10: entering train loop
T0 Ep 5/10 | L 0.4197 | Train Acc 0.71 | Prec 0.82 | F1 0.74 | Det Rec 0.89 | Det FA 0.12 | Epoch Time 377.44s (Eval 0.00s, Train 377.44s)
[STATE 2026-03-28 12:42:30] T0 Ep 5/10 complete: Prec 0.8162 F1 0.7408 DetRec 0.8883 DetFA 0.1207 | 377.44s total (0.00s eval/377.44s train)
[STATE 2026-03-28 12:42:30] Task 0 Epoch 6/10: entering train loop
T0 Ep 6/10 | L 0.3876 | Train Acc 0.76 | Prec 0.87 | F1 0.78 | Det Rec 0.89 | Det FA 0.12 | Epoch Time 381.20s (Eval 0.00s, Train 381.20s)
[STATE 2026-03-28 12:48:51] T0 Ep 6/10 complete: Prec 0.8651 F1 0.7843 DetRec 0.8914 DetFA 0.1180 | 381.20s total (0.00s eval/381.20s train)
[STATE 2026-03-28 12:48:51] Task 0 Epoch 7/10: entering train loop
T0 Ep 7/10 | L 0.3541 | Train Acc 0.79 | Prec 0.89 | F1 0.81 | Det Rec 0.90 | Det FA 0.11 | Epoch Time 380.61s (Eval 0.00s, Train 380.61s)
[STATE 2026-03-28 12:55:12] T0 Ep 7/10 complete: Prec 0.8925 F1 0.8143 DetRec 0.8952 DetFA 0.1139 | 380.61s total (0.00s eval/380.61s train)
[STATE 2026-03-28 12:55:12] Task 0 Epoch 8/10: entering train loop
T0 Ep 8/10 | L 0.3361 | Train Acc 0.82 | Prec 0.91 | F1 0.83 | Det Rec 0.90 | Det FA 0.12 | Epoch Time 379.06s (Eval 0.00s, Train 379.06s)
[STATE 2026-03-28 13:01:31] T0 Ep 8/10 complete: Prec 0.9059 F1 0.8306 DetRec 0.8967 DetFA 0.1171 | 379.06s total (0.00s eval/379.06s train)
[STATE 2026-03-28 13:01:31] Task 0 Epoch 9/10: entering train loop
T0 Ep 9/10 | L 0.3239 | Train Acc 0.83 | Prec 0.91 | F1 0.84 | Det Rec 0.90 | Det FA 0.12 | Epoch Time 379.42s (Eval 0.00s, Train 379.42s)
[STATE 2026-03-28 13:07:50] T0 Ep 9/10 complete: Prec 0.9135 F1 0.8386 DetRec 0.8981 DetFA 0.1172 | 379.42s total (0.00s eval/379.42s train)
[STATE 2026-03-28 13:07:50] Task 0 Epoch 10/10: entering train loop
T0 Ep 10/10 | L 0.3148 | Train Acc 0.84 | Prec 0.92 | F1 0.85 | Det Rec 0.90 | Det FA 0.11 | Epoch Time 379.16s (Eval 0.00s, Train 379.16s)
[STATE 2026-03-28 13:14:09] T0 Ep 10/10 complete: Prec 0.9217 F1 0.8473 DetRec 0.9005 DetFA 0.1128 | 379.16s total (0.00s eval/379.16s train)
[STATE 2026-03-28 13:14:09] Task 0: running final validation.
[STATE 2026-03-28 13:14:14] Completed task 0 (1/10)
Task 1: 51916 training samples, 17305 test samples.
[STATE 2026-03-28 13:14:14] Starting task 1 (2/10)
[STATE 2026-03-28 13:14:14] Task 1 Epoch 1/10: entering train loop
[STATE 2026-03-28 13:20:45] Task 1 Epoch 1/10: running validation (end of epoch)
---- Eval at Epoch 0: cls [0.7375363966849674, 0.4910530289877541] | det_recall [0.8767416413459321, 0.839171440852243] | det_fa [0.1292981050424142, 0.05655515016278459] ----
T1 Ep 1/10 | L 0.7389 | Train Acc 0.39 | Prec 0.56 | F1 0.47 | Det Rec 0.78 | Det FA 0.11 | Epoch Time 400.20s (Eval 9.69s, Train 390.51s)
[STATE 2026-03-28 13:20:54] T1 Ep 1/10 complete: Prec 0.5650 F1 0.4680 DetRec 0.7753 DetFA 0.1084 | 400.20s total (9.69s eval/390.51s train)
[STATE 2026-03-28 13:20:54] Task 1 Epoch 2/10: entering train loop
T1 Ep 2/10 | L 0.5424 | Train Acc 0.60 | Prec 0.75 | F1 0.66 | Det Rec 0.87 | Det FA 0.10 | Epoch Time 390.65s (Eval 0.00s, Train 390.65s)
[STATE 2026-03-28 13:27:25] T1 Ep 2/10 complete: Prec 0.7508 F1 0.6621 DetRec 0.8693 DetFA 0.1003 | 390.65s total (0.00s eval/390.65s train)
[STATE 2026-03-28 13:27:25] Task 1 Epoch 3/10: entering train loop
T1 Ep 3/10 | L 0.4683 | Train Acc 0.68 | Prec 0.80 | F1 0.73 | Det Rec 0.89 | Det FA 0.08 | Epoch Time 391.51s (Eval 0.00s, Train 391.51s)
[STATE 2026-03-28 13:33:56] T1 Ep 3/10 complete: Prec 0.7992 F1 0.7274 DetRec 0.8902 DetFA 0.0811 | 391.51s total (0.00s eval/391.51s train)
[STATE 2026-03-28 13:33:56] Task 1 Epoch 4/10: entering train loop
T1 Ep 4/10 | L 0.4245 | Train Acc 0.72 | Prec 0.83 | F1 0.76 | Det Rec 0.90 | Det FA 0.07 | Epoch Time 390.03s (Eval 0.00s, Train 390.03s)
[STATE 2026-03-28 13:40:26] T1 Ep 4/10 complete: Prec 0.8273 F1 0.7619 DetRec 0.9014 DetFA 0.0728 | 390.03s total (0.00s eval/390.03s train)
[STATE 2026-03-28 13:40:26] Task 1 Epoch 5/10: entering train loop
T1 Ep 5/10 | L 0.3933 | Train Acc 0.75 | Prec 0.84 | F1 0.79 | Det Rec 0.91 | Det FA 0.06 | Epoch Time 391.97s (Eval 0.00s, Train 391.97s)
[STATE 2026-03-28 13:46:58] T1 Ep 5/10 complete: Prec 0.8447 F1 0.7866 DetRec 0.9098 DetFA 0.0634 | 391.97s total (0.00s eval/391.97s train)
[STATE 2026-03-28 13:46:58] Task 1 Epoch 6/10: entering train loop
T1 Ep 6/10 | L 0.3776 | Train Acc 0.76 | Prec 0.86 | F1 0.80 | Det Rec 0.91 | Det FA 0.06 | Epoch Time 392.32s (Eval 0.00s, Train 392.32s)
[STATE 2026-03-28 13:53:31] T1 Ep 6/10 complete: Prec 0.8612 F1 0.8028 DetRec 0.9123 DetFA 0.0604 | 392.32s total (0.00s eval/392.32s train)
[STATE 2026-03-28 13:53:31] Task 1 Epoch 7/10: entering train loop
T1 Ep 7/10 | L 0.3577 | Train Acc 0.78 | Prec 0.88 | F1 0.82 | Det Rec 0.92 | Det FA 0.05 | Epoch Time 389.49s (Eval 0.00s, Train 389.49s)
[STATE 2026-03-28 14:00:00] T1 Ep 7/10 complete: Prec 0.8767 F1 0.8204 DetRec 0.9179 DetFA 0.0522 | 389.49s total (0.00s eval/389.49s train)
[STATE 2026-03-28 14:00:00] Task 1 Epoch 8/10: entering train loop
T1 Ep 8/10 | L 0.3290 | Train Acc 0.80 | Prec 0.89 | F1 0.84 | Det Rec 0.92 | Det FA 0.05 | Epoch Time 390.20s (Eval 0.00s, Train 390.20s)
[STATE 2026-03-28 14:06:30] T1 Ep 8/10 complete: Prec 0.8914 F1 0.8387 DetRec 0.9236 DetFA 0.0462 | 390.20s total (0.00s eval/390.20s train)
[STATE 2026-03-28 14:06:30] Task 1 Epoch 9/10: entering train loop
T1 Ep 9/10 | L 0.3117 | Train Acc 0.81 | Prec 0.90 | F1 0.85 | Det Rec 0.93 | Det FA 0.04 | Epoch Time 389.93s (Eval 0.00s, Train 389.93s)
[STATE 2026-03-28 14:13:00] T1 Ep 9/10 complete: Prec 0.8991 F1 0.8475 DetRec 0.9260 DetFA 0.0435 | 389.93s total (0.00s eval/389.93s train)
[STATE 2026-03-28 14:13:00] Task 1 Epoch 10/10: entering train loop
T1 Ep 10/10 | L 0.2923 | Train Acc 0.82 | Prec 0.90 | F1 0.86 | Det Rec 0.93 | Det FA 0.04 | Epoch Time 391.22s (Eval 0.00s, Train 391.22s)
[STATE 2026-03-28 14:19:32] T1 Ep 10/10 complete: Prec 0.9035 F1 0.8552 DetRec 0.9290 DetFA 0.0427 | 391.22s total (0.00s eval/391.22s train)
[STATE 2026-03-28 14:19:32] Task 1: running final validation.
[STATE 2026-03-28 14:19:41] Completed task 1 (2/10)
Task 2: 350028 training samples, 175014 test samples.
[STATE 2026-03-28 14:19:42] Starting task 2 (3/10)
[STATE 2026-03-28 14:19:42] Task 2 Epoch 1/10: entering train loop
[STATE 2026-03-28 15:03:42] Task 2 Epoch 1/10: running validation (end of epoch)
---- Eval at Epoch 0: cls [0.5665200424887182, 0.7213736649849856, 0.3062301830641611] | det_recall [0.8167061289723766, 0.6625639147920013, 0.7758299134761687] | det_fa [0.18092126040451723, 0.5544181259648856, 0.336359196711026] ----
T2 Ep 1/10 | L 1.0449 | Train Acc 0.25 | Prec 0.39 | F1 0.31 | Det Rec 0.81 | Det FA 0.20 | Epoch Time 2698.82s (Eval 58.61s, Train 2640.21s)
[STATE 2026-03-28 15:04:41] T2 Ep 1/10 complete: Prec 0.3946 F1 0.3149 DetRec 0.8054 DetFA 0.1994 | 2698.82s total (58.61s eval/2640.21s train)
[STATE 2026-03-28 15:04:41] Task 2 Epoch 2/10: entering train loop
T2 Ep 2/10 | L 0.8283 | Train Acc 0.48 | Prec 0.63 | F1 0.54 | Det Rec 0.84 | Det FA 0.19 | Epoch Time 2634.80s (Eval 0.00s, Train 2634.80s)
[STATE 2026-03-28 15:48:35] T2 Ep 2/10 complete: Prec 0.6333 F1 0.5428 DetRec 0.8352 DetFA 0.1867 | 2634.80s total (0.00s eval/2634.80s train)
[STATE 2026-03-28 15:48:35] Task 2 Epoch 3/10: entering train loop
T2 Ep 3/10 | L 0.6740 | Train Acc 0.63 | Prec 0.76 | F1 0.68 | Det Rec 0.85 | Det FA 0.17 | Epoch Time 2639.70s (Eval 0.00s, Train 2639.70s)
[STATE 2026-03-28 16:32:35] T2 Ep 3/10 complete: Prec 0.7644 F1 0.6795 DetRec 0.8484 DetFA 0.1654 | 2639.70s total (0.00s eval/2639.70s train)
[STATE 2026-03-28 16:32:35] Task 2 Epoch 4/10: entering train loop
T2 Ep 4/10 | L 0.6150 | Train Acc 0.67 | Prec 0.81 | F1 0.72 | Det Rec 0.86 | Det FA 0.15 | Epoch Time 2637.83s (Eval 0.00s, Train 2637.83s)
[STATE 2026-03-28 17:16:33] T2 Ep 4/10 complete: Prec 0.8052 F1 0.7194 DetRec 0.8580 DetFA 0.1461 | 2637.83s total (0.00s eval/2637.83s train)
[STATE 2026-03-28 17:16:33] Task 2 Epoch 5/10: entering train loop
T2 Ep 5/10 | L 0.5851 | Train Acc 0.69 | Prec 0.82 | F1 0.74 | Det Rec 0.86 | Det FA 0.14 | Epoch Time 2642.29s (Eval 0.00s, Train 2642.29s)
[STATE 2026-03-28 18:00:35] T2 Ep 5/10 complete: Prec 0.8212 F1 0.7376 DetRec 0.8638 DetFA 0.1419 | 2642.29s total (0.00s eval/2642.29s train)
[STATE 2026-03-28 18:00:35] Task 2 Epoch 6/10: entering train loop
T2 Ep 6/10 | L 0.5635 | Train Acc 0.71 | Prec 0.83 | F1 0.75 | Det Rec 0.87 | Det FA 0.14 | Epoch Time 2635.54s (Eval 0.00s, Train 2635.54s)
[STATE 2026-03-28 18:44:31] T2 Ep 6/10 complete: Prec 0.8299 F1 0.7500 DetRec 0.8680 DetFA 0.1426 | 2635.54s total (0.00s eval/2635.54s train)
[STATE 2026-03-28 18:44:31] Task 2 Epoch 7/10: entering train loop
T2 Ep 7/10 | L 0.5421 | Train Acc 0.72 | Prec 0.84 | F1 0.76 | Det Rec 0.87 | Det FA 0.14 | Epoch Time 2640.13s (Eval 0.00s, Train 2640.13s)
[STATE 2026-03-28 19:28:31] T2 Ep 7/10 complete: Prec 0.8406 F1 0.7605 DetRec 0.8716 DetFA 0.1363 | 2640.13s total (0.00s eval/2640.13s train)
[STATE 2026-03-28 19:28:31] Task 2 Epoch 8/10: entering train loop
T2 Ep 8/10 | L 0.5267 | Train Acc 0.73 | Prec 0.85 | F1 0.77 | Det Rec 0.87 | Det FA 0.13 | Epoch Time 2641.86s (Eval 0.00s, Train 2641.86s)
[STATE 2026-03-28 20:12:33] T2 Ep 8/10 complete: Prec 0.8486 F1 0.7686 DetRec 0.8746 DetFA 0.1330 | 2641.86s total (0.00s eval/2641.86s train)
[STATE 2026-03-28 20:12:33] Task 2 Epoch 9/10: entering train loop
T2 Ep 9/10 | L 0.5152 | Train Acc 0.74 | Prec 0.86 | F1 0.78 | Det Rec 0.88 | Det FA 0.13 | Epoch Time 2637.65s (Eval 0.00s, Train 2637.65s)
[STATE 2026-03-28 20:56:30] T2 Ep 9/10 complete: Prec 0.8553 F1 0.7761 DetRec 0.8783 DetFA 0.1262 | 2637.65s total (0.00s eval/2637.65s train)
[STATE 2026-03-28 20:56:30] Task 2 Epoch 10/10: entering train loop
T2 Ep 10/10 | L 0.5024 | Train Acc 0.74 | Prec 0.86 | F1 0.78 | Det Rec 0.88 | Det FA 0.12 | Epoch Time 2636.11s (Eval 0.00s, Train 2636.11s)
[STATE 2026-03-28 21:40:27] T2 Ep 10/10 complete: Prec 0.8603 F1 0.7825 DetRec 0.8813 DetFA 0.1243 | 2636.11s total (0.00s eval/2636.11s train)
[STATE 2026-03-28 21:40:27] Task 2: running final validation.
[STATE 2026-03-28 21:41:25] Completed task 2 (3/10)
Task 3: 24480 training samples, 8160 test samples.
[STATE 2026-03-28 21:41:25] Starting task 3 (4/10)
[STATE 2026-03-28 21:41:25] Task 3 Epoch 1/10: entering train loop
[STATE 2026-03-28 21:44:30] Task 3 Epoch 1/10: running validation (end of epoch)
---- Eval at Epoch 0: cls [0.49163718788098665, 0.6516435286656579, 0.6310029871775609, 0.5370214106087084] | det_recall [0.8079366796373444, 0.5597597366560778, 0.8091467383350461, 0.9958248912379406] | det_fa [0.1676890182040992, 0.8467977719467293, 0.34679334519478366, 0.007858965478039616] ----
T3 Ep 1/10 | L 0.9364 | Train Acc 0.51 | Prec 0.51 | F1 0.56 | Det Rec 0.99 | Det FA 0.01 | Epoch Time 245.81s (Eval 60.15s, Train 185.67s)
[STATE 2026-03-28 21:45:30] T3 Ep 1/10 complete: Prec 0.5113 F1 0.5591 DetRec 0.9877 DetFA 0.0080 | 245.81s total (60.15s eval/185.67s train)
[STATE 2026-03-28 21:45:30] Task 3 Epoch 2/10: entering train loop
T3 Ep 2/10 | L 0.6266 | Train Acc 0.59 | Prec 0.59 | F1 0.63 | Det Rec 1.00 | Det FA 0.00 | Epoch Time 184.17s (Eval 0.00s, Train 184.17s)
[STATE 2026-03-28 21:48:35] T3 Ep 2/10 complete: Prec 0.5910 F1 0.6322 DetRec 0.9971 DetFA 0.0047 | 184.17s total (0.00s eval/184.17s train)
[STATE 2026-03-28 21:48:35] Task 3 Epoch 3/10: entering train loop
T3 Ep 3/10 | L 0.5356 | Train Acc 0.60 | Prec 0.61 | F1 0.65 | Det Rec 1.00 | Det FA 0.00 | Epoch Time 183.96s (Eval 0.00s, Train 183.96s)
[STATE 2026-03-28 21:51:39] T3 Ep 3/10 complete: Prec 0.6126 F1 0.6465 DetRec 0.9981 DetFA 0.0028 | 183.96s total (0.00s eval/183.96s train)
[STATE 2026-03-28 21:51:39] Task 3 Epoch 4/10: entering train loop
T3 Ep 4/10 | L 0.4956 | Train Acc 0.61 | Prec 0.63 | F1 0.66 | Det Rec 1.00 | Det FA 0.00 | Epoch Time 185.16s (Eval 0.00s, Train 185.16s)
[STATE 2026-03-28 21:54:44] T3 Ep 4/10 complete: Prec 0.6272 F1 0.6588 DetRec 0.9984 DetFA 0.0023 | 185.16s total (0.00s eval/185.16s train)
[STATE 2026-03-28 21:54:44] Task 3 Epoch 5/10: entering train loop
T3 Ep 5/10 | L 0.4589 | Train Acc 0.61 | Prec 0.63 | F1 0.66 | Det Rec 1.00 | Det FA 0.00 | Epoch Time 183.92s (Eval 0.00s, Train 183.92s)
[STATE 2026-03-28 21:57:48] T3 Ep 5/10 complete: Prec 0.6298 F1 0.6595 DetRec 0.9990 DetFA 0.0011 | 183.92s total (0.00s eval/183.92s train)
[STATE 2026-03-28 21:57:48] Task 3 Epoch 6/10: entering train loop
T3 Ep 6/10 | L 0.4352 | Train Acc 0.62 | Prec 0.63 | F1 0.66 | Det Rec 1.00 | Det FA 0.00 | Epoch Time 186.11s (Eval 0.00s, Train 186.11s)
[STATE 2026-03-28 22:00:54] T3 Ep 6/10 complete: Prec 0.6317 F1 0.6623 DetRec 0.9988 DetFA 0.0011 | 186.11s total (0.00s eval/186.11s train)
[STATE 2026-03-28 22:00:54] Task 3 Epoch 7/10: entering train loop
T3 Ep 7/10 | L 0.4250 | Train Acc 0.62 | Prec 0.64 | F1 0.67 | Det Rec 1.00 | Det FA 0.00 | Epoch Time 184.27s (Eval 0.00s, Train 184.27s)
[STATE 2026-03-28 22:03:58] T3 Ep 7/10 complete: Prec 0.6393 F1 0.6686 DetRec 0.9990 DetFA 0.0009 | 184.27s total (0.00s eval/184.27s train)
[STATE 2026-03-28 22:03:58] Task 3 Epoch 8/10: entering train loop
T3 Ep 8/10 | L 0.4032 | Train Acc 0.62 | Prec 0.64 | F1 0.67 | Det Rec 1.00 | Det FA 0.00 | Epoch Time 185.38s (Eval 0.00s, Train 185.38s)
[STATE 2026-03-28 22:07:03] T3 Ep 8/10 complete: Prec 0.6367 F1 0.6667 DetRec 0.9993 DetFA 0.0007 | 185.38s total (0.00s eval/185.38s train)
[STATE 2026-03-28 22:07:03] Task 3 Epoch 9/10: entering train loop
T3 Ep 9/10 | L 0.3898 | Train Acc 0.63 | Prec 0.65 | F1 0.67 | Det Rec 1.00 | Det FA 0.00 | Epoch Time 184.91s (Eval 0.00s, Train 184.91s)
[STATE 2026-03-28 22:10:08] T3 Ep 9/10 complete: Prec 0.6450 F1 0.6749 DetRec 0.9993 DetFA 0.0005 | 184.91s total (0.00s eval/184.91s train)
[STATE 2026-03-28 22:10:08] Task 3 Epoch 10/10: entering train loop
T3 Ep 10/10 | L 0.3865 | Train Acc 0.63 | Prec 0.65 | F1 0.68 | Det Rec 1.00 | Det FA 0.00 | Epoch Time 184.80s (Eval 0.00s, Train 184.80s)
[STATE 2026-03-28 22:13:13] T3 Ep 10/10 complete: Prec 0.6459 F1 0.6765 DetRec 0.9992 DetFA 0.0010 | 184.80s total (0.00s eval/184.80s train)
[STATE 2026-03-28 22:13:13] Task 3: running final validation.
[STATE 2026-03-28 22:14:14] Completed task 3 (4/10)
Task 4: 24480 training samples, 8160 test samples.
[STATE 2026-03-28 22:14:15] Starting task 4 (5/10)
[STATE 2026-03-28 22:14:15] Task 4 Epoch 1/10: entering train loop
[STATE 2026-03-28 22:17:20] Task 4 Epoch 1/10: running validation (end of epoch)
---- Eval at Epoch 0: cls [0.5109747451333295, 0.6026930032988653, 0.6053518005060662, 0.5900984108456655, 0.3692083932252694] | det_recall [0.8176553463312767, 0.6814121704816711, 0.8048123719287545, 0.9984368619165599, 1.0] | det_fa [0.10065349192985253, 0.6093535771901644, 0.2663343972251246, 0.0009439206503263442, 0.0] ----
T4 Ep 1/10 | L 0.5858 | Train Acc 0.36 | Prec 0.37 | F1 0.43 | Det Rec 1.00 | Det FA 0.00 | Epoch Time 248.39s (Eval 62.62s, Train 185.77s)
[STATE 2026-03-28 22:18:23] T4 Ep 1/10 complete: Prec 0.3719 F1 0.4323 DetRec 0.9953 DetFA 0.0000 | 248.39s total (62.62s eval/185.77s train)
[STATE 2026-03-28 22:18:23] Task 4 Epoch 2/10: entering train loop
T4 Ep 2/10 | L 0.4922 | Train Acc 0.41 | Prec 0.45 | F1 0.48 | Det Rec 1.00 | Det FA 0.00 | Epoch Time 184.54s (Eval 0.00s, Train 184.54s)
[STATE 2026-03-28 22:21:27] T4 Ep 2/10 complete: Prec 0.4464 F1 0.4750 DetRec 1.0000 DetFA 0.0000 | 184.54s total (0.00s eval/184.54s train)
[STATE 2026-03-28 22:21:27] Task 4 Epoch 3/10: entering train loop
T4 Ep 3/10 | L 0.4733 | Train Acc 0.44 | Prec 0.49 | F1 0.50 | Det Rec 1.00 | Det FA 0.00 | Epoch Time 184.97s (Eval 0.00s, Train 184.97s)
[STATE 2026-03-28 22:24:32] T4 Ep 3/10 complete: Prec 0.4877 F1 0.5015 DetRec 1.0000 DetFA 0.0000 | 184.97s total (0.00s eval/184.97s train)
[STATE 2026-03-28 22:24:32] Task 4 Epoch 4/10: entering train loop
T4 Ep 4/10 | L 0.4860 | Train Acc 0.45 | Prec 0.51 | F1 0.51 | Det Rec 1.00 | Det FA 0.00 | Epoch Time 184.83s (Eval 0.00s, Train 184.83s)
[STATE 2026-03-28 22:27:37] T4 Ep 4/10 complete: Prec 0.5143 F1 0.5071 DetRec 1.0000 DetFA 0.0000 | 184.83s total (0.00s eval/184.83s train)
[STATE 2026-03-28 22:27:37] Task 4 Epoch 5/10: entering train loop
T4 Ep 5/10 | L 0.4473 | Train Acc 0.48 | Prec 0.54 | F1 0.54 | Det Rec 1.00 | Det FA 0.00 | Epoch Time 186.43s (Eval 0.00s, Train 186.43s)
[STATE 2026-03-28 22:30:44] T4 Ep 5/10 complete: Prec 0.5429 F1 0.5352 DetRec 0.9999 DetFA 0.0000 | 186.43s total (0.00s eval/186.43s train)
[STATE 2026-03-28 22:30:44] Task 4 Epoch 6/10: entering train loop
T4 Ep 6/10 | L 0.4133 | Train Acc 0.51 | Prec 0.56 | F1 0.57 | Det Rec 1.00 | Det FA 0.00 | Epoch Time 182.93s (Eval 0.00s, Train 182.93s)
[STATE 2026-03-28 22:33:47] T4 Ep 6/10 complete: Prec 0.5618 F1 0.5651 DetRec 0.9999 DetFA 0.0000 | 182.93s total (0.00s eval/182.93s train)
[STATE 2026-03-28 22:33:47] Task 4 Epoch 7/10: entering train loop
T4 Ep 7/10 | L 0.4021 | Train Acc 0.52 | Prec 0.57 | F1 0.58 | Det Rec 1.00 | Det FA 0.00 | Epoch Time 184.66s (Eval 0.00s, Train 184.66s)
[STATE 2026-03-28 22:36:51] T4 Ep 7/10 complete: Prec 0.5731 F1 0.5769 DetRec 0.9998 DetFA 0.0000 | 184.66s total (0.00s eval/184.66s train)
[STATE 2026-03-28 22:36:51] Task 4 Epoch 8/10: entering train loop
T4 Ep 8/10 | L 0.3878 | Train Acc 0.54 | Prec 0.59 | F1 0.59 | Det Rec 1.00 | Det FA 0.00 | Epoch Time 184.75s (Eval 0.00s, Train 184.75s)
[STATE 2026-03-28 22:39:56] T4 Ep 8/10 complete: Prec 0.5915 F1 0.5947 DetRec 1.0000 DetFA 0.0000 | 184.75s total (0.00s eval/184.75s train)
[STATE 2026-03-28 22:39:56] Task 4 Epoch 9/10: entering train loop
T4 Ep 9/10 | L 0.3755 | Train Acc 0.55 | Prec 0.60 | F1 0.61 | Det Rec 1.00 | Det FA 0.00 | Epoch Time 184.68s (Eval 0.00s, Train 184.68s)
[STATE 2026-03-28 22:43:01] T4 Ep 9/10 complete: Prec 0.6002 F1 0.6067 DetRec 1.0000 DetFA 0.0000 | 184.68s total (0.00s eval/184.68s train)
[STATE 2026-03-28 22:43:01] Task 4 Epoch 10/10: entering train loop
T4 Ep 10/10 | L 0.3714 | Train Acc 0.57 | Prec 0.62 | F1 0.63 | Det Rec 1.00 | Det FA 0.00 | Epoch Time 185.61s (Eval 0.00s, Train 185.61s)
[STATE 2026-03-28 22:46:06] T4 Ep 10/10 complete: Prec 0.6161 F1 0.6274 DetRec 1.0000 DetFA 0.0000 | 185.61s total (0.00s eval/185.61s train)
[STATE 2026-03-28 22:46:06] Task 4: running final validation.
[STATE 2026-03-28 22:47:09] Completed task 4 (5/10)
Task 5: 201410 training samples, 100705 test samples.
[STATE 2026-03-28 22:47:10] Starting task 5 (6/10)
[STATE 2026-03-28 22:47:10] Task 5 Epoch 1/10: entering train loop
[STATE 2026-03-28 23:12:33] Task 5 Epoch 1/10: running validation (end of epoch)
---- Eval at Epoch 0: cls [0.4438379456356275, 0.5376741504135061, 0.6015317307309915, 0.45786449699493065, 0.3215651819174576, 0.68883652050857] | det_recall [0.8152795967031036, 0.6500371506894835, 0.8226118093769007, 0.9953528801101097, 0.9906363188321913, 0.8636219981774087] | det_fa [0.19324388485708768, 0.5881752256646537, 0.2856944664455518, 0.002447750348660874, 0.0, 0.20179823486333442] ----
T5 Ep 1/10 | L 0.6401 | Train Acc 0.57 | Prec 0.68 | F1 0.62 | Det Rec 0.86 | Det FA 0.20 | Epoch Time 1614.67s (Eval 91.24s, Train 1523.42s)
[STATE 2026-03-28 23:14:05] T5 Ep 1/10 complete: Prec 0.6793 F1 0.6187 DetRec 0.8624 DetFA 0.1995 | 1614.67s total (91.24s eval/1523.42s train)
[STATE 2026-03-28 23:14:05] Task 5 Epoch 2/10: entering train loop
T5 Ep 2/10 | L 0.4412 | Train Acc 0.73 | Prec 0.85 | F1 0.78 | Det Rec 0.89 | Det FA 0.15 | Epoch Time 1516.97s (Eval 0.00s, Train 1516.97s)
[STATE 2026-03-28 23:39:22] T5 Ep 2/10 complete: Prec 0.8530 F1 0.7753 DetRec 0.8884 DetFA 0.1528 | 1516.97s total (0.00s eval/1516.97s train)
[STATE 2026-03-28 23:39:22] Task 5 Epoch 3/10: entering train loop
T5 Ep 3/10 | L 0.3946 | Train Acc 0.75 | Prec 0.88 | F1 0.80 | Det Rec 0.90 | Det FA 0.13 | Epoch Time 1519.40s (Eval 0.00s, Train 1519.40s)
[STATE 2026-03-29 00:04:41] T5 Ep 3/10 complete: Prec 0.8759 F1 0.7958 DetRec 0.8966 DetFA 0.1308 | 1519.40s total (0.00s eval/1519.40s train)
[STATE 2026-03-29 00:04:41] Task 5 Epoch 4/10: entering train loop
T5 Ep 4/10 | L 0.3669 | Train Acc 0.76 | Prec 0.89 | F1 0.81 | Det Rec 0.90 | Det FA 0.11 | Epoch Time 1516.02s (Eval 0.00s, Train 1516.02s)
[STATE 2026-03-29 00:29:57] T5 Ep 4/10 complete: Prec 0.8915 F1 0.8100 DetRec 0.9033 DetFA 0.1136 | 1516.02s total (0.00s eval/1516.02s train)
[STATE 2026-03-29 00:29:57] Task 5 Epoch 5/10: entering train loop
T5 Ep 5/10 | L 0.3473 | Train Acc 0.78 | Prec 0.90 | F1 0.82 | Det Rec 0.91 | Det FA 0.10 | Epoch Time 1519.23s (Eval 0.00s, Train 1519.23s)
[STATE 2026-03-29 00:55:16] T5 Ep 5/10 complete: Prec 0.9012 F1 0.8209 DetRec 0.9085 DetFA 0.1041 | 1519.23s total (0.00s eval/1519.23s train)
[STATE 2026-03-29 00:55:16] Task 5 Epoch 6/10: entering train loop
T5 Ep 6/10 | L 0.3314 | Train Acc 0.79 | Prec 0.91 | F1 0.83 | Det Rec 0.91 | Det FA 0.10 | Epoch Time 1514.60s (Eval 0.00s, Train 1514.60s)
[STATE 2026-03-29 02:20:31] T5 Ep 6/10 complete: Prec 0.9089 F1 0.8291 DetRec 0.9123 DetFA 0.0983 | 1514.60s total (0.00s eval/1514.60s train)
[STATE 2026-03-29 02:20:31] Task 5 Epoch 7/10: entering train loop
T5 Ep 7/10 | L 0.3204 | Train Acc 0.79 | Prec 0.91 | F1 0.84 | Det Rec 0.92 | Det FA 0.09 | Epoch Time 1519.37s (Eval 0.00s, Train 1519.37s)
[STATE 2026-03-29 02:45:50] T5 Ep 7/10 complete: Prec 0.9142 F1 0.8364 DetRec 0.9164 DetFA 0.0869 | 1519.37s total (0.00s eval/1519.37s train)
[STATE 2026-03-29 02:45:50] Task 5 Epoch 8/10: entering train loop
T5 Ep 8/10 | L 0.3085 | Train Acc 0.80 | Prec 0.92 | F1 0.84 | Det Rec 0.92 | Det FA 0.08 | Epoch Time 1522.34s (Eval 0.00s, Train 1522.34s)
[STATE 2026-03-29 03:11:13] T5 Ep 8/10 complete: Prec 0.9192 F1 0.8428 DetRec 0.9211 DetFA 0.0788 | 1522.34s total (0.00s eval/1522.34s train)
[STATE 2026-03-29 03:11:13] Task 5 Epoch 9/10: entering train loop
T5 Ep 9/10 | L 0.2994 | Train Acc 0.81 | Prec 0.92 | F1 0.85 | Det Rec 0.92 | Det FA 0.08 | Epoch Time 1518.94s (Eval 0.00s, Train 1518.94s)
[STATE 2026-03-29 03:36:31] T5 Ep 9/10 complete: Prec 0.9208 F1 0.8469 DetRec 0.9224 DetFA 0.0783 | 1518.94s total (0.00s eval/1518.94s train)
[STATE 2026-03-29 03:36:31] Task 5 Epoch 10/10: entering train loop
T5 Ep 10/10 | L 0.2918 | Train Acc 0.81 | Prec 0.93 | F1 0.85 | Det Rec 0.92 | Det FA 0.08 | Epoch Time 1522.37s (Eval 0.00s, Train 1522.37s)
[STATE 2026-03-29 04:01:54] T5 Ep 10/10 complete: Prec 0.9257 F1 0.8527 DetRec 0.9243 DetFA 0.0776 | 1522.37s total (0.00s eval/1522.37s train)
[STATE 2026-03-29 04:01:54] Task 5: running final validation.
[STATE 2026-03-29 04:03:25] Completed task 5 (6/10)
Task 6: 17340 training samples, 6800 test samples.
[STATE 2026-03-29 04:03:25] Starting task 6 (7/10)
[STATE 2026-03-29 04:03:25] Task 6 Epoch 1/10: entering train loop
[STATE 2026-03-29 04:05:36] Task 6 Epoch 1/10: running validation (end of epoch)
---- Eval at Epoch 0: cls [0.5363814810253442, 0.5861414485476766, 0.5602989895481557, 0.502504875805972, 0.3115937848237878, 0.7554350183620777, 0.5302543826473827] | det_recall [0.8397192854833009, 0.6878908335034433, 0.787430772916634, 0.9942375019910806, 1.0, 0.8722753425646363, 0.9981205642489513] | det_fa [0.16846123477942723, 0.5231301531471183, 0.39067979746422554, 0.002432508645919171, 0.0, 0.21290987968682987, 0.0037588715020974066] ----
T6 Ep 1/10 | L 0.7248 | Train Acc 0.51 | Prec 0.52 | F1 0.58 | Det Rec 0.99 | Det FA 0.00 | Epoch Time 223.86s (Eval 92.27s, Train 131.59s)
[STATE 2026-03-29 04:07:09] T6 Ep 1/10 complete: Prec 0.5240 F1 0.5817 DetRec 0.9935 DetFA 0.0017 | 223.86s total (92.27s eval/131.59s train)
[STATE 2026-03-29 04:07:09] Task 6 Epoch 2/10: entering train loop
T6 Ep 2/10 | L 0.4713 | Train Acc 0.58 | Prec 0.61 | F1 0.65 | Det Rec 1.00 | Det FA 0.00 | Epoch Time 131.41s (Eval 0.00s, Train 131.41s)
[STATE 2026-03-29 04:09:20] T6 Ep 2/10 complete: Prec 0.6077 F1 0.6483 DetRec 0.9997 DetFA 0.0005 | 131.41s total (0.00s eval/131.41s train)
[STATE 2026-03-29 04:09:20] Task 6 Epoch 3/10: entering train loop
T6 Ep 3/10 | L 0.4217 | Train Acc 0.60 | Prec 0.63 | F1 0.67 | Det Rec 1.00 | Det FA 0.00 | Epoch Time 130.77s (Eval 0.00s, Train 130.77s)
[STATE 2026-03-29 04:11:31] T6 Ep 3/10 complete: Prec 0.6341 F1 0.6715 DetRec 0.9999 DetFA 0.0002 | 130.77s total (0.00s eval/130.77s train)
[STATE 2026-03-29 04:11:31] Task 6 Epoch 4/10: entering train loop
T6 Ep 4/10 | L 0.3825 | Train Acc 0.61 | Prec 0.64 | F1 0.68 | Det Rec 1.00 | Det FA 0.00 | Epoch Time 130.70s (Eval 0.00s, Train 130.70s)
[STATE 2026-03-29 04:13:42] T6 Ep 4/10 complete: Prec 0.6414 F1 0.6774 DetRec 0.9998 DetFA 0.0003 | 130.70s total (0.00s eval/130.70s train)
[STATE 2026-03-29 04:13:42] Task 6 Epoch 5/10: entering train loop
T6 Ep 5/10 | L 0.3762 | Train Acc 0.62 | Prec 0.65 | F1 0.69 | Det Rec 1.00 | Det FA 0.00 | Epoch Time 130.30s (Eval 0.00s, Train 130.30s)
[STATE 2026-03-29 04:15:52] T6 Ep 5/10 complete: Prec 0.6530 F1 0.6855 DetRec 0.9998 DetFA 0.0003 | 130.30s total (0.00s eval/130.30s train)
[STATE 2026-03-29 04:15:52] Task 6 Epoch 6/10: entering train loop
T6 Ep 6/10 | L 0.3640 | Train Acc 0.62 | Prec 0.66 | F1 0.69 | Det Rec 1.00 | Det FA 0.00 | Epoch Time 132.96s (Eval 0.00s, Train 132.96s)
[STATE 2026-03-29 04:18:05] T6 Ep 6/10 complete: Prec 0.6561 F1 0.6890 DetRec 0.9998 DetFA 0.0003 | 132.96s total (0.00s eval/132.96s train)
[STATE 2026-03-29 04:18:05] Task 6 Epoch 7/10: entering train loop
T6 Ep 7/10 | L 0.3509 | Train Acc 0.62 | Prec 0.66 | F1 0.69 | Det Rec 1.00 | Det FA 0.00 | Epoch Time 132.98s (Eval 0.00s, Train 132.98s)
[STATE 2026-03-29 04:20:18] T6 Ep 7/10 complete: Prec 0.6624 F1 0.6935 DetRec 0.9999 DetFA 0.0001 | 132.98s total (0.00s eval/132.98s train)
[STATE 2026-03-29 04:20:18] Task 6 Epoch 8/10: entering train loop
T6 Ep 8/10 | L 0.3465 | Train Acc 0.64 | Prec 0.67 | F1 0.70 | Det Rec 1.00 | Det FA 0.00 | Epoch Time 131.84s (Eval 0.00s, Train 131.84s)
[STATE 2026-03-29 04:22:30] T6 Ep 8/10 complete: Prec 0.6738 F1 0.7036 DetRec 0.9999 DetFA 0.0002 | 131.84s total (0.00s eval/131.84s train)
[STATE 2026-03-29 04:22:30] Task 6 Epoch 9/10: entering train loop
T6 Ep 9/10 | L 0.3346 | Train Acc 0.64 | Prec 0.68 | F1 0.71 | Det Rec 1.00 | Det FA 0.00 | Epoch Time 129.81s (Eval 0.00s, Train 129.81s)
[STATE 2026-03-29 04:24:39] T6 Ep 9/10 complete: Prec 0.6827 F1 0.7090 DetRec 0.9999 DetFA 0.0001 | 129.81s total (0.00s eval/129.81s train)
[STATE 2026-03-29 04:24:39] Task 6 Epoch 10/10: entering train loop
T6 Ep 10/10 | L 0.3316 | Train Acc 0.65 | Prec 0.69 | F1 0.71 | Det Rec 1.00 | Det FA 0.00 | Epoch Time 132.09s (Eval 0.00s, Train 132.09s)
[STATE 2026-03-29 04:26:52] T6 Ep 10/10 complete: Prec 0.6851 F1 0.7119 DetRec 0.9998 DetFA 0.0003 | 132.09s total (0.00s eval/132.09s train)
[STATE 2026-03-29 04:26:52] Task 6: running final validation.
[STATE 2026-03-29 04:28:25] Completed task 6 (7/10)
Task 7: 188050 training samples, 94025 test samples.
[STATE 2026-03-29 04:28:25] Starting task 7 (8/10)
[STATE 2026-03-29 04:28:25] Task 7 Epoch 1/10: entering train loop
[STATE 2026-03-29 04:52:05] Task 7 Epoch 1/10: running validation (end of epoch)
---- Eval at Epoch 0: cls [0.4500954300171406, 0.452532641116089, 0.5866858895317995, 0.43809662878957545, 0.28295836314523465, 0.7064188156732626, 0.4199131055273753, 0.7541303665275353] | det_recall [0.825831792871167, 0.7395854429280654, 0.824502279671795, 0.9859348613608716, 0.9911740516557769, 0.8908089986519211, 0.9982181301552995, 0.8520429460321253] | det_fa [0.19665499575536338, 0.3890116174670669, 0.2931699049080486, 0.0, 0.0, 0.13752028832765872, 0.0, 0.2785361566820782] ----
T7 Ep 1/10 | L 0.4845 | Train Acc 0.70 | Prec 0.80 | F1 0.73 | Det Rec 0.86 | Det FA 0.23 | Epoch Time 1539.03s (Eval 119.12s, Train 1419.91s)
[STATE 2026-03-29 04:54:04] T7 Ep 1/10 complete: Prec 0.7980 F1 0.7347 DetRec 0.8621 DetFA 0.2333 | 1539.03s total (119.12s eval/1419.91s train)
[STATE 2026-03-29 04:54:04] Task 7 Epoch 2/10: entering train loop
T7 Ep 2/10 | L 0.3738 | Train Acc 0.78 | Prec 0.88 | F1 0.81 | Det Rec 0.88 | Det FA 0.21 | Epoch Time 1417.00s (Eval 0.00s, Train 1417.00s)
[STATE 2026-03-29 05:17:41] T7 Ep 2/10 complete: Prec 0.8758 F1 0.8108 DetRec 0.8759 DetFA 0.2087 | 1417.00s total (0.00s eval/1417.00s train)
[STATE 2026-03-29 05:17:41] Task 7 Epoch 3/10: entering train loop
T7 Ep 3/10 | L 0.3490 | Train Acc 0.80 | Prec 0.89 | F1 0.82 | Det Rec 0.88 | Det FA 0.20 | Epoch Time 1420.94s (Eval 0.00s, Train 1420.94s)
[STATE 2026-03-29 05:41:22] T7 Ep 3/10 complete: Prec 0.8856 F1 0.8239 DetRec 0.8798 DetFA 0.2042 | 1420.94s total (0.00s eval/1420.94s train)
[STATE 2026-03-29 05:41:22] Task 7 Epoch 4/10: entering train loop
T7 Ep 4/10 | L 0.3343 | Train Acc 0.81 | Prec 0.89 | F1 0.83 | Det Rec 0.88 | Det FA 0.20 | Epoch Time 1418.88s (Eval 0.00s, Train 1418.88s)
[STATE 2026-03-29 06:05:01] T7 Ep 4/10 complete: Prec 0.8927 F1 0.8331 DetRec 0.8835 DetFA 0.1974 | 1418.88s total (0.00s eval/1418.88s train)
[STATE 2026-03-29 06:05:01] Task 7 Epoch 5/10: entering train loop
T7 Ep 5/10 | L 0.3226 | Train Acc 0.82 | Prec 0.90 | F1 0.84 | Det Rec 0.88 | Det FA 0.20 | Epoch Time 1421.97s (Eval 0.00s, Train 1421.97s)
[STATE 2026-03-29 06:28:43] T7 Ep 5/10 complete: Prec 0.8977 F1 0.8409 DetRec 0.8846 DetFA 0.1996 | 1421.97s total (0.00s eval/1421.97s train)
[STATE 2026-03-29 06:28:43] Task 7 Epoch 6/10: entering train loop
T7 Ep 6/10 | L 0.3126 | Train Acc 0.83 | Prec 0.90 | F1 0.85 | Det Rec 0.89 | Det FA 0.19 | Epoch Time 1420.10s (Eval 0.00s, Train 1420.10s)
[STATE 2026-03-29 06:52:23] T7 Ep 6/10 complete: Prec 0.9022 F1 0.8466 DetRec 0.8883 DetFA 0.1915 | 1420.10s total (0.00s eval/1420.10s train)
[STATE 2026-03-29 06:52:23] Task 7 Epoch 7/10: entering train loop
T7 Ep 7/10 | L 0.3049 | Train Acc 0.83 | Prec 0.91 | F1 0.85 | Det Rec 0.89 | Det FA 0.18 | Epoch Time 1415.60s (Eval 0.00s, Train 1415.60s)
[STATE 2026-03-29 07:15:59] T7 Ep 7/10 complete: Prec 0.9061 F1 0.8519 DetRec 0.8916 DetFA 0.1847 | 1415.60s total (0.00s eval/1415.60s train)
[STATE 2026-03-29 07:15:59] Task 7 Epoch 8/10: entering train loop
T7 Ep 8/10 | L 0.2991 | Train Acc 0.84 | Prec 0.91 | F1 0.86 | Det Rec 0.89 | Det FA 0.18 | Epoch Time 1415.05s (Eval 0.00s, Train 1415.05s)
[STATE 2026-03-29 07:39:34] T7 Ep 8/10 complete: Prec 0.9069 F1 0.8551 DetRec 0.8932 DetFA 0.1812 | 1415.05s total (0.00s eval/1415.05s train)
[STATE 2026-03-29 07:39:34] Task 7 Epoch 9/10: entering train loop
T7 Ep 9/10 | L 0.2923 | Train Acc 0.84 | Prec 0.91 | F1 0.86 | Det Rec 0.90 | Det FA 0.18 | Epoch Time 1418.42s (Eval 0.00s, Train 1418.42s)
[STATE 2026-03-29 08:03:12] T7 Ep 9/10 complete: Prec 0.9113 F1 0.8596 DetRec 0.8955 DetFA 0.1766 | 1418.42s total (0.00s eval/1418.42s train)
[STATE 2026-03-29 08:03:12] Task 7 Epoch 10/10: entering train loop
T7 Ep 10/10 | L 0.2862 | Train Acc 0.85 | Prec 0.91 | F1 0.86 | Det Rec 0.90 | Det FA 0.17 | Epoch Time 1421.30s (Eval 0.00s, Train 1421.30s)
[STATE 2026-03-29 08:26:54] T7 Ep 10/10 complete: Prec 0.9147 F1 0.8638 DetRec 0.8973 DetFA 0.1734 | 1421.30s total (0.00s eval/1421.30s train)
[STATE 2026-03-29 08:26:54] Task 7: running final validation.
[STATE 2026-03-29 08:28:53] Completed task 7 (8/10)
Task 8: 36658 training samples, 12220 test samples.
[STATE 2026-03-29 08:28:54] Starting task 8 (9/10)
[STATE 2026-03-29 08:28:54] Task 8 Epoch 1/10: entering train loop
[STATE 2026-03-29 08:33:29] Task 8 Epoch 1/10: running validation (end of epoch)
---- Eval at Epoch 0: cls [0.5265172911533559, 0.5684871758005567, 0.5423332677215503, 0.38813938346953325, 0.3090925122569557, 0.6763915187729231, 0.4107414415025121, 0.7645720456417947, 0.5498092393776702] | det_recall [0.8399168333769359, 0.8224102411191092, 0.8005246996118905, 0.9746616411098483, 0.997373881769198, 0.857891334525981, 1.0, 0.8516764897041867, 0.8335362425265784] | det_fa [0.09727389898438474, 0.2019575033969522, 0.3085993109074147, 0.0, 0.0, 0.18548355792381221, 0.0, 0.2349779812221531, 0.09586712964625578] ----
T8 Ep 1/10 | L 0.5842 | Train Acc 0.41 | Prec 0.54 | F1 0.49 | Det Rec 0.81 | Det FA 0.06 | Epoch Time 397.18s (Eval 121.50s, Train 275.68s)
[STATE 2026-03-29 08:35:31] T8 Ep 1/10 complete: Prec 0.5434 F1 0.4905 DetRec 0.8116 DetFA 0.0641 | 397.18s total (121.50s eval/275.68s train)
[STATE 2026-03-29 08:35:31] Task 8 Epoch 2/10: entering train loop
T8 Ep 2/10 | L 0.3684 | Train Acc 0.55 | Prec 0.73 | F1 0.62 | Det Rec 0.85 | Det FA 0.06 | Epoch Time 277.64s (Eval 0.00s, Train 277.64s)
[STATE 2026-03-29 08:40:08] T8 Ep 2/10 complete: Prec 0.7255 F1 0.6244 DetRec 0.8499 DetFA 0.0586 | 277.64s total (0.00s eval/277.64s train)
[STATE 2026-03-29 08:40:08] Task 8 Epoch 3/10: entering train loop
T8 Ep 3/10 | L 0.3239 | Train Acc 0.58 | Prec 0.75 | F1 0.65 | Det Rec 0.86 | Det FA 0.06 | Epoch Time 274.62s (Eval 0.00s, Train 274.62s)
[STATE 2026-03-29 08:44:43] T8 Ep 3/10 complete: Prec 0.7486 F1 0.6480 DetRec 0.8597 DetFA 0.0602 | 274.62s total (0.00s eval/274.62s train)
[STATE 2026-03-29 08:44:43] Task 8 Epoch 4/10: entering train loop
T8 Ep 4/10 | L 0.3102 | Train Acc 0.60 | Prec 0.78 | F1 0.67 | Det Rec 0.86 | Det FA 0.06 | Epoch Time 275.94s (Eval 0.00s, Train 275.94s)
[STATE 2026-03-29 08:49:19] T8 Ep 4/10 complete: Prec 0.7798 F1 0.6660 DetRec 0.8634 DetFA 0.0603 | 275.94s total (0.00s eval/275.94s train)
[STATE 2026-03-29 08:49:19] Task 8 Epoch 5/10: entering train loop
T8 Ep 5/10 | L 0.2875 | Train Acc 0.62 | Prec 0.78 | F1 0.68 | Det Rec 0.87 | Det FA 0.06 | Epoch Time 275.69s (Eval 0.00s, Train 275.69s)
[STATE 2026-03-29 08:53:55] T8 Ep 5/10 complete: Prec 0.7846 F1 0.6762 DetRec 0.8678 DetFA 0.0632 | 275.69s total (0.00s eval/275.69s train)
[STATE 2026-03-29 08:53:55] Task 8 Epoch 6/10: entering train loop
T8 Ep 6/10 | L 0.2769 | Train Acc 0.63 | Prec 0.80 | F1 0.69 | Det Rec 0.87 | Det FA 0.06 | Epoch Time 277.00s (Eval 0.00s, Train 277.00s)
[STATE 2026-03-29 08:58:32] T8 Ep 6/10 complete: Prec 0.7977 F1 0.6890 DetRec 0.8718 DetFA 0.0616 | 277.00s total (0.00s eval/277.00s train)
[STATE 2026-03-29 08:58:32] Task 8 Epoch 7/10: entering train loop
T8 Ep 7/10 | L 0.2706 | Train Acc 0.65 | Prec 0.82 | F1 0.70 | Det Rec 0.88 | Det FA 0.06 | Epoch Time 278.25s (Eval 0.00s, Train 278.25s)
[STATE 2026-03-29 09:03:10] T8 Ep 7/10 complete: Prec 0.8156 F1 0.7008 DetRec 0.8760 DetFA 0.0621 | 278.25s total (0.00s eval/278.25s train)
[STATE 2026-03-29 09:03:10] Task 8 Epoch 8/10: entering train loop
T8 Ep 8/10 | L 0.2560 | Train Acc 0.66 | Prec 0.83 | F1 0.71 | Det Rec 0.88 | Det FA 0.07 | Epoch Time 278.81s (Eval 0.00s, Train 278.81s)
[STATE 2026-03-29 09:07:49] T8 Ep 8/10 complete: Prec 0.8349 F1 0.7117 DetRec 0.8786 DetFA 0.0660 | 278.81s total (0.00s eval/278.81s train)
[STATE 2026-03-29 09:07:49] Task 8 Epoch 9/10: entering train loop
T8 Ep 9/10 | L 0.2520 | Train Acc 0.67 | Prec 0.84 | F1 0.72 | Det Rec 0.88 | Det FA 0.06 | Epoch Time 277.52s (Eval 0.00s, Train 277.52s)
[STATE 2026-03-29 09:12:26] T8 Ep 9/10 complete: Prec 0.8410 F1 0.7176 DetRec 0.8822 DetFA 0.0646 | 277.52s total (0.00s eval/277.52s train)
[STATE 2026-03-29 09:12:26] Task 8 Epoch 10/10: entering train loop
T8 Ep 10/10 | L 0.2489 | Train Acc 0.68 | Prec 0.86 | F1 0.73 | Det Rec 0.89 | Det FA 0.06 | Epoch Time 278.56s (Eval 0.00s, Train 278.56s)
[STATE 2026-03-29 09:17:05] T8 Ep 10/10 complete: Prec 0.8594 F1 0.7344 DetRec 0.8854 DetFA 0.0647 | 278.56s total (0.00s eval/278.56s train)
[STATE 2026-03-29 09:17:05] Task 8: running final validation.
[STATE 2026-03-29 09:19:08] Completed task 8 (9/10)
Task 9: 17340 training samples, 6800 test samples.
[STATE 2026-03-29 09:19:08] Starting task 9 (10/10)
[STATE 2026-03-29 09:19:08] Task 9 Epoch 1/10: entering train loop
[STATE 2026-03-29 09:21:20] Task 9 Epoch 1/10: running validation (end of epoch)
---- Eval at Epoch 0: cls [0.5844937984151665, 0.6587862980554221, 0.5377966634678237, 0.5066925041054421, 0.3385984177892784, 0.6672251224733693, 0.4203642491558993, 0.7029479785152253, 0.5420848992501494, 0.42477725673994876] | det_recall [0.8388484074381334, 0.7273581325637858, 0.7983448784221076, 0.9880713941976182, 0.99440676914289, 0.8669771308231577, 0.9998565691336775, 0.8333642773569091, 0.8375766120097207, 1.0] | det_fa [0.12501576427515565, 0.39924062152997647, 0.3653888764004933, 0.0, 0.0, 0.19958105362337814, 0.00028686173264486515, 0.30151636163078577, 0.06456217927304488, 0.0] ----
T9 Ep 1/10 | L 0.6067 | Train Acc 0.41 | Prec 0.40 | F1 0.46 | Det Rec 1.00 | Det FA 0.00 | Epoch Time 257.28s (Eval 125.37s, Train 131.91s)
[STATE 2026-03-29 09:23:26] T9 Ep 1/10 complete: Prec 0.4019 F1 0.4649 DetRec 0.9959 DetFA 0.0000 | 257.28s total (125.37s eval/131.91s train)
[STATE 2026-03-29 09:23:26] Task 9 Epoch 2/10: entering train loop
T9 Ep 2/10 | L 0.4041 | Train Acc 0.47 | Prec 0.48 | F1 0.53 | Det Rec 1.00 | Det FA 0.00 | Epoch Time 133.66s (Eval 0.00s, Train 133.66s)
[STATE 2026-03-29 09:25:39] T9 Ep 2/10 complete: Prec 0.4831 F1 0.5284 DetRec 1.0000 DetFA 0.0000 | 133.66s total (0.00s eval/133.66s train)
[STATE 2026-03-29 09:25:39] Task 9 Epoch 3/10: entering train loop
T9 Ep 3/10 | L 0.3586 | Train Acc 0.50 | Prec 0.52 | F1 0.56 | Det Rec 1.00 | Det FA 0.00 | Epoch Time 130.35s (Eval 0.00s, Train 130.35s)
[STATE 2026-03-29 09:27:50] T9 Ep 3/10 complete: Prec 0.5153 F1 0.5598 DetRec 1.0000 DetFA 0.0000 | 130.35s total (0.00s eval/130.35s train)
[STATE 2026-03-29 09:27:50] Task 9 Epoch 4/10: entering train loop
T9 Ep 4/10 | L 0.3690 | Train Acc 0.50 | Prec 0.51 | F1 0.55 | Det Rec 1.00 | Det FA 0.00 | Epoch Time 131.71s (Eval 0.00s, Train 131.71s)
[STATE 2026-03-29 09:30:01] T9 Ep 4/10 complete: Prec 0.5127 F1 0.5474 DetRec 1.0000 DetFA 0.0000 | 131.71s total (0.00s eval/131.71s train)
[STATE 2026-03-29 09:30:01] Task 9 Epoch 5/10: entering train loop
T9 Ep 5/10 | L 0.3436 | Train Acc 0.52 | Prec 0.53 | F1 0.57 | Det Rec 1.00 | Det FA 0.00 | Epoch Time 131.47s (Eval 0.00s, Train 131.47s)
[STATE 2026-03-29 09:32:13] T9 Ep 5/10 complete: Prec 0.5346 F1 0.5678 DetRec 1.0000 DetFA 0.0000 | 131.47s total (0.00s eval/131.47s train)
[STATE 2026-03-29 09:32:13] Task 9 Epoch 6/10: entering train loop
T9 Ep 6/10 | L 0.3243 | Train Acc 0.56 | Prec 0.56 | F1 0.60 | Det Rec 1.00 | Det FA 0.00 | Epoch Time 131.74s (Eval 0.00s, Train 131.74s)
[STATE 2026-03-29 09:34:25] T9 Ep 6/10 complete: Prec 0.5626 F1 0.6027 DetRec 1.0000 DetFA 0.0000 | 131.74s total (0.00s eval/131.74s train)
[STATE 2026-03-29 09:34:25] Task 9 Epoch 7/10: entering train loop
T9 Ep 7/10 | L 0.3003 | Train Acc 0.58 | Prec 0.59 | F1 0.63 | Det Rec 1.00 | Det FA 0.00 | Epoch Time 131.43s (Eval 0.00s, Train 131.43s)
[STATE 2026-03-29 09:36:36] T9 Ep 7/10 complete: Prec 0.5865 F1 0.6256 DetRec 1.0000 DetFA 0.0000 | 131.43s total (0.00s eval/131.43s train)
[STATE 2026-03-29 09:36:36] Task 9 Epoch 8/10: entering train loop
T9 Ep 8/10 | L 0.2924 | Train Acc 0.59 | Prec 0.60 | F1 0.64 | Det Rec 1.00 | Det FA 0.00 | Epoch Time 131.07s (Eval 0.00s, Train 131.07s)
[STATE 2026-03-29 09:38:47] T9 Ep 8/10 complete: Prec 0.6048 F1 0.6362 DetRec 1.0000 DetFA 0.0000 | 131.07s total (0.00s eval/131.07s train)
[STATE 2026-03-29 09:38:47] Task 9 Epoch 9/10: entering train loop
T9 Ep 9/10 | L 0.2841 | Train Acc 0.61 | Prec 0.61 | F1 0.65 | Det Rec 1.00 | Det FA 0.00 | Epoch Time 129.79s (Eval 0.00s, Train 129.79s)
[STATE 2026-03-29 09:40:57] T9 Ep 9/10 complete: Prec 0.6149 F1 0.6462 DetRec 1.0000 DetFA 0.0000 | 129.79s total (0.00s eval/129.79s train)
[STATE 2026-03-29 09:40:57] Task 9 Epoch 10/10: entering train loop
T9 Ep 10/10 | L 0.2731 | Train Acc 0.62 | Prec 0.63 | F1 0.66 | Det Rec 1.00 | Det FA 0.00 | Epoch Time 131.01s (Eval 0.00s, Train 131.01s)
[STATE 2026-03-29 09:43:08] T9 Ep 10/10 complete: Prec 0.6288 F1 0.6627 DetRec 1.0000 DetFA 0.0000 | 131.01s total (0.00s eval/131.01s train)
[STATE 2026-03-29 09:43:08] Task 9: running final validation.
[STATE 2026-03-29 09:45:13] Completed task 9 (10/10)
####Final Validation Accuracy####
Final Results:- 
 Total Recall: 0.5470743121672423 
 Individual Recall: [0.5391958669409332, 0.5745408917282863, 0.5352417380107782, 0.5221852525704842, 0.4014530122075176, 0.6500626247811884, 0.4969856077117977, 0.7239984392610346, 0.49049163407837026, 0.5365880543820329]
Final Detection Results:- 
 Total Detection: 0.8940701448693582 
 Individual Detection: [0.8308083065295846, 0.7937889490653213, 0.7999447768726006, 0.9948689598669083, 0.9992555825947376, 0.8704170841142865, 1.0, 0.8289251487491328, 0.8226926409010109, 1.0]
Final Detection False Alarm:- 
 Total False Alarm: 0.13089389269334512 
 Individual False Alarm: [0.12133355592314891, 0.2982851082379704, 0.3435024447282973, 0.0, 0.0, 0.16768809041741647, 0.0, 0.30282889692049697, 0.07530083070612108, 0.0]
SUMMARY_TR cls_rec=0.6217 cls_prec=0.6288 cls_f1=0.6627 det=0.8885 fa=0.1456
SUMMARY_TE cls_rec=0.5471 cls_prec=0.6004 cls_f1=0.5817 det=0.8941 fa=0.1309
[STATE 2026-03-29 09:45:13] Saving results to logs//la-er/full-tasks_all-10epochs_weighted-loss-2026-03-28_12-09-49-3381/0/results
Model size: 0.0289 GB
Memory buffer size: 0.0000 GB
logs//la-er/full-tasks_all-10epochs_weighted-loss-2026-03-28_12-09-49-3381/0/results: {'expt_name': 'full-tasks_all-10epochs_weighted-loss', 'model': 'eralg4', 'arch': 'resnet1d', 'n_hiddens': 100, 'n_layers': 2, 'xav_init': False, 'debug': False, 'use_detector_arch': False, 'glances': 1, 'n_epochs': 10, 'batch_size': 256, 'replay_batch_size': 128, 'memories': 5120, 'lr': 0.001, 'optimizer': 'sgd', 'class_weighted_ce': True, 'cuda': True, 'seed': 0, 'log_every': 10, 'log_dir': 'logs//la-er/full-tasks_all-10epochs_weighted-loss-2026-03-28_12-09-49-3381/0', 'tf_dir': 'logs//la-er/full-tasks_all-10epochs_weighted-loss-2026-03-28_12-09-49-3381/0/tfdir', 'calc_test_accuracy': False, 'state_logging': True, 'data_path': 'data/rff/radar/full', 'task_order_files': 't2-rcn,t0-rcn,t2-uclresm-25noise,t0-deeprad,t1-deeprad,t1-uclresm-25noise,t3-deeprad,t0-uclresm-25noise,t1-rcn,t2-deeprad', 'loader': 'task_incremental_loader', 'samples_per_task': -1, 'shuffle_tasks': False, 'classes_per_it': 6, 'iterations': 5000, 'dataset': 'iq', 'workers': 0, 'validation': 0.5, 'data_scaling': 'normalize', 'use_iq_aug_features': False, 'iq_aug_feature_type': 'power', 'class_order': 'random', 'increment': 5, 'test_batch_size': 512, 'nc_per_task': None, 'nc_per_task_list': '', 'val_rate': 1000, 'opt_lr': 0.3, 'opt_wt': 0.1, 'alpha_init': 0.001, 'learn_lr': True, 'sync_update': False, 'grad_clip_norm': 5.0, 'meta_batches': 3, 'use_old_task_memory': False, 'second_order': False, 'n_memories': 5120, 'memory_strength': 0, 'steps_per_sample': 1, 'bgd_optimizer': 'sgd', 'optimizer_params': '{}', 'train_mc_iters': 5, 'std_init': 0.05, 'mean_eta': 1, 'fisher_gamma': 0.95, 'rln': 7, 'update_steps': 10, 'meta_lr': 0.001, 'update_lr': 0.1, 'ctx_lr': 0.05, 'n_meta': 2, 'inner_steps': 1, 'temperature': 5.0, 'task_emb': 64, 'classes_per_task': [6, 7, 6, 7, 7, 6, 6, 6, 7, 6], 'get_samples_per_task': <bound method IncrementalLoader.get_samples_per_task of <dataloaders.task_incremental_loader.IncrementalLoader object at 0x7e7ddcebf350>>} # val: 0.681 0.547 -0.134 0.000 # sizes: model_gb=0.0289 mem_gb=0.0000 # 74060.36871242523
[STATE 2026-03-29 09:45:14] results.pt components (approx): state_dict 29.6 MB, result_val_t 0.1 KB, result_val_a 0.8 KB
[STATE 2026-03-29 09:45:14] Results saved; total runtime 20.57h
Total runtime: 20.57 hours
