[STATE 2026-03-27 13:13:30] Enabling terminal logging to logs//si/full-tasks_all-10epochs_weighted-loss-2026-03-27_13-13-30-9755/0/terminal.log
New Experiment Starting...
Running model:  si
[STATE 2026-03-27 13:13:30] Experiment 'full-tasks_all-10epochs_weighted-loss' starting with model 'si' (seed 0)
Set seed 0
t2-rcn.npz train: x=(50362, 1024), y=(50362, 2)
t2-rcn.npz test: x=(16787, 1024), y=(16787, 2)
t2-rcn.npz: applied data scaling mode 'normalize'.
Loaded t2-rcn.npz: Unique train labels: UniqueCountsResult(values=array([-1,  3,  5, 10, 12, 15]), counts=array([24209,  5770,  3030,  2320,  7509,  7524]))
Noise labels ratio in t2-rcn.npz train: 0.24, test: 0.24
Loaded t2-rcn.npz: Remapped labels: [0 1 2 3 4 5]. Size: 50362)
t0-rcn.npz train: x=(51916, 1024), y=(51916, 2)
t0-rcn.npz test: x=(17305, 1024), y=(17305, 2)
t0-rcn.npz: applied data scaling mode 'normalize'.
Loaded t0-rcn.npz: Unique train labels: UniqueCountsResult(values=array([-1,  1,  8,  9, 11, 13, 14]), counts=array([24225,  4268,  2495,  2943,  3015,  7464,  7506]))
Noise labels ratio in t0-rcn.npz train: 0.23, test: 0.23
Loaded t0-rcn.npz: Remapped labels: [ 6  7  8  9 10 11 12]. Size: 51916)
t2-uclresm-25noise.npz train: moved sample axis (3, 350028, 1024) -> (350028, 3, 1024)
t2-uclresm-25noise.npz test: moved sample axis (3, 233351, 1024) -> (233351, 3, 1024)
t2-uclresm-25noise.npz train: x=(350028, 3, 1024), y=(350028,)
t2-uclresm-25noise.npz test: x=(233351, 3, 1024), y=(233351,)
t2-uclresm-25noise.npz: applied data scaling mode 'normalize'.
Loaded t2-uclresm-25noise.npz: Unique train labels: UniqueCountsResult(values=array([-1,  0,  1,  2,  3,  4]), counts=array([87441, 27347, 71754, 64298, 36005, 63183]))
Noise labels ratio in t2-uclresm-25noise.npz train: 0.25, test: 0.25
Loaded t2-uclresm-25noise.npz: Remapped labels: [13 14 15 16 17 18]. Size: 350028)
t0-deeprad.npz train: x=(24480, 1024), y=(24480, 2)
t0-deeprad.npz test: x=(8160, 1024), y=(8160, 2)
t0-deeprad.npz: applied data scaling mode 'normalize'.
Loaded t0-deeprad.npz: Unique train labels: UniqueCountsResult(values=array([-1,  0,  1,  2,  3,  4,  5]), counts=array([12240,  2029,  1983,  2043,  2154,  2015,  2016]))
Noise labels ratio in t0-deeprad.npz train: 0.25, test: 0.25
Loaded t0-deeprad.npz: Remapped labels: [19 20 21 22 23 24 25]. Size: 24480)
t1-deeprad.npz train: x=(24480, 1024), y=(24480, 2)
t1-deeprad.npz test: x=(8160, 1024), y=(8160, 2)
t1-deeprad.npz: applied data scaling mode 'normalize'.
Loaded t1-deeprad.npz: Unique train labels: UniqueCountsResult(values=array([-1,  0,  1,  2,  3,  4,  5]), counts=array([12240,  1988,  2029,  2054,  1988,  2053,  2128]))
Noise labels ratio in t1-deeprad.npz train: 0.25, test: 0.25
Loaded t1-deeprad.npz: Remapped labels: [26 27 28 29 30 31 32]. Size: 24480)
t1-uclresm-25noise.npz train: moved sample axis (3, 201410, 1024) -> (201410, 3, 1024)
t1-uclresm-25noise.npz test: moved sample axis (3, 116291, 1024) -> (116291, 3, 1024)
t1-uclresm-25noise.npz train: x=(201410, 3, 1024), y=(201410,)
t1-uclresm-25noise.npz test: x=(116291, 3, 1024), y=(116291,)
t1-uclresm-25noise.npz: applied data scaling mode 'normalize'.
Loaded t1-uclresm-25noise.npz: Unique train labels: UniqueCountsResult(values=array([-1,  0,  1,  2,  3,  4]), counts=array([43668, 18021, 17838, 18087, 31870, 71926]))
Noise labels ratio in t1-uclresm-25noise.npz train: 0.22, test: 0.25
Loaded t1-uclresm-25noise.npz: Remapped labels: [33 34 35 36 37 38]. Size: 201410)
t3-deeprad.npz train: x=(17340, 1024), y=(17340, 2)
t3-deeprad.npz test: x=(6800, 1024), y=(6800, 2)
t3-deeprad.npz: applied data scaling mode 'normalize'.
Loaded t3-deeprad.npz: Unique train labels: UniqueCountsResult(values=array([-1,  0,  1,  2,  3,  4]), counts=array([8670, 1693, 1677, 1794, 1716, 1790]))
Noise labels ratio in t3-deeprad.npz train: 0.25, test: 0.25
Loaded t3-deeprad.npz: Remapped labels: [39 40 41 42 43 44]. Size: 17340)
t0-uclresm-25noise.npz train: moved sample axis (3, 188050, 1024) -> (188050, 3, 1024)
t0-uclresm-25noise.npz test: moved sample axis (3, 107348, 1024) -> (107348, 3, 1024)
t0-uclresm-25noise.npz train: x=(188050, 3, 1024), y=(188050,)
t0-uclresm-25noise.npz test: x=(107348, 3, 1024), y=(107348,)
t0-uclresm-25noise.npz: applied data scaling mode 'normalize'.
Loaded t0-uclresm-25noise.npz: Unique train labels: UniqueCountsResult(values=array([-1,  0,  1,  2,  3,  4]), counts=array([40144, 32109, 17978, 17979, 18098, 61742]))
Noise labels ratio in t0-uclresm-25noise.npz train: 0.21, test: 0.25
Loaded t0-uclresm-25noise.npz: Remapped labels: [45 46 47 48 49 50]. Size: 188050)
t1-rcn.npz train: x=(36658, 1024), y=(36658, 2)
t1-rcn.npz test: x=(12220, 1024), y=(12220, 2)
t1-rcn.npz: applied data scaling mode 'normalize'.
Loaded t1-rcn.npz: Unique train labels: UniqueCountsResult(values=array([-1,  0,  2,  4,  6,  7, 16]), counts=array([20595,   824,  2087,  2606,  2396,  1716,  6434]))
Noise labels ratio in t1-rcn.npz train: 0.28, test: 0.28
Loaded t1-rcn.npz: Remapped labels: [51 52 53 54 55 56 57]. Size: 36658)
t2-deeprad.npz train: x=(17340, 1024), y=(17340, 2)
t2-deeprad.npz test: x=(6800, 1024), y=(6800, 2)
t2-deeprad.npz: applied data scaling mode 'normalize'.
Loaded t2-deeprad.npz: Unique train labels: UniqueCountsResult(values=array([-1,  0,  1,  2,  3,  4]), counts=array([8670, 1774, 1675, 1777, 1694, 1750]))
Noise labels ratio in t2-deeprad.npz train: 0.25, test: 0.25
Loaded t2-deeprad.npz: Remapped labels: [58 59 60 61 62 63]. Size: 17340)
Built classes_per_task: [6, 7, 6, 7, 7, 6, 6, 6, 7, 6]
Classes per task: [6, 7, 6, 7, 7, 6, 6, 6, 7, 6]
[STATE 2026-03-27 13:14:32] Loader 'task_incremental_loader' ready: 1024 inputs, 64 outputs, 10 tasks
n_outputs: 64 	n_tasks: 10
[STATE 2026-03-27 13:14:32] Logging to logs//si/full-tasks_all-10epochs_weighted-loss-2026-03-27_13-13-30-9755/0
True
Model device: cuda:0
[STATE 2026-03-27 13:14:33] Model initialized on device cuda:0
[STATE 2026-03-27 13:14:33] Invoking continual life experience flow
[STATE 2026-03-27 13:14:33] Life experience start: 10 tasks queued
Task 0: 50362 training samples, 16787 test samples.
[STATE 2026-03-27 13:14:33] Starting task 0 (1/10)
[STATE 2026-03-27 13:14:33] Task 0 Epoch 1/10: entering train loop
[STATE 2026-03-27 13:15:34] Task 0 Epoch 1/10: running validation (end of epoch)
---- Eval at Epoch 0: cls [0.8496468780063632] | det_recall [0.8655313734295015] | det_fa [0.26169849202477785] ----
T0 Ep 1/10 | L 0.9617 | Train Acc 0.61 | Prec 0.63 | F1 0.57 | Det Rec 0.81 | Det FA 0.32 | Epoch Time 67.07s (Eval 5.22s, Train 61.85s)
[STATE 2026-03-27 13:15:40] T0 Ep 1/10 complete: Prec 0.6319 F1 0.5696 DetRec 0.8051 DetFA 0.3163 | 67.07s total (5.22s eval/61.85s train)
[STATE 2026-03-27 13:15:40] Task 0 Epoch 2/10: entering train loop
T0 Ep 2/10 | L 0.4091 | Train Acc 0.87 | Prec 0.88 | F1 0.81 | Det Rec 0.88 | Det FA 0.22 | Epoch Time 61.86s (Eval 0.00s, Train 61.86s)
[STATE 2026-03-27 13:16:42] T0 Ep 2/10 complete: Prec 0.8811 F1 0.8111 DetRec 0.8780 DetFA 0.2232 | 61.86s total (0.00s eval/61.86s train)
[STATE 2026-03-27 13:16:42] Task 0 Epoch 3/10: entering train loop
T0 Ep 3/10 | L 0.3487 | Train Acc 0.89 | Prec 0.90 | F1 0.83 | Det Rec 0.88 | Det FA 0.22 | Epoch Time 61.38s (Eval 0.00s, Train 61.38s)
[STATE 2026-03-27 13:17:43] T0 Ep 3/10 complete: Prec 0.9042 F1 0.8335 DetRec 0.8814 DetFA 0.2183 | 61.38s total (0.00s eval/61.38s train)
[STATE 2026-03-27 13:17:43] Task 0 Epoch 4/10: entering train loop
T0 Ep 4/10 | L 0.3169 | Train Acc 0.91 | Prec 0.92 | F1 0.85 | Det Rec 0.88 | Det FA 0.22 | Epoch Time 61.89s (Eval 0.00s, Train 61.89s)
[STATE 2026-03-27 13:18:45] T0 Ep 4/10 complete: Prec 0.9173 F1 0.8457 DetRec 0.8832 DetFA 0.2167 | 61.89s total (0.00s eval/61.89s train)
[STATE 2026-03-27 13:18:45] Task 0 Epoch 5/10: entering train loop
T0 Ep 5/10 | L 0.2988 | Train Acc 0.91 | Prec 0.93 | F1 0.85 | Det Rec 0.89 | Det FA 0.21 | Epoch Time 61.58s (Eval 0.00s, Train 61.58s)
[STATE 2026-03-27 13:19:46] T0 Ep 5/10 complete: Prec 0.9250 F1 0.8533 DetRec 0.8851 DetFA 0.2134 | 61.58s total (0.00s eval/61.58s train)
[STATE 2026-03-27 13:19:46] Task 0 Epoch 6/10: entering train loop
T0 Ep 6/10 | L 0.2849 | Train Acc 0.92 | Prec 0.93 | F1 0.86 | Det Rec 0.89 | Det FA 0.21 | Epoch Time 61.73s (Eval 0.00s, Train 61.73s)
[STATE 2026-03-27 13:20:48] T0 Ep 6/10 complete: Prec 0.9274 F1 0.8561 DetRec 0.8861 DetFA 0.2120 | 61.73s total (0.00s eval/61.73s train)
[STATE 2026-03-27 13:20:48] Task 0 Epoch 7/10: entering train loop
T0 Ep 7/10 | L 0.2711 | Train Acc 0.92 | Prec 0.93 | F1 0.86 | Det Rec 0.89 | Det FA 0.21 | Epoch Time 61.67s (Eval 0.00s, Train 61.67s)
[STATE 2026-03-27 13:21:50] T0 Ep 7/10 complete: Prec 0.9324 F1 0.8610 DetRec 0.8873 DetFA 0.2090 | 61.67s total (0.00s eval/61.67s train)
[STATE 2026-03-27 13:21:50] Task 0 Epoch 8/10: entering train loop
T0 Ep 8/10 | L 0.2591 | Train Acc 0.93 | Prec 0.94 | F1 0.87 | Det Rec 0.89 | Det FA 0.21 | Epoch Time 61.51s (Eval 0.00s, Train 61.51s)
[STATE 2026-03-27 13:22:51] T0 Ep 8/10 complete: Prec 0.9365 F1 0.8651 DetRec 0.8880 DetFA 0.2082 | 61.51s total (0.00s eval/61.51s train)
[STATE 2026-03-27 13:22:51] Task 0 Epoch 9/10: entering train loop
T0 Ep 9/10 | L 0.2511 | Train Acc 0.93 | Prec 0.94 | F1 0.87 | Det Rec 0.89 | Det FA 0.21 | Epoch Time 61.80s (Eval 0.00s, Train 61.80s)
[STATE 2026-03-27 13:23:53] T0 Ep 9/10 complete: Prec 0.9391 F1 0.8673 DetRec 0.8884 DetFA 0.2081 | 61.80s total (0.00s eval/61.80s train)
[STATE 2026-03-27 13:23:53] Task 0 Epoch 10/10: entering train loop
T0 Ep 10/10 | L 0.2413 | Train Acc 0.93 | Prec 0.94 | F1 0.87 | Det Rec 0.89 | Det FA 0.21 | Epoch Time 61.38s (Eval 0.00s, Train 61.38s)
[STATE 2026-03-27 13:24:54] T0 Ep 10/10 complete: Prec 0.9414 F1 0.8700 DetRec 0.8896 DetFA 0.2050 | 61.38s total (0.00s eval/61.38s train)
[STATE 2026-03-27 13:24:54] Task 0: running final validation.
[STATE 2026-03-27 13:25:00] Completed task 0 (1/10)
Task 1: 51916 training samples, 17305 test samples.
[STATE 2026-03-27 13:25:00] Starting task 1 (2/10)
[STATE 2026-03-27 13:25:00] Task 1 Epoch 1/10: entering train loop
[STATE 2026-03-27 13:26:03] Task 1 Epoch 1/10: running validation (end of epoch)
---- Eval at Epoch 0: cls [0.813069490514903, 0.8207929025095251] | det_recall [0.8778880281858673, 0.8488858296429183] | det_fa [0.1832306614412193, 0.2593256460963952] ----
T1 Ep 1/10 | L 0.7396 | Train Acc 0.74 | Prec 0.78 | F1 0.65 | Det Rec 0.76 | Det FA 0.44 | Epoch Time 74.23s (Eval 10.64s, Train 63.59s)
[STATE 2026-03-27 13:26:14] T1 Ep 1/10 complete: Prec 0.7781 F1 0.6463 DetRec 0.7567 DetFA 0.4390 | 74.23s total (10.64s eval/63.59s train)
[STATE 2026-03-27 13:26:14] Task 1 Epoch 2/10: entering train loop
T1 Ep 2/10 | L 0.4210 | Train Acc 0.85 | Prec 0.88 | F1 0.80 | Det Rec 0.87 | Det FA 0.22 | Epoch Time 63.56s (Eval 0.00s, Train 63.56s)
[STATE 2026-03-27 13:27:18] T1 Ep 2/10 complete: Prec 0.8836 F1 0.7992 DetRec 0.8700 DetFA 0.2174 | 63.56s total (0.00s eval/63.56s train)
[STATE 2026-03-27 13:27:18] Task 1 Epoch 3/10: entering train loop
T1 Ep 3/10 | L 0.3524 | Train Acc 0.87 | Prec 0.90 | F1 0.83 | Det Rec 0.89 | Det FA 0.19 | Epoch Time 63.60s (Eval 0.00s, Train 63.60s)
[STATE 2026-03-27 13:28:21] T1 Ep 3/10 complete: Prec 0.9014 F1 0.8291 DetRec 0.8887 DetFA 0.1882 | 63.60s total (0.00s eval/63.60s train)
[STATE 2026-03-27 13:28:21] Task 1 Epoch 4/10: entering train loop
T1 Ep 4/10 | L 0.3194 | Train Acc 0.89 | Prec 0.91 | F1 0.85 | Det Rec 0.90 | Det FA 0.17 | Epoch Time 63.55s (Eval 0.00s, Train 63.55s)
[STATE 2026-03-27 13:29:25] T1 Ep 4/10 complete: Prec 0.9107 F1 0.8454 DetRec 0.8974 DetFA 0.1745 | 63.55s total (0.00s eval/63.55s train)
[STATE 2026-03-27 13:29:25] Task 1 Epoch 5/10: entering train loop
T1 Ep 5/10 | L 0.2973 | Train Acc 0.89 | Prec 0.92 | F1 0.85 | Det Rec 0.90 | Det FA 0.17 | Epoch Time 63.57s (Eval 0.00s, Train 63.57s)
[STATE 2026-03-27 13:30:28] T1 Ep 5/10 complete: Prec 0.9163 F1 0.8518 DetRec 0.9020 DetFA 0.1668 | 63.57s total (0.00s eval/63.57s train)
[STATE 2026-03-27 13:30:28] Task 1 Epoch 6/10: entering train loop
T1 Ep 6/10 | L 0.2856 | Train Acc 0.90 | Prec 0.92 | F1 0.86 | Det Rec 0.91 | Det FA 0.16 | Epoch Time 63.63s (Eval 0.00s, Train 63.63s)
[STATE 2026-03-27 13:31:32] T1 Ep 6/10 complete: Prec 0.9245 F1 0.8626 DetRec 0.9060 DetFA 0.1604 | 63.63s total (0.00s eval/63.63s train)
[STATE 2026-03-27 13:31:32] Task 1 Epoch 7/10: entering train loop
T1 Ep 7/10 | L 0.2684 | Train Acc 0.91 | Prec 0.93 | F1 0.87 | Det Rec 0.91 | Det FA 0.16 | Epoch Time 63.59s (Eval 0.00s, Train 63.59s)
[STATE 2026-03-27 13:32:35] T1 Ep 7/10 complete: Prec 0.9272 F1 0.8673 DetRec 0.9090 DetFA 0.1563 | 63.59s total (0.00s eval/63.59s train)
[STATE 2026-03-27 13:32:35] Task 1 Epoch 8/10: entering train loop
T1 Ep 8/10 | L 0.2586 | Train Acc 0.91 | Prec 0.93 | F1 0.87 | Det Rec 0.91 | Det FA 0.15 | Epoch Time 63.49s (Eval 0.00s, Train 63.49s)
[STATE 2026-03-27 13:33:39] T1 Ep 8/10 complete: Prec 0.9334 F1 0.8747 DetRec 0.9113 DetFA 0.1525 | 63.49s total (0.00s eval/63.49s train)
[STATE 2026-03-27 13:33:39] Task 1 Epoch 9/10: entering train loop
T1 Ep 9/10 | L 0.2480 | Train Acc 0.92 | Prec 0.93 | F1 0.88 | Det Rec 0.91 | Det FA 0.15 | Epoch Time 63.63s (Eval 0.00s, Train 63.63s)
[STATE 2026-03-27 13:34:43] T1 Ep 9/10 complete: Prec 0.9343 F1 0.8767 DetRec 0.9123 DetFA 0.1524 | 63.63s total (0.00s eval/63.63s train)
[STATE 2026-03-27 13:34:43] Task 1 Epoch 10/10: entering train loop
T1 Ep 10/10 | L 0.2431 | Train Acc 0.92 | Prec 0.94 | F1 0.88 | Det Rec 0.91 | Det FA 0.15 | Epoch Time 63.68s (Eval 0.00s, Train 63.68s)
[STATE 2026-03-27 13:35:46] T1 Ep 10/10 complete: Prec 0.9380 F1 0.8811 DetRec 0.9136 DetFA 0.1505 | 63.68s total (0.00s eval/63.68s train)
[STATE 2026-03-27 13:35:46] Task 1: running final validation.
[STATE 2026-03-27 13:35:57] Completed task 1 (2/10)
Task 2: 350028 training samples, 175014 test samples.
[STATE 2026-03-27 13:35:58] Starting task 2 (3/10)
[STATE 2026-03-27 13:35:58] Task 2 Epoch 1/10: entering train loop
[STATE 2026-03-27 13:43:11] Task 2 Epoch 1/10: running validation (end of epoch)
---- Eval at Epoch 0: cls [0.27959460507960093, 0.3633770680958226, 0.6678432411305588] | det_recall [0.6094521542443918, 0.6628053304481836, 0.8356200997108303] | det_fa [0.26519395338136426, 0.2766846961431416, 0.2704062528960483] ----
T2 Ep 1/10 | L 1.0991 | Train Acc 0.53 | Prec 0.55 | F1 0.54 | Det Rec 0.81 | Det FA 0.31 | Epoch Time 497.87s (Eval 64.82s, Train 433.04s)
[STATE 2026-03-27 13:44:16] T2 Ep 1/10 complete: Prec 0.5495 F1 0.5353 DetRec 0.8135 DetFA 0.3117 | 497.87s total (64.82s eval/433.04s train)
[STATE 2026-03-27 13:44:16] Task 2 Epoch 2/10: entering train loop
T2 Ep 2/10 | L 0.7689 | Train Acc 0.70 | Prec 0.72 | F1 0.69 | Det Rec 0.85 | Det FA 0.25 | Epoch Time 432.95s (Eval 0.00s, Train 432.95s)
[STATE 2026-03-27 13:51:28] T2 Ep 2/10 complete: Prec 0.7235 F1 0.6877 DetRec 0.8453 DetFA 0.2530 | 432.95s total (0.00s eval/432.95s train)
[STATE 2026-03-27 13:51:28] Task 2 Epoch 3/10: entering train loop
T2 Ep 3/10 | L 0.7074 | Train Acc 0.72 | Prec 0.75 | F1 0.71 | Det Rec 0.86 | Det FA 0.23 | Epoch Time 432.74s (Eval 0.00s, Train 432.74s)
[STATE 2026-03-27 13:58:41] T2 Ep 3/10 complete: Prec 0.7489 F1 0.7140 DetRec 0.8564 DetFA 0.2335 | 432.74s total (0.00s eval/432.74s train)
[STATE 2026-03-27 13:58:41] Task 2 Epoch 4/10: entering train loop
T2 Ep 4/10 | L 0.6738 | Train Acc 0.74 | Prec 0.76 | F1 0.73 | Det Rec 0.86 | Det FA 0.23 | Epoch Time 433.34s (Eval 0.00s, Train 433.34s)
[STATE 2026-03-27 14:05:55] T2 Ep 4/10 complete: Prec 0.7616 F1 0.7275 DetRec 0.8611 DetFA 0.2264 | 433.34s total (0.00s eval/433.34s train)
[STATE 2026-03-27 14:05:55] Task 2 Epoch 5/10: entering train loop
T2 Ep 5/10 | L 0.6481 | Train Acc 0.75 | Prec 0.77 | F1 0.74 | Det Rec 0.87 | Det FA 0.22 | Epoch Time 433.34s (Eval 0.00s, Train 433.34s)
[STATE 2026-03-27 14:13:08] T2 Ep 5/10 complete: Prec 0.7713 F1 0.7382 DetRec 0.8663 DetFA 0.2164 | 433.34s total (0.00s eval/433.34s train)
[STATE 2026-03-27 14:13:08] Task 2 Epoch 6/10: entering train loop
T2 Ep 6/10 | L 0.6280 | Train Acc 0.76 | Prec 0.78 | F1 0.75 | Det Rec 0.87 | Det FA 0.21 | Epoch Time 432.85s (Eval 0.00s, Train 432.85s)
[STATE 2026-03-27 14:20:21] T2 Ep 6/10 complete: Prec 0.7797 F1 0.7474 DetRec 0.8699 DetFA 0.2112 | 432.85s total (0.00s eval/432.85s train)
[STATE 2026-03-27 14:20:21] Task 2 Epoch 7/10: entering train loop
T2 Ep 7/10 | L 0.6105 | Train Acc 0.77 | Prec 0.79 | F1 0.76 | Det Rec 0.87 | Det FA 0.21 | Epoch Time 432.74s (Eval 0.00s, Train 432.74s)
[STATE 2026-03-27 14:27:34] T2 Ep 7/10 complete: Prec 0.7878 F1 0.7553 DetRec 0.8725 DetFA 0.2059 | 432.74s total (0.00s eval/432.74s train)
[STATE 2026-03-27 14:27:34] Task 2 Epoch 8/10: entering train loop
T2 Ep 8/10 | L 0.5952 | Train Acc 0.78 | Prec 0.79 | F1 0.76 | Det Rec 0.87 | Det FA 0.20 | Epoch Time 433.33s (Eval 0.00s, Train 433.33s)
[STATE 2026-03-27 14:34:47] T2 Ep 8/10 complete: Prec 0.7944 F1 0.7622 DetRec 0.8749 DetFA 0.2021 | 433.33s total (0.00s eval/433.33s train)
[STATE 2026-03-27 14:34:47] Task 2 Epoch 9/10: entering train loop
T2 Ep 9/10 | L 0.5825 | Train Acc 0.78 | Prec 0.80 | F1 0.77 | Det Rec 0.88 | Det FA 0.20 | Epoch Time 432.98s (Eval 0.00s, Train 432.98s)
[STATE 2026-03-27 14:42:00] T2 Ep 9/10 complete: Prec 0.7983 F1 0.7669 DetRec 0.8770 DetFA 0.1997 | 432.98s total (0.00s eval/432.98s train)
[STATE 2026-03-27 14:42:00] Task 2 Epoch 10/10: entering train loop
T2 Ep 10/10 | L 0.5711 | Train Acc 0.79 | Prec 0.80 | F1 0.77 | Det Rec 0.88 | Det FA 0.20 | Epoch Time 432.95s (Eval 0.00s, Train 432.95s)
[STATE 2026-03-27 14:49:13] T2 Ep 10/10 complete: Prec 0.8033 F1 0.7718 DetRec 0.8785 DetFA 0.1972 | 432.95s total (0.00s eval/432.95s train)
[STATE 2026-03-27 14:49:13] Task 2: running final validation.
[STATE 2026-03-27 14:50:18] Completed task 2 (3/10)
Task 3: 24480 training samples, 8160 test samples.
[STATE 2026-03-27 14:50:18] Starting task 3 (4/10)
[STATE 2026-03-27 14:50:18] Task 3 Epoch 1/10: entering train loop
[STATE 2026-03-27 14:50:48] Task 3 Epoch 1/10: running validation (end of epoch)
---- Eval at Epoch 0: cls [0.15155204506537448, 0.19021761046104482, 0.677893175777337, 0.6154556348274831] | det_recall [0.6566615930485532, 0.6358248960824393, 0.8506679076806262, 0.9991422170863015] | det_fa [0.3275764826048211, 0.36085007698312727, 0.2793504049624976, 0.0007308212893842815] ----
T3 Ep 1/10 | L 0.9005 | Train Acc 0.58 | Prec 0.58 | F1 0.62 | Det Rec 0.99 | Det FA 0.00 | Epoch Time 97.38s (Eval 67.49s, Train 29.89s)
[STATE 2026-03-27 14:51:55] T3 Ep 1/10 complete: Prec 0.5839 F1 0.6238 DetRec 0.9912 DetFA 0.0041 | 97.38s total (67.49s eval/29.89s train)
[STATE 2026-03-27 14:51:55] Task 3 Epoch 2/10: entering train loop
T3 Ep 2/10 | L 0.7382 | Train Acc 0.62 | Prec 0.64 | F1 0.67 | Det Rec 1.00 | Det FA 0.00 | Epoch Time 29.71s (Eval 0.00s, Train 29.71s)
[STATE 2026-03-27 14:52:25] T3 Ep 2/10 complete: Prec 0.6390 F1 0.6727 DetRec 0.9991 DetFA 0.0013 | 29.71s total (0.00s eval/29.71s train)
[STATE 2026-03-27 14:52:25] Task 3 Epoch 3/10: entering train loop
T3 Ep 3/10 | L 0.7128 | Train Acc 0.64 | Prec 0.66 | F1 0.69 | Det Rec 1.00 | Det FA 0.00 | Epoch Time 30.16s (Eval 0.00s, Train 30.16s)
[STATE 2026-03-27 14:52:55] T3 Ep 3/10 complete: Prec 0.6565 F1 0.6882 DetRec 0.9993 DetFA 0.0008 | 30.16s total (0.00s eval/30.16s train)
[STATE 2026-03-27 14:52:55] Task 3 Epoch 4/10: entering train loop
T3 Ep 4/10 | L 0.6951 | Train Acc 0.65 | Prec 0.66 | F1 0.70 | Det Rec 1.00 | Det FA 0.00 | Epoch Time 29.81s (Eval 0.00s, Train 29.81s)
[STATE 2026-03-27 14:53:25] T3 Ep 4/10 complete: Prec 0.6627 F1 0.6952 DetRec 0.9995 DetFA 0.0008 | 29.81s total (0.00s eval/29.81s train)
[STATE 2026-03-27 14:53:25] Task 3 Epoch 5/10: entering train loop
T3 Ep 5/10 | L 0.6801 | Train Acc 0.66 | Prec 0.67 | F1 0.70 | Det Rec 1.00 | Det FA 0.00 | Epoch Time 30.02s (Eval 0.00s, Train 30.02s)
[STATE 2026-03-27 14:53:55] T3 Ep 5/10 complete: Prec 0.6716 F1 0.7046 DetRec 0.9996 DetFA 0.0006 | 30.02s total (0.00s eval/30.02s train)
[STATE 2026-03-27 14:53:55] Task 3 Epoch 6/10: entering train loop
T3 Ep 6/10 | L 0.6672 | Train Acc 0.67 | Prec 0.68 | F1 0.71 | Det Rec 1.00 | Det FA 0.00 | Epoch Time 30.24s (Eval 0.00s, Train 30.24s)
[STATE 2026-03-27 14:54:25] T3 Ep 6/10 complete: Prec 0.6822 F1 0.7116 DetRec 0.9997 DetFA 0.0004 | 30.24s total (0.00s eval/30.24s train)
[STATE 2026-03-27 14:54:25] Task 3 Epoch 7/10: entering train loop
T3 Ep 7/10 | L 0.6571 | Train Acc 0.68 | Prec 0.69 | F1 0.72 | Det Rec 1.00 | Det FA 0.00 | Epoch Time 29.68s (Eval 0.00s, Train 29.68s)
[STATE 2026-03-27 14:54:55] T3 Ep 7/10 complete: Prec 0.6901 F1 0.7217 DetRec 0.9999 DetFA 0.0001 | 29.68s total (0.00s eval/29.68s train)
[STATE 2026-03-27 14:54:55] Task 3 Epoch 8/10: entering train loop
T3 Ep 8/10 | L 0.6412 | Train Acc 0.69 | Prec 0.70 | F1 0.73 | Det Rec 1.00 | Det FA 0.00 | Epoch Time 30.17s (Eval 0.00s, Train 30.17s)
[STATE 2026-03-27 14:55:25] T3 Ep 8/10 complete: Prec 0.7008 F1 0.7304 DetRec 0.9998 DetFA 0.0005 | 30.17s total (0.00s eval/30.17s train)
[STATE 2026-03-27 14:55:25] Task 3 Epoch 9/10: entering train loop
T3 Ep 9/10 | L 0.6281 | Train Acc 0.70 | Prec 0.71 | F1 0.74 | Det Rec 1.00 | Det FA 0.00 | Epoch Time 30.17s (Eval 0.00s, Train 30.17s)
[STATE 2026-03-27 14:55:55] T3 Ep 9/10 complete: Prec 0.7109 F1 0.7388 DetRec 0.9998 DetFA 0.0001 | 30.17s total (0.00s eval/30.17s train)
[STATE 2026-03-27 14:55:55] Task 3 Epoch 10/10: entering train loop
T3 Ep 10/10 | L 0.6179 | Train Acc 0.70 | Prec 0.72 | F1 0.74 | Det Rec 1.00 | Det FA 0.00 | Epoch Time 29.72s (Eval 0.00s, Train 29.72s)
[STATE 2026-03-27 14:56:25] T3 Ep 10/10 complete: Prec 0.7165 F1 0.7427 DetRec 0.9996 DetFA 0.0006 | 29.72s total (0.00s eval/29.72s train)
[STATE 2026-03-27 14:56:25] Task 3: running final validation.
[STATE 2026-03-27 14:57:32] Completed task 3 (4/10)
Task 4: 24480 training samples, 8160 test samples.
[STATE 2026-03-27 14:57:32] Starting task 4 (5/10)
[STATE 2026-03-27 14:57:32] Task 4 Epoch 1/10: entering train loop
[STATE 2026-03-27 14:58:03] Task 4 Epoch 1/10: running validation (end of epoch)
---- Eval at Epoch 0: cls [0.12685248574196287, 0.16885119733611104, 0.5328289513529886, 0.5941759019842936, 0.49015970492695216] | det_recall [0.4358874418475788, 0.6041999391696564, 0.8280877704385463, 0.9992825495391433, 1.0] | det_fa [0.5801265558800488, 0.24970257838275428, 0.30812753480013433, 0.0004734848484848485, 0.0] ----
T4 Ep 1/10 | L 0.9718 | Train Acc 0.46 | Prec 0.46 | F1 0.51 | Det Rec 0.99 | Det FA 0.01 | Epoch Time 100.17s (Eval 70.07s, Train 30.11s)
[STATE 2026-03-27 14:59:13] T4 Ep 1/10 complete: Prec 0.4587 F1 0.5118 DetRec 0.9941 DetFA 0.0115 | 100.17s total (70.07s eval/30.11s train)
[STATE 2026-03-27 14:59:13] Task 4 Epoch 2/10: entering train loop
T4 Ep 2/10 | L 0.8228 | Train Acc 0.55 | Prec 0.55 | F1 0.60 | Det Rec 1.00 | Det FA 0.00 | Epoch Time 29.72s (Eval 0.00s, Train 29.72s)
[STATE 2026-03-27 14:59:42] T4 Ep 2/10 complete: Prec 0.5544 F1 0.6000 DetRec 1.0000 DetFA 0.0000 | 29.72s total (0.00s eval/29.72s train)
[STATE 2026-03-27 14:59:42] Task 4 Epoch 3/10: entering train loop
T4 Ep 3/10 | L 0.7762 | Train Acc 0.58 | Prec 0.58 | F1 0.63 | Det Rec 1.00 | Det FA 0.00 | Epoch Time 30.23s (Eval 0.00s, Train 30.23s)
[STATE 2026-03-27 15:00:13] T4 Ep 3/10 complete: Prec 0.5842 F1 0.6263 DetRec 1.0000 DetFA 0.0000 | 30.23s total (0.00s eval/30.23s train)
[STATE 2026-03-27 15:00:13] Task 4 Epoch 4/10: entering train loop
T4 Ep 4/10 | L 0.7436 | Train Acc 0.61 | Prec 0.62 | F1 0.66 | Det Rec 1.00 | Det FA 0.00 | Epoch Time 30.10s (Eval 0.00s, Train 30.10s)
[STATE 2026-03-27 15:00:43] T4 Ep 4/10 complete: Prec 0.6204 F1 0.6563 DetRec 1.0000 DetFA 0.0000 | 30.10s total (0.00s eval/30.10s train)
[STATE 2026-03-27 15:00:43] Task 4 Epoch 5/10: entering train loop
T4 Ep 5/10 | L 0.6979 | Train Acc 0.64 | Prec 0.65 | F1 0.68 | Det Rec 1.00 | Det FA 0.00 | Epoch Time 29.85s (Eval 0.00s, Train 29.85s)
[STATE 2026-03-27 15:01:13] T4 Ep 5/10 complete: Prec 0.6508 F1 0.6843 DetRec 1.0000 DetFA 0.0000 | 29.85s total (0.00s eval/29.85s train)
[STATE 2026-03-27 15:01:13] Task 4 Epoch 6/10: entering train loop
T4 Ep 6/10 | L 0.6745 | Train Acc 0.66 | Prec 0.67 | F1 0.70 | Det Rec 1.00 | Det FA 0.00 | Epoch Time 30.11s (Eval 0.00s, Train 30.11s)
[STATE 2026-03-27 15:01:43] T4 Ep 6/10 complete: Prec 0.6703 F1 0.6994 DetRec 1.0000 DetFA 0.0000 | 30.11s total (0.00s eval/30.11s train)
[STATE 2026-03-27 15:01:43] Task 4 Epoch 7/10: entering train loop
T4 Ep 7/10 | L 0.6501 | Train Acc 0.68 | Prec 0.69 | F1 0.72 | Det Rec 1.00 | Det FA 0.00 | Epoch Time 29.70s (Eval 0.00s, Train 29.70s)
[STATE 2026-03-27 15:02:12] T4 Ep 7/10 complete: Prec 0.6899 F1 0.7180 DetRec 1.0000 DetFA 0.0000 | 29.70s total (0.00s eval/29.70s train)
[STATE 2026-03-27 15:02:12] Task 4 Epoch 8/10: entering train loop
T4 Ep 8/10 | L 0.6166 | Train Acc 0.70 | Prec 0.71 | F1 0.74 | Det Rec 1.00 | Det FA 0.00 | Epoch Time 30.15s (Eval 0.00s, Train 30.15s)
[STATE 2026-03-27 15:02:43] T4 Ep 8/10 complete: Prec 0.7132 F1 0.7370 DetRec 1.0000 DetFA 0.0000 | 30.15s total (0.00s eval/30.15s train)
[STATE 2026-03-27 15:02:43] Task 4 Epoch 9/10: entering train loop
T4 Ep 9/10 | L 0.6019 | Train Acc 0.71 | Prec 0.72 | F1 0.75 | Det Rec 1.00 | Det FA 0.00 | Epoch Time 30.19s (Eval 0.00s, Train 30.19s)
[STATE 2026-03-27 15:03:13] T4 Ep 9/10 complete: Prec 0.7218 F1 0.7454 DetRec 1.0000 DetFA 0.0000 | 30.19s total (0.00s eval/30.19s train)
[STATE 2026-03-27 15:03:13] Task 4 Epoch 10/10: entering train loop
T4 Ep 10/10 | L 0.5788 | Train Acc 0.74 | Prec 0.74 | F1 0.77 | Det Rec 1.00 | Det FA 0.00 | Epoch Time 29.67s (Eval 0.00s, Train 29.67s)
[STATE 2026-03-27 15:03:42] T4 Ep 10/10 complete: Prec 0.7402 F1 0.7652 DetRec 1.0000 DetFA 0.0000 | 29.67s total (0.00s eval/29.67s train)
[STATE 2026-03-27 15:03:42] Task 4: running final validation.
[STATE 2026-03-27 15:04:52] Completed task 4 (5/10)
Task 5: 201410 training samples, 100705 test samples.
[STATE 2026-03-27 15:04:53] Starting task 5 (6/10)
[STATE 2026-03-27 15:04:53] Task 5 Epoch 1/10: entering train loop
[STATE 2026-03-27 15:09:02] Task 5 Epoch 1/10: running validation (end of epoch)
---- Eval at Epoch 0: cls [0.08482669209290754, 0.10318770072294385, 0.4660293717709926, 0.5569261150488449, 0.49187740863098384, 0.7774694599505056] | det_recall [0.5304980368195413, 0.6346149507148915, 0.8233176056585051, 0.9957304631791601, 1.0, 0.8943624801211185] | det_fa [0.32305417093402633, 0.1379877298309499, 0.3423098553913388, 0.007348011084033793, 0.0, 0.15784225703940366] ----
T5 Ep 1/10 | L 0.7137 | Train Acc 0.72 | Prec 0.73 | F1 0.71 | Det Rec 0.88 | Det FA 0.19 | Epoch Time 350.30s (Eval 101.29s, Train 249.00s)
[STATE 2026-03-27 15:10:43] T5 Ep 1/10 complete: Prec 0.7264 F1 0.7090 DetRec 0.8756 DetFA 0.1949 | 350.30s total (101.29s eval/249.00s train)
[STATE 2026-03-27 15:10:43] Task 5 Epoch 2/10: entering train loop
T5 Ep 2/10 | L 0.5385 | Train Acc 0.81 | Prec 0.81 | F1 0.79 | Det Rec 0.89 | Det FA 0.17 | Epoch Time 248.98s (Eval 0.00s, Train 248.98s)
[STATE 2026-03-27 15:14:52] T5 Ep 2/10 complete: Prec 0.8073 F1 0.7865 DetRec 0.8947 DetFA 0.1684 | 248.98s total (0.00s eval/248.98s train)
[STATE 2026-03-27 15:14:52] Task 5 Epoch 3/10: entering train loop
T5 Ep 3/10 | L 0.5022 | Train Acc 0.83 | Prec 0.82 | F1 0.80 | Det Rec 0.90 | Det FA 0.16 | Epoch Time 249.21s (Eval 0.00s, Train 249.21s)
[STATE 2026-03-27 15:19:01] T5 Ep 3/10 complete: Prec 0.8234 F1 0.8025 DetRec 0.8981 DetFA 0.1647 | 249.21s total (0.00s eval/249.21s train)
[STATE 2026-03-27 15:19:01] Task 5 Epoch 4/10: entering train loop
T5 Ep 4/10 | L 0.4798 | Train Acc 0.84 | Prec 0.84 | F1 0.81 | Det Rec 0.90 | Det FA 0.16 | Epoch Time 249.05s (Eval 0.00s, Train 249.05s)
[STATE 2026-03-27 15:23:10] T5 Ep 4/10 complete: Prec 0.8352 F1 0.8143 DetRec 0.9019 DetFA 0.1589 | 249.05s total (0.00s eval/249.05s train)
[STATE 2026-03-27 15:23:10] Task 5 Epoch 5/10: entering train loop
T5 Ep 5/10 | L 0.4653 | Train Acc 0.85 | Prec 0.84 | F1 0.82 | Det Rec 0.90 | Det FA 0.16 | Epoch Time 249.07s (Eval 0.00s, Train 249.07s)
[STATE 2026-03-27 15:27:19] T5 Ep 5/10 complete: Prec 0.8426 F1 0.8209 DetRec 0.9026 DetFA 0.1587 | 249.07s total (0.00s eval/249.07s train)
[STATE 2026-03-27 15:27:19] Task 5 Epoch 6/10: entering train loop
T5 Ep 6/10 | L 0.4517 | Train Acc 0.86 | Prec 0.85 | F1 0.83 | Det Rec 0.90 | Det FA 0.16 | Epoch Time 249.11s (Eval 0.00s, Train 249.11s)
[STATE 2026-03-27 15:31:28] T5 Ep 6/10 complete: Prec 0.8500 F1 0.8284 DetRec 0.9045 DetFA 0.1568 | 249.11s total (0.00s eval/249.11s train)
[STATE 2026-03-27 15:31:28] Task 5 Epoch 7/10: entering train loop
T5 Ep 7/10 | L 0.4436 | Train Acc 0.86 | Prec 0.86 | F1 0.83 | Det Rec 0.91 | Det FA 0.16 | Epoch Time 249.34s (Eval 0.00s, Train 249.34s)
[STATE 2026-03-27 15:35:38] T5 Ep 7/10 complete: Prec 0.8562 F1 0.8343 DetRec 0.9060 DetFA 0.1550 | 249.34s total (0.00s eval/249.34s train)
[STATE 2026-03-27 15:35:38] Task 5 Epoch 8/10: entering train loop
T5 Ep 8/10 | L 0.4354 | Train Acc 0.86 | Prec 0.86 | F1 0.84 | Det Rec 0.91 | Det FA 0.15 | Epoch Time 249.03s (Eval 0.00s, Train 249.03s)
[STATE 2026-03-27 15:39:47] T5 Ep 8/10 complete: Prec 0.8589 F1 0.8378 DetRec 0.9082 DetFA 0.1511 | 249.03s total (0.00s eval/249.03s train)
[STATE 2026-03-27 15:39:47] Task 5 Epoch 9/10: entering train loop
T5 Ep 9/10 | L 0.4298 | Train Acc 0.87 | Prec 0.87 | F1 0.84 | Det Rec 0.91 | Det FA 0.15 | Epoch Time 248.91s (Eval 0.00s, Train 248.91s)
[STATE 2026-03-27 15:43:56] T5 Ep 9/10 complete: Prec 0.8654 F1 0.8435 DetRec 0.9097 DetFA 0.1486 | 248.91s total (0.00s eval/248.91s train)
[STATE 2026-03-27 15:43:56] Task 5 Epoch 10/10: entering train loop
T5 Ep 10/10 | L 0.4218 | Train Acc 0.87 | Prec 0.87 | F1 0.85 | Det Rec 0.91 | Det FA 0.15 | Epoch Time 249.41s (Eval 0.00s, Train 249.41s)
[STATE 2026-03-27 15:48:05] T5 Ep 10/10 complete: Prec 0.8676 F1 0.8463 DetRec 0.9102 DetFA 0.1484 | 249.41s total (0.00s eval/249.41s train)
[STATE 2026-03-27 15:48:05] Task 5: running final validation.
[STATE 2026-03-27 15:49:46] Completed task 5 (6/10)
Task 6: 17340 training samples, 6800 test samples.
[STATE 2026-03-27 15:49:46] Starting task 6 (7/10)
[STATE 2026-03-27 15:49:46] Task 6 Epoch 1/10: entering train loop
[STATE 2026-03-27 15:50:07] Task 6 Epoch 1/10: running validation (end of epoch)
---- Eval at Epoch 0: cls [0.0765113241341301, 0.07704107618316346, 0.32426515848547477, 0.41247449668287706, 0.2929313681523375, 0.7495691055372001, 0.5806032933464058] | det_recall [0.4694251907954372, 0.5976748611649989, 0.7380765686507641, 0.993195863249656, 1.0, 0.8813526622140142, 1.0] | det_fa [0.33954555703655326, 0.18844584546421767, 0.5066416349552479, 0.00046995137946630487, 0.0, 0.21244889608772533, 0.0] ----
T6 Ep 1/10 | L 0.9227 | Train Acc 0.54 | Prec 0.53 | F1 0.60 | Det Rec 0.99 | Det FA 0.01 | Epoch Time 124.63s (Eval 103.39s, Train 21.24s)
[STATE 2026-03-27 15:51:51] T6 Ep 1/10 complete: Prec 0.5306 F1 0.5952 DetRec 0.9935 DetFA 0.0105 | 124.63s total (103.39s eval/21.24s train)
[STATE 2026-03-27 15:51:51] Task 6 Epoch 2/10: entering train loop
T6 Ep 2/10 | L 0.7547 | Train Acc 0.61 | Prec 0.61 | F1 0.67 | Det Rec 1.00 | Det FA 0.00 | Epoch Time 21.20s (Eval 0.00s, Train 21.20s)
[STATE 2026-03-27 15:52:12] T6 Ep 2/10 complete: Prec 0.6100 F1 0.6675 DetRec 0.9999 DetFA 0.0001 | 21.20s total (0.00s eval/21.20s train)
[STATE 2026-03-27 15:52:12] Task 6 Epoch 3/10: entering train loop
T6 Ep 3/10 | L 0.7222 | Train Acc 0.64 | Prec 0.64 | F1 0.69 | Det Rec 1.00 | Det FA 0.00 | Epoch Time 21.27s (Eval 0.00s, Train 21.27s)
[STATE 2026-03-27 15:52:33] T6 Ep 3/10 complete: Prec 0.6429 F1 0.6925 DetRec 1.0000 DetFA 0.0000 | 21.27s total (0.00s eval/21.27s train)
[STATE 2026-03-27 15:52:33] Task 6 Epoch 4/10: entering train loop
T6 Ep 4/10 | L 0.7110 | Train Acc 0.65 | Prec 0.65 | F1 0.70 | Det Rec 1.00 | Det FA 0.00 | Epoch Time 21.24s (Eval 0.00s, Train 21.24s)
[STATE 2026-03-27 15:52:55] T6 Ep 4/10 complete: Prec 0.6545 F1 0.7024 DetRec 1.0000 DetFA 0.0000 | 21.24s total (0.00s eval/21.24s train)
[STATE 2026-03-27 15:52:55] Task 6 Epoch 5/10: entering train loop
T6 Ep 5/10 | L 0.6684 | Train Acc 0.67 | Prec 0.68 | F1 0.72 | Det Rec 1.00 | Det FA 0.00 | Epoch Time 21.27s (Eval 0.00s, Train 21.27s)
[STATE 2026-03-27 15:53:16] T6 Ep 5/10 complete: Prec 0.6759 F1 0.7205 DetRec 0.9999 DetFA 0.0001 | 21.27s total (0.00s eval/21.27s train)
[STATE 2026-03-27 15:53:16] Task 6 Epoch 6/10: entering train loop
T6 Ep 6/10 | L 0.6400 | Train Acc 0.69 | Prec 0.69 | F1 0.74 | Det Rec 1.00 | Det FA 0.00 | Epoch Time 21.28s (Eval 0.00s, Train 21.28s)
[STATE 2026-03-27 15:53:37] T6 Ep 6/10 complete: Prec 0.6949 F1 0.7371 DetRec 1.0000 DetFA 0.0000 | 21.28s total (0.00s eval/21.28s train)
[STATE 2026-03-27 15:53:37] Task 6 Epoch 7/10: entering train loop
T6 Ep 7/10 | L 0.6022 | Train Acc 0.72 | Prec 0.72 | F1 0.76 | Det Rec 1.00 | Det FA 0.00 | Epoch Time 21.25s (Eval 0.00s, Train 21.25s)
[STATE 2026-03-27 15:53:58] T6 Ep 7/10 complete: Prec 0.7221 F1 0.7626 DetRec 1.0000 DetFA 0.0000 | 21.25s total (0.00s eval/21.25s train)
[STATE 2026-03-27 15:53:58] Task 6 Epoch 8/10: entering train loop
T6 Ep 8/10 | L 0.5776 | Train Acc 0.74 | Prec 0.74 | F1 0.77 | Det Rec 1.00 | Det FA 0.00 | Epoch Time 21.26s (Eval 0.00s, Train 21.26s)
[STATE 2026-03-27 15:54:20] T6 Ep 8/10 complete: Prec 0.7385 F1 0.7748 DetRec 1.0000 DetFA 0.0000 | 21.26s total (0.00s eval/21.26s train)
[STATE 2026-03-27 15:54:20] Task 6 Epoch 9/10: entering train loop
T6 Ep 9/10 | L 0.5479 | Train Acc 0.75 | Prec 0.75 | F1 0.79 | Det Rec 1.00 | Det FA 0.00 | Epoch Time 21.24s (Eval 0.00s, Train 21.24s)
[STATE 2026-03-27 15:54:41] T6 Ep 9/10 complete: Prec 0.7502 F1 0.7859 DetRec 1.0000 DetFA 0.0000 | 21.24s total (0.00s eval/21.24s train)
[STATE 2026-03-27 15:54:41] Task 6 Epoch 10/10: entering train loop
T6 Ep 10/10 | L 0.5207 | Train Acc 0.77 | Prec 0.77 | F1 0.81 | Det Rec 1.00 | Det FA 0.00 | Epoch Time 21.14s (Eval 0.00s, Train 21.14s)
[STATE 2026-03-27 15:55:02] T6 Ep 10/10 complete: Prec 0.7742 F1 0.8060 DetRec 1.0000 DetFA 0.0000 | 21.14s total (0.00s eval/21.14s train)
[STATE 2026-03-27 15:55:02] Task 6: running final validation.
[STATE 2026-03-27 15:56:45] Completed task 6 (7/10)
Task 7: 188050 training samples, 94025 test samples.
[STATE 2026-03-27 15:56:46] Starting task 7 (8/10)
[STATE 2026-03-27 15:56:46] Task 7 Epoch 1/10: entering train loop
[STATE 2026-03-27 16:00:38] Task 7 Epoch 1/10: running validation (end of epoch)
---- Eval at Epoch 0: cls [0.04925539569492422, 0.07434186460070778, 0.3366323805261092, 0.48228747011995887, 0.3988142827216253, 0.7341558986916099, 0.5830444717551503, 0.8047415450887108] | det_recall [0.4293115680896246, 0.6280560841795828, 0.7488838058613325, 0.9695917959442344, 0.9998788759689923, 0.9049183507012073, 0.9997319668503842, 0.8749472946609005] | det_fa [0.42347281221572747, 0.12015750385721763, 0.4803919433130224, 0.020070910358904775, 0.0, 0.13619599406682856, 0.0005360662992316047, 0.19462233250103872] ----
T7 Ep 1/10 | L 0.6066 | Train Acc 0.77 | Prec 0.78 | F1 0.75 | Det Rec 0.87 | Det FA 0.20 | Epoch Time 365.14s (Eval 132.39s, Train 232.75s)
[STATE 2026-03-27 16:02:51] T7 Ep 1/10 complete: Prec 0.7829 F1 0.7547 DetRec 0.8694 DetFA 0.1990 | 365.14s total (132.39s eval/232.75s train)
[STATE 2026-03-27 16:02:51] Task 7 Epoch 2/10: entering train loop
T7 Ep 2/10 | L 0.4668 | Train Acc 0.83 | Prec 0.84 | F1 0.81 | Det Rec 0.88 | Det FA 0.18 | Epoch Time 232.64s (Eval 0.00s, Train 232.64s)
[STATE 2026-03-27 16:06:43] T7 Ep 2/10 complete: Prec 0.8427 F1 0.8125 DetRec 0.8836 DetFA 0.1771 | 232.64s total (0.00s eval/232.64s train)
[STATE 2026-03-27 16:06:43] Task 7 Epoch 3/10: entering train loop
T7 Ep 3/10 | L 0.4442 | Train Acc 0.85 | Prec 0.85 | F1 0.82 | Det Rec 0.89 | Det FA 0.17 | Epoch Time 232.73s (Eval 0.00s, Train 232.73s)
[STATE 2026-03-27 16:10:36] T7 Ep 3/10 complete: Prec 0.8543 F1 0.8242 DetRec 0.8869 DetFA 0.1732 | 232.73s total (0.00s eval/232.73s train)
[STATE 2026-03-27 16:10:36] Task 7 Epoch 4/10: entering train loop
T7 Ep 4/10 | L 0.4296 | Train Acc 0.85 | Prec 0.86 | F1 0.83 | Det Rec 0.89 | Det FA 0.17 | Epoch Time 232.48s (Eval 0.00s, Train 232.48s)
[STATE 2026-03-27 16:14:29] T7 Ep 4/10 complete: Prec 0.8600 F1 0.8304 DetRec 0.8890 DetFA 0.1700 | 232.48s total (0.00s eval/232.48s train)
[STATE 2026-03-27 16:14:29] Task 7 Epoch 5/10: entering train loop
T7 Ep 5/10 | L 0.4209 | Train Acc 0.86 | Prec 0.86 | F1 0.84 | Det Rec 0.89 | Det FA 0.17 | Epoch Time 232.67s (Eval 0.00s, Train 232.67s)
[STATE 2026-03-27 16:18:21] T7 Ep 5/10 complete: Prec 0.8647 F1 0.8358 DetRec 0.8906 DetFA 0.1683 | 232.67s total (0.00s eval/232.67s train)
[STATE 2026-03-27 16:18:21] Task 7 Epoch 6/10: entering train loop
T7 Ep 6/10 | L 0.4125 | Train Acc 0.86 | Prec 0.87 | F1 0.84 | Det Rec 0.89 | Det FA 0.17 | Epoch Time 232.77s (Eval 0.00s, Train 232.77s)
[STATE 2026-03-27 16:22:14] T7 Ep 6/10 complete: Prec 0.8701 F1 0.8406 DetRec 0.8922 DetFA 0.1652 | 232.77s total (0.00s eval/232.77s train)
[STATE 2026-03-27 16:22:14] Task 7 Epoch 7/10: entering train loop
T7 Ep 7/10 | L 0.4072 | Train Acc 0.87 | Prec 0.87 | F1 0.84 | Det Rec 0.89 | Det FA 0.16 | Epoch Time 232.54s (Eval 0.00s, Train 232.54s)
[STATE 2026-03-27 16:26:07] T7 Ep 7/10 complete: Prec 0.8734 F1 0.8441 DetRec 0.8934 DetFA 0.1623 | 232.54s total (0.00s eval/232.54s train)
[STATE 2026-03-27 16:26:07] Task 7 Epoch 8/10: entering train loop
T7 Ep 8/10 | L 0.4025 | Train Acc 0.87 | Prec 0.88 | F1 0.85 | Det Rec 0.89 | Det FA 0.16 | Epoch Time 232.39s (Eval 0.00s, Train 232.39s)
[STATE 2026-03-27 16:29:59] T7 Ep 8/10 complete: Prec 0.8755 F1 0.8469 DetRec 0.8941 DetFA 0.1639 | 232.39s total (0.00s eval/232.39s train)
[STATE 2026-03-27 16:29:59] Task 7 Epoch 9/10: entering train loop
T7 Ep 9/10 | L 0.3973 | Train Acc 0.87 | Prec 0.88 | F1 0.85 | Det Rec 0.89 | Det FA 0.16 | Epoch Time 232.77s (Eval 0.00s, Train 232.77s)
[STATE 2026-03-27 16:33:52] T7 Ep 9/10 complete: Prec 0.8798 F1 0.8504 DetRec 0.8942 DetFA 0.1633 | 232.77s total (0.00s eval/232.77s train)
[STATE 2026-03-27 16:33:52] Task 7 Epoch 10/10: entering train loop
T7 Ep 10/10 | L 0.3924 | Train Acc 0.88 | Prec 0.88 | F1 0.85 | Det Rec 0.90 | Det FA 0.16 | Epoch Time 232.51s (Eval 0.00s, Train 232.51s)
[STATE 2026-03-27 16:37:44] T7 Ep 10/10 complete: Prec 0.8810 F1 0.8519 DetRec 0.8957 DetFA 0.1598 | 232.51s total (0.00s eval/232.51s train)
[STATE 2026-03-27 16:37:44] Task 7: running final validation.
[STATE 2026-03-27 16:39:56] Completed task 7 (8/10)
Task 8: 36658 training samples, 12220 test samples.
[STATE 2026-03-27 16:39:56] Starting task 8 (9/10)
[STATE 2026-03-27 16:39:56] Task 8 Epoch 1/10: entering train loop
[STATE 2026-03-27 16:40:42] Task 8 Epoch 1/10: running validation (end of epoch)
---- Eval at Epoch 0: cls [0.05580619589754995, 0.029944360513859108, 0.24270199686714197, 0.43097357862980457, 0.3090808803263812, 0.3150818173535435, 0.4851861390547267, 0.4658395887440579, 0.803208156938353] | det_recall [0.6810298812835018, 0.6723590465783525, 0.5011572319202754, 0.8462999556397758, 0.9932368091419363, 0.5291533658848492, 0.9998657357679914, 0.5383397707921193, 0.8005176060521423] | det_fa [0.07735176535452767, 0.032701659333937365, 0.9553539915854531, 0.13850016430135648, 0.0, 0.8746088937237155, 0.0, 0.8814501575169639, 0.35622602687531196] ----
T8 Ep 1/10 | L 0.9340 | Train Acc 0.70 | Prec 0.70 | F1 0.55 | Det Rec 0.73 | Det FA 0.51 | Epoch Time 181.51s (Eval 136.05s, Train 45.45s)
[STATE 2026-03-27 16:42:58] T8 Ep 1/10 complete: Prec 0.7043 F1 0.5477 DetRec 0.7251 DetFA 0.5061 | 181.51s total (136.05s eval/45.45s train)
[STATE 2026-03-27 16:42:58] Task 8 Epoch 2/10: entering train loop
T8 Ep 2/10 | L 0.5921 | Train Acc 0.84 | Prec 0.83 | F1 0.68 | Det Rec 0.80 | Det FA 0.38 | Epoch Time 44.91s (Eval 0.00s, Train 44.91s)
[STATE 2026-03-27 16:43:43] T8 Ep 2/10 complete: Prec 0.8290 F1 0.6812 DetRec 0.7960 DetFA 0.3803 | 44.91s total (0.00s eval/44.91s train)
[STATE 2026-03-27 16:43:43] Task 8 Epoch 3/10: entering train loop
T8 Ep 3/10 | L 0.5321 | Train Acc 0.86 | Prec 0.85 | F1 0.70 | Det Rec 0.80 | Det FA 0.37 | Epoch Time 44.71s (Eval 0.00s, Train 44.71s)
[STATE 2026-03-27 16:44:27] T8 Ep 3/10 complete: Prec 0.8520 F1 0.6977 DetRec 0.7988 DetFA 0.3748 | 44.71s total (0.00s eval/44.71s train)
[STATE 2026-03-27 16:44:27] Task 8 Epoch 4/10: entering train loop
T8 Ep 4/10 | L 0.5027 | Train Acc 0.87 | Prec 0.87 | F1 0.71 | Det Rec 0.80 | Det FA 0.37 | Epoch Time 45.11s (Eval 0.00s, Train 45.11s)
[STATE 2026-03-27 16:45:13] T8 Ep 4/10 complete: Prec 0.8665 F1 0.7091 DetRec 0.8029 DetFA 0.3673 | 45.11s total (0.00s eval/45.11s train)
[STATE 2026-03-27 16:45:13] Task 8 Epoch 5/10: entering train loop
T8 Ep 5/10 | L 0.4791 | Train Acc 0.89 | Prec 0.88 | F1 0.71 | Det Rec 0.80 | Det FA 0.37 | Epoch Time 44.65s (Eval 0.00s, Train 44.65s)
[STATE 2026-03-27 16:45:57] T8 Ep 5/10 complete: Prec 0.8761 F1 0.7141 DetRec 0.8024 DetFA 0.3683 | 44.65s total (0.00s eval/44.65s train)
[STATE 2026-03-27 16:45:57] Task 8 Epoch 6/10: entering train loop
T8 Ep 6/10 | L 0.4727 | Train Acc 0.89 | Prec 0.89 | F1 0.72 | Det Rec 0.81 | Det FA 0.36 | Epoch Time 44.98s (Eval 0.00s, Train 44.98s)
[STATE 2026-03-27 16:46:42] T8 Ep 6/10 complete: Prec 0.8867 F1 0.7213 DetRec 0.8058 DetFA 0.3625 | 44.98s total (0.00s eval/44.98s train)
[STATE 2026-03-27 16:46:42] Task 8 Epoch 7/10: entering train loop
T8 Ep 7/10 | L 0.4615 | Train Acc 0.90 | Prec 0.89 | F1 0.73 | Det Rec 0.81 | Det FA 0.36 | Epoch Time 44.81s (Eval 0.00s, Train 44.81s)
[STATE 2026-03-27 16:47:27] T8 Ep 7/10 complete: Prec 0.8912 F1 0.7260 DetRec 0.8071 DetFA 0.3591 | 44.81s total (0.00s eval/44.81s train)
[STATE 2026-03-27 16:47:27] Task 8 Epoch 8/10: entering train loop
T8 Ep 8/10 | L 0.4528 | Train Acc 0.90 | Prec 0.90 | F1 0.73 | Det Rec 0.81 | Det FA 0.36 | Epoch Time 44.80s (Eval 0.00s, Train 44.80s)
[STATE 2026-03-27 16:48:12] T8 Ep 8/10 complete: Prec 0.8962 F1 0.7284 DetRec 0.8081 DetFA 0.3556 | 44.80s total (0.00s eval/44.80s train)
[STATE 2026-03-27 16:48:12] Task 8 Epoch 9/10: entering train loop
T8 Ep 9/10 | L 0.4438 | Train Acc 0.91 | Prec 0.91 | F1 0.73 | Det Rec 0.81 | Det FA 0.36 | Epoch Time 44.78s (Eval 0.00s, Train 44.78s)
[STATE 2026-03-27 16:48:57] T8 Ep 9/10 complete: Prec 0.9060 F1 0.7335 DetRec 0.8073 DetFA 0.3586 | 44.78s total (0.00s eval/44.78s train)
[STATE 2026-03-27 16:48:57] Task 8 Epoch 10/10: entering train loop
T8 Ep 10/10 | L 0.4298 | Train Acc 0.91 | Prec 0.91 | F1 0.74 | Det Rec 0.81 | Det FA 0.36 | Epoch Time 45.07s (Eval 0.00s, Train 45.07s)
[STATE 2026-03-27 16:49:42] T8 Ep 10/10 complete: Prec 0.9088 F1 0.7354 DetRec 0.8081 DetFA 0.3556 | 45.07s total (0.00s eval/45.07s train)
[STATE 2026-03-27 16:49:42] Task 8: running final validation.
[STATE 2026-03-27 16:51:58] Completed task 8 (9/10)
Task 9: 17340 training samples, 6800 test samples.
[STATE 2026-03-27 16:51:58] Starting task 9 (10/10)
[STATE 2026-03-27 16:51:58] Task 9 Epoch 1/10: entering train loop
[STATE 2026-03-27 16:52:19] Task 9 Epoch 1/10: running validation (end of epoch)
---- Eval at Epoch 0: cls [0.14986346342259846, 0.09005174922897728, 0.23869037866788975, 0.43855352505297046, 0.3767831747079482, 0.29065305013235765, 0.4627824335131252, 0.37327845825909084, 0.7939516120087499, 0.5005084787440196] | det_recall [0.5057865429041923, 0.7253137301418533, 0.4945539258202744, 0.9658041067718527, 0.9989111891485591, 0.5162777551209002, 1.0, 0.5229118778183607, 0.7860486501746498, 1.0] | det_fa [0.5281696360641343, 0.06924973500086441, 0.9716447542818241, 0.0, 0.0, 0.9360677013251135, 0.0, 0.9370007307074586, 0.39027379437674287, 0.0] ----
T9 Ep 1/10 | L 0.8912 | Train Acc 0.46 | Prec 0.46 | F1 0.53 | Det Rec 0.99 | Det FA 0.03 | Epoch Time 159.57s (Eval 138.39s, Train 21.18s)
[STATE 2026-03-27 16:54:37] T9 Ep 1/10 complete: Prec 0.4585 F1 0.5280 DetRec 0.9872 DetFA 0.0256 | 159.57s total (138.39s eval/21.18s train)
[STATE 2026-03-27 16:54:37] Task 9 Epoch 2/10: entering train loop
T9 Ep 2/10 | L 0.7014 | Train Acc 0.57 | Prec 0.57 | F1 0.63 | Det Rec 1.00 | Det FA 0.00 | Epoch Time 21.30s (Eval 0.00s, Train 21.30s)
[STATE 2026-03-27 16:54:59] T9 Ep 2/10 complete: Prec 0.5703 F1 0.6335 DetRec 1.0000 DetFA 0.0000 | 21.30s total (0.00s eval/21.30s train)
[STATE 2026-03-27 16:54:59] Task 9 Epoch 3/10: entering train loop
T9 Ep 3/10 | L 0.6526 | Train Acc 0.61 | Prec 0.61 | F1 0.67 | Det Rec 1.00 | Det FA 0.00 | Epoch Time 21.27s (Eval 0.00s, Train 21.27s)
[STATE 2026-03-27 16:55:20] T9 Ep 3/10 complete: Prec 0.6144 F1 0.6674 DetRec 1.0000 DetFA 0.0000 | 21.27s total (0.00s eval/21.27s train)
[STATE 2026-03-27 16:55:20] Task 9 Epoch 4/10: entering train loop
T9 Ep 4/10 | L 0.6205 | Train Acc 0.63 | Prec 0.63 | F1 0.68 | Det Rec 1.00 | Det FA 0.00 | Epoch Time 21.27s (Eval 0.00s, Train 21.27s)
[STATE 2026-03-27 16:55:41] T9 Ep 4/10 complete: Prec 0.6308 F1 0.6785 DetRec 1.0000 DetFA 0.0000 | 21.27s total (0.00s eval/21.27s train)
[STATE 2026-03-27 16:55:41] Task 9 Epoch 5/10: entering train loop
T9 Ep 5/10 | L 0.5998 | Train Acc 0.64 | Prec 0.64 | F1 0.69 | Det Rec 1.00 | Det FA 0.00 | Epoch Time 21.25s (Eval 0.00s, Train 21.25s)
[STATE 2026-03-27 16:56:02] T9 Ep 5/10 complete: Prec 0.6440 F1 0.6908 DetRec 1.0000 DetFA 0.0000 | 21.25s total (0.00s eval/21.25s train)
[STATE 2026-03-27 16:56:02] Task 9 Epoch 6/10: entering train loop
T9 Ep 6/10 | L 0.5800 | Train Acc 0.66 | Prec 0.66 | F1 0.70 | Det Rec 1.00 | Det FA 0.00 | Epoch Time 21.27s (Eval 0.00s, Train 21.27s)
[STATE 2026-03-27 16:56:24] T9 Ep 6/10 complete: Prec 0.6595 F1 0.7006 DetRec 1.0000 DetFA 0.0000 | 21.27s total (0.00s eval/21.27s train)
[STATE 2026-03-27 16:56:24] Task 9 Epoch 7/10: entering train loop
T9 Ep 7/10 | L 0.5692 | Train Acc 0.66 | Prec 0.66 | F1 0.70 | Det Rec 1.00 | Det FA 0.00 | Epoch Time 21.26s (Eval 0.00s, Train 21.26s)
[STATE 2026-03-27 16:56:45] T9 Ep 7/10 complete: Prec 0.6642 F1 0.7024 DetRec 1.0000 DetFA 0.0000 | 21.26s total (0.00s eval/21.26s train)
[STATE 2026-03-27 16:56:45] Task 9 Epoch 8/10: entering train loop
T9 Ep 8/10 | L 0.5688 | Train Acc 0.67 | Prec 0.67 | F1 0.71 | Det Rec 1.00 | Det FA 0.00 | Epoch Time 21.25s (Eval 0.00s, Train 21.25s)
[STATE 2026-03-27 16:57:06] T9 Ep 8/10 complete: Prec 0.6707 F1 0.7123 DetRec 1.0000 DetFA 0.0000 | 21.25s total (0.00s eval/21.25s train)
[STATE 2026-03-27 16:57:06] Task 9 Epoch 9/10: entering train loop
T9 Ep 9/10 | L 0.5573 | Train Acc 0.67 | Prec 0.67 | F1 0.71 | Det Rec 1.00 | Det FA 0.00 | Epoch Time 21.25s (Eval 0.00s, Train 21.25s)
[STATE 2026-03-27 16:57:27] T9 Ep 9/10 complete: Prec 0.6742 F1 0.7146 DetRec 1.0000 DetFA 0.0000 | 21.25s total (0.00s eval/21.25s train)
[STATE 2026-03-27 16:57:27] Task 9 Epoch 10/10: entering train loop
T9 Ep 10/10 | L 0.5479 | Train Acc 0.68 | Prec 0.69 | F1 0.72 | Det Rec 1.00 | Det FA 0.00 | Epoch Time 21.25s (Eval 0.00s, Train 21.25s)
[STATE 2026-03-27 16:57:49] T9 Ep 10/10 complete: Prec 0.6860 F1 0.7217 DetRec 1.0000 DetFA 0.0000 | 21.25s total (0.00s eval/21.25s train)
[STATE 2026-03-27 16:57:49] Task 9: running final validation.
[STATE 2026-03-27 17:00:07] Completed task 9 (10/10)
####Final Validation Accuracy####
Final Results:- 
 Total Recall: 0.3854869765954803 
 Individual Recall: [0.13232479556849344, 0.10826428877080234, 0.239087184840033, 0.4241534439250563, 0.3797580743640212, 0.34039491606695843, 0.4995108033502191, 0.46280887720623015, 0.6577422360485704, 0.6108251458144187]
Final Detection Results:- 
 Total Detection: 0.7674782167908442 
 Individual Detection: [0.6032585157081192, 0.7213909282935432, 0.49850617509618556, 0.9443368867318993, 0.9987929264333333, 0.533398851310612, 1.0, 0.5804620159091681, 0.7946358684255803, 1.0]
Final Detection False Alarm:- 
 Total False Alarm: 0.330360892233578 
 Individual False Alarm: [0.30401044041001885, 0.06420443173341472, 0.9397319364044382, 0.0, 0.0, 0.8968988469082629, 0.0, 0.8245459102142361, 0.274217356665409, 0.0]
SUMMARY_TR cls_rec=0.6823 cls_prec=0.6860 cls_f1=0.7217 det=0.7516 fa=0.3832
SUMMARY_TE cls_rec=0.3855 cls_prec=0.4225 cls_f1=0.3904 det=0.7675 fa=0.3304
[STATE 2026-03-27 17:00:07] Saving results to logs//si/full-tasks_all-10epochs_weighted-loss-2026-03-27_13-13-30-9755/0/results
Model size: 0.0289 GB
Memory buffer size: 0.0000 GB
logs//si/full-tasks_all-10epochs_weighted-loss-2026-03-27_13-13-30-9755/0/results: {'expt_name': 'full-tasks_all-10epochs_weighted-loss', 'model': 'si', 'arch': 'resnet1d', 'n_hiddens': 100, 'n_layers': 2, 'xav_init': False, 'debug': False, 'use_detector_arch': False, 'glances': 1, 'n_epochs': 10, 'batch_size': 256, 'replay_batch_size': 128, 'memories': 5120, 'lr': 0.003, 'optimizer': 'sgd', 'class_weighted_ce': True, 'cuda': True, 'seed': 0, 'log_every': 10, 'log_dir': 'logs//si/full-tasks_all-10epochs_weighted-loss-2026-03-27_13-13-30-9755/0', 'tf_dir': 'logs//si/full-tasks_all-10epochs_weighted-loss-2026-03-27_13-13-30-9755/0/tfdir', 'calc_test_accuracy': False, 'state_logging': True, 'data_path': 'data/rff/radar/full', 'task_order_files': 't2-rcn,t0-rcn,t2-uclresm-25noise,t0-deeprad,t1-deeprad,t1-uclresm-25noise,t3-deeprad,t0-uclresm-25noise,t1-rcn,t2-deeprad', 'loader': 'task_incremental_loader', 'samples_per_task': -1, 'shuffle_tasks': False, 'classes_per_it': 6, 'iterations': 5000, 'dataset': 'iq', 'workers': 0, 'validation': 0.5, 'data_scaling': 'normalize', 'use_iq_aug_features': False, 'iq_aug_feature_type': 'power', 'class_order': 'random', 'increment': 5, 'test_batch_size': 512, 'nc_per_task': None, 'nc_per_task_list': '', 'val_rate': 1000, 'opt_lr': 0.1, 'opt_wt': 0.1, 'alpha_init': 0.001, 'learn_lr': False, 'sync_update': False, 'grad_clip_norm': 5.0, 'meta_batches': 3, 'use_old_task_memory': False, 'second_order': False, 'n_memories': 5120, 'memory_strength': 0, 'steps_per_sample': 1, 'bgd_optimizer': 'sgd', 'optimizer_params': '{}', 'train_mc_iters': 5, 'std_init': 0.05, 'mean_eta': 1, 'fisher_gamma': 0.95, 'rln': 7, 'update_steps': 10, 'meta_lr': 0.001, 'update_lr': 0.1, 'ctx_lr': 0.05, 'n_meta': 2, 'inner_steps': 1, 'temperature': 5.0, 'task_emb': 64, 'classes_per_task': [6, 7, 6, 7, 7, 6, 6, 6, 7, 6], 'get_samples_per_task': <bound method IncrementalLoader.get_samples_per_task of <dataloaders.task_incremental_loader.IncrementalLoader object at 0x70092ca98d10>>} # val: 0.783 0.385 -0.398 0.000 # sizes: model_gb=0.0289 mem_gb=0.0000 # 13534.40063071251
[STATE 2026-03-27 17:00:07] results.pt components (approx): state_dict 88.8 MB, result_val_t 0.1 KB, result_val_a 0.8 KB
[STATE 2026-03-27 17:00:07] Results saved; total runtime 3.76h
Total runtime: 3.76 hours
