[STATE 2026-03-26 04:50:52] Enabling terminal logging to logs//bcl_dual/full-tasks_all-10epochs_weighted-loss-2026-03-26_04-50-52-2999/0/terminal.log
New Experiment Starting...
Running model:  bcl_dual
[STATE 2026-03-26 04:50:52] Experiment 'full-tasks_all-10epochs_weighted-loss' starting with model 'bcl_dual' (seed 0)
Set seed 0
t2-rcn.npz train: x=(50362, 1024), y=(50362, 2)
t2-rcn.npz test: x=(16787, 1024), y=(16787, 2)
t2-rcn.npz: applied data scaling mode 'normalize'.
Loaded t2-rcn.npz: Unique train labels: UniqueCountsResult(values=array([-1,  3,  5, 10, 12, 15]), counts=array([24209,  5770,  3030,  2320,  7509,  7524]))
Noise labels ratio in t2-rcn.npz train: 0.24, test: 0.24
Loaded t2-rcn.npz: Remapped labels: [0 1 2 3 4 5]. Size: 50362)
t0-rcn.npz train: x=(51916, 1024), y=(51916, 2)
t0-rcn.npz test: x=(17305, 1024), y=(17305, 2)
t0-rcn.npz: applied data scaling mode 'normalize'.
Loaded t0-rcn.npz: Unique train labels: UniqueCountsResult(values=array([-1,  1,  8,  9, 11, 13, 14]), counts=array([24225,  4268,  2495,  2943,  3015,  7464,  7506]))
Noise labels ratio in t0-rcn.npz train: 0.23, test: 0.23
Loaded t0-rcn.npz: Remapped labels: [ 6  7  8  9 10 11 12]. Size: 51916)
t2-uclresm-25noise.npz train: moved sample axis (3, 350028, 1024) -> (350028, 3, 1024)
t2-uclresm-25noise.npz test: moved sample axis (3, 233351, 1024) -> (233351, 3, 1024)
t2-uclresm-25noise.npz train: x=(350028, 3, 1024), y=(350028,)
t2-uclresm-25noise.npz test: x=(233351, 3, 1024), y=(233351,)
t2-uclresm-25noise.npz: applied data scaling mode 'normalize'.
Loaded t2-uclresm-25noise.npz: Unique train labels: UniqueCountsResult(values=array([-1,  0,  1,  2,  3,  4]), counts=array([87441, 27347, 71754, 64298, 36005, 63183]))
Noise labels ratio in t2-uclresm-25noise.npz train: 0.25, test: 0.25
Loaded t2-uclresm-25noise.npz: Remapped labels: [13 14 15 16 17 18]. Size: 350028)
t0-deeprad.npz train: x=(24480, 1024), y=(24480, 2)
t0-deeprad.npz test: x=(8160, 1024), y=(8160, 2)
t0-deeprad.npz: applied data scaling mode 'normalize'.
Loaded t0-deeprad.npz: Unique train labels: UniqueCountsResult(values=array([-1,  0,  1,  2,  3,  4,  5]), counts=array([12240,  2029,  1983,  2043,  2154,  2015,  2016]))
Noise labels ratio in t0-deeprad.npz train: 0.25, test: 0.25
Loaded t0-deeprad.npz: Remapped labels: [19 20 21 22 23 24 25]. Size: 24480)
t1-deeprad.npz train: x=(24480, 1024), y=(24480, 2)
t1-deeprad.npz test: x=(8160, 1024), y=(8160, 2)
t1-deeprad.npz: applied data scaling mode 'normalize'.
Loaded t1-deeprad.npz: Unique train labels: UniqueCountsResult(values=array([-1,  0,  1,  2,  3,  4,  5]), counts=array([12240,  1988,  2029,  2054,  1988,  2053,  2128]))
Noise labels ratio in t1-deeprad.npz train: 0.25, test: 0.25
Loaded t1-deeprad.npz: Remapped labels: [26 27 28 29 30 31 32]. Size: 24480)
t1-uclresm-25noise.npz train: moved sample axis (3, 201410, 1024) -> (201410, 3, 1024)
t1-uclresm-25noise.npz test: moved sample axis (3, 116291, 1024) -> (116291, 3, 1024)
t1-uclresm-25noise.npz train: x=(201410, 3, 1024), y=(201410,)
t1-uclresm-25noise.npz test: x=(116291, 3, 1024), y=(116291,)
t1-uclresm-25noise.npz: applied data scaling mode 'normalize'.
Loaded t1-uclresm-25noise.npz: Unique train labels: UniqueCountsResult(values=array([-1,  0,  1,  2,  3,  4]), counts=array([43668, 18021, 17838, 18087, 31870, 71926]))
Noise labels ratio in t1-uclresm-25noise.npz train: 0.22, test: 0.25
Loaded t1-uclresm-25noise.npz: Remapped labels: [33 34 35 36 37 38]. Size: 201410)
t3-deeprad.npz train: x=(17340, 1024), y=(17340, 2)
t3-deeprad.npz test: x=(6800, 1024), y=(6800, 2)
t3-deeprad.npz: applied data scaling mode 'normalize'.
Loaded t3-deeprad.npz: Unique train labels: UniqueCountsResult(values=array([-1,  0,  1,  2,  3,  4]), counts=array([8670, 1693, 1677, 1794, 1716, 1790]))
Noise labels ratio in t3-deeprad.npz train: 0.25, test: 0.25
Loaded t3-deeprad.npz: Remapped labels: [39 40 41 42 43 44]. Size: 17340)
t0-uclresm-25noise.npz train: moved sample axis (3, 188050, 1024) -> (188050, 3, 1024)
t0-uclresm-25noise.npz test: moved sample axis (3, 107348, 1024) -> (107348, 3, 1024)
t0-uclresm-25noise.npz train: x=(188050, 3, 1024), y=(188050,)
t0-uclresm-25noise.npz test: x=(107348, 3, 1024), y=(107348,)
t0-uclresm-25noise.npz: applied data scaling mode 'normalize'.
Loaded t0-uclresm-25noise.npz: Unique train labels: UniqueCountsResult(values=array([-1,  0,  1,  2,  3,  4]), counts=array([40144, 32109, 17978, 17979, 18098, 61742]))
Noise labels ratio in t0-uclresm-25noise.npz train: 0.21, test: 0.25
Loaded t0-uclresm-25noise.npz: Remapped labels: [45 46 47 48 49 50]. Size: 188050)
t1-rcn.npz train: x=(36658, 1024), y=(36658, 2)
t1-rcn.npz test: x=(12220, 1024), y=(12220, 2)
t1-rcn.npz: applied data scaling mode 'normalize'.
Loaded t1-rcn.npz: Unique train labels: UniqueCountsResult(values=array([-1,  0,  2,  4,  6,  7, 16]), counts=array([20595,   824,  2087,  2606,  2396,  1716,  6434]))
Noise labels ratio in t1-rcn.npz train: 0.28, test: 0.28
Loaded t1-rcn.npz: Remapped labels: [51 52 53 54 55 56 57]. Size: 36658)
t2-deeprad.npz train: x=(17340, 1024), y=(17340, 2)
t2-deeprad.npz test: x=(6800, 1024), y=(6800, 2)
t2-deeprad.npz: applied data scaling mode 'normalize'.
Loaded t2-deeprad.npz: Unique train labels: UniqueCountsResult(values=array([-1,  0,  1,  2,  3,  4]), counts=array([8670, 1774, 1675, 1777, 1694, 1750]))
Noise labels ratio in t2-deeprad.npz train: 0.25, test: 0.25
Loaded t2-deeprad.npz: Remapped labels: [58 59 60 61 62 63]. Size: 17340)
Built classes_per_task: [6, 7, 6, 7, 7, 6, 6, 6, 7, 6]
Classes per task: [6, 7, 6, 7, 7, 6, 6, 6, 7, 6]
[STATE 2026-03-26 04:51:54] Loader 'task_incremental_loader' ready: 1024 inputs, 64 outputs, 10 tasks
n_outputs: 64 	n_tasks: 10
[STATE 2026-03-26 04:51:54] Logging to logs//bcl_dual/full-tasks_all-10epochs_weighted-loss-2026-03-26_04-50-52-2999/0
True
Model device: cuda:0
[STATE 2026-03-26 04:51:54] Model initialized on device cuda:0
[STATE 2026-03-26 04:51:54] Invoking continual life experience flow
[STATE 2026-03-26 04:51:54] Life experience start: 10 tasks queued
Task 0: 50362 training samples, 16787 test samples.
[STATE 2026-03-26 04:51:54] Starting task 0 (1/10)
[STATE 2026-03-26 04:51:54] Task 0 Epoch 1/10: entering train loop
[STATE 2026-03-26 04:55:27] Task 0 Epoch 1/10: running validation (end of epoch)
---- Eval at Epoch 0: cls [0.8637695979938596] | det_recall [0.8816019500400711] | det_fa [0.2095431715868289] ----
T0 Ep 1/10 | L 0.2947 | Train Acc 0.74 | Prec 0.75 | F1 0.69 | Det Rec 0.85 | Det FA 0.25 | Epoch Time 218.80s (Eval 6.29s, Train 212.51s)
[STATE 2026-03-26 04:55:33] T0 Ep 1/10 complete: Prec 0.7499 F1 0.6925 DetRec 0.8466 DetFA 0.2466 | 218.80s total (6.29s eval/212.51s train)
[STATE 2026-03-26 04:55:33] Task 0 Epoch 2/10: entering train loop
T0 Ep 2/10 | L 0.0575 | Train Acc 0.89 | Prec 0.90 | F1 0.84 | Det Rec 0.89 | Det FA 0.20 | Epoch Time 235.95s (Eval 0.00s, Train 235.95s)
[STATE 2026-03-26 04:59:29] T0 Ep 2/10 complete: Prec 0.9047 F1 0.8361 DetRec 0.8866 DetFA 0.2014 | 235.95s total (0.00s eval/235.95s train)
[STATE 2026-03-26 04:59:29] Task 0 Epoch 3/10: entering train loop
T0 Ep 3/10 | L 0.0292 | Train Acc 0.91 | Prec 0.92 | F1 0.85 | Det Rec 0.89 | Det FA 0.20 | Epoch Time 235.62s (Eval 0.00s, Train 235.62s)
[STATE 2026-03-26 05:03:25] T0 Ep 3/10 complete: Prec 0.9216 F1 0.8524 DetRec 0.8884 DetFA 0.2005 | 235.62s total (0.00s eval/235.62s train)
[STATE 2026-03-26 05:03:25] Task 0 Epoch 4/10: entering train loop
T0 Ep 4/10 | L 0.0198 | Train Acc 0.92 | Prec 0.93 | F1 0.86 | Det Rec 0.89 | Det FA 0.20 | Epoch Time 239.95s (Eval 0.00s, Train 239.95s)
[STATE 2026-03-26 05:07:24] T0 Ep 4/10 complete: Prec 0.9307 F1 0.8621 DetRec 0.8918 DetFA 0.1970 | 239.95s total (0.00s eval/239.95s train)
[STATE 2026-03-26 05:07:24] Task 0 Epoch 5/10: entering train loop
T0 Ep 5/10 | L 0.0151 | Train Acc 0.93 | Prec 0.94 | F1 0.87 | Det Rec 0.89 | Det FA 0.20 | Epoch Time 240.24s (Eval 0.00s, Train 240.24s)
[STATE 2026-03-26 05:11:25] T0 Ep 5/10 complete: Prec 0.9386 F1 0.8684 DetRec 0.8919 DetFA 0.1960 | 240.24s total (0.00s eval/240.24s train)
[STATE 2026-03-26 05:11:25] Task 0 Epoch 6/10: entering train loop
T0 Ep 6/10 | L 0.0118 | Train Acc 0.93 | Prec 0.94 | F1 0.87 | Det Rec 0.89 | Det FA 0.20 | Epoch Time 241.04s (Eval 0.00s, Train 241.04s)
[STATE 2026-03-26 05:15:26] T0 Ep 6/10 complete: Prec 0.9439 F1 0.8737 DetRec 0.8923 DetFA 0.1965 | 241.04s total (0.00s eval/241.04s train)
[STATE 2026-03-26 05:15:26] Task 0 Epoch 7/10: entering train loop
T0 Ep 7/10 | L 0.0102 | Train Acc 0.94 | Prec 0.95 | F1 0.88 | Det Rec 0.89 | Det FA 0.19 | Epoch Time 239.08s (Eval 0.00s, Train 239.08s)
[STATE 2026-03-26 05:19:25] T0 Ep 7/10 complete: Prec 0.9481 F1 0.8779 DetRec 0.8943 DetFA 0.1926 | 239.08s total (0.00s eval/239.08s train)
[STATE 2026-03-26 05:19:25] Task 0 Epoch 8/10: entering train loop
T0 Ep 8/10 | L 0.0087 | Train Acc 0.94 | Prec 0.95 | F1 0.88 | Det Rec 0.89 | Det FA 0.19 | Epoch Time 238.02s (Eval 0.00s, Train 238.02s)
[STATE 2026-03-26 05:23:23] T0 Ep 8/10 complete: Prec 0.9540 F1 0.8832 DetRec 0.8949 DetFA 0.1934 | 238.02s total (0.00s eval/238.02s train)
[STATE 2026-03-26 05:23:23] Task 0 Epoch 9/10: entering train loop
T0 Ep 9/10 | L 0.0078 | Train Acc 0.95 | Prec 0.96 | F1 0.89 | Det Rec 0.90 | Det FA 0.19 | Epoch Time 239.24s (Eval 0.00s, Train 239.24s)
[STATE 2026-03-26 05:27:22] T0 Ep 9/10 complete: Prec 0.9581 F1 0.8883 DetRec 0.8968 DetFA 0.1904 | 239.24s total (0.00s eval/239.24s train)
[STATE 2026-03-26 05:27:22] Task 0 Epoch 10/10: entering train loop
T0 Ep 10/10 | L 0.0068 | Train Acc 0.96 | Prec 0.96 | F1 0.89 | Det Rec 0.90 | Det FA 0.19 | Epoch Time 230.59s (Eval 0.00s, Train 230.59s)
[STATE 2026-03-26 05:31:13] T0 Ep 10/10 complete: Prec 0.9634 F1 0.8932 DetRec 0.8989 DetFA 0.1871 | 230.59s total (0.00s eval/230.59s train)
[STATE 2026-03-26 05:31:13] Task 0: running final validation.
[STATE 2026-03-26 05:31:19] Completed task 0 (1/10)
Task 1: 51916 training samples, 17305 test samples.
[STATE 2026-03-26 05:31:19] Starting task 1 (2/10)
[STATE 2026-03-26 05:31:19] Task 1 Epoch 1/10: entering train loop
[STATE 2026-03-26 05:37:47] Task 1 Epoch 1/10: running validation (end of epoch)
---- Eval at Epoch 0: cls [0.8369761942404639, 0.8264320928286678] | det_recall [0.8872609949784972, 0.879361503031447] | det_fa [0.14501211875810371, 0.19146747437389744] ----
T1 Ep 1/10 | L 0.1579 | Train Acc 0.76 | Prec 0.81 | F1 0.69 | Det Rec 0.80 | Det FA 0.34 | Epoch Time 400.46s (Eval 12.81s, Train 387.65s)
[STATE 2026-03-26 05:38:00] T1 Ep 1/10 complete: Prec 0.8061 F1 0.6899 DetRec 0.8011 DetFA 0.3448 | 400.46s total (12.81s eval/387.65s train)
[STATE 2026-03-26 05:38:00] Task 1 Epoch 2/10: entering train loop
T1 Ep 2/10 | L 0.0502 | Train Acc 0.87 | Prec 0.90 | F1 0.82 | Det Rec 0.89 | Det FA 0.18 | Epoch Time 387.33s (Eval 0.00s, Train 387.33s)
[STATE 2026-03-26 05:44:27] T1 Ep 2/10 complete: Prec 0.8984 F1 0.8248 DetRec 0.8867 DetFA 0.1836 | 387.33s total (0.00s eval/387.33s train)
[STATE 2026-03-26 05:44:27] Task 1 Epoch 3/10: entering train loop
T1 Ep 3/10 | L 0.0261 | Train Acc 0.89 | Prec 0.92 | F1 0.85 | Det Rec 0.90 | Det FA 0.16 | Epoch Time 388.92s (Eval 0.00s, Train 388.92s)
[STATE 2026-03-26 05:50:56] T1 Ep 3/10 complete: Prec 0.9174 F1 0.8518 DetRec 0.8999 DetFA 0.1637 | 388.92s total (0.00s eval/388.92s train)
[STATE 2026-03-26 05:50:56] Task 1 Epoch 4/10: entering train loop
T1 Ep 4/10 | L 0.0186 | Train Acc 0.90 | Prec 0.93 | F1 0.87 | Det Rec 0.91 | Det FA 0.15 | Epoch Time 389.37s (Eval 0.00s, Train 389.37s)
[STATE 2026-03-26 05:57:25] T1 Ep 4/10 complete: Prec 0.9266 F1 0.8658 DetRec 0.9071 DetFA 0.1541 | 389.37s total (0.00s eval/389.37s train)
[STATE 2026-03-26 05:57:25] Task 1 Epoch 5/10: entering train loop
T1 Ep 5/10 | L 0.0140 | Train Acc 0.91 | Prec 0.94 | F1 0.88 | Det Rec 0.91 | Det FA 0.15 | Epoch Time 388.77s (Eval 0.00s, Train 388.77s)
[STATE 2026-03-26 06:03:54] T1 Ep 5/10 complete: Prec 0.9352 F1 0.8758 DetRec 0.9116 DetFA 0.1479 | 388.77s total (0.00s eval/388.77s train)
[STATE 2026-03-26 06:03:54] Task 1 Epoch 6/10: entering train loop
T1 Ep 6/10 | L 0.0109 | Train Acc 0.92 | Prec 0.94 | F1 0.88 | Det Rec 0.92 | Det FA 0.14 | Epoch Time 390.17s (Eval 0.00s, Train 390.17s)
[STATE 2026-03-26 06:10:24] T1 Ep 6/10 complete: Prec 0.9408 F1 0.8842 DetRec 0.9162 DetFA 0.1410 | 390.17s total (0.00s eval/390.17s train)
[STATE 2026-03-26 06:10:24] Task 1 Epoch 7/10: entering train loop
T1 Ep 7/10 | L 0.0094 | Train Acc 0.93 | Prec 0.95 | F1 0.89 | Det Rec 0.92 | Det FA 0.14 | Epoch Time 388.60s (Eval 0.00s, Train 388.60s)
[STATE 2026-03-26 06:16:53] T1 Ep 7/10 complete: Prec 0.9456 F1 0.8897 DetRec 0.9174 DetFA 0.1408 | 388.60s total (0.00s eval/388.60s train)
[STATE 2026-03-26 06:16:53] Task 1 Epoch 8/10: entering train loop
T1 Ep 8/10 | L 0.0083 | Train Acc 0.93 | Prec 0.95 | F1 0.90 | Det Rec 0.92 | Det FA 0.13 | Epoch Time 387.16s (Eval 0.00s, Train 387.16s)
[STATE 2026-03-26 06:23:20] T1 Ep 8/10 complete: Prec 0.9492 F1 0.8964 DetRec 0.9217 DetFA 0.1321 | 387.16s total (0.00s eval/387.16s train)
[STATE 2026-03-26 06:23:20] Task 1 Epoch 9/10: entering train loop
T1 Ep 9/10 | L 0.0071 | Train Acc 0.94 | Prec 0.96 | F1 0.90 | Det Rec 0.92 | Det FA 0.13 | Epoch Time 390.07s (Eval 0.00s, Train 390.07s)
[STATE 2026-03-26 06:29:50] T1 Ep 9/10 complete: Prec 0.9556 F1 0.9007 DetRec 0.9214 DetFA 0.1328 | 390.07s total (0.00s eval/390.07s train)
[STATE 2026-03-26 06:29:50] Task 1 Epoch 10/10: entering train loop
T1 Ep 10/10 | L 0.0061 | Train Acc 0.95 | Prec 0.96 | F1 0.91 | Det Rec 0.93 | Det FA 0.13 | Epoch Time 389.48s (Eval 0.00s, Train 389.48s)
[STATE 2026-03-26 06:36:19] T1 Ep 10/10 complete: Prec 0.9600 F1 0.9085 DetRec 0.9252 DetFA 0.1277 | 389.48s total (0.00s eval/389.48s train)
[STATE 2026-03-26 06:36:19] Task 1: running final validation.
[STATE 2026-03-26 06:36:32] Completed task 1 (2/10)
Task 2: 350028 training samples, 175014 test samples.
[STATE 2026-03-26 06:36:33] Starting task 2 (3/10)
[STATE 2026-03-26 06:36:33] Task 2 Epoch 1/10: entering train loop
[STATE 2026-03-26 07:20:10] Task 2 Epoch 1/10: running validation (end of epoch)
---- Eval at Epoch 0: cls [0.8066281374931022, 0.7838364628164216, 0.6910805418675637] | det_recall [0.8809237171432344, 0.8875382302534469, 0.840756012825278] | det_fa [0.14126291794059972, 0.12364649218609614, 0.2610568454616843] ----
T2 Ep 1/10 | L 0.1060 | Train Acc 0.62 | Prec 0.64 | F1 0.61 | Det Rec 0.82 | Det FA 0.31 | Epoch Time 2694.99s (Eval 78.01s, Train 2616.98s)
[STATE 2026-03-26 07:21:28] T2 Ep 1/10 complete: Prec 0.6417 F1 0.6137 DetRec 0.8184 DetFA 0.3081 | 2694.99s total (78.01s eval/2616.98s train)
[STATE 2026-03-26 07:21:28] Task 2 Epoch 2/10: entering train loop
T2 Ep 2/10 | L 0.0265 | Train Acc 0.73 | Prec 0.75 | F1 0.72 | Det Rec 0.85 | Det FA 0.25 | Epoch Time 2614.15s (Eval 0.00s, Train 2614.15s)
[STATE 2026-03-26 08:05:02] T2 Ep 2/10 complete: Prec 0.7537 F1 0.7154 DetRec 0.8507 DetFA 0.2451 | 2614.15s total (0.00s eval/2614.15s train)
[STATE 2026-03-26 08:05:02] Task 2 Epoch 3/10: entering train loop
T2 Ep 3/10 | L 0.0150 | Train Acc 0.75 | Prec 0.77 | F1 0.74 | Det Rec 0.86 | Det FA 0.23 | Epoch Time 2611.09s (Eval 0.00s, Train 2611.09s)
[STATE 2026-03-26 08:48:33] T2 Ep 3/10 complete: Prec 0.7722 F1 0.7363 DetRec 0.8614 DetFA 0.2270 | 2611.09s total (0.00s eval/2611.09s train)
[STATE 2026-03-26 08:48:33] Task 2 Epoch 4/10: entering train loop
T2 Ep 4/10 | L 0.0107 | Train Acc 0.77 | Prec 0.78 | F1 0.75 | Det Rec 0.87 | Det FA 0.22 | Epoch Time 2604.77s (Eval 0.00s, Train 2604.77s)
[STATE 2026-03-26 09:31:58] T2 Ep 4/10 complete: Prec 0.7841 F1 0.7494 DetRec 0.8672 DetFA 0.2176 | 2604.77s total (0.00s eval/2604.77s train)
[STATE 2026-03-26 09:31:58] Task 2 Epoch 5/10: entering train loop
T2 Ep 5/10 | L 0.0087 | Train Acc 0.78 | Prec 0.79 | F1 0.76 | Det Rec 0.87 | Det FA 0.21 | Epoch Time 2606.50s (Eval 0.00s, Train 2606.50s)
[STATE 2026-03-26 10:15:24] T2 Ep 5/10 complete: Prec 0.7932 F1 0.7601 DetRec 0.8722 DetFA 0.2092 | 2606.50s total (0.00s eval/2606.50s train)
[STATE 2026-03-26 10:15:24] Task 2 Epoch 6/10: entering train loop
T2 Ep 6/10 | L 0.0073 | Train Acc 0.79 | Prec 0.80 | F1 0.77 | Det Rec 0.88 | Det FA 0.20 | Epoch Time 2648.83s (Eval 0.00s, Train 2648.83s)
[STATE 2026-03-26 10:59:33] T2 Ep 6/10 complete: Prec 0.8006 F1 0.7682 DetRec 0.8757 DetFA 0.2031 | 2648.83s total (0.00s eval/2648.83s train)
[STATE 2026-03-26 10:59:33] Task 2 Epoch 7/10: entering train loop
T2 Ep 7/10 | L 0.0064 | Train Acc 0.79 | Prec 0.81 | F1 0.78 | Det Rec 0.88 | Det FA 0.20 | Epoch Time 2624.41s (Eval 0.00s, Train 2624.41s)
[STATE 2026-03-26 11:43:18] T2 Ep 7/10 complete: Prec 0.8073 F1 0.7753 DetRec 0.8784 DetFA 0.1988 | 2624.41s total (0.00s eval/2624.41s train)
[STATE 2026-03-26 11:43:18] Task 2 Epoch 8/10: entering train loop
T2 Ep 8/10 | L 0.0054 | Train Acc 0.80 | Prec 0.81 | F1 0.78 | Det Rec 0.88 | Det FA 0.20 | Epoch Time 2643.75s (Eval 0.00s, Train 2643.75s)
[STATE 2026-03-26 12:27:21] T2 Ep 8/10 complete: Prec 0.8137 F1 0.7820 DetRec 0.8809 DetFA 0.1951 | 2643.75s total (0.00s eval/2643.75s train)
[STATE 2026-03-26 12:27:21] Task 2 Epoch 9/10: entering train loop
T2 Ep 9/10 | L 0.0047 | Train Acc 0.81 | Prec 0.82 | F1 0.79 | Det Rec 0.88 | Det FA 0.19 | Epoch Time 2645.94s (Eval 0.00s, Train 2645.94s)
[STATE 2026-03-26 13:11:27] T2 Ep 9/10 complete: Prec 0.8195 F1 0.7880 DetRec 0.8828 DetFA 0.1921 | 2645.94s total (0.00s eval/2645.94s train)
[STATE 2026-03-26 13:11:27] Task 2 Epoch 10/10: entering train loop
T2 Ep 10/10 | L 0.0047 | Train Acc 0.81 | Prec 0.82 | F1 0.79 | Det Rec 0.89 | Det FA 0.19 | Epoch Time 2648.71s (Eval 0.00s, Train 2648.71s)
[STATE 2026-03-26 13:55:36] T2 Ep 10/10 complete: Prec 0.8235 F1 0.7932 DetRec 0.8852 DetFA 0.1887 | 2648.71s total (0.00s eval/2648.71s train)
[STATE 2026-03-26 13:55:36] Task 2: running final validation.
[STATE 2026-03-26 13:56:54] Completed task 2 (3/10)
Task 3: 24480 training samples, 8160 test samples.
[STATE 2026-03-26 13:56:54] Starting task 3 (4/10)
[STATE 2026-03-26 13:56:54] Task 3 Epoch 1/10: entering train loop
[STATE 2026-03-26 14:00:00] Task 3 Epoch 1/10: running validation (end of epoch)
---- Eval at Epoch 0: cls [0.8320400573962335, 0.7715884657060952, 0.7518027852262622, 0.5768302391338552] | det_recall [0.8783541181338973, 0.8762011634214824, 0.8643546107924307, 0.9979185458979746] | det_fa [0.1933792468143203, 0.15215441496103171, 0.22997419318238047, 0.0036716561579715127] ----
T3 Ep 1/10 | L 0.1074 | Train Acc 0.60 | Prec 0.61 | F1 0.65 | Det Rec 1.00 | Det FA 0.00 | Epoch Time 267.39s (Eval 81.42s, Train 185.97s)
[STATE 2026-03-26 14:01:22] T3 Ep 1/10 complete: Prec 0.6083 F1 0.6501 DetRec 0.9981 DetFA 0.0022 | 267.39s total (81.42s eval/185.97s train)
[STATE 2026-03-26 14:01:22] Task 3 Epoch 2/10: entering train loop
T3 Ep 2/10 | L 0.0783 | Train Acc 0.66 | Prec 0.67 | F1 0.70 | Det Rec 1.00 | Det FA 0.00 | Epoch Time 185.21s (Eval 0.00s, Train 185.21s)
[STATE 2026-03-26 14:04:27] T3 Ep 2/10 complete: Prec 0.6693 F1 0.7019 DetRec 0.9993 DetFA 0.0011 | 185.21s total (0.00s eval/185.21s train)
[STATE 2026-03-26 14:04:27] Task 3 Epoch 3/10: entering train loop
T3 Ep 3/10 | L 0.0463 | Train Acc 0.68 | Prec 0.69 | F1 0.72 | Det Rec 1.00 | Det FA 0.00 | Epoch Time 184.87s (Eval 0.00s, Train 184.87s)
[STATE 2026-03-26 14:07:32] T3 Ep 3/10 complete: Prec 0.6905 F1 0.7220 DetRec 0.9998 DetFA 0.0002 | 184.87s total (0.00s eval/184.87s train)
[STATE 2026-03-26 14:07:32] Task 3 Epoch 4/10: entering train loop
T3 Ep 4/10 | L 0.0322 | Train Acc 0.70 | Prec 0.71 | F1 0.74 | Det Rec 1.00 | Det FA 0.00 | Epoch Time 185.69s (Eval 0.00s, Train 185.69s)
[STATE 2026-03-26 14:10:37] T3 Ep 4/10 complete: Prec 0.7108 F1 0.7405 DetRec 0.9998 DetFA 0.0003 | 185.69s total (0.00s eval/185.69s train)
[STATE 2026-03-26 14:10:37] Task 3 Epoch 5/10: entering train loop
T3 Ep 5/10 | L 0.0267 | Train Acc 0.72 | Prec 0.73 | F1 0.76 | Det Rec 1.00 | Det FA 0.00 | Epoch Time 184.98s (Eval 0.00s, Train 184.98s)
[STATE 2026-03-26 14:13:42] T3 Ep 5/10 complete: Prec 0.7268 F1 0.7553 DetRec 0.9998 DetFA 0.0003 | 184.98s total (0.00s eval/184.98s train)
[STATE 2026-03-26 14:13:42] Task 3 Epoch 6/10: entering train loop
T3 Ep 6/10 | L 0.0185 | Train Acc 0.74 | Prec 0.75 | F1 0.77 | Det Rec 1.00 | Det FA 0.00 | Epoch Time 185.57s (Eval 0.00s, Train 185.57s)
[STATE 2026-03-26 14:16:48] T3 Ep 6/10 complete: Prec 0.7467 F1 0.7718 DetRec 0.9998 DetFA 0.0003 | 185.57s total (0.00s eval/185.57s train)
[STATE 2026-03-26 14:16:48] Task 3 Epoch 7/10: entering train loop
T3 Ep 7/10 | L 0.0158 | Train Acc 0.76 | Prec 0.76 | F1 0.79 | Det Rec 1.00 | Det FA 0.00 | Epoch Time 184.77s (Eval 0.00s, Train 184.77s)
[STATE 2026-03-26 14:19:53] T3 Ep 7/10 complete: Prec 0.7641 F1 0.7872 DetRec 1.0000 DetFA 0.0001 | 184.77s total (0.00s eval/184.77s train)
[STATE 2026-03-26 14:19:53] Task 3 Epoch 8/10: entering train loop
T3 Ep 8/10 | L 0.0133 | Train Acc 0.77 | Prec 0.78 | F1 0.80 | Det Rec 1.00 | Det FA 0.00 | Epoch Time 183.90s (Eval 0.00s, Train 183.90s)
[STATE 2026-03-26 14:22:57] T3 Ep 8/10 complete: Prec 0.7815 F1 0.8029 DetRec 1.0000 DetFA 0.0001 | 183.90s total (0.00s eval/183.90s train)
[STATE 2026-03-26 14:22:57] Task 3 Epoch 9/10: entering train loop
T3 Ep 9/10 | L 0.0108 | Train Acc 0.79 | Prec 0.80 | F1 0.82 | Det Rec 1.00 | Det FA 0.00 | Epoch Time 186.02s (Eval 0.00s, Train 186.02s)
[STATE 2026-03-26 14:26:03] T3 Ep 9/10 complete: Prec 0.7973 F1 0.8185 DetRec 0.9999 DetFA 0.0002 | 186.02s total (0.00s eval/186.02s train)
[STATE 2026-03-26 14:26:03] Task 3 Epoch 10/10: entering train loop
T3 Ep 10/10 | L 0.0104 | Train Acc 0.81 | Prec 0.82 | F1 0.84 | Det Rec 1.00 | Det FA 0.00 | Epoch Time 185.12s (Eval 0.00s, Train 185.12s)
[STATE 2026-03-26 14:29:08] T3 Ep 10/10 complete: Prec 0.8183 F1 0.8371 DetRec 0.9999 DetFA 0.0002 | 185.12s total (0.00s eval/185.12s train)
[STATE 2026-03-26 14:29:08] Task 3: running final validation.
[STATE 2026-03-26 14:30:29] Completed task 3 (4/10)
Task 4: 24480 training samples, 8160 test samples.
[STATE 2026-03-26 14:30:29] Starting task 4 (5/10)
[STATE 2026-03-26 14:30:29] Task 4 Epoch 1/10: entering train loop
[STATE 2026-03-26 14:33:35] Task 4 Epoch 1/10: running validation (end of epoch)
---- Eval at Epoch 0: cls [0.8386744961592071, 0.7528351559569193, 0.7066267505620513, 0.6436380407526412, 0.594840790159383] | det_recall [0.8726887670597717, 0.85164477728492, 0.8500729811857977, 0.9996360027648392, 1.0] | det_fa [0.2152190145226322, 0.20142082649751525, 0.2404368925948823, 0.00023674242424242425, 0.0] ----
T4 Ep 1/10 | L 0.0865 | Train Acc 0.54 | Prec 0.55 | F1 0.59 | Det Rec 0.99 | Det FA 0.01 | Epoch Time 269.59s (Eval 84.19s, Train 185.40s)
[STATE 2026-03-26 14:34:59] T4 Ep 1/10 complete: Prec 0.5475 F1 0.5904 DetRec 0.9946 DetFA 0.0104 | 269.59s total (84.19s eval/185.40s train)
[STATE 2026-03-26 14:34:59] Task 4 Epoch 2/10: entering train loop
T4 Ep 2/10 | L 0.0812 | Train Acc 0.66 | Prec 0.67 | F1 0.70 | Det Rec 1.00 | Det FA 0.00 | Epoch Time 184.68s (Eval 0.00s, Train 184.68s)
[STATE 2026-03-26 14:38:03] T4 Ep 2/10 complete: Prec 0.6721 F1 0.6998 DetRec 1.0000 DetFA 0.0000 | 184.68s total (0.00s eval/184.68s train)
[STATE 2026-03-26 14:38:03] Task 4 Epoch 3/10: entering train loop
T4 Ep 3/10 | L 0.0423 | Train Acc 0.72 | Prec 0.73 | F1 0.75 | Det Rec 1.00 | Det FA 0.00 | Epoch Time 184.56s (Eval 0.00s, Train 184.56s)
[STATE 2026-03-26 14:41:08] T4 Ep 3/10 complete: Prec 0.7281 F1 0.7534 DetRec 1.0000 DetFA 0.0000 | 184.56s total (0.00s eval/184.56s train)
[STATE 2026-03-26 14:41:08] Task 4 Epoch 4/10: entering train loop
T4 Ep 4/10 | L 0.0224 | Train Acc 0.76 | Prec 0.77 | F1 0.79 | Det Rec 1.00 | Det FA 0.00 | Epoch Time 184.66s (Eval 0.00s, Train 184.66s)
[STATE 2026-03-26 14:44:13] T4 Ep 4/10 complete: Prec 0.7722 F1 0.7918 DetRec 1.0000 DetFA 0.0000 | 184.66s total (0.00s eval/184.66s train)
[STATE 2026-03-26 14:44:13] Task 4 Epoch 5/10: entering train loop
T4 Ep 5/10 | L 0.0186 | Train Acc 0.79 | Prec 0.79 | F1 0.81 | Det Rec 1.00 | Det FA 0.00 | Epoch Time 184.21s (Eval 0.00s, Train 184.21s)
[STATE 2026-03-26 14:47:17] T4 Ep 5/10 complete: Prec 0.7901 F1 0.8119 DetRec 1.0000 DetFA 0.0000 | 184.21s total (0.00s eval/184.21s train)
[STATE 2026-03-26 14:47:17] Task 4 Epoch 6/10: entering train loop
T4 Ep 6/10 | L 0.0183 | Train Acc 0.81 | Prec 0.81 | F1 0.83 | Det Rec 1.00 | Det FA 0.00 | Epoch Time 185.92s (Eval 0.00s, Train 185.92s)
[STATE 2026-03-26 14:50:23] T4 Ep 6/10 complete: Prec 0.8126 F1 0.8287 DetRec 1.0000 DetFA 0.0000 | 185.92s total (0.00s eval/185.92s train)
[STATE 2026-03-26 14:50:23] Task 4 Epoch 7/10: entering train loop
T4 Ep 7/10 | L 0.0124 | Train Acc 0.84 | Prec 0.84 | F1 0.85 | Det Rec 1.00 | Det FA 0.00 | Epoch Time 185.41s (Eval 0.00s, Train 185.41s)
[STATE 2026-03-26 14:53:28] T4 Ep 7/10 complete: Prec 0.8412 F1 0.8550 DetRec 1.0000 DetFA 0.0000 | 185.41s total (0.00s eval/185.41s train)
[STATE 2026-03-26 14:53:28] Task 4 Epoch 8/10: entering train loop
T4 Ep 8/10 | L 0.0125 | Train Acc 0.85 | Prec 0.86 | F1 0.87 | Det Rec 1.00 | Det FA 0.00 | Epoch Time 184.81s (Eval 0.00s, Train 184.81s)
[STATE 2026-03-26 14:56:33] T4 Ep 8/10 complete: Prec 0.8562 F1 0.8700 DetRec 1.0000 DetFA 0.0000 | 184.81s total (0.00s eval/184.81s train)
[STATE 2026-03-26 14:56:33] Task 4 Epoch 9/10: entering train loop
T4 Ep 9/10 | L 0.0104 | Train Acc 0.87 | Prec 0.87 | F1 0.89 | Det Rec 1.00 | Det FA 0.00 | Epoch Time 184.94s (Eval 0.00s, Train 184.94s)
[STATE 2026-03-26 14:59:38] T4 Ep 9/10 complete: Prec 0.8731 F1 0.8851 DetRec 1.0000 DetFA 0.0000 | 184.94s total (0.00s eval/184.94s train)
[STATE 2026-03-26 14:59:38] Task 4 Epoch 10/10: entering train loop
T4 Ep 10/10 | L 0.0098 | Train Acc 0.88 | Prec 0.88 | F1 0.89 | Det Rec 1.00 | Det FA 0.00 | Epoch Time 184.80s (Eval 0.00s, Train 184.80s)
[STATE 2026-03-26 15:02:43] T4 Ep 10/10 complete: Prec 0.8809 F1 0.8928 DetRec 1.0000 DetFA 0.0000 | 184.80s total (0.00s eval/184.80s train)
[STATE 2026-03-26 15:02:43] Task 4: running final validation.
[STATE 2026-03-26 15:04:07] Completed task 4 (5/10)
Task 5: 201410 training samples, 100705 test samples.
[STATE 2026-03-26 15:04:08] Starting task 5 (6/10)
[STATE 2026-03-26 15:04:08] Task 5 Epoch 1/10: entering train loop
[STATE 2026-03-26 15:29:33] Task 5 Epoch 1/10: running validation (end of epoch)
---- Eval at Epoch 0: cls [0.7646181629084456, 0.6752095105346296, 0.626943146407503, 0.6274609456043189, 0.662114296811266, 0.7804409945785715] | det_recall [0.8598818528453928, 0.8499348093787766, 0.840722552024553, 0.9986629197585262, 1.0, 0.8846778392963218] | det_fa [0.17748712195481883, 0.16565607211111816, 0.292671073452778, 0.0021829084368684554, 0.0, 0.19044661034634805] ----
T5 Ep 1/10 | L 0.0550 | Train Acc 0.74 | Prec 0.73 | F1 0.71 | Det Rec 0.87 | Det FA 0.21 | Epoch Time 1647.42s (Eval 121.90s, Train 1525.52s)
[STATE 2026-03-26 15:31:35] T5 Ep 1/10 complete: Prec 0.7290 F1 0.7136 DetRec 0.8708 DetFA 0.2097 | 1647.42s total (121.90s eval/1525.52s train)
[STATE 2026-03-26 15:31:35] Task 5 Epoch 2/10: entering train loop
T5 Ep 2/10 | L 0.0202 | Train Acc 0.82 | Prec 0.81 | F1 0.79 | Det Rec 0.90 | Det FA 0.17 | Epoch Time 1518.55s (Eval 0.00s, Train 1518.55s)
[STATE 2026-03-26 15:56:54] T5 Ep 2/10 complete: Prec 0.8121 F1 0.7932 DetRec 0.8958 DetFA 0.1672 | 1518.55s total (0.00s eval/1518.55s train)
[STATE 2026-03-26 15:56:54] Task 5 Epoch 3/10: entering train loop
T5 Ep 3/10 | L 0.0130 | Train Acc 0.84 | Prec 0.84 | F1 0.82 | Det Rec 0.90 | Det FA 0.16 | Epoch Time 1522.07s (Eval 0.00s, Train 1522.07s)
[STATE 2026-03-26 16:22:16] T5 Ep 3/10 complete: Prec 0.8366 F1 0.8187 DetRec 0.9045 DetFA 0.1557 | 1522.07s total (0.00s eval/1522.07s train)
[STATE 2026-03-26 16:22:16] Task 5 Epoch 4/10: entering train loop
T5 Ep 4/10 | L 0.0093 | Train Acc 0.86 | Prec 0.85 | F1 0.83 | Det Rec 0.91 | Det FA 0.15 | Epoch Time 1520.70s (Eval 0.00s, Train 1520.70s)
[STATE 2026-03-26 16:47:36] T5 Ep 4/10 complete: Prec 0.8539 F1 0.8346 DetRec 0.9088 DetFA 0.1494 | 1520.70s total (0.00s eval/1520.70s train)
[STATE 2026-03-26 16:47:36] Task 5 Epoch 5/10: entering train loop
T5 Ep 5/10 | L 0.0077 | Train Acc 0.87 | Prec 0.87 | F1 0.85 | Det Rec 0.91 | Det FA 0.14 | Epoch Time 1500.71s (Eval 0.00s, Train 1500.71s)
[STATE 2026-03-26 17:12:37] T5 Ep 5/10 complete: Prec 0.8658 F1 0.8468 DetRec 0.9133 DetFA 0.1418 | 1500.71s total (0.00s eval/1500.71s train)
[STATE 2026-03-26 17:12:37] Task 5 Epoch 6/10: entering train loop
T5 Ep 6/10 | L 0.0067 | Train Acc 0.88 | Prec 0.88 | F1 0.86 | Det Rec 0.92 | Det FA 0.14 | Epoch Time 1521.25s (Eval 0.00s, Train 1521.25s)
[STATE 2026-03-26 17:37:58] T5 Ep 6/10 complete: Prec 0.8755 F1 0.8568 DetRec 0.9167 DetFA 0.1374 | 1521.25s total (0.00s eval/1521.25s train)
[STATE 2026-03-26 17:37:58] Task 5 Epoch 7/10: entering train loop
T5 Ep 7/10 | L 0.0060 | Train Acc 0.89 | Prec 0.88 | F1 0.87 | Det Rec 0.92 | Det FA 0.13 | Epoch Time 1502.01s (Eval 0.00s, Train 1502.01s)
[STATE 2026-03-26 18:03:00] T5 Ep 7/10 complete: Prec 0.8848 F1 0.8662 DetRec 0.9199 DetFA 0.1320 | 1502.01s total (0.00s eval/1502.01s train)
[STATE 2026-03-26 18:03:00] Task 5 Epoch 8/10: entering train loop
T5 Ep 8/10 | L 0.0056 | Train Acc 0.90 | Prec 0.89 | F1 0.87 | Det Rec 0.92 | Det FA 0.13 | Epoch Time 1496.13s (Eval 0.00s, Train 1496.13s)
[STATE 2026-03-26 18:27:56] T5 Ep 8/10 complete: Prec 0.8900 F1 0.8719 DetRec 0.9217 DetFA 0.1298 | 1496.13s total (0.00s eval/1496.13s train)
[STATE 2026-03-26 18:27:56] Task 5 Epoch 9/10: entering train loop
T5 Ep 9/10 | L 0.0050 | Train Acc 0.91 | Prec 0.90 | F1 0.88 | Det Rec 0.92 | Det FA 0.13 | Epoch Time 1506.84s (Eval 0.00s, Train 1506.84s)
[STATE 2026-03-26 18:53:03] T5 Ep 9/10 complete: Prec 0.8984 F1 0.8800 DetRec 0.9245 DetFA 0.1252 | 1506.84s total (0.00s eval/1506.84s train)
[STATE 2026-03-26 18:53:03] Task 5 Epoch 10/10: entering train loop
T5 Ep 10/10 | L 0.0050 | Train Acc 0.91 | Prec 0.90 | F1 0.88 | Det Rec 0.93 | Det FA 0.12 | Epoch Time 1507.98s (Eval 0.00s, Train 1507.98s)
[STATE 2026-03-26 19:18:11] T5 Ep 10/10 complete: Prec 0.9027 F1 0.8849 DetRec 0.9265 DetFA 0.1225 | 1507.98s total (0.00s eval/1507.98s train)
[STATE 2026-03-26 19:18:11] Task 5: running final validation.
[STATE 2026-03-26 19:20:13] Completed task 5 (6/10)
Task 6: 17340 training samples, 6800 test samples.
[STATE 2026-03-26 19:20:14] Starting task 6 (7/10)
[STATE 2026-03-26 19:20:14] Task 6 Epoch 1/10: entering train loop
[STATE 2026-03-26 19:22:24] Task 6 Epoch 1/10: running validation (end of epoch)
---- Eval at Epoch 0: cls [0.7690996096508427, 0.6345340083911912, 0.5457883935324283, 0.648819033918736, 0.607656976626684, 0.8359206716394365, 0.646301162922558] | det_recall [0.8707596285783425, 0.8381946976389392, 0.8279796039766902, 0.9975528568771104, 1.0, 0.9115711762722011, 0.9989030966678659] | det_fa [0.17546181709094516, 0.1634820948124352, 0.3133456729898499, 0.004157936160484424, 0.0, 0.12677754828832538, 0.00219380666426826] ----
T6 Ep 1/10 | L 0.0276 | Train Acc 0.64 | Prec 0.64 | F1 0.69 | Det Rec 1.00 | Det FA 0.00 | Epoch Time 255.36s (Eval 124.50s, Train 130.87s)
[STATE 2026-03-26 19:24:29] T6 Ep 1/10 complete: Prec 0.6389 F1 0.6910 DetRec 0.9986 DetFA 0.0027 | 255.36s total (124.50s eval/130.87s train)
[STATE 2026-03-26 19:24:29] Task 6 Epoch 2/10: entering train loop
T6 Ep 2/10 | L 0.0380 | Train Acc 0.72 | Prec 0.73 | F1 0.77 | Det Rec 1.00 | Det FA 0.00 | Epoch Time 129.82s (Eval 0.00s, Train 129.82s)
[STATE 2026-03-26 19:26:39] T6 Ep 2/10 complete: Prec 0.7309 F1 0.7670 DetRec 0.9995 DetFA 0.0009 | 129.82s total (0.00s eval/129.82s train)
[STATE 2026-03-26 19:26:39] Task 6 Epoch 3/10: entering train loop
T6 Ep 3/10 | L 0.0265 | Train Acc 0.77 | Prec 0.78 | F1 0.81 | Det Rec 1.00 | Det FA 0.00 | Epoch Time 129.74s (Eval 0.00s, Train 129.74s)
[STATE 2026-03-26 19:28:48] T6 Ep 3/10 complete: Prec 0.7802 F1 0.8087 DetRec 0.9997 DetFA 0.0006 | 129.74s total (0.00s eval/129.74s train)
[STATE 2026-03-26 19:28:48] Task 6 Epoch 4/10: entering train loop
T6 Ep 4/10 | L 0.0174 | Train Acc 0.81 | Prec 0.81 | F1 0.84 | Det Rec 1.00 | Det FA 0.00 | Epoch Time 129.45s (Eval 0.00s, Train 129.45s)
[STATE 2026-03-26 19:30:58] T6 Ep 4/10 complete: Prec 0.8107 F1 0.8352 DetRec 0.9997 DetFA 0.0005 | 129.45s total (0.00s eval/129.45s train)
[STATE 2026-03-26 19:30:58] Task 6 Epoch 5/10: entering train loop
T6 Ep 5/10 | L 0.0138 | Train Acc 0.83 | Prec 0.84 | F1 0.86 | Det Rec 1.00 | Det FA 0.00 | Epoch Time 131.05s (Eval 0.00s, Train 131.05s)
[STATE 2026-03-26 19:33:09] T6 Ep 5/10 complete: Prec 0.8377 F1 0.8577 DetRec 0.9998 DetFA 0.0004 | 131.05s total (0.00s eval/131.05s train)
[STATE 2026-03-26 19:33:09] Task 6 Epoch 6/10: entering train loop
T6 Ep 6/10 | L 0.0144 | Train Acc 0.85 | Prec 0.86 | F1 0.87 | Det Rec 1.00 | Det FA 0.00 | Epoch Time 129.89s (Eval 0.00s, Train 129.89s)
[STATE 2026-03-26 19:35:19] T6 Ep 6/10 complete: Prec 0.8559 F1 0.8719 DetRec 0.9997 DetFA 0.0005 | 129.89s total (0.00s eval/129.89s train)
[STATE 2026-03-26 19:35:19] Task 6 Epoch 7/10: entering train loop
T6 Ep 7/10 | L 0.0109 | Train Acc 0.86 | Prec 0.87 | F1 0.89 | Det Rec 1.00 | Det FA 0.00 | Epoch Time 130.04s (Eval 0.00s, Train 130.04s)
[STATE 2026-03-26 19:37:29] T6 Ep 7/10 complete: Prec 0.8704 F1 0.8854 DetRec 0.9998 DetFA 0.0003 | 130.04s total (0.00s eval/130.04s train)
[STATE 2026-03-26 19:37:29] Task 6 Epoch 8/10: entering train loop
T6 Ep 8/10 | L 0.0093 | Train Acc 0.89 | Prec 0.89 | F1 0.91 | Det Rec 1.00 | Det FA 0.00 | Epoch Time 131.01s (Eval 0.00s, Train 131.01s)
[STATE 2026-03-26 19:39:40] T6 Ep 8/10 complete: Prec 0.8918 F1 0.9060 DetRec 0.9999 DetFA 0.0001 | 131.01s total (0.00s eval/131.01s train)
[STATE 2026-03-26 19:39:40] Task 6 Epoch 9/10: entering train loop
T6 Ep 9/10 | L 0.0092 | Train Acc 0.90 | Prec 0.90 | F1 0.92 | Det Rec 1.00 | Det FA 0.00 | Epoch Time 129.65s (Eval 0.00s, Train 129.65s)
[STATE 2026-03-26 19:41:50] T6 Ep 9/10 complete: Prec 0.9036 F1 0.9164 DetRec 0.9998 DetFA 0.0004 | 129.65s total (0.00s eval/129.65s train)
[STATE 2026-03-26 19:41:50] Task 6 Epoch 10/10: entering train loop
T6 Ep 10/10 | L 0.0088 | Train Acc 0.92 | Prec 0.92 | F1 0.93 | Det Rec 1.00 | Det FA 0.00 | Epoch Time 129.36s (Eval 0.00s, Train 129.36s)
[STATE 2026-03-26 19:43:59] T6 Ep 10/10 complete: Prec 0.9187 F1 0.9308 DetRec 0.9999 DetFA 0.0002 | 129.36s total (0.00s eval/129.36s train)
[STATE 2026-03-26 19:43:59] Task 6: running final validation.
[STATE 2026-03-26 19:46:03] Completed task 6 (7/10)
Task 7: 188050 training samples, 94025 test samples.
[STATE 2026-03-26 19:46:04] Starting task 7 (8/10)
[STATE 2026-03-26 19:46:04] Task 7 Epoch 1/10: entering train loop
[STATE 2026-03-26 20:09:36] Task 7 Epoch 1/10: running validation (end of epoch)
---- Eval at Epoch 0: cls [0.6967185117711464, 0.5847409941510078, 0.5076608729131667, 0.6519356849570178, 0.647402624750281, 0.8122970368839729, 0.7223448861769733, 0.8257705349084768] | det_recall [0.8513041941418465, 0.8266163367955923, 0.8390706943578303, 0.997909331102119, 1.0, 0.9128226991123011, 0.9995837979449782, 0.8716339571008179] | det_fa [0.1575373580775297, 0.14775877870002205, 0.2994685924285057, 0.003444987710467008, 0.0, 0.11908996165226723, 0.0008324041100435858, 0.22107405941632724] ----
T7 Ep 1/10 | L 0.0418 | Train Acc 0.80 | Prec 0.81 | F1 0.78 | Det Rec 0.88 | Det FA 0.19 | Epoch Time 1572.46s (Eval 159.74s, Train 1412.72s)
[STATE 2026-03-26 20:12:16] T7 Ep 1/10 complete: Prec 0.8115 F1 0.7818 DetRec 0.8765 DetFA 0.1856 | 1572.46s total (159.74s eval/1412.72s train)
[STATE 2026-03-26 20:12:16] Task 7 Epoch 2/10: entering train loop
T7 Ep 2/10 | L 0.0180 | Train Acc 0.85 | Prec 0.86 | F1 0.83 | Det Rec 0.89 | Det FA 0.16 | Epoch Time 1414.33s (Eval 0.00s, Train 1414.33s)
[STATE 2026-03-26 20:35:51] T7 Ep 2/10 complete: Prec 0.8650 F1 0.8334 DetRec 0.8909 DetFA 0.1622 | 1414.33s total (0.00s eval/1414.33s train)
[STATE 2026-03-26 20:35:51] Task 7 Epoch 3/10: entering train loop
T7 Ep 3/10 | L 0.0112 | Train Acc 0.87 | Prec 0.88 | F1 0.85 | Det Rec 0.90 | Det FA 0.16 | Epoch Time 1413.27s (Eval 0.00s, Train 1413.27s)
[STATE 2026-03-26 20:59:24] T7 Ep 3/10 complete: Prec 0.8783 F1 0.8485 DetRec 0.8961 DetFA 0.1566 | 1413.27s total (0.00s eval/1413.27s train)
[STATE 2026-03-26 20:59:24] Task 7 Epoch 4/10: entering train loop
T7 Ep 4/10 | L 0.0085 | Train Acc 0.88 | Prec 0.89 | F1 0.86 | Det Rec 0.90 | Det FA 0.15 | Epoch Time 1415.43s (Eval 0.00s, Train 1415.43s)
[STATE 2026-03-26 21:22:59] T7 Ep 4/10 complete: Prec 0.8883 F1 0.8591 DetRec 0.9005 DetFA 0.1500 | 1415.43s total (0.00s eval/1415.43s train)
[STATE 2026-03-26 21:22:59] Task 7 Epoch 5/10: entering train loop
T7 Ep 5/10 | L 0.0071 | Train Acc 0.89 | Prec 0.90 | F1 0.87 | Det Rec 0.90 | Det FA 0.14 | Epoch Time 1414.11s (Eval 0.00s, Train 1414.11s)
[STATE 2026-03-26 21:46:33] T7 Ep 5/10 complete: Prec 0.8966 F1 0.8680 DetRec 0.9038 DetFA 0.1448 | 1414.11s total (0.00s eval/1414.11s train)
[STATE 2026-03-26 21:46:33] Task 7 Epoch 6/10: entering train loop
T7 Ep 6/10 | L 0.0060 | Train Acc 0.90 | Prec 0.90 | F1 0.88 | Det Rec 0.91 | Det FA 0.14 | Epoch Time 1413.80s (Eval 0.00s, Train 1413.80s)
[STATE 2026-03-26 22:10:07] T7 Ep 6/10 complete: Prec 0.9044 F1 0.8760 DetRec 0.9063 DetFA 0.1413 | 1413.80s total (0.00s eval/1413.80s train)
[STATE 2026-03-26 22:10:07] Task 7 Epoch 7/10: entering train loop
T7 Ep 7/10 | L 0.0056 | Train Acc 0.90 | Prec 0.91 | F1 0.88 | Det Rec 0.91 | Det FA 0.14 | Epoch Time 1412.34s (Eval 0.00s, Train 1412.34s)
[STATE 2026-03-26 22:33:39] T7 Ep 7/10 complete: Prec 0.9091 F1 0.8814 DetRec 0.9091 DetFA 0.1369 | 1412.34s total (0.00s eval/1412.34s train)
[STATE 2026-03-26 22:33:39] Task 7 Epoch 8/10: entering train loop
T7 Ep 8/10 | L 0.0053 | Train Acc 0.91 | Prec 0.92 | F1 0.89 | Det Rec 0.91 | Det FA 0.13 | Epoch Time 1414.35s (Eval 0.00s, Train 1414.35s)
[STATE 2026-03-26 22:57:14] T7 Ep 8/10 complete: Prec 0.9157 F1 0.8879 DetRec 0.9109 DetFA 0.1339 | 1414.35s total (0.00s eval/1414.35s train)
[STATE 2026-03-26 22:57:14] Task 7 Epoch 9/10: entering train loop
T7 Ep 9/10 | L 0.0049 | Train Acc 0.92 | Prec 0.92 | F1 0.89 | Det Rec 0.91 | Det FA 0.13 | Epoch Time 1412.67s (Eval 0.00s, Train 1412.67s)
[STATE 2026-03-26 23:20:46] T7 Ep 9/10 complete: Prec 0.9187 F1 0.8926 DetRec 0.9137 DetFA 0.1307 | 1412.67s total (0.00s eval/1412.67s train)
[STATE 2026-03-26 23:20:46] Task 7 Epoch 10/10: entering train loop
T7 Ep 10/10 | L 0.0047 | Train Acc 0.92 | Prec 0.92 | F1 0.90 | Det Rec 0.92 | Det FA 0.13 | Epoch Time 1411.27s (Eval 0.00s, Train 1411.27s)
[STATE 2026-03-26 23:44:18] T7 Ep 10/10 complete: Prec 0.9248 F1 0.8984 DetRec 0.9159 DetFA 0.1267 | 1411.27s total (0.00s eval/1411.27s train)
[STATE 2026-03-26 23:44:18] Task 7: running final validation.
[STATE 2026-03-26 23:46:57] Completed task 7 (8/10)
Task 8: 36658 training samples, 12220 test samples.
[STATE 2026-03-26 23:46:57] Starting task 8 (9/10)
[STATE 2026-03-26 23:46:57] Task 8 Epoch 1/10: entering train loop
[STATE 2026-03-26 23:51:33] Task 8 Epoch 1/10: running validation (end of epoch)
---- Eval at Epoch 0: cls [0.7948597153031383, 0.6876052762178724, 0.5095947383831244, 0.6364400011480189, 0.6044847312934885, 0.7802355998179221, 0.6603745978001815, 0.8461278454847604, 0.8385747071890787] | det_recall [0.8702943675338203, 0.8563420119956336, 0.8376336808575867, 0.9989127943196894, 1.0, 0.9003503241532838, 0.9993111340604545, 0.8727658789877961, 0.797282740560899] | det_fa [0.15549185737196086, 0.11572610968032757, 0.291219847514121, 0.0014380612753263442, 0.0, 0.146149726789851, 0.0013777318790910314, 0.22818638217045387, 0.37896319582839494] ----
T8 Ep 1/10 | L 0.0494 | Train Acc 0.79 | Prec 0.79 | F1 0.64 | Det Rec 0.77 | Det FA 0.42 | Epoch Time 440.19s (Eval 164.16s, Train 276.02s)
[STATE 2026-03-26 23:54:17] T8 Ep 1/10 complete: Prec 0.7918 F1 0.6378 DetRec 0.7719 DetFA 0.4249 | 440.19s total (164.16s eval/276.02s train)
[STATE 2026-03-26 23:54:17] Task 8 Epoch 2/10: entering train loop
T8 Ep 2/10 | L 0.0353 | Train Acc 0.88 | Prec 0.87 | F1 0.71 | Det Rec 0.80 | Det FA 0.37 | Epoch Time 276.32s (Eval 0.00s, Train 276.32s)
[STATE 2026-03-26 23:58:54] T8 Ep 2/10 complete: Prec 0.8718 F1 0.7124 DetRec 0.8014 DetFA 0.3680 | 276.32s total (0.00s eval/276.32s train)
[STATE 2026-03-26 23:58:54] Task 8 Epoch 3/10: entering train loop
T8 Ep 3/10 | L 0.0209 | Train Acc 0.91 | Prec 0.90 | F1 0.73 | Det Rec 0.81 | Det FA 0.36 | Epoch Time 275.81s (Eval 0.00s, Train 275.81s)
[STATE 2026-03-27 00:03:30] T8 Ep 3/10 complete: Prec 0.8959 F1 0.7302 DetRec 0.8064 DetFA 0.3601 | 275.81s total (0.00s eval/275.81s train)
[STATE 2026-03-27 00:03:30] Task 8 Epoch 4/10: entering train loop
T8 Ep 4/10 | L 0.0157 | Train Acc 0.92 | Prec 0.92 | F1 0.74 | Det Rec 0.81 | Det FA 0.35 | Epoch Time 276.90s (Eval 0.00s, Train 276.90s)
[STATE 2026-03-27 00:08:07] T8 Ep 4/10 complete: Prec 0.9165 F1 0.7435 DetRec 0.8111 DetFA 0.3526 | 276.90s total (0.00s eval/276.90s train)
[STATE 2026-03-27 00:08:07] Task 8 Epoch 5/10: entering train loop
T8 Ep 5/10 | L 0.0121 | Train Acc 0.94 | Prec 0.93 | F1 0.75 | Det Rec 0.81 | Det FA 0.35 | Epoch Time 275.26s (Eval 0.00s, Train 275.26s)
[STATE 2026-03-27 00:12:42] T8 Ep 5/10 complete: Prec 0.9289 F1 0.7535 DetRec 0.8148 DetFA 0.3456 | 275.26s total (0.00s eval/275.26s train)
[STATE 2026-03-27 00:12:42] Task 8 Epoch 6/10: entering train loop
T8 Ep 6/10 | L 0.0102 | Train Acc 0.94 | Prec 0.94 | F1 0.76 | Det Rec 0.82 | Det FA 0.34 | Epoch Time 275.62s (Eval 0.00s, Train 275.62s)
[STATE 2026-03-27 00:17:17] T8 Ep 6/10 complete: Prec 0.9439 F1 0.7639 DetRec 0.8192 DetFA 0.3370 | 275.62s total (0.00s eval/275.62s train)
[STATE 2026-03-27 00:17:17] Task 8 Epoch 7/10: entering train loop
T8 Ep 7/10 | L 0.0085 | Train Acc 0.95 | Prec 0.95 | F1 0.77 | Det Rec 0.82 | Det FA 0.33 | Epoch Time 275.61s (Eval 0.00s, Train 275.61s)
[STATE 2026-03-27 00:21:53] T8 Ep 7/10 complete: Prec 0.9546 F1 0.7718 DetRec 0.8238 DetFA 0.3290 | 275.61s total (0.00s eval/275.61s train)
[STATE 2026-03-27 00:21:53] Task 8 Epoch 8/10: entering train loop
T8 Ep 8/10 | L 0.0084 | Train Acc 0.96 | Prec 0.97 | F1 0.78 | Det Rec 0.83 | Det FA 0.32 | Epoch Time 275.55s (Eval 0.00s, Train 275.55s)
[STATE 2026-03-27 00:26:29] T8 Ep 8/10 complete: Prec 0.9661 F1 0.7828 DetRec 0.8287 DetFA 0.3179 | 275.55s total (0.00s eval/275.55s train)
[STATE 2026-03-27 00:26:29] Task 8 Epoch 9/10: entering train loop
T8 Ep 9/10 | L 0.0072 | Train Acc 0.97 | Prec 0.97 | F1 0.79 | Det Rec 0.83 | Det FA 0.31 | Epoch Time 275.84s (Eval 0.00s, Train 275.84s)
[STATE 2026-03-27 00:31:04] T8 Ep 9/10 complete: Prec 0.9740 F1 0.7900 DetRec 0.8332 DetFA 0.3101 | 275.84s total (0.00s eval/275.84s train)
[STATE 2026-03-27 00:31:04] Task 8 Epoch 10/10: entering train loop
T8 Ep 10/10 | L 0.0072 | Train Acc 0.97 | Prec 0.98 | F1 0.80 | Det Rec 0.84 | Det FA 0.30 | Epoch Time 274.57s (Eval 0.00s, Train 274.57s)
[STATE 2026-03-27 00:35:39] T8 Ep 10/10 complete: Prec 0.9798 F1 0.7987 DetRec 0.8370 DetFA 0.3029 | 274.57s total (0.00s eval/274.57s train)
[STATE 2026-03-27 00:35:39] Task 8: running final validation.
[STATE 2026-03-27 00:38:23] Completed task 8 (9/10)
Task 9: 17340 training samples, 6800 test samples.
[STATE 2026-03-27 00:38:23] Starting task 9 (10/10)
[STATE 2026-03-27 00:38:23] Task 9 Epoch 1/10: entering train loop
[STATE 2026-03-27 00:40:34] Task 9 Epoch 1/10: running validation (end of epoch)
---- Eval at Epoch 0: cls [0.7870008644735383, 0.6954277825779142, 0.5024917715880166, 0.6391289021208361, 0.6367550546475006, 0.7612185718967297, 0.6654042357878976, 0.8269219781181265, 0.8068590284170184, 0.5755175354352549] | det_recall [0.8710639219713623, 0.8534045000934429, 0.8269220728226138, 0.997808776384962, 1.0, 0.8825409687126261, 0.9976308987430205, 0.8633803538737739, 0.8223649288997494, 1.0] | det_fa [0.14649734833051586, 0.15064737476271398, 0.314893600292589, 0.0038911951839967623, 0.0, 0.194872485990408, 0.004738202513959129, 0.2516424083586318, 0.3010833457070102, 0.0] ----
T9 Ep 1/10 | L 0.0393 | Train Acc 0.59 | Prec 0.60 | F1 0.65 | Det Rec 1.00 | Det FA 0.00 | Epoch Time 297.27s (Eval 166.76s, Train 130.51s)
[STATE 2026-03-27 00:43:21] T9 Ep 1/10 complete: Prec 0.6014 F1 0.6454 DetRec 0.9991 DetFA 0.0018 | 297.27s total (166.76s eval/130.51s train)
[STATE 2026-03-27 00:43:21] Task 9 Epoch 2/10: entering train loop
T9 Ep 2/10 | L 0.0503 | Train Acc 0.65 | Prec 0.66 | F1 0.70 | Det Rec 1.00 | Det FA 0.00 | Epoch Time 129.90s (Eval 0.00s, Train 129.90s)
[STATE 2026-03-27 00:45:30] T9 Ep 2/10 complete: Prec 0.6578 F1 0.7023 DetRec 1.0000 DetFA 0.0000 | 129.90s total (0.00s eval/129.90s train)
[STATE 2026-03-27 00:45:30] Task 9 Epoch 3/10: entering train loop
T9 Ep 3/10 | L 0.0387 | Train Acc 0.69 | Prec 0.70 | F1 0.74 | Det Rec 1.00 | Det FA 0.00 | Epoch Time 130.02s (Eval 0.00s, Train 130.02s)
[STATE 2026-03-27 00:47:40] T9 Ep 3/10 complete: Prec 0.6970 F1 0.7368 DetRec 1.0000 DetFA 0.0000 | 130.02s total (0.00s eval/130.02s train)
[STATE 2026-03-27 00:47:40] Task 9 Epoch 4/10: entering train loop
T9 Ep 4/10 | L 0.0319 | Train Acc 0.72 | Prec 0.72 | F1 0.76 | Det Rec 1.00 | Det FA 0.00 | Epoch Time 130.74s (Eval 0.00s, Train 130.74s)
[STATE 2026-03-27 00:49:51] T9 Ep 4/10 complete: Prec 0.7232 F1 0.7587 DetRec 1.0000 DetFA 0.0000 | 130.74s total (0.00s eval/130.74s train)
[STATE 2026-03-27 00:49:51] Task 9 Epoch 5/10: entering train loop
T9 Ep 5/10 | L 0.0248 | Train Acc 0.75 | Prec 0.75 | F1 0.78 | Det Rec 1.00 | Det FA 0.00 | Epoch Time 129.39s (Eval 0.00s, Train 129.39s)
[STATE 2026-03-27 00:52:01] T9 Ep 5/10 complete: Prec 0.7476 F1 0.7828 DetRec 1.0000 DetFA 0.0000 | 129.39s total (0.00s eval/129.39s train)
[STATE 2026-03-27 00:52:01] Task 9 Epoch 6/10: entering train loop
T9 Ep 6/10 | L 0.0215 | Train Acc 0.77 | Prec 0.77 | F1 0.80 | Det Rec 1.00 | Det FA 0.00 | Epoch Time 130.93s (Eval 0.00s, Train 130.93s)
[STATE 2026-03-27 00:54:12] T9 Ep 6/10 complete: Prec 0.7734 F1 0.8016 DetRec 1.0000 DetFA 0.0000 | 130.93s total (0.00s eval/130.93s train)
[STATE 2026-03-27 00:54:12] Task 9 Epoch 7/10: entering train loop
T9 Ep 7/10 | L 0.0190 | Train Acc 0.78 | Prec 0.79 | F1 0.82 | Det Rec 1.00 | Det FA 0.00 | Epoch Time 130.25s (Eval 0.00s, Train 130.25s)
[STATE 2026-03-27 00:56:22] T9 Ep 7/10 complete: Prec 0.7856 F1 0.8153 DetRec 1.0000 DetFA 0.0000 | 130.25s total (0.00s eval/130.25s train)
[STATE 2026-03-27 00:56:22] Task 9 Epoch 8/10: entering train loop
T9 Ep 8/10 | L 0.0155 | Train Acc 0.81 | Prec 0.81 | F1 0.84 | Det Rec 1.00 | Det FA 0.00 | Epoch Time 129.50s (Eval 0.00s, Train 129.50s)
[STATE 2026-03-27 00:58:31] T9 Ep 8/10 complete: Prec 0.8119 F1 0.8378 DetRec 1.0000 DetFA 0.0000 | 129.50s total (0.00s eval/129.50s train)
[STATE 2026-03-27 00:58:31] Task 9 Epoch 9/10: entering train loop
T9 Ep 9/10 | L 0.0137 | Train Acc 0.82 | Prec 0.83 | F1 0.85 | Det Rec 1.00 | Det FA 0.00 | Epoch Time 129.93s (Eval 0.00s, Train 129.93s)
[STATE 2026-03-27 01:00:41] T9 Ep 9/10 complete: Prec 0.8286 F1 0.8472 DetRec 1.0000 DetFA 0.0000 | 129.93s total (0.00s eval/129.93s train)
[STATE 2026-03-27 01:00:41] Task 9 Epoch 10/10: entering train loop
T9 Ep 10/10 | L 0.0137 | Train Acc 0.84 | Prec 0.85 | F1 0.86 | Det Rec 1.00 | Det FA 0.00 | Epoch Time 129.98s (Eval 0.00s, Train 129.98s)
[STATE 2026-03-27 01:02:51] T9 Ep 10/10 complete: Prec 0.8459 F1 0.8642 DetRec 1.0000 DetFA 0.0000 | 129.98s total (0.00s eval/129.98s train)
[STATE 2026-03-27 01:02:51] Task 9: running final validation.
[STATE 2026-03-27 01:05:38] Completed task 9 (10/10)
####Final Validation Accuracy####
Final Results:- 
 Total Recall: 0.6845319109762362 
 Individual Recall: [0.7760880034853681, 0.6993802237030888, 0.5034898474496434, 0.6461041588538501, 0.6466432933495511, 0.7604164653666758, 0.6748120128604628, 0.8152243930357225, 0.6949101231186384, 0.6282505885393611]
Final Detection Results:- 
 Total Detection: 0.9122366074983022 
 Individual Detection: [0.8652780349393098, 0.8571403146298503, 0.8338315377595502, 0.9982882518054847, 1.0, 0.8844683549506973, 0.9984818836356493, 0.8641617680247005, 0.8207159292377794, 1.0]
Final Detection False Alarm:- 
 Total False Alarm: 0.12560781061995246 
 Individual False Alarm: [0.15129006250136998, 0.15474650845976334, 0.3003435158925246, 0.0026918597275666354, 0.0, 0.18155384220112075, 0.003036232728701417, 0.2412597103104476, 0.22115637437803046, 0.0]
SUMMARY_TR cls_rec=0.8427 cls_prec=0.8459 cls_f1=0.8642 det=0.9115 fa=0.1368
SUMMARY_TE cls_rec=0.6845 cls_prec=0.7187 cls_f1=0.6981 det=0.9122 fa=0.1256
[STATE 2026-03-27 01:05:38] Saving results to logs//bcl_dual/full-tasks_all-10epochs_weighted-loss-2026-03-26_04-50-52-2999/0/results
Model size: 0.0289 GB
Memory buffer size: 0.0158 GB
logs//bcl_dual/full-tasks_all-10epochs_weighted-loss-2026-03-26_04-50-52-2999/0/results: {'expt_name': 'full-tasks_all-10epochs_weighted-loss', 'model': 'bcl_dual', 'arch': 'resnet1d', 'n_hiddens': 100, 'n_layers': 2, 'xav_init': False, 'debug': False, 'use_detector_arch': False, 'glances': 1, 'n_epochs': 10, 'batch_size': 256, 'replay_batch_size': 128, 'memories': 5120, 'lr': 0.001, 'optimizer': 'sgd', 'class_weighted_ce': True, 'cuda': True, 'seed': 0, 'log_every': 10, 'log_dir': 'logs//bcl_dual/full-tasks_all-10epochs_weighted-loss-2026-03-26_04-50-52-2999/0', 'tf_dir': 'logs//bcl_dual/full-tasks_all-10epochs_weighted-loss-2026-03-26_04-50-52-2999/0/tfdir', 'calc_test_accuracy': False, 'state_logging': True, 'data_path': 'data/rff/radar/full', 'task_order_files': 't2-rcn,t0-rcn,t2-uclresm-25noise,t0-deeprad,t1-deeprad,t1-uclresm-25noise,t3-deeprad,t0-uclresm-25noise,t1-rcn,t2-deeprad', 'loader': 'task_incremental_loader', 'samples_per_task': -1, 'shuffle_tasks': False, 'classes_per_it': 6, 'iterations': 5000, 'dataset': 'iq', 'workers': 0, 'validation': 0.5, 'data_scaling': 'normalize', 'use_iq_aug_features': False, 'iq_aug_feature_type': 'power', 'class_order': 'random', 'increment': 5, 'test_batch_size': 512, 'nc_per_task': None, 'nc_per_task_list': '', 'val_rate': 1000, 'opt_lr': 0.1, 'opt_wt': 0.1, 'alpha_init': 0.001, 'learn_lr': False, 'sync_update': False, 'grad_clip_norm': 5.0, 'meta_batches': 3, 'use_old_task_memory': False, 'second_order': False, 'n_memories': 5120, 'memory_strength': 1, 'steps_per_sample': 1, 'bgd_optimizer': 'sgd', 'optimizer_params': '{}', 'train_mc_iters': 5, 'std_init': 0.05, 'mean_eta': 1, 'fisher_gamma': 0.95, 'rln': 7, 'update_steps': 10, 'meta_lr': 0.001, 'update_lr': 0.1, 'ctx_lr': 0.05, 'n_meta': 2, 'inner_steps': 1, 'temperature': 5.0, 'task_emb': 64, 'classes_per_task': [6, 7, 6, 7, 7, 6, 6, 6, 7, 6], 'get_samples_per_task': <bound method IncrementalLoader.get_samples_per_task of <dataloaders.task_incremental_loader.IncrementalLoader object at 0x70b45df23350>>} # val: 0.789 0.685 -0.105 0.000 # sizes: model_gb=0.0289 mem_gb=0.0158 # 72823.61680603027
[STATE 2026-03-27 01:05:38] results.pt components (approx): state_dict 29.6 MB, result_val_t 0.1 KB, result_val_a 0.8 KB
[STATE 2026-03-27 01:05:38] Results saved; total runtime 20.23h
Total runtime: 20.23 hours
