[STATE 2026-03-27 01:05:41] Enabling terminal logging to logs//smaml/full-tasks_all-10epochs_weighted-loss-2026-03-27_01-05-41-9432/0/terminal.log
New Experiment Starting...
Running model:  lamaml_cifar
[STATE 2026-03-27 01:05:41] Experiment 'full-tasks_all-10epochs_weighted-loss' starting with model 'lamaml_cifar' (seed 0)
Set seed 0
t2-rcn.npz train: x=(50362, 1024), y=(50362, 2)
t2-rcn.npz test: x=(16787, 1024), y=(16787, 2)
t2-rcn.npz: applied data scaling mode 'normalize'.
Loaded t2-rcn.npz: Unique train labels: UniqueCountsResult(values=array([-1,  3,  5, 10, 12, 15]), counts=array([24209,  5770,  3030,  2320,  7509,  7524]))
Noise labels ratio in t2-rcn.npz train: 0.24, test: 0.24
Loaded t2-rcn.npz: Remapped labels: [0 1 2 3 4 5]. Size: 50362)
t0-rcn.npz train: x=(51916, 1024), y=(51916, 2)
t0-rcn.npz test: x=(17305, 1024), y=(17305, 2)
t0-rcn.npz: applied data scaling mode 'normalize'.
Loaded t0-rcn.npz: Unique train labels: UniqueCountsResult(values=array([-1,  1,  8,  9, 11, 13, 14]), counts=array([24225,  4268,  2495,  2943,  3015,  7464,  7506]))
Noise labels ratio in t0-rcn.npz train: 0.23, test: 0.23
Loaded t0-rcn.npz: Remapped labels: [ 6  7  8  9 10 11 12]. Size: 51916)
t2-uclresm-25noise.npz train: moved sample axis (3, 350028, 1024) -> (350028, 3, 1024)
t2-uclresm-25noise.npz test: moved sample axis (3, 233351, 1024) -> (233351, 3, 1024)
t2-uclresm-25noise.npz train: x=(350028, 3, 1024), y=(350028,)
t2-uclresm-25noise.npz test: x=(233351, 3, 1024), y=(233351,)
t2-uclresm-25noise.npz: applied data scaling mode 'normalize'.
Loaded t2-uclresm-25noise.npz: Unique train labels: UniqueCountsResult(values=array([-1,  0,  1,  2,  3,  4]), counts=array([87441, 27347, 71754, 64298, 36005, 63183]))
Noise labels ratio in t2-uclresm-25noise.npz train: 0.25, test: 0.25
Loaded t2-uclresm-25noise.npz: Remapped labels: [13 14 15 16 17 18]. Size: 350028)
t0-deeprad.npz train: x=(24480, 1024), y=(24480, 2)
t0-deeprad.npz test: x=(8160, 1024), y=(8160, 2)
t0-deeprad.npz: applied data scaling mode 'normalize'.
Loaded t0-deeprad.npz: Unique train labels: UniqueCountsResult(values=array([-1,  0,  1,  2,  3,  4,  5]), counts=array([12240,  2029,  1983,  2043,  2154,  2015,  2016]))
Noise labels ratio in t0-deeprad.npz train: 0.25, test: 0.25
Loaded t0-deeprad.npz: Remapped labels: [19 20 21 22 23 24 25]. Size: 24480)
t1-deeprad.npz train: x=(24480, 1024), y=(24480, 2)
t1-deeprad.npz test: x=(8160, 1024), y=(8160, 2)
t1-deeprad.npz: applied data scaling mode 'normalize'.
Loaded t1-deeprad.npz: Unique train labels: UniqueCountsResult(values=array([-1,  0,  1,  2,  3,  4,  5]), counts=array([12240,  1988,  2029,  2054,  1988,  2053,  2128]))
Noise labels ratio in t1-deeprad.npz train: 0.25, test: 0.25
Loaded t1-deeprad.npz: Remapped labels: [26 27 28 29 30 31 32]. Size: 24480)
t1-uclresm-25noise.npz train: moved sample axis (3, 201410, 1024) -> (201410, 3, 1024)
t1-uclresm-25noise.npz test: moved sample axis (3, 116291, 1024) -> (116291, 3, 1024)
t1-uclresm-25noise.npz train: x=(201410, 3, 1024), y=(201410,)
t1-uclresm-25noise.npz test: x=(116291, 3, 1024), y=(116291,)
t1-uclresm-25noise.npz: applied data scaling mode 'normalize'.
Loaded t1-uclresm-25noise.npz: Unique train labels: UniqueCountsResult(values=array([-1,  0,  1,  2,  3,  4]), counts=array([43668, 18021, 17838, 18087, 31870, 71926]))
Noise labels ratio in t1-uclresm-25noise.npz train: 0.22, test: 0.25
Loaded t1-uclresm-25noise.npz: Remapped labels: [33 34 35 36 37 38]. Size: 201410)
t3-deeprad.npz train: x=(17340, 1024), y=(17340, 2)
t3-deeprad.npz test: x=(6800, 1024), y=(6800, 2)
t3-deeprad.npz: applied data scaling mode 'normalize'.
Loaded t3-deeprad.npz: Unique train labels: UniqueCountsResult(values=array([-1,  0,  1,  2,  3,  4]), counts=array([8670, 1693, 1677, 1794, 1716, 1790]))
Noise labels ratio in t3-deeprad.npz train: 0.25, test: 0.25
Loaded t3-deeprad.npz: Remapped labels: [39 40 41 42 43 44]. Size: 17340)
t0-uclresm-25noise.npz train: moved sample axis (3, 188050, 1024) -> (188050, 3, 1024)
t0-uclresm-25noise.npz test: moved sample axis (3, 107348, 1024) -> (107348, 3, 1024)
t0-uclresm-25noise.npz train: x=(188050, 3, 1024), y=(188050,)
t0-uclresm-25noise.npz test: x=(107348, 3, 1024), y=(107348,)
t0-uclresm-25noise.npz: applied data scaling mode 'normalize'.
Loaded t0-uclresm-25noise.npz: Unique train labels: UniqueCountsResult(values=array([-1,  0,  1,  2,  3,  4]), counts=array([40144, 32109, 17978, 17979, 18098, 61742]))
Noise labels ratio in t0-uclresm-25noise.npz train: 0.21, test: 0.25
Loaded t0-uclresm-25noise.npz: Remapped labels: [45 46 47 48 49 50]. Size: 188050)
t1-rcn.npz train: x=(36658, 1024), y=(36658, 2)
t1-rcn.npz test: x=(12220, 1024), y=(12220, 2)
t1-rcn.npz: applied data scaling mode 'normalize'.
Loaded t1-rcn.npz: Unique train labels: UniqueCountsResult(values=array([-1,  0,  2,  4,  6,  7, 16]), counts=array([20595,   824,  2087,  2606,  2396,  1716,  6434]))
Noise labels ratio in t1-rcn.npz train: 0.28, test: 0.28
Loaded t1-rcn.npz: Remapped labels: [51 52 53 54 55 56 57]. Size: 36658)
t2-deeprad.npz train: x=(17340, 1024), y=(17340, 2)
t2-deeprad.npz test: x=(6800, 1024), y=(6800, 2)
t2-deeprad.npz: applied data scaling mode 'normalize'.
Loaded t2-deeprad.npz: Unique train labels: UniqueCountsResult(values=array([-1,  0,  1,  2,  3,  4]), counts=array([8670, 1774, 1675, 1777, 1694, 1750]))
Noise labels ratio in t2-deeprad.npz train: 0.25, test: 0.25
Loaded t2-deeprad.npz: Remapped labels: [58 59 60 61 62 63]. Size: 17340)
Built classes_per_task: [6, 7, 6, 7, 7, 6, 6, 6, 7, 6]
Classes per task: [6, 7, 6, 7, 7, 6, 6, 6, 7, 6]
[STATE 2026-03-27 01:06:44] Loader 'task_incremental_loader' ready: 1024 inputs, 64 outputs, 10 tasks
n_outputs: 64 	n_tasks: 10
[STATE 2026-03-27 01:06:44] Logging to logs//smaml/full-tasks_all-10epochs_weighted-loss-2026-03-27_01-05-41-9432/0
True
Model device: cuda:0
[STATE 2026-03-27 01:06:44] Model initialized on device cuda:0
[STATE 2026-03-27 01:06:44] Invoking continual life experience flow
[STATE 2026-03-27 01:06:44] Life experience start: 10 tasks queued
Task 0: 50362 training samples, 16787 test samples.
[STATE 2026-03-27 01:06:44] Starting task 0 (1/10)
[STATE 2026-03-27 01:06:44] Task 0 Epoch 1/10: entering train loop
[STATE 2026-03-27 01:25:20] Task 0 Epoch 1/10: running validation (end of epoch)
---- Eval at Epoch 0: cls [0.7874410949513715] | det_recall [0.8833393888292695] | det_fa [0.0960689003419976] ----
T0 Ep 1/10 | L 0.5910 | Train Acc 0.59 | Prec 0.71 | F1 0.64 | Det Rec 0.84 | Det FA 0.11 | Epoch Time 1121.82s (Eval 6.33s, Train 1115.49s)
[STATE 2026-03-27 01:25:26] T0 Ep 1/10 complete: Prec 0.7094 F1 0.6389 DetRec 0.8412 DetFA 0.1053 | 1121.82s total (6.33s eval/1115.49s train)
[STATE 2026-03-27 01:25:26] Task 0 Epoch 2/10: entering train loop
T0 Ep 2/10 | L 0.3085 | Train Acc 0.82 | Prec 0.92 | F1 0.84 | Det Rec 0.89 | Det FA 0.10 | Epoch Time 1127.32s (Eval 0.00s, Train 1127.32s)
[STATE 2026-03-27 01:44:13] T0 Ep 2/10 complete: Prec 0.9222 F1 0.8385 DetRec 0.8940 DetFA 0.0974 | 1127.32s total (0.00s eval/1127.32s train)
[STATE 2026-03-27 01:44:13] Task 0 Epoch 3/10: entering train loop
T0 Ep 3/10 | L 0.2655 | Train Acc 0.84 | Prec 0.94 | F1 0.86 | Det Rec 0.90 | Det FA 0.10 | Epoch Time 1142.28s (Eval 0.00s, Train 1142.28s)
[STATE 2026-03-27 02:03:15] T0 Ep 3/10 complete: Prec 0.9361 F1 0.8582 DetRec 0.8999 DetFA 0.0983 | 1142.28s total (0.00s eval/1142.28s train)
[STATE 2026-03-27 02:03:15] Task 0 Epoch 4/10: entering train loop
T0 Ep 4/10 | L 0.2480 | Train Acc 0.86 | Prec 0.94 | F1 0.87 | Det Rec 0.90 | Det FA 0.10 | Epoch Time 1152.70s (Eval 0.00s, Train 1152.70s)
[STATE 2026-03-27 02:22:28] T0 Ep 4/10 complete: Prec 0.9384 F1 0.8652 DetRec 0.9035 DetFA 0.1017 | 1152.70s total (0.00s eval/1152.70s train)
[STATE 2026-03-27 02:22:28] Task 0 Epoch 5/10: entering train loop
T0 Ep 5/10 | L 0.2275 | Train Acc 0.86 | Prec 0.94 | F1 0.87 | Det Rec 0.91 | Det FA 0.10 | Epoch Time 1151.05s (Eval 0.00s, Train 1151.05s)
[STATE 2026-03-27 02:41:39] T0 Ep 5/10 complete: Prec 0.9445 F1 0.8729 DetRec 0.9077 DetFA 0.0950 | 1151.05s total (0.00s eval/1151.05s train)
[STATE 2026-03-27 02:41:39] Task 0 Epoch 6/10: entering train loop
T0 Ep 6/10 | L 0.2115 | Train Acc 0.87 | Prec 0.95 | F1 0.88 | Det Rec 0.91 | Det FA 0.09 | Epoch Time 1108.32s (Eval 0.00s, Train 1108.32s)
[STATE 2026-03-27 03:00:07] T0 Ep 6/10 complete: Prec 0.9500 F1 0.8803 DetRec 0.9112 DetFA 0.0932 | 1108.32s total (0.00s eval/1108.32s train)
[STATE 2026-03-27 03:00:07] Task 0 Epoch 7/10: entering train loop
T0 Ep 7/10 | L 0.2020 | Train Acc 0.88 | Prec 0.95 | F1 0.88 | Det Rec 0.91 | Det FA 0.09 | Epoch Time 1150.68s (Eval 0.00s, Train 1150.68s)
[STATE 2026-03-27 03:19:18] T0 Ep 7/10 complete: Prec 0.9514 F1 0.8827 DetRec 0.9124 DetFA 0.0908 | 1150.68s total (0.00s eval/1150.68s train)
[STATE 2026-03-27 03:19:18] Task 0 Epoch 8/10: entering train loop
T0 Ep 8/10 | L 0.1888 | Train Acc 0.88 | Prec 0.95 | F1 0.89 | Det Rec 0.92 | Det FA 0.09 | Epoch Time 1154.75s (Eval 0.00s, Train 1154.75s)
[STATE 2026-03-27 03:38:33] T0 Ep 8/10 complete: Prec 0.9542 F1 0.8876 DetRec 0.9161 DetFA 0.0869 | 1154.75s total (0.00s eval/1154.75s train)
[STATE 2026-03-27 03:38:33] Task 0 Epoch 9/10: entering train loop
T0 Ep 9/10 | L 0.1749 | Train Acc 0.89 | Prec 0.96 | F1 0.90 | Det Rec 0.92 | Det FA 0.08 | Epoch Time 999.49s (Eval 0.00s, Train 999.49s)
[STATE 2026-03-27 03:55:12] T0 Ep 9/10 complete: Prec 0.9598 F1 0.8951 DetRec 0.9203 DetFA 0.0811 | 999.49s total (0.00s eval/999.49s train)
[STATE 2026-03-27 03:55:12] Task 0 Epoch 10/10: entering train loop
T0 Ep 10/10 | L 0.1647 | Train Acc 0.89 | Prec 0.96 | F1 0.90 | Det Rec 0.93 | Det FA 0.07 | Epoch Time 950.87s (Eval 0.00s, Train 950.87s)
[STATE 2026-03-27 04:11:03] T0 Ep 10/10 complete: Prec 0.9613 F1 0.8993 DetRec 0.9251 DetFA 0.0739 | 950.87s total (0.00s eval/950.87s train)
[STATE 2026-03-27 04:11:03] Task 0: running final validation.
[STATE 2026-03-27 04:11:09] Completed task 0 (1/10)
Task 1: 51916 training samples, 17305 test samples.
[STATE 2026-03-27 04:11:09] Starting task 1 (2/10)
[STATE 2026-03-27 04:11:09] Task 1 Epoch 1/10: entering train loop
[STATE 2026-03-27 04:27:31] Task 1 Epoch 1/10: running validation (end of epoch)
---- Eval at Epoch 0: cls [0.8049988389481064, 0.7708511403626654] | det_recall [0.8853005853176812, 0.8983092728682512] | det_fa [0.1197830023343604, 0.06731565294033663] ----
T1 Ep 1/10 | L 0.4364 | Train Acc 0.64 | Prec 0.77 | F1 0.69 | Det Rec 0.86 | Det FA 0.07 | Epoch Time 993.42s (Eval 11.77s, Train 981.65s)
[STATE 2026-03-27 04:27:43] T1 Ep 1/10 complete: Prec 0.7721 F1 0.6902 DetRec 0.8644 DetFA 0.0680 | 993.42s total (11.77s eval/981.65s train)
[STATE 2026-03-27 04:27:43] Task 1 Epoch 2/10: entering train loop
T1 Ep 2/10 | L 0.2555 | Train Acc 0.81 | Prec 0.91 | F1 0.85 | Det Rec 0.92 | Det FA 0.04 | Epoch Time 977.59s (Eval 0.00s, Train 977.59s)
[STATE 2026-03-27 04:44:00] T1 Ep 2/10 complete: Prec 0.9062 F1 0.8464 DetRec 0.9196 DetFA 0.0402 | 977.59s total (0.00s eval/977.59s train)
[STATE 2026-03-27 04:44:00] Task 1 Epoch 3/10: entering train loop
T1 Ep 3/10 | L 0.2142 | Train Acc 0.84 | Prec 0.93 | F1 0.87 | Det Rec 0.92 | Det FA 0.04 | Epoch Time 977.22s (Eval 0.00s, Train 977.22s)
[STATE 2026-03-27 05:00:17] T1 Ep 3/10 complete: Prec 0.9302 F1 0.8730 DetRec 0.9248 DetFA 0.0383 | 977.22s total (0.00s eval/977.22s train)
[STATE 2026-03-27 05:00:17] Task 1 Epoch 4/10: entering train loop
T1 Ep 4/10 | L 0.2150 | Train Acc 0.84 | Prec 0.93 | F1 0.87 | Det Rec 0.92 | Det FA 0.05 | Epoch Time 977.15s (Eval 0.00s, Train 977.15s)
[STATE 2026-03-27 05:16:35] T1 Ep 4/10 complete: Prec 0.9294 F1 0.8704 DetRec 0.9213 DetFA 0.0480 | 977.15s total (0.00s eval/977.15s train)
[STATE 2026-03-27 05:16:35] Task 1 Epoch 5/10: entering train loop
T1 Ep 5/10 | L 0.1714 | Train Acc 0.86 | Prec 0.94 | F1 0.89 | Det Rec 0.94 | Det FA 0.03 | Epoch Time 977.58s (Eval 0.00s, Train 977.58s)
[STATE 2026-03-27 05:32:52] T1 Ep 5/10 complete: Prec 0.9370 F1 0.8913 DetRec 0.9385 DetFA 0.0299 | 977.58s total (0.00s eval/977.58s train)
[STATE 2026-03-27 05:32:52] Task 1 Epoch 6/10: entering train loop
T1 Ep 6/10 | L 0.1602 | Train Acc 0.87 | Prec 0.94 | F1 0.88 | Det Rec 0.92 | Det FA 0.08 | Epoch Time 976.79s (Eval 0.00s, Train 976.79s)
[STATE 2026-03-27 05:49:09] T1 Ep 6/10 complete: Prec 0.9400 F1 0.8808 DetRec 0.9176 DetFA 0.0759 | 976.79s total (0.00s eval/976.79s train)
[STATE 2026-03-27 05:49:09] Task 1 Epoch 7/10: entering train loop
T1 Ep 7/10 | L 0.1439 | Train Acc 0.87 | Prec 0.94 | F1 0.88 | Det Rec 0.91 | Det FA 0.10 | Epoch Time 977.37s (Eval 0.00s, Train 977.37s)
[STATE 2026-03-27 06:05:26] T1 Ep 7/10 complete: Prec 0.9430 F1 0.8798 DetRec 0.9080 DetFA 0.0981 | 977.37s total (0.00s eval/977.37s train)
[STATE 2026-03-27 06:05:26] Task 1 Epoch 8/10: entering train loop
T1 Ep 8/10 | L 0.1349 | Train Acc 0.87 | Prec 0.95 | F1 0.89 | Det Rec 0.91 | Det FA 0.09 | Epoch Time 982.39s (Eval 0.00s, Train 982.39s)
[STATE 2026-03-27 06:21:49] T1 Ep 8/10 complete: Prec 0.9457 F1 0.8850 DetRec 0.9138 DetFA 0.0887 | 982.39s total (0.00s eval/982.39s train)
[STATE 2026-03-27 06:21:49] Task 1 Epoch 9/10: entering train loop
T1 Ep 9/10 | L 0.1227 | Train Acc 0.90 | Prec 0.95 | F1 0.92 | Det Rec 0.96 | Det FA 0.02 | Epoch Time 984.92s (Eval 0.00s, Train 984.92s)
[STATE 2026-03-27 06:38:14] T1 Ep 9/10 complete: Prec 0.9481 F1 0.9153 DetRec 0.9560 DetFA 0.0222 | 984.92s total (0.00s eval/984.92s train)
[STATE 2026-03-27 06:38:14] Task 1 Epoch 10/10: entering train loop
T1 Ep 10/10 | L 0.1195 | Train Acc 0.89 | Prec 0.95 | F1 0.89 | Det Rec 0.92 | Det FA 0.09 | Epoch Time 982.57s (Eval 0.00s, Train 982.57s)
[STATE 2026-03-27 06:54:36] T1 Ep 10/10 complete: Prec 0.9502 F1 0.8933 DetRec 0.9176 DetFA 0.0941 | 982.57s total (0.00s eval/982.57s train)
[STATE 2026-03-27 06:54:36] Task 1: running final validation.
[STATE 2026-03-27 06:54:48] Completed task 1 (2/10)
Task 2: 350028 training samples, 175014 test samples.
[STATE 2026-03-27 06:54:49] Starting task 2 (3/10)
[STATE 2026-03-27 06:54:49] Task 2 Epoch 1/10: entering train loop
[STATE 2026-03-27 08:45:09] Task 2 Epoch 1/10: running validation (end of epoch)
---- Eval at Epoch 0: cls [0.6993441867871345, 0.710798300007324, 0.6764525761925216] | det_recall [0.8582778347121924, 0.7657598494794661, 0.8563746402531559] | det_fa [0.20197276264335842, 0.334493739750522, 0.14528239727885262] ----
T2 Ep 1/10 | L 0.6799 | Train Acc 0.57 | Prec 0.72 | F1 0.63 | Det Rec 0.84 | Det FA 0.16 | Epoch Time 6692.26s (Eval 71.55s, Train 6620.71s)
[STATE 2026-03-27 08:46:21] T2 Ep 1/10 complete: Prec 0.7193 F1 0.6279 DetRec 0.8369 DetFA 0.1647 | 6692.26s total (71.55s eval/6620.71s train)
[STATE 2026-03-27 08:46:21] Task 2 Epoch 2/10: entering train loop
T2 Ep 2/10 | L 0.4783 | Train Acc 0.70 | Prec 0.83 | F1 0.75 | Det Rec 0.87 | Det FA 0.14 | Epoch Time 7050.81s (Eval 0.00s, Train 7050.81s)
[STATE 2026-03-27 10:43:52] T2 Ep 2/10 complete: Prec 0.8333 F1 0.7455 DetRec 0.8657 DetFA 0.1356 | 7050.81s total (0.00s eval/7050.81s train)
[STATE 2026-03-27 10:43:52] Task 2 Epoch 3/10: entering train loop
T2 Ep 3/10 | L 0.4114 | Train Acc 0.72 | Prec 0.85 | F1 0.76 | Det Rec 0.87 | Det FA 0.13 | Epoch Time 7329.24s (Eval 0.00s, Train 7329.24s)
[STATE 2026-03-27 12:46:01] T2 Ep 3/10 complete: Prec 0.8468 F1 0.7629 DetRec 0.8738 DetFA 0.1265 | 7329.24s total (0.00s eval/7329.24s train)
[STATE 2026-03-27 12:46:01] Task 2 Epoch 4/10: entering train loop
T2 Ep 4/10 | L 0.3762 | Train Acc 0.74 | Prec 0.85 | F1 0.77 | Det Rec 0.88 | Det FA 0.13 | Epoch Time 7227.50s (Eval 0.00s, Train 7227.50s)
[STATE 2026-03-27 14:46:28] T2 Ep 4/10 complete: Prec 0.8528 F1 0.7727 DetRec 0.8776 DetFA 0.1287 | 7227.50s total (0.00s eval/7227.50s train)
[STATE 2026-03-27 14:46:28] Task 2 Epoch 5/10: entering train loop
T2 Ep 5/10 | L 0.3527 | Train Acc 0.74 | Prec 0.85 | F1 0.78 | Det Rec 0.88 | Det FA 0.13 | Epoch Time 7291.75s (Eval 0.00s, Train 7291.75s)
[STATE 2026-03-27 16:48:00] T2 Ep 5/10 complete: Prec 0.8526 F1 0.7782 DetRec 0.8813 DetFA 0.1301 | 7291.75s total (0.00s eval/7291.75s train)
[STATE 2026-03-27 16:48:00] Task 2 Epoch 6/10: entering train loop
T2 Ep 6/10 | L 0.3387 | Train Acc 0.75 | Prec 0.85 | F1 0.78 | Det Rec 0.88 | Det FA 0.13 | Epoch Time 3839.12s (Eval 0.00s, Train 3839.12s)
[STATE 2026-03-27 17:51:59] T2 Ep 6/10 complete: Prec 0.8533 F1 0.7816 DetRec 0.8832 DetFA 0.1283 | 3839.12s total (0.00s eval/3839.12s train)
[STATE 2026-03-27 17:51:59] Task 2 Epoch 7/10: entering train loop
T2 Ep 7/10 | L 0.3255 | Train Acc 0.75 | Prec 0.85 | F1 0.78 | Det Rec 0.88 | Det FA 0.13 | Epoch Time 3467.13s (Eval 0.00s, Train 3467.13s)
[STATE 2026-03-27 18:49:46] T2 Ep 7/10 complete: Prec 0.8484 F1 0.7813 DetRec 0.8847 DetFA 0.1284 | 3467.13s total (0.00s eval/3467.13s train)
[STATE 2026-03-27 18:49:46] Task 2 Epoch 8/10: entering train loop
T2 Ep 8/10 | L 0.3156 | Train Acc 0.76 | Prec 0.84 | F1 0.78 | Det Rec 0.88 | Det FA 0.13 | Epoch Time 3475.21s (Eval 0.00s, Train 3475.21s)
[STATE 2026-03-27 19:47:42] T2 Ep 8/10 complete: Prec 0.8445 F1 0.7817 DetRec 0.8847 DetFA 0.1340 | 3475.21s total (0.00s eval/3475.21s train)
[STATE 2026-03-27 19:47:42] Task 2 Epoch 9/10: entering train loop
T2 Ep 9/10 | L 0.3068 | Train Acc 0.76 | Prec 0.83 | F1 0.78 | Det Rec 0.88 | Det FA 0.14 | Epoch Time 3467.80s (Eval 0.00s, Train 3467.80s)
[STATE 2026-03-27 20:45:29] T2 Ep 9/10 complete: Prec 0.8323 F1 0.7774 DetRec 0.8843 DetFA 0.1449 | 3467.80s total (0.00s eval/3467.80s train)
[STATE 2026-03-27 20:45:29] Task 2 Epoch 10/10: entering train loop
T2 Ep 10/10 | L 0.3012 | Train Acc 0.76 | Prec 0.83 | F1 0.78 | Det Rec 0.88 | Det FA 0.16 | Epoch Time 3470.95s (Eval 0.00s, Train 3470.95s)
[STATE 2026-03-27 21:43:20] T2 Ep 10/10 complete: Prec 0.8269 F1 0.7752 DetRec 0.8826 DetFA 0.1555 | 3470.95s total (0.00s eval/3470.95s train)
[STATE 2026-03-27 21:43:20] Task 2: running final validation.
[STATE 2026-03-27 21:44:20] Completed task 2 (3/10)
Task 3: 24480 training samples, 8160 test samples.
[STATE 2026-03-27 21:44:21] Starting task 3 (4/10)
[STATE 2026-03-27 21:44:21] Task 3 Epoch 1/10: entering train loop
[STATE 2026-03-27 21:48:23] Task 3 Epoch 1/10: running validation (end of epoch)
---- Eval at Epoch 0: cls [0.5255327842405045, 0.4717022393434793, 0.6856477948593369, 0.5738637190304161] | det_recall [0.8374460534628451, 0.80267884446428, 0.7819820552392448, 0.9937594057368236] | det_fa [0.16656139778253848, 0.23321092404550658, 0.4261638350147365, 0.011989936480273439] ----
T3 Ep 1/10 | L 0.9108 | Train Acc 0.49 | Prec 0.50 | F1 0.54 | Det Rec 0.98 | Det FA 0.01 | Epoch Time 304.05s (Eval 62.03s, Train 242.02s)
[STATE 2026-03-27 21:49:25] T3 Ep 1/10 complete: Prec 0.4955 F1 0.5351 DetRec 0.9780 DetFA 0.0091 | 304.05s total (62.03s eval/242.02s train)
[STATE 2026-03-27 21:49:25] Task 3 Epoch 2/10: entering train loop
T3 Ep 2/10 | L 0.4893 | Train Acc 0.57 | Prec 0.58 | F1 0.61 | Det Rec 1.00 | Det FA 0.01 | Epoch Time 241.97s (Eval 0.00s, Train 241.97s)
[STATE 2026-03-27 21:53:27] T3 Ep 2/10 complete: Prec 0.5772 F1 0.6121 DetRec 0.9962 DetFA 0.0070 | 241.97s total (0.00s eval/241.97s train)
[STATE 2026-03-27 21:53:27] Task 3 Epoch 3/10: entering train loop
T3 Ep 3/10 | L 0.3238 | Train Acc 0.59 | Prec 0.61 | F1 0.64 | Det Rec 1.00 | Det FA 0.00 | Epoch Time 243.07s (Eval 0.00s, Train 243.07s)
[STATE 2026-03-27 21:57:30] T3 Ep 3/10 complete: Prec 0.6052 F1 0.6386 DetRec 0.9981 DetFA 0.0032 | 243.07s total (0.00s eval/243.07s train)
[STATE 2026-03-27 21:57:30] Task 3 Epoch 4/10: entering train loop
T3 Ep 4/10 | L 0.2881 | Train Acc 0.60 | Prec 0.62 | F1 0.65 | Det Rec 1.00 | Det FA 0.00 | Epoch Time 242.04s (Eval 0.00s, Train 242.04s)
[STATE 2026-03-27 22:01:32] T3 Ep 4/10 complete: Prec 0.6162 F1 0.6476 DetRec 0.9988 DetFA 0.0018 | 242.04s total (0.00s eval/242.04s train)
[STATE 2026-03-27 22:01:32] Task 3 Epoch 5/10: entering train loop
T3 Ep 5/10 | L 0.2647 | Train Acc 0.62 | Prec 0.64 | F1 0.67 | Det Rec 1.00 | Det FA 0.00 | Epoch Time 242.44s (Eval 0.00s, Train 242.44s)
[STATE 2026-03-27 22:05:34] T3 Ep 5/10 complete: Prec 0.6383 F1 0.6681 DetRec 0.9991 DetFA 0.0011 | 242.44s total (0.00s eval/242.44s train)
[STATE 2026-03-27 22:05:34] Task 3 Epoch 6/10: entering train loop
T3 Ep 6/10 | L 0.2482 | Train Acc 0.64 | Prec 0.66 | F1 0.68 | Det Rec 1.00 | Det FA 0.00 | Epoch Time 243.26s (Eval 0.00s, Train 243.26s)
[STATE 2026-03-27 22:09:37] T3 Ep 6/10 complete: Prec 0.6567 F1 0.6832 DetRec 0.9994 DetFA 0.0008 | 243.26s total (0.00s eval/243.26s train)
[STATE 2026-03-27 22:09:37] Task 3 Epoch 7/10: entering train loop
T3 Ep 7/10 | L 0.2299 | Train Acc 0.66 | Prec 0.68 | F1 0.70 | Det Rec 1.00 | Det FA 0.00 | Epoch Time 242.83s (Eval 0.00s, Train 242.83s)
[STATE 2026-03-27 22:13:40] T3 Ep 7/10 complete: Prec 0.6764 F1 0.6995 DetRec 0.9996 DetFA 0.0005 | 242.83s total (0.00s eval/242.83s train)
[STATE 2026-03-27 22:13:40] Task 3 Epoch 8/10: entering train loop
T3 Ep 8/10 | L 0.2100 | Train Acc 0.68 | Prec 0.69 | F1 0.72 | Det Rec 1.00 | Det FA 0.00 | Epoch Time 244.78s (Eval 0.00s, Train 244.78s)
[STATE 2026-03-27 22:17:45] T3 Ep 8/10 complete: Prec 0.6928 F1 0.7231 DetRec 0.9994 DetFA 0.0009 | 244.78s total (0.00s eval/244.78s train)
[STATE 2026-03-27 22:17:45] Task 3 Epoch 9/10: entering train loop
T3 Ep 9/10 | L 0.2031 | Train Acc 0.68 | Prec 0.69 | F1 0.72 | Det Rec 1.00 | Det FA 0.00 | Epoch Time 244.12s (Eval 0.00s, Train 244.12s)
[STATE 2026-03-27 22:21:49] T3 Ep 9/10 complete: Prec 0.6908 F1 0.7175 DetRec 0.9996 DetFA 0.0004 | 244.12s total (0.00s eval/244.12s train)
[STATE 2026-03-27 22:21:49] Task 3 Epoch 10/10: entering train loop
T3 Ep 10/10 | L 0.1838 | Train Acc 0.71 | Prec 0.72 | F1 0.74 | Det Rec 1.00 | Det FA 0.00 | Epoch Time 244.83s (Eval 0.00s, Train 244.83s)
[STATE 2026-03-27 22:25:54] T3 Ep 10/10 complete: Prec 0.7195 F1 0.7441 DetRec 0.9997 DetFA 0.0004 | 244.83s total (0.00s eval/244.83s train)
[STATE 2026-03-27 22:25:54] Task 3: running final validation.
[STATE 2026-03-27 22:26:56] Completed task 3 (4/10)
Task 4: 24480 training samples, 8160 test samples.
[STATE 2026-03-27 22:26:56] Starting task 4 (5/10)
[STATE 2026-03-27 22:26:56] Task 4 Epoch 1/10: entering train loop
[STATE 2026-03-27 22:30:58] Task 4 Epoch 1/10: running validation (end of epoch)
---- Eval at Epoch 0: cls [0.6099662017591753, 0.5623033685629012, 0.6825410482096789, 0.5343719472862676, 0.4983309630494888] | det_recall [0.8549704788639009, 0.8162390372993765, 0.8283009469353393, 0.9996318249573526, 1.0] | det_fa [0.1762233726913112, 0.25858631398677406, 0.26625865579268276, 0.0, 0.0] ----
T4 Ep 1/10 | L 0.4052 | Train Acc 0.43 | Prec 0.44 | F1 0.48 | Det Rec 1.00 | Det FA 0.00 | Epoch Time 305.37s (Eval 63.24s, Train 242.13s)
[STATE 2026-03-27 22:32:01] T4 Ep 1/10 complete: Prec 0.4367 F1 0.4813 DetRec 0.9960 DetFA 0.0000 | 305.37s total (63.24s eval/242.13s train)
[STATE 2026-03-27 22:32:01] Task 4 Epoch 2/10: entering train loop
T4 Ep 2/10 | L 0.3057 | Train Acc 0.52 | Prec 0.55 | F1 0.57 | Det Rec 1.00 | Det FA 0.00 | Epoch Time 243.51s (Eval 0.00s, Train 243.51s)
[STATE 2026-03-27 22:36:05] T4 Ep 2/10 complete: Prec 0.5467 F1 0.5744 DetRec 1.0000 DetFA 0.0000 | 243.51s total (0.00s eval/243.51s train)
[STATE 2026-03-27 22:36:05] Task 4 Epoch 3/10: entering train loop
T4 Ep 3/10 | L 0.2744 | Train Acc 0.57 | Prec 0.59 | F1 0.62 | Det Rec 1.00 | Det FA 0.00 | Epoch Time 243.61s (Eval 0.00s, Train 243.61s)
[STATE 2026-03-27 22:40:08] T4 Ep 3/10 complete: Prec 0.5896 F1 0.6165 DetRec 1.0000 DetFA 0.0000 | 243.61s total (0.00s eval/243.61s train)
[STATE 2026-03-27 22:40:08] Task 4 Epoch 4/10: entering train loop
T4 Ep 4/10 | L 0.2483 | Train Acc 0.61 | Prec 0.63 | F1 0.66 | Det Rec 1.00 | Det FA 0.00 | Epoch Time 243.31s (Eval 0.00s, Train 243.31s)
[STATE 2026-03-27 22:44:12] T4 Ep 4/10 complete: Prec 0.6302 F1 0.6569 DetRec 1.0000 DetFA 0.0000 | 243.31s total (0.00s eval/243.31s train)
[STATE 2026-03-27 22:44:12] Task 4 Epoch 5/10: entering train loop
T4 Ep 5/10 | L 0.2317 | Train Acc 0.64 | Prec 0.66 | F1 0.68 | Det Rec 1.00 | Det FA 0.00 | Epoch Time 242.20s (Eval 0.00s, Train 242.20s)
[STATE 2026-03-27 22:48:14] T4 Ep 5/10 complete: Prec 0.6605 F1 0.6824 DetRec 1.0000 DetFA 0.0000 | 242.20s total (0.00s eval/242.20s train)
[STATE 2026-03-27 22:48:14] Task 4 Epoch 6/10: entering train loop
T4 Ep 6/10 | L 0.2006 | Train Acc 0.67 | Prec 0.69 | F1 0.71 | Det Rec 1.00 | Det FA 0.00 | Epoch Time 243.00s (Eval 0.00s, Train 243.00s)
[STATE 2026-03-27 22:52:17] T4 Ep 6/10 complete: Prec 0.6858 F1 0.7118 DetRec 1.0000 DetFA 0.0000 | 243.00s total (0.00s eval/243.00s train)
[STATE 2026-03-27 22:52:17] Task 4 Epoch 7/10: entering train loop
T4 Ep 7/10 | L 0.1741 | Train Acc 0.71 | Prec 0.72 | F1 0.74 | Det Rec 1.00 | Det FA 0.00 | Epoch Time 242.07s (Eval 0.00s, Train 242.07s)
[STATE 2026-03-27 22:56:19] T4 Ep 7/10 complete: Prec 0.7181 F1 0.7445 DetRec 1.0000 DetFA 0.0000 | 242.07s total (0.00s eval/242.07s train)
[STATE 2026-03-27 22:56:19] Task 4 Epoch 8/10: entering train loop
T4 Ep 8/10 | L 0.1617 | Train Acc 0.72 | Prec 0.74 | F1 0.76 | Det Rec 1.00 | Det FA 0.00 | Epoch Time 242.55s (Eval 0.00s, Train 242.55s)
[STATE 2026-03-27 23:00:22] T4 Ep 8/10 complete: Prec 0.7365 F1 0.7557 DetRec 1.0000 DetFA 0.0000 | 242.55s total (0.00s eval/242.55s train)
[STATE 2026-03-27 23:00:22] Task 4 Epoch 9/10: entering train loop
T4 Ep 9/10 | L 0.1572 | Train Acc 0.74 | Prec 0.75 | F1 0.77 | Det Rec 1.00 | Det FA 0.00 | Epoch Time 242.26s (Eval 0.00s, Train 242.26s)
[STATE 2026-03-27 23:04:24] T4 Ep 9/10 complete: Prec 0.7541 F1 0.7726 DetRec 1.0000 DetFA 0.0000 | 242.26s total (0.00s eval/242.26s train)
[STATE 2026-03-27 23:04:24] Task 4 Epoch 10/10: entering train loop
T4 Ep 10/10 | L 0.1352 | Train Acc 0.78 | Prec 0.79 | F1 0.80 | Det Rec 1.00 | Det FA 0.00 | Epoch Time 244.30s (Eval 0.00s, Train 244.30s)
[STATE 2026-03-27 23:08:28] T4 Ep 10/10 complete: Prec 0.7857 F1 0.8009 DetRec 1.0000 DetFA 0.0000 | 244.30s total (0.00s eval/244.30s train)
[STATE 2026-03-27 23:08:28] Task 4: running final validation.
[STATE 2026-03-27 23:09:32] Completed task 4 (5/10)
Task 5: 201410 training samples, 100705 test samples.
[STATE 2026-03-27 23:09:32] Starting task 5 (6/10)
[STATE 2026-03-27 23:09:32] Task 5 Epoch 1/10: entering train loop
[STATE 2026-03-27 23:42:59] Task 5 Epoch 1/10: running validation (end of epoch)
---- Eval at Epoch 0: cls [0.5776376537132005, 0.4905314294747696, 0.6776934181949676, 0.5153871323425375, 0.4763921325889845, 0.742532706690667] | det_recall [0.8401904321853857, 0.7916314452953679, 0.8407259489364486, 0.9969619513260577, 1.0, 0.8950211313043928] | det_fa [0.2615828237817312, 0.2645791032454786, 0.27788089661101556, 0.0, 0.0, 0.13096395234390093] ----
T5 Ep 1/10 | L 0.4036 | Train Acc 0.68 | Prec 0.81 | F1 0.72 | Det Rec 0.88 | Det FA 0.16 | Epoch Time 2099.99s (Eval 93.28s, Train 2006.71s)
[STATE 2026-03-27 23:44:32] T5 Ep 1/10 complete: Prec 0.8143 F1 0.7250 DetRec 0.8813 DetFA 0.1563 | 2099.99s total (93.28s eval/2006.71s train)
[STATE 2026-03-27 23:44:32] Task 5 Epoch 2/10: entering train loop
T5 Ep 2/10 | L 0.2801 | Train Acc 0.77 | Prec 0.87 | F1 0.80 | Det Rec 0.90 | Det FA 0.13 | Epoch Time 1995.37s (Eval 0.00s, Train 1995.37s)
[STATE 2026-03-28 00:17:48] T5 Ep 2/10 complete: Prec 0.8674 F1 0.7983 DetRec 0.9000 DetFA 0.1335 | 1995.37s total (0.00s eval/1995.37s train)
[STATE 2026-03-28 00:17:48] Task 5 Epoch 3/10: entering train loop
T5 Ep 3/10 | L 0.2407 | Train Acc 0.79 | Prec 0.88 | F1 0.81 | Det Rec 0.90 | Det FA 0.14 | Epoch Time 1998.43s (Eval 0.00s, Train 1998.43s)
[STATE 2026-03-28 00:51:06] T5 Ep 3/10 complete: Prec 0.8759 F1 0.8124 DetRec 0.9036 DetFA 0.1354 | 1998.43s total (0.00s eval/1998.43s train)
[STATE 2026-03-28 00:51:06] Task 5 Epoch 4/10: entering train loop
T5 Ep 4/10 | L 0.2201 | Train Acc 0.80 | Prec 0.88 | F1 0.82 | Det Rec 0.91 | Det FA 0.13 | Epoch Time 1999.43s (Eval 0.00s, Train 1999.43s)
[STATE 2026-03-28 01:24:25] T5 Ep 4/10 complete: Prec 0.8816 F1 0.8214 DetRec 0.9068 DetFA 0.1317 | 1999.43s total (0.00s eval/1999.43s train)
[STATE 2026-03-28 01:24:25] Task 5 Epoch 5/10: entering train loop
T5 Ep 5/10 | L 0.2039 | Train Acc 0.81 | Prec 0.89 | F1 0.83 | Det Rec 0.91 | Det FA 0.13 | Epoch Time 1995.23s (Eval 0.00s, Train 1995.23s)
[STATE 2026-03-28 01:57:41] T5 Ep 5/10 complete: Prec 0.8891 F1 0.8301 DetRec 0.9097 DetFA 0.1288 | 1995.23s total (0.00s eval/1995.23s train)
[STATE 2026-03-28 01:57:41] Task 5 Epoch 6/10: entering train loop
T5 Ep 6/10 | L 0.1924 | Train Acc 0.82 | Prec 0.89 | F1 0.83 | Det Rec 0.91 | Det FA 0.13 | Epoch Time 1999.35s (Eval 0.00s, Train 1999.35s)
[STATE 2026-03-28 02:31:00] T5 Ep 6/10 complete: Prec 0.8882 F1 0.8336 DetRec 0.9104 DetFA 0.1322 | 1999.35s total (0.00s eval/1999.35s train)
[STATE 2026-03-28 02:31:00] Task 5 Epoch 7/10: entering train loop
T5 Ep 7/10 | L 0.1835 | Train Acc 0.82 | Prec 0.89 | F1 0.84 | Det Rec 0.91 | Det FA 0.13 | Epoch Time 1996.82s (Eval 0.00s, Train 1996.82s)
[STATE 2026-03-28 03:04:17] T5 Ep 7/10 complete: Prec 0.8938 F1 0.8387 DetRec 0.9113 DetFA 0.1290 | 1996.82s total (0.00s eval/1996.82s train)
[STATE 2026-03-28 03:04:17] Task 5 Epoch 8/10: entering train loop
T5 Ep 8/10 | L 0.1768 | Train Acc 0.83 | Prec 0.90 | F1 0.84 | Det Rec 0.91 | Det FA 0.13 | Epoch Time 1994.43s (Eval 0.00s, Train 1994.43s)
[STATE 2026-03-28 03:37:31] T5 Ep 8/10 complete: Prec 0.8951 F1 0.8414 DetRec 0.9123 DetFA 0.1301 | 1994.43s total (0.00s eval/1994.43s train)
[STATE 2026-03-28 03:37:31] Task 5 Epoch 9/10: entering train loop
T5 Ep 9/10 | L 0.1691 | Train Acc 0.83 | Prec 0.90 | F1 0.84 | Det Rec 0.91 | Det FA 0.13 | Epoch Time 1990.30s (Eval 0.00s, Train 1990.30s)
[STATE 2026-03-28 04:10:42] T5 Ep 9/10 complete: Prec 0.8956 F1 0.8438 DetRec 0.9134 DetFA 0.1288 | 1990.30s total (0.00s eval/1990.30s train)
[STATE 2026-03-28 04:10:42] Task 5 Epoch 10/10: entering train loop
T5 Ep 10/10 | L 0.1642 | Train Acc 0.83 | Prec 0.90 | F1 0.85 | Det Rec 0.91 | Det FA 0.13 | Epoch Time 1994.89s (Eval 0.00s, Train 1994.89s)
[STATE 2026-03-28 04:43:56] T5 Ep 10/10 complete: Prec 0.8984 F1 0.8468 DetRec 0.9147 DetFA 0.1256 | 1994.89s total (0.00s eval/1994.89s train)
[STATE 2026-03-28 04:43:56] Task 5: running final validation.
[STATE 2026-03-28 04:45:29] Completed task 5 (6/10)
Task 6: 17340 training samples, 6800 test samples.
[STATE 2026-03-28 04:45:29] Starting task 6 (7/10)
[STATE 2026-03-28 04:45:29] Task 6 Epoch 1/10: entering train loop
[STATE 2026-03-28 04:48:20] Task 6 Epoch 1/10: running validation (end of epoch)
---- Eval at Epoch 0: cls [0.5744285183607847, 0.4980941905024063, 0.6031583901438452, 0.45415825096786355, 0.40732243169382104, 0.786426825735726, 0.5152262425082167] | det_recall [0.8420194502001981, 0.812271944455714, 0.8002321213499733, 0.9897287923947756, 0.9998802681992337, 0.8708448077947721, 0.9976980641821372] | det_fa [0.20450428879061877, 0.22451211168555935, 0.32643700920247026, 0.00022241992882562276, 0.0, 0.2346086894605973, 0.004603871635725574] ----
T6 Ep 1/10 | L 0.5420 | Train Acc 0.43 | Prec 0.46 | F1 0.51 | Det Rec 0.97 | Det FA 0.02 | Epoch Time 264.41s (Eval 93.38s, Train 171.03s)
[STATE 2026-03-28 04:49:53] T6 Ep 1/10 complete: Prec 0.4649 F1 0.5097 DetRec 0.9725 DetFA 0.0164 | 264.41s total (93.38s eval/171.03s train)
[STATE 2026-03-28 04:49:53] Task 6 Epoch 2/10: entering train loop
T6 Ep 2/10 | L 0.3496 | Train Acc 0.53 | Prec 0.58 | F1 0.61 | Det Rec 1.00 | Det FA 0.00 | Epoch Time 172.48s (Eval 0.00s, Train 172.48s)
[STATE 2026-03-28 04:52:46] T6 Ep 2/10 complete: Prec 0.5755 F1 0.6084 DetRec 0.9997 DetFA 0.0005 | 172.48s total (0.00s eval/172.48s train)
[STATE 2026-03-28 04:52:46] Task 6 Epoch 3/10: entering train loop
T6 Ep 3/10 | L 0.3069 | Train Acc 0.56 | Prec 0.61 | F1 0.63 | Det Rec 1.00 | Det FA 0.00 | Epoch Time 173.03s (Eval 0.00s, Train 173.03s)
[STATE 2026-03-28 04:55:39] T6 Ep 3/10 complete: Prec 0.6100 F1 0.6323 DetRec 0.9997 DetFA 0.0005 | 173.03s total (0.00s eval/173.03s train)
[STATE 2026-03-28 04:55:39] Task 6 Epoch 4/10: entering train loop
T6 Ep 4/10 | L 0.2825 | Train Acc 0.59 | Prec 0.62 | F1 0.65 | Det Rec 1.00 | Det FA 0.00 | Epoch Time 171.69s (Eval 0.00s, Train 171.69s)
[STATE 2026-03-28 04:58:31] T6 Ep 4/10 complete: Prec 0.6212 F1 0.6531 DetRec 1.0000 DetFA 0.0000 | 171.69s total (0.00s eval/171.69s train)
[STATE 2026-03-28 04:58:31] Task 6 Epoch 5/10: entering train loop
T6 Ep 5/10 | L 0.2516 | Train Acc 0.62 | Prec 0.65 | F1 0.68 | Det Rec 1.00 | Det FA 0.00 | Epoch Time 171.80s (Eval 0.00s, Train 171.80s)
[STATE 2026-03-28 05:01:22] T6 Ep 5/10 complete: Prec 0.6489 F1 0.6801 DetRec 0.9999 DetFA 0.0001 | 171.80s total (0.00s eval/171.80s train)
[STATE 2026-03-28 05:01:22] Task 6 Epoch 6/10: entering train loop
T6 Ep 6/10 | L 0.2173 | Train Acc 0.66 | Prec 0.69 | F1 0.71 | Det Rec 1.00 | Det FA 0.00 | Epoch Time 173.67s (Eval 0.00s, Train 173.67s)
[STATE 2026-03-28 05:04:16] T6 Ep 6/10 complete: Prec 0.6853 F1 0.7099 DetRec 1.0000 DetFA 0.0000 | 173.67s total (0.00s eval/173.67s train)
[STATE 2026-03-28 05:04:16] Task 6 Epoch 7/10: entering train loop
T6 Ep 7/10 | L 0.2036 | Train Acc 0.67 | Prec 0.69 | F1 0.72 | Det Rec 1.00 | Det FA 0.00 | Epoch Time 172.28s (Eval 0.00s, Train 172.28s)
[STATE 2026-03-28 05:07:08] T6 Ep 7/10 complete: Prec 0.6932 F1 0.7241 DetRec 1.0000 DetFA 0.0000 | 172.28s total (0.00s eval/172.28s train)
[STATE 2026-03-28 05:07:08] Task 6 Epoch 8/10: entering train loop
T6 Ep 8/10 | L 0.1826 | Train Acc 0.70 | Prec 0.72 | F1 0.75 | Det Rec 1.00 | Det FA 0.00 | Epoch Time 173.00s (Eval 0.00s, Train 173.00s)
[STATE 2026-03-28 05:10:01] T6 Ep 8/10 complete: Prec 0.7224 F1 0.7474 DetRec 1.0000 DetFA 0.0000 | 173.00s total (0.00s eval/173.00s train)
[STATE 2026-03-28 05:10:01] Task 6 Epoch 9/10: entering train loop
T6 Ep 9/10 | L 0.1696 | Train Acc 0.71 | Prec 0.74 | F1 0.76 | Det Rec 1.00 | Det FA 0.00 | Epoch Time 172.54s (Eval 0.00s, Train 172.54s)
[STATE 2026-03-28 05:12:54] T6 Ep 9/10 complete: Prec 0.7364 F1 0.7564 DetRec 0.9999 DetFA 0.0001 | 172.54s total (0.00s eval/172.54s train)
[STATE 2026-03-28 05:12:54] Task 6 Epoch 10/10: entering train loop
T6 Ep 10/10 | L 0.1498 | Train Acc 0.74 | Prec 0.76 | F1 0.78 | Det Rec 1.00 | Det FA 0.00 | Epoch Time 172.78s (Eval 0.00s, Train 172.78s)
[STATE 2026-03-28 05:15:47] T6 Ep 10/10 complete: Prec 0.7644 F1 0.7781 DetRec 1.0000 DetFA 0.0000 | 172.78s total (0.00s eval/172.78s train)
[STATE 2026-03-28 05:15:47] Task 6: running final validation.
[STATE 2026-03-28 05:17:21] Completed task 6 (7/10)
Task 7: 188050 training samples, 94025 test samples.
[STATE 2026-03-28 05:17:21] Starting task 7 (8/10)
[STATE 2026-03-28 05:17:21] Task 7 Epoch 1/10: entering train loop
[STATE 2026-03-28 05:48:29] Task 7 Epoch 1/10: running validation (end of epoch)
---- Eval at Epoch 0: cls [0.4668389588294908, 0.43214230009323384, 0.6135973696986511, 0.39771284221407266, 0.3725024347901908, 0.7555840973653342, 0.46163642342311745, 0.7776675237036916] | det_recall [0.8212127965105331, 0.792701353767939, 0.8430382000515041, 0.9909230528456872, 0.9692630214549779, 0.8953156286354038, 0.9992349402132101, 0.8596589266808187] | det_fa [0.20202743779550053, 0.18338321859868403, 0.24374495731675777, 0.00048475829725829725, 0.0, 0.1290273328333416, 0.0015301195735797195, 0.22991123631002744] ----
T7 Ep 1/10 | L 0.3528 | Train Acc 0.73 | Prec 0.82 | F1 0.75 | Det Rec 0.86 | Det FA 0.22 | Epoch Time 1990.78s (Eval 122.58s, Train 1868.20s)
[STATE 2026-03-28 05:50:32] T7 Ep 1/10 complete: Prec 0.8205 F1 0.7543 DetRec 0.8590 DetFA 0.2223 | 1990.78s total (122.58s eval/1868.20s train)
[STATE 2026-03-28 05:50:32] Task 7 Epoch 2/10: entering train loop
T7 Ep 2/10 | L 0.2605 | Train Acc 0.79 | Prec 0.86 | F1 0.80 | Det Rec 0.87 | Det FA 0.20 | Epoch Time 1862.63s (Eval 0.00s, Train 1862.63s)
[STATE 2026-03-28 06:21:35] T7 Ep 2/10 complete: Prec 0.8612 F1 0.8049 DetRec 0.8709 DetFA 0.2038 | 1862.63s total (0.00s eval/1862.63s train)
[STATE 2026-03-28 06:21:35] Task 7 Epoch 3/10: entering train loop
T7 Ep 3/10 | L 0.2339 | Train Acc 0.81 | Prec 0.87 | F1 0.81 | Det Rec 0.87 | Det FA 0.21 | Epoch Time 1860.93s (Eval 0.00s, Train 1860.93s)
[STATE 2026-03-28 06:52:36] T7 Ep 3/10 complete: Prec 0.8653 F1 0.8144 DetRec 0.8728 DetFA 0.2107 | 1860.93s total (0.00s eval/1860.93s train)
[STATE 2026-03-28 06:52:36] Task 7 Epoch 4/10: entering train loop
T7 Ep 4/10 | L 0.2196 | Train Acc 0.82 | Prec 0.87 | F1 0.82 | Det Rec 0.87 | Det FA 0.21 | Epoch Time 1864.79s (Eval 0.00s, Train 1864.79s)
[STATE 2026-03-28 07:23:40] T7 Ep 4/10 complete: Prec 0.8719 F1 0.8212 DetRec 0.8748 DetFA 0.2079 | 1864.79s total (0.00s eval/1864.79s train)
[STATE 2026-03-28 07:23:40] Task 7 Epoch 5/10: entering train loop
T7 Ep 5/10 | L 0.2091 | Train Acc 0.82 | Prec 0.87 | F1 0.83 | Det Rec 0.87 | Det FA 0.22 | Epoch Time 1862.74s (Eval 0.00s, Train 1862.74s)
[STATE 2026-03-28 07:54:43] T7 Ep 5/10 complete: Prec 0.8748 F1 0.8271 DetRec 0.8745 DetFA 0.2171 | 1862.74s total (0.00s eval/1862.74s train)
[STATE 2026-03-28 07:54:43] Task 7 Epoch 6/10: entering train loop
T7 Ep 6/10 | L 0.2003 | Train Acc 0.83 | Prec 0.88 | F1 0.83 | Det Rec 0.88 | Det FA 0.22 | Epoch Time 1865.04s (Eval 0.00s, Train 1865.04s)
[STATE 2026-03-28 08:25:48] T7 Ep 6/10 complete: Prec 0.8820 F1 0.8306 DetRec 0.8750 DetFA 0.2171 | 1865.04s total (0.00s eval/1865.04s train)
[STATE 2026-03-28 08:25:48] Task 7 Epoch 7/10: entering train loop
T7 Ep 7/10 | L 0.1931 | Train Acc 0.83 | Prec 0.88 | F1 0.83 | Det Rec 0.87 | Det FA 0.22 | Epoch Time 1858.35s (Eval 0.00s, Train 1858.35s)
[STATE 2026-03-28 08:56:46] T7 Ep 7/10 complete: Prec 0.8847 F1 0.8340 DetRec 0.8742 DetFA 0.2237 | 1858.35s total (0.00s eval/1858.35s train)
[STATE 2026-03-28 08:56:46] Task 7 Epoch 8/10: entering train loop
T7 Ep 8/10 | L 0.1879 | Train Acc 0.83 | Prec 0.88 | F1 0.83 | Det Rec 0.87 | Det FA 0.23 | Epoch Time 1855.28s (Eval 0.00s, Train 1855.28s)
[STATE 2026-03-28 09:27:42] T7 Ep 8/10 complete: Prec 0.8823 F1 0.8331 DetRec 0.8740 DetFA 0.2254 | 1855.28s total (0.00s eval/1855.28s train)
[STATE 2026-03-28 09:27:42] Task 7 Epoch 9/10: entering train loop
T7 Ep 9/10 | L 0.1847 | Train Acc 0.83 | Prec 0.89 | F1 0.84 | Det Rec 0.88 | Det FA 0.22 | Epoch Time 1861.52s (Eval 0.00s, Train 1861.52s)
[STATE 2026-03-28 09:58:43] T7 Ep 9/10 complete: Prec 0.8896 F1 0.8391 DetRec 0.8777 DetFA 0.2176 | 1861.52s total (0.00s eval/1861.52s train)
[STATE 2026-03-28 09:58:43] Task 7 Epoch 10/10: entering train loop
T7 Ep 10/10 | L 0.1813 | Train Acc 0.83 | Prec 0.89 | F1 0.84 | Det Rec 0.88 | Det FA 0.22 | Epoch Time 1868.40s (Eval 0.00s, Train 1868.40s)
[STATE 2026-03-28 10:29:52] T7 Ep 10/10 complete: Prec 0.8915 F1 0.8402 DetRec 0.8769 DetFA 0.2225 | 1868.40s total (0.00s eval/1868.40s train)
[STATE 2026-03-28 10:29:52] Task 7: running final validation.
[STATE 2026-03-28 10:31:53] Completed task 7 (8/10)
Task 8: 36658 training samples, 12220 test samples.
[STATE 2026-03-28 10:31:53] Starting task 8 (9/10)
[STATE 2026-03-28 10:31:53] Task 8 Epoch 1/10: entering train loop
[STATE 2026-03-28 10:37:58] Task 8 Epoch 1/10: running validation (end of epoch)
---- Eval at Epoch 0: cls [0.6292840254495503, 0.5746994588322764, 0.5792906585909804, 0.34713742683956944, 0.3348340614701675, 0.7180281730471677, 0.37845064569237524, 0.7757061102169108, 0.46750095220307175] | det_recall [0.8363508275856125, 0.8224376149251909, 0.8166536622451755, 0.9485936509212225, 0.9631330128915214, 0.8857298339557137, 0.9473637936052774, 0.8567357227785818, 0.8179655308982013] | det_fa [0.15949306457749723, 0.11176675990700655, 0.308494229857896, 0.0, 0.0, 0.1380579377681079, 0.0, 0.2539924522562952, 0.017675816211305706] ----
T8 Ep 1/10 | L 0.5230 | Train Acc 0.34 | Prec 0.47 | F1 0.44 | Det Rec 0.75 | Det FA 0.04 | Epoch Time 489.68s (Eval 124.44s, Train 365.24s)
[STATE 2026-03-28 10:40:03] T8 Ep 1/10 complete: Prec 0.4720 F1 0.4449 DetRec 0.7546 DetFA 0.0350 | 489.68s total (124.44s eval/365.24s train)
[STATE 2026-03-28 10:40:03] Task 8 Epoch 2/10: entering train loop
T8 Ep 2/10 | L 0.2702 | Train Acc 0.51 | Prec 0.66 | F1 0.59 | Det Rec 0.83 | Det FA 0.02 | Epoch Time 363.27s (Eval 0.00s, Train 363.27s)
[STATE 2026-03-28 10:46:06] T8 Ep 2/10 complete: Prec 0.6557 F1 0.5939 DetRec 0.8300 DetFA 0.0175 | 363.27s total (0.00s eval/363.27s train)
[STATE 2026-03-28 10:46:06] Task 8 Epoch 3/10: entering train loop
T8 Ep 3/10 | L 0.2325 | Train Acc 0.54 | Prec 0.71 | F1 0.63 | Det Rec 0.84 | Det FA 0.02 | Epoch Time 365.90s (Eval 0.00s, Train 365.90s)
[STATE 2026-03-28 10:52:12] T8 Ep 3/10 complete: Prec 0.7134 F1 0.6259 DetRec 0.8424 DetFA 0.0185 | 365.90s total (0.00s eval/365.90s train)
[STATE 2026-03-28 10:52:12] Task 8 Epoch 4/10: entering train loop
T8 Ep 4/10 | L 0.2128 | Train Acc 0.59 | Prec 0.78 | F1 0.66 | Det Rec 0.86 | Det FA 0.03 | Epoch Time 363.68s (Eval 0.00s, Train 363.68s)
[STATE 2026-03-28 10:58:15] T8 Ep 4/10 complete: Prec 0.7794 F1 0.6634 DetRec 0.8550 DetFA 0.0281 | 363.68s total (0.00s eval/363.68s train)
[STATE 2026-03-28 10:58:15] Task 8 Epoch 5/10: entering train loop
T8 Ep 5/10 | L 0.1935 | Train Acc 0.62 | Prec 0.84 | F1 0.69 | Det Rec 0.86 | Det FA 0.03 | Epoch Time 365.12s (Eval 0.00s, Train 365.12s)
[STATE 2026-03-28 11:04:21] T8 Ep 5/10 complete: Prec 0.8367 F1 0.6891 DetRec 0.8633 DetFA 0.0290 | 365.12s total (0.00s eval/365.12s train)
[STATE 2026-03-28 11:04:21] Task 8 Epoch 6/10: entering train loop
T8 Ep 6/10 | L 0.1802 | Train Acc 0.64 | Prec 0.84 | F1 0.70 | Det Rec 0.87 | Det FA 0.03 | Epoch Time 362.41s (Eval 0.00s, Train 362.41s)
[STATE 2026-03-28 11:10:23] T8 Ep 6/10 complete: Prec 0.8372 F1 0.7023 DetRec 0.8657 DetFA 0.0333 | 362.41s total (0.00s eval/362.41s train)
[STATE 2026-03-28 11:10:23] Task 8 Epoch 7/10: entering train loop
T8 Ep 7/10 | L 0.1675 | Train Acc 0.66 | Prec 0.86 | F1 0.72 | Det Rec 0.87 | Det FA 0.03 | Epoch Time 365.05s (Eval 0.00s, Train 365.05s)
[STATE 2026-03-28 11:16:28] T8 Ep 7/10 complete: Prec 0.8584 F1 0.7180 DetRec 0.8721 DetFA 0.0324 | 365.05s total (0.00s eval/365.05s train)
[STATE 2026-03-28 11:16:28] Task 8 Epoch 8/10: entering train loop
T8 Ep 8/10 | L 0.1606 | Train Acc 0.69 | Prec 0.88 | F1 0.74 | Det Rec 0.88 | Det FA 0.04 | Epoch Time 363.97s (Eval 0.00s, Train 363.97s)
[STATE 2026-03-28 11:22:32] T8 Ep 8/10 complete: Prec 0.8754 F1 0.7395 DetRec 0.8797 DetFA 0.0407 | 363.97s total (0.00s eval/363.97s train)
[STATE 2026-03-28 11:22:32] Task 8 Epoch 9/10: entering train loop
T8 Ep 9/10 | L 0.1464 | Train Acc 0.69 | Prec 0.89 | F1 0.75 | Det Rec 0.88 | Det FA 0.03 | Epoch Time 364.55s (Eval 0.00s, Train 364.55s)
[STATE 2026-03-28 11:28:37] T8 Ep 9/10 complete: Prec 0.8862 F1 0.7451 DetRec 0.8826 DetFA 0.0322 | 364.55s total (0.00s eval/364.55s train)
[STATE 2026-03-28 11:28:37] Task 8 Epoch 10/10: entering train loop
T8 Ep 10/10 | L 0.1392 | Train Acc 0.72 | Prec 0.89 | F1 0.76 | Det Rec 0.89 | Det FA 0.04 | Epoch Time 365.50s (Eval 0.00s, Train 365.50s)
[STATE 2026-03-28 11:34:42] T8 Ep 10/10 complete: Prec 0.8924 F1 0.7558 DetRec 0.8854 DetFA 0.0419 | 365.50s total (0.00s eval/365.50s train)
[STATE 2026-03-28 11:34:42] Task 8: running final validation.
[STATE 2026-03-28 11:36:46] Completed task 8 (9/10)
Task 9: 17340 training samples, 6800 test samples.
[STATE 2026-03-28 11:36:46] Starting task 9 (10/10)
[STATE 2026-03-28 11:36:46] Task 9 Epoch 1/10: entering train loop
[STATE 2026-03-28 11:39:39] Task 9 Epoch 1/10: running validation (end of epoch)
---- Eval at Epoch 0: cls [0.561227061550399, 0.5947343263793118, 0.5640357190807254, 0.47612299823342497, 0.3975779514634049, 0.6959336322747736, 0.41224463347447277, 0.7494892928733201, 0.6045520825065356, 0.4281325591039034] | det_recall [0.8365916545192886, 0.8137701681136276, 0.7823424900398496, 0.9894342989869336, 0.9968524037657688, 0.8735657539052812, 0.9984579778821046, 0.8458453321149371, 0.8190681096884714, 0.9995421245421247] | det_fa [0.1401028972794795, 0.21133397843059587, 0.34193074736724954, 0.0028965579703826346, 0.0, 0.14409260992256176, 0.0005594898678684202, 0.2501338720979, 0.13705216657350605, 0.0] ----
T9 Ep 1/10 | L 0.4813 | Train Acc 0.42 | Prec 0.42 | F1 0.49 | Det Rec 0.99 | Det FA 0.01 | Epoch Time 297.82s (Eval 124.67s, Train 173.15s)
[STATE 2026-03-28 11:41:44] T9 Ep 1/10 complete: Prec 0.4153 F1 0.4868 DetRec 0.9874 DetFA 0.0146 | 297.82s total (124.67s eval/173.15s train)
[STATE 2026-03-28 11:41:44] Task 9 Epoch 2/10: entering train loop
T9 Ep 2/10 | L 0.3123 | Train Acc 0.51 | Prec 0.51 | F1 0.57 | Det Rec 1.00 | Det FA 0.00 | Epoch Time 172.59s (Eval 0.00s, Train 172.59s)
[STATE 2026-03-28 11:44:37] T9 Ep 2/10 complete: Prec 0.5114 F1 0.5733 DetRec 1.0000 DetFA 0.0000 | 172.59s total (0.00s eval/172.59s train)
[STATE 2026-03-28 11:44:37] Task 9 Epoch 3/10: entering train loop
T9 Ep 3/10 | L 0.2750 | Train Acc 0.54 | Prec 0.55 | F1 0.61 | Det Rec 1.00 | Det FA 0.00 | Epoch Time 172.16s (Eval 0.00s, Train 172.16s)
[STATE 2026-03-28 11:47:29] T9 Ep 3/10 complete: Prec 0.5547 F1 0.6064 DetRec 1.0000 DetFA 0.0000 | 172.16s total (0.00s eval/172.16s train)
[STATE 2026-03-28 11:47:29] Task 9 Epoch 4/10: entering train loop
T9 Ep 4/10 | L 0.2415 | Train Acc 0.58 | Prec 0.58 | F1 0.64 | Det Rec 1.00 | Det FA 0.00 | Epoch Time 172.21s (Eval 0.00s, Train 172.21s)
[STATE 2026-03-28 11:50:21] T9 Ep 4/10 complete: Prec 0.5831 F1 0.6413 DetRec 1.0000 DetFA 0.0000 | 172.21s total (0.00s eval/172.21s train)
[STATE 2026-03-28 11:50:21] Task 9 Epoch 5/10: entering train loop
T9 Ep 5/10 | L 0.2144 | Train Acc 0.62 | Prec 0.63 | F1 0.68 | Det Rec 1.00 | Det FA 0.00 | Epoch Time 173.48s (Eval 0.00s, Train 173.48s)
[STATE 2026-03-28 11:53:14] T9 Ep 5/10 complete: Prec 0.6272 F1 0.6755 DetRec 1.0000 DetFA 0.0000 | 173.48s total (0.00s eval/173.48s train)
[STATE 2026-03-28 11:53:14] Task 9 Epoch 6/10: entering train loop
T9 Ep 6/10 | L 0.1892 | Train Acc 0.65 | Prec 0.66 | F1 0.70 | Det Rec 1.00 | Det FA 0.00 | Epoch Time 173.53s (Eval 0.00s, Train 173.53s)
[STATE 2026-03-28 11:56:08] T9 Ep 6/10 complete: Prec 0.6577 F1 0.7047 DetRec 1.0000 DetFA 0.0000 | 173.53s total (0.00s eval/173.53s train)
[STATE 2026-03-28 11:56:08] Task 9 Epoch 7/10: entering train loop
T9 Ep 7/10 | L 0.1750 | Train Acc 0.67 | Prec 0.68 | F1 0.71 | Det Rec 1.00 | Det FA 0.00 | Epoch Time 172.88s (Eval 0.00s, Train 172.88s)
[STATE 2026-03-28 11:59:01] T9 Ep 7/10 complete: Prec 0.6791 F1 0.7144 DetRec 1.0000 DetFA 0.0000 | 172.88s total (0.00s eval/172.88s train)
[STATE 2026-03-28 11:59:01] Task 9 Epoch 8/10: entering train loop
T9 Ep 8/10 | L 0.1587 | Train Acc 0.69 | Prec 0.70 | F1 0.74 | Det Rec 1.00 | Det FA 0.00 | Epoch Time 173.00s (Eval 0.00s, Train 173.00s)
[STATE 2026-03-28 12:01:54] T9 Ep 8/10 complete: Prec 0.6976 F1 0.7360 DetRec 1.0000 DetFA 0.0000 | 173.00s total (0.00s eval/173.00s train)
[STATE 2026-03-28 12:01:54] Task 9 Epoch 9/10: entering train loop
T9 Ep 9/10 | L 0.1471 | Train Acc 0.71 | Prec 0.72 | F1 0.75 | Det Rec 1.00 | Det FA 0.00 | Epoch Time 173.01s (Eval 0.00s, Train 173.01s)
[STATE 2026-03-28 12:04:47] T9 Ep 9/10 complete: Prec 0.7165 F1 0.7514 DetRec 1.0000 DetFA 0.0000 | 173.01s total (0.00s eval/173.01s train)
[STATE 2026-03-28 12:04:47] Task 9 Epoch 10/10: entering train loop
T9 Ep 10/10 | L 0.1182 | Train Acc 0.76 | Prec 0.77 | F1 0.80 | Det Rec 1.00 | Det FA 0.00 | Epoch Time 172.10s (Eval 0.00s, Train 172.10s)
[STATE 2026-03-28 12:07:39] T9 Ep 10/10 complete: Prec 0.7662 F1 0.7965 DetRec 1.0000 DetFA 0.0000 | 172.10s total (0.00s eval/172.10s train)
[STATE 2026-03-28 12:07:39] Task 9: running final validation.
[STATE 2026-03-28 12:09:45] Completed task 9 (10/10)
####Final Validation Accuracy####
Final Results:- 
 Total Recall: 0.5545701131596414 
 Individual Recall: [0.5486594493653587, 0.5514705288876851, 0.5550443319205224, 0.49220898275179104, 0.4564924159865185, 0.6922319278453737, 0.43337542956728103, 0.7389022650009538, 0.5197149523646717, 0.5576008479062577]
Final Detection Results:- 
 Total Detection: 0.8967069538993183 
 Individual Detection: [0.8340010530724885, 0.8134309750855883, 0.8057940385333381, 0.9865095065063447, 0.9991470974318615, 0.8721918256922327, 0.9993012121730257, 0.8415174159467734, 0.8151764145515293, 1.0]
Final Detection False Alarm:- 
 Total False Alarm: 0.12242901235946783 
 Individual False Alarm: [0.14906505408940635, 0.20514491943818527, 0.33172679183138276, 0.0, 0.0, 0.17259529660858589, 0.0011300529145156506, 0.2808838747057076, 0.0837441340068949, 0.0]
SUMMARY_TR cls_rec=0.7616 cls_prec=0.7662 cls_f1=0.7965 det=0.8955 fa=0.1228
SUMMARY_TE cls_rec=0.5546 cls_prec=0.6057 cls_f1=0.5845 det=0.8967 fa=0.1224
[STATE 2026-03-28 12:09:45] Saving results to logs//smaml/full-tasks_all-10epochs_weighted-loss-2026-03-27_01-05-41-9432/0/results
Model size: 0.0289 GB
Memory buffer size: 0.0000 GB
logs//smaml/full-tasks_all-10epochs_weighted-loss-2026-03-27_01-05-41-9432/0/results: {'expt_name': 'full-tasks_all-10epochs_weighted-loss', 'model': 'lamaml_cifar', 'arch': 'resnet1d', 'n_hiddens': 100, 'n_layers': 2, 'xav_init': False, 'debug': False, 'use_detector_arch': False, 'glances': 1, 'n_epochs': 10, 'batch_size': 256, 'replay_batch_size': 128, 'memories': 5120, 'lr': 0.001, 'optimizer': 'sgd', 'class_weighted_ce': True, 'cuda': True, 'seed': 0, 'log_every': 10, 'log_dir': 'logs//smaml/full-tasks_all-10epochs_weighted-loss-2026-03-27_01-05-41-9432/0', 'tf_dir': 'logs//smaml/full-tasks_all-10epochs_weighted-loss-2026-03-27_01-05-41-9432/0/tfdir', 'calc_test_accuracy': False, 'state_logging': True, 'data_path': 'data/rff/radar/full', 'task_order_files': 't2-rcn,t0-rcn,t2-uclresm-25noise,t0-deeprad,t1-deeprad,t1-uclresm-25noise,t3-deeprad,t0-uclresm-25noise,t1-rcn,t2-deeprad', 'loader': 'task_incremental_loader', 'samples_per_task': -1, 'shuffle_tasks': False, 'classes_per_it': 6, 'iterations': 5000, 'dataset': 'iq', 'workers': 0, 'validation': 0.5, 'data_scaling': 'normalize', 'use_iq_aug_features': False, 'iq_aug_feature_type': 'power', 'class_order': 'random', 'increment': 5, 'test_batch_size': 512, 'nc_per_task': None, 'nc_per_task_list': '', 'val_rate': 1000, 'opt_lr': 0.001, 'opt_wt': 0.01, 'alpha_init': 0.0003, 'learn_lr': True, 'sync_update': True, 'grad_clip_norm': 5.0, 'meta_batches': 3, 'use_old_task_memory': False, 'second_order': True, 'n_memories': 5120, 'memory_strength': 0, 'steps_per_sample': 1, 'bgd_optimizer': 'sgd', 'optimizer_params': '{}', 'train_mc_iters': 5, 'std_init': 0.05, 'mean_eta': 1, 'fisher_gamma': 0.95, 'rln': 7, 'update_steps': 10, 'meta_lr': 0.001, 'update_lr': 0.1, 'ctx_lr': 0.05, 'n_meta': 2, 'inner_steps': 1, 'temperature': 5.0, 'task_emb': 64, 'classes_per_task': [6, 7, 6, 7, 7, 6, 6, 6, 7, 6], 'get_samples_per_task': <bound method IncrementalLoader.get_samples_per_task of <dataloaders.task_incremental_loader.IncrementalLoader object at 0x79d917888d40>>} # val: 0.706 0.555 -0.151 0.000 # sizes: model_gb=0.0289 mem_gb=0.0000 # 126180.96048259735
[STATE 2026-03-28 12:09:45] results.pt components (approx): state_dict 29.6 MB, result_val_t 0.1 KB, result_val_a 0.8 KB
[STATE 2026-03-28 12:09:45] Results saved; total runtime 35.05h
Total runtime: 35.05 hours
