[STATE 2026-03-27 03:46:02] Enabling terminal logging to logs//er_ring/full-tasks_all-10epochs_weighted-loss-2026-03-27_03-46-02-3576/0/terminal.log
New Experiment Starting...
Running model:  er_ring
[STATE 2026-03-27 03:46:02] Experiment 'full-tasks_all-10epochs_weighted-loss' starting with model 'er_ring' (seed 0)
Set seed 0
t2-rcn.npz train: x=(50362, 1024), y=(50362, 2)
t2-rcn.npz test: x=(16787, 1024), y=(16787, 2)
t2-rcn.npz: applied data scaling mode 'normalize'.
Loaded t2-rcn.npz: Unique train labels: UniqueCountsResult(values=array([-1,  3,  5, 10, 12, 15]), counts=array([24209,  5770,  3030,  2320,  7509,  7524]))
Noise labels ratio in t2-rcn.npz train: 0.24, test: 0.24
Loaded t2-rcn.npz: Remapped labels: [0 1 2 3 4 5]. Size: 50362)
t0-rcn.npz train: x=(51916, 1024), y=(51916, 2)
t0-rcn.npz test: x=(17305, 1024), y=(17305, 2)
t0-rcn.npz: applied data scaling mode 'normalize'.
Loaded t0-rcn.npz: Unique train labels: UniqueCountsResult(values=array([-1,  1,  8,  9, 11, 13, 14]), counts=array([24225,  4268,  2495,  2943,  3015,  7464,  7506]))
Noise labels ratio in t0-rcn.npz train: 0.23, test: 0.23
Loaded t0-rcn.npz: Remapped labels: [ 6  7  8  9 10 11 12]. Size: 51916)
t2-uclresm-25noise.npz train: moved sample axis (3, 350028, 1024) -> (350028, 3, 1024)
t2-uclresm-25noise.npz test: moved sample axis (3, 233351, 1024) -> (233351, 3, 1024)
t2-uclresm-25noise.npz train: x=(350028, 3, 1024), y=(350028,)
t2-uclresm-25noise.npz test: x=(233351, 3, 1024), y=(233351,)
t2-uclresm-25noise.npz: applied data scaling mode 'normalize'.
Loaded t2-uclresm-25noise.npz: Unique train labels: UniqueCountsResult(values=array([-1,  0,  1,  2,  3,  4]), counts=array([87441, 27347, 71754, 64298, 36005, 63183]))
Noise labels ratio in t2-uclresm-25noise.npz train: 0.25, test: 0.25
Loaded t2-uclresm-25noise.npz: Remapped labels: [13 14 15 16 17 18]. Size: 350028)
t0-deeprad.npz train: x=(24480, 1024), y=(24480, 2)
t0-deeprad.npz test: x=(8160, 1024), y=(8160, 2)
t0-deeprad.npz: applied data scaling mode 'normalize'.
Loaded t0-deeprad.npz: Unique train labels: UniqueCountsResult(values=array([-1,  0,  1,  2,  3,  4,  5]), counts=array([12240,  2029,  1983,  2043,  2154,  2015,  2016]))
Noise labels ratio in t0-deeprad.npz train: 0.25, test: 0.25
Loaded t0-deeprad.npz: Remapped labels: [19 20 21 22 23 24 25]. Size: 24480)
t1-deeprad.npz train: x=(24480, 1024), y=(24480, 2)
t1-deeprad.npz test: x=(8160, 1024), y=(8160, 2)
t1-deeprad.npz: applied data scaling mode 'normalize'.
Loaded t1-deeprad.npz: Unique train labels: UniqueCountsResult(values=array([-1,  0,  1,  2,  3,  4,  5]), counts=array([12240,  1988,  2029,  2054,  1988,  2053,  2128]))
Noise labels ratio in t1-deeprad.npz train: 0.25, test: 0.25
Loaded t1-deeprad.npz: Remapped labels: [26 27 28 29 30 31 32]. Size: 24480)
t1-uclresm-25noise.npz train: moved sample axis (3, 201410, 1024) -> (201410, 3, 1024)
t1-uclresm-25noise.npz test: moved sample axis (3, 116291, 1024) -> (116291, 3, 1024)
t1-uclresm-25noise.npz train: x=(201410, 3, 1024), y=(201410,)
t1-uclresm-25noise.npz test: x=(116291, 3, 1024), y=(116291,)
t1-uclresm-25noise.npz: applied data scaling mode 'normalize'.
Loaded t1-uclresm-25noise.npz: Unique train labels: UniqueCountsResult(values=array([-1,  0,  1,  2,  3,  4]), counts=array([43668, 18021, 17838, 18087, 31870, 71926]))
Noise labels ratio in t1-uclresm-25noise.npz train: 0.22, test: 0.25
Loaded t1-uclresm-25noise.npz: Remapped labels: [33 34 35 36 37 38]. Size: 201410)
t3-deeprad.npz train: x=(17340, 1024), y=(17340, 2)
t3-deeprad.npz test: x=(6800, 1024), y=(6800, 2)
t3-deeprad.npz: applied data scaling mode 'normalize'.
Loaded t3-deeprad.npz: Unique train labels: UniqueCountsResult(values=array([-1,  0,  1,  2,  3,  4]), counts=array([8670, 1693, 1677, 1794, 1716, 1790]))
Noise labels ratio in t3-deeprad.npz train: 0.25, test: 0.25
Loaded t3-deeprad.npz: Remapped labels: [39 40 41 42 43 44]. Size: 17340)
t0-uclresm-25noise.npz train: moved sample axis (3, 188050, 1024) -> (188050, 3, 1024)
t0-uclresm-25noise.npz test: moved sample axis (3, 107348, 1024) -> (107348, 3, 1024)
t0-uclresm-25noise.npz train: x=(188050, 3, 1024), y=(188050,)
t0-uclresm-25noise.npz test: x=(107348, 3, 1024), y=(107348,)
t0-uclresm-25noise.npz: applied data scaling mode 'normalize'.
Loaded t0-uclresm-25noise.npz: Unique train labels: UniqueCountsResult(values=array([-1,  0,  1,  2,  3,  4]), counts=array([40144, 32109, 17978, 17979, 18098, 61742]))
Noise labels ratio in t0-uclresm-25noise.npz train: 0.21, test: 0.25
Loaded t0-uclresm-25noise.npz: Remapped labels: [45 46 47 48 49 50]. Size: 188050)
t1-rcn.npz train: x=(36658, 1024), y=(36658, 2)
t1-rcn.npz test: x=(12220, 1024), y=(12220, 2)
t1-rcn.npz: applied data scaling mode 'normalize'.
Loaded t1-rcn.npz: Unique train labels: UniqueCountsResult(values=array([-1,  0,  2,  4,  6,  7, 16]), counts=array([20595,   824,  2087,  2606,  2396,  1716,  6434]))
Noise labels ratio in t1-rcn.npz train: 0.28, test: 0.28
Loaded t1-rcn.npz: Remapped labels: [51 52 53 54 55 56 57]. Size: 36658)
t2-deeprad.npz train: x=(17340, 1024), y=(17340, 2)
t2-deeprad.npz test: x=(6800, 1024), y=(6800, 2)
t2-deeprad.npz: applied data scaling mode 'normalize'.
Loaded t2-deeprad.npz: Unique train labels: UniqueCountsResult(values=array([-1,  0,  1,  2,  3,  4]), counts=array([8670, 1774, 1675, 1777, 1694, 1750]))
Noise labels ratio in t2-deeprad.npz train: 0.25, test: 0.25
Loaded t2-deeprad.npz: Remapped labels: [58 59 60 61 62 63]. Size: 17340)
Built classes_per_task: [6, 7, 6, 7, 7, 6, 6, 6, 7, 6]
Classes per task: [6, 7, 6, 7, 7, 6, 6, 6, 7, 6]
[STATE 2026-03-27 03:47:04] Loader 'task_incremental_loader' ready: 1024 inputs, 64 outputs, 10 tasks
n_outputs: 64 	n_tasks: 10
[STATE 2026-03-27 03:47:04] Logging to logs//er_ring/full-tasks_all-10epochs_weighted-loss-2026-03-27_03-46-02-3576/0
True
Model device: cuda:0
[STATE 2026-03-27 03:47:04] Model initialized on device cuda:0
[STATE 2026-03-27 03:47:04] Invoking continual life experience flow
[STATE 2026-03-27 03:47:04] Life experience start: 10 tasks queued
Task 0: 50362 training samples, 16787 test samples.
[STATE 2026-03-27 03:47:04] Starting task 0 (1/10)
[STATE 2026-03-27 03:47:04] Task 0 Epoch 1/10: entering train loop
[STATE 2026-03-27 03:48:04] Task 0 Epoch 1/10: running validation (end of epoch)
---- Eval at Epoch 0: cls [0.6461359099968478] | det_recall [0.8525142692333818] | det_fa [0.2653098400042953] ----
T0 Ep 1/10 | L 1.3645 | Train Acc 0.41 | Prec 0.46 | F1 0.39 | Det Rec 0.73 | Det FA 0.39 | Epoch Time 65.29s (Eval 5.30s, Train 59.99s)
[STATE 2026-03-27 03:48:09] T0 Ep 1/10 complete: Prec 0.4623 F1 0.3914 DetRec 0.7282 DetFA 0.3915 | 65.29s total (5.30s eval/59.99s train)
[STATE 2026-03-27 03:48:09] Task 0 Epoch 2/10: entering train loop
T0 Ep 2/10 | L 0.6819 | Train Acc 0.75 | Prec 0.75 | F1 0.69 | Det Rec 0.86 | Det FA 0.25 | Epoch Time 60.08s (Eval 0.00s, Train 60.08s)
[STATE 2026-03-27 03:49:09] T0 Ep 2/10 complete: Prec 0.7464 F1 0.6934 DetRec 0.8635 DetFA 0.2511 | 60.08s total (0.00s eval/60.08s train)
[STATE 2026-03-27 03:49:09] Task 0 Epoch 3/10: entering train loop
T0 Ep 3/10 | L 0.4804 | Train Acc 0.84 | Prec 0.85 | F1 0.78 | Det Rec 0.88 | Det FA 0.23 | Epoch Time 60.09s (Eval 0.00s, Train 60.09s)
[STATE 2026-03-27 03:50:09] T0 Ep 3/10 complete: Prec 0.8506 F1 0.7826 DetRec 0.8759 DetFA 0.2277 | 60.09s total (0.00s eval/60.09s train)
[STATE 2026-03-27 03:50:09] Task 0 Epoch 4/10: entering train loop
T0 Ep 4/10 | L 0.4075 | Train Acc 0.86 | Prec 0.88 | F1 0.81 | Det Rec 0.88 | Det FA 0.22 | Epoch Time 60.00s (Eval 0.00s, Train 60.00s)
[STATE 2026-03-27 03:51:09] T0 Ep 4/10 complete: Prec 0.8794 F1 0.8099 DetRec 0.8791 DetFA 0.2225 | 60.00s total (0.00s eval/60.00s train)
[STATE 2026-03-27 03:51:09] Task 0 Epoch 5/10: entering train loop
T0 Ep 5/10 | L 0.3750 | Train Acc 0.88 | Prec 0.89 | F1 0.82 | Det Rec 0.88 | Det FA 0.22 | Epoch Time 60.36s (Eval 0.00s, Train 60.36s)
[STATE 2026-03-27 03:52:10] T0 Ep 5/10 complete: Prec 0.8942 F1 0.8232 DetRec 0.8801 DetFA 0.2197 | 60.36s total (0.00s eval/60.36s train)
[STATE 2026-03-27 03:52:10] Task 0 Epoch 6/10: entering train loop
T0 Ep 6/10 | L 0.3523 | Train Acc 0.89 | Prec 0.90 | F1 0.83 | Det Rec 0.88 | Det FA 0.22 | Epoch Time 59.88s (Eval 0.00s, Train 59.88s)
[STATE 2026-03-27 03:53:10] T0 Ep 6/10 complete: Prec 0.9014 F1 0.8316 DetRec 0.8817 DetFA 0.2182 | 59.88s total (0.00s eval/59.88s train)
[STATE 2026-03-27 03:53:10] Task 0 Epoch 7/10: entering train loop
T0 Ep 7/10 | L 0.3369 | Train Acc 0.90 | Prec 0.91 | F1 0.84 | Det Rec 0.88 | Det FA 0.22 | Epoch Time 59.84s (Eval 0.00s, Train 59.84s)
[STATE 2026-03-27 03:54:10] T0 Ep 7/10 complete: Prec 0.9084 F1 0.8369 DetRec 0.8826 DetFA 0.2174 | 59.84s total (0.00s eval/59.84s train)
[STATE 2026-03-27 03:54:10] Task 0 Epoch 8/10: entering train loop
T0 Ep 8/10 | L 0.3225 | Train Acc 0.90 | Prec 0.91 | F1 0.84 | Det Rec 0.88 | Det FA 0.22 | Epoch Time 59.98s (Eval 0.00s, Train 59.98s)
[STATE 2026-03-27 03:55:10] T0 Ep 8/10 complete: Prec 0.9109 F1 0.8394 DetRec 0.8825 DetFA 0.2175 | 59.98s total (0.00s eval/59.98s train)
[STATE 2026-03-27 03:55:10] Task 0 Epoch 9/10: entering train loop
T0 Ep 9/10 | L 0.3123 | Train Acc 0.90 | Prec 0.92 | F1 0.84 | Det Rec 0.88 | Det FA 0.22 | Epoch Time 59.74s (Eval 0.00s, Train 59.74s)
[STATE 2026-03-27 03:56:09] T0 Ep 9/10 complete: Prec 0.9161 F1 0.8447 DetRec 0.8837 DetFA 0.2156 | 59.74s total (0.00s eval/59.74s train)
[STATE 2026-03-27 03:56:09] Task 0 Epoch 10/10: entering train loop
T0 Ep 10/10 | L 0.3015 | Train Acc 0.91 | Prec 0.92 | F1 0.85 | Det Rec 0.88 | Det FA 0.21 | Epoch Time 59.81s (Eval 0.00s, Train 59.81s)
[STATE 2026-03-27 03:57:09] T0 Ep 10/10 complete: Prec 0.9182 F1 0.8475 DetRec 0.8845 DetFA 0.2140 | 59.81s total (0.00s eval/59.81s train)
[STATE 2026-03-27 03:57:09] Task 0: running final validation.
[STATE 2026-03-27 03:57:14] Completed task 0 (1/10)
Task 1: 51916 training samples, 17305 test samples.
[STATE 2026-03-27 03:57:14] Starting task 1 (2/10)
[STATE 2026-03-27 03:57:14] Task 1 Epoch 1/10: entering train loop
[STATE 2026-03-27 03:58:57] Task 1 Epoch 1/10: running validation (end of epoch)
---- Eval at Epoch 0: cls [0.8746700712524869, 0.7477012780931692] | det_recall [0.8798407389354598, 0.7328661047852173] | det_fa [0.21367000676611175, 0.49751640274337156] ----
T1 Ep 1/10 | L 1.1967 | Train Acc 0.66 | Prec 0.70 | F1 0.52 | Det Rec 0.63 | Det FA 0.69 | Epoch Time 113.39s (Eval 10.64s, Train 102.75s)
[STATE 2026-03-27 03:59:08] T1 Ep 1/10 complete: Prec 0.6966 F1 0.5246 DetRec 0.6313 DetFA 0.6906 | 113.39s total (10.64s eval/102.75s train)
[STATE 2026-03-27 03:59:08] Task 1 Epoch 2/10: entering train loop
T1 Ep 2/10 | L 0.7586 | Train Acc 0.77 | Prec 0.81 | F1 0.68 | Det Rec 0.77 | Det FA 0.42 | Epoch Time 102.77s (Eval 0.00s, Train 102.77s)
[STATE 2026-03-27 04:00:50] T1 Ep 2/10 complete: Prec 0.8066 F1 0.6760 DetRec 0.7678 DetFA 0.4204 | 102.77s total (0.00s eval/102.77s train)
[STATE 2026-03-27 04:00:50] Task 1 Epoch 3/10: entering train loop
T1 Ep 3/10 | L 0.6018 | Train Acc 0.81 | Prec 0.85 | F1 0.74 | Det Rec 0.82 | Det FA 0.31 | Epoch Time 102.41s (Eval 0.00s, Train 102.41s)
[STATE 2026-03-27 04:02:33] T1 Ep 3/10 complete: Prec 0.8498 F1 0.7408 DetRec 0.8220 DetFA 0.3082 | 102.41s total (0.00s eval/102.41s train)
[STATE 2026-03-27 04:02:33] Task 1 Epoch 4/10: entering train loop
T1 Ep 4/10 | L 0.4909 | Train Acc 0.84 | Prec 0.87 | F1 0.78 | Det Rec 0.85 | Det FA 0.25 | Epoch Time 102.76s (Eval 0.00s, Train 102.76s)
[STATE 2026-03-27 04:04:16] T1 Ep 4/10 complete: Prec 0.8728 F1 0.7798 DetRec 0.8542 DetFA 0.2475 | 102.76s total (0.00s eval/102.76s train)
[STATE 2026-03-27 04:04:16] Task 1 Epoch 5/10: entering train loop
T1 Ep 5/10 | L 0.4263 | Train Acc 0.86 | Prec 0.89 | F1 0.80 | Det Rec 0.87 | Det FA 0.22 | Epoch Time 102.25s (Eval 0.00s, Train 102.25s)
[STATE 2026-03-27 04:05:58] T1 Ep 5/10 complete: Prec 0.8858 F1 0.8026 DetRec 0.8708 DetFA 0.2167 | 102.25s total (0.00s eval/102.25s train)
[STATE 2026-03-27 04:05:58] Task 1 Epoch 6/10: entering train loop
T1 Ep 6/10 | L 0.3841 | Train Acc 0.87 | Prec 0.90 | F1 0.82 | Det Rec 0.88 | Det FA 0.20 | Epoch Time 102.90s (Eval 0.00s, Train 102.90s)
[STATE 2026-03-27 04:07:41] T1 Ep 6/10 complete: Prec 0.8968 F1 0.8180 DetRec 0.8801 DetFA 0.2009 | 102.90s total (0.00s eval/102.90s train)
[STATE 2026-03-27 04:07:41] Task 1 Epoch 7/10: entering train loop
T1 Ep 7/10 | L 0.3526 | Train Acc 0.88 | Prec 0.90 | F1 0.83 | Det Rec 0.89 | Det FA 0.19 | Epoch Time 102.53s (Eval 0.00s, Train 102.53s)
[STATE 2026-03-27 04:09:23] T1 Ep 7/10 complete: Prec 0.9006 F1 0.8268 DetRec 0.8856 DetFA 0.1930 | 102.53s total (0.00s eval/102.53s train)
[STATE 2026-03-27 04:09:23] Task 1 Epoch 8/10: entering train loop
T1 Ep 8/10 | L 0.3356 | Train Acc 0.88 | Prec 0.91 | F1 0.84 | Det Rec 0.89 | Det FA 0.18 | Epoch Time 104.67s (Eval 0.00s, Train 104.67s)
[STATE 2026-03-27 04:11:08] T1 Ep 8/10 complete: Prec 0.9077 F1 0.8369 DetRec 0.8916 DetFA 0.1836 | 104.67s total (0.00s eval/104.67s train)
[STATE 2026-03-27 04:11:08] Task 1 Epoch 9/10: entering train loop
T1 Ep 9/10 | L 0.3165 | Train Acc 0.89 | Prec 0.91 | F1 0.84 | Det Rec 0.90 | Det FA 0.18 | Epoch Time 102.55s (Eval 0.00s, Train 102.55s)
[STATE 2026-03-27 04:12:51] T1 Ep 9/10 complete: Prec 0.9111 F1 0.8435 DetRec 0.8961 DetFA 0.1753 | 102.55s total (0.00s eval/102.55s train)
[STATE 2026-03-27 04:12:51] Task 1 Epoch 10/10: entering train loop
T1 Ep 10/10 | L 0.2996 | Train Acc 0.89 | Prec 0.91 | F1 0.85 | Det Rec 0.90 | Det FA 0.17 | Epoch Time 102.31s (Eval 0.00s, Train 102.31s)
[STATE 2026-03-27 04:14:33] T1 Ep 10/10 complete: Prec 0.9142 F1 0.8478 DetRec 0.8980 DetFA 0.1730 | 102.31s total (0.00s eval/102.31s train)
[STATE 2026-03-27 04:14:33] Task 1: running final validation.
[STATE 2026-03-27 04:14:43] Completed task 1 (2/10)
Task 2: 350028 training samples, 175014 test samples.
[STATE 2026-03-27 04:14:44] Starting task 2 (3/10)
[STATE 2026-03-27 04:14:44] Task 2 Epoch 1/10: entering train loop
[STATE 2026-03-27 04:26:16] Task 2 Epoch 1/10: running validation (end of epoch)
---- Eval at Epoch 0: cls [0.7517016991012389, 0.7235769586948544, 0.5365212124974277] | det_recall [0.8684536166344042, 0.8728057821335836, 0.8003615213859352] | det_fa [0.14468638073707854, 0.07107588751923387, 0.33946058106592303] ----
T2 Ep 1/10 | L 1.3899 | Train Acc 0.39 | Prec 0.39 | F1 0.41 | Det Rec 0.78 | Det FA 0.37 | Epoch Time 756.58s (Eval 64.64s, Train 691.94s)
[STATE 2026-03-27 04:27:21] T2 Ep 1/10 complete: Prec 0.3941 F1 0.4079 DetRec 0.7806 DetFA 0.3670 | 756.58s total (64.64s eval/691.94s train)
[STATE 2026-03-27 04:27:21] Task 2 Epoch 2/10: entering train loop
T2 Ep 2/10 | L 0.9411 | Train Acc 0.62 | Prec 0.63 | F1 0.61 | Det Rec 0.81 | Det FA 0.33 | Epoch Time 695.11s (Eval 0.00s, Train 695.11s)
[STATE 2026-03-27 04:38:56] T2 Ep 2/10 complete: Prec 0.6298 F1 0.6058 DetRec 0.8107 DetFA 0.3279 | 695.11s total (0.00s eval/695.11s train)
[STATE 2026-03-27 04:38:56] Task 2 Epoch 3/10: entering train loop
T2 Ep 3/10 | L 0.7957 | Train Acc 0.67 | Prec 0.69 | F1 0.66 | Det Rec 0.82 | Det FA 0.30 | Epoch Time 692.83s (Eval 0.00s, Train 692.83s)
[STATE 2026-03-27 04:50:29] T2 Ep 3/10 complete: Prec 0.6915 F1 0.6584 DetRec 0.8248 DetFA 0.3013 | 692.83s total (0.00s eval/692.83s train)
[STATE 2026-03-27 04:50:29] Task 2 Epoch 4/10: entering train loop
T2 Ep 4/10 | L 0.7345 | Train Acc 0.69 | Prec 0.71 | F1 0.68 | Det Rec 0.83 | Det FA 0.28 | Epoch Time 692.61s (Eval 0.00s, Train 692.61s)
[STATE 2026-03-27 05:02:01] T2 Ep 4/10 complete: Prec 0.7131 F1 0.6791 DetRec 0.8342 DetFA 0.2814 | 692.61s total (0.00s eval/692.61s train)
[STATE 2026-03-27 05:02:01] Task 2 Epoch 5/10: entering train loop
T2 Ep 5/10 | L 0.6974 | Train Acc 0.71 | Prec 0.73 | F1 0.69 | Det Rec 0.84 | Det FA 0.27 | Epoch Time 693.11s (Eval 0.00s, Train 693.11s)
[STATE 2026-03-27 05:13:34] T2 Ep 5/10 complete: Prec 0.7270 F1 0.6932 DetRec 0.8414 DetFA 0.2671 | 693.11s total (0.00s eval/693.11s train)
[STATE 2026-03-27 05:13:34] Task 2 Epoch 6/10: entering train loop
T2 Ep 6/10 | L 0.6711 | Train Acc 0.72 | Prec 0.74 | F1 0.70 | Det Rec 0.85 | Det FA 0.26 | Epoch Time 692.68s (Eval 0.00s, Train 692.68s)
[STATE 2026-03-27 05:25:07] T2 Ep 6/10 complete: Prec 0.7369 F1 0.7030 DetRec 0.8458 DetFA 0.2592 | 692.68s total (0.00s eval/692.68s train)
[STATE 2026-03-27 05:25:07] Task 2 Epoch 7/10: entering train loop
T2 Ep 7/10 | L 0.6502 | Train Acc 0.73 | Prec 0.75 | F1 0.71 | Det Rec 0.85 | Det FA 0.25 | Epoch Time 693.09s (Eval 0.00s, Train 693.09s)
[STATE 2026-03-27 05:36:40] T2 Ep 7/10 complete: Prec 0.7455 F1 0.7116 DetRec 0.8499 DetFA 0.2507 | 693.09s total (0.00s eval/693.09s train)
[STATE 2026-03-27 05:36:40] Task 2 Epoch 8/10: entering train loop
T2 Ep 8/10 | L 0.6344 | Train Acc 0.74 | Prec 0.75 | F1 0.72 | Det Rec 0.85 | Det FA 0.25 | Epoch Time 693.20s (Eval 0.00s, Train 693.20s)
[STATE 2026-03-27 05:48:13] T2 Ep 8/10 complete: Prec 0.7525 F1 0.7189 DetRec 0.8528 DetFA 0.2455 | 693.20s total (0.00s eval/693.20s train)
[STATE 2026-03-27 05:48:13] Task 2 Epoch 9/10: entering train loop
T2 Ep 9/10 | L 0.6178 | Train Acc 0.74 | Prec 0.76 | F1 0.72 | Det Rec 0.86 | Det FA 0.24 | Epoch Time 692.94s (Eval 0.00s, Train 692.94s)
[STATE 2026-03-27 05:59:46] T2 Ep 9/10 complete: Prec 0.7576 F1 0.7241 DetRec 0.8552 DetFA 0.2405 | 692.94s total (0.00s eval/692.94s train)
[STATE 2026-03-27 05:59:46] Task 2 Epoch 10/10: entering train loop
T2 Ep 10/10 | L 0.6050 | Train Acc 0.75 | Prec 0.76 | F1 0.73 | Det Rec 0.86 | Det FA 0.23 | Epoch Time 693.18s (Eval 0.00s, Train 693.18s)
[STATE 2026-03-27 06:11:20] T2 Ep 10/10 complete: Prec 0.7635 F1 0.7300 DetRec 0.8581 DetFA 0.2343 | 693.18s total (0.00s eval/693.18s train)
[STATE 2026-03-27 06:11:20] Task 2: running final validation.
[STATE 2026-03-27 06:12:25] Completed task 2 (3/10)
Task 3: 24480 training samples, 8160 test samples.
[STATE 2026-03-27 06:12:25] Starting task 3 (4/10)
[STATE 2026-03-27 06:12:25] Task 3 Epoch 1/10: entering train loop
[STATE 2026-03-27 06:13:13] Task 3 Epoch 1/10: running validation (end of epoch)
---- Eval at Epoch 0: cls [0.7143937861870664, 0.6649703787722295, 0.68841708909549, 0.5976720789712553] | det_recall [0.8689801282826383, 0.8602416947169441, 0.8434037052519145, 0.9974216819498672] | det_fa [0.16427684210627733, 0.11309663837910071, 0.28102207655677053, 0.004423135992170766] ----
T3 Ep 1/10 | L 1.2736 | Train Acc 0.54 | Prec 0.54 | F1 0.60 | Det Rec 0.99 | Det FA 0.00 | Epoch Time 115.58s (Eval 67.35s, Train 48.23s)
[STATE 2026-03-27 06:14:20] T3 Ep 1/10 complete: Prec 0.5449 F1 0.5954 DetRec 0.9887 DetFA 0.0034 | 115.58s total (67.35s eval/48.23s train)
[STATE 2026-03-27 06:14:20] Task 3 Epoch 2/10: entering train loop
T3 Ep 2/10 | L 0.8876 | Train Acc 0.60 | Prec 0.61 | F1 0.65 | Det Rec 1.00 | Det FA 0.00 | Epoch Time 48.32s (Eval 0.00s, Train 48.32s)
[STATE 2026-03-27 06:15:09] T3 Ep 2/10 complete: Prec 0.6117 F1 0.6545 DetRec 0.9988 DetFA 0.0014 | 48.32s total (0.00s eval/48.32s train)
[STATE 2026-03-27 06:15:09] Task 3 Epoch 3/10: entering train loop
T3 Ep 3/10 | L 0.8272 | Train Acc 0.62 | Prec 0.63 | F1 0.67 | Det Rec 1.00 | Det FA 0.00 | Epoch Time 48.21s (Eval 0.00s, Train 48.21s)
[STATE 2026-03-27 06:15:57] T3 Ep 3/10 complete: Prec 0.6269 F1 0.6660 DetRec 0.9991 DetFA 0.0009 | 48.21s total (0.00s eval/48.21s train)
[STATE 2026-03-27 06:15:57] Task 3 Epoch 4/10: entering train loop
T3 Ep 4/10 | L 0.7741 | Train Acc 0.63 | Prec 0.64 | F1 0.67 | Det Rec 1.00 | Det FA 0.00 | Epoch Time 48.13s (Eval 0.00s, Train 48.13s)
[STATE 2026-03-27 06:16:45] T3 Ep 4/10 complete: Prec 0.6374 F1 0.6745 DetRec 0.9994 DetFA 0.0006 | 48.13s total (0.00s eval/48.13s train)
[STATE 2026-03-27 06:16:45] Task 3 Epoch 5/10: entering train loop
T3 Ep 5/10 | L 0.7355 | Train Acc 0.64 | Prec 0.65 | F1 0.69 | Det Rec 1.00 | Det FA 0.00 | Epoch Time 48.16s (Eval 0.00s, Train 48.16s)
[STATE 2026-03-27 06:17:33] T3 Ep 5/10 complete: Prec 0.6506 F1 0.6877 DetRec 0.9995 DetFA 0.0006 | 48.16s total (0.00s eval/48.16s train)
[STATE 2026-03-27 06:17:33] Task 3 Epoch 6/10: entering train loop
T3 Ep 6/10 | L 0.7066 | Train Acc 0.65 | Prec 0.66 | F1 0.69 | Det Rec 1.00 | Det FA 0.00 | Epoch Time 48.32s (Eval 0.00s, Train 48.32s)
[STATE 2026-03-27 06:18:21] T3 Ep 6/10 complete: Prec 0.6591 F1 0.6941 DetRec 0.9997 DetFA 0.0002 | 48.32s total (0.00s eval/48.32s train)
[STATE 2026-03-27 06:18:21] Task 3 Epoch 7/10: entering train loop
T3 Ep 7/10 | L 0.6947 | Train Acc 0.65 | Prec 0.66 | F1 0.70 | Det Rec 1.00 | Det FA 0.00 | Epoch Time 48.56s (Eval 0.00s, Train 48.56s)
[STATE 2026-03-27 06:19:10] T3 Ep 7/10 complete: Prec 0.6605 F1 0.6974 DetRec 0.9997 DetFA 0.0002 | 48.56s total (0.00s eval/48.56s train)
[STATE 2026-03-27 06:19:10] Task 3 Epoch 8/10: entering train loop
T3 Ep 8/10 | L 0.6734 | Train Acc 0.66 | Prec 0.67 | F1 0.71 | Det Rec 1.00 | Det FA 0.00 | Epoch Time 48.46s (Eval 0.00s, Train 48.46s)
[STATE 2026-03-27 06:19:58] T3 Ep 8/10 complete: Prec 0.6688 F1 0.7052 DetRec 0.9997 DetFA 0.0002 | 48.46s total (0.00s eval/48.46s train)
[STATE 2026-03-27 06:19:58] Task 3 Epoch 9/10: entering train loop
T3 Ep 9/10 | L 0.6581 | Train Acc 0.67 | Prec 0.68 | F1 0.71 | Det Rec 1.00 | Det FA 0.00 | Epoch Time 48.20s (Eval 0.00s, Train 48.20s)
[STATE 2026-03-27 06:20:47] T3 Ep 9/10 complete: Prec 0.6758 F1 0.7104 DetRec 0.9997 DetFA 0.0003 | 48.20s total (0.00s eval/48.20s train)
[STATE 2026-03-27 06:20:47] Task 3 Epoch 10/10: entering train loop
T3 Ep 10/10 | L 0.6443 | Train Acc 0.67 | Prec 0.68 | F1 0.72 | Det Rec 1.00 | Det FA 0.00 | Epoch Time 48.19s (Eval 0.00s, Train 48.19s)
[STATE 2026-03-27 06:21:35] T3 Ep 10/10 complete: Prec 0.6821 F1 0.7161 DetRec 0.9998 DetFA 0.0002 | 48.19s total (0.00s eval/48.19s train)
[STATE 2026-03-27 06:21:35] Task 3: running final validation.
[STATE 2026-03-27 06:22:42] Completed task 3 (4/10)
Task 4: 24480 training samples, 8160 test samples.
[STATE 2026-03-27 06:22:42] Starting task 4 (5/10)
[STATE 2026-03-27 06:22:42] Task 4 Epoch 1/10: entering train loop
[STATE 2026-03-27 06:23:30] Task 4 Epoch 1/10: running validation (end of epoch)
---- Eval at Epoch 0: cls [0.7257114660403956, 0.6782699639198507, 0.6056376717595879, 0.5578589358123215, 0.44735935682656364] | det_recall [0.8685017264257263, 0.8359746174045497, 0.814936242972654, 0.9987901220712478, 1.0] | det_fa [0.1832392906893611, 0.2629182006864544, 0.32958023160746164, 0.0009439206503263442, 0.0] ----
T4 Ep 1/10 | L 1.6866 | Train Acc 0.39 | Prec 0.38 | F1 0.44 | Det Rec 0.97 | Det FA 0.06 | Epoch Time 118.22s (Eval 70.06s, Train 48.16s)
[STATE 2026-03-27 06:24:40] T4 Ep 1/10 complete: Prec 0.3806 F1 0.4446 DetRec 0.9663 DetFA 0.0640 | 118.22s total (70.06s eval/48.16s train)
[STATE 2026-03-27 06:24:40] Task 4 Epoch 2/10: entering train loop
T4 Ep 2/10 | L 1.0892 | Train Acc 0.48 | Prec 0.47 | F1 0.54 | Det Rec 1.00 | Det FA 0.00 | Epoch Time 48.14s (Eval 0.00s, Train 48.14s)
[STATE 2026-03-27 06:25:29] T4 Ep 2/10 complete: Prec 0.4710 F1 0.5382 DetRec 1.0000 DetFA 0.0000 | 48.14s total (0.00s eval/48.14s train)
[STATE 2026-03-27 06:25:29] Task 4 Epoch 3/10: entering train loop
T4 Ep 3/10 | L 0.9971 | Train Acc 0.52 | Prec 0.51 | F1 0.58 | Det Rec 1.00 | Det FA 0.00 | Epoch Time 48.32s (Eval 0.00s, Train 48.32s)
[STATE 2026-03-27 06:26:17] T4 Ep 3/10 complete: Prec 0.5149 F1 0.5762 DetRec 1.0000 DetFA 0.0000 | 48.32s total (0.00s eval/48.32s train)
[STATE 2026-03-27 06:26:17] Task 4 Epoch 4/10: entering train loop
T4 Ep 4/10 | L 0.9870 | Train Acc 0.55 | Prec 0.54 | F1 0.60 | Det Rec 1.00 | Det FA 0.00 | Epoch Time 48.20s (Eval 0.00s, Train 48.20s)
[STATE 2026-03-27 06:27:05] T4 Ep 4/10 complete: Prec 0.5438 F1 0.5985 DetRec 1.0000 DetFA 0.0000 | 48.20s total (0.00s eval/48.20s train)
[STATE 2026-03-27 06:27:05] Task 4 Epoch 5/10: entering train loop
T4 Ep 5/10 | L 0.8702 | Train Acc 0.57 | Prec 0.57 | F1 0.62 | Det Rec 1.00 | Det FA 0.00 | Epoch Time 48.24s (Eval 0.00s, Train 48.24s)
[STATE 2026-03-27 06:27:53] T4 Ep 5/10 complete: Prec 0.5715 F1 0.6241 DetRec 1.0000 DetFA 0.0000 | 48.24s total (0.00s eval/48.24s train)
[STATE 2026-03-27 06:27:53] Task 4 Epoch 6/10: entering train loop
T4 Ep 6/10 | L 0.8437 | Train Acc 0.60 | Prec 0.60 | F1 0.65 | Det Rec 1.00 | Det FA 0.00 | Epoch Time 48.14s (Eval 0.00s, Train 48.14s)
[STATE 2026-03-27 06:28:42] T4 Ep 6/10 complete: Prec 0.5987 F1 0.6454 DetRec 1.0000 DetFA 0.0000 | 48.14s total (0.00s eval/48.14s train)
[STATE 2026-03-27 06:28:42] Task 4 Epoch 7/10: entering train loop
T4 Ep 7/10 | L 0.7987 | Train Acc 0.62 | Prec 0.62 | F1 0.66 | Det Rec 1.00 | Det FA 0.00 | Epoch Time 48.16s (Eval 0.00s, Train 48.16s)
[STATE 2026-03-27 06:29:30] T4 Ep 7/10 complete: Prec 0.6190 F1 0.6639 DetRec 1.0000 DetFA 0.0000 | 48.16s total (0.00s eval/48.16s train)
[STATE 2026-03-27 06:29:30] Task 4 Epoch 8/10: entering train loop
T4 Ep 8/10 | L 0.7548 | Train Acc 0.64 | Prec 0.65 | F1 0.69 | Det Rec 1.00 | Det FA 0.00 | Epoch Time 48.19s (Eval 0.00s, Train 48.19s)
[STATE 2026-03-27 06:30:18] T4 Ep 8/10 complete: Prec 0.6469 F1 0.6862 DetRec 1.0000 DetFA 0.0000 | 48.19s total (0.00s eval/48.19s train)
[STATE 2026-03-27 06:30:18] Task 4 Epoch 9/10: entering train loop
T4 Ep 9/10 | L 0.7257 | Train Acc 0.66 | Prec 0.66 | F1 0.70 | Det Rec 1.00 | Det FA 0.00 | Epoch Time 48.48s (Eval 0.00s, Train 48.48s)
[STATE 2026-03-27 06:31:06] T4 Ep 9/10 complete: Prec 0.6602 F1 0.6983 DetRec 1.0000 DetFA 0.0000 | 48.48s total (0.00s eval/48.48s train)
[STATE 2026-03-27 06:31:06] Task 4 Epoch 10/10: entering train loop
T4 Ep 10/10 | L 0.6796 | Train Acc 0.68 | Prec 0.68 | F1 0.71 | Det Rec 1.00 | Det FA 0.00 | Epoch Time 48.10s (Eval 0.00s, Train 48.10s)
[STATE 2026-03-27 06:31:54] T4 Ep 10/10 complete: Prec 0.6777 F1 0.7140 DetRec 1.0000 DetFA 0.0000 | 48.10s total (0.00s eval/48.10s train)
[STATE 2026-03-27 06:31:54] Task 4: running final validation.
[STATE 2026-03-27 06:33:04] Completed task 4 (5/10)
Task 5: 201410 training samples, 100705 test samples.
[STATE 2026-03-27 06:33:05] Starting task 5 (6/10)
[STATE 2026-03-27 06:33:05] Task 5 Epoch 1/10: entering train loop
[STATE 2026-03-27 06:39:45] Task 5 Epoch 1/10: running validation (end of epoch)
---- Eval at Epoch 0: cls [0.6417053631687383, 0.6006501647112026, 0.49492882491272516, 0.5657116195880458, 0.5217795229029004, 0.7242265809393496] | det_recall [0.85304674273729, 0.8297417610797565, 0.8079409709875933, 0.9990324205314199, 1.0, 0.8527987841465376] | det_fa [0.15932948338820951, 0.24357663051378456, 0.20224329421583914, 0.000459162353068047, 0.0, 0.25774459497451097] ----
T5 Ep 1/10 | L 1.0532 | Train Acc 0.62 | Prec 0.61 | F1 0.60 | Det Rec 0.83 | Det FA 0.27 | Epoch Time 500.91s (Eval 101.00s, Train 399.91s)
[STATE 2026-03-27 06:41:26] T5 Ep 1/10 complete: Prec 0.6104 F1 0.5989 DetRec 0.8319 DetFA 0.2698 | 500.91s total (101.00s eval/399.91s train)
[STATE 2026-03-27 06:41:26] Task 5 Epoch 2/10: entering train loop
T5 Ep 2/10 | L 0.6822 | Train Acc 0.75 | Prec 0.74 | F1 0.72 | Det Rec 0.86 | Det FA 0.22 | Epoch Time 398.56s (Eval 0.00s, Train 398.56s)
[STATE 2026-03-27 06:48:04] T5 Ep 2/10 complete: Prec 0.7374 F1 0.7193 DetRec 0.8644 DetFA 0.2224 | 398.56s total (0.00s eval/398.56s train)
[STATE 2026-03-27 06:48:04] Task 5 Epoch 3/10: entering train loop
T5 Ep 3/10 | L 0.5937 | Train Acc 0.77 | Prec 0.76 | F1 0.75 | Det Rec 0.87 | Det FA 0.21 | Epoch Time 400.19s (Eval 0.00s, Train 400.19s)
[STATE 2026-03-27 06:54:44] T5 Ep 3/10 complete: Prec 0.7633 F1 0.7451 DetRec 0.8742 DetFA 0.2062 | 400.19s total (0.00s eval/400.19s train)
[STATE 2026-03-27 06:54:44] Task 5 Epoch 4/10: entering train loop
T5 Ep 4/10 | L 0.5495 | Train Acc 0.79 | Prec 0.78 | F1 0.76 | Det Rec 0.88 | Det FA 0.20 | Epoch Time 398.34s (Eval 0.00s, Train 398.34s)
[STATE 2026-03-27 07:01:23] T5 Ep 4/10 complete: Prec 0.7802 F1 0.7617 DetRec 0.8802 DetFA 0.1958 | 398.34s total (0.00s eval/398.34s train)
[STATE 2026-03-27 07:01:23] Task 5 Epoch 5/10: entering train loop
T5 Ep 5/10 | L 0.5229 | Train Acc 0.80 | Prec 0.79 | F1 0.77 | Det Rec 0.88 | Det FA 0.19 | Epoch Time 398.05s (Eval 0.00s, Train 398.05s)
[STATE 2026-03-27 07:08:01] T5 Ep 5/10 complete: Prec 0.7921 F1 0.7727 DetRec 0.8839 DetFA 0.1897 | 398.05s total (0.00s eval/398.05s train)
[STATE 2026-03-27 07:08:01] Task 5 Epoch 6/10: entering train loop
T5 Ep 6/10 | L 0.4936 | Train Acc 0.81 | Prec 0.80 | F1 0.78 | Det Rec 0.89 | Det FA 0.19 | Epoch Time 398.50s (Eval 0.00s, Train 398.50s)
[STATE 2026-03-27 07:14:39] T5 Ep 6/10 complete: Prec 0.7995 F1 0.7811 DetRec 0.8870 DetFA 0.1860 | 398.50s total (0.00s eval/398.50s train)
[STATE 2026-03-27 07:14:39] Task 5 Epoch 7/10: entering train loop
T5 Ep 7/10 | L 0.4754 | Train Acc 0.82 | Prec 0.81 | F1 0.79 | Det Rec 0.89 | Det FA 0.18 | Epoch Time 398.04s (Eval 0.00s, Train 398.04s)
[STATE 2026-03-27 07:21:17] T5 Ep 7/10 complete: Prec 0.8082 F1 0.7891 DetRec 0.8896 DetFA 0.1812 | 398.04s total (0.00s eval/398.04s train)
[STATE 2026-03-27 07:21:17] Task 5 Epoch 8/10: entering train loop
T5 Ep 8/10 | L 0.4585 | Train Acc 0.82 | Prec 0.81 | F1 0.80 | Det Rec 0.89 | Det FA 0.18 | Epoch Time 398.31s (Eval 0.00s, Train 398.31s)
[STATE 2026-03-27 07:27:56] T5 Ep 8/10 complete: Prec 0.8145 F1 0.7952 DetRec 0.8917 DetFA 0.1781 | 398.31s total (0.00s eval/398.31s train)
[STATE 2026-03-27 07:27:56] Task 5 Epoch 9/10: entering train loop
T5 Ep 9/10 | L 0.4462 | Train Acc 0.83 | Prec 0.82 | F1 0.80 | Det Rec 0.90 | Det FA 0.17 | Epoch Time 398.13s (Eval 0.00s, Train 398.13s)
[STATE 2026-03-27 07:34:34] T5 Ep 9/10 complete: Prec 0.8198 F1 0.8015 DetRec 0.8951 DetFA 0.1729 | 398.13s total (0.00s eval/398.13s train)
[STATE 2026-03-27 07:34:34] Task 5 Epoch 10/10: entering train loop
T5 Ep 10/10 | L 0.4330 | Train Acc 0.83 | Prec 0.82 | F1 0.81 | Det Rec 0.90 | Det FA 0.17 | Epoch Time 397.89s (Eval 0.00s, Train 397.89s)
[STATE 2026-03-27 07:41:12] T5 Ep 10/10 complete: Prec 0.8249 F1 0.8064 DetRec 0.8967 DetFA 0.1702 | 397.89s total (0.00s eval/397.89s train)
[STATE 2026-03-27 07:41:12] Task 5: running final validation.
[STATE 2026-03-27 07:42:53] Completed task 5 (6/10)
Task 6: 17340 training samples, 6800 test samples.
[STATE 2026-03-27 07:42:53] Starting task 6 (7/10)
[STATE 2026-03-27 07:42:53] Task 6 Epoch 1/10: entering train loop
[STATE 2026-03-27 07:43:27] Task 6 Epoch 1/10: running validation (end of epoch)
---- Eval at Epoch 0: cls [0.5887961622991977, 0.5310891151419598, 0.39546303115716075, 0.5682321685235407, 0.5038166358268151, 0.7885881206971822, 0.5912262856263698] | det_recall [0.8445090786995291, 0.8144941939556997, 0.7799462701572799, 0.9986639725836249, 1.0, 0.8873260513915632, 1.0] | det_fa [0.15562598852661488, 0.24174327481856447, 0.25465977850741645, 0.00022241992882562276, 0.0, 0.18569640393908554, 0.0] ----
T6 Ep 1/10 | L 1.1186 | Train Acc 0.54 | Prec 0.53 | F1 0.59 | Det Rec 0.98 | Det FA 0.04 | Epoch Time 137.27s (Eval 103.22s, Train 34.05s)
[STATE 2026-03-27 07:45:10] T6 Ep 1/10 complete: Prec 0.5319 F1 0.5905 DetRec 0.9815 DetFA 0.0363 | 137.27s total (103.22s eval/34.05s train)
[STATE 2026-03-27 07:45:10] Task 6 Epoch 2/10: entering train loop
T6 Ep 2/10 | L 0.8370 | Train Acc 0.61 | Prec 0.61 | F1 0.67 | Det Rec 1.00 | Det FA 0.00 | Epoch Time 34.24s (Eval 0.00s, Train 34.24s)
[STATE 2026-03-27 07:45:44] T6 Ep 2/10 complete: Prec 0.6080 F1 0.6667 DetRec 0.9996 DetFA 0.0008 | 34.24s total (0.00s eval/34.24s train)
[STATE 2026-03-27 07:45:44] Task 6 Epoch 3/10: entering train loop
T6 Ep 3/10 | L 0.7890 | Train Acc 0.62 | Prec 0.62 | F1 0.68 | Det Rec 1.00 | Det FA 0.00 | Epoch Time 34.17s (Eval 0.00s, Train 34.17s)
[STATE 2026-03-27 07:46:18] T6 Ep 3/10 complete: Prec 0.6209 F1 0.6775 DetRec 0.9995 DetFA 0.0010 | 34.17s total (0.00s eval/34.17s train)
[STATE 2026-03-27 07:46:18] Task 6 Epoch 4/10: entering train loop
T6 Ep 4/10 | L 0.7447 | Train Acc 0.65 | Prec 0.65 | F1 0.70 | Det Rec 1.00 | Det FA 0.00 | Epoch Time 34.39s (Eval 0.00s, Train 34.39s)
[STATE 2026-03-27 07:46:53] T6 Ep 4/10 complete: Prec 0.6489 F1 0.7010 DetRec 0.9998 DetFA 0.0004 | 34.39s total (0.00s eval/34.39s train)
[STATE 2026-03-27 07:46:53] Task 6 Epoch 5/10: entering train loop
T6 Ep 5/10 | L 0.7305 | Train Acc 0.65 | Prec 0.65 | F1 0.71 | Det Rec 1.00 | Det FA 0.00 | Epoch Time 34.21s (Eval 0.00s, Train 34.21s)
[STATE 2026-03-27 07:47:27] T6 Ep 5/10 complete: Prec 0.6547 F1 0.7051 DetRec 0.9996 DetFA 0.0007 | 34.21s total (0.00s eval/34.21s train)
[STATE 2026-03-27 07:47:27] Task 6 Epoch 6/10: entering train loop
T6 Ep 6/10 | L 0.6971 | Train Acc 0.66 | Prec 0.66 | F1 0.71 | Det Rec 1.00 | Det FA 0.00 | Epoch Time 34.06s (Eval 0.00s, Train 34.06s)
[STATE 2026-03-27 07:48:01] T6 Ep 6/10 complete: Prec 0.6630 F1 0.7132 DetRec 0.9999 DetFA 0.0002 | 34.06s total (0.00s eval/34.06s train)
[STATE 2026-03-27 07:48:01] Task 6 Epoch 7/10: entering train loop
T6 Ep 7/10 | L 0.6929 | Train Acc 0.67 | Prec 0.67 | F1 0.72 | Det Rec 1.00 | Det FA 0.00 | Epoch Time 34.18s (Eval 0.00s, Train 34.18s)
[STATE 2026-03-27 07:48:35] T6 Ep 7/10 complete: Prec 0.6725 F1 0.7200 DetRec 0.9997 DetFA 0.0005 | 34.18s total (0.00s eval/34.18s train)
[STATE 2026-03-27 07:48:35] Task 6 Epoch 8/10: entering train loop
T6 Ep 8/10 | L 0.6667 | Train Acc 0.68 | Prec 0.68 | F1 0.73 | Det Rec 1.00 | Det FA 0.00 | Epoch Time 34.06s (Eval 0.00s, Train 34.06s)
[STATE 2026-03-27 07:49:09] T6 Ep 8/10 complete: Prec 0.6834 F1 0.7292 DetRec 0.9998 DetFA 0.0004 | 34.06s total (0.00s eval/34.06s train)
[STATE 2026-03-27 07:49:09] Task 6 Epoch 9/10: entering train loop
T6 Ep 9/10 | L 0.6514 | Train Acc 0.69 | Prec 0.70 | F1 0.74 | Det Rec 1.00 | Det FA 0.00 | Epoch Time 34.26s (Eval 0.00s, Train 34.26s)
[STATE 2026-03-27 07:49:44] T6 Ep 9/10 complete: Prec 0.6977 F1 0.7404 DetRec 0.9997 DetFA 0.0005 | 34.26s total (0.00s eval/34.26s train)
[STATE 2026-03-27 07:49:44] Task 6 Epoch 10/10: entering train loop
T6 Ep 10/10 | L 0.6332 | Train Acc 0.70 | Prec 0.70 | F1 0.75 | Det Rec 1.00 | Det FA 0.00 | Epoch Time 34.32s (Eval 0.00s, Train 34.32s)
[STATE 2026-03-27 07:50:18] T6 Ep 10/10 complete: Prec 0.7034 F1 0.7464 DetRec 0.9999 DetFA 0.0001 | 34.32s total (0.00s eval/34.32s train)
[STATE 2026-03-27 07:50:18] Task 6: running final validation.
[STATE 2026-03-27 07:52:01] Completed task 6 (7/10)
Task 7: 188050 training samples, 94025 test samples.
[STATE 2026-03-27 07:52:01] Starting task 7 (8/10)
[STATE 2026-03-27 07:52:01] Task 7 Epoch 1/10: entering train loop
[STATE 2026-03-27 07:58:13] Task 7 Epoch 1/10: running validation (end of epoch)
---- Eval at Epoch 0: cls [0.591613604910311, 0.5141177032651919, 0.3916220316882029, 0.5784209969645377, 0.5143896364445104, 0.7384646735251397, 0.5660227295614403, 0.7580620107072255] | det_recall [0.832889691318243, 0.7601238801781075, 0.8100887848150228, 0.9991335615125839, 1.0, 0.8851252010398706, 1.0, 0.8492406014349159] | det_fa [0.14920041748240212, 0.29564785185583614, 0.22158566120015535, 0.0, 0.0, 0.15768709545432252, 0.0, 0.25473461007056486] ----
T7 Ep 1/10 | L 0.8506 | Train Acc 0.68 | Prec 0.70 | F1 0.67 | Det Rec 0.84 | Det FA 0.23 | Epoch Time 504.13s (Eval 131.99s, Train 372.15s)
[STATE 2026-03-27 08:00:25] T7 Ep 1/10 complete: Prec 0.6969 F1 0.6731 DetRec 0.8449 DetFA 0.2336 | 504.13s total (131.99s eval/372.15s train)
[STATE 2026-03-27 08:00:25] Task 7 Epoch 2/10: entering train loop
T7 Ep 2/10 | L 0.6011 | Train Acc 0.77 | Prec 0.79 | F1 0.76 | Det Rec 0.86 | Det FA 0.21 | Epoch Time 372.49s (Eval 0.00s, Train 372.49s)
[STATE 2026-03-27 08:06:38] T7 Ep 2/10 complete: Prec 0.7869 F1 0.7569 DetRec 0.8636 DetFA 0.2083 | 372.49s total (0.00s eval/372.49s train)
[STATE 2026-03-27 08:06:38] Task 7 Epoch 3/10: entering train loop
T7 Ep 3/10 | L 0.5435 | Train Acc 0.79 | Prec 0.80 | F1 0.77 | Det Rec 0.87 | Det FA 0.20 | Epoch Time 372.33s (Eval 0.00s, Train 372.33s)
[STATE 2026-03-27 08:12:50] T7 Ep 3/10 complete: Prec 0.8032 F1 0.7727 DetRec 0.8696 DetFA 0.1980 | 372.33s total (0.00s eval/372.33s train)
[STATE 2026-03-27 08:12:50] Task 7 Epoch 4/10: entering train loop
T7 Ep 4/10 | L 0.5090 | Train Acc 0.80 | Prec 0.81 | F1 0.78 | Det Rec 0.87 | Det FA 0.19 | Epoch Time 372.12s (Eval 0.00s, Train 372.12s)
[STATE 2026-03-27 08:19:02] T7 Ep 4/10 complete: Prec 0.8134 F1 0.7829 DetRec 0.8729 DetFA 0.1932 | 372.12s total (0.00s eval/372.12s train)
[STATE 2026-03-27 08:19:02] Task 7 Epoch 5/10: entering train loop
T7 Ep 5/10 | L 0.4827 | Train Acc 0.81 | Prec 0.82 | F1 0.79 | Det Rec 0.88 | Det FA 0.19 | Epoch Time 372.28s (Eval 0.00s, Train 372.28s)
[STATE 2026-03-27 08:25:15] T7 Ep 5/10 complete: Prec 0.8200 F1 0.7904 DetRec 0.8759 DetFA 0.1899 | 372.28s total (0.00s eval/372.28s train)
[STATE 2026-03-27 08:25:15] Task 7 Epoch 6/10: entering train loop
T7 Ep 6/10 | L 0.4689 | Train Acc 0.82 | Prec 0.83 | F1 0.80 | Det Rec 0.88 | Det FA 0.19 | Epoch Time 372.99s (Eval 0.00s, Train 372.99s)
[STATE 2026-03-27 08:31:28] T7 Ep 6/10 complete: Prec 0.8267 F1 0.7973 DetRec 0.8784 DetFA 0.1859 | 372.99s total (0.00s eval/372.99s train)
[STATE 2026-03-27 08:31:28] Task 7 Epoch 7/10: entering train loop
T7 Ep 7/10 | L 0.4531 | Train Acc 0.82 | Prec 0.83 | F1 0.80 | Det Rec 0.88 | Det FA 0.18 | Epoch Time 372.37s (Eval 0.00s, Train 372.37s)
[STATE 2026-03-27 08:37:40] T7 Ep 7/10 complete: Prec 0.8304 F1 0.8015 DetRec 0.8803 DetFA 0.1823 | 372.37s total (0.00s eval/372.37s train)
[STATE 2026-03-27 08:37:40] Task 7 Epoch 8/10: entering train loop
T7 Ep 8/10 | L 0.4391 | Train Acc 0.83 | Prec 0.84 | F1 0.81 | Det Rec 0.88 | Det FA 0.18 | Epoch Time 372.48s (Eval 0.00s, Train 372.48s)
[STATE 2026-03-27 08:43:53] T7 Ep 8/10 complete: Prec 0.8356 F1 0.8069 DetRec 0.8815 DetFA 0.1813 | 372.48s total (0.00s eval/372.48s train)
[STATE 2026-03-27 08:43:53] Task 7 Epoch 9/10: entering train loop
T7 Ep 9/10 | L 0.4244 | Train Acc 0.83 | Prec 0.84 | F1 0.81 | Det Rec 0.88 | Det FA 0.18 | Epoch Time 386.88s (Eval 0.00s, Train 386.88s)
[STATE 2026-03-27 08:50:19] T7 Ep 9/10 complete: Prec 0.8404 F1 0.8120 DetRec 0.8837 DetFA 0.1780 | 386.88s total (0.00s eval/386.88s train)
[STATE 2026-03-27 08:50:19] Task 7 Epoch 10/10: entering train loop
T7 Ep 10/10 | L 0.4177 | Train Acc 0.84 | Prec 0.84 | F1 0.82 | Det Rec 0.88 | Det FA 0.18 | Epoch Time 372.28s (Eval 0.00s, Train 372.28s)
[STATE 2026-03-27 08:56:32] T7 Ep 10/10 complete: Prec 0.8442 F1 0.8157 DetRec 0.8843 DetFA 0.1776 | 372.28s total (0.00s eval/372.28s train)
[STATE 2026-03-27 08:56:32] Task 7: running final validation.
[STATE 2026-03-27 08:58:44] Completed task 7 (8/10)
Task 8: 36658 training samples, 12220 test samples.
[STATE 2026-03-27 08:58:44] Starting task 8 (9/10)
[STATE 2026-03-27 08:58:44] Task 8 Epoch 1/10: entering train loop
[STATE 2026-03-27 08:59:57] Task 8 Epoch 1/10: running validation (end of epoch)
---- Eval at Epoch 0: cls [0.7052059773205155, 0.6344201179941892, 0.40440700071771934, 0.5568904585568397, 0.4825774297772901, 0.6730435755211768, 0.5268573376970636, 0.8010706134957685, 0.7953751027445947] | det_recall [0.8483587838818841, 0.8467423381235699, 0.8160961761603889, 0.999143581676676, 1.0, 0.873915448507429, 0.9998652291105122, 0.8475179835092771, 0.7801387318627686] | det_fa [0.13013785099103117, 0.1340607181487687, 0.27899014821425644, 0.000468482920951607, 0.0, 0.15479228342504453, 0.00026954177897574127, 0.2909208683068213, 0.40341639328688333] ----
T8 Ep 1/10 | L 1.1392 | Train Acc 0.65 | Prec 0.66 | F1 0.53 | Det Rec 0.74 | Det FA 0.48 | Epoch Time 208.84s (Eval 136.44s, Train 72.41s)
[STATE 2026-03-27 09:02:13] T8 Ep 1/10 complete: Prec 0.6649 F1 0.5264 DetRec 0.7388 DetFA 0.4831 | 208.84s total (136.44s eval/72.41s train)
[STATE 2026-03-27 09:02:13] Task 8 Epoch 2/10: entering train loop
T8 Ep 2/10 | L 0.7010 | Train Acc 0.81 | Prec 0.80 | F1 0.66 | Det Rec 0.79 | Det FA 0.38 | Epoch Time 72.27s (Eval 0.00s, Train 72.27s)
[STATE 2026-03-27 09:03:25] T8 Ep 2/10 complete: Prec 0.8011 F1 0.6591 DetRec 0.7944 DetFA 0.3808 | 72.27s total (0.00s eval/72.27s train)
[STATE 2026-03-27 09:03:25] Task 8 Epoch 3/10: entering train loop
T8 Ep 3/10 | L 0.6096 | Train Acc 0.84 | Prec 0.83 | F1 0.68 | Det Rec 0.79 | Det FA 0.38 | Epoch Time 72.31s (Eval 0.00s, Train 72.31s)
[STATE 2026-03-27 09:04:38] T8 Ep 3/10 complete: Prec 0.8292 F1 0.6796 DetRec 0.7949 DetFA 0.3822 | 72.31s total (0.00s eval/72.31s train)
[STATE 2026-03-27 09:04:38] Task 8 Epoch 4/10: entering train loop
T8 Ep 4/10 | L 0.5545 | Train Acc 0.86 | Prec 0.85 | F1 0.69 | Det Rec 0.80 | Det FA 0.38 | Epoch Time 72.27s (Eval 0.00s, Train 72.27s)
[STATE 2026-03-27 09:05:50] T8 Ep 4/10 complete: Prec 0.8480 F1 0.6925 DetRec 0.7975 DetFA 0.3768 | 72.27s total (0.00s eval/72.27s train)
[STATE 2026-03-27 09:05:50] Task 8 Epoch 5/10: entering train loop
T8 Ep 5/10 | L 0.5135 | Train Acc 0.87 | Prec 0.86 | F1 0.70 | Det Rec 0.80 | Det FA 0.38 | Epoch Time 72.36s (Eval 0.00s, Train 72.36s)
[STATE 2026-03-27 09:07:02] T8 Ep 5/10 complete: Prec 0.8612 F1 0.7013 DetRec 0.7974 DetFA 0.3774 | 72.36s total (0.00s eval/72.36s train)
[STATE 2026-03-27 09:07:02] Task 8 Epoch 6/10: entering train loop
T8 Ep 6/10 | L 0.4830 | Train Acc 0.88 | Prec 0.87 | F1 0.71 | Det Rec 0.80 | Det FA 0.37 | Epoch Time 72.21s (Eval 0.00s, Train 72.21s)
[STATE 2026-03-27 09:08:14] T8 Ep 6/10 complete: Prec 0.8690 F1 0.7083 DetRec 0.8008 DetFA 0.3706 | 72.21s total (0.00s eval/72.21s train)
[STATE 2026-03-27 09:08:14] Task 8 Epoch 7/10: entering train loop
T8 Ep 7/10 | L 0.4512 | Train Acc 0.89 | Prec 0.88 | F1 0.71 | Det Rec 0.80 | Det FA 0.37 | Epoch Time 72.32s (Eval 0.00s, Train 72.32s)
[STATE 2026-03-27 09:09:27] T8 Ep 7/10 complete: Prec 0.8802 F1 0.7149 DetRec 0.8014 DetFA 0.3718 | 72.32s total (0.00s eval/72.32s train)
[STATE 2026-03-27 09:09:27] Task 8 Epoch 8/10: entering train loop
T8 Ep 8/10 | L 0.4379 | Train Acc 0.90 | Prec 0.89 | F1 0.72 | Det Rec 0.80 | Det FA 0.37 | Epoch Time 72.93s (Eval 0.00s, Train 72.93s)
[STATE 2026-03-27 09:10:40] T8 Ep 8/10 complete: Prec 0.8855 F1 0.7196 DetRec 0.8020 DetFA 0.3705 | 72.93s total (0.00s eval/72.93s train)
[STATE 2026-03-27 09:10:40] Task 8 Epoch 9/10: entering train loop
T8 Ep 9/10 | L 0.4233 | Train Acc 0.91 | Prec 0.89 | F1 0.73 | Det Rec 0.80 | Det FA 0.37 | Epoch Time 72.28s (Eval 0.00s, Train 72.28s)
[STATE 2026-03-27 09:11:52] T8 Ep 9/10 complete: Prec 0.8944 F1 0.7256 DetRec 0.8045 DetFA 0.3657 | 72.28s total (0.00s eval/72.28s train)
[STATE 2026-03-27 09:11:52] Task 8 Epoch 10/10: entering train loop
T8 Ep 10/10 | L 0.3954 | Train Acc 0.91 | Prec 0.90 | F1 0.73 | Det Rec 0.80 | Det FA 0.36 | Epoch Time 72.20s (Eval 0.00s, Train 72.20s)
[STATE 2026-03-27 09:13:04] T8 Ep 10/10 complete: Prec 0.8984 F1 0.7264 DetRec 0.8045 DetFA 0.3638 | 72.20s total (0.00s eval/72.20s train)
[STATE 2026-03-27 09:13:04] Task 8: running final validation.
[STATE 2026-03-27 09:15:20] Completed task 8 (9/10)
Task 9: 17340 training samples, 6800 test samples.
[STATE 2026-03-27 09:15:20] Starting task 9 (10/10)
[STATE 2026-03-27 09:15:20] Task 9 Epoch 1/10: entering train loop
[STATE 2026-03-27 09:15:54] Task 9 Epoch 1/10: running validation (end of epoch)
---- Eval at Epoch 0: cls [0.7379254584872497, 0.6801396352006623, 0.413748860479287, 0.5628072139435966, 0.49495067699932666, 0.6731145710852906, 0.5544889609160691, 0.7720098167202226, 0.8148631857966295, 0.5262559888970915] | det_recall [0.8607524146912433, 0.838808059245863, 0.7979246810669418, 0.9986619236339598, 1.0, 0.8692934191522738, 1.0, 0.8427109593355363, 0.7945950779409622, 1.0] | det_fa [0.14810505820784856, 0.15470276277608375, 0.294096654883508, 0.00022241992882562276, 0.0, 0.1615384407228282, 0.0, 0.2881745996831717, 0.34779300471198127, 0.0] ----
T9 Ep 1/10 | L 1.0062 | Train Acc 0.47 | Prec 0.48 | F1 0.54 | Det Rec 0.97 | Det FA 0.06 | Epoch Time 172.21s (Eval 138.13s, Train 34.08s)
[STATE 2026-03-27 09:18:12] T9 Ep 1/10 complete: Prec 0.4789 F1 0.5383 DetRec 0.9711 DetFA 0.0579 | 172.21s total (138.13s eval/34.08s train)
[STATE 2026-03-27 09:18:12] Task 9 Epoch 2/10: entering train loop
T9 Ep 2/10 | L 0.8138 | Train Acc 0.55 | Prec 0.55 | F1 0.62 | Det Rec 1.00 | Det FA 0.00 | Epoch Time 34.24s (Eval 0.00s, Train 34.24s)
[STATE 2026-03-27 09:18:47] T9 Ep 2/10 complete: Prec 0.5541 F1 0.6227 DetRec 1.0000 DetFA 0.0000 | 34.24s total (0.00s eval/34.24s train)
[STATE 2026-03-27 09:18:47] Task 9 Epoch 3/10: entering train loop
T9 Ep 3/10 | L 0.7659 | Train Acc 0.57 | Prec 0.57 | F1 0.64 | Det Rec 1.00 | Det FA 0.00 | Epoch Time 34.23s (Eval 0.00s, Train 34.23s)
[STATE 2026-03-27 09:19:21] T9 Ep 3/10 complete: Prec 0.5715 F1 0.6394 DetRec 1.0000 DetFA 0.0000 | 34.23s total (0.00s eval/34.23s train)
[STATE 2026-03-27 09:19:21] Task 9 Epoch 4/10: entering train loop
T9 Ep 4/10 | L 0.7406 | Train Acc 0.59 | Prec 0.59 | F1 0.65 | Det Rec 1.00 | Det FA 0.00 | Epoch Time 34.51s (Eval 0.00s, Train 34.51s)
[STATE 2026-03-27 09:19:55] T9 Ep 4/10 complete: Prec 0.5885 F1 0.6525 DetRec 1.0000 DetFA 0.0000 | 34.51s total (0.00s eval/34.51s train)
[STATE 2026-03-27 09:19:55] Task 9 Epoch 5/10: entering train loop
T9 Ep 5/10 | L 0.7155 | Train Acc 0.60 | Prec 0.60 | F1 0.66 | Det Rec 1.00 | Det FA 0.00 | Epoch Time 34.04s (Eval 0.00s, Train 34.04s)
[STATE 2026-03-27 09:20:29] T9 Ep 5/10 complete: Prec 0.6036 F1 0.6636 DetRec 1.0000 DetFA 0.0000 | 34.04s total (0.00s eval/34.04s train)
[STATE 2026-03-27 09:20:29] Task 9 Epoch 6/10: entering train loop
T9 Ep 6/10 | L 0.6813 | Train Acc 0.63 | Prec 0.63 | F1 0.69 | Det Rec 1.00 | Det FA 0.00 | Epoch Time 34.16s (Eval 0.00s, Train 34.16s)
[STATE 2026-03-27 09:21:04] T9 Ep 6/10 complete: Prec 0.6273 F1 0.6852 DetRec 1.0000 DetFA 0.0000 | 34.16s total (0.00s eval/34.16s train)
[STATE 2026-03-27 09:21:04] Task 9 Epoch 7/10: entering train loop
T9 Ep 7/10 | L 0.6565 | Train Acc 0.63 | Prec 0.63 | F1 0.69 | Det Rec 1.00 | Det FA 0.00 | Epoch Time 34.10s (Eval 0.00s, Train 34.10s)
[STATE 2026-03-27 09:21:38] T9 Ep 7/10 complete: Prec 0.6309 F1 0.6877 DetRec 1.0000 DetFA 0.0000 | 34.10s total (0.00s eval/34.10s train)
[STATE 2026-03-27 09:21:38] Task 9 Epoch 8/10: entering train loop
T9 Ep 8/10 | L 0.6303 | Train Acc 0.65 | Prec 0.65 | F1 0.70 | Det Rec 1.00 | Det FA 0.00 | Epoch Time 34.00s (Eval 0.00s, Train 34.00s)
[STATE 2026-03-27 09:22:12] T9 Ep 8/10 complete: Prec 0.6515 F1 0.7046 DetRec 1.0000 DetFA 0.0000 | 34.00s total (0.00s eval/34.00s train)
[STATE 2026-03-27 09:22:12] Task 9 Epoch 9/10: entering train loop
T9 Ep 9/10 | L 0.6105 | Train Acc 0.66 | Prec 0.66 | F1 0.71 | Det Rec 1.00 | Det FA 0.00 | Epoch Time 34.03s (Eval 0.00s, Train 34.03s)
[STATE 2026-03-27 09:22:46] T9 Ep 9/10 complete: Prec 0.6634 F1 0.7146 DetRec 1.0000 DetFA 0.0000 | 34.03s total (0.00s eval/34.03s train)
[STATE 2026-03-27 09:22:46] Task 9 Epoch 10/10: entering train loop
T9 Ep 10/10 | L 0.6058 | Train Acc 0.68 | Prec 0.67 | F1 0.72 | Det Rec 1.00 | Det FA 0.00 | Epoch Time 34.12s (Eval 0.00s, Train 34.12s)
[STATE 2026-03-27 09:23:20] T9 Ep 10/10 complete: Prec 0.6741 F1 0.7233 DetRec 1.0000 DetFA 0.0000 | 34.12s total (0.00s eval/34.12s train)
[STATE 2026-03-27 09:23:20] Task 9: running final validation.
[STATE 2026-03-27 09:25:38] Completed task 9 (10/10)
####Final Validation Accuracy####
Final Results:- 
 Total Recall: 0.6262459965829251 
 Individual Recall: [0.711852684382112, 0.6546536021706085, 0.4015353725305436, 0.5874902507446094, 0.5447830277533152, 0.668277078384712, 0.577281722090205, 0.7600408139605123, 0.7514722032919202, 0.6050732105207126]
Final Detection Results:- 
 Total Detection: 0.8988240197593168 
 Individual Detection: [0.855700817631329, 0.8337287572106556, 0.7915803813621871, 0.9989006357344129, 1.0, 0.8697695289238003, 0.9997176494174779, 0.8425924875286706, 0.7962499397846351, 1.0]
Final Detection False Alarm:- 
 Total False Alarm: 0.133463833111565 
 Individual False Alarm: [0.13591146807391377, 0.1680230024484965, 0.27580887835585444, 0.000248015873015873, 0.0, 0.14025592426155825, 0.0005647011650442181, 0.28573771848823026, 0.3280886224495366, 0.0]
SUMMARY_TR cls_rec=0.6759 cls_prec=0.6741 cls_f1=0.7233 det=0.9003 fa=0.1395
SUMMARY_TE cls_rec=0.6262 cls_prec=0.6766 cls_f1=0.6487 det=0.8988 fa=0.1335
[STATE 2026-03-27 09:25:38] Saving results to logs//er_ring/full-tasks_all-10epochs_weighted-loss-2026-03-27_03-46-02-3576/0/results
Model size: 0.0289 GB
Memory buffer size: 0.0197 GB
logs//er_ring/full-tasks_all-10epochs_weighted-loss-2026-03-27_03-46-02-3576/0/results: {'expt_name': 'full-tasks_all-10epochs_weighted-loss', 'model': 'er_ring', 'arch': 'resnet1d', 'n_hiddens': 100, 'n_layers': 2, 'xav_init': False, 'debug': False, 'use_detector_arch': False, 'glances': 1, 'n_epochs': 10, 'batch_size': 256, 'replay_batch_size': 128, 'memories': 5120, 'lr': 0.001, 'optimizer': 'sgd', 'class_weighted_ce': True, 'cuda': True, 'seed': 0, 'log_every': 10, 'log_dir': 'logs//er_ring/full-tasks_all-10epochs_weighted-loss-2026-03-27_03-46-02-3576/0', 'tf_dir': 'logs//er_ring/full-tasks_all-10epochs_weighted-loss-2026-03-27_03-46-02-3576/0/tfdir', 'calc_test_accuracy': False, 'state_logging': True, 'data_path': 'data/rff/radar/full', 'task_order_files': 't2-rcn,t0-rcn,t2-uclresm-25noise,t0-deeprad,t1-deeprad,t1-uclresm-25noise,t3-deeprad,t0-uclresm-25noise,t1-rcn,t2-deeprad', 'loader': 'task_incremental_loader', 'samples_per_task': -1, 'shuffle_tasks': False, 'classes_per_it': 6, 'iterations': 5000, 'dataset': 'iq', 'workers': 0, 'validation': 0.5, 'data_scaling': 'normalize', 'use_iq_aug_features': False, 'iq_aug_feature_type': 'power', 'class_order': 'random', 'increment': 5, 'test_batch_size': 512, 'nc_per_task': None, 'nc_per_task_list': '', 'val_rate': 1000, 'opt_lr': 0.1, 'opt_wt': 0.1, 'alpha_init': 0.001, 'learn_lr': False, 'sync_update': False, 'grad_clip_norm': 5.0, 'meta_batches': 3, 'use_old_task_memory': False, 'second_order': False, 'n_memories': 5120, 'memory_strength': 0, 'steps_per_sample': 1, 'bgd_optimizer': 'sgd', 'optimizer_params': '{}', 'train_mc_iters': 5, 'std_init': 0.05, 'mean_eta': 1, 'fisher_gamma': 0.95, 'rln': 7, 'update_steps': 10, 'meta_lr': 0.001, 'update_lr': 0.1, 'ctx_lr': 0.05, 'n_meta': 2, 'inner_steps': 1, 'temperature': 5.0, 'task_emb': 64, 'classes_per_task': [6, 7, 6, 7, 7, 6, 6, 6, 7, 6], 'get_samples_per_task': <bound method IncrementalLoader.get_samples_per_task of <dataloaders.task_incremental_loader.IncrementalLoader object at 0x70f8473ea600>>} # val: 0.753 0.626 -0.127 0.000 # sizes: model_gb=0.0289 mem_gb=0.0197 # 20313.78984284401
[STATE 2026-03-27 09:25:38] results.pt components (approx): state_dict 29.6 MB, result_val_t 0.1 KB, result_val_a 0.8 KB
[STATE 2026-03-27 09:25:38] Results saved; total runtime 5.64h
Total runtime: 5.64 hours
