[STATE 2026-05-28 21:14:32] Enabling terminal logging to logs//gem/seed-sweep_one-shot_til-2026-05-28_21-14-32-9071/55/terminal.log
New Experiment Starting...
Running model:  gem
[STATE 2026-05-28 21:14:32] Experiment 'seed-sweep_one-shot_til' starting with model 'gem' (seed 55)
Set seed 55
[STATE 2026-05-28 21:14:32] Runtime accel: cudnn.benchmark=False amp=True amp_dtype=bfloat16
t2-rcn.npz train: x=(50362, 1024), y=(50362, 2)
t2-rcn.npz test: x=(16787, 1024), y=(16787, 2)
t2-rcn.npz: applied data scaling mode 'normalize'.
Loaded t2-rcn.npz: Unique train labels: UniqueCountsResult(values=array([-1,  3,  5, 10, 12, 15]), counts=array([24209,  5770,  3030,  2320,  7509,  7524]))
Noise labels ratio in t2-rcn.npz train: 0.24, test: 0.24
Loaded t2-rcn.npz: Remapped labels: [0 1 2 3 4 5]. Size: 50362)
t0-rcn.npz train: x=(51916, 1024), y=(51916, 2)
t0-rcn.npz test: x=(17305, 1024), y=(17305, 2)
t0-rcn.npz: applied data scaling mode 'normalize'.
Loaded t0-rcn.npz: Unique train labels: UniqueCountsResult(values=array([-1,  1,  8,  9, 11, 13, 14]), counts=array([24225,  4268,  2495,  2943,  3015,  7464,  7506]))
Noise labels ratio in t0-rcn.npz train: 0.23, test: 0.23
Loaded t0-rcn.npz: Remapped labels: [ 6  7  8  9 10 11 12]. Size: 51916)
t2-uclresm-25noise.npz train: moved sample axis (3, 350028, 1024) -> (350028, 3, 1024)
t2-uclresm-25noise.npz test: moved sample axis (3, 233351, 1024) -> (233351, 3, 1024)
t2-uclresm-25noise.npz train: x=(350028, 3, 1024), y=(350028,)
t2-uclresm-25noise.npz test: x=(233351, 3, 1024), y=(233351,)
t2-uclresm-25noise.npz: applied data scaling mode 'normalize'.
Loaded t2-uclresm-25noise.npz: Unique train labels: UniqueCountsResult(values=array([-1,  0,  1,  2,  3,  4]), counts=array([87441, 27347, 71754, 64298, 36005, 63183]))
Noise labels ratio in t2-uclresm-25noise.npz train: 0.25, test: 0.25
Loaded t2-uclresm-25noise.npz: Remapped labels: [13 14 15 16 17 18]. Size: 350028)
t0-deeprad.npz train: x=(24480, 1024), y=(24480, 2)
t0-deeprad.npz test: x=(8160, 1024), y=(8160, 2)
t0-deeprad.npz: applied data scaling mode 'normalize'.
Loaded t0-deeprad.npz: Unique train labels: UniqueCountsResult(values=array([-1,  0,  1,  2,  3,  4,  5]), counts=array([12240,  2029,  1983,  2043,  2154,  2015,  2016]))
Noise labels ratio in t0-deeprad.npz train: 0.25, test: 0.25
Loaded t0-deeprad.npz: Remapped labels: [19 20 21 22 23 24 25]. Size: 24480)
t1-deeprad.npz train: x=(24480, 1024), y=(24480, 2)
t1-deeprad.npz test: x=(8160, 1024), y=(8160, 2)
t1-deeprad.npz: applied data scaling mode 'normalize'.
Loaded t1-deeprad.npz: Unique train labels: UniqueCountsResult(values=array([-1,  0,  1,  2,  3,  4,  5]), counts=array([12240,  1988,  2029,  2054,  1988,  2053,  2128]))
Noise labels ratio in t1-deeprad.npz train: 0.25, test: 0.25
Loaded t1-deeprad.npz: Remapped labels: [26 27 28 29 30 31 32]. Size: 24480)
t1-uclresm-25noise.npz train: moved sample axis (3, 201410, 1024) -> (201410, 3, 1024)
t1-uclresm-25noise.npz test: moved sample axis (3, 116291, 1024) -> (116291, 3, 1024)
t1-uclresm-25noise.npz train: x=(201410, 3, 1024), y=(201410,)
t1-uclresm-25noise.npz test: x=(116291, 3, 1024), y=(116291,)
t1-uclresm-25noise.npz: applied data scaling mode 'normalize'.
Loaded t1-uclresm-25noise.npz: Unique train labels: UniqueCountsResult(values=array([-1,  0,  1,  2,  3,  4]), counts=array([43668, 18021, 17838, 18087, 31870, 71926]))
Noise labels ratio in t1-uclresm-25noise.npz train: 0.22, test: 0.25
Loaded t1-uclresm-25noise.npz: Remapped labels: [33 34 35 36 37 38]. Size: 201410)
t3-deeprad.npz train: x=(17340, 1024), y=(17340, 2)
t3-deeprad.npz test: x=(6800, 1024), y=(6800, 2)
t3-deeprad.npz: applied data scaling mode 'normalize'.
Loaded t3-deeprad.npz: Unique train labels: UniqueCountsResult(values=array([-1,  0,  1,  2,  3,  4]), counts=array([8670, 1693, 1677, 1794, 1716, 1790]))
Noise labels ratio in t3-deeprad.npz train: 0.25, test: 0.25
Loaded t3-deeprad.npz: Remapped labels: [39 40 41 42 43 44]. Size: 17340)
t0-uclresm-25noise.npz train: moved sample axis (3, 188050, 1024) -> (188050, 3, 1024)
t0-uclresm-25noise.npz test: moved sample axis (3, 107348, 1024) -> (107348, 3, 1024)
t0-uclresm-25noise.npz train: x=(188050, 3, 1024), y=(188050,)
t0-uclresm-25noise.npz test: x=(107348, 3, 1024), y=(107348,)
t0-uclresm-25noise.npz: applied data scaling mode 'normalize'.
Loaded t0-uclresm-25noise.npz: Unique train labels: UniqueCountsResult(values=array([-1,  0,  1,  2,  3,  4]), counts=array([40144, 32109, 17978, 17979, 18098, 61742]))
Noise labels ratio in t0-uclresm-25noise.npz train: 0.21, test: 0.25
Loaded t0-uclresm-25noise.npz: Remapped labels: [45 46 47 48 49 50]. Size: 188050)
t1-rcn.npz train: x=(36658, 1024), y=(36658, 2)
t1-rcn.npz test: x=(12220, 1024), y=(12220, 2)
t1-rcn.npz: applied data scaling mode 'normalize'.
Loaded t1-rcn.npz: Unique train labels: UniqueCountsResult(values=array([-1,  0,  2,  4,  6,  7, 16]), counts=array([20595,   824,  2087,  2606,  2396,  1716,  6434]))
Noise labels ratio in t1-rcn.npz train: 0.28, test: 0.28
Loaded t1-rcn.npz: Remapped labels: [51 52 53 54 55 56 57]. Size: 36658)
t2-deeprad.npz train: x=(17340, 1024), y=(17340, 2)
t2-deeprad.npz test: x=(6800, 1024), y=(6800, 2)
t2-deeprad.npz: applied data scaling mode 'normalize'.
Loaded t2-deeprad.npz: Unique train labels: UniqueCountsResult(values=array([-1,  0,  1,  2,  3,  4]), counts=array([8670, 1774, 1675, 1777, 1694, 1750]))
Noise labels ratio in t2-deeprad.npz train: 0.25, test: 0.25
Loaded t2-deeprad.npz: Remapped labels: [58 59 60 61 62 63]. Size: 17340)
Built classes_per_task: [6, 7, 6, 7, 7, 6, 6, 6, 7, 6]
Classes per task: [6, 7, 6, 7, 7, 6, 6, 6, 7, 6]
[STATE 2026-05-28 21:15:34] Loader 'task_incremental_loader' ready: 1024 inputs, 64 outputs, 10 tasks
n_outputs: 64 	n_tasks: 10
[STATE 2026-05-28 21:15:34] Logging to logs//gem/seed-sweep_one-shot_til-2026-05-28_21-14-32-9071/55
True
Model device: cuda:0
[STATE 2026-05-28 21:15:34] Model initialized on device cuda:0
[STATE 2026-05-28 21:15:34] Invoking continual life experience flow
[STATE 2026-05-28 21:15:34] Life experience start: 10 tasks queued
[STATE 2026-05-28 21:15:34] Legacy epoch behavior enabled: using n_epochs=1 for all tasks
Task 0: 50362 training samples, 16787 test samples.
[STATE 2026-05-28 21:15:34] Task 0: zero-shot validation (pre-train)
---- Zero-shot (pre-train) task 0: rec_cls 0.1968 | prec_cls 0.1229 | f1_cls 0.0583 | det 0.5000 | pfa 1.0000 | total_f1 0.0583 ----
[STATE 2026-05-28 21:15:40] Starting task 0 (1/10)
[STATE 2026-05-28 21:15:40] Task 0 Epoch 1/1: entering train loop
[STATE 2026-05-28 21:17:02] Task 0 Epoch 1/1: running validation (end of epoch)
---- Eval at Epoch 0: cls [0.882969810023487] | det_recall [0.8746496862130596] | det_fa [0.23385670900779879] ----
T0 Ep 1/1 | L 0.7884 | Train Acc 0.74 | Prec 0.75 | F1 0.68 | Det Rec 0.83 | Det FA 0.30 | Epoch Time 87.04s (Eval 5.15s, Train 81.89s)
[STATE 2026-05-28 21:17:07] T0 Ep 1/1 complete: Prec 0.7495 F1 0.6773 DetRec 0.8286 DetFA 0.2995 | 87.04s total (5.15s eval/81.89s train)
[STATE 2026-05-28 21:17:07] Task 0: running final validation.
Saved task checkpoint: logs//gem/seed-sweep_one-shot_til-2026-05-28_21-14-32-9071/55/checkpoints/task_0.pt
[STATE 2026-05-28 21:17:12] Saved task checkpoint to logs//gem/seed-sweep_one-shot_til-2026-05-28_21-14-32-9071/55/checkpoints/task_0.pt
[STATE 2026-05-28 21:17:12] Completed task 0 (1/10)
Task 1: 51916 training samples, 17305 test samples.
[STATE 2026-05-28 21:17:12] Task 1: zero-shot validation (pre-train)
---- Zero-shot (pre-train) task 1: rec_cls 0.1818 | prec_cls 0.1392 | f1_cls 0.0692 | det 0.5000 | pfa 1.0000 | total_f1 0.4423 ----
[STATE 2026-05-28 21:17:23] Starting task 1 (2/10)
[STATE 2026-05-28 21:17:23] Task 1 Epoch 1/1: entering train loop
[STATE 2026-05-28 21:21:33] Task 1 Epoch 1/1: running validation (end of epoch)
---- Eval at Epoch 0: cls [0.8055518470246165, 0.8000490006536345] | det_recall [0.8546877220514434, 0.8329466278836293] | det_fa [0.2692884679973053, 0.28065176024499733] ----
T1 Ep 1/1 | L 0.8875 | Train Acc 0.67 | Prec 0.73 | F1 0.55 | Det Rec 0.68 | Det FA 0.56 | Epoch Time 261.15s (Eval 10.49s, Train 250.66s)
[STATE 2026-05-28 21:21:44] T1 Ep 1/1 complete: Prec 0.7287 F1 0.5503 DetRec 0.6802 DetFA 0.5648 | 261.15s total (10.49s eval/250.66s train)
[STATE 2026-05-28 21:21:44] Task 1: running final validation.
Saved task checkpoint: logs//gem/seed-sweep_one-shot_til-2026-05-28_21-14-32-9071/55/checkpoints/task_1.pt
[STATE 2026-05-28 21:21:54] Saved task checkpoint to logs//gem/seed-sweep_one-shot_til-2026-05-28_21-14-32-9071/55/checkpoints/task_1.pt
[STATE 2026-05-28 21:21:54] Completed task 1 (2/10)
Task 2: 350028 training samples, 175014 test samples.
[STATE 2026-05-28 21:21:55] Task 2: zero-shot validation (pre-train)
---- Zero-shot (pre-train) task 2: rec_cls 0.1135 | prec_cls 0.2085 | f1_cls 0.1924 | det 0.6508 | pfa 0.2348 | total_f1 0.5630 ----
[STATE 2026-05-28 21:22:58] Starting task 2 (3/10)
[STATE 2026-05-28 21:22:58] Task 2 Epoch 1/1: entering train loop
[STATE 2026-05-28 22:10:00] Task 2 Epoch 1/1: running validation (end of epoch)
---- Eval at Epoch 0: cls [0.7547227693979103, 0.6811752192793886, 0.7031782100093155] | det_recall [0.8751212821558633, 0.8571699377295837, 0.8430173918184175] | det_fa [0.13545787410041382, 0.17692538020713652, 0.2799602634096736] ----
T2 Ep 1/1 | L 1.0719 | Train Acc 0.52 | Prec 0.55 | F1 0.52 | Det Rec 0.81 | Det FA 0.33 | Epoch Time 2884.55s (Eval 63.13s, Train 2821.42s)
[STATE 2026-05-28 22:11:03] T2 Ep 1/1 complete: Prec 0.5476 F1 0.5239 DetRec 0.8091 DetFA 0.3279 | 2884.55s total (63.13s eval/2821.42s train)
[STATE 2026-05-28 22:11:03] Task 2: running final validation.
Saved task checkpoint: logs//gem/seed-sweep_one-shot_til-2026-05-28_21-14-32-9071/55/checkpoints/task_2.pt
[STATE 2026-05-28 22:12:06] Saved task checkpoint to logs//gem/seed-sweep_one-shot_til-2026-05-28_21-14-32-9071/55/checkpoints/task_2.pt
[STATE 2026-05-28 22:12:06] Completed task 2 (3/10)
Task 3: 24480 training samples, 8160 test samples.
[STATE 2026-05-28 22:12:06] Task 3: zero-shot validation (pre-train)
---- Zero-shot (pre-train) task 3: rec_cls 0.1622 | prec_cls 0.1182 | f1_cls 0.0734 | det 0.4808 | pfa 1.0000 | total_f1 0.5548 ----
[STATE 2026-05-28 22:13:12] Starting task 3 (4/10)
[STATE 2026-05-28 22:13:12] Task 3 Epoch 1/1: entering train loop
[STATE 2026-05-28 22:17:54] Task 3 Epoch 1/1: running validation (end of epoch)
---- Eval at Epoch 0: cls [0.7537759781789772, 0.6631248474679561, 0.6129348408485571, 0.6211764562448142] | det_recall [0.8724830514530577, 0.858167512532648, 0.8261004996642545, 0.9965840027488218] | det_fa [0.13132335930365852, 0.15851960563807838, 0.24613777116173202, 0.00629173274962147] ----
T3 Ep 1/1 | L 0.9583 | Train Acc 0.54 | Prec 0.55 | F1 0.58 | Det Rec 0.99 | Det FA 0.01 | Epoch Time 347.40s (Eval 65.40s, Train 282.00s)
[STATE 2026-05-28 22:18:59] T3 Ep 1/1 complete: Prec 0.5540 F1 0.5823 DetRec 0.9908 DetFA 0.0142 | 347.40s total (65.40s eval/282.00s train)
[STATE 2026-05-28 22:18:59] Task 3: running final validation.
Saved task checkpoint: logs//gem/seed-sweep_one-shot_til-2026-05-28_21-14-32-9071/55/checkpoints/task_3.pt
[STATE 2026-05-28 22:20:05] Saved task checkpoint to logs//gem/seed-sweep_one-shot_til-2026-05-28_21-14-32-9071/55/checkpoints/task_3.pt
[STATE 2026-05-28 22:20:05] Completed task 3 (4/10)
Task 4: 24480 training samples, 8160 test samples.
[STATE 2026-05-28 22:20:05] Task 4: zero-shot validation (pre-train)
---- Zero-shot (pre-train) task 4: rec_cls 0.1463 | prec_cls 0.1475 | f1_cls 0.1314 | det 0.4603 | pfa 0.7999 | total_f1 0.5801 ----
[STATE 2026-05-28 22:21:14] Starting task 4 (5/10)
[STATE 2026-05-28 22:21:14] Task 4 Epoch 1/1: entering train loop
[STATE 2026-05-28 22:27:12] Task 4 Epoch 1/1: running validation (end of epoch)
---- Eval at Epoch 0: cls [0.756245291111003, 0.6692576879724617, 0.5978472436442682, 0.590693509397633, 0.46776366244864664] | det_recall [0.868717621056128, 0.8560395466294655, 0.8109834919683395, 0.9986476680261573, 1.0] | det_fa [0.15729882394233002, 0.15918697233974324, 0.3029363213983265, 0.000257201646090535, 0.0] ----
T4 Ep 1/1 | L 1.0416 | Train Acc 0.40 | Prec 0.41 | F1 0.45 | Det Rec 0.99 | Det FA 0.01 | Epoch Time 426.34s (Eval 68.06s, Train 358.28s)
[STATE 2026-05-28 22:28:20] T4 Ep 1/1 complete: Prec 0.4132 F1 0.4485 DetRec 0.9924 DetFA 0.0084 | 426.34s total (68.06s eval/358.28s train)
[STATE 2026-05-28 22:28:20] Task 4: running final validation.
Saved task checkpoint: logs//gem/seed-sweep_one-shot_til-2026-05-28_21-14-32-9071/55/checkpoints/task_4.pt
[STATE 2026-05-28 22:29:28] Saved task checkpoint to logs//gem/seed-sweep_one-shot_til-2026-05-28_21-14-32-9071/55/checkpoints/task_4.pt
[STATE 2026-05-28 22:29:28] Completed task 4 (5/10)
Task 5: 201410 training samples, 100705 test samples.
[STATE 2026-05-28 22:29:29] Task 5: zero-shot validation (pre-train)
---- Zero-shot (pre-train) task 5: rec_cls 0.0166 | prec_cls 0.0809 | f1_cls 0.0835 | det 0.5320 | pfa 0.0541 | total_f1 0.5525 ----
[STATE 2026-05-28 22:31:08] Starting task 5 (6/10)
[STATE 2026-05-28 22:31:08] Task 5 Epoch 1/1: entering train loop
[STATE 2026-05-28 23:32:31] Task 5 Epoch 1/1: running validation (end of epoch)
---- Eval at Epoch 0: cls [0.7297722873586449, 0.6512251970972739, 0.46555350922588046, 0.5797304655377613, 0.4436092144301737, 0.7937433908660644] | det_recall [0.8726538848618608, 0.8540055652221005, 0.8105473920181042, 0.9990148926750878, 0.9998816287878788, 0.88041248852616] | det_fa [0.1339239768912508, 0.18026652025879084, 0.2743400120115776, 0.0, 0.0, 0.2003154637589353] ----
T5 Ep 1/1 | L 0.6907 | Train Acc 0.71 | Prec 0.71 | F1 0.68 | Det Rec 0.85 | Det FA 0.24 | Epoch Time 3782.18s (Eval 98.85s, Train 3683.33s)
[STATE 2026-05-28 23:34:10] T5 Ep 1/1 complete: Prec 0.7092 F1 0.6839 DetRec 0.8527 DetFA 0.2438 | 3782.18s total (98.85s eval/3683.33s train)
[STATE 2026-05-28 23:34:10] Task 5: running final validation.
Saved task checkpoint: logs//gem/seed-sweep_one-shot_til-2026-05-28_21-14-32-9071/55/checkpoints/task_5.pt
[STATE 2026-05-28 23:35:49] Saved task checkpoint to logs//gem/seed-sweep_one-shot_til-2026-05-28_21-14-32-9071/55/checkpoints/task_5.pt
[STATE 2026-05-28 23:35:49] Completed task 5 (6/10)
Task 6: 17340 training samples, 6800 test samples.
[STATE 2026-05-28 23:35:49] Task 6: zero-shot validation (pre-train)
---- Zero-shot (pre-train) task 6: rec_cls 0.0845 | prec_cls 0.1206 | f1_cls 0.1954 | det 0.7404 | pfa 0.2414 | total_f1 0.5678 ----
[STATE 2026-05-28 23:37:30] Starting task 6 (7/10)
[STATE 2026-05-28 23:37:30] Task 6 Epoch 1/1: entering train loop
[STATE 2026-05-28 23:43:46] Task 6 Epoch 1/1: running validation (end of epoch)
---- Eval at Epoch 0: cls [0.7166214238160563, 0.6448667051591537, 0.46718777460658095, 0.589805933479498, 0.44982484483001883, 0.763883745270025, 0.5590423358172927] | det_recall [0.8634595224300391, 0.8580801942036831, 0.8059546527363385, 0.999131565139144, 1.0, 0.870885116875018, 1.0] | det_fa [0.14424898182692686, 0.15446749621124992, 0.2729451507895457, 0.0, 0.0, 0.19699957812324131, 0.0] ----
T6 Ep 1/1 | L 0.9085 | Train Acc 0.54 | Prec 0.55 | F1 0.59 | Det Rec 1.00 | Det FA 0.01 | Epoch Time 477.29s (Eval 100.93s, Train 376.36s)
[STATE 2026-05-28 23:45:27] T6 Ep 1/1 complete: Prec 0.5455 F1 0.5941 DetRec 0.9957 DetFA 0.0056 | 477.29s total (100.93s eval/376.36s train)
[STATE 2026-05-28 23:45:27] Task 6: running final validation.
Saved task checkpoint: logs//gem/seed-sweep_one-shot_til-2026-05-28_21-14-32-9071/55/checkpoints/task_6.pt
[STATE 2026-05-28 23:47:08] Saved task checkpoint to logs//gem/seed-sweep_one-shot_til-2026-05-28_21-14-32-9071/55/checkpoints/task_6.pt
[STATE 2026-05-28 23:47:08] Completed task 6 (7/10)
Task 7: 188050 training samples, 94025 test samples.
[STATE 2026-05-28 23:47:09] Task 7: zero-shot validation (pre-train)
---- Zero-shot (pre-train) task 7: rec_cls 0.2119 | prec_cls 0.2210 | f1_cls 0.0786 | det 0.4928 | pfa 0.9836 | total_f1 0.5622 ----
[STATE 2026-05-28 23:49:18] Starting task 7 (8/10)
[STATE 2026-05-28 23:49:18] Task 7 Epoch 1/1: entering train loop
[STATE 2026-05-29 01:08:55] Task 7 Epoch 1/1: running validation (end of epoch)
---- Eval at Epoch 0: cls [0.7263108865857933, 0.651217505208036, 0.4538904551237423, 0.5772081868686999, 0.44897213095653216, 0.7251421170801736, 0.5231046120868361, 0.8134578054460715] | det_recall [0.8694180042604139, 0.8524581751908148, 0.8246548400443978, 0.9990042163803445, 1.0, 0.884448458210649, 0.9997265616830834, 0.8648416820759802] | det_fa [0.12872879021434525, 0.17334796235922564, 0.23310642235247067, 0.0, 0.0, 0.17690546688942096, 0.0005468766338331555, 0.2323627799535965] ----
T7 Ep 1/1 | L 0.5702 | Train Acc 0.76 | Prec 0.78 | F1 0.74 | Det Rec 0.86 | Det FA 0.22 | Epoch Time 4905.85s (Eval 129.10s, Train 4776.75s)
[STATE 2026-05-29 01:11:04] T7 Ep 1/1 complete: Prec 0.7793 F1 0.7446 DetRec 0.8614 DetFA 0.2158 | 4905.85s total (129.10s eval/4776.75s train)
[STATE 2026-05-29 01:11:04] Task 7: running final validation.
Saved task checkpoint: logs//gem/seed-sweep_one-shot_til-2026-05-28_21-14-32-9071/55/checkpoints/task_7.pt
[STATE 2026-05-29 01:13:13] Saved task checkpoint to logs//gem/seed-sweep_one-shot_til-2026-05-28_21-14-32-9071/55/checkpoints/task_7.pt
[STATE 2026-05-29 01:13:13] Completed task 7 (8/10)
Task 8: 36658 training samples, 12220 test samples.
[STATE 2026-05-29 01:13:13] Task 8: zero-shot validation (pre-train)
---- Zero-shot (pre-train) task 8: rec_cls 0.1518 | prec_cls 0.1310 | f1_cls 0.0601 | det 0.4982 | pfa 0.9845 | total_f1 0.5720 ----
[STATE 2026-05-29 01:15:26] Starting task 8 (9/10)
[STATE 2026-05-29 01:15:26] Task 8 Epoch 1/1: entering train loop
[STATE 2026-05-29 01:32:49] Task 8 Epoch 1/1: running validation (end of epoch)
---- Eval at Epoch 0: cls [0.7629203579838539, 0.7373613349518409, 0.45428891811123834, 0.5829125901348208, 0.4375694618070369, 0.7001243923290451, 0.5155730580252319, 0.7666313712594738, 0.8107584507759241] | det_recall [0.8729581497264164, 0.8742808105642059, 0.8131790059171795, 0.9991137323932934, 0.9998793436293436, 0.866752697770283, 1.0, 0.8382530335548637, 0.8167655061457789] | det_fa [0.12120751924310494, 0.13433481788369028, 0.2795476797122669, 0.000257201646090535, 0.0, 0.20782022619424334, 0.0, 0.2739670483201439, 0.28941304610285756] ----
T8 Ep 1/1 | L 0.6904 | Train Acc 0.77 | Prec 0.79 | F1 0.63 | Det Rec 0.76 | Det FA 0.43 | Epoch Time 1176.57s (Eval 133.45s, Train 1043.12s)
[STATE 2026-05-29 01:35:03] T8 Ep 1/1 complete: Prec 0.7917 F1 0.6286 DetRec 0.7629 DetFA 0.4268 | 1176.57s total (133.45s eval/1043.12s train)
[STATE 2026-05-29 01:35:03] Task 8: running final validation.
Saved task checkpoint: logs//gem/seed-sweep_one-shot_til-2026-05-28_21-14-32-9071/55/checkpoints/task_8.pt
[STATE 2026-05-29 01:37:15] Saved task checkpoint to logs//gem/seed-sweep_one-shot_til-2026-05-28_21-14-32-9071/55/checkpoints/task_8.pt
[STATE 2026-05-29 01:37:15] Completed task 8 (9/10)
Task 9: 17340 training samples, 6800 test samples.
[STATE 2026-05-29 01:37:15] Task 9: zero-shot validation (pre-train)
---- Zero-shot (pre-train) task 9: rec_cls 0.0667 | prec_cls 0.1312 | f1_cls 0.0748 | det 0.2250 | pfa 0.9213 | total_f1 0.5970 ----
[STATE 2026-05-29 01:39:30] Starting task 9 (10/10)
[STATE 2026-05-29 01:39:30] Task 9 Epoch 1/1: entering train loop
[STATE 2026-05-29 01:48:36] Task 9 Epoch 1/1: running validation (end of epoch)
---- Eval at Epoch 0: cls [0.776481550325073, 0.7192200822824766, 0.4494273217442254, 0.598615749136423, 0.4744933656047394, 0.7028902680653647, 0.5264382797459656, 0.7578241138974239, 0.6192607477580228, 0.5252291170430561] | det_recall [0.8767161633236795, 0.8654012582544953, 0.8123667326595785, 0.9993718657626994, 1.0, 0.8670898124700047, 0.9991545949881638, 0.8461505854283217, 0.8333948825169218, 1.0] | det_fa [0.14135039604065333, 0.15341598860631903, 0.28342615210356953, 0.0, 0.0, 0.21543185679439616, 0.0016908100236723022, 0.25097376883894973, 0.13371990717149868, 0.0] ----
T9 Ep 1/1 | L 0.9257 | Train Acc 0.45 | Prec 0.45 | F1 0.49 | Det Rec 0.99 | Det FA 0.01 | Epoch Time 682.09s (Eval 136.00s, Train 546.09s)
[STATE 2026-05-29 01:50:52] T9 Ep 1/1 complete: Prec 0.4504 F1 0.4919 DetRec 0.9890 DetFA 0.0133 | 682.09s total (136.00s eval/546.09s train)
[STATE 2026-05-29 01:50:52] Task 9: running final validation.
Saved task checkpoint: logs//gem/seed-sweep_one-shot_til-2026-05-28_21-14-32-9071/55/checkpoints/task_9.pt
[STATE 2026-05-29 01:53:07] Saved task checkpoint to logs//gem/seed-sweep_one-shot_til-2026-05-28_21-14-32-9071/55/checkpoints/task_9.pt
[STATE 2026-05-29 01:53:07] Completed task 9 (10/10)
####Final Validation Accuracy####
Final Results:- 
 Total Recall: 0.6140993584394017 
 Individual Recall: [0.7720245887758079, 0.7166164809634535, 0.44716985643919116, 0.5978127899781639, 0.4701553813805511, 0.705545912492666, 0.5261951733722683, 0.7567281685569437, 0.6254574253433369, 0.5232878070916339]
Final Detection Results:- 
 Total Detection: 0.9105293316730936 
 Individual Detection: [0.8775706802658498, 0.8664023881734925, 0.8133230539881403, 0.9993741335420898, 1.0, 0.8678013340752219, 0.9992919576255266, 0.8458585502995348, 0.8356712187610805, 1.0]
Final Detection False Alarm:- 
 Total False Alarm: 0.11670691893705801 
 Individual False Alarm: [0.1365555922003744, 0.15333275362194057, 0.28045091740205386, 0.0, 0.0, 0.21421939927605282, 0.0014160847489470274, 0.25017289247023833, 0.130921549650973, 0.0]
SUMMARY_TR cls_rec=0.4526 cls_prec=0.4504 cls_f1=0.4919 det=0.9100 fa=0.1180
SUMMARY_TE cls_rec=0.6141 cls_prec=0.6568 cls_f1=0.6439 det=0.9105 fa=0.1167
[STATE 2026-05-29 01:53:07] Saving results to logs//gem/seed-sweep_one-shot_til-2026-05-28_21-14-32-9071/55/results
Model size: 0.0289 GB
Memory buffer size: 0.0196 GB
logs//gem/seed-sweep_one-shot_til-2026-05-28_21-14-32-9071/55/results: {'expt_name': 'seed-sweep_one-shot_til', 'model': 'gem', 'arch': 'resnet1d', 'n_hiddens': 100, 'n_layers': 2, 'xav_init': False, 'debug': False, 'use_detector_arch': False, 'use_groupnorm': False, 'inner_steps': 2, 'n_epochs': 1, 'batch_size': 256, 'replay_batch_size': 128, 'memories': 5120, 'lr': 0.03, 'optimizer': 'sgd', 'prune_perc': 0.75, 'post_prune_epochs': 0, 'class_weighted_ce': True, 'cuda': True, 'amp': True, 'amp_dtype': 'bfloat16', 'cudnn_benchmark': True, 'seed': 55, 'log_every': 10, 'log_dir': 'logs//gem/seed-sweep_one-shot_til-2026-05-28_21-14-32-9071/55', 'tf_dir': 'logs//gem/seed-sweep_one-shot_til-2026-05-28_21-14-32-9071/55/tfdir', 'calc_test_accuracy': False, 'state_logging': True, 'data_path': 'data/rff/radar/full', 'task_order_files': 't2-rcn,t0-rcn,t2-uclresm-25noise,t0-deeprad,t1-deeprad,t1-uclresm-25noise,t3-deeprad,t0-uclresm-25noise,t1-rcn,t2-deeprad', 'loader': 'task_incremental_loader', 'samples_per_task': -1, 'task_order_seed': None, 'classes_per_it': 6, 'iterations': 5000, 'dataset': 'iq', 'workers': 0, 'validation': 0.5, 'data_scaling': 'normalize', 'use_iq_aug_features': False, 'iq_aug_feature_type': 'power', 'class_order': 'random', 'increment': 5, 'test_batch_size': 512, 'nc_per_task': None, 'nc_per_task_list': '', 'val_rate': 1000, 'opt_lr': 0.1, 'opt_wt': 0.1, 'alpha_init': 0.001, 'momentum': 0.0, 'learn_lr': False, 'sync_update': False, 'grad_clip_norm': 5.0, 'meta_batches': 3, 'use_old_task_memory': False, 'second_order': False, 'n_memories': 5120, 'memory_strength': 1.0, 'memory_loss_lambda': 1.0, 'steps_per_sample': 1, 'bgd_optimizer': 'sgd', 'optimizer_params': '{}', 'train_mc_iters': 5, 'std_init': 0.05, 'mean_eta': 1, 'fisher_gamma': 0.95, 'rln': 7, 'meta_lr': 0.001, 'update_lr': 0.1, 'ctx_lr': 0.05, 'n_meta': 1, 'temperature': 5.0, 'task_emb': 64, 'classes_per_task': [6, 7, 6, 7, 7, 6, 6, 6, 7, 6], 'get_samples_per_task': <bound method IncrementalLoader.get_samples_per_task of <dataloaders.task_incremental_loader.IncrementalLoader object at 0x7ca8468df140>>, 'task_epoch_schedule': {}} # val: 0.697 0.614 -0.083 0.000 # sizes: model_gb=0.0289 mem_gb=0.0196 # 16652.888580799103
[STATE 2026-05-29 01:53:07] results.pt components (approx): state_dict 29.6 MB, result_val_t 0.1 KB, result_val_a 0.8 KB
[STATE 2026-05-29 01:53:07] Results saved; total runtime 4.63h
Total runtime: 4.63 hours
