[STATE 2026-05-28 18:57:24] Enabling terminal logging to logs//smaml/seed-sweep_one-shot_til-2026-05-28_18-57-24-6106/55/terminal.log
New Experiment Starting...
Running model:  lamaml_cifar
[STATE 2026-05-28 18:57:24] Experiment 'seed-sweep_one-shot_til' starting with model 'lamaml_cifar' (seed 55)
Set seed 55
[STATE 2026-05-28 18:57:24] Runtime accel: cudnn.benchmark=False amp=True amp_dtype=bfloat16
t2-rcn.npz train: x=(50362, 1024), y=(50362, 2)
t2-rcn.npz test: x=(16787, 1024), y=(16787, 2)
t2-rcn.npz: applied data scaling mode 'normalize'.
Loaded t2-rcn.npz: Unique train labels: UniqueCountsResult(values=array([-1,  3,  5, 10, 12, 15]), counts=array([24209,  5770,  3030,  2320,  7509,  7524]))
Noise labels ratio in t2-rcn.npz train: 0.24, test: 0.24
Loaded t2-rcn.npz: Remapped labels: [0 1 2 3 4 5]. Size: 50362)
t0-rcn.npz train: x=(51916, 1024), y=(51916, 2)
t0-rcn.npz test: x=(17305, 1024), y=(17305, 2)
t0-rcn.npz: applied data scaling mode 'normalize'.
Loaded t0-rcn.npz: Unique train labels: UniqueCountsResult(values=array([-1,  1,  8,  9, 11, 13, 14]), counts=array([24225,  4268,  2495,  2943,  3015,  7464,  7506]))
Noise labels ratio in t0-rcn.npz train: 0.23, test: 0.23
Loaded t0-rcn.npz: Remapped labels: [ 6  7  8  9 10 11 12]. Size: 51916)
t2-uclresm-25noise.npz train: moved sample axis (3, 350028, 1024) -> (350028, 3, 1024)
t2-uclresm-25noise.npz test: moved sample axis (3, 233351, 1024) -> (233351, 3, 1024)
t2-uclresm-25noise.npz train: x=(350028, 3, 1024), y=(350028,)
t2-uclresm-25noise.npz test: x=(233351, 3, 1024), y=(233351,)
t2-uclresm-25noise.npz: applied data scaling mode 'normalize'.
Loaded t2-uclresm-25noise.npz: Unique train labels: UniqueCountsResult(values=array([-1,  0,  1,  2,  3,  4]), counts=array([87441, 27347, 71754, 64298, 36005, 63183]))
Noise labels ratio in t2-uclresm-25noise.npz train: 0.25, test: 0.25
Loaded t2-uclresm-25noise.npz: Remapped labels: [13 14 15 16 17 18]. Size: 350028)
t0-deeprad.npz train: x=(24480, 1024), y=(24480, 2)
t0-deeprad.npz test: x=(8160, 1024), y=(8160, 2)
t0-deeprad.npz: applied data scaling mode 'normalize'.
Loaded t0-deeprad.npz: Unique train labels: UniqueCountsResult(values=array([-1,  0,  1,  2,  3,  4,  5]), counts=array([12240,  2029,  1983,  2043,  2154,  2015,  2016]))
Noise labels ratio in t0-deeprad.npz train: 0.25, test: 0.25
Loaded t0-deeprad.npz: Remapped labels: [19 20 21 22 23 24 25]. Size: 24480)
t1-deeprad.npz train: x=(24480, 1024), y=(24480, 2)
t1-deeprad.npz test: x=(8160, 1024), y=(8160, 2)
t1-deeprad.npz: applied data scaling mode 'normalize'.
Loaded t1-deeprad.npz: Unique train labels: UniqueCountsResult(values=array([-1,  0,  1,  2,  3,  4,  5]), counts=array([12240,  1988,  2029,  2054,  1988,  2053,  2128]))
Noise labels ratio in t1-deeprad.npz train: 0.25, test: 0.25
Loaded t1-deeprad.npz: Remapped labels: [26 27 28 29 30 31 32]. Size: 24480)
t1-uclresm-25noise.npz train: moved sample axis (3, 201410, 1024) -> (201410, 3, 1024)
t1-uclresm-25noise.npz test: moved sample axis (3, 116291, 1024) -> (116291, 3, 1024)
t1-uclresm-25noise.npz train: x=(201410, 3, 1024), y=(201410,)
t1-uclresm-25noise.npz test: x=(116291, 3, 1024), y=(116291,)
t1-uclresm-25noise.npz: applied data scaling mode 'normalize'.
Loaded t1-uclresm-25noise.npz: Unique train labels: UniqueCountsResult(values=array([-1,  0,  1,  2,  3,  4]), counts=array([43668, 18021, 17838, 18087, 31870, 71926]))
Noise labels ratio in t1-uclresm-25noise.npz train: 0.22, test: 0.25
Loaded t1-uclresm-25noise.npz: Remapped labels: [33 34 35 36 37 38]. Size: 201410)
t3-deeprad.npz train: x=(17340, 1024), y=(17340, 2)
t3-deeprad.npz test: x=(6800, 1024), y=(6800, 2)
t3-deeprad.npz: applied data scaling mode 'normalize'.
Loaded t3-deeprad.npz: Unique train labels: UniqueCountsResult(values=array([-1,  0,  1,  2,  3,  4]), counts=array([8670, 1693, 1677, 1794, 1716, 1790]))
Noise labels ratio in t3-deeprad.npz train: 0.25, test: 0.25
Loaded t3-deeprad.npz: Remapped labels: [39 40 41 42 43 44]. Size: 17340)
t0-uclresm-25noise.npz train: moved sample axis (3, 188050, 1024) -> (188050, 3, 1024)
t0-uclresm-25noise.npz test: moved sample axis (3, 107348, 1024) -> (107348, 3, 1024)
t0-uclresm-25noise.npz train: x=(188050, 3, 1024), y=(188050,)
t0-uclresm-25noise.npz test: x=(107348, 3, 1024), y=(107348,)
t0-uclresm-25noise.npz: applied data scaling mode 'normalize'.
Loaded t0-uclresm-25noise.npz: Unique train labels: UniqueCountsResult(values=array([-1,  0,  1,  2,  3,  4]), counts=array([40144, 32109, 17978, 17979, 18098, 61742]))
Noise labels ratio in t0-uclresm-25noise.npz train: 0.21, test: 0.25
Loaded t0-uclresm-25noise.npz: Remapped labels: [45 46 47 48 49 50]. Size: 188050)
t1-rcn.npz train: x=(36658, 1024), y=(36658, 2)
t1-rcn.npz test: x=(12220, 1024), y=(12220, 2)
t1-rcn.npz: applied data scaling mode 'normalize'.
Loaded t1-rcn.npz: Unique train labels: UniqueCountsResult(values=array([-1,  0,  2,  4,  6,  7, 16]), counts=array([20595,   824,  2087,  2606,  2396,  1716,  6434]))
Noise labels ratio in t1-rcn.npz train: 0.28, test: 0.28
Loaded t1-rcn.npz: Remapped labels: [51 52 53 54 55 56 57]. Size: 36658)
t2-deeprad.npz train: x=(17340, 1024), y=(17340, 2)
t2-deeprad.npz test: x=(6800, 1024), y=(6800, 2)
t2-deeprad.npz: applied data scaling mode 'normalize'.
Loaded t2-deeprad.npz: Unique train labels: UniqueCountsResult(values=array([-1,  0,  1,  2,  3,  4]), counts=array([8670, 1774, 1675, 1777, 1694, 1750]))
Noise labels ratio in t2-deeprad.npz train: 0.25, test: 0.25
Loaded t2-deeprad.npz: Remapped labels: [58 59 60 61 62 63]. Size: 17340)
Built classes_per_task: [6, 7, 6, 7, 7, 6, 6, 6, 7, 6]
Classes per task: [6, 7, 6, 7, 7, 6, 6, 6, 7, 6]
[STATE 2026-05-28 18:58:27] Loader 'task_incremental_loader' ready: 1024 inputs, 64 outputs, 10 tasks
n_outputs: 64 	n_tasks: 10
[STATE 2026-05-28 18:58:27] Logging to logs//smaml/seed-sweep_one-shot_til-2026-05-28_18-57-24-6106/55
True
Model device: cuda:0
[STATE 2026-05-28 18:58:27] Model initialized on device cuda:0
[STATE 2026-05-28 18:58:27] Invoking continual life experience flow
[STATE 2026-05-28 18:58:27] Life experience start: 10 tasks queued
[STATE 2026-05-28 18:58:27] Legacy epoch behavior enabled: using n_epochs=1 for all tasks
Task 0: 50362 training samples, 16787 test samples.
[STATE 2026-05-28 18:58:27] Task 0: zero-shot validation (pre-train)
---- Zero-shot (pre-train) task 0: rec_cls 0.1968 | prec_cls 0.1229 | f1_cls 0.0583 | det 0.5000 | pfa 1.0000 | total_f1 0.0583 ----
[STATE 2026-05-28 18:58:33] Starting task 0 (1/10)
[STATE 2026-05-28 18:58:33] Task 0 Epoch 1/1: entering train loop
[STATE 2026-05-28 19:31:32] Task 0 Epoch 1/1: running validation (end of epoch)
---- Eval at Epoch 0: cls [0.8596554207965237] | det_recall [0.8973923358554682] | det_fa [0.1355861560903514] ----
T0 Ep 1/1 | L 0.4496 | Train Acc 0.72 | Prec 0.82 | F1 0.75 | Det Rec 0.87 | Det FA 0.10 | Epoch Time 1985.01s (Eval 6.28s, Train 1978.73s)
[STATE 2026-05-28 19:31:38] T0 Ep 1/1 complete: Prec 0.8203 F1 0.7462 DetRec 0.8681 DetFA 0.1037 | 1985.01s total (6.28s eval/1978.73s train)
[STATE 2026-05-28 19:31:38] Task 0: running final validation.
Saved task checkpoint: logs//smaml/seed-sweep_one-shot_til-2026-05-28_18-57-24-6106/55/checkpoints/task_0.pt
[STATE 2026-05-28 19:31:45] Saved task checkpoint to logs//smaml/seed-sweep_one-shot_til-2026-05-28_18-57-24-6106/55/checkpoints/task_0.pt
[STATE 2026-05-28 19:31:45] Completed task 0 (1/10)
Task 1: 51916 training samples, 17305 test samples.
[STATE 2026-05-28 19:31:45] Task 1: zero-shot validation (pre-train)
---- Zero-shot (pre-train) task 1: rec_cls 0.1951 | prec_cls 0.1236 | f1_cls 0.0704 | det 0.5000 | pfa 1.0000 | total_f1 0.4605 ----
[STATE 2026-05-28 19:31:58] Starting task 1 (2/10)
[STATE 2026-05-28 19:31:58] Task 1 Epoch 1/1: entering train loop
[STATE 2026-05-28 20:06:31] Task 1 Epoch 1/1: running validation (end of epoch)
---- Eval at Epoch 0: cls [0.7794112194110487, 0.806519151389296] | det_recall [0.886414170384692, 0.910238342983095] | det_fa [0.10427918897715907, 0.06614835229563577] ----
T1 Ep 1/1 | L 0.4250 | Train Acc 0.70 | Prec 0.83 | F1 0.74 | Det Rec 0.88 | Det FA 0.06 | Epoch Time 2084.74s (Eval 11.56s, Train 2073.17s)
[STATE 2026-05-28 20:06:42] T1 Ep 1/1 complete: Prec 0.8272 F1 0.7443 DetRec 0.8790 DetFA 0.0634 | 2084.74s total (11.56s eval/2073.17s train)
[STATE 2026-05-28 20:06:42] Task 1: running final validation.
Saved task checkpoint: logs//smaml/seed-sweep_one-shot_til-2026-05-28_18-57-24-6106/55/checkpoints/task_1.pt
[STATE 2026-05-28 20:06:54] Saved task checkpoint to logs//smaml/seed-sweep_one-shot_til-2026-05-28_18-57-24-6106/55/checkpoints/task_1.pt
[STATE 2026-05-28 20:06:54] Completed task 1 (2/10)
Task 2: 350028 training samples, 175014 test samples.
[STATE 2026-05-28 20:06:55] Task 2: zero-shot validation (pre-train)
---- Zero-shot (pre-train) task 2: rec_cls 0.0893 | prec_cls 0.2124 | f1_cls 0.1576 | det 0.5600 | pfa 0.3130 | total_f1 0.5999 ----
[STATE 2026-05-28 20:08:08] Starting task 2 (3/10)
[STATE 2026-05-28 20:08:08] Task 2 Epoch 1/1: entering train loop
[STATE 2026-05-29 00:05:21] Task 2 Epoch 1/1: running validation (end of epoch)
---- Eval at Epoch 0: cls [0.6082649853876542, 0.6537605507641807, 0.7032977100422726] | det_recall [0.8525683038558827, 0.6952263665963091, 0.8679549677299225] | det_fa [0.1604741337844883, 0.441788846191026, 0.08892085788984494] ----
T2 Ep 1/1 | L 0.6430 | Train Acc 0.62 | Prec 0.77 | F1 0.67 | Det Rec 0.85 | Det FA 0.16 | Epoch Time 14308.90s (Eval 75.84s, Train 14233.06s)
[STATE 2026-05-29 00:06:37] T2 Ep 1/1 complete: Prec 0.7667 F1 0.6704 DetRec 0.8479 DetFA 0.1619 | 14308.90s total (75.84s eval/14233.06s train)
[STATE 2026-05-29 00:06:37] Task 2: running final validation.
Saved task checkpoint: logs//smaml/seed-sweep_one-shot_til-2026-05-28_18-57-24-6106/55/checkpoints/task_2.pt
[STATE 2026-05-29 00:07:53] Saved task checkpoint to logs//smaml/seed-sweep_one-shot_til-2026-05-28_18-57-24-6106/55/checkpoints/task_2.pt
[STATE 2026-05-29 00:07:53] Completed task 2 (3/10)
Task 3: 24480 training samples, 8160 test samples.
[STATE 2026-05-29 00:07:53] Task 3: zero-shot validation (pre-train)
---- Zero-shot (pre-train) task 3: rec_cls 0.1293 | prec_cls 0.1400 | f1_cls 0.0791 | det 0.3730 | pfa 0.9990 | total_f1 0.5128 ----
[STATE 2026-05-29 00:09:12] Starting task 3 (4/10)
[STATE 2026-05-29 00:09:12] Task 3 Epoch 1/1: entering train loop
[STATE 2026-05-29 00:24:42] Task 3 Epoch 1/1: running validation (end of epoch)
---- Eval at Epoch 0: cls [0.6197386616966464, 0.6592985354575668, 0.645898059373502, 0.549282782134008] | det_recall [0.8612678547843488, 0.8228200751795128, 0.8412545108314688, 0.9991350995592365] | det_fa [0.09725358310765171, 0.2725180571873424, 0.18568905826691506, 0.00023674242424242425] ----
T3 Ep 1/1 | L 0.5614 | Train Acc 0.53 | Prec 0.55 | F1 0.57 | Det Rec 0.99 | Det FA 0.00 | Epoch Time 1008.04s (Eval 78.72s, Train 929.32s)
[STATE 2026-05-29 00:26:00] T3 Ep 1/1 complete: Prec 0.5450 F1 0.5695 DetRec 0.9939 DetFA 0.0014 | 1008.04s total (78.72s eval/929.32s train)
[STATE 2026-05-29 00:26:00] Task 3: running final validation.
Saved task checkpoint: logs//smaml/seed-sweep_one-shot_til-2026-05-28_18-57-24-6106/55/checkpoints/task_3.pt
[STATE 2026-05-29 00:27:19] Saved task checkpoint to logs//smaml/seed-sweep_one-shot_til-2026-05-28_18-57-24-6106/55/checkpoints/task_3.pt
[STATE 2026-05-29 00:27:19] Completed task 3 (4/10)
Task 4: 24480 training samples, 8160 test samples.
[STATE 2026-05-29 00:27:19] Task 4: zero-shot validation (pre-train)
---- Zero-shot (pre-train) task 4: rec_cls 0.0203 | prec_cls 0.0347 | f1_cls 0.0110 | det 0.2765 | pfa 0.9993 | total_f1 0.5199 ----
[STATE 2026-05-29 00:28:41] Starting task 4 (5/10)
[STATE 2026-05-29 00:28:41] Task 4 Epoch 1/1: entering train loop
[STATE 2026-05-29 00:44:11] Task 4 Epoch 1/1: running validation (end of epoch)
---- Eval at Epoch 0: cls [0.6309645192405147, 0.6437988497669875, 0.6384686811946554, 0.5614893450074482, 0.45632701549025567] | det_recall [0.8567849173964728, 0.846118329517348, 0.831144391654969, 0.9962345379940705, 1.0] | det_fa [0.08314286132122028, 0.15810970416136935, 0.21986322125113328, 0.0, 0.0] ----
T4 Ep 1/1 | L 0.4819 | Train Acc 0.43 | Prec 0.45 | F1 0.46 | Det Rec 1.00 | Det FA 0.00 | Epoch Time 1011.53s (Eval 81.65s, Train 929.88s)
[STATE 2026-05-29 00:45:32] T4 Ep 1/1 complete: Prec 0.4455 F1 0.4634 DetRec 0.9982 DetFA 0.0000 | 1011.53s total (81.65s eval/929.88s train)
[STATE 2026-05-29 00:45:32] Task 4: running final validation.
Saved task checkpoint: logs//smaml/seed-sweep_one-shot_til-2026-05-28_18-57-24-6106/55/checkpoints/task_4.pt
[STATE 2026-05-29 00:46:54] Saved task checkpoint to logs//smaml/seed-sweep_one-shot_til-2026-05-28_18-57-24-6106/55/checkpoints/task_4.pt
[STATE 2026-05-29 00:46:54] Completed task 4 (5/10)
Task 5: 201410 training samples, 100705 test samples.
[STATE 2026-05-29 00:46:54] Task 5: zero-shot validation (pre-train)
---- Zero-shot (pre-train) task 5: rec_cls 0.0302 | prec_cls 0.1322 | f1_cls 0.0881 | det 0.5130 | pfa 0.1294 | total_f1 0.5360 ----
[STATE 2026-05-29 00:48:52] Starting task 5 (6/10)
[STATE 2026-05-29 00:48:52] Task 5 Epoch 1/1: entering train loop
[STATE 2026-05-29 03:05:51] Task 5 Epoch 1/1: running validation (end of epoch)
---- Eval at Epoch 0: cls [0.5420119899688743, 0.5296843022967279, 0.6409048620831101, 0.4008220245074973, 0.29983148151982925, 0.77869198759901] | det_recall [0.8354542466220094, 0.8057940581285326, 0.8403402545219745, 0.987116328916778, 0.9938717151278651, 0.9133341477695172] | det_fa [0.1505629672828464, 0.17076608823210634, 0.20427622832329745, 0.0009713550346890192, 0.0, 0.05655840059377569] ----
T5 Ep 1/1 | L 0.3913 | Train Acc 0.74 | Prec 0.87 | F1 0.78 | Det Rec 0.90 | Det FA 0.12 | Epoch Time 8334.27s (Eval 115.79s, Train 8218.47s)
[STATE 2026-05-29 03:07:47] T5 Ep 1/1 complete: Prec 0.8708 F1 0.7820 DetRec 0.8965 DetFA 0.1158 | 8334.27s total (115.79s eval/8218.47s train)
[STATE 2026-05-29 03:07:47] Task 5: running final validation.
Saved task checkpoint: logs//smaml/seed-sweep_one-shot_til-2026-05-28_18-57-24-6106/55/checkpoints/task_5.pt
[STATE 2026-05-29 03:09:43] Saved task checkpoint to logs//smaml/seed-sweep_one-shot_til-2026-05-28_18-57-24-6106/55/checkpoints/task_5.pt
[STATE 2026-05-29 03:09:43] Completed task 5 (6/10)
Task 6: 17340 training samples, 6800 test samples.
[STATE 2026-05-29 03:09:43] Task 6: zero-shot validation (pre-train)
---- Zero-shot (pre-train) task 6: rec_cls 0.2160 | prec_cls 0.1993 | f1_cls 0.0998 | det 0.3621 | pfa 0.9972 | total_f1 0.5007 ----
[STATE 2026-05-29 03:11:41] Starting task 6 (7/10)
[STATE 2026-05-29 03:11:41] Task 6 Epoch 1/1: entering train loop
[STATE 2026-05-29 03:23:28] Task 6 Epoch 1/1: running validation (end of epoch)
---- Eval at Epoch 0: cls [0.6627017907262777, 0.6323196417972131, 0.6395260360377748, 0.5174569531133492, 0.36431208738955917, 0.7676581715632786, 0.5561731591726563] | det_recall [0.8559313708237092, 0.8237204533800127, 0.8276238356492255, 0.9959922322028634, 1.0, 0.8943203268844203, 1.0] | det_fa [0.1408636646969306, 0.21657690479438949, 0.2823331051277606, 0.0, 0.0, 0.15709415074968025, 0.0] ----
T6 Ep 1/1 | L 0.4559 | Train Acc 0.52 | Prec 0.55 | F1 0.59 | Det Rec 1.00 | Det FA 0.00 | Epoch Time 827.76s (Eval 120.67s, Train 707.10s)
[STATE 2026-05-29 03:25:29] T6 Ep 1/1 complete: Prec 0.5474 F1 0.5874 DetRec 0.9963 DetFA 0.0007 | 827.76s total (120.67s eval/707.10s train)
[STATE 2026-05-29 03:25:29] Task 6: running final validation.
Saved task checkpoint: logs//smaml/seed-sweep_one-shot_til-2026-05-28_18-57-24-6106/55/checkpoints/task_6.pt
[STATE 2026-05-29 03:27:27] Saved task checkpoint to logs//smaml/seed-sweep_one-shot_til-2026-05-28_18-57-24-6106/55/checkpoints/task_6.pt
[STATE 2026-05-29 03:27:27] Completed task 6 (7/10)
Task 7: 188050 training samples, 94025 test samples.
[STATE 2026-05-29 03:27:27] Task 7: zero-shot validation (pre-train)
---- Zero-shot (pre-train) task 7: rec_cls 0.2171 | prec_cls 0.2341 | f1_cls 0.1079 | det 0.4981 | pfa 0.9998 | total_f1 0.5610 ----
[STATE 2026-05-29 03:30:03] Starting task 7 (8/10)
[STATE 2026-05-29 03:30:03] Task 7 Epoch 1/1: entering train loop
[STATE 2026-05-29 05:20:15] Task 7 Epoch 1/1: running validation (end of epoch)
---- Eval at Epoch 0: cls [0.5922623011114304, 0.5569517230078787, 0.6406059916345866, 0.4296080839300903, 0.32114301318388067, 0.7075163786316924, 0.43555710533528885, 0.8091485538601052] | det_recall [0.8308132384832881, 0.7715345090084943, 0.846058733827233, 0.9823352189852713, 0.9998754980079682, 0.8935466109617218, 0.9997319291045527, 0.8793766165818073] | det_fa [0.16666239941456734, 0.269133238984224, 0.22820343983245248, 0.00044915877480453126, 0.0, 0.09113115383626112, 0.00026455026455026457, 0.20804606681980342] ----
T7 Ep 1/1 | L 0.3656 | Train Acc 0.77 | Prec 0.87 | F1 0.80 | Det Rec 0.88 | Det FA 0.20 | Epoch Time 6730.00s (Eval 118.29s, Train 6611.71s)
[STATE 2026-05-29 05:22:13] T7 Ep 1/1 complete: Prec 0.8659 F1 0.7999 DetRec 0.8774 DetFA 0.1997 | 6730.00s total (118.29s eval/6611.71s train)
[STATE 2026-05-29 05:22:13] Task 7: running final validation.
Saved task checkpoint: logs//smaml/seed-sweep_one-shot_til-2026-05-28_18-57-24-6106/55/checkpoints/task_7.pt
[STATE 2026-05-29 05:24:12] Saved task checkpoint to logs//smaml/seed-sweep_one-shot_til-2026-05-28_18-57-24-6106/55/checkpoints/task_7.pt
[STATE 2026-05-29 05:24:12] Completed task 7 (8/10)
Task 8: 36658 training samples, 12220 test samples.
[STATE 2026-05-29 05:24:12] Task 8: zero-shot validation (pre-train)
---- Zero-shot (pre-train) task 8: rec_cls 0.1546 | prec_cls 0.0563 | f1_cls 0.0275 | det 0.4978 | pfa 0.9941 | total_f1 0.5250 ----
[STATE 2026-05-29 05:26:15] Starting task 8 (9/10)
[STATE 2026-05-29 05:26:15] Task 8 Epoch 1/1: entering train loop
[STATE 2026-05-29 05:38:36] Task 8 Epoch 1/1: running validation (end of epoch)
---- Eval at Epoch 0: cls [0.7234589662254532, 0.6807065979642896, 0.6317319131668204, 0.4751690747294783, 0.32493004270107023, 0.7187574371274967, 0.4560330119478499, 0.7713659285198332, 0.5786247073904119] | det_recall [0.868351541388594, 0.8388828465911365, 0.8245092895980556, 0.9683994047980207, 0.9792476700681123, 0.8822828575040839, 0.9937032126090352, 0.863602654289383, 0.8412866558609017] | det_fa [0.15194828284575598, 0.11160900769241171, 0.2642365978643448, 0.0, 0.0, 0.16276429858928404, 0.0, 0.19734247854368955, 0.05231463935079284] ----
T8 Ep 1/1 | L 0.3691 | Train Acc 0.51 | Prec 0.65 | F1 0.58 | Det Rec 0.83 | Det FA 0.04 | Epoch Time 863.23s (Eval 122.46s, Train 740.77s)
[STATE 2026-05-29 05:40:38] T8 Ep 1/1 complete: Prec 0.6518 F1 0.5836 DetRec 0.8323 DetFA 0.0434 | 863.23s total (122.46s eval/740.77s train)
[STATE 2026-05-29 05:40:38] Task 8: running final validation.
Saved task checkpoint: logs//smaml/seed-sweep_one-shot_til-2026-05-28_18-57-24-6106/55/checkpoints/task_8.pt
[STATE 2026-05-29 05:42:40] Saved task checkpoint to logs//smaml/seed-sweep_one-shot_til-2026-05-28_18-57-24-6106/55/checkpoints/task_8.pt
[STATE 2026-05-29 05:42:40] Completed task 8 (9/10)
Task 9: 17340 training samples, 6800 test samples.
[STATE 2026-05-29 05:42:40] Task 9: zero-shot validation (pre-train)
---- Zero-shot (pre-train) task 9: rec_cls 0.0884 | prec_cls 0.2670 | f1_cls 0.1127 | det 0.1826 | pfa 0.8829 | total_f1 0.5711 ----
[STATE 2026-05-29 05:44:44] Starting task 9 (10/10)
[STATE 2026-05-29 05:44:44] Task 9 Epoch 1/1: entering train loop
[STATE 2026-05-29 05:50:35] Task 9 Epoch 1/1: running validation (end of epoch)
---- Eval at Epoch 0: cls [0.7170806455380355, 0.660081786364696, 0.6169367816501834, 0.4766690360118007, 0.4283760851902124, 0.6980045311957713, 0.4591458119974475, 0.7453159327304162, 0.5182324662591367, 0.49818795182969444] | det_recall [0.8619295289848712, 0.8365019999612109, 0.8294619392566155, 0.9842247477467784, 0.9964700599249685, 0.8834587794871637, 0.997418521360836, 0.8671883210251147, 0.8209938457399314, 1.0] | det_fa [0.17824185997749642, 0.18829629398515038, 0.27113620750908835, 0.0, 0.0, 0.1521983657040618, 0.0, 0.1596544042611685, 0.11886153079627641, 0.0] ----
T9 Ep 1/1 | L 0.3930 | Train Acc 0.46 | Prec 0.46 | F1 0.51 | Det Rec 1.00 | Det FA 0.00 | Epoch Time 475.84s (Eval 124.52s, Train 351.31s)
[STATE 2026-05-29 05:52:40] T9 Ep 1/1 complete: Prec 0.4573 F1 0.5070 DetRec 0.9970 DetFA 0.0000 | 475.84s total (124.52s eval/351.31s train)
[STATE 2026-05-29 05:52:40] Task 9: running final validation.
Saved task checkpoint: logs//smaml/seed-sweep_one-shot_til-2026-05-28_18-57-24-6106/55/checkpoints/task_9.pt
[STATE 2026-05-29 05:54:43] Saved task checkpoint to logs//smaml/seed-sweep_one-shot_til-2026-05-28_18-57-24-6106/55/checkpoints/task_9.pt
[STATE 2026-05-29 05:54:43] Completed task 9 (10/10)
####Final Validation Accuracy####
Final Results:- 
 Total Recall: 0.5797212272861678 
 Individual Recall: [0.7136249623726417, 0.657678229202213, 0.6180352448457148, 0.4778192713635023, 0.4271384184453895, 0.6973046737360631, 0.4531984171944764, 0.7451090072097363, 0.5144122400335508, 0.4928918084583907]
Final Detection Results:- 
 Total Detection: 0.9073791961412813 
 Individual Detection: [0.859184268786503, 0.8372697412067057, 0.8295109782779039, 0.9832687696882615, 0.9975617134175171, 0.8838959982508487, 0.9966564126441486, 0.8652838006135957, 0.8211602785273278, 1.0]
Final Detection False Alarm:- 
 Total False Alarm: 0.10672255046945403 
 Individual False Alarm: [0.18050007845342242, 0.18428195556338944, 0.2705617321347301, 0.0, 0.0, 0.15165995004037003, 0.0, 0.16262152404560787, 0.11760026445702033, 0.0]
SUMMARY_TR cls_rec=0.4613 cls_prec=0.4573 cls_f1=0.5070 det=0.9078 fa=0.1068
SUMMARY_TE cls_rec=0.5797 cls_prec=0.6155 cls_f1=0.6086 det=0.9074 fa=0.1067
[STATE 2026-05-29 05:54:43] Saving results to logs//smaml/seed-sweep_one-shot_til-2026-05-28_18-57-24-6106/55/results
Model size: 0.0289 GB
Memory buffer size: 0.0000 GB
logs//smaml/seed-sweep_one-shot_til-2026-05-28_18-57-24-6106/55/results: {'expt_name': 'seed-sweep_one-shot_til', 'model': 'lamaml_cifar', 'arch': 'resnet1d', 'n_hiddens': 100, 'n_layers': 2, 'xav_init': False, 'debug': False, 'use_detector_arch': False, 'use_groupnorm': False, 'inner_steps': 2, 'n_epochs': 1, 'batch_size': 256, 'replay_batch_size': 128, 'memories': 5120, 'lr': 0.001, 'optimizer': 'sgd', 'prune_perc': 0.75, 'post_prune_epochs': 0, 'class_weighted_ce': True, 'cuda': True, 'amp': True, 'amp_dtype': 'bfloat16', 'cudnn_benchmark': True, 'seed': 55, 'log_every': 10, 'log_dir': 'logs//smaml/seed-sweep_one-shot_til-2026-05-28_18-57-24-6106/55', 'tf_dir': 'logs//smaml/seed-sweep_one-shot_til-2026-05-28_18-57-24-6106/55/tfdir', 'calc_test_accuracy': False, 'state_logging': True, 'data_path': 'data/rff/radar/full', 'task_order_files': 't2-rcn,t0-rcn,t2-uclresm-25noise,t0-deeprad,t1-deeprad,t1-uclresm-25noise,t3-deeprad,t0-uclresm-25noise,t1-rcn,t2-deeprad', 'loader': 'task_incremental_loader', 'samples_per_task': -1, 'task_order_seed': None, 'classes_per_it': 6, 'iterations': 5000, 'dataset': 'iq', 'workers': 0, 'validation': 0.5, 'data_scaling': 'normalize', 'use_iq_aug_features': False, 'iq_aug_feature_type': 'power', 'class_order': 'random', 'increment': 5, 'test_batch_size': 512, 'nc_per_task': None, 'nc_per_task_list': '', 'val_rate': 1000, 'opt_lr': 0.001, 'opt_wt': 0.01, 'alpha_init': 0.0003, 'momentum': 0.0, 'learn_lr': True, 'sync_update': True, 'grad_clip_norm': 5.0, 'meta_batches': 3, 'use_old_task_memory': False, 'second_order': True, 'n_memories': 5120, 'memory_strength': 0, 'memory_loss_lambda': 1.0, 'steps_per_sample': 1, 'bgd_optimizer': 'sgd', 'optimizer_params': '{}', 'train_mc_iters': 5, 'std_init': 0.05, 'mean_eta': 1, 'fisher_gamma': 0.95, 'rln': 7, 'meta_lr': 0.001, 'update_lr': 0.1, 'ctx_lr': 0.05, 'n_meta': 1, 'temperature': 5.0, 'task_emb': 64, 'classes_per_task': [6, 7, 6, 7, 7, 6, 6, 6, 7, 6], 'get_samples_per_task': <bound method IncrementalLoader.get_samples_per_task of <dataloaders.task_incremental_loader.IncrementalLoader object at 0x70dc0eb68d10>>, 'task_epoch_schedule': {}} # val: 0.659 0.580 -0.079 0.000 # sizes: model_gb=0.0289 mem_gb=0.0000 # 39375.767517089844
[STATE 2026-05-29 05:54:43] results.pt components (approx): state_dict 29.6 MB, result_val_t 0.1 KB, result_val_a 0.8 KB
[STATE 2026-05-29 05:54:43] Results saved; total runtime 10.94h
Total runtime: 10.94 hours
