[STATE 2026-03-25 01:58:20] Enabling terminal logging to logs//cmaml/full-tasks_all-10epochs_weighted-loss-2026-03-25_01-58-20-9902/0/terminal.log
New Experiment Starting...
Running model:  lamaml_cifar
[STATE 2026-03-25 01:58:20] Experiment 'full-tasks_all-10epochs_weighted-loss' starting with model 'lamaml_cifar' (seed 0)
Set seed 0
t2-rcn.npz train: x=(50362, 1024), y=(50362, 2)
t2-rcn.npz test: x=(16787, 1024), y=(16787, 2)
t2-rcn.npz: applied data scaling mode 'normalize'.
Loaded t2-rcn.npz: Unique train labels: UniqueCountsResult(values=array([-1,  3,  5, 10, 12, 15]), counts=array([24209,  5770,  3030,  2320,  7509,  7524]))
Noise labels ratio in t2-rcn.npz train: 0.24, test: 0.24
Loaded t2-rcn.npz: Remapped labels: [0 1 2 3 4 5]. Size: 50362)
t0-rcn.npz train: x=(51916, 1024), y=(51916, 2)
t0-rcn.npz test: x=(17305, 1024), y=(17305, 2)
t0-rcn.npz: applied data scaling mode 'normalize'.
Loaded t0-rcn.npz: Unique train labels: UniqueCountsResult(values=array([-1,  1,  8,  9, 11, 13, 14]), counts=array([24225,  4268,  2495,  2943,  3015,  7464,  7506]))
Noise labels ratio in t0-rcn.npz train: 0.23, test: 0.23
Loaded t0-rcn.npz: Remapped labels: [ 6  7  8  9 10 11 12]. Size: 51916)
t2-uclresm-25noise.npz train: moved sample axis (3, 350028, 1024) -> (350028, 3, 1024)
t2-uclresm-25noise.npz test: moved sample axis (3, 233351, 1024) -> (233351, 3, 1024)
t2-uclresm-25noise.npz train: x=(350028, 3, 1024), y=(350028,)
t2-uclresm-25noise.npz test: x=(233351, 3, 1024), y=(233351,)
t2-uclresm-25noise.npz: applied data scaling mode 'normalize'.
Loaded t2-uclresm-25noise.npz: Unique train labels: UniqueCountsResult(values=array([-1,  0,  1,  2,  3,  4]), counts=array([87441, 27347, 71754, 64298, 36005, 63183]))
Noise labels ratio in t2-uclresm-25noise.npz train: 0.25, test: 0.25
Loaded t2-uclresm-25noise.npz: Remapped labels: [13 14 15 16 17 18]. Size: 350028)
t0-deeprad.npz train: x=(24480, 1024), y=(24480, 2)
t0-deeprad.npz test: x=(8160, 1024), y=(8160, 2)
t0-deeprad.npz: applied data scaling mode 'normalize'.
Loaded t0-deeprad.npz: Unique train labels: UniqueCountsResult(values=array([-1,  0,  1,  2,  3,  4,  5]), counts=array([12240,  2029,  1983,  2043,  2154,  2015,  2016]))
Noise labels ratio in t0-deeprad.npz train: 0.25, test: 0.25
Loaded t0-deeprad.npz: Remapped labels: [19 20 21 22 23 24 25]. Size: 24480)
t1-deeprad.npz train: x=(24480, 1024), y=(24480, 2)
t1-deeprad.npz test: x=(8160, 1024), y=(8160, 2)
t1-deeprad.npz: applied data scaling mode 'normalize'.
Loaded t1-deeprad.npz: Unique train labels: UniqueCountsResult(values=array([-1,  0,  1,  2,  3,  4,  5]), counts=array([12240,  1988,  2029,  2054,  1988,  2053,  2128]))
Noise labels ratio in t1-deeprad.npz train: 0.25, test: 0.25
Loaded t1-deeprad.npz: Remapped labels: [26 27 28 29 30 31 32]. Size: 24480)
t1-uclresm-25noise.npz train: moved sample axis (3, 201410, 1024) -> (201410, 3, 1024)
t1-uclresm-25noise.npz test: moved sample axis (3, 116291, 1024) -> (116291, 3, 1024)
t1-uclresm-25noise.npz train: x=(201410, 3, 1024), y=(201410,)
t1-uclresm-25noise.npz test: x=(116291, 3, 1024), y=(116291,)
t1-uclresm-25noise.npz: applied data scaling mode 'normalize'.
Loaded t1-uclresm-25noise.npz: Unique train labels: UniqueCountsResult(values=array([-1,  0,  1,  2,  3,  4]), counts=array([43668, 18021, 17838, 18087, 31870, 71926]))
Noise labels ratio in t1-uclresm-25noise.npz train: 0.22, test: 0.25
Loaded t1-uclresm-25noise.npz: Remapped labels: [33 34 35 36 37 38]. Size: 201410)
t3-deeprad.npz train: x=(17340, 1024), y=(17340, 2)
t3-deeprad.npz test: x=(6800, 1024), y=(6800, 2)
t3-deeprad.npz: applied data scaling mode 'normalize'.
Loaded t3-deeprad.npz: Unique train labels: UniqueCountsResult(values=array([-1,  0,  1,  2,  3,  4]), counts=array([8670, 1693, 1677, 1794, 1716, 1790]))
Noise labels ratio in t3-deeprad.npz train: 0.25, test: 0.25
Loaded t3-deeprad.npz: Remapped labels: [39 40 41 42 43 44]. Size: 17340)
t0-uclresm-25noise.npz train: moved sample axis (3, 188050, 1024) -> (188050, 3, 1024)
t0-uclresm-25noise.npz test: moved sample axis (3, 107348, 1024) -> (107348, 3, 1024)
t0-uclresm-25noise.npz train: x=(188050, 3, 1024), y=(188050,)
t0-uclresm-25noise.npz test: x=(107348, 3, 1024), y=(107348,)
t0-uclresm-25noise.npz: applied data scaling mode 'normalize'.
Loaded t0-uclresm-25noise.npz: Unique train labels: UniqueCountsResult(values=array([-1,  0,  1,  2,  3,  4]), counts=array([40144, 32109, 17978, 17979, 18098, 61742]))
Noise labels ratio in t0-uclresm-25noise.npz train: 0.21, test: 0.25
Loaded t0-uclresm-25noise.npz: Remapped labels: [45 46 47 48 49 50]. Size: 188050)
t1-rcn.npz train: x=(36658, 1024), y=(36658, 2)
t1-rcn.npz test: x=(12220, 1024), y=(12220, 2)
t1-rcn.npz: applied data scaling mode 'normalize'.
Loaded t1-rcn.npz: Unique train labels: UniqueCountsResult(values=array([-1,  0,  2,  4,  6,  7, 16]), counts=array([20595,   824,  2087,  2606,  2396,  1716,  6434]))
Noise labels ratio in t1-rcn.npz train: 0.28, test: 0.28
Loaded t1-rcn.npz: Remapped labels: [51 52 53 54 55 56 57]. Size: 36658)
t2-deeprad.npz train: x=(17340, 1024), y=(17340, 2)
t2-deeprad.npz test: x=(6800, 1024), y=(6800, 2)
t2-deeprad.npz: applied data scaling mode 'normalize'.
Loaded t2-deeprad.npz: Unique train labels: UniqueCountsResult(values=array([-1,  0,  1,  2,  3,  4]), counts=array([8670, 1774, 1675, 1777, 1694, 1750]))
Noise labels ratio in t2-deeprad.npz train: 0.25, test: 0.25
Loaded t2-deeprad.npz: Remapped labels: [58 59 60 61 62 63]. Size: 17340)
Built classes_per_task: [6, 7, 6, 7, 7, 6, 6, 6, 7, 6]
Classes per task: [6, 7, 6, 7, 7, 6, 6, 6, 7, 6]
[STATE 2026-03-25 01:59:25] Loader 'task_incremental_loader' ready: 1024 inputs, 64 outputs, 10 tasks
n_outputs: 64 	n_tasks: 10
[STATE 2026-03-25 01:59:25] Logging to logs//cmaml/full-tasks_all-10epochs_weighted-loss-2026-03-25_01-58-20-9902/0
True
Model device: cuda:0
[STATE 2026-03-25 01:59:26] Model initialized on device cuda:0
[STATE 2026-03-25 01:59:26] Invoking continual life experience flow
[STATE 2026-03-25 01:59:26] Life experience start: 10 tasks queued
Task 0: 50362 training samples, 16787 test samples.
[STATE 2026-03-25 01:59:26] Starting task 0 (1/10)
[STATE 2026-03-25 01:59:26] Task 0 Epoch 1/5: entering train loop
[STATE 2026-03-25 02:20:41] Task 0 Epoch 1/5: running validation (end of epoch)
---- Eval at Epoch 0: cls [0.7716936731222398] | det_recall [0.8807359632610227] | det_fa [0.08390378193818233] ----
T0 Ep 1/5 | L 0.5978 | Train Acc 0.61 | Prec 0.71 | F1 0.64 | Det Rec 0.85 | Det FA 0.12 | Epoch Time 1282.19s (Eval 6.62s, Train 1275.57s)
[STATE 2026-03-25 02:20:48] T0 Ep 1/5 complete: Prec 0.7119 F1 0.6447 DetRec 0.8450 DetFA 0.1246 | 1282.19s total (6.62s eval/1275.57s train)
[STATE 2026-03-25 02:20:48] Task 0 Epoch 2/5: entering train loop
T0 Ep 2/5 | L 0.3120 | Train Acc 0.83 | Prec 0.92 | F1 0.84 | Det Rec 0.90 | Det FA 0.11 | Epoch Time 1234.38s (Eval 0.00s, Train 1234.38s)
[STATE 2026-03-25 02:41:22] T0 Ep 2/5 complete: Prec 0.9196 F1 0.8412 DetRec 0.8963 DetFA 0.1144 | 1234.38s total (0.00s eval/1234.38s train)
[STATE 2026-03-25 02:41:22] Task 0 Epoch 3/5: entering train loop
T0 Ep 3/5 | L 0.2686 | Train Acc 0.86 | Prec 0.93 | F1 0.86 | Det Rec 0.90 | Det FA 0.11 | Epoch Time 1236.36s (Eval 0.00s, Train 1236.36s)
[STATE 2026-03-25 03:01:59] T0 Ep 3/5 complete: Prec 0.9348 F1 0.8617 DetRec 0.9023 DetFA 0.1138 | 1236.36s total (0.00s eval/1236.36s train)
[STATE 2026-03-25 03:01:59] Task 0 Epoch 4/5: entering train loop
T0 Ep 4/5 | L 0.2509 | Train Acc 0.87 | Prec 0.94 | F1 0.87 | Det Rec 0.90 | Det FA 0.12 | Epoch Time 1272.54s (Eval 0.00s, Train 1272.54s)
[STATE 2026-03-25 03:23:11] T0 Ep 4/5 complete: Prec 0.9394 F1 0.8683 DetRec 0.9042 DetFA 0.1163 | 1272.54s total (0.00s eval/1272.54s train)
[STATE 2026-03-25 03:23:11] Task 0 Epoch 5/5: entering train loop
T0 Ep 5/5 | L 0.2318 | Train Acc 0.88 | Prec 0.95 | F1 0.87 | Det Rec 0.91 | Det FA 0.11 | Epoch Time 1301.71s (Eval 0.00s, Train 1301.71s)
[STATE 2026-03-25 03:44:53] T0 Ep 5/5 complete: Prec 0.9455 F1 0.8748 DetRec 0.9072 DetFA 0.1105 | 1301.71s total (0.00s eval/1301.71s train)
[STATE 2026-03-25 03:44:53] Task 0: running final validation.
[STATE 2026-03-25 03:45:00] Completed task 0 (1/10)
Task 1: 51916 training samples, 17305 test samples.
[STATE 2026-03-25 03:45:00] Starting task 1 (2/10)
[STATE 2026-03-25 03:45:00] Task 1 Epoch 1/5: entering train loop
[STATE 2026-03-25 04:07:12] Task 1 Epoch 1/5: running validation (end of epoch)
---- Eval at Epoch 0: cls [0.7830732196306922, 0.78002987692767] | det_recall [0.8897862116976323, 0.908376888181773] | det_fa [0.10137006715956631, 0.0679199847917801] ----
T1 Ep 1/5 | L 0.4880 | Train Acc 0.63 | Prec 0.77 | F1 0.68 | Det Rec 0.86 | Det FA 0.08 | Epoch Time 1346.25s (Eval 13.62s, Train 1332.63s)
[STATE 2026-03-25 04:07:26] T1 Ep 1/5 complete: Prec 0.7680 F1 0.6783 DetRec 0.8603 DetFA 0.0834 | 1346.25s total (13.62s eval/1332.63s train)
[STATE 2026-03-25 04:07:26] Task 1 Epoch 2/5: entering train loop
T1 Ep 2/5 | L 0.2877 | Train Acc 0.81 | Prec 0.90 | F1 0.84 | Det Rec 0.92 | Det FA 0.05 | Epoch Time 1281.23s (Eval 0.00s, Train 1281.23s)
[STATE 2026-03-25 04:28:47] T1 Ep 2/5 complete: Prec 0.9043 F1 0.8444 DetRec 0.9173 DetFA 0.0514 | 1281.23s total (0.00s eval/1281.23s train)
[STATE 2026-03-25 04:28:47] Task 1 Epoch 3/5: entering train loop
T1 Ep 3/5 | L 0.2407 | Train Acc 0.85 | Prec 0.93 | F1 0.87 | Det Rec 0.93 | Det FA 0.05 | Epoch Time 1279.72s (Eval 0.00s, Train 1279.72s)
[STATE 2026-03-25 04:50:07] T1 Ep 3/5 complete: Prec 0.9252 F1 0.8732 DetRec 0.9279 DetFA 0.0457 | 1279.72s total (0.00s eval/1279.72s train)
[STATE 2026-03-25 04:50:07] Task 1 Epoch 4/5: entering train loop
T1 Ep 4/5 | L 0.2142 | Train Acc 0.86 | Prec 0.93 | F1 0.89 | Det Rec 0.93 | Det FA 0.04 | Epoch Time 1371.81s (Eval 0.00s, Train 1371.81s)
[STATE 2026-03-25 05:12:59] T1 Ep 4/5 complete: Prec 0.9327 F1 0.8860 DetRec 0.9336 DetFA 0.0419 | 1371.81s total (0.00s eval/1371.81s train)
[STATE 2026-03-25 05:12:59] Task 1 Epoch 5/5: entering train loop
T1 Ep 5/5 | L 0.1934 | Train Acc 0.87 | Prec 0.94 | F1 0.89 | Det Rec 0.94 | Det FA 0.04 | Epoch Time 1366.57s (Eval 0.00s, Train 1366.57s)
[STATE 2026-03-25 05:35:45] T1 Ep 5/5 complete: Prec 0.9372 F1 0.8932 DetRec 0.9381 DetFA 0.0425 | 1366.57s total (0.00s eval/1366.57s train)
[STATE 2026-03-25 05:35:45] Task 1: running final validation.
[STATE 2026-03-25 05:35:59] Completed task 1 (2/10)
Task 2: 350028 training samples, 175014 test samples.
[STATE 2026-03-25 05:36:00] Starting task 2 (3/10)
[STATE 2026-03-25 05:36:00] Task 2 Epoch 1/5: entering train loop
[STATE 2026-03-25 07:39:04] Task 2 Epoch 1/5: running validation (end of epoch)
---- Eval at Epoch 0: cls [0.6149844304890435, 0.701347874886416, 0.6853149047921199] | det_recall [0.8471809672693178, 0.8185394122549203, 0.8579502664922175] | det_fa [0.15007285645699922, 0.22615373903790978, 0.1125875449671564] ----
T2 Ep 1/5 | L 0.7159 | Train Acc 0.56 | Prec 0.70 | F1 0.62 | Det Rec 0.84 | Det FA 0.18 | Epoch Time 7459.64s (Eval 75.27s, Train 7384.38s)
[STATE 2026-03-25 07:40:19] T2 Ep 1/5 complete: Prec 0.7046 F1 0.6174 DetRec 0.8392 DetFA 0.1762 | 7459.64s total (75.27s eval/7384.38s train)
[STATE 2026-03-25 07:40:19] Task 2 Epoch 2/5: entering train loop
T2 Ep 2/5 | L 0.4848 | Train Acc 0.72 | Prec 0.84 | F1 0.76 | Det Rec 0.87 | Det FA 0.13 | Epoch Time 7031.57s (Eval 0.00s, Train 7031.57s)
[STATE 2026-03-25 09:37:31] T2 Ep 2/5 complete: Prec 0.8439 F1 0.7588 DetRec 0.8723 DetFA 0.1306 | 7031.57s total (0.00s eval/7031.57s train)
[STATE 2026-03-25 09:37:31] Task 2 Epoch 3/5: entering train loop
Traceback (most recent call last):
  File "/home/lunet/wsmr11/repos/La-MAML/main.py", line 1667, in <module>
    main()
  File "/home/lunet/wsmr11/repos/La-MAML/main.py", line 1638, in main
    ) = life_experience(model, loader, args)
  File "/home/lunet/wsmr11/repos/La-MAML/main.py", line 778, in life_experience
    loss, cls_tr_rec = model.observe(Variable(v_x), v_y, task_info["task"])
  File "/home/lunet/wsmr11/repos/La-MAML/model/lamaml_cifar.py", line 217, in observe
    meta_loss.backward()
  File "/home/lunet/wsmr11/repos/La-MAML/la-maml_env/lib/python3.10/site-packages/torch/_tensor.py", line 647, in backward
    torch.autograd.backward(
  File "/home/lunet/wsmr11/repos/La-MAML/la-maml_env/lib/python3.10/site-packages/torch/autograd/__init__.py", line 354, in backward
    _engine_run_backward(
  File "/home/lunet/wsmr11/repos/La-MAML/la-maml_env/lib/python3.10/site-packages/torch/autograd/graph.py", line 829, in _engine_run_backward
    return Variable._execution_engine.run_backward(  # Calls into the C++ engine to run the backward pass
KeyboardInterrupt
