[STATE 2026-05-01 13:52:54] Enabling terminal logging to logs//rwalk/full-tasks_CIL_all-2026-05-01_13-52-54-3368/0/terminal.log
New Experiment Starting...
Running model:  rwalk
[STATE 2026-05-01 13:52:54] Experiment 'full-tasks_CIL_all' starting with model 'rwalk' (seed 0)
Set seed 0
[STATE 2026-05-01 13:52:54] Runtime accel: cudnn.benchmark=False amp=True amp_dtype=bfloat16
t2-rcn.npz train: x=(50362, 1024), y=(50362, 2)
t2-rcn.npz test: x=(16787, 1024), y=(16787, 2)
t2-rcn.npz: applied data scaling mode 'normalize'.
Loaded t2-rcn.npz: Unique train labels: UniqueCountsResult(values=array([-1,  3,  5, 10, 12, 15]), counts=array([24209,  5770,  3030,  2320,  7509,  7524]))
Noise labels ratio in t2-rcn.npz train: 0.24, test: 0.24
Loaded t2-rcn.npz: Remapped labels: [0 1 2 3 4 5]. Size: 50362)
t0-rcn.npz train: x=(51916, 1024), y=(51916, 2)
t0-rcn.npz test: x=(17305, 1024), y=(17305, 2)
t0-rcn.npz: applied data scaling mode 'normalize'.
Loaded t0-rcn.npz: Unique train labels: UniqueCountsResult(values=array([-1,  1,  8,  9, 11, 13, 14]), counts=array([24225,  4268,  2495,  2943,  3015,  7464,  7506]))
Noise labels ratio in t0-rcn.npz train: 0.23, test: 0.23
Loaded t0-rcn.npz: Remapped labels: [ 6  7  8  9 10 11 12]. Size: 51916)
t2-uclresm-25noise.npz train: moved sample axis (3, 350028, 1024) -> (350028, 3, 1024)
t2-uclresm-25noise.npz test: moved sample axis (3, 233351, 1024) -> (233351, 3, 1024)
t2-uclresm-25noise.npz train: x=(350028, 3, 1024), y=(350028,)
t2-uclresm-25noise.npz test: x=(233351, 3, 1024), y=(233351,)
t2-uclresm-25noise.npz: applied data scaling mode 'normalize'.
Loaded t2-uclresm-25noise.npz: Unique train labels: UniqueCountsResult(values=array([-1,  0,  1,  2,  3,  4]), counts=array([87441, 27347, 71754, 64298, 36005, 63183]))
Noise labels ratio in t2-uclresm-25noise.npz train: 0.25, test: 0.25
Loaded t2-uclresm-25noise.npz: Remapped labels: [13 14 15 16 17 18]. Size: 350028)
t0-deeprad.npz train: x=(24480, 1024), y=(24480, 2)
t0-deeprad.npz test: x=(8160, 1024), y=(8160, 2)
t0-deeprad.npz: applied data scaling mode 'normalize'.
Loaded t0-deeprad.npz: Unique train labels: UniqueCountsResult(values=array([-1,  0,  1,  2,  3,  4,  5]), counts=array([12240,  2029,  1983,  2043,  2154,  2015,  2016]))
Noise labels ratio in t0-deeprad.npz train: 0.25, test: 0.25
Loaded t0-deeprad.npz: Remapped labels: [19 20 21 22 23 24 25]. Size: 24480)
t1-deeprad.npz train: x=(24480, 1024), y=(24480, 2)
t1-deeprad.npz test: x=(8160, 1024), y=(8160, 2)
t1-deeprad.npz: applied data scaling mode 'normalize'.
Loaded t1-deeprad.npz: Unique train labels: UniqueCountsResult(values=array([-1,  0,  1,  2,  3,  4,  5]), counts=array([12240,  1988,  2029,  2054,  1988,  2053,  2128]))
Noise labels ratio in t1-deeprad.npz train: 0.25, test: 0.25
Loaded t1-deeprad.npz: Remapped labels: [26 27 28 29 30 31 32]. Size: 24480)
t1-uclresm-25noise.npz train: moved sample axis (3, 201410, 1024) -> (201410, 3, 1024)
t1-uclresm-25noise.npz test: moved sample axis (3, 116291, 1024) -> (116291, 3, 1024)
t1-uclresm-25noise.npz train: x=(201410, 3, 1024), y=(201410,)
t1-uclresm-25noise.npz test: x=(116291, 3, 1024), y=(116291,)
t1-uclresm-25noise.npz: applied data scaling mode 'normalize'.
Loaded t1-uclresm-25noise.npz: Unique train labels: UniqueCountsResult(values=array([-1,  0,  1,  2,  3,  4]), counts=array([43668, 18021, 17838, 18087, 31870, 71926]))
Noise labels ratio in t1-uclresm-25noise.npz train: 0.22, test: 0.25
Loaded t1-uclresm-25noise.npz: Remapped labels: [33 34 35 36 37 38]. Size: 201410)
t3-deeprad.npz train: x=(17340, 1024), y=(17340, 2)
t3-deeprad.npz test: x=(6800, 1024), y=(6800, 2)
t3-deeprad.npz: applied data scaling mode 'normalize'.
Loaded t3-deeprad.npz: Unique train labels: UniqueCountsResult(values=array([-1,  0,  1,  2,  3,  4]), counts=array([8670, 1693, 1677, 1794, 1716, 1790]))
Noise labels ratio in t3-deeprad.npz train: 0.25, test: 0.25
Loaded t3-deeprad.npz: Remapped labels: [39 40 41 42 43 44]. Size: 17340)
t0-uclresm-25noise.npz train: moved sample axis (3, 188050, 1024) -> (188050, 3, 1024)
t0-uclresm-25noise.npz test: moved sample axis (3, 107348, 1024) -> (107348, 3, 1024)
t0-uclresm-25noise.npz train: x=(188050, 3, 1024), y=(188050,)
t0-uclresm-25noise.npz test: x=(107348, 3, 1024), y=(107348,)
t0-uclresm-25noise.npz: applied data scaling mode 'normalize'.
Loaded t0-uclresm-25noise.npz: Unique train labels: UniqueCountsResult(values=array([-1,  0,  1,  2,  3,  4]), counts=array([40144, 32109, 17978, 17979, 18098, 61742]))
Noise labels ratio in t0-uclresm-25noise.npz train: 0.21, test: 0.25
Loaded t0-uclresm-25noise.npz: Remapped labels: [45 46 47 48 49 50]. Size: 188050)
t1-rcn.npz train: x=(36658, 1024), y=(36658, 2)
t1-rcn.npz test: x=(12220, 1024), y=(12220, 2)
t1-rcn.npz: applied data scaling mode 'normalize'.
Loaded t1-rcn.npz: Unique train labels: UniqueCountsResult(values=array([-1,  0,  2,  4,  6,  7, 16]), counts=array([20595,   824,  2087,  2606,  2396,  1716,  6434]))
Noise labels ratio in t1-rcn.npz train: 0.28, test: 0.28
Loaded t1-rcn.npz: Remapped labels: [51 52 53 54 55 56 57]. Size: 36658)
t2-deeprad.npz train: x=(17340, 1024), y=(17340, 2)
t2-deeprad.npz test: x=(6800, 1024), y=(6800, 2)
t2-deeprad.npz: applied data scaling mode 'normalize'.
Loaded t2-deeprad.npz: Unique train labels: UniqueCountsResult(values=array([-1,  0,  1,  2,  3,  4]), counts=array([8670, 1774, 1675, 1777, 1694, 1750]))
Noise labels ratio in t2-deeprad.npz train: 0.25, test: 0.25
Loaded t2-deeprad.npz: Remapped labels: [58 59 60 61 62 63]. Size: 17340)
Built classes_per_task: [6, 7, 6, 7, 7, 6, 6, 6, 7, 6]
Classes per task: [6, 7, 6, 7, 7, 6, 6, 6, 7, 6]
[STATE 2026-05-01 13:54:00] Loader 'task_incremental_loader' ready: 1024 inputs, 64 outputs, 10 tasks
n_outputs: 64 	n_tasks: 10
[STATE 2026-05-01 13:54:00] Logging to logs//rwalk/full-tasks_CIL_all-2026-05-01_13-52-54-3368/0
True
Model device: cuda:0
[STATE 2026-05-01 13:54:00] Model initialized on device cuda:0
[STATE 2026-05-01 13:54:00] Invoking continual life experience flow
[STATE 2026-05-01 13:54:00] Life experience start: 10 tasks queued
[STATE 2026-05-01 13:54:00] Legacy epoch behavior enabled: using n_epochs=10 for all tasks
Task 0: 50362 training samples, 16787 test samples.
[STATE 2026-05-01 13:54:00] Task 0: zero-shot validation (pre-train)
---- Zero-shot (pre-train) task 0: rec_cls 0.1175 | prec_cls 0.1336 | f1_cls 0.0961 | det 0.4550 | pfa 0.7831 | total_f1 0.0961 ----
[STATE 2026-05-01 13:54:05] Starting task 0 (1/10)
[STATE 2026-05-01 13:54:05] Task 0 Epoch 1/10: entering train loop
[STATE 2026-05-01 13:55:02] Task 0 Epoch 1/10: running validation (end of epoch)
---- Eval at Epoch 0: cls [0.8836880794760323] | det_recall [0.8787456940854046] | det_fa [0.22772749033151254] ----
T0 Ep 1/10 | L 0.6739 | Train Acc 0.76 | Prec 0.77 | F1 0.71 | Det Rec 0.84 | Det FA 0.27 | Epoch Time 61.60s (Eval 4.75s, Train 56.86s)
[STATE 2026-05-01 13:55:07] T0 Ep 1/10 complete: Prec 0.7718 F1 0.7050 DetRec 0.8448 DetFA 0.2670 | 61.60s total (4.75s eval/56.86s train)
[STATE 2026-05-01 13:55:07] Task 0 Epoch 2/10: entering train loop
T0 Ep 2/10 | L 0.3396 | Train Acc 0.90 | Prec 0.91 | F1 0.84 | Det Rec 0.88 | Det FA 0.22 | Epoch Time 57.54s (Eval 0.00s, Train 57.54s)
[STATE 2026-05-01 13:56:04] T0 Ep 2/10 complete: Prec 0.9129 F1 0.8412 DetRec 0.8824 DetFA 0.2166 | 57.54s total (0.00s eval/57.54s train)
[STATE 2026-05-01 13:56:04] Task 0 Epoch 3/10: entering train loop
T0 Ep 3/10 | L 0.3032 | Train Acc 0.91 | Prec 0.93 | F1 0.85 | Det Rec 0.89 | Det FA 0.21 | Epoch Time 58.58s (Eval 0.00s, Train 58.58s)
[STATE 2026-05-01 13:57:03] T0 Ep 3/10 complete: Prec 0.9265 F1 0.8549 DetRec 0.8854 DetFA 0.2117 | 58.58s total (0.00s eval/58.58s train)
[STATE 2026-05-01 13:57:03] Task 0 Epoch 4/10: entering train loop
T0 Ep 4/10 | L 0.2815 | Train Acc 0.92 | Prec 0.93 | F1 0.86 | Det Rec 0.89 | Det FA 0.21 | Epoch Time 58.55s (Eval 0.00s, Train 58.55s)
[STATE 2026-05-01 13:58:01] T0 Ep 4/10 complete: Prec 0.9307 F1 0.8602 DetRec 0.8881 DetFA 0.2078 | 58.55s total (0.00s eval/58.55s train)
[STATE 2026-05-01 13:58:01] Task 0 Epoch 5/10: entering train loop
T0 Ep 5/10 | L 0.2642 | Train Acc 0.93 | Prec 0.94 | F1 0.87 | Det Rec 0.89 | Det FA 0.21 | Epoch Time 57.48s (Eval 0.00s, Train 57.48s)
[STATE 2026-05-01 13:58:59] T0 Ep 5/10 complete: Prec 0.9378 F1 0.8659 DetRec 0.8876 DetFA 0.2090 | 57.48s total (0.00s eval/57.48s train)
[STATE 2026-05-01 13:58:59] Task 0 Epoch 6/10: entering train loop
T0 Ep 6/10 | L 0.2529 | Train Acc 0.93 | Prec 0.94 | F1 0.87 | Det Rec 0.89 | Det FA 0.20 | Epoch Time 56.15s (Eval 0.00s, Train 56.15s)
[STATE 2026-05-01 13:59:55] T0 Ep 6/10 complete: Prec 0.9416 F1 0.8703 DetRec 0.8901 DetFA 0.2048 | 56.15s total (0.00s eval/56.15s train)
[STATE 2026-05-01 13:59:55] Task 0 Epoch 7/10: entering train loop
T0 Ep 7/10 | L 0.2416 | Train Acc 0.94 | Prec 0.95 | F1 0.87 | Det Rec 0.89 | Det FA 0.20 | Epoch Time 57.19s (Eval 0.00s, Train 57.19s)
[STATE 2026-05-01 14:00:52] T0 Ep 7/10 complete: Prec 0.9455 F1 0.8737 DetRec 0.8905 DetFA 0.2050 | 57.19s total (0.00s eval/57.19s train)
[STATE 2026-05-01 14:00:52] Task 0 Epoch 8/10: entering train loop
T0 Ep 8/10 | L 0.2302 | Train Acc 0.94 | Prec 0.95 | F1 0.88 | Det Rec 0.89 | Det FA 0.20 | Epoch Time 56.82s (Eval 0.00s, Train 56.82s)
[STATE 2026-05-01 14:01:49] T0 Ep 8/10 complete: Prec 0.9497 F1 0.8772 DetRec 0.8910 DetFA 0.2023 | 56.82s total (0.00s eval/56.82s train)
[STATE 2026-05-01 14:01:49] Task 0 Epoch 9/10: entering train loop
T0 Ep 9/10 | L 0.2241 | Train Acc 0.94 | Prec 0.95 | F1 0.88 | Det Rec 0.89 | Det FA 0.20 | Epoch Time 56.95s (Eval 0.00s, Train 56.95s)
[STATE 2026-05-01 14:02:46] T0 Ep 9/10 complete: Prec 0.9519 F1 0.8797 DetRec 0.8920 DetFA 0.2012 | 56.95s total (0.00s eval/56.95s train)
[STATE 2026-05-01 14:02:46] Task 0 Epoch 10/10: entering train loop
T0 Ep 10/10 | L 0.2136 | Train Acc 0.95 | Prec 0.96 | F1 0.88 | Det Rec 0.89 | Det FA 0.20 | Epoch Time 56.79s (Eval 0.00s, Train 56.79s)
[STATE 2026-05-01 14:03:43] T0 Ep 10/10 complete: Prec 0.9555 F1 0.8829 DetRec 0.8923 DetFA 0.2014 | 56.79s total (0.00s eval/56.79s train)
[STATE 2026-05-01 14:03:43] Task 0: running final validation.
[STATE 2026-05-01 14:03:48] Completed task 0 (1/10)
Task 1: 51916 training samples, 17305 test samples.
[STATE 2026-05-01 14:03:48] Task 1: zero-shot validation (pre-train)
---- Zero-shot (pre-train) task 1: rec_cls 0.2029 | prec_cls 0.1478 | f1_cls 0.0690 | det 0.5000 | pfa 0.9999 | total_f1 0.4591 ----
[STATE 2026-05-01 14:03:57] Starting task 1 (2/10)
[STATE 2026-05-01 14:03:57] Task 1 Epoch 1/10: entering train loop
[STATE 2026-05-01 14:04:57] Task 1 Epoch 1/10: running validation (end of epoch)
---- Eval at Epoch 0: cls [0.7840287717582385, 0.8603950647833641] | det_recall [0.8610453414842952, 0.7657691697446889] | det_fa [0.2111131393660611, 0.4450043015165197] ----
T1 Ep 1/10 | L 0.6392 | Train Acc 0.78 | Prec 0.82 | F1 0.71 | Det Rec 0.81 | Det FA 0.34 | Epoch Time 69.63s (Eval 9.85s, Train 59.79s)
[STATE 2026-05-01 14:05:07] T1 Ep 1/10 complete: Prec 0.8240 F1 0.7101 DetRec 0.8081 DetFA 0.3365 | 69.63s total (9.85s eval/59.79s train)
[STATE 2026-05-01 14:05:07] Task 1 Epoch 2/10: entering train loop
T1 Ep 2/10 | L 0.4254 | Train Acc 0.87 | Prec 0.90 | F1 0.82 | Det Rec 0.88 | Det FA 0.20 | Epoch Time 62.42s (Eval 0.00s, Train 62.42s)
[STATE 2026-05-01 14:06:09] T1 Ep 2/10 complete: Prec 0.9003 F1 0.8214 DetRec 0.8800 DetFA 0.2020 | 62.42s total (0.00s eval/62.42s train)
[STATE 2026-05-01 14:06:09] Task 1 Epoch 3/10: entering train loop
T1 Ep 3/10 | L 0.3884 | Train Acc 0.88 | Prec 0.91 | F1 0.84 | Det Rec 0.89 | Det FA 0.18 | Epoch Time 61.92s (Eval 0.00s, Train 61.92s)
[STATE 2026-05-01 14:07:11] T1 Ep 3/10 complete: Prec 0.9119 F1 0.8405 DetRec 0.8932 DetFA 0.1808 | 61.92s total (0.00s eval/61.92s train)
[STATE 2026-05-01 14:07:11] Task 1 Epoch 4/10: entering train loop
T1 Ep 4/10 | L 0.3673 | Train Acc 0.89 | Prec 0.92 | F1 0.85 | Det Rec 0.90 | Det FA 0.18 | Epoch Time 61.69s (Eval 0.00s, Train 61.69s)
[STATE 2026-05-01 14:08:13] T1 Ep 4/10 complete: Prec 0.9191 F1 0.8498 DetRec 0.8958 DetFA 0.1771 | 61.69s total (0.00s eval/61.69s train)
[STATE 2026-05-01 14:08:13] Task 1 Epoch 5/10: entering train loop
T1 Ep 5/10 | L 0.3535 | Train Acc 0.90 | Prec 0.92 | F1 0.86 | Det Rec 0.90 | Det FA 0.17 | Epoch Time 61.03s (Eval 0.00s, Train 61.03s)
[STATE 2026-05-01 14:09:14] T1 Ep 5/10 complete: Prec 0.9231 F1 0.8573 DetRec 0.9016 DetFA 0.1673 | 61.03s total (0.00s eval/61.03s train)
[STATE 2026-05-01 14:09:14] Task 1 Epoch 6/10: entering train loop
T1 Ep 6/10 | L 0.3556 | Train Acc 0.90 | Prec 0.92 | F1 0.86 | Det Rec 0.90 | Det FA 0.16 | Epoch Time 59.70s (Eval 0.00s, Train 59.70s)
[STATE 2026-05-01 14:10:13] T1 Ep 6/10 complete: Prec 0.9234 F1 0.8585 DetRec 0.9038 DetFA 0.1640 | 59.70s total (0.00s eval/59.70s train)
[STATE 2026-05-01 14:10:13] Task 1 Epoch 7/10: entering train loop
T1 Ep 7/10 | L 0.3386 | Train Acc 0.91 | Prec 0.93 | F1 0.87 | Det Rec 0.91 | Det FA 0.16 | Epoch Time 60.88s (Eval 0.00s, Train 60.88s)
[STATE 2026-05-01 14:11:14] T1 Ep 7/10 complete: Prec 0.9287 F1 0.8667 DetRec 0.9066 DetFA 0.1595 | 60.88s total (0.00s eval/60.88s train)
[STATE 2026-05-01 14:11:14] Task 1 Epoch 8/10: entering train loop
T1 Ep 8/10 | L 0.3396 | Train Acc 0.91 | Prec 0.93 | F1 0.87 | Det Rec 0.91 | Det FA 0.16 | Epoch Time 62.49s (Eval 0.00s, Train 62.49s)
[STATE 2026-05-01 14:12:17] T1 Ep 8/10 complete: Prec 0.9280 F1 0.8671 DetRec 0.9076 DetFA 0.1592 | 62.49s total (0.00s eval/62.49s train)
[STATE 2026-05-01 14:12:17] Task 1 Epoch 9/10: entering train loop
T1 Ep 9/10 | L 0.3345 | Train Acc 0.91 | Prec 0.93 | F1 0.87 | Det Rec 0.91 | Det FA 0.16 | Epoch Time 60.80s (Eval 0.00s, Train 60.80s)
[STATE 2026-05-01 14:13:18] T1 Ep 9/10 complete: Prec 0.9322 F1 0.8708 DetRec 0.9082 DetFA 0.1575 | 60.80s total (0.00s eval/60.80s train)
[STATE 2026-05-01 14:13:18] Task 1 Epoch 10/10: entering train loop
T1 Ep 10/10 | L 0.3260 | Train Acc 0.92 | Prec 0.93 | F1 0.87 | Det Rec 0.91 | Det FA 0.16 | Epoch Time 60.97s (Eval 0.00s, Train 60.97s)
[STATE 2026-05-01 14:14:19] T1 Ep 10/10 complete: Prec 0.9345 F1 0.8722 DetRec 0.9077 DetFA 0.1585 | 60.97s total (0.00s eval/60.97s train)
[STATE 2026-05-01 14:14:19] Task 1: running final validation.
[STATE 2026-05-01 14:14:28] Completed task 1 (2/10)
Task 2: 350028 training samples, 175014 test samples.
[STATE 2026-05-01 14:14:29] Task 2: zero-shot validation (pre-train)
---- Zero-shot (pre-train) task 2: rec_cls 0.0424 | prec_cls 0.1810 | f1_cls 0.1008 | det 0.5165 | pfa 0.1907 | total_f1 0.5410 ----
[STATE 2026-05-01 14:15:26] Starting task 2 (3/10)
[STATE 2026-05-01 14:15:26] Task 2 Epoch 1/10: entering train loop
[STATE 2026-05-01 14:22:16] Task 2 Epoch 1/10: running validation (end of epoch)
---- Eval at Epoch 0: cls [0.29976721465658135, 0.4422287314972658, 0.6790163242022207] | det_recall [0.7526478043405079, 0.8129196226957047, 0.8357455777604202] | det_fa [0.05199125517447474, 0.1265799925327761, 0.2653593018109368] ----
T2 Ep 1/10 | L 1.1186 | Train Acc 0.58 | Prec 0.61 | F1 0.58 | Det Rec 0.81 | Det FA 0.32 | Epoch Time 467.10s (Eval 57.93s, Train 409.17s)
[STATE 2026-05-01 14:23:13] T2 Ep 1/10 complete: Prec 0.6120 F1 0.5825 DetRec 0.8143 DetFA 0.3165 | 467.10s total (57.93s eval/409.17s train)
[STATE 2026-05-01 14:23:13] Task 2 Epoch 2/10: entering train loop
T2 Ep 2/10 | L 0.8816 | Train Acc 0.72 | Prec 0.74 | F1 0.70 | Det Rec 0.84 | Det FA 0.26 | Epoch Time 418.25s (Eval 0.00s, Train 418.25s)
[STATE 2026-05-01 14:30:12] T2 Ep 2/10 complete: Prec 0.7434 F1 0.7043 DetRec 0.8431 DetFA 0.2615 | 418.25s total (0.00s eval/418.25s train)
[STATE 2026-05-01 14:30:12] Task 2 Epoch 3/10: entering train loop
T2 Ep 3/10 | L 0.8338 | Train Acc 0.74 | Prec 0.76 | F1 0.72 | Det Rec 0.85 | Det FA 0.25 | Epoch Time 413.68s (Eval 0.00s, Train 413.68s)
[STATE 2026-05-01 14:37:05] T2 Ep 3/10 complete: Prec 0.7614 F1 0.7236 DetRec 0.8515 DetFA 0.2455 | 413.68s total (0.00s eval/413.68s train)
[STATE 2026-05-01 14:37:05] Task 2 Epoch 4/10: entering train loop
T2 Ep 4/10 | L 0.8044 | Train Acc 0.75 | Prec 0.77 | F1 0.74 | Det Rec 0.86 | Det FA 0.24 | Epoch Time 411.36s (Eval 0.00s, Train 411.36s)
[STATE 2026-05-01 14:43:57] T2 Ep 4/10 complete: Prec 0.7742 F1 0.7357 DetRec 0.8557 DetFA 0.2379 | 411.36s total (0.00s eval/411.36s train)
[STATE 2026-05-01 14:43:57] Task 2 Epoch 5/10: entering train loop
T2 Ep 5/10 | L 0.7865 | Train Acc 0.76 | Prec 0.78 | F1 0.74 | Det Rec 0.86 | Det FA 0.24 | Epoch Time 415.17s (Eval 0.00s, Train 415.17s)
[STATE 2026-05-01 14:50:52] T2 Ep 5/10 complete: Prec 0.7810 F1 0.7432 DetRec 0.8582 DetFA 0.2354 | 415.17s total (0.00s eval/415.17s train)
[STATE 2026-05-01 14:50:52] Task 2 Epoch 6/10: entering train loop
T2 Ep 6/10 | L 0.7749 | Train Acc 0.77 | Prec 0.79 | F1 0.75 | Det Rec 0.86 | Det FA 0.23 | Epoch Time 416.01s (Eval 0.00s, Train 416.01s)
[STATE 2026-05-01 14:57:48] T2 Ep 6/10 complete: Prec 0.7855 F1 0.7488 DetRec 0.8611 DetFA 0.2303 | 416.01s total (0.00s eval/416.01s train)
[STATE 2026-05-01 14:57:48] Task 2 Epoch 7/10: entering train loop
T2 Ep 7/10 | L 0.7626 | Train Acc 0.77 | Prec 0.79 | F1 0.75 | Det Rec 0.86 | Det FA 0.23 | Epoch Time 409.91s (Eval 0.00s, Train 409.91s)
[STATE 2026-05-01 15:04:38] T2 Ep 7/10 complete: Prec 0.7932 F1 0.7549 DetRec 0.8627 DetFA 0.2251 | 409.91s total (0.00s eval/409.91s train)
[STATE 2026-05-01 15:04:38] Task 2 Epoch 8/10: entering train loop
T2 Ep 8/10 | L 0.7528 | Train Acc 0.78 | Prec 0.80 | F1 0.76 | Det Rec 0.86 | Det FA 0.23 | Epoch Time 414.80s (Eval 0.00s, Train 414.80s)
[STATE 2026-05-01 15:11:33] T2 Ep 8/10 complete: Prec 0.7955 F1 0.7590 DetRec 0.8645 DetFA 0.2252 | 414.80s total (0.00s eval/414.80s train)
[STATE 2026-05-01 15:11:33] Task 2 Epoch 9/10: entering train loop
T2 Ep 9/10 | L 0.7447 | Train Acc 0.78 | Prec 0.80 | F1 0.76 | Det Rec 0.87 | Det FA 0.22 | Epoch Time 415.73s (Eval 0.00s, Train 415.73s)
[STATE 2026-05-01 15:18:28] T2 Ep 9/10 complete: Prec 0.7986 F1 0.7622 DetRec 0.8655 DetFA 0.2232 | 415.73s total (0.00s eval/415.73s train)
[STATE 2026-05-01 15:18:28] Task 2 Epoch 10/10: entering train loop
T2 Ep 10/10 | L 0.7379 | Train Acc 0.78 | Prec 0.80 | F1 0.77 | Det Rec 0.87 | Det FA 0.22 | Epoch Time 421.96s (Eval 0.00s, Train 421.96s)
[STATE 2026-05-01 15:25:30] T2 Ep 10/10 complete: Prec 0.8003 F1 0.7650 DetRec 0.8675 DetFA 0.2204 | 421.96s total (0.00s eval/421.96s train)
[STATE 2026-05-01 15:25:30] Task 2: running final validation.
[STATE 2026-05-01 15:26:29] Completed task 2 (3/10)
Task 3: 24480 training samples, 8160 test samples.
[STATE 2026-05-01 15:26:29] Task 3: zero-shot validation (pre-train)
---- Zero-shot (pre-train) task 3: rec_cls 0.1093 | prec_cls 0.1464 | f1_cls 0.2082 | det 0.8082 | pfa 0.0002 | total_f1 0.4022 ----
[STATE 2026-05-01 15:27:30] Starting task 3 (4/10)
[STATE 2026-05-01 15:27:30] Task 3 Epoch 1/10: entering train loop
[STATE 2026-05-01 15:27:59] Task 3 Epoch 1/10: running validation (end of epoch)
---- Eval at Epoch 0: cls [0.09992257058619829, 0.21675945319575057, 0.6140046085790067, 0.597158904740414] | det_recall [0.5663386603497209, 0.6451544285673949, 0.8236291921842903, 0.9963213210624733] | det_fa [0.1562990616195174, 0.2773642762322832, 0.2875776355893414, 0.006866105828974291] ----
T3 Ep 1/10 | L 0.9470 | Train Acc 0.56 | Prec 0.56 | F1 0.61 | Det Rec 0.99 | Det FA 0.00 | Epoch Time 89.80s (Eval 61.15s, Train 28.65s)
[STATE 2026-05-01 15:29:00] T3 Ep 1/10 complete: Prec 0.5649 F1 0.6063 DetRec 0.9930 DetFA 0.0043 | 89.80s total (61.15s eval/28.65s train)
[STATE 2026-05-01 15:29:00] Task 3 Epoch 2/10: entering train loop
T3 Ep 2/10 | L 0.8206 | Train Acc 0.61 | Prec 0.62 | F1 0.66 | Det Rec 1.00 | Det FA 0.00 | Epoch Time 29.01s (Eval 0.00s, Train 29.01s)
[STATE 2026-05-01 15:29:29] T3 Ep 2/10 complete: Prec 0.6215 F1 0.6605 DetRec 0.9984 DetFA 0.0023 | 29.01s total (0.00s eval/29.01s train)
[STATE 2026-05-01 15:29:29] Task 3 Epoch 3/10: entering train loop
T3 Ep 3/10 | L 0.8033 | Train Acc 0.62 | Prec 0.64 | F1 0.67 | Det Rec 1.00 | Det FA 0.00 | Epoch Time 27.52s (Eval 0.00s, Train 27.52s)
[STATE 2026-05-01 15:29:56] T3 Ep 3/10 complete: Prec 0.6355 F1 0.6699 DetRec 0.9982 DetFA 0.0024 | 27.52s total (0.00s eval/27.52s train)
[STATE 2026-05-01 15:29:56] Task 3 Epoch 4/10: entering train loop
T3 Ep 4/10 | L 0.7887 | Train Acc 0.64 | Prec 0.65 | F1 0.69 | Det Rec 1.00 | Det FA 0.00 | Epoch Time 28.95s (Eval 0.00s, Train 28.95s)
[STATE 2026-05-01 15:30:25] T3 Ep 4/10 complete: Prec 0.6517 F1 0.6862 DetRec 0.9987 DetFA 0.0019 | 28.95s total (0.00s eval/28.95s train)
[STATE 2026-05-01 15:30:25] Task 3 Epoch 5/10: entering train loop
T3 Ep 5/10 | L 0.7725 | Train Acc 0.65 | Prec 0.66 | F1 0.70 | Det Rec 1.00 | Det FA 0.00 | Epoch Time 28.94s (Eval 0.00s, Train 28.94s)
[STATE 2026-05-01 15:30:54] T3 Ep 5/10 complete: Prec 0.6630 F1 0.6951 DetRec 0.9987 DetFA 0.0022 | 28.94s total (0.00s eval/28.94s train)
[STATE 2026-05-01 15:30:54] Task 3 Epoch 6/10: entering train loop
T3 Ep 6/10 | L 0.7658 | Train Acc 0.65 | Prec 0.67 | F1 0.70 | Det Rec 1.00 | Det FA 0.00 | Epoch Time 28.70s (Eval 0.00s, Train 28.70s)
[STATE 2026-05-01 15:31:23] T3 Ep 6/10 complete: Prec 0.6661 F1 0.6986 DetRec 0.9991 DetFA 0.0010 | 28.70s total (0.00s eval/28.70s train)
[STATE 2026-05-01 15:31:23] Task 3 Epoch 7/10: entering train loop
T3 Ep 7/10 | L 0.7555 | Train Acc 0.67 | Prec 0.68 | F1 0.71 | Det Rec 1.00 | Det FA 0.00 | Epoch Time 28.49s (Eval 0.00s, Train 28.49s)
[STATE 2026-05-01 15:31:52] T3 Ep 7/10 complete: Prec 0.6781 F1 0.7101 DetRec 0.9989 DetFA 0.0020 | 28.49s total (0.00s eval/28.49s train)
[STATE 2026-05-01 15:31:52] Task 3 Epoch 8/10: entering train loop
T3 Ep 8/10 | L 0.7591 | Train Acc 0.67 | Prec 0.68 | F1 0.71 | Det Rec 1.00 | Det FA 0.00 | Epoch Time 29.02s (Eval 0.00s, Train 29.02s)
[STATE 2026-05-01 15:32:21] T3 Ep 8/10 complete: Prec 0.6849 F1 0.7141 DetRec 0.9986 DetFA 0.0022 | 29.02s total (0.00s eval/29.02s train)
[STATE 2026-05-01 15:32:21] Task 3 Epoch 9/10: entering train loop
T3 Ep 9/10 | L 0.7487 | Train Acc 0.68 | Prec 0.69 | F1 0.72 | Det Rec 1.00 | Det FA 0.00 | Epoch Time 27.96s (Eval 0.00s, Train 27.96s)
[STATE 2026-05-01 15:32:49] T3 Ep 9/10 complete: Prec 0.6927 F1 0.7208 DetRec 0.9986 DetFA 0.0020 | 27.96s total (0.00s eval/27.96s train)
[STATE 2026-05-01 15:32:49] Task 3 Epoch 10/10: entering train loop
T3 Ep 10/10 | L 0.7501 | Train Acc 0.69 | Prec 0.70 | F1 0.73 | Det Rec 1.00 | Det FA 0.00 | Epoch Time 28.12s (Eval 0.00s, Train 28.12s)
[STATE 2026-05-01 15:33:17] T3 Ep 10/10 complete: Prec 0.6980 F1 0.7282 DetRec 0.9989 DetFA 0.0013 | 28.12s total (0.00s eval/28.12s train)
[STATE 2026-05-01 15:33:17] Task 3: running final validation.
[STATE 2026-05-01 15:34:16] Completed task 3 (4/10)
Task 4: 24480 training samples, 8160 test samples.
[STATE 2026-05-01 15:34:16] Task 4: zero-shot validation (pre-train)
---- Zero-shot (pre-train) task 4: rec_cls 0.1288 | prec_cls 0.1199 | f1_cls 0.0733 | det 0.4924 | pfa 1.0000 | total_f1 0.3727 ----
[STATE 2026-05-01 15:35:19] Starting task 4 (5/10)
[STATE 2026-05-01 15:35:19] Task 4 Epoch 1/10: entering train loop
[STATE 2026-05-01 15:35:48] Task 4 Epoch 1/10: running validation (end of epoch)
---- Eval at Epoch 0: cls [0.07463976998957844, 0.22933300901000206, 0.5599730559430781, 0.538019458900945, 0.4885272185107488] | det_recall [0.5669905197213775, 0.7187753715128824, 0.7984390283998875, 0.9971801636231199, 1.0] | det_fa [0.1325900716696685, 0.2080204497659342, 0.3510514724765871, 0.005148420707681012, 0.0] ----
T4 Ep 1/10 | L 1.0579 | Train Acc 0.46 | Prec 0.46 | F1 0.52 | Det Rec 1.00 | Det FA 0.00 | Epoch Time 91.99s (Eval 62.38s, Train 29.62s)
[STATE 2026-05-01 15:36:51] T4 Ep 1/10 complete: Prec 0.4645 F1 0.5191 DetRec 0.9995 DetFA 0.0001 | 91.99s total (62.38s eval/29.62s train)
[STATE 2026-05-01 15:36:51] Task 4 Epoch 2/10: entering train loop
T4 Ep 2/10 | L 0.9101 | Train Acc 0.56 | Prec 0.57 | F1 0.61 | Det Rec 1.00 | Det FA 0.00 | Epoch Time 29.16s (Eval 0.00s, Train 29.16s)
[STATE 2026-05-01 15:37:20] T4 Ep 2/10 complete: Prec 0.5721 F1 0.6107 DetRec 1.0000 DetFA 0.0000 | 29.16s total (0.00s eval/29.16s train)
[STATE 2026-05-01 15:37:20] Task 4 Epoch 3/10: entering train loop
T4 Ep 3/10 | L 0.8279 | Train Acc 0.62 | Prec 0.63 | F1 0.66 | Det Rec 1.00 | Det FA 0.00 | Epoch Time 29.40s (Eval 0.00s, Train 29.40s)
[STATE 2026-05-01 15:37:49] T4 Ep 3/10 complete: Prec 0.6350 F1 0.6635 DetRec 1.0000 DetFA 0.0000 | 29.40s total (0.00s eval/29.40s train)
[STATE 2026-05-01 15:37:49] Task 4 Epoch 4/10: entering train loop
T4 Ep 4/10 | L 0.7822 | Train Acc 0.67 | Prec 0.68 | F1 0.71 | Det Rec 1.00 | Det FA 0.00 | Epoch Time 29.24s (Eval 0.00s, Train 29.24s)
[STATE 2026-05-01 15:38:18] T4 Ep 4/10 complete: Prec 0.6837 F1 0.7089 DetRec 1.0000 DetFA 0.0000 | 29.24s total (0.00s eval/29.24s train)
[STATE 2026-05-01 15:38:18] Task 4 Epoch 5/10: entering train loop
T4 Ep 5/10 | L 0.7537 | Train Acc 0.70 | Prec 0.71 | F1 0.73 | Det Rec 1.00 | Det FA 0.00 | Epoch Time 28.92s (Eval 0.00s, Train 28.92s)
[STATE 2026-05-01 15:38:47] T4 Ep 5/10 complete: Prec 0.7097 F1 0.7341 DetRec 1.0000 DetFA 0.0000 | 28.92s total (0.00s eval/28.92s train)
[STATE 2026-05-01 15:38:47] Task 4 Epoch 6/10: entering train loop
T4 Ep 6/10 | L 0.7300 | Train Acc 0.71 | Prec 0.73 | F1 0.75 | Det Rec 1.00 | Det FA 0.00 | Epoch Time 30.13s (Eval 0.00s, Train 30.13s)
[STATE 2026-05-01 15:39:17] T4 Ep 6/10 complete: Prec 0.7262 F1 0.7478 DetRec 1.0000 DetFA 0.0000 | 30.13s total (0.00s eval/30.13s train)
[STATE 2026-05-01 15:39:17] Task 4 Epoch 7/10: entering train loop
T4 Ep 7/10 | L 0.7181 | Train Acc 0.73 | Prec 0.74 | F1 0.76 | Det Rec 1.00 | Det FA 0.00 | Epoch Time 30.24s (Eval 0.00s, Train 30.24s)
[STATE 2026-05-01 15:39:48] T4 Ep 7/10 complete: Prec 0.7403 F1 0.7600 DetRec 1.0000 DetFA 0.0000 | 30.24s total (0.00s eval/30.24s train)
[STATE 2026-05-01 15:39:48] Task 4 Epoch 8/10: entering train loop
T4 Ep 8/10 | L 0.7032 | Train Acc 0.74 | Prec 0.75 | F1 0.77 | Det Rec 1.00 | Det FA 0.00 | Epoch Time 30.50s (Eval 0.00s, Train 30.50s)
[STATE 2026-05-01 15:40:18] T4 Ep 8/10 complete: Prec 0.7485 F1 0.7681 DetRec 1.0000 DetFA 0.0000 | 30.50s total (0.00s eval/30.50s train)
[STATE 2026-05-01 15:40:18] Task 4 Epoch 9/10: entering train loop
T4 Ep 9/10 | L 0.6996 | Train Acc 0.75 | Prec 0.76 | F1 0.78 | Det Rec 1.00 | Det FA 0.00 | Epoch Time 29.19s (Eval 0.00s, Train 29.19s)
[STATE 2026-05-01 15:40:47] T4 Ep 9/10 complete: Prec 0.7580 F1 0.7778 DetRec 1.0000 DetFA 0.0000 | 29.19s total (0.00s eval/29.19s train)
[STATE 2026-05-01 15:40:47] Task 4 Epoch 10/10: entering train loop
T4 Ep 10/10 | L 0.6907 | Train Acc 0.77 | Prec 0.77 | F1 0.79 | Det Rec 1.00 | Det FA 0.00 | Epoch Time 28.96s (Eval 0.00s, Train 28.96s)
[STATE 2026-05-01 15:41:16] T4 Ep 10/10 complete: Prec 0.7725 F1 0.7919 DetRec 1.0000 DetFA 0.0000 | 28.96s total (0.00s eval/28.96s train)
[STATE 2026-05-01 15:41:16] Task 4: running final validation.
[STATE 2026-05-01 15:42:23] Completed task 4 (5/10)
Task 5: 201410 training samples, 100705 test samples.
[STATE 2026-05-01 15:42:24] Task 5: zero-shot validation (pre-train)
---- Zero-shot (pre-train) task 5: rec_cls 0.1957 | prec_cls 0.0942 | f1_cls 0.0688 | det 0.5000 | pfa 1.0000 | total_f1 0.4020 ----
[STATE 2026-05-01 15:43:57] Starting task 5 (6/10)
[STATE 2026-05-01 15:43:57] Task 5 Epoch 1/10: entering train loop
[STATE 2026-05-01 15:47:59] Task 5 Epoch 1/10: running validation (end of epoch)
---- Eval at Epoch 0: cls [0.06358899645289277, 0.13654106611841316, 0.48780896514219674, 0.48519653713114225, 0.3880857986234007, 0.8075640332745939] | det_recall [0.5401366663949783, 0.6022425675886728, 0.780248225613013, 0.9985424641690719, 1.0, 0.8764963425308638] | det_fa [0.08065834082857984, 0.2772274346315221, 0.42097964235094154, 0.0017026373200562902, 0.0, 0.22154012320245112] ----
T5 Ep 1/10 | L 0.7504 | Train Acc 0.75 | Prec 0.76 | F1 0.73 | Det Rec 0.87 | Det FA 0.21 | Epoch Time 333.11s (Eval 90.55s, Train 242.57s)
[STATE 2026-05-01 15:49:30] T5 Ep 1/10 complete: Prec 0.7558 F1 0.7310 DetRec 0.8686 DetFA 0.2121 | 333.11s total (90.55s eval/242.57s train)
[STATE 2026-05-01 15:49:30] Task 5 Epoch 2/10: entering train loop
T5 Ep 2/10 | L 0.6278 | Train Acc 0.82 | Prec 0.82 | F1 0.80 | Det Rec 0.89 | Det FA 0.18 | Epoch Time 242.91s (Eval 0.00s, Train 242.91s)
[STATE 2026-05-01 15:53:33] T5 Ep 2/10 complete: Prec 0.8215 F1 0.7961 DetRec 0.8896 DetFA 0.1780 | 242.91s total (0.00s eval/242.91s train)
[STATE 2026-05-01 15:53:33] Task 5 Epoch 3/10: entering train loop
T5 Ep 3/10 | L 0.6079 | Train Acc 0.83 | Prec 0.83 | F1 0.81 | Det Rec 0.89 | Det FA 0.18 | Epoch Time 247.55s (Eval 0.00s, Train 247.55s)
[STATE 2026-05-01 15:57:41] T5 Ep 3/10 complete: Prec 0.8311 F1 0.8064 DetRec 0.8924 DetFA 0.1760 | 247.55s total (0.00s eval/247.55s train)
[STATE 2026-05-01 15:57:41] Task 5 Epoch 4/10: entering train loop
T5 Ep 4/10 | L 0.5989 | Train Acc 0.84 | Prec 0.84 | F1 0.81 | Det Rec 0.89 | Det FA 0.17 | Epoch Time 248.52s (Eval 0.00s, Train 248.52s)
[STATE 2026-05-01 16:01:49] T5 Ep 4/10 complete: Prec 0.8375 F1 0.8125 DetRec 0.8944 DetFA 0.1715 | 248.52s total (0.00s eval/248.52s train)
[STATE 2026-05-01 16:01:49] Task 5 Epoch 5/10: entering train loop
T5 Ep 5/10 | L 0.5915 | Train Acc 0.84 | Prec 0.84 | F1 0.82 | Det Rec 0.90 | Det FA 0.17 | Epoch Time 247.81s (Eval 0.00s, Train 247.81s)
[STATE 2026-05-01 16:05:57] T5 Ep 5/10 complete: Prec 0.8429 F1 0.8173 DetRec 0.8953 DetFA 0.1706 | 247.81s total (0.00s eval/247.81s train)
[STATE 2026-05-01 16:05:57] Task 5 Epoch 6/10: entering train loop
T5 Ep 6/10 | L 0.5883 | Train Acc 0.85 | Prec 0.85 | F1 0.82 | Det Rec 0.90 | Det FA 0.17 | Epoch Time 250.80s (Eval 0.00s, Train 250.80s)
[STATE 2026-05-01 16:10:08] T5 Ep 6/10 complete: Prec 0.8453 F1 0.8202 DetRec 0.8975 DetFA 0.1667 | 250.80s total (0.00s eval/250.80s train)
[STATE 2026-05-01 16:10:08] Task 5 Epoch 7/10: entering train loop
T5 Ep 7/10 | L 0.5863 | Train Acc 0.85 | Prec 0.85 | F1 0.82 | Det Rec 0.90 | Det FA 0.17 | Epoch Time 248.88s (Eval 0.00s, Train 248.88s)
[STATE 2026-05-01 16:14:17] T5 Ep 7/10 complete: Prec 0.8481 F1 0.8226 DetRec 0.8979 DetFA 0.1655 | 248.88s total (0.00s eval/248.88s train)
[STATE 2026-05-01 16:14:17] Task 5 Epoch 8/10: entering train loop
T5 Ep 8/10 | L 0.5847 | Train Acc 0.85 | Prec 0.85 | F1 0.82 | Det Rec 0.90 | Det FA 0.17 | Epoch Time 249.64s (Eval 0.00s, Train 249.64s)
[STATE 2026-05-01 16:18:26] T5 Ep 8/10 complete: Prec 0.8495 F1 0.8249 DetRec 0.8986 DetFA 0.1655 | 249.64s total (0.00s eval/249.64s train)
[STATE 2026-05-01 16:18:26] Task 5 Epoch 9/10: entering train loop
T5 Ep 9/10 | L 0.5844 | Train Acc 0.86 | Prec 0.85 | F1 0.83 | Det Rec 0.90 | Det FA 0.17 | Epoch Time 249.63s (Eval 0.00s, Train 249.63s)
[STATE 2026-05-01 16:22:36] T5 Ep 9/10 complete: Prec 0.8516 F1 0.8263 DetRec 0.8978 DetFA 0.1676 | 249.63s total (0.00s eval/249.63s train)
[STATE 2026-05-01 16:22:36] Task 5 Epoch 10/10: entering train loop
T5 Ep 10/10 | L 0.5815 | Train Acc 0.86 | Prec 0.85 | F1 0.83 | Det Rec 0.90 | Det FA 0.16 | Epoch Time 236.59s (Eval 0.00s, Train 236.59s)
[STATE 2026-05-01 16:26:32] T5 Ep 10/10 complete: Prec 0.8548 F1 0.8293 DetRec 0.8994 DetFA 0.1648 | 236.59s total (0.00s eval/236.59s train)
[STATE 2026-05-01 16:26:32] Task 5: running final validation.
[STATE 2026-05-01 16:28:03] Completed task 5 (6/10)
Task 6: 17340 training samples, 6800 test samples.
[STATE 2026-05-01 16:28:03] Task 6: zero-shot validation (pre-train)
---- Zero-shot (pre-train) task 6: rec_cls 0.0933 | prec_cls 0.1150 | f1_cls 0.0339 | det 0.4879 | pfa 0.9979 | total_f1 0.3696 ----
[STATE 2026-05-01 16:29:34] Starting task 6 (7/10)
[STATE 2026-05-01 16:29:34] Task 6 Epoch 1/10: entering train loop
[STATE 2026-05-01 16:29:55] Task 6 Epoch 1/10: running validation (end of epoch)
---- Eval at Epoch 0: cls [0.02874811725636723, 0.09401515189976217, 0.4055366135377197, 0.49231149896835824, 0.4476763136471528, 0.767217821640451, 0.5828110961008214] | det_recall [0.5122789241126539, 0.5729164040262205, 0.7375727198965814, 0.9992646791079022, 1.0, 0.8250004119512104, 0.9995977026183755] | det_fa [0.05556450878530635, 0.19239586758094146, 0.5044224974694882, 0.00023674242424242425, 0.0, 0.3435131055009091, 0.0008045947632487905] ----
T6 Ep 1/10 | L 0.9687 | Train Acc 0.53 | Prec 0.54 | F1 0.60 | Det Rec 0.99 | Det FA 0.00 | Epoch Time 112.41s (Eval 91.70s, Train 20.71s)
[STATE 2026-05-01 16:31:27] T6 Ep 1/10 complete: Prec 0.5391 F1 0.5976 DetRec 0.9927 DetFA 0.0004 | 112.41s total (91.70s eval/20.71s train)
[STATE 2026-05-01 16:31:27] Task 6 Epoch 2/10: entering train loop
T6 Ep 2/10 | L 0.7750 | Train Acc 0.64 | Prec 0.64 | F1 0.69 | Det Rec 1.00 | Det FA 0.00 | Epoch Time 19.64s (Eval 0.00s, Train 19.64s)
[STATE 2026-05-01 16:31:46] T6 Ep 2/10 complete: Prec 0.6413 F1 0.6920 DetRec 0.9999 DetFA 0.0001 | 19.64s total (0.00s eval/19.64s train)
[STATE 2026-05-01 16:31:46] Task 6 Epoch 3/10: entering train loop
T6 Ep 3/10 | L 0.7068 | Train Acc 0.69 | Prec 0.69 | F1 0.74 | Det Rec 1.00 | Det FA 0.00 | Epoch Time 19.66s (Eval 0.00s, Train 19.66s)
[STATE 2026-05-01 16:32:06] T6 Ep 3/10 complete: Prec 0.6950 F1 0.7350 DetRec 0.9998 DetFA 0.0003 | 19.66s total (0.00s eval/19.66s train)
[STATE 2026-05-01 16:32:06] Task 6 Epoch 4/10: entering train loop
T6 Ep 4/10 | L 0.6578 | Train Acc 0.73 | Prec 0.74 | F1 0.77 | Det Rec 1.00 | Det FA 0.00 | Epoch Time 20.40s (Eval 0.00s, Train 20.40s)
[STATE 2026-05-01 16:32:26] T6 Ep 4/10 complete: Prec 0.7375 F1 0.7701 DetRec 0.9999 DetFA 0.0001 | 20.40s total (0.00s eval/20.40s train)
[STATE 2026-05-01 16:32:26] Task 6 Epoch 5/10: entering train loop
T6 Ep 5/10 | L 0.6336 | Train Acc 0.75 | Prec 0.76 | F1 0.79 | Det Rec 1.00 | Det FA 0.00 | Epoch Time 20.71s (Eval 0.00s, Train 20.71s)
[STATE 2026-05-01 16:32:47] T6 Ep 5/10 complete: Prec 0.7590 F1 0.7908 DetRec 0.9999 DetFA 0.0001 | 20.71s total (0.00s eval/20.71s train)
[STATE 2026-05-01 16:32:47] Task 6 Epoch 6/10: entering train loop
T6 Ep 6/10 | L 0.5828 | Train Acc 0.78 | Prec 0.79 | F1 0.82 | Det Rec 1.00 | Det FA 0.00 | Epoch Time 20.57s (Eval 0.00s, Train 20.57s)
[STATE 2026-05-01 16:33:08] T6 Ep 6/10 complete: Prec 0.7902 F1 0.8162 DetRec 0.9999 DetFA 0.0002 | 20.57s total (0.00s eval/20.57s train)
[STATE 2026-05-01 16:33:08] Task 6 Epoch 7/10: entering train loop
T6 Ep 7/10 | L 0.5717 | Train Acc 0.79 | Prec 0.80 | F1 0.82 | Det Rec 1.00 | Det FA 0.00 | Epoch Time 20.97s (Eval 0.00s, Train 20.97s)
[STATE 2026-05-01 16:33:29] T6 Ep 7/10 complete: Prec 0.7959 F1 0.8217 DetRec 0.9999 DetFA 0.0002 | 20.97s total (0.00s eval/20.97s train)
[STATE 2026-05-01 16:33:29] Task 6 Epoch 8/10: entering train loop
T6 Ep 8/10 | L 0.5687 | Train Acc 0.80 | Prec 0.81 | F1 0.83 | Det Rec 1.00 | Det FA 0.00 | Epoch Time 19.80s (Eval 0.00s, Train 19.80s)
[STATE 2026-05-01 16:33:48] T6 Ep 8/10 complete: Prec 0.8076 F1 0.8315 DetRec 0.9999 DetFA 0.0001 | 19.80s total (0.00s eval/19.80s train)
[STATE 2026-05-01 16:33:48] Task 6 Epoch 9/10: entering train loop
T6 Ep 9/10 | L 0.5524 | Train Acc 0.82 | Prec 0.82 | F1 0.85 | Det Rec 1.00 | Det FA 0.00 | Epoch Time 20.19s (Eval 0.00s, Train 20.19s)
[STATE 2026-05-01 16:34:09] T6 Ep 9/10 complete: Prec 0.8237 F1 0.8466 DetRec 0.9999 DetFA 0.0001 | 20.19s total (0.00s eval/20.19s train)
[STATE 2026-05-01 16:34:09] Task 6 Epoch 10/10: entering train loop
T6 Ep 10/10 | L 0.5372 | Train Acc 0.83 | Prec 0.83 | F1 0.86 | Det Rec 1.00 | Det FA 0.00 | Epoch Time 20.50s (Eval 0.00s, Train 20.50s)
[STATE 2026-05-01 16:34:29] T6 Ep 10/10 complete: Prec 0.8325 F1 0.8562 DetRec 0.9999 DetFA 0.0001 | 20.50s total (0.00s eval/20.50s train)
[STATE 2026-05-01 16:34:29] Task 6: running final validation.
[STATE 2026-05-01 16:36:03] Completed task 6 (7/10)
Task 7: 188050 training samples, 94025 test samples.
[STATE 2026-05-01 16:36:04] Task 7: zero-shot validation (pre-train)
---- Zero-shot (pre-train) task 7: rec_cls 0.2021 | prec_cls 0.1116 | f1_cls 0.0775 | det 0.5000 | pfa 1.0000 | total_f1 0.4336 ----
[STATE 2026-05-01 16:38:04] Starting task 7 (8/10)
[STATE 2026-05-01 16:38:04] Task 7 Epoch 1/10: entering train loop
[STATE 2026-05-01 16:41:46] Task 7 Epoch 1/10: running validation (end of epoch)
---- Eval at Epoch 0: cls [0.035770910680939974, 0.0952150164188979, 0.36563219198853186, 0.5211007941954582, 0.42703779944576375, 0.7191557079812135, 0.5449210976099709, 0.8164179240019233] | det_recall [0.547671764772316, 0.6486432362533007, 0.8151450153598465, 0.9940680752554821, 0.9997474737168603, 0.8896915869105932, 0.9995839052491539, 0.8653753004201965] | det_fa [0.06100467903832245, 0.16823519097775372, 0.33123118241620847, 0.002717486917851124, 0.0, 0.1724663859166223, 0.0008321895016923107, 0.22747137784378524] ----
T7 Ep 1/10 | L 0.6609 | Train Acc 0.78 | Prec 0.80 | F1 0.76 | Det Rec 0.86 | Det FA 0.21 | Epoch Time 339.71s (Eval 118.29s, Train 221.43s)
[STATE 2026-05-01 16:43:44] T7 Ep 1/10 complete: Prec 0.7990 F1 0.7641 DetRec 0.8615 DetFA 0.2141 | 339.71s total (118.29s eval/221.43s train)
[STATE 2026-05-01 16:43:44] Task 7 Epoch 2/10: entering train loop
T7 Ep 2/10 | L 0.5612 | Train Acc 0.83 | Prec 0.85 | F1 0.81 | Det Rec 0.88 | Det FA 0.19 | Epoch Time 224.80s (Eval 0.00s, Train 224.80s)
[STATE 2026-05-01 16:47:29] T7 Ep 2/10 complete: Prec 0.8467 F1 0.8128 DetRec 0.8768 DetFA 0.1923 | 224.80s total (0.00s eval/224.80s train)
[STATE 2026-05-01 16:47:29] Task 7 Epoch 3/10: entering train loop
T7 Ep 3/10 | L 0.5524 | Train Acc 0.84 | Prec 0.85 | F1 0.82 | Det Rec 0.88 | Det FA 0.19 | Epoch Time 223.30s (Eval 0.00s, Train 223.30s)
[STATE 2026-05-01 16:51:12] T7 Ep 3/10 complete: Prec 0.8534 F1 0.8200 DetRec 0.8792 DetFA 0.1876 | 223.30s total (0.00s eval/223.30s train)
[STATE 2026-05-01 16:51:12] Task 7 Epoch 4/10: entering train loop
T7 Ep 4/10 | L 0.5477 | Train Acc 0.85 | Prec 0.86 | F1 0.82 | Det Rec 0.88 | Det FA 0.19 | Epoch Time 221.80s (Eval 0.00s, Train 221.80s)
[STATE 2026-05-01 16:54:54] T7 Ep 4/10 complete: Prec 0.8577 F1 0.8243 DetRec 0.8801 DetFA 0.1872 | 221.80s total (0.00s eval/221.80s train)
[STATE 2026-05-01 16:54:54] Task 7 Epoch 5/10: entering train loop
T7 Ep 5/10 | L 0.5443 | Train Acc 0.85 | Prec 0.86 | F1 0.83 | Det Rec 0.88 | Det FA 0.18 | Epoch Time 219.36s (Eval 0.00s, Train 219.36s)
[STATE 2026-05-01 16:58:33] T7 Ep 5/10 complete: Prec 0.8610 F1 0.8284 DetRec 0.8828 DetFA 0.1825 | 219.36s total (0.00s eval/219.36s train)
[STATE 2026-05-01 16:58:33] Task 7 Epoch 6/10: entering train loop
T7 Ep 6/10 | L 0.5424 | Train Acc 0.85 | Prec 0.86 | F1 0.83 | Det Rec 0.88 | Det FA 0.18 | Epoch Time 222.26s (Eval 0.00s, Train 222.26s)
[STATE 2026-05-01 17:02:15] T7 Ep 6/10 complete: Prec 0.8634 F1 0.8300 DetRec 0.8820 DetFA 0.1837 | 222.26s total (0.00s eval/222.26s train)
[STATE 2026-05-01 17:02:15] Task 7 Epoch 7/10: entering train loop
T7 Ep 7/10 | L 0.5408 | Train Acc 0.86 | Prec 0.86 | F1 0.83 | Det Rec 0.88 | Det FA 0.18 | Epoch Time 226.17s (Eval 0.00s, Train 226.17s)
[STATE 2026-05-01 17:06:02] T7 Ep 7/10 complete: Prec 0.8644 F1 0.8315 DetRec 0.8832 DetFA 0.1827 | 226.17s total (0.00s eval/226.17s train)
[STATE 2026-05-01 17:06:02] Task 7 Epoch 8/10: entering train loop
T7 Ep 8/10 | L 0.5418 | Train Acc 0.86 | Prec 0.87 | F1 0.83 | Det Rec 0.88 | Det FA 0.18 | Epoch Time 218.53s (Eval 0.00s, Train 218.53s)
[STATE 2026-05-01 17:09:40] T7 Ep 8/10 complete: Prec 0.8658 F1 0.8328 DetRec 0.8831 DetFA 0.1823 | 218.53s total (0.00s eval/218.53s train)
[STATE 2026-05-01 17:09:40] Task 7 Epoch 9/10: entering train loop
T7 Ep 9/10 | L 0.5422 | Train Acc 0.86 | Prec 0.87 | F1 0.84 | Det Rec 0.88 | Det FA 0.18 | Epoch Time 220.12s (Eval 0.00s, Train 220.12s)
[STATE 2026-05-01 17:13:20] T7 Ep 9/10 complete: Prec 0.8687 F1 0.8350 DetRec 0.8840 DetFA 0.1797 | 220.12s total (0.00s eval/220.12s train)
[STATE 2026-05-01 17:13:20] Task 7 Epoch 10/10: entering train loop
T7 Ep 10/10 | L 0.5419 | Train Acc 0.86 | Prec 0.87 | F1 0.84 | Det Rec 0.88 | Det FA 0.18 | Epoch Time 221.25s (Eval 0.00s, Train 221.25s)
[STATE 2026-05-01 17:17:02] T7 Ep 10/10 complete: Prec 0.8688 F1 0.8358 DetRec 0.8840 DetFA 0.1806 | 221.25s total (0.00s eval/221.25s train)
[STATE 2026-05-01 17:17:02] Task 7: running final validation.
[STATE 2026-05-01 17:18:59] Completed task 7 (8/10)
Task 8: 36658 training samples, 12220 test samples.
[STATE 2026-05-01 17:18:59] Task 8: zero-shot validation (pre-train)
---- Zero-shot (pre-train) task 8: rec_cls 0.1677 | prec_cls 0.1873 | f1_cls 0.0244 | det 0.5000 | pfa 1.0000 | total_f1 0.4236 ----
[STATE 2026-05-01 17:21:01] Starting task 8 (9/10)
[STATE 2026-05-01 17:21:01] Task 8 Epoch 1/10: entering train loop
[STATE 2026-05-01 17:21:44] Task 8 Epoch 1/10: running validation (end of epoch)
---- Eval at Epoch 0: cls [0.18188438490006914, 0.172204854216045, 0.22217351783000228, 0.40949553221522234, 0.28563771732833, 0.32794491004089454, 0.4118652581695395, 0.3736236020129733, 0.8419121785999515] | det_recall [0.6457837061159953, 0.6591249658393016, 0.49335717416055686, 0.8659916029624316, 0.46608373829612026, 0.515170204328505, 1.0, 0.47258486041284614, 0.7878765756092899] | det_fa [0.08416442945501461, 0.2950409203928282, 0.8661822822779008, 0.19329735238209214, 0.9650432763096861, 0.9295367629553904, 0.0, 0.7996333285450398, 0.39679133675887157] ----
T8 Ep 1/10 | L 0.8889 | Train Acc 0.74 | Prec 0.75 | F1 0.60 | Det Rec 0.75 | Det FA 0.45 | Epoch Time 165.50s (Eval 122.42s, Train 43.08s)
[STATE 2026-05-01 17:23:47] T8 Ep 1/10 complete: Prec 0.7528 F1 0.5957 DetRec 0.7532 DetFA 0.4466 | 165.50s total (122.42s eval/43.08s train)
[STATE 2026-05-01 17:23:47] Task 8 Epoch 2/10: entering train loop
T8 Ep 2/10 | L 0.6238 | Train Acc 0.85 | Prec 0.85 | F1 0.70 | Det Rec 0.80 | Det FA 0.37 | Epoch Time 43.74s (Eval 0.00s, Train 43.74s)
[STATE 2026-05-01 17:24:31] T8 Ep 2/10 complete: Prec 0.8491 F1 0.6970 DetRec 0.7996 DetFA 0.3687 | 43.74s total (0.00s eval/43.74s train)
[STATE 2026-05-01 17:24:31] Task 8 Epoch 3/10: entering train loop
T8 Ep 3/10 | L 0.5912 | Train Acc 0.87 | Prec 0.87 | F1 0.71 | Det Rec 0.80 | Det FA 0.36 | Epoch Time 43.70s (Eval 0.00s, Train 43.70s)
[STATE 2026-05-01 17:25:14] T8 Ep 3/10 complete: Prec 0.8685 F1 0.7119 DetRec 0.8039 DetFA 0.3599 | 43.70s total (0.00s eval/43.70s train)
[STATE 2026-05-01 17:25:14] Task 8 Epoch 4/10: entering train loop
T8 Ep 4/10 | L 0.5805 | Train Acc 0.88 | Prec 0.88 | F1 0.72 | Det Rec 0.81 | Det FA 0.36 | Epoch Time 43.55s (Eval 0.00s, Train 43.55s)
[STATE 2026-05-01 17:25:58] T8 Ep 4/10 complete: Prec 0.8767 F1 0.7165 DetRec 0.8054 DetFA 0.3577 | 43.55s total (0.00s eval/43.55s train)
[STATE 2026-05-01 17:25:58] Task 8 Epoch 5/10: entering train loop
T8 Ep 5/10 | L 0.5779 | Train Acc 0.88 | Prec 0.88 | F1 0.72 | Det Rec 0.81 | Det FA 0.35 | Epoch Time 44.23s (Eval 0.00s, Train 44.23s)
[STATE 2026-05-01 17:26:42] T8 Ep 5/10 complete: Prec 0.8816 F1 0.7200 DetRec 0.8078 DetFA 0.3542 | 44.23s total (0.00s eval/44.23s train)
[STATE 2026-05-01 17:26:42] Task 8 Epoch 6/10: entering train loop
T8 Ep 6/10 | L 0.5689 | Train Acc 0.89 | Prec 0.89 | F1 0.73 | Det Rec 0.81 | Det FA 0.35 | Epoch Time 43.39s (Eval 0.00s, Train 43.39s)
[STATE 2026-05-01 17:27:25] T8 Ep 6/10 complete: Prec 0.8887 F1 0.7264 DetRec 0.8086 DetFA 0.3530 | 43.39s total (0.00s eval/43.39s train)
[STATE 2026-05-01 17:27:25] Task 8 Epoch 7/10: entering train loop
T8 Ep 7/10 | L 0.5741 | Train Acc 0.89 | Prec 0.89 | F1 0.73 | Det Rec 0.81 | Det FA 0.35 | Epoch Time 43.54s (Eval 0.00s, Train 43.54s)
[STATE 2026-05-01 17:28:09] T8 Ep 7/10 complete: Prec 0.8908 F1 0.7274 DetRec 0.8101 DetFA 0.3500 | 43.54s total (0.00s eval/43.54s train)
[STATE 2026-05-01 17:28:09] Task 8 Epoch 8/10: entering train loop
T8 Ep 8/10 | L 0.5624 | Train Acc 0.90 | Prec 0.90 | F1 0.73 | Det Rec 0.81 | Det FA 0.35 | Epoch Time 42.98s (Eval 0.00s, Train 42.98s)
[STATE 2026-05-01 17:28:52] T8 Ep 8/10 complete: Prec 0.8997 F1 0.7304 DetRec 0.8075 DetFA 0.3543 | 42.98s total (0.00s eval/42.98s train)
[STATE 2026-05-01 17:28:52] Task 8 Epoch 9/10: entering train loop
T8 Ep 9/10 | L 0.5884 | Train Acc 0.90 | Prec 0.90 | F1 0.73 | Det Rec 0.81 | Det FA 0.35 | Epoch Time 43.01s (Eval 0.00s, Train 43.01s)
[STATE 2026-05-01 17:29:35] T8 Ep 9/10 complete: Prec 0.8951 F1 0.7304 DetRec 0.8091 DetFA 0.3498 | 43.01s total (0.00s eval/43.01s train)
[STATE 2026-05-01 17:29:35] Task 8 Epoch 10/10: entering train loop
T8 Ep 10/10 | L 0.5768 | Train Acc 0.90 | Prec 0.90 | F1 0.73 | Det Rec 0.81 | Det FA 0.35 | Epoch Time 45.48s (Eval 0.00s, Train 45.48s)
[STATE 2026-05-01 17:30:20] T8 Ep 10/10 complete: Prec 0.8985 F1 0.7340 DetRec 0.8116 DetFA 0.3477 | 45.48s total (0.00s eval/45.48s train)
[STATE 2026-05-01 17:30:20] Task 8: running final validation.
[STATE 2026-05-01 17:32:24] Completed task 8 (9/10)
Task 9: 17340 training samples, 6800 test samples.
[STATE 2026-05-01 17:32:24] Task 9: zero-shot validation (pre-train)
---- Zero-shot (pre-train) task 9: rec_cls 0.2112 | prec_cls 0.1854 | f1_cls 0.1035 | det 0.4980 | pfa 1.0000 | total_f1 0.3231 ----
[STATE 2026-05-01 17:34:29] Starting task 9 (10/10)
[STATE 2026-05-01 17:34:29] Task 9 Epoch 1/10: entering train loop
[STATE 2026-05-01 17:34:49] Task 9 Epoch 1/10: running validation (end of epoch)
---- Eval at Epoch 0: cls [0.18480679713930528, 0.12282912668742367, 0.24631658645280996, 0.4223395356848615, 0.34438307529241785, 0.334314812181356, 0.41760118995793694, 0.4046163351089227, 0.6241349334101169, 0.5206811758801421] | det_recall [0.7410234837251489, 0.6358805951252553, 0.5335423279892599, 0.9904196934620936, 0.6673485378319177, 0.508208046367465, 1.0, 0.5349316973128683, 0.8170911452505693, 1.0] | det_fa [0.06061809815148791, 0.35953548070088487, 0.8364585720482743, 0.0, 0.6295735591950502, 0.9498646344900178, 0.0, 0.8061709616357716, 0.21154241268636817, 0.0] ----
T9 Ep 1/10 | L 0.9120 | Train Acc 0.48 | Prec 0.48 | F1 0.55 | Det Rec 1.00 | Det FA 0.01 | Epoch Time 145.36s (Eval 125.06s, Train 20.29s)
[STATE 2026-05-01 17:36:55] T9 Ep 1/10 complete: Prec 0.4843 F1 0.5459 DetRec 0.9969 DetFA 0.0060 | 145.36s total (125.06s eval/20.29s train)
[STATE 2026-05-01 17:36:55] Task 9 Epoch 2/10: entering train loop
T9 Ep 2/10 | L 0.7203 | Train Acc 0.59 | Prec 0.60 | F1 0.65 | Det Rec 1.00 | Det FA 0.00 | Epoch Time 19.79s (Eval 0.00s, Train 19.79s)
[STATE 2026-05-01 17:37:14] T9 Ep 2/10 complete: Prec 0.5966 F1 0.6500 DetRec 1.0000 DetFA 0.0000 | 19.79s total (0.00s eval/19.79s train)
[STATE 2026-05-01 17:37:14] Task 9 Epoch 3/10: entering train loop
T9 Ep 3/10 | L 0.6712 | Train Acc 0.63 | Prec 0.64 | F1 0.68 | Det Rec 1.00 | Det FA 0.00 | Epoch Time 20.15s (Eval 0.00s, Train 20.15s)
[STATE 2026-05-01 17:37:34] T9 Ep 3/10 complete: Prec 0.6384 F1 0.6801 DetRec 1.0000 DetFA 0.0000 | 20.15s total (0.00s eval/20.15s train)
[STATE 2026-05-01 17:37:34] Task 9 Epoch 4/10: entering train loop
T9 Ep 4/10 | L 0.6324 | Train Acc 0.65 | Prec 0.66 | F1 0.70 | Det Rec 1.00 | Det FA 0.00 | Epoch Time 20.31s (Eval 0.00s, Train 20.31s)
[STATE 2026-05-01 17:37:55] T9 Ep 4/10 complete: Prec 0.6623 F1 0.6981 DetRec 1.0000 DetFA 0.0000 | 20.31s total (0.00s eval/20.31s train)
[STATE 2026-05-01 17:37:55] Task 9 Epoch 5/10: entering train loop
T9 Ep 5/10 | L 0.6173 | Train Acc 0.67 | Prec 0.68 | F1 0.71 | Det Rec 1.00 | Det FA 0.00 | Epoch Time 20.71s (Eval 0.00s, Train 20.71s)
[STATE 2026-05-01 17:38:15] T9 Ep 5/10 complete: Prec 0.6779 F1 0.7085 DetRec 1.0000 DetFA 0.0000 | 20.71s total (0.00s eval/20.71s train)
[STATE 2026-05-01 17:38:15] Task 9 Epoch 6/10: entering train loop
T9 Ep 6/10 | L 0.5942 | Train Acc 0.69 | Prec 0.70 | F1 0.72 | Det Rec 1.00 | Det FA 0.00 | Epoch Time 20.33s (Eval 0.00s, Train 20.33s)
[STATE 2026-05-01 17:38:36] T9 Ep 6/10 complete: Prec 0.6965 F1 0.7227 DetRec 1.0000 DetFA 0.0000 | 20.33s total (0.00s eval/20.33s train)
[STATE 2026-05-01 17:38:36] Task 9 Epoch 7/10: entering train loop
T9 Ep 7/10 | L 0.6150 | Train Acc 0.69 | Prec 0.69 | F1 0.72 | Det Rec 1.00 | Det FA 0.00 | Epoch Time 19.96s (Eval 0.00s, Train 19.96s)
[STATE 2026-05-01 17:38:56] T9 Ep 7/10 complete: Prec 0.6925 F1 0.7243 DetRec 1.0000 DetFA 0.0000 | 19.96s total (0.00s eval/19.96s train)
[STATE 2026-05-01 17:38:56] Task 9 Epoch 8/10: entering train loop
T9 Ep 8/10 | L 0.5730 | Train Acc 0.71 | Prec 0.71 | F1 0.74 | Det Rec 1.00 | Det FA 0.00 | Epoch Time 20.15s (Eval 0.00s, Train 20.15s)
[STATE 2026-05-01 17:39:16] T9 Ep 8/10 complete: Prec 0.7119 F1 0.7435 DetRec 1.0000 DetFA 0.0000 | 20.15s total (0.00s eval/20.15s train)
[STATE 2026-05-01 17:39:16] Task 9 Epoch 9/10: entering train loop
T9 Ep 9/10 | L 0.5699 | Train Acc 0.72 | Prec 0.72 | F1 0.75 | Det Rec 1.00 | Det FA 0.00 | Epoch Time 21.12s (Eval 0.00s, Train 21.12s)
[STATE 2026-05-01 17:39:37] T9 Ep 9/10 complete: Prec 0.7208 F1 0.7504 DetRec 1.0000 DetFA 0.0000 | 21.12s total (0.00s eval/21.12s train)
[STATE 2026-05-01 17:39:37] Task 9 Epoch 10/10: entering train loop
T9 Ep 10/10 | L 0.5822 | Train Acc 0.72 | Prec 0.72 | F1 0.76 | Det Rec 1.00 | Det FA 0.00 | Epoch Time 20.43s (Eval 0.00s, Train 20.43s)
[STATE 2026-05-01 17:39:57] T9 Ep 10/10 complete: Prec 0.7242 F1 0.7571 DetRec 1.0000 DetFA 0.0000 | 20.43s total (0.00s eval/20.43s train)
[STATE 2026-05-01 17:39:57] Task 9: running final validation.
[STATE 2026-05-01 17:42:02] Completed task 9 (10/10)
####Final Validation Accuracy####
Final Results:- 
 Total Recall: 0.4095712756197075 
 Individual Recall: [0.1341487187361405, 0.14266838438395424, 0.2784645793475612, 0.49190572266871085, 0.5094889341631471, 0.37983489766590356, 0.512037028990018, 0.5153509658801597, 0.5270505573193436, 0.6047629670421368]
Final Detection Results:- 
 Total Detection: 0.8138685215560238 
 Individual Detection: [0.6786158024691047, 0.7209709263591, 0.6540954159912147, 0.9962243053791635, 0.9962976919452433, 0.5498841899337903, 1.0, 0.7356119625956989, 0.8069849208869228, 1.0]
Final Detection False Alarm:- 
 Total False Alarm: 0.22204489244403164 
 Individual False Alarm: [0.0313455865682513, 0.1365842170040814, 0.5899646442327237, 0.0, 0.0, 0.8582092000144521, 0.0, 0.429404268836646, 0.1749410077841619, 0.0]
SUMMARY_TR cls_rec=0.8280 cls_prec=0.8330 cls_f1=0.8060 det=0.7428 fa=0.3854
SUMMARY_TE cls_rec=0.4096 cls_prec=0.4321 cls_f1=0.4315 det=0.8139 fa=0.2220
[STATE 2026-05-01 17:42:02] Saving results to logs//rwalk/full-tasks_CIL_all-2026-05-01_13-52-54-3368/0/results
Model size: 0.0289 GB
Memory buffer size: 0.0000 GB
logs//rwalk/full-tasks_CIL_all-2026-05-01_13-52-54-3368/0/results: {'expt_name': 'full-tasks_CIL_all', 'model': 'rwalk', 'arch': 'resnet1d', 'n_hiddens': 100, 'n_layers': 2, 'xav_init': False, 'debug': False, 'use_detector_arch': False, 'use_groupnorm': False, 'inner_steps': 1, 'n_epochs': 10, 'batch_size': 256, 'replay_batch_size': 128, 'memories': 5120, 'lr': 0.01, 'optimizer': 'sgd', 'prune_perc': 0.75, 'post_prune_epochs': 0, 'class_weighted_ce': True, 'cuda': True, 'amp': True, 'amp_dtype': 'bfloat16', 'cudnn_benchmark': True, 'seed': 0, 'log_every': 10, 'log_dir': 'logs//rwalk/full-tasks_CIL_all-2026-05-01_13-52-54-3368/0', 'tf_dir': 'logs//rwalk/full-tasks_CIL_all-2026-05-01_13-52-54-3368/0/tfdir', 'calc_test_accuracy': False, 'state_logging': True, 'data_path': 'data/rff/radar/full', 'task_order_files': 't2-rcn,t0-rcn,t2-uclresm-25noise,t0-deeprad,t1-deeprad,t1-uclresm-25noise,t3-deeprad,t0-uclresm-25noise,t1-rcn,t2-deeprad', 'loader': 'task_incremental_loader', 'samples_per_task': -1, 'shuffle_tasks': False, 'classes_per_it': 6, 'iterations': 5000, 'dataset': 'iq', 'workers': 0, 'validation': 0.5, 'data_scaling': 'normalize', 'use_iq_aug_features': False, 'iq_aug_feature_type': 'power', 'class_order': 'random', 'increment': 5, 'test_batch_size': 512, 'nc_per_task': None, 'nc_per_task_list': '', 'val_rate': 1000, 'opt_lr': 0.1, 'opt_wt': 0.1, 'alpha_init': 0.001, 'momentum': 0.0, 'learn_lr': False, 'sync_update': False, 'grad_clip_norm': 5.0, 'meta_batches': 3, 'use_old_task_memory': False, 'second_order': False, 'n_memories': 5120, 'memory_strength': 0, 'memory_loss_lambda': 1.0, 'steps_per_sample': 1, 'bgd_optimizer': 'sgd', 'optimizer_params': '{}', 'train_mc_iters': 5, 'std_init': 0.05, 'mean_eta': 1, 'fisher_gamma': 0.95, 'rln': 7, 'meta_lr': 0.001, 'update_lr': 0.1, 'ctx_lr': 0.05, 'n_meta': 1, 'temperature': 5.0, 'task_emb': 64, 'classes_per_task': [6, 7, 6, 7, 7, 6, 6, 6, 7, 6], 'get_samples_per_task': <bound method IncrementalLoader.get_samples_per_task of <dataloaders.task_incremental_loader.IncrementalLoader object at 0x743a155eb6b0>>, 'task_epoch_schedule': {}} # val: 0.776 0.410 -0.366 0.000 # sizes: model_gb=0.0289 mem_gb=0.0000 # 13682.013009548187
[STATE 2026-05-01 17:42:02] results.pt components (approx): state_dict 29.6 MB, result_val_t 0.1 KB, result_val_a 0.8 KB
[STATE 2026-05-01 17:42:02] Results saved; total runtime 3.80h
Total runtime: 3.80 hours
