[STATE 2026-04-04 19:40:23] Enabling terminal logging to logs//si/full-tasks-2_all-10epochs_weighted-loss-2026-04-04_19-40-23-5998/0/terminal.log
New Experiment Starting...
Running model:  si
[STATE 2026-04-04 19:40:23] Experiment 'full-tasks-2_all-10epochs_weighted-loss' starting with model 'si' (seed 0)
Set seed 0
t2-rcn.npz train: x=(50362, 1024), y=(50362, 2)
t2-rcn.npz test: x=(16787, 1024), y=(16787, 2)
t2-rcn.npz: applied data scaling mode 'normalize'.
Loaded t2-rcn.npz: Unique train labels: UniqueCountsResult(values=array([-1,  3,  5, 10, 12, 15]), counts=array([24209,  5770,  3030,  2320,  7509,  7524]))
Noise labels ratio in t2-rcn.npz train: 0.24, test: 0.24
Loaded t2-rcn.npz: Remapped labels: [0 1 2 3 4 5]. Size: 50362)
t0-rcn.npz train: x=(51916, 1024), y=(51916, 2)
t0-rcn.npz test: x=(17305, 1024), y=(17305, 2)
t0-rcn.npz: applied data scaling mode 'normalize'.
Loaded t0-rcn.npz: Unique train labels: UniqueCountsResult(values=array([-1,  1,  8,  9, 11, 13, 14]), counts=array([24225,  4268,  2495,  2943,  3015,  7464,  7506]))
Noise labels ratio in t0-rcn.npz train: 0.23, test: 0.23
Loaded t0-rcn.npz: Remapped labels: [ 6  7  8  9 10 11 12]. Size: 51916)
t2-uclresm-25noise.npz train: moved sample axis (3, 350028, 1024) -> (350028, 3, 1024)
t2-uclresm-25noise.npz test: moved sample axis (3, 233351, 1024) -> (233351, 3, 1024)
t2-uclresm-25noise.npz train: x=(350028, 3, 1024), y=(350028,)
t2-uclresm-25noise.npz test: x=(233351, 3, 1024), y=(233351,)
t2-uclresm-25noise.npz: applied data scaling mode 'normalize'.
Loaded t2-uclresm-25noise.npz: Unique train labels: UniqueCountsResult(values=array([-1,  0,  1,  2,  3,  4]), counts=array([87441, 27347, 71754, 64298, 36005, 63183]))
Noise labels ratio in t2-uclresm-25noise.npz train: 0.25, test: 0.25
Loaded t2-uclresm-25noise.npz: Remapped labels: [13 14 15 16 17 18]. Size: 350028)
t0-deeprad.npz train: x=(24480, 1024), y=(24480, 2)
t0-deeprad.npz test: x=(8160, 1024), y=(8160, 2)
t0-deeprad.npz: applied data scaling mode 'normalize'.
Loaded t0-deeprad.npz: Unique train labels: UniqueCountsResult(values=array([-1,  0,  1,  2,  3,  4,  5]), counts=array([12240,  2029,  1983,  2043,  2154,  2015,  2016]))
Noise labels ratio in t0-deeprad.npz train: 0.25, test: 0.25
Loaded t0-deeprad.npz: Remapped labels: [19 20 21 22 23 24 25]. Size: 24480)
t1-deeprad.npz train: x=(24480, 1024), y=(24480, 2)
t1-deeprad.npz test: x=(8160, 1024), y=(8160, 2)
t1-deeprad.npz: applied data scaling mode 'normalize'.
Loaded t1-deeprad.npz: Unique train labels: UniqueCountsResult(values=array([-1,  0,  1,  2,  3,  4,  5]), counts=array([12240,  1988,  2029,  2054,  1988,  2053,  2128]))
Noise labels ratio in t1-deeprad.npz train: 0.25, test: 0.25
Loaded t1-deeprad.npz: Remapped labels: [26 27 28 29 30 31 32]. Size: 24480)
t1-uclresm-25noise.npz train: moved sample axis (3, 201410, 1024) -> (201410, 3, 1024)
t1-uclresm-25noise.npz test: moved sample axis (3, 116291, 1024) -> (116291, 3, 1024)
t1-uclresm-25noise.npz train: x=(201410, 3, 1024), y=(201410,)
t1-uclresm-25noise.npz test: x=(116291, 3, 1024), y=(116291,)
t1-uclresm-25noise.npz: applied data scaling mode 'normalize'.
Loaded t1-uclresm-25noise.npz: Unique train labels: UniqueCountsResult(values=array([-1,  0,  1,  2,  3,  4]), counts=array([43668, 18021, 17838, 18087, 31870, 71926]))
Noise labels ratio in t1-uclresm-25noise.npz train: 0.22, test: 0.25
Loaded t1-uclresm-25noise.npz: Remapped labels: [33 34 35 36 37 38]. Size: 201410)
t3-deeprad.npz train: x=(17340, 1024), y=(17340, 2)
t3-deeprad.npz test: x=(6800, 1024), y=(6800, 2)
t3-deeprad.npz: applied data scaling mode 'normalize'.
Loaded t3-deeprad.npz: Unique train labels: UniqueCountsResult(values=array([-1,  0,  1,  2,  3,  4]), counts=array([8670, 1693, 1677, 1794, 1716, 1790]))
Noise labels ratio in t3-deeprad.npz train: 0.25, test: 0.25
Loaded t3-deeprad.npz: Remapped labels: [39 40 41 42 43 44]. Size: 17340)
t0-uclresm-25noise.npz train: moved sample axis (3, 188050, 1024) -> (188050, 3, 1024)
t0-uclresm-25noise.npz test: moved sample axis (3, 107348, 1024) -> (107348, 3, 1024)
t0-uclresm-25noise.npz train: x=(188050, 3, 1024), y=(188050,)
t0-uclresm-25noise.npz test: x=(107348, 3, 1024), y=(107348,)
t0-uclresm-25noise.npz: applied data scaling mode 'normalize'.
Loaded t0-uclresm-25noise.npz: Unique train labels: UniqueCountsResult(values=array([-1,  0,  1,  2,  3,  4]), counts=array([40144, 32109, 17978, 17979, 18098, 61742]))
Noise labels ratio in t0-uclresm-25noise.npz train: 0.21, test: 0.25
Loaded t0-uclresm-25noise.npz: Remapped labels: [45 46 47 48 49 50]. Size: 188050)
t1-rcn.npz train: x=(36658, 1024), y=(36658, 2)
t1-rcn.npz test: x=(12220, 1024), y=(12220, 2)
t1-rcn.npz: applied data scaling mode 'normalize'.
Loaded t1-rcn.npz: Unique train labels: UniqueCountsResult(values=array([-1,  0,  2,  4,  6,  7, 16]), counts=array([20595,   824,  2087,  2606,  2396,  1716,  6434]))
Noise labels ratio in t1-rcn.npz train: 0.28, test: 0.28
Loaded t1-rcn.npz: Remapped labels: [51 52 53 54 55 56 57]. Size: 36658)
t2-deeprad.npz train: x=(17340, 1024), y=(17340, 2)
t2-deeprad.npz test: x=(6800, 1024), y=(6800, 2)
t2-deeprad.npz: applied data scaling mode 'normalize'.
Loaded t2-deeprad.npz: Unique train labels: UniqueCountsResult(values=array([-1,  0,  1,  2,  3,  4]), counts=array([8670, 1774, 1675, 1777, 1694, 1750]))
Noise labels ratio in t2-deeprad.npz train: 0.25, test: 0.25
Loaded t2-deeprad.npz: Remapped labels: [58 59 60 61 62 63]. Size: 17340)
Built classes_per_task: [6, 7, 6, 7, 7, 6, 6, 6, 7, 6]
Classes per task: [6, 7, 6, 7, 7, 6, 6, 6, 7, 6]
[STATE 2026-04-04 19:41:25] Loader 'task_incremental_loader' ready: 1024 inputs, 64 outputs, 10 tasks
n_outputs: 64 	n_tasks: 10
[STATE 2026-04-04 19:41:25] Logging to logs//si/full-tasks-2_all-10epochs_weighted-loss-2026-04-04_19-40-23-5998/0
True
Model device: cuda:0
[STATE 2026-04-04 19:41:25] Model initialized on device cuda:0
[STATE 2026-04-04 19:41:25] Invoking continual life experience flow
[STATE 2026-04-04 19:41:25] Life experience start: 10 tasks queued
Task 0: 50362 training samples, 16787 test samples.
[STATE 2026-04-04 19:41:25] Task 0: zero-shot validation (pre-train)
---- Zero-shot (pre-train) task 0: rec_cls 0.1175 | prec_cls 0.1336 | f1_cls 0.0961 | det 0.4550 | pfa 0.7831 | total_f1 0.0961 ----
[STATE 2026-04-04 19:41:31] Starting task 0 (1/10)
[STATE 2026-04-04 19:41:31] Task 0 Epoch 1/10: entering train loop
[STATE 2026-04-04 19:42:33] Task 0 Epoch 1/10: running validation (end of epoch)
---- Eval at Epoch 0: cls [0.8525839219756636] | det_recall [0.8641838174442893] | det_fa [0.26191450230797775] ----
T0 Ep 1/10 | L 0.9618 | Train Acc 0.61 | Prec 0.63 | F1 0.57 | Det Rec 0.81 | Det FA 0.32 | Epoch Time 67.47s (Eval 5.30s, Train 62.17s)
[STATE 2026-04-04 19:42:38] T0 Ep 1/10 complete: Prec 0.6287 F1 0.5692 DetRec 0.8053 DetFA 0.3171 | 67.47s total (5.30s eval/62.17s train)
[STATE 2026-04-04 19:42:38] Task 0 Epoch 2/10: entering train loop
T0 Ep 2/10 | L 0.4112 | Train Acc 0.87 | Prec 0.88 | F1 0.81 | Det Rec 0.88 | Det FA 0.22 | Epoch Time 61.97s (Eval 0.00s, Train 61.97s)
[STATE 2026-04-04 19:43:40] T0 Ep 2/10 complete: Prec 0.8826 F1 0.8134 DetRec 0.8788 DetFA 0.2223 | 61.97s total (0.00s eval/61.97s train)
[STATE 2026-04-04 19:43:40] Task 0 Epoch 3/10: entering train loop
T0 Ep 3/10 | L 0.3477 | Train Acc 0.89 | Prec 0.91 | F1 0.84 | Det Rec 0.88 | Det FA 0.22 | Epoch Time 62.05s (Eval 0.00s, Train 62.05s)
[STATE 2026-04-04 19:44:42] T0 Ep 3/10 complete: Prec 0.9062 F1 0.8351 DetRec 0.8823 DetFA 0.2167 | 62.05s total (0.00s eval/62.05s train)
[STATE 2026-04-04 19:44:42] Task 0 Epoch 4/10: entering train loop
T0 Ep 4/10 | L 0.3209 | Train Acc 0.90 | Prec 0.91 | F1 0.84 | Det Rec 0.89 | Det FA 0.21 | Epoch Time 62.07s (Eval 0.00s, Train 62.07s)
[STATE 2026-04-04 19:45:44] T0 Ep 4/10 complete: Prec 0.9146 F1 0.8447 DetRec 0.8851 DetFA 0.2124 | 62.07s total (0.00s eval/62.07s train)
[STATE 2026-04-04 19:45:44] Task 0 Epoch 5/10: entering train loop
T0 Ep 5/10 | L 0.2984 | Train Acc 0.91 | Prec 0.92 | F1 0.85 | Det Rec 0.89 | Det FA 0.21 | Epoch Time 62.44s (Eval 0.00s, Train 62.44s)
[STATE 2026-04-04 19:46:47] T0 Ep 5/10 complete: Prec 0.9234 F1 0.8523 DetRec 0.8851 DetFA 0.2136 | 62.44s total (0.00s eval/62.44s train)
[STATE 2026-04-04 19:46:47] Task 0 Epoch 6/10: entering train loop
T0 Ep 6/10 | L 0.2834 | Train Acc 0.92 | Prec 0.93 | F1 0.86 | Det Rec 0.89 | Det FA 0.21 | Epoch Time 62.16s (Eval 0.00s, Train 62.16s)
[STATE 2026-04-04 19:47:49] T0 Ep 6/10 complete: Prec 0.9279 F1 0.8567 DetRec 0.8864 DetFA 0.2105 | 62.16s total (0.00s eval/62.16s train)
[STATE 2026-04-04 19:47:49] Task 0 Epoch 7/10: entering train loop
T0 Ep 7/10 | L 0.2704 | Train Acc 0.92 | Prec 0.93 | F1 0.86 | Det Rec 0.89 | Det FA 0.21 | Epoch Time 62.21s (Eval 0.00s, Train 62.21s)
[STATE 2026-04-04 19:48:51] T0 Ep 7/10 complete: Prec 0.9306 F1 0.8596 DetRec 0.8869 DetFA 0.2101 | 62.21s total (0.00s eval/62.21s train)
[STATE 2026-04-04 19:48:51] Task 0 Epoch 8/10: entering train loop
T0 Ep 8/10 | L 0.2622 | Train Acc 0.93 | Prec 0.94 | F1 0.86 | Det Rec 0.89 | Det FA 0.21 | Epoch Time 62.19s (Eval 0.00s, Train 62.19s)
[STATE 2026-04-04 19:49:53] T0 Ep 8/10 complete: Prec 0.9365 F1 0.8642 DetRec 0.8869 DetFA 0.2103 | 62.19s total (0.00s eval/62.19s train)
[STATE 2026-04-04 19:49:53] Task 0 Epoch 9/10: entering train loop
T0 Ep 9/10 | L 0.2540 | Train Acc 0.93 | Prec 0.94 | F1 0.87 | Det Rec 0.89 | Det FA 0.21 | Epoch Time 62.23s (Eval 0.00s, Train 62.23s)
[STATE 2026-04-04 19:50:55] T0 Ep 9/10 complete: Prec 0.9386 F1 0.8680 DetRec 0.8898 DetFA 0.2060 | 62.23s total (0.00s eval/62.23s train)
[STATE 2026-04-04 19:50:55] Task 0 Epoch 10/10: entering train loop
T0 Ep 10/10 | L 0.2454 | Train Acc 0.93 | Prec 0.94 | F1 0.87 | Det Rec 0.89 | Det FA 0.21 | Epoch Time 62.16s (Eval 0.00s, Train 62.16s)
[STATE 2026-04-04 19:51:57] T0 Ep 10/10 complete: Prec 0.9424 F1 0.8702 DetRec 0.8887 DetFA 0.2061 | 62.16s total (0.00s eval/62.16s train)
[STATE 2026-04-04 19:51:57] Task 0: running final validation.
[STATE 2026-04-04 19:52:03] Completed task 0 (1/10)
Task 1: 51916 training samples, 17305 test samples.
[STATE 2026-04-04 19:52:03] Task 1: zero-shot validation (pre-train)
---- Zero-shot (pre-train) task 1: rec_cls 0.2710 | prec_cls 0.2630 | f1_cls 0.1280 | det 0.5001 | pfa 0.9999 | total_f1 0.4852 ----
[STATE 2026-04-04 19:52:14] Starting task 1 (2/10)
[STATE 2026-04-04 19:52:14] Task 1 Epoch 1/10: entering train loop
[STATE 2026-04-04 19:53:17] Task 1 Epoch 1/10: running validation (end of epoch)
---- Eval at Epoch 0: cls [0.8093812602573422, 0.820747952333378] | det_recall [0.8704014234277825, 0.8404945636475231] | det_fa [0.2053624239728345, 0.2800576951012602] ----
T1 Ep 1/10 | L 0.7477 | Train Acc 0.74 | Prec 0.78 | F1 0.64 | Det Rec 0.74 | Det FA 0.48 | Epoch Time 74.72s (Eval 10.77s, Train 63.95s)
[STATE 2026-04-04 19:53:28] T1 Ep 1/10 complete: Prec 0.7817 F1 0.6379 DetRec 0.7385 DetFA 0.4810 | 74.72s total (10.77s eval/63.95s train)
[STATE 2026-04-04 19:53:28] Task 1 Epoch 2/10: entering train loop
T1 Ep 2/10 | L 0.4317 | Train Acc 0.84 | Prec 0.88 | F1 0.79 | Det Rec 0.86 | Det FA 0.23 | Epoch Time 64.39s (Eval 0.00s, Train 64.39s)
[STATE 2026-04-04 19:54:33] T1 Ep 2/10 complete: Prec 0.8791 F1 0.7903 DetRec 0.8627 DetFA 0.2314 | 64.39s total (0.00s eval/64.39s train)
[STATE 2026-04-04 19:54:33] Task 1 Epoch 3/10: entering train loop
T1 Ep 3/10 | L 0.3544 | Train Acc 0.87 | Prec 0.90 | F1 0.82 | Det Rec 0.89 | Det FA 0.19 | Epoch Time 63.98s (Eval 0.00s, Train 63.98s)
[STATE 2026-04-04 19:55:37] T1 Ep 3/10 complete: Prec 0.8982 F1 0.8248 DetRec 0.8862 DetFA 0.1935 | 63.98s total (0.00s eval/63.98s train)
[STATE 2026-04-04 19:55:37] Task 1 Epoch 4/10: entering train loop
T1 Ep 4/10 | L 0.3225 | Train Acc 0.89 | Prec 0.91 | F1 0.84 | Det Rec 0.90 | Det FA 0.18 | Epoch Time 64.04s (Eval 0.00s, Train 64.04s)
[STATE 2026-04-04 19:56:41] T1 Ep 4/10 complete: Prec 0.9118 F1 0.8426 DetRec 0.8952 DetFA 0.1795 | 64.04s total (0.00s eval/64.04s train)
[STATE 2026-04-04 19:56:41] Task 1 Epoch 5/10: entering train loop
T1 Ep 5/10 | L 0.3004 | Train Acc 0.90 | Prec 0.92 | F1 0.85 | Det Rec 0.90 | Det FA 0.17 | Epoch Time 64.14s (Eval 0.00s, Train 64.14s)
[STATE 2026-04-04 19:57:45] T1 Ep 5/10 complete: Prec 0.9182 F1 0.8529 DetRec 0.9010 DetFA 0.1706 | 64.14s total (0.00s eval/64.14s train)
[STATE 2026-04-04 19:57:45] Task 1 Epoch 6/10: entering train loop
T1 Ep 6/10 | L 0.2848 | Train Acc 0.90 | Prec 0.92 | F1 0.86 | Det Rec 0.91 | Det FA 0.16 | Epoch Time 64.21s (Eval 0.00s, Train 64.21s)
[STATE 2026-04-04 19:58:49] T1 Ep 6/10 complete: Prec 0.9229 F1 0.8608 DetRec 0.9055 DetFA 0.1622 | 64.21s total (0.00s eval/64.21s train)
[STATE 2026-04-04 19:58:49] Task 1 Epoch 7/10: entering train loop
T1 Ep 7/10 | L 0.2710 | Train Acc 0.91 | Prec 0.93 | F1 0.87 | Det Rec 0.91 | Det FA 0.16 | Epoch Time 63.95s (Eval 0.00s, Train 63.95s)
[STATE 2026-04-04 19:59:53] T1 Ep 7/10 complete: Prec 0.9267 F1 0.8666 DetRec 0.9088 DetFA 0.1567 | 63.95s total (0.00s eval/63.95s train)
[STATE 2026-04-04 19:59:53] Task 1 Epoch 8/10: entering train loop
T1 Ep 8/10 | L 0.2612 | Train Acc 0.91 | Prec 0.93 | F1 0.87 | Det Rec 0.91 | Det FA 0.15 | Epoch Time 63.91s (Eval 0.00s, Train 63.91s)
[STATE 2026-04-04 20:00:57] T1 Ep 8/10 complete: Prec 0.9316 F1 0.8718 DetRec 0.9099 DetFA 0.1545 | 63.91s total (0.00s eval/63.91s train)
[STATE 2026-04-04 20:00:57] Task 1 Epoch 9/10: entering train loop
T1 Ep 9/10 | L 0.2518 | Train Acc 0.91 | Prec 0.93 | F1 0.87 | Det Rec 0.91 | Det FA 0.15 | Epoch Time 64.20s (Eval 0.00s, Train 64.20s)
[STATE 2026-04-04 20:02:01] T1 Ep 9/10 complete: Prec 0.9337 F1 0.8742 DetRec 0.9111 DetFA 0.1539 | 64.20s total (0.00s eval/64.20s train)
[STATE 2026-04-04 20:02:01] Task 1 Epoch 10/10: entering train loop
T1 Ep 10/10 | L 0.2446 | Train Acc 0.92 | Prec 0.94 | F1 0.88 | Det Rec 0.91 | Det FA 0.15 | Epoch Time 64.14s (Eval 0.00s, Train 64.14s)
[STATE 2026-04-04 20:03:05] T1 Ep 10/10 complete: Prec 0.9378 F1 0.8789 DetRec 0.9123 DetFA 0.1517 | 64.14s total (0.00s eval/64.14s train)
[STATE 2026-04-04 20:03:05] Task 1: running final validation.
[STATE 2026-04-04 20:03:16] Completed task 1 (2/10)
Task 2: 350028 training samples, 175014 test samples.
[STATE 2026-04-04 20:03:17] Task 2: zero-shot validation (pre-train)
---- Zero-shot (pre-train) task 2: rec_cls 0.0094 | prec_cls 0.2046 | f1_cls 0.0819 | det 0.5111 | pfa 0.0225 | total_f1 0.5115 ----
[STATE 2026-04-04 20:04:22] Starting task 2 (3/10)
[STATE 2026-04-04 20:04:22] Task 2 Epoch 1/10: entering train loop
[STATE 2026-04-04 20:11:39] Task 2 Epoch 1/10: running validation (end of epoch)
---- Eval at Epoch 0: cls [0.24395014678517898, 0.44243196233711257, 0.6647017972190095] | det_recall [0.5405911811789615, 0.7292595550737532, 0.8324679735495929] | det_fa [0.4278888981602207, 0.2323876888222422, 0.2559317271105754] ----
T2 Ep 1/10 | L 1.0819 | Train Acc 0.54 | Prec 0.56 | F1 0.54 | Det Rec 0.81 | Det FA 0.32 | Epoch Time 501.89s (Eval 65.22s, Train 436.67s)
[STATE 2026-04-04 20:12:44] T2 Ep 1/10 complete: Prec 0.5567 F1 0.5413 DetRec 0.8086 DetFA 0.3247 | 501.89s total (65.22s eval/436.67s train)
[STATE 2026-04-04 20:12:44] Task 2 Epoch 2/10: entering train loop
T2 Ep 2/10 | L 0.7682 | Train Acc 0.70 | Prec 0.72 | F1 0.69 | Det Rec 0.84 | Det FA 0.26 | Epoch Time 436.58s (Eval 0.00s, Train 436.58s)
[STATE 2026-04-04 20:20:00] T2 Ep 2/10 complete: Prec 0.7241 F1 0.6873 DetRec 0.8421 DetFA 0.2596 | 436.58s total (0.00s eval/436.58s train)
[STATE 2026-04-04 20:20:00] Task 2 Epoch 3/10: entering train loop
T2 Ep 3/10 | L 0.7136 | Train Acc 0.72 | Prec 0.75 | F1 0.71 | Det Rec 0.85 | Det FA 0.24 | Epoch Time 436.39s (Eval 0.00s, Train 436.39s)
[STATE 2026-04-04 20:27:17] T2 Ep 3/10 complete: Prec 0.7459 F1 0.7113 DetRec 0.8536 DetFA 0.2403 | 436.39s total (0.00s eval/436.39s train)
[STATE 2026-04-04 20:27:17] Task 2 Epoch 4/10: entering train loop
T2 Ep 4/10 | L 0.6797 | Train Acc 0.74 | Prec 0.76 | F1 0.72 | Det Rec 0.86 | Det FA 0.23 | Epoch Time 436.53s (Eval 0.00s, Train 436.53s)
[STATE 2026-04-04 20:34:33] T2 Ep 4/10 complete: Prec 0.7587 F1 0.7246 DetRec 0.8587 DetFA 0.2320 | 436.53s total (0.00s eval/436.53s train)
[STATE 2026-04-04 20:34:33] Task 2 Epoch 5/10: entering train loop
T2 Ep 5/10 | L 0.6547 | Train Acc 0.75 | Prec 0.77 | F1 0.74 | Det Rec 0.86 | Det FA 0.22 | Epoch Time 436.75s (Eval 0.00s, Train 436.75s)
[STATE 2026-04-04 20:41:50] T2 Ep 5/10 complete: Prec 0.7696 F1 0.7363 DetRec 0.8643 DetFA 0.2213 | 436.75s total (0.00s eval/436.75s train)
[STATE 2026-04-04 20:41:50] Task 2 Epoch 6/10: entering train loop
T2 Ep 6/10 | L 0.6353 | Train Acc 0.76 | Prec 0.78 | F1 0.74 | Det Rec 0.87 | Det FA 0.22 | Epoch Time 436.64s (Eval 0.00s, Train 436.64s)
[STATE 2026-04-04 20:49:07] T2 Ep 6/10 complete: Prec 0.7779 F1 0.7450 DetRec 0.8677 DetFA 0.2164 | 436.64s total (0.00s eval/436.64s train)
[STATE 2026-04-04 20:49:07] Task 2 Epoch 7/10: entering train loop
T2 Ep 7/10 | L 0.6171 | Train Acc 0.77 | Prec 0.79 | F1 0.75 | Det Rec 0.87 | Det FA 0.21 | Epoch Time 436.07s (Eval 0.00s, Train 436.07s)
[STATE 2026-04-04 20:56:23] T2 Ep 7/10 complete: Prec 0.7860 F1 0.7534 DetRec 0.8704 DetFA 0.2127 | 436.07s total (0.00s eval/436.07s train)
[STATE 2026-04-04 20:56:23] Task 2 Epoch 8/10: entering train loop
T2 Ep 8/10 | L 0.6031 | Train Acc 0.77 | Prec 0.79 | F1 0.76 | Det Rec 0.87 | Det FA 0.21 | Epoch Time 436.18s (Eval 0.00s, Train 436.18s)
[STATE 2026-04-04 21:03:39] T2 Ep 8/10 complete: Prec 0.7914 F1 0.7593 DetRec 0.8732 DetFA 0.2073 | 436.18s total (0.00s eval/436.18s train)
[STATE 2026-04-04 21:03:39] Task 2 Epoch 9/10: entering train loop
T2 Ep 9/10 | L 0.5903 | Train Acc 0.78 | Prec 0.80 | F1 0.76 | Det Rec 0.88 | Det FA 0.20 | Epoch Time 435.84s (Eval 0.00s, Train 435.84s)
[STATE 2026-04-04 21:10:55] T2 Ep 9/10 complete: Prec 0.7969 F1 0.7647 DetRec 0.8755 DetFA 0.2028 | 435.84s total (0.00s eval/435.84s train)
[STATE 2026-04-04 21:10:55] Task 2 Epoch 10/10: entering train loop
T2 Ep 10/10 | L 0.5779 | Train Acc 0.79 | Prec 0.80 | F1 0.77 | Det Rec 0.88 | Det FA 0.20 | Epoch Time 435.84s (Eval 0.00s, Train 435.84s)
[STATE 2026-04-04 21:18:11] T2 Ep 10/10 complete: Prec 0.8017 F1 0.7699 DetRec 0.8776 DetFA 0.2003 | 435.84s total (0.00s eval/435.84s train)
[STATE 2026-04-04 21:18:11] Task 2: running final validation.
[STATE 2026-04-04 21:19:16] Completed task 2 (3/10)
Task 3: 24480 training samples, 8160 test samples.
[STATE 2026-04-04 21:19:16] Task 3: zero-shot validation (pre-train)
---- Zero-shot (pre-train) task 3: rec_cls 0.1268 | prec_cls 0.1826 | f1_cls 0.2212 | det 0.7478 | pfa 0.0000 | total_f1 0.3779 ----
[STATE 2026-04-04 21:20:24] Starting task 3 (4/10)
[STATE 2026-04-04 21:20:24] Task 3 Epoch 1/10: entering train loop
[STATE 2026-04-04 21:20:54] Task 3 Epoch 1/10: running validation (end of epoch)
---- Eval at Epoch 0: cls [0.15121556280107606, 0.1475546740491285, 0.6065100635909954, 0.6164184726982767] | det_recall [0.49593901846926364, 0.6670187070846808, 0.8287135065079941, 0.9988854201922819] | det_fa [0.5195597461931446, 0.3227666659326369, 0.3146649790398865, 0.0019801556313725245] ----
T3 Ep 1/10 | L 0.8838 | Train Acc 0.58 | Prec 0.59 | F1 0.63 | Det Rec 0.99 | Det FA 0.00 | Epoch Time 97.54s (Eval 67.41s, Train 30.13s)
[STATE 2026-04-04 21:22:01] T3 Ep 1/10 complete: Prec 0.5853 F1 0.6268 DetRec 0.9943 DetFA 0.0036 | 97.54s total (67.41s eval/30.13s train)
[STATE 2026-04-04 21:22:01] Task 3 Epoch 2/10: entering train loop
T3 Ep 2/10 | L 0.7431 | Train Acc 0.62 | Prec 0.64 | F1 0.67 | Det Rec 1.00 | Det FA 0.00 | Epoch Time 30.48s (Eval 0.00s, Train 30.48s)
[STATE 2026-04-04 21:22:32] T3 Ep 2/10 complete: Prec 0.6357 F1 0.6717 DetRec 0.9985 DetFA 0.0017 | 30.48s total (0.00s eval/30.48s train)
[STATE 2026-04-04 21:22:32] Task 3 Epoch 3/10: entering train loop
T3 Ep 3/10 | L 0.7156 | Train Acc 0.64 | Prec 0.65 | F1 0.68 | Det Rec 1.00 | Det FA 0.00 | Epoch Time 30.07s (Eval 0.00s, Train 30.07s)
[STATE 2026-04-04 21:23:02] T3 Ep 3/10 complete: Prec 0.6457 F1 0.6828 DetRec 0.9991 DetFA 0.0010 | 30.07s total (0.00s eval/30.07s train)
[STATE 2026-04-04 21:23:02] Task 3 Epoch 4/10: entering train loop
T3 Ep 4/10 | L 0.7000 | Train Acc 0.65 | Prec 0.66 | F1 0.69 | Det Rec 1.00 | Det FA 0.00 | Epoch Time 30.03s (Eval 0.00s, Train 30.03s)
[STATE 2026-04-04 21:23:32] T3 Ep 4/10 complete: Prec 0.6585 F1 0.6932 DetRec 0.9992 DetFA 0.0009 | 30.03s total (0.00s eval/30.03s train)
[STATE 2026-04-04 21:23:32] Task 3 Epoch 5/10: entering train loop
T3 Ep 5/10 | L 0.6830 | Train Acc 0.66 | Prec 0.67 | F1 0.70 | Det Rec 1.00 | Det FA 0.00 | Epoch Time 30.10s (Eval 0.00s, Train 30.10s)
[STATE 2026-04-04 21:24:02] T3 Ep 5/10 complete: Prec 0.6689 F1 0.7024 DetRec 0.9997 DetFA 0.0004 | 30.10s total (0.00s eval/30.10s train)
[STATE 2026-04-04 21:24:02] Task 3 Epoch 6/10: entering train loop
T3 Ep 6/10 | L 0.6689 | Train Acc 0.67 | Prec 0.68 | F1 0.71 | Det Rec 1.00 | Det FA 0.00 | Epoch Time 30.45s (Eval 0.00s, Train 30.45s)
[STATE 2026-04-04 21:24:32] T3 Ep 6/10 complete: Prec 0.6770 F1 0.7091 DetRec 0.9997 DetFA 0.0005 | 30.45s total (0.00s eval/30.45s train)
[STATE 2026-04-04 21:24:32] Task 3 Epoch 7/10: entering train loop
T3 Ep 7/10 | L 0.6550 | Train Acc 0.68 | Prec 0.69 | F1 0.72 | Det Rec 1.00 | Det FA 0.00 | Epoch Time 29.98s (Eval 0.00s, Train 29.98s)
[STATE 2026-04-04 21:25:02] T3 Ep 7/10 complete: Prec 0.6908 F1 0.7217 DetRec 0.9998 DetFA 0.0002 | 29.98s total (0.00s eval/29.98s train)
[STATE 2026-04-04 21:25:02] Task 3 Epoch 8/10: entering train loop
T3 Ep 8/10 | L 0.6391 | Train Acc 0.69 | Prec 0.70 | F1 0.73 | Det Rec 1.00 | Det FA 0.00 | Epoch Time 29.94s (Eval 0.00s, Train 29.94s)
[STATE 2026-04-04 21:25:32] T3 Ep 8/10 complete: Prec 0.7013 F1 0.7307 DetRec 0.9997 DetFA 0.0005 | 29.94s total (0.00s eval/29.94s train)
[STATE 2026-04-04 21:25:32] Task 3 Epoch 9/10: entering train loop
T3 Ep 9/10 | L 0.6242 | Train Acc 0.70 | Prec 0.71 | F1 0.74 | Det Rec 1.00 | Det FA 0.00 | Epoch Time 30.49s (Eval 0.00s, Train 30.49s)
[STATE 2026-04-04 21:26:03] T3 Ep 9/10 complete: Prec 0.7077 F1 0.7380 DetRec 0.9998 DetFA 0.0002 | 30.49s total (0.00s eval/30.49s train)
[STATE 2026-04-04 21:26:03] Task 3 Epoch 10/10: entering train loop
T3 Ep 10/10 | L 0.6113 | Train Acc 0.70 | Prec 0.71 | F1 0.74 | Det Rec 1.00 | Det FA 0.00 | Epoch Time 30.16s (Eval 0.00s, Train 30.16s)
[STATE 2026-04-04 21:26:33] T3 Ep 10/10 complete: Prec 0.7126 F1 0.7419 DetRec 0.9999 DetFA 0.0002 | 30.16s total (0.00s eval/30.16s train)
[STATE 2026-04-04 21:26:33] Task 3: running final validation.
[STATE 2026-04-04 21:27:40] Completed task 3 (4/10)
Task 4: 24480 training samples, 8160 test samples.
[STATE 2026-04-04 21:27:41] Task 4: zero-shot validation (pre-train)
---- Zero-shot (pre-train) task 4: rec_cls 0.2117 | prec_cls 0.1551 | f1_cls 0.0814 | det 0.4833 | pfa 1.0000 | total_f1 0.3619 ----
[STATE 2026-04-04 21:28:51] Starting task 4 (5/10)
[STATE 2026-04-04 21:28:51] Task 4 Epoch 1/10: entering train loop
[STATE 2026-04-04 21:29:21] Task 4 Epoch 1/10: running validation (end of epoch)
---- Eval at Epoch 0: cls [0.17734652010865917, 0.21809392812851333, 0.5183791442772323, 0.5585221104116812, 0.5363476820264002] | det_recall [0.39846936769650854, 0.641485854439991, 0.802431170563499, 0.999510500756807, 1.0] | det_fa [0.6176736901219457, 0.34319114180471716, 0.35942741991851074, 0.00023674242424242425, 0.0] ----
T4 Ep 1/10 | L 0.9602 | Train Acc 0.48 | Prec 0.48 | F1 0.53 | Det Rec 0.99 | Det FA 0.01 | Epoch Time 100.16s (Eval 69.99s, Train 30.16s)
[STATE 2026-04-04 21:30:31] T4 Ep 1/10 complete: Prec 0.4780 F1 0.5268 DetRec 0.9943 DetFA 0.0111 | 100.16s total (69.99s eval/30.16s train)
[STATE 2026-04-04 21:30:31] Task 4 Epoch 2/10: entering train loop
T4 Ep 2/10 | L 0.7895 | Train Acc 0.56 | Prec 0.57 | F1 0.62 | Det Rec 1.00 | Det FA 0.00 | Epoch Time 30.09s (Eval 0.00s, Train 30.09s)
[STATE 2026-04-04 21:31:01] T4 Ep 2/10 complete: Prec 0.5716 F1 0.6154 DetRec 1.0000 DetFA 0.0000 | 30.09s total (0.00s eval/30.09s train)
[STATE 2026-04-04 21:31:01] Task 4 Epoch 3/10: entering train loop
T4 Ep 3/10 | L 0.7369 | Train Acc 0.60 | Prec 0.61 | F1 0.65 | Det Rec 1.00 | Det FA 0.00 | Epoch Time 30.45s (Eval 0.00s, Train 30.45s)
[STATE 2026-04-04 21:31:32] T4 Ep 3/10 complete: Prec 0.6099 F1 0.6501 DetRec 1.0000 DetFA 0.0000 | 30.45s total (0.00s eval/30.45s train)
[STATE 2026-04-04 21:31:32] Task 4 Epoch 4/10: entering train loop
T4 Ep 4/10 | L 0.6933 | Train Acc 0.64 | Prec 0.65 | F1 0.68 | Det Rec 1.00 | Det FA 0.00 | Epoch Time 29.99s (Eval 0.00s, Train 29.99s)
[STATE 2026-04-04 21:32:02] T4 Ep 4/10 complete: Prec 0.6496 F1 0.6794 DetRec 1.0000 DetFA 0.0000 | 29.99s total (0.00s eval/29.99s train)
[STATE 2026-04-04 21:32:02] Task 4 Epoch 5/10: entering train loop
T4 Ep 5/10 | L 0.6633 | Train Acc 0.66 | Prec 0.67 | F1 0.70 | Det Rec 1.00 | Det FA 0.00 | Epoch Time 30.09s (Eval 0.00s, Train 30.09s)
[STATE 2026-04-04 21:32:32] T4 Ep 5/10 complete: Prec 0.6722 F1 0.7015 DetRec 1.0000 DetFA 0.0000 | 30.09s total (0.00s eval/30.09s train)
[STATE 2026-04-04 21:32:32] Task 4 Epoch 6/10: entering train loop
T4 Ep 6/10 | L 0.6194 | Train Acc 0.69 | Prec 0.69 | F1 0.72 | Det Rec 1.00 | Det FA 0.00 | Epoch Time 30.25s (Eval 0.00s, Train 30.25s)
[STATE 2026-04-04 21:33:02] T4 Ep 6/10 complete: Prec 0.6930 F1 0.7221 DetRec 1.0000 DetFA 0.0000 | 30.25s total (0.00s eval/30.25s train)
[STATE 2026-04-04 21:33:02] Task 4 Epoch 7/10: entering train loop
T4 Ep 7/10 | L 0.5958 | Train Acc 0.71 | Prec 0.72 | F1 0.75 | Det Rec 1.00 | Det FA 0.00 | Epoch Time 30.02s (Eval 0.00s, Train 30.02s)
[STATE 2026-04-04 21:33:32] T4 Ep 7/10 complete: Prec 0.7239 F1 0.7467 DetRec 1.0000 DetFA 0.0000 | 30.02s total (0.00s eval/30.02s train)
[STATE 2026-04-04 21:33:32] Task 4 Epoch 8/10: entering train loop
T4 Ep 8/10 | L 0.5798 | Train Acc 0.73 | Prec 0.73 | F1 0.76 | Det Rec 1.00 | Det FA 0.00 | Epoch Time 30.56s (Eval 0.00s, Train 30.56s)
[STATE 2026-04-04 21:34:03] T4 Ep 8/10 complete: Prec 0.7329 F1 0.7569 DetRec 1.0000 DetFA 0.0000 | 30.56s total (0.00s eval/30.56s train)
[STATE 2026-04-04 21:34:03] Task 4 Epoch 9/10: entering train loop
T4 Ep 9/10 | L 0.5677 | Train Acc 0.73 | Prec 0.74 | F1 0.76 | Det Rec 1.00 | Det FA 0.00 | Epoch Time 30.00s (Eval 0.00s, Train 30.00s)
[STATE 2026-04-04 21:34:33] T4 Ep 9/10 complete: Prec 0.7429 F1 0.7644 DetRec 1.0000 DetFA 0.0000 | 30.00s total (0.00s eval/30.00s train)
[STATE 2026-04-04 21:34:33] Task 4 Epoch 10/10: entering train loop
T4 Ep 10/10 | L 0.5442 | Train Acc 0.75 | Prec 0.76 | F1 0.78 | Det Rec 1.00 | Det FA 0.00 | Epoch Time 29.98s (Eval 0.00s, Train 29.98s)
[STATE 2026-04-04 21:35:02] T4 Ep 10/10 complete: Prec 0.7578 F1 0.7791 DetRec 1.0000 DetFA 0.0000 | 29.98s total (0.00s eval/29.98s train)
[STATE 2026-04-04 21:35:02] Task 4: running final validation.
[STATE 2026-04-04 21:36:13] Completed task 4 (5/10)
Task 5: 201410 training samples, 100705 test samples.
[STATE 2026-04-04 21:36:13] Task 5: zero-shot validation (pre-train)
---- Zero-shot (pre-train) task 5: rec_cls 0.2109 | prec_cls 0.1943 | f1_cls 0.0918 | det 0.5000 | pfa 0.9998 | total_f1 0.3909 ----
[STATE 2026-04-04 21:37:55] Starting task 5 (6/10)
[STATE 2026-04-04 21:37:55] Task 5 Epoch 1/10: entering train loop
[STATE 2026-04-04 21:42:05] Task 5 Epoch 1/10: running validation (end of epoch)
---- Eval at Epoch 0: cls [0.12497496802304914, 0.09654426681867834, 0.42544116138453136, 0.5130567811456339, 0.46184769508278717, 0.7840435944987597] | det_recall [0.5283038041963387, 0.6297196528217646, 0.8118948431860727, 0.9986635450329924, 1.0, 0.8816561405180023] | det_fa [0.39616981094232745, 0.18424291793774036, 0.3606864348446198, 0.0, 0.0, 0.19696901820117912] ----
T5 Ep 1/10 | L 0.7232 | Train Acc 0.72 | Prec 0.73 | F1 0.71 | Det Rec 0.87 | Det FA 0.20 | Epoch Time 352.29s (Eval 101.69s, Train 250.61s)
[STATE 2026-04-04 21:43:47] T5 Ep 1/10 complete: Prec 0.7267 F1 0.7062 DetRec 0.8702 DetFA 0.2017 | 352.29s total (101.69s eval/250.61s train)
[STATE 2026-04-04 21:43:47] Task 5 Epoch 2/10: entering train loop
T5 Ep 2/10 | L 0.5435 | Train Acc 0.81 | Prec 0.81 | F1 0.79 | Det Rec 0.89 | Det FA 0.17 | Epoch Time 251.32s (Eval 0.00s, Train 251.32s)
[STATE 2026-04-04 21:47:58] T5 Ep 2/10 complete: Prec 0.8092 F1 0.7850 DetRec 0.8903 DetFA 0.1741 | 251.32s total (0.00s eval/251.32s train)
[STATE 2026-04-04 21:47:58] Task 5 Epoch 3/10: entering train loop
T5 Ep 3/10 | L 0.5075 | Train Acc 0.82 | Prec 0.82 | F1 0.80 | Det Rec 0.90 | Det FA 0.17 | Epoch Time 250.73s (Eval 0.00s, Train 250.73s)
[STATE 2026-04-04 21:52:09] T5 Ep 3/10 complete: Prec 0.8241 F1 0.8013 DetRec 0.8960 DetFA 0.1667 | 250.73s total (0.00s eval/250.73s train)
[STATE 2026-04-04 21:52:09] Task 5 Epoch 4/10: entering train loop
T5 Ep 4/10 | L 0.4872 | Train Acc 0.84 | Prec 0.84 | F1 0.81 | Det Rec 0.90 | Det FA 0.16 | Epoch Time 251.04s (Eval 0.00s, Train 251.04s)
[STATE 2026-04-04 21:56:20] T5 Ep 4/10 complete: Prec 0.8358 F1 0.8124 DetRec 0.8981 DetFA 0.1645 | 251.04s total (0.00s eval/251.04s train)
[STATE 2026-04-04 21:56:20] Task 5 Epoch 5/10: entering train loop
T5 Ep 5/10 | L 0.4739 | Train Acc 0.84 | Prec 0.84 | F1 0.82 | Det Rec 0.90 | Det FA 0.16 | Epoch Time 250.97s (Eval 0.00s, Train 250.97s)
[STATE 2026-04-04 22:00:31] T5 Ep 5/10 complete: Prec 0.8401 F1 0.8175 DetRec 0.9005 DetFA 0.1614 | 250.97s total (0.00s eval/250.97s train)
[STATE 2026-04-04 22:00:31] Task 5 Epoch 6/10: entering train loop
T5 Ep 6/10 | L 0.4596 | Train Acc 0.85 | Prec 0.85 | F1 0.82 | Det Rec 0.90 | Det FA 0.16 | Epoch Time 250.68s (Eval 0.00s, Train 250.68s)
[STATE 2026-04-04 22:04:42] T5 Ep 6/10 complete: Prec 0.8471 F1 0.8239 DetRec 0.9012 DetFA 0.1612 | 250.68s total (0.00s eval/250.68s train)
[STATE 2026-04-04 22:04:42] Task 5 Epoch 7/10: entering train loop
T5 Ep 7/10 | L 0.4510 | Train Acc 0.86 | Prec 0.85 | F1 0.83 | Det Rec 0.90 | Det FA 0.16 | Epoch Time 251.05s (Eval 0.00s, Train 251.05s)
[STATE 2026-04-04 22:08:53] T5 Ep 7/10 complete: Prec 0.8524 F1 0.8300 DetRec 0.9037 DetFA 0.1576 | 251.05s total (0.00s eval/251.05s train)
[STATE 2026-04-04 22:08:53] Task 5 Epoch 8/10: entering train loop
T5 Ep 8/10 | L 0.4423 | Train Acc 0.86 | Prec 0.86 | F1 0.83 | Det Rec 0.91 | Det FA 0.16 | Epoch Time 250.75s (Eval 0.00s, Train 250.75s)
[STATE 2026-04-04 22:13:04] T5 Ep 8/10 complete: Prec 0.8560 F1 0.8343 DetRec 0.9056 DetFA 0.1552 | 250.75s total (0.00s eval/250.75s train)
[STATE 2026-04-04 22:13:04] Task 5 Epoch 9/10: entering train loop
T5 Ep 9/10 | L 0.4346 | Train Acc 0.87 | Prec 0.86 | F1 0.84 | Det Rec 0.91 | Det FA 0.16 | Epoch Time 251.31s (Eval 0.00s, Train 251.31s)
[STATE 2026-04-04 22:17:15] T5 Ep 9/10 complete: Prec 0.8618 F1 0.8387 DetRec 0.9053 DetFA 0.1560 | 251.31s total (0.00s eval/251.31s train)
[STATE 2026-04-04 22:17:15] Task 5 Epoch 10/10: entering train loop
T5 Ep 10/10 | L 0.4294 | Train Acc 0.87 | Prec 0.87 | F1 0.84 | Det Rec 0.91 | Det FA 0.15 | Epoch Time 250.87s (Eval 0.00s, Train 250.87s)
[STATE 2026-04-04 22:21:26] T5 Ep 10/10 complete: Prec 0.8658 F1 0.8435 DetRec 0.9080 DetFA 0.1517 | 250.87s total (0.00s eval/250.87s train)
[STATE 2026-04-04 22:21:26] Task 5: running final validation.
[STATE 2026-04-04 22:23:08] Completed task 5 (6/10)
Task 6: 17340 training samples, 6800 test samples.
[STATE 2026-04-04 22:23:08] Task 6: zero-shot validation (pre-train)
---- Zero-shot (pre-train) task 6: rec_cls 0.1705 | prec_cls 0.1259 | f1_cls 0.0439 | det 0.4321 | pfa 1.0000 | total_f1 0.3493 ----
[STATE 2026-04-04 22:24:51] Starting task 6 (7/10)
[STATE 2026-04-04 22:24:51] Task 6 Epoch 1/10: entering train loop
[STATE 2026-04-04 22:25:12] Task 6 Epoch 1/10: running validation (end of epoch)
---- Eval at Epoch 0: cls [0.13236511254447775, 0.09032825580618675, 0.3154710757530964, 0.4502436129623115, 0.38299210271146555, 0.7114293962703033, 0.5882994361569168] | det_recall [0.6299868010637502, 0.5842471326099296, 0.7701420547988468, 0.9932268697905577, 1.0, 0.8707620725526829, 1.0] | det_fa [0.24120875843785214, 0.242127833343118, 0.4480349016548903, 0.0, 0.0, 0.23577169340334272, 0.0] ----
T6 Ep 1/10 | L 0.9266 | Train Acc 0.53 | Prec 0.53 | F1 0.59 | Det Rec 0.99 | Det FA 0.01 | Epoch Time 124.79s (Eval 103.44s, Train 21.35s)
[STATE 2026-04-04 22:26:56] T6 Ep 1/10 complete: Prec 0.5336 F1 0.5884 DetRec 0.9910 DetFA 0.0145 | 124.79s total (103.44s eval/21.35s train)
[STATE 2026-04-04 22:26:56] Task 6 Epoch 2/10: entering train loop
T6 Ep 2/10 | L 0.7545 | Train Acc 0.61 | Prec 0.61 | F1 0.67 | Det Rec 1.00 | Det FA 0.00 | Epoch Time 21.46s (Eval 0.00s, Train 21.46s)
[STATE 2026-04-04 22:27:17] T6 Ep 2/10 complete: Prec 0.6117 F1 0.6679 DetRec 0.9999 DetFA 0.0001 | 21.46s total (0.00s eval/21.46s train)
[STATE 2026-04-04 22:27:17] Task 6 Epoch 3/10: entering train loop
T6 Ep 3/10 | L 0.7174 | Train Acc 0.64 | Prec 0.65 | F1 0.70 | Det Rec 1.00 | Det FA 0.00 | Epoch Time 21.05s (Eval 0.00s, Train 21.05s)
[STATE 2026-04-04 22:27:38] T6 Ep 3/10 complete: Prec 0.6461 F1 0.6959 DetRec 1.0000 DetFA 0.0000 | 21.05s total (0.00s eval/21.05s train)
[STATE 2026-04-04 22:27:38] Task 6 Epoch 4/10: entering train loop
T6 Ep 4/10 | L 0.6840 | Train Acc 0.67 | Prec 0.67 | F1 0.72 | Det Rec 1.00 | Det FA 0.00 | Epoch Time 21.39s (Eval 0.00s, Train 21.39s)
[STATE 2026-04-04 22:28:00] T6 Ep 4/10 complete: Prec 0.6729 F1 0.7175 DetRec 1.0000 DetFA 0.0000 | 21.39s total (0.00s eval/21.39s train)
[STATE 2026-04-04 22:28:00] Task 6 Epoch 5/10: entering train loop
T6 Ep 5/10 | L 0.6578 | Train Acc 0.69 | Prec 0.69 | F1 0.74 | Det Rec 1.00 | Det FA 0.00 | Epoch Time 21.41s (Eval 0.00s, Train 21.41s)
[STATE 2026-04-04 22:28:21] T6 Ep 5/10 complete: Prec 0.6918 F1 0.7351 DetRec 0.9999 DetFA 0.0001 | 21.41s total (0.00s eval/21.41s train)
[STATE 2026-04-04 22:28:21] Task 6 Epoch 6/10: entering train loop
T6 Ep 6/10 | L 0.6297 | Train Acc 0.71 | Prec 0.71 | F1 0.75 | Det Rec 1.00 | Det FA 0.00 | Epoch Time 21.52s (Eval 0.00s, Train 21.52s)
[STATE 2026-04-04 22:28:43] T6 Ep 6/10 complete: Prec 0.7149 F1 0.7538 DetRec 1.0000 DetFA 0.0000 | 21.52s total (0.00s eval/21.52s train)
[STATE 2026-04-04 22:28:43] Task 6 Epoch 7/10: entering train loop
T6 Ep 7/10 | L 0.5946 | Train Acc 0.72 | Prec 0.72 | F1 0.76 | Det Rec 1.00 | Det FA 0.00 | Epoch Time 20.99s (Eval 0.00s, Train 20.99s)
[STATE 2026-04-04 22:29:04] T6 Ep 7/10 complete: Prec 0.7234 F1 0.7613 DetRec 0.9999 DetFA 0.0001 | 20.99s total (0.00s eval/20.99s train)
[STATE 2026-04-04 22:29:04] Task 6 Epoch 8/10: entering train loop
T6 Ep 8/10 | L 0.5680 | Train Acc 0.74 | Prec 0.75 | F1 0.78 | Det Rec 1.00 | Det FA 0.00 | Epoch Time 21.56s (Eval 0.00s, Train 21.56s)
[STATE 2026-04-04 22:29:25] T6 Ep 8/10 complete: Prec 0.7504 F1 0.7844 DetRec 0.9999 DetFA 0.0001 | 21.56s total (0.00s eval/21.56s train)
[STATE 2026-04-04 22:29:25] Task 6 Epoch 9/10: entering train loop
T6 Ep 9/10 | L 0.5366 | Train Acc 0.76 | Prec 0.76 | F1 0.80 | Det Rec 1.00 | Det FA 0.00 | Epoch Time 21.52s (Eval 0.00s, Train 21.52s)
[STATE 2026-04-04 22:29:47] T6 Ep 9/10 complete: Prec 0.7636 F1 0.7950 DetRec 1.0000 DetFA 0.0001 | 21.52s total (0.00s eval/21.52s train)
[STATE 2026-04-04 22:29:47] Task 6 Epoch 10/10: entering train loop
T6 Ep 10/10 | L 0.5153 | Train Acc 0.77 | Prec 0.78 | F1 0.81 | Det Rec 1.00 | Det FA 0.00 | Epoch Time 21.51s (Eval 0.00s, Train 21.51s)
[STATE 2026-04-04 22:30:08] T6 Ep 10/10 complete: Prec 0.7788 F1 0.8085 DetRec 1.0000 DetFA 0.0000 | 21.51s total (0.00s eval/21.51s train)
[STATE 2026-04-04 22:30:08] Task 6: running final validation.
[STATE 2026-04-04 22:31:52] Completed task 6 (7/10)
Task 7: 188050 training samples, 94025 test samples.
[STATE 2026-04-04 22:31:52] Task 7: zero-shot validation (pre-train)
---- Zero-shot (pre-train) task 7: rec_cls 0.2185 | prec_cls 0.1222 | f1_cls 0.0800 | det 0.4994 | pfa 0.9997 | total_f1 0.4111 ----
[STATE 2026-04-04 22:34:05] Starting task 7 (8/10)
[STATE 2026-04-04 22:34:05] Task 7 Epoch 1/10: entering train loop
[STATE 2026-04-04 22:37:59] Task 7 Epoch 1/10: running validation (end of epoch)
---- Eval at Epoch 0: cls [0.09346716261412322, 0.07570718869716887, 0.30073622914088155, 0.4788998352927035, 0.43657934710535257, 0.6808941951612106, 0.5517971592842036, 0.8072336229146739] | det_recall [0.5149293841266147, 0.646687594108631, 0.6251534101818044, 0.7356912813837942, 0.9822535592878985, 0.9053435053802257, 0.9997250754456422, 0.8733919319113036] | det_fa [0.31780288919937627, 0.12137633536168158, 0.7202757855193114, 0.4879907333376011, 0.0, 0.12838554663561313, 0.0, 0.20550293655274227] ----
T7 Ep 1/10 | L 0.6223 | Train Acc 0.76 | Prec 0.78 | F1 0.75 | Det Rec 0.87 | Det FA 0.20 | Epoch Time 366.54s (Eval 132.71s, Train 233.84s)
[STATE 2026-04-04 22:40:11] T7 Ep 1/10 complete: Prec 0.7780 F1 0.7490 DetRec 0.8696 DetFA 0.1955 | 366.54s total (132.71s eval/233.84s train)
[STATE 2026-04-04 22:40:11] Task 7 Epoch 2/10: entering train loop
T7 Ep 2/10 | L 0.4768 | Train Acc 0.83 | Prec 0.84 | F1 0.81 | Det Rec 0.88 | Det FA 0.18 | Epoch Time 234.10s (Eval 0.00s, Train 234.10s)
[STATE 2026-04-04 22:44:05] T7 Ep 2/10 complete: Prec 0.8414 F1 0.8107 DetRec 0.8842 DetFA 0.1757 | 234.10s total (0.00s eval/234.10s train)
[STATE 2026-04-04 22:44:05] Task 7 Epoch 3/10: entering train loop
T7 Ep 3/10 | L 0.4512 | Train Acc 0.84 | Prec 0.85 | F1 0.82 | Det Rec 0.89 | Det FA 0.17 | Epoch Time 234.67s (Eval 0.00s, Train 234.67s)
[STATE 2026-04-04 22:48:00] T7 Ep 3/10 complete: Prec 0.8517 F1 0.8217 DetRec 0.8875 DetFA 0.1701 | 234.67s total (0.00s eval/234.67s train)
[STATE 2026-04-04 22:48:00] Task 7 Epoch 4/10: entering train loop
T7 Ep 4/10 | L 0.4355 | Train Acc 0.85 | Prec 0.86 | F1 0.83 | Det Rec 0.89 | Det FA 0.17 | Epoch Time 234.50s (Eval 0.00s, Train 234.50s)
[STATE 2026-04-04 22:51:54] T7 Ep 4/10 complete: Prec 0.8589 F1 0.8294 DetRec 0.8906 DetFA 0.1658 | 234.50s total (0.00s eval/234.50s train)
[STATE 2026-04-04 22:51:54] Task 7 Epoch 5/10: entering train loop
T7 Ep 5/10 | L 0.4246 | Train Acc 0.86 | Prec 0.86 | F1 0.83 | Det Rec 0.89 | Det FA 0.16 | Epoch Time 234.41s (Eval 0.00s, Train 234.41s)
[STATE 2026-04-04 22:55:49] T7 Ep 5/10 complete: Prec 0.8647 F1 0.8349 DetRec 0.8917 DetFA 0.1644 | 234.41s total (0.00s eval/234.41s train)
[STATE 2026-04-04 22:55:49] Task 7 Epoch 6/10: entering train loop
T7 Ep 6/10 | L 0.4167 | Train Acc 0.86 | Prec 0.87 | F1 0.84 | Det Rec 0.89 | Det FA 0.16 | Epoch Time 234.31s (Eval 0.00s, Train 234.31s)
[STATE 2026-04-04 22:59:43] T7 Ep 6/10 complete: Prec 0.8691 F1 0.8399 DetRec 0.8937 DetFA 0.1615 | 234.31s total (0.00s eval/234.31s train)
[STATE 2026-04-04 22:59:43] Task 7 Epoch 7/10: entering train loop
T7 Ep 7/10 | L 0.4097 | Train Acc 0.87 | Prec 0.87 | F1 0.84 | Det Rec 0.90 | Det FA 0.16 | Epoch Time 234.12s (Eval 0.00s, Train 234.12s)
[STATE 2026-04-04 23:03:37] T7 Ep 7/10 complete: Prec 0.8725 F1 0.8441 DetRec 0.8952 DetFA 0.1598 | 234.12s total (0.00s eval/234.12s train)
[STATE 2026-04-04 23:03:37] Task 7 Epoch 8/10: entering train loop
T7 Ep 8/10 | L 0.4053 | Train Acc 0.87 | Prec 0.88 | F1 0.85 | Det Rec 0.89 | Det FA 0.16 | Epoch Time 234.34s (Eval 0.00s, Train 234.34s)
[STATE 2026-04-04 23:07:32] T7 Ep 8/10 complete: Prec 0.8773 F1 0.8479 DetRec 0.8949 DetFA 0.1604 | 234.34s total (0.00s eval/234.34s train)
[STATE 2026-04-04 23:07:32] Task 7 Epoch 9/10: entering train loop
T7 Ep 9/10 | L 0.4000 | Train Acc 0.87 | Prec 0.88 | F1 0.85 | Det Rec 0.90 | Det FA 0.16 | Epoch Time 234.40s (Eval 0.00s, Train 234.40s)
[STATE 2026-04-04 23:11:26] T7 Ep 9/10 complete: Prec 0.8789 F1 0.8497 DetRec 0.8956 DetFA 0.1601 | 234.40s total (0.00s eval/234.40s train)
[STATE 2026-04-04 23:11:26] Task 7 Epoch 10/10: entering train loop
T7 Ep 10/10 | L 0.3974 | Train Acc 0.88 | Prec 0.88 | F1 0.85 | Det Rec 0.90 | Det FA 0.16 | Epoch Time 234.67s (Eval 0.00s, Train 234.67s)
[STATE 2026-04-04 23:15:21] T7 Ep 10/10 complete: Prec 0.8815 F1 0.8525 DetRec 0.8964 DetFA 0.1597 | 234.67s total (0.00s eval/234.67s train)
[STATE 2026-04-04 23:15:21] Task 7: running final validation.
[STATE 2026-04-04 23:17:33] Completed task 7 (8/10)
Task 8: 36658 training samples, 12220 test samples.
[STATE 2026-04-04 23:17:34] Task 8: zero-shot validation (pre-train)
---- Zero-shot (pre-train) task 8: rec_cls 0.2060 | prec_cls 0.0582 | f1_cls 0.0376 | det 0.5000 | pfa 1.0000 | total_f1 0.3954 ----
[STATE 2026-04-04 23:19:50] Starting task 8 (9/10)
[STATE 2026-04-04 23:19:50] Task 8 Epoch 1/10: entering train loop
[STATE 2026-04-04 23:20:35] Task 8 Epoch 1/10: running validation (end of epoch)
---- Eval at Epoch 0: cls [0.2541578269262698, 0.10936934340342219, 0.19923215664671304, 0.3760272854014723, 0.2799667585728479, 0.28739734100632636, 0.45092864266176447, 0.5092534079861444, 0.8203314373976198] | det_recall [0.7547673454641838, 0.7297390048220652, 0.5018584962938217, 0.6610406922238053, 0.9191035129815125, 0.5347749052939929, 0.9976835797198227, 0.548049964486017, 0.7976065291346751] | det_fa [0.23432340673768898, 0.148539999023581, 0.8528824566358469, 0.5935542976244841, 0.0, 0.8089684266687194, 0.0, 0.846917017090869, 0.3728941922513109] ----
T8 Ep 1/10 | L 0.9176 | Train Acc 0.71 | Prec 0.72 | F1 0.55 | Det Rec 0.71 | Det FA 0.54 | Epoch Time 181.56s (Eval 136.36s, Train 45.20s)
[STATE 2026-04-04 23:22:52] T8 Ep 1/10 complete: Prec 0.7183 F1 0.5546 DetRec 0.7135 DetFA 0.5354 | 181.56s total (136.36s eval/45.20s train)
[STATE 2026-04-04 23:22:52] Task 8 Epoch 2/10: entering train loop
T8 Ep 2/10 | L 0.5732 | Train Acc 0.85 | Prec 0.84 | F1 0.69 | Det Rec 0.79 | Det FA 0.39 | Epoch Time 45.13s (Eval 0.00s, Train 45.13s)
[STATE 2026-04-04 23:23:37] T8 Ep 2/10 complete: Prec 0.8382 F1 0.6867 DetRec 0.7943 DetFA 0.3860 | 45.13s total (0.00s eval/45.13s train)
[STATE 2026-04-04 23:23:37] Task 8 Epoch 3/10: entering train loop
T8 Ep 3/10 | L 0.5188 | Train Acc 0.87 | Prec 0.86 | F1 0.70 | Det Rec 0.80 | Det FA 0.38 | Epoch Time 45.13s (Eval 0.00s, Train 45.13s)
[STATE 2026-04-04 23:24:22] T8 Ep 3/10 complete: Prec 0.8597 F1 0.7026 DetRec 0.7967 DetFA 0.3815 | 45.13s total (0.00s eval/45.13s train)
[STATE 2026-04-04 23:24:22] Task 8 Epoch 4/10: entering train loop
T8 Ep 4/10 | L 0.4938 | Train Acc 0.88 | Prec 0.87 | F1 0.71 | Det Rec 0.80 | Det FA 0.38 | Epoch Time 45.23s (Eval 0.00s, Train 45.23s)
[STATE 2026-04-04 23:25:07] T8 Ep 4/10 complete: Prec 0.8717 F1 0.7124 DetRec 0.8002 DetFA 0.3765 | 45.23s total (0.00s eval/45.23s train)
[STATE 2026-04-04 23:25:07] Task 8 Epoch 5/10: entering train loop
T8 Ep 5/10 | L 0.4689 | Train Acc 0.89 | Prec 0.88 | F1 0.72 | Det Rec 0.80 | Det FA 0.37 | Epoch Time 45.21s (Eval 0.00s, Train 45.21s)
[STATE 2026-04-04 23:25:52] T8 Ep 5/10 complete: Prec 0.8830 F1 0.7189 DetRec 0.8014 DetFA 0.3701 | 45.21s total (0.00s eval/45.21s train)
[STATE 2026-04-04 23:25:52] Task 8 Epoch 6/10: entering train loop
T8 Ep 6/10 | L 0.4522 | Train Acc 0.89 | Prec 0.89 | F1 0.72 | Det Rec 0.80 | Det FA 0.37 | Epoch Time 45.17s (Eval 0.00s, Train 45.17s)
[STATE 2026-04-04 23:26:38] T8 Ep 6/10 complete: Prec 0.8893 F1 0.7205 DetRec 0.8027 DetFA 0.3668 | 45.17s total (0.00s eval/45.17s train)
[STATE 2026-04-04 23:26:38] Task 8 Epoch 7/10: entering train loop
T8 Ep 7/10 | L 0.4460 | Train Acc 0.90 | Prec 0.89 | F1 0.72 | Det Rec 0.80 | Det FA 0.36 | Epoch Time 45.11s (Eval 0.00s, Train 45.11s)
[STATE 2026-04-04 23:27:23] T8 Ep 7/10 complete: Prec 0.8941 F1 0.7244 DetRec 0.8048 DetFA 0.3630 | 45.11s total (0.00s eval/45.11s train)
[STATE 2026-04-04 23:27:23] Task 8 Epoch 8/10: entering train loop
T8 Ep 8/10 | L 0.4350 | Train Acc 0.91 | Prec 0.90 | F1 0.73 | Det Rec 0.81 | Det FA 0.36 | Epoch Time 45.23s (Eval 0.00s, Train 45.23s)
[STATE 2026-04-04 23:28:08] T8 Ep 8/10 complete: Prec 0.9005 F1 0.7297 DetRec 0.8067 DetFA 0.3591 | 45.23s total (0.00s eval/45.23s train)
[STATE 2026-04-04 23:28:08] Task 8 Epoch 9/10: entering train loop
T8 Ep 9/10 | L 0.4237 | Train Acc 0.91 | Prec 0.91 | F1 0.73 | Det Rec 0.81 | Det FA 0.36 | Epoch Time 45.17s (Eval 0.00s, Train 45.17s)
[STATE 2026-04-04 23:28:53] T8 Ep 9/10 complete: Prec 0.9080 F1 0.7346 DetRec 0.8080 DetFA 0.3582 | 45.17s total (0.00s eval/45.17s train)
[STATE 2026-04-04 23:28:53] Task 8 Epoch 10/10: entering train loop
T8 Ep 10/10 | L 0.4355 | Train Acc 0.91 | Prec 0.91 | F1 0.73 | Det Rec 0.81 | Det FA 0.36 | Epoch Time 45.20s (Eval 0.00s, Train 45.20s)
[STATE 2026-04-04 23:29:38] T8 Ep 10/10 complete: Prec 0.9071 F1 0.7344 DetRec 0.8081 DetFA 0.3564 | 45.20s total (0.00s eval/45.20s train)
[STATE 2026-04-04 23:29:38] Task 8: running final validation.
[STATE 2026-04-04 23:31:55] Completed task 8 (9/10)
Task 9: 17340 training samples, 6800 test samples.
[STATE 2026-04-04 23:31:55] Task 9: zero-shot validation (pre-train)
---- Zero-shot (pre-train) task 9: rec_cls 0.1807 | prec_cls 0.2057 | f1_cls 0.0974 | det 0.4972 | pfa 1.0000 | total_f1 0.3235 ----
[STATE 2026-04-04 23:34:13] Starting task 9 (10/10)
[STATE 2026-04-04 23:34:13] Task 9 Epoch 1/10: entering train loop
[STATE 2026-04-04 23:34:34] Task 9 Epoch 1/10: running validation (end of epoch)
---- Eval at Epoch 0: cls [0.213630566065226, 0.10351491125454698, 0.2307569151050557, 0.41026571094206876, 0.3682484634091582, 0.2703363810978915, 0.4724518400013057, 0.39791574840412347, 0.7765896507118145, 0.5065247479477624] | det_recall [0.7016177187967043, 0.7136695665591372, 0.5033389772500361, 0.9856838818548344, 0.9994067518702843, 0.5316215469572086, 1.0, 0.5532536168186286, 0.783660213504457, 1.0] | det_fa [0.10326323914568811, 0.046507160446549616, 0.9113506878135649, 0.0, 0.0, 0.8866303830552206, 0.0, 0.8627987545516317, 0.37745996643715696, 0.0] ----
T9 Ep 1/10 | L 0.9039 | Train Acc 0.46 | Prec 0.46 | F1 0.52 | Det Rec 0.99 | Det FA 0.01 | Epoch Time 159.83s (Eval 138.75s, Train 21.08s)
[STATE 2026-04-04 23:36:53] T9 Ep 1/10 complete: Prec 0.4583 F1 0.5236 DetRec 0.9926 DetFA 0.0147 | 159.83s total (138.75s eval/21.08s train)
[STATE 2026-04-04 23:36:53] Task 9 Epoch 2/10: entering train loop
T9 Ep 2/10 | L 0.7054 | Train Acc 0.57 | Prec 0.57 | F1 0.63 | Det Rec 1.00 | Det FA 0.00 | Epoch Time 20.99s (Eval 0.00s, Train 20.99s)
[STATE 2026-04-04 23:37:14] T9 Ep 2/10 complete: Prec 0.5671 F1 0.6342 DetRec 1.0000 DetFA 0.0000 | 20.99s total (0.00s eval/20.99s train)
[STATE 2026-04-04 23:37:14] Task 9 Epoch 3/10: entering train loop
T9 Ep 3/10 | L 0.6515 | Train Acc 0.61 | Prec 0.61 | F1 0.67 | Det Rec 1.00 | Det FA 0.00 | Epoch Time 21.42s (Eval 0.00s, Train 21.42s)
[STATE 2026-04-04 23:37:36] T9 Ep 3/10 complete: Prec 0.6089 F1 0.6674 DetRec 1.0000 DetFA 0.0000 | 21.42s total (0.00s eval/21.42s train)
[STATE 2026-04-04 23:37:36] Task 9 Epoch 4/10: entering train loop
T9 Ep 4/10 | L 0.6143 | Train Acc 0.63 | Prec 0.63 | F1 0.68 | Det Rec 1.00 | Det FA 0.00 | Epoch Time 21.49s (Eval 0.00s, Train 21.49s)
[STATE 2026-04-04 23:37:57] T9 Ep 4/10 complete: Prec 0.6293 F1 0.6824 DetRec 1.0000 DetFA 0.0000 | 21.49s total (0.00s eval/21.49s train)
[STATE 2026-04-04 23:37:57] Task 9 Epoch 5/10: entering train loop
T9 Ep 5/10 | L 0.6006 | Train Acc 0.65 | Prec 0.65 | F1 0.69 | Det Rec 1.00 | Det FA 0.00 | Epoch Time 21.43s (Eval 0.00s, Train 21.43s)
[STATE 2026-04-04 23:38:19] T9 Ep 5/10 complete: Prec 0.6458 F1 0.6949 DetRec 1.0000 DetFA 0.0000 | 21.43s total (0.00s eval/21.43s train)
[STATE 2026-04-04 23:38:19] Task 9 Epoch 6/10: entering train loop
T9 Ep 6/10 | L 0.5780 | Train Acc 0.66 | Prec 0.66 | F1 0.70 | Det Rec 1.00 | Det FA 0.00 | Epoch Time 21.12s (Eval 0.00s, Train 21.12s)
[STATE 2026-04-04 23:38:40] T9 Ep 6/10 complete: Prec 0.6557 F1 0.7018 DetRec 1.0000 DetFA 0.0000 | 21.12s total (0.00s eval/21.12s train)
[STATE 2026-04-04 23:38:40] Task 9 Epoch 7/10: entering train loop
T9 Ep 7/10 | L 0.5642 | Train Acc 0.66 | Prec 0.66 | F1 0.71 | Det Rec 1.00 | Det FA 0.00 | Epoch Time 21.49s (Eval 0.00s, Train 21.49s)
[STATE 2026-04-04 23:39:01] T9 Ep 7/10 complete: Prec 0.6642 F1 0.7084 DetRec 1.0000 DetFA 0.0000 | 21.49s total (0.00s eval/21.49s train)
[STATE 2026-04-04 23:39:01] Task 9 Epoch 8/10: entering train loop
T9 Ep 8/10 | L 0.5623 | Train Acc 0.67 | Prec 0.67 | F1 0.71 | Det Rec 1.00 | Det FA 0.00 | Epoch Time 21.51s (Eval 0.00s, Train 21.51s)
[STATE 2026-04-04 23:39:23] T9 Ep 8/10 complete: Prec 0.6688 F1 0.7146 DetRec 1.0000 DetFA 0.0000 | 21.51s total (0.00s eval/21.51s train)
[STATE 2026-04-04 23:39:23] Task 9 Epoch 9/10: entering train loop
T9 Ep 9/10 | L 0.5465 | Train Acc 0.68 | Prec 0.68 | F1 0.73 | Det Rec 1.00 | Det FA 0.00 | Epoch Time 21.54s (Eval 0.00s, Train 21.54s)
[STATE 2026-04-04 23:39:44] T9 Ep 9/10 complete: Prec 0.6836 F1 0.7265 DetRec 1.0000 DetFA 0.0000 | 21.54s total (0.00s eval/21.54s train)
[STATE 2026-04-04 23:39:44] Task 9 Epoch 10/10: entering train loop
T9 Ep 10/10 | L 0.5348 | Train Acc 0.69 | Prec 0.69 | F1 0.73 | Det Rec 1.00 | Det FA 0.00 | Epoch Time 21.22s (Eval 0.00s, Train 21.22s)
[STATE 2026-04-04 23:40:05] T9 Ep 10/10 complete: Prec 0.6897 F1 0.7322 DetRec 1.0000 DetFA 0.0000 | 21.22s total (0.00s eval/21.22s train)
[STATE 2026-04-04 23:40:05] Task 9: running final validation.
[STATE 2026-04-04 23:42:24] Completed task 9 (10/10)
####Final Validation Accuracy####
Final Results:- 
 Total Recall: 0.3967009684724657 
 Individual Recall: [0.15207301346873006, 0.08806280868626887, 0.26318374648760434, 0.47745245934331765, 0.5008042379454956, 0.2911187144156626, 0.5250930261496719, 0.43149854021863154, 0.6295031748909602, 0.6082199631183146]
Final Detection Results:- 
 Total Detection: 0.7792643520862136 
 Individual Detection: [0.6331967865245666, 0.6689710385765102, 0.5039793925212155, 0.9878869138732913, 1.0, 0.5222825937398279, 1.0, 0.6835470036045784, 0.7927797920221461, 1.0]
Final Detection False Alarm:- 
 Total False Alarm: 0.3032130965214774 
 Individual False Alarm: [0.21371684688774747, 0.07110372682687212, 0.9485941377307852, 0.00048475829725829725, 0.0, 0.9297241758828632, 0.0, 0.6138915892022644, 0.2546157303869831, 0.0]
SUMMARY_TR cls_rec=0.8210 cls_prec=0.8280 cls_f1=0.8000 det=0.7772 fa=0.3188
SUMMARY_TE cls_rec=0.3967 cls_prec=0.4130 cls_f1=0.4135 det=0.7793 fa=0.3032
[STATE 2026-04-04 23:42:24] Saving results to logs//si/full-tasks-2_all-10epochs_weighted-loss-2026-04-04_19-40-23-5998/0/results
Model size: 0.0289 GB
Memory buffer size: 0.0000 GB
logs//si/full-tasks-2_all-10epochs_weighted-loss-2026-04-04_19-40-23-5998/0/results: {'expt_name': 'full-tasks-2_all-10epochs_weighted-loss', 'model': 'si', 'arch': 'resnet1d', 'n_hiddens': 100, 'n_layers': 2, 'xav_init': False, 'debug': False, 'use_detector_arch': False, 'glances': 1, 'n_epochs': 10, 'batch_size': 256, 'replay_batch_size': 128, 'memories': 5120, 'lr': 0.003, 'optimizer': 'sgd', 'class_weighted_ce': True, 'cuda': True, 'seed': 0, 'log_every': 10, 'log_dir': 'logs//si/full-tasks-2_all-10epochs_weighted-loss-2026-04-04_19-40-23-5998/0', 'tf_dir': 'logs//si/full-tasks-2_all-10epochs_weighted-loss-2026-04-04_19-40-23-5998/0/tfdir', 'calc_test_accuracy': False, 'state_logging': True, 'data_path': 'data/rff/radar/full', 'task_order_files': 't2-rcn,t0-rcn,t2-uclresm-25noise,t0-deeprad,t1-deeprad,t1-uclresm-25noise,t3-deeprad,t0-uclresm-25noise,t1-rcn,t2-deeprad', 'loader': 'task_incremental_loader', 'samples_per_task': -1, 'shuffle_tasks': False, 'classes_per_it': 6, 'iterations': 5000, 'dataset': 'iq', 'workers': 0, 'validation': 0.5, 'data_scaling': 'normalize', 'use_iq_aug_features': False, 'iq_aug_feature_type': 'power', 'class_order': 'random', 'increment': 5, 'test_batch_size': 512, 'nc_per_task': None, 'nc_per_task_list': '', 'val_rate': 1000, 'opt_lr': 0.1, 'opt_wt': 0.1, 'alpha_init': 0.001, 'learn_lr': False, 'sync_update': False, 'grad_clip_norm': 5.0, 'meta_batches': 3, 'use_old_task_memory': False, 'second_order': False, 'n_memories': 5120, 'memory_strength': 0, 'steps_per_sample': 1, 'bgd_optimizer': 'sgd', 'optimizer_params': '{}', 'train_mc_iters': 5, 'std_init': 0.05, 'mean_eta': 1, 'fisher_gamma': 0.95, 'rln': 7, 'update_steps': 10, 'meta_lr': 0.001, 'update_lr': 0.1, 'ctx_lr': 0.05, 'n_meta': 2, 'inner_steps': 1, 'temperature': 5.0, 'task_emb': 64, 'classes_per_task': [6, 7, 6, 7, 7, 6, 6, 6, 7, 6], 'get_samples_per_task': <bound method IncrementalLoader.get_samples_per_task of <dataloaders.task_incremental_loader.IncrementalLoader object at 0x701e083a8d10>>} # val: 0.787 0.397 -0.390 0.000 # sizes: model_gb=0.0289 mem_gb=0.0000 # 14458.669886112213
[STATE 2026-04-04 23:42:24] results.pt components (approx): state_dict 88.8 MB, result_val_t 0.1 KB, result_val_a 0.8 KB
[STATE 2026-04-04 23:42:24] Results saved; total runtime 4.02h
Total runtime: 4.02 hours
