[STATE 2026-04-03 11:12:59] Enabling terminal logging to logs//packnet/full-tasks-2_all-10epochs_weighted-loss-2026-04-03_11-12-59-6722/0/terminal.log
New Experiment Starting...
Running model:  packnet
[STATE 2026-04-03 11:12:59] Experiment 'full-tasks-2_all-10epochs_weighted-loss' starting with model 'packnet' (seed 0)
Set seed 0
t2-rcn.npz train: x=(50362, 1024), y=(50362, 2)
t2-rcn.npz test: x=(16787, 1024), y=(16787, 2)
t2-rcn.npz: applied data scaling mode 'normalize'.
Loaded t2-rcn.npz: Unique train labels: UniqueCountsResult(values=array([-1,  3,  5, 10, 12, 15]), counts=array([24209,  5770,  3030,  2320,  7509,  7524]))
Noise labels ratio in t2-rcn.npz train: 0.24, test: 0.24
Loaded t2-rcn.npz: Remapped labels: [0 1 2 3 4 5]. Size: 50362)
t0-rcn.npz train: x=(51916, 1024), y=(51916, 2)
t0-rcn.npz test: x=(17305, 1024), y=(17305, 2)
t0-rcn.npz: applied data scaling mode 'normalize'.
Loaded t0-rcn.npz: Unique train labels: UniqueCountsResult(values=array([-1,  1,  8,  9, 11, 13, 14]), counts=array([24225,  4268,  2495,  2943,  3015,  7464,  7506]))
Noise labels ratio in t0-rcn.npz train: 0.23, test: 0.23
Loaded t0-rcn.npz: Remapped labels: [ 6  7  8  9 10 11 12]. Size: 51916)
t2-uclresm-25noise.npz train: moved sample axis (3, 350028, 1024) -> (350028, 3, 1024)
t2-uclresm-25noise.npz test: moved sample axis (3, 233351, 1024) -> (233351, 3, 1024)
t2-uclresm-25noise.npz train: x=(350028, 3, 1024), y=(350028,)
t2-uclresm-25noise.npz test: x=(233351, 3, 1024), y=(233351,)
t2-uclresm-25noise.npz: applied data scaling mode 'normalize'.
Loaded t2-uclresm-25noise.npz: Unique train labels: UniqueCountsResult(values=array([-1,  0,  1,  2,  3,  4]), counts=array([87441, 27347, 71754, 64298, 36005, 63183]))
Noise labels ratio in t2-uclresm-25noise.npz train: 0.25, test: 0.25
Loaded t2-uclresm-25noise.npz: Remapped labels: [13 14 15 16 17 18]. Size: 350028)
t0-deeprad.npz train: x=(24480, 1024), y=(24480, 2)
t0-deeprad.npz test: x=(8160, 1024), y=(8160, 2)
t0-deeprad.npz: applied data scaling mode 'normalize'.
Loaded t0-deeprad.npz: Unique train labels: UniqueCountsResult(values=array([-1,  0,  1,  2,  3,  4,  5]), counts=array([12240,  2029,  1983,  2043,  2154,  2015,  2016]))
Noise labels ratio in t0-deeprad.npz train: 0.25, test: 0.25
Loaded t0-deeprad.npz: Remapped labels: [19 20 21 22 23 24 25]. Size: 24480)
t1-deeprad.npz train: x=(24480, 1024), y=(24480, 2)
t1-deeprad.npz test: x=(8160, 1024), y=(8160, 2)
t1-deeprad.npz: applied data scaling mode 'normalize'.
Loaded t1-deeprad.npz: Unique train labels: UniqueCountsResult(values=array([-1,  0,  1,  2,  3,  4,  5]), counts=array([12240,  1988,  2029,  2054,  1988,  2053,  2128]))
Noise labels ratio in t1-deeprad.npz train: 0.25, test: 0.25
Loaded t1-deeprad.npz: Remapped labels: [26 27 28 29 30 31 32]. Size: 24480)
t1-uclresm-25noise.npz train: moved sample axis (3, 201410, 1024) -> (201410, 3, 1024)
t1-uclresm-25noise.npz test: moved sample axis (3, 116291, 1024) -> (116291, 3, 1024)
t1-uclresm-25noise.npz train: x=(201410, 3, 1024), y=(201410,)
t1-uclresm-25noise.npz test: x=(116291, 3, 1024), y=(116291,)
t1-uclresm-25noise.npz: applied data scaling mode 'normalize'.
Loaded t1-uclresm-25noise.npz: Unique train labels: UniqueCountsResult(values=array([-1,  0,  1,  2,  3,  4]), counts=array([43668, 18021, 17838, 18087, 31870, 71926]))
Noise labels ratio in t1-uclresm-25noise.npz train: 0.22, test: 0.25
Loaded t1-uclresm-25noise.npz: Remapped labels: [33 34 35 36 37 38]. Size: 201410)
t3-deeprad.npz train: x=(17340, 1024), y=(17340, 2)
t3-deeprad.npz test: x=(6800, 1024), y=(6800, 2)
t3-deeprad.npz: applied data scaling mode 'normalize'.
Loaded t3-deeprad.npz: Unique train labels: UniqueCountsResult(values=array([-1,  0,  1,  2,  3,  4]), counts=array([8670, 1693, 1677, 1794, 1716, 1790]))
Noise labels ratio in t3-deeprad.npz train: 0.25, test: 0.25
Loaded t3-deeprad.npz: Remapped labels: [39 40 41 42 43 44]. Size: 17340)
t0-uclresm-25noise.npz train: moved sample axis (3, 188050, 1024) -> (188050, 3, 1024)
t0-uclresm-25noise.npz test: moved sample axis (3, 107348, 1024) -> (107348, 3, 1024)
t0-uclresm-25noise.npz train: x=(188050, 3, 1024), y=(188050,)
t0-uclresm-25noise.npz test: x=(107348, 3, 1024), y=(107348,)
t0-uclresm-25noise.npz: applied data scaling mode 'normalize'.
Loaded t0-uclresm-25noise.npz: Unique train labels: UniqueCountsResult(values=array([-1,  0,  1,  2,  3,  4]), counts=array([40144, 32109, 17978, 17979, 18098, 61742]))
Noise labels ratio in t0-uclresm-25noise.npz train: 0.21, test: 0.25
Loaded t0-uclresm-25noise.npz: Remapped labels: [45 46 47 48 49 50]. Size: 188050)
t1-rcn.npz train: x=(36658, 1024), y=(36658, 2)
t1-rcn.npz test: x=(12220, 1024), y=(12220, 2)
t1-rcn.npz: applied data scaling mode 'normalize'.
Loaded t1-rcn.npz: Unique train labels: UniqueCountsResult(values=array([-1,  0,  2,  4,  6,  7, 16]), counts=array([20595,   824,  2087,  2606,  2396,  1716,  6434]))
Noise labels ratio in t1-rcn.npz train: 0.28, test: 0.28
Loaded t1-rcn.npz: Remapped labels: [51 52 53 54 55 56 57]. Size: 36658)
t2-deeprad.npz train: x=(17340, 1024), y=(17340, 2)
t2-deeprad.npz test: x=(6800, 1024), y=(6800, 2)
t2-deeprad.npz: applied data scaling mode 'normalize'.
Loaded t2-deeprad.npz: Unique train labels: UniqueCountsResult(values=array([-1,  0,  1,  2,  3,  4]), counts=array([8670, 1774, 1675, 1777, 1694, 1750]))
Noise labels ratio in t2-deeprad.npz train: 0.25, test: 0.25
Loaded t2-deeprad.npz: Remapped labels: [58 59 60 61 62 63]. Size: 17340)
Built classes_per_task: [6, 7, 6, 7, 7, 6, 6, 6, 7, 6]
Classes per task: [6, 7, 6, 7, 7, 6, 6, 6, 7, 6]
[STATE 2026-04-03 11:14:02] Loader 'task_incremental_loader' ready: 1024 inputs, 64 outputs, 10 tasks
n_outputs: 64 	n_tasks: 10
[STATE 2026-04-03 11:14:02] Logging to logs//packnet/full-tasks-2_all-10epochs_weighted-loss-2026-04-03_11-12-59-6722/0
PackNet will prune 33.3% of currently used weights after each task.
True
Model device: cuda:0
[STATE 2026-04-03 11:14:02] Model initialized on device cuda:0
[STATE 2026-04-03 11:14:02] Invoking continual life experience flow
[STATE 2026-04-03 11:14:02] Life experience start: 10 tasks queued
Task 0: 50362 training samples, 16787 test samples.
[STATE 2026-04-03 11:14:02] Task 0: zero-shot validation (pre-train)
---- Zero-shot (pre-train) task 0: rec_cls 0.1175 | prec_cls 0.1336 | f1_cls 0.0961 | det 0.4550 | pfa 0.7831 | total_f1 0.0961 ----
[STATE 2026-04-03 11:14:09] Starting task 0 (1/10)
[STATE 2026-04-03 11:14:09] Task 0 Epoch 1/10: entering train loop
[STATE 2026-04-03 11:15:33] Task 0 Epoch 1/10: running validation (end of epoch)
---- Eval at Epoch 0: cls [0.8863350077042302] | det_recall [0.8743257124305147] | det_fa [0.2431990933149668] ----
T0 Ep 1/10 | L 0.6027 | Train Acc 0.80 | Prec 0.82 | F1 0.74 | Det Rec 0.85 | Det FA 0.26 | Epoch Time 90.81s (Eval 6.94s, Train 83.87s)
[STATE 2026-04-03 11:15:40] T0 Ep 1/10 complete: Prec 0.8188 F1 0.7450 DetRec 0.8546 DetFA 0.2599 | 90.81s total (6.94s eval/83.87s train)
[STATE 2026-04-03 11:15:40] Task 0 Epoch 2/10: entering train loop
T0 Ep 2/10 | L 0.3295 | Train Acc 0.91 | Prec 0.92 | F1 0.85 | Det Rec 0.88 | Det FA 0.22 | Epoch Time 85.51s (Eval 0.00s, Train 85.51s)
[STATE 2026-04-03 11:17:06] T0 Ep 2/10 complete: Prec 0.9192 F1 0.8467 DetRec 0.8827 DetFA 0.2176 | 85.51s total (0.00s eval/85.51s train)
[STATE 2026-04-03 11:17:06] Task 0 Epoch 3/10: entering train loop
T0 Ep 3/10 | L 0.2972 | Train Acc 0.91 | Prec 0.92 | F1 0.85 | Det Rec 0.89 | Det FA 0.21 | Epoch Time 85.58s (Eval 0.00s, Train 85.58s)
[STATE 2026-04-03 11:18:31] T0 Ep 3/10 complete: Prec 0.9246 F1 0.8527 DetRec 0.8855 DetFA 0.2125 | 85.58s total (0.00s eval/85.58s train)
[STATE 2026-04-03 11:18:31] Task 0 Epoch 4/10: entering train loop
T0 Ep 4/10 | L 0.2729 | Train Acc 0.93 | Prec 0.94 | F1 0.87 | Det Rec 0.89 | Det FA 0.21 | Epoch Time 85.83s (Eval 0.00s, Train 85.83s)
[STATE 2026-04-03 11:19:57] T0 Ep 4/10 complete: Prec 0.9368 F1 0.8651 DetRec 0.8883 DetFA 0.2077 | 85.83s total (0.00s eval/85.83s train)
[STATE 2026-04-03 11:19:57] Task 0 Epoch 5/10: entering train loop
T0 Ep 5/10 | L 0.2547 | Train Acc 0.93 | Prec 0.94 | F1 0.87 | Det Rec 0.89 | Det FA 0.21 | Epoch Time 85.70s (Eval 0.00s, Train 85.70s)
[STATE 2026-04-03 11:21:23] T0 Ep 5/10 complete: Prec 0.9419 F1 0.8700 DetRec 0.8892 DetFA 0.2070 | 85.70s total (0.00s eval/85.70s train)
[STATE 2026-04-03 11:21:23] Task 0 Epoch 6/10: entering train loop
T0 Ep 6/10 | L 0.2448 | Train Acc 0.94 | Prec 0.95 | F1 0.87 | Det Rec 0.89 | Det FA 0.21 | Epoch Time 85.79s (Eval 0.00s, Train 85.79s)
[STATE 2026-04-03 11:22:48] T0 Ep 6/10 complete: Prec 0.9471 F1 0.8733 DetRec 0.8887 DetFA 0.2075 | 85.79s total (0.00s eval/85.79s train)
[STATE 2026-04-03 11:22:48] Task 0 Epoch 7/10: entering train loop
T0 Ep 7/10 | L 0.2355 | Train Acc 0.94 | Prec 0.95 | F1 0.88 | Det Rec 0.89 | Det FA 0.20 | Epoch Time 85.57s (Eval 0.00s, Train 85.57s)
[STATE 2026-04-03 11:24:14] T0 Ep 7/10 complete: Prec 0.9501 F1 0.8769 DetRec 0.8902 DetFA 0.2050 | 85.57s total (0.00s eval/85.57s train)
[STATE 2026-04-03 11:24:14] Task 0 Epoch 8/10: entering train loop
T0 Ep 8/10 | L 0.2303 | Train Acc 0.94 | Prec 0.95 | F1 0.88 | Det Rec 0.89 | Det FA 0.20 | Epoch Time 85.76s (Eval 0.00s, Train 85.76s)
[STATE 2026-04-03 11:25:40] T0 Ep 8/10 complete: Prec 0.9522 F1 0.8794 DetRec 0.8919 DetFA 0.2019 | 85.76s total (0.00s eval/85.76s train)
[STATE 2026-04-03 11:25:40] Task 0 Epoch 9/10: entering train loop
T0 Ep 9/10 | L 0.2244 | Train Acc 0.94 | Prec 0.95 | F1 0.88 | Det Rec 0.89 | Det FA 0.20 | Epoch Time 86.64s (Eval 0.00s, Train 86.64s)
[STATE 2026-04-03 11:27:06] T0 Ep 9/10 complete: Prec 0.9542 F1 0.8818 DetRec 0.8921 DetFA 0.2014 | 86.64s total (0.00s eval/86.64s train)
[STATE 2026-04-03 11:27:06] Task 0 Epoch 10/10: entering train loop
T0 Ep 10/10 | L 0.2110 | Train Acc 0.95 | Prec 0.96 | F1 0.88 | Det Rec 0.89 | Det FA 0.20 | Epoch Time 89.27s (Eval 0.00s, Train 89.27s)
[STATE 2026-04-03 11:28:36] T0 Ep 10/10 complete: Prec 0.9581 F1 0.8846 DetRec 0.8929 DetFA 0.2014 | 89.27s total (0.00s eval/89.27s train)
[STATE 2026-04-03 11:28:36] Task 0: running final validation.
[STATE 2026-04-03 11:28:43] Completed task 0 (1/10)
Task 1: 51916 training samples, 17305 test samples.
[STATE 2026-04-03 11:28:43] Task 1: zero-shot validation (pre-train)
---- Zero-shot (pre-train) task 1: rec_cls 0.1973 | prec_cls 0.1586 | f1_cls 0.0654 | det 0.4995 | pfa 0.9898 | total_f1 0.4591 ----
[STATE 2026-04-03 11:28:57] Starting task 1 (2/10)
[STATE 2026-04-03 11:28:57] Task 1 Epoch 1/10: entering train loop
[STATE 2026-04-03 11:30:38] Task 1 Epoch 1/10: running validation (end of epoch)
---- Eval at Epoch 0: cls [0.638432724587705, 0.8525364931149888] | det_recall [0.8398647304466533, 0.8460404799759557] | det_fa [0.08564173507919998, 0.28330096665497595] ----
T1 Ep 1/10 | L 0.6347 | Train Acc 0.77 | Prec 0.82 | F1 0.69 | Det Rec 0.79 | Det FA 0.36 | Epoch Time 116.88s (Eval 16.42s, Train 100.45s)
[STATE 2026-04-03 11:30:54] T1 Ep 1/10 complete: Prec 0.8183 F1 0.6947 DetRec 0.7936 DetFA 0.3601 | 116.88s total (16.42s eval/100.45s train)
[STATE 2026-04-03 11:30:54] Task 1 Epoch 2/10: entering train loop
T1 Ep 2/10 | L 0.3721 | Train Acc 0.87 | Prec 0.90 | F1 0.82 | Det Rec 0.88 | Det FA 0.21 | Epoch Time 101.15s (Eval 0.00s, Train 101.15s)
[STATE 2026-04-03 11:32:35] T1 Ep 2/10 complete: Prec 0.8991 F1 0.8179 DetRec 0.8785 DetFA 0.2083 | 101.15s total (0.00s eval/101.15s train)
[STATE 2026-04-03 11:32:35] Task 1 Epoch 3/10: entering train loop
T1 Ep 3/10 | L 0.3091 | Train Acc 0.89 | Prec 0.91 | F1 0.85 | Det Rec 0.90 | Det FA 0.18 | Epoch Time 101.65s (Eval 0.00s, Train 101.65s)
[STATE 2026-04-03 11:34:17] T1 Ep 3/10 complete: Prec 0.9146 F1 0.8459 DetRec 0.8960 DetFA 0.1783 | 101.65s total (0.00s eval/101.65s train)
[STATE 2026-04-03 11:34:17] Task 1 Epoch 4/10: entering train loop
T1 Ep 4/10 | L 0.2784 | Train Acc 0.90 | Prec 0.92 | F1 0.86 | Det Rec 0.91 | Det FA 0.16 | Epoch Time 101.11s (Eval 0.00s, Train 101.11s)
[STATE 2026-04-03 11:35:58] T1 Ep 4/10 complete: Prec 0.9216 F1 0.8599 DetRec 0.9054 DetFA 0.1626 | 101.11s total (0.00s eval/101.11s train)
[STATE 2026-04-03 11:35:58] Task 1 Epoch 5/10: entering train loop
T1 Ep 5/10 | L 0.2611 | Train Acc 0.91 | Prec 0.93 | F1 0.87 | Det Rec 0.91 | Det FA 0.16 | Epoch Time 101.26s (Eval 0.00s, Train 101.26s)
[STATE 2026-04-03 11:37:39] T1 Ep 5/10 complete: Prec 0.9271 F1 0.8658 DetRec 0.9069 DetFA 0.1594 | 101.26s total (0.00s eval/101.26s train)
[STATE 2026-04-03 11:37:39] Task 1 Epoch 6/10: entering train loop
T1 Ep 6/10 | L 0.2448 | Train Acc 0.91 | Prec 0.93 | F1 0.87 | Det Rec 0.91 | Det FA 0.15 | Epoch Time 100.68s (Eval 0.00s, Train 100.68s)
[STATE 2026-04-03 11:39:20] T1 Ep 6/10 complete: Prec 0.9329 F1 0.8747 DetRec 0.9117 DetFA 0.1519 | 100.68s total (0.00s eval/100.68s train)
[STATE 2026-04-03 11:39:20] Task 1 Epoch 7/10: entering train loop
T1 Ep 7/10 | L 0.2338 | Train Acc 0.92 | Prec 0.94 | F1 0.88 | Det Rec 0.91 | Det FA 0.15 | Epoch Time 101.50s (Eval 0.00s, Train 101.50s)
[STATE 2026-04-03 11:41:01] T1 Ep 7/10 complete: Prec 0.9354 F1 0.8796 DetRec 0.9149 DetFA 0.1472 | 101.50s total (0.00s eval/101.50s train)
[STATE 2026-04-03 11:41:01] Task 1 Epoch 8/10: entering train loop
T1 Ep 8/10 | L 0.2213 | Train Acc 0.92 | Prec 0.94 | F1 0.88 | Det Rec 0.92 | Det FA 0.15 | Epoch Time 101.55s (Eval 0.00s, Train 101.55s)
[STATE 2026-04-03 11:42:43] T1 Ep 8/10 complete: Prec 0.9395 F1 0.8840 DetRec 0.9160 DetFA 0.1472 | 101.55s total (0.00s eval/101.55s train)
[STATE 2026-04-03 11:42:43] Task 1 Epoch 9/10: entering train loop
T1 Ep 9/10 | L 0.2158 | Train Acc 0.93 | Prec 0.94 | F1 0.89 | Det Rec 0.92 | Det FA 0.14 | Epoch Time 100.87s (Eval 0.00s, Train 100.87s)
[STATE 2026-04-03 11:44:24] T1 Ep 9/10 complete: Prec 0.9433 F1 0.8896 DetRec 0.9191 DetFA 0.1409 | 100.87s total (0.00s eval/100.87s train)
[STATE 2026-04-03 11:44:24] Task 1 Epoch 10/10: entering train loop
T1 Ep 10/10 | L 0.2030 | Train Acc 0.93 | Prec 0.95 | F1 0.89 | Det Rec 0.92 | Det FA 0.14 | Epoch Time 101.07s (Eval 0.00s, Train 101.07s)
[STATE 2026-04-03 11:46:05] T1 Ep 10/10 complete: Prec 0.9468 F1 0.8922 DetRec 0.9186 DetFA 0.1418 | 101.07s total (0.00s eval/101.07s train)
[STATE 2026-04-03 11:46:05] Task 1: running final validation.
[STATE 2026-04-03 11:46:21] Completed task 1 (2/10)
Task 2: 350028 training samples, 175014 test samples.
[STATE 2026-04-03 11:46:22] Task 2: zero-shot validation (pre-train)
---- Zero-shot (pre-train) task 2: rec_cls 0.0144 | prec_cls 0.1253 | f1_cls 0.0877 | det 0.5212 | pfa 0.0322 | total_f1 0.5308 ----
[STATE 2026-04-03 11:47:53] Starting task 2 (3/10)
[STATE 2026-04-03 11:47:53] Task 2 Epoch 1/10: entering train loop
[STATE 2026-04-03 11:59:12] Task 2 Epoch 1/10: running validation (end of epoch)
---- Eval at Epoch 0: cls [0.6414391511276909, 0.8880785906236996, 0.36910364632001025] | det_recall [0.8413582107282039, 0.9041738217610601, 0.786191627029089] | det_fa [0.0836796844014616, 0.16835441983858823, 0.2615552071000911] ----
T2 Ep 1/10 | L 1.4141 | Train Acc 0.35 | Prec 0.37 | F1 0.37 | Det Rec 0.78 | Det FA 0.36 | Epoch Time 771.56s (Eval 92.54s, Train 679.02s)
[STATE 2026-04-03 12:00:44] T2 Ep 1/10 complete: Prec 0.3727 F1 0.3714 DetRec 0.7823 DetFA 0.3622 | 771.56s total (92.54s eval/679.02s train)
[STATE 2026-04-03 12:00:44] Task 2 Epoch 2/10: entering train loop
T2 Ep 2/10 | L 1.1376 | Train Acc 0.51 | Prec 0.52 | F1 0.51 | Det Rec 0.80 | Det FA 0.34 | Epoch Time 694.17s (Eval 0.00s, Train 694.17s)
[STATE 2026-04-03 12:12:18] T2 Ep 2/10 complete: Prec 0.5212 F1 0.5105 DetRec 0.8006 DetFA 0.3387 | 694.17s total (0.00s eval/694.17s train)
[STATE 2026-04-03 12:12:18] Task 2 Epoch 3/10: entering train loop
T2 Ep 3/10 | L 1.0102 | Train Acc 0.58 | Prec 0.59 | F1 0.57 | Det Rec 0.81 | Det FA 0.33 | Epoch Time 690.22s (Eval 0.00s, Train 690.22s)
[STATE 2026-04-03 12:23:49] T2 Ep 3/10 complete: Prec 0.5944 F1 0.5718 DetRec 0.8073 DetFA 0.3306 | 690.22s total (0.00s eval/690.22s train)
[STATE 2026-04-03 12:23:49] Task 2 Epoch 4/10: entering train loop
T2 Ep 4/10 | L 0.9483 | Train Acc 0.61 | Prec 0.62 | F1 0.60 | Det Rec 0.81 | Det FA 0.32 | Epoch Time 682.41s (Eval 0.00s, Train 682.41s)
[STATE 2026-04-03 12:35:11] T2 Ep 4/10 complete: Prec 0.6248 F1 0.5974 DetRec 0.8107 DetFA 0.3239 | 682.41s total (0.00s eval/682.41s train)
[STATE 2026-04-03 12:35:11] Task 2 Epoch 5/10: entering train loop
T2 Ep 5/10 | L 0.9103 | Train Acc 0.62 | Prec 0.64 | F1 0.61 | Det Rec 0.81 | Det FA 0.32 | Epoch Time 687.96s (Eval 0.00s, Train 687.96s)
[STATE 2026-04-03 12:46:39] T2 Ep 5/10 complete: Prec 0.6389 F1 0.6100 DetRec 0.8133 DetFA 0.3189 | 687.96s total (0.00s eval/687.96s train)
[STATE 2026-04-03 12:46:39] Task 2 Epoch 6/10: entering train loop
T2 Ep 6/10 | L 0.8884 | Train Acc 0.63 | Prec 0.65 | F1 0.62 | Det Rec 0.82 | Det FA 0.32 | Epoch Time 690.13s (Eval 0.00s, Train 690.13s)
[STATE 2026-04-03 12:58:09] T2 Ep 6/10 complete: Prec 0.6490 F1 0.6191 DetRec 0.8157 DetFA 0.3153 | 690.13s total (0.00s eval/690.13s train)
[STATE 2026-04-03 12:58:09] Task 2 Epoch 7/10: entering train loop
T2 Ep 7/10 | L 0.8695 | Train Acc 0.64 | Prec 0.66 | F1 0.63 | Det Rec 0.82 | Det FA 0.31 | Epoch Time 688.79s (Eval 0.00s, Train 688.79s)
[STATE 2026-04-03 13:09:38] T2 Ep 7/10 complete: Prec 0.6573 F1 0.6260 DetRec 0.8179 DetFA 0.3100 | 688.79s total (0.00s eval/688.79s train)
[STATE 2026-04-03 13:09:38] Task 2 Epoch 8/10: entering train loop
T2 Ep 8/10 | L 0.8566 | Train Acc 0.64 | Prec 0.66 | F1 0.63 | Det Rec 0.82 | Det FA 0.31 | Epoch Time 688.48s (Eval 0.00s, Train 688.48s)
[STATE 2026-04-03 13:21:06] T2 Ep 8/10 complete: Prec 0.6607 F1 0.6299 DetRec 0.8194 DetFA 0.3079 | 688.48s total (0.00s eval/688.48s train)
[STATE 2026-04-03 13:21:06] Task 2 Epoch 9/10: entering train loop
T2 Ep 9/10 | L 0.8465 | Train Acc 0.65 | Prec 0.66 | F1 0.63 | Det Rec 0.82 | Det FA 0.30 | Epoch Time 688.58s (Eval 0.00s, Train 688.58s)
[STATE 2026-04-03 13:32:35] T2 Ep 9/10 complete: Prec 0.6650 F1 0.6334 DetRec 0.8211 DetFA 0.3034 | 688.58s total (0.00s eval/688.58s train)
[STATE 2026-04-03 13:32:35] Task 2 Epoch 10/10: entering train loop
T2 Ep 10/10 | L 0.8389 | Train Acc 0.65 | Prec 0.67 | F1 0.64 | Det Rec 0.82 | Det FA 0.30 | Epoch Time 687.87s (Eval 0.00s, Train 687.87s)
[STATE 2026-04-03 13:44:03] T2 Ep 10/10 complete: Prec 0.6704 F1 0.6381 DetRec 0.8219 DetFA 0.3030 | 687.87s total (0.00s eval/687.87s train)
[STATE 2026-04-03 13:44:03] Task 2: running final validation.
[STATE 2026-04-03 13:45:35] Completed task 2 (3/10)
Task 3: 24480 training samples, 8160 test samples.
[STATE 2026-04-03 13:45:35] Task 3: zero-shot validation (pre-train)
---- Zero-shot (pre-train) task 3: rec_cls 0.1328 | prec_cls 0.1833 | f1_cls 0.2359 | det 0.9489 | pfa 0.0002 | total_f1 0.5533 ----
[STATE 2026-04-03 13:47:11] Starting task 3 (4/10)
[STATE 2026-04-03 13:47:11] Task 3 Epoch 1/10: entering train loop
[STATE 2026-04-03 13:47:58] Task 3 Epoch 1/10: running validation (end of epoch)
---- Eval at Epoch 0: cls [0.6384185709869006, 0.892260144904729, 0.4387808185484841, 0.5578706990062866] | det_recall [0.8405429542201005, 0.906009334786762, 0.7872329284987368, 0.9984286610730345] | det_fa [0.08444677759935734, 0.16487842737970224, 0.3830630685056934, 0.002166929683820737] ----
T3 Ep 1/10 | L 0.9673 | Train Acc 0.54 | Prec 0.53 | F1 0.58 | Det Rec 1.00 | Det FA 0.00 | Epoch Time 147.22s (Eval 99.58s, Train 47.64s)
[STATE 2026-04-03 13:49:38] T3 Ep 1/10 complete: Prec 0.5305 F1 0.5807 DetRec 0.9961 DetFA 0.0029 | 147.22s total (99.58s eval/47.64s train)
[STATE 2026-04-03 13:49:38] Task 3 Epoch 2/10: entering train loop
T3 Ep 2/10 | L 0.8388 | Train Acc 0.58 | Prec 0.58 | F1 0.62 | Det Rec 1.00 | Det FA 0.00 | Epoch Time 47.83s (Eval 0.00s, Train 47.83s)
[STATE 2026-04-03 13:50:26] T3 Ep 2/10 complete: Prec 0.5760 F1 0.6234 DetRec 0.9982 DetFA 0.0022 | 47.83s total (0.00s eval/47.83s train)
[STATE 2026-04-03 13:50:26] Task 3 Epoch 3/10: entering train loop
T3 Ep 3/10 | L 0.8052 | Train Acc 0.59 | Prec 0.60 | F1 0.64 | Det Rec 1.00 | Det FA 0.00 | Epoch Time 47.85s (Eval 0.00s, Train 47.85s)
[STATE 2026-04-03 13:51:13] T3 Ep 3/10 complete: Prec 0.5951 F1 0.6390 DetRec 0.9982 DetFA 0.0027 | 47.85s total (0.00s eval/47.85s train)
[STATE 2026-04-03 13:51:13] Task 3 Epoch 4/10: entering train loop
T3 Ep 4/10 | L 0.7885 | Train Acc 0.60 | Prec 0.60 | F1 0.65 | Det Rec 1.00 | Det FA 0.00 | Epoch Time 47.86s (Eval 0.00s, Train 47.86s)
[STATE 2026-04-03 13:52:01] T3 Ep 4/10 complete: Prec 0.6035 F1 0.6452 DetRec 0.9987 DetFA 0.0014 | 47.86s total (0.00s eval/47.86s train)
[STATE 2026-04-03 13:52:01] Task 3 Epoch 5/10: entering train loop
T3 Ep 5/10 | L 0.7686 | Train Acc 0.61 | Prec 0.61 | F1 0.66 | Det Rec 1.00 | Det FA 0.00 | Epoch Time 47.81s (Eval 0.00s, Train 47.81s)
[STATE 2026-04-03 13:52:49] T3 Ep 5/10 complete: Prec 0.6123 F1 0.6557 DetRec 0.9992 DetFA 0.0008 | 47.81s total (0.00s eval/47.81s train)
[STATE 2026-04-03 13:52:49] Task 3 Epoch 6/10: entering train loop
T3 Ep 6/10 | L 0.7602 | Train Acc 0.60 | Prec 0.61 | F1 0.66 | Det Rec 1.00 | Det FA 0.00 | Epoch Time 47.59s (Eval 0.00s, Train 47.59s)
[STATE 2026-04-03 13:53:37] T3 Ep 6/10 complete: Prec 0.6147 F1 0.6560 DetRec 0.9988 DetFA 0.0017 | 47.59s total (0.00s eval/47.59s train)
[STATE 2026-04-03 13:53:37] Task 3 Epoch 7/10: entering train loop
T3 Ep 7/10 | L 0.7524 | Train Acc 0.61 | Prec 0.62 | F1 0.66 | Det Rec 1.00 | Det FA 0.00 | Epoch Time 47.80s (Eval 0.00s, Train 47.80s)
[STATE 2026-04-03 13:54:24] T3 Ep 7/10 complete: Prec 0.6232 F1 0.6641 DetRec 0.9990 DetFA 0.0013 | 47.80s total (0.00s eval/47.80s train)
[STATE 2026-04-03 13:54:24] Task 3 Epoch 8/10: entering train loop
T3 Ep 8/10 | L 0.7471 | Train Acc 0.61 | Prec 0.62 | F1 0.66 | Det Rec 1.00 | Det FA 0.00 | Epoch Time 47.63s (Eval 0.00s, Train 47.63s)
[STATE 2026-04-03 13:55:12] T3 Ep 8/10 complete: Prec 0.6241 F1 0.6644 DetRec 0.9988 DetFA 0.0018 | 47.63s total (0.00s eval/47.63s train)
[STATE 2026-04-03 13:55:12] Task 3 Epoch 9/10: entering train loop
T3 Ep 9/10 | L 0.7403 | Train Acc 0.62 | Prec 0.63 | F1 0.67 | Det Rec 1.00 | Det FA 0.00 | Epoch Time 47.15s (Eval 0.00s, Train 47.15s)
[STATE 2026-04-03 13:55:59] T3 Ep 9/10 complete: Prec 0.6324 F1 0.6697 DetRec 0.9993 DetFA 0.0009 | 47.15s total (0.00s eval/47.15s train)
[STATE 2026-04-03 13:55:59] Task 3 Epoch 10/10: entering train loop
T3 Ep 10/10 | L 0.7322 | Train Acc 0.62 | Prec 0.63 | F1 0.67 | Det Rec 1.00 | Det FA 0.00 | Epoch Time 47.65s (Eval 0.00s, Train 47.65s)
[STATE 2026-04-03 13:56:47] T3 Ep 10/10 complete: Prec 0.6311 F1 0.6698 DetRec 0.9993 DetFA 0.0011 | 47.65s total (0.00s eval/47.65s train)
[STATE 2026-04-03 13:56:47] Task 3: running final validation.
[STATE 2026-04-03 13:58:26] Completed task 3 (4/10)
Task 4: 24480 training samples, 8160 test samples.
[STATE 2026-04-03 13:58:27] Task 4: zero-shot validation (pre-train)
---- Zero-shot (pre-train) task 4: rec_cls 0.0968 | prec_cls 0.1324 | f1_cls 0.0729 | det 0.3908 | pfa 1.0000 | total_f1 0.5347 ----
[STATE 2026-04-03 14:00:10] Starting task 4 (5/10)
[STATE 2026-04-03 14:00:10] Task 4 Epoch 1/10: entering train loop
[STATE 2026-04-03 14:00:58] Task 4 Epoch 1/10: running validation (end of epoch)
---- Eval at Epoch 0: cls [0.6412881011984065, 0.8887223166404371, 0.4381726925487689, 0.523702442399574, 0.36722227535134516] | det_recall [0.8404768761963594, 0.9054438132515071, 0.7855988711193618, 0.9964699077118737, 1.0] | det_fa [0.08655979486742098, 0.16388291974266564, 0.38605098592096737, 0.003882556085446553, 0.0] ----
T4 Ep 1/10 | L 1.1580 | Train Acc 0.34 | Prec 0.34 | F1 0.40 | Det Rec 0.99 | Det FA 0.00 | Epoch Time 151.22s (Eval 103.34s, Train 47.88s)
[STATE 2026-04-03 14:02:41] T4 Ep 1/10 complete: Prec 0.3409 F1 0.4010 DetRec 0.9900 DetFA 0.0000 | 151.22s total (103.34s eval/47.88s train)
[STATE 2026-04-03 14:02:41] Task 4 Epoch 2/10: entering train loop
T4 Ep 2/10 | L 1.0739 | Train Acc 0.38 | Prec 0.38 | F1 0.45 | Det Rec 1.00 | Det FA 0.00 | Epoch Time 47.78s (Eval 0.00s, Train 47.78s)
[STATE 2026-04-03 14:03:29] T4 Ep 2/10 complete: Prec 0.3789 F1 0.4457 DetRec 1.0000 DetFA 0.0000 | 47.78s total (0.00s eval/47.78s train)
[STATE 2026-04-03 14:03:29] Task 4 Epoch 3/10: entering train loop
T4 Ep 3/10 | L 1.0365 | Train Acc 0.40 | Prec 0.40 | F1 0.46 | Det Rec 1.00 | Det FA 0.00 | Epoch Time 47.58s (Eval 0.00s, Train 47.58s)
[STATE 2026-04-03 14:04:16] T4 Ep 3/10 complete: Prec 0.3988 F1 0.4649 DetRec 1.0000 DetFA 0.0000 | 47.58s total (0.00s eval/47.58s train)
[STATE 2026-04-03 14:04:16] Task 4 Epoch 4/10: entering train loop
T4 Ep 4/10 | L 1.0147 | Train Acc 0.42 | Prec 0.41 | F1 0.48 | Det Rec 1.00 | Det FA 0.00 | Epoch Time 47.54s (Eval 0.00s, Train 47.54s)
[STATE 2026-04-03 14:05:04] T4 Ep 4/10 complete: Prec 0.4132 F1 0.4831 DetRec 1.0000 DetFA 0.0000 | 47.54s total (0.00s eval/47.54s train)
[STATE 2026-04-03 14:05:04] Task 4 Epoch 5/10: entering train loop
T4 Ep 5/10 | L 1.0009 | Train Acc 0.43 | Prec 0.42 | F1 0.49 | Det Rec 1.00 | Det FA 0.00 | Epoch Time 48.13s (Eval 0.00s, Train 48.13s)
[STATE 2026-04-03 14:05:52] T4 Ep 5/10 complete: Prec 0.4246 F1 0.4928 DetRec 1.0000 DetFA 0.0000 | 48.13s total (0.00s eval/48.13s train)
[STATE 2026-04-03 14:05:52] Task 4 Epoch 6/10: entering train loop
T4 Ep 6/10 | L 0.9832 | Train Acc 0.43 | Prec 0.43 | F1 0.50 | Det Rec 1.00 | Det FA 0.00 | Epoch Time 47.27s (Eval 0.00s, Train 47.27s)
[STATE 2026-04-03 14:06:39] T4 Ep 6/10 complete: Prec 0.4314 F1 0.4978 DetRec 1.0000 DetFA 0.0000 | 47.27s total (0.00s eval/47.27s train)
[STATE 2026-04-03 14:06:39] Task 4 Epoch 7/10: entering train loop
T4 Ep 7/10 | L 0.9671 | Train Acc 0.44 | Prec 0.43 | F1 0.50 | Det Rec 1.00 | Det FA 0.00 | Epoch Time 47.85s (Eval 0.00s, Train 47.85s)
[STATE 2026-04-03 14:07:27] T4 Ep 7/10 complete: Prec 0.4269 F1 0.4996 DetRec 1.0000 DetFA 0.0000 | 47.85s total (0.00s eval/47.85s train)
[STATE 2026-04-03 14:07:27] Task 4 Epoch 8/10: entering train loop
T4 Ep 8/10 | L 0.9575 | Train Acc 0.45 | Prec 0.44 | F1 0.51 | Det Rec 1.00 | Det FA 0.00 | Epoch Time 47.53s (Eval 0.00s, Train 47.53s)
[STATE 2026-04-03 14:08:15] T4 Ep 8/10 complete: Prec 0.4427 F1 0.5083 DetRec 1.0000 DetFA 0.0000 | 47.53s total (0.00s eval/47.53s train)
[STATE 2026-04-03 14:08:15] Task 4 Epoch 9/10: entering train loop
T4 Ep 9/10 | L 0.9444 | Train Acc 0.45 | Prec 0.45 | F1 0.52 | Det Rec 1.00 | Det FA 0.00 | Epoch Time 47.69s (Eval 0.00s, Train 47.69s)
[STATE 2026-04-03 14:09:02] T4 Ep 9/10 complete: Prec 0.4525 F1 0.5176 DetRec 1.0000 DetFA 0.0000 | 47.69s total (0.00s eval/47.69s train)
[STATE 2026-04-03 14:09:02] Task 4 Epoch 10/10: entering train loop
T4 Ep 10/10 | L 0.9354 | Train Acc 0.46 | Prec 0.46 | F1 0.52 | Det Rec 1.00 | Det FA 0.00 | Epoch Time 47.91s (Eval 0.00s, Train 47.91s)
[STATE 2026-04-03 14:09:50] T4 Ep 10/10 complete: Prec 0.4601 F1 0.5225 DetRec 1.0000 DetFA 0.0000 | 47.91s total (0.00s eval/47.91s train)
[STATE 2026-04-03 14:09:50] Task 4: running final validation.
[STATE 2026-04-03 14:11:34] Completed task 4 (5/10)
Task 5: 201410 training samples, 100705 test samples.
[STATE 2026-04-03 14:11:34] Task 5: zero-shot validation (pre-train)
---- Zero-shot (pre-train) task 5: rec_cls 0.1868 | prec_cls 0.1716 | f1_cls 0.0851 | det 0.4988 | pfa 0.9817 | total_f1 0.5067 ----
[STATE 2026-04-03 14:14:00] Starting task 5 (6/10)
[STATE 2026-04-03 14:14:00] Task 5 Epoch 1/10: entering train loop
[STATE 2026-04-03 14:20:35] Task 5 Epoch 1/10: running validation (end of epoch)
---- Eval at Epoch 0: cls [0.6368370133362544, 0.8931744172512702, 0.42597050422914867, 0.5243457373599122, 0.36500695970519736, 0.2946846241719069] | det_recall [0.84045207145852, 0.9061251296919747, 0.783664598444267, 0.9956059078294749, 1.0, 0.7606540420632975] | det_fa [0.0835556209426865, 0.16459781272198093, 0.3905195464288594, 0.006120346169896164, 0.0, 0.3952230698882477] ----
T5 Ep 1/10 | L 1.3524 | Train Acc 0.40 | Prec 0.42 | F1 0.40 | Det Rec 0.77 | Det FA 0.37 | Epoch Time 540.88s (Eval 146.49s, Train 394.39s)
[STATE 2026-04-03 14:23:01] T5 Ep 1/10 complete: Prec 0.4235 F1 0.4021 DetRec 0.7735 DetFA 0.3730 | 540.88s total (146.49s eval/394.39s train)
[STATE 2026-04-03 14:23:01] Task 5 Epoch 2/10: entering train loop
T5 Ep 2/10 | L 1.2150 | Train Acc 0.48 | Prec 0.49 | F1 0.47 | Det Rec 0.79 | Det FA 0.36 | Epoch Time 396.08s (Eval 0.00s, Train 396.08s)
[STATE 2026-04-03 14:29:37] T5 Ep 2/10 complete: Prec 0.4861 F1 0.4702 DetRec 0.7865 DetFA 0.3576 | 396.08s total (0.00s eval/396.08s train)
[STATE 2026-04-03 14:29:37] Task 5 Epoch 3/10: entering train loop
T5 Ep 3/10 | L 1.0713 | Train Acc 0.55 | Prec 0.55 | F1 0.53 | Det Rec 0.80 | Det FA 0.34 | Epoch Time 394.87s (Eval 0.00s, Train 394.87s)
[STATE 2026-04-03 14:36:12] T5 Ep 3/10 complete: Prec 0.5471 F1 0.5318 DetRec 0.7983 DetFA 0.3393 | 394.87s total (0.00s eval/394.87s train)
[STATE 2026-04-03 14:36:12] Task 5 Epoch 4/10: entering train loop
T5 Ep 4/10 | L 1.0220 | Train Acc 0.58 | Prec 0.57 | F1 0.55 | Det Rec 0.80 | Det FA 0.33 | Epoch Time 395.17s (Eval 0.00s, Train 395.17s)
[STATE 2026-04-03 14:42:47] T5 Ep 4/10 complete: Prec 0.5669 F1 0.5522 DetRec 0.8025 DetFA 0.3329 | 395.17s total (0.00s eval/395.17s train)
[STATE 2026-04-03 14:42:47] Task 5 Epoch 5/10: entering train loop
T5 Ep 5/10 | L 1.0008 | Train Acc 0.59 | Prec 0.58 | F1 0.56 | Det Rec 0.80 | Det FA 0.33 | Epoch Time 395.16s (Eval 0.00s, Train 395.16s)
[STATE 2026-04-03 14:49:22] T5 Ep 5/10 complete: Prec 0.5782 F1 0.5617 DetRec 0.8040 DetFA 0.3296 | 395.16s total (0.00s eval/395.16s train)
[STATE 2026-04-03 14:49:22] Task 5 Epoch 6/10: entering train loop
T5 Ep 6/10 | L 0.9815 | Train Acc 0.59 | Prec 0.59 | F1 0.57 | Det Rec 0.80 | Det FA 0.33 | Epoch Time 395.81s (Eval 0.00s, Train 395.81s)
[STATE 2026-04-03 14:55:58] T5 Ep 6/10 complete: Prec 0.5854 F1 0.5680 DetRec 0.8043 DetFA 0.3294 | 395.81s total (0.00s eval/395.81s train)
[STATE 2026-04-03 14:55:58] Task 5 Epoch 7/10: entering train loop
T5 Ep 7/10 | L 0.9673 | Train Acc 0.60 | Prec 0.59 | F1 0.57 | Det Rec 0.81 | Det FA 0.33 | Epoch Time 395.74s (Eval 0.00s, Train 395.74s)
[STATE 2026-04-03 15:02:34] T5 Ep 7/10 complete: Prec 0.5903 F1 0.5735 DetRec 0.8074 DetFA 0.3253 | 395.74s total (0.00s eval/395.74s train)
[STATE 2026-04-03 15:02:34] Task 5 Epoch 8/10: entering train loop
T5 Ep 8/10 | L 0.9529 | Train Acc 0.60 | Prec 0.60 | F1 0.58 | Det Rec 0.81 | Det FA 0.33 | Epoch Time 395.48s (Eval 0.00s, Train 395.48s)
[STATE 2026-04-03 15:09:09] T5 Ep 8/10 complete: Prec 0.5965 F1 0.5784 DetRec 0.8063 DetFA 0.3284 | 395.48s total (0.00s eval/395.48s train)
[STATE 2026-04-03 15:09:09] Task 5 Epoch 9/10: entering train loop
T5 Ep 9/10 | L 0.9443 | Train Acc 0.61 | Prec 0.60 | F1 0.58 | Det Rec 0.81 | Det FA 0.33 | Epoch Time 396.21s (Eval 0.00s, Train 396.21s)
[STATE 2026-04-03 15:15:46] T5 Ep 9/10 complete: Prec 0.6001 F1 0.5831 DetRec 0.8076 DetFA 0.3259 | 396.21s total (0.00s eval/396.21s train)
[STATE 2026-04-03 15:15:46] Task 5 Epoch 10/10: entering train loop
T5 Ep 10/10 | L 0.9376 | Train Acc 0.61 | Prec 0.60 | F1 0.59 | Det Rec 0.81 | Det FA 0.32 | Epoch Time 396.05s (Eval 0.00s, Train 396.05s)
[STATE 2026-04-03 15:22:22] T5 Ep 10/10 complete: Prec 0.6046 F1 0.5866 DetRec 0.8083 DetFA 0.3234 | 396.05s total (0.00s eval/396.05s train)
[STATE 2026-04-03 15:22:22] Task 5: running final validation.
[STATE 2026-04-03 15:24:48] Completed task 5 (6/10)
Task 6: 17340 training samples, 6800 test samples.
[STATE 2026-04-03 15:24:48] Task 6: zero-shot validation (pre-train)
---- Zero-shot (pre-train) task 6: rec_cls 0.1855 | prec_cls 0.1099 | f1_cls 0.0709 | det 0.4984 | pfa 0.9938 | total_f1 0.4686 ----
[STATE 2026-04-03 15:27:17] Starting task 6 (7/10)
[STATE 2026-04-03 15:27:17] Task 6 Epoch 1/10: entering train loop
[STATE 2026-04-03 15:27:51] Task 6 Epoch 1/10: running validation (end of epoch)
---- Eval at Epoch 0: cls [0.6365841683782586, 0.8890236735207372, 0.4301325070840111, 0.522263211109609, 0.36397332366358354, 0.2123470201979291, 0.5082912108829601] | det_recall [0.8379678110422664, 0.9044939163319876, 0.7844478596776596, 0.9949780456418659, 1.0, 0.7080645066165956, 0.9968672557400863] | det_fa [0.08881219365542896, 0.1671959193967132, 0.3894886616466251, 0.0066325299346702525, 0.0, 0.5193467898814383, 0.006265488519827433] ----
T6 Ep 1/10 | L 0.9977 | Train Acc 0.49 | Prec 0.48 | F1 0.55 | Det Rec 0.99 | Det FA 0.00 | Epoch Time 183.74s (Eval 150.32s, Train 33.42s)
[STATE 2026-04-03 15:30:21] T6 Ep 1/10 complete: Prec 0.4766 F1 0.5488 DetRec 0.9927 DetFA 0.0047 | 183.74s total (150.32s eval/33.42s train)
[STATE 2026-04-03 15:30:21] Task 6 Epoch 2/10: entering train loop
T6 Ep 2/10 | L 0.8930 | Train Acc 0.53 | Prec 0.52 | F1 0.59 | Det Rec 1.00 | Det FA 0.00 | Epoch Time 33.88s (Eval 0.00s, Train 33.88s)
[STATE 2026-04-03 15:30:55] T6 Ep 2/10 complete: Prec 0.5190 F1 0.5912 DetRec 0.9993 DetFA 0.0014 | 33.88s total (0.00s eval/33.88s train)
[STATE 2026-04-03 15:30:55] Task 6 Epoch 3/10: entering train loop
T6 Ep 3/10 | L 0.8638 | Train Acc 0.54 | Prec 0.53 | F1 0.60 | Det Rec 1.00 | Det FA 0.00 | Epoch Time 34.11s (Eval 0.00s, Train 34.11s)
[STATE 2026-04-03 15:31:29] T6 Ep 3/10 complete: Prec 0.5269 F1 0.5969 DetRec 0.9997 DetFA 0.0006 | 34.11s total (0.00s eval/34.11s train)
[STATE 2026-04-03 15:31:29] Task 6 Epoch 4/10: entering train loop
T6 Ep 4/10 | L 0.8485 | Train Acc 0.54 | Prec 0.54 | F1 0.61 | Det Rec 1.00 | Det FA 0.00 | Epoch Time 33.60s (Eval 0.00s, Train 33.60s)
[STATE 2026-04-03 15:32:03] T6 Ep 4/10 complete: Prec 0.5410 F1 0.6060 DetRec 0.9998 DetFA 0.0003 | 33.60s total (0.00s eval/33.60s train)
[STATE 2026-04-03 15:32:03] Task 6 Epoch 5/10: entering train loop
T6 Ep 5/10 | L 0.8398 | Train Acc 0.55 | Prec 0.55 | F1 0.61 | Det Rec 1.00 | Det FA 0.00 | Epoch Time 34.14s (Eval 0.00s, Train 34.14s)
[STATE 2026-04-03 15:32:37] T6 Ep 5/10 complete: Prec 0.5472 F1 0.6122 DetRec 0.9998 DetFA 0.0003 | 34.14s total (0.00s eval/34.14s train)
[STATE 2026-04-03 15:32:37] Task 6 Epoch 6/10: entering train loop
T6 Ep 6/10 | L 0.8341 | Train Acc 0.55 | Prec 0.55 | F1 0.61 | Det Rec 1.00 | Det FA 0.00 | Epoch Time 34.12s (Eval 0.00s, Train 34.12s)
[STATE 2026-04-03 15:33:11] T6 Ep 6/10 complete: Prec 0.5487 F1 0.6115 DetRec 0.9998 DetFA 0.0003 | 34.12s total (0.00s eval/34.12s train)
[STATE 2026-04-03 15:33:11] Task 6 Epoch 7/10: entering train loop
T6 Ep 7/10 | L 0.8265 | Train Acc 0.55 | Prec 0.55 | F1 0.61 | Det Rec 1.00 | Det FA 0.00 | Epoch Time 33.96s (Eval 0.00s, Train 33.96s)
[STATE 2026-04-03 15:33:45] T6 Ep 7/10 complete: Prec 0.5503 F1 0.6144 DetRec 0.9999 DetFA 0.0002 | 33.96s total (0.00s eval/33.96s train)
[STATE 2026-04-03 15:33:45] Task 6 Epoch 8/10: entering train loop
T6 Ep 8/10 | L 0.8146 | Train Acc 0.56 | Prec 0.56 | F1 0.62 | Det Rec 1.00 | Det FA 0.00 | Epoch Time 33.94s (Eval 0.00s, Train 33.94s)
[STATE 2026-04-03 15:34:19] T6 Ep 8/10 complete: Prec 0.5579 F1 0.6202 DetRec 0.9999 DetFA 0.0002 | 33.94s total (0.00s eval/33.94s train)
[STATE 2026-04-03 15:34:19] Task 6 Epoch 9/10: entering train loop
T6 Ep 9/10 | L 0.8173 | Train Acc 0.56 | Prec 0.56 | F1 0.62 | Det Rec 1.00 | Det FA 0.00 | Epoch Time 33.93s (Eval 0.00s, Train 33.93s)
[STATE 2026-04-03 15:34:53] T6 Ep 9/10 complete: Prec 0.5585 F1 0.6230 DetRec 0.9999 DetFA 0.0002 | 33.93s total (0.00s eval/33.93s train)
[STATE 2026-04-03 15:34:53] Task 6 Epoch 10/10: entering train loop
T6 Ep 10/10 | L 0.8102 | Train Acc 0.56 | Prec 0.56 | F1 0.62 | Det Rec 1.00 | Det FA 0.00 | Epoch Time 33.79s (Eval 0.00s, Train 33.79s)
[STATE 2026-04-03 15:35:27] T6 Ep 10/10 complete: Prec 0.5595 F1 0.6218 DetRec 0.9999 DetFA 0.0001 | 33.79s total (0.00s eval/33.79s train)
[STATE 2026-04-03 15:35:27] Task 6: running final validation.
[STATE 2026-04-03 15:37:58] Completed task 6 (7/10)
Task 7: 188050 training samples, 94025 test samples.
[STATE 2026-04-03 15:37:59] Task 7: zero-shot validation (pre-train)
---- Zero-shot (pre-train) task 7: rec_cls 0.1975 | prec_cls 0.1865 | f1_cls 0.0538 | det 0.5000 | pfa 0.9999 | total_f1 0.4622 ----
[STATE 2026-04-03 15:41:10] Starting task 7 (8/10)
[STATE 2026-04-03 15:41:10] Task 7 Epoch 1/10: entering train loop
[STATE 2026-04-03 15:47:19] Task 7 Epoch 1/10: running validation (end of epoch)
---- Eval at Epoch 0: cls [0.6381759670048582, 0.8918926043049176, 0.423750224120884, 0.5178450079566314, 0.3594626853797333, 0.2125007138006124, 0.4815885361239784, 0.2948306478923306] | det_recall [0.8392435029854237, 0.9060446432151242, 0.7806448039350793, 0.99675203440085, 1.0, 0.7103821954006654, 0.9990370677251507, 0.72925353097762] | det_fa [0.08481624940191256, 0.16454884140072598, 0.3959296005109089, 0.002854150737746049, 0.0, 0.5166900469887316, 0.0019258645496985638, 0.4707518980166727] ----
T7 Ep 1/10 | L 1.3139 | Train Acc 0.40 | Prec 0.43 | F1 0.41 | Det Rec 0.78 | Det FA 0.36 | Epoch Time 560.42s (Eval 191.78s, Train 368.65s)
[STATE 2026-04-03 15:50:31] T7 Ep 1/10 complete: Prec 0.4262 F1 0.4064 DetRec 0.7795 DetFA 0.3567 | 560.42s total (191.78s eval/368.65s train)
[STATE 2026-04-03 15:50:31] Task 7 Epoch 2/10: entering train loop
T7 Ep 2/10 | L 1.2228 | Train Acc 0.45 | Prec 0.47 | F1 0.45 | Det Rec 0.79 | Det FA 0.35 | Epoch Time 369.71s (Eval 0.00s, Train 369.71s)
[STATE 2026-04-03 15:56:40] T7 Ep 2/10 complete: Prec 0.4672 F1 0.4537 DetRec 0.7878 DetFA 0.3473 | 369.71s total (0.00s eval/369.71s train)
[STATE 2026-04-03 15:56:40] Task 7 Epoch 3/10: entering train loop
T7 Ep 3/10 | L 1.0857 | Train Acc 0.52 | Prec 0.53 | F1 0.52 | Det Rec 0.80 | Det FA 0.34 | Epoch Time 369.60s (Eval 0.00s, Train 369.60s)
[STATE 2026-04-03 16:02:50] T7 Ep 3/10 complete: Prec 0.5304 F1 0.5152 DetRec 0.7952 DetFA 0.3351 | 369.60s total (0.00s eval/369.60s train)
[STATE 2026-04-03 16:02:50] Task 7 Epoch 4/10: entering train loop
T7 Ep 4/10 | L 1.0448 | Train Acc 0.54 | Prec 0.55 | F1 0.53 | Det Rec 0.80 | Det FA 0.34 | Epoch Time 370.10s (Eval 0.00s, Train 370.10s)
[STATE 2026-04-03 16:09:00] T7 Ep 4/10 complete: Prec 0.5501 F1 0.5335 DetRec 0.7955 DetFA 0.3355 | 370.10s total (0.00s eval/370.10s train)
[STATE 2026-04-03 16:09:00] Task 7 Epoch 5/10: entering train loop
T7 Ep 5/10 | L 1.0251 | Train Acc 0.55 | Prec 0.56 | F1 0.54 | Det Rec 0.79 | Det FA 0.34 | Epoch Time 368.78s (Eval 0.00s, Train 368.78s)
[STATE 2026-04-03 16:15:09] T7 Ep 5/10 complete: Prec 0.5590 F1 0.5410 DetRec 0.7941 DetFA 0.3393 | 368.78s total (0.00s eval/368.78s train)
[STATE 2026-04-03 16:15:09] Task 7 Epoch 6/10: entering train loop
T7 Ep 6/10 | L 1.0088 | Train Acc 0.56 | Prec 0.57 | F1 0.55 | Det Rec 0.80 | Det FA 0.34 | Epoch Time 368.27s (Eval 0.00s, Train 368.27s)
[STATE 2026-04-03 16:21:17] T7 Ep 6/10 complete: Prec 0.5667 F1 0.5485 DetRec 0.7953 DetFA 0.3378 | 368.27s total (0.00s eval/368.27s train)
[STATE 2026-04-03 16:21:17] Task 7 Epoch 7/10: entering train loop
T7 Ep 7/10 | L 1.0015 | Train Acc 0.57 | Prec 0.57 | F1 0.55 | Det Rec 0.79 | Det FA 0.34 | Epoch Time 368.71s (Eval 0.00s, Train 368.71s)
[STATE 2026-04-03 16:27:26] T7 Ep 7/10 complete: Prec 0.5710 F1 0.5522 DetRec 0.7947 DetFA 0.3390 | 368.71s total (0.00s eval/368.71s train)
[STATE 2026-04-03 16:27:26] Task 7 Epoch 8/10: entering train loop
T7 Ep 8/10 | L 0.9902 | Train Acc 0.57 | Prec 0.58 | F1 0.56 | Det Rec 0.80 | Det FA 0.34 | Epoch Time 370.48s (Eval 0.00s, Train 370.48s)
[STATE 2026-04-03 16:33:36] T7 Ep 8/10 complete: Prec 0.5757 F1 0.5566 DetRec 0.7953 DetFA 0.3394 | 370.48s total (0.00s eval/370.48s train)
[STATE 2026-04-03 16:33:36] Task 7 Epoch 9/10: entering train loop
T7 Ep 9/10 | L 0.9840 | Train Acc 0.58 | Prec 0.58 | F1 0.56 | Det Rec 0.80 | Det FA 0.34 | Epoch Time 369.29s (Eval 0.00s, Train 369.29s)
[STATE 2026-04-03 16:39:45] T7 Ep 9/10 complete: Prec 0.5817 F1 0.5611 DetRec 0.7955 DetFA 0.3386 | 369.29s total (0.00s eval/369.29s train)
[STATE 2026-04-03 16:39:45] Task 7 Epoch 10/10: entering train loop
T7 Ep 10/10 | L 0.9776 | Train Acc 0.58 | Prec 0.58 | F1 0.56 | Det Rec 0.80 | Det FA 0.34 | Epoch Time 369.61s (Eval 0.00s, Train 369.61s)
[STATE 2026-04-03 16:45:55] T7 Ep 10/10 complete: Prec 0.5817 F1 0.5621 DetRec 0.7959 DetFA 0.3378 | 369.61s total (0.00s eval/369.61s train)
[STATE 2026-04-03 16:45:55] Task 7: running final validation.
[STATE 2026-04-03 16:49:07] Completed task 7 (8/10)
Task 8: 36658 training samples, 12220 test samples.
[STATE 2026-04-03 16:49:07] Task 8: zero-shot validation (pre-train)
---- Zero-shot (pre-train) task 8: rec_cls 0.1404 | prec_cls 0.0466 | f1_cls 0.0271 | det 0.4991 | pfa 0.9930 | total_f1 0.4354 ----
[STATE 2026-04-03 16:52:23] Starting task 8 (9/10)
[STATE 2026-04-03 16:52:23] Task 8 Epoch 1/10: entering train loop
[STATE 2026-04-03 16:53:34] Task 8 Epoch 1/10: running validation (end of epoch)
---- Eval at Epoch 0: cls [0.6392873684991103, 0.8916453760319138, 0.4363695149975541, 0.5270078179121539, 0.3606625427789211, 0.21157883601058877, 0.48694977689435176, 0.2628673033504981, 0.6119168149474354] | det_recall [0.8386832049910046, 0.9039043543092147, 0.7867983207993786, 0.9967445975153758, 1.0, 0.7068690497261698, 0.9994581936898042, 0.7331250503990769, 0.6651622574481103] | det_fa [0.08673275225910704, 0.1689001482790037, 0.38536373089127096, 0.0036054321599098584, 0.0, 0.52119176465609, 0.0010836126203916476, 0.475750835643091, 0.5841428016614135] ----
T8 Ep 1/10 | L 0.9692 | Train Acc 0.67 | Prec 0.70 | F1 0.52 | Det Rec 0.68 | Det FA 0.60 | Epoch Time 269.69s (Eval 198.33s, Train 71.36s)
[STATE 2026-04-03 16:56:53] T8 Ep 1/10 complete: Prec 0.7020 F1 0.5203 DetRec 0.6767 DetFA 0.6035 | 269.69s total (198.33s eval/71.36s train)
[STATE 2026-04-03 16:56:53] Task 8 Epoch 2/10: entering train loop
T8 Ep 2/10 | L 0.8320 | Train Acc 0.72 | Prec 0.74 | F1 0.57 | Det Rec 0.72 | Det FA 0.52 | Epoch Time 71.34s (Eval 0.00s, Train 71.34s)
[STATE 2026-04-03 16:58:04] T8 Ep 2/10 complete: Prec 0.7420 F1 0.5729 DetRec 0.7190 DetFA 0.5207 | 71.34s total (0.00s eval/71.34s train)
[STATE 2026-04-03 16:58:04] Task 8 Epoch 3/10: entering train loop
T8 Ep 3/10 | L 0.7089 | Train Acc 0.77 | Prec 0.78 | F1 0.62 | Det Rec 0.76 | Det FA 0.44 | Epoch Time 71.16s (Eval 0.00s, Train 71.16s)
[STATE 2026-04-03 16:59:15] T8 Ep 3/10 complete: Prec 0.7822 F1 0.6243 DetRec 0.7592 DetFA 0.4418 | 71.16s total (0.00s eval/71.16s train)
[STATE 2026-04-03 16:59:15] Task 8 Epoch 4/10: entering train loop
T8 Ep 4/10 | L 0.6796 | Train Acc 0.78 | Prec 0.79 | F1 0.64 | Det Rec 0.76 | Det FA 0.43 | Epoch Time 71.54s (Eval 0.00s, Train 71.54s)
[STATE 2026-04-03 17:00:27] T8 Ep 4/10 complete: Prec 0.7925 F1 0.6364 DetRec 0.7649 DetFA 0.4328 | 71.54s total (0.00s eval/71.54s train)
[STATE 2026-04-03 17:00:27] Task 8 Epoch 5/10: entering train loop
T8 Ep 5/10 | L 0.6510 | Train Acc 0.79 | Prec 0.80 | F1 0.65 | Det Rec 0.77 | Det FA 0.42 | Epoch Time 71.76s (Eval 0.00s, Train 71.76s)
[STATE 2026-04-03 17:01:38] T8 Ep 5/10 complete: Prec 0.7999 F1 0.6471 DetRec 0.7725 DetFA 0.4183 | 71.76s total (0.00s eval/71.76s train)
[STATE 2026-04-03 17:01:38] Task 8 Epoch 6/10: entering train loop
T8 Ep 6/10 | L 0.6308 | Train Acc 0.80 | Prec 0.81 | F1 0.66 | Det Rec 0.78 | Det FA 0.41 | Epoch Time 71.09s (Eval 0.00s, Train 71.09s)
[STATE 2026-04-03 17:02:49] T8 Ep 6/10 complete: Prec 0.8086 F1 0.6556 DetRec 0.7786 DetFA 0.4089 | 71.09s total (0.00s eval/71.09s train)
[STATE 2026-04-03 17:02:49] Task 8 Epoch 7/10: entering train loop
T8 Ep 7/10 | L 0.6127 | Train Acc 0.80 | Prec 0.81 | F1 0.66 | Det Rec 0.78 | Det FA 0.40 | Epoch Time 65.53s (Eval 0.00s, Train 65.53s)
[STATE 2026-04-03 17:03:55] T8 Ep 7/10 complete: Prec 0.8109 F1 0.6587 DetRec 0.7807 DetFA 0.4024 | 65.53s total (0.00s eval/65.53s train)
[STATE 2026-04-03 17:03:55] Task 8 Epoch 8/10: entering train loop
T8 Ep 8/10 | L 0.6094 | Train Acc 0.82 | Prec 0.82 | F1 0.67 | Det Rec 0.78 | Det FA 0.40 | Epoch Time 63.93s (Eval 0.00s, Train 63.93s)
[STATE 2026-04-03 17:04:59] T8 Ep 8/10 complete: Prec 0.8193 F1 0.6657 DetRec 0.7823 DetFA 0.4032 | 63.93s total (0.00s eval/63.93s train)
[STATE 2026-04-03 17:04:59] Task 8 Epoch 9/10: entering train loop
T8 Ep 9/10 | L 0.5932 | Train Acc 0.81 | Prec 0.82 | F1 0.67 | Det Rec 0.78 | Det FA 0.40 | Epoch Time 67.53s (Eval 0.00s, Train 67.53s)
[STATE 2026-04-03 17:06:06] T8 Ep 9/10 complete: Prec 0.8194 F1 0.6660 DetRec 0.7848 DetFA 0.3976 | 67.53s total (0.00s eval/67.53s train)
[STATE 2026-04-03 17:06:06] Task 8 Epoch 10/10: entering train loop
T8 Ep 10/10 | L 0.5847 | Train Acc 0.82 | Prec 0.82 | F1 0.67 | Det Rec 0.79 | Det FA 0.40 | Epoch Time 71.00s (Eval 0.00s, Train 71.00s)
[STATE 2026-04-03 17:07:17] T8 Ep 10/10 complete: Prec 0.8217 F1 0.6694 DetRec 0.7856 DetFA 0.3974 | 71.00s total (0.00s eval/71.00s train)
[STATE 2026-04-03 17:07:17] Task 8: running final validation.
[STATE 2026-04-03 17:10:33] Completed task 8 (9/10)
Task 9: 17340 training samples, 6800 test samples.
[STATE 2026-04-03 17:10:34] Task 9: zero-shot validation (pre-train)
---- Zero-shot (pre-train) task 9: rec_cls 0.2163 | prec_cls 0.2048 | f1_cls 0.0949 | det 0.5000 | pfa 1.0000 | total_f1 0.4493 ----
[STATE 2026-04-03 17:13:55] Starting task 9 (10/10)
[STATE 2026-04-03 17:13:55] Task 9 Epoch 1/10: entering train loop
[STATE 2026-04-03 17:14:29] Task 9 Epoch 1/10: running validation (end of epoch)
---- Eval at Epoch 0: cls [0.6397144298302373, 0.8906901472736628, 0.43614338672985026, 0.5256651936516165, 0.36448547686333194, 0.2126921156012192, 0.4886724662073391, 0.2582232570247677, 0.4814769853226537, 0.39735882785573945] | det_recall [0.8407922402120519, 0.9065101417772139, 0.7860791492545767, 0.9953229284779975, 1.0, 0.708726002865664, 0.9993203006947684, 0.7322385105029502, 0.7579152887277929, 1.0] | det_fa [0.08469713711858916, 0.16179707539272103, 0.3855696454696051, 0.0066500819289275455, 0.0, 0.5189109860433666, 0.001359398610463352, 0.47702530733771925, 0.2492014348723918, 0.0] ----
T9 Ep 1/10 | L 0.9882 | Train Acc 0.39 | Prec 0.39 | F1 0.46 | Det Rec 0.99 | Det FA 0.00 | Epoch Time 235.27s (Eval 201.06s, Train 34.21s)
[STATE 2026-04-03 17:17:50] T9 Ep 1/10 complete: Prec 0.3899 F1 0.4631 DetRec 0.9895 DetFA 0.0000 | 235.27s total (201.06s eval/34.21s train)
[STATE 2026-04-03 17:17:50] Task 9 Epoch 2/10: entering train loop
T9 Ep 2/10 | L 0.9014 | Train Acc 0.43 | Prec 0.43 | F1 0.50 | Det Rec 1.00 | Det FA 0.00 | Epoch Time 34.29s (Eval 0.00s, Train 34.29s)
[STATE 2026-04-03 17:18:24] T9 Ep 2/10 complete: Prec 0.4315 F1 0.5002 DetRec 1.0000 DetFA 0.0000 | 34.29s total (0.00s eval/34.29s train)
[STATE 2026-04-03 17:18:24] Task 9 Epoch 3/10: entering train loop
T9 Ep 3/10 | L 0.8843 | Train Acc 0.44 | Prec 0.45 | F1 0.52 | Det Rec 1.00 | Det FA 0.00 | Epoch Time 33.96s (Eval 0.00s, Train 33.96s)
[STATE 2026-04-03 17:18:58] T9 Ep 3/10 complete: Prec 0.4519 F1 0.5185 DetRec 1.0000 DetFA 0.0000 | 33.96s total (0.00s eval/33.96s train)
[STATE 2026-04-03 17:18:58] Task 9 Epoch 4/10: entering train loop
T9 Ep 4/10 | L 0.8641 | Train Acc 0.45 | Prec 0.45 | F1 0.53 | Det Rec 1.00 | Det FA 0.00 | Epoch Time 33.71s (Eval 0.00s, Train 33.71s)
[STATE 2026-04-03 17:19:32] T9 Ep 4/10 complete: Prec 0.4519 F1 0.5283 DetRec 1.0000 DetFA 0.0000 | 33.71s total (0.00s eval/33.71s train)
[STATE 2026-04-03 17:19:32] Task 9 Epoch 5/10: entering train loop
T9 Ep 5/10 | L 0.8640 | Train Acc 0.46 | Prec 0.46 | F1 0.53 | Det Rec 1.00 | Det FA 0.00 | Epoch Time 33.75s (Eval 0.00s, Train 33.75s)
[STATE 2026-04-03 17:20:06] T9 Ep 5/10 complete: Prec 0.4606 F1 0.5311 DetRec 1.0000 DetFA 0.0000 | 33.75s total (0.00s eval/33.75s train)
[STATE 2026-04-03 17:20:06] Task 9 Epoch 6/10: entering train loop
T9 Ep 6/10 | L 0.8502 | Train Acc 0.46 | Prec 0.46 | F1 0.54 | Det Rec 1.00 | Det FA 0.00 | Epoch Time 33.48s (Eval 0.00s, Train 33.48s)
[STATE 2026-04-03 17:20:39] T9 Ep 6/10 complete: Prec 0.4635 F1 0.5362 DetRec 1.0000 DetFA 0.0000 | 33.48s total (0.00s eval/33.48s train)
[STATE 2026-04-03 17:20:39] Task 9 Epoch 7/10: entering train loop
T9 Ep 7/10 | L 0.8451 | Train Acc 0.47 | Prec 0.47 | F1 0.55 | Det Rec 1.00 | Det FA 0.00 | Epoch Time 34.06s (Eval 0.00s, Train 34.06s)
[STATE 2026-04-03 17:21:13] T9 Ep 7/10 complete: Prec 0.4706 F1 0.5468 DetRec 1.0000 DetFA 0.0000 | 34.06s total (0.00s eval/34.06s train)
[STATE 2026-04-03 17:21:13] Task 9 Epoch 8/10: entering train loop
T9 Ep 8/10 | L 0.8390 | Train Acc 0.47 | Prec 0.47 | F1 0.55 | Det Rec 1.00 | Det FA 0.00 | Epoch Time 33.68s (Eval 0.00s, Train 33.68s)
[STATE 2026-04-03 17:21:47] T9 Ep 8/10 complete: Prec 0.4737 F1 0.5486 DetRec 1.0000 DetFA 0.0000 | 33.68s total (0.00s eval/33.68s train)
[STATE 2026-04-03 17:21:47] Task 9 Epoch 9/10: entering train loop
T9 Ep 9/10 | L 0.8428 | Train Acc 0.47 | Prec 0.48 | F1 0.55 | Det Rec 1.00 | Det FA 0.00 | Epoch Time 34.07s (Eval 0.00s, Train 34.07s)
[STATE 2026-04-03 17:22:21] T9 Ep 9/10 complete: Prec 0.4765 F1 0.5489 DetRec 1.0000 DetFA 0.0000 | 34.07s total (0.00s eval/34.07s train)
[STATE 2026-04-03 17:22:21] Task 9 Epoch 10/10: entering train loop
T9 Ep 10/10 | L 0.8289 | Train Acc 0.47 | Prec 0.47 | F1 0.55 | Det Rec 1.00 | Det FA 0.00 | Epoch Time 33.73s (Eval 0.00s, Train 33.73s)
[STATE 2026-04-03 17:22:55] T9 Ep 10/10 complete: Prec 0.4746 F1 0.5490 DetRec 1.0000 DetFA 0.0000 | 33.73s total (0.00s eval/33.73s train)
[STATE 2026-04-03 17:22:55] Task 9: running final validation.
[STATE 2026-04-03 17:26:15] Completed task 9 (10/10)
####Final Validation Accuracy####
Final Results:- 
 Total Recall: 0.4717143925499518 
 Individual Recall: [0.6386058974895622, 0.8906781924346968, 0.43646861444036095, 0.5182241810310311, 0.36231201915266353, 0.21258078675182518, 0.48288463535884574, 0.26037969206107964, 0.4909289579903313, 0.42408094878912134]
Final Detection Results:- 
 Total Detection: 0.8718009658135886 
 Individual Detection: [0.839361636676319, 0.9046621367220089, 0.785681324627234, 0.9958755696386411, 1.0, 0.7064757949260767, 0.9994581936898042, 0.7315939588238353, 0.7549010430319663, 1.0]
Final Detection False Alarm:- 
 Total False Alarm: 0.19021075269321983 
 Individual False Alarm: [0.08671243266873356, 0.16612255772000853, 0.3863763126502799, 0.004624977751325615, 0.0, 0.5225540563351156, 0.0010836126203916476, 0.4785672655172907, 0.25606631166905286, 0.0]
SUMMARY_TR cls_rec=0.4694 cls_prec=0.4746 cls_f1=0.5490 det=0.8727 fa=0.1885
SUMMARY_TE cls_rec=0.4717 cls_prec=0.5035 cls_f1=0.4926 det=0.8718 fa=0.1902
[STATE 2026-04-03 17:26:16] Saving results to logs//packnet/full-tasks-2_all-10epochs_weighted-loss-2026-04-03_11-12-59-6722/0/results
Model size: 0.0289 GB
Memory buffer size: 0.0000 GB
logs//packnet/full-tasks-2_all-10epochs_weighted-loss-2026-04-03_11-12-59-6722/0/results: {'expt_name': 'full-tasks-2_all-10epochs_weighted-loss', 'model': 'packnet', 'arch': 'resnet1d', 'n_hiddens': 100, 'n_layers': 2, 'xav_init': False, 'debug': False, 'use_detector_arch': False, 'glances': 1, 'n_epochs': 10, 'batch_size': 256, 'replay_batch_size': 128, 'memories': 5120, 'lr': 0.03, 'optimizer': 'sgd', 'class_weighted_ce': True, 'cuda': True, 'seed': 0, 'log_every': 10, 'log_dir': 'logs//packnet/full-tasks-2_all-10epochs_weighted-loss-2026-04-03_11-12-59-6722/0', 'tf_dir': 'logs//packnet/full-tasks-2_all-10epochs_weighted-loss-2026-04-03_11-12-59-6722/0/tfdir', 'calc_test_accuracy': False, 'state_logging': True, 'data_path': 'data/rff/radar/full', 'task_order_files': 't2-rcn,t0-rcn,t2-uclresm-25noise,t0-deeprad,t1-deeprad,t1-uclresm-25noise,t3-deeprad,t0-uclresm-25noise,t1-rcn,t2-deeprad', 'loader': 'task_incremental_loader', 'samples_per_task': -1, 'shuffle_tasks': False, 'classes_per_it': 6, 'iterations': 5000, 'dataset': 'iq', 'workers': 0, 'validation': 0.5, 'data_scaling': 'normalize', 'use_iq_aug_features': False, 'iq_aug_feature_type': 'power', 'class_order': 'random', 'increment': 5, 'test_batch_size': 512, 'nc_per_task': None, 'nc_per_task_list': '', 'val_rate': 1000, 'opt_lr': 0.1, 'opt_wt': 0.1, 'alpha_init': 0.001, 'learn_lr': False, 'sync_update': False, 'grad_clip_norm': 5.0, 'meta_batches': 3, 'use_old_task_memory': False, 'second_order': False, 'n_memories': 5120, 'memory_strength': 0, 'steps_per_sample': 1, 'bgd_optimizer': 'sgd', 'optimizer_params': '{}', 'train_mc_iters': 5, 'std_init': 0.05, 'mean_eta': 1, 'fisher_gamma': 0.95, 'rln': 7, 'update_steps': 10, 'meta_lr': 0.001, 'update_lr': 0.1, 'ctx_lr': 0.05, 'n_meta': 2, 'inner_steps': 1, 'temperature': 5.0, 'task_emb': 64, 'classes_per_task': [6, 7, 6, 7, 7, 6, 6, 6, 7, 6], 'get_samples_per_task': <bound method IncrementalLoader.get_samples_per_task of <dataloaders.task_incremental_loader.IncrementalLoader object at 0x729d90aa9df0>>} # val: 0.523 0.472 -0.052 0.000 # sizes: model_gb=0.0289 mem_gb=0.0000 # 22333.217122077942
[STATE 2026-04-03 17:26:16] results.pt components (approx): state_dict 73.6 MB, result_val_t 0.1 KB, result_val_a 0.8 KB
[STATE 2026-04-03 17:26:16] Results saved; total runtime 6.20h
Total runtime: 6.20 hours
