[STATE 2026-04-10 14:09:56] Enabling terminal logging to logs//icarl/full-tasks-2_all-10epochs_weighted-loss-2026-04-10_14-09-56-2845/0/terminal.log
New Experiment Starting...
Running model:  icarl
[STATE 2026-04-10 14:09:56] Experiment 'full-tasks-2_all-10epochs_weighted-loss' starting with model 'icarl' (seed 0)
Set seed 0
t2-rcn.npz train: x=(50362, 1024), y=(50362, 2)
t2-rcn.npz test: x=(16787, 1024), y=(16787, 2)
t2-rcn.npz: applied data scaling mode 'normalize'.
Loaded t2-rcn.npz: Unique train labels: UniqueCountsResult(values=array([-1,  3,  5, 10, 12, 15]), counts=array([24209,  5770,  3030,  2320,  7509,  7524]))
Noise labels ratio in t2-rcn.npz train: 0.24, test: 0.24
Loaded t2-rcn.npz: Remapped labels: [0 1 2 3 4 5]. Size: 50362)
t0-rcn.npz train: x=(51916, 1024), y=(51916, 2)
t0-rcn.npz test: x=(17305, 1024), y=(17305, 2)
t0-rcn.npz: applied data scaling mode 'normalize'.
Loaded t0-rcn.npz: Unique train labels: UniqueCountsResult(values=array([-1,  1,  8,  9, 11, 13, 14]), counts=array([24225,  4268,  2495,  2943,  3015,  7464,  7506]))
Noise labels ratio in t0-rcn.npz train: 0.23, test: 0.23
Loaded t0-rcn.npz: Remapped labels: [ 6  7  8  9 10 11 12]. Size: 51916)
t2-uclresm-25noise.npz train: moved sample axis (3, 350028, 1024) -> (350028, 3, 1024)
t2-uclresm-25noise.npz test: moved sample axis (3, 233351, 1024) -> (233351, 3, 1024)
t2-uclresm-25noise.npz train: x=(350028, 3, 1024), y=(350028,)
t2-uclresm-25noise.npz test: x=(233351, 3, 1024), y=(233351,)
t2-uclresm-25noise.npz: applied data scaling mode 'normalize'.
Loaded t2-uclresm-25noise.npz: Unique train labels: UniqueCountsResult(values=array([-1,  0,  1,  2,  3,  4]), counts=array([87441, 27347, 71754, 64298, 36005, 63183]))
Noise labels ratio in t2-uclresm-25noise.npz train: 0.25, test: 0.25
Loaded t2-uclresm-25noise.npz: Remapped labels: [13 14 15 16 17 18]. Size: 350028)
t0-deeprad.npz train: x=(24480, 1024), y=(24480, 2)
t0-deeprad.npz test: x=(8160, 1024), y=(8160, 2)
t0-deeprad.npz: applied data scaling mode 'normalize'.
Loaded t0-deeprad.npz: Unique train labels: UniqueCountsResult(values=array([-1,  0,  1,  2,  3,  4,  5]), counts=array([12240,  2029,  1983,  2043,  2154,  2015,  2016]))
Noise labels ratio in t0-deeprad.npz train: 0.25, test: 0.25
Loaded t0-deeprad.npz: Remapped labels: [19 20 21 22 23 24 25]. Size: 24480)
t1-deeprad.npz train: x=(24480, 1024), y=(24480, 2)
t1-deeprad.npz test: x=(8160, 1024), y=(8160, 2)
t1-deeprad.npz: applied data scaling mode 'normalize'.
Loaded t1-deeprad.npz: Unique train labels: UniqueCountsResult(values=array([-1,  0,  1,  2,  3,  4,  5]), counts=array([12240,  1988,  2029,  2054,  1988,  2053,  2128]))
Noise labels ratio in t1-deeprad.npz train: 0.25, test: 0.25
Loaded t1-deeprad.npz: Remapped labels: [26 27 28 29 30 31 32]. Size: 24480)
t1-uclresm-25noise.npz train: moved sample axis (3, 201410, 1024) -> (201410, 3, 1024)
t1-uclresm-25noise.npz test: moved sample axis (3, 116291, 1024) -> (116291, 3, 1024)
t1-uclresm-25noise.npz train: x=(201410, 3, 1024), y=(201410,)
t1-uclresm-25noise.npz test: x=(116291, 3, 1024), y=(116291,)
t1-uclresm-25noise.npz: applied data scaling mode 'normalize'.
Loaded t1-uclresm-25noise.npz: Unique train labels: UniqueCountsResult(values=array([-1,  0,  1,  2,  3,  4]), counts=array([43668, 18021, 17838, 18087, 31870, 71926]))
Noise labels ratio in t1-uclresm-25noise.npz train: 0.22, test: 0.25
Loaded t1-uclresm-25noise.npz: Remapped labels: [33 34 35 36 37 38]. Size: 201410)
t3-deeprad.npz train: x=(17340, 1024), y=(17340, 2)
t3-deeprad.npz test: x=(6800, 1024), y=(6800, 2)
t3-deeprad.npz: applied data scaling mode 'normalize'.
Loaded t3-deeprad.npz: Unique train labels: UniqueCountsResult(values=array([-1,  0,  1,  2,  3,  4]), counts=array([8670, 1693, 1677, 1794, 1716, 1790]))
Noise labels ratio in t3-deeprad.npz train: 0.25, test: 0.25
Loaded t3-deeprad.npz: Remapped labels: [39 40 41 42 43 44]. Size: 17340)
t0-uclresm-25noise.npz train: moved sample axis (3, 188050, 1024) -> (188050, 3, 1024)
t0-uclresm-25noise.npz test: moved sample axis (3, 107348, 1024) -> (107348, 3, 1024)
t0-uclresm-25noise.npz train: x=(188050, 3, 1024), y=(188050,)
t0-uclresm-25noise.npz test: x=(107348, 3, 1024), y=(107348,)
t0-uclresm-25noise.npz: applied data scaling mode 'normalize'.
Loaded t0-uclresm-25noise.npz: Unique train labels: UniqueCountsResult(values=array([-1,  0,  1,  2,  3,  4]), counts=array([40144, 32109, 17978, 17979, 18098, 61742]))
Noise labels ratio in t0-uclresm-25noise.npz train: 0.21, test: 0.25
Loaded t0-uclresm-25noise.npz: Remapped labels: [45 46 47 48 49 50]. Size: 188050)
t1-rcn.npz train: x=(36658, 1024), y=(36658, 2)
t1-rcn.npz test: x=(12220, 1024), y=(12220, 2)
t1-rcn.npz: applied data scaling mode 'normalize'.
Loaded t1-rcn.npz: Unique train labels: UniqueCountsResult(values=array([-1,  0,  2,  4,  6,  7, 16]), counts=array([20595,   824,  2087,  2606,  2396,  1716,  6434]))
Noise labels ratio in t1-rcn.npz train: 0.28, test: 0.28
Loaded t1-rcn.npz: Remapped labels: [51 52 53 54 55 56 57]. Size: 36658)
t2-deeprad.npz train: x=(17340, 1024), y=(17340, 2)
t2-deeprad.npz test: x=(6800, 1024), y=(6800, 2)
t2-deeprad.npz: applied data scaling mode 'normalize'.
Loaded t2-deeprad.npz: Unique train labels: UniqueCountsResult(values=array([-1,  0,  1,  2,  3,  4]), counts=array([8670, 1774, 1675, 1777, 1694, 1750]))
Noise labels ratio in t2-deeprad.npz train: 0.25, test: 0.25
Loaded t2-deeprad.npz: Remapped labels: [58 59 60 61 62 63]. Size: 17340)
Built classes_per_task: [6, 7, 6, 7, 7, 6, 6, 6, 7, 6]
Classes per task: [6, 7, 6, 7, 7, 6, 6, 6, 7, 6]
[STATE 2026-04-10 14:11:01] Loader 'task_incremental_loader' ready: 1024 inputs, 64 outputs, 10 tasks
n_outputs: 64 	n_tasks: 10
[STATE 2026-04-10 14:11:01] Logging to logs//icarl/full-tasks-2_all-10epochs_weighted-loss-2026-04-10_14-09-56-2845/0
5120 0.1 1.0 -1
True
Model device: cuda:0
[STATE 2026-04-10 14:11:01] Model initialized on device cuda:0
[STATE 2026-04-10 14:11:01] Invoking continual life experience flow
[STATE 2026-04-10 14:11:01] Life experience start: 10 tasks queued
Task 0: 50362 training samples, 16787 test samples.
[STATE 2026-04-10 14:11:01] Task 0: zero-shot validation (pre-train)
---- Zero-shot (pre-train) task 0: rec_cls 0.1175 | prec_cls 0.1336 | f1_cls 0.0961 | det 0.4550 | pfa 0.7831 | total_f1 0.0961 ----
[STATE 2026-04-10 14:11:07] Starting task 0 (1/10)
[STATE 2026-04-10 14:11:07] Task 0 Epoch 1/10: entering train loop
[STATE 2026-04-10 14:12:22] Task 0 Epoch 1/10: running validation (end of epoch)
---- Eval at Epoch 0: cls [0.6460620556391887] | det_recall [0.8524357981813958] | det_fa [0.26036087031446736] ----
T0 Ep 1/10 | L 1.3736 | Train Acc 0.41 | Prec 0.45 | F1 0.39 | Det Rec 0.73 | Det FA 0.39 | Epoch Time 80.84s (Eval 6.04s, Train 74.81s)
[STATE 2026-04-10 14:12:28] T0 Ep 1/10 complete: Prec 0.4508 F1 0.3875 DetRec 0.7273 DetFA 0.3905 | 80.84s total (6.04s eval/74.81s train)
[STATE 2026-04-10 14:12:28] Task 0 Epoch 2/10: entering train loop
T0 Ep 2/10 | L 0.6824 | Train Acc 0.75 | Prec 0.75 | F1 0.70 | Det Rec 0.86 | Det FA 0.25 | Epoch Time 71.54s (Eval 0.00s, Train 71.54s)
[STATE 2026-04-10 14:13:39] T0 Ep 2/10 complete: Prec 0.7522 F1 0.6974 DetRec 0.8642 DetFA 0.2493 | 71.54s total (0.00s eval/71.54s train)
[STATE 2026-04-10 14:13:39] Task 0 Epoch 3/10: entering train loop
T0 Ep 3/10 | L 0.4791 | Train Acc 0.84 | Prec 0.85 | F1 0.79 | Det Rec 0.88 | Det FA 0.23 | Epoch Time 81.92s (Eval 0.00s, Train 81.92s)
[STATE 2026-04-10 14:15:01] T0 Ep 3/10 complete: Prec 0.8539 F1 0.7868 DetRec 0.8771 DetFA 0.2269 | 81.92s total (0.00s eval/81.92s train)
[STATE 2026-04-10 14:15:01] Task 0 Epoch 4/10: entering train loop
T0 Ep 4/10 | L 0.4066 | Train Acc 0.87 | Prec 0.88 | F1 0.81 | Det Rec 0.88 | Det FA 0.22 | Epoch Time 96.59s (Eval 0.00s, Train 96.59s)
[STATE 2026-04-10 14:16:38] T0 Ep 4/10 complete: Prec 0.8810 F1 0.8119 DetRec 0.8791 DetFA 0.2209 | 96.59s total (0.00s eval/96.59s train)
[STATE 2026-04-10 14:16:38] Task 0 Epoch 5/10: entering train loop
T0 Ep 5/10 | L 0.3775 | Train Acc 0.88 | Prec 0.89 | F1 0.82 | Det Rec 0.88 | Det FA 0.22 | Epoch Time 96.46s (Eval 0.00s, Train 96.46s)
[STATE 2026-04-10 14:18:14] T0 Ep 5/10 complete: Prec 0.8936 F1 0.8231 DetRec 0.8801 DetFA 0.2209 | 96.46s total (0.00s eval/96.46s train)
[STATE 2026-04-10 14:18:14] Task 0 Epoch 6/10: entering train loop
T0 Ep 6/10 | L 0.3557 | Train Acc 0.89 | Prec 0.90 | F1 0.83 | Det Rec 0.88 | Det FA 0.22 | Epoch Time 96.69s (Eval 0.00s, Train 96.69s)
[STATE 2026-04-10 14:19:51] T0 Ep 6/10 complete: Prec 0.8998 F1 0.8291 DetRec 0.8813 DetFA 0.2191 | 96.69s total (0.00s eval/96.69s train)
[STATE 2026-04-10 14:19:51] Task 0 Epoch 7/10: entering train loop
T0 Ep 7/10 | L 0.3366 | Train Acc 0.89 | Prec 0.91 | F1 0.83 | Det Rec 0.88 | Det FA 0.22 | Epoch Time 96.65s (Eval 0.00s, Train 96.65s)
[STATE 2026-04-10 14:21:28] T0 Ep 7/10 complete: Prec 0.9058 F1 0.8346 DetRec 0.8811 DetFA 0.2196 | 96.65s total (0.00s eval/96.65s train)
[STATE 2026-04-10 14:21:28] Task 0 Epoch 8/10: entering train loop
T0 Ep 8/10 | L 0.3255 | Train Acc 0.90 | Prec 0.91 | F1 0.84 | Det Rec 0.88 | Det FA 0.22 | Epoch Time 96.95s (Eval 0.00s, Train 96.95s)
[STATE 2026-04-10 14:23:04] T0 Ep 8/10 complete: Prec 0.9139 F1 0.8419 DetRec 0.8827 DetFA 0.2181 | 96.95s total (0.00s eval/96.95s train)
[STATE 2026-04-10 14:23:04] Task 0 Epoch 9/10: entering train loop
T0 Ep 9/10 | L 0.3129 | Train Acc 0.90 | Prec 0.92 | F1 0.84 | Det Rec 0.88 | Det FA 0.21 | Epoch Time 96.08s (Eval 0.00s, Train 96.08s)
[STATE 2026-04-10 14:24:41] T0 Ep 9/10 complete: Prec 0.9162 F1 0.8447 DetRec 0.8845 DetFA 0.2145 | 96.08s total (0.00s eval/96.08s train)
[STATE 2026-04-10 14:24:41] Task 0 Epoch 10/10: entering train loop
T0 Ep 10/10 | L 0.3037 | Train Acc 0.91 | Prec 0.92 | F1 0.85 | Det Rec 0.88 | Det FA 0.22 | Epoch Time 146.20s (Eval 0.00s, Train 146.20s)
[STATE 2026-04-10 14:27:07] T0 Ep 10/10 complete: Prec 0.9189 F1 0.8482 DetRec 0.8843 DetFA 0.2154 | 146.20s total (0.00s eval/146.20s train)
[STATE 2026-04-10 14:27:07] Task 0: running final validation.
[STATE 2026-04-10 14:27:15] Completed task 0 (1/10)
Task 1: 51916 training samples, 17305 test samples.
[STATE 2026-04-10 14:27:15] Task 1: zero-shot validation (pre-train)
---- Zero-shot (pre-train) task 1: rec_cls 0.2851 | prec_cls 0.2858 | f1_cls 0.1372 | det 0.5000 | pfa 1.0000 | total_f1 0.4867 ----
[STATE 2026-04-10 14:27:31] Starting task 1 (2/10)
[STATE 2026-04-10 14:27:31] Task 1 Epoch 1/10: entering train loop
[STATE 2026-04-10 14:29:17] Task 1 Epoch 1/10: running validation (end of epoch)
---- Eval at Epoch 0: cls [0.39332265956260537, 0.7128661253775258] | det_recall [0.7678003067243763, 0.5967112612043843] | det_fa [0.22932049832541562, 0.784436649209781] ----
T1 Ep 1/10 | L 2.0368 | Train Acc 0.57 | Prec 0.60 | F1 0.41 | Det Rec 0.55 | Det FA 0.87 | Epoch Time 122.37s (Eval 16.30s, Train 106.06s)
[STATE 2026-04-10 14:29:34] T1 Ep 1/10 complete: Prec 0.5978 F1 0.4068 DetRec 0.5467 DetFA 0.8672 | 122.37s total (16.30s eval/106.06s train)
[STATE 2026-04-10 14:29:34] Task 1 Epoch 2/10: entering train loop
T1 Ep 2/10 | L 1.2551 | Train Acc 0.74 | Prec 0.77 | F1 0.62 | Det Rec 0.71 | Det FA 0.55 | Epoch Time 101.94s (Eval 0.00s, Train 101.94s)
[STATE 2026-04-10 14:31:16] T1 Ep 2/10 complete: Prec 0.7726 F1 0.6192 DetRec 0.7084 DetFA 0.5512 | 101.94s total (0.00s eval/101.94s train)
[STATE 2026-04-10 14:31:16] Task 1 Epoch 3/10: entering train loop
T1 Ep 3/10 | L 1.0644 | Train Acc 0.78 | Prec 0.82 | F1 0.69 | Det Rec 0.77 | Det FA 0.43 | Epoch Time 102.29s (Eval 0.00s, Train 102.29s)
[STATE 2026-04-10 14:32:58] T1 Ep 3/10 complete: Prec 0.8177 F1 0.6870 DetRec 0.7693 DetFA 0.4264 | 102.29s total (0.00s eval/102.29s train)
[STATE 2026-04-10 14:32:58] Task 1 Epoch 4/10: entering train loop
T1 Ep 4/10 | L 0.9580 | Train Acc 0.82 | Prec 0.85 | F1 0.73 | Det Rec 0.81 | Det FA 0.35 | Epoch Time 102.48s (Eval 0.00s, Train 102.48s)
[STATE 2026-04-10 14:34:40] T1 Ep 4/10 complete: Prec 0.8516 F1 0.7329 DetRec 0.8055 DetFA 0.3485 | 102.48s total (0.00s eval/102.48s train)
[STATE 2026-04-10 14:34:40] Task 1 Epoch 5/10: entering train loop
T1 Ep 5/10 | L 0.8960 | Train Acc 0.83 | Prec 0.87 | F1 0.77 | Det Rec 0.84 | Det FA 0.28 | Epoch Time 102.31s (Eval 0.00s, Train 102.31s)
[STATE 2026-04-10 14:36:23] T1 Ep 5/10 complete: Prec 0.8677 F1 0.7662 DetRec 0.8379 DetFA 0.2807 | 102.31s total (0.00s eval/102.31s train)
[STATE 2026-04-10 14:36:23] Task 1 Epoch 6/10: entering train loop
T1 Ep 6/10 | L 0.8444 | Train Acc 0.84 | Prec 0.88 | F1 0.79 | Det Rec 0.86 | Det FA 0.25 | Epoch Time 102.11s (Eval 0.00s, Train 102.11s)
[STATE 2026-04-10 14:38:05] T1 Ep 6/10 complete: Prec 0.8784 F1 0.7854 DetRec 0.8560 DetFA 0.2452 | 102.11s total (0.00s eval/102.11s train)
[STATE 2026-04-10 14:38:05] Task 1 Epoch 7/10: entering train loop
T1 Ep 7/10 | L 0.7873 | Train Acc 0.85 | Prec 0.89 | F1 0.80 | Det Rec 0.87 | Det FA 0.22 | Epoch Time 102.56s (Eval 0.00s, Train 102.56s)
[STATE 2026-04-10 14:39:47] T1 Ep 7/10 complete: Prec 0.8856 F1 0.8004 DetRec 0.8682 DetFA 0.2227 | 102.56s total (0.00s eval/102.56s train)
[STATE 2026-04-10 14:39:47] Task 1 Epoch 8/10: entering train loop
T1 Ep 8/10 | L 0.7868 | Train Acc 0.86 | Prec 0.89 | F1 0.81 | Det Rec 0.88 | Det FA 0.21 | Epoch Time 102.22s (Eval 0.00s, Train 102.22s)
[STATE 2026-04-10 14:41:29] T1 Ep 8/10 complete: Prec 0.8921 F1 0.8122 DetRec 0.8765 DetFA 0.2091 | 102.22s total (0.00s eval/102.22s train)
[STATE 2026-04-10 14:41:29] Task 1 Epoch 9/10: entering train loop
T1 Ep 9/10 | L 0.7574 | Train Acc 0.87 | Prec 0.90 | F1 0.82 | Det Rec 0.88 | Det FA 0.20 | Epoch Time 102.32s (Eval 0.00s, Train 102.32s)
[STATE 2026-04-10 14:43:12] T1 Ep 9/10 complete: Prec 0.8985 F1 0.8219 DetRec 0.8821 DetFA 0.1998 | 102.32s total (0.00s eval/102.32s train)
[STATE 2026-04-10 14:43:12] Task 1 Epoch 10/10: entering train loop
T1 Ep 10/10 | L 0.7375 | Train Acc 0.88 | Prec 0.90 | F1 0.83 | Det Rec 0.89 | Det FA 0.19 | Epoch Time 139.57s (Eval 0.00s, Train 139.57s)
[STATE 2026-04-10 14:45:31] T1 Ep 10/10 complete: Prec 0.9041 F1 0.8297 DetRec 0.8867 DetFA 0.1923 | 139.57s total (0.00s eval/139.57s train)
[STATE 2026-04-10 14:45:31] Task 1: running final validation.
[STATE 2026-04-10 14:45:48] Completed task 1 (2/10)
Task 2: 350028 training samples, 175014 test samples.
[STATE 2026-04-10 14:45:48] Task 2: zero-shot validation (pre-train)
---- Zero-shot (pre-train) task 2: rec_cls 0.0228 | prec_cls 0.1731 | f1_cls 0.0960 | det 0.5171 | pfa 0.0697 | total_f1 0.4104 ----
[STATE 2026-04-10 14:47:27] Starting task 2 (3/10)
[STATE 2026-04-10 14:47:27] Task 2 Epoch 1/10: entering train loop
[STATE 2026-04-10 15:01:55] Task 2 Epoch 1/10: running validation (end of epoch)
---- Eval at Epoch 0: cls [0.08967427566169911, 0.3195846654209359, 0.3956034483665175] | det_recall [0.631783205384281, 0.6627120996649044, 0.7887177881394685] | det_fa [0.05041520553687774, 0.5377970043558011, 0.37740017472117415] ----
T2 Ep 1/10 | L 2.0888 | Train Acc 0.28 | Prec 0.29 | F1 0.32 | Det Rec 0.76 | Det FA 0.41 | Epoch Time 966.86s (Eval 98.71s, Train 868.15s)
[STATE 2026-04-10 15:03:34] T2 Ep 1/10 complete: Prec 0.2873 F1 0.3204 DetRec 0.7599 DetFA 0.4069 | 966.86s total (98.71s eval/868.15s train)
[STATE 2026-04-10 15:03:34] Task 2 Epoch 2/10: entering train loop
T2 Ep 2/10 | L 1.6193 | Train Acc 0.51 | Prec 0.50 | F1 0.51 | Det Rec 0.80 | Det FA 0.36 | Epoch Time 663.98s (Eval 0.00s, Train 663.98s)
[STATE 2026-04-10 15:14:38] T2 Ep 2/10 complete: Prec 0.5041 F1 0.5051 DetRec 0.7957 DetFA 0.3634 | 663.98s total (0.00s eval/663.98s train)
[STATE 2026-04-10 15:14:38] Task 2 Epoch 3/10: entering train loop
T2 Ep 3/10 | L 1.3565 | Train Acc 0.63 | Prec 0.64 | F1 0.61 | Det Rec 0.81 | Det FA 0.32 | Epoch Time 533.15s (Eval 0.00s, Train 533.15s)
[STATE 2026-04-10 15:23:31] T2 Ep 3/10 complete: Prec 0.6382 F1 0.6133 DetRec 0.8138 DetFA 0.3238 | 533.15s total (0.00s eval/533.15s train)
[STATE 2026-04-10 15:23:31] Task 2 Epoch 4/10: entering train loop
T2 Ep 4/10 | L 1.2278 | Train Acc 0.66 | Prec 0.68 | F1 0.65 | Det Rec 0.83 | Det FA 0.30 | Epoch Time 521.69s (Eval 0.00s, Train 521.69s)
[STATE 2026-04-10 15:32:13] T2 Ep 4/10 complete: Prec 0.6809 F1 0.6506 DetRec 0.8253 DetFA 0.2994 | 521.69s total (0.00s eval/521.69s train)
[STATE 2026-04-10 15:32:13] Task 2 Epoch 5/10: entering train loop
T2 Ep 5/10 | L 1.1690 | Train Acc 0.68 | Prec 0.70 | F1 0.67 | Det Rec 0.83 | Det FA 0.29 | Epoch Time 533.45s (Eval 0.00s, Train 533.45s)
[STATE 2026-04-10 15:41:06] T2 Ep 5/10 complete: Prec 0.6985 F1 0.6662 DetRec 0.8313 DetFA 0.2864 | 533.45s total (0.00s eval/533.45s train)
[STATE 2026-04-10 15:41:06] Task 2 Epoch 6/10: entering train loop
T2 Ep 6/10 | L 1.1129 | Train Acc 0.69 | Prec 0.71 | F1 0.68 | Det Rec 0.84 | Det FA 0.28 | Epoch Time 518.70s (Eval 0.00s, Train 518.70s)
[STATE 2026-04-10 15:49:45] T2 Ep 6/10 complete: Prec 0.7098 F1 0.6778 DetRec 0.8368 DetFA 0.2759 | 518.70s total (0.00s eval/518.70s train)
[STATE 2026-04-10 15:49:45] Task 2 Epoch 7/10: entering train loop
T2 Ep 7/10 | L 1.0719 | Train Acc 0.70 | Prec 0.72 | F1 0.69 | Det Rec 0.84 | Det FA 0.27 | Epoch Time 522.89s (Eval 0.00s, Train 522.89s)
[STATE 2026-04-10 15:58:28] T2 Ep 7/10 complete: Prec 0.7189 F1 0.6856 DetRec 0.8395 DetFA 0.2689 | 522.89s total (0.00s eval/522.89s train)
[STATE 2026-04-10 15:58:28] Task 2 Epoch 8/10: entering train loop
T2 Ep 8/10 | L 1.0431 | Train Acc 0.71 | Prec 0.73 | F1 0.69 | Det Rec 0.84 | Det FA 0.26 | Epoch Time 527.42s (Eval 0.00s, Train 527.42s)
[STATE 2026-04-10 16:07:15] T2 Ep 8/10 complete: Prec 0.7263 F1 0.6930 DetRec 0.8432 DetFA 0.2618 | 527.42s total (0.00s eval/527.42s train)
[STATE 2026-04-10 16:07:15] Task 2 Epoch 9/10: entering train loop
T2 Ep 9/10 | L 1.0045 | Train Acc 0.71 | Prec 0.73 | F1 0.70 | Det Rec 0.85 | Det FA 0.26 | Epoch Time 518.23s (Eval 0.00s, Train 518.23s)
[STATE 2026-04-10 16:15:54] T2 Ep 9/10 complete: Prec 0.7311 F1 0.6983 DetRec 0.8453 DetFA 0.2589 | 518.23s total (0.00s eval/518.23s train)
[STATE 2026-04-10 16:15:54] Task 2 Epoch 10/10: entering train loop
T2 Ep 10/10 | L 0.9843 | Train Acc 0.72 | Prec 0.74 | F1 0.70 | Det Rec 0.85 | Det FA 0.25 | Epoch Time 649.37s (Eval 0.00s, Train 649.37s)
[STATE 2026-04-10 16:26:43] T2 Ep 10/10 complete: Prec 0.7371 F1 0.7037 DetRec 0.8479 DetFA 0.2525 | 649.37s total (0.00s eval/649.37s train)
[STATE 2026-04-10 16:26:43] Task 2: running final validation.
[STATE 2026-04-10 16:27:56] Completed task 2 (3/10)
Task 3: 24480 training samples, 8160 test samples.
[STATE 2026-04-10 16:27:57] Task 3: zero-shot validation (pre-train)
---- Zero-shot (pre-train) task 3: rec_cls 0.0148 | prec_cls 0.0333 | f1_cls 0.1157 | det 0.5577 | pfa 0.0040 | total_f1 0.3138 ----
[STATE 2026-04-10 16:29:12] Starting task 3 (4/10)
[STATE 2026-04-10 16:29:12] Task 3 Epoch 1/10: entering train loop
[STATE 2026-04-10 16:29:50] Task 3 Epoch 1/10: running validation (end of epoch)
---- Eval at Epoch 0: cls [0.03377793176064041, 0.20061334495466873, 0.4535503751248185, 0.5507463330547155] | det_recall [0.591806799016751, 0.5637993242578083, 0.555910870313248, 0.9940269813556742] | det_fa [0.009844846662323383, 0.49203289374825454, 0.7956527191131468, 0.006607510178288861] ----
T3 Ep 1/10 | L 2.2798 | Train Acc 0.44 | Prec 0.45 | F1 0.50 | Det Rec 0.96 | Det FA 0.00 | Epoch Time 113.70s (Eval 76.03s, Train 37.67s)
[STATE 2026-04-10 16:31:06] T3 Ep 1/10 complete: Prec 0.4479 F1 0.4951 DetRec 0.9610 DetFA 0.0028 | 113.70s total (76.03s eval/37.67s train)
[STATE 2026-04-10 16:31:06] Task 3 Epoch 2/10: entering train loop
T3 Ep 2/10 | L 1.4684 | Train Acc 0.58 | Prec 0.58 | F1 0.63 | Det Rec 1.00 | Det FA 0.01 | Epoch Time 36.66s (Eval 0.00s, Train 36.66s)
[STATE 2026-04-10 16:31:43] T3 Ep 2/10 complete: Prec 0.5828 F1 0.6302 DetRec 0.9953 DetFA 0.0056 | 36.66s total (0.00s eval/36.66s train)
[STATE 2026-04-10 16:31:43] Task 3 Epoch 3/10: entering train loop
T3 Ep 3/10 | L 1.3425 | Train Acc 0.59 | Prec 0.60 | F1 0.64 | Det Rec 1.00 | Det FA 0.00 | Epoch Time 36.64s (Eval 0.00s, Train 36.64s)
[STATE 2026-04-10 16:32:19] T3 Ep 3/10 complete: Prec 0.5988 F1 0.6424 DetRec 0.9965 DetFA 0.0042 | 36.64s total (0.00s eval/36.64s train)
[STATE 2026-04-10 16:32:19] Task 3 Epoch 4/10: entering train loop
T3 Ep 4/10 | L 1.3148 | Train Acc 0.61 | Prec 0.62 | F1 0.66 | Det Rec 1.00 | Det FA 0.00 | Epoch Time 36.60s (Eval 0.00s, Train 36.60s)
[STATE 2026-04-10 16:32:56] T3 Ep 4/10 complete: Prec 0.6162 F1 0.6588 DetRec 0.9977 DetFA 0.0029 | 36.60s total (0.00s eval/36.60s train)
[STATE 2026-04-10 16:32:56] Task 3 Epoch 5/10: entering train loop
T3 Ep 5/10 | L 1.2707 | Train Acc 0.62 | Prec 0.63 | F1 0.67 | Det Rec 1.00 | Det FA 0.00 | Epoch Time 36.69s (Eval 0.00s, Train 36.69s)
[STATE 2026-04-10 16:33:33] T3 Ep 5/10 complete: Prec 0.6275 F1 0.6676 DetRec 0.9982 DetFA 0.0025 | 36.69s total (0.00s eval/36.69s train)
[STATE 2026-04-10 16:33:33] Task 3 Epoch 6/10: entering train loop
T3 Ep 6/10 | L 1.2501 | Train Acc 0.62 | Prec 0.63 | F1 0.67 | Det Rec 1.00 | Det FA 0.00 | Epoch Time 36.65s (Eval 0.00s, Train 36.65s)
[STATE 2026-04-10 16:34:09] T3 Ep 6/10 complete: Prec 0.6256 F1 0.6673 DetRec 0.9985 DetFA 0.0022 | 36.65s total (0.00s eval/36.65s train)
[STATE 2026-04-10 16:34:09] Task 3 Epoch 7/10: entering train loop
T3 Ep 7/10 | L 1.2124 | Train Acc 0.63 | Prec 0.63 | F1 0.67 | Det Rec 1.00 | Det FA 0.00 | Epoch Time 36.57s (Eval 0.00s, Train 36.57s)
[STATE 2026-04-10 16:34:46] T3 Ep 7/10 complete: Prec 0.6324 F1 0.6730 DetRec 0.9985 DetFA 0.0021 | 36.57s total (0.00s eval/36.57s train)
[STATE 2026-04-10 16:34:46] Task 3 Epoch 8/10: entering train loop
T3 Ep 8/10 | L 1.1981 | Train Acc 0.63 | Prec 0.64 | F1 0.68 | Det Rec 1.00 | Det FA 0.00 | Epoch Time 36.63s (Eval 0.00s, Train 36.63s)
[STATE 2026-04-10 16:35:22] T3 Ep 8/10 complete: Prec 0.6389 F1 0.6778 DetRec 0.9984 DetFA 0.0023 | 36.63s total (0.00s eval/36.63s train)
[STATE 2026-04-10 16:35:22] Task 3 Epoch 9/10: entering train loop
T3 Ep 9/10 | L 1.1757 | Train Acc 0.64 | Prec 0.65 | F1 0.69 | Det Rec 1.00 | Det FA 0.00 | Epoch Time 36.81s (Eval 0.00s, Train 36.81s)
[STATE 2026-04-10 16:35:59] T3 Ep 9/10 complete: Prec 0.6484 F1 0.6856 DetRec 0.9987 DetFA 0.0019 | 36.81s total (0.00s eval/36.81s train)
[STATE 2026-04-10 16:35:59] Task 3 Epoch 10/10: entering train loop
T3 Ep 10/10 | L 1.1664 | Train Acc 0.64 | Prec 0.65 | F1 0.69 | Det Rec 1.00 | Det FA 0.00 | Epoch Time 48.05s (Eval 0.00s, Train 48.05s)
[STATE 2026-04-10 16:36:47] T3 Ep 10/10 complete: Prec 0.6509 F1 0.6889 DetRec 0.9990 DetFA 0.0014 | 48.05s total (0.00s eval/48.05s train)
[STATE 2026-04-10 16:36:47] Task 3: running final validation.
[STATE 2026-04-10 16:38:03] Completed task 3 (4/10)
Task 4: 24480 training samples, 8160 test samples.
[STATE 2026-04-10 16:38:04] Task 4: zero-shot validation (pre-train)
---- Zero-shot (pre-train) task 4: rec_cls 0.1031 | prec_cls 0.1879 | f1_cls 0.0575 | det 0.2788 | pfa 1.0000 | total_f1 0.2936 ----
[STATE 2026-04-10 16:39:23] Starting task 4 (5/10)
[STATE 2026-04-10 16:39:23] Task 4 Epoch 1/10: entering train loop
[STATE 2026-04-10 16:40:01] Task 4 Epoch 1/10: running validation (end of epoch)
---- Eval at Epoch 0: cls [0.014130295413002245, 0.21172599922178784, 0.30493999360085333, 0.40465623166062165, 0.40507670049365835] | det_recall [0.539076388771517, 0.536616563388998, 0.5388091348703749, 0.9464391622956639, 1.0] | det_fa [0.0029462670502711577, 0.6431800193268384, 0.7872590300034414, 0.0, 0.0] ----
T4 Ep 1/10 | L 1.9941 | Train Acc 0.36 | Prec 0.35 | F1 0.41 | Det Rec 0.93 | Det FA 0.12 | Epoch Time 117.37s (Eval 78.69s, Train 38.68s)
[STATE 2026-04-10 16:41:20] T4 Ep 1/10 complete: Prec 0.3541 F1 0.4109 DetRec 0.9296 DetFA 0.1226 | 117.37s total (78.69s eval/38.68s train)
[STATE 2026-04-10 16:41:20] Task 4 Epoch 2/10: entering train loop
T4 Ep 2/10 | L 1.4878 | Train Acc 0.42 | Prec 0.41 | F1 0.48 | Det Rec 1.00 | Det FA 0.00 | Epoch Time 37.86s (Eval 0.00s, Train 37.86s)
[STATE 2026-04-10 16:41:58] T4 Ep 2/10 complete: Prec 0.4094 F1 0.4843 DetRec 1.0000 DetFA 0.0000 | 37.86s total (0.00s eval/37.86s train)
[STATE 2026-04-10 16:41:58] Task 4 Epoch 3/10: entering train loop
T4 Ep 3/10 | L 1.3824 | Train Acc 0.45 | Prec 0.44 | F1 0.51 | Det Rec 1.00 | Det FA 0.00 | Epoch Time 37.85s (Eval 0.00s, Train 37.85s)
[STATE 2026-04-10 16:42:36] T4 Ep 3/10 complete: Prec 0.4443 F1 0.5149 DetRec 1.0000 DetFA 0.0000 | 37.85s total (0.00s eval/37.85s train)
[STATE 2026-04-10 16:42:36] Task 4 Epoch 4/10: entering train loop
T4 Ep 4/10 | L 1.3333 | Train Acc 0.48 | Prec 0.47 | F1 0.54 | Det Rec 1.00 | Det FA 0.00 | Epoch Time 37.91s (Eval 0.00s, Train 37.91s)
[STATE 2026-04-10 16:43:14] T4 Ep 4/10 complete: Prec 0.4709 F1 0.5389 DetRec 1.0000 DetFA 0.0000 | 37.91s total (0.00s eval/37.91s train)
[STATE 2026-04-10 16:43:14] Task 4 Epoch 5/10: entering train loop
T4 Ep 5/10 | L 1.3148 | Train Acc 0.49 | Prec 0.48 | F1 0.55 | Det Rec 1.00 | Det FA 0.00 | Epoch Time 37.79s (Eval 0.00s, Train 37.79s)
[STATE 2026-04-10 16:43:51] T4 Ep 5/10 complete: Prec 0.4821 F1 0.5484 DetRec 1.0000 DetFA 0.0000 | 37.79s total (0.00s eval/37.79s train)
[STATE 2026-04-10 16:43:51] Task 4 Epoch 6/10: entering train loop
T4 Ep 6/10 | L 1.2466 | Train Acc 0.51 | Prec 0.50 | F1 0.57 | Det Rec 1.00 | Det FA 0.00 | Epoch Time 37.65s (Eval 0.00s, Train 37.65s)
[STATE 2026-04-10 16:44:29] T4 Ep 6/10 complete: Prec 0.5034 F1 0.5653 DetRec 1.0000 DetFA 0.0000 | 37.65s total (0.00s eval/37.65s train)
[STATE 2026-04-10 16:44:29] Task 4 Epoch 7/10: entering train loop
T4 Ep 7/10 | L 1.2412 | Train Acc 0.52 | Prec 0.52 | F1 0.58 | Det Rec 1.00 | Det FA 0.00 | Epoch Time 37.70s (Eval 0.00s, Train 37.70s)
[STATE 2026-04-10 16:45:07] T4 Ep 7/10 complete: Prec 0.5177 F1 0.5769 DetRec 1.0000 DetFA 0.0000 | 37.70s total (0.00s eval/37.70s train)
[STATE 2026-04-10 16:45:07] Task 4 Epoch 8/10: entering train loop
T4 Ep 8/10 | L 1.2267 | Train Acc 0.54 | Prec 0.53 | F1 0.59 | Det Rec 1.00 | Det FA 0.00 | Epoch Time 37.52s (Eval 0.00s, Train 37.52s)
[STATE 2026-04-10 16:45:44] T4 Ep 8/10 complete: Prec 0.5346 F1 0.5920 DetRec 1.0000 DetFA 0.0000 | 37.52s total (0.00s eval/37.52s train)
[STATE 2026-04-10 16:45:44] Task 4 Epoch 9/10: entering train loop
T4 Ep 9/10 | L 1.2051 | Train Acc 0.55 | Prec 0.54 | F1 0.60 | Det Rec 1.00 | Det FA 0.00 | Epoch Time 37.83s (Eval 0.00s, Train 37.83s)
[STATE 2026-04-10 16:46:22] T4 Ep 9/10 complete: Prec 0.5435 F1 0.5989 DetRec 1.0000 DetFA 0.0000 | 37.83s total (0.00s eval/37.83s train)
[STATE 2026-04-10 16:46:22] Task 4 Epoch 10/10: entering train loop
T4 Ep 10/10 | L 1.1584 | Train Acc 0.56 | Prec 0.56 | F1 0.61 | Det Rec 1.00 | Det FA 0.00 | Epoch Time 48.64s (Eval 0.00s, Train 48.64s)
[STATE 2026-04-10 16:47:11] T4 Ep 10/10 complete: Prec 0.5557 F1 0.6095 DetRec 1.0000 DetFA 0.0000 | 48.64s total (0.00s eval/48.64s train)
[STATE 2026-04-10 16:47:11] Task 4: running final validation.
[STATE 2026-04-10 16:48:29] Completed task 4 (5/10)
Task 5: 201410 training samples, 100705 test samples.
[STATE 2026-04-10 16:48:30] Task 5: zero-shot validation (pre-train)
---- Zero-shot (pre-train) task 5: rec_cls 0.1853 | prec_cls 0.1082 | f1_cls 0.0721 | det 0.5000 | pfa 0.9960 | total_f1 0.2825 ----
[STATE 2026-04-10 16:50:24] Starting task 5 (6/10)
[STATE 2026-04-10 16:50:24] Task 5 Epoch 1/10: entering train loop
[STATE 2026-04-10 16:56:33] Task 5 Epoch 1/10: running validation (end of epoch)
---- Eval at Epoch 0: cls [0.014805613587111315, 0.21456656936080978, 0.24654917259212264, 0.22083635649250624, 0.34252795212035503, 0.6853874781637035] | det_recall [0.5462136764530444, 0.46266243929197787, 0.5390896939453087, 0.9308583736975389, 1.0, 0.8317484793293214] | det_fa [0.02203071566481501, 0.7581341423816438, 0.7750373489989308, 0.0, 0.0, 0.3100415677794511] ----
T5 Ep 1/10 | L 1.6603 | Train Acc 0.51 | Prec 0.50 | F1 0.50 | Det Rec 0.78 | Det FA 0.38 | Epoch Time 483.07s (Eval 113.44s, Train 369.62s)
[STATE 2026-04-10 16:58:27] T5 Ep 1/10 complete: Prec 0.5015 F1 0.4985 DetRec 0.7849 DetFA 0.3780 | 483.07s total (113.44s eval/369.62s train)
[STATE 2026-04-10 16:58:27] Task 5 Epoch 2/10: entering train loop
T5 Ep 2/10 | L 1.1050 | Train Acc 0.73 | Prec 0.71 | F1 0.69 | Det Rec 0.85 | Det FA 0.27 | Epoch Time 323.06s (Eval 0.00s, Train 323.06s)
[STATE 2026-04-10 17:03:50] T5 Ep 2/10 complete: Prec 0.7122 F1 0.6943 DetRec 0.8455 DetFA 0.2696 | 323.06s total (0.00s eval/323.06s train)
[STATE 2026-04-10 17:03:50] Task 5 Epoch 3/10: entering train loop
T5 Ep 3/10 | L 0.9878 | Train Acc 0.76 | Prec 0.75 | F1 0.73 | Det Rec 0.86 | Det FA 0.23 | Epoch Time 323.10s (Eval 0.00s, Train 323.10s)
[STATE 2026-04-10 17:09:13] T5 Ep 3/10 complete: Prec 0.7517 F1 0.7297 DetRec 0.8614 DetFA 0.2340 | 323.10s total (0.00s eval/323.10s train)
[STATE 2026-04-10 17:09:13] Task 5 Epoch 4/10: entering train loop
T5 Ep 4/10 | L 0.9217 | Train Acc 0.77 | Prec 0.77 | F1 0.75 | Det Rec 0.87 | Det FA 0.22 | Epoch Time 322.98s (Eval 0.00s, Train 322.98s)
[STATE 2026-04-10 17:14:36] T5 Ep 4/10 complete: Prec 0.7679 F1 0.7457 DetRec 0.8686 DetFA 0.2203 | 322.98s total (0.00s eval/322.98s train)
[STATE 2026-04-10 17:14:36] Task 5 Epoch 5/10: entering train loop
T5 Ep 5/10 | L 0.8693 | Train Acc 0.78 | Prec 0.78 | F1 0.76 | Det Rec 0.87 | Det FA 0.21 | Epoch Time 323.42s (Eval 0.00s, Train 323.42s)
[STATE 2026-04-10 17:19:59] T5 Ep 5/10 complete: Prec 0.7789 F1 0.7561 DetRec 0.8727 DetFA 0.2122 | 323.42s total (0.00s eval/323.42s train)
[STATE 2026-04-10 17:19:59] Task 5 Epoch 6/10: entering train loop
T5 Ep 6/10 | L 0.8177 | Train Acc 0.79 | Prec 0.79 | F1 0.77 | Det Rec 0.88 | Det FA 0.20 | Epoch Time 323.21s (Eval 0.00s, Train 323.21s)
[STATE 2026-04-10 17:25:23] T5 Ep 6/10 complete: Prec 0.7886 F1 0.7659 DetRec 0.8771 DetFA 0.2039 | 323.21s total (0.00s eval/323.21s train)
[STATE 2026-04-10 17:25:23] Task 5 Epoch 7/10: entering train loop
T5 Ep 7/10 | L 0.7907 | Train Acc 0.80 | Prec 0.79 | F1 0.77 | Det Rec 0.88 | Det FA 0.20 | Epoch Time 322.87s (Eval 0.00s, Train 322.87s)
[STATE 2026-04-10 17:30:46] T5 Ep 7/10 complete: Prec 0.7931 F1 0.7721 DetRec 0.8805 DetFA 0.1983 | 322.87s total (0.00s eval/322.87s train)
[STATE 2026-04-10 17:30:46] Task 5 Epoch 8/10: entering train loop
T5 Ep 8/10 | L 0.7533 | Train Acc 0.81 | Prec 0.80 | F1 0.78 | Det Rec 0.88 | Det FA 0.20 | Epoch Time 323.59s (Eval 0.00s, Train 323.59s)
[STATE 2026-04-10 17:36:09] T5 Ep 8/10 complete: Prec 0.8018 F1 0.7793 DetRec 0.8809 DetFA 0.1980 | 323.59s total (0.00s eval/323.59s train)
[STATE 2026-04-10 17:36:09] Task 5 Epoch 9/10: entering train loop
T5 Ep 9/10 | L 0.7319 | Train Acc 0.81 | Prec 0.80 | F1 0.78 | Det Rec 0.88 | Det FA 0.19 | Epoch Time 323.23s (Eval 0.00s, Train 323.23s)
[STATE 2026-04-10 17:41:32] T5 Ep 9/10 complete: Prec 0.8045 F1 0.7833 DetRec 0.8841 DetFA 0.1919 | 323.23s total (0.00s eval/323.23s train)
[STATE 2026-04-10 17:41:32] Task 5 Epoch 10/10: entering train loop
T5 Ep 10/10 | L 0.7093 | Train Acc 0.82 | Prec 0.81 | F1 0.79 | Det Rec 0.89 | Det FA 0.19 | Epoch Time 392.76s (Eval 0.00s, Train 392.76s)
[STATE 2026-04-10 17:48:05] T5 Ep 10/10 complete: Prec 0.8093 F1 0.7877 DetRec 0.8853 DetFA 0.1900 | 392.76s total (0.00s eval/392.76s train)
[STATE 2026-04-10 17:48:05] Task 5: running final validation.
[STATE 2026-04-10 17:49:59] Completed task 5 (6/10)
Task 6: 17340 training samples, 6800 test samples.
[STATE 2026-04-10 17:49:59] Task 6: zero-shot validation (pre-train)
---- Zero-shot (pre-train) task 6: rec_cls 0.1870 | prec_cls 0.1744 | f1_cls 0.0599 | det 0.4440 | pfa 1.0000 | total_f1 0.2716 ----
[STATE 2026-04-10 17:51:56] Starting task 6 (7/10)
[STATE 2026-04-10 17:51:56] Task 6 Epoch 1/10: entering train loop
[STATE 2026-04-10 17:52:24] Task 6 Epoch 1/10: running validation (end of epoch)
---- Eval at Epoch 0: cls [0.00024363233665559243, 0.17906130588572133, 0.2098064894471269, 0.23196633553346144, 0.3100299690079119, 0.4119772053703176, 0.5455873571973568] | det_recall [0.5030945202057833, 0.4264344524574719, 0.4930613529084471, 0.8905428266138864, 1.0, 0.5581881535047812, 1.0] | det_fa [0.0001231830500123183, 0.6395597232991064, 0.9140791763230578, 0.0, 0.0, 0.8729746816746737, 0.0] ----
T6 Ep 1/10 | L 2.2008 | Train Acc 0.46 | Prec 0.46 | F1 0.49 | Det Rec 0.90 | Det FA 0.18 | Epoch Time 144.70s (Eval 116.09s, Train 28.61s)
[STATE 2026-04-10 17:54:20] T6 Ep 1/10 complete: Prec 0.4561 F1 0.4908 DetRec 0.9047 DetFA 0.1798 | 144.70s total (116.09s eval/28.61s train)
[STATE 2026-04-10 17:54:20] Task 6 Epoch 2/10: entering train loop
T6 Ep 2/10 | L 1.3968 | Train Acc 0.57 | Prec 0.56 | F1 0.63 | Det Rec 1.00 | Det FA 0.00 | Epoch Time 28.25s (Eval 0.00s, Train 28.25s)
[STATE 2026-04-10 17:54:48] T6 Ep 2/10 complete: Prec 0.5573 F1 0.6294 DetRec 0.9996 DetFA 0.0007 | 28.25s total (0.00s eval/28.25s train)
[STATE 2026-04-10 17:54:48] Task 6 Epoch 3/10: entering train loop
T6 Ep 3/10 | L 1.3219 | Train Acc 0.58 | Prec 0.57 | F1 0.64 | Det Rec 1.00 | Det FA 0.00 | Epoch Time 28.28s (Eval 0.00s, Train 28.28s)
[STATE 2026-04-10 17:55:17] T6 Ep 3/10 complete: Prec 0.5742 F1 0.6428 DetRec 0.9999 DetFA 0.0002 | 28.28s total (0.00s eval/28.28s train)
[STATE 2026-04-10 17:55:17] Task 6 Epoch 4/10: entering train loop
T6 Ep 4/10 | L 1.2790 | Train Acc 0.59 | Prec 0.59 | F1 0.65 | Det Rec 1.00 | Det FA 0.00 | Epoch Time 28.43s (Eval 0.00s, Train 28.43s)
[STATE 2026-04-10 17:55:45] T6 Ep 4/10 complete: Prec 0.5913 F1 0.6539 DetRec 0.9999 DetFA 0.0001 | 28.43s total (0.00s eval/28.43s train)
[STATE 2026-04-10 17:55:45] Task 6 Epoch 5/10: entering train loop
T6 Ep 5/10 | L 1.2444 | Train Acc 0.60 | Prec 0.60 | F1 0.66 | Det Rec 1.00 | Det FA 0.00 | Epoch Time 28.32s (Eval 0.00s, Train 28.32s)
[STATE 2026-04-10 17:56:14] T6 Ep 5/10 complete: Prec 0.5988 F1 0.6605 DetRec 0.9999 DetFA 0.0001 | 28.32s total (0.00s eval/28.32s train)
[STATE 2026-04-10 17:56:14] Task 6 Epoch 6/10: entering train loop
T6 Ep 6/10 | L 1.2541 | Train Acc 0.60 | Prec 0.61 | F1 0.67 | Det Rec 1.00 | Det FA 0.00 | Epoch Time 28.22s (Eval 0.00s, Train 28.22s)
[STATE 2026-04-10 17:56:42] T6 Ep 6/10 complete: Prec 0.6086 F1 0.6674 DetRec 1.0000 DetFA 0.0000 | 28.22s total (0.00s eval/28.22s train)
[STATE 2026-04-10 17:56:42] Task 6 Epoch 7/10: entering train loop
T6 Ep 7/10 | L 1.2304 | Train Acc 0.61 | Prec 0.62 | F1 0.67 | Det Rec 1.00 | Det FA 0.00 | Epoch Time 28.30s (Eval 0.00s, Train 28.30s)
[STATE 2026-04-10 17:57:10] T6 Ep 7/10 complete: Prec 0.6157 F1 0.6736 DetRec 0.9999 DetFA 0.0002 | 28.30s total (0.00s eval/28.30s train)
[STATE 2026-04-10 17:57:10] Task 6 Epoch 8/10: entering train loop
T6 Ep 8/10 | L 1.1990 | Train Acc 0.61 | Prec 0.62 | F1 0.67 | Det Rec 1.00 | Det FA 0.00 | Epoch Time 28.37s (Eval 0.00s, Train 28.37s)
[STATE 2026-04-10 17:57:38] T6 Ep 8/10 complete: Prec 0.6151 F1 0.6726 DetRec 0.9999 DetFA 0.0003 | 28.37s total (0.00s eval/28.37s train)
[STATE 2026-04-10 17:57:38] Task 6 Epoch 9/10: entering train loop
T6 Ep 9/10 | L 1.1998 | Train Acc 0.61 | Prec 0.62 | F1 0.67 | Det Rec 1.00 | Det FA 0.00 | Epoch Time 28.38s (Eval 0.00s, Train 28.38s)
[STATE 2026-04-10 17:58:07] T6 Ep 9/10 complete: Prec 0.6170 F1 0.6740 DetRec 0.9999 DetFA 0.0001 | 28.38s total (0.00s eval/28.38s train)
[STATE 2026-04-10 17:58:07] Task 6 Epoch 10/10: entering train loop
T6 Ep 10/10 | L 1.1950 | Train Acc 0.62 | Prec 0.63 | F1 0.68 | Det Rec 1.00 | Det FA 0.00 | Epoch Time 36.55s (Eval 0.00s, Train 36.55s)
[STATE 2026-04-10 17:58:43] T6 Ep 10/10 complete: Prec 0.6283 F1 0.6825 DetRec 1.0000 DetFA 0.0000 | 36.55s total (0.00s eval/36.55s train)
[STATE 2026-04-10 17:58:43] Task 6: running final validation.
[STATE 2026-04-10 18:00:40] Completed task 6 (7/10)
Task 7: 188050 training samples, 94025 test samples.
[STATE 2026-04-10 18:00:41] Task 7: zero-shot validation (pre-train)
---- Zero-shot (pre-train) task 7: rec_cls 0.2261 | prec_cls 0.1070 | f1_cls 0.0698 | det 0.5024 | pfa 0.9949 | total_f1 0.2757 ----
[STATE 2026-04-10 18:03:10] Starting task 7 (8/10)
[STATE 2026-04-10 18:03:10] Task 7 Epoch 1/10: entering train loop
[STATE 2026-04-10 18:09:08] Task 7 Epoch 1/10: running validation (end of epoch)
---- Eval at Epoch 0: cls [0.0, 0.1526673983563324, 0.1966426261344906, 0.24684399486691264, 0.29397264581156235, 0.3100840568370753, 0.4768838089374539, 0.7190062731833196] | det_recall [0.5001735514192968, 0.44746253434778904, 0.5040916303019399, 0.9135513091751234, 1.0, 0.5061910615528686, 1.0, 0.8412410960537237] | det_fa [0.00012419274714356682, 0.5743609017837669, 0.8472193623136577, 0.0, 0.0, 0.9582346677168231, 0.0, 0.2621120142422818] ----
T7 Ep 1/10 | L 1.2696 | Train Acc 0.59 | Prec 0.60 | F1 0.59 | Det Rec 0.81 | Det FA 0.30 | Epoch Time 507.48s (Eval 149.19s, Train 358.29s)
[STATE 2026-04-10 18:11:37] T7 Ep 1/10 complete: Prec 0.6026 F1 0.5856 DetRec 0.8094 DetFA 0.2989 | 507.48s total (149.19s eval/358.29s train)
[STATE 2026-04-10 18:11:37] Task 7 Epoch 2/10: entering train loop
T7 Ep 2/10 | L 0.8662 | Train Acc 0.75 | Prec 0.76 | F1 0.73 | Det Rec 0.86 | Det FA 0.22 | Epoch Time 316.77s (Eval 0.00s, Train 316.77s)
[STATE 2026-04-10 18:16:54] T7 Ep 2/10 complete: Prec 0.7613 F1 0.7326 DetRec 0.8572 DetFA 0.2191 | 316.77s total (0.00s eval/316.77s train)
[STATE 2026-04-10 18:16:54] Task 7 Epoch 3/10: entering train loop
T7 Ep 3/10 | L 0.7865 | Train Acc 0.77 | Prec 0.79 | F1 0.76 | Det Rec 0.87 | Det FA 0.20 | Epoch Time 315.92s (Eval 0.00s, Train 315.92s)
[STATE 2026-04-10 18:22:10] T7 Ep 3/10 complete: Prec 0.7872 F1 0.7577 DetRec 0.8663 DetFA 0.2046 | 315.92s total (0.00s eval/315.92s train)
[STATE 2026-04-10 18:22:10] Task 7 Epoch 4/10: entering train loop
T7 Ep 4/10 | L 0.7379 | Train Acc 0.79 | Prec 0.80 | F1 0.77 | Det Rec 0.87 | Det FA 0.20 | Epoch Time 316.52s (Eval 0.00s, Train 316.52s)
[STATE 2026-04-10 18:27:27] T7 Ep 4/10 complete: Prec 0.7988 F1 0.7691 DetRec 0.8697 DetFA 0.1993 | 316.52s total (0.00s eval/316.52s train)
[STATE 2026-04-10 18:27:27] Task 7 Epoch 5/10: entering train loop
T7 Ep 5/10 | L 0.7045 | Train Acc 0.80 | Prec 0.81 | F1 0.78 | Det Rec 0.87 | Det FA 0.19 | Epoch Time 316.26s (Eval 0.00s, Train 316.26s)
[STATE 2026-04-10 18:32:43] T7 Ep 5/10 complete: Prec 0.8073 F1 0.7777 DetRec 0.8726 DetFA 0.1946 | 316.26s total (0.00s eval/316.26s train)
[STATE 2026-04-10 18:32:43] Task 7 Epoch 6/10: entering train loop
T7 Ep 6/10 | L 0.6779 | Train Acc 0.80 | Prec 0.81 | F1 0.79 | Det Rec 0.88 | Det FA 0.19 | Epoch Time 316.52s (Eval 0.00s, Train 316.52s)
[STATE 2026-04-10 18:37:59] T7 Ep 6/10 complete: Prec 0.8147 F1 0.7853 DetRec 0.8753 DetFA 0.1909 | 316.52s total (0.00s eval/316.52s train)
[STATE 2026-04-10 18:37:59] Task 7 Epoch 7/10: entering train loop
T7 Ep 7/10 | L 0.6570 | Train Acc 0.81 | Prec 0.82 | F1 0.79 | Det Rec 0.88 | Det FA 0.19 | Epoch Time 316.65s (Eval 0.00s, Train 316.65s)
[STATE 2026-04-10 18:43:16] T7 Ep 7/10 complete: Prec 0.8175 F1 0.7893 DetRec 0.8779 DetFA 0.1864 | 316.65s total (0.00s eval/316.65s train)
[STATE 2026-04-10 18:43:16] Task 7 Epoch 8/10: entering train loop
T7 Ep 8/10 | L 0.6370 | Train Acc 0.82 | Prec 0.82 | F1 0.80 | Det Rec 0.88 | Det FA 0.18 | Epoch Time 316.93s (Eval 0.00s, Train 316.93s)
[STATE 2026-04-10 18:48:33] T7 Ep 8/10 complete: Prec 0.8245 F1 0.7954 DetRec 0.8793 DetFA 0.1839 | 316.93s total (0.00s eval/316.93s train)
[STATE 2026-04-10 18:48:33] Task 7 Epoch 9/10: entering train loop
T7 Ep 9/10 | L 0.6221 | Train Acc 0.82 | Prec 0.83 | F1 0.80 | Det Rec 0.88 | Det FA 0.19 | Epoch Time 316.20s (Eval 0.00s, Train 316.20s)
[STATE 2026-04-10 18:53:49] T7 Ep 9/10 complete: Prec 0.8278 F1 0.7986 DetRec 0.8792 DetFA 0.1854 | 316.20s total (0.00s eval/316.20s train)
[STATE 2026-04-10 18:53:49] Task 7 Epoch 10/10: entering train loop
T7 Ep 10/10 | L 0.6074 | Train Acc 0.82 | Prec 0.83 | F1 0.80 | Det Rec 0.88 | Det FA 0.18 | Epoch Time 382.28s (Eval 0.00s, Train 382.28s)
[STATE 2026-04-10 19:00:11] T7 Ep 10/10 complete: Prec 0.8315 F1 0.8033 DetRec 0.8823 DetFA 0.1799 | 382.28s total (0.00s eval/382.28s train)
[STATE 2026-04-10 19:00:11] Task 7: running final validation.
[STATE 2026-04-10 19:02:41] Completed task 7 (8/10)
Task 8: 36658 training samples, 12220 test samples.
[STATE 2026-04-10 19:02:41] Task 8: zero-shot validation (pre-train)
---- Zero-shot (pre-train) task 8: rec_cls 0.2004 | prec_cls 0.0466 | f1_cls 0.0360 | det 0.5000 | pfa 1.0000 | total_f1 0.2800 ----
[STATE 2026-04-10 19:05:14] Starting task 8 (9/10)
[STATE 2026-04-10 19:05:14] Task 8 Epoch 1/10: entering train loop
[STATE 2026-04-10 19:06:20] Task 8 Epoch 1/10: running validation (end of epoch)
---- Eval at Epoch 0: cls [0.0, 0.18183455181815447, 0.18902380062239027, 0.2115506027622759, 0.2724266157616911, 0.2451667043382652, 0.34800123918112413, 0.38949549048593174, 0.6983392976296147] | det_recall [0.5, 0.42847061376537454, 0.5013887727506254, 0.8902171818636158, 0.9989432424378021, 0.4949905450574877, 0.9981994446519229, 0.5308684513707703, 0.7736815959202527] | det_fa [0.0, 0.6475708723740258, 0.8281927171477155, 0.01573850934788805, 0.0, 0.989389834119393, 0.0, 0.9360209951159273, 0.42758786664758613] ----
T8 Ep 1/10 | L 2.1624 | Train Acc 0.50 | Prec 0.48 | F1 0.34 | Det Rec 0.62 | Det FA 0.71 | Epoch Time 229.70s (Eval 163.67s, Train 66.03s)
[STATE 2026-04-10 19:09:04] T8 Ep 1/10 complete: Prec 0.4784 F1 0.3397 DetRec 0.6236 DetFA 0.7103 | 229.70s total (163.67s eval/66.03s train)
[STATE 2026-04-10 19:09:04] Task 8 Epoch 2/10: entering train loop
T8 Ep 2/10 | L 1.3594 | Train Acc 0.74 | Prec 0.73 | F1 0.60 | Det Rec 0.79 | Det FA 0.40 | Epoch Time 64.76s (Eval 0.00s, Train 64.76s)
[STATE 2026-04-10 19:10:09] T8 Ep 2/10 complete: Prec 0.7298 F1 0.5970 DetRec 0.7862 DetFA 0.4023 | 64.76s total (0.00s eval/64.76s train)
[STATE 2026-04-10 19:10:09] Task 8 Epoch 3/10: entering train loop
T8 Ep 3/10 | L 1.1828 | Train Acc 0.79 | Prec 0.78 | F1 0.64 | Det Rec 0.79 | Det FA 0.39 | Epoch Time 62.68s (Eval 0.00s, Train 62.68s)
[STATE 2026-04-10 19:11:12] T8 Ep 3/10 complete: Prec 0.7782 F1 0.6381 DetRec 0.7909 DetFA 0.3912 | 62.68s total (0.00s eval/62.68s train)
[STATE 2026-04-10 19:11:12] Task 8 Epoch 4/10: entering train loop
T8 Ep 4/10 | L 1.1048 | Train Acc 0.81 | Prec 0.80 | F1 0.66 | Det Rec 0.79 | Det FA 0.39 | Epoch Time 64.02s (Eval 0.00s, Train 64.02s)
[STATE 2026-04-10 19:12:16] T8 Ep 4/10 complete: Prec 0.7987 F1 0.6551 DetRec 0.7926 DetFA 0.3910 | 64.02s total (0.00s eval/64.02s train)
[STATE 2026-04-10 19:12:16] Task 8 Epoch 5/10: entering train loop
T8 Ep 5/10 | L 1.0349 | Train Acc 0.83 | Prec 0.82 | F1 0.67 | Det Rec 0.79 | Det FA 0.39 | Epoch Time 65.24s (Eval 0.00s, Train 65.24s)
[STATE 2026-04-10 19:13:21] T8 Ep 5/10 complete: Prec 0.8162 F1 0.6680 DetRec 0.7935 DetFA 0.3867 | 65.24s total (0.00s eval/65.24s train)
[STATE 2026-04-10 19:13:21] Task 8 Epoch 6/10: entering train loop
T8 Ep 6/10 | L 0.9939 | Train Acc 0.84 | Prec 0.83 | F1 0.68 | Det Rec 0.80 | Det FA 0.38 | Epoch Time 63.46s (Eval 0.00s, Train 63.46s)
[STATE 2026-04-10 19:14:24] T8 Ep 6/10 complete: Prec 0.8272 F1 0.6772 DetRec 0.7952 DetFA 0.3837 | 63.46s total (0.00s eval/63.46s train)
[STATE 2026-04-10 19:14:24] Task 8 Epoch 7/10: entering train loop
T8 Ep 7/10 | L 0.9522 | Train Acc 0.85 | Prec 0.84 | F1 0.68 | Det Rec 0.79 | Det FA 0.38 | Epoch Time 62.48s (Eval 0.00s, Train 62.48s)
[STATE 2026-04-10 19:15:27] T8 Ep 7/10 complete: Prec 0.8385 F1 0.6841 DetRec 0.7946 DetFA 0.3849 | 62.48s total (0.00s eval/62.48s train)
[STATE 2026-04-10 19:15:27] Task 8 Epoch 8/10: entering train loop
T8 Ep 8/10 | L 0.9334 | Train Acc 0.86 | Prec 0.85 | F1 0.69 | Det Rec 0.80 | Det FA 0.37 | Epoch Time 62.86s (Eval 0.00s, Train 62.86s)
[STATE 2026-04-10 19:16:30] T8 Ep 8/10 complete: Prec 0.8457 F1 0.6925 DetRec 0.7994 DetFA 0.3748 | 62.86s total (0.00s eval/62.86s train)
[STATE 2026-04-10 19:16:30] Task 8 Epoch 9/10: entering train loop
T8 Ep 9/10 | L 0.8982 | Train Acc 0.86 | Prec 0.85 | F1 0.70 | Det Rec 0.80 | Det FA 0.37 | Epoch Time 62.67s (Eval 0.00s, Train 62.67s)
[STATE 2026-04-10 19:17:32] T8 Ep 9/10 complete: Prec 0.8524 F1 0.6970 DetRec 0.8000 DetFA 0.3738 | 62.67s total (0.00s eval/62.67s train)
[STATE 2026-04-10 19:17:32] Task 8 Epoch 10/10: entering train loop
T8 Ep 10/10 | L 0.8709 | Train Acc 0.87 | Prec 0.86 | F1 0.70 | Det Rec 0.80 | Det FA 0.37 | Epoch Time 77.07s (Eval 0.00s, Train 77.07s)
[STATE 2026-04-10 19:18:49] T8 Ep 10/10 complete: Prec 0.8595 F1 0.7011 DetRec 0.8001 DetFA 0.3749 | 77.07s total (0.00s eval/77.07s train)
[STATE 2026-04-10 19:18:49] Task 8: running final validation.
[STATE 2026-04-10 19:21:23] Completed task 8 (9/10)
Task 9: 17340 training samples, 6800 test samples.
[STATE 2026-04-10 19:21:23] Task 9: zero-shot validation (pre-train)
---- Zero-shot (pre-train) task 9: rec_cls 0.1234 | prec_cls 0.1500 | f1_cls 0.0545 | det 0.4964 | pfa 1.0000 | total_f1 0.2662 ----
[STATE 2026-04-10 19:23:59] Starting task 9 (10/10)
[STATE 2026-04-10 19:23:59] Task 9 Epoch 1/10: entering train loop
[STATE 2026-04-10 19:24:30] Task 9 Epoch 1/10: running validation (end of epoch)
---- Eval at Epoch 0: cls [0.0, 0.1859370268522229, 0.19143032479011002, 0.20837017700270188, 0.2668039044466238, 0.24332847003205102, 0.35236591568601894, 0.3440516430988976, 0.3735450132892783, 0.43765952502717154] | det_recall [0.5, 0.3948013755673016, 0.48075315757508164, 0.9182657072368474, 0.9998798076923077, 0.494139084028815, 0.999193482954516, 0.4996895096536943, 0.775445169015677, 1.0] | det_fa [0.0, 0.7096733421474123, 0.8805346150520446, 0.00025826446280991736, 0.0, 0.9997958925687137, 0.0, 0.9985192561809165, 0.08749732608139016, 0.0] ----
T9 Ep 1/10 | L 1.9887 | Train Acc 0.37 | Prec 0.37 | F1 0.43 | Det Rec 0.92 | Det FA 0.15 | Epoch Time 186.81s (Eval 155.97s, Train 30.84s)
[STATE 2026-04-10 19:27:06] T9 Ep 1/10 complete: Prec 0.3713 F1 0.4317 DetRec 0.9221 DetFA 0.1549 | 186.81s total (155.97s eval/30.84s train)
[STATE 2026-04-10 19:27:06] Task 9 Epoch 2/10: entering train loop
T9 Ep 2/10 | L 1.3918 | Train Acc 0.49 | Prec 0.49 | F1 0.57 | Det Rec 1.00 | Det FA 0.00 | Epoch Time 30.33s (Eval 0.00s, Train 30.33s)
[STATE 2026-04-10 19:27:36] T9 Ep 2/10 complete: Prec 0.4889 F1 0.5660 DetRec 1.0000 DetFA 0.0000 | 30.33s total (0.00s eval/30.33s train)
[STATE 2026-04-10 19:27:36] Task 9 Epoch 3/10: entering train loop
T9 Ep 3/10 | L 1.3318 | Train Acc 0.52 | Prec 0.52 | F1 0.59 | Det Rec 1.00 | Det FA 0.00 | Epoch Time 30.56s (Eval 0.00s, Train 30.56s)
[STATE 2026-04-10 19:28:07] T9 Ep 3/10 complete: Prec 0.5203 F1 0.5933 DetRec 1.0000 DetFA 0.0000 | 30.56s total (0.00s eval/30.56s train)
[STATE 2026-04-10 19:28:07] Task 9 Epoch 4/10: entering train loop
T9 Ep 4/10 | L 1.2553 | Train Acc 0.54 | Prec 0.54 | F1 0.61 | Det Rec 1.00 | Det FA 0.00 | Epoch Time 30.48s (Eval 0.00s, Train 30.48s)
[STATE 2026-04-10 19:28:37] T9 Ep 4/10 complete: Prec 0.5398 F1 0.6095 DetRec 1.0000 DetFA 0.0000 | 30.48s total (0.00s eval/30.48s train)
[STATE 2026-04-10 19:28:37] Task 9 Epoch 5/10: entering train loop
T9 Ep 5/10 | L 1.2283 | Train Acc 0.56 | Prec 0.56 | F1 0.63 | Det Rec 1.00 | Det FA 0.00 | Epoch Time 30.43s (Eval 0.00s, Train 30.43s)
[STATE 2026-04-10 19:29:08] T9 Ep 5/10 complete: Prec 0.5627 F1 0.6289 DetRec 1.0000 DetFA 0.0000 | 30.43s total (0.00s eval/30.43s train)
[STATE 2026-04-10 19:29:08] Task 9 Epoch 6/10: entering train loop
T9 Ep 6/10 | L 1.1712 | Train Acc 0.57 | Prec 0.58 | F1 0.64 | Det Rec 1.00 | Det FA 0.00 | Epoch Time 30.58s (Eval 0.00s, Train 30.58s)
[STATE 2026-04-10 19:29:38] T9 Ep 6/10 complete: Prec 0.5768 F1 0.6388 DetRec 1.0000 DetFA 0.0000 | 30.58s total (0.00s eval/30.58s train)
[STATE 2026-04-10 19:29:38] Task 9 Epoch 7/10: entering train loop
T9 Ep 7/10 | L 1.1715 | Train Acc 0.59 | Prec 0.59 | F1 0.65 | Det Rec 1.00 | Det FA 0.00 | Epoch Time 30.48s (Eval 0.00s, Train 30.48s)
[STATE 2026-04-10 19:30:09] T9 Ep 7/10 complete: Prec 0.5905 F1 0.6528 DetRec 1.0000 DetFA 0.0000 | 30.48s total (0.00s eval/30.48s train)
[STATE 2026-04-10 19:30:09] Task 9 Epoch 8/10: entering train loop
T9 Ep 8/10 | L 1.1197 | Train Acc 0.59 | Prec 0.59 | F1 0.65 | Det Rec 1.00 | Det FA 0.00 | Epoch Time 31.17s (Eval 0.00s, Train 31.17s)
[STATE 2026-04-10 19:30:40] T9 Ep 8/10 complete: Prec 0.5924 F1 0.6537 DetRec 1.0000 DetFA 0.0000 | 31.17s total (0.00s eval/31.17s train)
[STATE 2026-04-10 19:30:40] Task 9 Epoch 9/10: entering train loop
T9 Ep 9/10 | L 1.1126 | Train Acc 0.61 | Prec 0.61 | F1 0.67 | Det Rec 1.00 | Det FA 0.00 | Epoch Time 31.59s (Eval 0.00s, Train 31.59s)
[STATE 2026-04-10 19:31:11] T9 Ep 9/10 complete: Prec 0.6081 F1 0.6669 DetRec 1.0000 DetFA 0.0000 | 31.59s total (0.00s eval/31.59s train)
[STATE 2026-04-10 19:31:11] Task 9 Epoch 10/10: entering train loop
T9 Ep 10/10 | L 1.0889 | Train Acc 0.62 | Prec 0.61 | F1 0.67 | Det Rec 1.00 | Det FA 0.00 | Epoch Time 40.27s (Eval 0.00s, Train 40.27s)
[STATE 2026-04-10 19:31:52] T9 Ep 10/10 complete: Prec 0.6146 F1 0.6725 DetRec 1.0000 DetFA 0.0000 | 40.27s total (0.00s eval/40.27s train)
[STATE 2026-04-10 19:31:52] Task 9: running final validation.
[STATE 2026-04-10 19:34:38] Completed task 9 (10/10)
####Final Validation Accuracy####
Final Results:- 
 Total Recall: 0.2654648111494404 
 Individual Recall: [0.0, 0.20644488632213265, 0.18387732461635278, 0.21850899914618255, 0.295928425472225, 0.22621972337349913, 0.31445604070818917, 0.32236503170275577, 0.31664711930931316, 0.570200560843754]
Final Detection Results:- 
 Total Detection: 0.6982221377433109 
 Individual Detection: [0.5, 0.3836360086695074, 0.49036194446706016, 0.9321454728017844, 1.0, 0.4856281841729198, 0.9940613627846399, 0.49936300979430964, 0.6970253947428872, 1.0]
Final Detection False Alarm:- 
 Total False Alarm: 0.3814387807485954 
 Individual False Alarm: [0.0, 0.7844686330557673, 0.8341144986452315, 0.0032412699449363147, 0.0, 0.9983018288654899, 0.0, 0.9983694508516076, 0.1958921261229214, 0.0]
SUMMARY_TR cls_rec=0.6159 cls_prec=0.6146 cls_f1=0.6725 det=0.7062 fa=0.3676
SUMMARY_TE cls_rec=0.2655 cls_prec=0.3212 cls_f1=0.2873 det=0.6982 fa=0.3814
[STATE 2026-04-10 19:34:38] Saving results to logs//icarl/full-tasks-2_all-10epochs_weighted-loss-2026-04-10_14-09-56-2845/0/results
Model size: 0.0289 GB
Memory buffer size: 0.0000 GB
logs//icarl/full-tasks-2_all-10epochs_weighted-loss-2026-04-10_14-09-56-2845/0/results: {'expt_name': 'full-tasks-2_all-10epochs_weighted-loss', 'model': 'icarl', 'arch': 'resnet1d', 'n_hiddens': 100, 'n_layers': 2, 'xav_init': False, 'debug': False, 'use_detector_arch': False, 'glances': 1, 'n_epochs': 10, 'batch_size': 256, 'replay_batch_size': 128, 'memories': 5120, 'lr': 0.001, 'optimizer': 'sgd', 'class_weighted_ce': True, 'cuda': True, 'seed': 0, 'log_every': 10, 'log_dir': 'logs//icarl/full-tasks-2_all-10epochs_weighted-loss-2026-04-10_14-09-56-2845/0', 'tf_dir': 'logs//icarl/full-tasks-2_all-10epochs_weighted-loss-2026-04-10_14-09-56-2845/0/tfdir', 'calc_test_accuracy': False, 'state_logging': True, 'data_path': 'data/rff/radar/full', 'task_order_files': 't2-rcn,t0-rcn,t2-uclresm-25noise,t0-deeprad,t1-deeprad,t1-uclresm-25noise,t3-deeprad,t0-uclresm-25noise,t1-rcn,t2-deeprad', 'loader': 'task_incremental_loader', 'samples_per_task': -1, 'shuffle_tasks': False, 'classes_per_it': 6, 'iterations': 5000, 'dataset': 'iq', 'workers': 0, 'validation': 0.5, 'data_scaling': 'normalize', 'use_iq_aug_features': False, 'iq_aug_feature_type': 'power', 'class_order': 'random', 'increment': 5, 'test_batch_size': 512, 'nc_per_task': None, 'nc_per_task_list': '', 'val_rate': 1000, 'opt_lr': 0.1, 'opt_wt': 0.1, 'alpha_init': 0.001, 'learn_lr': False, 'sync_update': False, 'grad_clip_norm': 5.0, 'meta_batches': 3, 'use_old_task_memory': False, 'second_order': False, 'n_memories': 5120, 'memory_strength': 0.1, 'steps_per_sample': 1, 'bgd_optimizer': 'sgd', 'optimizer_params': '{}', 'train_mc_iters': 5, 'std_init': 0.05, 'mean_eta': 1, 'fisher_gamma': 0.95, 'rln': 7, 'update_steps': 10, 'meta_lr': 0.001, 'update_lr': 0.1, 'ctx_lr': 0.05, 'n_meta': 1, 'inner_steps': 1, 'temperature': 5.0, 'task_emb': 64, 'classes_per_task': [6, 7, 6, 7, 7, 6, 6, 6, 7, 6], 'get_samples_per_task': <bound method IncrementalLoader.get_samples_per_task of <dataloaders.task_incremental_loader.IncrementalLoader object at 0x79531d506420>>} # val: 0.729 0.265 -0.463 0.000 # sizes: model_gb=0.0289 mem_gb=0.0000 # 19417.16590166092
[STATE 2026-04-10 19:34:38] results.pt components (approx): state_dict 29.6 MB, result_val_t 0.1 KB, result_val_a 0.8 KB
[STATE 2026-04-10 19:34:38] Results saved; total runtime 5.39h
Total runtime: 5.39 hours
