[STATE 2026-04-17 16:18:02] Enabling terminal logging to logs//cmaml/full-tasks_CIL_all-2026-04-17_16-18-02-0650/0/terminal.log
New Experiment Starting...
Running model:  lamaml_cifar
[STATE 2026-04-17 16:18:02] Experiment 'full-tasks_CIL_all' starting with model 'lamaml_cifar' (seed 0)
Set seed 0
t2-rcn.npz train: x=(50362, 1024), y=(50362, 2)
t2-rcn.npz test: x=(16787, 1024), y=(16787, 2)
t2-rcn.npz: applied data scaling mode 'normalize'.
Loaded t2-rcn.npz: Unique train labels: UniqueCountsResult(values=array([-1,  3,  5, 10, 12, 15]), counts=array([24209,  5770,  3030,  2320,  7509,  7524]))
Noise labels ratio in t2-rcn.npz train: 0.24, test: 0.24
Loaded t2-rcn.npz: Remapped labels: [-1  0  1  2  3  4]. Size: 50362)
t0-rcn.npz train: x=(51916, 1024), y=(51916, 2)
t0-rcn.npz test: x=(17305, 1024), y=(17305, 2)
t0-rcn.npz: applied data scaling mode 'normalize'.
Loaded t0-rcn.npz: Unique train labels: UniqueCountsResult(values=array([-1,  1,  8,  9, 11, 13, 14]), counts=array([24225,  4268,  2495,  2943,  3015,  7464,  7506]))
Noise labels ratio in t0-rcn.npz train: 0.23, test: 0.23
Loaded t0-rcn.npz: Remapped labels: [-1  5  6  7  8  9 10]. Size: 51916)
t2-uclresm-25noise.npz train: moved sample axis (3, 350028, 1024) -> (350028, 3, 1024)
t2-uclresm-25noise.npz test: moved sample axis (3, 233351, 1024) -> (233351, 3, 1024)
t2-uclresm-25noise.npz train: x=(350028, 3, 1024), y=(350028,)
t2-uclresm-25noise.npz test: x=(233351, 3, 1024), y=(233351,)
t2-uclresm-25noise.npz: applied data scaling mode 'normalize'.
Loaded t2-uclresm-25noise.npz: Unique train labels: UniqueCountsResult(values=array([-1,  0,  1,  2,  3,  4]), counts=array([87441, 27347, 71754, 64298, 36005, 63183]))
Noise labels ratio in t2-uclresm-25noise.npz train: 0.25, test: 0.25
Loaded t2-uclresm-25noise.npz: Remapped labels: [-1 11 12 13 14 15]. Size: 350028)
t0-deeprad.npz train: x=(24480, 1024), y=(24480, 2)
t0-deeprad.npz test: x=(8160, 1024), y=(8160, 2)
t0-deeprad.npz: applied data scaling mode 'normalize'.
Loaded t0-deeprad.npz: Unique train labels: UniqueCountsResult(values=array([-1,  0,  1,  2,  3,  4,  5]), counts=array([12240,  2029,  1983,  2043,  2154,  2015,  2016]))
Noise labels ratio in t0-deeprad.npz train: 0.25, test: 0.25
Loaded t0-deeprad.npz: Remapped labels: [-1 16 17 18 19 20 21]. Size: 24480)
t1-deeprad.npz train: x=(24480, 1024), y=(24480, 2)
t1-deeprad.npz test: x=(8160, 1024), y=(8160, 2)
t1-deeprad.npz: applied data scaling mode 'normalize'.
Loaded t1-deeprad.npz: Unique train labels: UniqueCountsResult(values=array([-1,  0,  1,  2,  3,  4,  5]), counts=array([12240,  1988,  2029,  2054,  1988,  2053,  2128]))
Noise labels ratio in t1-deeprad.npz train: 0.25, test: 0.25
Loaded t1-deeprad.npz: Remapped labels: [-1 22 23 24 25 26 27]. Size: 24480)
t1-uclresm-25noise.npz train: moved sample axis (3, 201410, 1024) -> (201410, 3, 1024)
t1-uclresm-25noise.npz test: moved sample axis (3, 116291, 1024) -> (116291, 3, 1024)
t1-uclresm-25noise.npz train: x=(201410, 3, 1024), y=(201410,)
t1-uclresm-25noise.npz test: x=(116291, 3, 1024), y=(116291,)
t1-uclresm-25noise.npz: applied data scaling mode 'normalize'.
Loaded t1-uclresm-25noise.npz: Unique train labels: UniqueCountsResult(values=array([-1,  0,  1,  2,  3,  4]), counts=array([43668, 18021, 17838, 18087, 31870, 71926]))
Noise labels ratio in t1-uclresm-25noise.npz train: 0.22, test: 0.25
Loaded t1-uclresm-25noise.npz: Remapped labels: [-1 28 29 30 31 32]. Size: 201410)
t3-deeprad.npz train: x=(17340, 1024), y=(17340, 2)
t3-deeprad.npz test: x=(6800, 1024), y=(6800, 2)
t3-deeprad.npz: applied data scaling mode 'normalize'.
Loaded t3-deeprad.npz: Unique train labels: UniqueCountsResult(values=array([-1,  0,  1,  2,  3,  4]), counts=array([8670, 1693, 1677, 1794, 1716, 1790]))
Noise labels ratio in t3-deeprad.npz train: 0.25, test: 0.25
Loaded t3-deeprad.npz: Remapped labels: [-1 33 34 35 36 37]. Size: 17340)
t0-uclresm-25noise.npz train: moved sample axis (3, 188050, 1024) -> (188050, 3, 1024)
t0-uclresm-25noise.npz test: moved sample axis (3, 107348, 1024) -> (107348, 3, 1024)
t0-uclresm-25noise.npz train: x=(188050, 3, 1024), y=(188050,)
t0-uclresm-25noise.npz test: x=(107348, 3, 1024), y=(107348,)
t0-uclresm-25noise.npz: applied data scaling mode 'normalize'.
Loaded t0-uclresm-25noise.npz: Unique train labels: UniqueCountsResult(values=array([-1,  0,  1,  2,  3,  4]), counts=array([40144, 32109, 17978, 17979, 18098, 61742]))
Noise labels ratio in t0-uclresm-25noise.npz train: 0.21, test: 0.25
Loaded t0-uclresm-25noise.npz: Remapped labels: [-1 38 39 40 41 42]. Size: 188050)
t1-rcn.npz train: x=(36658, 1024), y=(36658, 2)
t1-rcn.npz test: x=(12220, 1024), y=(12220, 2)
t1-rcn.npz: applied data scaling mode 'normalize'.
Loaded t1-rcn.npz: Unique train labels: UniqueCountsResult(values=array([-1,  0,  2,  4,  6,  7, 16]), counts=array([20595,   824,  2087,  2606,  2396,  1716,  6434]))
Noise labels ratio in t1-rcn.npz train: 0.28, test: 0.28
Loaded t1-rcn.npz: Remapped labels: [-1 43 44 45 46 47 48]. Size: 36658)
t2-deeprad.npz train: x=(17340, 1024), y=(17340, 2)
t2-deeprad.npz test: x=(6800, 1024), y=(6800, 2)
t2-deeprad.npz: applied data scaling mode 'normalize'.
Loaded t2-deeprad.npz: Unique train labels: UniqueCountsResult(values=array([-1,  0,  1,  2,  3,  4]), counts=array([8670, 1774, 1675, 1777, 1694, 1750]))
Noise labels ratio in t2-deeprad.npz train: 0.25, test: 0.25
Loaded t2-deeprad.npz: Remapped labels: [-1 49 50 51 52 53]. Size: 17340)
Built IQ classes_per_task (increments): [5, 6, 5, 6, 6, 5, 5, 5, 6, 5]
Classes per task: [5, 6, 5, 6, 6, 5, 5, 5, 6, 5]
[STATE 2026-04-17 16:19:12] Loader 'class_incremental_loader' ready: 1024 inputs, 55 outputs, 10 tasks
n_outputs: 55 	n_tasks: 10
[STATE 2026-04-17 16:19:12] Logging to logs//cmaml/full-tasks_CIL_all-2026-04-17_16-18-02-0650/0
True
Model device: cuda:0
[STATE 2026-04-17 16:19:12] Model initialized on device cuda:0
[STATE 2026-04-17 16:19:12] Invoking continual life experience flow
[STATE 2026-04-17 16:19:12] Life experience start: 10 tasks queued
[STATE 2026-04-17 16:19:13] Task 0: zero-shot validation (pre-train)
---- Zero-shot (pre-train) task 0: rec_cls 0.0002 | prec_cls 0.0061 | f1_cls 0.1062 | det 0.4988 | pfa 0.0663 | total_f1 0.1062 ----
[STATE 2026-04-17 16:19:22] Starting task 0 (1/10)
[STATE 2026-04-17 16:19:22] Task 0 Epoch 1/10: entering train loop
[STATE 2026-04-17 16:28:36] Task 0 Epoch 1/10: running validation (end of epoch)
---- Eval at Epoch 0: cls [0.657024315130932] | det_recall [0.8760584735271986] | det_fa [0.1021696456347711] ----
T0 Ep 1/10 | L 0.7024 | Train Acc 0.45 | Prec 0.54 | F1 0.51 | Det Rec 0.81 | Det FA 0.09 | Epoch Time 559.37s (Eval 5.05s, Train 554.32s)
[STATE 2026-04-17 16:28:42] T0 Ep 1/10 complete: Prec 0.5406 F1 0.5099 DetRec 0.8069 DetFA 0.0863 | 559.37s total (5.05s eval/554.32s train)
[STATE 2026-04-17 16:28:42] Task 0 Epoch 2/10: entering train loop
T0 Ep 2/10 | L 0.3649 | Train Acc 0.72 | Prec 0.86 | F1 0.76 | Det Rec 0.88 | Det FA 0.09 | Epoch Time 472.03s (Eval 0.00s, Train 472.03s)
[STATE 2026-04-17 16:36:34] T0 Ep 2/10 complete: Prec 0.8591 F1 0.7627 DetRec 0.8828 DetFA 0.0909 | 472.03s total (0.00s eval/472.03s train)
[STATE 2026-04-17 16:36:34] Task 0 Epoch 3/10: entering train loop
T0 Ep 3/10 | L 0.3103 | Train Acc 0.78 | Prec 0.91 | F1 0.82 | Det Rec 0.89 | Det FA 0.09 | Epoch Time 477.09s (Eval 0.00s, Train 477.09s)
[STATE 2026-04-17 16:44:31] T0 Ep 3/10 complete: Prec 0.9059 F1 0.8162 DetRec 0.8922 DetFA 0.0909 | 477.09s total (0.00s eval/477.09s train)
[STATE 2026-04-17 16:44:31] Task 0 Epoch 4/10: entering train loop
T0 Ep 4/10 | L 0.2813 | Train Acc 0.81 | Prec 0.92 | F1 0.83 | Det Rec 0.89 | Det FA 0.09 | Epoch Time 477.17s (Eval 0.00s, Train 477.17s)
[STATE 2026-04-17 16:52:28] T0 Ep 4/10 complete: Prec 0.9190 F1 0.8318 DetRec 0.8930 DetFA 0.0903 | 477.17s total (0.00s eval/477.17s train)
[STATE 2026-04-17 16:52:28] Task 0 Epoch 5/10: entering train loop
T0 Ep 5/10 | L 0.2575 | Train Acc 0.81 | Prec 0.92 | F1 0.84 | Det Rec 0.90 | Det FA 0.09 | Epoch Time 466.85s (Eval 0.00s, Train 466.85s)
[STATE 2026-04-17 17:00:15] T0 Ep 5/10 complete: Prec 0.9188 F1 0.8374 DetRec 0.8968 DetFA 0.0877 | 466.85s total (0.00s eval/466.85s train)
[STATE 2026-04-17 17:00:15] Task 0 Epoch 6/10: entering train loop
T0 Ep 6/10 | L 0.2353 | Train Acc 0.84 | Prec 0.94 | F1 0.86 | Det Rec 0.90 | Det FA 0.08 | Epoch Time 466.36s (Eval 0.00s, Train 466.36s)
[STATE 2026-04-17 17:08:01] T0 Ep 6/10 complete: Prec 0.9359 F1 0.8571 DetRec 0.9034 DetFA 0.0830 | 466.36s total (0.00s eval/466.36s train)
[STATE 2026-04-17 17:08:01] Task 0 Epoch 7/10: entering train loop
T0 Ep 7/10 | L 0.2238 | Train Acc 0.82 | Prec 0.94 | F1 0.85 | Det Rec 0.90 | Det FA 0.08 | Epoch Time 466.54s (Eval 0.00s, Train 466.54s)
[STATE 2026-04-17 17:15:48] T0 Ep 7/10 complete: Prec 0.9369 F1 0.8517 DetRec 0.8997 DetFA 0.0761 | 466.54s total (0.00s eval/466.54s train)
[STATE 2026-04-17 17:15:48] Task 0 Epoch 8/10: entering train loop
T0 Ep 8/10 | L 0.2045 | Train Acc 0.84 | Prec 0.94 | F1 0.86 | Det Rec 0.91 | Det FA 0.07 | Epoch Time 467.91s (Eval 0.00s, Train 467.91s)
[STATE 2026-04-17 17:23:35] T0 Ep 8/10 complete: Prec 0.9361 F1 0.8581 DetRec 0.9078 DetFA 0.0745 | 467.91s total (0.00s eval/467.91s train)
[STATE 2026-04-17 17:23:35] Task 0 Epoch 9/10: entering train loop
T0 Ep 9/10 | L 0.1847 | Train Acc 0.85 | Prec 0.95 | F1 0.87 | Det Rec 0.91 | Det FA 0.06 | Epoch Time 466.16s (Eval 0.00s, Train 466.16s)
[STATE 2026-04-17 17:31:22] T0 Ep 9/10 complete: Prec 0.9481 F1 0.8727 DetRec 0.9146 DetFA 0.0622 | 466.16s total (0.00s eval/466.16s train)
[STATE 2026-04-17 17:31:22] Task 0 Epoch 10/10: entering train loop
T0 Ep 10/10 | L 0.1734 | Train Acc 0.86 | Prec 0.95 | F1 0.88 | Det Rec 0.92 | Det FA 0.05 | Epoch Time 467.08s (Eval 0.00s, Train 467.08s)
[STATE 2026-04-17 17:39:09] T0 Ep 10/10 complete: Prec 0.9503 F1 0.8815 DetRec 0.9208 DetFA 0.0547 | 467.08s total (0.00s eval/467.08s train)
[STATE 2026-04-17 17:39:09] Task 0: running final validation.
[STATE 2026-04-17 17:39:14] Completed task 0 (1/10)
[STATE 2026-04-17 17:39:14] Task 1: zero-shot validation (pre-train)
---- Zero-shot (pre-train) task 1: rec_cls 0.3272 | prec_cls 0.2308 | f1_cls 0.2625 | det 0.7307 | pfa 0.3093 | total_f1 0.5412 ----
[STATE 2026-04-17 17:39:29] Starting task 1 (2/10)
[STATE 2026-04-17 17:39:29] Task 1 Epoch 1/10: entering train loop
[STATE 2026-04-17 17:47:31] Task 1 Epoch 1/10: running validation (end of epoch)
---- Eval at Epoch 0: cls [0.6280837348820061, 0.5881637978595071] | det_recall [0.8225927338527466, 0.858523111173855] | det_fa [0.010035302513209103, 0.04607757630812282] ----
T1 Ep 1/10 | L 0.7421 | Train Acc 0.44 | Prec 0.64 | F1 0.52 | Det Rec 0.83 | Det FA 0.07 | Epoch Time 497.08s (Eval 15.18s, Train 481.90s)
[STATE 2026-04-17 17:47:46] T1 Ep 1/10 complete: Prec 0.6365 F1 0.5220 DetRec 0.8315 DetFA 0.0718 | 497.08s total (15.18s eval/481.90s train)
[STATE 2026-04-17 17:47:46] Task 1 Epoch 2/10: entering train loop
T1 Ep 2/10 | L 0.4073 | Train Acc 0.68 | Prec 0.86 | F1 0.73 | Det Rec 0.84 | Det FA 0.12 | Epoch Time 481.38s (Eval 0.00s, Train 481.38s)
[STATE 2026-04-17 17:55:47] T1 Ep 2/10 complete: Prec 0.8620 F1 0.7291 DetRec 0.8405 DetFA 0.1242 | 481.38s total (0.00s eval/481.38s train)
[STATE 2026-04-17 17:55:47] Task 1 Epoch 3/10: entering train loop
T1 Ep 3/10 | L 0.3222 | Train Acc 0.75 | Prec 0.90 | F1 0.80 | Det Rec 0.89 | Det FA 0.06 | Epoch Time 505.68s (Eval 0.00s, Train 505.68s)
[STATE 2026-04-17 18:04:13] T1 Ep 3/10 complete: Prec 0.8953 F1 0.8016 DetRec 0.8915 DetFA 0.0626 | 505.68s total (0.00s eval/505.68s train)
[STATE 2026-04-17 18:04:13] Task 1 Epoch 4/10: entering train loop
T1 Ep 4/10 | L 0.2941 | Train Acc 0.75 | Prec 0.90 | F1 0.78 | Det Rec 0.85 | Det FA 0.15 | Epoch Time 499.93s (Eval 0.00s, Train 499.93s)
[STATE 2026-04-17 18:12:33] T1 Ep 4/10 complete: Prec 0.9025 F1 0.7833 DetRec 0.8474 DetFA 0.1478 | 499.93s total (0.00s eval/499.93s train)
[STATE 2026-04-17 18:12:33] Task 1 Epoch 5/10: entering train loop
T1 Ep 5/10 | L 0.2428 | Train Acc 0.79 | Prec 0.91 | F1 0.82 | Det Rec 0.89 | Det FA 0.09 | Epoch Time 536.64s (Eval 0.00s, Train 536.64s)
[STATE 2026-04-17 18:21:30] T1 Ep 5/10 complete: Prec 0.9145 F1 0.8237 DetRec 0.8884 DetFA 0.0865 | 536.64s total (0.00s eval/536.64s train)
[STATE 2026-04-17 18:21:30] Task 1 Epoch 6/10: entering train loop
T1 Ep 6/10 | L 0.2293 | Train Acc 0.79 | Prec 0.92 | F1 0.82 | Det Rec 0.88 | Det FA 0.10 | Epoch Time 507.07s (Eval 0.00s, Train 507.07s)
[STATE 2026-04-17 18:29:57] T1 Ep 6/10 complete: Prec 0.9168 F1 0.8215 DetRec 0.8820 DetFA 0.1048 | 507.07s total (0.00s eval/507.07s train)
[STATE 2026-04-17 18:29:57] Task 1 Epoch 7/10: entering train loop
T1 Ep 7/10 | L 0.1972 | Train Acc 0.77 | Prec 0.93 | F1 0.78 | Det Rec 0.79 | Det FA 0.26 | Epoch Time 535.79s (Eval 0.00s, Train 535.79s)
[STATE 2026-04-17 18:38:52] T1 Ep 7/10 complete: Prec 0.9308 F1 0.7755 DetRec 0.7900 DetFA 0.2619 | 535.79s total (0.00s eval/535.79s train)
[STATE 2026-04-17 18:38:52] Task 1 Epoch 8/10: entering train loop
T1 Ep 8/10 | L 0.1775 | Train Acc 0.80 | Prec 0.93 | F1 0.81 | Det Rec 0.82 | Det FA 0.21 | Epoch Time 510.98s (Eval 0.00s, Train 510.98s)
[STATE 2026-04-17 18:47:23] T1 Ep 8/10 complete: Prec 0.9334 F1 0.8070 DetRec 0.8235 DetFA 0.2133 | 510.98s total (0.00s eval/510.98s train)
[STATE 2026-04-17 18:47:23] Task 1 Epoch 9/10: entering train loop
T1 Ep 9/10 | L 0.1789 | Train Acc 0.79 | Prec 0.93 | F1 0.78 | Det Rec 0.79 | Det FA 0.26 | Epoch Time 488.33s (Eval 0.00s, Train 488.33s)
[STATE 2026-04-17 18:55:32] T1 Ep 9/10 complete: Prec 0.9350 F1 0.7835 DetRec 0.7923 DetFA 0.2638 | 488.33s total (0.00s eval/488.33s train)
[STATE 2026-04-17 18:55:32] Task 1 Epoch 10/10: entering train loop
T1 Ep 10/10 | L 0.1662 | Train Acc 0.82 | Prec 0.93 | F1 0.84 | Det Rec 0.90 | Det FA 0.09 | Epoch Time 480.94s (Eval 0.00s, Train 480.94s)
[STATE 2026-04-17 19:03:33] T1 Ep 10/10 complete: Prec 0.9291 F1 0.8439 DetRec 0.8989 DetFA 0.0936 | 480.94s total (0.00s eval/480.94s train)
[STATE 2026-04-17 19:03:33] Task 1: running final validation.
[STATE 2026-04-17 19:03:48] Completed task 1 (2/10)
Note: Unified mixed IQ test tensors to (N, 3, L) via ADC0 I/Q + zero-padded ADC1/2 (IID2-style) for cumulative CIL.
[STATE 2026-04-17 19:03:49] Task 2: zero-shot validation (pre-train)
---- Zero-shot (pre-train) task 2: rec_cls 0.0651 | prec_cls 0.0095 | f1_cls 0.0218 | det 0.3975 | pfa 0.7346 | total_f1 0.4677 ----
[STATE 2026-04-17 19:05:04] Starting task 2 (3/10)
[STATE 2026-04-17 19:05:04] Task 2 Epoch 1/10: entering train loop
[STATE 2026-04-17 20:04:07] Task 2 Epoch 1/10: running validation (end of epoch)
---- Eval at Epoch 0: cls [0.2411407567401965, 0.40098062189760547, 0.08773796897430873] | det_recall [0.6459298386277537, 0.7447732701157092, 0.5772517143611137] | det_fa [0.0015743250265862617, 0.013274037077084876, 0.6305171591824464] ----
T2 Ep 1/10 | L 0.9011 | Train Acc 0.44 | Prec 0.63 | F1 0.52 | Det Rec 0.81 | Det FA 0.13 | Epoch Time 3642.34s (Eval 99.70s, Train 3542.64s)
[STATE 2026-04-17 20:05:47] T2 Ep 1/10 complete: Prec 0.6326 F1 0.5195 DetRec 0.8143 DetFA 0.1261 | 3642.34s total (99.70s eval/3542.64s train)
[STATE 2026-04-17 20:05:47] Task 2 Epoch 2/10: entering train loop
T2 Ep 2/10 | L 0.5553 | Train Acc 0.67 | Prec 0.83 | F1 0.73 | Det Rec 0.86 | Det FA 0.13 | Epoch Time 3463.75s (Eval 0.00s, Train 3463.75s)
[STATE 2026-04-17 21:03:31] T2 Ep 2/10 complete: Prec 0.8304 F1 0.7276 DetRec 0.8578 DetFA 0.1291 | 3463.75s total (0.00s eval/3463.75s train)
[STATE 2026-04-17 21:03:31] Task 2 Epoch 3/10: entering train loop
T2 Ep 3/10 | L 0.4737 | Train Acc 0.71 | Prec 0.84 | F1 0.75 | Det Rec 0.87 | Det FA 0.13 | Epoch Time 3701.06s (Eval 0.00s, Train 3701.06s)
[STATE 2026-04-17 22:05:12] T2 Ep 3/10 complete: Prec 0.8409 F1 0.7524 DetRec 0.8690 DetFA 0.1313 | 3701.06s total (0.00s eval/3701.06s train)
[STATE 2026-04-17 22:05:12] Task 2 Epoch 4/10: entering train loop
T2 Ep 4/10 | L 0.4235 | Train Acc 0.73 | Prec 0.85 | F1 0.77 | Det Rec 0.88 | Det FA 0.13 | Epoch Time 2959.82s (Eval 0.00s, Train 2959.82s)
[STATE 2026-04-17 22:54:31] T2 Ep 4/10 complete: Prec 0.8491 F1 0.7689 DetRec 0.8785 DetFA 0.1285 | 2959.82s total (0.00s eval/2959.82s train)
[STATE 2026-04-17 22:54:31] Task 2 Epoch 5/10: entering train loop
T2 Ep 5/10 | L 0.3902 | Train Acc 0.75 | Prec 0.86 | F1 0.78 | Det Rec 0.88 | Det FA 0.12 | Epoch Time 1857.06s (Eval 0.00s, Train 1857.06s)
[STATE 2026-04-17 23:25:29] T2 Ep 5/10 complete: Prec 0.8562 F1 0.7803 DetRec 0.8836 DetFA 0.1247 | 1857.06s total (0.00s eval/1857.06s train)
[STATE 2026-04-17 23:25:29] Task 2 Epoch 6/10: entering train loop
T2 Ep 6/10 | L 0.3645 | Train Acc 0.76 | Prec 0.86 | F1 0.79 | Det Rec 0.89 | Det FA 0.12 | Epoch Time 1857.61s (Eval 0.00s, Train 1857.61s)
[STATE 2026-04-17 23:56:26] T2 Ep 6/10 complete: Prec 0.8633 F1 0.7907 DetRec 0.8886 DetFA 0.1208 | 1857.61s total (0.00s eval/1857.61s train)
[STATE 2026-04-17 23:56:26] Task 2 Epoch 7/10: entering train loop
T2 Ep 7/10 | L 0.3447 | Train Acc 0.77 | Prec 0.87 | F1 0.80 | Det Rec 0.89 | Det FA 0.12 | Epoch Time 1856.85s (Eval 0.00s, Train 1856.85s)
[STATE 2026-04-18 00:27:23] T2 Ep 7/10 complete: Prec 0.8696 F1 0.7990 DetRec 0.8931 DetFA 0.1164 | 1856.85s total (0.00s eval/1856.85s train)
[STATE 2026-04-18 00:27:23] Task 2 Epoch 8/10: entering train loop
T2 Ep 8/10 | L 0.3292 | Train Acc 0.78 | Prec 0.88 | F1 0.81 | Det Rec 0.90 | Det FA 0.11 | Epoch Time 1846.81s (Eval 0.00s, Train 1846.81s)
[STATE 2026-04-18 00:58:10] T2 Ep 8/10 complete: Prec 0.8757 F1 0.8071 DetRec 0.8971 DetFA 0.1131 | 1846.81s total (0.00s eval/1846.81s train)
[STATE 2026-04-18 00:58:10] Task 2 Epoch 9/10: entering train loop
T2 Ep 9/10 | L 0.3135 | Train Acc 0.78 | Prec 0.88 | F1 0.82 | Det Rec 0.90 | Det FA 0.11 | Epoch Time 1858.82s (Eval 0.00s, Train 1858.82s)
[STATE 2026-04-18 01:29:09] T2 Ep 9/10 complete: Prec 0.8822 F1 0.8150 DetRec 0.9014 DetFA 0.1086 | 1858.82s total (0.00s eval/1858.82s train)
[STATE 2026-04-18 01:29:09] Task 2 Epoch 10/10: entering train loop
T2 Ep 10/10 | L 0.3019 | Train Acc 0.79 | Prec 0.89 | F1 0.82 | Det Rec 0.90 | Det FA 0.10 | Epoch Time 1857.41s (Eval 0.00s, Train 1857.41s)
[STATE 2026-04-18 02:00:06] T2 Ep 10/10 complete: Prec 0.8853 F1 0.8208 DetRec 0.9047 DetFA 0.1035 | 1857.41s total (0.00s eval/1857.41s train)
[STATE 2026-04-18 02:00:06] Task 2: running final validation.
[STATE 2026-04-18 02:01:19] Completed task 2 (3/10)
Note: Unified mixed IQ test tensors to (N, 3, L) via ADC0 I/Q + zero-padded ADC1/2 (IID2-style) for cumulative CIL.
[STATE 2026-04-18 02:01:20] Task 3: zero-shot validation (pre-train)
---- Zero-shot (pre-train) task 3: rec_cls 0.0740 | prec_cls 0.0729 | f1_cls 0.0861 | det 0.6684 | pfa 0.5728 | total_f1 0.2786 ----
[STATE 2026-04-18 02:03:35] Starting task 3 (4/10)
[STATE 2026-04-18 02:03:35] Task 3 Epoch 1/10: entering train loop
[STATE 2026-04-18 02:05:44] Task 3 Epoch 1/10: running validation (end of epoch)
---- Eval at Epoch 0: cls [0.14157903820546225, 0.2750835124077273, 0.06069123792272905, 0.0951754141882067] | det_recall [0.6430655018162967, 0.7380402490576031, 0.6333183298157647, 0.644987452247296] | det_fa [0.0014627638122730576, 0.02655986967372418, 0.29073115792800364, 0.4490595173400506] ----
T3 Ep 1/10 | L 1.4765 | Train Acc 0.26 | Prec 0.30 | F1 0.34 | Det Rec 0.95 | Det FA 0.04 | Epoch Time 264.42s (Eval 136.04s, Train 128.38s)
[STATE 2026-04-18 02:08:00] T3 Ep 1/10 complete: Prec 0.2970 F1 0.3413 DetRec 0.9514 DetFA 0.0430 | 264.42s total (136.04s eval/128.38s train)
[STATE 2026-04-18 02:08:00] Task 3 Epoch 2/10: entering train loop
T3 Ep 2/10 | L 0.5570 | Train Acc 0.50 | Prec 0.52 | F1 0.55 | Det Rec 0.98 | Det FA 0.00 | Epoch Time 129.56s (Eval 0.00s, Train 129.56s)
[STATE 2026-04-18 02:10:09] T3 Ep 2/10 complete: Prec 0.5203 F1 0.5513 DetRec 0.9843 DetFA 0.0047 | 129.56s total (0.00s eval/129.56s train)
[STATE 2026-04-18 02:10:09] Task 3 Epoch 3/10: entering train loop
T3 Ep 3/10 | L 0.4291 | Train Acc 0.52 | Prec 0.57 | F1 0.58 | Det Rec 0.98 | Det FA 0.00 | Epoch Time 129.12s (Eval 0.00s, Train 129.12s)
[STATE 2026-04-18 02:12:18] T3 Ep 3/10 complete: Prec 0.5667 F1 0.5783 DetRec 0.9843 DetFA 0.0036 | 129.12s total (0.00s eval/129.12s train)
[STATE 2026-04-18 02:12:18] Task 3 Epoch 4/10: entering train loop
T3 Ep 4/10 | L 0.3794 | Train Acc 0.48 | Prec 0.57 | F1 0.55 | Det Rec 0.99 | Det FA 0.00 | Epoch Time 129.39s (Eval 0.00s, Train 129.39s)
[STATE 2026-04-18 02:14:28] T3 Ep 4/10 complete: Prec 0.5699 F1 0.5471 DetRec 0.9909 DetFA 0.0024 | 129.39s total (0.00s eval/129.39s train)
[STATE 2026-04-18 02:14:28] Task 3 Epoch 5/10: entering train loop
T3 Ep 5/10 | L 0.3434 | Train Acc 0.53 | Prec 0.59 | F1 0.59 | Det Rec 0.99 | Det FA 0.00 | Epoch Time 128.46s (Eval 0.00s, Train 128.46s)
[STATE 2026-04-18 02:16:36] T3 Ep 5/10 complete: Prec 0.5875 F1 0.5901 DetRec 0.9897 DetFA 0.0026 | 128.46s total (0.00s eval/128.46s train)
[STATE 2026-04-18 02:16:36] Task 3 Epoch 6/10: entering train loop
T3 Ep 6/10 | L 0.3210 | Train Acc 0.54 | Prec 0.60 | F1 0.59 | Det Rec 0.99 | Det FA 0.00 | Epoch Time 129.25s (Eval 0.00s, Train 129.25s)
[STATE 2026-04-18 02:18:45] T3 Ep 6/10 complete: Prec 0.5997 F1 0.5927 DetRec 0.9870 DetFA 0.0028 | 129.25s total (0.00s eval/129.25s train)
[STATE 2026-04-18 02:18:45] Task 3 Epoch 7/10: entering train loop
T3 Ep 7/10 | L 0.2901 | Train Acc 0.56 | Prec 0.63 | F1 0.61 | Det Rec 0.99 | Det FA 0.00 | Epoch Time 127.81s (Eval 0.00s, Train 127.81s)
[STATE 2026-04-18 02:20:53] T3 Ep 7/10 complete: Prec 0.6317 F1 0.6091 DetRec 0.9907 DetFA 0.0035 | 127.81s total (0.00s eval/127.81s train)
[STATE 2026-04-18 02:20:53] Task 3 Epoch 8/10: entering train loop
T3 Ep 8/10 | L 0.2727 | Train Acc 0.61 | Prec 0.64 | F1 0.66 | Det Rec 0.99 | Det FA 0.00 | Epoch Time 129.54s (Eval 0.00s, Train 129.54s)
[STATE 2026-04-18 02:23:03] T3 Ep 8/10 complete: Prec 0.6430 F1 0.6584 DetRec 0.9871 DetFA 0.0029 | 129.54s total (0.00s eval/129.54s train)
[STATE 2026-04-18 02:23:03] Task 3 Epoch 9/10: entering train loop
T3 Ep 9/10 | L 0.2532 | Train Acc 0.62 | Prec 0.65 | F1 0.67 | Det Rec 0.99 | Det FA 0.00 | Epoch Time 128.28s (Eval 0.00s, Train 128.28s)
[STATE 2026-04-18 02:25:11] T3 Ep 9/10 complete: Prec 0.6504 F1 0.6696 DetRec 0.9915 DetFA 0.0011 | 128.28s total (0.00s eval/128.28s train)
[STATE 2026-04-18 02:25:11] Task 3 Epoch 10/10: entering train loop
T3 Ep 10/10 | L 0.2386 | Train Acc 0.65 | Prec 0.69 | F1 0.69 | Det Rec 0.99 | Det FA 0.00 | Epoch Time 129.92s (Eval 0.00s, Train 129.92s)
[STATE 2026-04-18 02:27:21] T3 Ep 10/10 complete: Prec 0.6887 F1 0.6927 DetRec 0.9928 DetFA 0.0024 | 129.92s total (0.00s eval/129.92s train)
[STATE 2026-04-18 02:27:21] Task 3: running final validation.
[STATE 2026-04-18 02:29:36] Completed task 3 (4/10)
Note: Unified mixed IQ test tensors to (N, 3, L) via ADC0 I/Q + zero-padded ADC1/2 (IID2-style) for cumulative CIL.
[STATE 2026-04-18 02:29:37] Task 4: zero-shot validation (pre-train)
---- Zero-shot (pre-train) task 4: rec_cls 0.0707 | prec_cls 0.0774 | f1_cls 0.0559 | det 0.5661 | pfa 0.5462 | total_f1 0.2531 ----
[STATE 2026-04-18 02:32:55] Starting task 4 (5/10)
[STATE 2026-04-18 02:32:55] Task 4 Epoch 1/10: entering train loop
[STATE 2026-04-18 02:35:02] Task 4 Epoch 1/10: running validation (end of epoch)
---- Eval at Epoch 0: cls [0.20696085614786255, 0.40696591823308265, 0.05892908888970996, 0.07227308231497846, 0.06624622825703175] | det_recall [0.6242822728744002, 0.743863315697636, 0.5532545343789229, 0.5279614833015241, 0.5141308761978168] | det_fa [0.007850416492030606, 0.07018794923950122, 0.39199948445312627, 0.4411411708845092, 0.5153941864017698] ----
T4 Ep 1/10 | L 0.9061 | Train Acc 0.21 | Prec 0.23 | F1 0.30 | Det Rec 0.98 | Det FA 0.00 | Epoch Time 323.75s (Eval 197.27s, Train 126.48s)
[STATE 2026-04-18 02:38:19] T4 Ep 1/10 complete: Prec 0.2339 F1 0.2960 DetRec 0.9840 DetFA 0.0002 | 323.75s total (197.27s eval/126.48s train)
[STATE 2026-04-18 02:38:19] Task 4 Epoch 2/10: entering train loop
T4 Ep 2/10 | L 0.5158 | Train Acc 0.33 | Prec 0.37 | F1 0.39 | Det Rec 0.99 | Det FA 0.00 | Epoch Time 127.82s (Eval 0.00s, Train 127.82s)
[STATE 2026-04-18 02:40:27] T4 Ep 2/10 complete: Prec 0.3706 F1 0.3947 DetRec 0.9852 DetFA 0.0000 | 127.82s total (0.00s eval/127.82s train)
[STATE 2026-04-18 02:40:27] Task 4 Epoch 3/10: entering train loop
T4 Ep 3/10 | L 0.4473 | Train Acc 0.38 | Prec 0.45 | F1 0.44 | Det Rec 0.99 | Det FA 0.00 | Epoch Time 127.40s (Eval 0.00s, Train 127.40s)
[STATE 2026-04-18 02:42:34] T4 Ep 3/10 complete: Prec 0.4454 F1 0.4359 DetRec 0.9930 DetFA 0.0000 | 127.40s total (0.00s eval/127.40s train)
[STATE 2026-04-18 02:42:34] Task 4 Epoch 4/10: entering train loop
T4 Ep 4/10 | L 0.4020 | Train Acc 0.43 | Prec 0.51 | F1 0.50 | Det Rec 0.98 | Det FA 0.00 | Epoch Time 130.65s (Eval 0.00s, Train 130.65s)
[STATE 2026-04-18 02:44:45] T4 Ep 4/10 complete: Prec 0.5116 F1 0.4997 DetRec 0.9809 DetFA 0.0000 | 130.65s total (0.00s eval/130.65s train)
[STATE 2026-04-18 02:44:45] Task 4 Epoch 5/10: entering train loop
T4 Ep 5/10 | L 0.3660 | Train Acc 0.50 | Prec 0.56 | F1 0.56 | Det Rec 0.99 | Det FA 0.00 | Epoch Time 128.18s (Eval 0.00s, Train 128.18s)
[STATE 2026-04-18 02:46:53] T4 Ep 5/10 complete: Prec 0.5600 F1 0.5622 DetRec 0.9918 DetFA 0.0000 | 128.18s total (0.00s eval/128.18s train)
[STATE 2026-04-18 02:46:53] Task 4 Epoch 6/10: entering train loop
T4 Ep 6/10 | L 0.3273 | Train Acc 0.55 | Prec 0.62 | F1 0.61 | Det Rec 0.99 | Det FA 0.00 | Epoch Time 129.53s (Eval 0.00s, Train 129.53s)
[STATE 2026-04-18 02:49:03] T4 Ep 6/10 complete: Prec 0.6225 F1 0.6119 DetRec 0.9941 DetFA 0.0000 | 129.53s total (0.00s eval/129.53s train)
[STATE 2026-04-18 02:49:03] Task 4 Epoch 7/10: entering train loop
T4 Ep 7/10 | L 0.2939 | Train Acc 0.60 | Prec 0.68 | F1 0.65 | Det Rec 0.99 | Det FA 0.00 | Epoch Time 129.09s (Eval 0.00s, Train 129.09s)
[STATE 2026-04-18 02:51:12] T4 Ep 7/10 complete: Prec 0.6760 F1 0.6502 DetRec 0.9929 DetFA 0.0000 | 129.09s total (0.00s eval/129.09s train)
[STATE 2026-04-18 02:51:12] Task 4 Epoch 8/10: entering train loop
T4 Ep 8/10 | L 0.2673 | Train Acc 0.65 | Prec 0.70 | F1 0.70 | Det Rec 1.00 | Det FA 0.00 | Epoch Time 127.63s (Eval 0.00s, Train 127.63s)
[STATE 2026-04-18 02:53:19] T4 Ep 8/10 complete: Prec 0.7001 F1 0.6983 DetRec 0.9963 DetFA 0.0000 | 127.63s total (0.00s eval/127.63s train)
[STATE 2026-04-18 02:53:19] Task 4 Epoch 9/10: entering train loop
T4 Ep 9/10 | L 0.2407 | Train Acc 0.66 | Prec 0.72 | F1 0.71 | Det Rec 0.99 | Det FA 0.00 | Epoch Time 130.65s (Eval 0.00s, Train 130.65s)
[STATE 2026-04-18 02:55:30] T4 Ep 9/10 complete: Prec 0.7173 F1 0.7137 DetRec 0.9947 DetFA 0.0000 | 130.65s total (0.00s eval/130.65s train)
[STATE 2026-04-18 02:55:30] Task 4 Epoch 10/10: entering train loop
T4 Ep 10/10 | L 0.2252 | Train Acc 0.68 | Prec 0.75 | F1 0.73 | Det Rec 0.99 | Det FA 0.00 | Epoch Time 129.88s (Eval 0.00s, Train 129.88s)
[STATE 2026-04-18 02:57:40] T4 Ep 10/10 complete: Prec 0.7455 F1 0.7297 DetRec 0.9919 DetFA 0.0000 | 129.88s total (0.00s eval/129.88s train)
[STATE 2026-04-18 02:57:40] Task 4: running final validation.
[STATE 2026-04-18 03:00:58] Completed task 4 (5/10)
Note: Unified mixed IQ test tensors to (N, 3, L) via ADC0 I/Q + zero-padded ADC1/2 (IID2-style) for cumulative CIL.
[STATE 2026-04-18 03:00:59] Task 5: zero-shot validation (pre-train)
---- Zero-shot (pre-train) task 5: rec_cls 0.0693 | prec_cls 0.0651 | f1_cls 0.0538 | det 0.5464 | pfa 0.4742 | total_f1 0.2026 ----
[STATE 2026-04-18 03:05:48] Starting task 5 (6/10)
[STATE 2026-04-18 03:05:48] Task 5 Epoch 1/10: entering train loop
[STATE 2026-04-18 03:23:39] Task 5 Epoch 1/10: running validation (end of epoch)
---- Eval at Epoch 0: cls [0.08250340609716898, 0.35728861249507493, 0.04039175064156292, 0.07869448091082519, 0.06485994876974722, 0.10209511944016164] | det_recall [0.5475212965729496, 0.7084951186086114, 0.5314007374778239, 0.5026553538983343, 0.4777853423739455, 0.6493982002333948] | det_fa [0.0032874436588882045, 0.04335597745384796, 0.34003222641809294, 0.40510454904466076, 0.4560492843355524, 0.4916237942585395] ----
T5 Ep 1/10 | L 0.6251 | Train Acc 0.57 | Prec 0.77 | F1 0.65 | Det Rec 0.87 | Det FA 0.10 | Epoch Time 1361.59s (Eval 290.95s, Train 1070.63s)
[STATE 2026-04-18 03:28:30] T5 Ep 1/10 complete: Prec 0.7654 F1 0.6470 DetRec 0.8708 DetFA 0.0959 | 1361.59s total (290.95s eval/1070.63s train)
[STATE 2026-04-18 03:28:30] Task 5 Epoch 2/10: entering train loop
T5 Ep 2/10 | L 0.3616 | Train Acc 0.73 | Prec 0.90 | F1 0.79 | Det Rec 0.90 | Det FA 0.08 | Epoch Time 1068.60s (Eval 0.00s, Train 1068.60s)
[STATE 2026-04-18 03:46:19] T5 Ep 2/10 complete: Prec 0.9043 F1 0.7939 DetRec 0.9019 DetFA 0.0781 | 1068.60s total (0.00s eval/1068.60s train)
[STATE 2026-04-18 03:46:19] Task 5 Epoch 3/10: entering train loop
T5 Ep 3/10 | L 0.3087 | Train Acc 0.76 | Prec 0.91 | F1 0.82 | Det Rec 0.91 | Det FA 0.08 | Epoch Time 1067.04s (Eval 0.00s, Train 1067.04s)
[STATE 2026-04-18 04:04:06] T5 Ep 3/10 complete: Prec 0.9132 F1 0.8167 DetRec 0.9124 DetFA 0.0778 | 1067.04s total (0.00s eval/1067.04s train)
[STATE 2026-04-18 04:04:06] Task 5 Epoch 4/10: entering train loop
T5 Ep 4/10 | L 0.2723 | Train Acc 0.78 | Prec 0.92 | F1 0.83 | Det Rec 0.92 | Det FA 0.08 | Epoch Time 1073.48s (Eval 0.00s, Train 1073.48s)
[STATE 2026-04-18 04:21:59] T5 Ep 4/10 complete: Prec 0.9212 F1 0.8334 DetRec 0.9194 DetFA 0.0796 | 1073.48s total (0.00s eval/1073.48s train)
[STATE 2026-04-18 04:21:59] Task 5 Epoch 5/10: entering train loop
T5 Ep 5/10 | L 0.2482 | Train Acc 0.80 | Prec 0.92 | F1 0.84 | Det Rec 0.93 | Det FA 0.07 | Epoch Time 1062.48s (Eval 0.00s, Train 1062.48s)
[STATE 2026-04-18 04:39:42] T5 Ep 5/10 complete: Prec 0.9235 F1 0.8443 DetRec 0.9259 DetFA 0.0735 | 1062.48s total (0.00s eval/1062.48s train)
[STATE 2026-04-18 04:39:42] Task 5 Epoch 6/10: entering train loop
T5 Ep 6/10 | L 0.2280 | Train Acc 0.81 | Prec 0.93 | F1 0.85 | Det Rec 0.93 | Det FA 0.07 | Epoch Time 1070.09s (Eval 0.00s, Train 1070.09s)
[STATE 2026-04-18 04:57:32] T5 Ep 6/10 complete: Prec 0.9258 F1 0.8527 DetRec 0.9309 DetFA 0.0700 | 1070.09s total (0.00s eval/1070.09s train)
[STATE 2026-04-18 04:57:32] Task 5 Epoch 7/10: entering train loop
T5 Ep 7/10 | L 0.2101 | Train Acc 0.82 | Prec 0.93 | F1 0.86 | Det Rec 0.94 | Det FA 0.07 | Epoch Time 1073.77s (Eval 0.00s, Train 1073.77s)
[STATE 2026-04-18 05:15:26] T5 Ep 7/10 complete: Prec 0.9333 F1 0.8638 DetRec 0.9360 DetFA 0.0658 | 1073.77s total (0.00s eval/1073.77s train)
[STATE 2026-04-18 05:15:26] Task 5 Epoch 8/10: entering train loop
T5 Ep 8/10 | L 0.1936 | Train Acc 0.83 | Prec 0.93 | F1 0.87 | Det Rec 0.94 | Det FA 0.07 | Epoch Time 1073.27s (Eval 0.00s, Train 1073.27s)
[STATE 2026-04-18 05:33:19] T5 Ep 8/10 complete: Prec 0.9331 F1 0.8715 DetRec 0.9402 DetFA 0.0666 | 1073.27s total (0.00s eval/1073.27s train)
[STATE 2026-04-18 05:33:19] Task 5 Epoch 9/10: entering train loop
T5 Ep 9/10 | L 0.1784 | Train Acc 0.84 | Prec 0.94 | F1 0.88 | Det Rec 0.94 | Det FA 0.06 | Epoch Time 1070.74s (Eval 0.00s, Train 1070.74s)
[STATE 2026-04-18 05:51:10] T5 Ep 9/10 complete: Prec 0.9381 F1 0.8788 DetRec 0.9429 DetFA 0.0647 | 1070.74s total (0.00s eval/1070.74s train)
[STATE 2026-04-18 05:51:10] Task 5 Epoch 10/10: entering train loop
T5 Ep 10/10 | L 0.1673 | Train Acc 0.85 | Prec 0.94 | F1 0.88 | Det Rec 0.95 | Det FA 0.06 | Epoch Time 1068.07s (Eval 0.00s, Train 1068.07s)
[STATE 2026-04-18 06:08:58] T5 Ep 10/10 complete: Prec 0.9396 F1 0.8844 DetRec 0.9460 DetFA 0.0573 | 1068.07s total (0.00s eval/1068.07s train)
[STATE 2026-04-18 06:08:58] Task 5: running final validation.
[STATE 2026-04-18 06:13:49] Completed task 5 (6/10)
Note: Unified mixed IQ test tensors to (N, 3, L) via ADC0 I/Q + zero-padded ADC1/2 (IID2-style) for cumulative CIL.
[STATE 2026-04-18 06:13:50] Task 6: zero-shot validation (pre-train)
---- Zero-shot (pre-train) task 6: rec_cls 0.1007 | prec_cls 0.1045 | f1_cls 0.0862 | det 0.6355 | pfa 0.4901 | total_f1 0.1751 ----
[STATE 2026-04-18 06:20:16] Starting task 6 (7/10)
[STATE 2026-04-18 06:20:16] Task 6 Epoch 1/10: entering train loop
[STATE 2026-04-18 06:21:48] Task 6 Epoch 1/10: running validation (end of epoch)
---- Eval at Epoch 0: cls [0.18460176782461335, 0.3687759847282536, 0.04188203266818294, 0.059129516372878714, 0.041704533346011465, 0.11562859357089131, 0.09926802170789778] | det_recall [0.6145607193788084, 0.7323898278562707, 0.4904152440144475, 0.4735898527952045, 0.4559218587685155, 0.5942523489972908, 0.5884474557452998] | det_fa [0.0019273854352383029, 0.025485318084407665, 0.3281454497170679, 0.3866965820198349, 0.4280484554937938, 0.38341340625742215, 0.4375098868295514] ----
T6 Ep 1/10 | L 1.2932 | Train Acc 0.32 | Prec 0.35 | F1 0.40 | Det Rec 0.93 | Det FA 0.09 | Epoch Time 475.09s (Eval 383.16s, Train 91.93s)
[STATE 2026-04-18 06:28:11] T6 Ep 1/10 complete: Prec 0.3459 F1 0.4011 DetRec 0.9310 DetFA 0.0902 | 475.09s total (383.16s eval/91.93s train)
[STATE 2026-04-18 06:28:11] Task 6 Epoch 2/10: entering train loop
T6 Ep 2/10 | L 0.4829 | Train Acc 0.52 | Prec 0.55 | F1 0.59 | Det Rec 0.99 | Det FA 0.00 | Epoch Time 92.60s (Eval 0.00s, Train 92.60s)
[STATE 2026-04-18 06:29:43] T6 Ep 2/10 complete: Prec 0.5460 F1 0.5897 DetRec 0.9941 DetFA 0.0049 | 92.60s total (0.00s eval/92.60s train)
[STATE 2026-04-18 06:29:43] Task 6 Epoch 3/10: entering train loop
T6 Ep 3/10 | L 0.3923 | Train Acc 0.56 | Prec 0.61 | F1 0.63 | Det Rec 0.99 | Det FA 0.00 | Epoch Time 91.59s (Eval 0.00s, Train 91.59s)
[STATE 2026-04-18 06:31:15] T6 Ep 3/10 complete: Prec 0.6080 F1 0.6304 DetRec 0.9938 DetFA 0.0027 | 91.59s total (0.00s eval/91.59s train)
[STATE 2026-04-18 06:31:15] Task 6 Epoch 4/10: entering train loop
T6 Ep 4/10 | L 0.3261 | Train Acc 0.61 | Prec 0.67 | F1 0.68 | Det Rec 0.99 | Det FA 0.00 | Epoch Time 92.69s (Eval 0.00s, Train 92.69s)
[STATE 2026-04-18 06:32:48] T6 Ep 4/10 complete: Prec 0.6746 F1 0.6802 DetRec 0.9949 DetFA 0.0041 | 92.69s total (0.00s eval/92.69s train)
[STATE 2026-04-18 06:32:48] Task 6 Epoch 5/10: entering train loop
T6 Ep 5/10 | L 0.2923 | Train Acc 0.64 | Prec 0.70 | F1 0.70 | Det Rec 0.99 | Det FA 0.00 | Epoch Time 92.19s (Eval 0.00s, Train 92.19s)
[STATE 2026-04-18 06:34:20] T6 Ep 5/10 complete: Prec 0.7016 F1 0.6969 DetRec 0.9939 DetFA 0.0042 | 92.19s total (0.00s eval/92.19s train)
[STATE 2026-04-18 06:34:20] Task 6 Epoch 6/10: entering train loop
T6 Ep 6/10 | L 0.2612 | Train Acc 0.69 | Prec 0.73 | F1 0.74 | Det Rec 0.99 | Det FA 0.00 | Epoch Time 90.83s (Eval 0.00s, Train 90.83s)
[STATE 2026-04-18 06:35:51] T6 Ep 6/10 complete: Prec 0.7308 F1 0.7369 DetRec 0.9943 DetFA 0.0038 | 90.83s total (0.00s eval/90.83s train)
[STATE 2026-04-18 06:35:51] Task 6 Epoch 7/10: entering train loop
T6 Ep 7/10 | L 0.2391 | Train Acc 0.71 | Prec 0.76 | F1 0.76 | Det Rec 1.00 | Det FA 0.00 | Epoch Time 90.42s (Eval 0.00s, Train 90.42s)
[STATE 2026-04-18 06:37:21] T6 Ep 7/10 complete: Prec 0.7637 F1 0.7602 DetRec 0.9971 DetFA 0.0025 | 90.42s total (0.00s eval/90.42s train)
[STATE 2026-04-18 06:37:21] Task 6 Epoch 8/10: entering train loop
T6 Ep 8/10 | L 0.2125 | Train Acc 0.74 | Prec 0.78 | F1 0.79 | Det Rec 1.00 | Det FA 0.00 | Epoch Time 91.51s (Eval 0.00s, Train 91.51s)
[STATE 2026-04-18 06:38:53] T6 Ep 8/10 complete: Prec 0.7773 F1 0.7866 DetRec 0.9956 DetFA 0.0030 | 91.51s total (0.00s eval/91.51s train)
[STATE 2026-04-18 06:38:53] Task 6 Epoch 9/10: entering train loop
T6 Ep 9/10 | L 0.1843 | Train Acc 0.77 | Prec 0.80 | F1 0.81 | Det Rec 1.00 | Det FA 0.00 | Epoch Time 90.39s (Eval 0.00s, Train 90.39s)
[STATE 2026-04-18 06:40:23] T6 Ep 9/10 complete: Prec 0.7990 F1 0.8076 DetRec 0.9966 DetFA 0.0026 | 90.39s total (0.00s eval/90.39s train)
[STATE 2026-04-18 06:40:23] Task 6 Epoch 10/10: entering train loop
T6 Ep 10/10 | L 0.1763 | Train Acc 0.77 | Prec 0.81 | F1 0.82 | Det Rec 1.00 | Det FA 0.00 | Epoch Time 91.71s (Eval 0.00s, Train 91.71s)
[STATE 2026-04-18 06:41:55] T6 Ep 10/10 complete: Prec 0.8115 F1 0.8151 DetRec 0.9961 DetFA 0.0025 | 91.71s total (0.00s eval/91.71s train)
[STATE 2026-04-18 06:41:55] Task 6: running final validation.
[STATE 2026-04-18 06:48:20] Completed task 6 (7/10)
Note: Unified mixed IQ test tensors to (N, 3, L) via ADC0 I/Q + zero-padded ADC1/2 (IID2-style) for cumulative CIL.
[STATE 2026-04-18 06:48:21] Task 7: zero-shot validation (pre-train)
---- Zero-shot (pre-train) task 7: rec_cls 0.1220 | prec_cls 0.1226 | f1_cls 0.1018 | det 0.6151 | pfa 0.4022 | total_f1 0.1605 ----
[STATE 2026-04-18 06:56:44] Starting task 7 (8/10)
[STATE 2026-04-18 06:56:44] Task 7 Epoch 1/10: entering train loop
[STATE 2026-04-18 07:13:25] Task 7 Epoch 1/10: running validation (end of epoch)
---- Eval at Epoch 0: cls [0.07550031788670607, 0.28466654672042957, 0.0900753723275477, 0.11115741643543066, 0.08244805611097285, 0.15603734808920244, 0.1321715009569523, 0.14133657608789135] | det_recall [0.5383800722168, 0.6644338175708561, 0.5668030867483551, 0.5402070186780118, 0.5114771423592754, 0.6606549896384953, 0.6419228584041181, 0.7318693421591003] | det_fa [0.0035556954450230425, 0.03950222367570859, 0.26966114222964455, 0.3162981175794018, 0.35940422836491215, 0.2999022766900081, 0.32421957940133656, 0.4436880021835232] ----
T7 Ep 1/10 | L 0.5594 | Train Acc 0.65 | Prec 0.77 | F1 0.69 | Det Rec 0.87 | Det FA 0.15 | Epoch Time 1507.03s (Eval 506.42s, Train 1000.61s)
[STATE 2026-04-18 07:21:51] T7 Ep 1/10 complete: Prec 0.7748 F1 0.6921 DetRec 0.8664 DetFA 0.1537 | 1507.03s total (506.42s eval/1000.61s train)
[STATE 2026-04-18 07:21:51] Task 7 Epoch 2/10: entering train loop
T7 Ep 2/10 | L 0.3334 | Train Acc 0.78 | Prec 0.88 | F1 0.81 | Det Rec 0.89 | Det FA 0.12 | Epoch Time 994.42s (Eval 0.00s, Train 994.42s)
[STATE 2026-04-18 07:38:26] T7 Ep 2/10 complete: Prec 0.8839 F1 0.8115 DetRec 0.8943 DetFA 0.1173 | 994.42s total (0.00s eval/994.42s train)
[STATE 2026-04-18 07:38:26] Task 7 Epoch 3/10: entering train loop
T7 Ep 3/10 | L 0.2880 | Train Acc 0.80 | Prec 0.90 | F1 0.83 | Det Rec 0.90 | Det FA 0.10 | Epoch Time 1001.43s (Eval 0.00s, Train 1001.43s)
[STATE 2026-04-18 07:55:07] T7 Ep 3/10 complete: Prec 0.8965 F1 0.8296 DetRec 0.9027 DetFA 0.1024 | 1001.43s total (0.00s eval/1001.43s train)
[STATE 2026-04-18 07:55:07] Task 7 Epoch 4/10: entering train loop
T7 Ep 4/10 | L 0.2585 | Train Acc 0.82 | Prec 0.91 | F1 0.84 | Det Rec 0.91 | Det FA 0.10 | Epoch Time 998.11s (Eval 0.00s, Train 998.11s)
[STATE 2026-04-18 08:11:45] T7 Ep 4/10 complete: Prec 0.9074 F1 0.8440 DetRec 0.9099 DetFA 0.0957 | 998.11s total (0.00s eval/998.11s train)
[STATE 2026-04-18 08:11:45] Task 7 Epoch 5/10: entering train loop
T7 Ep 5/10 | L 0.2375 | Train Acc 0.83 | Prec 0.91 | F1 0.85 | Det Rec 0.92 | Det FA 0.09 | Epoch Time 1001.63s (Eval 0.00s, Train 1001.63s)
[STATE 2026-04-18 08:28:27] T7 Ep 5/10 complete: Prec 0.9123 F1 0.8542 DetRec 0.9177 DetFA 0.0851 | 1001.63s total (0.00s eval/1001.63s train)
[STATE 2026-04-18 08:28:27] Task 7 Epoch 6/10: entering train loop
T7 Ep 6/10 | L 0.2174 | Train Acc 0.85 | Prec 0.92 | F1 0.87 | Det Rec 0.92 | Det FA 0.08 | Epoch Time 991.71s (Eval 0.00s, Train 991.71s)
[STATE 2026-04-18 08:44:59] T7 Ep 6/10 complete: Prec 0.9190 F1 0.8664 DetRec 0.9242 DetFA 0.0778 | 991.71s total (0.00s eval/991.71s train)
[STATE 2026-04-18 08:44:59] Task 7 Epoch 7/10: entering train loop
T7 Ep 7/10 | L 0.2012 | Train Acc 0.86 | Prec 0.92 | F1 0.87 | Det Rec 0.93 | Det FA 0.08 | Epoch Time 997.93s (Eval 0.00s, Train 997.93s)
[STATE 2026-04-18 09:01:37] T7 Ep 7/10 complete: Prec 0.9198 F1 0.8737 DetRec 0.9298 DetFA 0.0780 | 997.93s total (0.00s eval/997.93s train)
[STATE 2026-04-18 09:01:37] Task 7 Epoch 8/10: entering train loop
T7 Ep 8/10 | L 0.1878 | Train Acc 0.87 | Prec 0.93 | F1 0.88 | Det Rec 0.93 | Det FA 0.08 | Epoch Time 998.52s (Eval 0.00s, Train 998.52s)
[STATE 2026-04-18 09:18:15] T7 Ep 8/10 complete: Prec 0.9264 F1 0.8822 DetRec 0.9327 DetFA 0.0774 | 998.52s total (0.00s eval/998.52s train)
[STATE 2026-04-18 09:18:15] Task 7 Epoch 9/10: entering train loop
T7 Ep 9/10 | L 0.1714 | Train Acc 0.88 | Prec 0.93 | F1 0.89 | Det Rec 0.94 | Det FA 0.08 | Epoch Time 1003.11s (Eval 0.00s, Train 1003.11s)
[STATE 2026-04-18 09:34:58] T7 Ep 9/10 complete: Prec 0.9282 F1 0.8897 DetRec 0.9369 DetFA 0.0756 | 1003.11s total (0.00s eval/1003.11s train)
[STATE 2026-04-18 09:34:58] Task 7 Epoch 10/10: entering train loop
T7 Ep 10/10 | L 0.1586 | Train Acc 0.89 | Prec 0.93 | F1 0.90 | Det Rec 0.94 | Det FA 0.07 | Epoch Time 1005.94s (Eval 0.00s, Train 1005.94s)
[STATE 2026-04-18 09:51:44] T7 Ep 10/10 complete: Prec 0.9294 F1 0.8965 DetRec 0.9439 DetFA 0.0683 | 1005.94s total (0.00s eval/1005.94s train)
[STATE 2026-04-18 09:51:44] Task 7: running final validation.
[STATE 2026-04-18 10:00:12] Completed task 7 (8/10)
Note: Unified mixed IQ test tensors to (N, 3, L) via ADC0 I/Q + zero-padded ADC1/2 (IID2-style) for cumulative CIL.
[STATE 2026-04-18 10:00:13] Task 8: zero-shot validation (pre-train)
---- Zero-shot (pre-train) task 8: rec_cls 0.1285 | prec_cls 0.1659 | f1_cls 0.1094 | det 0.7156 | pfa 0.4734 | total_f1 0.1840 ----
[STATE 2026-04-18 10:10:42] Starting task 8 (9/10)
[STATE 2026-04-18 10:10:42] Task 8 Epoch 1/10: entering train loop
[STATE 2026-04-18 10:13:56] Task 8 Epoch 1/10: running validation (end of epoch)
---- Eval at Epoch 0: cls [0.2824620662528754, 0.39897452568235786, 0.10076359400842372, 0.10873620181411868, 0.08783892525096398, 0.1605487027526821, 0.13456146109078676, 0.21047444988359482, 0.1587950171871883] | det_recall [0.6577193021791935, 0.7250019760614431, 0.5427003393764099, 0.5119017859917647, 0.4849178967719715, 0.6269722886791645, 0.6044067522181972, 0.6716040170067403, 0.6543842473942267] | det_fa [0.00023968445021076598, 0.0037693805373654396, 0.2604501372532403, 0.3193105881195444, 0.36418880342282395, 0.28943199215067156, 0.31757812392137097, 0.2765980395811876, 0.36666544871452267] ----
T8 Ep 1/10 | L 0.8999 | Train Acc 0.29 | Prec 0.42 | F1 0.38 | Det Rec 0.80 | Det FA 0.11 | Epoch Time 823.38s (Eval 629.75s, Train 193.63s)
[STATE 2026-04-18 10:24:25] T8 Ep 1/10 complete: Prec 0.4215 F1 0.3771 DetRec 0.8026 DetFA 0.1103 | 823.38s total (629.75s eval/193.63s train)
[STATE 2026-04-18 10:24:25] Task 8 Epoch 2/10: entering train loop
T8 Ep 2/10 | L 0.3547 | Train Acc 0.51 | Prec 0.69 | F1 0.59 | Det Rec 0.85 | Det FA 0.05 | Epoch Time 193.20s (Eval 0.00s, Train 193.20s)
[STATE 2026-04-18 10:27:39] T8 Ep 2/10 complete: Prec 0.6863 F1 0.5886 DetRec 0.8520 DetFA 0.0463 | 193.20s total (0.00s eval/193.20s train)
[STATE 2026-04-18 10:27:39] Task 8 Epoch 3/10: entering train loop
T8 Ep 3/10 | L 0.2830 | Train Acc 0.57 | Prec 0.73 | F1 0.64 | Det Rec 0.86 | Det FA 0.05 | Epoch Time 193.14s (Eval 0.00s, Train 193.14s)
[STATE 2026-04-18 10:30:52] T8 Ep 3/10 complete: Prec 0.7314 F1 0.6370 DetRec 0.8645 DetFA 0.0489 | 193.14s total (0.00s eval/193.14s train)
[STATE 2026-04-18 10:30:52] Task 8 Epoch 4/10: entering train loop
T8 Ep 4/10 | L 0.2535 | Train Acc 0.60 | Prec 0.78 | F1 0.66 | Det Rec 0.88 | Det FA 0.05 | Epoch Time 194.38s (Eval 0.00s, Train 194.38s)
[STATE 2026-04-18 10:34:06] T8 Ep 4/10 complete: Prec 0.7803 F1 0.6640 DetRec 0.8758 DetFA 0.0484 | 194.38s total (0.00s eval/194.38s train)
[STATE 2026-04-18 10:34:06] Task 8 Epoch 5/10: entering train loop
T8 Ep 5/10 | L 0.2243 | Train Acc 0.62 | Prec 0.82 | F1 0.69 | Det Rec 0.88 | Det FA 0.04 | Epoch Time 192.00s (Eval 0.00s, Train 192.00s)
[STATE 2026-04-18 10:37:18] T8 Ep 5/10 complete: Prec 0.8222 F1 0.6918 DetRec 0.8821 DetFA 0.0423 | 192.00s total (0.00s eval/192.00s train)
[STATE 2026-04-18 10:37:18] Task 8 Epoch 6/10: entering train loop
T8 Ep 6/10 | L 0.2040 | Train Acc 0.64 | Prec 0.82 | F1 0.71 | Det Rec 0.89 | Det FA 0.04 | Epoch Time 192.92s (Eval 0.00s, Train 192.92s)
[STATE 2026-04-18 10:40:31] T8 Ep 6/10 complete: Prec 0.8195 F1 0.7085 DetRec 0.8926 DetFA 0.0400 | 192.92s total (0.00s eval/192.92s train)
[STATE 2026-04-18 10:40:31] Task 8 Epoch 7/10: entering train loop
T8 Ep 7/10 | L 0.1832 | Train Acc 0.68 | Prec 0.86 | F1 0.74 | Det Rec 0.90 | Det FA 0.04 | Epoch Time 194.60s (Eval 0.00s, Train 194.60s)
[STATE 2026-04-18 10:43:46] T8 Ep 7/10 complete: Prec 0.8591 F1 0.7355 DetRec 0.8999 DetFA 0.0420 | 194.60s total (0.00s eval/194.60s train)
[STATE 2026-04-18 10:43:46] Task 8 Epoch 8/10: entering train loop
T8 Ep 8/10 | L 0.1640 | Train Acc 0.70 | Prec 0.89 | F1 0.76 | Det Rec 0.91 | Det FA 0.04 | Epoch Time 194.21s (Eval 0.00s, Train 194.21s)
[STATE 2026-04-18 10:47:00] T8 Ep 8/10 complete: Prec 0.8886 F1 0.7616 DetRec 0.9057 DetFA 0.0380 | 194.21s total (0.00s eval/194.21s train)
[STATE 2026-04-18 10:47:00] Task 8 Epoch 9/10: entering train loop
T8 Ep 9/10 | L 0.1527 | Train Acc 0.71 | Prec 0.90 | F1 0.77 | Det Rec 0.91 | Det FA 0.03 | Epoch Time 192.50s (Eval 0.00s, Train 192.50s)
[STATE 2026-04-18 10:50:12] T8 Ep 9/10 complete: Prec 0.9036 F1 0.7747 DetRec 0.9097 DetFA 0.0340 | 192.50s total (0.00s eval/192.50s train)
[STATE 2026-04-18 10:50:12] Task 8 Epoch 10/10: entering train loop
T8 Ep 10/10 | L 0.1378 | Train Acc 0.75 | Prec 0.91 | F1 0.80 | Det Rec 0.92 | Det FA 0.04 | Epoch Time 192.68s (Eval 0.00s, Train 192.68s)
[STATE 2026-04-18 10:53:25] T8 Ep 10/10 complete: Prec 0.9097 F1 0.8010 DetRec 0.9203 DetFA 0.0387 | 192.68s total (0.00s eval/192.68s train)
[STATE 2026-04-18 10:53:25] Task 8: running final validation.
[STATE 2026-04-18 11:03:50] Completed task 8 (9/10)
Note: Unified mixed IQ test tensors to (N, 3, L) via ADC0 I/Q + zero-padded ADC1/2 (IID2-style) for cumulative CIL.
[STATE 2026-04-18 11:03:51] Task 9: zero-shot validation (pre-train)
---- Zero-shot (pre-train) task 9: rec_cls 0.1108 | prec_cls 0.2046 | f1_cls 0.1237 | det 0.6323 | pfa 0.3732 | total_f1 0.1990 ----
[STATE 2026-04-18 11:16:28] Starting task 9 (10/10)
[STATE 2026-04-18 11:16:28] Task 9 Epoch 1/10: entering train loop
[STATE 2026-04-18 11:18:01] Task 9 Epoch 1/10: running validation (end of epoch)
---- Eval at Epoch 0: cls [0.24348146044297989, 0.3549608057224422, 0.044240685472108215, 0.07700869033868954, 0.05358772856889951, 0.13355203106356048, 0.11129391246896961, 0.19329937413707318, 0.162994581337554, 0.1407294367290546] | det_recall [0.6629415211379253, 0.7436752762709243, 0.540934324851901, 0.5154824938903513, 0.495543185308149, 0.6239433547445079, 0.6039786905891777, 0.6720318677082606, 0.6481606476019893, 0.6446782660248707] | det_fa [0.005988748735740375, 0.05105320339202433, 0.2897393234866373, 0.3204090366905999, 0.339426814161658, 0.3100215246921128, 0.33764441391815275, 0.3205207794180395, 0.36507469141008025, 0.4455972198713383] ----
T9 Ep 1/10 | L 1.1025 | Train Acc 0.30 | Prec 0.30 | F1 0.38 | Det Rec 0.98 | Det FA 0.00 | Epoch Time 846.98s (Eval 754.57s, Train 92.41s)
[STATE 2026-04-18 11:30:35] T9 Ep 1/10 complete: Prec 0.3028 F1 0.3813 DetRec 0.9767 DetFA 0.0000 | 846.98s total (754.57s eval/92.41s train)
[STATE 2026-04-18 11:30:35] Task 9 Epoch 2/10: entering train loop
T9 Ep 2/10 | L 0.4914 | Train Acc 0.44 | Prec 0.49 | F1 0.51 | Det Rec 1.00 | Det FA 0.00 | Epoch Time 92.45s (Eval 0.00s, Train 92.45s)
[STATE 2026-04-18 11:32:08] T9 Ep 2/10 complete: Prec 0.4905 F1 0.5086 DetRec 0.9963 DetFA 0.0000 | 92.45s total (0.00s eval/92.45s train)
[STATE 2026-04-18 11:32:08] Task 9 Epoch 3/10: entering train loop
T9 Ep 3/10 | L 0.3903 | Train Acc 0.48 | Prec 0.51 | F1 0.55 | Det Rec 1.00 | Det FA 0.00 | Epoch Time 90.94s (Eval 0.00s, Train 90.94s)
[STATE 2026-04-18 11:33:39] T9 Ep 3/10 complete: Prec 0.5128 F1 0.5525 DetRec 0.9962 DetFA 0.0000 | 90.94s total (0.00s eval/90.94s train)
[STATE 2026-04-18 11:33:39] Task 9 Epoch 4/10: entering train loop
T9 Ep 4/10 | L 0.3494 | Train Acc 0.52 | Prec 0.54 | F1 0.57 | Det Rec 1.00 | Det FA 0.00 | Epoch Time 91.74s (Eval 0.00s, Train 91.74s)
[STATE 2026-04-18 11:35:10] T9 Ep 4/10 complete: Prec 0.5437 F1 0.5741 DetRec 0.9955 DetFA 0.0000 | 91.74s total (0.00s eval/91.74s train)
[STATE 2026-04-18 11:35:10] Task 9 Epoch 5/10: entering train loop
T9 Ep 5/10 | L 0.3067 | Train Acc 0.56 | Prec 0.58 | F1 0.61 | Det Rec 1.00 | Det FA 0.00 | Epoch Time 90.53s (Eval 0.00s, Train 90.53s)
[STATE 2026-04-18 11:36:41] T9 Ep 5/10 complete: Prec 0.5823 F1 0.6134 DetRec 0.9959 DetFA 0.0000 | 90.53s total (0.00s eval/90.53s train)
[STATE 2026-04-18 11:36:41] Task 9 Epoch 6/10: entering train loop
T9 Ep 6/10 | L 0.2816 | Train Acc 0.60 | Prec 0.62 | F1 0.64 | Det Rec 1.00 | Det FA 0.00 | Epoch Time 89.12s (Eval 0.00s, Train 89.12s)
[STATE 2026-04-18 11:38:10] T9 Ep 6/10 complete: Prec 0.6201 F1 0.6443 DetRec 0.9977 DetFA 0.0000 | 89.12s total (0.00s eval/89.12s train)
[STATE 2026-04-18 11:38:10] Task 9 Epoch 7/10: entering train loop
T9 Ep 7/10 | L 0.2641 | Train Acc 0.61 | Prec 0.63 | F1 0.66 | Det Rec 1.00 | Det FA 0.00 | Epoch Time 90.05s (Eval 0.00s, Train 90.05s)
[STATE 2026-04-18 11:39:40] T9 Ep 7/10 complete: Prec 0.6347 F1 0.6624 DetRec 0.9972 DetFA 0.0000 | 90.05s total (0.00s eval/90.05s train)
[STATE 2026-04-18 11:39:40] Task 9 Epoch 8/10: entering train loop
T9 Ep 8/10 | L 0.2366 | Train Acc 0.67 | Prec 0.70 | F1 0.72 | Det Rec 1.00 | Det FA 0.00 | Epoch Time 92.25s (Eval 0.00s, Train 92.25s)
[STATE 2026-04-18 11:41:12] T9 Ep 8/10 complete: Prec 0.6953 F1 0.7212 DetRec 0.9975 DetFA 0.0000 | 92.25s total (0.00s eval/92.25s train)
[STATE 2026-04-18 11:41:12] Task 9 Epoch 9/10: entering train loop
T9 Ep 9/10 | L 0.2142 | Train Acc 0.69 | Prec 0.71 | F1 0.73 | Det Rec 1.00 | Det FA 0.00 | Epoch Time 92.22s (Eval 0.00s, Train 92.22s)
[STATE 2026-04-18 11:42:45] T9 Ep 9/10 complete: Prec 0.7146 F1 0.7328 DetRec 0.9959 DetFA 0.0000 | 92.22s total (0.00s eval/92.22s train)
[STATE 2026-04-18 11:42:45] Task 9 Epoch 10/10: entering train loop
T9 Ep 10/10 | L 0.1867 | Train Acc 0.74 | Prec 0.76 | F1 0.79 | Det Rec 1.00 | Det FA 0.00 | Epoch Time 93.80s (Eval 0.00s, Train 93.80s)
[STATE 2026-04-18 11:44:18] T9 Ep 10/10 complete: Prec 0.7593 F1 0.7851 DetRec 0.9966 DetFA 0.0000 | 93.80s total (0.00s eval/93.80s train)
[STATE 2026-04-18 11:44:18] Task 9: running final validation.
[STATE 2026-04-18 11:57:15] Completed task 9 (10/10)
####Final Validation Accuracy####
Final Results:- 
 Total Recall: 0.179202806143447 
 Individual Recall: [0.2248480338775145, 0.41296919423886397, 0.08868990065134623, 0.11425923626527074, 0.0881277191314847, 0.16417937784893155, 0.1352977408359664, 0.2188390282748899, 0.18788227924878143, 0.15693555106142054]
Final Detection Results:- 
 Total Detection: 0.6192187838419627 
 Individual Detection: [0.6438777089942714, 0.7582670568890233, 0.5320411046089393, 0.5103653411292051, 0.48135608055663315, 0.6413282341751424, 0.6205638843705149, 0.6921767371307059, 0.6622815083535462, 0.6499301822116463]
Final Detection False Alarm:- 
 Total False Alarm: 0.3056354250859486 
 Individual False Alarm: [0.0026057860190622745, 0.045512226153580915, 0.288607054003517, 0.35960147865643205, 0.42249216132797324, 0.3491496081257834, 0.3827184685918671, 0.35699775607711853, 0.3994884482578812, 0.4491812636462702]
SUMMARY_TR cls_rec=0.7800 cls_prec=0.8560 cls_f1=0.8150 det=0.6151 fa=0.2785
SUMMARY_TE cls_rec=0.1792 cls_prec=0.2879 cls_f1=0.1956 det=0.6192 fa=0.3056
[STATE 2026-04-18 11:57:15] Saving results to logs//cmaml/full-tasks_CIL_all-2026-04-17_16-18-02-0650/0/results
Model size: 0.0289 GB
Memory buffer size: 0.0000 GB
logs//cmaml/full-tasks_CIL_all-2026-04-17_16-18-02-0650/0/results: {'expt_name': 'full-tasks_CIL_all', 'model': 'lamaml_cifar', 'arch': 'resnet1d', 'n_hiddens': 100, 'n_layers': 2, 'xav_init': False, 'debug': False, 'use_detector_arch': False, 'inner_steps': 1, 'n_epochs': 10, 'batch_size': 256, 'replay_batch_size': 128, 'memories': 5120, 'lr': 0.001, 'optimizer': 'sgd', 'class_weighted_ce': True, 'cuda': True, 'seed': 0, 'log_every': 10, 'log_dir': 'logs//cmaml/full-tasks_CIL_all-2026-04-17_16-18-02-0650/0', 'tf_dir': 'logs//cmaml/full-tasks_CIL_all-2026-04-17_16-18-02-0650/0/tfdir', 'calc_test_accuracy': False, 'state_logging': True, 'data_path': 'data/rff/radar/full', 'task_order_files': 't2-rcn,t0-rcn,t2-uclresm-25noise,t0-deeprad,t1-deeprad,t1-uclresm-25noise,t3-deeprad,t0-uclresm-25noise,t1-rcn,t2-deeprad', 'loader': 'class_incremental_loader', 'samples_per_task': -1, 'shuffle_tasks': False, 'classes_per_it': 6, 'iterations': 5000, 'dataset': 'iq', 'workers': 0, 'validation': 0.5, 'data_scaling': 'normalize', 'use_iq_aug_features': False, 'iq_aug_feature_type': 'power', 'class_order': 'random', 'increment': 5, 'test_batch_size': 512, 'nc_per_task': None, 'nc_per_task_list': '', 'val_rate': 1000, 'opt_lr': 0.1, 'opt_wt': 0.01, 'alpha_init': 0.003, 'learn_lr': False, 'sync_update': True, 'grad_clip_norm': 5.0, 'meta_batches': 3, 'use_old_task_memory': False, 'second_order': True, 'n_memories': 5120, 'memory_strength': 0, 'steps_per_sample': 1, 'bgd_optimizer': 'sgd', 'optimizer_params': '{}', 'train_mc_iters': 5, 'std_init': 0.05, 'mean_eta': 1, 'fisher_gamma': 0.95, 'rln': 7, 'meta_lr': 0.001, 'update_lr': 0.1, 'ctx_lr': 0.05, 'n_meta': 1, 'temperature': 5.0, 'task_emb': 64, 'noise_label': 54, 'classes_per_task': [5, 6, 5, 6, 6, 5, 5, 5, 6, 5], 'get_samples_per_task': <bound method IncrementalLoader.get_samples_per_task of <dataloaders.class_incremental_loader.IncrementalLoader object at 0x777fb28f1bb0>>} # val: 0.246 0.179 -0.066 0.000 # sizes: model_gb=0.0289 mem_gb=0.0000 # 70682.31060957909
[STATE 2026-04-18 11:57:15] results.pt components (approx): state_dict 29.6 MB, result_val_t 0.1 KB, result_val_a 0.8 KB
[STATE 2026-04-18 11:57:15] Results saved; total runtime 19.63h
Total runtime: 19.63 hours
