[STATE 2026-04-15 12:10:48] Enabling terminal logging to logs//lamaml/full-tasks_CIL_all-2026-04-15_12-10-48-3904/0/terminal.log
New Experiment Starting...
Running model:  lamaml_cifar
[STATE 2026-04-15 12:10:48] Experiment 'full-tasks_CIL_all' starting with model 'lamaml_cifar' (seed 0)
Set seed 0
t2-rcn.npz train: x=(50362, 1024), y=(50362, 2)
t2-rcn.npz test: x=(16787, 1024), y=(16787, 2)
t2-rcn.npz: applied data scaling mode 'normalize'.
Loaded t2-rcn.npz: Unique train labels: UniqueCountsResult(values=array([-1,  3,  5, 10, 12, 15]), counts=array([24209,  5770,  3030,  2320,  7509,  7524]))
Noise labels ratio in t2-rcn.npz train: 0.24, test: 0.24
Loaded t2-rcn.npz: Remapped labels: [-1  0  1  2  3  4]. Size: 50362)
t0-rcn.npz train: x=(51916, 1024), y=(51916, 2)
t0-rcn.npz test: x=(17305, 1024), y=(17305, 2)
t0-rcn.npz: applied data scaling mode 'normalize'.
Loaded t0-rcn.npz: Unique train labels: UniqueCountsResult(values=array([-1,  1,  8,  9, 11, 13, 14]), counts=array([24225,  4268,  2495,  2943,  3015,  7464,  7506]))
Noise labels ratio in t0-rcn.npz train: 0.23, test: 0.23
Loaded t0-rcn.npz: Remapped labels: [-1  5  6  7  8  9 10]. Size: 51916)
t2-uclresm-25noise.npz train: moved sample axis (3, 350028, 1024) -> (350028, 3, 1024)
t2-uclresm-25noise.npz test: moved sample axis (3, 233351, 1024) -> (233351, 3, 1024)
t2-uclresm-25noise.npz train: x=(350028, 3, 1024), y=(350028,)
t2-uclresm-25noise.npz test: x=(233351, 3, 1024), y=(233351,)
t2-uclresm-25noise.npz: applied data scaling mode 'normalize'.
Loaded t2-uclresm-25noise.npz: Unique train labels: UniqueCountsResult(values=array([-1,  0,  1,  2,  3,  4]), counts=array([87441, 27347, 71754, 64298, 36005, 63183]))
Noise labels ratio in t2-uclresm-25noise.npz train: 0.25, test: 0.25
Loaded t2-uclresm-25noise.npz: Remapped labels: [-1 11 12 13 14 15]. Size: 350028)
t0-deeprad.npz train: x=(24480, 1024), y=(24480, 2)
t0-deeprad.npz test: x=(8160, 1024), y=(8160, 2)
t0-deeprad.npz: applied data scaling mode 'normalize'.
Loaded t0-deeprad.npz: Unique train labels: UniqueCountsResult(values=array([-1,  0,  1,  2,  3,  4,  5]), counts=array([12240,  2029,  1983,  2043,  2154,  2015,  2016]))
Noise labels ratio in t0-deeprad.npz train: 0.25, test: 0.25
Loaded t0-deeprad.npz: Remapped labels: [-1 16 17 18 19 20 21]. Size: 24480)
t1-deeprad.npz train: x=(24480, 1024), y=(24480, 2)
t1-deeprad.npz test: x=(8160, 1024), y=(8160, 2)
t1-deeprad.npz: applied data scaling mode 'normalize'.
Loaded t1-deeprad.npz: Unique train labels: UniqueCountsResult(values=array([-1,  0,  1,  2,  3,  4,  5]), counts=array([12240,  1988,  2029,  2054,  1988,  2053,  2128]))
Noise labels ratio in t1-deeprad.npz train: 0.25, test: 0.25
Loaded t1-deeprad.npz: Remapped labels: [-1 22 23 24 25 26 27]. Size: 24480)
t1-uclresm-25noise.npz train: moved sample axis (3, 201410, 1024) -> (201410, 3, 1024)
t1-uclresm-25noise.npz test: moved sample axis (3, 116291, 1024) -> (116291, 3, 1024)
t1-uclresm-25noise.npz train: x=(201410, 3, 1024), y=(201410,)
t1-uclresm-25noise.npz test: x=(116291, 3, 1024), y=(116291,)
t1-uclresm-25noise.npz: applied data scaling mode 'normalize'.
Loaded t1-uclresm-25noise.npz: Unique train labels: UniqueCountsResult(values=array([-1,  0,  1,  2,  3,  4]), counts=array([43668, 18021, 17838, 18087, 31870, 71926]))
Noise labels ratio in t1-uclresm-25noise.npz train: 0.22, test: 0.25
Loaded t1-uclresm-25noise.npz: Remapped labels: [-1 28 29 30 31 32]. Size: 201410)
t3-deeprad.npz train: x=(17340, 1024), y=(17340, 2)
t3-deeprad.npz test: x=(6800, 1024), y=(6800, 2)
t3-deeprad.npz: applied data scaling mode 'normalize'.
Loaded t3-deeprad.npz: Unique train labels: UniqueCountsResult(values=array([-1,  0,  1,  2,  3,  4]), counts=array([8670, 1693, 1677, 1794, 1716, 1790]))
Noise labels ratio in t3-deeprad.npz train: 0.25, test: 0.25
Loaded t3-deeprad.npz: Remapped labels: [-1 33 34 35 36 37]. Size: 17340)
t0-uclresm-25noise.npz train: moved sample axis (3, 188050, 1024) -> (188050, 3, 1024)
t0-uclresm-25noise.npz test: moved sample axis (3, 107348, 1024) -> (107348, 3, 1024)
t0-uclresm-25noise.npz train: x=(188050, 3, 1024), y=(188050,)
t0-uclresm-25noise.npz test: x=(107348, 3, 1024), y=(107348,)
t0-uclresm-25noise.npz: applied data scaling mode 'normalize'.
Loaded t0-uclresm-25noise.npz: Unique train labels: UniqueCountsResult(values=array([-1,  0,  1,  2,  3,  4]), counts=array([40144, 32109, 17978, 17979, 18098, 61742]))
Noise labels ratio in t0-uclresm-25noise.npz train: 0.21, test: 0.25
Loaded t0-uclresm-25noise.npz: Remapped labels: [-1 38 39 40 41 42]. Size: 188050)
t1-rcn.npz train: x=(36658, 1024), y=(36658, 2)
t1-rcn.npz test: x=(12220, 1024), y=(12220, 2)
t1-rcn.npz: applied data scaling mode 'normalize'.
Loaded t1-rcn.npz: Unique train labels: UniqueCountsResult(values=array([-1,  0,  2,  4,  6,  7, 16]), counts=array([20595,   824,  2087,  2606,  2396,  1716,  6434]))
Noise labels ratio in t1-rcn.npz train: 0.28, test: 0.28
Loaded t1-rcn.npz: Remapped labels: [-1 43 44 45 46 47 48]. Size: 36658)
t2-deeprad.npz train: x=(17340, 1024), y=(17340, 2)
t2-deeprad.npz test: x=(6800, 1024), y=(6800, 2)
t2-deeprad.npz: applied data scaling mode 'normalize'.
Loaded t2-deeprad.npz: Unique train labels: UniqueCountsResult(values=array([-1,  0,  1,  2,  3,  4]), counts=array([8670, 1774, 1675, 1777, 1694, 1750]))
Noise labels ratio in t2-deeprad.npz train: 0.25, test: 0.25
Loaded t2-deeprad.npz: Remapped labels: [-1 49 50 51 52 53]. Size: 17340)
Built IQ classes_per_task (increments): [5, 6, 5, 6, 6, 5, 5, 5, 6, 5]
Classes per task: [5, 6, 5, 6, 6, 5, 5, 5, 6, 5]
[STATE 2026-04-15 12:11:58] Loader 'class_incremental_loader' ready: 1024 inputs, 55 outputs, 10 tasks
n_outputs: 55 	n_tasks: 10
[STATE 2026-04-15 12:11:58] Logging to logs//lamaml/full-tasks_CIL_all-2026-04-15_12-10-48-3904/0
True
Model device: cuda:0
[STATE 2026-04-15 12:11:59] Model initialized on device cuda:0
[STATE 2026-04-15 12:11:59] Invoking continual life experience flow
[STATE 2026-04-15 12:11:59] Life experience start: 10 tasks queued
[STATE 2026-04-15 12:11:59] Task 0: zero-shot validation (pre-train)
---- Zero-shot (pre-train) task 0: rec_cls 0.0002 | prec_cls 0.0061 | f1_cls 0.1062 | det 0.4988 | pfa 0.0663 | total_f1 0.1062 ----
[STATE 2026-04-15 12:12:08] Starting task 0 (1/10)
[STATE 2026-04-15 12:12:08] Task 0 Epoch 1/10: entering train loop
[STATE 2026-04-15 12:46:47] Task 0 Epoch 1/10: running validation (end of epoch)
---- Eval at Epoch 0: cls [0.20063524130190796] | det_recall [0.5272290059403001] | det_fa [0.9144400164529601] ----
T0 Ep 1/10 | L 0.8892 | Train Acc 0.21 | Prec 0.11 | F1 0.06 | Det Rec 0.54 | Det FA 0.91 | Epoch Time 2087.87s (Eval 9.33s, Train 2078.53s)
[STATE 2026-04-15 12:46:56] T0 Ep 1/10 complete: Prec 0.1109 F1 0.0576 DetRec 0.5392 DetFA 0.9112 | 2087.87s total (9.33s eval/2078.53s train)
[STATE 2026-04-15 12:46:56] Task 0 Epoch 2/10: entering train loop
T0 Ep 2/10 | L 0.5211 | Train Acc 0.32 | Prec 0.51 | F1 0.18 | Det Rec 0.51 | Det FA 0.93 | Epoch Time 2318.82s (Eval 0.00s, Train 2318.82s)
[STATE 2026-04-15 13:25:35] T0 Ep 2/10 complete: Prec 0.5094 F1 0.1813 DetRec 0.5117 DetFA 0.9334 | 2318.82s total (0.00s eval/2318.82s train)
[STATE 2026-04-15 13:25:35] Task 0 Epoch 3/10: entering train loop
T0 Ep 3/10 | L 0.4503 | Train Acc 0.44 | Prec 0.65 | F1 0.31 | Det Rec 0.51 | Det FA 0.93 | Epoch Time 2177.42s (Eval 0.00s, Train 2177.42s)
[STATE 2026-04-15 14:01:53] T0 Ep 3/10 complete: Prec 0.6532 F1 0.3094 DetRec 0.5117 DetFA 0.9264 | 2177.42s total (0.00s eval/2177.42s train)
[STATE 2026-04-15 14:01:53] Task 0 Epoch 4/10: entering train loop
T0 Ep 4/10 | L 0.4071 | Train Acc 0.42 | Prec 0.58 | F1 0.28 | Det Rec 0.53 | Det FA 0.86 | Epoch Time 2204.32s (Eval 0.00s, Train 2204.32s)
[STATE 2026-04-15 14:38:37] T0 Ep 4/10 complete: Prec 0.5815 F1 0.2843 DetRec 0.5251 DetFA 0.8626 | 2204.32s total (0.00s eval/2204.32s train)
[STATE 2026-04-15 14:38:37] Task 0 Epoch 5/10: entering train loop
T0 Ep 5/10 | L 0.3696 | Train Acc 0.46 | Prec 0.54 | F1 0.30 | Det Rec 0.55 | Det FA 0.82 | Epoch Time 2246.24s (Eval 0.00s, Train 2246.24s)
[STATE 2026-04-15 15:16:03] T0 Ep 5/10 complete: Prec 0.5415 F1 0.2974 DetRec 0.5527 DetFA 0.8222 | 2246.24s total (0.00s eval/2246.24s train)
[STATE 2026-04-15 15:16:03] Task 0 Epoch 6/10: entering train loop
T0 Ep 6/10 | L 0.3380 | Train Acc 0.56 | Prec 0.67 | F1 0.36 | Det Rec 0.53 | Det FA 0.86 | Epoch Time 2193.52s (Eval 0.00s, Train 2193.52s)
[STATE 2026-04-15 15:52:37] T0 Ep 6/10 complete: Prec 0.6673 F1 0.3633 DetRec 0.5313 DetFA 0.8621 | 2193.52s total (0.00s eval/2193.52s train)
[STATE 2026-04-15 15:52:37] Task 0 Epoch 7/10: entering train loop
T0 Ep 7/10 | L 0.3218 | Train Acc 0.74 | Prec 0.85 | F1 0.75 | Det Rec 0.88 | Det FA 0.11 | Epoch Time 1469.36s (Eval 0.00s, Train 1469.36s)
[STATE 2026-04-15 16:17:06] T0 Ep 7/10 complete: Prec 0.8453 F1 0.7456 DetRec 0.8827 DetFA 0.1093 | 1469.36s total (0.00s eval/1469.36s train)
[STATE 2026-04-15 16:17:06] Task 0 Epoch 8/10: entering train loop
T0 Ep 8/10 | L 0.2955 | Train Acc 0.74 | Prec 0.86 | F1 0.75 | Det Rec 0.87 | Det FA 0.10 | Epoch Time 573.49s (Eval 0.00s, Train 573.49s)
[STATE 2026-04-15 16:26:39] T0 Ep 8/10 complete: Prec 0.8553 F1 0.7499 DetRec 0.8702 DetFA 0.1038 | 573.49s total (0.00s eval/573.49s train)
[STATE 2026-04-15 16:26:39] Task 0 Epoch 9/10: entering train loop
T0 Ep 9/10 | L 0.2802 | Train Acc 0.76 | Prec 0.87 | F1 0.77 | Det Rec 0.87 | Det FA 0.10 | Epoch Time 571.58s (Eval 0.00s, Train 571.58s)
[STATE 2026-04-15 16:36:11] T0 Ep 9/10 complete: Prec 0.8702 F1 0.7653 DetRec 0.8736 DetFA 0.1018 | 571.58s total (0.00s eval/571.58s train)
[STATE 2026-04-15 16:36:11] Task 0 Epoch 10/10: entering train loop
T0 Ep 10/10 | L 0.2789 | Train Acc 0.78 | Prec 0.84 | F1 0.61 | Det Rec 0.63 | Det FA 0.64 | Epoch Time 563.09s (Eval 0.00s, Train 563.09s)
[STATE 2026-04-15 16:45:34] T0 Ep 10/10 complete: Prec 0.8437 F1 0.6143 DetRec 0.6275 DetFA 0.6404 | 563.09s total (0.00s eval/563.09s train)
[STATE 2026-04-15 16:45:34] Task 0: running final validation.
[STATE 2026-04-15 16:45:40] Completed task 0 (1/10)
[STATE 2026-04-15 16:45:41] Task 1: zero-shot validation (pre-train)
---- Zero-shot (pre-train) task 1: rec_cls 0.3219 | prec_cls 0.2211 | f1_cls 0.1932 | det 0.4862 | pfa 0.8440 | total_f1 0.3758 ----
[STATE 2026-04-15 16:46:00] Starting task 1 (2/10)
[STATE 2026-04-15 16:46:00] Task 1 Epoch 1/10: entering train loop
[STATE 2026-04-15 16:55:51] Task 1 Epoch 1/10: running validation (end of epoch)
---- Eval at Epoch 0: cls [0.5489954457887589, 0.3321786507632256] | det_recall [0.8055235587173194, 0.6941360364550773] | det_fa [0.08465528181581644, 0.3868697321300596] ----
T1 Ep 1/10 | L 0.9004 | Train Acc 0.17 | Prec 0.37 | F1 0.24 | Det Rec 0.57 | Det FA 0.69 | Epoch Time 610.69s (Eval 19.31s, Train 591.37s)
[STATE 2026-04-15 16:56:11] T1 Ep 1/10 complete: Prec 0.3694 F1 0.2382 DetRec 0.5746 DetFA 0.6872 | 610.69s total (19.31s eval/591.37s train)
[STATE 2026-04-15 16:56:11] Task 1 Epoch 2/10: entering train loop
T1 Ep 2/10 | L 0.6549 | Train Acc 0.25 | Prec 0.50 | F1 0.36 | Det Rec 0.71 | Det FA 0.40 | Epoch Time 590.40s (Eval 0.00s, Train 590.40s)
[STATE 2026-04-15 17:06:01] T1 Ep 2/10 complete: Prec 0.5037 F1 0.3622 DetRec 0.7090 DetFA 0.3994 | 590.40s total (0.00s eval/590.40s train)
[STATE 2026-04-15 17:06:01] Task 1 Epoch 3/10: entering train loop
T1 Ep 3/10 | L 0.5457 | Train Acc 0.44 | Prec 0.75 | F1 0.56 | Det Rec 0.85 | Det FA 0.08 | Epoch Time 589.73s (Eval 0.00s, Train 589.73s)
[STATE 2026-04-15 17:15:51] T1 Ep 3/10 complete: Prec 0.7474 F1 0.5615 DetRec 0.8527 DetFA 0.0830 | 589.73s total (0.00s eval/589.73s train)
[STATE 2026-04-15 17:15:51] Task 1 Epoch 4/10: entering train loop
T1 Ep 4/10 | L 0.4780 | Train Acc 0.53 | Prec 0.85 | F1 0.65 | Det Rec 0.86 | Det FA 0.08 | Epoch Time 580.80s (Eval 0.00s, Train 580.80s)
[STATE 2026-04-15 17:25:31] T1 Ep 4/10 complete: Prec 0.8491 F1 0.6470 DetRec 0.8591 DetFA 0.0771 | 580.80s total (0.00s eval/580.80s train)
[STATE 2026-04-15 17:25:31] Task 1 Epoch 5/10: entering train loop
T1 Ep 5/10 | L 0.4274 | Train Acc 0.62 | Prec 0.86 | F1 0.72 | Det Rec 0.88 | Det FA 0.07 | Epoch Time 587.11s (Eval 0.00s, Train 587.11s)
[STATE 2026-04-15 17:35:19] T1 Ep 5/10 complete: Prec 0.8577 F1 0.7211 DetRec 0.8811 DetFA 0.0723 | 587.11s total (0.00s eval/587.11s train)
[STATE 2026-04-15 17:35:19] Task 1 Epoch 6/10: entering train loop
T1 Ep 6/10 | L 0.3913 | Train Acc 0.60 | Prec 0.84 | F1 0.69 | Det Rec 0.88 | Det FA 0.08 | Epoch Time 508.77s (Eval 0.00s, Train 508.77s)
[STATE 2026-04-15 17:43:47] T1 Ep 6/10 complete: Prec 0.8408 F1 0.6895 DetRec 0.8813 DetFA 0.0785 | 508.77s total (0.00s eval/508.77s train)
[STATE 2026-04-15 17:43:47] Task 1 Epoch 7/10: entering train loop
T1 Ep 7/10 | L 0.3729 | Train Acc 0.70 | Prec 0.88 | F1 0.77 | Det Rec 0.89 | Det FA 0.07 | Epoch Time 624.24s (Eval 0.00s, Train 624.24s)
[STATE 2026-04-15 17:54:12] T1 Ep 7/10 complete: Prec 0.8814 F1 0.7722 DetRec 0.8946 DetFA 0.0720 | 624.24s total (0.00s eval/624.24s train)
[STATE 2026-04-15 17:54:12] Task 1 Epoch 8/10: entering train loop
T1 Ep 8/10 | L 0.3496 | Train Acc 0.70 | Prec 0.88 | F1 0.76 | Det Rec 0.88 | Det FA 0.11 | Epoch Time 635.37s (Eval 0.00s, Train 635.37s)
[STATE 2026-04-15 18:04:47] T1 Ep 8/10 complete: Prec 0.8786 F1 0.7638 DetRec 0.8765 DetFA 0.1085 | 635.37s total (0.00s eval/635.37s train)
[STATE 2026-04-15 18:04:47] Task 1 Epoch 9/10: entering train loop
T1 Ep 9/10 | L 0.3118 | Train Acc 0.74 | Prec 0.89 | F1 0.81 | Det Rec 0.90 | Det FA 0.07 | Epoch Time 655.65s (Eval 0.00s, Train 655.65s)
[STATE 2026-04-15 18:15:43] T1 Ep 9/10 complete: Prec 0.8898 F1 0.8062 DetRec 0.9047 DetFA 0.0669 | 655.65s total (0.00s eval/655.65s train)
[STATE 2026-04-15 18:15:43] Task 1 Epoch 10/10: entering train loop
T1 Ep 10/10 | L 0.3022 | Train Acc 0.73 | Prec 0.89 | F1 0.77 | Det Rec 0.85 | Det FA 0.16 | Epoch Time 655.67s (Eval 0.00s, Train 655.67s)
[STATE 2026-04-15 18:26:38] T1 Ep 10/10 complete: Prec 0.8865 F1 0.7691 DetRec 0.8541 DetFA 0.1584 | 655.67s total (0.00s eval/655.67s train)
[STATE 2026-04-15 18:26:38] Task 1: running final validation.
[STATE 2026-04-15 18:26:57] Completed task 1 (2/10)
Note: Unified mixed IQ test tensors to (N, 3, L) via ADC0 I/Q + zero-padded ADC1/2 (IID2-style) for cumulative CIL.
[STATE 2026-04-15 18:26:58] Task 2: zero-shot validation (pre-train)
---- Zero-shot (pre-train) task 2: rec_cls 0.0586 | prec_cls 0.0123 | f1_cls 0.0235 | det 0.4120 | pfa 0.7747 | total_f1 0.3776 ----
[STATE 2026-04-15 18:28:35] Starting task 2 (3/10)
[STATE 2026-04-15 18:28:35] Task 2 Epoch 1/10: entering train loop
[STATE 2026-04-15 19:39:35] Task 2 Epoch 1/10: running validation (end of epoch)
---- Eval at Epoch 0: cls [0.2396874308478122, 0.28069556251019384, 0.057995303851138005] | det_recall [0.8063508893185867, 0.7717300341844667, 0.6675593020388697] | det_fa [0.19068279645789218, 0.17098218043621538, 0.5190180762509545] ----
T2 Ep 1/10 | L 1.0248 | Train Acc 0.14 | Prec 0.54 | F1 0.28 | Det Rec 0.80 | Det FA 0.21 | Epoch Time 4357.26s (Eval 96.62s, Train 4260.64s)
[STATE 2026-04-15 19:41:12] T2 Ep 1/10 complete: Prec 0.5364 F1 0.2795 DetRec 0.8014 DetFA 0.2138 | 4357.26s total (96.62s eval/4260.64s train)
[STATE 2026-04-15 19:41:12] Task 2 Epoch 2/10: entering train loop
T2 Ep 2/10 | L 0.6097 | Train Acc 0.53 | Prec 0.82 | F1 0.64 | Det Rec 0.85 | Det FA 0.16 | Epoch Time 4179.76s (Eval 0.00s, Train 4179.76s)
[STATE 2026-04-15 20:50:52] T2 Ep 2/10 complete: Prec 0.8180 F1 0.6381 DetRec 0.8455 DetFA 0.1576 | 4179.76s total (0.00s eval/4179.76s train)
[STATE 2026-04-15 20:50:52] Task 2 Epoch 3/10: entering train loop
T2 Ep 3/10 | L 0.4500 | Train Acc 0.68 | Prec 0.80 | F1 0.71 | Det Rec 0.86 | Det FA 0.14 | Epoch Time 4068.46s (Eval 0.00s, Train 4068.46s)
[STATE 2026-04-15 21:58:40] T2 Ep 3/10 complete: Prec 0.7963 F1 0.7143 DetRec 0.8640 DetFA 0.1426 | 4068.46s total (0.00s eval/4068.46s train)
[STATE 2026-04-15 21:58:40] Task 2 Epoch 4/10: entering train loop
T2 Ep 4/10 | L 0.3672 | Train Acc 0.73 | Prec 0.78 | F1 0.73 | Det Rec 0.87 | Det FA 0.16 | Epoch Time 4027.99s (Eval 0.00s, Train 4027.99s)
[STATE 2026-04-15 23:05:48] T2 Ep 4/10 complete: Prec 0.7796 F1 0.7324 DetRec 0.8715 DetFA 0.1609 | 4027.99s total (0.00s eval/4027.99s train)
[STATE 2026-04-15 23:05:48] Task 2 Epoch 5/10: entering train loop
T2 Ep 5/10 | L 0.3158 | Train Acc 0.74 | Prec 0.78 | F1 0.74 | Det Rec 0.87 | Det FA 0.17 | Epoch Time 4093.02s (Eval 0.00s, Train 4093.02s)
[STATE 2026-04-16 00:14:01] T2 Ep 5/10 complete: Prec 0.7800 F1 0.7372 DetRec 0.8743 DetFA 0.1668 | 4093.02s total (0.00s eval/4093.02s train)
[STATE 2026-04-16 00:14:01] Task 2 Epoch 6/10: entering train loop
T2 Ep 6/10 | L 0.2832 | Train Acc 0.75 | Prec 0.78 | F1 0.74 | Det Rec 0.88 | Det FA 0.17 | Epoch Time 4060.66s (Eval 0.00s, Train 4060.66s)
[STATE 2026-04-16 01:21:42] T2 Ep 6/10 complete: Prec 0.7826 F1 0.7445 DetRec 0.8790 DetFA 0.1680 | 4060.66s total (0.00s eval/4060.66s train)
[STATE 2026-04-16 01:21:42] Task 2 Epoch 7/10: entering train loop
T2 Ep 7/10 | L 0.2578 | Train Acc 0.76 | Prec 0.78 | F1 0.75 | Det Rec 0.88 | Det FA 0.17 | Epoch Time 4016.68s (Eval 0.00s, Train 4016.68s)
[STATE 2026-04-16 02:28:38] T2 Ep 7/10 complete: Prec 0.7843 F1 0.7483 DetRec 0.8820 DetFA 0.1704 | 4016.68s total (0.00s eval/4016.68s train)
[STATE 2026-04-16 02:28:38] Task 2 Epoch 8/10: entering train loop
T2 Ep 8/10 | L 0.2381 | Train Acc 0.76 | Prec 0.78 | F1 0.75 | Det Rec 0.88 | Det FA 0.18 | Epoch Time 3513.10s (Eval 0.00s, Train 3513.10s)
[STATE 2026-04-16 03:27:11] T2 Ep 8/10 complete: Prec 0.7838 F1 0.7480 DetRec 0.8820 DetFA 0.1800 | 3513.10s total (0.00s eval/3513.10s train)
[STATE 2026-04-16 03:27:11] Task 2 Epoch 9/10: entering train loop
T2 Ep 9/10 | L 0.2226 | Train Acc 0.77 | Prec 0.78 | F1 0.75 | Det Rec 0.88 | Det FA 0.19 | Epoch Time 3603.25s (Eval 0.00s, Train 3603.25s)
[STATE 2026-04-16 04:27:15] T2 Ep 9/10 complete: Prec 0.7849 F1 0.7514 DetRec 0.8823 DetFA 0.1875 | 3603.25s total (0.00s eval/3603.25s train)
[STATE 2026-04-16 04:27:15] Task 2 Epoch 10/10: entering train loop
T2 Ep 10/10 | L 0.2127 | Train Acc 0.77 | Prec 0.79 | F1 0.75 | Det Rec 0.88 | Det FA 0.19 | Epoch Time 3775.48s (Eval 0.00s, Train 3775.48s)
[STATE 2026-04-16 05:30:10] T2 Ep 10/10 complete: Prec 0.7861 F1 0.7505 DetRec 0.8812 DetFA 0.1944 | 3775.48s total (0.00s eval/3775.48s train)
[STATE 2026-04-16 05:30:10] Task 2: running final validation.
[STATE 2026-04-16 05:31:37] Completed task 2 (3/10)
Note: Unified mixed IQ test tensors to (N, 3, L) via ADC0 I/Q + zero-padded ADC1/2 (IID2-style) for cumulative CIL.
[STATE 2026-04-16 05:31:38] Task 3: zero-shot validation (pre-train)
---- Zero-shot (pre-train) task 3: rec_cls 0.0684 | prec_cls 0.0677 | f1_cls 0.0775 | det 0.6330 | pfa 0.6604 | total_f1 0.2481 ----
[STATE 2026-04-16 05:34:19] Starting task 3 (4/10)
[STATE 2026-04-16 05:34:19] Task 3 Epoch 1/10: entering train loop
[STATE 2026-04-16 05:38:04] Task 3 Epoch 1/10: running validation (end of epoch)
---- Eval at Epoch 0: cls [0.12468017219640784, 0.2650948289218813, 0.06264689262971294, 0.056713748957118726] | det_recall [0.6034378938909435, 0.6921989176974123, 0.5843517717240355, 0.5742374253356674] | det_fa [0.0046688790781829114, 0.006458317761944416, 0.4904649082819379, 0.5203839951851077] ----
T3 Ep 1/10 | L 0.9988 | Train Acc 0.08 | Prec 0.24 | F1 0.20 | Det Rec 0.86 | Det FA 0.15 | Epoch Time 388.53s (Eval 163.13s, Train 225.40s)
[STATE 2026-04-16 05:40:47] T3 Ep 1/10 complete: Prec 0.2436 F1 0.2012 DetRec 0.8606 DetFA 0.1486 | 388.53s total (163.13s eval/225.40s train)
[STATE 2026-04-16 05:40:47] Task 3 Epoch 2/10: entering train loop
T3 Ep 2/10 | L 0.5331 | Train Acc 0.37 | Prec 0.48 | F1 0.46 | Det Rec 0.98 | Det FA 0.00 | Epoch Time 279.91s (Eval 0.00s, Train 279.91s)
[STATE 2026-04-16 05:45:27] T3 Ep 2/10 complete: Prec 0.4813 F1 0.4619 DetRec 0.9758 DetFA 0.0042 | 279.91s total (0.00s eval/279.91s train)
[STATE 2026-04-16 05:45:27] Task 3 Epoch 3/10: entering train loop
T3 Ep 3/10 | L 0.4129 | Train Acc 0.53 | Prec 0.58 | F1 0.59 | Det Rec 0.99 | Det FA 0.00 | Epoch Time 278.16s (Eval 0.00s, Train 278.16s)
[STATE 2026-04-16 05:50:05] T3 Ep 3/10 complete: Prec 0.5798 F1 0.5933 DetRec 0.9924 DetFA 0.0040 | 278.16s total (0.00s eval/278.16s train)
[STATE 2026-04-16 05:50:05] Task 3 Epoch 4/10: entering train loop
T3 Ep 4/10 | L 0.3558 | Train Acc 0.58 | Prec 0.61 | F1 0.63 | Det Rec 1.00 | Det FA 0.00 | Epoch Time 279.54s (Eval 0.00s, Train 279.54s)
[STATE 2026-04-16 05:54:45] T3 Ep 4/10 complete: Prec 0.6100 F1 0.6292 DetRec 0.9952 DetFA 0.0017 | 279.54s total (0.00s eval/279.54s train)
[STATE 2026-04-16 05:54:45] Task 3 Epoch 5/10: entering train loop
T3 Ep 5/10 | L 0.2965 | Train Acc 0.63 | Prec 0.64 | F1 0.67 | Det Rec 1.00 | Det FA 0.00 | Epoch Time 279.34s (Eval 0.00s, Train 279.34s)
[STATE 2026-04-16 05:59:24] T3 Ep 5/10 complete: Prec 0.6393 F1 0.6725 DetRec 0.9975 DetFA 0.0014 | 279.34s total (0.00s eval/279.34s train)
[STATE 2026-04-16 05:59:24] Task 3 Epoch 6/10: entering train loop
T3 Ep 6/10 | L 0.2637 | Train Acc 0.66 | Prec 0.66 | F1 0.69 | Det Rec 1.00 | Det FA 0.00 | Epoch Time 272.29s (Eval 0.00s, Train 272.29s)
[STATE 2026-04-16 06:03:56] T3 Ep 6/10 complete: Prec 0.6555 F1 0.6908 DetRec 0.9972 DetFA 0.0013 | 272.29s total (0.00s eval/272.29s train)
[STATE 2026-04-16 06:03:56] Task 3 Epoch 7/10: entering train loop
T3 Ep 7/10 | L 0.2507 | Train Acc 0.67 | Prec 0.67 | F1 0.71 | Det Rec 1.00 | Det FA 0.00 | Epoch Time 279.78s (Eval 0.00s, Train 279.78s)
[STATE 2026-04-16 06:08:36] T3 Ep 7/10 complete: Prec 0.6681 F1 0.7057 DetRec 0.9984 DetFA 0.0010 | 279.78s total (0.00s eval/279.78s train)
[STATE 2026-04-16 06:08:36] Task 3 Epoch 8/10: entering train loop
T3 Ep 8/10 | L 0.2273 | Train Acc 0.69 | Prec 0.70 | F1 0.72 | Det Rec 1.00 | Det FA 0.00 | Epoch Time 274.31s (Eval 0.00s, Train 274.31s)
[STATE 2026-04-16 06:13:10] T3 Ep 8/10 complete: Prec 0.7037 F1 0.7229 DetRec 0.9980 DetFA 0.0019 | 274.31s total (0.00s eval/274.31s train)
[STATE 2026-04-16 06:13:10] Task 3 Epoch 9/10: entering train loop
T3 Ep 9/10 | L 0.2010 | Train Acc 0.72 | Prec 0.74 | F1 0.75 | Det Rec 1.00 | Det FA 0.00 | Epoch Time 232.45s (Eval 0.00s, Train 232.45s)
[STATE 2026-04-16 06:17:03] T3 Ep 9/10 complete: Prec 0.7362 F1 0.7531 DetRec 0.9987 DetFA 0.0014 | 232.45s total (0.00s eval/232.45s train)
[STATE 2026-04-16 06:17:03] Task 3 Epoch 10/10: entering train loop
T3 Ep 10/10 | L 0.1708 | Train Acc 0.76 | Prec 0.76 | F1 0.79 | Det Rec 1.00 | Det FA 0.00 | Epoch Time 279.91s (Eval 0.00s, Train 279.91s)
[STATE 2026-04-16 06:21:43] T3 Ep 10/10 complete: Prec 0.7629 F1 0.7902 DetRec 0.9991 DetFA 0.0010 | 279.91s total (0.00s eval/279.91s train)
[STATE 2026-04-16 06:21:43] Task 3: running final validation.
[STATE 2026-04-16 06:24:43] Completed task 3 (4/10)
Note: Unified mixed IQ test tensors to (N, 3, L) via ADC0 I/Q + zero-padded ADC1/2 (IID2-style) for cumulative CIL.
[STATE 2026-04-16 06:24:44] Task 4: zero-shot validation (pre-train)
---- Zero-shot (pre-train) task 4: rec_cls 0.0669 | prec_cls 0.0580 | f1_cls 0.0439 | det 0.5588 | pfa 0.5609 | total_f1 0.1934 ----
[STATE 2026-04-16 06:29:09] Starting task 4 (5/10)
[STATE 2026-04-16 06:29:09] Task 4 Epoch 1/10: entering train loop
[STATE 2026-04-16 06:33:49] Task 4 Epoch 1/10: running validation (end of epoch)
---- Eval at Epoch 0: cls [0.20531532161728858, 0.34468579236502117, 0.06587849716467122, 0.07965341313646049, 0.06543936686922863] | det_recall [0.6578466257081814, 0.7440356278543959, 0.5511704759341579, 0.5491404579460645, 0.5514812242776433] | det_fa [0.019430165725042747, 0.07193314782414717, 0.4341485127614048, 0.500947271865394, 0.49006168261931765] ----
T4 Ep 1/10 | L 0.5841 | Train Acc 0.00 | Prec 0.02 | F1 0.14 | Det Rec 0.99 | Det FA 0.00 | Epoch Time 545.62s (Eval 265.92s, Train 279.70s)
[STATE 2026-04-16 06:38:15] T4 Ep 1/10 complete: Prec 0.0208 F1 0.1443 DetRec 0.9944 DetFA 0.0000 | 545.62s total (265.92s eval/279.70s train)
[STATE 2026-04-16 06:38:15] Task 4 Epoch 2/10: entering train loop
T4 Ep 2/10 | L 0.4323 | Train Acc 0.07 | Prec 0.32 | F1 0.23 | Det Rec 1.00 | Det FA 0.00 | Epoch Time 278.96s (Eval 0.00s, Train 278.96s)
[STATE 2026-04-16 06:42:54] T4 Ep 2/10 complete: Prec 0.3157 F1 0.2317 DetRec 0.9964 DetFA 0.0000 | 278.96s total (0.00s eval/278.96s train)
[STATE 2026-04-16 06:42:54] Task 4 Epoch 3/10: entering train loop
T4 Ep 3/10 | L 0.3887 | Train Acc 0.32 | Prec 0.52 | F1 0.45 | Det Rec 1.00 | Det FA 0.00 | Epoch Time 274.91s (Eval 0.00s, Train 274.91s)
[STATE 2026-04-16 06:47:29] T4 Ep 3/10 complete: Prec 0.5203 F1 0.4492 DetRec 0.9954 DetFA 0.0000 | 274.91s total (0.00s eval/274.91s train)
[STATE 2026-04-16 06:47:29] Task 4 Epoch 4/10: entering train loop
T4 Ep 4/10 | L 0.3456 | Train Acc 0.50 | Prec 0.57 | F1 0.58 | Det Rec 1.00 | Det FA 0.00 | Epoch Time 279.64s (Eval 0.00s, Train 279.64s)
[STATE 2026-04-16 06:52:08] T4 Ep 4/10 complete: Prec 0.5683 F1 0.5840 DetRec 0.9960 DetFA 0.0000 | 279.64s total (0.00s eval/279.64s train)
[STATE 2026-04-16 06:52:08] Task 4 Epoch 5/10: entering train loop
T4 Ep 5/10 | L 0.3299 | Train Acc 0.54 | Prec 0.60 | F1 0.61 | Det Rec 1.00 | Det FA 0.00 | Epoch Time 279.41s (Eval 0.00s, Train 279.41s)
[STATE 2026-04-16 06:56:48] T4 Ep 5/10 complete: Prec 0.5963 F1 0.6078 DetRec 0.9981 DetFA 0.0000 | 279.41s total (0.00s eval/279.41s train)
[STATE 2026-04-16 06:56:48] Task 4 Epoch 6/10: entering train loop
T4 Ep 6/10 | L 0.2937 | Train Acc 0.58 | Prec 0.64 | F1 0.63 | Det Rec 1.00 | Det FA 0.00 | Epoch Time 254.80s (Eval 0.00s, Train 254.80s)
[STATE 2026-04-16 07:01:02] T4 Ep 6/10 complete: Prec 0.6423 F1 0.6335 DetRec 0.9996 DetFA 0.0000 | 254.80s total (0.00s eval/254.80s train)
[STATE 2026-04-16 07:01:02] Task 4 Epoch 7/10: entering train loop
T4 Ep 7/10 | L 0.2673 | Train Acc 0.62 | Prec 0.67 | F1 0.67 | Det Rec 1.00 | Det FA 0.00 | Epoch Time 279.42s (Eval 0.00s, Train 279.42s)
[STATE 2026-04-16 07:05:42] T4 Ep 7/10 complete: Prec 0.6695 F1 0.6686 DetRec 0.9997 DetFA 0.0000 | 279.42s total (0.00s eval/279.42s train)
[STATE 2026-04-16 07:05:42] Task 4 Epoch 8/10: entering train loop
T4 Ep 8/10 | L 0.2363 | Train Acc 0.67 | Prec 0.70 | F1 0.71 | Det Rec 1.00 | Det FA 0.00 | Epoch Time 279.12s (Eval 0.00s, Train 279.12s)
[STATE 2026-04-16 07:10:21] T4 Ep 8/10 complete: Prec 0.6962 F1 0.7052 DetRec 0.9999 DetFA 0.0000 | 279.12s total (0.00s eval/279.12s train)
[STATE 2026-04-16 07:10:21] Task 4 Epoch 9/10: entering train loop
T4 Ep 9/10 | L 0.2238 | Train Acc 0.65 | Prec 0.72 | F1 0.68 | Det Rec 1.00 | Det FA 0.00 | Epoch Time 204.79s (Eval 0.00s, Train 204.79s)
[STATE 2026-04-16 07:13:46] T4 Ep 9/10 complete: Prec 0.7183 F1 0.6764 DetRec 0.9998 DetFA 0.0000 | 204.79s total (0.00s eval/204.79s train)
[STATE 2026-04-16 07:13:46] Task 4 Epoch 10/10: entering train loop
T4 Ep 10/10 | L 0.2104 | Train Acc 0.70 | Prec 0.75 | F1 0.73 | Det Rec 1.00 | Det FA 0.00 | Epoch Time 126.81s (Eval 0.00s, Train 126.81s)
[STATE 2026-04-16 07:15:53] T4 Ep 10/10 complete: Prec 0.7487 F1 0.7297 DetRec 1.0000 DetFA 0.0000 | 126.81s total (0.00s eval/126.81s train)
[STATE 2026-04-16 07:15:53] Task 4: running final validation.
[STATE 2026-04-16 07:19:07] Completed task 4 (5/10)
Note: Unified mixed IQ test tensors to (N, 3, L) via ADC0 I/Q + zero-padded ADC1/2 (IID2-style) for cumulative CIL.
[STATE 2026-04-16 07:19:08] Task 5: zero-shot validation (pre-train)
---- Zero-shot (pre-train) task 5: rec_cls 0.0635 | prec_cls 0.0681 | f1_cls 0.0445 | det 0.5130 | pfa 0.4414 | total_f1 0.1556 ----
[STATE 2026-04-16 07:23:54] Starting task 5 (6/10)
[STATE 2026-04-16 07:23:54] Task 5 Epoch 1/10: entering train loop
[STATE 2026-04-16 07:41:31] Task 5 Epoch 1/10: running validation (end of epoch)
---- Eval at Epoch 0: cls [0.10421951684879589, 0.2835204428882408, 0.020352158917522126, 0.05877035609845358, 0.049911891845944654, 0.07515783268567786] | det_recall [0.5720748207983786, 0.6829355796310593, 0.48504831212015703, 0.47169639766024424, 0.46125989989263005, 0.569342479142053] | det_fa [0.013181123397880284, 0.06201049962436732, 0.28624330107987245, 0.3349464644095516, 0.36276645760478493, 0.7388446221587931] ----
T5 Ep 1/10 | L 0.5312 | Train Acc 0.58 | Prec 0.67 | F1 0.61 | Det Rec 0.85 | Det FA 0.17 | Epoch Time 1345.12s (Eval 287.52s, Train 1057.60s)
[STATE 2026-04-16 07:46:19] T5 Ep 1/10 complete: Prec 0.6681 F1 0.6126 DetRec 0.8504 DetFA 0.1736 | 1345.12s total (287.52s eval/1057.60s train)
[STATE 2026-04-16 07:46:19] Task 5 Epoch 2/10: entering train loop
T5 Ep 2/10 | L 0.3099 | Train Acc 0.75 | Prec 0.74 | F1 0.72 | Det Rec 0.87 | Det FA 0.20 | Epoch Time 1047.22s (Eval 0.00s, Train 1047.22s)
[STATE 2026-04-16 08:03:46] T5 Ep 2/10 complete: Prec 0.7360 F1 0.7204 DetRec 0.8732 DetFA 0.1956 | 1047.22s total (0.00s eval/1047.22s train)
[STATE 2026-04-16 08:03:46] Task 5 Epoch 3/10: entering train loop
T5 Ep 3/10 | L 0.2510 | Train Acc 0.78 | Prec 0.74 | F1 0.74 | Det Rec 0.88 | Det FA 0.20 | Epoch Time 1049.05s (Eval 0.00s, Train 1049.05s)
[STATE 2026-04-16 08:21:15] T5 Ep 3/10 complete: Prec 0.7446 F1 0.7355 DetRec 0.8770 DetFA 0.2031 | 1049.05s total (0.00s eval/1049.05s train)
[STATE 2026-04-16 08:21:15] Task 5 Epoch 4/10: entering train loop
T5 Ep 4/10 | L 0.2178 | Train Acc 0.79 | Prec 0.76 | F1 0.75 | Det Rec 0.88 | Det FA 0.20 | Epoch Time 1053.48s (Eval 0.00s, Train 1053.48s)
[STATE 2026-04-16 08:38:48] T5 Ep 4/10 complete: Prec 0.7600 F1 0.7526 DetRec 0.8839 DetFA 0.1957 | 1053.48s total (0.00s eval/1053.48s train)
[STATE 2026-04-16 08:38:48] Task 5 Epoch 5/10: entering train loop
T5 Ep 5/10 | L 0.1962 | Train Acc 0.80 | Prec 0.77 | F1 0.76 | Det Rec 0.89 | Det FA 0.18 | Epoch Time 1053.60s (Eval 0.00s, Train 1053.60s)
[STATE 2026-04-16 08:56:22] T5 Ep 5/10 complete: Prec 0.7657 F1 0.7632 DetRec 0.8915 DetFA 0.1840 | 1053.60s total (0.00s eval/1053.60s train)
[STATE 2026-04-16 08:56:22] Task 5 Epoch 6/10: entering train loop
T5 Ep 6/10 | L 0.1806 | Train Acc 0.82 | Prec 0.77 | F1 0.77 | Det Rec 0.89 | Det FA 0.19 | Epoch Time 1056.98s (Eval 0.00s, Train 1056.98s)
[STATE 2026-04-16 09:13:59] T5 Ep 6/10 complete: Prec 0.7684 F1 0.7683 DetRec 0.8904 DetFA 0.1921 | 1056.98s total (0.00s eval/1056.98s train)
[STATE 2026-04-16 09:13:59] Task 5 Epoch 7/10: entering train loop
T5 Ep 7/10 | L 0.1695 | Train Acc 0.82 | Prec 0.78 | F1 0.78 | Det Rec 0.90 | Det FA 0.18 | Epoch Time 1051.04s (Eval 0.00s, Train 1051.04s)
[STATE 2026-04-16 09:31:30] T5 Ep 7/10 complete: Prec 0.7766 F1 0.7768 DetRec 0.8971 DetFA 0.1776 | 1051.04s total (0.00s eval/1051.04s train)
[STATE 2026-04-16 09:31:30] Task 5 Epoch 8/10: entering train loop
T5 Ep 8/10 | L 0.1571 | Train Acc 0.83 | Prec 0.79 | F1 0.79 | Det Rec 0.90 | Det FA 0.18 | Epoch Time 1043.84s (Eval 0.00s, Train 1043.84s)
[STATE 2026-04-16 09:48:54] T5 Ep 8/10 complete: Prec 0.7863 F1 0.7853 DetRec 0.8982 DetFA 0.1794 | 1043.84s total (0.00s eval/1043.84s train)
[STATE 2026-04-16 09:48:54] Task 5 Epoch 9/10: entering train loop
T5 Ep 9/10 | L 0.1477 | Train Acc 0.84 | Prec 0.79 | F1 0.79 | Det Rec 0.90 | Det FA 0.18 | Epoch Time 1051.88s (Eval 0.00s, Train 1051.88s)
[STATE 2026-04-16 10:06:26] T5 Ep 9/10 complete: Prec 0.7872 F1 0.7904 DetRec 0.9003 DetFA 0.1774 | 1051.88s total (0.00s eval/1051.88s train)
[STATE 2026-04-16 10:06:26] Task 5 Epoch 10/10: entering train loop
T5 Ep 10/10 | L 0.1403 | Train Acc 0.85 | Prec 0.79 | F1 0.80 | Det Rec 0.90 | Det FA 0.18 | Epoch Time 1047.59s (Eval 0.00s, Train 1047.59s)
[STATE 2026-04-16 10:23:53] T5 Ep 10/10 complete: Prec 0.7919 F1 0.7954 DetRec 0.9016 DetFA 0.1768 | 1047.59s total (0.00s eval/1047.59s train)
[STATE 2026-04-16 10:23:53] Task 5: running final validation.
[STATE 2026-04-16 10:28:39] Completed task 5 (6/10)
Note: Unified mixed IQ test tensors to (N, 3, L) via ADC0 I/Q + zero-padded ADC1/2 (IID2-style) for cumulative CIL.
[STATE 2026-04-16 10:28:40] Task 6: zero-shot validation (pre-train)
---- Zero-shot (pre-train) task 6: rec_cls 0.0778 | prec_cls 0.0454 | f1_cls 0.0530 | det 0.6100 | pfa 0.7287 | total_f1 0.1354 ----
[STATE 2026-04-16 10:34:59] Starting task 6 (7/10)
[STATE 2026-04-16 10:34:59] Task 6 Epoch 1/10: entering train loop
[STATE 2026-04-16 10:36:28] Task 6 Epoch 1/10: running validation (end of epoch)
---- Eval at Epoch 0: cls [0.16337105546841918, 0.3031308182105463, 0.030087867532482382, 0.07844623164679634, 0.05764868783081291, 0.09657605745815973, 0.08662179256570432] | det_recall [0.6220938734020134, 0.7241974802860928, 0.47638253510873174, 0.46012931282014113, 0.4444407843450112, 0.6078856077723191, 0.5960671323175201] | det_fa [0.02271102336745888, 0.08413225767823262, 0.3292887444874925, 0.3910969001835952, 0.4166690407206643, 0.46122556743470833, 0.47719370853058124] ----
T6 Ep 1/10 | L 0.7129 | Train Acc 0.10 | Prec 0.32 | F1 0.27 | Det Rec 0.95 | Det FA 0.06 | Epoch Time 465.52s (Eval 376.52s, Train 88.99s)
[STATE 2026-04-16 10:42:45] T6 Ep 1/10 complete: Prec 0.3244 F1 0.2694 DetRec 0.9532 DetFA 0.0622 | 465.52s total (376.52s eval/88.99s train)
[STATE 2026-04-16 10:42:45] Task 6 Epoch 2/10: entering train loop
T6 Ep 2/10 | L 0.4167 | Train Acc 0.45 | Prec 0.58 | F1 0.56 | Det Rec 0.99 | Det FA 0.00 | Epoch Time 90.34s (Eval 0.00s, Train 90.34s)
[STATE 2026-04-16 10:44:15] T6 Ep 2/10 complete: Prec 0.5844 F1 0.5589 DetRec 0.9923 DetFA 0.0033 | 90.34s total (0.00s eval/90.34s train)
[STATE 2026-04-16 10:44:15] Task 6 Epoch 3/10: entering train loop
T6 Ep 3/10 | L 0.3461 | Train Acc 0.57 | Prec 0.61 | F1 0.64 | Det Rec 1.00 | Det FA 0.00 | Epoch Time 91.59s (Eval 0.00s, Train 91.59s)
[STATE 2026-04-16 10:45:46] T6 Ep 3/10 complete: Prec 0.6055 F1 0.6394 DetRec 0.9966 DetFA 0.0014 | 91.59s total (0.00s eval/91.59s train)
[STATE 2026-04-16 10:45:46] Task 6 Epoch 4/10: entering train loop
T6 Ep 4/10 | L 0.3326 | Train Acc 0.64 | Prec 0.65 | F1 0.69 | Det Rec 1.00 | Det FA 0.00 | Epoch Time 89.90s (Eval 0.00s, Train 89.90s)
[STATE 2026-04-16 10:47:16] T6 Ep 4/10 complete: Prec 0.6510 F1 0.6889 DetRec 0.9984 DetFA 0.0012 | 89.90s total (0.00s eval/89.90s train)
[STATE 2026-04-16 10:47:16] Task 6 Epoch 5/10: entering train loop
T6 Ep 5/10 | L 0.2822 | Train Acc 0.68 | Prec 0.69 | F1 0.73 | Det Rec 1.00 | Det FA 0.00 | Epoch Time 89.82s (Eval 0.00s, Train 89.82s)
[STATE 2026-04-16 10:48:46] T6 Ep 5/10 complete: Prec 0.6859 F1 0.7281 DetRec 0.9982 DetFA 0.0010 | 89.82s total (0.00s eval/89.82s train)
[STATE 2026-04-16 10:48:46] Task 6 Epoch 6/10: entering train loop
T6 Ep 6/10 | L 0.2476 | Train Acc 0.70 | Prec 0.71 | F1 0.75 | Det Rec 1.00 | Det FA 0.00 | Epoch Time 90.27s (Eval 0.00s, Train 90.27s)
[STATE 2026-04-16 10:50:16] T6 Ep 6/10 complete: Prec 0.7138 F1 0.7451 DetRec 0.9991 DetFA 0.0007 | 90.27s total (0.00s eval/90.27s train)
[STATE 2026-04-16 10:50:16] Task 6 Epoch 7/10: entering train loop
T6 Ep 7/10 | L 0.2274 | Train Acc 0.73 | Prec 0.74 | F1 0.76 | Det Rec 1.00 | Det FA 0.00 | Epoch Time 90.34s (Eval 0.00s, Train 90.34s)
[STATE 2026-04-16 10:51:47] T6 Ep 7/10 complete: Prec 0.7356 F1 0.7620 DetRec 0.9994 DetFA 0.0005 | 90.34s total (0.00s eval/90.34s train)
[STATE 2026-04-16 10:51:47] Task 6 Epoch 8/10: entering train loop
T6 Ep 8/10 | L 0.2023 | Train Acc 0.77 | Prec 0.77 | F1 0.80 | Det Rec 1.00 | Det FA 0.00 | Epoch Time 89.64s (Eval 0.00s, Train 89.64s)
[STATE 2026-04-16 10:53:16] T6 Ep 8/10 complete: Prec 0.7729 F1 0.8036 DetRec 0.9993 DetFA 0.0000 | 89.64s total (0.00s eval/89.64s train)
[STATE 2026-04-16 10:53:16] Task 6 Epoch 9/10: entering train loop
T6 Ep 9/10 | L 0.1834 | Train Acc 0.78 | Prec 0.78 | F1 0.81 | Det Rec 1.00 | Det FA 0.00 | Epoch Time 88.67s (Eval 0.00s, Train 88.67s)
[STATE 2026-04-16 10:54:45] T6 Ep 9/10 complete: Prec 0.7837 F1 0.8108 DetRec 0.9999 DetFA 0.0000 | 88.67s total (0.00s eval/88.67s train)
[STATE 2026-04-16 10:54:45] Task 6 Epoch 10/10: entering train loop
T6 Ep 10/10 | L 0.2260 | Train Acc 0.77 | Prec 0.78 | F1 0.79 | Det Rec 1.00 | Det FA 0.00 | Epoch Time 90.02s (Eval 0.00s, Train 90.02s)
[STATE 2026-04-16 10:56:15] T6 Ep 10/10 complete: Prec 0.7768 F1 0.7935 DetRec 0.9995 DetFA 0.0002 | 90.02s total (0.00s eval/90.02s train)
[STATE 2026-04-16 10:56:15] Task 6: running final validation.
[STATE 2026-04-16 11:02:42] Completed task 6 (7/10)
Note: Unified mixed IQ test tensors to (N, 3, L) via ADC0 I/Q + zero-padded ADC1/2 (IID2-style) for cumulative CIL.
[STATE 2026-04-16 11:02:44] Task 7: zero-shot validation (pre-train)
---- Zero-shot (pre-train) task 7: rec_cls 0.0706 | prec_cls 0.0883 | f1_cls 0.0470 | det 0.5467 | pfa 0.4359 | total_f1 0.1200 ----
[STATE 2026-04-16 11:11:04] Starting task 7 (8/10)
[STATE 2026-04-16 11:11:04] Task 7 Epoch 1/10: entering train loop
[STATE 2026-04-16 11:27:58] Task 7 Epoch 1/10: running validation (end of epoch)
---- Eval at Epoch 0: cls [0.10791704225731266, 0.2515605023588934, 0.011008036405005703, 0.05824893892125873, 0.051350951458105025, 0.0861588563805277, 0.07468157748484368, 0.08620739269819964] | det_recall [0.575242091525608, 0.6694146720621197, 0.45382062850961546, 0.44878171014280926, 0.44346461543916604, 0.5837893355936571, 0.5720400911885805, 0.654457987859538] | det_fa [0.0006144259513992806, 0.040667140208275505, 0.2570817374808555, 0.29165334423814504, 0.29645882742671403, 0.360838063464415, 0.39502925579297676, 0.544021144649234] ----
T7 Ep 1/10 | L 0.4466 | Train Acc 0.55 | Prec 0.72 | F1 0.61 | Det Rec 0.86 | Det FA 0.17 | Epoch Time 1536.05s (Eval 521.70s, Train 1014.35s)
[STATE 2026-04-16 11:36:40] T7 Ep 1/10 complete: Prec 0.7176 F1 0.6075 DetRec 0.8581 DetFA 0.1680 | 1536.05s total (521.70s eval/1014.35s train)
[STATE 2026-04-16 11:36:40] Task 7 Epoch 2/10: entering train loop
T7 Ep 2/10 | L 0.2802 | Train Acc 0.77 | Prec 0.77 | F1 0.75 | Det Rec 0.88 | Det FA 0.20 | Epoch Time 1004.80s (Eval 0.00s, Train 1004.80s)
[STATE 2026-04-16 11:53:25] T7 Ep 2/10 complete: Prec 0.7743 F1 0.7529 DetRec 0.8758 DetFA 0.1976 | 1004.80s total (0.00s eval/1004.80s train)
[STATE 2026-04-16 11:53:25] Task 7 Epoch 3/10: entering train loop
T7 Ep 3/10 | L 0.2350 | Train Acc 0.79 | Prec 0.78 | F1 0.76 | Det Rec 0.88 | Det FA 0.18 | Epoch Time 1007.11s (Eval 0.00s, Train 1007.11s)
[STATE 2026-04-16 12:10:12] T7 Ep 3/10 complete: Prec 0.7796 F1 0.7629 DetRec 0.8846 DetFA 0.1789 | 1007.11s total (0.00s eval/1007.11s train)
[STATE 2026-04-16 12:10:12] Task 7 Epoch 4/10: entering train loop
T7 Ep 4/10 | L 0.2107 | Train Acc 0.80 | Prec 0.79 | F1 0.78 | Det Rec 0.89 | Det FA 0.18 | Epoch Time 1018.10s (Eval 0.00s, Train 1018.10s)
[STATE 2026-04-16 12:27:10] T7 Ep 4/10 complete: Prec 0.7916 F1 0.7752 DetRec 0.8879 DetFA 0.1766 | 1018.10s total (0.00s eval/1018.10s train)
[STATE 2026-04-16 12:27:10] Task 7 Epoch 5/10: entering train loop
T7 Ep 5/10 | L 0.1914 | Train Acc 0.81 | Prec 0.79 | F1 0.78 | Det Rec 0.89 | Det FA 0.19 | Epoch Time 1004.76s (Eval 0.00s, Train 1004.76s)
[STATE 2026-04-16 12:43:55] T7 Ep 5/10 complete: Prec 0.7866 F1 0.7775 DetRec 0.8884 DetFA 0.1875 | 1004.76s total (0.00s eval/1004.76s train)
[STATE 2026-04-16 12:43:55] Task 7 Epoch 6/10: entering train loop
T7 Ep 6/10 | L 0.1776 | Train Acc 0.82 | Prec 0.80 | F1 0.79 | Det Rec 0.89 | Det FA 0.19 | Epoch Time 1005.86s (Eval 0.00s, Train 1005.86s)
[STATE 2026-04-16 13:00:40] T7 Ep 6/10 complete: Prec 0.7952 F1 0.7869 DetRec 0.8902 DetFA 0.1898 | 1005.86s total (0.00s eval/1005.86s train)
[STATE 2026-04-16 13:00:40] Task 7 Epoch 7/10: entering train loop
T7 Ep 7/10 | L 0.1634 | Train Acc 0.83 | Prec 0.80 | F1 0.80 | Det Rec 0.90 | Det FA 0.18 | Epoch Time 1021.34s (Eval 0.00s, Train 1021.34s)
[STATE 2026-04-16 13:17:42] T7 Ep 7/10 complete: Prec 0.8029 F1 0.7958 DetRec 0.8953 DetFA 0.1802 | 1021.34s total (0.00s eval/1021.34s train)
[STATE 2026-04-16 13:17:42] Task 7 Epoch 8/10: entering train loop
T7 Ep 8/10 | L 0.1542 | Train Acc 0.84 | Prec 0.81 | F1 0.80 | Det Rec 0.90 | Det FA 0.18 | Epoch Time 1003.56s (Eval 0.00s, Train 1003.56s)
[STATE 2026-04-16 13:34:25] T7 Ep 8/10 complete: Prec 0.8096 F1 0.8026 DetRec 0.8967 DetFA 0.1778 | 1003.56s total (0.00s eval/1003.56s train)
[STATE 2026-04-16 13:34:25] Task 7 Epoch 9/10: entering train loop
T7 Ep 9/10 | L 0.1484 | Train Acc 0.84 | Prec 0.81 | F1 0.81 | Det Rec 0.90 | Det FA 0.18 | Epoch Time 1001.18s (Eval 0.00s, Train 1001.18s)
[STATE 2026-04-16 13:51:07] T7 Ep 9/10 complete: Prec 0.8109 F1 0.8057 DetRec 0.8976 DetFA 0.1801 | 1001.18s total (0.00s eval/1001.18s train)
[STATE 2026-04-16 13:51:07] Task 7 Epoch 10/10: entering train loop
T7 Ep 10/10 | L 0.1417 | Train Acc 0.85 | Prec 0.81 | F1 0.81 | Det Rec 0.90 | Det FA 0.17 | Epoch Time 990.40s (Eval 0.00s, Train 990.40s)
[STATE 2026-04-16 14:07:37] T7 Ep 10/10 complete: Prec 0.8135 F1 0.8093 DetRec 0.9017 DetFA 0.1713 | 990.40s total (0.00s eval/990.40s train)
[STATE 2026-04-16 14:07:37] Task 7: running final validation.
[STATE 2026-04-16 14:15:58] Completed task 7 (8/10)
Note: Unified mixed IQ test tensors to (N, 3, L) via ADC0 I/Q + zero-padded ADC1/2 (IID2-style) for cumulative CIL.
[STATE 2026-04-16 14:15:59] Task 8: zero-shot validation (pre-train)
---- Zero-shot (pre-train) task 8: rec_cls 0.0665 | prec_cls 0.0670 | f1_cls 0.0423 | det 0.6370 | pfa 0.6235 | total_f1 0.1110 ----
[STATE 2026-04-16 14:26:21] Starting task 8 (9/10)
[STATE 2026-04-16 14:26:21] Task 8 Epoch 1/10: entering train loop
[STATE 2026-04-16 14:29:34] Task 8 Epoch 1/10: running validation (end of epoch)
---- Eval at Epoch 0: cls [0.17684464047860554, 0.29072838774428084, 0.06513496727903917, 0.05832244348275182, 0.051696446377204296, 0.07192335260017128, 0.06629631222135958, 0.08984838558295967, 0.08172538857849573] | det_recall [0.6291756929313944, 0.7071073282052155, 0.45829225129215034, 0.43584562645093805, 0.41296515807949674, 0.5351674589983697, 0.516976610444628, 0.6277515364025753, 0.6022637140777708] | det_fa [0.0, 0.007614129266889599, 0.2557745839225274, 0.3076629440325536, 0.352382817083146, 0.28335450382107624, 0.312162450972615, 0.40869216992198, 0.46866849118423215] ----
T8 Ep 1/10 | L 0.6995 | Train Acc 0.12 | Prec 0.36 | F1 0.24 | Det Rec 0.76 | Det FA 0.29 | Epoch Time 814.39s (Eval 621.58s, Train 192.82s)
[STATE 2026-04-16 14:39:55] T8 Ep 1/10 complete: Prec 0.3607 F1 0.2442 DetRec 0.7577 DetFA 0.2920 | 814.39s total (621.58s eval/192.82s train)
[STATE 2026-04-16 14:39:55] Task 8 Epoch 2/10: entering train loop
T8 Ep 2/10 | L 0.3494 | Train Acc 0.43 | Prec 0.66 | F1 0.53 | Det Rec 0.82 | Det FA 0.12 | Epoch Time 190.65s (Eval 0.00s, Train 190.65s)
[STATE 2026-04-16 14:43:06] T8 Ep 2/10 complete: Prec 0.6631 F1 0.5334 DetRec 0.8241 DetFA 0.1216 | 190.65s total (0.00s eval/190.65s train)
[STATE 2026-04-16 14:43:06] Task 8 Epoch 3/10: entering train loop
T8 Ep 3/10 | L 0.2771 | Train Acc 0.58 | Prec 0.73 | F1 0.62 | Det Rec 0.85 | Det FA 0.11 | Epoch Time 195.20s (Eval 0.00s, Train 195.20s)
[STATE 2026-04-16 14:46:21] T8 Ep 3/10 complete: Prec 0.7297 F1 0.6228 DetRec 0.8543 DetFA 0.1094 | 195.20s total (0.00s eval/195.20s train)
[STATE 2026-04-16 14:46:21] Task 8 Epoch 4/10: entering train loop
T8 Ep 4/10 | L 0.2624 | Train Acc 0.60 | Prec 0.74 | F1 0.62 | Det Rec 0.85 | Det FA 0.12 | Epoch Time 197.76s (Eval 0.00s, Train 197.76s)
[STATE 2026-04-16 14:49:39] T8 Ep 4/10 complete: Prec 0.7365 F1 0.6197 DetRec 0.8549 DetFA 0.1171 | 197.76s total (0.00s eval/197.76s train)
[STATE 2026-04-16 14:49:39] Task 8 Epoch 5/10: entering train loop
T8 Ep 5/10 | L 0.2344 | Train Acc 0.66 | Prec 0.80 | F1 0.67 | Det Rec 0.87 | Det FA 0.10 | Epoch Time 195.16s (Eval 0.00s, Train 195.16s)
[STATE 2026-04-16 14:52:54] T8 Ep 5/10 complete: Prec 0.8011 F1 0.6723 DetRec 0.8737 DetFA 0.1047 | 195.16s total (0.00s eval/195.16s train)
[STATE 2026-04-16 14:52:54] Task 8 Epoch 6/10: entering train loop
T8 Ep 6/10 | L 0.2076 | Train Acc 0.69 | Prec 0.81 | F1 0.68 | Det Rec 0.88 | Det FA 0.12 | Epoch Time 196.06s (Eval 0.00s, Train 196.06s)
[STATE 2026-04-16 14:56:10] T8 Ep 6/10 complete: Prec 0.8122 F1 0.6842 DetRec 0.8824 DetFA 0.1169 | 196.06s total (0.00s eval/196.06s train)
[STATE 2026-04-16 14:56:10] Task 8 Epoch 7/10: entering train loop
T8 Ep 7/10 | L 0.1839 | Train Acc 0.74 | Prec 0.82 | F1 0.71 | Det Rec 0.89 | Det FA 0.13 | Epoch Time 195.89s (Eval 0.00s, Train 195.89s)
[STATE 2026-04-16 14:59:26] T8 Ep 7/10 complete: Prec 0.8220 F1 0.7103 DetRec 0.8858 DetFA 0.1323 | 195.89s total (0.00s eval/195.89s train)
[STATE 2026-04-16 14:59:26] Task 8 Epoch 8/10: entering train loop
T8 Ep 8/10 | L 0.1674 | Train Acc 0.80 | Prec 0.84 | F1 0.73 | Det Rec 0.88 | Det FA 0.18 | Epoch Time 192.85s (Eval 0.00s, Train 192.85s)
[STATE 2026-04-16 15:02:39] T8 Ep 8/10 complete: Prec 0.8407 F1 0.7258 DetRec 0.8818 DetFA 0.1754 | 192.85s total (0.00s eval/192.85s train)
[STATE 2026-04-16 15:02:39] Task 8 Epoch 9/10: entering train loop
T8 Ep 9/10 | L 0.1657 | Train Acc 0.78 | Prec 0.83 | F1 0.73 | Det Rec 0.89 | Det FA 0.14 | Epoch Time 195.83s (Eval 0.00s, Train 195.83s)
[STATE 2026-04-16 15:05:55] T8 Ep 9/10 complete: Prec 0.8324 F1 0.7252 DetRec 0.8944 DetFA 0.1429 | 195.83s total (0.00s eval/195.83s train)
[STATE 2026-04-16 15:05:55] Task 8 Epoch 10/10: entering train loop
T8 Ep 10/10 | L 0.1585 | Train Acc 0.79 | Prec 0.86 | F1 0.74 | Det Rec 0.89 | Det FA 0.14 | Epoch Time 196.72s (Eval 0.00s, Train 196.72s)
[STATE 2026-04-16 15:09:12] T8 Ep 10/10 complete: Prec 0.8610 F1 0.7433 DetRec 0.8919 DetFA 0.1402 | 196.72s total (0.00s eval/196.72s train)
[STATE 2026-04-16 15:09:12] Task 8: running final validation.
[STATE 2026-04-16 15:19:36] Completed task 8 (9/10)
Note: Unified mixed IQ test tensors to (N, 3, L) via ADC0 I/Q + zero-padded ADC1/2 (IID2-style) for cumulative CIL.
[STATE 2026-04-16 15:19:37] Task 9: zero-shot validation (pre-train)
---- Zero-shot (pre-train) task 9: rec_cls 0.0331 | prec_cls 0.0976 | f1_cls 0.0404 | det 0.5459 | pfa 0.4519 | total_f1 0.1066 ----
[STATE 2026-04-16 15:32:05] Starting task 9 (10/10)
[STATE 2026-04-16 15:32:05] Task 9 Epoch 1/10: entering train loop
[STATE 2026-04-16 15:33:34] Task 9 Epoch 1/10: running validation (end of epoch)
---- Eval at Epoch 0: cls [0.17700855038214913, 0.2871517295690831, 0.05200982835493148, 0.03592920457477927, 0.023746251399397424, 0.04996024999211847, 0.0419036041183753, 0.07123230978865525, 0.04536689411202746, 0.0415633554218732] | det_recall [0.624231822036526, 0.7070567508019752, 0.4480724401460604, 0.43394807442784683, 0.4277257128531548, 0.4800372425074234, 0.46440310482962555, 0.5267017770727326, 0.5382713020046037, 0.5268460776236418] | det_fa [0.0008659635844317282, 0.011519887799707619, 0.2557693869580729, 0.3247516694010858, 0.3274614992441179, 0.32676613383777553, 0.35773917664002347, 0.32585696599956226, 0.41218382246191965, 0.4357494325821796] ----
T9 Ep 1/10 | L 0.6532 | Train Acc 0.11 | Prec 0.19 | F1 0.25 | Det Rec 0.92 | Det FA 0.00 | Epoch Time 836.30s (Eval 747.09s, Train 89.21s)
[STATE 2026-04-16 15:46:01] T9 Ep 1/10 complete: Prec 0.1864 F1 0.2463 DetRec 0.9153 DetFA 0.0002 | 836.30s total (747.09s eval/89.21s train)
[STATE 2026-04-16 15:46:01] Task 9 Epoch 2/10: entering train loop
T9 Ep 2/10 | L 0.4166 | Train Acc 0.28 | Prec 0.48 | F1 0.43 | Det Rec 0.96 | Det FA 0.00 | Epoch Time 91.64s (Eval 0.00s, Train 91.64s)
[STATE 2026-04-16 15:47:33] T9 Ep 2/10 complete: Prec 0.4846 F1 0.4297 DetRec 0.9616 DetFA 0.0000 | 91.64s total (0.00s eval/91.64s train)
[STATE 2026-04-16 15:47:33] Task 9 Epoch 3/10: entering train loop
T9 Ep 3/10 | L 0.3380 | Train Acc 0.42 | Prec 0.55 | F1 0.54 | Det Rec 0.99 | Det FA 0.00 | Epoch Time 90.79s (Eval 0.00s, Train 90.79s)
[STATE 2026-04-16 15:49:04] T9 Ep 3/10 complete: Prec 0.5512 F1 0.5442 DetRec 0.9859 DetFA 0.0000 | 90.79s total (0.00s eval/90.79s train)
[STATE 2026-04-16 15:49:04] Task 9 Epoch 4/10: entering train loop
T9 Ep 4/10 | L 0.2903 | Train Acc 0.50 | Prec 0.59 | F1 0.60 | Det Rec 0.99 | Det FA 0.00 | Epoch Time 91.25s (Eval 0.00s, Train 91.25s)
[STATE 2026-04-16 15:50:35] T9 Ep 4/10 complete: Prec 0.5866 F1 0.5969 DetRec 0.9910 DetFA 0.0000 | 91.25s total (0.00s eval/91.25s train)
[STATE 2026-04-16 15:50:35] Task 9 Epoch 5/10: entering train loop
T9 Ep 5/10 | L 0.2645 | Train Acc 0.59 | Prec 0.64 | F1 0.67 | Det Rec 1.00 | Det FA 0.00 | Epoch Time 90.95s (Eval 0.00s, Train 90.95s)
[STATE 2026-04-16 15:52:06] T9 Ep 5/10 complete: Prec 0.6378 F1 0.6694 DetRec 0.9967 DetFA 0.0000 | 90.95s total (0.00s eval/90.95s train)
[STATE 2026-04-16 15:52:06] Task 9 Epoch 6/10: entering train loop
T9 Ep 6/10 | L 0.2278 | Train Acc 0.65 | Prec 0.68 | F1 0.71 | Det Rec 1.00 | Det FA 0.00 | Epoch Time 89.77s (Eval 0.00s, Train 89.77s)
[STATE 2026-04-16 15:53:36] T9 Ep 6/10 complete: Prec 0.6815 F1 0.7147 DetRec 0.9978 DetFA 0.0000 | 89.77s total (0.00s eval/89.77s train)
[STATE 2026-04-16 15:53:36] Task 9 Epoch 7/10: entering train loop
T9 Ep 7/10 | L 0.2062 | Train Acc 0.69 | Prec 0.71 | F1 0.74 | Det Rec 1.00 | Det FA 0.00 | Epoch Time 91.05s (Eval 0.00s, Train 91.05s)
[STATE 2026-04-16 15:55:07] T9 Ep 7/10 complete: Prec 0.7097 F1 0.7398 DetRec 0.9984 DetFA 0.0000 | 91.05s total (0.00s eval/91.05s train)
[STATE 2026-04-16 15:55:07] Task 9 Epoch 8/10: entering train loop
T9 Ep 8/10 | L 0.1824 | Train Acc 0.75 | Prec 0.76 | F1 0.79 | Det Rec 1.00 | Det FA 0.00 | Epoch Time 88.83s (Eval 0.00s, Train 88.83s)
[STATE 2026-04-16 15:56:36] T9 Ep 8/10 complete: Prec 0.7600 F1 0.7874 DetRec 0.9998 DetFA 0.0000 | 88.83s total (0.00s eval/88.83s train)
[STATE 2026-04-16 15:56:36] Task 9 Epoch 9/10: entering train loop
T9 Ep 9/10 | L 0.1741 | Train Acc 0.77 | Prec 0.79 | F1 0.80 | Det Rec 1.00 | Det FA 0.00 | Epoch Time 90.87s (Eval 0.00s, Train 90.87s)
[STATE 2026-04-16 15:58:07] T9 Ep 9/10 complete: Prec 0.7864 F1 0.8025 DetRec 0.9997 DetFA 0.0000 | 90.87s total (0.00s eval/90.87s train)
[STATE 2026-04-16 15:58:07] Task 9 Epoch 10/10: entering train loop
T9 Ep 10/10 | L 0.1990 | Train Acc 0.77 | Prec 0.79 | F1 0.80 | Det Rec 1.00 | Det FA 0.00 | Epoch Time 90.65s (Eval 0.00s, Train 90.65s)
[STATE 2026-04-16 15:59:37] T9 Ep 10/10 complete: Prec 0.7897 F1 0.8010 DetRec 0.9995 DetFA 0.0000 | 90.65s total (0.00s eval/90.65s train)
[STATE 2026-04-16 15:59:37] Task 9: running final validation.
[STATE 2026-04-16 16:12:19] Completed task 9 (10/10)
####Final Validation Accuracy####
Final Results:- 
 Total Recall: 0.08386179189423187 
 Individual Recall: [0.19443740291838146, 0.315257079670751, 0.034659033402303294, 0.038940276588509334, 0.0356737777034506, 0.036191206634707415, 0.03579313140784822, 0.05332352063879122, 0.04572304978854516, 0.048619440189031]
Final Detection Results:- 
 Total Detection: 0.5224558282541185 
 Individual Detection: [0.6410490508317628, 0.7222191851655155, 0.45593159829870217, 0.449694637297578, 0.460046029613287, 0.485302425518272, 0.47321560213137476, 0.517167067803355, 0.5103278825669548, 0.5096048033143834]
Final Detection False Alarm:- 
 Total False Alarm: 0.3018850934501548 
 Individual False Alarm: [0.012685500490865254, 0.05082391881969809, 0.2588144432765419, 0.353694125728751, 0.3420673320917359, 0.3634666388763919, 0.3963634875141171, 0.35239833652024255, 0.41882284051952645, 0.469714310663678]
SUMMARY_TR cls_rec=0.7748 cls_prec=0.7897 cls_f1=0.8010 det=0.5177 fa=0.2779
SUMMARY_TE cls_rec=0.0839 cls_prec=0.1864 cls_f1=0.1074 det=0.5225 fa=0.3019
[STATE 2026-04-16 16:12:19] Saving results to logs//lamaml/full-tasks_CIL_all-2026-04-15_12-10-48-3904/0/results
Model size: 0.0289 GB
Memory buffer size: 0.0000 GB
logs//lamaml/full-tasks_CIL_all-2026-04-15_12-10-48-3904/0/results: {'expt_name': 'full-tasks_CIL_all', 'model': 'lamaml_cifar', 'arch': 'resnet1d', 'n_hiddens': 100, 'n_layers': 2, 'xav_init': False, 'debug': False, 'use_detector_arch': False, 'inner_steps': 1, 'n_epochs': 10, 'batch_size': 256, 'replay_batch_size': 128, 'memories': 5120, 'lr': 0.001, 'optimizer': 'sgd', 'class_weighted_ce': True, 'cuda': True, 'seed': 0, 'log_every': 10, 'log_dir': 'logs//lamaml/full-tasks_CIL_all-2026-04-15_12-10-48-3904/0', 'tf_dir': 'logs//lamaml/full-tasks_CIL_all-2026-04-15_12-10-48-3904/0/tfdir', 'calc_test_accuracy': False, 'state_logging': True, 'data_path': 'data/rff/radar/full', 'task_order_files': 't2-rcn,t0-rcn,t2-uclresm-25noise,t0-deeprad,t1-deeprad,t1-uclresm-25noise,t3-deeprad,t0-uclresm-25noise,t1-rcn,t2-deeprad', 'loader': 'class_incremental_loader', 'samples_per_task': -1, 'shuffle_tasks': False, 'classes_per_it': 6, 'iterations': 5000, 'dataset': 'iq', 'workers': 0, 'validation': 0.5, 'data_scaling': 'normalize', 'use_iq_aug_features': False, 'iq_aug_feature_type': 'power', 'class_order': 'random', 'increment': 5, 'test_batch_size': 512, 'nc_per_task': None, 'nc_per_task_list': '', 'val_rate': 1000, 'opt_lr': 0.01, 'opt_wt': 0.1, 'alpha_init': 0.1, 'learn_lr': True, 'sync_update': False, 'grad_clip_norm': 5.0, 'meta_batches': 3, 'use_old_task_memory': False, 'second_order': True, 'n_memories': 5120, 'memory_strength': 0, 'steps_per_sample': 1, 'bgd_optimizer': 'sgd', 'optimizer_params': '{}', 'train_mc_iters': 5, 'std_init': 0.05, 'mean_eta': 1, 'fisher_gamma': 0.95, 'rln': 7, 'meta_lr': 0.001, 'update_lr': 0.1, 'ctx_lr': 0.05, 'n_meta': 1, 'temperature': 5.0, 'task_emb': 64, 'noise_label': 54, 'classes_per_task': [5, 6, 5, 6, 6, 5, 5, 5, 6, 5], 'get_samples_per_task': <bound method IncrementalLoader.get_samples_per_task of <dataloaders.class_incremental_loader.IncrementalLoader object at 0x7c4633dbd820>>} # val: 0.198 0.084 -0.114 0.000 # sizes: model_gb=0.0289 mem_gb=0.0000 # 100820.2308356762
[STATE 2026-04-16 16:12:19] results.pt components (approx): state_dict 29.6 MB, result_val_t 0.1 KB, result_val_a 0.8 KB
[STATE 2026-04-16 16:12:19] Results saved; total runtime 28.01h
Total runtime: 28.01 hours
