[2026-03-25T15:48:32+00:00] === full_experiments.sh started ===
[2026-03-25T15:48:32+00:00] REPO_ROOT=/home/lunet/wsmr11/repos/La-MAML
[2026-03-25T15:48:32+00:00] LOG_FILE=/home/lunet/wsmr11/repos/La-MAML/logs/full_experiments/run_20260325_154832_lnx-elkk-1/full_experiments_20260325_154832.log
[2026-03-25T15:48:32+00:00] INCLUDED_ALL=ewc er_ring eralg4 gem cmaml ctn hat bcl_dual agem lwf packnet rwalk si ucl la-er lamaml smaml iid2
[2026-03-25T15:48:32+00:00] Activated la-maml_env
[2026-03-25T15:48:32+00:00] Using SERIAL_PROBE_JSON_PATH=logs/eta_probe/eta_probe_elkk-1-algos_10-iter_avg-util-2.json
[2026-03-25T15:48:32+00:00] Using SCHEDULE_JSON_PATH=logs/eta_probe/full_experiments_host_schedule.json
[2026-03-25T15:48:32+00:00] HOST_KEY=lnx-elkk-1
[2026-03-25T15:48:32+00:00] Reusing existing schedule JSON.
[2026-03-25T15:48:32+00:00] Estimated time saved (parallel vs serial): 60.01690617075233%
[2026-03-25T15:48:32+00:00] QUEUE_HIGH count=4: lwf hat ctn ewc
[2026-03-25T15:48:32+00:00] QUEUE_LOW  count=3: cmaml lamaml eralg4
[2026-03-25T15:48:32+00:00] === Queue phase on lnx-elkk-1 (util high/low) ===
[2026-03-25T15:48:32+00:00] --- Dispatching: base + lwf (job log: /home/lunet/wsmr11/repos/La-MAML/logs/full_experiments/run_20260325_154832_lnx-elkk-1/job_logs/job_lwf_20260325_154832_523033785.log) ---
[2026-03-25T15:48:32+00:00] START lwf
[2026-03-25T15:48:32+00:00] --- Dispatching: base + cmaml (job log: /home/lunet/wsmr11/repos/La-MAML/logs/full_experiments/run_20260325_154832_lnx-elkk-1/job_logs/job_cmaml_20260325_154832_544692582.log) ---
[2026-03-25T15:48:32+00:00] START cmaml
[2026-03-25T20:19:39+00:00] Completed: lwf (exit 0)
[2026-03-25T20:19:40+00:00] --- Dispatching: base + hat (job log: /home/lunet/wsmr11/repos/La-MAML/logs/full_experiments/run_20260325_154832_lnx-elkk-1/job_logs/job_hat_20260325_201940_724403864.log) ---
[2026-03-25T20:19:40+00:00] START hat
[2026-03-26T00:05:30+00:00] Completed: hat (exit 0)
[2026-03-26T00:05:30+00:00] --- Dispatching: base + ctn (job log: /home/lunet/wsmr11/repos/La-MAML/logs/full_experiments/run_20260325_154832_lnx-elkk-1/job_logs/job_ctn_20260326_000530_394933313.log) ---
[2026-03-26T00:05:30+00:00] START ctn
[2026-03-27T04:52:53+00:00] Completed: ctn (exit 0)
[2026-03-27T04:52:54+00:00] --- Dispatching: base + ewc (job log: /home/lunet/wsmr11/repos/La-MAML/logs/full_experiments/run_20260325_154832_lnx-elkk-1/job_logs/job_ewc_20260327_045254_184564313.log) ---
[2026-03-27T04:52:54+00:00] START ewc
[2026-03-27T12:39:58+00:00] Completed: ewc (exit 0)
[2026-03-27T19:02:59+00:00] Completed: cmaml (exit 0)
[2026-03-27T19:03:00+00:00] --- Dispatching: base + lamaml (job log: /home/lunet/wsmr11/repos/La-MAML/logs/full_experiments/run_20260325_154832_lnx-elkk-1/job_logs/job_lamaml_20260327_190300_138575903.log) ---
[2026-03-27T19:03:00+00:00] START lamaml
[2026-03-28T20:35:24+00:00] Completed: lamaml (exit 0)
[2026-03-28T20:35:25+00:00] --- Dispatching: base + eralg4 (job log: /home/lunet/wsmr11/repos/La-MAML/logs/full_experiments/run_20260325_154832_lnx-elkk-1/job_logs/job_eralg4_20260328_203525_280933105.log) ---
[2026-03-28T20:35:25+00:00] START eralg4
[2026-03-29T05:33:45+01:00] Completed: eralg4 (exit 0)
