[STATE 2026-05-31 00:31:09] Enabling terminal logging to logs//bcl_dual/full-tasks_CIL_all-2026-05-31_00-31-09-4902/55/terminal.log
New Experiment Starting...
Running model:  bcl_dual
[STATE 2026-05-31 00:31:09] Experiment 'full-tasks_CIL_all' starting with model 'bcl_dual' (seed 55)
Set seed 55
[STATE 2026-05-31 00:31:09] Runtime accel: cudnn.benchmark=False amp=True amp_dtype=bfloat16
t2-rcn.npz train: x=(50362, 1024), y=(50362, 2)
t2-rcn.npz test: x=(16787, 1024), y=(16787, 2)
t2-rcn.npz: applied data scaling mode 'normalize'.
Loaded t2-rcn.npz: Unique train labels: UniqueCountsResult(values=array([-1,  3,  5, 10, 12, 15]), counts=array([24209,  5770,  3030,  2320,  7509,  7524]))
Noise labels ratio in t2-rcn.npz train: 0.24, test: 0.24
Loaded t2-rcn.npz: Remapped labels: [-1  0  1  2  3  4]. Size: 50362)
t0-rcn.npz train: x=(51916, 1024), y=(51916, 2)
t0-rcn.npz test: x=(17305, 1024), y=(17305, 2)
t0-rcn.npz: applied data scaling mode 'normalize'.
Loaded t0-rcn.npz: Unique train labels: UniqueCountsResult(values=array([-1,  1,  8,  9, 11, 13, 14]), counts=array([24225,  4268,  2495,  2943,  3015,  7464,  7506]))
Noise labels ratio in t0-rcn.npz train: 0.23, test: 0.23
Loaded t0-rcn.npz: Remapped labels: [-1  5  6  7  8  9 10]. Size: 51916)
t2-uclresm-25noise.npz train: moved sample axis (3, 350028, 1024) -> (350028, 3, 1024)
t2-uclresm-25noise.npz test: moved sample axis (3, 233351, 1024) -> (233351, 3, 1024)
t2-uclresm-25noise.npz train: x=(350028, 3, 1024), y=(350028,)
t2-uclresm-25noise.npz test: x=(233351, 3, 1024), y=(233351,)
t2-uclresm-25noise.npz: applied data scaling mode 'normalize'.
Loaded t2-uclresm-25noise.npz: Unique train labels: UniqueCountsResult(values=array([-1,  0,  1,  2,  3,  4]), counts=array([87441, 27347, 71754, 64298, 36005, 63183]))
Noise labels ratio in t2-uclresm-25noise.npz train: 0.25, test: 0.25
Loaded t2-uclresm-25noise.npz: Remapped labels: [-1 11 12 13 14 15]. Size: 350028)
t0-deeprad.npz train: x=(24480, 1024), y=(24480, 2)
t0-deeprad.npz test: x=(8160, 1024), y=(8160, 2)
t0-deeprad.npz: applied data scaling mode 'normalize'.
Loaded t0-deeprad.npz: Unique train labels: UniqueCountsResult(values=array([-1,  0,  1,  2,  3,  4,  5]), counts=array([12240,  2029,  1983,  2043,  2154,  2015,  2016]))
Noise labels ratio in t0-deeprad.npz train: 0.25, test: 0.25
Loaded t0-deeprad.npz: Remapped labels: [-1 16 17 18 19 20 21]. Size: 24480)
t1-deeprad.npz train: x=(24480, 1024), y=(24480, 2)
t1-deeprad.npz test: x=(8160, 1024), y=(8160, 2)
t1-deeprad.npz: applied data scaling mode 'normalize'.
Loaded t1-deeprad.npz: Unique train labels: UniqueCountsResult(values=array([-1,  0,  1,  2,  3,  4,  5]), counts=array([12240,  1988,  2029,  2054,  1988,  2053,  2128]))
Noise labels ratio in t1-deeprad.npz train: 0.25, test: 0.25
Loaded t1-deeprad.npz: Remapped labels: [-1 22 23 24 25 26 27]. Size: 24480)
t1-uclresm-25noise.npz train: moved sample axis (3, 201410, 1024) -> (201410, 3, 1024)
t1-uclresm-25noise.npz test: moved sample axis (3, 116291, 1024) -> (116291, 3, 1024)
t1-uclresm-25noise.npz train: x=(201410, 3, 1024), y=(201410,)
t1-uclresm-25noise.npz test: x=(116291, 3, 1024), y=(116291,)
t1-uclresm-25noise.npz: applied data scaling mode 'normalize'.
Loaded t1-uclresm-25noise.npz: Unique train labels: UniqueCountsResult(values=array([-1,  0,  1,  2,  3,  4]), counts=array([43668, 18021, 17838, 18087, 31870, 71926]))
Noise labels ratio in t1-uclresm-25noise.npz train: 0.22, test: 0.25
Loaded t1-uclresm-25noise.npz: Remapped labels: [-1 28 29 30 31 32]. Size: 201410)
t3-deeprad.npz train: x=(17340, 1024), y=(17340, 2)
t3-deeprad.npz test: x=(6800, 1024), y=(6800, 2)
t3-deeprad.npz: applied data scaling mode 'normalize'.
Loaded t3-deeprad.npz: Unique train labels: UniqueCountsResult(values=array([-1,  0,  1,  2,  3,  4]), counts=array([8670, 1693, 1677, 1794, 1716, 1790]))
Noise labels ratio in t3-deeprad.npz train: 0.25, test: 0.25
Loaded t3-deeprad.npz: Remapped labels: [-1 33 34 35 36 37]. Size: 17340)
t0-uclresm-25noise.npz train: moved sample axis (3, 188050, 1024) -> (188050, 3, 1024)
t0-uclresm-25noise.npz test: moved sample axis (3, 107348, 1024) -> (107348, 3, 1024)
t0-uclresm-25noise.npz train: x=(188050, 3, 1024), y=(188050,)
t0-uclresm-25noise.npz test: x=(107348, 3, 1024), y=(107348,)
t0-uclresm-25noise.npz: applied data scaling mode 'normalize'.
Loaded t0-uclresm-25noise.npz: Unique train labels: UniqueCountsResult(values=array([-1,  0,  1,  2,  3,  4]), counts=array([40144, 32109, 17978, 17979, 18098, 61742]))
Noise labels ratio in t0-uclresm-25noise.npz train: 0.21, test: 0.25
Loaded t0-uclresm-25noise.npz: Remapped labels: [-1 38 39 40 41 42]. Size: 188050)
t1-rcn.npz train: x=(36658, 1024), y=(36658, 2)
t1-rcn.npz test: x=(12220, 1024), y=(12220, 2)
t1-rcn.npz: applied data scaling mode 'normalize'.
Loaded t1-rcn.npz: Unique train labels: UniqueCountsResult(values=array([-1,  0,  2,  4,  6,  7, 16]), counts=array([20595,   824,  2087,  2606,  2396,  1716,  6434]))
Noise labels ratio in t1-rcn.npz train: 0.28, test: 0.28
Loaded t1-rcn.npz: Remapped labels: [-1 43 44 45 46 47 48]. Size: 36658)
t2-deeprad.npz train: x=(17340, 1024), y=(17340, 2)
t2-deeprad.npz test: x=(6800, 1024), y=(6800, 2)
t2-deeprad.npz: applied data scaling mode 'normalize'.
Loaded t2-deeprad.npz: Unique train labels: UniqueCountsResult(values=array([-1,  0,  1,  2,  3,  4]), counts=array([8670, 1774, 1675, 1777, 1694, 1750]))
Noise labels ratio in t2-deeprad.npz train: 0.25, test: 0.25
Loaded t2-deeprad.npz: Remapped labels: [-1 49 50 51 52 53]. Size: 17340)
Built IQ classes_per_task (increments): [5, 6, 5, 6, 6, 5, 5, 5, 6, 5]
Classes per task: [5, 6, 5, 6, 6, 5, 5, 5, 6, 5]
[STATE 2026-05-31 00:32:15] Loader 'class_incremental_loader' ready: 1024 inputs, 55 outputs, 10 tasks
n_outputs: 55 	n_tasks: 10
[STATE 2026-05-31 00:32:15] Logging to logs//bcl_dual/full-tasks_CIL_all-2026-05-31_00-31-09-4902/55
True
Model device: cuda:0
[STATE 2026-05-31 00:32:15] Model initialized on device cuda:0
[STATE 2026-05-31 00:32:15] Invoking continual life experience flow
[STATE 2026-05-31 00:32:15] Life experience start: 10 tasks queued
[STATE 2026-05-31 00:32:15] Legacy epoch behavior enabled: using n_epochs=1 for all tasks
[STATE 2026-05-31 00:32:15] Task 0: zero-shot validation (pre-train)
---- Zero-shot (pre-train) task 0: rec_cls 0.1915 | prec_cls 0.1194 | f1_cls 0.0546 | det 0.4998 | pfa 0.9999 | total_f1 0.0546 ----
[STATE 2026-05-31 00:32:20] Starting task 0 (1/10)
[STATE 2026-05-31 00:32:20] Task 0 Epoch 1/1: entering train loop
[STATE 2026-05-31 00:33:20] Task 0 Epoch 1/1: running validation (end of epoch)
---- Eval at Epoch 0: cls [0.8017891249917267] | det_recall [0.8627143362823612] | det_fa [0.2665181329983522] ----
T0 Ep 1/1 | L 0.4905 | Train Acc 0.57 | Prec 0.57 | F1 0.51 | Det Rec 0.78 | Det FA 0.37 | Epoch Time 64.71s (Eval 5.17s, Train 59.54s)
[STATE 2026-05-31 00:33:25] T0 Ep 1/1 complete: Prec 0.5730 F1 0.5081 DetRec 0.7840 DetFA 0.3663 | 64.71s total (5.17s eval/59.54s train)
[STATE 2026-05-31 00:33:25] Task 0: running final validation.
Saved task checkpoint: logs//bcl_dual/full-tasks_CIL_all-2026-05-31_00-31-09-4902/55/checkpoints/task_0.pt
[STATE 2026-05-31 00:33:30] Saved task checkpoint to logs//bcl_dual/full-tasks_CIL_all-2026-05-31_00-31-09-4902/55/checkpoints/task_0.pt
[STATE 2026-05-31 00:33:30] Completed task 0 (1/10)
[STATE 2026-05-31 00:33:30] Task 1: zero-shot validation (pre-train)
---- Zero-shot (pre-train) task 1: rec_cls 0.3461 | prec_cls 0.1976 | f1_cls 0.2284 | det 0.7176 | pfa 0.5285 | total_f1 0.4770 ----
[STATE 2026-05-31 00:33:45] Starting task 1 (2/10)
[STATE 2026-05-31 00:33:45] Task 1 Epoch 1/1: entering train loop
[STATE 2026-05-31 00:35:20] Task 1 Epoch 1/1: running validation (end of epoch)
---- Eval at Epoch 0: cls [0.7554803591780982, 0.49745249537358344] | det_recall [0.8625038141580372, 0.7647748668394373] | det_fa [0.2553624536269405, 0.45207629911768227] ----
T1 Ep 1/1 | L 0.2033 | Train Acc 0.17 | Prec 0.44 | F1 0.22 | Det Rec 0.68 | Det FA 0.60 | Epoch Time 110.57s (Eval 14.78s, Train 95.80s)
[STATE 2026-05-31 00:35:35] T1 Ep 1/1 complete: Prec 0.4443 F1 0.2151 DetRec 0.6759 DetFA 0.5977 | 110.57s total (14.78s eval/95.80s train)
[STATE 2026-05-31 00:35:35] Task 1: running final validation.
Saved task checkpoint: logs//bcl_dual/full-tasks_CIL_all-2026-05-31_00-31-09-4902/55/checkpoints/task_1.pt
[STATE 2026-05-31 00:35:50] Saved task checkpoint to logs//bcl_dual/full-tasks_CIL_all-2026-05-31_00-31-09-4902/55/checkpoints/task_1.pt
[STATE 2026-05-31 00:35:50] Completed task 1 (2/10)
Note: Unified mixed IQ test tensors to (N, 3, L) via ADC0 I/Q + zero-padded ADC1/2 (IID2-style) for cumulative CIL.
[STATE 2026-05-31 00:35:50] Task 2: zero-shot validation (pre-train)
---- Zero-shot (pre-train) task 2: rec_cls 0.0653 | prec_cls 0.0093 | f1_cls 0.0167 | det 0.5058 | pfa 0.9114 | total_f1 0.3759 ----
[STATE 2026-05-31 00:37:07] Starting task 2 (3/10)
[STATE 2026-05-31 00:37:07] Task 2 Epoch 1/1: entering train loop
[STATE 2026-05-31 00:48:56] Task 2 Epoch 1/1: running validation (end of epoch)
---- Eval at Epoch 0: cls [0.7376445744930067, 0.4006964216489965, 0.09057204437128676] | det_recall [0.6726708987213169, 0.6305313064158135, 0.6300410179369951] | det_fa [0.6498651916451819, 0.6626732108235144, 0.6617029471665781] ----
T2 Ep 1/1 | L 0.2629 | Train Acc 0.07 | Prec 0.43 | F1 0.21 | Det Rec 0.76 | Det FA 0.48 | Epoch Time 784.73s (Eval 75.14s, Train 709.59s)
[STATE 2026-05-31 00:50:11] T2 Ep 1/1 complete: Prec 0.4258 F1 0.2051 DetRec 0.7610 DetFA 0.4750 | 784.73s total (75.14s eval/709.59s train)
[STATE 2026-05-31 00:50:11] Task 2: running final validation.
Saved task checkpoint: logs//bcl_dual/full-tasks_CIL_all-2026-05-31_00-31-09-4902/55/checkpoints/task_2.pt
[STATE 2026-05-31 00:51:27] Saved task checkpoint to logs//bcl_dual/full-tasks_CIL_all-2026-05-31_00-31-09-4902/55/checkpoints/task_2.pt
[STATE 2026-05-31 00:51:27] Completed task 2 (3/10)
Note: Unified mixed IQ test tensors to (N, 3, L) via ADC0 I/Q + zero-padded ADC1/2 (IID2-style) for cumulative CIL.
[STATE 2026-05-31 00:51:27] Task 3: zero-shot validation (pre-train)
---- Zero-shot (pre-train) task 3: rec_cls 0.0674 | prec_cls 0.0926 | f1_cls 0.0510 | det 0.6115 | pfa 0.6926 | total_f1 0.2502 ----
[STATE 2026-05-31 00:53:44] Starting task 3 (4/10)
[STATE 2026-05-31 00:53:44] Task 3 Epoch 1/1: entering train loop
[STATE 2026-05-31 00:54:31] Task 3 Epoch 1/1: running validation (end of epoch)
---- Eval at Epoch 0: cls [0.6959238326989876, 0.3846093263495283, 0.0742391789505796, 0.05342133695190402] | det_recall [0.8388011366013401, 0.6488837791701924, 0.6210776730603628, 0.617171052472152] | det_fa [0.3151174030877092, 0.6219805873081656, 0.5713692426029481, 0.6133109016934571] ----
T3 Ep 1/1 | L 0.4861 | Train Acc 0.09 | Prec 0.25 | F1 0.25 | Det Rec 0.99 | Det FA 0.01 | Epoch Time 179.91s (Eval 132.83s, Train 47.08s)
[STATE 2026-05-31 00:56:44] T3 Ep 1/1 complete: Prec 0.2539 F1 0.2461 DetRec 0.9915 DetFA 0.0144 | 179.91s total (132.83s eval/47.08s train)
[STATE 2026-05-31 00:56:44] Task 3: running final validation.
Saved task checkpoint: logs//bcl_dual/full-tasks_CIL_all-2026-05-31_00-31-09-4902/55/checkpoints/task_3.pt
[STATE 2026-05-31 00:59:01] Saved task checkpoint to logs//bcl_dual/full-tasks_CIL_all-2026-05-31_00-31-09-4902/55/checkpoints/task_3.pt
[STATE 2026-05-31 00:59:01] Completed task 3 (4/10)
Note: Unified mixed IQ test tensors to (N, 3, L) via ADC0 I/Q + zero-padded ADC1/2 (IID2-style) for cumulative CIL.
[STATE 2026-05-31 00:59:01] Task 4: zero-shot validation (pre-train)
---- Zero-shot (pre-train) task 4: rec_cls 0.0434 | prec_cls 0.0521 | f1_cls 0.0251 | det 0.6003 | pfa 0.6347 | total_f1 0.2086 ----
[STATE 2026-05-31 01:02:15] Starting task 4 (5/10)
[STATE 2026-05-31 01:02:15] Task 4 Epoch 1/1: entering train loop
[STATE 2026-05-31 01:03:05] Task 4 Epoch 1/1: running validation (end of epoch)
---- Eval at Epoch 0: cls [0.6065653636444504, 0.3660140380688085, 0.07396203495267789, 0.052610964061280976, 0.04261217576546801] | det_recall [0.8175895568059869, 0.634584325602006, 0.6213558145391931, 0.5847596002496269, 0.5786948361453023] | det_fa [0.34991618793170753, 0.6488954377225492, 0.61679191851796, 0.7500694042479786, 0.7600003619631047] ----
T4 Ep 1/1 | L 0.3558 | Train Acc 0.01 | Prec 0.06 | F1 0.15 | Det Rec 0.98 | Det FA 0.03 | Epoch Time 249.36s (Eval 198.81s, Train 50.55s)
[STATE 2026-05-31 01:06:24] T4 Ep 1/1 complete: Prec 0.0577 F1 0.1509 DetRec 0.9838 DetFA 0.0324 | 249.36s total (198.81s eval/50.55s train)
[STATE 2026-05-31 01:06:24] Task 4: running final validation.
Saved task checkpoint: logs//bcl_dual/full-tasks_CIL_all-2026-05-31_00-31-09-4902/55/checkpoints/task_4.pt
[STATE 2026-05-31 01:09:50] Saved task checkpoint to logs//bcl_dual/full-tasks_CIL_all-2026-05-31_00-31-09-4902/55/checkpoints/task_4.pt
[STATE 2026-05-31 01:09:50] Completed task 4 (5/10)
Note: Unified mixed IQ test tensors to (N, 3, L) via ADC0 I/Q + zero-padded ADC1/2 (IID2-style) for cumulative CIL.
[STATE 2026-05-31 01:09:51] Task 5: zero-shot validation (pre-train)
---- Zero-shot (pre-train) task 5: rec_cls 0.0377 | prec_cls 0.0267 | f1_cls 0.0181 | det 0.5786 | pfa 0.7581 | total_f1 0.1621 ----
[STATE 2026-05-31 01:14:41] Starting task 5 (6/10)
[STATE 2026-05-31 01:14:41] Task 5 Epoch 1/1: entering train loop
[STATE 2026-05-31 01:21:39] Task 5 Epoch 1/1: running validation (end of epoch)
---- Eval at Epoch 0: cls [0.5261257830526095, 0.2985701154405414, 0.08640002292284708, 0.0614232342220147, 0.048483153708880365, 0.06329271145591248] | det_recall [0.5902764167141784, 0.5871978645888065, 0.5234426849239068, 0.4969334977454991, 0.4960324503023681, 0.5018071930582089] | det_fa [0.8093475883754578, 0.7937262640546728, 0.9241560683965427, 0.993846801203245, 0.9953606481983228, 0.9863933557766595] ----
T5 Ep 1/1 | L 0.2031 | Train Acc 0.18 | Prec 0.68 | F1 0.34 | Det Rec 0.78 | Det FA 0.43 | Epoch Time 716.42s (Eval 297.81s, Train 418.61s)
[STATE 2026-05-31 01:26:37] T5 Ep 1/1 complete: Prec 0.6753 F1 0.3438 DetRec 0.7836 DetFA 0.4307 | 716.42s total (297.81s eval/418.61s train)
[STATE 2026-05-31 01:26:37] Task 5: running final validation.
Saved task checkpoint: logs//bcl_dual/full-tasks_CIL_all-2026-05-31_00-31-09-4902/55/checkpoints/task_5.pt
[STATE 2026-05-31 01:31:32] Saved task checkpoint to logs//bcl_dual/full-tasks_CIL_all-2026-05-31_00-31-09-4902/55/checkpoints/task_5.pt
[STATE 2026-05-31 01:31:32] Completed task 5 (6/10)
Note: Unified mixed IQ test tensors to (N, 3, L) via ADC0 I/Q + zero-padded ADC1/2 (IID2-style) for cumulative CIL.
[STATE 2026-05-31 01:31:33] Task 6: zero-shot validation (pre-train)
---- Zero-shot (pre-train) task 6: rec_cls 0.0557 | prec_cls 0.0986 | f1_cls 0.0309 | det 0.5003 | pfa 0.9889 | total_f1 0.1084 ----
[STATE 2026-05-31 01:37:56] Starting task 6 (7/10)
[STATE 2026-05-31 01:37:56] Task 6 Epoch 1/1: entering train loop
[STATE 2026-05-31 01:38:32] Task 6 Epoch 1/1: running validation (end of epoch)
---- Eval at Epoch 0: cls [0.5718079997017562, 0.3201934646789462, 0.09372804456864549, 0.07866440453043402, 0.062765517468717, 0.06785612758769749, 0.062377865133925355] | det_recall [0.8320972211523958, 0.6353700687398022, 0.6390115348548178, 0.5949397200735387, 0.5688526049801778, 0.646012721300253, 0.6305969659642243] | det_fa [0.31429886581145733, 0.6536570211233608, 0.6169706930828689, 0.7366838514824687, 0.7804781770747935, 0.6367331377590801, 0.6624038795046361] ----
T6 Ep 1/1 | L 0.1312 | Train Acc 0.00 | Prec 0.00 | F1 0.16 | Det Rec 0.96 | Det FA 0.07 | Epoch Time 415.75s (Eval 379.15s, Train 36.60s)
[STATE 2026-05-31 01:44:51] T6 Ep 1/1 complete: Prec 0.0000 F1 0.1599 DetRec 0.9648 DetFA 0.0705 | 415.75s total (379.15s eval/36.60s train)
[STATE 2026-05-31 01:44:51] Task 6: running final validation.
Saved task checkpoint: logs//bcl_dual/full-tasks_CIL_all-2026-05-31_00-31-09-4902/55/checkpoints/task_6.pt
[STATE 2026-05-31 01:51:11] Saved task checkpoint to logs//bcl_dual/full-tasks_CIL_all-2026-05-31_00-31-09-4902/55/checkpoints/task_6.pt
[STATE 2026-05-31 01:51:11] Completed task 6 (7/10)
Note: Unified mixed IQ test tensors to (N, 3, L) via ADC0 I/Q + zero-padded ADC1/2 (IID2-style) for cumulative CIL.
[STATE 2026-05-31 01:51:12] Task 7: zero-shot validation (pre-train)
---- Zero-shot (pre-train) task 7: rec_cls 0.0532 | prec_cls 0.0665 | f1_cls 0.0441 | det 0.6318 | pfa 0.6581 | total_f1 0.1438 ----
[STATE 2026-05-31 01:59:34] Starting task 7 (8/10)
[STATE 2026-05-31 01:59:34] Task 7 Epoch 1/1: entering train loop
[STATE 2026-05-31 02:06:17] Task 7 Epoch 1/1: running validation (end of epoch)
---- Eval at Epoch 0: cls [0.5145860630065516, 0.2914899801011393, 0.08942265145521734, 0.06793634006373735, 0.052802823733665176, 0.07156347642440085, 0.06325868768364888, 0.06433991462344388] | det_recall [0.66610161990504, 0.5966727828950905, 0.5546960452399925, 0.5218955035871877, 0.5133054461769482, 0.542440226792448, 0.5343894063189762, 0.5297883144388599] | det_fa [0.6431916284102898, 0.7596632462372629, 0.8509303493078552, 0.9281816251827869, 0.9467405387474858, 0.8834295226577594, 0.9026772819213387, 0.9135495845560971] ----
T7 Ep 1/1 | L 0.1173 | Train Acc 0.10 | Prec 0.55 | F1 0.25 | Det Rec 0.79 | Det FA 0.42 | Epoch Time 905.89s (Eval 503.26s, Train 402.63s)
[STATE 2026-05-31 02:14:40] T7 Ep 1/1 complete: Prec 0.5456 F1 0.2536 DetRec 0.7877 DetFA 0.4181 | 905.89s total (503.26s eval/402.63s train)
[STATE 2026-05-31 02:14:40] Task 7: running final validation.
Saved task checkpoint: logs//bcl_dual/full-tasks_CIL_all-2026-05-31_00-31-09-4902/55/checkpoints/task_7.pt
[STATE 2026-05-31 02:23:08] Saved task checkpoint to logs//bcl_dual/full-tasks_CIL_all-2026-05-31_00-31-09-4902/55/checkpoints/task_7.pt
[STATE 2026-05-31 02:23:08] Completed task 7 (8/10)
Note: Unified mixed IQ test tensors to (N, 3, L) via ADC0 I/Q + zero-padded ADC1/2 (IID2-style) for cumulative CIL.
[STATE 2026-05-31 02:23:09] Task 8: zero-shot validation (pre-train)
---- Zero-shot (pre-train) task 8: rec_cls 0.0553 | prec_cls 0.0712 | f1_cls 0.0364 | det 0.5183 | pfa 0.9396 | total_f1 0.1019 ----
[STATE 2026-05-31 02:33:38] Starting task 8 (9/10)
[STATE 2026-05-31 02:33:38] Task 8 Epoch 1/1: entering train loop
[STATE 2026-05-31 02:34:55] Task 8 Epoch 1/1: running validation (end of epoch)
---- Eval at Epoch 0: cls [0.585878966795677, 0.34671923500828633, 0.07985802294945332, 0.05937660117682362, 0.0480035228937585, 0.06969168983696077, 0.06063219887151391, 0.0614588103838262, 0.05377193421667891] | det_recall [0.8218472170096806, 0.6382238165280731, 0.600689218308032, 0.5512359571433191, 0.5378196529725671, 0.5842851564797996, 0.5697511854304862, 0.600415393042545, 0.5653677130818996] | det_fa [0.3224467911329734, 0.6546524047003311, 0.6884022721021904, 0.8298938735983566, 0.8626296138654594, 0.7755364138284606, 0.8030144335026754, 0.7483845965672633, 0.82007616763745] ----
T8 Ep 1/1 | L 0.1207 | Train Acc 0.03 | Prec 0.16 | F1 0.12 | Det Rec 0.73 | Det FA 0.54 | Epoch Time 698.46s (Eval 621.10s, Train 77.36s)
[STATE 2026-05-31 02:45:16] T8 Ep 1/1 complete: Prec 0.1641 F1 0.1161 DetRec 0.7264 DetFA 0.5364 | 698.46s total (621.10s eval/77.36s train)
[STATE 2026-05-31 02:45:16] Task 8: running final validation.
Saved task checkpoint: logs//bcl_dual/full-tasks_CIL_all-2026-05-31_00-31-09-4902/55/checkpoints/task_8.pt
[STATE 2026-05-31 02:55:39] Saved task checkpoint to logs//bcl_dual/full-tasks_CIL_all-2026-05-31_00-31-09-4902/55/checkpoints/task_8.pt
[STATE 2026-05-31 02:55:39] Completed task 8 (9/10)
Note: Unified mixed IQ test tensors to (N, 3, L) via ADC0 I/Q + zero-padded ADC1/2 (IID2-style) for cumulative CIL.
[STATE 2026-05-31 02:55:40] Task 9: zero-shot validation (pre-train)
---- Zero-shot (pre-train) task 9: rec_cls 0.0492 | prec_cls 0.0664 | f1_cls 0.0357 | det 0.5556 | pfa 0.8379 | total_f1 0.1186 ----
[STATE 2026-05-31 03:08:12] Starting task 9 (10/10)
[STATE 2026-05-31 03:08:12] Task 9 Epoch 1/1: entering train loop
[STATE 2026-05-31 03:08:50] Task 9 Epoch 1/1: running validation (end of epoch)
---- Eval at Epoch 0: cls [0.6199305535399801, 0.34661661077029493, 0.07929580606108647, 0.05736623106406279, 0.04484078573656186, 0.06541107627740607, 0.057386469430143784, 0.05766885993793652, 0.05025642142464758, 0.04563509009528106] | det_recall [0.7571641773301026, 0.620156823772026, 0.5625591350143423, 0.5120105476217226, 0.5029034761453153, 0.5518903205827924, 0.5360422243390043, 0.5672521863565034, 0.5405036746909038, 0.5297592455659926] | det_fa [0.48207504302325116, 0.7050201185186804, 0.8247311701715121, 0.9512495399142072, 0.973205120826892, 0.8728096941675674, 0.9049203579335873, 0.8474340626965595, 0.8993734991862584, 0.9195312985507591] ----
T9 Ep 1/1 | L 0.1176 | Train Acc 0.01 | Prec 0.12 | F1 0.15 | Det Rec 0.88 | Det FA 0.25 | Epoch Time 800.76s (Eval 762.67s, Train 38.09s)
[STATE 2026-05-31 03:21:33] T9 Ep 1/1 complete: Prec 0.1159 F1 0.1519 DetRec 0.8768 DetFA 0.2465 | 800.76s total (762.67s eval/38.09s train)
[STATE 2026-05-31 03:21:33] Task 9: running final validation.
Saved task checkpoint: logs//bcl_dual/full-tasks_CIL_all-2026-05-31_00-31-09-4902/55/checkpoints/task_9.pt
[STATE 2026-05-31 03:34:14] Saved task checkpoint to logs//bcl_dual/full-tasks_CIL_all-2026-05-31_00-31-09-4902/55/checkpoints/task_9.pt
[STATE 2026-05-31 03:34:14] Completed task 9 (10/10)
####Final Validation Accuracy####
Final Results:- 
 Total Recall: 0.14260623450230334 
 Individual Recall: [0.6190057419568138, 0.35078883022775204, 0.07934088514257362, 0.05710572105460537, 0.04447831859226473, 0.06502775939108492, 0.058264019078130905, 0.05663804474175683, 0.04974507691651883, 0.045667947921532316]
Final Detection Results:- 
 Total Detection: 0.5676629538554787 
 Individual Detection: [0.7567476549751151, 0.61739198611772, 0.563929033650937, 0.5112445913888684, 0.5028079172538107, 0.551133114352284, 0.5362959281435472, 0.5677290183870222, 0.539704055478204, 0.5296462388072783]
Final Detection False Alarm:- 
 Total False Alarm: 0.8384734556677799 
 Individual False Alarm: [0.48139555621618424, 0.7087671481697342, 0.821580570052395, 0.952784312770456, 0.9739173866896114, 0.8745000897579515, 0.9042358948770891, 0.84644652809978, 0.9010033816541525, 0.9201036883904448]
SUMMARY_TR cls_rec=0.0105 cls_prec=0.1159 cls_f1=0.1519 det=0.5680 fa=0.8380
SUMMARY_TE cls_rec=0.1426 cls_prec=0.1811 cls_f1=0.1124 det=0.5677 fa=0.8385
[STATE 2026-05-31 03:34:15] Saving results to logs//bcl_dual/full-tasks_CIL_all-2026-05-31_00-31-09-4902/55/results
Model size: 0.0289 GB
Memory buffer size: 0.0158 GB
logs//bcl_dual/full-tasks_CIL_all-2026-05-31_00-31-09-4902/55/results: {'expt_name': 'full-tasks_CIL_all', 'model': 'bcl_dual', 'arch': 'resnet1d', 'n_hiddens': 100, 'n_layers': 2, 'xav_init': False, 'debug': False, 'use_detector_arch': False, 'use_groupnorm': False, 'inner_steps': 2, 'n_epochs': 1, 'batch_size': 256, 'replay_batch_size': 128, 'memories': 5120, 'lr': 0.001, 'optimizer': 'sgd', 'prune_perc': 0.75, 'post_prune_epochs': 0, 'class_weighted_ce': True, 'cuda': True, 'amp': True, 'amp_dtype': 'bfloat16', 'cudnn_benchmark': True, 'seed': 55, 'log_every': 10, 'log_dir': 'logs//bcl_dual/full-tasks_CIL_all-2026-05-31_00-31-09-4902/55', 'tf_dir': 'logs//bcl_dual/full-tasks_CIL_all-2026-05-31_00-31-09-4902/55/tfdir', 'calc_test_accuracy': False, 'state_logging': True, 'data_path': 'data/rff/radar/full', 'task_order_files': 't2-rcn,t0-rcn,t2-uclresm-25noise,t0-deeprad,t1-deeprad,t1-uclresm-25noise,t3-deeprad,t0-uclresm-25noise,t1-rcn,t2-deeprad', 'loader': 'class_incremental_loader', 'samples_per_task': -1, 'task_order_seed': None, 'classes_per_it': 6, 'iterations': 5000, 'dataset': 'iq', 'workers': 0, 'validation': 0.5, 'data_scaling': 'normalize', 'use_iq_aug_features': False, 'iq_aug_feature_type': 'power', 'class_order': 'random', 'increment': 5, 'test_batch_size': 512, 'nc_per_task': None, 'nc_per_task_list': '', 'val_rate': 1000, 'opt_lr': 0.1, 'opt_wt': 0.1, 'alpha_init': 0.001, 'momentum': 0.0, 'learn_lr': False, 'sync_update': False, 'grad_clip_norm': 5.0, 'meta_batches': 3, 'use_old_task_memory': False, 'second_order': False, 'n_memories': 5120, 'memory_strength': 1, 'memory_loss_lambda': 1.0, 'steps_per_sample': 1, 'bgd_optimizer': 'sgd', 'optimizer_params': '{}', 'train_mc_iters': 5, 'std_init': 0.05, 'mean_eta': 1, 'fisher_gamma': 0.95, 'rln': 7, 'meta_lr': 0.001, 'update_lr': 0.1, 'ctx_lr': 0.05, 'n_meta': 1, 'temperature': 5.0, 'task_emb': 64, 'noise_label': 54, 'classes_per_task': [5, 6, 5, 6, 6, 5, 5, 5, 6, 5], 'get_samples_per_task': <bound method IncrementalLoader.get_samples_per_task of <dataloaders.class_incremental_loader.IncrementalLoader object at 0x7a2499333110>>, 'task_epoch_schedule': {}} # val: 0.177 0.143 -0.034 0.000 # sizes: model_gb=0.0289 mem_gb=0.0158 # 10919.491225481033
[STATE 2026-05-31 03:34:15] results.pt components (approx): state_dict 29.6 MB, result_val_t 0.1 KB, result_val_a 0.8 KB
[STATE 2026-05-31 03:34:15] Results saved; total runtime 3.03h
Total runtime: 3.03 hours
