[STATE 2026-05-30 11:59:58] Enabling terminal logging to logs//si/full-tasks_CIL_all-2026-05-30_11-59-58-3879/55/terminal.log
New Experiment Starting...
Running model:  si
[STATE 2026-05-30 11:59:58] Experiment 'full-tasks_CIL_all' starting with model 'si' (seed 55)
Set seed 55
[STATE 2026-05-30 11:59:58] Runtime accel: cudnn.benchmark=False amp=True amp_dtype=bfloat16
t2-rcn.npz train: x=(50362, 1024), y=(50362, 2)
t2-rcn.npz test: x=(16787, 1024), y=(16787, 2)
t2-rcn.npz: applied data scaling mode 'normalize'.
Loaded t2-rcn.npz: Unique train labels: UniqueCountsResult(values=array([-1,  3,  5, 10, 12, 15]), counts=array([24209,  5770,  3030,  2320,  7509,  7524]))
Noise labels ratio in t2-rcn.npz train: 0.24, test: 0.24
Loaded t2-rcn.npz: Remapped labels: [-1  0  1  2  3  4]. Size: 50362)
t0-rcn.npz train: x=(51916, 1024), y=(51916, 2)
t0-rcn.npz test: x=(17305, 1024), y=(17305, 2)
t0-rcn.npz: applied data scaling mode 'normalize'.
Loaded t0-rcn.npz: Unique train labels: UniqueCountsResult(values=array([-1,  1,  8,  9, 11, 13, 14]), counts=array([24225,  4268,  2495,  2943,  3015,  7464,  7506]))
Noise labels ratio in t0-rcn.npz train: 0.23, test: 0.23
Loaded t0-rcn.npz: Remapped labels: [-1  5  6  7  8  9 10]. Size: 51916)
t2-uclresm-25noise.npz train: moved sample axis (3, 350028, 1024) -> (350028, 3, 1024)
t2-uclresm-25noise.npz test: moved sample axis (3, 233351, 1024) -> (233351, 3, 1024)
t2-uclresm-25noise.npz train: x=(350028, 3, 1024), y=(350028,)
t2-uclresm-25noise.npz test: x=(233351, 3, 1024), y=(233351,)
t2-uclresm-25noise.npz: applied data scaling mode 'normalize'.
Loaded t2-uclresm-25noise.npz: Unique train labels: UniqueCountsResult(values=array([-1,  0,  1,  2,  3,  4]), counts=array([87441, 27347, 71754, 64298, 36005, 63183]))
Noise labels ratio in t2-uclresm-25noise.npz train: 0.25, test: 0.25
Loaded t2-uclresm-25noise.npz: Remapped labels: [-1 11 12 13 14 15]. Size: 350028)
t0-deeprad.npz train: x=(24480, 1024), y=(24480, 2)
t0-deeprad.npz test: x=(8160, 1024), y=(8160, 2)
t0-deeprad.npz: applied data scaling mode 'normalize'.
Loaded t0-deeprad.npz: Unique train labels: UniqueCountsResult(values=array([-1,  0,  1,  2,  3,  4,  5]), counts=array([12240,  2029,  1983,  2043,  2154,  2015,  2016]))
Noise labels ratio in t0-deeprad.npz train: 0.25, test: 0.25
Loaded t0-deeprad.npz: Remapped labels: [-1 16 17 18 19 20 21]. Size: 24480)
t1-deeprad.npz train: x=(24480, 1024), y=(24480, 2)
t1-deeprad.npz test: x=(8160, 1024), y=(8160, 2)
t1-deeprad.npz: applied data scaling mode 'normalize'.
Loaded t1-deeprad.npz: Unique train labels: UniqueCountsResult(values=array([-1,  0,  1,  2,  3,  4,  5]), counts=array([12240,  1988,  2029,  2054,  1988,  2053,  2128]))
Noise labels ratio in t1-deeprad.npz train: 0.25, test: 0.25
Loaded t1-deeprad.npz: Remapped labels: [-1 22 23 24 25 26 27]. Size: 24480)
t1-uclresm-25noise.npz train: moved sample axis (3, 201410, 1024) -> (201410, 3, 1024)
t1-uclresm-25noise.npz test: moved sample axis (3, 116291, 1024) -> (116291, 3, 1024)
t1-uclresm-25noise.npz train: x=(201410, 3, 1024), y=(201410,)
t1-uclresm-25noise.npz test: x=(116291, 3, 1024), y=(116291,)
t1-uclresm-25noise.npz: applied data scaling mode 'normalize'.
Loaded t1-uclresm-25noise.npz: Unique train labels: UniqueCountsResult(values=array([-1,  0,  1,  2,  3,  4]), counts=array([43668, 18021, 17838, 18087, 31870, 71926]))
Noise labels ratio in t1-uclresm-25noise.npz train: 0.22, test: 0.25
Loaded t1-uclresm-25noise.npz: Remapped labels: [-1 28 29 30 31 32]. Size: 201410)
t3-deeprad.npz train: x=(17340, 1024), y=(17340, 2)
t3-deeprad.npz test: x=(6800, 1024), y=(6800, 2)
t3-deeprad.npz: applied data scaling mode 'normalize'.
Loaded t3-deeprad.npz: Unique train labels: UniqueCountsResult(values=array([-1,  0,  1,  2,  3,  4]), counts=array([8670, 1693, 1677, 1794, 1716, 1790]))
Noise labels ratio in t3-deeprad.npz train: 0.25, test: 0.25
Loaded t3-deeprad.npz: Remapped labels: [-1 33 34 35 36 37]. Size: 17340)
t0-uclresm-25noise.npz train: moved sample axis (3, 188050, 1024) -> (188050, 3, 1024)
t0-uclresm-25noise.npz test: moved sample axis (3, 107348, 1024) -> (107348, 3, 1024)
t0-uclresm-25noise.npz train: x=(188050, 3, 1024), y=(188050,)
t0-uclresm-25noise.npz test: x=(107348, 3, 1024), y=(107348,)
t0-uclresm-25noise.npz: applied data scaling mode 'normalize'.
Loaded t0-uclresm-25noise.npz: Unique train labels: UniqueCountsResult(values=array([-1,  0,  1,  2,  3,  4]), counts=array([40144, 32109, 17978, 17979, 18098, 61742]))
Noise labels ratio in t0-uclresm-25noise.npz train: 0.21, test: 0.25
Loaded t0-uclresm-25noise.npz: Remapped labels: [-1 38 39 40 41 42]. Size: 188050)
t1-rcn.npz train: x=(36658, 1024), y=(36658, 2)
t1-rcn.npz test: x=(12220, 1024), y=(12220, 2)
t1-rcn.npz: applied data scaling mode 'normalize'.
Loaded t1-rcn.npz: Unique train labels: UniqueCountsResult(values=array([-1,  0,  2,  4,  6,  7, 16]), counts=array([20595,   824,  2087,  2606,  2396,  1716,  6434]))
Noise labels ratio in t1-rcn.npz train: 0.28, test: 0.28
Loaded t1-rcn.npz: Remapped labels: [-1 43 44 45 46 47 48]. Size: 36658)
t2-deeprad.npz train: x=(17340, 1024), y=(17340, 2)
t2-deeprad.npz test: x=(6800, 1024), y=(6800, 2)
t2-deeprad.npz: applied data scaling mode 'normalize'.
Loaded t2-deeprad.npz: Unique train labels: UniqueCountsResult(values=array([-1,  0,  1,  2,  3,  4]), counts=array([8670, 1774, 1675, 1777, 1694, 1750]))
Noise labels ratio in t2-deeprad.npz train: 0.25, test: 0.25
Loaded t2-deeprad.npz: Remapped labels: [-1 49 50 51 52 53]. Size: 17340)
Built IQ classes_per_task (increments): [5, 6, 5, 6, 6, 5, 5, 5, 6, 5]
Classes per task: [5, 6, 5, 6, 6, 5, 5, 5, 6, 5]
[STATE 2026-05-30 12:01:13] Loader 'class_incremental_loader' ready: 1024 inputs, 55 outputs, 10 tasks
n_outputs: 55 	n_tasks: 10
[STATE 2026-05-30 12:01:13] Logging to logs//si/full-tasks_CIL_all-2026-05-30_11-59-58-3879/55
True
Model device: cuda:0
[STATE 2026-05-30 12:01:14] Model initialized on device cuda:0
[STATE 2026-05-30 12:01:14] Invoking continual life experience flow
[STATE 2026-05-30 12:01:14] Life experience start: 10 tasks queued
[STATE 2026-05-30 12:01:14] Legacy epoch behavior enabled: using n_epochs=1 for all tasks
[STATE 2026-05-30 12:01:14] Task 0: zero-shot validation (pre-train)
---- Zero-shot (pre-train) task 0: rec_cls 0.1915 | prec_cls 0.1194 | f1_cls 0.0546 | det 0.4998 | pfa 0.9999 | total_f1 0.0546 ----
[STATE 2026-05-30 12:01:20] Starting task 0 (1/10)
[STATE 2026-05-30 12:01:20] Task 0 Epoch 1/1: entering train loop
[STATE 2026-05-30 12:02:04] Task 0 Epoch 1/1: running validation (end of epoch)
---- Eval at Epoch 0: cls [0.6608938937838521] | det_recall [0.8593976046348057] | det_fa [0.2511714950566551] ----
T0 Ep 1/1 | L 1.3646 | Train Acc 0.41 | Prec 0.45 | F1 0.39 | Det Rec 0.74 | Det FA 0.38 | Epoch Time 48.46s (Eval 5.23s, Train 43.23s)
[STATE 2026-05-30 12:02:09] T0 Ep 1/1 complete: Prec 0.4541 F1 0.3895 DetRec 0.7431 DetFA 0.3783 | 48.46s total (5.23s eval/43.23s train)
[STATE 2026-05-30 12:02:09] Task 0: running final validation.
Saved task checkpoint: logs//si/full-tasks_CIL_all-2026-05-30_11-59-58-3879/55/checkpoints/task_0.pt
[STATE 2026-05-30 12:02:14] Saved task checkpoint to logs//si/full-tasks_CIL_all-2026-05-30_11-59-58-3879/55/checkpoints/task_0.pt
[STATE 2026-05-30 12:02:14] Completed task 0 (1/10)
[STATE 2026-05-30 12:02:14] Task 1: zero-shot validation (pre-train)
---- Zero-shot (pre-train) task 1: rec_cls 0.2779 | prec_cls 0.1905 | f1_cls 0.2270 | det 0.7826 | pfa 0.3360 | total_f1 0.4234 ----
[STATE 2026-05-30 12:02:30] Starting task 1 (2/10)
[STATE 2026-05-30 12:02:30] Task 1 Epoch 1/1: entering train loop
[STATE 2026-05-30 12:03:15] Task 1 Epoch 1/1: running validation (end of epoch)
---- Eval at Epoch 0: cls [0.07063272513197867, 0.21312985210183996] | det_recall [0.5505442939910199, 0.6518818483781265] | det_fa [0.0, 0.5833822962711444] ----
T1 Ep 1/1 | L 1.3116 | Train Acc 0.47 | Prec 0.49 | F1 0.36 | Det Rec 0.63 | Det FA 0.68 | Epoch Time 60.07s (Eval 15.89s, Train 44.17s)
[STATE 2026-05-30 12:03:31] T1 Ep 1/1 complete: Prec 0.4929 F1 0.3594 DetRec 0.6256 DetFA 0.6801 | 60.07s total (15.89s eval/44.17s train)
[STATE 2026-05-30 12:03:31] Task 1: running final validation.
Saved task checkpoint: logs//si/full-tasks_CIL_all-2026-05-30_11-59-58-3879/55/checkpoints/task_1.pt
[STATE 2026-05-30 12:03:47] Saved task checkpoint to logs//si/full-tasks_CIL_all-2026-05-30_11-59-58-3879/55/checkpoints/task_1.pt
[STATE 2026-05-30 12:03:47] Completed task 1 (2/10)
Note: Unified mixed IQ test tensors to (N, 3, L) via ADC0 I/Q + zero-padded ADC1/2 (IID2-style) for cumulative CIL.
[STATE 2026-05-30 12:03:48] Task 2: zero-shot validation (pre-train)
---- Zero-shot (pre-train) task 2: rec_cls 0.0653 | prec_cls 0.0090 | f1_cls 0.0355 | det 0.6299 | pfa 0.6458 | total_f1 0.1291 ----
[STATE 2026-05-30 12:05:07] Starting task 2 (3/10)
[STATE 2026-05-30 12:05:07] Task 2 Epoch 1/1: entering train loop
[STATE 2026-05-30 12:10:09] Task 2 Epoch 1/1: running validation (end of epoch)
---- Eval at Epoch 0: cls [0.0, 0.0, 0.08499788617380283] | det_recall [0.5, 0.5, 0.6481259013797747] | det_fa [0.0, 0.0, 0.603025976968131] ----
T2 Ep 1/1 | L 1.4796 | Train Acc 0.32 | Prec 0.33 | F1 0.35 | Det Rec 0.76 | Det FA 0.42 | Epoch Time 381.48s (Eval 79.47s, Train 302.00s)
[STATE 2026-05-30 12:11:28] T2 Ep 1/1 complete: Prec 0.3272 F1 0.3530 DetRec 0.7594 DetFA 0.4247 | 381.48s total (79.47s eval/302.00s train)
[STATE 2026-05-30 12:11:28] Task 2: running final validation.
Saved task checkpoint: logs//si/full-tasks_CIL_all-2026-05-30_11-59-58-3879/55/checkpoints/task_2.pt
[STATE 2026-05-30 12:12:48] Saved task checkpoint to logs//si/full-tasks_CIL_all-2026-05-30_11-59-58-3879/55/checkpoints/task_2.pt
[STATE 2026-05-30 12:12:48] Completed task 2 (3/10)
Note: Unified mixed IQ test tensors to (N, 3, L) via ADC0 I/Q + zero-padded ADC1/2 (IID2-style) for cumulative CIL.
[STATE 2026-05-30 12:12:48] Task 3: zero-shot validation (pre-train)
---- Zero-shot (pre-train) task 3: rec_cls 0.0618 | prec_cls 0.0616 | f1_cls 0.0715 | det 0.6312 | pfa 0.6187 | total_f1 0.0830 ----
[STATE 2026-05-30 12:15:14] Starting task 3 (4/10)
[STATE 2026-05-30 12:15:14] Task 3 Epoch 1/1: entering train loop
[STATE 2026-05-30 12:15:34] Task 3 Epoch 1/1: running validation (end of epoch)
---- Eval at Epoch 0: cls [0.0002886002886002886, 0.007699123069121812, 0.017253137597197574, 0.0532574569396824] | det_recall [0.5000596516344548, 0.5104215821128172, 0.4964188846790288, 0.594735765545122] | det_fa [0.0, 0.0222231256291769, 0.19114291733985847, 0.5994981897105022] ----
T3 Ep 1/1 | L 1.4762 | Train Acc 0.45 | Prec 0.44 | F1 0.50 | Det Rec 0.98 | Det FA 0.04 | Epoch Time 166.92s (Eval 146.05s, Train 20.87s)
[STATE 2026-05-30 12:18:00] T3 Ep 1/1 complete: Prec 0.4425 F1 0.5016 DetRec 0.9760 DetFA 0.0403 | 166.92s total (146.05s eval/20.87s train)
[STATE 2026-05-30 12:18:00] Task 3: running final validation.
Saved task checkpoint: logs//si/full-tasks_CIL_all-2026-05-30_11-59-58-3879/55/checkpoints/task_3.pt
[STATE 2026-05-30 12:20:30] Saved task checkpoint to logs//si/full-tasks_CIL_all-2026-05-30_11-59-58-3879/55/checkpoints/task_3.pt
[STATE 2026-05-30 12:20:30] Completed task 3 (4/10)
Note: Unified mixed IQ test tensors to (N, 3, L) via ADC0 I/Q + zero-padded ADC1/2 (IID2-style) for cumulative CIL.
[STATE 2026-05-30 12:20:31] Task 4: zero-shot validation (pre-train)
---- Zero-shot (pre-train) task 4: rec_cls 0.0437 | prec_cls 0.0058 | f1_cls 0.0241 | det 0.5807 | pfa 0.6230 | total_f1 0.0544 ----
[STATE 2026-05-30 12:24:04] Starting task 4 (5/10)
[STATE 2026-05-30 12:24:04] Task 4 Epoch 1/1: entering train loop
[STATE 2026-05-30 12:24:25] Task 4 Epoch 1/1: running validation (end of epoch)
---- Eval at Epoch 0: cls [0.0, 0.008072919525286732, 0.0025871484326220016, 0.04054862792216013, 0.03136930638432495] | det_recall [0.5, 0.544783344418484, 0.5277880161146826, 0.5631792504076616, 0.5037958395498648] | det_fa [0.0, 0.027719778272456377, 0.1405217839575951, 0.25366135548231106, 0.5444392109337286] ----
T4 Ep 1/1 | L 1.6527 | Train Acc 0.28 | Prec 0.26 | F1 0.35 | Det Rec 0.99 | Det FA 0.01 | Epoch Time 234.21s (Eval 213.33s, Train 20.88s)
[STATE 2026-05-30 12:27:58] T4 Ep 1/1 complete: Prec 0.2564 F1 0.3461 DetRec 0.9935 DetFA 0.0130 | 234.21s total (213.33s eval/20.88s train)
[STATE 2026-05-30 12:27:58] Task 4: running final validation.
Saved task checkpoint: logs//si/full-tasks_CIL_all-2026-05-30_11-59-58-3879/55/checkpoints/task_4.pt
[STATE 2026-05-30 12:31:32] Saved task checkpoint to logs//si/full-tasks_CIL_all-2026-05-30_11-59-58-3879/55/checkpoints/task_4.pt
[STATE 2026-05-30 12:31:32] Completed task 4 (5/10)
Note: Unified mixed IQ test tensors to (N, 3, L) via ADC0 I/Q + zero-padded ADC1/2 (IID2-style) for cumulative CIL.
[STATE 2026-05-30 12:31:33] Task 5: zero-shot validation (pre-train)
---- Zero-shot (pre-train) task 5: rec_cls 0.0245 | prec_cls 0.0009 | f1_cls 0.0138 | det 0.5044 | pfa 0.5265 | total_f1 0.0427 ----
[STATE 2026-05-30 12:36:49] Starting task 5 (6/10)
[STATE 2026-05-30 12:36:49] Task 5 Epoch 1/1: entering train loop
[STATE 2026-05-30 12:39:52] Task 5 Epoch 1/1: running validation (end of epoch)
---- Eval at Epoch 0: cls [0.0, 0.0, 0.003965446045471039, 0.002392027995569309, 0.0019578758117040794, 0.0726564640872121] | det_recall [0.5, 0.5, 0.5091721683094905, 0.5096895478833035, 0.5100241250446891, 0.5469353350510237] | det_fa [0.0, 0.0, 0.0006202006882392228, 0.0006522877239105607, 0.0008023326597043831, 0.825693238527462] ----
T5 Ep 1/1 | L 1.1799 | Train Acc 0.53 | Prec 0.53 | F1 0.52 | Det Rec 0.79 | Det FA 0.36 | Epoch Time 495.72s (Eval 312.31s, Train 183.41s)
[STATE 2026-05-30 12:45:05] T5 Ep 1/1 complete: Prec 0.5279 F1 0.5165 DetRec 0.7915 DetFA 0.3600 | 495.72s total (312.31s eval/183.41s train)
[STATE 2026-05-30 12:45:05] Task 5: running final validation.
Saved task checkpoint: logs//si/full-tasks_CIL_all-2026-05-30_11-59-58-3879/55/checkpoints/task_5.pt
[STATE 2026-05-30 12:50:17] Saved task checkpoint to logs//si/full-tasks_CIL_all-2026-05-30_11-59-58-3879/55/checkpoints/task_5.pt
[STATE 2026-05-30 12:50:17] Completed task 5 (6/10)
Note: Unified mixed IQ test tensors to (N, 3, L) via ADC0 I/Q + zero-padded ADC1/2 (IID2-style) for cumulative CIL.
[STATE 2026-05-30 12:50:18] Task 6: zero-shot validation (pre-train)
---- Zero-shot (pre-train) task 6: rec_cls 0.0646 | prec_cls 0.0246 | f1_cls 0.0340 | det 0.5448 | pfa 0.8271 | total_f1 0.0452 ----
[STATE 2026-05-30 12:57:10] Starting task 6 (7/10)
[STATE 2026-05-30 12:57:10] Task 6 Epoch 1/1: entering train loop
[STATE 2026-05-30 12:57:25] Task 6 Epoch 1/1: running validation (end of epoch)
---- Eval at Epoch 0: cls [0.0, 0.0, 0.0, 0.0, 0.00010896951373141848, 0.005943606023059553, 0.03894100437183725] | det_recall [0.5, 0.5, 0.5, 0.5, 0.5060194679404094, 0.5060806337096213, 0.4756816186329329] | det_fa [0.0, 0.0, 0.0, 0.0, 0.01861482758582174, 0.10750235176331586, 0.523241885874695] ----
T6 Ep 1/1 | L 2.0833 | Train Acc 0.33 | Prec 0.28 | F1 0.39 | Det Rec 0.95 | Det FA 0.08 | Epoch Time 427.08s (Eval 412.22s, Train 14.86s)
[STATE 2026-05-30 13:04:17] T6 Ep 1/1 complete: Prec 0.2765 F1 0.3854 DetRec 0.9526 DetFA 0.0794 | 427.08s total (412.22s eval/14.86s train)
[STATE 2026-05-30 13:04:17] Task 6: running final validation.
Saved task checkpoint: logs//si/full-tasks_CIL_all-2026-05-30_11-59-58-3879/55/checkpoints/task_6.pt
[STATE 2026-05-30 13:11:09] Saved task checkpoint to logs//si/full-tasks_CIL_all-2026-05-30_11-59-58-3879/55/checkpoints/task_6.pt
[STATE 2026-05-30 13:11:09] Completed task 6 (7/10)
Note: Unified mixed IQ test tensors to (N, 3, L) via ADC0 I/Q + zero-padded ADC1/2 (IID2-style) for cumulative CIL.
[STATE 2026-05-30 13:11:11] Task 7: zero-shot validation (pre-train)
---- Zero-shot (pre-train) task 7: rec_cls 0.0297 | prec_cls 0.0223 | f1_cls 0.0138 | det 0.4873 | pfa 0.4864 | total_f1 0.0349 ----
[STATE 2026-05-30 13:20:12] Starting task 7 (8/10)
[STATE 2026-05-30 13:20:12] Task 7 Epoch 1/1: entering train loop
[STATE 2026-05-30 13:22:55] Task 7 Epoch 1/1: running validation (end of epoch)
---- Eval at Epoch 0: cls [0.0, 0.0, 0.00205779492285527, 0.001520678851998219, 0.0011730450604918279, 0.020664613441997926, 0.018587899661761307, 0.05738707220576748] | det_recall [0.5, 0.5, 0.5089779256551185, 0.5098738216384205, 0.5110794819088745, 0.5605710356898341, 0.560329897515801, 0.6269433553974573] | det_fa [0.0, 0.0, 8.155991233037873e-05, 0.0007247412167977733, 0.0027744402466550896, 0.0069247597661196494, 0.010063641839992348, 0.6630298574301035] ----
T7 Ep 1/1 | L 1.1350 | Train Acc 0.54 | Prec 0.55 | F1 0.54 | Det Rec 0.79 | Det FA 0.34 | Epoch Time 703.70s (Eval 541.35s, Train 162.35s)
[STATE 2026-05-30 13:31:56] T7 Ep 1/1 complete: Prec 0.5530 F1 0.5364 DetRec 0.7910 DetFA 0.3383 | 703.70s total (541.35s eval/162.35s train)
[STATE 2026-05-30 13:31:56] Task 7: running final validation.
Saved task checkpoint: logs//si/full-tasks_CIL_all-2026-05-30_11-59-58-3879/55/checkpoints/task_7.pt
[STATE 2026-05-30 13:40:58] Saved task checkpoint to logs//si/full-tasks_CIL_all-2026-05-30_11-59-58-3879/55/checkpoints/task_7.pt
[STATE 2026-05-30 13:40:58] Completed task 7 (8/10)
Note: Unified mixed IQ test tensors to (N, 3, L) via ADC0 I/Q + zero-padded ADC1/2 (IID2-style) for cumulative CIL.
[STATE 2026-05-30 13:40:59] Task 8: zero-shot validation (pre-train)
---- Zero-shot (pre-train) task 8: rec_cls 0.0509 | prec_cls 0.0098 | f1_cls 0.0233 | det 0.6140 | pfa 0.6874 | total_f1 0.0394 ----
[STATE 2026-05-30 13:52:15] Starting task 8 (9/10)
[STATE 2026-05-30 13:52:15] Task 8 Epoch 1/1: entering train loop
[STATE 2026-05-30 13:52:46] Task 8 Epoch 1/1: running validation (end of epoch)
---- Eval at Epoch 0: cls [0.0, 0.0, 0.0, 0.0, 0.0, 0.00033567003941826384, 0.0003551232742157351, 0.0013302845358983124, 0.011443542424516647] | det_recall [0.5, 0.5, 0.5, 0.5, 0.5001885862135758, 0.5004297423438276, 0.5049058976633463, 0.5052929422625245, 0.5948640786138066] | det_fa [0.0, 0.0, 0.0, 0.0, 1.5425671402347786e-05, 0.0, 0.010712293297607142, 0.010858708564341582, 0.5544172006422369] ----
T8 Ep 1/1 | L 2.0100 | Train Acc 0.43 | Prec 0.41 | F1 0.35 | Det Rec 0.74 | Det FA 0.45 | Epoch Time 706.04s (Eval 674.74s, Train 31.30s)
[STATE 2026-05-30 14:04:01] T8 Ep 1/1 complete: Prec 0.4104 F1 0.3499 DetRec 0.7448 DetFA 0.4466 | 706.04s total (674.74s eval/31.30s train)
[STATE 2026-05-30 14:04:01] Task 8: running final validation.
Saved task checkpoint: logs//si/full-tasks_CIL_all-2026-05-30_11-59-58-3879/55/checkpoints/task_8.pt
[STATE 2026-05-30 14:15:15] Saved task checkpoint to logs//si/full-tasks_CIL_all-2026-05-30_11-59-58-3879/55/checkpoints/task_8.pt
[STATE 2026-05-30 14:15:15] Completed task 8 (9/10)
Note: Unified mixed IQ test tensors to (N, 3, L) via ADC0 I/Q + zero-padded ADC1/2 (IID2-style) for cumulative CIL.
[STATE 2026-05-30 14:15:17] Task 9: zero-shot validation (pre-train)
---- Zero-shot (pre-train) task 9: rec_cls 0.0118 | prec_cls 0.0006 | f1_cls 0.0109 | det 0.5842 | pfa 0.5685 | total_f1 0.0299 ----
[STATE 2026-05-30 14:28:47] Starting task 9 (10/10)
[STATE 2026-05-30 14:28:47] Task 9 Epoch 1/1: entering train loop
[STATE 2026-05-30 14:29:01] Task 9 Epoch 1/1: running validation (end of epoch)
---- Eval at Epoch 0: cls [0.0, 0.0, 2.7454006470237108e-05, 3.468838401046475e-05, 0.0, 0.0015662112077886663, 0.0005641195382233737, 0.006444980631103019, 0.015965873696765533, 0.01397678369393644] | det_recall [0.5, 0.5000845179432004, 0.5003096283559915, 0.5007224361677667, 0.5254040287155674, 0.5231626297146356, 0.5277303629471061, 0.5264087197735224, 0.47273577676838474, 0.49478136393852845] | det_fa [0.0, 0.0, 0.00021924211043658961, 0.0009134408871729981, 0.07905640000282185, 0.09131694760267053, 0.10382308327578366, 0.13075919917626277, 0.39925599565203795, 0.5373889683864993] ----
T9 Ep 1/1 | L 2.0932 | Train Acc 0.27 | Prec 0.27 | F1 0.36 | Det Rec 0.99 | Det FA 0.01 | Epoch Time 829.80s (Eval 815.01s, Train 14.79s)
[STATE 2026-05-30 14:42:36] T9 Ep 1/1 complete: Prec 0.2694 F1 0.3649 DetRec 0.9899 DetFA 0.0139 | 829.80s total (815.01s eval/14.79s train)
[STATE 2026-05-30 14:42:36] Task 9: running final validation.
Saved task checkpoint: logs//si/full-tasks_CIL_all-2026-05-30_11-59-58-3879/55/checkpoints/task_9.pt
[STATE 2026-05-30 14:57:11] Saved task checkpoint to logs//si/full-tasks_CIL_all-2026-05-30_11-59-58-3879/55/checkpoints/task_9.pt
[STATE 2026-05-30 14:57:11] Completed task 9 (10/10)
####Final Validation Accuracy####
Final Results:- 
 Total Recall: 0.0038254859020384743 
 Individual Recall: [0.0, 0.0, 2.6464463871670773e-05, 1.944921630395719e-05, 0.0, 0.0013920788073361072, 0.000497298394533668, 0.006589564765542386, 0.015583601856891309, 0.01414640151590565]
Final Detection Results:- 
 Total Detection: 0.5071355706584213 
 Individual Detection: [0.5, 0.5000844437489095, 0.5004067209924326, 0.5008537408452856, 0.5256490724310314, 0.5230928584326718, 0.527710865024099, 0.5264671313499334, 0.47257462033174175, 0.49451625342810784]
Final Detection False Alarm:- 
 Total False Alarm: 0.13433432343540658 
 Individual False Alarm: [0.0, 0.0, 0.0001966464928521595, 0.0005665629601796173, 0.0786931495617817, 0.09110062211711892, 0.10399359579744503, 0.1308552072487921, 0.3997656972778485, 0.5381717528980476]
SUMMARY_TR cls_rec=0.2746 cls_prec=0.2694 cls_f1=0.3649 det=0.5071 fa=0.1343
SUMMARY_TE cls_rec=0.0038 cls_prec=0.0016 cls_f1=0.0300 det=0.5071 fa=0.1343
[STATE 2026-05-30 14:57:12] Saving results to logs//si/full-tasks_CIL_all-2026-05-30_11-59-58-3879/55/results
Model size: 0.0289 GB
Memory buffer size: 0.0000 GB
logs//si/full-tasks_CIL_all-2026-05-30_11-59-58-3879/55/results: {'expt_name': 'full-tasks_CIL_all', 'model': 'si', 'arch': 'resnet1d', 'n_hiddens': 100, 'n_layers': 2, 'xav_init': False, 'debug': False, 'use_detector_arch': False, 'use_groupnorm': False, 'inner_steps': 2, 'n_epochs': 1, 'batch_size': 256, 'replay_batch_size': 128, 'memories': 5120, 'lr': 0.001, 'optimizer': 'sgd', 'prune_perc': 0.75, 'post_prune_epochs': 0, 'class_weighted_ce': True, 'cuda': True, 'amp': True, 'amp_dtype': 'bfloat16', 'cudnn_benchmark': True, 'seed': 55, 'log_every': 10, 'log_dir': 'logs//si/full-tasks_CIL_all-2026-05-30_11-59-58-3879/55', 'tf_dir': 'logs//si/full-tasks_CIL_all-2026-05-30_11-59-58-3879/55/tfdir', 'calc_test_accuracy': False, 'state_logging': True, 'data_path': 'data/rff/radar/full', 'task_order_files': 't2-rcn,t0-rcn,t2-uclresm-25noise,t0-deeprad,t1-deeprad,t1-uclresm-25noise,t3-deeprad,t0-uclresm-25noise,t1-rcn,t2-deeprad', 'loader': 'class_incremental_loader', 'samples_per_task': -1, 'task_order_seed': None, 'classes_per_it': 6, 'iterations': 5000, 'dataset': 'iq', 'workers': 0, 'validation': 0.5, 'data_scaling': 'normalize', 'use_iq_aug_features': False, 'iq_aug_feature_type': 'power', 'class_order': 'random', 'increment': 5, 'test_batch_size': 512, 'nc_per_task': None, 'nc_per_task_list': '', 'val_rate': 1000, 'opt_lr': 0.1, 'opt_wt': 0.1, 'alpha_init': 0.001, 'momentum': 0.0, 'learn_lr': False, 'sync_update': False, 'grad_clip_norm': 5.0, 'meta_batches': 3, 'use_old_task_memory': False, 'second_order': False, 'n_memories': 5120, 'memory_strength': 0, 'memory_loss_lambda': 1.0, 'steps_per_sample': 1, 'bgd_optimizer': 'sgd', 'optimizer_params': '{}', 'train_mc_iters': 5, 'std_init': 0.05, 'mean_eta': 1, 'fisher_gamma': 0.95, 'rln': 7, 'meta_lr': 0.001, 'update_lr': 0.1, 'ctx_lr': 0.05, 'n_meta': 1, 'temperature': 5.0, 'task_emb': 64, 'noise_label': 54, 'classes_per_task': [5, 6, 5, 6, 6, 5, 5, 5, 6, 5], 'get_samples_per_task': <bound method IncrementalLoader.get_samples_per_task of <dataloaders.class_incremental_loader.IncrementalLoader object at 0x757c0debd100>>, 'task_epoch_schedule': {}} # val: 0.123 0.004 -0.120 0.000 # sizes: model_gb=0.0289 mem_gb=0.0000 # 10557.699533224106
[STATE 2026-05-30 14:57:12] results.pt components (approx): state_dict 88.7 MB, result_val_t 0.1 KB, result_val_a 0.8 KB
[STATE 2026-05-30 14:57:12] Results saved; total runtime 2.93h
Total runtime: 2.93 hours
