[STATE 2026-05-30 14:57:16] Enabling terminal logging to logs//lwf/full-tasks_CIL_all-2026-05-30_14-57-16-0644/55/terminal.log
New Experiment Starting...
Running model:  lwf
[STATE 2026-05-30 14:57:16] Experiment 'full-tasks_CIL_all' starting with model 'lwf' (seed 55)
Set seed 55
[STATE 2026-05-30 14:57:16] Runtime accel: cudnn.benchmark=False amp=True amp_dtype=bfloat16
t2-rcn.npz train: x=(50362, 1024), y=(50362, 2)
t2-rcn.npz test: x=(16787, 1024), y=(16787, 2)
t2-rcn.npz: applied data scaling mode 'normalize'.
Loaded t2-rcn.npz: Unique train labels: UniqueCountsResult(values=array([-1,  3,  5, 10, 12, 15]), counts=array([24209,  5770,  3030,  2320,  7509,  7524]))
Noise labels ratio in t2-rcn.npz train: 0.24, test: 0.24
Loaded t2-rcn.npz: Remapped labels: [-1  0  1  2  3  4]. Size: 50362)
t0-rcn.npz train: x=(51916, 1024), y=(51916, 2)
t0-rcn.npz test: x=(17305, 1024), y=(17305, 2)
t0-rcn.npz: applied data scaling mode 'normalize'.
Loaded t0-rcn.npz: Unique train labels: UniqueCountsResult(values=array([-1,  1,  8,  9, 11, 13, 14]), counts=array([24225,  4268,  2495,  2943,  3015,  7464,  7506]))
Noise labels ratio in t0-rcn.npz train: 0.23, test: 0.23
Loaded t0-rcn.npz: Remapped labels: [-1  5  6  7  8  9 10]. Size: 51916)
t2-uclresm-25noise.npz train: moved sample axis (3, 350028, 1024) -> (350028, 3, 1024)
t2-uclresm-25noise.npz test: moved sample axis (3, 233351, 1024) -> (233351, 3, 1024)
t2-uclresm-25noise.npz train: x=(350028, 3, 1024), y=(350028,)
t2-uclresm-25noise.npz test: x=(233351, 3, 1024), y=(233351,)
t2-uclresm-25noise.npz: applied data scaling mode 'normalize'.
Loaded t2-uclresm-25noise.npz: Unique train labels: UniqueCountsResult(values=array([-1,  0,  1,  2,  3,  4]), counts=array([87441, 27347, 71754, 64298, 36005, 63183]))
Noise labels ratio in t2-uclresm-25noise.npz train: 0.25, test: 0.25
Loaded t2-uclresm-25noise.npz: Remapped labels: [-1 11 12 13 14 15]. Size: 350028)
t0-deeprad.npz train: x=(24480, 1024), y=(24480, 2)
t0-deeprad.npz test: x=(8160, 1024), y=(8160, 2)
t0-deeprad.npz: applied data scaling mode 'normalize'.
Loaded t0-deeprad.npz: Unique train labels: UniqueCountsResult(values=array([-1,  0,  1,  2,  3,  4,  5]), counts=array([12240,  2029,  1983,  2043,  2154,  2015,  2016]))
Noise labels ratio in t0-deeprad.npz train: 0.25, test: 0.25
Loaded t0-deeprad.npz: Remapped labels: [-1 16 17 18 19 20 21]. Size: 24480)
t1-deeprad.npz train: x=(24480, 1024), y=(24480, 2)
t1-deeprad.npz test: x=(8160, 1024), y=(8160, 2)
t1-deeprad.npz: applied data scaling mode 'normalize'.
Loaded t1-deeprad.npz: Unique train labels: UniqueCountsResult(values=array([-1,  0,  1,  2,  3,  4,  5]), counts=array([12240,  1988,  2029,  2054,  1988,  2053,  2128]))
Noise labels ratio in t1-deeprad.npz train: 0.25, test: 0.25
Loaded t1-deeprad.npz: Remapped labels: [-1 22 23 24 25 26 27]. Size: 24480)
t1-uclresm-25noise.npz train: moved sample axis (3, 201410, 1024) -> (201410, 3, 1024)
t1-uclresm-25noise.npz test: moved sample axis (3, 116291, 1024) -> (116291, 3, 1024)
t1-uclresm-25noise.npz train: x=(201410, 3, 1024), y=(201410,)
t1-uclresm-25noise.npz test: x=(116291, 3, 1024), y=(116291,)
t1-uclresm-25noise.npz: applied data scaling mode 'normalize'.
Loaded t1-uclresm-25noise.npz: Unique train labels: UniqueCountsResult(values=array([-1,  0,  1,  2,  3,  4]), counts=array([43668, 18021, 17838, 18087, 31870, 71926]))
Noise labels ratio in t1-uclresm-25noise.npz train: 0.22, test: 0.25
Loaded t1-uclresm-25noise.npz: Remapped labels: [-1 28 29 30 31 32]. Size: 201410)
t3-deeprad.npz train: x=(17340, 1024), y=(17340, 2)
t3-deeprad.npz test: x=(6800, 1024), y=(6800, 2)
t3-deeprad.npz: applied data scaling mode 'normalize'.
Loaded t3-deeprad.npz: Unique train labels: UniqueCountsResult(values=array([-1,  0,  1,  2,  3,  4]), counts=array([8670, 1693, 1677, 1794, 1716, 1790]))
Noise labels ratio in t3-deeprad.npz train: 0.25, test: 0.25
Loaded t3-deeprad.npz: Remapped labels: [-1 33 34 35 36 37]. Size: 17340)
t0-uclresm-25noise.npz train: moved sample axis (3, 188050, 1024) -> (188050, 3, 1024)
t0-uclresm-25noise.npz test: moved sample axis (3, 107348, 1024) -> (107348, 3, 1024)
t0-uclresm-25noise.npz train: x=(188050, 3, 1024), y=(188050,)
t0-uclresm-25noise.npz test: x=(107348, 3, 1024), y=(107348,)
t0-uclresm-25noise.npz: applied data scaling mode 'normalize'.
Loaded t0-uclresm-25noise.npz: Unique train labels: UniqueCountsResult(values=array([-1,  0,  1,  2,  3,  4]), counts=array([40144, 32109, 17978, 17979, 18098, 61742]))
Noise labels ratio in t0-uclresm-25noise.npz train: 0.21, test: 0.25
Loaded t0-uclresm-25noise.npz: Remapped labels: [-1 38 39 40 41 42]. Size: 188050)
t1-rcn.npz train: x=(36658, 1024), y=(36658, 2)
t1-rcn.npz test: x=(12220, 1024), y=(12220, 2)
t1-rcn.npz: applied data scaling mode 'normalize'.
Loaded t1-rcn.npz: Unique train labels: UniqueCountsResult(values=array([-1,  0,  2,  4,  6,  7, 16]), counts=array([20595,   824,  2087,  2606,  2396,  1716,  6434]))
Noise labels ratio in t1-rcn.npz train: 0.28, test: 0.28
Loaded t1-rcn.npz: Remapped labels: [-1 43 44 45 46 47 48]. Size: 36658)
t2-deeprad.npz train: x=(17340, 1024), y=(17340, 2)
t2-deeprad.npz test: x=(6800, 1024), y=(6800, 2)
t2-deeprad.npz: applied data scaling mode 'normalize'.
Loaded t2-deeprad.npz: Unique train labels: UniqueCountsResult(values=array([-1,  0,  1,  2,  3,  4]), counts=array([8670, 1774, 1675, 1777, 1694, 1750]))
Noise labels ratio in t2-deeprad.npz train: 0.25, test: 0.25
Loaded t2-deeprad.npz: Remapped labels: [-1 49 50 51 52 53]. Size: 17340)
Built IQ classes_per_task (increments): [5, 6, 5, 6, 6, 5, 5, 5, 6, 5]
Classes per task: [5, 6, 5, 6, 6, 5, 5, 5, 6, 5]
[STATE 2026-05-30 14:58:21] Loader 'class_incremental_loader' ready: 1024 inputs, 55 outputs, 10 tasks
n_outputs: 55 	n_tasks: 10
[STATE 2026-05-30 14:58:21] Logging to logs//lwf/full-tasks_CIL_all-2026-05-30_14-57-16-0644/55
True
Model device: cuda:0
[STATE 2026-05-30 14:58:22] Model initialized on device cuda:0
[STATE 2026-05-30 14:58:22] Invoking continual life experience flow
[STATE 2026-05-30 14:58:22] Life experience start: 10 tasks queued
[STATE 2026-05-30 14:58:22] Legacy epoch behavior enabled: using n_epochs=1 for all tasks
[STATE 2026-05-30 14:58:22] Task 0: zero-shot validation (pre-train)
---- Zero-shot (pre-train) task 0: rec_cls 0.1915 | prec_cls 0.1194 | f1_cls 0.0546 | det 0.4998 | pfa 0.9999 | total_f1 0.0546 ----
[STATE 2026-05-30 14:58:28] Starting task 0 (1/10)
[STATE 2026-05-30 14:58:28] Task 0 Epoch 1/1: entering train loop
[STATE 2026-05-30 14:59:14] Task 0 Epoch 1/1: running validation (end of epoch)
---- Eval at Epoch 0: cls [0.812115744482901] | det_recall [0.873539772563528] | det_fa [0.24018783997410587] ----
T0 Ep 1/1 | L 0.9967 | Train Acc 0.59 | Prec 0.61 | F1 0.42 | Det Rec 0.50 | Det FA 1.00 | Epoch Time 51.74s (Eval 6.32s, Train 45.42s)
[STATE 2026-05-30 14:59:20] T0 Ep 1/1 complete: Prec 0.6058 F1 0.4208 DetRec 0.5000 DetFA 1.0000 | 51.74s total (6.32s eval/45.42s train)
[STATE 2026-05-30 14:59:20] Task 0: running final validation.
Saved task checkpoint: logs//lwf/full-tasks_CIL_all-2026-05-30_14-57-16-0644/55/checkpoints/task_0.pt
[STATE 2026-05-30 14:59:26] Saved task checkpoint to logs//lwf/full-tasks_CIL_all-2026-05-30_14-57-16-0644/55/checkpoints/task_0.pt
[STATE 2026-05-30 14:59:26] Completed task 0 (1/10)
[STATE 2026-05-30 14:59:26] Task 1: zero-shot validation (pre-train)
---- Zero-shot (pre-train) task 1: rec_cls 0.3570 | prec_cls 0.2240 | f1_cls 0.2698 | det 0.7896 | pfa 0.3292 | total_f1 0.5098 ----
[STATE 2026-05-30 14:59:45] Starting task 1 (2/10)
[STATE 2026-05-30 14:59:45] Task 1 Epoch 1/1: entering train loop
[STATE 2026-05-30 15:00:49] Task 1 Epoch 1/1: running validation (end of epoch)
---- Eval at Epoch 0: cls [0.7647247035952917, 0.4608377377255195] | det_recall [0.8608665845312812, 0.553312893912608] | det_fa [0.27099049351352716, 0.8850282547678533] ----
T1 Ep 1/1 | L 1.3870 | Train Acc 0.00 | Prec 0.00 | F1 0.00 | Det Rec 0.50 | Det FA 1.00 | Epoch Time 82.93s (Eval 19.22s, Train 63.72s)
[STATE 2026-05-30 15:01:08] T1 Ep 1/1 complete: Prec 0.0037 F1 0.0013 DetRec 0.5000 DetFA 1.0000 | 82.93s total (19.22s eval/63.72s train)
[STATE 2026-05-30 15:01:08] Task 1: running final validation.
Saved task checkpoint: logs//lwf/full-tasks_CIL_all-2026-05-30_14-57-16-0644/55/checkpoints/task_1.pt
[STATE 2026-05-30 15:01:28] Saved task checkpoint to logs//lwf/full-tasks_CIL_all-2026-05-30_14-57-16-0644/55/checkpoints/task_1.pt
[STATE 2026-05-30 15:01:28] Completed task 1 (2/10)
Note: Unified mixed IQ test tensors to (N, 3, L) via ADC0 I/Q + zero-padded ADC1/2 (IID2-style) for cumulative CIL.
[STATE 2026-05-30 15:01:29] Task 2: zero-shot validation (pre-train)
---- Zero-shot (pre-train) task 2: rec_cls 0.0653 | prec_cls 0.0092 | f1_cls 0.0084 | det 0.4975 | pfa 0.9996 | total_f1 0.3462 ----
[STATE 2026-05-30 15:03:07] Starting task 2 (3/10)
[STATE 2026-05-30 15:03:07] Task 2 Epoch 1/1: entering train loop
[STATE 2026-05-30 15:09:51] Task 2 Epoch 1/1: running validation (end of epoch)
---- Eval at Epoch 0: cls [0.7382268496947055, 0.41476995260341354, 0.1042167553743814] | det_recall [0.5526166048920694, 0.5012637809692831, 0.4999966689539849] | det_fa [0.8920462107190261, 0.9969733525322171, 1.0] ----
T2 Ep 1/1 | L 1.5126 | Train Acc 0.00 | Prec 0.00 | F1 0.00 | Det Rec 0.50 | Det FA 1.00 | Epoch Time 482.79s (Eval 78.32s, Train 404.46s)
[STATE 2026-05-30 15:11:09] T2 Ep 1/1 complete: Prec 0.0000 F1 0.0000 DetRec 0.5000 DetFA 1.0000 | 482.79s total (78.32s eval/404.46s train)
[STATE 2026-05-30 15:11:09] Task 2: running final validation.
Saved task checkpoint: logs//lwf/full-tasks_CIL_all-2026-05-30_14-57-16-0644/55/checkpoints/task_2.pt
[STATE 2026-05-30 15:12:28] Saved task checkpoint to logs//lwf/full-tasks_CIL_all-2026-05-30_14-57-16-0644/55/checkpoints/task_2.pt
[STATE 2026-05-30 15:12:28] Completed task 2 (3/10)
Note: Unified mixed IQ test tensors to (N, 3, L) via ADC0 I/Q + zero-padded ADC1/2 (IID2-style) for cumulative CIL.
[STATE 2026-05-30 15:12:29] Task 3: zero-shot validation (pre-train)
---- Zero-shot (pre-train) task 3: rec_cls 0.0758 | prec_cls 0.0887 | f1_cls 0.0413 | det 0.5000 | pfa 1.0000 | total_f1 0.2241 ----
[STATE 2026-05-30 15:14:53] Starting task 3 (4/10)
[STATE 2026-05-30 15:14:53] Task 3 Epoch 1/1: entering train loop
[STATE 2026-05-30 15:15:23] Task 3 Epoch 1/1: running validation (end of epoch)
---- Eval at Epoch 0: cls [0.7235227793147637, 0.42499721635309295, 0.06305058828763549, 0.08147253433836703] | det_recall [0.5028567516421116, 0.5003540538161735, 0.5, 0.5] | det_fa [0.9928277242848949, 0.9984655421393376, 1.0, 1.0] ----
T3 Ep 1/1 | L 1.4173 | Train Acc 0.00 | Prec 0.00 | F1 0.00 | Det Rec 0.50 | Det FA 1.00 | Epoch Time 210.06s (Eval 179.42s, Train 30.64s)
[STATE 2026-05-30 15:18:23] T3 Ep 1/1 complete: Prec 0.0000 F1 0.0000 DetRec 0.5000 DetFA 1.0000 | 210.06s total (179.42s eval/30.64s train)
[STATE 2026-05-30 15:18:23] Task 3: running final validation.
Saved task checkpoint: logs//lwf/full-tasks_CIL_all-2026-05-30_14-57-16-0644/55/checkpoints/task_3.pt
[STATE 2026-05-30 15:21:21] Saved task checkpoint to logs//lwf/full-tasks_CIL_all-2026-05-30_14-57-16-0644/55/checkpoints/task_3.pt
[STATE 2026-05-30 15:21:21] Completed task 3 (4/10)
Note: Unified mixed IQ test tensors to (N, 3, L) via ADC0 I/Q + zero-padded ADC1/2 (IID2-style) for cumulative CIL.
[STATE 2026-05-30 15:21:21] Task 4: zero-shot validation (pre-train)
---- Zero-shot (pre-train) task 4: rec_cls 0.0678 | prec_cls 0.0597 | f1_cls 0.0156 | det 0.5000 | pfa 1.0000 | total_f1 0.1637 ----
[STATE 2026-05-30 15:25:43] Starting task 4 (5/10)
[STATE 2026-05-30 15:25:43] Task 4 Epoch 1/1: entering train loop
[STATE 2026-05-30 15:26:14] Task 4 Epoch 1/1: running validation (end of epoch)
---- Eval at Epoch 0: cls [0.7038135658333776, 0.41681277950583434, 0.03609517096131739, 0.06792843166873275, 0.06744905311577337] | det_recall [0.5008861568938449, 0.5, 0.5, 0.5, 0.5] | det_fa [0.9980036150927166, 1.0, 1.0, 1.0, 1.0] ----
T4 Ep 1/1 | L 1.2639 | Train Acc 0.00 | Prec 0.00 | F1 0.00 | Det Rec 0.50 | Det FA 1.00 | Epoch Time 289.46s (Eval 258.35s, Train 31.11s)
[STATE 2026-05-30 15:30:33] T4 Ep 1/1 complete: Prec 0.0000 F1 0.0000 DetRec 0.5000 DetFA 1.0000 | 289.46s total (258.35s eval/31.11s train)
[STATE 2026-05-30 15:30:33] Task 4: running final validation.
Saved task checkpoint: logs//lwf/full-tasks_CIL_all-2026-05-30_14-57-16-0644/55/checkpoints/task_4.pt
[STATE 2026-05-30 15:34:05] Saved task checkpoint to logs//lwf/full-tasks_CIL_all-2026-05-30_14-57-16-0644/55/checkpoints/task_4.pt
[STATE 2026-05-30 15:34:05] Completed task 4 (5/10)
Note: Unified mixed IQ test tensors to (N, 3, L) via ADC0 I/Q + zero-padded ADC1/2 (IID2-style) for cumulative CIL.
[STATE 2026-05-30 15:34:06] Task 5: zero-shot validation (pre-train)
---- Zero-shot (pre-train) task 5: rec_cls 0.0358 | prec_cls 0.0313 | f1_cls 0.0141 | det 0.5000 | pfa 1.0000 | total_f1 0.1310 ----
[STATE 2026-05-30 15:39:15] Starting task 5 (6/10)
[STATE 2026-05-30 15:39:15] Task 5 Epoch 1/1: entering train loop
[STATE 2026-05-30 15:42:58] Task 5 Epoch 1/1: running validation (end of epoch)
---- Eval at Epoch 0: cls [0.6625765741231028, 0.37197566449641606, 0.03870395566732532, 0.0646207002685871, 0.05316034658946954, 0.07323856712368909] | det_recall [0.5028889389833721, 0.5001090188591896, 0.5, 0.5, 0.5, 0.5] | det_fa [0.9914482299689064, 0.9995185383967082, 1.0, 1.0, 1.0, 1.0] ----
T5 Ep 1/1 | L 1.1463 | Train Acc 0.00 | Prec 0.00 | F1 0.00 | Det Rec 0.50 | Det FA 1.00 | Epoch Time 533.46s (Eval 310.14s, Train 223.32s)
[STATE 2026-05-30 15:48:09] T5 Ep 1/1 complete: Prec 0.0000 F1 0.0000 DetRec 0.5000 DetFA 1.0000 | 533.46s total (310.14s eval/223.32s train)
[STATE 2026-05-30 15:48:09] Task 5: running final validation.
Saved task checkpoint: logs//lwf/full-tasks_CIL_all-2026-05-30_14-57-16-0644/55/checkpoints/task_5.pt
[STATE 2026-05-30 15:53:18] Saved task checkpoint to logs//lwf/full-tasks_CIL_all-2026-05-30_14-57-16-0644/55/checkpoints/task_5.pt
[STATE 2026-05-30 15:53:18] Completed task 5 (6/10)
Note: Unified mixed IQ test tensors to (N, 3, L) via ADC0 I/Q + zero-padded ADC1/2 (IID2-style) for cumulative CIL.
[STATE 2026-05-30 15:53:19] Task 6: zero-shot validation (pre-train)
---- Zero-shot (pre-train) task 6: rec_cls 0.0669 | prec_cls 0.0462 | f1_cls 0.0366 | det 0.5000 | pfa 1.0000 | total_f1 0.1115 ----
[STATE 2026-05-30 16:00:09] Starting task 6 (7/10)
[STATE 2026-05-30 16:00:09] Task 6 Epoch 1/1: entering train loop
[STATE 2026-05-30 16:00:30] Task 6 Epoch 1/1: running validation (end of epoch)
---- Eval at Epoch 0: cls [0.6517343896359943, 0.3848589044151015, 0.024155128853987445, 0.052874812964416484, 0.03755694360406371, 0.05604276506762981, 0.04268114763013231] | det_recall [0.5, 0.5, 0.5, 0.5, 0.5, 0.5, 0.5] | det_fa [1.0, 1.0, 1.0, 1.0, 1.0, 1.0, 1.0] ----
T6 Ep 1/1 | L 1.0834 | Train Acc 0.00 | Prec 0.00 | F1 0.00 | Det Rec 0.50 | Det FA 1.00 | Epoch Time 430.64s (Eval 409.91s, Train 20.74s)
[STATE 2026-05-30 16:07:20] T6 Ep 1/1 complete: Prec 0.0000 F1 0.0000 DetRec 0.5000 DetFA 1.0000 | 430.64s total (409.91s eval/20.74s train)
[STATE 2026-05-30 16:07:20] Task 6: running final validation.
Saved task checkpoint: logs//lwf/full-tasks_CIL_all-2026-05-30_14-57-16-0644/55/checkpoints/task_6.pt
[STATE 2026-05-30 16:14:10] Saved task checkpoint to logs//lwf/full-tasks_CIL_all-2026-05-30_14-57-16-0644/55/checkpoints/task_6.pt
[STATE 2026-05-30 16:14:10] Completed task 6 (7/10)
Note: Unified mixed IQ test tensors to (N, 3, L) via ADC0 I/Q + zero-padded ADC1/2 (IID2-style) for cumulative CIL.
[STATE 2026-05-30 16:14:12] Task 7: zero-shot validation (pre-train)
---- Zero-shot (pre-train) task 7: rec_cls 0.0441 | prec_cls 0.0275 | f1_cls 0.0234 | det 0.5000 | pfa 1.0000 | total_f1 0.0957 ----
[STATE 2026-05-30 16:23:10] Starting task 7 (8/10)
[STATE 2026-05-30 16:23:10] Task 7 Epoch 1/1: entering train loop
[STATE 2026-05-30 16:26:39] Task 7 Epoch 1/1: running validation (end of epoch)
---- Eval at Epoch 0: cls [0.6104739473917329, 0.3466147524028708, 0.03151305324392397, 0.059032822857277956, 0.04740734044641596, 0.05537012372935446, 0.0443314816089789, 0.061187197793004466] | det_recall [0.5006038735448368, 0.5003738202344096, 0.5, 0.5, 0.5, 0.5, 0.5, 0.5] | det_fa [0.9983505091225593, 0.999197486835834, 1.0, 1.0, 1.0, 1.0, 1.0, 1.0] ----
T7 Ep 1/1 | L 1.0701 | Train Acc 0.00 | Prec 0.00 | F1 0.00 | Det Rec 0.50 | Det FA 1.00 | Epoch Time 747.52s (Eval 538.93s, Train 208.59s)
[STATE 2026-05-30 16:35:37] T7 Ep 1/1 complete: Prec 0.0000 F1 0.0000 DetRec 0.5000 DetFA 1.0000 | 747.52s total (538.93s eval/208.59s train)
[STATE 2026-05-30 16:35:37] Task 7: running final validation.
Saved task checkpoint: logs//lwf/full-tasks_CIL_all-2026-05-30_14-57-16-0644/55/checkpoints/task_7.pt
[STATE 2026-05-30 16:45:25] Saved task checkpoint to logs//lwf/full-tasks_CIL_all-2026-05-30_14-57-16-0644/55/checkpoints/task_7.pt
[STATE 2026-05-30 16:45:25] Completed task 7 (8/10)
Note: Unified mixed IQ test tensors to (N, 3, L) via ADC0 I/Q + zero-padded ADC1/2 (IID2-style) for cumulative CIL.
[STATE 2026-05-30 16:45:26] Task 8: zero-shot validation (pre-train)
---- Zero-shot (pre-train) task 8: rec_cls 0.0521 | prec_cls 0.0338 | f1_cls 0.0267 | det 0.5000 | pfa 1.0000 | total_f1 0.0836 ----
[STATE 2026-05-30 16:59:18] Starting task 8 (9/10)
[STATE 2026-05-30 16:59:18] Task 8 Epoch 1/1: entering train loop
[STATE 2026-05-30 17:00:03] Task 8 Epoch 1/1: running validation (end of epoch)
---- Eval at Epoch 0: cls [0.5718701154681415, 0.28681806428073325, 0.008387765296262699, 0.04624744617897664, 0.03885683004544432, 0.035663684738935206, 0.03105052871233407, 0.036875181293165214, 0.031590383250170724] | det_recall [0.5015946819532497, 0.5012533726284617, 0.5, 0.5, 0.5, 0.5, 0.5, 0.5, 0.5] | det_fa [0.9945979313533863, 0.99420346205856, 1.0, 1.0, 1.0, 1.0, 1.0, 1.0, 1.0] ----
T8 Ep 1/1 | L 1.1474 | Train Acc 0.00 | Prec 0.00 | F1 0.00 | Det Rec 0.50 | Det FA 1.00 | Epoch Time 789.00s (Eval 743.43s, Train 45.57s)
[STATE 2026-05-30 17:12:27] T8 Ep 1/1 complete: Prec 0.0000 F1 0.0000 DetRec 0.5000 DetFA 1.0000 | 789.00s total (743.43s eval/45.57s train)
[STATE 2026-05-30 17:12:27] Task 8: running final validation.
Saved task checkpoint: logs//lwf/full-tasks_CIL_all-2026-05-30_14-57-16-0644/55/checkpoints/task_8.pt
[STATE 2026-05-30 17:26:22] Saved task checkpoint to logs//lwf/full-tasks_CIL_all-2026-05-30_14-57-16-0644/55/checkpoints/task_8.pt
[STATE 2026-05-30 17:26:22] Completed task 8 (9/10)
Note: Unified mixed IQ test tensors to (N, 3, L) via ADC0 I/Q + zero-padded ADC1/2 (IID2-style) for cumulative CIL.
[STATE 2026-05-30 17:26:24] Task 9: zero-shot validation (pre-train)
---- Zero-shot (pre-train) task 9: rec_cls 0.0302 | prec_cls 0.0304 | f1_cls 0.0167 | det 0.5000 | pfa 1.0000 | total_f1 0.0634 ----
[STATE 2026-05-30 17:41:50] Starting task 9 (10/10)
[STATE 2026-05-30 17:41:50] Task 9 Epoch 1/1: entering train loop
[STATE 2026-05-30 17:42:11] Task 9 Epoch 1/1: running validation (end of epoch)
---- Eval at Epoch 0: cls [0.5443637481911779, 0.2679917306302531, 0.011729334956262879, 0.046716384779590815, 0.03820551459931494, 0.034612650169241976, 0.029430531479588275, 0.03279855989295419, 0.028993644710207742, 0.027873047841586195] | det_recall [0.5019742543562141, 0.501786347775328, 0.5, 0.5, 0.5, 0.5, 0.5, 0.5, 0.5, 0.5] | det_fa [0.993402081136993, 0.9925170412810872, 1.0, 1.0, 1.0, 1.0, 1.0, 1.0, 1.0, 1.0] ----
T9 Ep 1/1 | L 1.1655 | Train Acc 0.00 | Prec 0.00 | F1 0.00 | Det Rec 0.50 | Det FA 1.00 | Epoch Time 825.35s (Eval 804.59s, Train 20.76s)
[STATE 2026-05-30 17:55:36] T9 Ep 1/1 complete: Prec 0.0000 F1 0.0000 DetRec 0.5000 DetFA 1.0000 | 825.35s total (804.59s eval/20.76s train)
[STATE 2026-05-30 17:55:36] Task 9: running final validation.
Saved task checkpoint: logs//lwf/full-tasks_CIL_all-2026-05-30_14-57-16-0644/55/checkpoints/task_9.pt
[STATE 2026-05-30 18:09:02] Saved task checkpoint to logs//lwf/full-tasks_CIL_all-2026-05-30_14-57-16-0644/55/checkpoints/task_9.pt
[STATE 2026-05-30 18:09:02] Completed task 9 (10/10)
####Final Validation Accuracy####
Final Results:- 
 Total Recall: 0.10708980355379001 
 Individual Recall: [0.5479419285862485, 0.2696027505604177, 0.011681071060442617, 0.04846626375369011, 0.039907614585262666, 0.03508422899804132, 0.02945778264486587, 0.03219603146047259, 0.028414856561860134, 0.02814550732659861]
Final Detection Results:- 
 Total Detection: 0.500320999472769 
 Individual Detection: [0.5017522935125306, 0.5014577012151591, 0.5, 0.5, 0.5, 0.5, 0.5, 0.5, 0.5, 0.5]
Final Detection False Alarm:- 
 Total False Alarm: 0.9987718856911265 
 Individual False Alarm: [0.9944382825415822, 0.9932805743696822, 1.0, 1.0, 1.0, 1.0, 1.0, 1.0, 1.0, 1.0]
SUMMARY_TR cls_rec=0.0000 cls_prec=0.0000 cls_f1=0.0000 det=0.5004 fa=0.9986
SUMMARY_TE cls_rec=0.1071 cls_prec=0.1144 cls_f1=0.0595 det=0.5003 fa=0.9988
[STATE 2026-05-30 18:09:02] Saving results to logs//lwf/full-tasks_CIL_all-2026-05-30_14-57-16-0644/55/results
Model size: 0.0577 GB
Memory buffer size: 0.0000 GB
logs//lwf/full-tasks_CIL_all-2026-05-30_14-57-16-0644/55/results: {'expt_name': 'full-tasks_CIL_all', 'model': 'lwf', 'arch': 'resnet1d', 'n_hiddens': 100, 'n_layers': 2, 'xav_init': False, 'debug': False, 'use_detector_arch': False, 'use_groupnorm': False, 'inner_steps': 2, 'n_epochs': 1, 'batch_size': 256, 'replay_batch_size': 128, 'memories': 5120, 'lr': 0.003, 'optimizer': 'sgd', 'prune_perc': 0.75, 'post_prune_epochs': 0, 'class_weighted_ce': True, 'cuda': True, 'amp': True, 'amp_dtype': 'bfloat16', 'cudnn_benchmark': True, 'seed': 55, 'log_every': 10, 'log_dir': 'logs//lwf/full-tasks_CIL_all-2026-05-30_14-57-16-0644/55', 'tf_dir': 'logs//lwf/full-tasks_CIL_all-2026-05-30_14-57-16-0644/55/tfdir', 'calc_test_accuracy': False, 'state_logging': True, 'data_path': 'data/rff/radar/full', 'task_order_files': 't2-rcn,t0-rcn,t2-uclresm-25noise,t0-deeprad,t1-deeprad,t1-uclresm-25noise,t3-deeprad,t0-uclresm-25noise,t1-rcn,t2-deeprad', 'loader': 'class_incremental_loader', 'samples_per_task': -1, 'task_order_seed': None, 'classes_per_it': 6, 'iterations': 5000, 'dataset': 'iq', 'workers': 0, 'validation': 0.5, 'data_scaling': 'normalize', 'use_iq_aug_features': False, 'iq_aug_feature_type': 'power', 'class_order': 'random', 'increment': 5, 'test_batch_size': 512, 'nc_per_task': None, 'nc_per_task_list': '', 'val_rate': 1000, 'opt_lr': 0.1, 'opt_wt': 0.1, 'alpha_init': 0.001, 'momentum': 0.0, 'learn_lr': False, 'sync_update': False, 'grad_clip_norm': 5.0, 'meta_batches': 3, 'use_old_task_memory': False, 'second_order': False, 'n_memories': 5120, 'memory_strength': 0, 'memory_loss_lambda': 1.0, 'steps_per_sample': 1, 'bgd_optimizer': 'sgd', 'optimizer_params': '{}', 'train_mc_iters': 5, 'std_init': 0.05, 'mean_eta': 1, 'fisher_gamma': 0.95, 'rln': 7, 'meta_lr': 0.001, 'update_lr': 0.1, 'ctx_lr': 0.05, 'n_meta': 1, 'temperature': 5.0, 'task_emb': 64, 'noise_label': 54, 'classes_per_task': [5, 6, 5, 6, 6, 5, 5, 5, 6, 5], 'get_samples_per_task': <bound method IncrementalLoader.get_samples_per_task of <dataloaders.class_incremental_loader.IncrementalLoader object at 0x768bc22c5100>>, 'task_epoch_schedule': {}} # val: 0.176 0.107 -0.069 0.000 # sizes: model_gb=0.0577 mem_gb=0.0000 # 11439.984900474548
[STATE 2026-05-30 18:09:02] results.pt components (approx): state_dict 59.2 MB, result_val_t 0.1 KB, result_val_a 0.8 KB
[STATE 2026-05-30 18:09:02] Results saved; total runtime 3.18h
Total runtime: 3.18 hours
