[STATE 2026-05-30 11:59:58] Enabling terminal logging to logs//smaml/full-tasks_CIL_all-2026-05-30_11-59-58-3882/55/terminal.log
New Experiment Starting...
Running model:  lamaml_cifar
[STATE 2026-05-30 11:59:58] Experiment 'full-tasks_CIL_all' starting with model 'lamaml_cifar' (seed 55)
Set seed 55
[STATE 2026-05-30 11:59:58] Runtime accel: cudnn.benchmark=False amp=True amp_dtype=bfloat16
t2-rcn.npz train: x=(50362, 1024), y=(50362, 2)
t2-rcn.npz test: x=(16787, 1024), y=(16787, 2)
t2-rcn.npz: applied data scaling mode 'normalize'.
Loaded t2-rcn.npz: Unique train labels: UniqueCountsResult(values=array([-1,  3,  5, 10, 12, 15]), counts=array([24209,  5770,  3030,  2320,  7509,  7524]))
Noise labels ratio in t2-rcn.npz train: 0.24, test: 0.24
Loaded t2-rcn.npz: Remapped labels: [-1  0  1  2  3  4]. Size: 50362)
t0-rcn.npz train: x=(51916, 1024), y=(51916, 2)
t0-rcn.npz test: x=(17305, 1024), y=(17305, 2)
t0-rcn.npz: applied data scaling mode 'normalize'.
Loaded t0-rcn.npz: Unique train labels: UniqueCountsResult(values=array([-1,  1,  8,  9, 11, 13, 14]), counts=array([24225,  4268,  2495,  2943,  3015,  7464,  7506]))
Noise labels ratio in t0-rcn.npz train: 0.23, test: 0.23
Loaded t0-rcn.npz: Remapped labels: [-1  5  6  7  8  9 10]. Size: 51916)
t2-uclresm-25noise.npz train: moved sample axis (3, 350028, 1024) -> (350028, 3, 1024)
t2-uclresm-25noise.npz test: moved sample axis (3, 233351, 1024) -> (233351, 3, 1024)
t2-uclresm-25noise.npz train: x=(350028, 3, 1024), y=(350028,)
t2-uclresm-25noise.npz test: x=(233351, 3, 1024), y=(233351,)
t2-uclresm-25noise.npz: applied data scaling mode 'normalize'.
Loaded t2-uclresm-25noise.npz: Unique train labels: UniqueCountsResult(values=array([-1,  0,  1,  2,  3,  4]), counts=array([87441, 27347, 71754, 64298, 36005, 63183]))
Noise labels ratio in t2-uclresm-25noise.npz train: 0.25, test: 0.25
Loaded t2-uclresm-25noise.npz: Remapped labels: [-1 11 12 13 14 15]. Size: 350028)
t0-deeprad.npz train: x=(24480, 1024), y=(24480, 2)
t0-deeprad.npz test: x=(8160, 1024), y=(8160, 2)
t0-deeprad.npz: applied data scaling mode 'normalize'.
Loaded t0-deeprad.npz: Unique train labels: UniqueCountsResult(values=array([-1,  0,  1,  2,  3,  4,  5]), counts=array([12240,  2029,  1983,  2043,  2154,  2015,  2016]))
Noise labels ratio in t0-deeprad.npz train: 0.25, test: 0.25
Loaded t0-deeprad.npz: Remapped labels: [-1 16 17 18 19 20 21]. Size: 24480)
t1-deeprad.npz train: x=(24480, 1024), y=(24480, 2)
t1-deeprad.npz test: x=(8160, 1024), y=(8160, 2)
t1-deeprad.npz: applied data scaling mode 'normalize'.
Loaded t1-deeprad.npz: Unique train labels: UniqueCountsResult(values=array([-1,  0,  1,  2,  3,  4,  5]), counts=array([12240,  1988,  2029,  2054,  1988,  2053,  2128]))
Noise labels ratio in t1-deeprad.npz train: 0.25, test: 0.25
Loaded t1-deeprad.npz: Remapped labels: [-1 22 23 24 25 26 27]. Size: 24480)
t1-uclresm-25noise.npz train: moved sample axis (3, 201410, 1024) -> (201410, 3, 1024)
t1-uclresm-25noise.npz test: moved sample axis (3, 116291, 1024) -> (116291, 3, 1024)
t1-uclresm-25noise.npz train: x=(201410, 3, 1024), y=(201410,)
t1-uclresm-25noise.npz test: x=(116291, 3, 1024), y=(116291,)
t1-uclresm-25noise.npz: applied data scaling mode 'normalize'.
Loaded t1-uclresm-25noise.npz: Unique train labels: UniqueCountsResult(values=array([-1,  0,  1,  2,  3,  4]), counts=array([43668, 18021, 17838, 18087, 31870, 71926]))
Noise labels ratio in t1-uclresm-25noise.npz train: 0.22, test: 0.25
Loaded t1-uclresm-25noise.npz: Remapped labels: [-1 28 29 30 31 32]. Size: 201410)
t3-deeprad.npz train: x=(17340, 1024), y=(17340, 2)
t3-deeprad.npz test: x=(6800, 1024), y=(6800, 2)
t3-deeprad.npz: applied data scaling mode 'normalize'.
Loaded t3-deeprad.npz: Unique train labels: UniqueCountsResult(values=array([-1,  0,  1,  2,  3,  4]), counts=array([8670, 1693, 1677, 1794, 1716, 1790]))
Noise labels ratio in t3-deeprad.npz train: 0.25, test: 0.25
Loaded t3-deeprad.npz: Remapped labels: [-1 33 34 35 36 37]. Size: 17340)
t0-uclresm-25noise.npz train: moved sample axis (3, 188050, 1024) -> (188050, 3, 1024)
t0-uclresm-25noise.npz test: moved sample axis (3, 107348, 1024) -> (107348, 3, 1024)
t0-uclresm-25noise.npz train: x=(188050, 3, 1024), y=(188050,)
t0-uclresm-25noise.npz test: x=(107348, 3, 1024), y=(107348,)
t0-uclresm-25noise.npz: applied data scaling mode 'normalize'.
Loaded t0-uclresm-25noise.npz: Unique train labels: UniqueCountsResult(values=array([-1,  0,  1,  2,  3,  4]), counts=array([40144, 32109, 17978, 17979, 18098, 61742]))
Noise labels ratio in t0-uclresm-25noise.npz train: 0.21, test: 0.25
Loaded t0-uclresm-25noise.npz: Remapped labels: [-1 38 39 40 41 42]. Size: 188050)
t1-rcn.npz train: x=(36658, 1024), y=(36658, 2)
t1-rcn.npz test: x=(12220, 1024), y=(12220, 2)
t1-rcn.npz: applied data scaling mode 'normalize'.
Loaded t1-rcn.npz: Unique train labels: UniqueCountsResult(values=array([-1,  0,  2,  4,  6,  7, 16]), counts=array([20595,   824,  2087,  2606,  2396,  1716,  6434]))
Noise labels ratio in t1-rcn.npz train: 0.28, test: 0.28
Loaded t1-rcn.npz: Remapped labels: [-1 43 44 45 46 47 48]. Size: 36658)
t2-deeprad.npz train: x=(17340, 1024), y=(17340, 2)
t2-deeprad.npz test: x=(6800, 1024), y=(6800, 2)
t2-deeprad.npz: applied data scaling mode 'normalize'.
Loaded t2-deeprad.npz: Unique train labels: UniqueCountsResult(values=array([-1,  0,  1,  2,  3,  4]), counts=array([8670, 1774, 1675, 1777, 1694, 1750]))
Noise labels ratio in t2-deeprad.npz train: 0.25, test: 0.25
Loaded t2-deeprad.npz: Remapped labels: [-1 49 50 51 52 53]. Size: 17340)
Built IQ classes_per_task (increments): [5, 6, 5, 6, 6, 5, 5, 5, 6, 5]
Classes per task: [5, 6, 5, 6, 6, 5, 5, 5, 6, 5]
[STATE 2026-05-30 12:01:13] Loader 'class_incremental_loader' ready: 1024 inputs, 55 outputs, 10 tasks
n_outputs: 55 	n_tasks: 10
[STATE 2026-05-30 12:01:13] Logging to logs//smaml/full-tasks_CIL_all-2026-05-30_11-59-58-3882/55
True
Model device: cuda:0
[STATE 2026-05-30 12:01:14] Model initialized on device cuda:0
[STATE 2026-05-30 12:01:14] Invoking continual life experience flow
[STATE 2026-05-30 12:01:14] Life experience start: 10 tasks queued
[STATE 2026-05-30 12:01:14] Legacy epoch behavior enabled: using n_epochs=1 for all tasks
[STATE 2026-05-30 12:01:14] Task 0: zero-shot validation (pre-train)
---- Zero-shot (pre-train) task 0: rec_cls 0.1915 | prec_cls 0.1194 | f1_cls 0.0546 | det 0.4998 | pfa 0.9999 | total_f1 0.0546 ----
[STATE 2026-05-30 12:01:20] Starting task 0 (1/10)
[STATE 2026-05-30 12:01:20] Task 0 Epoch 1/1: entering train loop
[STATE 2026-05-30 12:17:56] Task 0 Epoch 1/1: running validation (end of epoch)
---- Eval at Epoch 0: cls [0.7334425819318363] | det_recall [0.8911167105933767] | det_fa [0.14553826328706732] ----
T0 Ep 1/1 | L 0.7508 | Train Acc 0.49 | Prec 0.53 | F1 0.48 | Det Rec 0.81 | Det FA 0.29 | Epoch Time 1001.37s (Eval 6.29s, Train 995.08s)
[STATE 2026-05-30 12:18:02] T0 Ep 1/1 complete: Prec 0.5305 F1 0.4788 DetRec 0.8125 DetFA 0.2865 | 1001.37s total (6.29s eval/995.08s train)
[STATE 2026-05-30 12:18:02] Task 0: running final validation.
Saved task checkpoint: logs//smaml/full-tasks_CIL_all-2026-05-30_11-59-58-3882/55/checkpoints/task_0.pt
[STATE 2026-05-30 12:18:08] Saved task checkpoint to logs//smaml/full-tasks_CIL_all-2026-05-30_11-59-58-3882/55/checkpoints/task_0.pt
[STATE 2026-05-30 12:18:08] Completed task 0 (1/10)
[STATE 2026-05-30 12:18:08] Task 1: zero-shot validation (pre-train)
---- Zero-shot (pre-train) task 1: rec_cls 0.3148 | prec_cls 0.2329 | f1_cls 0.2699 | det 0.7459 | pfa 0.3467 | total_f1 0.5189 ----
[STATE 2026-05-30 12:18:28] Starting task 1 (2/10)
[STATE 2026-05-30 12:18:28] Task 1 Epoch 1/1: entering train loop
[STATE 2026-05-30 12:36:29] Task 1 Epoch 1/1: running validation (end of epoch)
---- Eval at Epoch 0: cls [0.23864676681668417, 0.325444908667472] | det_recall [0.8376809905501988, 0.6901806218799916] | det_fa [0.04720992516962472, 0.42088034616745357] ----
T1 Ep 1/1 | L 0.6243 | Train Acc 0.47 | Prec 0.65 | F1 0.53 | Det Rec 0.80 | Det FA 0.24 | Epoch Time 1100.31s (Eval 19.09s, Train 1081.22s)
[STATE 2026-05-30 12:36:48] T1 Ep 1/1 complete: Prec 0.6549 F1 0.5291 DetRec 0.8022 DetFA 0.2443 | 1100.31s total (19.09s eval/1081.22s train)
[STATE 2026-05-30 12:36:48] Task 1: running final validation.
Saved task checkpoint: logs//smaml/full-tasks_CIL_all-2026-05-30_11-59-58-3882/55/checkpoints/task_1.pt
[STATE 2026-05-30 12:37:06] Saved task checkpoint to logs//smaml/full-tasks_CIL_all-2026-05-30_11-59-58-3882/55/checkpoints/task_1.pt
[STATE 2026-05-30 12:37:06] Completed task 1 (2/10)
Note: Unified mixed IQ test tensors to (N, 3, L) via ADC0 I/Q + zero-padded ADC1/2 (IID2-style) for cumulative CIL.
[STATE 2026-05-30 12:37:07] Task 2: zero-shot validation (pre-train)
---- Zero-shot (pre-train) task 2: rec_cls 0.0531 | prec_cls 0.0085 | f1_cls 0.0158 | det 0.4364 | pfa 0.8848 | total_f1 0.2263 ----
[STATE 2026-05-30 12:38:39] Starting task 2 (3/10)
[STATE 2026-05-30 12:38:39] Task 2 Epoch 1/1: entering train loop
[STATE 2026-05-30 14:42:10] Task 2 Epoch 1/1: running validation (end of epoch)
---- Eval at Epoch 0: cls [0.08128258945417766, 0.0982756236507334, 0.10285297268612097] | det_recall [0.5526766955743818, 0.6422890883764434, 0.6674574089024782] | det_fa [0.003105171551494417, 0.0759889597433968, 0.5720232646097888] ----
T2 Ep 1/1 | L 0.7733 | Train Acc 0.54 | Prec 0.59 | F1 0.56 | Det Rec 0.81 | Det FA 0.28 | Epoch Time 7507.12s (Eval 96.24s, Train 7410.88s)
[STATE 2026-05-30 14:43:46] T2 Ep 1/1 complete: Prec 0.5947 F1 0.5572 DetRec 0.8109 DetFA 0.2808 | 7507.12s total (96.24s eval/7410.88s train)
[STATE 2026-05-30 14:43:46] Task 2: running final validation.
Saved task checkpoint: logs//smaml/full-tasks_CIL_all-2026-05-30_11-59-58-3882/55/checkpoints/task_2.pt
[STATE 2026-05-30 14:45:23] Saved task checkpoint to logs//smaml/full-tasks_CIL_all-2026-05-30_11-59-58-3882/55/checkpoints/task_2.pt
[STATE 2026-05-30 14:45:23] Completed task 2 (3/10)
Note: Unified mixed IQ test tensors to (N, 3, L) via ADC0 I/Q + zero-padded ADC1/2 (IID2-style) for cumulative CIL.
[STATE 2026-05-30 14:45:23] Task 3: zero-shot validation (pre-train)
---- Zero-shot (pre-train) task 3: rec_cls 0.0712 | prec_cls 0.0711 | f1_cls 0.0833 | det 0.6497 | pfa 0.5866 | total_f1 0.1470 ----
[STATE 2026-05-30 14:48:20] Starting task 3 (4/10)
[STATE 2026-05-30 14:48:20] Task 3 Epoch 1/1: entering train loop
[STATE 2026-05-30 14:56:55] Task 3 Epoch 1/1: running validation (end of epoch)
---- Eval at Epoch 0: cls [0.25229192295046055, 0.15064135571069673, 0.08561565479162934, 0.1302144506041492] | det_recall [0.6469909705663065, 0.7159724527466362, 0.5013506268907117, 0.5005203838331398] | det_fa [0.005354564028441408, 0.05573815662206013, 0.9956893801309972, 0.9968420405810866] ----
T3 Ep 1/1 | L 0.9663 | Train Acc 0.12 | Prec 0.30 | F1 0.15 | Det Rec 0.52 | Det FA 0.93 | Epoch Time 668.54s (Eval 153.19s, Train 515.35s)
[STATE 2026-05-30 14:59:28] T3 Ep 1/1 complete: Prec 0.2998 F1 0.1455 DetRec 0.5186 DetFA 0.9263 | 668.54s total (153.19s eval/515.35s train)
[STATE 2026-05-30 14:59:28] Task 3: running final validation.
Saved task checkpoint: logs//smaml/full-tasks_CIL_all-2026-05-30_11-59-58-3882/55/checkpoints/task_3.pt
[STATE 2026-05-30 15:02:25] Saved task checkpoint to logs//smaml/full-tasks_CIL_all-2026-05-30_11-59-58-3882/55/checkpoints/task_3.pt
[STATE 2026-05-30 15:02:25] Completed task 3 (4/10)
Note: Unified mixed IQ test tensors to (N, 3, L) via ADC0 I/Q + zero-padded ADC1/2 (IID2-style) for cumulative CIL.
[STATE 2026-05-30 15:02:25] Task 4: zero-shot validation (pre-train)
---- Zero-shot (pre-train) task 4: rec_cls 0.1058 | prec_cls 0.0547 | f1_cls 0.0473 | det 0.5003 | pfa 0.9970 | total_f1 0.1578 ----
[STATE 2026-05-30 15:06:39] Starting task 4 (5/10)
[STATE 2026-05-30 15:06:39] Task 4 Epoch 1/1: entering train loop
[STATE 2026-05-30 15:14:58] Task 4 Epoch 1/1: running validation (end of epoch)
---- Eval at Epoch 0: cls [0.12756861446273213, 0.0945669312912492, 0.09194951917059148, 0.13691133804139766, 0.09940779517500865] | det_recall [0.5764029144997269, 0.6440155655007954, 0.6468816016841719, 0.6318928516839871, 0.615222717595749] | det_fa [0.0008640637397344019, 0.011281400898931608, 0.5286230664635704, 0.5551997673672519, 0.578732376670534] ----
T4 Ep 1/1 | L 0.8025 | Train Acc 0.26 | Prec 0.24 | F1 0.28 | Det Rec 0.85 | Det FA 0.29 | Epoch Time 761.77s (Eval 262.99s, Train 498.78s)
[STATE 2026-05-30 15:19:21] T4 Ep 1/1 complete: Prec 0.2391 F1 0.2840 DetRec 0.8518 DetFA 0.2947 | 761.77s total (262.99s eval/498.78s train)
[STATE 2026-05-30 15:19:21] Task 4: running final validation.
Saved task checkpoint: logs//smaml/full-tasks_CIL_all-2026-05-30_11-59-58-3882/55/checkpoints/task_4.pt
[STATE 2026-05-30 15:23:41] Saved task checkpoint to logs//smaml/full-tasks_CIL_all-2026-05-30_11-59-58-3882/55/checkpoints/task_4.pt
[STATE 2026-05-30 15:23:41] Completed task 4 (5/10)
Note: Unified mixed IQ test tensors to (N, 3, L) via ADC0 I/Q + zero-padded ADC1/2 (IID2-style) for cumulative CIL.
[STATE 2026-05-30 15:23:42] Task 5: zero-shot validation (pre-train)
---- Zero-shot (pre-train) task 5: rec_cls 0.0827 | prec_cls 0.0473 | f1_cls 0.0544 | det 0.5792 | pfa 0.6336 | total_f1 0.1342 ----
[STATE 2026-05-30 15:30:08] Starting task 5 (6/10)
[STATE 2026-05-30 15:30:08] Task 5 Epoch 1/1: entering train loop
[STATE 2026-05-30 16:41:12] Task 5 Epoch 1/1: running validation (end of epoch)
---- Eval at Epoch 0: cls [0.08346589345318194, 0.05451972332365637, 0.06522796753074865, 0.0412208846335794, 0.036146285285140925, 0.057282149044033774] | det_recall [0.5547725031928368, 0.6182552689669564, 0.5506768261151676, 0.5065027614155996, 0.5153160054557985, 0.5760228402069273] | det_fa [0.0057575448622766865, 0.04531732174519301, 0.6415740983960831, 0.9451610268866558, 0.9269494623241711, 0.8135850381483875] ----
T5 Ep 1/1 | L 0.5556 | Train Acc 0.49 | Prec 0.68 | F1 0.57 | Det Rec 0.84 | Det FA 0.26 | Epoch Time 4647.43s (Eval 383.32s, Train 4264.11s)
[STATE 2026-05-30 16:47:35] T5 Ep 1/1 complete: Prec 0.6825 F1 0.5655 DetRec 0.8426 DetFA 0.2613 | 4647.43s total (383.32s eval/4264.11s train)
[STATE 2026-05-30 16:47:35] Task 5: running final validation.
Saved task checkpoint: logs//smaml/full-tasks_CIL_all-2026-05-30_11-59-58-3882/55/checkpoints/task_5.pt
[STATE 2026-05-30 16:53:58] Saved task checkpoint to logs//smaml/full-tasks_CIL_all-2026-05-30_11-59-58-3882/55/checkpoints/task_5.pt
[STATE 2026-05-30 16:53:58] Completed task 5 (6/10)
Note: Unified mixed IQ test tensors to (N, 3, L) via ADC0 I/Q + zero-padded ADC1/2 (IID2-style) for cumulative CIL.
[STATE 2026-05-30 16:53:59] Task 6: zero-shot validation (pre-train)
---- Zero-shot (pre-train) task 6: rec_cls 0.0504 | prec_cls 0.0357 | f1_cls 0.0396 | det 0.5712 | pfa 0.8221 | total_f1 0.0764 ----
[STATE 2026-05-30 17:02:27] Starting task 6 (7/10)
[STATE 2026-05-30 17:02:27] Task 6 Epoch 1/1: entering train loop
[STATE 2026-05-30 17:08:35] Task 6 Epoch 1/1: running validation (end of epoch)
---- Eval at Epoch 0: cls [0.1731628215852707, 0.08602941029149061, 0.07462053757056897, 0.052347870248539305, 0.03798745088119675, 0.05895008722733038, 0.06272718510078097] | det_recall [0.6150322374013387, 0.6733533958460557, 0.5471336621565397, 0.5002063670054636, 0.4987267097820381, 0.5633497273689713, 0.5599992235273331] | det_fa [0.019672866245859233, 0.04755280993584878, 0.7338029795679455, 0.98831430700356, 0.9906943344300279, 0.8667183850410629, 0.8728605242813887] ----
T6 Ep 1/1 | L 0.8622 | Train Acc 0.03 | Prec 0.14 | F1 0.04 | Det Rec 0.50 | Det FA 1.00 | Epoch Time 875.40s (Eval 507.42s, Train 367.98s)
[STATE 2026-05-30 17:17:03] T6 Ep 1/1 complete: Prec 0.1402 F1 0.0357 DetRec 0.4971 DetFA 1.0000 | 875.40s total (507.42s eval/367.98s train)
[STATE 2026-05-30 17:17:03] Task 6: running final validation.
Saved task checkpoint: logs//smaml/full-tasks_CIL_all-2026-05-30_11-59-58-3882/55/checkpoints/task_6.pt
[STATE 2026-05-30 17:25:35] Saved task checkpoint to logs//smaml/full-tasks_CIL_all-2026-05-30_11-59-58-3882/55/checkpoints/task_6.pt
[STATE 2026-05-30 17:25:35] Completed task 6 (7/10)
Note: Unified mixed IQ test tensors to (N, 3, L) via ADC0 I/Q + zero-padded ADC1/2 (IID2-style) for cumulative CIL.
[STATE 2026-05-30 17:25:36] Task 7: zero-shot validation (pre-train)
---- Zero-shot (pre-train) task 7: rec_cls 0.0545 | prec_cls 0.0360 | f1_cls 0.0367 | det 0.5520 | pfa 0.8908 | total_f1 0.0837 ----
[STATE 2026-05-30 17:36:44] Starting task 7 (8/10)
[STATE 2026-05-30 17:36:44] Task 7 Epoch 1/1: entering train loop
[STATE 2026-05-30 18:26:36] Task 7 Epoch 1/1: running validation (end of epoch)
---- Eval at Epoch 0: cls [0.06582938371518021, 0.05753748854235239, 0.06726225551274494, 0.0872204241567983, 0.0660668154891923, 0.05023154589266271, 0.04473210140001837, 0.07673690864442871] | det_recall [0.538297563698246, 0.5988049708854124, 0.6141412601833186, 0.5958142359006386, 0.5867017399021868, 0.6512508157024761, 0.6479218772045487, 0.6416908482488536] | det_fa [0.006215799250094972, 0.05706476333574859, 0.3642066198452334, 0.4021924479814094, 0.4286601630454664, 0.6554963906727678, 0.659174508907832, 0.6875951946885499] ----
T7 Ep 1/1 | L 0.5103 | Train Acc 0.45 | Prec 0.82 | F1 0.58 | Det Rec 0.83 | Det FA 0.31 | Epoch Time 3512.65s (Eval 520.50s, Train 2992.15s)
[STATE 2026-05-30 18:35:17] T7 Ep 1/1 complete: Prec 0.8210 F1 0.5835 DetRec 0.8345 DetFA 0.3054 | 3512.65s total (520.50s eval/2992.15s train)
[STATE 2026-05-30 18:35:17] Task 7: running final validation.
Saved task checkpoint: logs//smaml/full-tasks_CIL_all-2026-05-30_11-59-58-3882/55/checkpoints/task_7.pt
[STATE 2026-05-30 18:43:59] Saved task checkpoint to logs//smaml/full-tasks_CIL_all-2026-05-30_11-59-58-3882/55/checkpoints/task_7.pt
[STATE 2026-05-30 18:43:59] Completed task 7 (8/10)
Note: Unified mixed IQ test tensors to (N, 3, L) via ADC0 I/Q + zero-padded ADC1/2 (IID2-style) for cumulative CIL.
[STATE 2026-05-30 18:44:00] Task 8: zero-shot validation (pre-train)
---- Zero-shot (pre-train) task 8: rec_cls 0.0659 | prec_cls 0.0279 | f1_cls 0.0393 | det 0.6360 | pfa 0.6971 | total_f1 0.0806 ----
[STATE 2026-05-30 18:54:38] Starting task 8 (9/10)
[STATE 2026-05-30 18:54:38] Task 8 Epoch 1/1: entering train loop
[STATE 2026-05-30 19:01:14] Task 8 Epoch 1/1: running validation (end of epoch)
---- Eval at Epoch 0: cls [0.08229860612824529, 0.07604370801658261, 0.026459287584800012, 0.020562981086420642, 0.017558218779522763, 0.05095628175135251, 0.04497315215131458, 0.05345863028798694, 0.04383576297258936] | det_recall [0.5494770083149397, 0.623018582630212, 0.4888063019001748, 0.47772788807189903, 0.4917944839706396, 0.6767478177175696, 0.6611525017994844, 0.6788174920660037, 0.6585152582675511] | det_fa [0.00011655011655011655, 0.00034897435459022637, 0.26996056538547847, 0.30089886534037047, 0.27846710487775994, 0.4675207657145247, 0.4933442635891449, 0.4521938111614731, 0.4886271975322872] ----
T8 Ep 1/1 | L 0.7778 | Train Acc 0.03 | Prec 0.16 | F1 0.14 | Det Rec 0.77 | Det FA 0.34 | Epoch Time 1030.86s (Eval 635.28s, Train 395.58s)
[STATE 2026-05-30 19:11:49] T8 Ep 1/1 complete: Prec 0.1611 F1 0.1390 DetRec 0.7686 DetFA 0.3429 | 1030.86s total (635.28s eval/395.58s train)
[STATE 2026-05-30 19:11:49] Task 8: running final validation.
Saved task checkpoint: logs//smaml/full-tasks_CIL_all-2026-05-30_11-59-58-3882/55/checkpoints/task_8.pt
[STATE 2026-05-30 19:22:25] Saved task checkpoint to logs//smaml/full-tasks_CIL_all-2026-05-30_11-59-58-3882/55/checkpoints/task_8.pt
[STATE 2026-05-30 19:22:25] Completed task 8 (9/10)
Note: Unified mixed IQ test tensors to (N, 3, L) via ADC0 I/Q + zero-padded ADC1/2 (IID2-style) for cumulative CIL.
[STATE 2026-05-30 19:22:26] Task 9: zero-shot validation (pre-train)
---- Zero-shot (pre-train) task 9: rec_cls 0.0394 | prec_cls 0.0526 | f1_cls 0.0351 | det 0.6471 | pfa 0.5055 | total_f1 0.0731 ----
[STATE 2026-05-30 19:35:13] Starting task 9 (10/10)
[STATE 2026-05-30 19:35:13] Task 9 Epoch 1/1: entering train loop
[STATE 2026-05-30 19:38:19] Task 9 Epoch 1/1: running validation (end of epoch)
---- Eval at Epoch 0: cls [0.08849208870988494, 0.07327667358856899, 0.02632971467066323, 0.040052500210167354, 0.026850086465749008, 0.04977015921409343, 0.04373450294438471, 0.061978936696028754, 0.05372684286528511, 0.05538538961422645] | det_recall [0.5472152342887197, 0.5928545443655209, 0.4929497612064645, 0.4667024679092044, 0.4439692396169587, 0.6753573065048208, 0.6661396574454885, 0.6785942312621287, 0.6646434242421361, 0.6592046470201796] | det_fa [0.0, 0.0028158555347764158, 0.2642461674300014, 0.3212928418253244, 0.3728682453388484, 0.5663944726729832, 0.5771259913831931, 0.5633258277743681, 0.5855815668199049, 0.590754990761816] ----
T9 Ep 1/1 | L 0.8041 | Train Acc 0.06 | Prec 0.14 | F1 0.19 | Det Rec 0.86 | Det FA 0.28 | Epoch Time 954.67s (Eval 768.73s, Train 185.94s)
[STATE 2026-05-30 19:51:08] T9 Ep 1/1 complete: Prec 0.1427 F1 0.1912 DetRec 0.8590 DetFA 0.2768 | 954.67s total (768.73s eval/185.94s train)
[STATE 2026-05-30 19:51:08] Task 9: running final validation.
Saved task checkpoint: logs//smaml/full-tasks_CIL_all-2026-05-30_11-59-58-3882/55/checkpoints/task_9.pt
[STATE 2026-05-30 20:04:04] Saved task checkpoint to logs//smaml/full-tasks_CIL_all-2026-05-30_11-59-58-3882/55/checkpoints/task_9.pt
[STATE 2026-05-30 20:04:04] Completed task 9 (10/10)
####Final Validation Accuracy####
Final Results:- 
 Total Recall: 0.05148617291263526 
 Individual Recall: [0.08701782212499536, 0.07139024284625971, 0.026071848578476494, 0.03971898956520726, 0.026473348732826852, 0.049526073452975015, 0.04365696399994216, 0.06248722844187949, 0.05397552615522393, 0.054543685228566355]
Final Detection Results:- 
 Total Detection: 0.5886272464982851 
 Individual Detection: [0.5470375771856923, 0.5928661801271691, 0.49219944007537764, 0.466360907041131, 0.4431916012907588, 0.6759414868701644, 0.6665869166814667, 0.6782850620367269, 0.6649038976403309, 0.6588993960340332]
Final Detection False Alarm:- 
 Total False Alarm: 0.38464564905300846 
 Individual False Alarm: [0.0001252191334835963, 0.002738921919565977, 0.265336699655468, 0.32227719532677745, 0.3727516890402657, 0.5658827592916679, 0.5770071957662821, 0.5637299839466818, 0.585149400849673, 0.5914574256002186]
SUMMARY_TR cls_rec=0.0627 cls_prec=0.1427 cls_f1=0.1912 det=0.5888 fa=0.3844
SUMMARY_TE cls_rec=0.0515 cls_prec=0.1486 cls_f1=0.0767 det=0.5886 fa=0.3846
[STATE 2026-05-30 20:04:04] Saving results to logs//smaml/full-tasks_CIL_all-2026-05-30_11-59-58-3882/55/results
Model size: 0.0289 GB
Memory buffer size: 0.0000 GB
logs//smaml/full-tasks_CIL_all-2026-05-30_11-59-58-3882/55/results: {'expt_name': 'full-tasks_CIL_all', 'model': 'lamaml_cifar', 'arch': 'resnet1d', 'n_hiddens': 100, 'n_layers': 2, 'xav_init': False, 'debug': False, 'use_detector_arch': False, 'use_groupnorm': False, 'inner_steps': 2, 'n_epochs': 1, 'batch_size': 256, 'replay_batch_size': 128, 'memories': 5120, 'lr': 0.001, 'optimizer': 'sgd', 'prune_perc': 0.75, 'post_prune_epochs': 0, 'class_weighted_ce': True, 'cuda': True, 'amp': True, 'amp_dtype': 'bfloat16', 'cudnn_benchmark': True, 'seed': 55, 'log_every': 10, 'log_dir': 'logs//smaml/full-tasks_CIL_all-2026-05-30_11-59-58-3882/55', 'tf_dir': 'logs//smaml/full-tasks_CIL_all-2026-05-30_11-59-58-3882/55/tfdir', 'calc_test_accuracy': False, 'state_logging': True, 'data_path': 'data/rff/radar/full', 'task_order_files': 't2-rcn,t0-rcn,t2-uclresm-25noise,t0-deeprad,t1-deeprad,t1-uclresm-25noise,t3-deeprad,t0-uclresm-25noise,t1-rcn,t2-deeprad', 'loader': 'class_incremental_loader', 'samples_per_task': -1, 'task_order_seed': None, 'classes_per_it': 6, 'iterations': 5000, 'dataset': 'iq', 'workers': 0, 'validation': 0.5, 'data_scaling': 'normalize', 'use_iq_aug_features': False, 'iq_aug_feature_type': 'power', 'class_order': 'random', 'increment': 5, 'test_batch_size': 512, 'nc_per_task': None, 'nc_per_task_list': '', 'val_rate': 1000, 'opt_lr': 0.3, 'opt_wt': 0.01, 'alpha_init': 0.01, 'momentum': 0.0, 'learn_lr': True, 'sync_update': True, 'grad_clip_norm': 5.0, 'meta_batches': 3, 'use_old_task_memory': False, 'second_order': True, 'n_memories': 5120, 'memory_strength': 0, 'memory_loss_lambda': 1.0, 'steps_per_sample': 1, 'bgd_optimizer': 'sgd', 'optimizer_params': '{}', 'train_mc_iters': 5, 'std_init': 0.05, 'mean_eta': 1, 'fisher_gamma': 0.95, 'rln': 7, 'meta_lr': 0.001, 'update_lr': 0.1, 'ctx_lr': 0.05, 'n_meta': 1, 'temperature': 5.0, 'task_emb': 64, 'noise_label': 54, 'classes_per_task': [5, 6, 5, 6, 6, 5, 5, 5, 6, 5], 'get_samples_per_task': <bound method IncrementalLoader.get_samples_per_task of <dataloaders.class_incremental_loader.IncrementalLoader object at 0x75d76ff4f140>>, 'task_epoch_schedule': {}} # val: 0.168 0.051 -0.117 0.000 # sizes: model_gb=0.0289 mem_gb=0.0000 # 28969.784224033356
[STATE 2026-05-30 20:04:04] results.pt components (approx): state_dict 29.6 MB, result_val_t 0.1 KB, result_val_a 0.8 KB
[STATE 2026-05-30 20:04:04] Results saved; total runtime 8.05h
Total runtime: 8.05 hours
