[2026-04-17T16:18:00+01:00] === full_experiments.sh started ===
[2026-04-17T16:18:00+01:00] REPO_ROOT=/home/lunet/wsmr11/repos/La-MAML
[2026-04-17T16:18:00+01:00] LOG_FILE=/home/lunet/wsmr11/repos/La-MAML/logs/full_experiments/run_20260417_161800_lnx-elkk-2/full_experiments_20260417_161800.log
[2026-04-17T16:18:00+01:00] INCLUDED_ALL=cmaml ewc
[2026-04-17T16:18:00+01:00] Activated la-maml_env
[2026-04-17T16:18:00+01:00] Using SERIAL_PROBE_JSON_PATH=logs/eta_probe/eta_probe_elkk-1-algos_10-iter_avg-util-2.json
[2026-04-17T16:18:00+01:00] Using SCHEDULE_JSON_PATH=logs/eta_probe/full_experiments_host_schedule_cil.json
[2026-04-17T16:18:00+01:00] HOST_KEY=lnx-elkk-2
[2026-04-17T16:18:00+01:00] MODEL_MODE=cil
[2026-04-17T16:18:00+01:00] Reusing existing schedule JSON.
[2026-04-17T16:18:00+01:00] Estimated time saved (parallel vs serial): 52.27774101036841%
[2026-04-17T16:18:00+01:00] QUEUE_HIGH count=1: ewc
[2026-04-17T16:18:00+01:00] QUEUE_LOW  count=1: cmaml
[2026-04-17T16:18:00+01:00] === Queue phase on lnx-elkk-2 (util high/low) ===
[2026-04-17T16:18:00+01:00] --- Dispatching: base + ewc + ewc.yaml (job log: /home/lunet/wsmr11/repos/La-MAML/logs/full_experiments/run_20260417_161800_lnx-elkk-2/job_logs/job_ewc_20260417_161800_258929110.log) ---
[2026-04-17T16:18:00+01:00] START ewc
[2026-04-17T16:18:00+01:00] --- Dispatching: base + cmaml + cmaml.yaml (job log: /home/lunet/wsmr11/repos/La-MAML/logs/full_experiments/run_20260417_161800_lnx-elkk-2/job_logs/job_cmaml_20260417_161800_264127774.log) ---
[2026-04-17T16:18:00+01:00] START cmaml
[2026-04-17T22:42:06+01:00] Completed: ewc (exit 0)
[2026-04-18T11:57:16+01:00] Completed: cmaml (exit 0)
[2026-04-18T11:57:17+01:00] === full_experiments.sh finished: successful_runs=2 unsuccessful_runs=0 total_runtime=19:39:17 (70757s) ===
