[STATE 2026-04-14 18:57:54] Enabling terminal logging to logs//rwalk/full-tasks-2_all-10epochs_weighted-loss-2026-04-14_18-57-54-2314/0/terminal.log
New Experiment Starting...
Running model:  rwalk
[STATE 2026-04-14 18:57:54] Experiment 'full-tasks-2_all-10epochs_weighted-loss' starting with model 'rwalk' (seed 0)
Set seed 0
t2-rcn.npz train: x=(50362, 1024), y=(50362, 2)
t2-rcn.npz test: x=(16787, 1024), y=(16787, 2)
t2-rcn.npz: applied data scaling mode 'normalize'.
Loaded t2-rcn.npz: Unique train labels: UniqueCountsResult(values=array([-1,  3,  5, 10, 12, 15]), counts=array([24209,  5770,  3030,  2320,  7509,  7524]))
Noise labels ratio in t2-rcn.npz train: 0.24, test: 0.24
Loaded t2-rcn.npz: Remapped labels: [-1  0  1  2  3  4]. Size: 50362)
t0-rcn.npz train: x=(51916, 1024), y=(51916, 2)
t0-rcn.npz test: x=(17305, 1024), y=(17305, 2)
t0-rcn.npz: applied data scaling mode 'normalize'.
Loaded t0-rcn.npz: Unique train labels: UniqueCountsResult(values=array([-1,  1,  8,  9, 11, 13, 14]), counts=array([24225,  4268,  2495,  2943,  3015,  7464,  7506]))
Noise labels ratio in t0-rcn.npz train: 0.23, test: 0.23
Loaded t0-rcn.npz: Remapped labels: [-1  5  6  7  8  9 10]. Size: 51916)
t2-uclresm-25noise.npz train: moved sample axis (3, 350028, 1024) -> (350028, 3, 1024)
t2-uclresm-25noise.npz test: moved sample axis (3, 233351, 1024) -> (233351, 3, 1024)
t2-uclresm-25noise.npz train: x=(350028, 3, 1024), y=(350028,)
t2-uclresm-25noise.npz test: x=(233351, 3, 1024), y=(233351,)
t2-uclresm-25noise.npz: applied data scaling mode 'normalize'.
Loaded t2-uclresm-25noise.npz: Unique train labels: UniqueCountsResult(values=array([-1,  0,  1,  2,  3,  4]), counts=array([87441, 27347, 71754, 64298, 36005, 63183]))
Noise labels ratio in t2-uclresm-25noise.npz train: 0.25, test: 0.25
Loaded t2-uclresm-25noise.npz: Remapped labels: [-1 11 12 13 14 15]. Size: 350028)
t0-deeprad.npz train: x=(24480, 1024), y=(24480, 2)
t0-deeprad.npz test: x=(8160, 1024), y=(8160, 2)
t0-deeprad.npz: applied data scaling mode 'normalize'.
Loaded t0-deeprad.npz: Unique train labels: UniqueCountsResult(values=array([-1,  0,  1,  2,  3,  4,  5]), counts=array([12240,  2029,  1983,  2043,  2154,  2015,  2016]))
Noise labels ratio in t0-deeprad.npz train: 0.25, test: 0.25
Loaded t0-deeprad.npz: Remapped labels: [-1 16 17 18 19 20 21]. Size: 24480)
t1-deeprad.npz train: x=(24480, 1024), y=(24480, 2)
t1-deeprad.npz test: x=(8160, 1024), y=(8160, 2)
t1-deeprad.npz: applied data scaling mode 'normalize'.
Loaded t1-deeprad.npz: Unique train labels: UniqueCountsResult(values=array([-1,  0,  1,  2,  3,  4,  5]), counts=array([12240,  1988,  2029,  2054,  1988,  2053,  2128]))
Noise labels ratio in t1-deeprad.npz train: 0.25, test: 0.25
Loaded t1-deeprad.npz: Remapped labels: [-1 22 23 24 25 26 27]. Size: 24480)
t1-uclresm-25noise.npz train: moved sample axis (3, 201410, 1024) -> (201410, 3, 1024)
t1-uclresm-25noise.npz test: moved sample axis (3, 116291, 1024) -> (116291, 3, 1024)
t1-uclresm-25noise.npz train: x=(201410, 3, 1024), y=(201410,)
t1-uclresm-25noise.npz test: x=(116291, 3, 1024), y=(116291,)
t1-uclresm-25noise.npz: applied data scaling mode 'normalize'.
Loaded t1-uclresm-25noise.npz: Unique train labels: UniqueCountsResult(values=array([-1,  0,  1,  2,  3,  4]), counts=array([43668, 18021, 17838, 18087, 31870, 71926]))
Noise labels ratio in t1-uclresm-25noise.npz train: 0.22, test: 0.25
Loaded t1-uclresm-25noise.npz: Remapped labels: [-1 28 29 30 31 32]. Size: 201410)
t3-deeprad.npz train: x=(17340, 1024), y=(17340, 2)
t3-deeprad.npz test: x=(6800, 1024), y=(6800, 2)
t3-deeprad.npz: applied data scaling mode 'normalize'.
Loaded t3-deeprad.npz: Unique train labels: UniqueCountsResult(values=array([-1,  0,  1,  2,  3,  4]), counts=array([8670, 1693, 1677, 1794, 1716, 1790]))
Noise labels ratio in t3-deeprad.npz train: 0.25, test: 0.25
Loaded t3-deeprad.npz: Remapped labels: [-1 33 34 35 36 37]. Size: 17340)
t0-uclresm-25noise.npz train: moved sample axis (3, 188050, 1024) -> (188050, 3, 1024)
t0-uclresm-25noise.npz test: moved sample axis (3, 107348, 1024) -> (107348, 3, 1024)
t0-uclresm-25noise.npz train: x=(188050, 3, 1024), y=(188050,)
t0-uclresm-25noise.npz test: x=(107348, 3, 1024), y=(107348,)
t0-uclresm-25noise.npz: applied data scaling mode 'normalize'.
Loaded t0-uclresm-25noise.npz: Unique train labels: UniqueCountsResult(values=array([-1,  0,  1,  2,  3,  4]), counts=array([40144, 32109, 17978, 17979, 18098, 61742]))
Noise labels ratio in t0-uclresm-25noise.npz train: 0.21, test: 0.25
Loaded t0-uclresm-25noise.npz: Remapped labels: [-1 38 39 40 41 42]. Size: 188050)
t1-rcn.npz train: x=(36658, 1024), y=(36658, 2)
t1-rcn.npz test: x=(12220, 1024), y=(12220, 2)
t1-rcn.npz: applied data scaling mode 'normalize'.
Loaded t1-rcn.npz: Unique train labels: UniqueCountsResult(values=array([-1,  0,  2,  4,  6,  7, 16]), counts=array([20595,   824,  2087,  2606,  2396,  1716,  6434]))
Noise labels ratio in t1-rcn.npz train: 0.28, test: 0.28
Loaded t1-rcn.npz: Remapped labels: [-1 43 44 45 46 47 48]. Size: 36658)
t2-deeprad.npz train: x=(17340, 1024), y=(17340, 2)
t2-deeprad.npz test: x=(6800, 1024), y=(6800, 2)
t2-deeprad.npz: applied data scaling mode 'normalize'.
Loaded t2-deeprad.npz: Unique train labels: UniqueCountsResult(values=array([-1,  0,  1,  2,  3,  4]), counts=array([8670, 1774, 1675, 1777, 1694, 1750]))
Noise labels ratio in t2-deeprad.npz train: 0.25, test: 0.25
Loaded t2-deeprad.npz: Remapped labels: [-1 49 50 51 52 53]. Size: 17340)
Built IQ classes_per_task (increments): [5, 6, 5, 6, 6, 5, 5, 5, 6, 5]
Classes per task: [5, 6, 5, 6, 6, 5, 5, 5, 6, 5]
[STATE 2026-04-14 18:59:02] Loader 'class_incremental_loader' ready: 1024 inputs, 55 outputs, 10 tasks
n_outputs: 55 	n_tasks: 10
[STATE 2026-04-14 18:59:02] Logging to logs//rwalk/full-tasks-2_all-10epochs_weighted-loss-2026-04-14_18-57-54-2314/0
True
Model device: cuda:0
[STATE 2026-04-14 18:59:02] Model initialized on device cuda:0
[STATE 2026-04-14 18:59:02] Invoking continual life experience flow
[STATE 2026-04-14 18:59:02] Life experience start: 10 tasks queued
[STATE 2026-04-14 18:59:02] Task 0: zero-shot validation (pre-train)
---- Zero-shot (pre-train) task 0: rec_cls 0.0002 | prec_cls 0.0061 | f1_cls 0.1062 | det 0.4988 | pfa 0.0663 | total_f1 0.1062 ----
[STATE 2026-04-14 18:59:09] Starting task 0 (1/10)
[STATE 2026-04-14 18:59:09] Task 0 Epoch 1/1: entering train loop
[STATE 2026-04-14 19:00:19] Task 0 Epoch 1/1: running validation (end of epoch)
---- Eval at Epoch 0: cls [0.6649377755348629] | det_recall [0.8675323101230102] | det_fa [0.23090170484396352] ----
T0 Ep 1/1 | L 1.2793 | Train Acc 0.45 | Prec 0.49 | F1 0.44 | Det Rec 0.77 | Det FA 0.35 | Epoch Time 76.19s (Eval 6.58s, Train 69.62s)
[STATE 2026-04-14 19:00:26] T0 Ep 1/1 complete: Prec 0.4883 F1 0.4351 DetRec 0.7673 DetFA 0.3464 | 76.19s total (6.58s eval/69.62s train)
[STATE 2026-04-14 19:00:26] Task 0: running final validation.
[STATE 2026-04-14 19:00:32] Completed task 0 (1/10)
[STATE 2026-04-14 19:00:33] Task 1: zero-shot validation (pre-train)
---- Zero-shot (pre-train) task 1: rec_cls 0.2764 | prec_cls 0.1594 | f1_cls 0.2156 | det 0.7826 | pfa 0.3337 | total_f1 0.4258 ----
[STATE 2026-04-14 19:00:53] Starting task 1 (2/10)
[STATE 2026-04-14 19:00:53] Task 1 Epoch 1/1: entering train loop
[STATE 2026-04-14 19:01:52] Task 1 Epoch 1/1: running validation (end of epoch)
---- Eval at Epoch 0: cls [0.06349490159097676, 0.23947106435215465] | det_recall [0.5465010204670958, 0.6383565442029812] | det_fa [0.0, 0.6503920426124012] ----
T1 Ep 1/1 | L 1.3426 | Train Acc 0.47 | Prec 0.49 | F1 0.36 | Det Rec 0.61 | Det FA 0.70 | Epoch Time 77.31s (Eval 18.39s, Train 58.91s)
[STATE 2026-04-14 19:02:10] T1 Ep 1/1 complete: Prec 0.4887 F1 0.3550 DetRec 0.6142 DetFA 0.7026 | 77.31s total (18.39s eval/58.91s train)
[STATE 2026-04-14 19:02:10] Task 1: running final validation.
[STATE 2026-04-14 19:02:30] Completed task 1 (2/10)
Note: Unified mixed IQ test tensors to (N, 3, L) via ADC0 I/Q + zero-padded ADC1/2 (IID2-style) for cumulative CIL.
[STATE 2026-04-14 19:02:30] Task 2: zero-shot validation (pre-train)
---- Zero-shot (pre-train) task 2: rec_cls 0.0650 | prec_cls 0.0082 | f1_cls 0.0352 | det 0.6388 | pfa 0.6850 | total_f1 0.1270 ----
[STATE 2026-04-14 19:04:00] Starting task 2 (3/10)
[STATE 2026-04-14 19:04:00] Task 2 Epoch 1/1: entering train loop
[STATE 2026-04-14 19:13:41] Task 2 Epoch 1/1: running validation (end of epoch)
---- Eval at Epoch 0: cls [0.0, 0.0, 0.0690250829074761] | det_recall [0.5, 0.5, 0.635739482272182] | det_fa [0.0, 0.0, 0.6105298848236608] ----
T2 Ep 1/1 | L 1.4294 | Train Acc 0.36 | Prec 0.36 | F1 0.38 | Det Rec 0.77 | Det FA 0.41 | Epoch Time 726.23s (Eval 145.29s, Train 580.94s)
[STATE 2026-04-14 19:16:06] T2 Ep 1/1 complete: Prec 0.3570 F1 0.3804 DetRec 0.7653 DetFA 0.4129 | 726.23s total (145.29s eval/580.94s train)
[STATE 2026-04-14 19:16:06] Task 2: running final validation.
[STATE 2026-04-14 19:17:58] Completed task 2 (3/10)
Note: Unified mixed IQ test tensors to (N, 3, L) via ADC0 I/Q + zero-padded ADC1/2 (IID2-style) for cumulative CIL.
[STATE 2026-04-14 19:17:59] Task 3: zero-shot validation (pre-train)
---- Zero-shot (pre-train) task 3: rec_cls 0.0494 | prec_cls 0.0526 | f1_cls 0.0590 | det 0.6219 | pfa 0.6252 | total_f1 0.0755 ----
[STATE 2026-04-14 19:21:48] Starting task 3 (4/10)
[STATE 2026-04-14 19:21:48] Task 3 Epoch 1/1: entering train loop
[STATE 2026-04-14 19:22:31] Task 3 Epoch 1/1: running validation (end of epoch)
---- Eval at Epoch 0: cls [0.05915619813576145, 0.02676015016559244, 0.06436207851708597, 0.0892850056956829] | det_recall [0.5303895890184401, 0.5819303320601112, 0.4618497110271546, 0.5643582619967298] | det_fa [0.036361579083110766, 0.15662744729441522, 0.42879617623031596, 0.590735109706308] ----
T3 Ep 1/1 | L 1.4199 | Train Acc 0.49 | Prec 0.47 | F1 0.54 | Det Rec 0.98 | Det FA 0.02 | Epoch Time 262.15s (Eval 219.42s, Train 42.73s)
[STATE 2026-04-14 19:26:10] T3 Ep 1/1 complete: Prec 0.4749 F1 0.5385 DetRec 0.9761 DetFA 0.0228 | 262.15s total (219.42s eval/42.73s train)
[STATE 2026-04-14 19:26:10] Task 3: running final validation.
[STATE 2026-04-14 19:30:12] Completed task 3 (4/10)
Note: Unified mixed IQ test tensors to (N, 3, L) via ADC0 I/Q + zero-padded ADC1/2 (IID2-style) for cumulative CIL.
[STATE 2026-04-14 19:30:13] Task 4: zero-shot validation (pre-train)
---- Zero-shot (pre-train) task 4: rec_cls 0.0739 | prec_cls 0.0100 | f1_cls 0.0220 | det 0.5481 | pfa 0.6128 | total_f1 0.0669 ----
[STATE 2026-04-14 19:36:07] Starting task 4 (5/10)
[STATE 2026-04-14 19:36:07] Task 4 Epoch 1/1: entering train loop
[STATE 2026-04-14 19:36:58] Task 4 Epoch 1/1: running validation (end of epoch)
---- Eval at Epoch 0: cls [0.0122811929826048, 0.016757987004698424, 0.06158554905018262, 0.09676507707327314, 0.05493811744115731] | det_recall [0.5006136012445614, 0.5503522943556631, 0.4329843172529996, 0.45407570119037954, 0.45411703409125936] | det_fa [0.051231060369912845, 0.13020807892218936, 0.33317020990212265, 0.5146691373514634, 0.5575452703192283] ----
T4 Ep 1/1 | L 1.6762 | Train Acc 0.29 | Prec 0.29 | F1 0.37 | Det Rec 0.99 | Det FA 0.01 | Epoch Time 410.03s (Eval 359.57s, Train 50.46s)
[STATE 2026-04-14 19:42:57] T4 Ep 1/1 complete: Prec 0.2850 F1 0.3689 DetRec 0.9942 DetFA 0.0115 | 410.03s total (359.57s eval/50.46s train)
[STATE 2026-04-14 19:42:57] Task 4: running final validation.
[STATE 2026-04-14 19:47:29] Completed task 4 (5/10)
Note: Unified mixed IQ test tensors to (N, 3, L) via ADC0 I/Q + zero-padded ADC1/2 (IID2-style) for cumulative CIL.
[STATE 2026-04-14 19:47:30] Task 5: zero-shot validation (pre-train)
---- Zero-shot (pre-train) task 5: rec_cls 0.0403 | prec_cls 0.0031 | f1_cls 0.0163 | det 0.4810 | pfa 0.5012 | total_f1 0.0492 ----
[STATE 2026-04-14 19:52:49] Starting task 5 (6/10)
[STATE 2026-04-14 19:52:49] Task 5 Epoch 1/1: entering train loop
[STATE 2026-04-14 19:56:29] Task 5 Epoch 1/1: running validation (end of epoch)
---- Eval at Epoch 0: cls [0.0, 0.0, 0.0014888423302389184, 0.001058709474244219, 0.0012238001765542644, 0.06862900354037763] | det_recall [0.5, 0.5, 0.503064626773942, 0.5048242823051289, 0.49157341146791644, 0.496772795901008] | det_fa [0.0, 0.0, 0.0006932478646003228, 0.0026396210576269032, 0.03405159906485675, 0.9153405532702105] ----
T5 Ep 1/1 | L 1.1835 | Train Acc 0.54 | Prec 0.53 | F1 0.52 | Det Rec 0.79 | Det FA 0.37 | Epoch Time 539.89s (Eval 319.18s, Train 220.71s)
[STATE 2026-04-14 20:01:49] T5 Ep 1/1 complete: Prec 0.5304 F1 0.5182 DetRec 0.7916 DetFA 0.3654 | 539.89s total (319.18s eval/220.71s train)
[STATE 2026-04-14 20:01:49] Task 5: running final validation.
[STATE 2026-04-14 20:07:08] Completed task 5 (6/10)
Note: Unified mixed IQ test tensors to (N, 3, L) via ADC0 I/Q + zero-padded ADC1/2 (IID2-style) for cumulative CIL.
[STATE 2026-04-14 20:07:09] Task 6: zero-shot validation (pre-train)
---- Zero-shot (pre-train) task 6: rec_cls 0.0599 | prec_cls 0.0193 | f1_cls 0.0248 | det 0.4908 | pfa 0.9241 | total_f1 0.0413 ----
[STATE 2026-04-14 20:14:11] Starting task 6 (7/10)
[STATE 2026-04-14 20:14:11] Task 6 Epoch 1/1: entering train loop
[STATE 2026-04-14 20:14:30] Task 6 Epoch 1/1: running validation (end of epoch)
---- Eval at Epoch 0: cls [0.0, 0.0, 0.0, 0.0, 0.005093065877588865, 0.01385091300170553, 0.04460539217687269] | det_recall [0.5, 0.5, 0.5, 0.5, 0.49998896165158563, 0.4569495633897127, 0.4800736535214883] | det_fa [0.0, 0.0, 0.0, 0.0, 0.010652226770728796, 0.2585782269237806, 0.5007449815124848] ----
T6 Ep 1/1 | L 1.9956 | Train Acc 0.33 | Prec 0.28 | F1 0.39 | Det Rec 0.97 | Det FA 0.05 | Epoch Time 441.04s (Eval 422.17s, Train 18.87s)
[STATE 2026-04-14 20:21:32] T6 Ep 1/1 complete: Prec 0.2811 F1 0.3852 DetRec 0.9680 DetFA 0.0480 | 441.04s total (422.17s eval/18.87s train)
[STATE 2026-04-14 20:21:32] Task 6: running final validation.
[STATE 2026-04-14 20:28:35] Completed task 6 (7/10)
Note: Unified mixed IQ test tensors to (N, 3, L) via ADC0 I/Q + zero-padded ADC1/2 (IID2-style) for cumulative CIL.
[STATE 2026-04-14 20:28:36] Task 7: zero-shot validation (pre-train)
---- Zero-shot (pre-train) task 7: rec_cls 0.0349 | prec_cls 0.0290 | f1_cls 0.0211 | det 0.4950 | pfa 0.4685 | total_f1 0.0378 ----
[STATE 2026-04-14 20:37:51] Starting task 7 (8/10)
[STATE 2026-04-14 20:37:51] Task 7 Epoch 1/1: entering train loop
[STATE 2026-04-14 20:41:17] Task 7 Epoch 1/1: running validation (end of epoch)
---- Eval at Epoch 0: cls [0.0, 0.0, 1.4588119350929959e-05, 1.7533093714385903e-06, 0.0, 0.018557061999801994, 0.01594441839410946, 0.05303703513609037] | det_recall [0.5, 0.5, 0.5000163838731294, 0.500140449781315, 0.5006476377955718, 0.5449610423871534, 0.5461297325659208, 0.49927243664707494] | det_fa [0.0, 0.0, 0.0, 0.0, 0.0, 0.02055601344280816, 0.028117266543069765, 0.8845705926380976] ----
T7 Ep 1/1 | L 1.0420 | Train Acc 0.60 | Prec 0.61 | F1 0.59 | Det Rec 0.80 | Det FA 0.32 | Epoch Time 761.35s (Eval 555.17s, Train 206.18s)
[STATE 2026-04-14 20:50:32] T7 Ep 1/1 complete: Prec 0.6143 F1 0.5873 DetRec 0.7985 DetFA 0.3155 | 761.35s total (555.17s eval/206.18s train)
[STATE 2026-04-14 20:50:32] Task 7: running final validation.
[STATE 2026-04-14 21:00:23] Completed task 7 (8/10)
Note: Unified mixed IQ test tensors to (N, 3, L) via ADC0 I/Q + zero-padded ADC1/2 (IID2-style) for cumulative CIL.
[STATE 2026-04-14 21:00:25] Task 8: zero-shot validation (pre-train)
---- Zero-shot (pre-train) task 8: rec_cls 0.0456 | prec_cls 0.0112 | f1_cls 0.0165 | det 0.4832 | pfa 0.9046 | total_f1 0.0377 ----
[STATE 2026-04-14 21:14:18] Starting task 8 (9/10)
[STATE 2026-04-14 21:14:18] Task 8 Epoch 1/1: entering train loop
[STATE 2026-04-14 21:15:07] Task 8 Epoch 1/1: running validation (end of epoch)
---- Eval at Epoch 0: cls [0.0, 0.0, 0.0, 0.0, 0.0, 0.00012204905656867723, 4.112504560582773e-05, 0.00028173239665961415, 0.013316768128680255] | det_recall [0.5, 0.5, 0.5, 0.5, 0.5, 0.5006544243743202, 0.5006580160878175, 0.4669606744944168, 0.5972170201965414] | det_fa [0.0, 0.0, 0.0, 0.0, 0.0, 0.0, 0.0, 0.09838590634487632, 0.5630556171593607] ----
T8 Ep 1/1 | L 2.0941 | Train Acc 0.40 | Prec 0.39 | F1 0.32 | Det Rec 0.75 | Det FA 0.44 | Epoch Time 880.11s (Eval 831.47s, Train 48.63s)
[STATE 2026-04-14 21:28:58] T8 Ep 1/1 complete: Prec 0.3872 F1 0.3236 DetRec 0.7479 DetFA 0.4396 | 880.11s total (831.47s eval/48.63s train)
[STATE 2026-04-14 21:28:58] Task 8: running final validation.
[STATE 2026-04-14 21:41:13] Completed task 8 (9/10)
Note: Unified mixed IQ test tensors to (N, 3, L) via ADC0 I/Q + zero-padded ADC1/2 (IID2-style) for cumulative CIL.
[STATE 2026-04-14 21:41:15] Task 9: zero-shot validation (pre-train)
---- Zero-shot (pre-train) task 9: rec_cls 0.0121 | prec_cls 0.0006 | f1_cls 0.0110 | det 0.5892 | pfa 0.5737 | total_f1 0.0295 ----
[STATE 2026-04-14 21:56:49] Starting task 9 (10/10)
[STATE 2026-04-14 21:56:49] Task 9 Epoch 1/1: entering train loop
[STATE 2026-04-14 21:57:12] Task 9 Epoch 1/1: running validation (end of epoch)
---- Eval at Epoch 0: cls [0.0, 0.0, 0.0, 0.0, 0.0001816966102680388, 4.181788617662647e-05, 0.002331548420881988, 0.002536729918258937, 0.005863358723602125, 0.021097169246269348] | det_recall [0.5, 0.5, 0.5, 0.5, 0.4988327878850527, 0.5030982530876379, 0.4646684930872506, 0.4930744242008839, 0.5020281446331158, 0.5049915895189302] | det_fa [0.0, 0.0, 0.0, 0.0, 0.002609867828681578, 0.0018319484491734778, 0.09789663264091568, 0.0956234656081027, 0.2642540220937676, 0.544172448054606] ----
T9 Ep 1/1 | L 1.9585 | Train Acc 0.29 | Prec 0.28 | F1 0.39 | Det Rec 1.00 | Det FA 0.00 | Epoch Time 1027.18s (Eval 1004.18s, Train 22.99s)
[STATE 2026-04-14 22:13:56] T9 Ep 1/1 complete: Prec 0.2790 F1 0.3852 DetRec 0.9972 DetFA 0.0019 | 1027.18s total (1004.18s eval/22.99s train)
[STATE 2026-04-14 22:13:56] Task 9: running final validation.
[STATE 2026-04-14 22:30:39] Completed task 9 (10/10)
####Final Validation Accuracy####
Final Results:- 
 Total Recall: 0.0030905192701354074 
 Individual Recall: [0.0, 0.0, 0.0, 0.0, 6.214831611657008e-05, 7.312529990428611e-05, 0.002433127357209849, 0.002619268012067765, 0.00545788906768761, 0.020259634648367993]
Final Detection Results:- 
 Total Detection: 0.4967344676978083 
 Individual Detection: [0.5, 0.5, 0.5, 0.5, 0.49878186547504416, 0.5030590012324183, 0.46421669106169305, 0.4938152420557459, 0.50197740062561, 0.5054944765275715]
Final Detection False Alarm:- 
 Total False Alarm: 0.10053710034680172 
 Individual False Alarm: [0.0, 0.0, 0.0, 0.0, 0.002643576783570476, 0.001787815274777414, 0.09903097016664793, 0.09391439858409907, 0.2645341096546798, 0.5434601330042426]
SUMMARY_TR cls_rec=0.2871 cls_prec=0.2790 cls_f1=0.3852 det=0.4967 fa=0.1006
SUMMARY_TE cls_rec=0.0031 cls_prec=0.0008 cls_f1=0.0296 det=0.4967 fa=0.1005
[STATE 2026-04-14 22:30:39] Saving results to logs//rwalk/full-tasks-2_all-10epochs_weighted-loss-2026-04-14_18-57-54-2314/0/results
Model size: 0.0289 GB
Memory buffer size: 0.0000 GB
logs//rwalk/full-tasks-2_all-10epochs_weighted-loss-2026-04-14_18-57-54-2314/0/results: {'expt_name': 'full-tasks-2_all-10epochs_weighted-loss', 'model': 'rwalk', 'arch': 'resnet1d', 'n_hiddens': 100, 'n_layers': 2, 'xav_init': False, 'debug': False, 'use_detector_arch': False, 'inner_steps': 2, 'n_epochs': 1, 'batch_size': 256, 'replay_batch_size': 128, 'memories': 5120, 'lr': 0.001, 'optimizer': 'sgd', 'class_weighted_ce': True, 'cuda': True, 'seed': 0, 'log_every': 10, 'log_dir': 'logs//rwalk/full-tasks-2_all-10epochs_weighted-loss-2026-04-14_18-57-54-2314/0', 'tf_dir': 'logs//rwalk/full-tasks-2_all-10epochs_weighted-loss-2026-04-14_18-57-54-2314/0/tfdir', 'calc_test_accuracy': False, 'state_logging': True, 'data_path': 'data/rff/radar/full', 'task_order_files': 't2-rcn,t0-rcn,t2-uclresm-25noise,t0-deeprad,t1-deeprad,t1-uclresm-25noise,t3-deeprad,t0-uclresm-25noise,t1-rcn,t2-deeprad', 'loader': 'class_incremental_loader', 'samples_per_task': -1, 'shuffle_tasks': False, 'classes_per_it': 6, 'iterations': 5000, 'dataset': 'iq', 'workers': 0, 'validation': 0.5, 'data_scaling': 'normalize', 'use_iq_aug_features': False, 'iq_aug_feature_type': 'power', 'class_order': 'random', 'increment': 5, 'test_batch_size': 512, 'nc_per_task': None, 'nc_per_task_list': '', 'val_rate': 1000, 'opt_lr': 0.1, 'opt_wt': 0.1, 'alpha_init': 0.001, 'learn_lr': False, 'sync_update': False, 'grad_clip_norm': 5.0, 'meta_batches': 3, 'use_old_task_memory': False, 'second_order': False, 'n_memories': 5120, 'memory_strength': 0, 'steps_per_sample': 1, 'bgd_optimizer': 'sgd', 'optimizer_params': '{}', 'train_mc_iters': 5, 'std_init': 0.05, 'mean_eta': 1, 'fisher_gamma': 0.95, 'rln': 7, 'meta_lr': 0.001, 'update_lr': 0.1, 'ctx_lr': 0.05, 'n_meta': 1, 'temperature': 5.0, 'task_emb': 64, 'noise_label': 54, 'classes_per_task': [5, 6, 5, 6, 6, 5, 5, 5, 6, 5], 'get_samples_per_task': <bound method IncrementalLoader.get_samples_per_task of <dataloaders.class_incremental_loader.IncrementalLoader object at 0x7b5d7105c920>>} # val: 0.131 0.003 -0.128 0.000 # sizes: model_gb=0.0289 mem_gb=0.0000 # 12697.050040006638
[STATE 2026-04-14 22:30:39] results.pt components (approx): state_dict 29.6 MB, result_val_t 0.1 KB, result_val_a 0.8 KB
[STATE 2026-04-14 22:30:39] Results saved; total runtime 3.53h
Total runtime: 3.53 hours
