[STATE 2026-04-13 11:56:22] Enabling terminal logging to logs//cmaml/full-tasks-2_all-10epochs_weighted-loss-2026-04-13_11-56-22-1378/0/terminal.log
New Experiment Starting...
Running model:  lamaml_cifar
[STATE 2026-04-13 11:56:22] Experiment 'full-tasks-2_all-10epochs_weighted-loss' starting with model 'lamaml_cifar' (seed 0)
Set seed 0
t2-rcn.npz train: x=(50362, 1024), y=(50362, 2)
t2-rcn.npz test: x=(16787, 1024), y=(16787, 2)
t2-rcn.npz: applied data scaling mode 'normalize'.
Loaded t2-rcn.npz: Unique train labels: UniqueCountsResult(values=array([-1,  3,  5, 10, 12, 15]), counts=array([24209,  5770,  3030,  2320,  7509,  7524]))
Noise labels ratio in t2-rcn.npz train: 0.24, test: 0.24
Loaded t2-rcn.npz: Remapped labels: [-1  0  1  2  3  4]. Size: 50362)
t0-rcn.npz train: x=(51916, 1024), y=(51916, 2)
t0-rcn.npz test: x=(17305, 1024), y=(17305, 2)
t0-rcn.npz: applied data scaling mode 'normalize'.
Loaded t0-rcn.npz: Unique train labels: UniqueCountsResult(values=array([-1,  1,  8,  9, 11, 13, 14]), counts=array([24225,  4268,  2495,  2943,  3015,  7464,  7506]))
Noise labels ratio in t0-rcn.npz train: 0.23, test: 0.23
Loaded t0-rcn.npz: Remapped labels: [-1  5  6  7  8  9 10]. Size: 51916)
t2-uclresm-25noise.npz train: moved sample axis (3, 350028, 1024) -> (350028, 3, 1024)
t2-uclresm-25noise.npz test: moved sample axis (3, 233351, 1024) -> (233351, 3, 1024)
t2-uclresm-25noise.npz train: x=(350028, 3, 1024), y=(350028,)
t2-uclresm-25noise.npz test: x=(233351, 3, 1024), y=(233351,)
t2-uclresm-25noise.npz: applied data scaling mode 'normalize'.
Loaded t2-uclresm-25noise.npz: Unique train labels: UniqueCountsResult(values=array([-1,  0,  1,  2,  3,  4]), counts=array([87441, 27347, 71754, 64298, 36005, 63183]))
Noise labels ratio in t2-uclresm-25noise.npz train: 0.25, test: 0.25
Loaded t2-uclresm-25noise.npz: Remapped labels: [-1 11 12 13 14 15]. Size: 350028)
t0-deeprad.npz train: x=(24480, 1024), y=(24480, 2)
t0-deeprad.npz test: x=(8160, 1024), y=(8160, 2)
t0-deeprad.npz: applied data scaling mode 'normalize'.
Loaded t0-deeprad.npz: Unique train labels: UniqueCountsResult(values=array([-1,  0,  1,  2,  3,  4,  5]), counts=array([12240,  2029,  1983,  2043,  2154,  2015,  2016]))
Noise labels ratio in t0-deeprad.npz train: 0.25, test: 0.25
Loaded t0-deeprad.npz: Remapped labels: [-1 16 17 18 19 20 21]. Size: 24480)
t1-deeprad.npz train: x=(24480, 1024), y=(24480, 2)
t1-deeprad.npz test: x=(8160, 1024), y=(8160, 2)
t1-deeprad.npz: applied data scaling mode 'normalize'.
Loaded t1-deeprad.npz: Unique train labels: UniqueCountsResult(values=array([-1,  0,  1,  2,  3,  4,  5]), counts=array([12240,  1988,  2029,  2054,  1988,  2053,  2128]))
Noise labels ratio in t1-deeprad.npz train: 0.25, test: 0.25
Loaded t1-deeprad.npz: Remapped labels: [-1 22 23 24 25 26 27]. Size: 24480)
t1-uclresm-25noise.npz train: moved sample axis (3, 201410, 1024) -> (201410, 3, 1024)
t1-uclresm-25noise.npz test: moved sample axis (3, 116291, 1024) -> (116291, 3, 1024)
t1-uclresm-25noise.npz train: x=(201410, 3, 1024), y=(201410,)
t1-uclresm-25noise.npz test: x=(116291, 3, 1024), y=(116291,)
t1-uclresm-25noise.npz: applied data scaling mode 'normalize'.
Loaded t1-uclresm-25noise.npz: Unique train labels: UniqueCountsResult(values=array([-1,  0,  1,  2,  3,  4]), counts=array([43668, 18021, 17838, 18087, 31870, 71926]))
Noise labels ratio in t1-uclresm-25noise.npz train: 0.22, test: 0.25
Loaded t1-uclresm-25noise.npz: Remapped labels: [-1 28 29 30 31 32]. Size: 201410)
t3-deeprad.npz train: x=(17340, 1024), y=(17340, 2)
t3-deeprad.npz test: x=(6800, 1024), y=(6800, 2)
t3-deeprad.npz: applied data scaling mode 'normalize'.
Loaded t3-deeprad.npz: Unique train labels: UniqueCountsResult(values=array([-1,  0,  1,  2,  3,  4]), counts=array([8670, 1693, 1677, 1794, 1716, 1790]))
Noise labels ratio in t3-deeprad.npz train: 0.25, test: 0.25
Loaded t3-deeprad.npz: Remapped labels: [-1 33 34 35 36 37]. Size: 17340)
t0-uclresm-25noise.npz train: moved sample axis (3, 188050, 1024) -> (188050, 3, 1024)
t0-uclresm-25noise.npz test: moved sample axis (3, 107348, 1024) -> (107348, 3, 1024)
t0-uclresm-25noise.npz train: x=(188050, 3, 1024), y=(188050,)
t0-uclresm-25noise.npz test: x=(107348, 3, 1024), y=(107348,)
t0-uclresm-25noise.npz: applied data scaling mode 'normalize'.
Loaded t0-uclresm-25noise.npz: Unique train labels: UniqueCountsResult(values=array([-1,  0,  1,  2,  3,  4]), counts=array([40144, 32109, 17978, 17979, 18098, 61742]))
Noise labels ratio in t0-uclresm-25noise.npz train: 0.21, test: 0.25
Loaded t0-uclresm-25noise.npz: Remapped labels: [-1 38 39 40 41 42]. Size: 188050)
t1-rcn.npz train: x=(36658, 1024), y=(36658, 2)
t1-rcn.npz test: x=(12220, 1024), y=(12220, 2)
t1-rcn.npz: applied data scaling mode 'normalize'.
Loaded t1-rcn.npz: Unique train labels: UniqueCountsResult(values=array([-1,  0,  2,  4,  6,  7, 16]), counts=array([20595,   824,  2087,  2606,  2396,  1716,  6434]))
Noise labels ratio in t1-rcn.npz train: 0.28, test: 0.28
Loaded t1-rcn.npz: Remapped labels: [-1 43 44 45 46 47 48]. Size: 36658)
t2-deeprad.npz train: x=(17340, 1024), y=(17340, 2)
t2-deeprad.npz test: x=(6800, 1024), y=(6800, 2)
t2-deeprad.npz: applied data scaling mode 'normalize'.
Loaded t2-deeprad.npz: Unique train labels: UniqueCountsResult(values=array([-1,  0,  1,  2,  3,  4]), counts=array([8670, 1774, 1675, 1777, 1694, 1750]))
Noise labels ratio in t2-deeprad.npz train: 0.25, test: 0.25
Loaded t2-deeprad.npz: Remapped labels: [-1 49 50 51 52 53]. Size: 17340)
Built IQ classes_per_task (increments): [5, 6, 5, 6, 6, 5, 5, 5, 6, 5]
Classes per task: [5, 6, 5, 6, 6, 5, 5, 5, 6, 5]
[STATE 2026-04-13 11:57:30] Loader 'class_incremental_loader' ready: 1024 inputs, 55 outputs, 10 tasks
n_outputs: 55 	n_tasks: 10
[STATE 2026-04-13 11:57:30] Logging to logs//cmaml/full-tasks-2_all-10epochs_weighted-loss-2026-04-13_11-56-22-1378/0
True
Model device: cuda:0
[STATE 2026-04-13 11:57:30] Model initialized on device cuda:0
[STATE 2026-04-13 11:57:30] Invoking continual life experience flow
[STATE 2026-04-13 11:57:30] Life experience start: 10 tasks queued
[STATE 2026-04-13 11:57:30] Task 0: zero-shot validation (pre-train)
---- Zero-shot (pre-train) task 0: rec_cls 0.0002 | prec_cls 0.0061 | f1_cls 0.1062 | det 0.4988 | pfa 0.0663 | total_f1 0.1062 ----
[STATE 2026-04-13 11:57:37] Starting task 0 (1/10)
[STATE 2026-04-13 11:57:37] Task 0 Epoch 1/1: entering train loop
[STATE 2026-04-13 12:14:59] Task 0 Epoch 1/1: running validation (end of epoch)
---- Eval at Epoch 0: cls [0.7790564277903363] | det_recall [0.8853888604540743] | det_fa [0.10397057942443366] ----
T0 Ep 1/1 | L 0.5326 | Train Acc 0.59 | Prec 0.71 | F1 0.64 | Det Rec 0.85 | Det FA 0.09 | Epoch Time 1048.63s (Eval 6.33s, Train 1042.31s)
[STATE 2026-04-13 12:15:06] T0 Ep 1/1 complete: Prec 0.7115 F1 0.6447 DetRec 0.8493 DetFA 0.0884 | 1048.63s total (6.33s eval/1042.31s train)
[STATE 2026-04-13 12:15:06] Task 0: running final validation.
[STATE 2026-04-13 12:15:12] Completed task 0 (1/10)
[STATE 2026-04-13 12:15:12] Task 1: zero-shot validation (pre-train)
---- Zero-shot (pre-train) task 1: rec_cls 0.3350 | prec_cls 0.2407 | f1_cls 0.2934 | det 0.8039 | pfa 0.1210 | total_f1 0.5527 ----
[STATE 2026-04-13 12:15:31] Starting task 1 (2/10)
[STATE 2026-04-13 12:15:31] Task 1 Epoch 1/1: entering train loop
[STATE 2026-04-13 12:34:34] Task 1 Epoch 1/1: running validation (end of epoch)
---- Eval at Epoch 0: cls [0.42921526713861713, 0.5693935540468246] | det_recall [0.7506807669135614, 0.8499677842123093] | det_fa [0.00013290802764486973, 0.04054375580266473] ----
T1 Ep 1/1 | L 0.6377 | Train Acc 0.48 | Prec 0.72 | F1 0.58 | Det Rec 0.84 | Det FA 0.05 | Epoch Time 1161.89s (Eval 19.02s, Train 1142.86s)
[STATE 2026-04-13 12:34:53] T1 Ep 1/1 complete: Prec 0.7150 F1 0.5793 DetRec 0.8418 DetFA 0.0522 | 1161.89s total (19.02s eval/1142.86s train)
[STATE 2026-04-13 12:34:53] Task 1: running final validation.
[STATE 2026-04-13 12:35:12] Completed task 1 (2/10)
Note: Unified mixed IQ test tensors to (N, 3, L) via ADC0 I/Q + zero-padded ADC1/2 (IID2-style) for cumulative CIL.
[STATE 2026-04-13 12:35:13] Task 2: zero-shot validation (pre-train)
---- Zero-shot (pre-train) task 2: rec_cls 0.0650 | prec_cls 0.0092 | f1_cls 0.0200 | det 0.3869 | pfa 0.7777 | total_f1 0.4104 ----
[STATE 2026-04-13 12:36:49] Starting task 2 (3/10)
[STATE 2026-04-13 12:36:49] Task 2 Epoch 1/1: entering train loop
[STATE 2026-04-13 14:45:50] Task 2 Epoch 1/1: running validation (end of epoch)
---- Eval at Epoch 0: cls [0.2348334990739125, 0.3029590985322174, 0.09730300288995168] | det_recall [0.6457796384273605, 0.7101787766858276, 0.6916882643675792] | det_fa [0.001373273399987621, 0.010908684491799471, 0.5440303141275866] ----
T2 Ep 1/1 | L 0.8094 | Train Acc 0.51 | Prec 0.69 | F1 0.58 | Det Rec 0.82 | Det FA 0.11 | Epoch Time 7837.46s (Eval 97.38s, Train 7740.08s)
[STATE 2026-04-13 14:47:27] T2 Ep 1/1 complete: Prec 0.6927 F1 0.5774 DetRec 0.8197 DetFA 0.1099 | 7837.46s total (97.38s eval/7740.08s train)
[STATE 2026-04-13 14:47:27] Task 2: running final validation.
[STATE 2026-04-13 14:49:05] Completed task 2 (3/10)
Note: Unified mixed IQ test tensors to (N, 3, L) via ADC0 I/Q + zero-padded ADC1/2 (IID2-style) for cumulative CIL.
[STATE 2026-04-13 14:49:06] Task 3: zero-shot validation (pre-train)
---- Zero-shot (pre-train) task 3: rec_cls 0.0699 | prec_cls 0.0716 | f1_cls 0.0857 | det 0.6733 | pfa 0.5778 | total_f1 0.2511 ----
[STATE 2026-04-13 14:52:04] Starting task 3 (4/10)
[STATE 2026-04-13 14:52:04] Task 3 Epoch 1/1: entering train loop
[STATE 2026-04-13 15:01:14] Task 3 Epoch 1/1: running validation (end of epoch)
---- Eval at Epoch 0: cls [0.331572362693691, 0.42231284375384515, 0.05946899669005497, 0.09129739023602741] | det_recall [0.7039614999988336, 0.7742159631795291, 0.5762335956814224, 0.5646275808549372] | det_fa [0.00012626262626262626, 0.009804669695168433, 0.3473664121899398, 0.5330128829965267] ----
T3 Ep 1/1 | L 0.8853 | Train Acc 0.45 | Prec 0.48 | F1 0.50 | Det Rec 0.97 | Det FA 0.00 | Epoch Time 729.01s (Eval 179.30s, Train 549.71s)
[STATE 2026-04-13 15:04:13] T3 Ep 1/1 complete: Prec 0.4768 F1 0.5026 DetRec 0.9735 DetFA 0.0030 | 729.01s total (179.30s eval/549.71s train)
[STATE 2026-04-13 15:04:13] Task 3: running final validation.
[STATE 2026-04-13 15:07:14] Completed task 3 (4/10)
Note: Unified mixed IQ test tensors to (N, 3, L) via ADC0 I/Q + zero-padded ADC1/2 (IID2-style) for cumulative CIL.
[STATE 2026-04-13 15:07:15] Task 4: zero-shot validation (pre-train)
---- Zero-shot (pre-train) task 4: rec_cls 0.0767 | prec_cls 0.0728 | f1_cls 0.0512 | det 0.5540 | pfa 0.5586 | total_f1 0.2415 ----
[STATE 2026-04-13 15:11:38] Starting task 4 (5/10)
[STATE 2026-04-13 15:11:38] Task 4 Epoch 1/1: entering train loop
[STATE 2026-04-13 15:19:11] Task 4 Epoch 1/1: running validation (end of epoch)
---- Eval at Epoch 0: cls [0.18954114637856315, 0.32551300769972014, 0.04966961880433699, 0.07456371155680427, 0.06589016471183666] | det_recall [0.625648553268245, 0.7051478380024367, 0.527588548045683, 0.5048000439652084, 0.49929598553574267] | det_fa [0.0, 0.0012121511652990126, 0.3292182669207104, 0.4127318724980141, 0.4995322505764086] ----
T4 Ep 1/1 | L 0.8277 | Train Acc 0.27 | Prec 0.27 | F1 0.33 | Det Rec 0.97 | Det FA 0.00 | Epoch Time 709.85s (Eval 257.32s, Train 452.53s)
[STATE 2026-04-13 15:23:28] T4 Ep 1/1 complete: Prec 0.2748 F1 0.3277 DetRec 0.9724 DetFA 0.0000 | 709.85s total (257.32s eval/452.53s train)
[STATE 2026-04-13 15:23:28] Task 4: running final validation.
[STATE 2026-04-13 15:27:45] Completed task 4 (5/10)
Note: Unified mixed IQ test tensors to (N, 3, L) via ADC0 I/Q + zero-padded ADC1/2 (IID2-style) for cumulative CIL.
[STATE 2026-04-13 15:27:46] Task 5: zero-shot validation (pre-train)
---- Zero-shot (pre-train) task 5: rec_cls 0.0591 | prec_cls 0.0471 | f1_cls 0.0410 | det 0.5032 | pfa 0.4729 | total_f1 0.1719 ----
[STATE 2026-04-13 15:34:03] Starting task 5 (6/10)
[STATE 2026-04-13 15:34:03] Task 5 Epoch 1/1: entering train loop
[STATE 2026-04-13 16:53:34] Task 5 Epoch 1/1: running validation (end of epoch)
---- Eval at Epoch 0: cls [0.13784531996855498, 0.31564404406510044, 0.07451142265394728, 0.055266081405349984, 0.045931002509528675, 0.10941453687661083] | det_recall [0.5986615390725624, 0.7246299448168091, 0.620162400578393, 0.5921162182257839, 0.5678519464551234, 0.6800373457805637] | det_fa [0.001090018222991801, 0.0188656637257765, 0.28793287736916, 0.337905055317888, 0.38321960583946857, 0.40051427480079443] ----
T5 Ep 1/1 | L 0.6085 | Train Acc 0.61 | Prec 0.82 | F1 0.69 | Det Rec 0.87 | Det FA 0.08 | Epoch Time 5155.48s (Eval 384.12s, Train 4771.36s)
[STATE 2026-04-13 16:59:58] T5 Ep 1/1 complete: Prec 0.8199 F1 0.6896 DetRec 0.8680 DetFA 0.0845 | 5155.48s total (384.12s eval/4771.36s train)
[STATE 2026-04-13 16:59:58] Task 5: running final validation.
[STATE 2026-04-13 17:06:23] Completed task 5 (6/10)
Note: Unified mixed IQ test tensors to (N, 3, L) via ADC0 I/Q + zero-padded ADC1/2 (IID2-style) for cumulative CIL.
[STATE 2026-04-13 17:06:24] Task 6: zero-shot validation (pre-train)
---- Zero-shot (pre-train) task 6: rec_cls 0.0934 | prec_cls 0.0997 | f1_cls 0.0888 | det 0.6625 | pfa 0.4308 | total_f1 0.1681 ----
[STATE 2026-04-13 17:14:57] Starting task 6 (7/10)
[STATE 2026-04-13 17:14:57] Task 6 Epoch 1/1: entering train loop
[STATE 2026-04-13 17:21:55] Task 6 Epoch 1/1: running validation (end of epoch)
---- Eval at Epoch 0: cls [0.14195940969865747, 0.26451947591464975, 0.06211472773348136, 0.0700853361194183, 0.04687945481131015, 0.10825144697270789, 0.1052613143907002] | det_recall [0.5986726819538496, 0.6800254719287936, 0.5044588239017949, 0.4836792504097962, 0.4576843973307819, 0.561396690076064, 0.5437571480745395] | det_fa [0.00024669630030761826, 0.002223461729126119, 0.16018284093103552, 0.1961346671468085, 0.24258150766232187, 0.23999497314818452, 0.338185726212111] ----
T6 Ep 1/1 | L 0.8529 | Train Acc 0.42 | Prec 0.44 | F1 0.49 | Det Rec 0.96 | Det FA 0.04 | Epoch Time 919.63s (Eval 501.16s, Train 418.47s)
[STATE 2026-04-13 17:30:16] T6 Ep 1/1 complete: Prec 0.4424 F1 0.4892 DetRec 0.9574 DetFA 0.0366 | 919.63s total (501.16s eval/418.47s train)
[STATE 2026-04-13 17:30:16] Task 6: running final validation.
[STATE 2026-04-13 17:38:38] Completed task 6 (7/10)
Note: Unified mixed IQ test tensors to (N, 3, L) via ADC0 I/Q + zero-padded ADC1/2 (IID2-style) for cumulative CIL.
[STATE 2026-04-13 17:38:39] Task 7: zero-shot validation (pre-train)
---- Zero-shot (pre-train) task 7: rec_cls 0.0998 | prec_cls 0.1443 | f1_cls 0.0935 | det 0.5657 | pfa 0.2986 | total_f1 0.1476 ----
[STATE 2026-04-13 17:49:40] Starting task 7 (8/10)
[STATE 2026-04-13 17:49:40] Task 7 Epoch 1/1: entering train loop
[STATE 2026-04-13 19:01:46] Task 7 Epoch 1/1: running validation (end of epoch)
---- Eval at Epoch 0: cls [0.08853309364897399, 0.2702045595746619, 0.09033749096301873, 0.06424901636808421, 0.04395903461882817, 0.10557965105863149, 0.08900964492309878, 0.13499234543392227] | det_recall [0.5602047451492459, 0.6875735260323905, 0.5874000675618813, 0.5741119776371519, 0.5664600250465647, 0.6527347795092658, 0.6363877788013349, 0.7194136297741686] | det_fa [0.0006173086674953397, 0.020549117043798786, 0.2706228524448656, 0.27781418827764237, 0.2806022778448743, 0.31299515623438817, 0.3374498431556536, 0.47524724859324186] ----
T7 Ep 1/1 | L 0.5530 | Train Acc 0.67 | Prec 0.82 | F1 0.72 | Det Rec 0.87 | Det FA 0.10 | Epoch Time 4996.45s (Eval 669.93s, Train 4326.52s)
[STATE 2026-04-13 19:12:56] T7 Ep 1/1 complete: Prec 0.8234 F1 0.7229 DetRec 0.8657 DetFA 0.1035 | 4996.45s total (669.93s eval/4326.52s train)
[STATE 2026-04-13 19:12:56] Task 7: running final validation.
[STATE 2026-04-13 19:24:07] Completed task 7 (8/10)
Note: Unified mixed IQ test tensors to (N, 3, L) via ADC0 I/Q + zero-padded ADC1/2 (IID2-style) for cumulative CIL.
[STATE 2026-04-13 19:24:08] Task 8: zero-shot validation (pre-train)
---- Zero-shot (pre-train) task 8: rec_cls 0.1135 | prec_cls 0.1309 | f1_cls 0.0908 | det 0.6978 | pfa 0.5148 | total_f1 0.1409 ----
[STATE 2026-04-13 19:37:44] Starting task 8 (9/10)
[STATE 2026-04-13 19:37:44] Task 8 Epoch 1/1: entering train loop
[STATE 2026-04-13 19:44:07] Task 8 Epoch 1/1: running validation (end of epoch)
---- Eval at Epoch 0: cls [0.20878128545288752, 0.3755948636622543, 0.0832812947272435, 0.07354115788646581, 0.0510070597224807, 0.12070232757756973, 0.10623272422516676, 0.16343796689386028, 0.12053129736049399] | det_recall [0.6369319724389931, 0.7448571950757947, 0.5158439568337452, 0.49138661361108954, 0.46577629377125995, 0.5868163800013564, 0.5654286545592361, 0.6343866156723805, 0.6158627757086442] | det_fa [0.0, 0.003402128625465616, 0.2315719945160745, 0.2730399617226019, 0.29739072903894737, 0.27752074184674785, 0.30235325758126125, 0.2646394271207701, 0.34741049643809696] ----
T8 Ep 1/1 | L 0.6787 | Train Acc 0.37 | Prec 0.52 | F1 0.47 | Det Rec 0.81 | Det FA 0.05 | Epoch Time 1015.57s (Eval 632.21s, Train 383.36s)
[STATE 2026-04-13 19:54:39] T8 Ep 1/1 complete: Prec 0.5190 F1 0.4677 DetRec 0.8059 DetFA 0.0502 | 1015.57s total (632.21s eval/383.36s train)
[STATE 2026-04-13 19:54:39] Task 8: running final validation.
[STATE 2026-04-13 20:05:12] Completed task 8 (9/10)
Note: Unified mixed IQ test tensors to (N, 3, L) via ADC0 I/Q + zero-padded ADC1/2 (IID2-style) for cumulative CIL.
[STATE 2026-04-13 20:05:14] Task 9: zero-shot validation (pre-train)
---- Zero-shot (pre-train) task 9: rec_cls 0.1083 | prec_cls 0.1960 | f1_cls 0.1235 | det 0.6023 | pfa 0.3670 | total_f1 0.1688 ----
[STATE 2026-04-13 20:18:00] Starting task 9 (10/10)
[STATE 2026-04-13 20:18:00] Task 9 Epoch 1/1: entering train loop
[STATE 2026-04-13 20:21:01] Task 9 Epoch 1/1: running validation (end of epoch)
---- Eval at Epoch 0: cls [0.15211796242432252, 0.34060655842313364, 0.06081943716561141, 0.05129913188869704, 0.031686487100393006, 0.09848638345951932, 0.08026364892156597, 0.15094167533711825, 0.13328957181821235, 0.1239395972356681] | det_recall [0.608456300308481, 0.727573590797576, 0.5113570961452061, 0.5031947098905527, 0.4913734799398589, 0.5901965590562434, 0.5722770026440984, 0.6364699228049573, 0.6147472161830649, 0.6103911206488045] | det_fa [0.0008459813072530959, 0.058392215824269664, 0.21555816375220901, 0.2542287039083989, 0.26598926290345226, 0.31755277966244494, 0.3380323651331838, 0.34668049852964344, 0.3854573684922657, 0.43879872081037374] ----
T9 Ep 1/1 | L 0.7836 | Train Acc 0.34 | Prec 0.34 | F1 0.41 | Det Rec 0.98 | Det FA 0.00 | Epoch Time 944.69s (Eval 763.39s, Train 181.31s)
[STATE 2026-04-13 20:33:45] T9 Ep 1/1 complete: Prec 0.3387 F1 0.4077 DetRec 0.9845 DetFA 0.0000 | 944.69s total (763.39s eval/181.31s train)
[STATE 2026-04-13 20:33:45] Task 9: running final validation.
[STATE 2026-04-13 20:46:25] Completed task 9 (10/10)
####Final Validation Accuracy####
Final Results:- 
 Total Recall: 0.12229432660853419 
 Individual Recall: [0.15088288865192523, 0.34198658280884314, 0.060990644396279034, 0.04918103793695662, 0.03200361035678425, 0.09785006142384282, 0.08219062443999373, 0.15065955360176805, 0.13330970588440302, 0.1238885565845459]
Final Detection Results:- 
 Total Detection: 0.5863991394399973 
 Individual Detection: [0.607866143704719, 0.7273086976115074, 0.5112482330799718, 0.502707825518034, 0.4917269687102083, 0.5900441876953662, 0.5726443642227186, 0.635519773600688, 0.6144191785054004, 0.6105060217513595]
Final Detection False Alarm:- 
 Total False Alarm: 0.2623102757168928 
 Individual False Alarm: [0.0010686469948799127, 0.059465621999483895, 0.2164444516369821, 0.2545934181295948, 0.26516863636309146, 0.31713326998916125, 0.3378741575749534, 0.34753927125450984, 0.3847724769329443, 0.4390428062933274]
SUMMARY_TR cls_rec=0.3370 cls_prec=0.3387 cls_f1=0.4077 det=0.5866 fa=0.2622
SUMMARY_TE cls_rec=0.1223 cls_prec=0.2209 cls_f1=0.1478 det=0.5864 fa=0.2623
[STATE 2026-04-13 20:46:25] Saving results to logs//cmaml/full-tasks-2_all-10epochs_weighted-loss-2026-04-13_11-56-22-1378/0/results
Model size: 0.0289 GB
Memory buffer size: 0.0000 GB
logs//cmaml/full-tasks-2_all-10epochs_weighted-loss-2026-04-13_11-56-22-1378/0/results: {'expt_name': 'full-tasks-2_all-10epochs_weighted-loss', 'model': 'lamaml_cifar', 'arch': 'resnet1d', 'n_hiddens': 100, 'n_layers': 2, 'xav_init': False, 'debug': False, 'use_detector_arch': False, 'inner_steps': 2, 'n_epochs': 1, 'batch_size': 256, 'replay_batch_size': 128, 'memories': 5120, 'lr': 0.001, 'optimizer': 'sgd', 'class_weighted_ce': True, 'cuda': True, 'seed': 0, 'log_every': 10, 'log_dir': 'logs//cmaml/full-tasks-2_all-10epochs_weighted-loss-2026-04-13_11-56-22-1378/0', 'tf_dir': 'logs//cmaml/full-tasks-2_all-10epochs_weighted-loss-2026-04-13_11-56-22-1378/0/tfdir', 'calc_test_accuracy': False, 'state_logging': True, 'data_path': 'data/rff/radar/full', 'task_order_files': 't2-rcn,t0-rcn,t2-uclresm-25noise,t0-deeprad,t1-deeprad,t1-uclresm-25noise,t3-deeprad,t0-uclresm-25noise,t1-rcn,t2-deeprad', 'loader': 'class_incremental_loader', 'samples_per_task': -1, 'shuffle_tasks': False, 'classes_per_it': 6, 'iterations': 5000, 'dataset': 'iq', 'workers': 0, 'validation': 0.5, 'data_scaling': 'normalize', 'use_iq_aug_features': False, 'iq_aug_feature_type': 'power', 'class_order': 'random', 'increment': 5, 'test_batch_size': 512, 'nc_per_task': None, 'nc_per_task_list': '', 'val_rate': 1000, 'opt_lr': 0.1, 'opt_wt': 0.01, 'alpha_init': 0.003, 'learn_lr': False, 'sync_update': True, 'grad_clip_norm': 5.0, 'meta_batches': 3, 'use_old_task_memory': False, 'second_order': True, 'n_memories': 5120, 'memory_strength': 0, 'steps_per_sample': 1, 'bgd_optimizer': 'sgd', 'optimizer_params': '{}', 'train_mc_iters': 5, 'std_init': 0.05, 'mean_eta': 1, 'fisher_gamma': 0.95, 'rln': 7, 'meta_lr': 0.001, 'update_lr': 0.1, 'ctx_lr': 0.05, 'n_meta': 1, 'temperature': 5.0, 'task_emb': 64, 'noise_label': 54, 'classes_per_task': [5, 6, 5, 6, 6, 5, 5, 5, 6, 5], 'get_samples_per_task': <bound method IncrementalLoader.get_samples_per_task of <dataloaders.class_incremental_loader.IncrementalLoader object at 0x7b3867e427e0>>} # val: 0.220 0.122 -0.098 0.000 # sizes: model_gb=0.0289 mem_gb=0.0000 # 31734.38157892227
[STATE 2026-04-13 20:46:25] results.pt components (approx): state_dict 29.6 MB, result_val_t 0.1 KB, result_val_a 0.8 KB
[STATE 2026-04-13 20:46:25] Results saved; total runtime 8.82h
Total runtime: 8.82 hours
