[STATE 2026-04-26 03:32:41] Enabling terminal logging to logs//bcl_dual/full-tasks_CIL_all-2026-04-26_03-32-41-4850/0/terminal.log
New Experiment Starting...
Running model:  bcl_dual
[STATE 2026-04-26 03:32:41] Experiment 'full-tasks_CIL_all' starting with model 'bcl_dual' (seed 0)
Set seed 0
t2-rcn.npz train: x=(50362, 1024), y=(50362, 2)
t2-rcn.npz test: x=(16787, 1024), y=(16787, 2)
t2-rcn.npz: applied data scaling mode 'normalize'.
Loaded t2-rcn.npz: Unique train labels: UniqueCountsResult(values=array([-1,  3,  5, 10, 12, 15]), counts=array([24209,  5770,  3030,  2320,  7509,  7524]))
Noise labels ratio in t2-rcn.npz train: 0.24, test: 0.24
Loaded t2-rcn.npz: Remapped labels: [0 1 2 3 4 5]. Size: 50362)
t0-rcn.npz train: x=(51916, 1024), y=(51916, 2)
t0-rcn.npz test: x=(17305, 1024), y=(17305, 2)
t0-rcn.npz: applied data scaling mode 'normalize'.
Loaded t0-rcn.npz: Unique train labels: UniqueCountsResult(values=array([-1,  1,  8,  9, 11, 13, 14]), counts=array([24225,  4268,  2495,  2943,  3015,  7464,  7506]))
Noise labels ratio in t0-rcn.npz train: 0.23, test: 0.23
Loaded t0-rcn.npz: Remapped labels: [ 6  7  8  9 10 11 12]. Size: 51916)
t2-uclresm-25noise.npz train: moved sample axis (3, 350028, 1024) -> (350028, 3, 1024)
t2-uclresm-25noise.npz test: moved sample axis (3, 233351, 1024) -> (233351, 3, 1024)
t2-uclresm-25noise.npz train: x=(350028, 3, 1024), y=(350028,)
t2-uclresm-25noise.npz test: x=(233351, 3, 1024), y=(233351,)
t2-uclresm-25noise.npz: applied data scaling mode 'normalize'.
Loaded t2-uclresm-25noise.npz: Unique train labels: UniqueCountsResult(values=array([-1,  0,  1,  2,  3,  4]), counts=array([87441, 27347, 71754, 64298, 36005, 63183]))
Noise labels ratio in t2-uclresm-25noise.npz train: 0.25, test: 0.25
Loaded t2-uclresm-25noise.npz: Remapped labels: [13 14 15 16 17 18]. Size: 350028)
t0-deeprad.npz train: x=(24480, 1024), y=(24480, 2)
t0-deeprad.npz test: x=(8160, 1024), y=(8160, 2)
t0-deeprad.npz: applied data scaling mode 'normalize'.
Loaded t0-deeprad.npz: Unique train labels: UniqueCountsResult(values=array([-1,  0,  1,  2,  3,  4,  5]), counts=array([12240,  2029,  1983,  2043,  2154,  2015,  2016]))
Noise labels ratio in t0-deeprad.npz train: 0.25, test: 0.25
Loaded t0-deeprad.npz: Remapped labels: [19 20 21 22 23 24 25]. Size: 24480)
t1-deeprad.npz train: x=(24480, 1024), y=(24480, 2)
t1-deeprad.npz test: x=(8160, 1024), y=(8160, 2)
t1-deeprad.npz: applied data scaling mode 'normalize'.
Loaded t1-deeprad.npz: Unique train labels: UniqueCountsResult(values=array([-1,  0,  1,  2,  3,  4,  5]), counts=array([12240,  1988,  2029,  2054,  1988,  2053,  2128]))
Noise labels ratio in t1-deeprad.npz train: 0.25, test: 0.25
Loaded t1-deeprad.npz: Remapped labels: [26 27 28 29 30 31 32]. Size: 24480)
t1-uclresm-25noise.npz train: moved sample axis (3, 201410, 1024) -> (201410, 3, 1024)
t1-uclresm-25noise.npz test: moved sample axis (3, 116291, 1024) -> (116291, 3, 1024)
t1-uclresm-25noise.npz train: x=(201410, 3, 1024), y=(201410,)
t1-uclresm-25noise.npz test: x=(116291, 3, 1024), y=(116291,)
t1-uclresm-25noise.npz: applied data scaling mode 'normalize'.
Loaded t1-uclresm-25noise.npz: Unique train labels: UniqueCountsResult(values=array([-1,  0,  1,  2,  3,  4]), counts=array([43668, 18021, 17838, 18087, 31870, 71926]))
Noise labels ratio in t1-uclresm-25noise.npz train: 0.22, test: 0.25
Loaded t1-uclresm-25noise.npz: Remapped labels: [33 34 35 36 37 38]. Size: 201410)
t3-deeprad.npz train: x=(17340, 1024), y=(17340, 2)
t3-deeprad.npz test: x=(6800, 1024), y=(6800, 2)
t3-deeprad.npz: applied data scaling mode 'normalize'.
Loaded t3-deeprad.npz: Unique train labels: UniqueCountsResult(values=array([-1,  0,  1,  2,  3,  4]), counts=array([8670, 1693, 1677, 1794, 1716, 1790]))
Noise labels ratio in t3-deeprad.npz train: 0.25, test: 0.25
Loaded t3-deeprad.npz: Remapped labels: [39 40 41 42 43 44]. Size: 17340)
t0-uclresm-25noise.npz train: moved sample axis (3, 188050, 1024) -> (188050, 3, 1024)
t0-uclresm-25noise.npz test: moved sample axis (3, 107348, 1024) -> (107348, 3, 1024)
t0-uclresm-25noise.npz train: x=(188050, 3, 1024), y=(188050,)
t0-uclresm-25noise.npz test: x=(107348, 3, 1024), y=(107348,)
t0-uclresm-25noise.npz: applied data scaling mode 'normalize'.
Loaded t0-uclresm-25noise.npz: Unique train labels: UniqueCountsResult(values=array([-1,  0,  1,  2,  3,  4]), counts=array([40144, 32109, 17978, 17979, 18098, 61742]))
Noise labels ratio in t0-uclresm-25noise.npz train: 0.21, test: 0.25
Loaded t0-uclresm-25noise.npz: Remapped labels: [45 46 47 48 49 50]. Size: 188050)
t1-rcn.npz train: x=(36658, 1024), y=(36658, 2)
t1-rcn.npz test: x=(12220, 1024), y=(12220, 2)
t1-rcn.npz: applied data scaling mode 'normalize'.
Loaded t1-rcn.npz: Unique train labels: UniqueCountsResult(values=array([-1,  0,  2,  4,  6,  7, 16]), counts=array([20595,   824,  2087,  2606,  2396,  1716,  6434]))
Noise labels ratio in t1-rcn.npz train: 0.28, test: 0.28
Loaded t1-rcn.npz: Remapped labels: [51 52 53 54 55 56 57]. Size: 36658)
t2-deeprad.npz train: x=(17340, 1024), y=(17340, 2)
t2-deeprad.npz test: x=(6800, 1024), y=(6800, 2)
t2-deeprad.npz: applied data scaling mode 'normalize'.
Loaded t2-deeprad.npz: Unique train labels: UniqueCountsResult(values=array([-1,  0,  1,  2,  3,  4]), counts=array([8670, 1774, 1675, 1777, 1694, 1750]))
Noise labels ratio in t2-deeprad.npz train: 0.25, test: 0.25
Loaded t2-deeprad.npz: Remapped labels: [58 59 60 61 62 63]. Size: 17340)
Built classes_per_task: [6, 7, 6, 7, 7, 6, 6, 6, 7, 6]
Classes per task: [6, 7, 6, 7, 7, 6, 6, 6, 7, 6]
[STATE 2026-04-26 03:33:46] Loader 'task_incremental_loader' ready: 1024 inputs, 64 outputs, 10 tasks
n_outputs: 64 	n_tasks: 10
[STATE 2026-04-26 03:33:46] Logging to logs//bcl_dual/full-tasks_CIL_all-2026-04-26_03-32-41-4850/0
True
Model device: cuda:0
[STATE 2026-04-26 03:33:46] Model initialized on device cuda:0
[STATE 2026-04-26 03:33:46] Invoking continual life experience flow
[STATE 2026-04-26 03:33:46] Life experience start: 10 tasks queued
[STATE 2026-04-26 03:33:46] Using task-specific epoch schedule: {0: 10, 1: 10, 2: 3, 3: 20, 4: 20, 5: 5, 6: 20, 7: 5, 8: 20, 9: 10}
Task 0: 50362 training samples, 16787 test samples.
[STATE 2026-04-26 03:33:47] Task 0: zero-shot validation (pre-train)
---- Zero-shot (pre-train) task 0: rec_cls 0.1216 | prec_cls 0.1235 | f1_cls 0.0945 | det 0.4547 | pfa 0.7882 | total_f1 0.0945 ----
[STATE 2026-04-26 03:33:55] Starting task 0 (1/10)
[STATE 2026-04-26 03:33:55] Task 0 Epoch 1/10: entering train loop
[STATE 2026-04-26 03:35:50] Task 0 Epoch 1/10: running validation (end of epoch)
---- Eval at Epoch 0: cls [0.8241782359336285] | det_recall [0.8811641275200819] | det_fa [0.20346043015803397] ----
T0 Ep 1/10 | L 0.5685 | Train Acc 0.62 | Prec 0.63 | F1 0.59 | Det Rec 0.82 | Det FA 0.27 | Epoch Time 119.95s (Eval 5.29s, Train 114.66s)
[STATE 2026-04-26 03:35:55] T0 Ep 1/10 complete: Prec 0.6348 F1 0.5868 DetRec 0.8155 DetFA 0.2719 | 119.95s total (5.29s eval/114.66s train)
[STATE 2026-04-26 03:35:55] Task 0 Epoch 2/10: entering train loop
T0 Ep 2/10 | L 0.1088 | Train Acc 0.85 | Prec 0.87 | F1 0.80 | Det Rec 0.88 | Det FA 0.21 | Epoch Time 88.41s (Eval 0.00s, Train 88.41s)
[STATE 2026-04-26 03:37:24] T0 Ep 2/10 complete: Prec 0.8692 F1 0.8039 DetRec 0.8821 DetFA 0.2099 | 88.41s total (0.00s eval/88.41s train)
[STATE 2026-04-26 03:37:24] Task 0 Epoch 3/10: entering train loop
T0 Ep 3/10 | L 0.0668 | Train Acc 0.88 | Prec 0.90 | F1 0.83 | Det Rec 0.89 | Det FA 0.20 | Epoch Time 87.90s (Eval 0.00s, Train 87.90s)
[STATE 2026-04-26 03:38:51] T0 Ep 3/10 complete: Prec 0.8995 F1 0.8307 DetRec 0.8859 DetFA 0.2013 | 87.90s total (0.00s eval/87.90s train)
[STATE 2026-04-26 03:38:51] Task 0 Epoch 4/10: entering train loop
T0 Ep 4/10 | L 0.0435 | Train Acc 0.89 | Prec 0.91 | F1 0.84 | Det Rec 0.89 | Det FA 0.20 | Epoch Time 87.63s (Eval 0.00s, Train 87.63s)
[STATE 2026-04-26 03:40:19] T0 Ep 4/10 complete: Prec 0.9089 F1 0.8399 DetRec 0.8870 DetFA 0.2001 | 87.63s total (0.00s eval/87.63s train)
[STATE 2026-04-26 03:40:19] Task 0 Epoch 5/10: entering train loop
T0 Ep 5/10 | L 0.0340 | Train Acc 0.90 | Prec 0.92 | F1 0.85 | Det Rec 0.89 | Det FA 0.20 | Epoch Time 87.52s (Eval 0.00s, Train 87.52s)
[STATE 2026-04-26 03:41:47] T0 Ep 5/10 complete: Prec 0.9173 F1 0.8487 DetRec 0.8894 DetFA 0.1979 | 87.52s total (0.00s eval/87.52s train)
[STATE 2026-04-26 03:41:47] Task 0 Epoch 6/10: entering train loop
T0 Ep 6/10 | L 0.0273 | Train Acc 0.91 | Prec 0.92 | F1 0.85 | Det Rec 0.89 | Det FA 0.20 | Epoch Time 87.29s (Eval 0.00s, Train 87.29s)
[STATE 2026-04-26 03:43:14] T0 Ep 6/10 complete: Prec 0.9238 F1 0.8549 DetRec 0.8900 DetFA 0.1966 | 87.29s total (0.00s eval/87.29s train)
[STATE 2026-04-26 03:43:14] Task 0 Epoch 7/10: entering train loop
T0 Ep 7/10 | L 0.0235 | Train Acc 0.91 | Prec 0.93 | F1 0.86 | Det Rec 0.89 | Det FA 0.20 | Epoch Time 87.64s (Eval 0.00s, Train 87.64s)
[STATE 2026-04-26 03:44:41] T0 Ep 7/10 complete: Prec 0.9267 F1 0.8579 DetRec 0.8910 DetFA 0.1964 | 87.64s total (0.00s eval/87.64s train)
[STATE 2026-04-26 03:44:41] Task 0 Epoch 8/10: entering train loop
T0 Ep 8/10 | L 0.0208 | Train Acc 0.92 | Prec 0.93 | F1 0.86 | Det Rec 0.89 | Det FA 0.20 | Epoch Time 88.26s (Eval 0.00s, Train 88.26s)
[STATE 2026-04-26 03:46:10] T0 Ep 8/10 complete: Prec 0.9328 F1 0.8638 DetRec 0.8913 DetFA 0.1964 | 88.26s total (0.00s eval/88.26s train)
[STATE 2026-04-26 03:46:10] Task 0 Epoch 9/10: entering train loop
T0 Ep 9/10 | L 0.0185 | Train Acc 0.92 | Prec 0.94 | F1 0.87 | Det Rec 0.89 | Det FA 0.19 | Epoch Time 88.54s (Eval 0.00s, Train 88.54s)
[STATE 2026-04-26 03:47:38] T0 Ep 9/10 complete: Prec 0.9360 F1 0.8667 DetRec 0.8925 DetFA 0.1936 | 88.54s total (0.00s eval/88.54s train)
[STATE 2026-04-26 03:47:38] Task 0 Epoch 10/10: entering train loop
T0 Ep 10/10 | L 0.0169 | Train Acc 0.93 | Prec 0.94 | F1 0.87 | Det Rec 0.89 | Det FA 0.19 | Epoch Time 88.61s (Eval 0.00s, Train 88.61s)
[STATE 2026-04-26 03:49:07] T0 Ep 10/10 complete: Prec 0.9394 F1 0.8701 DetRec 0.8928 DetFA 0.1944 | 88.61s total (0.00s eval/88.61s train)
[STATE 2026-04-26 03:49:07] Task 0: running final validation.
[STATE 2026-04-26 03:49:12] Completed task 0 (1/10)
Task 1: 51916 training samples, 17305 test samples.
[STATE 2026-04-26 03:49:12] Task 1: zero-shot validation (pre-train)
---- Zero-shot (pre-train) task 1: rec_cls 0.2729 | prec_cls 0.2982 | f1_cls 0.1152 | det 0.5000 | pfa 1.0000 | total_f1 0.4778 ----
[STATE 2026-04-26 03:49:23] Starting task 1 (2/10)
[STATE 2026-04-26 03:49:23] Task 1 Epoch 1/10: entering train loop
[STATE 2026-04-26 03:51:40] Task 1 Epoch 1/10: running validation (end of epoch)
---- Eval at Epoch 0: cls [0.7802112964683044, 0.475911411586317] | det_recall [0.8474539779323707, 0.5015166947774611] | det_fa [0.28082818848537777, 0.9969666104450776] ----
T1 Ep 1/10 | L 0.9653 | Train Acc 0.52 | Prec 0.58 | F1 0.35 | Det Rec 0.52 | Det FA 0.95 | Epoch Time 147.25s (Eval 10.67s, Train 136.58s)
[STATE 2026-04-26 03:51:50] T1 Ep 1/10 complete: Prec 0.5802 F1 0.3500 DetRec 0.5164 DetFA 0.9493 | 147.25s total (10.67s eval/136.58s train)
[STATE 2026-04-26 03:51:50] Task 1 Epoch 2/10: entering train loop
T1 Ep 2/10 | L 2.9210 | Train Acc 0.41 | Prec 0.45 | F1 0.24 | Det Rec 0.50 | Det FA 1.00 | Epoch Time 137.34s (Eval 0.00s, Train 137.34s)
[STATE 2026-04-26 03:54:08] T1 Ep 2/10 complete: Prec 0.4530 F1 0.2379 DetRec 0.4997 DetFA 0.9990 | 137.34s total (0.00s eval/137.34s train)
[STATE 2026-04-26 03:54:08] Task 1 Epoch 3/10: entering train loop
T1 Ep 3/10 | L 14.7242 | Train Acc 0.29 | Prec 0.27 | F1 0.13 | Det Rec 0.50 | Det FA 1.00 | Epoch Time 137.53s (Eval 0.00s, Train 137.53s)
[STATE 2026-04-26 03:56:25] T1 Ep 3/10 complete: Prec 0.2699 F1 0.1260 DetRec 0.4998 DetFA 0.9998 | 137.53s total (0.00s eval/137.53s train)
[STATE 2026-04-26 03:56:25] Task 1 Epoch 4/10: entering train loop
T1 Ep 4/10 | L 118.7145 | Train Acc 0.22 | Prec 0.11 | F1 0.06 | Det Rec 0.50 | Det FA 1.00 | Epoch Time 137.15s (Eval 0.00s, Train 137.15s)
[STATE 2026-04-26 03:58:42] T1 Ep 4/10 complete: Prec 0.1077 F1 0.0611 DetRec 0.4996 DetFA 0.9977 | 137.15s total (0.00s eval/137.15s train)
[STATE 2026-04-26 03:58:42] Task 1 Epoch 5/10: entering train loop
T1 Ep 5/10 | L 436.1352 | Train Acc 0.19 | Prec 0.07 | F1 0.04 | Det Rec 0.50 | Det FA 0.99 | Epoch Time 137.09s (Eval 0.00s, Train 137.09s)
[STATE 2026-04-26 04:00:59] T1 Ep 5/10 complete: Prec 0.0681 F1 0.0443 DetRec 0.4988 DetFA 0.9876 | 137.09s total (0.00s eval/137.09s train)
[STATE 2026-04-26 04:00:59] Task 1 Epoch 6/10: entering train loop
T1 Ep 6/10 | L 2959.9438 | Train Acc 0.19 | Prec 0.07 | F1 0.04 | Det Rec 0.50 | Det FA 0.98 | Epoch Time 137.62s (Eval 0.00s, Train 137.62s)
[STATE 2026-04-26 04:03:17] T1 Ep 6/10 complete: Prec 0.0674 F1 0.0420 DetRec 0.4976 DetFA 0.9817 | 137.62s total (0.00s eval/137.62s train)
[STATE 2026-04-26 04:03:17] Task 1 Epoch 7/10: entering train loop
T1 Ep 7/10 | L 14622.6048 | Train Acc 0.18 | Prec 0.06 | F1 0.04 | Det Rec 0.50 | Det FA 0.97 | Epoch Time 136.78s (Eval 0.00s, Train 136.78s)
[STATE 2026-04-26 04:05:34] T1 Ep 7/10 complete: Prec 0.0590 F1 0.0415 DetRec 0.4961 DetFA 0.9660 | 136.78s total (0.00s eval/136.78s train)
[STATE 2026-04-26 04:05:34] Task 1 Epoch 8/10: entering train loop
T1 Ep 8/10 | L 75289.7615 | Train Acc 0.18 | Prec 0.07 | F1 0.05 | Det Rec 0.50 | Det FA 0.97 | Epoch Time 137.23s (Eval 0.00s, Train 137.23s)
[STATE 2026-04-26 04:07:51] T1 Ep 8/10 complete: Prec 0.0732 F1 0.0460 DetRec 0.4967 DetFA 0.9704 | 137.23s total (0.00s eval/137.23s train)
[STATE 2026-04-26 04:07:51] Task 1 Epoch 9/10: entering train loop
T1 Ep 9/10 | L 390600.1945 | Train Acc 0.18 | Prec 0.06 | F1 0.04 | Det Rec 0.50 | Det FA 0.97 | Epoch Time 135.99s (Eval 0.00s, Train 135.99s)
[STATE 2026-04-26 04:10:07] T1 Ep 9/10 complete: Prec 0.0578 F1 0.0407 DetRec 0.4975 DetFA 0.9712 | 135.99s total (0.00s eval/135.99s train)
[STATE 2026-04-26 04:10:07] Task 1 Epoch 10/10: entering train loop
T1 Ep 10/10 | L 1518830.8497 | Train Acc 0.18 | Prec 0.07 | F1 0.05 | Det Rec 0.50 | Det FA 0.96 | Epoch Time 137.28s (Eval 0.00s, Train 137.28s)
[STATE 2026-04-26 04:12:24] T1 Ep 10/10 complete: Prec 0.0673 F1 0.0466 DetRec 0.4959 DetFA 0.9611 | 137.28s total (0.00s eval/137.28s train)
[STATE 2026-04-26 04:12:24] Task 1: running final validation.
[STATE 2026-04-26 04:12:35] Completed task 1 (2/10)
Task 2: 350028 training samples, 175014 test samples.
[STATE 2026-04-26 04:12:36] Task 2: zero-shot validation (pre-train)
---- Zero-shot (pre-train) task 2: rec_cls 0.0048 | prec_cls 0.1192 | f1_cls 0.0746 | det 0.5067 | pfa 0.0105 | total_f1 0.1114 ----
[STATE 2026-04-26 04:13:40] Starting task 2 (3/10)
[STATE 2026-04-26 04:13:40] Task 2 Epoch 1/3: entering train loop
[STATE 2026-04-26 04:31:50] Task 2 Epoch 1/3: running validation (end of epoch)
---- Eval at Epoch 0: cls [0.22240011366805046, 0.16611458179763136, 0.20054604541154133] | det_recall [0.44912941704286724, 0.5, 0.56889052293523] | det_fa [0.6966640284076511, 1.0, 0.856592785016958] ----
T2 Ep 1/3 | L 1374936.4076 | Train Acc 0.20 | Prec 0.10 | F1 0.09 | Det Rec 0.57 | Det FA 0.80 | Epoch Time 1157.33s (Eval 66.83s, Train 1090.50s)
[STATE 2026-04-26 04:32:57] T2 Ep 1/3 complete: Prec 0.1046 F1 0.0948 DetRec 0.5705 DetFA 0.8017 | 1157.33s total (66.83s eval/1090.50s train)
[STATE 2026-04-26 04:32:57] Task 2 Epoch 2/3: entering train loop
T2 Ep 2/3 | L 374322.1455 | Train Acc 0.21 | Prec 0.08 | F1 0.11 | Det Rec 0.66 | Det FA 0.68 | Epoch Time 1019.97s (Eval 0.00s, Train 1019.97s)
[STATE 2026-04-26 04:49:57] T2 Ep 2/3 complete: Prec 0.0840 F1 0.1118 DetRec 0.6551 DetFA 0.6817 | 1019.97s total (0.00s eval/1019.97s train)
[STATE 2026-04-26 04:49:57] Task 2 Epoch 3/3: entering train loop
T2 Ep 3/3 | L 128667.5445 | Train Acc 0.20 | Prec 0.08 | F1 0.13 | Det Rec 0.71 | Det FA 0.57 | Epoch Time 1088.82s (Eval 0.00s, Train 1088.82s)
[STATE 2026-04-26 05:08:06] T2 Ep 3/3 complete: Prec 0.0823 F1 0.1319 DetRec 0.7108 DetFA 0.5722 | 1088.82s total (0.00s eval/1088.82s train)
[STATE 2026-04-26 05:08:06] Task 2: running final validation.
[STATE 2026-04-26 05:09:12] Completed task 2 (3/10)
Task 3: 24480 training samples, 8160 test samples.
[STATE 2026-04-26 05:09:12] Task 3: zero-shot validation (pre-train)
---- Zero-shot (pre-train) task 3: rec_cls 0.0000 | prec_cls 0.0000 | f1_cls 0.0950 | det 0.4983 | pfa 0.0042 | total_f1 0.1675 ----
[STATE 2026-04-26 05:10:22] Starting task 3 (4/10)
[STATE 2026-04-26 05:10:22] Task 3 Epoch 1/20: entering train loop
[STATE 2026-04-26 05:11:34] Task 3 Epoch 1/20: running validation (end of epoch)
---- Eval at Epoch 0: cls [0.2599318973032939, 0.16432035139224624, 0.224907302652588, 0.16557158856266] | det_recall [0.5110293846987453, 0.49953505286722866, 0.7115231674689081, 0.7808410519994831] | det_fa [0.9773702110248048, 0.9945759392904588, 0.47971496892469945, 0.4167866151013763] ----
T3 Ep 1/20 | L 1723588.7492 | Train Acc 0.16 | Prec 0.04 | F1 0.04 | Det Rec 0.52 | Det FA 0.96 | Epoch Time 141.25s (Eval 69.56s, Train 71.69s)
[STATE 2026-04-26 05:12:43] T3 Ep 1/20 complete: Prec 0.0368 F1 0.0393 DetRec 0.5179 DetFA 0.9621 | 141.25s total (69.56s eval/71.69s train)
[STATE 2026-04-26 05:12:43] Task 3 Epoch 2/20: entering train loop
T3 Ep 2/20 | L 1296764.2214 | Train Acc 0.17 | Prec 0.03 | F1 0.14 | Det Rec 0.81 | Det FA 0.35 | Epoch Time 71.28s (Eval 0.00s, Train 71.28s)
[STATE 2026-04-26 05:13:54] T3 Ep 2/20 complete: Prec 0.0313 F1 0.1417 DetRec 0.8101 DetFA 0.3522 | 71.28s total (0.00s eval/71.28s train)
[STATE 2026-04-26 05:13:54] Task 3 Epoch 3/20: entering train loop
T3 Ep 3/20 | L 780256.2297 | Train Acc 0.17 | Prec 0.05 | F1 0.06 | Det Rec 0.58 | Det FA 0.84 | Epoch Time 71.12s (Eval 0.00s, Train 71.12s)
[STATE 2026-04-26 05:15:06] T3 Ep 3/20 complete: Prec 0.0535 F1 0.0573 DetRec 0.5780 DetFA 0.8402 | 71.12s total (0.00s eval/71.12s train)
[STATE 2026-04-26 05:15:06] Task 3 Epoch 4/20: entering train loop
T3 Ep 4/20 | L 354347.3140 | Train Acc 0.18 | Prec 0.07 | F1 0.06 | Det Rec 0.51 | Det FA 0.97 | Epoch Time 70.34s (Eval 0.00s, Train 70.34s)
[STATE 2026-04-26 05:16:16] T3 Ep 4/20 complete: Prec 0.0719 F1 0.0599 DetRec 0.5142 DetFA 0.9709 | 70.34s total (0.00s eval/70.34s train)
[STATE 2026-04-26 05:16:16] Task 3 Epoch 5/20: entering train loop
T3 Ep 5/20 | L 407110.3487 | Train Acc 0.17 | Prec 0.03 | F1 0.05 | Det Rec 0.54 | Det FA 0.91 | Epoch Time 70.54s (Eval 0.00s, Train 70.54s)
[STATE 2026-04-26 05:17:26] T3 Ep 5/20 complete: Prec 0.0345 F1 0.0494 DetRec 0.5434 DetFA 0.9124 | 70.54s total (0.00s eval/70.54s train)
[STATE 2026-04-26 05:17:26] Task 3 Epoch 6/20: entering train loop
T3 Ep 6/20 | L 365245.8779 | Train Acc 0.17 | Prec 0.04 | F1 0.05 | Det Rec 0.56 | Det FA 0.89 | Epoch Time 70.53s (Eval 0.00s, Train 70.53s)
[STATE 2026-04-26 05:18:37] T3 Ep 6/20 complete: Prec 0.0428 F1 0.0476 DetRec 0.5570 DetFA 0.8852 | 70.53s total (0.00s eval/70.53s train)
[STATE 2026-04-26 05:18:37] Task 3 Epoch 7/20: entering train loop
T3 Ep 7/20 | L 256677.2081 | Train Acc 0.18 | Prec 0.07 | F1 0.09 | Det Rec 0.62 | Det FA 0.77 | Epoch Time 70.46s (Eval 0.00s, Train 70.46s)
[STATE 2026-04-26 05:19:47] T3 Ep 7/20 complete: Prec 0.0729 F1 0.0853 DetRec 0.6153 DetFA 0.7680 | 70.46s total (0.00s eval/70.46s train)
[STATE 2026-04-26 05:19:47] Task 3 Epoch 8/20: entering train loop
T3 Ep 8/20 | L 165298.3282 | Train Acc 0.17 | Prec 0.04 | F1 0.05 | Det Rec 0.54 | Det FA 0.93 | Epoch Time 70.38s (Eval 0.00s, Train 70.38s)
[STATE 2026-04-26 05:20:58] T3 Ep 8/20 complete: Prec 0.0375 F1 0.0516 DetRec 0.5372 DetFA 0.9256 | 70.38s total (0.00s eval/70.38s train)
[STATE 2026-04-26 05:20:58] Task 3 Epoch 9/20: entering train loop
T3 Ep 9/20 | L 115527.1323 | Train Acc 0.19 | Prec 0.04 | F1 0.05 | Det Rec 0.52 | Det FA 0.96 | Epoch Time 70.56s (Eval 0.00s, Train 70.56s)
[STATE 2026-04-26 05:22:08] T3 Ep 9/20 complete: Prec 0.0440 F1 0.0492 DetRec 0.5202 DetFA 0.9593 | 70.56s total (0.00s eval/70.56s train)
[STATE 2026-04-26 05:22:08] Task 3 Epoch 10/20: entering train loop
T3 Ep 10/20 | L 139009.7006 | Train Acc 0.17 | Prec 0.03 | F1 0.04 | Det Rec 0.51 | Det FA 0.98 | Epoch Time 70.56s (Eval 0.00s, Train 70.56s)
[STATE 2026-04-26 05:23:19] T3 Ep 10/20 complete: Prec 0.0308 F1 0.0352 DetRec 0.5100 DetFA 0.9800 | 70.56s total (0.00s eval/70.56s train)
[STATE 2026-04-26 05:23:19] Task 3 Epoch 11/20: entering train loop
T3 Ep 11/20 | L 536171.5849 | Train Acc 0.17 | Prec 0.04 | F1 0.03 | Det Rec 0.50 | Det FA 1.00 | Epoch Time 70.57s (Eval 0.00s, Train 70.57s)
[STATE 2026-04-26 05:24:29] T3 Ep 11/20 complete: Prec 0.0361 F1 0.0264 DetRec 0.5021 DetFA 0.9957 | 70.57s total (0.00s eval/70.57s train)
[STATE 2026-04-26 05:24:29] Task 3 Epoch 12/20: entering train loop
T3 Ep 12/20 | L 138750.5303 | Train Acc 0.17 | Prec 0.03 | F1 0.02 | Det Rec 0.51 | Det FA 0.99 | Epoch Time 71.10s (Eval 0.00s, Train 71.10s)
[STATE 2026-04-26 05:25:41] T3 Ep 12/20 complete: Prec 0.0323 F1 0.0248 DetRec 0.5062 DetFA 0.9875 | 71.10s total (0.00s eval/71.10s train)
[STATE 2026-04-26 05:25:41] Task 3 Epoch 13/20: entering train loop
T3 Ep 13/20 | L 221897.3861 | Train Acc 0.18 | Prec 0.04 | F1 0.03 | Det Rec 0.50 | Det FA 1.00 | Epoch Time 70.50s (Eval 0.00s, Train 70.50s)
[STATE 2026-04-26 05:26:51] T3 Ep 13/20 complete: Prec 0.0401 F1 0.0322 DetRec 0.5000 DetFA 1.0000 | 70.50s total (0.00s eval/70.50s train)
[STATE 2026-04-26 05:26:51] Task 3 Epoch 14/20: entering train loop
T3 Ep 14/20 | L 101419.6131 | Train Acc 0.17 | Prec 0.04 | F1 0.03 | Det Rec 0.50 | Det FA 1.00 | Epoch Time 71.42s (Eval 0.00s, Train 71.42s)
[STATE 2026-04-26 05:28:02] T3 Ep 14/20 complete: Prec 0.0394 F1 0.0263 DetRec 0.5000 DetFA 1.0000 | 71.42s total (0.00s eval/71.42s train)
[STATE 2026-04-26 05:28:02] Task 3 Epoch 15/20: entering train loop
T3 Ep 15/20 | L 90322.0564 | Train Acc 0.17 | Prec 0.03 | F1 0.02 | Det Rec 0.50 | Det FA 1.00 | Epoch Time 71.73s (Eval 0.00s, Train 71.73s)
[STATE 2026-04-26 05:29:14] T3 Ep 15/20 complete: Prec 0.0271 F1 0.0219 DetRec 0.5000 DetFA 1.0000 | 71.73s total (0.00s eval/71.73s train)
[STATE 2026-04-26 05:29:14] Task 3 Epoch 16/20: entering train loop
T3 Ep 16/20 | L 71262.9291 | Train Acc 0.17 | Prec 0.03 | F1 0.02 | Det Rec 0.50 | Det FA 1.00 | Epoch Time 71.68s (Eval 0.00s, Train 71.68s)
[STATE 2026-04-26 05:30:26] T3 Ep 16/20 complete: Prec 0.0271 F1 0.0214 DetRec 0.5000 DetFA 1.0000 | 71.68s total (0.00s eval/71.68s train)
[STATE 2026-04-26 05:30:26] Task 3 Epoch 17/20: entering train loop
T3 Ep 17/20 | L 117420.7209 | Train Acc 0.29 | Prec 0.10 | F1 0.08 | Det Rec 0.50 | Det FA 1.00 | Epoch Time 71.68s (Eval 0.00s, Train 71.68s)
[STATE 2026-04-26 05:31:38] T3 Ep 17/20 complete: Prec 0.0991 F1 0.0824 DetRec 0.5000 DetFA 1.0000 | 71.68s total (0.00s eval/71.68s train)
[STATE 2026-04-26 05:31:38] Task 3 Epoch 18/20: entering train loop
T3 Ep 18/20 | L 100818.5524 | Train Acc 0.27 | Prec 0.09 | F1 0.07 | Det Rec 0.50 | Det FA 1.00 | Epoch Time 71.67s (Eval 0.00s, Train 71.67s)
[STATE 2026-04-26 05:32:49] T3 Ep 18/20 complete: Prec 0.0919 F1 0.0716 DetRec 0.5000 DetFA 1.0000 | 71.67s total (0.00s eval/71.67s train)
[STATE 2026-04-26 05:32:49] Task 3 Epoch 19/20: entering train loop
T3 Ep 19/20 | L 128654.0770 | Train Acc 0.20 | Prec 0.05 | F1 0.04 | Det Rec 0.50 | Det FA 1.00 | Epoch Time 70.50s (Eval 0.00s, Train 70.50s)
[STATE 2026-04-26 05:34:00] T3 Ep 19/20 complete: Prec 0.0498 F1 0.0369 DetRec 0.5000 DetFA 1.0000 | 70.50s total (0.00s eval/70.50s train)
[STATE 2026-04-26 05:34:00] Task 3 Epoch 20/20: entering train loop
T3 Ep 20/20 | L 93643.4515 | Train Acc 0.17 | Prec 0.03 | F1 0.02 | Det Rec 0.50 | Det FA 1.00 | Epoch Time 70.50s (Eval 0.00s, Train 70.50s)
[STATE 2026-04-26 05:35:10] T3 Ep 20/20 complete: Prec 0.0270 F1 0.0214 DetRec 0.5000 DetFA 1.0000 | 70.50s total (0.00s eval/70.50s train)
[STATE 2026-04-26 05:35:10] Task 3: running final validation.
[STATE 2026-04-26 05:36:20] Completed task 3 (4/10)
Task 4: 24480 training samples, 8160 test samples.
[STATE 2026-04-26 05:36:20] Task 4: zero-shot validation (pre-train)
---- Zero-shot (pre-train) task 4: rec_cls 0.1807 | prec_cls 0.0734 | f1_cls 0.0412 | det 0.5010 | pfa 0.9981 | total_f1 0.1062 ----
[STATE 2026-04-26 05:37:32] Starting task 4 (5/10)
[STATE 2026-04-26 05:37:32] Task 4 Epoch 1/20: entering train loop
[STATE 2026-04-26 05:38:42] Task 4 Epoch 1/20: running validation (end of epoch)
---- Eval at Epoch 0: cls [0.2445402844844035, 0.1747091711591379, 0.1826119922539088, 0.25087449866433364, 0.16666666666666663] | det_recall [0.5048075983216936, 0.4758038441113064, 0.6136267399282156, 0.8477427401930262, 0.6787925614807274] | det_fa [0.9843306423890869, 0.9598275216901024, 0.6741763628575647, 0.3013127006061431, 0.6391481836235705] ----
T4 Ep 1/20 | L 427356.3760 | Train Acc 0.16 | Prec 0.03 | F1 0.05 | Det Rec 0.53 | Det FA 0.92 | Epoch Time 142.68s (Eval 72.13s, Train 70.54s)
[STATE 2026-04-26 05:39:54] T4 Ep 1/20 complete: Prec 0.0343 F1 0.0472 DetRec 0.5294 DetFA 0.9184 | 142.68s total (72.13s eval/70.54s train)
[STATE 2026-04-26 05:39:54] Task 4 Epoch 2/20: entering train loop
T4 Ep 2/20 | L 527894.6375 | Train Acc 0.17 | Prec 0.04 | F1 0.10 | Det Rec 0.62 | Det FA 0.74 | Epoch Time 70.41s (Eval 0.00s, Train 70.41s)
[STATE 2026-04-26 05:41:05] T4 Ep 2/20 complete: Prec 0.0388 F1 0.1008 DetRec 0.6204 DetFA 0.7367 | 70.41s total (0.00s eval/70.41s train)
[STATE 2026-04-26 05:41:05] Task 4 Epoch 3/20: entering train loop
T4 Ep 3/20 | L 460644.6936 | Train Acc 0.16 | Prec 0.04 | F1 0.12 | Det Rec 0.69 | Det FA 0.57 | Epoch Time 70.24s (Eval 0.00s, Train 70.24s)
[STATE 2026-04-26 05:42:15] T4 Ep 3/20 complete: Prec 0.0351 F1 0.1158 DetRec 0.6873 DetFA 0.5709 | 70.24s total (0.00s eval/70.24s train)
[STATE 2026-04-26 05:42:15] Task 4 Epoch 4/20: entering train loop
T4 Ep 4/20 | L 532318.6722 | Train Acc 0.17 | Prec 0.04 | F1 0.10 | Det Rec 0.62 | Det FA 0.69 | Epoch Time 70.38s (Eval 0.00s, Train 70.38s)
[STATE 2026-04-26 05:43:25] T4 Ep 4/20 complete: Prec 0.0351 F1 0.0990 DetRec 0.6198 DetFA 0.6886 | 70.38s total (0.00s eval/70.38s train)
[STATE 2026-04-26 05:43:25] Task 4 Epoch 5/20: entering train loop
T4 Ep 5/20 | L 194681.4264 | Train Acc 0.17 | Prec 0.04 | F1 0.08 | Det Rec 0.58 | Det FA 0.75 | Epoch Time 70.15s (Eval 0.00s, Train 70.15s)
[STATE 2026-04-26 05:44:36] T4 Ep 5/20 complete: Prec 0.0352 F1 0.0793 DetRec 0.5813 DetFA 0.7524 | 70.15s total (0.00s eval/70.15s train)
[STATE 2026-04-26 05:44:36] Task 4 Epoch 6/20: entering train loop
T4 Ep 6/20 | L 146038.3377 | Train Acc 0.17 | Prec 0.04 | F1 0.08 | Det Rec 0.58 | Det FA 0.79 | Epoch Time 70.20s (Eval 0.00s, Train 70.20s)
[STATE 2026-04-26 05:45:46] T4 Ep 6/20 complete: Prec 0.0352 F1 0.0799 DetRec 0.5838 DetFA 0.7946 | 70.20s total (0.00s eval/70.20s train)
[STATE 2026-04-26 05:45:46] Task 4 Epoch 7/20: entering train loop
T4 Ep 7/20 | L 191085.1854 | Train Acc 0.19 | Prec 0.05 | F1 0.10 | Det Rec 0.61 | Det FA 0.73 | Epoch Time 70.18s (Eval 0.00s, Train 70.18s)
[STATE 2026-04-26 05:46:56] T4 Ep 7/20 complete: Prec 0.0523 F1 0.0994 DetRec 0.6125 DetFA 0.7278 | 70.18s total (0.00s eval/70.18s train)
[STATE 2026-04-26 05:46:56] Task 4 Epoch 8/20: entering train loop
T4 Ep 8/20 | L 186354.7599 | Train Acc 0.18 | Prec 0.05 | F1 0.08 | Det Rec 0.57 | Det FA 0.82 | Epoch Time 70.76s (Eval 0.00s, Train 70.76s)
[STATE 2026-04-26 05:48:07] T4 Ep 8/20 complete: Prec 0.0517 F1 0.0774 DetRec 0.5721 DetFA 0.8216 | 70.76s total (0.00s eval/70.76s train)
[STATE 2026-04-26 05:48:07] Task 4 Epoch 9/20: entering train loop
T4 Ep 9/20 | L 719693.8263 | Train Acc 0.17 | Prec 0.03 | F1 0.03 | Det Rec 0.50 | Det FA 0.98 | Epoch Time 70.25s (Eval 0.00s, Train 70.25s)
[STATE 2026-04-26 05:49:17] T4 Ep 9/20 complete: Prec 0.0325 F1 0.0298 DetRec 0.5045 DetFA 0.9815 | 70.25s total (0.00s eval/70.25s train)
[STATE 2026-04-26 05:49:17] Task 4 Epoch 10/20: entering train loop
T4 Ep 10/20 | L 355002.8553 | Train Acc 0.17 | Prec 0.03 | F1 0.03 | Det Rec 0.51 | Det FA 0.98 | Epoch Time 70.18s (Eval 0.00s, Train 70.18s)
[STATE 2026-04-26 05:50:27] T4 Ep 10/20 complete: Prec 0.0293 F1 0.0305 DetRec 0.5070 DetFA 0.9818 | 70.18s total (0.00s eval/70.18s train)
[STATE 2026-04-26 05:50:27] Task 4 Epoch 11/20: entering train loop
T4 Ep 11/20 | L 240711.5171 | Train Acc 0.17 | Prec 0.03 | F1 0.03 | Det Rec 0.51 | Det FA 0.99 | Epoch Time 70.32s (Eval 0.00s, Train 70.32s)
[STATE 2026-04-26 05:51:37] T4 Ep 11/20 complete: Prec 0.0322 F1 0.0337 DetRec 0.5051 DetFA 0.9883 | 70.32s total (0.00s eval/70.32s train)
[STATE 2026-04-26 05:51:37] Task 4 Epoch 12/20: entering train loop
T4 Ep 12/20 | L 126516.2538 | Train Acc 0.17 | Prec 0.03 | F1 0.03 | Det Rec 0.50 | Det FA 1.00 | Epoch Time 70.23s (Eval 0.00s, Train 70.23s)
[STATE 2026-04-26 05:52:48] T4 Ep 12/20 complete: Prec 0.0323 F1 0.0268 DetRec 0.5000 DetFA 0.9997 | 70.23s total (0.00s eval/70.23s train)
[STATE 2026-04-26 05:52:48] Task 4 Epoch 13/20: entering train loop
T4 Ep 13/20 | L 179902.3834 | Train Acc 0.17 | Prec 0.03 | F1 0.03 | Det Rec 0.51 | Det FA 0.97 | Epoch Time 70.67s (Eval 0.00s, Train 70.67s)
[STATE 2026-04-26 05:53:58] T4 Ep 13/20 complete: Prec 0.0310 F1 0.0339 DetRec 0.5146 DetFA 0.9699 | 70.67s total (0.00s eval/70.67s train)
[STATE 2026-04-26 05:53:58] Task 4 Epoch 14/20: entering train loop
T4 Ep 14/20 | L 84194.7556 | Train Acc 0.17 | Prec 0.03 | F1 0.03 | Det Rec 0.50 | Det FA 0.99 | Epoch Time 70.22s (Eval 0.00s, Train 70.22s)
[STATE 2026-04-26 05:55:09] T4 Ep 14/20 complete: Prec 0.0330 F1 0.0302 DetRec 0.5030 DetFA 0.9938 | 70.22s total (0.00s eval/70.22s train)
[STATE 2026-04-26 05:55:09] Task 4 Epoch 15/20: entering train loop
T4 Ep 15/20 | L 78262.9684 | Train Acc 0.17 | Prec 0.03 | F1 0.02 | Det Rec 0.50 | Det FA 1.00 | Epoch Time 70.64s (Eval 0.00s, Train 70.64s)
[STATE 2026-04-26 05:56:19] T4 Ep 15/20 complete: Prec 0.0280 F1 0.0223 DetRec 0.5000 DetFA 0.9999 | 70.64s total (0.00s eval/70.64s train)
[STATE 2026-04-26 05:56:19] Task 4 Epoch 16/20: entering train loop
T4 Ep 16/20 | L 150988.3050 | Train Acc 0.17 | Prec 0.04 | F1 0.04 | Det Rec 0.50 | Det FA 1.00 | Epoch Time 70.17s (Eval 0.00s, Train 70.17s)
[STATE 2026-04-26 05:57:29] T4 Ep 16/20 complete: Prec 0.0373 F1 0.0426 DetRec 0.5000 DetFA 1.0000 | 70.17s total (0.00s eval/70.17s train)
[STATE 2026-04-26 05:57:29] Task 4 Epoch 17/20: entering train loop
T4 Ep 17/20 | L 51696.9700 | Train Acc 0.17 | Prec 0.04 | F1 0.05 | Det Rec 0.50 | Det FA 1.00 | Epoch Time 71.73s (Eval 0.00s, Train 71.73s)
[STATE 2026-04-26 05:58:41] T4 Ep 17/20 complete: Prec 0.0370 F1 0.0472 DetRec 0.5000 DetFA 1.0000 | 71.73s total (0.00s eval/71.73s train)
[STATE 2026-04-26 05:58:41] Task 4 Epoch 18/20: entering train loop
T4 Ep 18/20 | L 63317.7375 | Train Acc 0.17 | Prec 0.04 | F1 0.05 | Det Rec 0.50 | Det FA 1.00 | Epoch Time 70.37s (Eval 0.00s, Train 70.37s)
[STATE 2026-04-26 05:59:52] T4 Ep 18/20 complete: Prec 0.0368 F1 0.0452 DetRec 0.5000 DetFA 1.0000 | 70.37s total (0.00s eval/70.37s train)
[STATE 2026-04-26 05:59:52] Task 4 Epoch 19/20: entering train loop
T4 Ep 19/20 | L 64388.1169 | Train Acc 0.17 | Prec 0.03 | F1 0.03 | Det Rec 0.50 | Det FA 1.00 | Epoch Time 70.18s (Eval 0.00s, Train 70.18s)
[STATE 2026-04-26 06:01:02] T4 Ep 19/20 complete: Prec 0.0329 F1 0.0273 DetRec 0.5000 DetFA 1.0000 | 70.18s total (0.00s eval/70.18s train)
[STATE 2026-04-26 06:01:02] Task 4 Epoch 20/20: entering train loop
T4 Ep 20/20 | L 95696.3664 | Train Acc 0.17 | Prec 0.04 | F1 0.05 | Det Rec 0.50 | Det FA 1.00 | Epoch Time 70.18s (Eval 0.00s, Train 70.18s)
[STATE 2026-04-26 06:02:12] T4 Ep 20/20 complete: Prec 0.0372 F1 0.0484 DetRec 0.5000 DetFA 1.0000 | 70.18s total (0.00s eval/70.18s train)
[STATE 2026-04-26 06:02:12] Task 4: running final validation.
[STATE 2026-04-26 06:03:24] Completed task 4 (5/10)
Task 5: 201410 training samples, 100705 test samples.
[STATE 2026-04-26 06:03:24] Task 5: zero-shot validation (pre-train)
---- Zero-shot (pre-train) task 5: rec_cls 0.2006 | prec_cls 0.1017 | f1_cls 0.0647 | det 0.5000 | pfa 1.0000 | total_f1 0.0905 ----
[STATE 2026-04-26 06:05:08] Starting task 5 (6/10)
[STATE 2026-04-26 06:05:08] Task 5 Epoch 1/5: entering train loop
[STATE 2026-04-26 06:15:10] Task 5 Epoch 1/5: running validation (end of epoch)
---- Eval at Epoch 0: cls [0.07335172838434058, 0.1666666666666667, 0.19781914843300635, 0.16666666666666663, 0.16666666666666663, 0.19999111675126915] | det_recall [0.32192421316236774, 0.5001206129510628, 0.5000371711996278, 0.5001240079365079, 0.5007167063858571, 0.5022095433783397] | det_fa [0.6624319115700765, 0.9997587740978744, 0.9981472431113948, 0.9997519841269842, 0.9985665872282858, 0.9922129831055733] ----
T5 Ep 1/5 | L 1960711.1628 | Train Acc 0.20 | Prec 0.03 | F1 0.05 | Det Rec 0.52 | Det FA 0.95 | Epoch Time 705.61s (Eval 104.13s, Train 601.48s)
[STATE 2026-04-26 06:16:54] T5 Ep 1/5 complete: Prec 0.0285 F1 0.0455 DetRec 0.5202 DetFA 0.9455 | 705.61s total (104.13s eval/601.48s train)
[STATE 2026-04-26 06:16:54] Task 5 Epoch 2/5: entering train loop
T5 Ep 2/5 | L 538370.5452 | Train Acc 0.20 | Prec 0.03 | F1 0.03 | Det Rec 0.50 | Det FA 1.00 | Epoch Time 601.41s (Eval 0.00s, Train 601.41s)
[STATE 2026-04-26 06:26:55] T5 Ep 2/5 complete: Prec 0.0269 F1 0.0326 DetRec 0.5015 DetFA 0.9961 | 601.41s total (0.00s eval/601.41s train)
[STATE 2026-04-26 06:26:55] Task 5 Epoch 3/5: entering train loop
T5 Ep 3/5 | L 243848.2244 | Train Acc 0.20 | Prec 0.02 | F1 0.03 | Det Rec 0.50 | Det FA 1.00 | Epoch Time 601.46s (Eval 0.00s, Train 601.46s)
[STATE 2026-04-26 06:36:57] T5 Ep 3/5 complete: Prec 0.0245 F1 0.0290 DetRec 0.5000 DetFA 1.0000 | 601.46s total (0.00s eval/601.46s train)
[STATE 2026-04-26 06:36:57] Task 5 Epoch 4/5: entering train loop
T5 Ep 4/5 | L 147144.4440 | Train Acc 0.20 | Prec 0.03 | F1 0.03 | Det Rec 0.50 | Det FA 1.00 | Epoch Time 600.64s (Eval 0.00s, Train 600.64s)
[STATE 2026-04-26 06:46:57] T5 Ep 4/5 complete: Prec 0.0294 F1 0.0315 DetRec 0.5000 DetFA 1.0000 | 600.64s total (0.00s eval/600.64s train)
[STATE 2026-04-26 06:46:57] Task 5 Epoch 5/5: entering train loop
T5 Ep 5/5 | L 93075.1996 | Train Acc 0.20 | Prec 0.03 | F1 0.03 | Det Rec 0.50 | Det FA 1.00 | Epoch Time 717.11s (Eval 0.00s, Train 717.11s)
[STATE 2026-04-26 06:58:54] T5 Ep 5/5 complete: Prec 0.0272 F1 0.0306 DetRec 0.5000 DetFA 1.0000 | 717.11s total (0.00s eval/717.11s train)
[STATE 2026-04-26 06:58:54] Task 5: running final validation.
[STATE 2026-04-26 07:01:37] Completed task 5 (6/10)
Task 6: 17340 training samples, 6800 test samples.
[STATE 2026-04-26 07:01:37] Task 6: zero-shot validation (pre-train)
---- Zero-shot (pre-train) task 6: rec_cls 0.1997 | prec_cls 0.0372 | f1_cls 0.0284 | det 0.5000 | pfa 1.0000 | total_f1 0.0569 ----
[STATE 2026-04-26 07:03:30] Starting task 6 (7/10)
[STATE 2026-04-26 07:03:30] Task 6 Epoch 1/20: entering train loop
[STATE 2026-04-26 07:04:19] Task 6 Epoch 1/20: running validation (end of epoch)
---- Eval at Epoch 0: cls [0.1172414431106111, 0.16516145165487478, 0.19311349723076687, 0.1651883873422047, 0.16666666666666663, 0.20572655835948753, 0.2] | det_recall [0.6326070692789882, 0.5007591121392598, 0.5023254757043472, 0.5, 0.5, 0.5, 0.5] | det_fa [0.12493081631914586, 0.995788005901378, 0.9925263860543514, 1.0, 1.0, 1.0, 1.0] ----
T6 Ep 1/20 | L 575027.1437 | Train Acc 0.20 | Prec 0.04 | F1 0.04 | Det Rec 0.50 | Det FA 1.00 | Epoch Time 151.09s (Eval 101.81s, Train 49.28s)
[STATE 2026-04-26 07:06:01] T6 Ep 1/20 complete: Prec 0.0450 F1 0.0375 DetRec 0.5000 DetFA 1.0000 | 151.09s total (101.81s eval/49.28s train)
[STATE 2026-04-26 07:06:01] Task 6 Epoch 2/20: entering train loop
T6 Ep 2/20 | L 844059.5687 | Train Acc 0.20 | Prec 0.05 | F1 0.03 | Det Rec 0.50 | Det FA 1.00 | Epoch Time 49.28s (Eval 0.00s, Train 49.28s)
[STATE 2026-04-26 07:06:50] T6 Ep 2/20 complete: Prec 0.0507 F1 0.0345 DetRec 0.5000 DetFA 1.0000 | 49.28s total (0.00s eval/49.28s train)
[STATE 2026-04-26 07:06:50] Task 6 Epoch 3/20: entering train loop
T6 Ep 3/20 | L 598690.9066 | Train Acc 0.20 | Prec 0.04 | F1 0.03 | Det Rec 0.50 | Det FA 1.00 | Epoch Time 49.26s (Eval 0.00s, Train 49.26s)
[STATE 2026-04-26 07:07:40] T6 Ep 3/20 complete: Prec 0.0410 F1 0.0308 DetRec 0.5000 DetFA 1.0000 | 49.26s total (0.00s eval/49.26s train)
[STATE 2026-04-26 07:07:40] Task 6 Epoch 4/20: entering train loop
T6 Ep 4/20 | L 13681507.6898 | Train Acc 0.20 | Prec 0.04 | F1 0.03 | Det Rec 0.50 | Det FA 1.00 | Epoch Time 49.29s (Eval 0.00s, Train 49.29s)
[STATE 2026-04-26 07:08:29] T6 Ep 4/20 complete: Prec 0.0400 F1 0.0301 DetRec 0.5000 DetFA 1.0000 | 49.29s total (0.00s eval/49.29s train)
[STATE 2026-04-26 07:08:29] Task 6 Epoch 5/20: entering train loop
T6 Ep 5/20 | L 784670.1254 | Train Acc 0.20 | Prec 0.04 | F1 0.03 | Det Rec 0.50 | Det FA 1.00 | Epoch Time 49.23s (Eval 0.00s, Train 49.23s)
[STATE 2026-04-26 07:09:18] T6 Ep 5/20 complete: Prec 0.0392 F1 0.0296 DetRec 0.5000 DetFA 1.0000 | 49.23s total (0.00s eval/49.23s train)
[STATE 2026-04-26 07:09:18] Task 6 Epoch 6/20: entering train loop
T6 Ep 6/20 | L 292354.1436 | Train Acc 0.20 | Prec 0.04 | F1 0.03 | Det Rec 0.50 | Det FA 1.00 | Epoch Time 49.29s (Eval 0.00s, Train 49.29s)
[STATE 2026-04-26 07:10:07] T6 Ep 6/20 complete: Prec 0.0392 F1 0.0296 DetRec 0.5000 DetFA 1.0000 | 49.29s total (0.00s eval/49.29s train)
[STATE 2026-04-26 07:10:07] Task 6 Epoch 7/20: entering train loop
T6 Ep 7/20 | L 413899.8423 | Train Acc 0.20 | Prec 0.04 | F1 0.03 | Det Rec 0.50 | Det FA 1.00 | Epoch Time 49.49s (Eval 0.00s, Train 49.49s)
[STATE 2026-04-26 07:10:57] T6 Ep 7/20 complete: Prec 0.0392 F1 0.0296 DetRec 0.5000 DetFA 1.0000 | 49.49s total (0.00s eval/49.49s train)
[STATE 2026-04-26 07:10:57] Task 6 Epoch 8/20: entering train loop
T6 Ep 8/20 | L 332135.6729 | Train Acc 0.20 | Prec 0.04 | F1 0.03 | Det Rec 0.50 | Det FA 1.00 | Epoch Time 49.33s (Eval 0.00s, Train 49.33s)
[STATE 2026-04-26 07:11:46] T6 Ep 8/20 complete: Prec 0.0392 F1 0.0296 DetRec 0.5000 DetFA 1.0000 | 49.33s total (0.00s eval/49.33s train)
[STATE 2026-04-26 07:11:46] Task 6 Epoch 9/20: entering train loop
T6 Ep 9/20 | L 156661.7952 | Train Acc 0.20 | Prec 0.04 | F1 0.03 | Det Rec 0.50 | Det FA 1.00 | Epoch Time 49.16s (Eval 0.00s, Train 49.16s)
[STATE 2026-04-26 07:12:35] T6 Ep 9/20 complete: Prec 0.0392 F1 0.0296 DetRec 0.5000 DetFA 1.0000 | 49.16s total (0.00s eval/49.16s train)
[STATE 2026-04-26 07:12:35] Task 6 Epoch 10/20: entering train loop
T6 Ep 10/20 | L 427692.2333 | Train Acc 0.20 | Prec 0.04 | F1 0.03 | Det Rec 0.50 | Det FA 1.00 | Epoch Time 49.32s (Eval 0.00s, Train 49.32s)
[STATE 2026-04-26 07:13:25] T6 Ep 10/20 complete: Prec 0.0392 F1 0.0296 DetRec 0.5000 DetFA 1.0000 | 49.32s total (0.00s eval/49.32s train)
[STATE 2026-04-26 07:13:25] Task 6 Epoch 11/20: entering train loop
T6 Ep 11/20 | L 134492.0668 | Train Acc 0.20 | Prec 0.04 | F1 0.03 | Det Rec 0.50 | Det FA 1.00 | Epoch Time 49.32s (Eval 0.00s, Train 49.32s)
[STATE 2026-04-26 07:14:14] T6 Ep 11/20 complete: Prec 0.0392 F1 0.0296 DetRec 0.5000 DetFA 1.0000 | 49.32s total (0.00s eval/49.32s train)
[STATE 2026-04-26 07:14:14] Task 6 Epoch 12/20: entering train loop
T6 Ep 12/20 | L 124205.2895 | Train Acc 0.20 | Prec 0.04 | F1 0.03 | Det Rec 0.50 | Det FA 1.00 | Epoch Time 49.34s (Eval 0.00s, Train 49.34s)
[STATE 2026-04-26 07:15:03] T6 Ep 12/20 complete: Prec 0.0392 F1 0.0296 DetRec 0.5000 DetFA 1.0000 | 49.34s total (0.00s eval/49.34s train)
[STATE 2026-04-26 07:15:03] Task 6 Epoch 13/20: entering train loop
T6 Ep 13/20 | L 162242.2015 | Train Acc 0.20 | Prec 0.04 | F1 0.03 | Det Rec 0.50 | Det FA 1.00 | Epoch Time 49.20s (Eval 0.00s, Train 49.20s)
[STATE 2026-04-26 07:15:53] T6 Ep 13/20 complete: Prec 0.0392 F1 0.0296 DetRec 0.5000 DetFA 1.0000 | 49.20s total (0.00s eval/49.20s train)
[STATE 2026-04-26 07:15:53] Task 6 Epoch 14/20: entering train loop
T6 Ep 14/20 | L 495385.8349 | Train Acc 0.20 | Prec 0.04 | F1 0.03 | Det Rec 0.50 | Det FA 1.00 | Epoch Time 49.15s (Eval 0.00s, Train 49.15s)
[STATE 2026-04-26 07:16:42] T6 Ep 14/20 complete: Prec 0.0392 F1 0.0296 DetRec 0.5000 DetFA 1.0000 | 49.15s total (0.00s eval/49.15s train)
[STATE 2026-04-26 07:16:42] Task 6 Epoch 15/20: entering train loop
T6 Ep 15/20 | L 137408.2090 | Train Acc 0.20 | Prec 0.04 | F1 0.03 | Det Rec 0.50 | Det FA 1.00 | Epoch Time 49.25s (Eval 0.00s, Train 49.25s)
[STATE 2026-04-26 07:17:31] T6 Ep 15/20 complete: Prec 0.0392 F1 0.0296 DetRec 0.5000 DetFA 1.0000 | 49.25s total (0.00s eval/49.25s train)
[STATE 2026-04-26 07:17:31] Task 6 Epoch 16/20: entering train loop
T6 Ep 16/20 | L 101380.4968 | Train Acc 0.20 | Prec 0.04 | F1 0.03 | Det Rec 0.50 | Det FA 1.00 | Epoch Time 49.23s (Eval 0.00s, Train 49.23s)
[STATE 2026-04-26 07:18:20] T6 Ep 16/20 complete: Prec 0.0392 F1 0.0296 DetRec 0.5000 DetFA 1.0000 | 49.23s total (0.00s eval/49.23s train)
[STATE 2026-04-26 07:18:20] Task 6 Epoch 17/20: entering train loop
T6 Ep 17/20 | L 80983.6058 | Train Acc 0.20 | Prec 0.04 | F1 0.03 | Det Rec 0.50 | Det FA 1.00 | Epoch Time 49.23s (Eval 0.00s, Train 49.23s)
[STATE 2026-04-26 07:19:09] T6 Ep 17/20 complete: Prec 0.0392 F1 0.0296 DetRec 0.5000 DetFA 1.0000 | 49.23s total (0.00s eval/49.23s train)
[STATE 2026-04-26 07:19:09] Task 6 Epoch 18/20: entering train loop
T6 Ep 18/20 | L 158080.5507 | Train Acc 0.20 | Prec 0.04 | F1 0.03 | Det Rec 0.50 | Det FA 1.00 | Epoch Time 49.27s (Eval 0.00s, Train 49.27s)
[STATE 2026-04-26 07:19:59] T6 Ep 18/20 complete: Prec 0.0392 F1 0.0296 DetRec 0.5000 DetFA 1.0000 | 49.27s total (0.00s eval/49.27s train)
[STATE 2026-04-26 07:19:59] Task 6 Epoch 19/20: entering train loop
T6 Ep 19/20 | L 88383.0143 | Train Acc 0.20 | Prec 0.04 | F1 0.03 | Det Rec 0.50 | Det FA 1.00 | Epoch Time 49.32s (Eval 0.00s, Train 49.32s)
[STATE 2026-04-26 07:20:48] T6 Ep 19/20 complete: Prec 0.0392 F1 0.0296 DetRec 0.5000 DetFA 1.0000 | 49.32s total (0.00s eval/49.32s train)
[STATE 2026-04-26 07:20:48] Task 6 Epoch 20/20: entering train loop
T6 Ep 20/20 | L 119769.7924 | Train Acc 0.20 | Prec 0.04 | F1 0.03 | Det Rec 0.50 | Det FA 1.00 | Epoch Time 49.30s (Eval 0.00s, Train 49.30s)
[STATE 2026-04-26 07:21:37] T6 Ep 20/20 complete: Prec 0.0392 F1 0.0296 DetRec 0.5000 DetFA 1.0000 | 49.30s total (0.00s eval/49.30s train)
[STATE 2026-04-26 07:21:37] Task 6: running final validation.
[STATE 2026-04-26 07:23:19] Completed task 6 (7/10)
Task 7: 188050 training samples, 94025 test samples.
[STATE 2026-04-26 07:23:20] Task 7: zero-shot validation (pre-train)
---- Zero-shot (pre-train) task 7: rec_cls 0.1901 | prec_cls 0.1827 | f1_cls 0.0869 | det 0.4998 | pfa 0.9998 | total_f1 0.0577 ----
[STATE 2026-04-26 07:25:30] Starting task 7 (8/10)
[STATE 2026-04-26 07:25:30] Task 7 Epoch 1/5: entering train loop
[STATE 2026-04-26 07:34:21] Task 7 Epoch 1/5: running validation (end of epoch)
---- Eval at Epoch 0: cls [0.3182993449922084, 0.1666666666666667, 0.19467139136750708, 0.16666666666666663, 0.16666666666666663, 0.2005602536811229, 0.2, 0.2255644560052808] | det_recall [0.735423397616575, 0.5, 0.5464817579400859, 0.5, 0.5, 0.5, 0.5, 0.5] | det_fa [0.5145788329554521, 1.0, 0.9053694562352308, 1.0, 1.0, 1.0, 1.0, 1.0] ----
T7 Ep 1/5 | L 888668.0763 | Train Acc 0.20 | Prec 0.04 | F1 0.04 | Det Rec 0.50 | Det FA 1.00 | Epoch Time 660.21s (Eval 129.96s, Train 530.25s)
[STATE 2026-04-26 07:36:30] T7 Ep 1/5 complete: Prec 0.0355 F1 0.0370 DetRec 0.5000 DetFA 0.9986 | 660.21s total (129.96s eval/530.25s train)
[STATE 2026-04-26 07:36:30] Task 7 Epoch 2/5: entering train loop
T7 Ep 2/5 | L 214046.5478 | Train Acc 0.20 | Prec 0.03 | F1 0.03 | Det Rec 0.50 | Det FA 1.00 | Epoch Time 530.92s (Eval 0.00s, Train 530.92s)
[STATE 2026-04-26 07:45:21] T7 Ep 2/5 complete: Prec 0.0297 F1 0.0324 DetRec 0.5000 DetFA 1.0000 | 530.92s total (0.00s eval/530.92s train)
[STATE 2026-04-26 07:45:21] Task 7 Epoch 3/5: entering train loop
T7 Ep 3/5 | L 143831.7710 | Train Acc 0.20 | Prec 0.04 | F1 0.04 | Det Rec 0.50 | Det FA 1.00 | Epoch Time 530.80s (Eval 0.00s, Train 530.80s)
[STATE 2026-04-26 07:54:12] T7 Ep 3/5 complete: Prec 0.0380 F1 0.0406 DetRec 0.5000 DetFA 1.0000 | 530.80s total (0.00s eval/530.80s train)
[STATE 2026-04-26 07:54:12] Task 7 Epoch 4/5: entering train loop
T7 Ep 4/5 | L 96746.8201 | Train Acc 0.20 | Prec 0.03 | F1 0.04 | Det Rec 0.50 | Det FA 1.00 | Epoch Time 530.70s (Eval 0.00s, Train 530.70s)
[STATE 2026-04-26 08:03:03] T7 Ep 4/5 complete: Prec 0.0348 F1 0.0396 DetRec 0.5000 DetFA 1.0000 | 530.70s total (0.00s eval/530.70s train)
[STATE 2026-04-26 08:03:03] Task 7 Epoch 5/5: entering train loop
T7 Ep 5/5 | L 84116.8019 | Train Acc 0.20 | Prec 0.04 | F1 0.04 | Det Rec 0.50 | Det FA 1.00 | Epoch Time 530.58s (Eval 0.00s, Train 530.58s)
[STATE 2026-04-26 08:11:53] T7 Ep 5/5 complete: Prec 0.0417 F1 0.0412 DetRec 0.5000 DetFA 1.0000 | 530.58s total (0.00s eval/530.58s train)
[STATE 2026-04-26 08:11:53] Task 7: running final validation.
[STATE 2026-04-26 08:14:03] Completed task 7 (8/10)
Task 8: 36658 training samples, 12220 test samples.
[STATE 2026-04-26 08:14:03] Task 8: zero-shot validation (pre-train)
---- Zero-shot (pre-train) task 8: rec_cls 0.1633 | prec_cls 0.0440 | f1_cls 0.0201 | det 0.5000 | pfa 1.0000 | total_f1 0.0624 ----
[STATE 2026-04-26 08:16:17] Starting task 8 (9/10)
[STATE 2026-04-26 08:16:17] Task 8 Epoch 1/20: entering train loop
[STATE 2026-04-26 08:18:01] Task 8 Epoch 1/20: running validation (end of epoch)
---- Eval at Epoch 0: cls [0.22437691943485988, 0.1666666666666667, 0.1812782425079332, 0.16666666666666663, 0.1505600515263691, 0.2000000000000001, 0.24726251953956305, 0.19099624181740163, 0.1666666666666666] | det_recall [0.4074204933221539, 0.5, 0.5301039409675059, 0.5, 0.5, 0.5, 0.5, 0.5, 0.5] | det_fa [0.8269279126755799, 1.0, 0.833007406167131, 1.0, 1.0, 1.0, 1.0, 1.0, 1.0] ----
T8 Ep 1/20 | L 1553231.7738 | Train Acc 0.17 | Prec 0.03 | F1 0.02 | Det Rec 0.50 | Det FA 1.00 | Epoch Time 237.44s (Eval 133.69s, Train 103.75s)
[STATE 2026-04-26 08:20:15] T8 Ep 1/20 complete: Prec 0.0263 F1 0.0170 DetRec 0.5000 DetFA 1.0000 | 237.44s total (133.69s eval/103.75s train)
[STATE 2026-04-26 08:20:15] Task 8 Epoch 2/20: entering train loop
T8 Ep 2/20 | L 1018029.9682 | Train Acc 0.17 | Prec 0.03 | F1 0.02 | Det Rec 0.50 | Det FA 1.00 | Epoch Time 104.57s (Eval 0.00s, Train 104.57s)
[STATE 2026-04-26 08:21:59] T8 Ep 2/20 complete: Prec 0.0313 F1 0.0206 DetRec 0.5000 DetFA 1.0000 | 104.57s total (0.00s eval/104.57s train)
[STATE 2026-04-26 08:21:59] Task 8 Epoch 3/20: entering train loop
T8 Ep 3/20 | L 276910.8403 | Train Acc 0.17 | Prec 0.03 | F1 0.02 | Det Rec 0.50 | Det FA 1.00 | Epoch Time 105.06s (Eval 0.00s, Train 105.06s)
[STATE 2026-04-26 08:23:44] T8 Ep 3/20 complete: Prec 0.0262 F1 0.0184 DetRec 0.5000 DetFA 1.0000 | 105.06s total (0.00s eval/105.06s train)
[STATE 2026-04-26 08:23:44] Task 8 Epoch 4/20: entering train loop
T8 Ep 4/20 | L 523568.5743 | Train Acc 0.17 | Prec 0.02 | F1 0.02 | Det Rec 0.50 | Det FA 1.00 | Epoch Time 104.61s (Eval 0.00s, Train 104.61s)
[STATE 2026-04-26 08:25:29] T8 Ep 4/20 complete: Prec 0.0234 F1 0.0163 DetRec 0.5000 DetFA 1.0000 | 104.61s total (0.00s eval/104.61s train)
[STATE 2026-04-26 08:25:29] Task 8 Epoch 5/20: entering train loop
T8 Ep 5/20 | L 195467.5414 | Train Acc 0.17 | Prec 0.01 | F1 0.01 | Det Rec 0.50 | Det FA 1.00 | Epoch Time 104.52s (Eval 0.00s, Train 104.52s)
[STATE 2026-04-26 08:27:13] T8 Ep 5/20 complete: Prec 0.0086 F1 0.0063 DetRec 0.5000 DetFA 1.0000 | 104.52s total (0.00s eval/104.52s train)
[STATE 2026-04-26 08:27:13] Task 8 Epoch 6/20: entering train loop
T8 Ep 6/20 | L 265946.0223 | Train Acc 0.17 | Prec 0.02 | F1 0.01 | Det Rec 0.50 | Det FA 1.00 | Epoch Time 104.47s (Eval 0.00s, Train 104.47s)
[STATE 2026-04-26 08:28:58] T8 Ep 6/20 complete: Prec 0.0166 F1 0.0117 DetRec 0.5000 DetFA 1.0000 | 104.47s total (0.00s eval/104.47s train)
[STATE 2026-04-26 08:28:58] Task 8 Epoch 7/20: entering train loop
T8 Ep 7/20 | L 287807.4760 | Train Acc 0.17 | Prec 0.02 | F1 0.01 | Det Rec 0.50 | Det FA 1.00 | Epoch Time 125.72s (Eval 0.00s, Train 125.72s)
[STATE 2026-04-26 08:31:04] T8 Ep 7/20 complete: Prec 0.0185 F1 0.0132 DetRec 0.5000 DetFA 1.0000 | 125.72s total (0.00s eval/125.72s train)
[STATE 2026-04-26 08:31:04] Task 8 Epoch 8/20: entering train loop
T8 Ep 8/20 | L 77242.3715 | Train Acc 0.17 | Prec 0.02 | F1 0.02 | Det Rec 0.50 | Det FA 1.00 | Epoch Time 175.94s (Eval 0.00s, Train 175.94s)
[STATE 2026-04-26 08:34:00] T8 Ep 8/20 complete: Prec 0.0218 F1 0.0154 DetRec 0.5000 DetFA 1.0000 | 175.94s total (0.00s eval/175.94s train)
[STATE 2026-04-26 08:34:00] Task 8 Epoch 9/20: entering train loop
T8 Ep 9/20 | L 5677028.7047 | Train Acc 0.17 | Prec 0.03 | F1 0.02 | Det Rec 0.50 | Det FA 1.00 | Epoch Time 155.10s (Eval 0.00s, Train 155.10s)
[STATE 2026-04-26 08:36:35] T8 Ep 9/20 complete: Prec 0.0255 F1 0.0175 DetRec 0.5000 DetFA 1.0000 | 155.10s total (0.00s eval/155.10s train)
[STATE 2026-04-26 08:36:35] Task 8 Epoch 10/20: entering train loop
T8 Ep 10/20 | L 825061.9923 | Train Acc 0.17 | Prec 0.03 | F1 0.02 | Det Rec 0.50 | Det FA 1.00 | Epoch Time 119.08s (Eval 0.00s, Train 119.08s)
[STATE 2026-04-26 08:38:34] T8 Ep 10/20 complete: Prec 0.0288 F1 0.0202 DetRec 0.5000 DetFA 1.0000 | 119.08s total (0.00s eval/119.08s train)
[STATE 2026-04-26 08:38:34] Task 8 Epoch 11/20: entering train loop
T8 Ep 11/20 | L 472137.1556 | Train Acc 0.17 | Prec 0.04 | F1 0.03 | Det Rec 0.50 | Det FA 1.00 | Epoch Time 162.09s (Eval 0.00s, Train 162.09s)
[STATE 2026-04-26 08:41:16] T8 Ep 11/20 complete: Prec 0.0369 F1 0.0251 DetRec 0.5000 DetFA 1.0000 | 162.09s total (0.00s eval/162.09s train)
[STATE 2026-04-26 08:41:16] Task 8 Epoch 12/20: entering train loop
T8 Ep 12/20 | L 480632.3170 | Train Acc 0.17 | Prec 0.03 | F1 0.02 | Det Rec 0.50 | Det FA 1.00 | Epoch Time 105.09s (Eval 0.00s, Train 105.09s)
[STATE 2026-04-26 08:43:01] T8 Ep 12/20 complete: Prec 0.0281 F1 0.0197 DetRec 0.5000 DetFA 1.0000 | 105.09s total (0.00s eval/105.09s train)
[STATE 2026-04-26 08:43:01] Task 8 Epoch 13/20: entering train loop
T8 Ep 13/20 | L 522897.0458 | Train Acc 0.17 | Prec 0.03 | F1 0.02 | Det Rec 0.50 | Det FA 1.00 | Epoch Time 105.10s (Eval 0.00s, Train 105.10s)
[STATE 2026-04-26 08:44:46] T8 Ep 13/20 complete: Prec 0.0266 F1 0.0186 DetRec 0.5000 DetFA 1.0000 | 105.10s total (0.00s eval/105.10s train)
[STATE 2026-04-26 08:44:46] Task 8 Epoch 14/20: entering train loop
T8 Ep 14/20 | L 190681.8819 | Train Acc 0.17 | Prec 0.02 | F1 0.02 | Det Rec 0.50 | Det FA 1.00 | Epoch Time 105.01s (Eval 0.00s, Train 105.01s)
[STATE 2026-04-26 08:46:31] T8 Ep 14/20 complete: Prec 0.0248 F1 0.0175 DetRec 0.5000 DetFA 1.0000 | 105.01s total (0.00s eval/105.01s train)
[STATE 2026-04-26 08:46:31] Task 8 Epoch 15/20: entering train loop
T8 Ep 15/20 | L 172484.3841 | Train Acc 0.17 | Prec 0.02 | F1 0.02 | Det Rec 0.50 | Det FA 1.00 | Epoch Time 105.28s (Eval 0.00s, Train 105.28s)
[STATE 2026-04-26 08:48:16] T8 Ep 15/20 complete: Prec 0.0249 F1 0.0175 DetRec 0.5000 DetFA 1.0000 | 105.28s total (0.00s eval/105.28s train)
[STATE 2026-04-26 08:48:16] Task 8 Epoch 16/20: entering train loop
T8 Ep 16/20 | L 232773.3966 | Train Acc 0.17 | Prec 0.02 | F1 0.01 | Det Rec 0.50 | Det FA 1.00 | Epoch Time 104.83s (Eval 0.00s, Train 104.83s)
[STATE 2026-04-26 08:50:01] T8 Ep 16/20 complete: Prec 0.0210 F1 0.0150 DetRec 0.5000 DetFA 1.0000 | 104.83s total (0.00s eval/104.83s train)
[STATE 2026-04-26 08:50:01] Task 8 Epoch 17/20: entering train loop
T8 Ep 17/20 | L 138208.4266 | Train Acc 0.17 | Prec 0.02 | F1 0.02 | Det Rec 0.50 | Det FA 1.00 | Epoch Time 104.02s (Eval 0.00s, Train 104.02s)
[STATE 2026-04-26 08:51:45] T8 Ep 17/20 complete: Prec 0.0248 F1 0.0175 DetRec 0.5000 DetFA 1.0000 | 104.02s total (0.00s eval/104.02s train)
[STATE 2026-04-26 08:51:45] Task 8 Epoch 18/20: entering train loop
T8 Ep 18/20 | L 168096.7723 | Train Acc 0.17 | Prec 0.03 | F1 0.02 | Det Rec 0.50 | Det FA 1.00 | Epoch Time 104.96s (Eval 0.00s, Train 104.96s)
[STATE 2026-04-26 08:53:30] T8 Ep 18/20 complete: Prec 0.0250 F1 0.0176 DetRec 0.5000 DetFA 1.0000 | 104.96s total (0.00s eval/104.96s train)
[STATE 2026-04-26 08:53:30] Task 8 Epoch 19/20: entering train loop
T8 Ep 19/20 | L 124657.2340 | Train Acc 0.17 | Prec 0.03 | F1 0.02 | Det Rec 0.50 | Det FA 1.00 | Epoch Time 105.25s (Eval 0.00s, Train 105.25s)
[STATE 2026-04-26 08:55:15] T8 Ep 19/20 complete: Prec 0.0309 F1 0.0207 DetRec 0.5000 DetFA 1.0000 | 105.25s total (0.00s eval/105.25s train)
[STATE 2026-04-26 08:55:15] Task 8 Epoch 20/20: entering train loop
T8 Ep 20/20 | L 65801.8412 | Train Acc 0.17 | Prec 0.04 | F1 0.02 | Det Rec 0.50 | Det FA 1.00 | Epoch Time 104.40s (Eval 0.00s, Train 104.40s)
[STATE 2026-04-26 08:57:00] T8 Ep 20/20 complete: Prec 0.0390 F1 0.0246 DetRec 0.5000 DetFA 1.0000 | 104.40s total (0.00s eval/104.40s train)
[STATE 2026-04-26 08:57:00] Task 8: running final validation.
[STATE 2026-04-26 08:59:13] Completed task 8 (9/10)
Task 9: 17340 training samples, 6800 test samples.
[STATE 2026-04-26 08:59:13] Task 9: zero-shot validation (pre-train)
---- Zero-shot (pre-train) task 9: rec_cls 0.1955 | prec_cls 0.0844 | f1_cls 0.0627 | det 0.4993 | pfa 0.9992 | total_f1 0.0593 ----
[STATE 2026-04-26 09:02:44] Starting task 9 (10/10)
[STATE 2026-04-26 09:02:44] Task 9 Epoch 1/10: entering train loop
[STATE 2026-04-26 09:03:33] Task 9 Epoch 1/10: running validation (end of epoch)
---- Eval at Epoch 0: cls [0.1647826247548546, 0.16657239819004527, 0.17212867891840486, 0.16666666666666663, 0.16678665316609823, 0.19996990253094016, 0.2, 0.21287295467579861, 0.1666666666666666, 0.2] | det_recall [0.506548593515003, 0.4976563817405097, 0.46650150510467264, 0.5, 0.5, 0.5, 0.5, 0.5, 0.5, 0.5] | det_fa [0.9132927917653483, 0.9973195414047389, 0.9250126193994438, 1.0, 1.0, 1.0, 1.0, 1.0, 1.0, 1.0] ----
T9 Ep 1/10 | L 10645190.5757 | Train Acc 0.20 | Prec 0.08 | F1 0.05 | Det Rec 0.50 | Det FA 1.00 | Epoch Time 195.03s (Eval 146.84s, Train 48.19s)
[STATE 2026-04-26 09:05:59] T9 Ep 1/10 complete: Prec 0.0848 F1 0.0513 DetRec 0.5000 DetFA 1.0000 | 195.03s total (146.84s eval/48.19s train)
[STATE 2026-04-26 09:05:59] Task 9 Epoch 2/10: entering train loop
T9 Ep 2/10 | L 676275.2800 | Train Acc 0.20 | Prec 0.04 | F1 0.03 | Det Rec 0.50 | Det FA 1.00 | Epoch Time 83.12s (Eval 0.00s, Train 83.12s)
[STATE 2026-04-26 09:07:22] T9 Ep 2/10 complete: Prec 0.0391 F1 0.0296 DetRec 0.5000 DetFA 1.0000 | 83.12s total (0.00s eval/83.12s train)
[STATE 2026-04-26 09:07:22] Task 9 Epoch 3/10: entering train loop
T9 Ep 3/10 | L 634694.4708 | Train Acc 0.20 | Prec 0.04 | F1 0.03 | Det Rec 0.50 | Det FA 1.00 | Epoch Time 83.63s (Eval 0.00s, Train 83.63s)
[STATE 2026-04-26 09:08:46] T9 Ep 3/10 complete: Prec 0.0391 F1 0.0296 DetRec 0.5000 DetFA 1.0000 | 83.63s total (0.00s eval/83.63s train)
[STATE 2026-04-26 09:08:46] Task 9 Epoch 4/10: entering train loop
T9 Ep 4/10 | L 420184.7715 | Train Acc 0.20 | Prec 0.04 | F1 0.03 | Det Rec 0.50 | Det FA 1.00 | Epoch Time 83.63s (Eval 0.00s, Train 83.63s)
[STATE 2026-04-26 09:10:10] T9 Ep 4/10 complete: Prec 0.0391 F1 0.0296 DetRec 0.5000 DetFA 1.0000 | 83.63s total (0.00s eval/83.63s train)
[STATE 2026-04-26 09:10:10] Task 9 Epoch 5/10: entering train loop
T9 Ep 5/10 | L 395271.8779 | Train Acc 0.20 | Prec 0.04 | F1 0.03 | Det Rec 0.50 | Det FA 1.00 | Epoch Time 83.48s (Eval 0.00s, Train 83.48s)
[STATE 2026-04-26 09:11:33] T9 Ep 5/10 complete: Prec 0.0391 F1 0.0296 DetRec 0.5000 DetFA 1.0000 | 83.48s total (0.00s eval/83.48s train)
[STATE 2026-04-26 09:11:33] Task 9 Epoch 6/10: entering train loop
T9 Ep 6/10 | L 638736.5577 | Train Acc 0.20 | Prec 0.04 | F1 0.03 | Det Rec 0.50 | Det FA 1.00 | Epoch Time 83.65s (Eval 0.00s, Train 83.65s)
[STATE 2026-04-26 09:12:57] T9 Ep 6/10 complete: Prec 0.0391 F1 0.0296 DetRec 0.5000 DetFA 1.0000 | 83.65s total (0.00s eval/83.65s train)
[STATE 2026-04-26 09:12:57] Task 9 Epoch 7/10: entering train loop
T9 Ep 7/10 | L 235770.3054 | Train Acc 0.20 | Prec 0.04 | F1 0.03 | Det Rec 0.50 | Det FA 1.00 | Epoch Time 83.57s (Eval 0.00s, Train 83.57s)
[STATE 2026-04-26 09:14:20] T9 Ep 7/10 complete: Prec 0.0391 F1 0.0296 DetRec 0.5000 DetFA 1.0000 | 83.57s total (0.00s eval/83.57s train)
[STATE 2026-04-26 09:14:20] Task 9 Epoch 8/10: entering train loop
T9 Ep 8/10 | L 320285.3716 | Train Acc 0.20 | Prec 0.04 | F1 0.03 | Det Rec 0.50 | Det FA 1.00 | Epoch Time 83.64s (Eval 0.00s, Train 83.64s)
[STATE 2026-04-26 09:15:44] T9 Ep 8/10 complete: Prec 0.0391 F1 0.0296 DetRec 0.5000 DetFA 1.0000 | 83.64s total (0.00s eval/83.64s train)
[STATE 2026-04-26 09:15:44] Task 9 Epoch 9/10: entering train loop
T9 Ep 9/10 | L 150803.2522 | Train Acc 0.20 | Prec 0.04 | F1 0.03 | Det Rec 0.50 | Det FA 1.00 | Epoch Time 83.73s (Eval 0.00s, Train 83.73s)
[STATE 2026-04-26 09:17:08] T9 Ep 9/10 complete: Prec 0.0391 F1 0.0296 DetRec 0.5000 DetFA 1.0000 | 83.73s total (0.00s eval/83.73s train)
[STATE 2026-04-26 09:17:08] Task 9 Epoch 10/10: entering train loop
T9 Ep 10/10 | L 109969.1387 | Train Acc 0.20 | Prec 0.04 | F1 0.03 | Det Rec 0.50 | Det FA 1.00 | Epoch Time 83.61s (Eval 0.00s, Train 83.61s)
[STATE 2026-04-26 09:18:31] T9 Ep 10/10 complete: Prec 0.0391 F1 0.0296 DetRec 0.5000 DetFA 1.0000 | 83.61s total (0.00s eval/83.61s train)
[STATE 2026-04-26 09:18:31] Task 9: running final validation.
[STATE 2026-04-26 09:21:13] Completed task 9 (10/10)
####Final Validation Accuracy####
Final Results:- 
 Total Recall: 0.16545077717332551 
 Individual Recall: [0.050905903315126365, 0.1666666666666667, 0.14798435157890563, 0.16666666666666663, 0.16617789005456832, 0.19628919772671205, 0.2, 0.19315042905794313, 0.1666666666666666, 0.2]
Final Detection Results:- 
 Total Detection: 0.48832509418399095 
 Individual Detection: [0.4082976821217427, 0.5, 0.4749532597181664, 0.5, 0.5, 0.5, 0.5, 0.5, 0.5, 0.5]
Final Detection False Alarm:- 
 Total False Alarm: 0.9215193426684227 
 Individual False Alarm: [0.42582763666990747, 1.0, 0.7893657900143196, 1.0, 1.0, 1.0, 1.0, 1.0, 1.0, 1.0]
SUMMARY_TR cls_rec=0.2000 cls_prec=0.0391 cls_f1=0.0296 det=0.4971 fa=0.9836
SUMMARY_TE cls_rec=0.1655 cls_prec=0.0553 cls_f1=0.0449 det=0.4883 fa=0.9215
[STATE 2026-04-26 09:21:13] Saving results to logs//bcl_dual/full-tasks_CIL_all-2026-04-26_03-32-41-4850/0/results
Model size: 0.0289 GB
Memory buffer size: 0.0158 GB
logs//bcl_dual/full-tasks_CIL_all-2026-04-26_03-32-41-4850/0/results: {'expt_name': 'full-tasks_CIL_all', 'model': 'bcl_dual', 'arch': 'resnet1d', 'n_hiddens': 100, 'n_layers': 2, 'xav_init': False, 'debug': False, 'use_detector_arch': False, 'use_groupnorm': False, 'inner_steps': 1, 'n_epochs': 10, 'batch_size': 256, 'replay_batch_size': 128, 'memories': 5120, 'lr': 0.001, 'optimizer': 'sgd', 'prune_perc': 0.75, 'post_prune_epochs': 0, 'class_weighted_ce': True, 'cuda': True, 'seed': 0, 'log_every': 10, 'log_dir': 'logs//bcl_dual/full-tasks_CIL_all-2026-04-26_03-32-41-4850/0', 'tf_dir': 'logs//bcl_dual/full-tasks_CIL_all-2026-04-26_03-32-41-4850/0/tfdir', 'calc_test_accuracy': False, 'state_logging': True, 'data_path': 'data/rff/radar/full', 'task_order_files': 't2-rcn,t0-rcn,t2-uclresm-25noise,t0-deeprad,t1-deeprad,t1-uclresm-25noise,t3-deeprad,t0-uclresm-25noise,t1-rcn,t2-deeprad', 'loader': 'task_incremental_loader', 'samples_per_task': -1, 'shuffle_tasks': False, 'classes_per_it': 6, 'iterations': 5000, 'dataset': 'iq', 'workers': 0, 'validation': 0.5, 'data_scaling': 'normalize', 'use_iq_aug_features': False, 'iq_aug_feature_type': 'power', 'class_order': 'random', 'increment': 5, 'test_batch_size': 512, 'nc_per_task': None, 'nc_per_task_list': '', 'val_rate': 1000, 'opt_lr': 0.1, 'opt_wt': 0.1, 'alpha_init': 0.001, 'momentum': 0.0, 'learn_lr': False, 'sync_update': False, 'grad_clip_norm': 5.0, 'meta_batches': 3, 'use_old_task_memory': False, 'second_order': False, 'n_memories': 5120, 'memory_strength': 1, 'steps_per_sample': 1, 'bgd_optimizer': 'sgd', 'optimizer_params': '{}', 'train_mc_iters': 5, 'std_init': 0.05, 'mean_eta': 1, 'fisher_gamma': 0.95, 'rln': 7, 'meta_lr': 0.001, 'update_lr': 0.1, 'ctx_lr': 0.05, 'n_meta': 1, 'temperature': 5.0, 'task_emb': 64, 'classes_per_task': [6, 7, 6, 7, 7, 6, 6, 6, 7, 6], 'get_samples_per_task': <bound method IncrementalLoader.get_samples_per_task of <dataloaders.task_incremental_loader.IncrementalLoader object at 0x7ba72afd97b0>>, 'task_epoch_schedule': {0: 10, 1: 10, 2: 3, 3: 20, 4: 20, 5: 5, 6: 20, 7: 5, 8: 20, 9: 10}} # val: 0.258 0.165 -0.093 0.000 # sizes: model_gb=0.0289 mem_gb=0.0158 # 20846.623718976974
[STATE 2026-04-26 09:21:13] results.pt components (approx): state_dict 29.6 MB, result_val_t 0.1 KB, result_val_a 0.8 KB
[STATE 2026-04-26 09:21:13] Results saved; total runtime 5.79h
Total runtime: 5.79 hours
