[STATE 2026-04-27 07:06:18] Enabling terminal logging to logs//cmaml/full-tasks_CIL_all-2026-04-27_07-06-18-4880/0/terminal.log
New Experiment Starting...
Running model:  lamaml_cifar
[STATE 2026-04-27 07:06:18] Experiment 'full-tasks_CIL_all' starting with model 'lamaml_cifar' (seed 0)
Set seed 0
t2-rcn.npz train: x=(50362, 1024), y=(50362, 2)
t2-rcn.npz test: x=(16787, 1024), y=(16787, 2)
t2-rcn.npz: applied data scaling mode 'normalize'.
Loaded t2-rcn.npz: Unique train labels: UniqueCountsResult(values=array([-1,  3,  5, 10, 12, 15]), counts=array([24209,  5770,  3030,  2320,  7509,  7524]))
Noise labels ratio in t2-rcn.npz train: 0.24, test: 0.24
Loaded t2-rcn.npz: Remapped labels: [0 1 2 3 4 5]. Size: 50362)
t0-rcn.npz train: x=(51916, 1024), y=(51916, 2)
t0-rcn.npz test: x=(17305, 1024), y=(17305, 2)
t0-rcn.npz: applied data scaling mode 'normalize'.
Loaded t0-rcn.npz: Unique train labels: UniqueCountsResult(values=array([-1,  1,  8,  9, 11, 13, 14]), counts=array([24225,  4268,  2495,  2943,  3015,  7464,  7506]))
Noise labels ratio in t0-rcn.npz train: 0.23, test: 0.23
Loaded t0-rcn.npz: Remapped labels: [ 6  7  8  9 10 11 12]. Size: 51916)
t2-uclresm-25noise.npz train: moved sample axis (3, 350028, 1024) -> (350028, 3, 1024)
t2-uclresm-25noise.npz test: moved sample axis (3, 233351, 1024) -> (233351, 3, 1024)
t2-uclresm-25noise.npz train: x=(350028, 3, 1024), y=(350028,)
t2-uclresm-25noise.npz test: x=(233351, 3, 1024), y=(233351,)
t2-uclresm-25noise.npz: applied data scaling mode 'normalize'.
Loaded t2-uclresm-25noise.npz: Unique train labels: UniqueCountsResult(values=array([-1,  0,  1,  2,  3,  4]), counts=array([87441, 27347, 71754, 64298, 36005, 63183]))
Noise labels ratio in t2-uclresm-25noise.npz train: 0.25, test: 0.25
Loaded t2-uclresm-25noise.npz: Remapped labels: [13 14 15 16 17 18]. Size: 350028)
t0-deeprad.npz train: x=(24480, 1024), y=(24480, 2)
t0-deeprad.npz test: x=(8160, 1024), y=(8160, 2)
t0-deeprad.npz: applied data scaling mode 'normalize'.
Loaded t0-deeprad.npz: Unique train labels: UniqueCountsResult(values=array([-1,  0,  1,  2,  3,  4,  5]), counts=array([12240,  2029,  1983,  2043,  2154,  2015,  2016]))
Noise labels ratio in t0-deeprad.npz train: 0.25, test: 0.25
Loaded t0-deeprad.npz: Remapped labels: [19 20 21 22 23 24 25]. Size: 24480)
t1-deeprad.npz train: x=(24480, 1024), y=(24480, 2)
t1-deeprad.npz test: x=(8160, 1024), y=(8160, 2)
t1-deeprad.npz: applied data scaling mode 'normalize'.
Loaded t1-deeprad.npz: Unique train labels: UniqueCountsResult(values=array([-1,  0,  1,  2,  3,  4,  5]), counts=array([12240,  1988,  2029,  2054,  1988,  2053,  2128]))
Noise labels ratio in t1-deeprad.npz train: 0.25, test: 0.25
Loaded t1-deeprad.npz: Remapped labels: [26 27 28 29 30 31 32]. Size: 24480)
t1-uclresm-25noise.npz train: moved sample axis (3, 201410, 1024) -> (201410, 3, 1024)
t1-uclresm-25noise.npz test: moved sample axis (3, 116291, 1024) -> (116291, 3, 1024)
t1-uclresm-25noise.npz train: x=(201410, 3, 1024), y=(201410,)
t1-uclresm-25noise.npz test: x=(116291, 3, 1024), y=(116291,)
t1-uclresm-25noise.npz: applied data scaling mode 'normalize'.
Loaded t1-uclresm-25noise.npz: Unique train labels: UniqueCountsResult(values=array([-1,  0,  1,  2,  3,  4]), counts=array([43668, 18021, 17838, 18087, 31870, 71926]))
Noise labels ratio in t1-uclresm-25noise.npz train: 0.22, test: 0.25
Loaded t1-uclresm-25noise.npz: Remapped labels: [33 34 35 36 37 38]. Size: 201410)
t3-deeprad.npz train: x=(17340, 1024), y=(17340, 2)
t3-deeprad.npz test: x=(6800, 1024), y=(6800, 2)
t3-deeprad.npz: applied data scaling mode 'normalize'.
Loaded t3-deeprad.npz: Unique train labels: UniqueCountsResult(values=array([-1,  0,  1,  2,  3,  4]), counts=array([8670, 1693, 1677, 1794, 1716, 1790]))
Noise labels ratio in t3-deeprad.npz train: 0.25, test: 0.25
Loaded t3-deeprad.npz: Remapped labels: [39 40 41 42 43 44]. Size: 17340)
t0-uclresm-25noise.npz train: moved sample axis (3, 188050, 1024) -> (188050, 3, 1024)
t0-uclresm-25noise.npz test: moved sample axis (3, 107348, 1024) -> (107348, 3, 1024)
t0-uclresm-25noise.npz train: x=(188050, 3, 1024), y=(188050,)
t0-uclresm-25noise.npz test: x=(107348, 3, 1024), y=(107348,)
t0-uclresm-25noise.npz: applied data scaling mode 'normalize'.
Loaded t0-uclresm-25noise.npz: Unique train labels: UniqueCountsResult(values=array([-1,  0,  1,  2,  3,  4]), counts=array([40144, 32109, 17978, 17979, 18098, 61742]))
Noise labels ratio in t0-uclresm-25noise.npz train: 0.21, test: 0.25
Loaded t0-uclresm-25noise.npz: Remapped labels: [45 46 47 48 49 50]. Size: 188050)
t1-rcn.npz train: x=(36658, 1024), y=(36658, 2)
t1-rcn.npz test: x=(12220, 1024), y=(12220, 2)
t1-rcn.npz: applied data scaling mode 'normalize'.
Loaded t1-rcn.npz: Unique train labels: UniqueCountsResult(values=array([-1,  0,  2,  4,  6,  7, 16]), counts=array([20595,   824,  2087,  2606,  2396,  1716,  6434]))
Noise labels ratio in t1-rcn.npz train: 0.28, test: 0.28
Loaded t1-rcn.npz: Remapped labels: [51 52 53 54 55 56 57]. Size: 36658)
t2-deeprad.npz train: x=(17340, 1024), y=(17340, 2)
t2-deeprad.npz test: x=(6800, 1024), y=(6800, 2)
t2-deeprad.npz: applied data scaling mode 'normalize'.
Loaded t2-deeprad.npz: Unique train labels: UniqueCountsResult(values=array([-1,  0,  1,  2,  3,  4]), counts=array([8670, 1774, 1675, 1777, 1694, 1750]))
Noise labels ratio in t2-deeprad.npz train: 0.25, test: 0.25
Loaded t2-deeprad.npz: Remapped labels: [58 59 60 61 62 63]. Size: 17340)
Built classes_per_task: [6, 7, 6, 7, 7, 6, 6, 6, 7, 6]
Classes per task: [6, 7, 6, 7, 7, 6, 6, 6, 7, 6]
[STATE 2026-04-27 07:07:21] Loader 'task_incremental_loader' ready: 1024 inputs, 64 outputs, 10 tasks
n_outputs: 64 	n_tasks: 10
[STATE 2026-04-27 07:07:21] Logging to logs//cmaml/full-tasks_CIL_all-2026-04-27_07-06-18-4880/0
True
Model device: cuda:0
[STATE 2026-04-27 07:07:22] Model initialized on device cuda:0
[STATE 2026-04-27 07:07:22] Invoking continual life experience flow
[STATE 2026-04-27 07:07:22] Life experience start: 10 tasks queued
[STATE 2026-04-27 07:07:22] Using task-specific epoch schedule: {0: 10, 1: 10, 2: 3, 3: 20, 4: 20, 5: 5, 6: 20, 7: 5, 8: 20, 9: 10}
Task 0: 50362 training samples, 16787 test samples.
[STATE 2026-04-27 07:07:22] Task 0: zero-shot validation (pre-train)
---- Zero-shot (pre-train) task 0: rec_cls 0.1216 | prec_cls 0.1235 | f1_cls 0.0945 | det 0.4547 | pfa 0.7882 | total_f1 0.0945 ----
[STATE 2026-04-27 07:07:26] Starting task 0 (1/10)
[STATE 2026-04-27 07:07:26] Task 0 Epoch 1/10: entering train loop
[STATE 2026-04-27 07:15:23] Task 0 Epoch 1/10: running validation (end of epoch)
---- Eval at Epoch 0: cls [0.7861617766994409] | det_recall [0.8862258700574409] | det_fa [0.10086850299359967] ----
T0 Ep 1/10 | L 0.5940 | Train Acc 0.61 | Prec 0.70 | F1 0.64 | Det Rec 0.85 | Det FA 0.13 | Epoch Time 481.58s (Eval 4.43s, Train 477.15s)
[STATE 2026-04-27 07:15:28] T0 Ep 1/10 complete: Prec 0.7026 F1 0.6422 DetRec 0.8455 DetFA 0.1252 | 481.58s total (4.43s eval/477.15s train)
[STATE 2026-04-27 07:15:28] Task 0 Epoch 2/10: entering train loop
T0 Ep 2/10 | L 0.3189 | Train Acc 0.83 | Prec 0.92 | F1 0.84 | Det Rec 0.90 | Det FA 0.12 | Epoch Time 477.68s (Eval 0.00s, Train 477.68s)
[STATE 2026-04-27 07:23:26] T0 Ep 2/10 complete: Prec 0.9161 F1 0.8399 DetRec 0.8972 DetFA 0.1176 | 477.68s total (0.00s eval/477.68s train)
[STATE 2026-04-27 07:23:26] Task 0 Epoch 3/10: entering train loop
T0 Ep 3/10 | L 0.2740 | Train Acc 0.86 | Prec 0.93 | F1 0.86 | Det Rec 0.90 | Det FA 0.12 | Epoch Time 478.25s (Eval 0.00s, Train 478.25s)
[STATE 2026-04-27 07:31:24] T0 Ep 3/10 complete: Prec 0.9331 F1 0.8597 DetRec 0.9012 DetFA 0.1152 | 478.25s total (0.00s eval/478.25s train)
[STATE 2026-04-27 07:31:24] Task 0 Epoch 4/10: entering train loop
T0 Ep 4/10 | L 0.2538 | Train Acc 0.87 | Prec 0.94 | F1 0.87 | Det Rec 0.91 | Det FA 0.12 | Epoch Time 478.76s (Eval 0.00s, Train 478.76s)
[STATE 2026-04-27 07:39:23] T0 Ep 4/10 complete: Prec 0.9389 F1 0.8685 DetRec 0.9050 DetFA 0.1155 | 478.76s total (0.00s eval/478.76s train)
[STATE 2026-04-27 07:39:23] Task 0 Epoch 5/10: entering train loop
T0 Ep 5/10 | L 0.2372 | Train Acc 0.88 | Prec 0.95 | F1 0.88 | Det Rec 0.91 | Det FA 0.11 | Epoch Time 478.67s (Eval 0.00s, Train 478.67s)
[STATE 2026-04-27 07:47:21] T0 Ep 5/10 complete: Prec 0.9468 F1 0.8757 DetRec 0.9059 DetFA 0.1129 | 478.67s total (0.00s eval/478.67s train)
[STATE 2026-04-27 07:47:21] Task 0 Epoch 6/10: entering train loop
T0 Ep 6/10 | L 0.2223 | Train Acc 0.89 | Prec 0.95 | F1 0.88 | Det Rec 0.91 | Det FA 0.11 | Epoch Time 478.88s (Eval 0.00s, Train 478.88s)
[STATE 2026-04-27 07:55:20] T0 Ep 6/10 complete: Prec 0.9488 F1 0.8813 DetRec 0.9098 DetFA 0.1111 | 478.88s total (0.00s eval/478.88s train)
[STATE 2026-04-27 07:55:20] Task 0 Epoch 7/10: entering train loop
T0 Ep 7/10 | L 0.2103 | Train Acc 0.90 | Prec 0.95 | F1 0.89 | Det Rec 0.91 | Det FA 0.11 | Epoch Time 478.20s (Eval 0.00s, Train 478.20s)
[STATE 2026-04-27 08:03:18] T0 Ep 7/10 complete: Prec 0.9546 F1 0.8891 DetRec 0.9139 DetFA 0.1071 | 478.20s total (0.00s eval/478.20s train)
[STATE 2026-04-27 08:03:18] Task 0 Epoch 8/10: entering train loop
T0 Ep 8/10 | L 0.1968 | Train Acc 0.90 | Prec 0.96 | F1 0.89 | Det Rec 0.92 | Det FA 0.10 | Epoch Time 478.88s (Eval 0.00s, Train 478.88s)
[STATE 2026-04-27 08:11:17] T0 Ep 8/10 complete: Prec 0.9556 F1 0.8921 DetRec 0.9162 DetFA 0.1045 | 478.88s total (0.00s eval/478.88s train)
[STATE 2026-04-27 08:11:17] Task 0 Epoch 9/10: entering train loop
T0 Ep 9/10 | L 0.1847 | Train Acc 0.90 | Prec 0.96 | F1 0.90 | Det Rec 0.92 | Det FA 0.10 | Epoch Time 478.50s (Eval 0.00s, Train 478.50s)
[STATE 2026-04-27 08:19:16] T0 Ep 9/10 complete: Prec 0.9614 F1 0.8988 DetRec 0.9201 DetFA 0.0965 | 478.50s total (0.00s eval/478.50s train)
[STATE 2026-04-27 08:19:16] Task 0 Epoch 10/10: entering train loop
T0 Ep 10/10 | L 0.1750 | Train Acc 0.91 | Prec 0.96 | F1 0.90 | Det Rec 0.92 | Det FA 0.09 | Epoch Time 478.34s (Eval 0.00s, Train 478.34s)
[STATE 2026-04-27 08:27:14] T0 Ep 10/10 complete: Prec 0.9619 F1 0.9015 DetRec 0.9226 DetFA 0.0920 | 478.34s total (0.00s eval/478.34s train)
[STATE 2026-04-27 08:27:14] Task 0: running final validation.
[STATE 2026-04-27 08:27:18] Completed task 0 (1/10)
Task 1: 51916 training samples, 17305 test samples.
[STATE 2026-04-27 08:27:19] Task 1: zero-shot validation (pre-train)
---- Zero-shot (pre-train) task 1: rec_cls 0.2416 | prec_cls 0.1851 | f1_cls 0.0820 | det 0.5000 | pfa 1.0000 | total_f1 0.4656 ----
[STATE 2026-04-27 08:27:28] Starting task 1 (2/10)
[STATE 2026-04-27 08:27:28] Task 1 Epoch 1/10: entering train loop
[STATE 2026-04-27 08:35:41] Task 1 Epoch 1/10: running validation (end of epoch)
---- Eval at Epoch 0: cls [0.7626055883093709, 0.7927841636498131] | det_recall [0.8764533644488066, 0.9112257057883852] | det_fa [0.08685764033485435, 0.07818324125277819] ----
T1 Ep 1/10 | L 0.4589 | Train Acc 0.64 | Prec 0.78 | F1 0.69 | Det Rec 0.86 | Det FA 0.08 | Epoch Time 502.92s (Eval 9.00s, Train 493.92s)
[STATE 2026-04-27 08:35:50] T1 Ep 1/10 complete: Prec 0.7795 F1 0.6921 DetRec 0.8629 DetFA 0.0786 | 502.92s total (9.00s eval/493.92s train)
[STATE 2026-04-27 08:35:50] Task 1 Epoch 2/10: entering train loop
T1 Ep 2/10 | L 0.2711 | Train Acc 0.82 | Prec 0.91 | F1 0.85 | Det Rec 0.92 | Det FA 0.05 | Epoch Time 493.73s (Eval 0.00s, Train 493.73s)
[STATE 2026-04-27 08:44:04] T1 Ep 2/10 complete: Prec 0.9069 F1 0.8480 DetRec 0.9199 DetFA 0.0518 | 493.73s total (0.00s eval/493.73s train)
[STATE 2026-04-27 08:44:04] Task 1 Epoch 3/10: entering train loop
T1 Ep 3/10 | L 0.2195 | Train Acc 0.85 | Prec 0.92 | F1 0.88 | Det Rec 0.93 | Det FA 0.04 | Epoch Time 493.65s (Eval 0.00s, Train 493.65s)
[STATE 2026-04-27 08:52:18] T1 Ep 3/10 complete: Prec 0.9247 F1 0.8750 DetRec 0.9316 DetFA 0.0444 | 493.65s total (0.00s eval/493.65s train)
[STATE 2026-04-27 08:52:18] Task 1 Epoch 4/10: entering train loop
T1 Ep 4/10 | L 0.1940 | Train Acc 0.87 | Prec 0.93 | F1 0.89 | Det Rec 0.94 | Det FA 0.04 | Epoch Time 494.13s (Eval 0.00s, Train 494.13s)
[STATE 2026-04-27 09:00:32] T1 Ep 4/10 complete: Prec 0.9329 F1 0.8877 DetRec 0.9370 DetFA 0.0424 | 494.13s total (0.00s eval/494.13s train)
[STATE 2026-04-27 09:00:32] Task 1 Epoch 5/10: entering train loop
T1 Ep 5/10 | L 0.1757 | Train Acc 0.88 | Prec 0.94 | F1 0.89 | Det Rec 0.94 | Det FA 0.04 | Epoch Time 494.62s (Eval 0.00s, Train 494.62s)
[STATE 2026-04-27 09:08:47] T1 Ep 5/10 complete: Prec 0.9367 F1 0.8949 DetRec 0.9412 DetFA 0.0405 | 494.62s total (0.00s eval/494.62s train)
[STATE 2026-04-27 09:08:47] Task 1 Epoch 6/10: entering train loop
T1 Ep 6/10 | L 0.1637 | Train Acc 0.89 | Prec 0.94 | F1 0.91 | Det Rec 0.95 | Det FA 0.03 | Epoch Time 494.12s (Eval 0.00s, Train 494.12s)
[STATE 2026-04-27 09:17:01] T1 Ep 6/10 complete: Prec 0.9428 F1 0.9060 DetRec 0.9477 DetFA 0.0347 | 494.12s total (0.00s eval/494.12s train)
[STATE 2026-04-27 09:17:01] Task 1 Epoch 7/10: entering train loop
T1 Ep 7/10 | L 0.1511 | Train Acc 0.89 | Prec 0.94 | F1 0.91 | Det Rec 0.95 | Det FA 0.03 | Epoch Time 493.98s (Eval 0.00s, Train 493.98s)
[STATE 2026-04-27 09:25:15] T1 Ep 7/10 complete: Prec 0.9443 F1 0.9086 DetRec 0.9499 DetFA 0.0345 | 493.98s total (0.00s eval/493.98s train)
[STATE 2026-04-27 09:25:15] Task 1 Epoch 8/10: entering train loop
T1 Ep 8/10 | L 0.1404 | Train Acc 0.90 | Prec 0.95 | F1 0.92 | Det Rec 0.96 | Det FA 0.03 | Epoch Time 493.52s (Eval 0.00s, Train 493.52s)
[STATE 2026-04-27 09:33:28] T1 Ep 8/10 complete: Prec 0.9481 F1 0.9166 DetRec 0.9557 DetFA 0.0286 | 493.52s total (0.00s eval/493.52s train)
[STATE 2026-04-27 09:33:28] Task 1 Epoch 9/10: entering train loop
T1 Ep 9/10 | L 0.1313 | Train Acc 0.90 | Prec 0.95 | F1 0.92 | Det Rec 0.96 | Det FA 0.03 | Epoch Time 494.04s (Eval 0.00s, Train 494.04s)
[STATE 2026-04-27 09:41:42] T1 Ep 9/10 complete: Prec 0.9474 F1 0.9185 DetRec 0.9589 DetFA 0.0269 | 494.04s total (0.00s eval/494.04s train)
[STATE 2026-04-27 09:41:42] Task 1 Epoch 10/10: entering train loop
T1 Ep 10/10 | L 0.1219 | Train Acc 0.91 | Prec 0.95 | F1 0.93 | Det Rec 0.96 | Det FA 0.02 | Epoch Time 492.37s (Eval 0.00s, Train 492.37s)
[STATE 2026-04-27 09:49:55] T1 Ep 10/10 complete: Prec 0.9528 F1 0.9260 DetRec 0.9624 DetFA 0.0244 | 492.37s total (0.00s eval/492.37s train)
[STATE 2026-04-27 09:49:55] Task 1: running final validation.
[STATE 2026-04-27 09:50:04] Completed task 1 (2/10)
Task 2: 350028 training samples, 175014 test samples.
[STATE 2026-04-27 09:50:04] Task 2: zero-shot validation (pre-train)
---- Zero-shot (pre-train) task 2: rec_cls 0.0199 | prec_cls 0.1934 | f1_cls 0.0952 | det 0.5180 | pfa 0.0676 | total_f1 0.5961 ----
[STATE 2026-04-27 09:50:59] Starting task 2 (3/10)
[STATE 2026-04-27 09:50:59] Task 2 Epoch 1/3: entering train loop
[STATE 2026-04-27 10:50:33] Task 2 Epoch 1/3: running validation (end of epoch)
---- Eval at Epoch 0: cls [0.6566218756461977, 0.7037461386256556, 0.6720937110853766] | det_recall [0.8513787744291843, 0.8391331576495444, 0.8540150513973584] | det_fa [0.13103892807179893, 0.18188031482764086, 0.08739242664511068] ----
T2 Ep 1/3 | L 0.6989 | Train Acc 0.57 | Prec 0.72 | F1 0.63 | Det Rec 0.84 | Det FA 0.18 | Epoch Time 3628.02s (Eval 54.67s, Train 3573.36s)
[STATE 2026-04-27 10:51:27] T2 Ep 1/3 complete: Prec 0.7172 F1 0.6274 DetRec 0.8372 DetFA 0.1770 | 3628.02s total (54.67s eval/3573.36s train)
[STATE 2026-04-27 10:51:27] Task 2 Epoch 2/3: entering train loop
T2 Ep 2/3 | L 0.4902 | Train Acc 0.72 | Prec 0.84 | F1 0.76 | Det Rec 0.87 | Det FA 0.14 | Epoch Time 3567.82s (Eval 0.00s, Train 3567.82s)
[STATE 2026-04-27 11:50:55] T2 Ep 2/3 complete: Prec 0.8415 F1 0.7570 DetRec 0.8694 DetFA 0.1371 | 3567.82s total (0.00s eval/3567.82s train)
[STATE 2026-04-27 11:50:55] Task 2 Epoch 3/3: entering train loop
T2 Ep 3/3 | L 0.4207 | Train Acc 0.74 | Prec 0.85 | F1 0.78 | Det Rec 0.88 | Det FA 0.13 | Epoch Time 3567.66s (Eval 0.00s, Train 3567.66s)
[STATE 2026-04-27 12:50:23] T2 Ep 3/3 complete: Prec 0.8529 F1 0.7772 DetRec 0.8790 DetFA 0.1331 | 3567.66s total (0.00s eval/3567.66s train)
[STATE 2026-04-27 12:50:23] Task 2: running final validation.
[STATE 2026-04-27 12:51:18] Completed task 2 (3/10)
Task 3: 24480 training samples, 8160 test samples.
[STATE 2026-04-27 12:51:18] Task 3: zero-shot validation (pre-train)
---- Zero-shot (pre-train) task 3: rec_cls 0.0635 | prec_cls 0.1025 | f1_cls 0.1648 | det 0.6999 | pfa 0.0000 | total_f1 0.5595 ----
[STATE 2026-04-27 12:52:15] Starting task 3 (4/10)
[STATE 2026-04-27 12:52:15] Task 3 Epoch 1/20: entering train loop
[STATE 2026-04-27 12:56:09] Task 3 Epoch 1/20: running validation (end of epoch)
---- Eval at Epoch 0: cls [0.71020653991583, 0.6989611587805021, 0.6822345471515944, 0.5481694296655384] | det_recall [0.8643793794664656, 0.700040461651147, 0.8509047983640792, 0.9974716223946244] | det_fa [0.1608444559190591, 0.538523146960416, 0.17858941332190084, 0.00022241992882562276] ----
T3 Ep 1/20 | L 0.5886 | Train Acc 0.51 | Prec 0.51 | F1 0.56 | Det Rec 0.99 | Det FA 0.00 | Epoch Time 291.38s (Eval 57.07s, Train 234.31s)
[STATE 2026-04-27 12:57:06] T3 Ep 1/20 complete: Prec 0.5089 F1 0.5585 DetRec 0.9898 DetFA 0.0011 | 291.38s total (57.07s eval/234.31s train)
[STATE 2026-04-27 12:57:06] Task 3 Epoch 2/20: entering train loop
T3 Ep 2/20 | L 0.3836 | Train Acc 0.58 | Prec 0.58 | F1 0.62 | Det Rec 1.00 | Det FA 0.00 | Epoch Time 234.30s (Eval 0.00s, Train 234.30s)
[STATE 2026-04-27 13:01:00] T3 Ep 2/20 complete: Prec 0.5832 F1 0.6215 DetRec 0.9981 DetFA 0.0008 | 234.30s total (0.00s eval/234.30s train)
[STATE 2026-04-27 13:01:00] Task 3 Epoch 3/20: entering train loop
T3 Ep 3/20 | L 0.3336 | Train Acc 0.60 | Prec 0.60 | F1 0.64 | Det Rec 1.00 | Det FA 0.00 | Epoch Time 233.21s (Eval 0.00s, Train 233.21s)
[STATE 2026-04-27 13:04:54] T3 Ep 3/20 complete: Prec 0.6002 F1 0.6368 DetRec 0.9987 DetFA 0.0004 | 233.21s total (0.00s eval/233.21s train)
[STATE 2026-04-27 13:04:54] Task 3 Epoch 4/20: entering train loop
T3 Ep 4/20 | L 0.3101 | Train Acc 0.61 | Prec 0.62 | F1 0.65 | Det Rec 1.00 | Det FA 0.00 | Epoch Time 233.48s (Eval 0.00s, Train 233.48s)
[STATE 2026-04-27 13:08:47] T3 Ep 4/20 complete: Prec 0.6169 F1 0.6518 DetRec 0.9993 DetFA 0.0001 | 233.48s total (0.00s eval/233.48s train)
[STATE 2026-04-27 13:08:47] Task 3 Epoch 5/20: entering train loop
T3 Ep 5/20 | L 0.2953 | Train Acc 0.63 | Prec 0.63 | F1 0.67 | Det Rec 1.00 | Det FA 0.00 | Epoch Time 234.25s (Eval 0.00s, Train 234.25s)
[STATE 2026-04-27 13:12:41] T3 Ep 5/20 complete: Prec 0.6302 F1 0.6659 DetRec 0.9993 DetFA 0.0001 | 234.25s total (0.00s eval/234.25s train)
[STATE 2026-04-27 13:12:41] Task 3 Epoch 6/20: entering train loop
T3 Ep 6/20 | L 0.2813 | Train Acc 0.65 | Prec 0.65 | F1 0.68 | Det Rec 1.00 | Det FA 0.00 | Epoch Time 234.29s (Eval 0.00s, Train 234.29s)
[STATE 2026-04-27 13:16:36] T3 Ep 6/20 complete: Prec 0.6505 F1 0.6843 DetRec 0.9995 DetFA 0.0003 | 234.29s total (0.00s eval/234.29s train)
[STATE 2026-04-27 13:16:36] Task 3 Epoch 7/20: entering train loop
T3 Ep 7/20 | L 0.2607 | Train Acc 0.67 | Prec 0.67 | F1 0.70 | Det Rec 1.00 | Det FA 0.00 | Epoch Time 234.32s (Eval 0.00s, Train 234.32s)
[STATE 2026-04-27 13:20:30] T3 Ep 7/20 complete: Prec 0.6731 F1 0.7034 DetRec 0.9995 DetFA 0.0002 | 234.32s total (0.00s eval/234.32s train)
[STATE 2026-04-27 13:20:30] Task 3 Epoch 8/20: entering train loop
T3 Ep 8/20 | L 0.2457 | Train Acc 0.69 | Prec 0.69 | F1 0.72 | Det Rec 1.00 | Det FA 0.00 | Epoch Time 234.21s (Eval 0.00s, Train 234.21s)
[STATE 2026-04-27 13:24:24] T3 Ep 8/20 complete: Prec 0.6935 F1 0.7206 DetRec 0.9996 DetFA 0.0000 | 234.21s total (0.00s eval/234.21s train)
[STATE 2026-04-27 13:24:24] Task 3 Epoch 9/20: entering train loop
T3 Ep 9/20 | L 0.2320 | Train Acc 0.70 | Prec 0.71 | F1 0.73 | Det Rec 1.00 | Det FA 0.00 | Epoch Time 234.59s (Eval 0.00s, Train 234.59s)
[STATE 2026-04-27 13:28:19] T3 Ep 9/20 complete: Prec 0.7057 F1 0.7317 DetRec 0.9996 DetFA 0.0001 | 234.59s total (0.00s eval/234.59s train)
[STATE 2026-04-27 13:28:19] Task 3 Epoch 10/20: entering train loop
T3 Ep 10/20 | L 0.2201 | Train Acc 0.72 | Prec 0.72 | F1 0.75 | Det Rec 1.00 | Det FA 0.00 | Epoch Time 234.27s (Eval 0.00s, Train 234.27s)
[STATE 2026-04-27 13:32:13] T3 Ep 10/20 complete: Prec 0.7203 F1 0.7462 DetRec 0.9996 DetFA 0.0001 | 234.27s total (0.00s eval/234.27s train)
[STATE 2026-04-27 13:32:13] Task 3 Epoch 11/20: entering train loop
T3 Ep 11/20 | L 0.2084 | Train Acc 0.73 | Prec 0.74 | F1 0.76 | Det Rec 1.00 | Det FA 0.00 | Epoch Time 234.11s (Eval 0.00s, Train 234.11s)
[STATE 2026-04-27 13:36:07] T3 Ep 11/20 complete: Prec 0.7366 F1 0.7593 DetRec 0.9997 DetFA 0.0001 | 234.11s total (0.00s eval/234.11s train)
[STATE 2026-04-27 13:36:07] Task 3 Epoch 12/20: entering train loop
T3 Ep 12/20 | L 0.1974 | Train Acc 0.75 | Prec 0.76 | F1 0.78 | Det Rec 1.00 | Det FA 0.00 | Epoch Time 234.24s (Eval 0.00s, Train 234.24s)
[STATE 2026-04-27 13:40:01] T3 Ep 12/20 complete: Prec 0.7609 F1 0.7790 DetRec 0.9997 DetFA 0.0001 | 234.24s total (0.00s eval/234.24s train)
[STATE 2026-04-27 13:40:01] Task 3 Epoch 13/20: entering train loop
T3 Ep 13/20 | L 0.1830 | Train Acc 0.77 | Prec 0.78 | F1 0.79 | Det Rec 1.00 | Det FA 0.00 | Epoch Time 233.12s (Eval 0.00s, Train 233.12s)
[STATE 2026-04-27 13:43:54] T3 Ep 13/20 complete: Prec 0.7777 F1 0.7941 DetRec 0.9995 DetFA 0.0001 | 233.12s total (0.00s eval/233.12s train)
[STATE 2026-04-27 13:43:54] Task 3 Epoch 14/20: entering train loop
T3 Ep 14/20 | L 0.1710 | Train Acc 0.78 | Prec 0.79 | F1 0.80 | Det Rec 1.00 | Det FA 0.00 | Epoch Time 233.80s (Eval 0.00s, Train 233.80s)
[STATE 2026-04-27 13:47:48] T3 Ep 14/20 complete: Prec 0.7885 F1 0.8044 DetRec 0.9995 DetFA 0.0001 | 233.80s total (0.00s eval/233.80s train)
[STATE 2026-04-27 13:47:48] Task 3 Epoch 15/20: entering train loop
T3 Ep 15/20 | L 0.1587 | Train Acc 0.79 | Prec 0.80 | F1 0.82 | Det Rec 1.00 | Det FA 0.00 | Epoch Time 234.04s (Eval 0.00s, Train 234.04s)
[STATE 2026-04-27 13:51:42] T3 Ep 15/20 complete: Prec 0.8007 F1 0.8168 DetRec 0.9997 DetFA 0.0000 | 234.04s total (0.00s eval/234.04s train)
[STATE 2026-04-27 13:51:42] Task 3 Epoch 16/20: entering train loop
T3 Ep 16/20 | L 0.1519 | Train Acc 0.81 | Prec 0.81 | F1 0.83 | Det Rec 1.00 | Det FA 0.00 | Epoch Time 234.68s (Eval 0.00s, Train 234.68s)
[STATE 2026-04-27 13:55:37] T3 Ep 16/20 complete: Prec 0.8135 F1 0.8285 DetRec 0.9997 DetFA 0.0001 | 234.68s total (0.00s eval/234.68s train)
[STATE 2026-04-27 13:55:37] Task 3 Epoch 17/20: entering train loop
T3 Ep 17/20 | L 0.1413 | Train Acc 0.82 | Prec 0.82 | F1 0.84 | Det Rec 1.00 | Det FA 0.00 | Epoch Time 233.81s (Eval 0.00s, Train 233.81s)
[STATE 2026-04-27 13:59:31] T3 Ep 17/20 complete: Prec 0.8247 F1 0.8383 DetRec 0.9997 DetFA 0.0000 | 233.81s total (0.00s eval/233.81s train)
[STATE 2026-04-27 13:59:31] Task 3 Epoch 18/20: entering train loop
T3 Ep 18/20 | L 0.1324 | Train Acc 0.83 | Prec 0.84 | F1 0.85 | Det Rec 1.00 | Det FA 0.00 | Epoch Time 234.07s (Eval 0.00s, Train 234.07s)
[STATE 2026-04-27 14:03:25] T3 Ep 18/20 complete: Prec 0.8381 F1 0.8504 DetRec 0.9996 DetFA 0.0001 | 234.07s total (0.00s eval/234.07s train)
[STATE 2026-04-27 14:03:25] Task 3 Epoch 19/20: entering train loop
T3 Ep 19/20 | L 0.1215 | Train Acc 0.85 | Prec 0.85 | F1 0.86 | Det Rec 1.00 | Det FA 0.00 | Epoch Time 234.00s (Eval 0.00s, Train 234.00s)
[STATE 2026-04-27 14:07:19] T3 Ep 19/20 complete: Prec 0.8505 F1 0.8625 DetRec 0.9996 DetFA 0.0000 | 234.00s total (0.00s eval/234.00s train)
[STATE 2026-04-27 14:07:19] Task 3 Epoch 20/20: entering train loop
T3 Ep 20/20 | L 0.1150 | Train Acc 0.85 | Prec 0.86 | F1 0.87 | Det Rec 1.00 | Det FA 0.00 | Epoch Time 233.55s (Eval 0.00s, Train 233.55s)
[STATE 2026-04-27 14:11:12] T3 Ep 20/20 complete: Prec 0.8552 F1 0.8655 DetRec 0.9997 DetFA 0.0000 | 233.55s total (0.00s eval/233.55s train)
[STATE 2026-04-27 14:11:12] Task 3: running final validation.
[STATE 2026-04-27 14:12:10] Completed task 3 (4/10)
Task 4: 24480 training samples, 8160 test samples.
[STATE 2026-04-27 14:12:10] Task 4: zero-shot validation (pre-train)
---- Zero-shot (pre-train) task 4: rec_cls 0.2517 | prec_cls 0.1611 | f1_cls 0.1180 | det 0.4847 | pfa 1.0000 | total_f1 0.5689 ----
[STATE 2026-04-27 14:13:09] Starting task 4 (5/10)
[STATE 2026-04-27 14:13:09] Task 4 Epoch 1/20: entering train loop
[STATE 2026-04-27 14:17:04] Task 4 Epoch 1/20: running validation (end of epoch)
---- Eval at Epoch 0: cls [0.6496181684086426, 0.5891784685072678, 0.6352843719259019, 0.6921152759897431, 0.5463327011540118] | det_recall [0.855539064235457, 0.8414947807352737, 0.8263266221143313, 0.999029446620545, 1.0] | det_fa [0.12323786043566039, 0.18612839615577026, 0.1754391494546098, 0.0, 0.0] ----
T4 Ep 1/20 | L 0.3806 | Train Acc 0.50 | Prec 0.52 | F1 0.54 | Det Rec 1.00 | Det FA 0.00 | Epoch Time 293.97s (Eval 59.04s, Train 234.93s)
[STATE 2026-04-27 14:18:03] T4 Ep 1/20 complete: Prec 0.5243 F1 0.5387 DetRec 0.9967 DetFA 0.0013 | 293.97s total (59.04s eval/234.93s train)
[STATE 2026-04-27 14:18:03] Task 4 Epoch 2/20: entering train loop
T4 Ep 2/20 | L 0.2862 | Train Acc 0.59 | Prec 0.60 | F1 0.62 | Det Rec 1.00 | Det FA 0.00 | Epoch Time 234.16s (Eval 0.00s, Train 234.16s)
[STATE 2026-04-27 14:21:57] T4 Ep 2/20 complete: Prec 0.6034 F1 0.6186 DetRec 1.0000 DetFA 0.0000 | 234.16s total (0.00s eval/234.16s train)
[STATE 2026-04-27 14:21:57] Task 4 Epoch 3/20: entering train loop
T4 Ep 3/20 | L 0.2587 | Train Acc 0.63 | Prec 0.64 | F1 0.66 | Det Rec 1.00 | Det FA 0.00 | Epoch Time 234.16s (Eval 0.00s, Train 234.16s)
[STATE 2026-04-27 14:25:51] T4 Ep 3/20 complete: Prec 0.6427 F1 0.6599 DetRec 1.0000 DetFA 0.0000 | 234.16s total (0.00s eval/234.16s train)
[STATE 2026-04-27 14:25:51] Task 4 Epoch 4/20: entering train loop
T4 Ep 4/20 | L 0.2364 | Train Acc 0.66 | Prec 0.68 | F1 0.70 | Det Rec 1.00 | Det FA 0.00 | Epoch Time 234.35s (Eval 0.00s, Train 234.35s)
[STATE 2026-04-27 14:29:45] T4 Ep 4/20 complete: Prec 0.6819 F1 0.6951 DetRec 1.0000 DetFA 0.0000 | 234.35s total (0.00s eval/234.35s train)
[STATE 2026-04-27 14:29:45] Task 4 Epoch 5/20: entering train loop
T4 Ep 5/20 | L 0.2183 | Train Acc 0.69 | Prec 0.71 | F1 0.72 | Det Rec 1.00 | Det FA 0.00 | Epoch Time 234.35s (Eval 0.00s, Train 234.35s)
[STATE 2026-04-27 14:33:40] T4 Ep 5/20 complete: Prec 0.7138 F1 0.7249 DetRec 1.0000 DetFA 0.0000 | 234.35s total (0.00s eval/234.35s train)
[STATE 2026-04-27 14:33:40] Task 4 Epoch 6/20: entering train loop
T4 Ep 6/20 | L 0.2022 | Train Acc 0.73 | Prec 0.75 | F1 0.76 | Det Rec 1.00 | Det FA 0.00 | Epoch Time 233.99s (Eval 0.00s, Train 233.99s)
[STATE 2026-04-27 14:37:34] T4 Ep 6/20 complete: Prec 0.7517 F1 0.7609 DetRec 1.0000 DetFA 0.0000 | 233.99s total (0.00s eval/233.99s train)
[STATE 2026-04-27 14:37:34] Task 4 Epoch 7/20: entering train loop
T4 Ep 7/20 | L 0.1876 | Train Acc 0.76 | Prec 0.77 | F1 0.79 | Det Rec 1.00 | Det FA 0.00 | Epoch Time 233.86s (Eval 0.00s, Train 233.86s)
[STATE 2026-04-27 14:41:28] T4 Ep 7/20 complete: Prec 0.7735 F1 0.7876 DetRec 1.0000 DetFA 0.0000 | 233.86s total (0.00s eval/233.86s train)
[STATE 2026-04-27 14:41:28] Task 4 Epoch 8/20: entering train loop
T4 Ep 8/20 | L 0.1712 | Train Acc 0.78 | Prec 0.79 | F1 0.81 | Det Rec 1.00 | Det FA 0.00 | Epoch Time 234.19s (Eval 0.00s, Train 234.19s)
[STATE 2026-04-27 14:45:22] T4 Ep 8/20 complete: Prec 0.7923 F1 0.8075 DetRec 1.0000 DetFA 0.0000 | 234.19s total (0.00s eval/234.19s train)
[STATE 2026-04-27 14:45:22] Task 4 Epoch 9/20: entering train loop
T4 Ep 9/20 | L 0.1585 | Train Acc 0.80 | Prec 0.81 | F1 0.82 | Det Rec 1.00 | Det FA 0.00 | Epoch Time 233.94s (Eval 0.00s, Train 233.94s)
[STATE 2026-04-27 14:49:16] T4 Ep 9/20 complete: Prec 0.8080 F1 0.8214 DetRec 1.0000 DetFA 0.0000 | 233.94s total (0.00s eval/233.94s train)
[STATE 2026-04-27 14:49:16] Task 4 Epoch 10/20: entering train loop
T4 Ep 10/20 | L 0.1468 | Train Acc 0.82 | Prec 0.83 | F1 0.84 | Det Rec 1.00 | Det FA 0.00 | Epoch Time 234.13s (Eval 0.00s, Train 234.13s)
[STATE 2026-04-27 14:53:10] T4 Ep 10/20 complete: Prec 0.8302 F1 0.8430 DetRec 1.0000 DetFA 0.0000 | 234.13s total (0.00s eval/234.13s train)
[STATE 2026-04-27 14:53:10] Task 4 Epoch 11/20: entering train loop
T4 Ep 11/20 | L 0.1351 | Train Acc 0.84 | Prec 0.84 | F1 0.86 | Det Rec 1.00 | Det FA 0.00 | Epoch Time 233.93s (Eval 0.00s, Train 233.93s)
[STATE 2026-04-27 14:57:04] T4 Ep 11/20 complete: Prec 0.8415 F1 0.8554 DetRec 1.0000 DetFA 0.0000 | 233.93s total (0.00s eval/233.93s train)
[STATE 2026-04-27 14:57:04] Task 4 Epoch 12/20: entering train loop
T4 Ep 12/20 | L 0.1272 | Train Acc 0.84 | Prec 0.85 | F1 0.86 | Det Rec 1.00 | Det FA 0.00 | Epoch Time 233.81s (Eval 0.00s, Train 233.81s)
[STATE 2026-04-27 15:00:58] T4 Ep 12/20 complete: Prec 0.8518 F1 0.8629 DetRec 1.0000 DetFA 0.0000 | 233.81s total (0.00s eval/233.81s train)
[STATE 2026-04-27 15:00:58] Task 4 Epoch 13/20: entering train loop
T4 Ep 13/20 | L 0.1169 | Train Acc 0.86 | Prec 0.86 | F1 0.87 | Det Rec 1.00 | Det FA 0.00 | Epoch Time 234.52s (Eval 0.00s, Train 234.52s)
[STATE 2026-04-27 15:04:52] T4 Ep 13/20 complete: Prec 0.8646 F1 0.8743 DetRec 1.0000 DetFA 0.0000 | 234.52s total (0.00s eval/234.52s train)
[STATE 2026-04-27 15:04:52] Task 4 Epoch 14/20: entering train loop
T4 Ep 14/20 | L 0.1106 | Train Acc 0.87 | Prec 0.87 | F1 0.88 | Det Rec 1.00 | Det FA 0.00 | Epoch Time 234.59s (Eval 0.00s, Train 234.59s)
[STATE 2026-04-27 15:08:47] T4 Ep 14/20 complete: Prec 0.8740 F1 0.8836 DetRec 1.0000 DetFA 0.0000 | 234.59s total (0.00s eval/234.59s train)
[STATE 2026-04-27 15:08:47] Task 4 Epoch 15/20: entering train loop
T4 Ep 15/20 | L 0.1047 | Train Acc 0.87 | Prec 0.88 | F1 0.89 | Det Rec 1.00 | Det FA 0.00 | Epoch Time 234.48s (Eval 0.00s, Train 234.48s)
[STATE 2026-04-27 15:12:41] T4 Ep 15/20 complete: Prec 0.8783 F1 0.8874 DetRec 1.0000 DetFA 0.0000 | 234.48s total (0.00s eval/234.48s train)
[STATE 2026-04-27 15:12:41] Task 4 Epoch 16/20: entering train loop
T4 Ep 16/20 | L 0.0982 | Train Acc 0.88 | Prec 0.89 | F1 0.90 | Det Rec 1.00 | Det FA 0.00 | Epoch Time 233.93s (Eval 0.00s, Train 233.93s)
[STATE 2026-04-27 15:16:35] T4 Ep 16/20 complete: Prec 0.8898 F1 0.8977 DetRec 1.0000 DetFA 0.0000 | 233.93s total (0.00s eval/233.93s train)
[STATE 2026-04-27 15:16:35] Task 4 Epoch 17/20: entering train loop
T4 Ep 17/20 | L 0.0937 | Train Acc 0.89 | Prec 0.90 | F1 0.90 | Det Rec 1.00 | Det FA 0.00 | Epoch Time 233.96s (Eval 0.00s, Train 233.96s)
[STATE 2026-04-27 15:20:29] T4 Ep 17/20 complete: Prec 0.8953 F1 0.9049 DetRec 1.0000 DetFA 0.0000 | 233.96s total (0.00s eval/233.96s train)
[STATE 2026-04-27 15:20:29] Task 4 Epoch 18/20: entering train loop
T4 Ep 18/20 | L 0.0857 | Train Acc 0.90 | Prec 0.90 | F1 0.91 | Det Rec 1.00 | Det FA 0.00 | Epoch Time 233.94s (Eval 0.00s, Train 233.94s)
[STATE 2026-04-27 15:24:23] T4 Ep 18/20 complete: Prec 0.9032 F1 0.9120 DetRec 1.0000 DetFA 0.0000 | 233.94s total (0.00s eval/233.94s train)
[STATE 2026-04-27 15:24:23] Task 4 Epoch 19/20: entering train loop
T4 Ep 19/20 | L 0.0837 | Train Acc 0.90 | Prec 0.91 | F1 0.91 | Det Rec 1.00 | Det FA 0.00 | Epoch Time 233.81s (Eval 0.00s, Train 233.81s)
[STATE 2026-04-27 15:28:17] T4 Ep 19/20 complete: Prec 0.9073 F1 0.9142 DetRec 1.0000 DetFA 0.0000 | 233.81s total (0.00s eval/233.81s train)
[STATE 2026-04-27 15:28:17] Task 4 Epoch 20/20: entering train loop
T4 Ep 20/20 | L 0.0786 | Train Acc 0.91 | Prec 0.91 | F1 0.92 | Det Rec 1.00 | Det FA 0.00 | Epoch Time 233.97s (Eval 0.00s, Train 233.97s)
[STATE 2026-04-27 15:32:11] T4 Ep 20/20 complete: Prec 0.9140 F1 0.9210 DetRec 1.0000 DetFA 0.0000 | 233.97s total (0.00s eval/233.97s train)
[STATE 2026-04-27 15:32:11] Task 4: running final validation.
[STATE 2026-04-27 15:33:10] Completed task 4 (5/10)
Task 5: 201410 training samples, 100705 test samples.
[STATE 2026-04-27 15:33:15] Task 5: zero-shot validation (pre-train)
---- Zero-shot (pre-train) task 5: rec_cls 0.2128 | prec_cls 0.1022 | f1_cls 0.0789 | det 0.5000 | pfa 1.0000 | total_f1 0.5763 ----
[STATE 2026-04-27 15:34:40] Starting task 5 (6/10)
[STATE 2026-04-27 15:34:40] Task 5 Epoch 1/5: entering train loop
[STATE 2026-04-27 16:09:03] Task 5 Epoch 1/5: running validation (end of epoch)
---- Eval at Epoch 0: cls [0.5277485906827988, 0.5065859945899007, 0.6543027884695556, 0.4594150379229031, 0.410155258924395, 0.7706499174168191] | det_recall [0.8312387617391791, 0.8072166374957196, 0.8349173982942241, 0.9716173626956801, 1.0, 0.9014096853368764] | det_fa [0.12323742511041823, 0.16947984570854557, 0.2743761860251937, 0.004686225666517957, 0.0, 0.14075164044804164] ----
T5 Ep 1/5 | L 0.4342 | Train Acc 0.69 | Prec 0.84 | F1 0.74 | Det Rec 0.89 | Det FA 0.13 | Epoch Time 2148.62s (Eval 85.53s, Train 2063.09s)
[STATE 2026-04-27 16:10:29] T5 Ep 1/5 complete: Prec 0.8350 F1 0.7408 DetRec 0.8864 DetFA 0.1321 | 2148.62s total (85.53s eval/2063.09s train)
[STATE 2026-04-27 16:10:29] Task 5 Epoch 2/5: entering train loop
T5 Ep 2/5 | L 0.2948 | Train Acc 0.79 | Prec 0.91 | F1 0.83 | Det Rec 0.91 | Det FA 0.09 | Epoch Time 2057.62s (Eval 0.00s, Train 2057.62s)
[STATE 2026-04-27 16:44:46] T5 Ep 2/5 complete: Prec 0.9110 F1 0.8297 DetRec 0.9121 DetFA 0.0862 | 2057.62s total (0.00s eval/2057.62s train)
[STATE 2026-04-27 16:44:46] Task 5 Epoch 3/5: entering train loop
T5 Ep 3/5 | L 0.2527 | Train Acc 0.81 | Prec 0.92 | F1 0.85 | Det Rec 0.92 | Det FA 0.07 | Epoch Time 2058.60s (Eval 0.00s, Train 2058.60s)
[STATE 2026-04-27 17:19:05] T5 Ep 3/5 complete: Prec 0.9216 F1 0.8485 DetRec 0.9217 DetFA 0.0686 | 2058.60s total (0.00s eval/2058.60s train)
[STATE 2026-04-27 17:19:05] Task 5 Epoch 4/5: entering train loop
T5 Ep 4/5 | L 0.2254 | Train Acc 0.83 | Prec 0.93 | F1 0.86 | Det Rec 0.93 | Det FA 0.06 | Epoch Time 2060.08s (Eval 0.00s, Train 2060.08s)
[STATE 2026-04-27 17:53:25] T5 Ep 4/5 complete: Prec 0.9288 F1 0.8619 DetRec 0.9288 DetFA 0.0610 | 2060.08s total (0.00s eval/2060.08s train)
[STATE 2026-04-27 17:53:25] Task 5 Epoch 5/5: entering train loop
T5 Ep 5/5 | L 0.2055 | Train Acc 0.85 | Prec 0.93 | F1 0.87 | Det Rec 0.93 | Det FA 0.06 | Epoch Time 2058.72s (Eval 0.00s, Train 2058.72s)
[STATE 2026-04-27 18:27:44] T5 Ep 5/5 complete: Prec 0.9315 F1 0.8722 DetRec 0.9334 DetFA 0.0597 | 2058.72s total (0.00s eval/2058.72s train)
[STATE 2026-04-27 18:27:44] Task 5: running final validation.
[STATE 2026-04-27 18:29:09] Completed task 5 (6/10)
Task 6: 17340 training samples, 6800 test samples.
[STATE 2026-04-27 18:29:10] Task 6: zero-shot validation (pre-train)
---- Zero-shot (pre-train) task 6: rec_cls 0.1860 | prec_cls 0.0976 | f1_cls 0.0628 | det 0.4889 | pfa 1.0000 | total_f1 0.5032 ----
[STATE 2026-04-27 18:30:37] Starting task 6 (7/10)
[STATE 2026-04-27 18:30:37] Task 6 Epoch 1/20: entering train loop
[STATE 2026-04-27 18:33:23] Task 6 Epoch 1/20: running validation (end of epoch)
---- Eval at Epoch 0: cls [0.6330600025551075, 0.5777361372245009, 0.6079622946681263, 0.5721162348179346, 0.49312447135220216, 0.7902003972939545, 0.6107647776885223] | det_recall [0.84900801870812, 0.831231527750967, 0.8212693525906304, 0.9925566276119467, 1.0, 0.9066563780120133, 0.9997176339285715] | det_fa [0.1388666152268443, 0.20222438401761833, 0.2754881587952247, 0.0, 0.0, 0.10929764835195688, 0.0005647321428571429] ----
T6 Ep 1/20 | L 0.4745 | Train Acc 0.55 | Prec 0.57 | F1 0.61 | Det Rec 0.99 | Det FA 0.00 | Epoch Time 253.78s (Eval 87.23s, Train 166.54s)
[STATE 2026-04-27 18:34:51] T6 Ep 1/20 complete: Prec 0.5741 F1 0.6145 DetRec 0.9925 DetFA 0.0017 | 253.78s total (87.23s eval/166.54s train)
[STATE 2026-04-27 18:34:51] Task 6 Epoch 2/20: entering train loop
T6 Ep 2/20 | L 0.2855 | Train Acc 0.66 | Prec 0.68 | F1 0.71 | Det Rec 1.00 | Det FA 0.00 | Epoch Time 166.38s (Eval 0.00s, Train 166.38s)
[STATE 2026-04-27 18:37:37] T6 Ep 2/20 complete: Prec 0.6796 F1 0.7140 DetRec 0.9999 DetFA 0.0002 | 166.38s total (0.00s eval/166.38s train)
[STATE 2026-04-27 18:37:37] Task 6 Epoch 3/20: entering train loop
T6 Ep 3/20 | L 0.2413 | Train Acc 0.71 | Prec 0.73 | F1 0.76 | Det Rec 1.00 | Det FA 0.00 | Epoch Time 166.00s (Eval 0.00s, Train 166.00s)
[STATE 2026-04-27 18:40:23] T6 Ep 3/20 complete: Prec 0.7310 F1 0.7570 DetRec 1.0000 DetFA 0.0000 | 166.00s total (0.00s eval/166.00s train)
[STATE 2026-04-27 18:40:23] Task 6 Epoch 4/20: entering train loop
T6 Ep 4/20 | L 0.2088 | Train Acc 0.75 | Prec 0.77 | F1 0.79 | Det Rec 1.00 | Det FA 0.00 | Epoch Time 166.19s (Eval 0.00s, Train 166.19s)
[STATE 2026-04-27 18:43:09] T6 Ep 4/20 complete: Prec 0.7715 F1 0.7899 DetRec 1.0000 DetFA 0.0000 | 166.19s total (0.00s eval/166.19s train)
[STATE 2026-04-27 18:43:09] Task 6 Epoch 5/20: entering train loop
T6 Ep 5/20 | L 0.1885 | Train Acc 0.78 | Prec 0.79 | F1 0.81 | Det Rec 1.00 | Det FA 0.00 | Epoch Time 166.04s (Eval 0.00s, Train 166.04s)
[STATE 2026-04-27 18:45:55] T6 Ep 5/20 complete: Prec 0.7887 F1 0.8100 DetRec 1.0000 DetFA 0.0000 | 166.04s total (0.00s eval/166.04s train)
[STATE 2026-04-27 18:45:55] Task 6 Epoch 6/20: entering train loop
T6 Ep 6/20 | L 0.1710 | Train Acc 0.80 | Prec 0.81 | F1 0.83 | Det Rec 1.00 | Det FA 0.00 | Epoch Time 165.74s (Eval 0.00s, Train 165.74s)
[STATE 2026-04-27 18:48:41] T6 Ep 6/20 complete: Prec 0.8054 F1 0.8283 DetRec 1.0000 DetFA 0.0000 | 165.74s total (0.00s eval/165.74s train)
[STATE 2026-04-27 18:48:41] Task 6 Epoch 7/20: entering train loop
T6 Ep 7/20 | L 0.1557 | Train Acc 0.82 | Prec 0.82 | F1 0.84 | Det Rec 1.00 | Det FA 0.00 | Epoch Time 166.35s (Eval 0.00s, Train 166.35s)
[STATE 2026-04-27 18:51:27] T6 Ep 7/20 complete: Prec 0.8233 F1 0.8443 DetRec 1.0000 DetFA 0.0000 | 166.35s total (0.00s eval/166.35s train)
[STATE 2026-04-27 18:51:27] Task 6 Epoch 8/20: entering train loop
T6 Ep 8/20 | L 0.1440 | Train Acc 0.83 | Prec 0.84 | F1 0.86 | Det Rec 1.00 | Det FA 0.00 | Epoch Time 166.21s (Eval 0.00s, Train 166.21s)
[STATE 2026-04-27 18:54:14] T6 Ep 8/20 complete: Prec 0.8386 F1 0.8577 DetRec 1.0000 DetFA 0.0000 | 166.21s total (0.00s eval/166.21s train)
[STATE 2026-04-27 18:54:14] Task 6 Epoch 9/20: entering train loop
T6 Ep 9/20 | L 0.1333 | Train Acc 0.84 | Prec 0.85 | F1 0.87 | Det Rec 1.00 | Det FA 0.00 | Epoch Time 166.19s (Eval 0.00s, Train 166.19s)
[STATE 2026-04-27 18:57:00] T6 Ep 9/20 complete: Prec 0.8493 F1 0.8682 DetRec 1.0000 DetFA 0.0000 | 166.19s total (0.00s eval/166.19s train)
[STATE 2026-04-27 18:57:00] Task 6 Epoch 10/20: entering train loop
T6 Ep 10/20 | L 0.1186 | Train Acc 0.86 | Prec 0.86 | F1 0.88 | Det Rec 1.00 | Det FA 0.00 | Epoch Time 165.89s (Eval 0.00s, Train 165.89s)
[STATE 2026-04-27 18:59:46] T6 Ep 10/20 complete: Prec 0.8610 F1 0.8786 DetRec 0.9999 DetFA 0.0001 | 165.89s total (0.00s eval/165.89s train)
[STATE 2026-04-27 18:59:46] Task 6 Epoch 11/20: entering train loop
T6 Ep 11/20 | L 0.1091 | Train Acc 0.87 | Prec 0.88 | F1 0.89 | Det Rec 1.00 | Det FA 0.00 | Epoch Time 165.42s (Eval 0.00s, Train 165.42s)
[STATE 2026-04-27 19:02:31] T6 Ep 11/20 complete: Prec 0.8761 F1 0.8930 DetRec 1.0000 DetFA 0.0001 | 165.42s total (0.00s eval/165.42s train)
[STATE 2026-04-27 19:02:31] Task 6 Epoch 12/20: entering train loop
T6 Ep 12/20 | L 0.0979 | Train Acc 0.88 | Prec 0.89 | F1 0.90 | Det Rec 1.00 | Det FA 0.00 | Epoch Time 166.25s (Eval 0.00s, Train 166.25s)
[STATE 2026-04-27 19:05:17] T6 Ep 12/20 complete: Prec 0.8859 F1 0.9012 DetRec 1.0000 DetFA 0.0000 | 166.25s total (0.00s eval/166.25s train)
[STATE 2026-04-27 19:05:17] Task 6 Epoch 13/20: entering train loop
T6 Ep 13/20 | L 0.0909 | Train Acc 0.89 | Prec 0.90 | F1 0.91 | Det Rec 1.00 | Det FA 0.00 | Epoch Time 166.32s (Eval 0.00s, Train 166.32s)
[STATE 2026-04-27 19:08:04] T6 Ep 13/20 complete: Prec 0.8951 F1 0.9086 DetRec 1.0000 DetFA 0.0000 | 166.32s total (0.00s eval/166.32s train)
[STATE 2026-04-27 19:08:04] Task 6 Epoch 14/20: entering train loop
T6 Ep 14/20 | L 0.0825 | Train Acc 0.90 | Prec 0.90 | F1 0.92 | Det Rec 1.00 | Det FA 0.00 | Epoch Time 166.55s (Eval 0.00s, Train 166.55s)
[STATE 2026-04-27 19:10:50] T6 Ep 14/20 complete: Prec 0.9028 F1 0.9162 DetRec 1.0000 DetFA 0.0000 | 166.55s total (0.00s eval/166.55s train)
[STATE 2026-04-27 19:10:50] Task 6 Epoch 15/20: entering train loop
T6 Ep 15/20 | L 0.0762 | Train Acc 0.91 | Prec 0.91 | F1 0.92 | Det Rec 1.00 | Det FA 0.00 | Epoch Time 166.67s (Eval 0.00s, Train 166.67s)
[STATE 2026-04-27 19:13:37] T6 Ep 15/20 complete: Prec 0.9107 F1 0.9221 DetRec 1.0000 DetFA 0.0000 | 166.67s total (0.00s eval/166.67s train)
[STATE 2026-04-27 19:13:37] Task 6 Epoch 16/20: entering train loop
T6 Ep 16/20 | L 0.0704 | Train Acc 0.91 | Prec 0.92 | F1 0.93 | Det Rec 1.00 | Det FA 0.00 | Epoch Time 166.41s (Eval 0.00s, Train 166.41s)
[STATE 2026-04-27 19:16:23] T6 Ep 16/20 complete: Prec 0.9171 F1 0.9267 DetRec 0.9999 DetFA 0.0001 | 166.41s total (0.00s eval/166.41s train)
[STATE 2026-04-27 19:16:23] Task 6 Epoch 17/20: entering train loop
T6 Ep 17/20 | L 0.0680 | Train Acc 0.93 | Prec 0.93 | F1 0.94 | Det Rec 1.00 | Det FA 0.00 | Epoch Time 166.72s (Eval 0.00s, Train 166.72s)
[STATE 2026-04-27 19:19:10] T6 Ep 17/20 complete: Prec 0.9258 F1 0.9356 DetRec 1.0000 DetFA 0.0000 | 166.72s total (0.00s eval/166.72s train)
[STATE 2026-04-27 19:19:10] Task 6 Epoch 18/20: entering train loop
T6 Ep 18/20 | L 0.0644 | Train Acc 0.92 | Prec 0.93 | F1 0.94 | Det Rec 1.00 | Det FA 0.00 | Epoch Time 166.30s (Eval 0.00s, Train 166.30s)
[STATE 2026-04-27 19:21:56] T6 Ep 18/20 complete: Prec 0.9259 F1 0.9353 DetRec 1.0000 DetFA 0.0000 | 166.30s total (0.00s eval/166.30s train)
[STATE 2026-04-27 19:21:56] Task 6 Epoch 19/20: entering train loop
T6 Ep 19/20 | L 0.0567 | Train Acc 0.93 | Prec 0.93 | F1 0.94 | Det Rec 1.00 | Det FA 0.00 | Epoch Time 165.92s (Eval 0.00s, Train 165.92s)
[STATE 2026-04-27 19:24:42] T6 Ep 19/20 complete: Prec 0.9335 F1 0.9411 DetRec 0.9999 DetFA 0.0001 | 165.92s total (0.00s eval/165.92s train)
[STATE 2026-04-27 19:24:42] Task 6 Epoch 20/20: entering train loop
T6 Ep 20/20 | L 0.0514 | Train Acc 0.94 | Prec 0.94 | F1 0.95 | Det Rec 1.00 | Det FA 0.00 | Epoch Time 166.09s (Eval 0.00s, Train 166.09s)
[STATE 2026-04-27 19:27:28] T6 Ep 20/20 complete: Prec 0.9389 F1 0.9471 DetRec 1.0000 DetFA 0.0000 | 166.09s total (0.00s eval/166.09s train)
[STATE 2026-04-27 19:27:28] Task 6: running final validation.
[STATE 2026-04-27 19:28:56] Completed task 6 (7/10)
Task 7: 188050 training samples, 94025 test samples.
[STATE 2026-04-27 19:29:01] Task 7: zero-shot validation (pre-train)
---- Zero-shot (pre-train) task 7: rec_cls 0.2153 | prec_cls 0.1744 | f1_cls 0.0926 | det 0.4971 | pfa 0.9999 | total_f1 0.5813 ----
[STATE 2026-04-27 19:30:53] Starting task 7 (8/10)
[STATE 2026-04-27 19:30:53] Task 7 Epoch 1/5: entering train loop
[STATE 2026-04-27 20:03:01] Task 7 Epoch 1/5: running validation (end of epoch)
---- Eval at Epoch 0: cls [0.5169018906304018, 0.47664674039563915, 0.6311064471134831, 0.42113648920268487, 0.4015176744377956, 0.7522210974665761, 0.4763804436918609, 0.8163010382148154] | det_recall [0.8250811134111892, 0.8148314628982326, 0.8455017779532786, 0.9759336019934709, 0.9998879928315412, 0.9087051610053681, 0.998750468759145, 0.872959381242894] | det_fa [0.10364240979440442, 0.14439897569597782, 0.2391123717724742, 0.0014380612753263442, 0.0, 0.043869964529103266, 0.002499062481710035, 0.21499552964855076] ----
T7 Ep 1/5 | L 0.3764 | Train Acc 0.76 | Prec 0.84 | F1 0.78 | Det Rec 0.86 | Det FA 0.23 | Epoch Time 2040.72s (Eval 112.44s, Train 1928.28s)
[STATE 2026-04-27 20:04:53] T7 Ep 1/5 complete: Prec 0.8441 F1 0.7828 DetRec 0.8648 DetFA 0.2286 | 2040.72s total (112.44s eval/1928.28s train)
[STATE 2026-04-27 20:04:53] Task 7 Epoch 2/5: entering train loop
T7 Ep 2/5 | L 0.2822 | Train Acc 0.84 | Prec 0.90 | F1 0.85 | Det Rec 0.88 | Det FA 0.20 | Epoch Time 1924.90s (Eval 0.00s, Train 1924.90s)
[STATE 2026-04-27 20:36:58] T7 Ep 2/5 complete: Prec 0.9013 F1 0.8472 DetRec 0.8848 DetFA 0.1964 | 1924.90s total (0.00s eval/1924.90s train)
[STATE 2026-04-27 20:36:58] Task 7 Epoch 3/5: entering train loop
T7 Ep 3/5 | L 0.2514 | Train Acc 0.85 | Prec 0.91 | F1 0.86 | Det Rec 0.89 | Det FA 0.18 | Epoch Time 1926.53s (Eval 0.00s, Train 1926.53s)
[STATE 2026-04-27 21:09:05] T7 Ep 3/5 complete: Prec 0.9127 F1 0.8620 DetRec 0.8918 DetFA 0.1827 | 1926.53s total (0.00s eval/1926.53s train)
[STATE 2026-04-27 21:09:05] Task 7 Epoch 4/5: entering train loop
T7 Ep 4/5 | L 0.2313 | Train Acc 0.87 | Prec 0.92 | F1 0.87 | Det Rec 0.90 | Det FA 0.17 | Epoch Time 1927.10s (Eval 0.00s, Train 1927.10s)
[STATE 2026-04-27 21:41:12] T7 Ep 4/5 complete: Prec 0.9227 F1 0.8744 DetRec 0.8981 DetFA 0.1705 | 1927.10s total (0.00s eval/1927.10s train)
[STATE 2026-04-27 21:41:12] Task 7 Epoch 5/5: entering train loop
T7 Ep 5/5 | L 0.2155 | Train Acc 0.88 | Prec 0.93 | F1 0.88 | Det Rec 0.90 | Det FA 0.16 | Epoch Time 1924.12s (Eval 0.00s, Train 1924.12s)
[STATE 2026-04-27 22:13:16] T7 Ep 5/5 complete: Prec 0.9279 F1 0.8822 DetRec 0.9032 DetFA 0.1611 | 1924.12s total (0.00s eval/1924.12s train)
[STATE 2026-04-27 22:13:16] Task 7: running final validation.
[STATE 2026-04-27 22:15:08] Completed task 7 (8/10)
Task 8: 36658 training samples, 12220 test samples.
[STATE 2026-04-27 22:15:09] Task 8: zero-shot validation (pre-train)
---- Zero-shot (pre-train) task 8: rec_cls 0.1718 | prec_cls 0.1020 | f1_cls 0.0391 | det 0.4999 | pfa 0.9999 | total_f1 0.5266 ----
[STATE 2026-04-27 22:17:04] Starting task 8 (9/10)
[STATE 2026-04-27 22:17:04] Task 8 Epoch 1/20: entering train loop
[STATE 2026-04-27 22:22:56] Task 8 Epoch 1/20: running validation (end of epoch)
---- Eval at Epoch 0: cls [0.6379818547022602, 0.630674659316397, 0.612624693540404, 0.49604923632688575, 0.4527636352430122, 0.7460865932343631, 0.5379175989511078, 0.8225436757416196, 0.5265024456469146] | det_recall [0.8531128803548923, 0.8465595986262678, 0.8352306219921958, 0.9806481531721644, 0.9997668688005334, 0.905361709485119, 1.0, 0.8705707248515199, 0.8415812416196807] | det_fa [0.08530835880503072, 0.07175007566557501, 0.2736722624732749, 0.0, 0.0, 0.08803239864648349, 0.0, 0.21531662671834234, 0.024169044067088117] ----
T8 Ep 1/20 | L 0.4394 | Train Acc 0.46 | Prec 0.58 | F1 0.53 | Det Rec 0.82 | Det FA 0.06 | Epoch Time 466.95s (Eval 115.17s, Train 351.78s)
[STATE 2026-04-27 22:24:51] T8 Ep 1/20 complete: Prec 0.5776 F1 0.5296 DetRec 0.8153 DetFA 0.0621 | 466.95s total (115.17s eval/351.78s train)
[STATE 2026-04-27 22:24:51] Task 8 Epoch 2/20: entering train loop
T8 Ep 2/20 | L 0.2742 | Train Acc 0.58 | Prec 0.73 | F1 0.64 | Det Rec 0.86 | Det FA 0.06 | Epoch Time 351.55s (Eval 0.00s, Train 351.55s)
[STATE 2026-04-27 22:30:42] T8 Ep 2/20 complete: Prec 0.7312 F1 0.6399 DetRec 0.8559 DetFA 0.0560 | 351.55s total (0.00s eval/351.55s train)
[STATE 2026-04-27 22:30:42] Task 8 Epoch 3/20: entering train loop
T8 Ep 3/20 | L 0.2457 | Train Acc 0.62 | Prec 0.77 | F1 0.66 | Det Rec 0.87 | Det FA 0.06 | Epoch Time 351.85s (Eval 0.00s, Train 351.85s)
[STATE 2026-04-27 22:36:34] T8 Ep 3/20 complete: Prec 0.7692 F1 0.6650 DetRec 0.8651 DetFA 0.0588 | 351.85s total (0.00s eval/351.85s train)
[STATE 2026-04-27 22:36:34] Task 8 Epoch 4/20: entering train loop
T8 Ep 4/20 | L 0.2276 | Train Acc 0.64 | Prec 0.80 | F1 0.69 | Det Rec 0.87 | Det FA 0.06 | Epoch Time 352.09s (Eval 0.00s, Train 352.09s)
[STATE 2026-04-27 22:42:26] T8 Ep 4/20 complete: Prec 0.8030 F1 0.6852 DetRec 0.8716 DetFA 0.0582 | 352.09s total (0.00s eval/352.09s train)
[STATE 2026-04-27 22:42:26] Task 8 Epoch 5/20: entering train loop
T8 Ep 5/20 | L 0.2172 | Train Acc 0.65 | Prec 0.83 | F1 0.70 | Det Rec 0.88 | Det FA 0.05 | Epoch Time 351.81s (Eval 0.00s, Train 351.81s)
[STATE 2026-04-27 22:48:18] T8 Ep 5/20 complete: Prec 0.8304 F1 0.7023 DetRec 0.8783 DetFA 0.0546 | 351.81s total (0.00s eval/351.81s train)
[STATE 2026-04-27 22:48:18] Task 8 Epoch 6/20: entering train loop
T8 Ep 6/20 | L 0.2018 | Train Acc 0.68 | Prec 0.86 | F1 0.72 | Det Rec 0.88 | Det FA 0.06 | Epoch Time 350.96s (Eval 0.00s, Train 350.96s)
[STATE 2026-04-27 22:54:09] T8 Ep 6/20 complete: Prec 0.8624 F1 0.7239 DetRec 0.8844 DetFA 0.0561 | 350.96s total (0.00s eval/350.96s train)
[STATE 2026-04-27 22:54:09] Task 8 Epoch 7/20: entering train loop
T8 Ep 7/20 | L 0.1920 | Train Acc 0.69 | Prec 0.88 | F1 0.74 | Det Rec 0.89 | Det FA 0.06 | Epoch Time 351.80s (Eval 0.00s, Train 351.80s)
[STATE 2026-04-27 23:00:01] T8 Ep 7/20 complete: Prec 0.8777 F1 0.7365 DetRec 0.8884 DetFA 0.0592 | 351.80s total (0.00s eval/351.80s train)
[STATE 2026-04-27 23:00:01] Task 8 Epoch 8/20: entering train loop
T8 Ep 8/20 | L 0.1818 | Train Acc 0.71 | Prec 0.89 | F1 0.75 | Det Rec 0.89 | Det FA 0.05 | Epoch Time 351.28s (Eval 0.00s, Train 351.28s)
[STATE 2026-04-27 23:05:52] T8 Ep 8/20 complete: Prec 0.8922 F1 0.7533 DetRec 0.8926 DetFA 0.0537 | 351.28s total (0.00s eval/351.28s train)
[STATE 2026-04-27 23:05:52] Task 8 Epoch 9/20: entering train loop
T8 Ep 9/20 | L 0.1726 | Train Acc 0.73 | Prec 0.91 | F1 0.77 | Det Rec 0.90 | Det FA 0.06 | Epoch Time 351.18s (Eval 0.00s, Train 351.18s)
[STATE 2026-04-27 23:11:43] T8 Ep 9/20 complete: Prec 0.9108 F1 0.7693 DetRec 0.8984 DetFA 0.0552 | 351.18s total (0.00s eval/351.18s train)
[STATE 2026-04-27 23:11:43] Task 8 Epoch 10/20: entering train loop
T8 Ep 10/20 | L 0.1636 | Train Acc 0.75 | Prec 0.93 | F1 0.79 | Det Rec 0.90 | Det FA 0.05 | Epoch Time 351.61s (Eval 0.00s, Train 351.61s)
[STATE 2026-04-27 23:17:35] T8 Ep 10/20 complete: Prec 0.9284 F1 0.7869 DetRec 0.9047 DetFA 0.0526 | 351.61s total (0.00s eval/351.61s train)
[STATE 2026-04-27 23:17:35] Task 8 Epoch 11/20: entering train loop
T8 Ep 11/20 | L 0.1563 | Train Acc 0.76 | Prec 0.94 | F1 0.80 | Det Rec 0.91 | Det FA 0.05 | Epoch Time 352.23s (Eval 0.00s, Train 352.23s)
[STATE 2026-04-27 23:23:27] T8 Ep 11/20 complete: Prec 0.9363 F1 0.8001 DetRec 0.9096 DetFA 0.0500 | 352.23s total (0.00s eval/352.23s train)
[STATE 2026-04-27 23:23:27] Task 8 Epoch 12/20: entering train loop
T8 Ep 12/20 | L 0.1503 | Train Acc 0.77 | Prec 0.94 | F1 0.80 | Det Rec 0.91 | Det FA 0.05 | Epoch Time 351.87s (Eval 0.00s, Train 351.87s)
[STATE 2026-04-27 23:29:19] T8 Ep 12/20 complete: Prec 0.9356 F1 0.8042 DetRec 0.9110 DetFA 0.0523 | 351.87s total (0.00s eval/351.87s train)
[STATE 2026-04-27 23:29:19] Task 8 Epoch 13/20: entering train loop
T8 Ep 13/20 | L 0.1410 | Train Acc 0.79 | Prec 0.95 | F1 0.82 | Det Rec 0.92 | Det FA 0.05 | Epoch Time 351.29s (Eval 0.00s, Train 351.29s)
[STATE 2026-04-27 23:35:10] T8 Ep 13/20 complete: Prec 0.9521 F1 0.8240 DetRec 0.9174 DetFA 0.0468 | 351.29s total (0.00s eval/351.29s train)
[STATE 2026-04-27 23:35:10] Task 8 Epoch 14/20: entering train loop
T8 Ep 14/20 | L 0.1325 | Train Acc 0.80 | Prec 0.95 | F1 0.83 | Det Rec 0.92 | Det FA 0.05 | Epoch Time 352.04s (Eval 0.00s, Train 352.04s)
[STATE 2026-04-27 23:41:02] T8 Ep 14/20 complete: Prec 0.9532 F1 0.8324 DetRec 0.9220 DetFA 0.0454 | 352.04s total (0.00s eval/352.04s train)
[STATE 2026-04-27 23:41:02] Task 8 Epoch 15/20: entering train loop
T8 Ep 15/20 | L 0.1257 | Train Acc 0.82 | Prec 0.95 | F1 0.84 | Det Rec 0.93 | Det FA 0.04 | Epoch Time 350.64s (Eval 0.00s, Train 350.64s)
[STATE 2026-04-27 23:46:53] T8 Ep 15/20 complete: Prec 0.9530 F1 0.8433 DetRec 0.9261 DetFA 0.0417 | 350.64s total (0.00s eval/350.64s train)
[STATE 2026-04-27 23:46:53] Task 8 Epoch 16/20: entering train loop
T8 Ep 16/20 | L 0.1143 | Train Acc 0.83 | Prec 0.96 | F1 0.86 | Det Rec 0.93 | Det FA 0.04 | Epoch Time 350.64s (Eval 0.00s, Train 350.64s)
[STATE 2026-04-27 23:52:44] T8 Ep 16/20 complete: Prec 0.9634 F1 0.8570 DetRec 0.9311 DetFA 0.0381 | 350.64s total (0.00s eval/350.64s train)
[STATE 2026-04-27 23:52:44] Task 8 Epoch 17/20: entering train loop
T8 Ep 17/20 | L 0.1102 | Train Acc 0.84 | Prec 0.96 | F1 0.87 | Det Rec 0.94 | Det FA 0.04 | Epoch Time 351.76s (Eval 0.00s, Train 351.76s)
[STATE 2026-04-27 23:58:35] T8 Ep 17/20 complete: Prec 0.9593 F1 0.8665 DetRec 0.9367 DetFA 0.0362 | 351.76s total (0.00s eval/351.76s train)
[STATE 2026-04-27 23:58:35] Task 8 Epoch 18/20: entering train loop
T8 Ep 18/20 | L 0.1012 | Train Acc 0.85 | Prec 0.97 | F1 0.87 | Det Rec 0.94 | Det FA 0.03 | Epoch Time 352.02s (Eval 0.00s, Train 352.02s)
[STATE 2026-04-28 00:04:28] T8 Ep 18/20 complete: Prec 0.9678 F1 0.8749 DetRec 0.9404 DetFA 0.0317 | 352.02s total (0.00s eval/352.02s train)
[STATE 2026-04-28 00:04:28] Task 8 Epoch 19/20: entering train loop
T8 Ep 19/20 | L 0.0997 | Train Acc 0.85 | Prec 0.96 | F1 0.88 | Det Rec 0.94 | Det FA 0.03 | Epoch Time 351.76s (Eval 0.00s, Train 351.76s)
[STATE 2026-04-28 00:10:19] T8 Ep 19/20 complete: Prec 0.9623 F1 0.8759 DetRec 0.9398 DetFA 0.0325 | 351.76s total (0.00s eval/351.76s train)
[STATE 2026-04-28 00:10:19] Task 8 Epoch 20/20: entering train loop
T8 Ep 20/20 | L 0.0902 | Train Acc 0.86 | Prec 0.97 | F1 0.88 | Det Rec 0.94 | Det FA 0.03 | Epoch Time 352.49s (Eval 0.00s, Train 352.49s)
[STATE 2026-04-28 00:16:12] T8 Ep 20/20 complete: Prec 0.9689 F1 0.8815 DetRec 0.9424 DetFA 0.0300 | 352.49s total (0.00s eval/352.49s train)
[STATE 2026-04-28 00:16:12] Task 8: running final validation.
[STATE 2026-04-28 00:18:07] Completed task 8 (9/10)
Task 9: 17340 training samples, 6800 test samples.
[STATE 2026-04-28 00:18:07] Task 9: zero-shot validation (pre-train)
---- Zero-shot (pre-train) task 9: rec_cls 0.1532 | prec_cls 0.1194 | f1_cls 0.0799 | det 0.4953 | pfa 1.0000 | total_f1 0.5874 ----
[STATE 2026-04-28 00:20:04] Starting task 9 (10/10)
[STATE 2026-04-28 00:20:04] Task 9 Epoch 1/10: entering train loop
[STATE 2026-04-28 00:22:51] Task 9 Epoch 1/10: running validation (end of epoch)
---- Eval at Epoch 0: cls [0.6734830189435398, 0.6169761613430618, 0.5904517741679323, 0.545919038215105, 0.5096515621885915, 0.7319128986180593, 0.5555289640320661, 0.7755850060725998, 0.6442227722322686, 0.5328521814680998] | det_recall [0.8521450542519351, 0.8310650303743393, 0.8356346551335003, 0.990721291586614, 1.0, 0.8937251247111274, 0.9995910317412745, 0.8618003323924104, 0.8254033468000029, 1.0] | det_fa [0.09576395385902835, 0.15581991340103787, 0.2784998675364734, 0.0, 0.0, 0.1286231970537677, 0.0005533862529007287, 0.2128950203787235, 0.2305593615267901, 0.0] ----
T9 Ep 1/10 | L 0.4325 | Train Acc 0.48 | Prec 0.50 | F1 0.54 | Det Rec 0.99 | Det FA 0.01 | Epoch Time 283.65s (Eval 116.97s, Train 166.68s)
[STATE 2026-04-28 00:24:48] T9 Ep 1/10 complete: Prec 0.4954 F1 0.5415 DetRec 0.9905 DetFA 0.0120 | 283.65s total (116.97s eval/166.68s train)
[STATE 2026-04-28 00:24:48] Task 9 Epoch 2/10: entering train loop
T9 Ep 2/10 | L 0.2801 | Train Acc 0.57 | Prec 0.58 | F1 0.62 | Det Rec 1.00 | Det FA 0.00 | Epoch Time 166.65s (Eval 0.00s, Train 166.65s)
[STATE 2026-04-28 00:27:34] T9 Ep 2/10 complete: Prec 0.5790 F1 0.6242 DetRec 1.0000 DetFA 0.0000 | 166.65s total (0.00s eval/166.65s train)
[STATE 2026-04-28 00:27:34] Task 9 Epoch 3/10: entering train loop
T9 Ep 3/10 | L 0.2534 | Train Acc 0.60 | Prec 0.60 | F1 0.65 | Det Rec 1.00 | Det FA 0.00 | Epoch Time 166.47s (Eval 0.00s, Train 166.47s)
[STATE 2026-04-28 00:30:21] T9 Ep 3/10 complete: Prec 0.6004 F1 0.6479 DetRec 1.0000 DetFA 0.0000 | 166.47s total (0.00s eval/166.47s train)
[STATE 2026-04-28 00:30:21] Task 9 Epoch 4/10: entering train loop
T9 Ep 4/10 | L 0.2329 | Train Acc 0.63 | Prec 0.63 | F1 0.68 | Det Rec 1.00 | Det FA 0.00 | Epoch Time 166.06s (Eval 0.00s, Train 166.06s)
[STATE 2026-04-28 00:33:07] T9 Ep 4/10 complete: Prec 0.6302 F1 0.6757 DetRec 1.0000 DetFA 0.0000 | 166.06s total (0.00s eval/166.06s train)
[STATE 2026-04-28 00:33:07] Task 9 Epoch 5/10: entering train loop
T9 Ep 5/10 | L 0.2177 | Train Acc 0.66 | Prec 0.65 | F1 0.69 | Det Rec 1.00 | Det FA 0.00 | Epoch Time 166.26s (Eval 0.00s, Train 166.26s)
[STATE 2026-04-28 00:35:53] T9 Ep 5/10 complete: Prec 0.6510 F1 0.6945 DetRec 1.0000 DetFA 0.0000 | 166.26s total (0.00s eval/166.26s train)
[STATE 2026-04-28 00:35:53] Task 9 Epoch 6/10: entering train loop
T9 Ep 6/10 | L 0.2030 | Train Acc 0.68 | Prec 0.68 | F1 0.71 | Det Rec 1.00 | Det FA 0.00 | Epoch Time 166.11s (Eval 0.00s, Train 166.11s)
[STATE 2026-04-28 00:38:39] T9 Ep 6/10 complete: Prec 0.6754 F1 0.7130 DetRec 1.0000 DetFA 0.0000 | 166.11s total (0.00s eval/166.11s train)
[STATE 2026-04-28 00:38:39] Task 9 Epoch 7/10: entering train loop
T9 Ep 7/10 | L 0.1914 | Train Acc 0.71 | Prec 0.70 | F1 0.74 | Det Rec 1.00 | Det FA 0.00 | Epoch Time 166.30s (Eval 0.00s, Train 166.30s)
[STATE 2026-04-28 00:41:26] T9 Ep 7/10 complete: Prec 0.7024 F1 0.7381 DetRec 1.0000 DetFA 0.0000 | 166.30s total (0.00s eval/166.30s train)
[STATE 2026-04-28 00:41:26] Task 9 Epoch 8/10: entering train loop
T9 Ep 8/10 | L 0.1787 | Train Acc 0.72 | Prec 0.72 | F1 0.75 | Det Rec 1.00 | Det FA 0.00 | Epoch Time 166.66s (Eval 0.00s, Train 166.66s)
[STATE 2026-04-28 00:44:12] T9 Ep 8/10 complete: Prec 0.7179 F1 0.7522 DetRec 1.0000 DetFA 0.0000 | 166.66s total (0.00s eval/166.66s train)
[STATE 2026-04-28 00:44:12] Task 9 Epoch 9/10: entering train loop
T9 Ep 9/10 | L 0.1694 | Train Acc 0.73 | Prec 0.73 | F1 0.76 | Det Rec 1.00 | Det FA 0.00 | Epoch Time 166.39s (Eval 0.00s, Train 166.39s)
[STATE 2026-04-28 00:46:59] T9 Ep 9/10 complete: Prec 0.7316 F1 0.7639 DetRec 1.0000 DetFA 0.0000 | 166.39s total (0.00s eval/166.39s train)
[STATE 2026-04-28 00:46:59] Task 9 Epoch 10/10: entering train loop
T9 Ep 10/10 | L 0.1624 | Train Acc 0.75 | Prec 0.75 | F1 0.78 | Det Rec 1.00 | Det FA 0.00 | Epoch Time 166.32s (Eval 0.00s, Train 166.32s)
[STATE 2026-04-28 00:49:45] T9 Ep 10/10 complete: Prec 0.7527 F1 0.7786 DetRec 1.0000 DetFA 0.0000 | 166.32s total (0.00s eval/166.32s train)
[STATE 2026-04-28 00:49:45] Task 9: running final validation.
[STATE 2026-04-28 00:51:42] Completed task 9 (10/10)
####Final Validation Accuracy####
Final Results:- 
 Total Recall: 0.6231413447576208 
 Individual Recall: [0.6283100100848193, 0.6037237163375097, 0.5828906366973069, 0.5852733250108533, 0.5651735941061441, 0.7316841410013909, 0.6051315466084214, 0.7691594691980556, 0.5556749060124276, 0.6043921025192792]
Final Detection Results:- 
 Total Detection: 0.9088434259325024 
 Individual Detection: [0.8497216416401981, 0.8339301737898946, 0.8301749246445579, 0.9929712891416455, 1.0, 0.8930714098763921, 0.9986160221279224, 0.8586871077302688, 0.8312616903741433, 1.0]
Final Detection False Alarm:- 
 Total False Alarm: 0.09952962934023986 
 Individual False Alarm: [0.0894702558783864, 0.14122385974673946, 0.2824366253820615, 0.0, 0.0, 0.12003949759102801, 0.0025034054796049497, 0.2204844911721614, 0.13913815815241687, 0.0]
SUMMARY_TR cls_rec=0.7518 cls_prec=0.7527 cls_f1=0.7786 det=0.9090 fa=0.1103
SUMMARY_TE cls_rec=0.6231 cls_prec=0.6837 cls_f1=0.6586 det=0.9088 fa=0.0995
[STATE 2026-04-28 00:51:42] Saving results to logs//cmaml/full-tasks_CIL_all-2026-04-27_07-06-18-4880/0/results
Model size: 0.0289 GB
Memory buffer size: 0.0000 GB
logs//cmaml/full-tasks_CIL_all-2026-04-27_07-06-18-4880/0/results: {'expt_name': 'full-tasks_CIL_all', 'model': 'lamaml_cifar', 'arch': 'resnet1d', 'n_hiddens': 100, 'n_layers': 2, 'xav_init': False, 'debug': False, 'use_detector_arch': False, 'use_groupnorm': False, 'inner_steps': 1, 'n_epochs': 10, 'batch_size': 256, 'replay_batch_size': 128, 'memories': 5120, 'lr': 0.001, 'optimizer': 'sgd', 'prune_perc': 0.75, 'post_prune_epochs': 0, 'class_weighted_ce': True, 'cuda': True, 'seed': 0, 'log_every': 10, 'log_dir': 'logs//cmaml/full-tasks_CIL_all-2026-04-27_07-06-18-4880/0', 'tf_dir': 'logs//cmaml/full-tasks_CIL_all-2026-04-27_07-06-18-4880/0/tfdir', 'calc_test_accuracy': False, 'state_logging': True, 'data_path': 'data/rff/radar/full', 'task_order_files': 't2-rcn,t0-rcn,t2-uclresm-25noise,t0-deeprad,t1-deeprad,t1-uclresm-25noise,t3-deeprad,t0-uclresm-25noise,t1-rcn,t2-deeprad', 'loader': 'task_incremental_loader', 'samples_per_task': -1, 'shuffle_tasks': False, 'classes_per_it': 6, 'iterations': 5000, 'dataset': 'iq', 'workers': 0, 'validation': 0.5, 'data_scaling': 'normalize', 'use_iq_aug_features': False, 'iq_aug_feature_type': 'power', 'class_order': 'random', 'increment': 5, 'test_batch_size': 512, 'nc_per_task': None, 'nc_per_task_list': '', 'val_rate': 1000, 'opt_lr': 0.1, 'opt_wt': 0.01, 'alpha_init': 0.0001, 'momentum': 0.0, 'learn_lr': False, 'sync_update': True, 'grad_clip_norm': 5.0, 'meta_batches': 3, 'use_old_task_memory': False, 'second_order': True, 'n_memories': 5120, 'memory_strength': 0, 'steps_per_sample': 1, 'bgd_optimizer': 'sgd', 'optimizer_params': '{}', 'train_mc_iters': 5, 'std_init': 0.05, 'mean_eta': 1, 'fisher_gamma': 0.95, 'rln': 7, 'meta_lr': 0.001, 'update_lr': 0.1, 'ctx_lr': 0.05, 'n_meta': 1, 'temperature': 5.0, 'task_emb': 64, 'classes_per_task': [6, 7, 6, 7, 7, 6, 6, 6, 7, 6], 'get_samples_per_task': <bound method IncrementalLoader.get_samples_per_task of <dataloaders.task_incremental_loader.IncrementalLoader object at 0x7d032e1357e0>>, 'task_epoch_schedule': {0: 10, 1: 10, 2: 3, 3: 20, 4: 20, 5: 5, 6: 20, 7: 5, 8: 20, 9: 10}} # val: 0.753 0.623 -0.130 0.000 # sizes: model_gb=0.0289 mem_gb=0.0000 # 63860.176330566406
[STATE 2026-04-28 00:51:42] results.pt components (approx): state_dict 29.6 MB, result_val_t 0.1 KB, result_val_a 0.8 KB
[STATE 2026-04-28 00:51:42] Results saved; total runtime 17.74h
Total runtime: 17.74 hours
