[STATE 2026-04-26 14:37:40] Enabling terminal logging to logs//hat/full-tasks_CIL_all-2026-04-26_14-37-40-5094/0/terminal.log
New Experiment Starting...
Running model:  hat
[STATE 2026-04-26 14:37:40] Experiment 'full-tasks_CIL_all' starting with model 'hat' (seed 0)
Set seed 0
t2-rcn.npz train: x=(50362, 1024), y=(50362, 2)
t2-rcn.npz test: x=(16787, 1024), y=(16787, 2)
t2-rcn.npz: applied data scaling mode 'normalize'.
Loaded t2-rcn.npz: Unique train labels: UniqueCountsResult(values=array([-1,  3,  5, 10, 12, 15]), counts=array([24209,  5770,  3030,  2320,  7509,  7524]))
Noise labels ratio in t2-rcn.npz train: 0.24, test: 0.24
Loaded t2-rcn.npz: Remapped labels: [0 1 2 3 4 5]. Size: 50362)
t0-rcn.npz train: x=(51916, 1024), y=(51916, 2)
t0-rcn.npz test: x=(17305, 1024), y=(17305, 2)
t0-rcn.npz: applied data scaling mode 'normalize'.
Loaded t0-rcn.npz: Unique train labels: UniqueCountsResult(values=array([-1,  1,  8,  9, 11, 13, 14]), counts=array([24225,  4268,  2495,  2943,  3015,  7464,  7506]))
Noise labels ratio in t0-rcn.npz train: 0.23, test: 0.23
Loaded t0-rcn.npz: Remapped labels: [ 6  7  8  9 10 11 12]. Size: 51916)
t2-uclresm-25noise.npz train: moved sample axis (3, 350028, 1024) -> (350028, 3, 1024)
t2-uclresm-25noise.npz test: moved sample axis (3, 233351, 1024) -> (233351, 3, 1024)
t2-uclresm-25noise.npz train: x=(350028, 3, 1024), y=(350028,)
t2-uclresm-25noise.npz test: x=(233351, 3, 1024), y=(233351,)
t2-uclresm-25noise.npz: applied data scaling mode 'normalize'.
Loaded t2-uclresm-25noise.npz: Unique train labels: UniqueCountsResult(values=array([-1,  0,  1,  2,  3,  4]), counts=array([87441, 27347, 71754, 64298, 36005, 63183]))
Noise labels ratio in t2-uclresm-25noise.npz train: 0.25, test: 0.25
Loaded t2-uclresm-25noise.npz: Remapped labels: [13 14 15 16 17 18]. Size: 350028)
t0-deeprad.npz train: x=(24480, 1024), y=(24480, 2)
t0-deeprad.npz test: x=(8160, 1024), y=(8160, 2)
t0-deeprad.npz: applied data scaling mode 'normalize'.
Loaded t0-deeprad.npz: Unique train labels: UniqueCountsResult(values=array([-1,  0,  1,  2,  3,  4,  5]), counts=array([12240,  2029,  1983,  2043,  2154,  2015,  2016]))
Noise labels ratio in t0-deeprad.npz train: 0.25, test: 0.25
Loaded t0-deeprad.npz: Remapped labels: [19 20 21 22 23 24 25]. Size: 24480)
t1-deeprad.npz train: x=(24480, 1024), y=(24480, 2)
t1-deeprad.npz test: x=(8160, 1024), y=(8160, 2)
t1-deeprad.npz: applied data scaling mode 'normalize'.
Loaded t1-deeprad.npz: Unique train labels: UniqueCountsResult(values=array([-1,  0,  1,  2,  3,  4,  5]), counts=array([12240,  1988,  2029,  2054,  1988,  2053,  2128]))
Noise labels ratio in t1-deeprad.npz train: 0.25, test: 0.25
Loaded t1-deeprad.npz: Remapped labels: [26 27 28 29 30 31 32]. Size: 24480)
t1-uclresm-25noise.npz train: moved sample axis (3, 201410, 1024) -> (201410, 3, 1024)
t1-uclresm-25noise.npz test: moved sample axis (3, 116291, 1024) -> (116291, 3, 1024)
t1-uclresm-25noise.npz train: x=(201410, 3, 1024), y=(201410,)
t1-uclresm-25noise.npz test: x=(116291, 3, 1024), y=(116291,)
t1-uclresm-25noise.npz: applied data scaling mode 'normalize'.
Loaded t1-uclresm-25noise.npz: Unique train labels: UniqueCountsResult(values=array([-1,  0,  1,  2,  3,  4]), counts=array([43668, 18021, 17838, 18087, 31870, 71926]))
Noise labels ratio in t1-uclresm-25noise.npz train: 0.22, test: 0.25
Loaded t1-uclresm-25noise.npz: Remapped labels: [33 34 35 36 37 38]. Size: 201410)
t3-deeprad.npz train: x=(17340, 1024), y=(17340, 2)
t3-deeprad.npz test: x=(6800, 1024), y=(6800, 2)
t3-deeprad.npz: applied data scaling mode 'normalize'.
Loaded t3-deeprad.npz: Unique train labels: UniqueCountsResult(values=array([-1,  0,  1,  2,  3,  4]), counts=array([8670, 1693, 1677, 1794, 1716, 1790]))
Noise labels ratio in t3-deeprad.npz train: 0.25, test: 0.25
Loaded t3-deeprad.npz: Remapped labels: [39 40 41 42 43 44]. Size: 17340)
t0-uclresm-25noise.npz train: moved sample axis (3, 188050, 1024) -> (188050, 3, 1024)
t0-uclresm-25noise.npz test: moved sample axis (3, 107348, 1024) -> (107348, 3, 1024)
t0-uclresm-25noise.npz train: x=(188050, 3, 1024), y=(188050,)
t0-uclresm-25noise.npz test: x=(107348, 3, 1024), y=(107348,)
t0-uclresm-25noise.npz: applied data scaling mode 'normalize'.
Loaded t0-uclresm-25noise.npz: Unique train labels: UniqueCountsResult(values=array([-1,  0,  1,  2,  3,  4]), counts=array([40144, 32109, 17978, 17979, 18098, 61742]))
Noise labels ratio in t0-uclresm-25noise.npz train: 0.21, test: 0.25
Loaded t0-uclresm-25noise.npz: Remapped labels: [45 46 47 48 49 50]. Size: 188050)
t1-rcn.npz train: x=(36658, 1024), y=(36658, 2)
t1-rcn.npz test: x=(12220, 1024), y=(12220, 2)
t1-rcn.npz: applied data scaling mode 'normalize'.
Loaded t1-rcn.npz: Unique train labels: UniqueCountsResult(values=array([-1,  0,  2,  4,  6,  7, 16]), counts=array([20595,   824,  2087,  2606,  2396,  1716,  6434]))
Noise labels ratio in t1-rcn.npz train: 0.28, test: 0.28
Loaded t1-rcn.npz: Remapped labels: [51 52 53 54 55 56 57]. Size: 36658)
t2-deeprad.npz train: x=(17340, 1024), y=(17340, 2)
t2-deeprad.npz test: x=(6800, 1024), y=(6800, 2)
t2-deeprad.npz: applied data scaling mode 'normalize'.
Loaded t2-deeprad.npz: Unique train labels: UniqueCountsResult(values=array([-1,  0,  1,  2,  3,  4]), counts=array([8670, 1774, 1675, 1777, 1694, 1750]))
Noise labels ratio in t2-deeprad.npz train: 0.25, test: 0.25
Loaded t2-deeprad.npz: Remapped labels: [58 59 60 61 62 63]. Size: 17340)
Built classes_per_task: [6, 7, 6, 7, 7, 6, 6, 6, 7, 6]
Classes per task: [6, 7, 6, 7, 7, 6, 6, 6, 7, 6]
[STATE 2026-04-26 14:38:45] Loader 'task_incremental_loader' ready: 1024 inputs, 64 outputs, 10 tasks
n_outputs: 64 	n_tasks: 10
[STATE 2026-04-26 14:38:45] Logging to logs//hat/full-tasks_CIL_all-2026-04-26_14-37-40-5094/0
True
Model device: cuda:0
[STATE 2026-04-26 14:38:45] Model initialized on device cuda:0
[STATE 2026-04-26 14:38:45] Invoking continual life experience flow
[STATE 2026-04-26 14:38:45] Life experience start: 10 tasks queued
[STATE 2026-04-26 14:38:45] Using task-specific epoch schedule: {0: 10, 1: 10, 2: 3, 3: 20, 4: 20, 5: 5, 6: 20, 7: 5, 8: 20, 9: 10}
Task 0: 50362 training samples, 16787 test samples.
[STATE 2026-04-26 14:38:45] Task 0: zero-shot validation (pre-train)
---- Zero-shot (pre-train) task 0: rec_cls 0.2000 | prec_cls 0.0574 | f1_cls 0.0430 | det 0.5000 | pfa 1.0000 | total_f1 0.0430 ----
[STATE 2026-04-26 14:38:51] Starting task 0 (1/10)
[STATE 2026-04-26 14:38:51] Task 0 Epoch 1/10: entering train loop
[STATE 2026-04-26 14:39:49] Task 0 Epoch 1/10: running validation (end of epoch)
---- Eval at Epoch 0: cls [0.3754917745947433] | det_recall [0.5000615915250061] | det_fa [0.9998768169499878] ----
T0 Ep 1/10 | L 1.5070 | Train Acc 0.23 | Prec 0.14 | F1 0.08 | Det Rec 0.50 | Det FA 0.99 | Epoch Time 62.93s (Eval 5.13s, Train 57.80s)
[STATE 2026-04-26 14:39:54] T0 Ep 1/10 complete: Prec 0.1363 F1 0.0781 DetRec 0.4984 DetFA 0.9879 | 62.93s total (5.13s eval/57.80s train)
[STATE 2026-04-26 14:39:54] Task 0 Epoch 2/10: entering train loop
T0 Ep 2/10 | L 0.8049 | Train Acc 0.43 | Prec 0.39 | F1 0.25 | Det Rec 0.54 | Det FA 0.91 | Epoch Time 57.71s (Eval 0.00s, Train 57.71s)
[STATE 2026-04-26 14:40:51] T0 Ep 2/10 complete: Prec 0.3933 F1 0.2532 DetRec 0.5441 DetFA 0.9107 | 57.71s total (0.00s eval/57.71s train)
[STATE 2026-04-26 14:40:51] Task 0 Epoch 3/10: entering train loop
T0 Ep 3/10 | L 0.6717 | Train Acc 0.53 | Prec 0.53 | F1 0.37 | Det Rec 0.63 | Det FA 0.75 | Epoch Time 57.71s (Eval 0.00s, Train 57.71s)
[STATE 2026-04-26 14:41:49] T0 Ep 3/10 complete: Prec 0.5251 F1 0.3736 DetRec 0.6256 DetFA 0.7463 | 57.71s total (0.00s eval/57.71s train)
[STATE 2026-04-26 14:41:49] Task 0 Epoch 4/10: entering train loop
T0 Ep 4/10 | L 0.6050 | Train Acc 0.56 | Prec 0.56 | F1 0.40 | Det Rec 0.64 | Det FA 0.72 | Epoch Time 57.47s (Eval 0.00s, Train 57.47s)
[STATE 2026-04-26 14:42:47] T0 Ep 4/10 complete: Prec 0.5569 F1 0.4018 DetRec 0.6388 DetFA 0.7195 | 57.47s total (0.00s eval/57.47s train)
[STATE 2026-04-26 14:42:47] Task 0 Epoch 5/10: entering train loop
T0 Ep 5/10 | L 0.5586 | Train Acc 0.60 | Prec 0.59 | F1 0.42 | Det Rec 0.62 | Det FA 0.76 | Epoch Time 57.54s (Eval 0.00s, Train 57.54s)
[STATE 2026-04-26 14:43:44] T0 Ep 5/10 complete: Prec 0.5922 F1 0.4180 DetRec 0.6167 DetFA 0.7615 | 57.54s total (0.00s eval/57.54s train)
[STATE 2026-04-26 14:43:44] Task 0 Epoch 6/10: entering train loop
T0 Ep 6/10 | L 0.5187 | Train Acc 0.63 | Prec 0.62 | F1 0.43 | Det Rec 0.61 | Det FA 0.78 | Epoch Time 57.74s (Eval 0.00s, Train 57.74s)
[STATE 2026-04-26 14:44:42] T0 Ep 6/10 complete: Prec 0.6198 F1 0.4326 DetRec 0.6088 DetFA 0.7781 | 57.74s total (0.00s eval/57.74s train)
[STATE 2026-04-26 14:44:42] Task 0 Epoch 7/10: entering train loop
T0 Ep 7/10 | L 0.4897 | Train Acc 0.55 | Prec 0.60 | F1 0.37 | Det Rec 0.60 | Det FA 0.79 | Epoch Time 57.56s (Eval 0.00s, Train 57.56s)
[STATE 2026-04-26 14:45:39] T0 Ep 7/10 complete: Prec 0.6015 F1 0.3724 DetRec 0.6034 DetFA 0.7906 | 57.56s total (0.00s eval/57.56s train)
[STATE 2026-04-26 14:45:39] Task 0 Epoch 8/10: entering train loop
T0 Ep 8/10 | L 0.4639 | Train Acc 0.48 | Prec 0.52 | F1 0.33 | Det Rec 0.63 | Det FA 0.74 | Epoch Time 57.45s (Eval 0.00s, Train 57.45s)
[STATE 2026-04-26 14:46:37] T0 Ep 8/10 complete: Prec 0.5152 F1 0.3269 DetRec 0.6264 DetFA 0.7396 | 57.45s total (0.00s eval/57.45s train)
[STATE 2026-04-26 14:46:37] Task 0 Epoch 9/10: entering train loop
T0 Ep 9/10 | L 0.4426 | Train Acc 0.43 | Prec 0.44 | F1 0.29 | Det Rec 0.62 | Det FA 0.76 | Epoch Time 57.49s (Eval 0.00s, Train 57.49s)
[STATE 2026-04-26 14:47:34] T0 Ep 9/10 complete: Prec 0.4376 F1 0.2852 DetRec 0.6176 DetFA 0.7562 | 57.49s total (0.00s eval/57.49s train)
[STATE 2026-04-26 14:47:34] Task 0 Epoch 10/10: entering train loop
T0 Ep 10/10 | L 0.4206 | Train Acc 0.41 | Prec 0.39 | F1 0.24 | Det Rec 0.60 | Det FA 0.78 | Epoch Time 57.59s (Eval 0.00s, Train 57.59s)
[STATE 2026-04-26 14:48:32] T0 Ep 10/10 complete: Prec 0.3871 F1 0.2447 DetRec 0.6047 DetFA 0.7767 | 57.59s total (0.00s eval/57.59s train)
HAT mask stats task 0: mean=0.2091 hi>0.95=0.0806 lo<0.05=0.5596
[STATE 2026-04-26 14:48:32] Task 0: running final validation.
[STATE 2026-04-26 14:48:37] Completed task 0 (1/10)
Task 1: 51916 training samples, 17305 test samples.
[STATE 2026-04-26 14:48:37] Task 1: zero-shot validation (pre-train)
---- Zero-shot (pre-train) task 1: rec_cls 0.1667 | prec_cls 0.0182 | f1_cls 0.0157 | det 0.5000 | pfa 1.0000 | total_f1 0.2260 ----
[STATE 2026-04-26 14:48:48] Starting task 1 (2/10)
[STATE 2026-04-26 14:48:48] Task 1 Epoch 1/10: entering train loop
[STATE 2026-04-26 14:49:47] Task 1 Epoch 1/10: running validation (end of epoch)
---- Eval at Epoch 0: cls [0.3578495251570981, 0.5137962509071241] | det_recall [0.5, 0.5005409521080866] | det_fa [1.0, 0.9984831495040208] ----
T1 Ep 1/10 | L 1.4152 | Train Acc 0.36 | Prec 0.34 | F1 0.22 | Det Rec 0.50 | Det FA 0.82 | Epoch Time 69.61s (Eval 10.94s, Train 58.67s)
[STATE 2026-04-26 14:49:58] T1 Ep 1/10 complete: Prec 0.3370 F1 0.2189 DetRec 0.5025 DetFA 0.8215 | 69.61s total (10.94s eval/58.67s train)
[STATE 2026-04-26 14:49:58] Task 1 Epoch 2/10: entering train loop
T1 Ep 2/10 | L 0.8405 | Train Acc 0.56 | Prec 0.59 | F1 0.37 | Det Rec 0.53 | Det FA 0.93 | Epoch Time 58.73s (Eval 0.00s, Train 58.73s)
[STATE 2026-04-26 14:50:57] T1 Ep 2/10 complete: Prec 0.5887 F1 0.3678 DetRec 0.5311 DetFA 0.9319 | 58.73s total (0.00s eval/58.73s train)
[STATE 2026-04-26 14:50:57] Task 1 Epoch 3/10: entering train loop
T1 Ep 3/10 | L 0.6934 | Train Acc 0.60 | Prec 0.63 | F1 0.43 | Det Rec 0.59 | Det FA 0.79 | Epoch Time 58.49s (Eval 0.00s, Train 58.49s)
[STATE 2026-04-26 14:51:55] T1 Ep 3/10 complete: Prec 0.6269 F1 0.4329 DetRec 0.5926 DetFA 0.7936 | 58.49s total (0.00s eval/58.49s train)
[STATE 2026-04-26 14:51:55] Task 1 Epoch 4/10: entering train loop
T1 Ep 4/10 | L 0.6156 | Train Acc 0.60 | Prec 0.65 | F1 0.46 | Det Rec 0.62 | Det FA 0.73 | Epoch Time 58.81s (Eval 0.00s, Train 58.81s)
[STATE 2026-04-26 14:52:54] T1 Ep 4/10 complete: Prec 0.6540 F1 0.4583 DetRec 0.6203 DetFA 0.7256 | 58.81s total (0.00s eval/58.81s train)
[STATE 2026-04-26 14:52:54] Task 1 Epoch 5/10: entering train loop
T1 Ep 5/10 | L 0.5623 | Train Acc 0.57 | Prec 0.65 | F1 0.43 | Det Rec 0.62 | Det FA 0.72 | Epoch Time 58.66s (Eval 0.00s, Train 58.66s)
[STATE 2026-04-26 14:53:53] T1 Ep 5/10 complete: Prec 0.6480 F1 0.4263 DetRec 0.6182 DetFA 0.7212 | 58.66s total (0.00s eval/58.66s train)
[STATE 2026-04-26 14:53:53] Task 1 Epoch 6/10: entering train loop
T1 Ep 6/10 | L 0.5227 | Train Acc 0.51 | Prec 0.57 | F1 0.45 | Det Rec 0.72 | Det FA 0.40 | Epoch Time 58.67s (Eval 0.00s, Train 58.67s)
[STATE 2026-04-26 14:54:51] T1 Ep 6/10 complete: Prec 0.5747 F1 0.4486 DetRec 0.7225 DetFA 0.3954 | 58.67s total (0.00s eval/58.67s train)
[STATE 2026-04-26 14:54:51] Task 1 Epoch 7/10: entering train loop
T1 Ep 7/10 | L 0.4876 | Train Acc 0.42 | Prec 0.47 | F1 0.40 | Det Rec 0.71 | Det FA 0.23 | Epoch Time 58.43s (Eval 0.00s, Train 58.43s)
[STATE 2026-04-26 14:55:50] T1 Ep 7/10 complete: Prec 0.4663 F1 0.4013 DetRec 0.7071 DetFA 0.2318 | 58.43s total (0.00s eval/58.43s train)
[STATE 2026-04-26 14:55:50] Task 1 Epoch 8/10: entering train loop
T1 Ep 8/10 | L 0.4550 | Train Acc 0.33 | Prec 0.38 | F1 0.33 | Det Rec 0.66 | Det FA 0.23 | Epoch Time 58.70s (Eval 0.00s, Train 58.70s)
[STATE 2026-04-26 14:56:48] T1 Ep 8/10 complete: Prec 0.3806 F1 0.3298 DetRec 0.6602 DetFA 0.2298 | 58.70s total (0.00s eval/58.70s train)
[STATE 2026-04-26 14:56:48] Task 1 Epoch 9/10: entering train loop
T1 Ep 9/10 | L 0.4252 | Train Acc 0.31 | Prec 0.40 | F1 0.33 | Det Rec 0.63 | Det FA 0.20 | Epoch Time 58.47s (Eval 0.00s, Train 58.47s)
[STATE 2026-04-26 14:57:47] T1 Ep 9/10 complete: Prec 0.4034 F1 0.3264 DetRec 0.6301 DetFA 0.1971 | 58.47s total (0.00s eval/58.47s train)
[STATE 2026-04-26 14:57:47] Task 1 Epoch 10/10: entering train loop
T1 Ep 10/10 | L 0.4063 | Train Acc 0.24 | Prec 0.33 | F1 0.28 | Det Rec 0.60 | Det FA 0.13 | Epoch Time 58.69s (Eval 0.00s, Train 58.69s)
[STATE 2026-04-26 14:58:45] T1 Ep 10/10 complete: Prec 0.3283 F1 0.2799 DetRec 0.5966 DetFA 0.1343 | 58.69s total (0.00s eval/58.69s train)
HAT mask stats task 1: mean=0.2763 hi>0.95=0.1295 lo<0.05=0.4862
[STATE 2026-04-26 14:58:45] Task 1: running final validation.
[STATE 2026-04-26 14:58:56] Completed task 1 (2/10)
Task 2: 350028 training samples, 175014 test samples.
[STATE 2026-04-26 14:58:57] Task 2: zero-shot validation (pre-train)
---- Zero-shot (pre-train) task 2: rec_cls 0.2000 | prec_cls 0.0546 | f1_cls 0.0565 | det 0.5000 | pfa 1.0000 | total_f1 0.2700 ----
[STATE 2026-04-26 15:00:02] Starting task 2 (3/10)
[STATE 2026-04-26 15:00:02] Task 2 Epoch 1/3: entering train loop
[STATE 2026-04-26 15:06:41] Task 2 Epoch 1/3: running validation (end of epoch)
---- Eval at Epoch 0: cls [0.2000000000000001, 0.3533888494184749, 0.5083119143641499] | det_recall [0.5, 0.7114001748774942, 0.7567874777138932] | det_fa [1.0, 0.1378085004982329, 0.20478074134539628] ----
T2 Ep 1/3 | L 1.3156 | Train Acc 0.31 | Prec 0.30 | F1 0.22 | Det Rec 0.61 | Det FA 0.73 | Epoch Time 463.84s (Eval 65.08s, Train 398.75s)
[STATE 2026-04-26 15:07:46] T2 Ep 1/3 complete: Prec 0.3011 F1 0.2204 DetRec 0.6053 DetFA 0.7312 | 463.84s total (65.08s eval/398.75s train)
[STATE 2026-04-26 15:07:46] Task 2 Epoch 2/3: entering train loop
T2 Ep 2/3 | L 0.8942 | Train Acc 0.24 | Prec 0.29 | F1 0.22 | Det Rec 0.60 | Det FA 0.43 | Epoch Time 397.39s (Eval 0.00s, Train 397.39s)
[STATE 2026-04-26 15:14:24] T2 Ep 2/3 complete: Prec 0.2917 F1 0.2241 DetRec 0.5971 DetFA 0.4263 | 397.39s total (0.00s eval/397.39s train)
[STATE 2026-04-26 15:14:24] Task 2 Epoch 3/3: entering train loop
T2 Ep 3/3 | L 0.7892 | Train Acc 0.24 | Prec 0.28 | F1 0.23 | Det Rec 0.61 | Det FA 0.41 | Epoch Time 398.80s (Eval 0.00s, Train 398.80s)
[STATE 2026-04-26 15:21:02] T2 Ep 3/3 complete: Prec 0.2834 F1 0.2291 DetRec 0.6108 DetFA 0.4138 | 398.80s total (0.00s eval/398.80s train)
HAT mask stats task 2: mean=0.3012 hi>0.95=0.1359 lo<0.05=0.4515
[STATE 2026-04-26 15:21:03] Task 2: running final validation.
[STATE 2026-04-26 15:22:08] Completed task 2 (3/10)
Task 3: 24480 training samples, 8160 test samples.
[STATE 2026-04-26 15:22:08] Task 3: zero-shot validation (pre-train)
---- Zero-shot (pre-train) task 3: rec_cls 0.1667 | prec_cls 0.0289 | f1_cls 0.0228 | det 0.5000 | pfa 1.0000 | total_f1 0.2276 ----
[STATE 2026-04-26 15:23:16] Starting task 3 (4/10)
[STATE 2026-04-26 15:23:16] Task 3 Epoch 1/20: entering train loop
[STATE 2026-04-26 15:23:44] Task 3 Epoch 1/20: running validation (end of epoch)
---- Eval at Epoch 0: cls [0.2000000000000001, 0.18450025275768472, 0.3194017107555859, 0.6040295124645737] | det_recall [0.5, 0.6926862472160126, 0.5000281697541961, 0.9970401798362338] | det_fa [1.0, 0.26165849863064544, 0.9997467550528261, 0.0036982027310431403] ----
T3 Ep 1/20 | L 1.5194 | Train Acc 0.33 | Prec 0.30 | F1 0.20 | Det Rec 0.52 | Det FA 0.86 | Epoch Time 95.35s (Eval 67.79s, Train 27.56s)
[STATE 2026-04-26 15:24:51] T3 Ep 1/20 complete: Prec 0.2986 F1 0.1968 DetRec 0.5232 DetFA 0.8648 | 95.35s total (67.79s eval/27.56s train)
[STATE 2026-04-26 15:24:51] Task 3 Epoch 2/20: entering train loop
T3 Ep 2/20 | L 1.1548 | Train Acc 0.43 | Prec 0.45 | F1 0.32 | Det Rec 0.63 | Det FA 0.73 | Epoch Time 27.69s (Eval 0.00s, Train 27.69s)
[STATE 2026-04-26 15:25:19] T3 Ep 2/20 complete: Prec 0.4473 F1 0.3210 DetRec 0.6343 DetFA 0.7305 | 27.69s total (0.00s eval/27.69s train)
[STATE 2026-04-26 15:25:19] Task 3 Epoch 3/20: entering train loop
T3 Ep 3/20 | L 1.0784 | Train Acc 0.46 | Prec 0.46 | F1 0.36 | Det Rec 0.66 | Det FA 0.69 | Epoch Time 27.55s (Eval 0.00s, Train 27.55s)
[STATE 2026-04-26 15:25:47] T3 Ep 3/20 complete: Prec 0.4558 F1 0.3564 DetRec 0.6555 DetFA 0.6878 | 27.55s total (0.00s eval/27.55s train)
[STATE 2026-04-26 15:25:47] Task 3 Epoch 4/20: entering train loop
T3 Ep 4/20 | L 1.0222 | Train Acc 0.47 | Prec 0.48 | F1 0.38 | Det Rec 0.67 | Det FA 0.66 | Epoch Time 27.63s (Eval 0.00s, Train 27.63s)
[STATE 2026-04-26 15:26:14] T3 Ep 4/20 complete: Prec 0.4848 F1 0.3784 DetRec 0.6715 DetFA 0.6559 | 27.63s total (0.00s eval/27.63s train)
[STATE 2026-04-26 15:26:14] Task 3 Epoch 5/20: entering train loop
T3 Ep 5/20 | L 0.9758 | Train Acc 0.51 | Prec 0.47 | F1 0.44 | Det Rec 0.80 | Det FA 0.40 | Epoch Time 27.49s (Eval 0.00s, Train 27.49s)
[STATE 2026-04-26 15:26:42] T3 Ep 5/20 complete: Prec 0.4724 F1 0.4397 DetRec 0.8006 DetFA 0.3961 | 27.49s total (0.00s eval/27.49s train)
[STATE 2026-04-26 15:26:42] Task 3 Epoch 6/20: entering train loop
T3 Ep 6/20 | L 0.9339 | Train Acc 0.47 | Prec 0.45 | F1 0.42 | Det Rec 0.80 | Det FA 0.39 | Epoch Time 27.73s (Eval 0.00s, Train 27.73s)
[STATE 2026-04-26 15:27:09] T3 Ep 6/20 complete: Prec 0.4547 F1 0.4160 DetRec 0.8044 DetFA 0.3851 | 27.73s total (0.00s eval/27.73s train)
[STATE 2026-04-26 15:27:09] Task 3 Epoch 7/20: entering train loop
T3 Ep 7/20 | L 0.8968 | Train Acc 0.43 | Prec 0.44 | F1 0.38 | Det Rec 0.79 | Det FA 0.42 | Epoch Time 27.72s (Eval 0.00s, Train 27.72s)
[STATE 2026-04-26 15:27:37] T3 Ep 7/20 complete: Prec 0.4394 F1 0.3822 DetRec 0.7868 DetFA 0.4166 | 27.72s total (0.00s eval/27.72s train)
[STATE 2026-04-26 15:27:37] Task 3 Epoch 8/20: entering train loop
T3 Ep 8/20 | L 0.8567 | Train Acc 0.45 | Prec 0.47 | F1 0.43 | Det Rec 0.83 | Det FA 0.33 | Epoch Time 27.49s (Eval 0.00s, Train 27.49s)
[STATE 2026-04-26 15:28:05] T3 Ep 8/20 complete: Prec 0.4657 F1 0.4256 DetRec 0.8289 DetFA 0.3338 | 27.49s total (0.00s eval/27.49s train)
[STATE 2026-04-26 15:28:05] Task 3 Epoch 9/20: entering train loop
T3 Ep 9/20 | L 0.8374 | Train Acc 0.44 | Prec 0.44 | F1 0.39 | Det Rec 0.78 | Det FA 0.44 | Epoch Time 27.69s (Eval 0.00s, Train 27.69s)
[STATE 2026-04-26 15:28:32] T3 Ep 9/20 complete: Prec 0.4435 F1 0.3922 DetRec 0.7794 DetFA 0.4383 | 27.69s total (0.00s eval/27.69s train)
[STATE 2026-04-26 15:28:32] Task 3 Epoch 10/20: entering train loop
T3 Ep 10/20 | L 0.8035 | Train Acc 0.46 | Prec 0.47 | F1 0.38 | Det Rec 0.70 | Det FA 0.59 | Epoch Time 27.55s (Eval 0.00s, Train 27.55s)
[STATE 2026-04-26 15:29:00] T3 Ep 10/20 complete: Prec 0.4744 F1 0.3844 DetRec 0.7018 DetFA 0.5929 | 27.55s total (0.00s eval/27.55s train)
[STATE 2026-04-26 15:29:00] Task 3 Epoch 11/20: entering train loop
T3 Ep 11/20 | L 0.7665 | Train Acc 0.40 | Prec 0.46 | F1 0.38 | Det Rec 0.79 | Det FA 0.42 | Epoch Time 27.61s (Eval 0.00s, Train 27.61s)
[STATE 2026-04-26 15:29:28] T3 Ep 11/20 complete: Prec 0.4606 F1 0.3849 DetRec 0.7893 DetFA 0.4175 | 27.61s total (0.00s eval/27.61s train)
[STATE 2026-04-26 15:29:28] Task 3 Epoch 12/20: entering train loop
T3 Ep 12/20 | L 0.7394 | Train Acc 0.37 | Prec 0.41 | F1 0.35 | Det Rec 0.78 | Det FA 0.43 | Epoch Time 27.49s (Eval 0.00s, Train 27.49s)
[STATE 2026-04-26 15:29:55] T3 Ep 12/20 complete: Prec 0.4140 F1 0.3529 DetRec 0.7840 DetFA 0.4274 | 27.49s total (0.00s eval/27.49s train)
[STATE 2026-04-26 15:29:55] Task 3 Epoch 13/20: entering train loop
T3 Ep 13/20 | L 0.7140 | Train Acc 0.35 | Prec 0.38 | F1 0.32 | Det Rec 0.78 | Det FA 0.43 | Epoch Time 27.46s (Eval 0.00s, Train 27.46s)
[STATE 2026-04-26 15:30:22] T3 Ep 13/20 complete: Prec 0.3804 F1 0.3230 DetRec 0.7838 DetFA 0.4278 | 27.46s total (0.00s eval/27.46s train)
[STATE 2026-04-26 15:30:22] Task 3 Epoch 14/20: entering train loop
T3 Ep 14/20 | L 0.6863 | Train Acc 0.39 | Prec 0.43 | F1 0.34 | Det Rec 0.73 | Det FA 0.53 | Epoch Time 27.74s (Eval 0.00s, Train 27.74s)
[STATE 2026-04-26 15:30:50] T3 Ep 14/20 complete: Prec 0.4304 F1 0.3369 DetRec 0.7315 DetFA 0.5318 | 27.74s total (0.00s eval/27.74s train)
[STATE 2026-04-26 15:30:50] Task 3 Epoch 15/20: entering train loop
T3 Ep 15/20 | L 0.6594 | Train Acc 0.39 | Prec 0.46 | F1 0.35 | Det Rec 0.75 | Det FA 0.50 | Epoch Time 27.69s (Eval 0.00s, Train 27.69s)
[STATE 2026-04-26 15:31:18] T3 Ep 15/20 complete: Prec 0.4648 F1 0.3527 DetRec 0.7459 DetFA 0.5014 | 27.69s total (0.00s eval/27.69s train)
[STATE 2026-04-26 15:31:18] Task 3 Epoch 16/20: entering train loop
T3 Ep 16/20 | L 0.6290 | Train Acc 0.35 | Prec 0.41 | F1 0.32 | Det Rec 0.75 | Det FA 0.49 | Epoch Time 27.77s (Eval 0.00s, Train 27.77s)
[STATE 2026-04-26 15:31:46] T3 Ep 16/20 complete: Prec 0.4115 F1 0.3193 DetRec 0.7518 DetFA 0.4900 | 27.77s total (0.00s eval/27.77s train)
[STATE 2026-04-26 15:31:46] Task 3 Epoch 17/20: entering train loop
T3 Ep 17/20 | L 0.6111 | Train Acc 0.36 | Prec 0.41 | F1 0.33 | Det Rec 0.76 | Det FA 0.47 | Epoch Time 27.70s (Eval 0.00s, Train 27.70s)
[STATE 2026-04-26 15:32:13] T3 Ep 17/20 complete: Prec 0.4065 F1 0.3325 DetRec 0.7621 DetFA 0.4688 | 27.70s total (0.00s eval/27.70s train)
[STATE 2026-04-26 15:32:13] Task 3 Epoch 18/20: entering train loop
T3 Ep 18/20 | L 0.6041 | Train Acc 0.37 | Prec 0.43 | F1 0.35 | Det Rec 0.78 | Det FA 0.44 | Epoch Time 27.59s (Eval 0.00s, Train 27.59s)
[STATE 2026-04-26 15:32:41] T3 Ep 18/20 complete: Prec 0.4350 F1 0.3459 DetRec 0.7762 DetFA 0.4383 | 27.59s total (0.00s eval/27.59s train)
[STATE 2026-04-26 15:32:41] Task 3 Epoch 19/20: entering train loop
T3 Ep 19/20 | L 0.5626 | Train Acc 0.40 | Prec 0.47 | F1 0.33 | Det Rec 0.68 | Det FA 0.64 | Epoch Time 27.53s (Eval 0.00s, Train 27.53s)
[STATE 2026-04-26 15:33:08] T3 Ep 19/20 complete: Prec 0.4654 F1 0.3266 DetRec 0.6786 DetFA 0.6356 | 27.53s total (0.00s eval/27.53s train)
[STATE 2026-04-26 15:33:08] Task 3 Epoch 20/20: entering train loop
T3 Ep 20/20 | L 0.5289 | Train Acc 0.39 | Prec 0.48 | F1 0.34 | Det Rec 0.70 | Det FA 0.58 | Epoch Time 27.88s (Eval 0.00s, Train 27.88s)
[STATE 2026-04-26 15:33:36] T3 Ep 20/20 complete: Prec 0.4807 F1 0.3414 DetRec 0.7038 DetFA 0.5826 | 27.88s total (0.00s eval/27.88s train)
HAT mask stats task 3: mean=0.3261 hi>0.95=0.1680 lo<0.05=0.4622
[STATE 2026-04-26 15:33:36] Task 3: running final validation.
[STATE 2026-04-26 15:34:44] Completed task 3 (4/10)
Task 4: 24480 training samples, 8160 test samples.
[STATE 2026-04-26 15:34:44] Task 4: zero-shot validation (pre-train)
---- Zero-shot (pre-train) task 4: rec_cls 0.1667 | prec_cls 0.0301 | f1_cls 0.0236 | det 0.5000 | pfa 1.0000 | total_f1 0.1937 ----
[STATE 2026-04-26 15:35:55] Starting task 4 (5/10)
[STATE 2026-04-26 15:35:55] Task 4 Epoch 1/20: entering train loop
[STATE 2026-04-26 15:36:23] Task 4 Epoch 1/20: running validation (end of epoch)
---- Eval at Epoch 0: cls [0.2000000000000001, 0.08916458133375181, 0.21296702835669523, 0.5168319230598846, 0.3191815424212576] | det_recall [0.5000633954608851, 0.5790410031720351, 0.5, 0.5, 1.0] | det_fa [0.9998732090782299, 0.16193660331666557, 1.0, 1.0, 0.0] ----
T4 Ep 1/20 | L 1.6511 | Train Acc 0.21 | Prec 0.16 | F1 0.22 | Det Rec 0.79 | Det FA 0.26 | Epoch Time 98.05s (Eval 70.44s, Train 27.61s)
[STATE 2026-04-26 15:37:33] T4 Ep 1/20 complete: Prec 0.1580 F1 0.2163 DetRec 0.7874 DetFA 0.2604 | 98.05s total (70.44s eval/27.61s train)
[STATE 2026-04-26 15:37:33] Task 4 Epoch 2/20: entering train loop
T4 Ep 2/20 | L 1.3462 | Train Acc 0.33 | Prec 0.27 | F1 0.28 | Det Rec 0.81 | Det FA 0.38 | Epoch Time 27.67s (Eval 0.00s, Train 27.67s)
[STATE 2026-04-26 15:38:01] T4 Ep 2/20 complete: Prec 0.2686 F1 0.2795 DetRec 0.8125 DetFA 0.3750 | 27.67s total (0.00s eval/27.67s train)
[STATE 2026-04-26 15:38:01] Task 4 Epoch 3/20: entering train loop
T4 Ep 3/20 | L 1.2435 | Train Acc 0.34 | Prec 0.24 | F1 0.28 | Det Rec 0.84 | Det FA 0.32 | Epoch Time 27.70s (Eval 0.00s, Train 27.70s)
[STATE 2026-04-26 15:38:28] T4 Ep 3/20 complete: Prec 0.2386 F1 0.2837 DetRec 0.8385 DetFA 0.3229 | 27.70s total (0.00s eval/27.70s train)
[STATE 2026-04-26 15:38:28] Task 4 Epoch 4/20: entering train loop
T4 Ep 4/20 | L 1.1590 | Train Acc 0.36 | Prec 0.27 | F1 0.31 | Det Rec 0.85 | Det FA 0.30 | Epoch Time 27.35s (Eval 0.00s, Train 27.35s)
[STATE 2026-04-26 15:38:56] T4 Ep 4/20 complete: Prec 0.2729 F1 0.3059 DetRec 0.8490 DetFA 0.3021 | 27.35s total (0.00s eval/27.35s train)
[STATE 2026-04-26 15:38:56] Task 4 Epoch 5/20: entering train loop
T4 Ep 5/20 | L 1.0880 | Train Acc 0.37 | Prec 0.34 | F1 0.36 | Det Rec 0.91 | Det FA 0.18 | Epoch Time 27.66s (Eval 0.00s, Train 27.66s)
[STATE 2026-04-26 15:39:23] T4 Ep 5/20 complete: Prec 0.3370 F1 0.3578 DetRec 0.9115 DetFA 0.1771 | 27.66s total (0.00s eval/27.66s train)
[STATE 2026-04-26 15:39:23] Task 4 Epoch 6/20: entering train loop
T4 Ep 6/20 | L 1.0217 | Train Acc 0.39 | Prec 0.37 | F1 0.38 | Det Rec 0.93 | Det FA 0.14 | Epoch Time 27.55s (Eval 0.00s, Train 27.55s)
[STATE 2026-04-26 15:39:51] T4 Ep 6/20 complete: Prec 0.3650 F1 0.3753 DetRec 0.9323 DetFA 0.1354 | 27.55s total (0.00s eval/27.55s train)
[STATE 2026-04-26 15:39:51] Task 4 Epoch 7/20: entering train loop
T4 Ep 7/20 | L 0.9622 | Train Acc 0.40 | Prec 0.39 | F1 0.40 | Det Rec 0.96 | Det FA 0.07 | Epoch Time 27.85s (Eval 0.00s, Train 27.85s)
[STATE 2026-04-26 15:40:19] T4 Ep 7/20 complete: Prec 0.3920 F1 0.4012 DetRec 0.9637 DetFA 0.0727 | 27.85s total (0.00s eval/27.85s train)
[STATE 2026-04-26 15:40:19] Task 4 Epoch 8/20: entering train loop
T4 Ep 8/20 | L 0.9243 | Train Acc 0.41 | Prec 0.42 | F1 0.43 | Det Rec 1.00 | Det FA 0.00 | Epoch Time 27.57s (Eval 0.00s, Train 27.57s)
[STATE 2026-04-26 15:40:46] T4 Ep 8/20 complete: Prec 0.4211 F1 0.4303 DetRec 1.0000 DetFA 0.0000 | 27.57s total (0.00s eval/27.57s train)
[STATE 2026-04-26 15:40:46] Task 4 Epoch 9/20: entering train loop
T4 Ep 9/20 | L 0.8755 | Train Acc 0.41 | Prec 0.38 | F1 0.41 | Det Rec 1.00 | Det FA 0.00 | Epoch Time 27.73s (Eval 0.00s, Train 27.73s)
[STATE 2026-04-26 15:41:14] T4 Ep 9/20 complete: Prec 0.3846 F1 0.4106 DetRec 1.0000 DetFA 0.0000 | 27.73s total (0.00s eval/27.73s train)
[STATE 2026-04-26 15:41:14] Task 4 Epoch 10/20: entering train loop
T4 Ep 10/20 | L 0.8394 | Train Acc 0.40 | Prec 0.36 | F1 0.35 | Det Rec 0.85 | Det FA 0.30 | Epoch Time 27.54s (Eval 0.00s, Train 27.54s)
[STATE 2026-04-26 15:41:42] T4 Ep 10/20 complete: Prec 0.3577 F1 0.3490 DetRec 0.8490 DetFA 0.3021 | 27.54s total (0.00s eval/27.54s train)
[STATE 2026-04-26 15:41:42] Task 4 Epoch 11/20: entering train loop
T4 Ep 11/20 | L 0.8023 | Train Acc 0.41 | Prec 0.36 | F1 0.40 | Det Rec 0.97 | Det FA 0.05 | Epoch Time 27.63s (Eval 0.00s, Train 27.63s)
[STATE 2026-04-26 15:42:09] T4 Ep 11/20 complete: Prec 0.3617 F1 0.3996 DetRec 0.9740 DetFA 0.0521 | 27.63s total (0.00s eval/27.63s train)
[STATE 2026-04-26 15:42:09] Task 4 Epoch 12/20: entering train loop
T4 Ep 12/20 | L 0.7819 | Train Acc 0.39 | Prec 0.36 | F1 0.36 | Det Rec 0.89 | Det FA 0.22 | Epoch Time 27.78s (Eval 0.00s, Train 27.78s)
[STATE 2026-04-26 15:42:37] T4 Ep 12/20 complete: Prec 0.3626 F1 0.3649 DetRec 0.8906 DetFA 0.2188 | 27.78s total (0.00s eval/27.78s train)
[STATE 2026-04-26 15:42:37] Task 4 Epoch 13/20: entering train loop
T4 Ep 13/20 | L 0.7281 | Train Acc 0.35 | Prec 0.36 | F1 0.36 | Det Rec 0.92 | Det FA 0.16 | Epoch Time 27.68s (Eval 0.00s, Train 27.68s)
[STATE 2026-04-26 15:43:05] T4 Ep 13/20 complete: Prec 0.3615 F1 0.3552 DetRec 0.9219 DetFA 0.1562 | 27.68s total (0.00s eval/27.68s train)
[STATE 2026-04-26 15:43:05] Task 4 Epoch 14/20: entering train loop
T4 Ep 14/20 | L 0.6895 | Train Acc 0.37 | Prec 0.38 | F1 0.37 | Det Rec 0.93 | Det FA 0.14 | Epoch Time 27.64s (Eval 0.00s, Train 27.64s)
[STATE 2026-04-26 15:43:32] T4 Ep 14/20 complete: Prec 0.3798 F1 0.3749 DetRec 0.9323 DetFA 0.1354 | 27.64s total (0.00s eval/27.64s train)
[STATE 2026-04-26 15:43:32] Task 4 Epoch 15/20: entering train loop
T4 Ep 15/20 | L 0.6533 | Train Acc 0.39 | Prec 0.40 | F1 0.32 | Det Rec 0.70 | Det FA 0.59 | Epoch Time 27.57s (Eval 0.00s, Train 27.57s)
[STATE 2026-04-26 15:44:00] T4 Ep 15/20 complete: Prec 0.4037 F1 0.3201 DetRec 0.7031 DetFA 0.5938 | 27.57s total (0.00s eval/27.57s train)
[STATE 2026-04-26 15:44:00] Task 4 Epoch 16/20: entering train loop
T4 Ep 16/20 | L 0.6372 | Train Acc 0.41 | Prec 0.44 | F1 0.34 | Det Rec 0.71 | Det FA 0.58 | Epoch Time 27.88s (Eval 0.00s, Train 27.88s)
[STATE 2026-04-26 15:44:28] T4 Ep 16/20 complete: Prec 0.4361 F1 0.3370 DetRec 0.7083 DetFA 0.5833 | 27.88s total (0.00s eval/27.88s train)
[STATE 2026-04-26 15:44:28] Task 4 Epoch 17/20: entering train loop
T4 Ep 17/20 | L 0.6134 | Train Acc 0.42 | Prec 0.44 | F1 0.35 | Det Rec 0.71 | Det FA 0.57 | Epoch Time 27.50s (Eval 0.00s, Train 27.50s)
[STATE 2026-04-26 15:44:55] T4 Ep 17/20 complete: Prec 0.4361 F1 0.3518 DetRec 0.7135 DetFA 0.5729 | 27.50s total (0.00s eval/27.50s train)
[STATE 2026-04-26 15:44:55] Task 4 Epoch 18/20: entering train loop
T4 Ep 18/20 | L 0.5596 | Train Acc 0.42 | Prec 0.44 | F1 0.32 | Det Rec 0.62 | Det FA 0.75 | Epoch Time 27.71s (Eval 0.00s, Train 27.71s)
[STATE 2026-04-26 15:45:23] T4 Ep 18/20 complete: Prec 0.4382 F1 0.3181 DetRec 0.6250 DetFA 0.7500 | 27.71s total (0.00s eval/27.71s train)
[STATE 2026-04-26 15:45:23] Task 4 Epoch 19/20: entering train loop
T4 Ep 19/20 | L 0.5494 | Train Acc 0.41 | Prec 0.40 | F1 0.31 | Det Rec 0.66 | Det FA 0.68 | Epoch Time 27.53s (Eval 0.00s, Train 27.53s)
[STATE 2026-04-26 15:45:51] T4 Ep 19/20 complete: Prec 0.4039 F1 0.3119 DetRec 0.6615 DetFA 0.6771 | 27.53s total (0.00s eval/27.53s train)
[STATE 2026-04-26 15:45:51] Task 4 Epoch 20/20: entering train loop
T4 Ep 20/20 | L 0.5430 | Train Acc 0.44 | Prec 0.44 | F1 0.36 | Det Rec 0.72 | Det FA 0.56 | Epoch Time 27.65s (Eval 0.00s, Train 27.65s)
[STATE 2026-04-26 15:46:18] T4 Ep 20/20 complete: Prec 0.4388 F1 0.3589 DetRec 0.7188 DetFA 0.5625 | 27.65s total (0.00s eval/27.65s train)
HAT mask stats task 4: mean=0.3491 hi>0.95=0.1891 lo<0.05=0.4452
[STATE 2026-04-26 15:46:18] Task 4: running final validation.
[STATE 2026-04-26 15:47:29] Completed task 4 (5/10)
Task 5: 201410 training samples, 100705 test samples.
[STATE 2026-04-26 15:47:29] Task 5: zero-shot validation (pre-train)
---- Zero-shot (pre-train) task 5: rec_cls 0.0000 | prec_cls 0.0000 | f1_cls 0.0665 | det 0.5000 | pfa 0.0000 | total_f1 0.2377 ----
[STATE 2026-04-26 15:49:11] Starting task 5 (6/10)
[STATE 2026-04-26 15:49:11] Task 5 Epoch 1/5: entering train loop
[STATE 2026-04-26 15:53:01] Task 5 Epoch 1/5: running validation (end of epoch)
---- Eval at Epoch 0: cls [0.1997528289221328, 0.05876418326200575, 0.20865876323647206, 0.4938670710595473, 0.31842549014972504, 0.6218805973910603] | det_recall [0.5013728459145501, 0.5221515746363261, 0.500154675833482, 0.5, 1.0, 0.8015308539825738] | det_fa [0.9969224850537625, 0.13378631169902455, 0.9948283104359512, 1.0, 0.0, 0.33648340137610483] ----
T5 Ep 1/5 | L 1.2081 | Train Acc 0.40 | Prec 0.42 | F1 0.32 | Det Rec 0.61 | Det FA 0.72 | Epoch Time 331.34s (Eval 101.62s, Train 229.72s)
[STATE 2026-04-26 15:54:42] T5 Ep 1/5 complete: Prec 0.4177 F1 0.3193 DetRec 0.6138 DetFA 0.7183 | 331.34s total (101.62s eval/229.72s train)
[STATE 2026-04-26 15:54:42] Task 5 Epoch 2/5: entering train loop
T5 Ep 2/5 | L 0.7583 | Train Acc 0.39 | Prec 0.41 | F1 0.27 | Det Rec 0.61 | Det FA 0.76 | Epoch Time 229.59s (Eval 0.00s, Train 229.59s)
[STATE 2026-04-26 15:58:32] T5 Ep 2/5 complete: Prec 0.4127 F1 0.2736 DetRec 0.6099 DetFA 0.7610 | 229.59s total (0.00s eval/229.59s train)
[STATE 2026-04-26 15:58:32] Task 5 Epoch 3/5: entering train loop
T5 Ep 3/5 | L 0.6425 | Train Acc 0.41 | Prec 0.43 | F1 0.32 | Det Rec 0.65 | Det FA 0.67 | Epoch Time 229.66s (Eval 0.00s, Train 229.66s)
[STATE 2026-04-26 16:02:22] T5 Ep 3/5 complete: Prec 0.4311 F1 0.3248 DetRec 0.6519 DetFA 0.6656 | 229.66s total (0.00s eval/229.66s train)
[STATE 2026-04-26 16:02:22] Task 5 Epoch 4/5: entering train loop
T5 Ep 4/5 | L 0.5807 | Train Acc 0.39 | Prec 0.44 | F1 0.33 | Det Rec 0.67 | Det FA 0.63 | Epoch Time 229.06s (Eval 0.00s, Train 229.06s)
[STATE 2026-04-26 16:06:11] T5 Ep 4/5 complete: Prec 0.4406 F1 0.3297 DetRec 0.6651 DetFA 0.6283 | 229.06s total (0.00s eval/229.06s train)
[STATE 2026-04-26 16:06:11] Task 5 Epoch 5/5: entering train loop
T5 Ep 5/5 | L 0.5381 | Train Acc 0.39 | Prec 0.44 | F1 0.33 | Det Rec 0.67 | Det FA 0.60 | Epoch Time 229.12s (Eval 0.00s, Train 229.12s)
[STATE 2026-04-26 16:10:00] T5 Ep 5/5 complete: Prec 0.4398 F1 0.3285 DetRec 0.6672 DetFA 0.6034 | 229.12s total (0.00s eval/229.12s train)
HAT mask stats task 5: mean=0.3661 hi>0.95=0.2133 lo<0.05=0.4291
[STATE 2026-04-26 16:10:00] Task 5: running final validation.
[STATE 2026-04-26 16:11:42] Completed task 5 (6/10)
Task 6: 17340 training samples, 6800 test samples.
[STATE 2026-04-26 16:11:42] Task 6: zero-shot validation (pre-train)
---- Zero-shot (pre-train) task 6: rec_cls 0.2000 | prec_cls 0.0411 | f1_cls 0.0310 | det 0.5000 | pfa 1.0000 | total_f1 0.2283 ----
[STATE 2026-04-26 16:13:26] Starting task 6 (7/10)
[STATE 2026-04-26 16:13:26] Task 6 Epoch 1/20: entering train loop
[STATE 2026-04-26 16:13:46] Task 6 Epoch 1/20: running validation (end of epoch)
---- Eval at Epoch 0: cls [0.1997377180899909, 0.1522109134306393, 0.1999945173188244, 0.45842318046407904, 0.29384151359619415, 0.6801478438196987, 0.4716082909791102] | det_recall [0.5008836402062009, 0.6774639423123916, 0.5, 0.49975240271917487, 1.0, 0.78511532526821, 1.0] | det_fa [0.9978975455237133, 0.25966898584322545, 1.0, 1.0, 0.0, 0.42661060283619634, 0.0] ----
T6 Ep 1/20 | L 1.5653 | Train Acc 0.25 | Prec 0.20 | F1 0.19 | Det Rec 0.70 | Det FA 0.60 | Epoch Time 123.56s (Eval 104.11s, Train 19.46s)
[STATE 2026-04-26 16:15:30] T6 Ep 1/20 complete: Prec 0.1951 F1 0.1865 DetRec 0.6967 DetFA 0.6024 | 123.56s total (104.11s eval/19.46s train)
[STATE 2026-04-26 16:15:30] Task 6 Epoch 2/20: entering train loop
T6 Ep 2/20 | L 1.2022 | Train Acc 0.45 | Prec 0.37 | F1 0.33 | Det Rec 0.71 | Det FA 0.57 | Epoch Time 19.48s (Eval 0.00s, Train 19.48s)
[STATE 2026-04-26 16:15:49] T6 Ep 2/20 complete: Prec 0.3672 F1 0.3342 DetRec 0.7139 DetFA 0.5723 | 19.48s total (0.00s eval/19.48s train)
[STATE 2026-04-26 16:15:49] Task 6 Epoch 3/20: entering train loop
T6 Ep 3/20 | L 1.1240 | Train Acc 0.47 | Prec 0.37 | F1 0.32 | Det Rec 0.66 | Det FA 0.69 | Epoch Time 19.47s (Eval 0.00s, Train 19.47s)
[STATE 2026-04-26 16:16:09] T6 Ep 3/20 complete: Prec 0.3670 F1 0.3173 DetRec 0.6569 DetFA 0.6862 | 19.47s total (0.00s eval/19.47s train)
[STATE 2026-04-26 16:16:09] Task 6 Epoch 4/20: entering train loop
T6 Ep 4/20 | L 1.0764 | Train Acc 0.47 | Prec 0.40 | F1 0.32 | Det Rec 0.64 | Det FA 0.72 | Epoch Time 19.66s (Eval 0.00s, Train 19.66s)
[STATE 2026-04-26 16:16:28] T6 Ep 4/20 complete: Prec 0.4018 F1 0.3199 DetRec 0.6413 DetFA 0.7174 | 19.66s total (0.00s eval/19.66s train)
[STATE 2026-04-26 16:16:28] Task 6 Epoch 5/20: entering train loop
T6 Ep 5/20 | L 1.0396 | Train Acc 0.48 | Prec 0.41 | F1 0.33 | Det Rec 0.64 | Det FA 0.72 | Epoch Time 19.71s (Eval 0.00s, Train 19.71s)
[STATE 2026-04-26 16:16:48] T6 Ep 5/20 complete: Prec 0.4092 F1 0.3270 DetRec 0.6414 DetFA 0.7171 | 19.71s total (0.00s eval/19.71s train)
[STATE 2026-04-26 16:16:48] Task 6 Epoch 6/20: entering train loop
T6 Ep 6/20 | L 1.0060 | Train Acc 0.48 | Prec 0.42 | F1 0.33 | Det Rec 0.64 | Det FA 0.72 | Epoch Time 19.50s (Eval 0.00s, Train 19.50s)
[STATE 2026-04-26 16:17:08] T6 Ep 6/20 complete: Prec 0.4170 F1 0.3340 DetRec 0.6414 DetFA 0.7171 | 19.50s total (0.00s eval/19.50s train)
[STATE 2026-04-26 16:17:08] Task 6 Epoch 7/20: entering train loop
T6 Ep 7/20 | L 0.9767 | Train Acc 0.48 | Prec 0.44 | F1 0.37 | Det Rec 0.68 | Det FA 0.63 | Epoch Time 19.57s (Eval 0.00s, Train 19.57s)
[STATE 2026-04-26 16:17:27] T6 Ep 7/20 complete: Prec 0.4411 F1 0.3721 DetRec 0.6846 DetFA 0.6309 | 19.57s total (0.00s eval/19.57s train)
[STATE 2026-04-26 16:17:27] Task 6 Epoch 8/20: entering train loop
T6 Ep 8/20 | L 0.9495 | Train Acc 0.48 | Prec 0.45 | F1 0.41 | Det Rec 0.76 | Det FA 0.47 | Epoch Time 19.68s (Eval 0.00s, Train 19.68s)
[STATE 2026-04-26 16:17:47] T6 Ep 8/20 complete: Prec 0.4482 F1 0.4089 DetRec 0.7650 DetFA 0.4700 | 19.68s total (0.00s eval/19.68s train)
[STATE 2026-04-26 16:17:47] Task 6 Epoch 9/20: entering train loop
T6 Ep 9/20 | L 0.9201 | Train Acc 0.48 | Prec 0.46 | F1 0.35 | Det Rec 0.63 | Det FA 0.75 | Epoch Time 19.69s (Eval 0.00s, Train 19.69s)
[STATE 2026-04-26 16:18:07] T6 Ep 9/20 complete: Prec 0.4580 F1 0.3509 DetRec 0.6271 DetFA 0.7458 | 19.69s total (0.00s eval/19.69s train)
[STATE 2026-04-26 16:18:07] Task 6 Epoch 10/20: entering train loop
T6 Ep 10/20 | L 0.8840 | Train Acc 0.50 | Prec 0.46 | F1 0.38 | Det Rec 0.68 | Det FA 0.64 | Epoch Time 19.48s (Eval 0.00s, Train 19.48s)
[STATE 2026-04-26 16:18:26] T6 Ep 10/20 complete: Prec 0.4641 F1 0.3762 DetRec 0.6787 DetFA 0.6425 | 19.48s total (0.00s eval/19.48s train)
[STATE 2026-04-26 16:18:26] Task 6 Epoch 11/20: entering train loop
T6 Ep 11/20 | L 0.8533 | Train Acc 0.49 | Prec 0.49 | F1 0.41 | Det Rec 0.74 | Det FA 0.53 | Epoch Time 19.57s (Eval 0.00s, Train 19.57s)
[STATE 2026-04-26 16:18:46] T6 Ep 11/20 complete: Prec 0.4868 F1 0.4093 DetRec 0.7358 DetFA 0.5284 | 19.57s total (0.00s eval/19.57s train)
[STATE 2026-04-26 16:18:46] Task 6 Epoch 12/20: entering train loop
T6 Ep 12/20 | L 0.8266 | Train Acc 0.46 | Prec 0.49 | F1 0.42 | Det Rec 0.79 | Det FA 0.43 | Epoch Time 19.70s (Eval 0.00s, Train 19.70s)
[STATE 2026-04-26 16:19:05] T6 Ep 12/20 complete: Prec 0.4946 F1 0.4222 DetRec 0.7871 DetFA 0.4259 | 19.70s total (0.00s eval/19.70s train)
[STATE 2026-04-26 16:19:05] Task 6 Epoch 13/20: entering train loop
T6 Ep 13/20 | L 0.7851 | Train Acc 0.50 | Prec 0.50 | F1 0.42 | Det Rec 0.74 | Det FA 0.51 | Epoch Time 19.70s (Eval 0.00s, Train 19.70s)
[STATE 2026-04-26 16:19:25] T6 Ep 13/20 complete: Prec 0.5011 F1 0.4155 DetRec 0.7431 DetFA 0.5138 | 19.70s total (0.00s eval/19.70s train)
[STATE 2026-04-26 16:19:25] Task 6 Epoch 14/20: entering train loop
T6 Ep 14/20 | L 0.7385 | Train Acc 0.46 | Prec 0.45 | F1 0.40 | Det Rec 0.76 | Det FA 0.48 | Epoch Time 19.50s (Eval 0.00s, Train 19.50s)
[STATE 2026-04-26 16:19:44] T6 Ep 14/20 complete: Prec 0.4525 F1 0.3966 DetRec 0.7579 DetFA 0.4842 | 19.50s total (0.00s eval/19.50s train)
[STATE 2026-04-26 16:19:44] Task 6 Epoch 15/20: entering train loop
T6 Ep 15/20 | L 0.6951 | Train Acc 0.47 | Prec 0.49 | F1 0.40 | Det Rec 0.75 | Det FA 0.50 | Epoch Time 19.57s (Eval 0.00s, Train 19.57s)
[STATE 2026-04-26 16:20:04] T6 Ep 15/20 complete: Prec 0.4907 F1 0.4027 DetRec 0.7509 DetFA 0.4982 | 19.57s total (0.00s eval/19.57s train)
[STATE 2026-04-26 16:20:04] Task 6 Epoch 16/20: entering train loop
T6 Ep 16/20 | L 0.6784 | Train Acc 0.45 | Prec 0.49 | F1 0.41 | Det Rec 0.79 | Det FA 0.41 | Epoch Time 19.70s (Eval 0.00s, Train 19.70s)
[STATE 2026-04-26 16:20:24] T6 Ep 16/20 complete: Prec 0.4917 F1 0.4078 DetRec 0.7948 DetFA 0.4104 | 19.70s total (0.00s eval/19.70s train)
[STATE 2026-04-26 16:20:24] Task 6 Epoch 17/20: entering train loop
T6 Ep 17/20 | L 0.6606 | Train Acc 0.45 | Prec 0.47 | F1 0.42 | Det Rec 0.80 | Det FA 0.40 | Epoch Time 19.70s (Eval 0.00s, Train 19.70s)
[STATE 2026-04-26 16:20:43] T6 Ep 17/20 complete: Prec 0.4697 F1 0.4171 DetRec 0.8018 DetFA 0.3964 | 19.70s total (0.00s eval/19.70s train)
[STATE 2026-04-26 16:20:43] Task 6 Epoch 18/20: entering train loop
T6 Ep 18/20 | L 0.6624 | Train Acc 0.44 | Prec 0.45 | F1 0.38 | Det Rec 0.73 | Det FA 0.54 | Epoch Time 19.50s (Eval 0.00s, Train 19.50s)
[STATE 2026-04-26 16:21:03] T6 Ep 18/20 complete: Prec 0.4528 F1 0.3819 DetRec 0.7289 DetFA 0.5421 | 19.50s total (0.00s eval/19.50s train)
[STATE 2026-04-26 16:21:03] Task 6 Epoch 19/20: entering train loop
T6 Ep 19/20 | L 0.6409 | Train Acc 0.46 | Prec 0.42 | F1 0.40 | Det Rec 0.76 | Det FA 0.49 | Epoch Time 19.59s (Eval 0.00s, Train 19.59s)
[STATE 2026-04-26 16:21:23] T6 Ep 19/20 complete: Prec 0.4161 F1 0.3956 DetRec 0.7571 DetFA 0.4857 | 19.59s total (0.00s eval/19.59s train)
[STATE 2026-04-26 16:21:23] Task 6 Epoch 20/20: entering train loop
T6 Ep 20/20 | L 0.6096 | Train Acc 0.43 | Prec 0.40 | F1 0.38 | Det Rec 0.79 | Det FA 0.43 | Epoch Time 19.70s (Eval 0.00s, Train 19.70s)
[STATE 2026-04-26 16:21:42] T6 Ep 20/20 complete: Prec 0.4020 F1 0.3787 DetRec 0.7868 DetFA 0.4263 | 19.70s total (0.00s eval/19.70s train)
HAT mask stats task 6: mean=0.3658 hi>0.95=0.2029 lo<0.05=0.4124
[STATE 2026-04-26 16:21:42] Task 6: running final validation.
[STATE 2026-04-26 16:23:26] Completed task 6 (7/10)
Task 7: 188050 training samples, 94025 test samples.
[STATE 2026-04-26 16:23:27] Task 7: zero-shot validation (pre-train)
---- Zero-shot (pre-train) task 7: rec_cls 0.0000 | prec_cls 0.0000 | f1_cls 0.0670 | det 0.5000 | pfa 0.0000 | total_f1 0.2403 ----
[STATE 2026-04-26 16:25:40] Starting task 7 (8/10)
[STATE 2026-04-26 16:25:40] Task 7 Epoch 1/5: entering train loop
[STATE 2026-04-26 16:29:14] Task 7 Epoch 1/5: running validation (end of epoch)
---- Eval at Epoch 0: cls [0.19983241505968788, 0.16014816495144193, 0.20000000000000126, 0.4037761647797287, 0.2913955599450601, 0.39713992836425965, 0.5012573262925138, 0.7040773887425478] | det_recall [0.5002564967848389, 0.6951141717341338, 0.5, 0.49927563836401695, 1.0, 0.5000506364897083, 1.0, 0.7392199939326827] | det_fa [0.9992608360725637, 0.28667429572407244, 1.0, 1.0, 0.0, 0.9998859084798463, 0.0, 0.5081101304963017] ----
T7 Ep 1/5 | L 1.1603 | Train Acc 0.36 | Prec 0.33 | F1 0.24 | Det Rec 0.59 | Det FA 0.81 | Epoch Time 347.40s (Eval 133.19s, Train 214.21s)
[STATE 2026-04-26 16:31:27] T7 Ep 1/5 complete: Prec 0.3316 F1 0.2402 DetRec 0.5854 DetFA 0.8127 | 347.40s total (133.19s eval/214.21s train)
[STATE 2026-04-26 16:31:27] Task 7 Epoch 2/5: entering train loop
T7 Ep 2/5 | L 0.7466 | Train Acc 0.38 | Prec 0.42 | F1 0.30 | Det Rec 0.65 | Det FA 0.66 | Epoch Time 214.43s (Eval 0.00s, Train 214.43s)
[STATE 2026-04-26 16:35:02] T7 Ep 2/5 complete: Prec 0.4155 F1 0.3049 DetRec 0.6524 DetFA 0.6586 | 214.43s total (0.00s eval/214.43s train)
[STATE 2026-04-26 16:35:02] Task 7 Epoch 3/5: entering train loop
T7 Ep 3/5 | L 0.6421 | Train Acc 0.33 | Prec 0.35 | F1 0.28 | Det Rec 0.65 | Det FA 0.64 | Epoch Time 214.08s (Eval 0.00s, Train 214.08s)
[STATE 2026-04-26 16:38:36] T7 Ep 3/5 complete: Prec 0.3501 F1 0.2833 DetRec 0.6478 DetFA 0.6375 | 214.08s total (0.00s eval/214.08s train)
[STATE 2026-04-26 16:38:36] Task 7 Epoch 4/5: entering train loop
T7 Ep 4/5 | L 0.5852 | Train Acc 0.30 | Prec 0.31 | F1 0.26 | Det Rec 0.65 | Det FA 0.58 | Epoch Time 214.14s (Eval 0.00s, Train 214.14s)
[STATE 2026-04-26 16:42:10] T7 Ep 4/5 complete: Prec 0.3146 F1 0.2640 DetRec 0.6469 DetFA 0.5826 | 214.14s total (0.00s eval/214.14s train)
[STATE 2026-04-26 16:42:10] Task 7 Epoch 5/5: entering train loop
T7 Ep 5/5 | L 0.5463 | Train Acc 0.30 | Prec 0.32 | F1 0.28 | Det Rec 0.66 | Det FA 0.53 | Epoch Time 214.53s (Eval 0.00s, Train 214.53s)
[STATE 2026-04-26 16:45:44] T7 Ep 5/5 complete: Prec 0.3173 F1 0.2757 DetRec 0.6561 DetFA 0.5278 | 214.53s total (0.00s eval/214.53s train)
HAT mask stats task 7: mean=0.4062 hi>0.95=0.2584 lo<0.05=0.3988
[STATE 2026-04-26 16:45:44] Task 7: running final validation.
[STATE 2026-04-26 16:47:58] Completed task 7 (8/10)
Task 8: 36658 training samples, 12220 test samples.
[STATE 2026-04-26 16:47:58] Task 8: zero-shot validation (pre-train)
---- Zero-shot (pre-train) task 8: rec_cls 0.1667 | prec_cls 0.0275 | f1_cls 0.0193 | det 0.5000 | pfa 1.0000 | total_f1 0.2597 ----
[STATE 2026-04-26 16:50:15] Starting task 8 (9/10)
[STATE 2026-04-26 16:50:15] Task 8 Epoch 1/20: entering train loop
[STATE 2026-04-26 16:50:56] Task 8 Epoch 1/20: running validation (end of epoch)
---- Eval at Epoch 0: cls [0.1999242424242425, 0.15295794570497773, 0.20000000000000126, 0.32505644783830356, 0.2998247648634505, 0.34360463825998155, 0.4737782979386572, 0.506418734614347, 0.7177726700008081] | det_recall [0.5000683352693193, 0.6638641898125839, 0.5, 0.4998842592592593, 1.0, 0.5, 0.9888800694587767, 0.7846970146247921, 0.7841625904809343] | det_fa [0.9997515101613502, 0.24099162153341946, 1.0, 1.0, 0.0, 1.0, 0.022239861082446608, 0.4253199157990573, 0.41257196272967106] ----
T8 Ep 1/20 | L 1.7224 | Train Acc 0.34 | Prec 0.30 | F1 0.19 | Det Rec 0.57 | Det FA 0.85 | Epoch Time 178.72s (Eval 137.15s, Train 41.58s)
[STATE 2026-04-26 16:53:14] T8 Ep 1/20 complete: Prec 0.2978 F1 0.1921 DetRec 0.5723 DetFA 0.8488 | 178.72s total (137.15s eval/41.58s train)
[STATE 2026-04-26 16:53:14] Task 8 Epoch 2/20: entering train loop
T8 Ep 2/20 | L 1.1302 | Train Acc 0.41 | Prec 0.41 | F1 0.24 | Det Rec 0.53 | Det FA 0.92 | Epoch Time 41.40s (Eval 0.00s, Train 41.40s)
[STATE 2026-04-26 16:53:55] T8 Ep 2/20 complete: Prec 0.4058 F1 0.2409 DetRec 0.5327 DetFA 0.9163 | 41.40s total (0.00s eval/41.40s train)
[STATE 2026-04-26 16:53:55] Task 8 Epoch 3/20: entering train loop
T8 Ep 3/20 | L 0.9145 | Train Acc 0.45 | Prec 0.46 | F1 0.30 | Det Rec 0.60 | Det FA 0.80 | Epoch Time 41.32s (Eval 0.00s, Train 41.32s)
[STATE 2026-04-26 16:54:36] T8 Ep 3/20 complete: Prec 0.4633 F1 0.3024 DetRec 0.5961 DetFA 0.7979 | 41.32s total (0.00s eval/41.32s train)
[STATE 2026-04-26 16:54:36] Task 8 Epoch 4/20: entering train loop
T8 Ep 4/20 | L 0.7953 | Train Acc 0.47 | Prec 0.48 | F1 0.30 | Det Rec 0.59 | Det FA 0.82 | Epoch Time 41.60s (Eval 0.00s, Train 41.60s)
[STATE 2026-04-26 16:55:18] T8 Ep 4/20 complete: Prec 0.4754 F1 0.3015 DetRec 0.5859 DetFA 0.8206 | 41.60s total (0.00s eval/41.60s train)
[STATE 2026-04-26 16:55:18] Task 8 Epoch 5/20: entering train loop
T8 Ep 5/20 | L 0.7120 | Train Acc 0.44 | Prec 0.47 | F1 0.28 | Det Rec 0.57 | Det FA 0.86 | Epoch Time 41.41s (Eval 0.00s, Train 41.41s)
[STATE 2026-04-26 16:55:59] T8 Ep 5/20 complete: Prec 0.4718 F1 0.2827 DetRec 0.5674 DetFA 0.8597 | 41.41s total (0.00s eval/41.41s train)
[STATE 2026-04-26 16:55:59] Task 8 Epoch 6/20: entering train loop
T8 Ep 6/20 | L 0.6432 | Train Acc 0.48 | Prec 0.48 | F1 0.29 | Det Rec 0.55 | Det FA 0.90 | Epoch Time 41.52s (Eval 0.00s, Train 41.52s)
[STATE 2026-04-26 16:56:41] T8 Ep 6/20 complete: Prec 0.4822 F1 0.2892 DetRec 0.5450 DetFA 0.9046 | 41.52s total (0.00s eval/41.52s train)
[STATE 2026-04-26 16:56:41] Task 8 Epoch 7/20: entering train loop
T8 Ep 7/20 | L 0.5892 | Train Acc 0.50 | Prec 0.50 | F1 0.30 | Det Rec 0.55 | Det FA 0.89 | Epoch Time 41.64s (Eval 0.00s, Train 41.64s)
[STATE 2026-04-26 16:57:23] T8 Ep 7/20 complete: Prec 0.5041 F1 0.3029 DetRec 0.5537 DetFA 0.8874 | 41.64s total (0.00s eval/41.64s train)
[STATE 2026-04-26 16:57:23] Task 8 Epoch 8/20: entering train loop
T8 Ep 8/20 | L 0.5453 | Train Acc 0.45 | Prec 0.49 | F1 0.29 | Det Rec 0.57 | Det FA 0.86 | Epoch Time 41.28s (Eval 0.00s, Train 41.28s)
[STATE 2026-04-26 16:58:04] T8 Ep 8/20 complete: Prec 0.4923 F1 0.2895 DetRec 0.5655 DetFA 0.8566 | 41.28s total (0.00s eval/41.28s train)
[STATE 2026-04-26 16:58:04] Task 8 Epoch 9/20: entering train loop
T8 Ep 9/20 | L 0.5077 | Train Acc 0.42 | Prec 0.46 | F1 0.26 | Det Rec 0.56 | Det FA 0.87 | Epoch Time 41.50s (Eval 0.00s, Train 41.50s)
[STATE 2026-04-26 16:58:45] T8 Ep 9/20 complete: Prec 0.4582 F1 0.2586 DetRec 0.5569 DetFA 0.8743 | 41.50s total (0.00s eval/41.50s train)
[STATE 2026-04-26 16:58:45] Task 8 Epoch 10/20: entering train loop
T8 Ep 10/20 | L 0.4720 | Train Acc 0.41 | Prec 0.46 | F1 0.25 | Det Rec 0.56 | Det FA 0.87 | Epoch Time 41.65s (Eval 0.00s, Train 41.65s)
[STATE 2026-04-26 16:59:27] T8 Ep 10/20 complete: Prec 0.4582 F1 0.2545 DetRec 0.5588 DetFA 0.8665 | 41.65s total (0.00s eval/41.65s train)
[STATE 2026-04-26 16:59:27] Task 8 Epoch 11/20: entering train loop
T8 Ep 11/20 | L 0.4464 | Train Acc 0.39 | Prec 0.46 | F1 0.27 | Det Rec 0.62 | Det FA 0.72 | Epoch Time 41.57s (Eval 0.00s, Train 41.57s)
[STATE 2026-04-26 17:00:09] T8 Ep 11/20 complete: Prec 0.4555 F1 0.2683 DetRec 0.6194 DetFA 0.7174 | 41.57s total (0.00s eval/41.57s train)
[STATE 2026-04-26 17:00:09] Task 8 Epoch 12/20: entering train loop
T8 Ep 12/20 | L 0.4239 | Train Acc 0.37 | Prec 0.46 | F1 0.28 | Det Rec 0.63 | Det FA 0.64 | Epoch Time 41.38s (Eval 0.00s, Train 41.38s)
[STATE 2026-04-26 17:00:50] T8 Ep 12/20 complete: Prec 0.4649 F1 0.2799 DetRec 0.6293 DetFA 0.6436 | 41.38s total (0.00s eval/41.38s train)
[STATE 2026-04-26 17:00:50] Task 8 Epoch 13/20: entering train loop
T8 Ep 13/20 | L 0.3999 | Train Acc 0.37 | Prec 0.43 | F1 0.29 | Det Rec 0.64 | Det FA 0.62 | Epoch Time 41.31s (Eval 0.00s, Train 41.31s)
[STATE 2026-04-26 17:01:31] T8 Ep 13/20 complete: Prec 0.4294 F1 0.2883 DetRec 0.6382 DetFA 0.6164 | 41.31s total (0.00s eval/41.31s train)
[STATE 2026-04-26 17:01:31] Task 8 Epoch 14/20: entering train loop
T8 Ep 14/20 | L 0.3823 | Train Acc 0.40 | Prec 0.48 | F1 0.32 | Det Rec 0.61 | Det FA 0.62 | Epoch Time 41.58s (Eval 0.00s, Train 41.58s)
[STATE 2026-04-26 17:02:13] T8 Ep 14/20 complete: Prec 0.4831 F1 0.3170 DetRec 0.6093 DetFA 0.6173 | 41.58s total (0.00s eval/41.58s train)
[STATE 2026-04-26 17:02:13] Task 8 Epoch 15/20: entering train loop
T8 Ep 15/20 | L 0.3617 | Train Acc 0.41 | Prec 0.49 | F1 0.30 | Det Rec 0.54 | Det FA 0.77 | Epoch Time 41.41s (Eval 0.00s, Train 41.41s)
[STATE 2026-04-26 17:02:54] T8 Ep 15/20 complete: Prec 0.4925 F1 0.3011 DetRec 0.5430 DetFA 0.7654 | 41.41s total (0.00s eval/41.41s train)
[STATE 2026-04-26 17:02:54] Task 8 Epoch 16/20: entering train loop
T8 Ep 16/20 | L 0.3476 | Train Acc 0.38 | Prec 0.45 | F1 0.27 | Det Rec 0.55 | Det FA 0.73 | Epoch Time 41.32s (Eval 0.00s, Train 41.32s)
[STATE 2026-04-26 17:03:36] T8 Ep 16/20 complete: Prec 0.4523 F1 0.2692 DetRec 0.5536 DetFA 0.7258 | 41.32s total (0.00s eval/41.32s train)
[STATE 2026-04-26 17:03:36] Task 8 Epoch 17/20: entering train loop
T8 Ep 17/20 | L 0.3348 | Train Acc 0.40 | Prec 0.48 | F1 0.28 | Det Rec 0.54 | Det FA 0.76 | Epoch Time 41.61s (Eval 0.00s, Train 41.61s)
[STATE 2026-04-26 17:04:17] T8 Ep 17/20 complete: Prec 0.4776 F1 0.2813 DetRec 0.5392 DetFA 0.7604 | 41.61s total (0.00s eval/41.61s train)
[STATE 2026-04-26 17:04:17] Task 8 Epoch 18/20: entering train loop
T8 Ep 18/20 | L 0.3279 | Train Acc 0.39 | Prec 0.48 | F1 0.30 | Det Rec 0.59 | Det FA 0.61 | Epoch Time 41.37s (Eval 0.00s, Train 41.37s)
[STATE 2026-04-26 17:04:59] T8 Ep 18/20 complete: Prec 0.4814 F1 0.3039 DetRec 0.5879 DetFA 0.6135 | 41.37s total (0.00s eval/41.37s train)
[STATE 2026-04-26 17:04:59] Task 8 Epoch 19/20: entering train loop
T8 Ep 19/20 | L 0.3070 | Train Acc 0.40 | Prec 0.53 | F1 0.32 | Det Rec 0.54 | Det FA 0.64 | Epoch Time 41.34s (Eval 0.00s, Train 41.34s)
[STATE 2026-04-26 17:05:40] T8 Ep 19/20 complete: Prec 0.5331 F1 0.3201 DetRec 0.5435 DetFA 0.6376 | 41.34s total (0.00s eval/41.34s train)
[STATE 2026-04-26 17:05:40] Task 8 Epoch 20/20: entering train loop
T8 Ep 20/20 | L 0.3037 | Train Acc 0.37 | Prec 0.48 | F1 0.28 | Det Rec 0.57 | Det FA 0.63 | Epoch Time 41.57s (Eval 0.00s, Train 41.57s)
[STATE 2026-04-26 17:06:21] T8 Ep 20/20 complete: Prec 0.4787 F1 0.2784 DetRec 0.5694 DetFA 0.6306 | 41.57s total (0.00s eval/41.57s train)
HAT mask stats task 8: mean=0.3974 hi>0.95=0.2878 lo<0.05=0.4368
[STATE 2026-04-26 17:06:21] Task 8: running final validation.
[STATE 2026-04-26 17:08:38] Completed task 8 (9/10)
Task 9: 17340 training samples, 6800 test samples.
[STATE 2026-04-26 17:08:38] Task 9: zero-shot validation (pre-train)
---- Zero-shot (pre-train) task 9: rec_cls 0.2000 | prec_cls 0.0394 | f1_cls 0.0300 | det 0.5000 | pfa 1.0000 | total_f1 0.2597 ----
[STATE 2026-04-26 17:10:58] Starting task 9 (10/10)
[STATE 2026-04-26 17:10:58] Task 9 Epoch 1/10: entering train loop
[STATE 2026-04-26 17:11:17] Task 9 Epoch 1/10: running validation (end of epoch)
---- Eval at Epoch 0: cls [0.2000000000000001, 0.06032978130579602, 0.20000000000000126, 0.3123831638847598, 0.2631030911666177, 0.3721261480939493, 0.49429984772285845, 0.3967055654030526, 0.1806970079109452, 0.37094257829734695] | det_recall [0.5, 0.5321915451806617, 0.5, 0.4862774876698646, 1.0, 0.5000070008307871, 1.0, 0.8106500585912184, 0.519206610532794, 1.0] | det_fa [1.0, 0.15677971084601422, 1.0, 1.0, 0.0, 0.9999593908629443, 0.0, 0.2853317897581741, 0.85866922858555, 0.0] ----
T9 Ep 1/10 | L 1.5901 | Train Acc 0.21 | Prec 0.14 | F1 0.17 | Det Rec 0.66 | Det FA 0.50 | Epoch Time 158.69s (Eval 139.19s, Train 19.51s)
[STATE 2026-04-26 17:13:37] T9 Ep 1/10 complete: Prec 0.1366 F1 0.1665 DetRec 0.6643 DetFA 0.5000 | 158.69s total (139.19s eval/19.51s train)
[STATE 2026-04-26 17:13:37] Task 9 Epoch 2/10: entering train loop
T9 Ep 2/10 | L 1.2530 | Train Acc 0.36 | Prec 0.27 | F1 0.30 | Det Rec 0.77 | Det FA 0.46 | Epoch Time 19.58s (Eval 0.00s, Train 19.58s)
[STATE 2026-04-26 17:13:56] T9 Ep 2/10 complete: Prec 0.2692 F1 0.3018 DetRec 0.7721 DetFA 0.4559 | 19.58s total (0.00s eval/19.58s train)
[STATE 2026-04-26 17:13:56] Task 9 Epoch 3/10: entering train loop
T9 Ep 3/10 | L 1.1742 | Train Acc 0.39 | Prec 0.31 | F1 0.34 | Det Rec 0.82 | Det FA 0.37 | Epoch Time 19.69s (Eval 0.00s, Train 19.69s)
[STATE 2026-04-26 17:14:16] T9 Ep 3/10 complete: Prec 0.3098 F1 0.3372 DetRec 0.8162 DetFA 0.3676 | 19.69s total (0.00s eval/19.69s train)
[STATE 2026-04-26 17:14:16] Task 9 Epoch 4/10: entering train loop
T9 Ep 4/10 | L 1.1125 | Train Acc 0.41 | Prec 0.35 | F1 0.34 | Det Rec 0.78 | Det FA 0.44 | Epoch Time 19.66s (Eval 0.00s, Train 19.66s)
[STATE 2026-04-26 17:14:36] T9 Ep 4/10 complete: Prec 0.3493 F1 0.3368 DetRec 0.7794 DetFA 0.4412 | 19.66s total (0.00s eval/19.66s train)
[STATE 2026-04-26 17:14:36] Task 9 Epoch 5/10: entering train loop
T9 Ep 5/10 | L 1.0548 | Train Acc 0.42 | Prec 0.36 | F1 0.35 | Det Rec 0.76 | Det FA 0.47 | Epoch Time 19.48s (Eval 0.00s, Train 19.48s)
[STATE 2026-04-26 17:14:55] T9 Ep 5/10 complete: Prec 0.3597 F1 0.3528 DetRec 0.7647 DetFA 0.4706 | 19.48s total (0.00s eval/19.48s train)
[STATE 2026-04-26 17:14:55] Task 9 Epoch 6/10: entering train loop
T9 Ep 6/10 | L 1.0007 | Train Acc 0.42 | Prec 0.39 | F1 0.36 | Det Rec 0.77 | Det FA 0.46 | Epoch Time 19.54s (Eval 0.00s, Train 19.54s)
[STATE 2026-04-26 17:15:15] T9 Ep 6/10 complete: Prec 0.3947 F1 0.3614 DetRec 0.7721 DetFA 0.4559 | 19.54s total (0.00s eval/19.54s train)
[STATE 2026-04-26 17:15:15] Task 9 Epoch 7/10: entering train loop
T9 Ep 7/10 | L 0.9504 | Train Acc 0.43 | Prec 0.45 | F1 0.40 | Det Rec 0.81 | Det FA 0.38 | Epoch Time 19.69s (Eval 0.00s, Train 19.69s)
[STATE 2026-04-26 17:15:34] T9 Ep 7/10 complete: Prec 0.4453 F1 0.4010 DetRec 0.8088 DetFA 0.3824 | 19.69s total (0.00s eval/19.69s train)
[STATE 2026-04-26 17:15:34] Task 9 Epoch 8/10: entering train loop
T9 Ep 8/10 | L 0.9071 | Train Acc 0.42 | Prec 0.44 | F1 0.40 | Det Rec 0.84 | Det FA 0.32 | Epoch Time 19.68s (Eval 0.00s, Train 19.68s)
[STATE 2026-04-26 17:15:54] T9 Ep 8/10 complete: Prec 0.4352 F1 0.4004 DetRec 0.8382 DetFA 0.3235 | 19.68s total (0.00s eval/19.68s train)
[STATE 2026-04-26 17:15:54] Task 9 Epoch 9/10: entering train loop
T9 Ep 9/10 | L 0.8637 | Train Acc 0.39 | Prec 0.37 | F1 0.39 | Det Rec 0.85 | Det FA 0.29 | Epoch Time 19.46s (Eval 0.00s, Train 19.46s)
[STATE 2026-04-26 17:16:13] T9 Ep 9/10 complete: Prec 0.3683 F1 0.3858 DetRec 0.8529 DetFA 0.2941 | 19.46s total (0.00s eval/19.46s train)
[STATE 2026-04-26 17:16:13] Task 9 Epoch 10/10: entering train loop
T9 Ep 10/10 | L 0.8254 | Train Acc 0.36 | Prec 0.34 | F1 0.39 | Det Rec 0.93 | Det FA 0.15 | Epoch Time 19.53s (Eval 0.00s, Train 19.53s)
[STATE 2026-04-26 17:16:33] T9 Ep 10/10 complete: Prec 0.3385 F1 0.3904 DetRec 0.9265 DetFA 0.1471 | 19.53s total (0.00s eval/19.53s train)
HAT mask stats task 9: mean=0.3974 hi>0.95=0.1920 lo<0.05=0.3582
[STATE 2026-04-26 17:16:33] Task 9: running final validation.
[STATE 2026-04-26 17:18:52] Completed task 9 (10/10)
####Final Validation Accuracy####
Final Results:- 
 Total Recall: 0.2892494214787358 
 Individual Recall: [0.2000000000000001, 0.0944800926939872, 0.20000000000000126, 0.2806501712435177, 0.24403772628450987, 0.34927505507799517, 0.4810142820307422, 0.372417763180661, 0.18478166485009076, 0.4858374594258526]
Final Detection Results:- 
 Total Detection: 0.7080229720150937 
 Individual Detection: [0.5, 0.5970237961998126, 0.5, 0.49157266500950086, 1.0, 0.5000726023555759, 1.0, 0.8067379858606083, 0.6848226707254387, 1.0]
Final Detection False Alarm:- 
 Total False Alarm: 0.5006867585305037 
 Individual False Alarm: [1.0, 0.21383551530893558, 1.0, 1.0, 0.0, 0.9997231514422287, 0.0, 0.2723315641495255, 0.520977354404347, 0.0]
SUMMARY_TR cls_rec=0.3633 cls_prec=0.3385 cls_f1=0.3904 det=0.6848 fa=0.5301
SUMMARY_TE cls_rec=0.2892 cls_prec=0.2876 cls_f1=0.2528 det=0.7080 fa=0.5007
[STATE 2026-04-26 17:18:52] Saving results to logs//hat/full-tasks_CIL_all-2026-04-26_14-37-40-5094/0/results
Model size: 0.0146 GB
Memory buffer size: 0.0000 GB
logs//hat/full-tasks_CIL_all-2026-04-26_14-37-40-5094/0/results: {'expt_name': 'full-tasks_CIL_all', 'model': 'hat', 'arch': 'resnet1d', 'n_hiddens': 100, 'n_layers': 2, 'xav_init': False, 'debug': False, 'use_detector_arch': False, 'use_groupnorm': False, 'inner_steps': 1, 'n_epochs': 10, 'batch_size': 256, 'replay_batch_size': 128, 'memories': 5120, 'lr': 0.003, 'optimizer': 'sgd', 'prune_perc': 0.75, 'post_prune_epochs': 0, 'class_weighted_ce': True, 'cuda': True, 'seed': 0, 'log_every': 10, 'log_dir': 'logs//hat/full-tasks_CIL_all-2026-04-26_14-37-40-5094/0', 'tf_dir': 'logs//hat/full-tasks_CIL_all-2026-04-26_14-37-40-5094/0/tfdir', 'calc_test_accuracy': False, 'state_logging': True, 'data_path': 'data/rff/radar/full', 'task_order_files': 't2-rcn,t0-rcn,t2-uclresm-25noise,t0-deeprad,t1-deeprad,t1-uclresm-25noise,t3-deeprad,t0-uclresm-25noise,t1-rcn,t2-deeprad', 'loader': 'task_incremental_loader', 'samples_per_task': -1, 'shuffle_tasks': False, 'classes_per_it': 6, 'iterations': 5000, 'dataset': 'iq', 'workers': 0, 'validation': 0.5, 'data_scaling': 'normalize', 'use_iq_aug_features': False, 'iq_aug_feature_type': 'power', 'class_order': 'random', 'increment': 5, 'test_batch_size': 512, 'nc_per_task': None, 'nc_per_task_list': '', 'val_rate': 1000, 'opt_lr': 0.1, 'opt_wt': 0.1, 'alpha_init': 0.001, 'momentum': 0.0, 'learn_lr': False, 'sync_update': False, 'grad_clip_norm': 5.0, 'meta_batches': 3, 'use_old_task_memory': False, 'second_order': False, 'n_memories': 5120, 'memory_strength': 0, 'steps_per_sample': 1, 'bgd_optimizer': 'sgd', 'optimizer_params': '{}', 'train_mc_iters': 5, 'std_init': 0.05, 'mean_eta': 1, 'fisher_gamma': 0.95, 'rln': 7, 'meta_lr': 0.001, 'update_lr': 0.1, 'ctx_lr': 0.05, 'n_meta': 1, 'temperature': 5.0, 'task_emb': 64, 'classes_per_task': [6, 7, 6, 7, 7, 6, 6, 6, 7, 6], 'get_samples_per_task': <bound method IncrementalLoader.get_samples_per_task of <dataloaders.task_incremental_loader.IncrementalLoader object at 0x7fdd1ab7d7b0>>, 'task_epoch_schedule': {0: 10, 1: 10, 2: 3, 3: 20, 4: 20, 5: 5, 6: 20, 7: 5, 8: 20, 9: 10}} # val: 0.654 0.289 -0.364 0.000 # sizes: model_gb=0.0146 mem_gb=0.0000 # 9606.603071212769
[STATE 2026-04-26 17:18:52] results.pt components (approx): state_dict 15.0 MB, result_val_t 0.1 KB, result_val_a 0.8 KB
[STATE 2026-04-26 17:18:52] Results saved; total runtime 2.67h
Total runtime: 2.67 hours
