[2026-04-29T17:09:39+01:00] === full_experiments.sh started ===
[2026-04-29T17:09:39+01:00] REPO_ROOT=/home/lunet/wsmr11/repos/La-MAML
[2026-04-29T17:09:39+01:00] LOG_FILE=/home/lunet/wsmr11/repos/La-MAML/logs/full_experiments/run_20260429_170939_lnx-elkk-1/full_experiments_20260429_170939.log
[2026-04-29T17:09:39+01:00] INCLUDED_ALL=agem eralg4
[2026-04-29T17:09:39+01:00] Activated la-maml_env
[2026-04-29T17:09:39+01:00] Using SERIAL_PROBE_JSON_PATH=logs/eta_probe/eta_probe_elkk-1-algos_10-iter_avg-util-2.json
[2026-04-29T17:09:39+01:00] Using SCHEDULE_JSON_PATH=logs/eta_probe/full_experiments_host_schedule_til.json
[2026-04-29T17:09:39+01:00] HOST_KEY=lnx-elkk-1
[2026-04-29T17:09:39+01:00] MODEL_MODE=til
[2026-04-29T17:09:39+01:00] Reusing existing schedule JSON.
[2026-04-29T17:09:39+01:00] Estimated time saved (parallel vs serial): 56.302443522360534%
[2026-04-29T17:09:39+01:00] QUEUE_HIGH count=0: 
[2026-04-29T17:09:39+01:00] QUEUE_LOW  count=2: eralg4 agem
[2026-04-29T17:09:39+01:00] === Queue phase on lnx-elkk-1 (util high/low) ===
[2026-04-29T17:09:39+01:00] --- Dispatching: base + eralg4 + eralg4.yaml (job log: /home/lunet/wsmr11/repos/La-MAML/logs/full_experiments/run_20260429_170939_lnx-elkk-1/job_logs/job_eralg4_20260429_170939_532113109.log) ---
[2026-04-29T17:09:39+01:00] START eralg4
[2026-04-30T02:12:00+01:00] Completed: eralg4 (exit 0)
[2026-04-30T02:12:00+01:00] --- Dispatching: base + agem + agem.yaml (job log: /home/lunet/wsmr11/repos/La-MAML/logs/full_experiments/run_20260429_170939_lnx-elkk-1/job_logs/job_agem_20260430_021200_309163179.log) ---
[2026-04-30T02:12:00+01:00] START agem
[2026-04-30T08:54:35+01:00] Completed: agem (exit 0)
[2026-04-30T08:54:36+01:00] === full_experiments.sh finished: successful_runs=2 unsuccessful_runs=0 total_runtime=15:44:57 (56697s) ===
